# time 	 divergence 	 # of mutations 	 # IGC chances 	 IGC length 	 # IGC failures 	 Changes due to IGC  	 % change due to IGC 
0.0	0.0	0	0	0	0	0	0.0
0.00789986959018	0.00213675213675	1	0	0	0	0	0.0
0.00809501004505	0.0042735042735	2	0	0	0	0	0.0
0.0129714693286	0.00641025641026	3	0	0	0	0	0.0
0.0143882876343	0.00854700854701	4	0	0	0	0	0.0
0.0202658899487	0.0106837606838	5	0	0	0	0	0.0
0.02276318176	0.0128205128205	6	0	0	0	0	0.0
0.0234344010535	0.0149572649573	7	0	0	0	0	0.0
0.0393228703526	0.017094017094	8	0	0	0	0	0.0
0.0472333394929	0.0192307692308	9	0	0	0	0	0.0
0.0486245743835	0.0213675213675	10	0	0	0	0	0.0
0.0501268870182	0.0235042735043	11	0	0	0	0	0.0
0.0518312265003	0.025641025641	12	0	0	0	0	0.0
0.0568942104273	0.0277777777778	13	0	0	0	0	0.0
0.0609777630299	0.0299145299145	14	0	0	0	0	0.0
0.0624296858139	0.0320512820513	15	0	0	0	0	0.0
0.063789893045	0.034188034188	16	0	0	0	0	0.0
0.0702366176387	0.0363247863248	17	0	0	0	0	0.0
0.074484702879	0.0384615384615	18	0	0	0	0	0.0
0.076633589669	0.0405982905983	19	0	0	0	0	0.0
0.0816453967678	0.042735042735	20	0	0	0	0	0.0
0.0818472329791	0.0448717948718	21	0	0	0	0	0.0
0.0846202069212	0.0470085470085	22	0	0	0	0	0.0
0.0847732030462	0.0491452991453	23	0	0	0	0	0.0
0.0930992946729	0.0512820512821	24	0	0	0	0	0.0
0.0931259627996	0.0534188034188	25	0	0	0	0	0.0
0.097489010417	0.0555555555556	26	0	0	0	0	0.0
0.100977814079	0.0576923076923	27	0	0	0	0	0.0
0.102048565779	0.0598290598291	28	0	0	0	0	0.0
0.104060720778	0.0619658119658	29	0	0	0	0	0.0
0.108627702654	0.0641025641026	30	0	0	0	0	0.0
0.108759991721	0.0662393162393	31	0	0	0	0	0.0
0.109603675181	0.0641025641026	32	0	0	0	0	0.0
0.11016108074	0.0662393162393	33	0	0	0	0	0.0
0.110564774641	0.0683760683761	34	0	0	0	0	0.0
0.116410374031	0.0705128205128	35	0	0	0	0	0.0
0.126158965598	0.0726495726496	36	0	0	0	0	0.0
0.126254118495	0.0747863247863	37	0	0	0	0	0.0
0.131448792291	0.0769230769231	38	0	0	0	0	0.0
0.143127944637	0.0747863247863	39	0	0	0	0	0.0
0.144012216715	0.0769230769231	40	0	0	0	0	0.0
0.144698122582	0.0747863247863	41	0	0	0	0	0.0
0.147351915755	0.0747863247863	42	0	0	0	0	0.0
0.155478938879	0.0769230769231	43	0	0	0	0	0.0
0.159680891024	0.0790598290598	44	0	0	0	0	0.0
0.166201748854	0.0811965811966	45	0	0	0	0	0.0
0.166461026579	0.0833333333333	46	0	0	0	0	0.0
0.168358239795	0.0854700854701	47	0	0	0	0	0.0
0.169053332132	0.0876068376068	48	0	0	0	0	0.0
0.170544063022	0.0897435897436	49	0	0	0	0	0.0
0.173719160038	0.0918803418803	50	0	0	0	0	0.0
0.17855163135	0.0940170940171	51	0	0	0	0	0.0
0.182700349816	0.0961538461538	52	0	0	0	0	0.0
0.183689058232	0.0982905982906	53	0	0	0	0	0.0
0.19321602834	0.100427350427	54	0	0	0	0	0.0
0.193998214847	0.102564102564	55	0	0	0	0	0.0
0.194436565645	0.104700854701	56	0	0	0	0	0.0
0.197292410364	0.102564102564	57	0	0	0	0	0.0
0.198615780341	0.104700854701	58	0	0	0	0	0.0
0.199071007796	0.106837606838	59	0	0	0	0	0.0
0.199971460124	0.108974358974	60	0	0	0	0	0.0
0.200512597744	0.111111111111	61	0	0	0	0	0.0
0.208264941308	0.113247863248	62	0	0	0	0	0.0
0.214460136464	0.115384615385	63	0	0	0	0	0.0
0.21519926843	0.117521367521	64	0	0	0	0	0.0
0.223443406489	0.115384615385	65	0	0	0	0	0.0
0.224988580982	0.113247863248	66	0	0	0	0	0.0
0.226870872432	0.115384615385	67	0	0	0	0	0.0
0.231823859313	0.117521367521	68	0	0	0	0	0.0
0.235151451664	0.119658119658	69	0	0	0	0	0.0
0.236090651296	0.119658119658	70	0	0	0	0	0.0
0.246081729108	0.121794871795	71	0	0	0	0	0.0
0.247445583736	0.123931623932	72	0	0	0	0	0.0
0.249146063015	0.126068376068	73	0	0	0	0	0.0
0.261881743115	0.123931623932	74	0	0	0	0	0.0
0.264487360574	0.126068376068	75	0	0	0	0	0.0
0.264633667219	0.126068376068	76	0	0	0	0	0.0
0.266278132991	0.128205128205	77	0	0	0	0	0.0
0.268375243412	0.130341880342	78	0	0	0	0	0.0
0.273893547353	0.132478632479	79	0	0	0	0	0.0
0.274047861158	0.134615384615	80	0	0	0	0	0.0
0.27628470433	0.136752136752	81	0	0	0	0	0.0
0.277769612038	0.136752136752	82	0	0	0	0	0.0
0.278665672812	0.138888888889	83	0	0	0	0	0.0
0.279405436358	0.141025641026	84	0	0	0	0	0.0
0.279818940663	0.143162393162	85	0	0	0	0	0.0
0.282009968636	0.145299145299	86	0	0	0	0	0.0
0.284745522055	0.147435897436	87	0	0	0	0	0.0
0.285860073764	0.149572649573	88	0	0	0	0	0.0
0.286039910474	0.151709401709	89	0	0	0	0	0.0
0.28714488299	0.153846153846	90	0	0	0	0	0.0
0.292602052938	0.155982905983	91	0	0	0	0	0.0
0.293969652726	0.15811965812	92	0	0	0	0	0.0
0.295368282725	0.160256410256	93	0	0	0	0	0.0
0.302880822238	0.162393162393	94	0	0	0	0	0.0
0.304448434755	0.16452991453	95	0	0	0	0	0.0
0.308733343529	0.166666666667	96	0	0	0	0	0.0
0.309710478888	0.168803418803	97	0	0	0	0	0.0
0.31122217277	0.17094017094	98	0	0	0	0	0.0
0.311744368966	0.173076923077	99	0	0	0	0	0.0
0.313770730456	0.173076923077	100	0	0	0	0	0.0
0.315472276962	0.173076923077	101	0	0	0	0	0.0
0.319672727706	0.17094017094	102	0	0	0	0	0.0
0.320604616033	0.17094017094	103	0	0	0	0	0.0
0.321211316101	0.173076923077	104	0	0	0	0	0.0
0.337027092747	0.175213675214	105	0	0	0	0	0.0
0.338977309982	0.17735042735	106	0	0	0	0	0.0
