# time 	 divergence 	 # of mutations 	 # IGC chances 	 IGC length 	 # IGC failures 	 Changes due to IGC  	 % change due to IGC 
0.0	0.463937621832	0	0	0	0	0	0.0
0.00101585053979	0.464912280702	1	0	0	0	0	0.0
0.00339959353504	0.465886939571	2	0	0	0	0	0.0
0.00482934569364	0.464912280702	3	0	0	0	0	0.0
0.00483891753406	0.463937621832	4	0	0	0	0	0.0
0.00644958003556	0.464912280702	5	0	0	0	0	0.0
0.00681709945461	0.465886939571	6	0	0	0	0	0.0
0.00704104717812	0.466861598441	7	0	0	0	0	0.0
0.00705523655406	0.46783625731	8	0	0	0	0	0.0
0.00768612054814	0.468810916179	9	0	0	0	0	0.0
0.00896317796211	0.468810916179	10	0	0	0	0	0.0
0.0113048070602	0.469785575049	11	0	0	0	0	0.0
0.0123890395182	0.470760233918	12	0	0	0	0	0.0
0.0137687386188	0.471734892788	13	0	0	0	0	0.0
0.0146745580008	0.471734892788	14	0	0	0	0	0.0
0.0153857960522	0.471734892788	15	0	0	0	0	0.0
0.0174817469822	0.471734892788	16	0	0	0	0	0.0
0.0185041680884	0.471734892788	17	0	0	0	0	0.0
0.0190854182264	0.472709551657	18	0	0	0	0	0.0
0.0201066170707	0.472709551657	19	0	0	0	0	0.0
0.0203734167564	0.472709551657	20	0	0	0	0	0.0
0.0214358326206	0.472709551657	21	0	0	0	0	0.0
0.0231782978886	0.473684210526	22	0	0	0	0	0.0
0.0237645035815	0.473684210526	23	0	0	0	0	0.0
0.0244728292743	0.473684210526	24	0	0	0	0	0.0
0.0255452040378	0.474658869396	25	0	0	0	0	0.0
0.025981689971	0.475633528265	26	0	0	0	0	0.0
0.0294789701689	0.476608187135	27	0	0	0	0	0.0
0.0305810638788	0.477582846004	28	0	0	0	0	0.0
0.0308091005953	0.477582846004	29	0	0	0	0	0.0
0.0325663512833	0.478557504873	30	0	0	0	0	0.0
0.0325959450262	0.479532163743	31	0	0	0	0	0.0
0.0331778387156	0.479532163743	32	0	0	0	0	0.0
0.0350503356133	0.479532163743	33	0	0	0	0	0.0
0.035467836245	0.480506822612	34	0	0	0	0	0.0
0.0359246958582	0.480506822612	35	0	0	0	0	0.0
0.0373837196592	0.481481481481	36	0	0	0	0	0.0
0.038773197615	0.482456140351	37	0	0	0	0	0.0
0.0400393176892	0.48343079922	38	0	0	0	0	0.0
0.0406119588533	0.48343079922	39	0	0	0	0	0.0
0.0447027998934	0.48440545809	40	0	0	0	0	0.0
0.0452953624804	0.48440545809	41	0	0	0	0	0.0
0.0488418521309	0.485380116959	42	0	0	0	0	0.0
0.0508215543219	0.486354775828	43	0	0	0	0	0.0
0.0515438120786	0.486354775828	44	0	0	0	0	0.0
0.0517046487645	0.487329434698	45	0	0	0	0	0.0
0.0517408288261	0.488304093567	46	0	0	0	0	0.0
0.0551038904816	0.489278752437	47	0	0	0	0	0.0
0.0565945760563	0.489278752437	48	0	0	0	0	0.0
0.0597260454477	0.490253411306	49	0	0	0	0	0.0
0.0601744172812	0.491228070175	50	0	0	0	0	0.0
0.0622675495255	0.492202729045	51	0	0	0	0	0.0
0.0623170580987	0.492202729045	52	0	0	0	0	0.0
0.062398785579	0.491228070175	53	0	0	0	0	0.0
0.0651167038945	0.492202729045	54	0	0	0	0	0.0
0.0669386225704	0.493177387914	55	0	0	0	0	0.0
0.0706641608806	0.493177387914	56	0	0	0	0	0.0
0.0715168499593	0.493177387914	57	0	0	0	0	0.0
0.0716796686606	0.494152046784	58	0	0	0	0	0.0
0.0727421170184	0.493177387914	59	0	0	0	0	0.0
0.0731126284056	0.494152046784	60	0	0	0	0	0.0
0.0743092274536	0.494152046784	61	0	0	0	0	0.0
0.0747049658181	0.495126705653	62	0	0	0	0	0.0
0.0782122930374	0.496101364522	63	0	0	0	0	0.0
0.0809684664292	0.497076023392	64	0	0	0	0	0.0
0.0843332167658	0.497076023392	65	0	0	0	0	0.0
0.0851708828846	0.498050682261	66	0	0	0	0	0.0
0.0878983802089	0.499025341131	67	0	0	0	0	0.0
0.0889635448797	0.5	68	0	0	0	0	0.0
0.0890880471607	0.500974658869	69	0	0	0	0	0.0
0.0897719060057	0.500974658869	70	0	0	0	0	0.0
0.0910776746808	0.501949317739	71	0	0	0	0	0.0
0.0916127696531	0.502923976608	72	0	0	0	0	0.0
0.0933431721513	0.503898635478	73	0	0	0	0	0.0
0.0939151192791	0.504873294347	74	0	0	0	0	0.0
0.0961569582629	0.504873294347	75	0	0	0	0	0.0
0.100035365049	0.505847953216	76	0	0	0	0	0.0
0.101335617788	0.504873294347	77	0	0	0	0	0.0
0.105372645674	0.505847953216	78	0	0	0	0	0.0
0.105439342148	0.505847953216	79	0	0	0	0	0.0
0.1098305359	0.506822612086	80	0	0	0	0	0.0
0.110121482268	0.506822612086	81	0	0	0	0	0.0
0.110404979246	0.507797270955	82	0	0	0	0	0.0
0.111454847081	0.507797270955	83	0	0	0	0	0.0
0.111506058508	0.508771929825	84	0	0	0	0	0.0
0.113435842305	0.508771929825	85	0	0	0	0	0.0
0.114585885717	0.508771929825	86	0	0	0	0	0.0
0.115079182405	0.509746588694	87	0	0	0	0	0.0
0.115741097538	0.509746588694	88	0	0	0	0	0.0
0.116098379798	0.510721247563	89	0	0	0	0	0.0
0.116265456852	0.509746588694	90	0	0	0	0	0.0
0.117595667171	0.509746588694	91	0	0	0	0	0.0
0.118627547566	0.510721247563	92	0	0	0	0	0.0
0.125268532249	0.509746588694	93	0	0	0	0	0.0
0.126532522113	0.510721247563	94	0	0	0	0	0.0
0.127755268319	0.509746588694	95	0	0	0	0	0.0
0.13374886768	0.510721247563	96	0	0	0	0	0.0
0.137168187647	0.510721247563	97	0	0	0	0	0.0
0.138882990387	0.511695906433	98	0	0	0	0	0.0
0.139284504147	0.512670565302	99	0	0	0	0	0.0
0.139724086936	0.512670565302	100	0	0	0	0	0.0
0.14207923793	0.511695906433	101	0	0	0	0	0.0
0.142410105821	0.512670565302	102	0	0	0	0	0.0
0.143081239694	0.511695906433	103	0	0	0	0	0.0
0.143509142451	0.512670565302	104	0	0	0	0	0.0
0.148903068705	0.511695906433	105	0	0	0	0	0.0
0.149769519582	0.512670565302	106	0	0	0	0	0.0
0.150686749851	0.511695906433	107	0	0	0	0	0.0
0.151013624827	0.511695906433	108	0	0	0	0	0.0
0.153693358388	0.511695906433	109	0	0	0	0	0.0
0.154277534462	0.511695906433	110	0	0	0	0	0.0
0.155367205971	0.511695906433	111	0	0	0	0	0.0
0.155727354287	0.512670565302	112	0	0	0	0	0.0
0.160290886624	0.512670565302	113	0	0	0	0	0.0
0.16194973939	0.513645224172	114	0	0	0	0	0.0
0.165421437828	0.513645224172	115	0	0	0	0	0.0
0.166184883382	0.514619883041	116	0	0	0	0	0.0
0.169289439852	0.51559454191	117	0	0	0	0	0.0
0.173205833177	0.51559454191	118	0	0	0	0	0.0
0.174013590656	0.51656920078	119	0	0	0	0	0.0
0.17410025324	0.517543859649	120	0	0	0	0	0.0
0.174494863327	0.51656920078	121	0	0	0	0	0.0
0.175137027905	0.464912280702	121	1	129	0	53	0.304597701149
0.176893724263	0.464912280702	122	1	129	0	53	0.302857142857
0.18187435202	0.465886939571	123	1	129	0	53	0.301136363636
0.182831045416	0.466861598441	124	1	129	0	53	0.299435028249
0.183448888775	0.46783625731	125	1	129	0	53	0.297752808989
0.18465124364	0.468810916179	126	1	129	0	53	0.296089385475
0.184807327231	0.469785575049	127	1	129	0	53	0.294444444444
0.185900771607	0.469785575049	128	1	129	0	53	0.292817679558
0.186369097318	0.470760233918	129	1	129	0	53	0.291208791209
0.187668289182	0.471734892788	130	1	129	0	53	0.289617486339
0.188117570105	0.472709551657	131	1	129	0	53	0.288043478261
0.189200116456	0.472709551657	132	1	129	0	53	0.286486486486
0.192563430352	0.473684210526	133	1	129	0	53	0.284946236559
0.194068969131	0.474658869396	134	1	129	0	53	0.283422459893
0.196333840828	0.475633528265	135	1	129	0	53	0.281914893617
0.197803252685	0.474658869396	136	1	129	0	53	0.280423280423
0.19836221755	0.474658869396	137	1	129	0	53	0.278947368421
0.199073349931	0.475633528265	138	1	129	0	53	0.277486910995
0.19988829654	0.475633528265	139	1	129	0	53	0.276041666667
0.201552495062	0.476608187135	140	1	129	0	53	0.274611398964
0.205407365519	0.477582846004	141	1	129	0	53	0.273195876289
0.20693031017	0.478557504873	142	1	129	0	53	0.271794871795
0.207052369725	0.478557504873	143	1	129	0	53	0.270408163265
0.207301043481	0.478557504873	144	1	129	0	53	0.269035532995
0.210273909667	0.478557504873	145	1	129	0	53	0.267676767677
0.21077017726	0.478557504873	146	1	129	0	53	0.266331658291
0.21086487297	0.479532163743	147	1	129	0	53	0.265
0.211146112436	0.479532163743	148	1	129	0	53	0.26368159204
0.213981488552	0.478557504873	149	1	129	0	53	0.262376237624
0.215573734692	0.479532163743	150	1	129	0	53	0.261083743842
0.216090534475	0.479532163743	151	1	129	0	53	0.259803921569
0.218079983701	0.479532163743	152	1	129	0	53	0.258536585366
0.22023245284	0.480506822612	153	1	129	0	53	0.257281553398
0.221014100477	0.481481481481	154	1	129	0	53	0.256038647343
0.22224713577	0.482456140351	155	1	129	0	53	0.254807692308
0.223244038002	0.482456140351	156	1	129	0	53	0.253588516746
0.22362987313	0.48343079922	157	1	129	0	53	0.252380952381
0.224465029636	0.48440545809	158	1	129	0	53	0.251184834123
0.226893780992	0.48343079922	159	1	129	0	53	0.25
0.227655571331	0.48343079922	160	1	129	0	53	0.24882629108
0.228649023162	0.48343079922	161	1	129	0	53	0.247663551402
0.233135820234	0.48440545809	162	1	129	0	53	0.246511627907
0.233210006935	0.48343079922	163	1	129	0	53	0.24537037037
0.235272989728	0.48440545809	164	1	129	0	53	0.244239631336
0.235433090676	0.48343079922	165	1	129	0	53	0.243119266055
0.241371866236	0.48440545809	166	1	129	0	53	0.24200913242
0.242923455116	0.48343079922	167	1	129	0	53	0.240909090909
0.243631935025	0.48440545809	168	1	129	0	53	0.239819004525
0.248083728779	0.485380116959	169	1	129	0	53	0.238738738739
0.248453795342	0.486354775828	170	1	129	0	53	0.237668161435
0.250172328609	0.487329434698	171	1	129	0	53	0.236607142857
0.250344070176	0.488304093567	172	1	129	0	53	0.235555555556
0.251124200847	0.489278752437	173	1	129	0	53	0.234513274336
0.251746672625	0.489278752437	174	1	129	0	53	0.233480176211
0.253115956903	0.488304093567	175	1	129	0	53	0.232456140351
0.253842751784	0.488304093567	176	1	129	0	53	0.231441048035
0.254278084213	0.489278752437	177	1	129	0	53	0.230434782609
0.255437571554	0.489278752437	178	1	129	0	53	0.229437229437
0.259377956814	0.490253411306	179	1	129	0	53	0.228448275862
0.259670700148	0.490253411306	180	1	129	0	53	0.227467811159
0.261603216284	0.491228070175	181	1	129	0	53	0.226495726496
0.263135140851	0.492202729045	182	1	129	0	53	0.225531914894
0.263394450153	0.493177387914	183	1	129	0	53	0.224576271186
0.265009821412	0.494152046784	184	1	129	0	53	0.223628691983
0.265948506318	0.495126705653	185	1	129	0	53	0.22268907563
0.266327598799	0.496101364522	186	1	129	0	53	0.221757322176
0.268879473788	0.497076023392	187	1	129	0	53	0.220833333333
0.270098250851	0.498050682261	188	1	129	0	53	0.219917012448
0.270655590934	0.499025341131	189	1	129	0	53	0.219008264463
0.270810234265	0.5	190	1	129	0	53	0.218106995885
0.272766709699	0.500974658869	191	1	129	0	53	0.217213114754
0.273257918833	0.5	192	1	129	0	53	0.216326530612
0.275823836503	0.499025341131	193	1	129	0	53	0.215447154472
0.27588320961	0.5	194	1	129	0	53	0.214574898785
0.276806201977	0.500974658869	195	1	129	0	53	0.213709677419
