# time 	 divergence 	 # of mutations 	 # IGC chances 	 IGC length 	 # IGC failures 	 Changes due to IGC  	 % change due to IGC 
0.0	0.51935483871	0	0	0	0	0	0.0
0.00378366169079	0.51935483871	1	0	0	0	0	0.0
0.0047068817151	0.520430107527	2	0	0	0	0	0.0
0.00603413792863	0.520430107527	3	0	0	0	0	0.0
0.00679486727393	0.521505376344	4	0	0	0	0	0.0
0.00915590117408	0.522580645161	5	0	0	0	0	0.0
0.00921297242789	0.522580645161	6	0	0	0	0	0.0
0.00987585695862	0.522580645161	7	0	0	0	0	0.0
0.0108976726847	0.521505376344	8	0	0	0	0	0.0
0.0113220760407	0.522580645161	9	0	0	0	0	0.0
0.0128060738885	0.523655913978	10	0	0	0	0	0.0
0.0130055594858	0.523655913978	11	0	0	0	0	0.0
0.0136350555853	0.523655913978	12	0	0	0	0	0.0
0.0144594247804	0.522580645161	13	0	0	0	0	0.0
0.0166851408089	0.522580645161	14	0	0	0	0	0.0
0.0173053781855	0.521505376344	15	0	0	0	0	0.0
0.0182201339689	0.521505376344	16	0	0	0	0	0.0
0.0193494757371	0.522580645161	17	0	0	0	0	0.0
0.0203680377273	0.522580645161	18	0	0	0	0	0.0
0.0289821125548	0.521505376344	19	0	0	0	0	0.0
0.0291240231731	0.522580645161	20	0	0	0	0	0.0
0.0303811900337	0.521505376344	21	0	0	0	0	0.0
0.0304955142445	0.522580645161	22	0	0	0	0	0.0
0.0332547052926	0.523655913978	23	0	0	0	0	0.0
0.0338537638072	0.523655913978	24	0	0	0	0	0.0
0.0341524274035	0.523655913978	25	0	0	0	0	0.0
0.0343824912873	0.523655913978	26	0	0	0	0	0.0
0.0374841752766	0.523655913978	27	0	0	0	0	0.0
0.0401673702204	0.522580645161	28	0	0	0	0	0.0
0.0449547820448	0.523655913978	29	0	0	0	0	0.0
0.0454524589398	0.524731182796	30	0	0	0	0	0.0
0.0454705882324	0.524731182796	31	0	0	0	0	0.0
0.0487240923948	0.524731182796	32	0	0	0	0	0.0
0.0495884941719	0.523655913978	33	0	0	0	0	0.0
0.0509831651081	0.524731182796	34	0	0	0	0	0.0
0.0528860737838	0.524731182796	35	0	0	0	0	0.0
0.0528952599264	0.524731182796	36	0	0	0	0	0.0
0.0552719648018	0.525806451613	37	0	0	0	0	0.0
0.0564222753567	0.52688172043	38	0	0	0	0	0.0
0.0565977324505	0.52688172043	39	0	0	0	0	0.0
0.0580857825714	0.527956989247	40	0	0	0	0	0.0
0.0591232664533	0.527956989247	41	0	0	0	0	0.0
0.0622142615559	0.527956989247	42	0	0	0	0	0.0
0.0635866732903	0.52688172043	43	0	0	0	0	0.0
0.06369864806	0.527956989247	44	0	0	0	0	0.0
0.0644990597491	0.529032258065	45	0	0	0	0	0.0
0.0655133894241	0.530107526882	46	0	0	0	0	0.0
0.068274676871	0.529032258065	47	0	0	0	0	0.0
0.0683130538954	0.529032258065	48	0	0	0	0	0.0
0.0688611083146	0.529032258065	49	0	0	0	0	0.0
0.0689835382467	0.527956989247	50	0	0	0	0	0.0
0.074544797053	0.52688172043	51	0	0	0	0	0.0
0.0750548376424	0.52688172043	52	0	0	0	0	0.0
0.076763059443	0.527956989247	53	0	0	0	0	0.0
0.0779590910227	0.529032258065	54	0	0	0	0	0.0
0.0792383623636	0.529032258065	55	0	0	0	0	0.0
0.0792565438825	0.529032258065	56	0	0	0	0	0.0
0.080167346722	0.530107526882	57	0	0	0	0	0.0
0.0802676858854	0.530107526882	58	0	0	0	0	0.0
0.0806770832711	0.531182795699	59	0	0	0	0	0.0
0.0850831295873	0.531182795699	60	0	0	0	0	0.0
0.0855200465436	0.531182795699	61	0	0	0	0	0.0
0.0858866383585	0.532258064516	62	0	0	0	0	0.0
0.0862919179035	0.532258064516	63	0	0	0	0	0.0
0.0864944360524	0.533333333333	64	0	0	0	0	0.0
0.08935431146	0.533333333333	65	0	0	0	0	0.0
0.0907007980164	0.532258064516	66	0	0	0	0	0.0
0.0933563577627	0.532258064516	67	0	0	0	0	0.0
0.0935533409292	0.531182795699	68	0	0	0	0	0.0
0.0966668626026	0.531182795699	69	0	0	0	0	0.0
0.0967974032192	0.532258064516	70	0	0	0	0	0.0
0.0985419335719	0.532258064516	71	0	0	0	0	0.0
0.100827361471	0.532258064516	72	0	0	0	0	0.0
0.101587291044	0.533333333333	73	0	0	0	0	0.0
0.103993972985	0.534408602151	74	0	0	0	0	0.0
0.106538007782	0.534408602151	75	0	0	0	0	0.0
0.108900601308	0.535483870968	76	0	0	0	0	0.0
0.111382757859	0.536559139785	77	0	0	0	0	0.0
0.114154459138	0.536559139785	78	0	0	0	0	0.0
0.119793817685	0.536559139785	79	0	0	0	0	0.0
0.120429103266	0.536559139785	80	0	0	0	0	0.0
0.12571968189	0.536559139785	81	0	0	0	0	0.0
0.127339592778	0.535483870968	82	0	0	0	0	0.0
0.127661660897	0.535483870968	83	0	0	0	0	0.0
0.13003429938	0.536559139785	84	0	0	0	0	0.0
0.130099039633	0.537634408602	85	0	0	0	0	0.0
0.130778898793	0.536559139785	86	0	0	0	0	0.0
0.131941572744	0.537634408602	87	0	0	0	0	0.0
0.135616387419	0.538709677419	88	0	0	0	0	0.0
0.139676113575	0.538709677419	89	0	0	0	0	0.0
0.141131539535	0.538709677419	90	0	0	0	0	0.0
0.141207525224	0.538709677419	91	0	0	0	0	0.0
0.141464679189	0.538709677419	92	0	0	0	0	0.0
0.145586981605	0.539784946237	93	0	0	0	0	0.0
0.145881920899	0.539784946237	94	0	0	0	0	0.0
0.148043241505	0.540860215054	95	0	0	0	0	0.0
0.148674495984	0.540860215054	96	0	0	0	0	0.0
0.148955679904	0.540860215054	97	0	0	0	0	0.0
0.149442780732	0.541935483871	98	0	0	0	0	0.0
0.150063742352	0.540860215054	99	0	0	0	0	0.0
0.150397076742	0.539784946237	100	0	0	0	0	0.0
0.151415781615	0.540860215054	101	0	0	0	0	0.0
0.152987200561	0.541935483871	102	0	0	0	0	0.0
0.153835761274	0.543010752688	103	0	0	0	0	0.0
0.154664014136	0.541935483871	104	0	0	0	0	0.0
0.154845929831	0.467741935484	104	1	117	0	69	0.398843930636
0.160217257485	0.466666666667	105	1	117	0	69	0.396551724138
0.16031071068	0.466666666667	106	1	117	0	69	0.394285714286
0.160666299145	0.467741935484	107	1	117	0	69	0.392045454545
0.160901158334	0.467741935484	108	1	117	0	69	0.389830508475
0.161659668411	0.468817204301	109	1	117	0	69	0.387640449438
0.164637150239	0.468817204301	110	1	117	0	69	0.385474860335
0.165597991831	0.467741935484	111	1	117	0	69	0.383333333333
0.169112157368	0.468817204301	112	1	117	0	69	0.381215469613
0.169637495314	0.469892473118	113	1	117	0	69	0.379120879121
0.170683976182	0.470967741935	114	1	117	0	69	0.377049180328
0.171256762965	0.469892473118	115	1	117	0	69	0.375
0.171622038953	0.470967741935	116	1	117	0	69	0.372972972973
0.174445255952	0.469892473118	117	1	117	0	69	0.370967741935
0.176496387123	0.470967741935	118	1	117	0	69	0.368983957219
0.178680472715	0.469892473118	119	1	117	0	69	0.367021276596
0.179067356534	0.470967741935	120	1	117	0	69	0.365079365079
0.181054459515	0.470967741935	121	1	117	0	69	0.363157894737
0.181381898216	0.470967741935	122	1	117	0	69	0.361256544503
0.181385756914	0.469892473118	123	1	117	0	69	0.359375
0.182193713871	0.468817204301	124	1	117	0	69	0.357512953368
0.186160661742	0.469892473118	125	1	117	0	69	0.355670103093
0.187606592174	0.470967741935	126	1	117	0	69	0.353846153846
0.189037608252	0.470967741935	127	1	117	0	69	0.352040816327
0.189378009424	0.472043010753	128	1	117	0	69	0.350253807107
0.191207629893	0.470967741935	129	1	117	0	69	0.348484848485
0.191425550403	0.472043010753	130	1	117	0	69	0.346733668342
0.192089644757	0.470967741935	131	1	117	0	69	0.345
0.194614242594	0.469892473118	132	1	117	0	69	0.34328358209
0.198011120789	0.470967741935	133	1	117	0	69	0.341584158416
0.208491074403	0.470967741935	134	1	117	0	69	0.339901477833
0.208768298812	0.470967741935	135	1	117	0	69	0.338235294118
0.209847900491	0.472043010753	136	1	117	0	69	0.336585365854
0.21091642223	0.47311827957	137	1	117	0	69	0.334951456311
0.213088611149	0.474193548387	138	1	117	0	69	0.333333333333
0.21458604652	0.475268817204	139	1	117	0	69	0.331730769231
0.214795552377	0.476344086022	140	1	117	0	69	0.33014354067
0.215203723885	0.476344086022	141	1	117	0	69	0.328571428571
0.219120596201	0.475268817204	142	1	117	0	69	0.327014218009
0.222499867657	0.476344086022	143	1	117	0	69	0.325471698113
0.226833290943	0.477419354839	144	1	117	0	69	0.323943661972
0.227170908867	0.477419354839	145	1	117	0	69	0.322429906542
0.228215202665	0.478494623656	146	1	117	0	69	0.320930232558
0.228938758761	0.477419354839	147	1	117	0	69	0.319444444444
0.231371112728	0.478494623656	148	1	117	0	69	0.31797235023
0.232466696425	0.479569892473	149	1	117	0	69	0.316513761468
0.234311945006	0.48064516129	150	1	117	0	69	0.315068493151
0.235393521809	0.479569892473	151	1	117	0	69	0.313636363636
0.236301311986	0.478494623656	152	1	117	0	69	0.31221719457
0.236377884583	0.478494623656	153	1	117	0	69	0.310810810811
0.241420015324	0.477419354839	154	1	117	0	69	0.309417040359
0.241606687654	0.477419354839	155	1	117	0	69	0.308035714286
0.243329071005	0.477419354839	156	1	117	0	69	0.306666666667
0.243714602016	0.476344086022	157	1	117	0	69	0.305309734513
0.244424975445	0.475268817204	158	1	117	0	69	0.303964757709
0.246354426579	0.475268817204	159	1	117	0	69	0.302631578947
0.248720315161	0.476344086022	160	1	117	0	69	0.301310043668
0.251827793477	0.476344086022	161	1	117	0	69	0.3
0.252936455996	0.476344086022	162	1	117	0	69	0.298701298701
0.254359549044	0.477419354839	163	1	117	0	69	0.297413793103
0.257299538746	0.477419354839	164	1	117	0	69	0.296137339056
0.259777492858	0.476344086022	165	1	117	0	69	0.294871794872
0.260377229817	0.477419354839	166	1	117	0	69	0.293617021277
0.260431343464	0.478494623656	167	1	117	0	69	0.292372881356
0.262175326048	0.477419354839	168	1	117	0	69	0.291139240506
0.263381249343	0.476344086022	169	1	117	0	69	0.289915966387
0.266848971407	0.477419354839	170	1	117	0	69	0.28870292887
0.267702765335	0.477419354839	171	1	117	0	69	0.2875
0.268919895115	0.478494623656	172	1	117	0	69	0.286307053942
0.269120743219	0.478494623656	173	1	117	0	69	0.285123966942
0.271838600299	0.478494623656	174	1	117	0	69	0.283950617284
0.272674640302	0.479569892473	175	1	117	0	69	0.282786885246
0.273157807925	0.48064516129	176	1	117	0	69	0.281632653061
0.276326794139	0.481720430108	177	1	117	0	69	0.280487804878
0.278015064786	0.481720430108	178	1	117	0	69	0.279352226721
0.278251174737	0.482795698925	179	1	117	0	69	0.278225806452
0.278286025189	0.483870967742	180	1	117	0	69	0.277108433735
0.278833346164	0.484946236559	181	1	117	0	69	0.276
0.28003704306	0.484946236559	182	1	117	0	69	0.274900398406
0.281273510405	0.486021505376	183	1	117	0	69	0.27380952381
0.281509085371	0.486021505376	184	1	117	0	69	0.272727272727
0.283628096101	0.487096774194	185	1	117	0	69	0.271653543307
0.288199168728	0.486021505376	186	1	117	0	69	0.270588235294
0.288313552737	0.487096774194	187	1	117	0	69	0.26953125
0.288877287561	0.486021505376	188	1	117	0	69	0.268482490272
0.289366167099	0.486021505376	189	1	117	0	69	0.267441860465
0.289483984955	0.487096774194	190	1	117	0	69	0.266409266409
0.291132092295	0.487096774194	191	1	117	0	69	0.265384615385
0.291207080939	0.488172043011	192	1	117	0	69	0.264367816092
0.292707712342	0.488172043011	193	1	117	0	69	0.263358778626
0.293041745275	0.489247311828	194	1	117	0	69	0.262357414449
0.293256322941	0.488172043011	195	1	117	0	69	0.261363636364
0.293433739461	0.488172043011	196	1	117	0	69	0.260377358491
0.295515031303	0.488172043011	197	1	117	0	69	0.259398496241
0.3007029011	0.489247311828	198	1	117	0	69	0.258426966292
0.307962980607	0.490322580645	199	1	117	0	69	0.257462686567
0.310548155108	0.490322580645	200	1	117	0	69	0.256505576208
0.313875211475	0.491397849462	201	1	117	0	69	0.255555555556
0.314225443622	0.490322580645	202	1	117	0	69	0.254612546125
0.315105778448	0.490322580645	203	1	117	0	69	0.253676470588
0.315518157254	0.490322580645	204	1	117	0	69	0.252747252747
0.316815795106	0.491397849462	205	1	117	0	69	0.251824817518
0.317411385202	0.490322580645	206	1	117	0	69	0.250909090909
0.318621850428	0.489247311828	207	1	117	0	69	0.25
0.319271565954	0.489247311828	208	1	117	0	69	0.249097472924
0.319954990664	0.490322580645	209	1	117	0	69	0.248201438849
0.320140817001	0.490322580645	210	1	117	0	69	0.247311827957
0.321791098016	0.491397849462	211	1	117	0	69	0.246428571429
0.32193816321	0.49247311828	212	1	117	0	69	0.245551601423
0.322605473313	0.49247311828	213	1	117	0	69	0.244680851064
0.326497010608	0.49247311828	214	1	117	0	69	0.243816254417
0.329870570427	0.493548387097	215	1	117	0	69	0.242957746479
0.331172547993	0.493548387097	216	1	117	0	69	0.242105263158
0.333699015618	0.49247311828	217	1	117	0	69	0.241258741259
0.334682006802	0.49247311828	218	1	117	0	69	0.240418118467
0.337031588533	0.49247311828	219	1	117	0	69	0.239583333333
0.339229173886	0.491397849462	220	1	117	0	69	0.23875432526
0.341714067997	0.490322580645	221	1	117	0	69	0.237931034483
0.342215390487	0.490322580645	222	1	117	0	69	0.237113402062
0.344165620972	0.490322580645	223	1	117	0	69	0.236301369863
0.345716387737	0.491397849462	224	1	117	0	69	0.235494880546
0.345943777206	0.491397849462	225	1	117	0	69	0.234693877551
0.349027493451	0.491397849462	226	1	117	0	69	0.233898305085
0.35184489659	0.49247311828	227	1	117	0	69	0.233108108108
0.352892635222	0.493548387097	228	1	117	0	69	0.232323232323
0.352941854697	0.493548387097	229	1	117	0	69	0.231543624161
0.353056789425	0.494623655914	230	1	117	0	69	0.230769230769
0.358777593759	0.493548387097	231	1	117	0	69	0.23
0.358907345364	0.49247311828	232	1	117	0	69	0.229235880399
0.3609422503	0.49247311828	233	1	117	0	69	0.228476821192
0.362672992501	0.493548387097	234	1	117	0	69	0.227722772277
0.366379481147	0.493548387097	235	1	117	0	69	0.226973684211
0.367264949747	0.494623655914	236	1	117	0	69	0.226229508197
0.375650176475	0.494623655914	237	1	117	0	69	0.225490196078
0.375658528134	0.494623655914	238	1	117	0	69	0.224755700326
0.376261243693	0.495698924731	239	1	117	0	69	0.224025974026
0.378219850964	0.496774193548	240	1	117	0	69	0.223300970874
0.378427471192	0.496774193548	241	1	117	0	69	0.222580645161
0.378918230212	0.497849462366	242	1	117	0	69	0.221864951768
0.379166913252	0.497849462366	243	1	117	0	69	0.221153846154
0.381737158993	0.496774193548	244	1	117	0	69	0.220447284345
0.385065480684	0.497849462366	245	1	117	0	69	0.21974522293
0.388382198244	0.497849462366	246	1	117	0	69	0.219047619048
0.388518346362	0.497849462366	247	1	117	0	69	0.21835443038
0.390276876223	0.497849462366	248	1	117	0	69	0.217665615142
0.391500834775	0.497849462366	249	1	117	0	69	0.216981132075
0.397203349882	0.494623655914	249	2	33	0	72	0.224299065421
0.397363488264	0.494623655914	250	2	33	0	72	0.223602484472
0.400305135724	0.494623655914	251	2	33	0	72	0.222910216718
0.404373281105	0.495698924731	252	2	33	0	72	0.222222222222
0.406128405219	0.496774193548	253	2	33	0	72	0.221538461538
0.407576850926	0.495698924731	254	2	33	0	72	0.220858895706
0.407698700352	0.494623655914	255	2	33	0	72	0.220183486239
0.408338850317	0.495698924731	256	2	33	0	72	0.219512195122
0.410052572624	0.494623655914	257	2	33	0	72	0.218844984802
0.410633895322	0.495698924731	258	2	33	0	72	0.218181818182
0.411292830389	0.494623655914	259	2	33	0	72	0.21752265861
0.415200109141	0.494623655914	260	2	33	0	72	0.21686746988
0.415462030635	0.495698924731	261	2	33	0	72	0.216216216216
0.417412524337	0.495698924731	262	2	33	0	72	0.215568862275
0.420144248794	0.496774193548	263	2	33	0	72	0.214925373134
0.421246032874	0.495698924731	264	2	33	0	72	0.214285714286
0.422569417193	0.495698924731	265	2	33	0	72	0.213649851632
0.424139688941	0.495698924731	266	2	33	0	72	0.213017751479
0.424731562239	0.496774193548	267	2	33	0	72	0.212389380531
0.425996296893	0.495698924731	268	2	33	0	72	0.211764705882
0.428297213536	0.494623655914	269	2	33	0	72	0.211143695015
0.429436573654	0.494623655914	270	2	33	0	72	0.210526315789
0.430647385415	0.494623655914	271	2	33	0	72	0.209912536443
0.434413270045	0.495698924731	272	2	33	0	72	0.209302325581
0.435099306968	0.494623655914	273	2	33	0	72	0.208695652174
0.435969867166	0.495698924731	274	2	33	0	72	0.208092485549
0.440877381613	0.496774193548	275	2	33	0	72	0.207492795389
0.448715269864	0.497849462366	276	2	33	0	72	0.206896551724
0.44979554476	0.497849462366	277	2	33	0	72	0.206303724928
0.450043433094	0.498924731183	278	2	33	0	72	0.205714285714
0.450227931443	0.5	279	2	33	0	72	0.205128205128
0.450232946046	0.5	280	2	33	0	72	0.204545454545
0.453701871963	0.498924731183	281	2	33	0	72	0.203966005666
0.454534243637	0.498924731183	282	2	33	0	72	0.203389830508
0.455710150635	0.497849462366	283	2	33	0	72	0.202816901408
0.456722305328	0.498924731183	284	2	33	0	72	0.202247191011
0.458120792158	0.5	285	2	33	0	72	0.201680672269
0.458189764012	0.5	286	2	33	0	72	0.201117318436
0.459029930395	0.5	287	2	33	0	72	0.200557103064
0.460652397247	0.498924731183	288	2	33	0	72	0.2
0.462225538484	0.498924731183	289	2	33	0	72	0.19944598338
0.465884088703	0.5	290	2	33	0	72	0.198895027624
0.471765915664	0.5	291	2	33	0	72	0.198347107438
0.472152226511	0.5	292	2	33	0	72	0.197802197802
0.473176337685	0.501075268817	293	2	33	0	72	0.197260273973
0.474040194373	0.502150537634	294	2	33	0	72	0.196721311475
