# time 	 divergence 	 # of mutations 	 # IGC chances 	 IGC length 	 # IGC failures 	 Changes due to IGC  	 % change due to IGC 
0.0	0.025641025641	0	0	0	0	0	0.0
0.000301510864423	0.025641025641	0	1	3	0	0	0.0
0.000848259617966	0.025641025641	0	2	3	0	0	0.0
0.000859037818202	0.025641025641	0	3	3	0	0	0.0
0.000866890536022	0.0235042735043	0	4	3	0	1	1.0
0.00145736374563	0.0235042735043	0	5	3	0	1	1.0
0.00160835472847	0.0235042735043	0	6	3	0	1	1.0
0.00162252851843	0.0235042735043	0	7	3	0	1	1.0
0.00179656172297	0.0235042735043	0	8	3	0	1	1.0
0.00200214668288	0.0235042735043	0	9	3	0	1	1.0
0.00205939830694	0.025641025641	1	9	3	0	1	0.5
0.00214756890579	0.025641025641	1	10	3	0	1	0.5
0.00246763455586	0.025641025641	1	11	3	0	1	0.5
0.00292232843035	0.025641025641	1	12	3	0	1	0.5
0.00314743728694	0.025641025641	1	13	3	0	1	0.5
0.00322322191038	0.0235042735043	1	14	3	0	2	0.666666666667
0.00327119405478	0.0235042735043	1	15	3	0	2	0.666666666667
0.00336917275991	0.0235042735043	1	16	3	0	2	0.666666666667
0.00340936722609	0.0235042735043	1	17	3	0	2	0.666666666667
0.00342114595289	0.0235042735043	1	18	3	0	2	0.666666666667
0.0035682726899	0.0235042735043	1	19	3	0	2	0.666666666667
0.00386150145334	0.025641025641	2	19	3	0	2	0.5
0.00441461800682	0.025641025641	2	20	3	0	2	0.5
0.00473034736893	0.025641025641	2	21	3	0	2	0.5
0.00481343133664	0.0277777777778	3	21	3	0	2	0.4
0.00498221950167	0.0277777777778	3	22	3	0	2	0.4
0.00500172846468	0.0299145299145	4	22	3	0	2	0.333333333333
0.00513581124203	0.0299145299145	4	23	3	0	2	0.333333333333
0.00598133721224	0.0299145299145	4	24	3	0	2	0.333333333333
0.00605403604782	0.0299145299145	4	25	3	0	2	0.333333333333
0.00621279457141	0.0299145299145	4	26	3	0	2	0.333333333333
0.00645252269533	0.0299145299145	4	27	3	0	2	0.333333333333
0.00651068966159	0.0320512820513	5	27	3	0	2	0.285714285714
0.00737330956676	0.0299145299145	5	28	3	0	3	0.375
0.00740915217068	0.0320512820513	6	28	3	0	3	0.333333333333
0.00810008719512	0.0320512820513	6	29	3	0	3	0.333333333333
0.00856816720683	0.034188034188	7	29	3	0	3	0.3
0.00863469574115	0.034188034188	7	30	3	0	3	0.3
0.00865436966611	0.0320512820513	7	31	3	0	4	0.363636363636
0.00887980538501	0.0320512820513	7	32	3	0	4	0.363636363636
0.00946071742045	0.0320512820513	7	33	3	0	4	0.363636363636
0.00997861355146	0.0320512820513	7	34	3	0	4	0.363636363636
0.0104559219705	0.0299145299145	7	35	3	0	5	0.416666666667
0.0107036453379	0.0299145299145	7	36	3	0	5	0.416666666667
0.0108666650137	0.0299145299145	7	37	3	0	5	0.416666666667
0.0110073911858	0.0299145299145	7	38	3	0	5	0.416666666667
0.0112662508455	0.0299145299145	7	39	3	0	5	0.416666666667
0.0113350486837	0.0299145299145	7	40	3	0	5	0.416666666667
0.0114380148723	0.0299145299145	7	41	3	0	5	0.416666666667
0.0117699318896	0.0299145299145	7	42	3	0	5	0.416666666667
0.0118807075329	0.0299145299145	7	43	3	0	5	0.416666666667
0.0131392833154	0.0299145299145	7	44	3	0	5	0.416666666667
0.0132892267436	0.0299145299145	7	45	3	0	5	0.416666666667
0.0133353279497	0.0299145299145	7	46	3	0	5	0.416666666667
0.0135462840741	0.0299145299145	7	47	3	0	5	0.416666666667
0.0136263459857	0.0299145299145	7	48	3	0	5	0.416666666667
0.013760133901	0.0299145299145	7	49	3	0	5	0.416666666667
0.0140165360332	0.0299145299145	7	50	3	0	5	0.416666666667
0.0141767442205	0.0299145299145	7	51	3	0	5	0.416666666667
0.0145359029751	0.0299145299145	7	52	3	0	5	0.416666666667
0.0147312007185	0.0299145299145	7	53	3	0	5	0.416666666667
0.0148141582099	0.0299145299145	7	54	3	0	5	0.416666666667
0.015575286168	0.0299145299145	7	55	3	0	5	0.416666666667
0.0157961065001	0.0320512820513	8	55	3	0	5	0.384615384615
0.0161655740943	0.0320512820513	8	56	3	0	5	0.384615384615
0.0165094051877	0.0320512820513	8	57	3	0	5	0.384615384615
0.0165420867755	0.0320512820513	8	58	3	0	5	0.384615384615
0.01664626323	0.0320512820513	8	59	3	0	5	0.384615384615
0.0166717258361	0.0320512820513	8	60	3	0	5	0.384615384615
0.0168295864587	0.0320512820513	8	61	3	0	5	0.384615384615
0.0169024752097	0.0320512820513	8	62	3	0	5	0.384615384615
0.0169225558873	0.0299145299145	8	63	3	0	6	0.428571428571
