# time 	 divergence 	 # of mutations 	 # IGC chances 	 IGC length 	 # IGC failures 	 Changes due to IGC  	 % change due to IGC 
0.0	0.455913978495	0	0	0	0	0	0.0
0.00138317659965	0.455913978495	1	0	0	0	0	0.0
0.00322425382145	0.454838709677	2	0	0	0	0	0.0
0.00566028730346	0.454838709677	3	0	0	0	0	0.0
0.00692770519677	0.455913978495	4	0	0	0	0	0.0
0.00693121608059	0.454838709677	5	0	0	0	0	0.0
0.0115538893058	0.454838709677	6	0	0	0	0	0.0
0.0141618513747	0.455913978495	7	0	0	0	0	0.0
0.0196524431374	0.455913978495	8	0	0	0	0	0.0
0.0221108360759	0.456989247312	9	0	0	0	0	0.0
0.023960079603	0.456989247312	10	0	0	0	0	0.0
0.0241319402237	0.455913978495	11	0	0	0	0	0.0
0.0251034562601	0.454838709677	12	0	0	0	0	0.0
0.0257773241933	0.455913978495	13	0	0	0	0	0.0
0.0271331462438	0.456989247312	14	0	0	0	0	0.0
0.0295005014254	0.458064516129	15	0	0	0	0	0.0
0.0309201127992	0.456989247312	16	0	0	0	0	0.0
0.0326578709262	0.455913978495	17	0	0	0	0	0.0
0.0339542593881	0.455913978495	18	0	0	0	0	0.0
0.0361213778341	0.456989247312	19	0	0	0	0	0.0
0.0395132111107	0.456989247312	20	0	0	0	0	0.0
0.041263882806	0.455913978495	21	0	0	0	0	0.0
0.0413818037379	0.455913978495	22	0	0	0	0	0.0
0.0418629624369	0.454838709677	23	0	0	0	0	0.0
0.043272715047	0.45376344086	24	0	0	0	0	0.0
0.0447972178947	0.45376344086	25	0	0	0	0	0.0
0.0520779196135	0.45376344086	26	0	0	0	0	0.0
0.0528021488182	0.454838709677	27	0	0	0	0	0.0
0.0535308857326	0.454838709677	28	0	0	0	0	0.0
0.0605637674608	0.454838709677	29	0	0	0	0	0.0
0.0612679967525	0.455913978495	30	0	0	0	0	0.0
0.0621322979774	0.456989247312	31	0	0	0	0	0.0
0.0633008944227	0.458064516129	32	0	0	0	0	0.0
0.0633040789942	0.456989247312	33	0	0	0	0	0.0
0.0661494943099	0.458064516129	34	0	0	0	0	0.0
0.0663200798611	0.459139784946	35	0	0	0	0	0.0
0.0665086171986	0.460215053763	36	0	0	0	0	0.0
0.0682309392554	0.461290322581	37	0	0	0	0	0.0
0.0703957300698	0.460215053763	38	0	0	0	0	0.0
0.077588437029	0.460215053763	39	0	0	0	0	0.0
0.0776034343999	0.423655913978	39	1	66	0	34	0.465753424658
0.0778389014805	0.424731182796	40	1	66	0	34	0.459459459459
0.0788110465954	0.423655913978	41	1	66	0	34	0.453333333333
0.0791128709113	0.424731182796	42	1	66	0	34	0.447368421053
0.0792080980055	0.425806451613	43	1	66	0	34	0.441558441558
0.0795159545784	0.42688172043	44	1	66	0	34	0.435897435897
0.0824588047515	0.427956989247	45	1	66	0	34	0.430379746835
0.0844820333068	0.427956989247	46	1	66	0	34	0.425
0.0902375471154	0.427956989247	47	1	66	0	34	0.41975308642
0.0920408211555	0.42688172043	48	1	66	0	34	0.414634146341
0.0947724860297	0.427956989247	49	1	66	0	34	0.409638554217
0.0954468289279	0.42688172043	50	1	66	0	34	0.404761904762
0.0967269000514	0.427956989247	51	1	66	0	34	0.4
0.0978735571411	0.427956989247	52	1	66	0	34	0.395348837209
0.0987589988626	0.429032258065	53	1	66	0	34	0.390804597701
0.102831495222	0.429032258065	54	1	66	0	34	0.386363636364
0.103705902695	0.429032258065	55	1	66	0	34	0.38202247191
0.10611858934	0.429032258065	56	1	66	0	34	0.377777777778
0.106520409163	0.429032258065	57	1	66	0	34	0.373626373626
0.106975697285	0.427956989247	58	1	66	0	34	0.369565217391
0.107168841183	0.429032258065	59	1	66	0	34	0.365591397849
0.107411803888	0.427956989247	60	1	66	0	34	0.36170212766
0.109382108554	0.42688172043	61	1	66	0	34	0.357894736842
0.112113486422	0.427956989247	62	1	66	0	34	0.354166666667
0.112982085332	0.429032258065	63	1	66	0	34	0.350515463918
0.11393184953	0.430107526882	64	1	66	0	34	0.34693877551
0.116881508302	0.429032258065	65	1	66	0	34	0.343434343434
0.116924461198	0.430107526882	66	1	66	0	34	0.34
0.11863036309	0.429032258065	67	1	66	0	34	0.336633663366
0.121967719926	0.429032258065	68	1	66	0	34	0.333333333333
0.122850993829	0.429032258065	69	1	66	0	34	0.330097087379
0.124778956733	0.430107526882	70	1	66	0	34	0.326923076923
0.125200124294	0.431182795699	71	1	66	0	34	0.32380952381
0.12645945414	0.431182795699	72	1	66	0	34	0.320754716981
0.128544193772	0.432258064516	73	1	66	0	34	0.317757009346
0.135447058923	0.432258064516	74	1	66	0	34	0.314814814815
0.136857664829	0.431182795699	75	1	66	0	34	0.311926605505
0.140187665295	0.432258064516	76	1	66	0	34	0.309090909091
0.141577608646	0.433333333333	77	1	66	0	34	0.306306306306
0.142460128548	0.434408602151	78	1	66	0	34	0.303571428571
0.145983912918	0.433333333333	79	1	66	0	34	0.300884955752
0.146582117178	0.432258064516	80	1	66	0	34	0.298245614035
0.146645467906	0.432258064516	81	1	66	0	34	0.295652173913
0.147167593998	0.433333333333	82	1	66	0	34	0.293103448276
0.147889782671	0.433333333333	83	1	66	0	34	0.290598290598
0.149231390612	0.434408602151	84	1	66	0	34	0.28813559322
0.15025181628	0.435483870968	85	1	66	0	34	0.285714285714
0.15365049377	0.435483870968	86	1	66	0	34	0.283333333333
0.153724333505	0.434408602151	87	1	66	0	34	0.280991735537
0.159468003043	0.435483870968	88	1	66	0	34	0.27868852459
0.161378581851	0.436559139785	89	1	66	0	34	0.276422764228
0.166014700916	0.436559139785	90	1	66	0	34	0.274193548387
0.170015899799	0.436559139785	91	1	66	0	34	0.272
0.173532229014	0.437634408602	92	1	66	0	34	0.269841269841
0.174387429492	0.436559139785	93	1	66	0	34	0.267716535433
0.181789080581	0.436559139785	94	1	66	0	34	0.265625
0.183193176808	0.437634408602	95	1	66	0	34	0.263565891473
0.186986539216	0.438709677419	96	1	66	0	34	0.261538461538
0.191506290055	0.439784946237	97	1	66	0	34	0.259541984733
0.191543145224	0.440860215054	98	1	66	0	34	0.257575757576
0.194322322871	0.441935483871	99	1	66	0	34	0.255639097744
0.197075268927	0.441935483871	100	1	66	0	34	0.253731343284
0.198475190035	0.443010752688	101	1	66	0	34	0.251851851852
0.198764262281	0.444086021505	102	1	66	0	34	0.25
0.200825570536	0.443010752688	103	1	66	0	34	0.248175182482
0.201790285691	0.443010752688	104	1	66	0	34	0.246376811594
0.201968621393	0.441935483871	105	1	66	0	34	0.244604316547
0.204018944391	0.443010752688	106	1	66	0	34	0.242857142857
0.205631991069	0.443010752688	107	1	66	0	34	0.241134751773
0.208276822155	0.441935483871	108	1	66	0	34	0.239436619718
0.208295809514	0.440860215054	109	1	66	0	34	0.237762237762
0.208554818664	0.439784946237	110	1	66	0	34	0.236111111111
0.216173302997	0.440860215054	111	1	66	0	34	0.234482758621
0.216393738133	0.441935483871	112	1	66	0	34	0.232876712329
0.217345383077	0.440860215054	113	1	66	0	34	0.231292517007
0.217869456955	0.440860215054	114	1	66	0	34	0.22972972973
0.217939758436	0.124731182796	114	2	699	0	328	0.742081447964
0.221650130863	0.125806451613	115	2	699	0	328	0.740406320542
0.223606347462	0.125806451613	116	2	699	0	328	0.738738738739
0.223806267192	0.12688172043	117	2	699	0	328	0.737078651685
0.225701603474	0.127956989247	118	2	699	0	328	0.735426008969
0.229121205307	0.127956989247	119	2	699	0	328	0.733780760626
0.229704572101	0.129032258065	120	2	699	0	328	0.732142857143
0.232285341158	0.130107526882	121	2	699	0	328	0.730512249443
0.233128855728	0.131182795699	122	2	699	0	328	0.728888888889
0.233906990232	0.132258064516	123	2	699	0	328	0.727272727273
0.235758113103	0.131182795699	124	2	699	0	328	0.725663716814
0.236221736066	0.132258064516	125	2	699	0	328	0.724061810155
0.241011952412	0.132258064516	126	2	699	0	328	0.722466960352
0.241072357809	0.133333333333	127	2	699	0	328	0.720879120879
0.241478515402	0.134408602151	128	2	699	0	328	0.719298245614
0.24201051172	0.135483870968	129	2	699	0	328	0.71772428884
0.242729994684	0.136559139785	130	2	699	0	328	0.71615720524
0.244248186324	0.137634408602	131	2	699	0	328	0.714596949891
0.246217182364	0.138709677419	132	2	699	0	328	0.713043478261
0.248347399159	0.137634408602	133	2	699	0	328	0.711496746204
0.251590425388	0.138709677419	134	2	699	0	328	0.709956709957
0.25641686327	0.139784946237	135	2	699	0	328	0.708423326134
0.25807765167	0.140860215054	136	2	699	0	328	0.706896551724
0.258842111662	0.141935483871	137	2	699	0	328	0.705376344086
0.263121594585	0.143010752688	138	2	699	0	328	0.703862660944
0.263577406791	0.141935483871	139	2	699	0	328	0.702355460385
0.26392531451	0.143010752688	140	2	699	0	328	0.700854700855
0.264195455329	0.144086021505	141	2	699	0	328	0.699360341151
0.264382876222	0.145161290323	142	2	699	0	328	0.697872340426
0.266553700861	0.14623655914	143	2	699	0	328	0.696390658174
0.266736758539	0.147311827957	144	2	699	0	328	0.694915254237
0.27062381829	0.148387096774	145	2	699	0	328	0.693446088795
0.274703333688	0.149462365591	146	2	699	0	328	0.691983122363
0.278095653102	0.150537634409	147	2	699	0	328	0.690526315789
0.278500393966	0.151612903226	148	2	699	0	328	0.689075630252
0.279097123025	0.152688172043	149	2	699	0	328	0.687631027254
0.279267769966	0.15376344086	150	2	699	0	328	0.686192468619
0.282597215173	0.154838709677	151	2	699	0	328	0.684759916493
0.283102547003	0.155913978495	152	2	699	0	328	0.683333333333
0.284136081314	0.155913978495	153	2	699	0	328	0.681912681913
0.285505159296	0.156989247312	154	2	699	0	328	0.680497925311
0.286862934953	0.158064516129	155	2	699	0	328	0.679089026915
0.293777378065	0.159139784946	156	2	699	0	328	0.677685950413
0.294248303761	0.160215053763	157	2	699	0	328	0.676288659794
0.295213059003	0.160215053763	158	2	699	0	328	0.674897119342
0.303763836828	0.161290322581	159	2	699	0	328	0.673511293634
0.30391565808	0.162365591398	160	2	699	0	328	0.672131147541
0.303990262976	0.161290322581	161	2	699	0	328	0.670756646217
0.307169372283	0.162365591398	162	2	699	0	328	0.669387755102
0.309958763433	0.162365591398	163	2	699	0	328	0.668024439919
0.311363118385	0.163440860215	164	2	699	0	328	0.666666666667
