# time 	 divergence 	 # of mutations 	 # IGC chances 	 IGC length 	 # IGC failures 	 Changes due to IGC  	 % change due to IGC 
0.0	0.0	0	0	0	0	0	0.0
0.000622248671379	0.0	0	1	6	0	0	0.0
0.000824481817031	0.0	0	2	9	0	0	0.0
0.00111301620462	0.00204498977505	1	2	9	0	0	0.0
0.00146658830393	0.00204498977505	1	3	15	0	0	0.0
0.00166499438514	0.00204498977505	1	4	9	0	0	0.0
0.00220831284402	0.00204498977505	1	5	9	0	0	0.0
0.00228978914122	0.00204498977505	1	6	15	0	0	0.0
0.0024696418123	0.00204498977505	1	7	6	0	0	0.0
0.00294519854679	0.00204498977505	1	8	18	0	0	0.0
0.00357513476081	0.00204498977505	1	9	6	0	0	0.0
0.00434911095979	0.00204498977505	1	10	9	0	0	0.0
0.00472471878134	0.00204498977505	1	11	12	0	0	0.0
0.00524411150288	0.00204498977505	1	12	3	0	0	0.0
0.00551381280164	0.00204498977505	1	13	6	0	0	0.0
0.00621224633219	0.00204498977505	1	14	9	0	0	0.0
0.0078749647608	0.00204498977505	1	15	9	0	0	0.0
0.00788608383435	0.00204498977505	1	16	3	0	0	0.0
0.00805287517544	0.00204498977505	1	17	18	0	0	0.0
0.00842755060788	0.0040899795501	2	17	18	0	0	0.0
0.00888915286018	0.00613496932515	3	17	18	0	0	0.0
0.00899012513207	0.00613496932515	3	18	6	0	0	0.0
0.00906453053845	0.00613496932515	3	19	3	0	0	0.0
0.00911648077192	0.00613496932515	3	20	3	0	0	0.0
0.00955780751625	0.00613496932515	3	21	6	0	0	0.0
0.00984382749465	0.0040899795501	3	22	3	0	1	0.25
0.00992743850321	0.00613496932515	4	22	3	0	1	0.2
0.0103926354683	0.00613496932515	4	23	15	0	1	0.2
0.0104720027216	0.00613496932515	4	24	3	0	1	0.2
0.0109671263817	0.00613496932515	4	25	6	0	1	0.2
0.0114488387352	0.00613496932515	4	26	33	0	1	0.2
0.0118773447395	0.00613496932515	4	27	6	0	1	0.2
0.0130556266933	0.0081799591002	5	27	6	0	1	0.166666666667
0.0134136279759	0.0081799591002	5	28	12	0	1	0.166666666667
0.0137437542171	0.0081799591002	5	29	9	0	1	0.166666666667
0.0139138484624	0.0081799591002	5	30	3	0	1	0.166666666667
0.013981036744	0.0081799591002	5	31	33	0	1	0.166666666667
0.0151620841432	0.0081799591002	5	32	15	0	1	0.166666666667
0.0154117013642	0.0081799591002	5	33	6	0	1	0.166666666667
0.0155018947565	0.0102249488753	6	33	6	0	1	0.142857142857
0.0157636229819	0.0102249488753	6	34	15	0	1	0.142857142857
0.0162895533354	0.0122699386503	7	34	15	0	1	0.125
0.0164310471783	0.0122699386503	7	35	3	0	1	0.125
0.016589792478	0.0122699386503	7	36	6	0	1	0.125
0.0167084845223	0.0122699386503	7	37	12	0	1	0.125
0.0170101517745	0.0102249488753	7	38	15	0	2	0.222222222222
0.0174878110183	0.0102249488753	7	39	3	0	2	0.222222222222
0.0179929304943	0.0102249488753	7	40	6	0	2	0.222222222222
0.0182944428584	0.0102249488753	7	41	3	0	2	0.222222222222
0.0184652244807	0.0081799591002	7	42	3	0	3	0.3
0.0185538553023	0.0102249488753	8	42	3	0	3	0.272727272727
