# time 	 divergence 	 # of mutations 	 # IGC chances 	 IGC length 	 # IGC failures 	 Changes due to IGC  	 % change due to IGC 
0.0	0.468817204301	0	0	0	0	0	0.0
0.000894494089696	0.467741935484	1	0	0	0	0	0.0
0.00197340073566	0.468817204301	2	0	0	0	0	0.0
0.00340848021167	0.468817204301	3	0	0	0	0	0.0
0.00403084103938	0.468817204301	4	0	0	0	0	0.0
0.00454199553999	0.469892473118	5	0	0	0	0	0.0
0.00570563062895	0.470967741935	6	0	0	0	0	0.0
0.00677338543842	0.472043010753	7	0	0	0	0	0.0
0.00839374320957	0.47311827957	8	0	0	0	0	0.0
0.00845837603016	0.474193548387	9	0	0	0	0	0.0
0.0105958382617	0.474193548387	10	0	0	0	0	0.0
0.0106058413578	0.475268817204	11	0	0	0	0	0.0
0.0116892072119	0.475268817204	12	0	0	0	0	0.0
0.0126105949366	0.474193548387	13	0	0	0	0	0.0
0.0126950960103	0.474193548387	14	0	0	0	0	0.0
0.0145374710284	0.475268817204	15	0	0	0	0	0.0
0.0152224825343	0.476344086022	16	0	0	0	0	0.0
0.0154449954157	0.477419354839	17	0	0	0	0	0.0
0.0163000459078	0.477419354839	18	0	0	0	0	0.0
0.016687542039	0.478494623656	19	0	0	0	0	0.0
0.0169912257232	0.478494623656	20	0	0	0	0	0.0
0.0199603014482	0.478494623656	21	0	0	0	0	0.0
0.0220458479673	0.479569892473	22	0	0	0	0	0.0
0.0238655295717	0.48064516129	23	0	0	0	0	0.0
0.0242666659276	0.481720430108	24	0	0	0	0	0.0
0.0261093561138	0.482795698925	25	0	0	0	0	0.0
0.0267577810805	0.481720430108	26	0	0	0	0	0.0
0.0280055695404	0.482795698925	27	0	0	0	0	0.0
0.0285323039863	0.483870967742	28	0	0	0	0	0.0
0.0309484380555	0.483870967742	29	0	0	0	0	0.0
0.0321106537819	0.484946236559	30	0	0	0	0	0.0
0.0441359669131	0.484946236559	31	0	0	0	0	0.0
0.0461421529445	0.484946236559	32	0	0	0	0	0.0
0.047777599643	0.486021505376	33	0	0	0	0	0.0
0.0490339590226	0.486021505376	34	0	0	0	0	0.0
0.0498482776993	0.487096774194	35	0	0	0	0	0.0
0.0507206189481	0.486021505376	36	0	0	0	0	0.0
0.0508490424095	0.487096774194	37	0	0	0	0	0.0
0.0521943055404	0.486021505376	38	0	0	0	0	0.0
0.0535573387817	0.486021505376	39	0	0	0	0	0.0
0.0545658740514	0.487096774194	40	0	0	0	0	0.0
0.0550781994994	0.487096774194	41	0	0	0	0	0.0
0.0587560286535	0.488172043011	42	0	0	0	0	0.0
0.059064482811	0.489247311828	43	0	0	0	0	0.0
0.0600236777509	0.489247311828	44	0	0	0	0	0.0
0.0640910493969	0.488172043011	45	0	0	0	0	0.0
0.0684130115654	0.488172043011	46	0	0	0	0	0.0
0.0696410942923	0.487096774194	47	0	0	0	0	0.0
0.0698412337142	0.487096774194	48	0	0	0	0	0.0
0.074578761223	0.488172043011	49	0	0	0	0	0.0
0.0755217457932	0.484946236559	49	1	6	0	3	0.0576923076923
0.0761699024095	0.486021505376	50	1	6	0	3	0.0566037735849
0.0767197692673	0.486021505376	51	1	6	0	3	0.0555555555556
0.0775009443696	0.486021505376	52	1	6	0	3	0.0545454545455
0.0783656384595	0.486021505376	53	1	6	0	3	0.0535714285714
0.0790453007962	0.486021505376	54	1	6	0	3	0.0526315789474
0.0803950277293	0.487096774194	55	1	6	0	3	0.051724137931
0.0844722414627	0.487096774194	56	1	6	0	3	0.0508474576271
0.0850013021641	0.486021505376	57	1	6	0	3	0.05
0.0850355700863	0.484946236559	58	1	6	0	3	0.0491803278689
0.0871363566525	0.483870967742	59	1	6	0	3	0.0483870967742
0.0885991199987	0.484946236559	60	1	6	0	3	0.047619047619
0.08942768311	0.483870967742	61	1	6	0	3	0.046875
0.0954710064943	0.483870967742	62	1	6	0	3	0.0461538461538
0.0968470464761	0.482795698925	63	1	6	0	3	0.0454545454545
0.0974293494174	0.482795698925	64	1	6	0	3	0.044776119403
0.0978430654356	0.482795698925	65	1	6	0	3	0.0441176470588
0.0999666538335	0.483870967742	66	1	6	0	3	0.0434782608696
0.105274576797	0.483870967742	67	1	6	0	3	0.0428571428571
0.108715999674	0.484946236559	68	1	6	0	3	0.0422535211268
0.109199079403	0.484946236559	69	1	6	0	3	0.0416666666667
0.110468346012	0.483870967742	70	1	6	0	3	0.041095890411
0.113585801932	0.484946236559	71	1	6	0	3	0.0405405405405
0.113654458341	0.486021505376	72	1	6	0	3	0.04
0.114286576469	0.484946236559	73	1	6	0	3	0.0394736842105
0.115291956682	0.486021505376	74	1	6	0	3	0.038961038961
0.11632250339	0.486021505376	75	1	6	0	3	0.0384615384615
0.118367730308	0.484946236559	76	1	6	0	3	0.0379746835443
0.118973349179	0.484946236559	77	1	6	0	3	0.0375
0.119444798834	0.486021505376	78	1	6	0	3	0.037037037037
0.123306453621	0.484946236559	79	1	6	0	3	0.0365853658537
0.124618821293	0.486021505376	80	1	6	0	3	0.0361445783133
0.127715611	0.486021505376	81	1	6	0	3	0.0357142857143
0.130294236379	0.486021505376	82	1	6	0	3	0.0352941176471
0.134251033475	0.487096774194	83	1	6	0	3	0.0348837209302
0.134558085452	0.488172043011	84	1	6	0	3	0.0344827586207
0.136424195986	0.489247311828	85	1	6	0	3	0.0340909090909
0.139724843768	0.489247311828	86	1	6	0	3	0.0337078651685
0.140008015381	0.490322580645	87	1	6	0	3	0.0333333333333
0.140222284353	0.490322580645	88	1	6	0	3	0.032967032967
0.140747077951	0.491397849462	89	1	6	0	3	0.0326086956522
0.142003458596	0.491397849462	90	1	6	0	3	0.0322580645161
0.142491511155	0.491397849462	91	1	6	0	3	0.031914893617
0.144058335375	0.490322580645	92	1	6	0	3	0.0315789473684
0.14690305592	0.491397849462	93	1	6	0	3	0.03125
0.149241776286	0.49247311828	94	1	6	0	3	0.0309278350515
0.155364769991	0.49247311828	95	1	6	0	3	0.030612244898
0.159746999849	0.493548387097	96	1	6	0	3	0.030303030303
0.161835894342	0.494623655914	97	1	6	0	3	0.03
0.161859963151	0.493548387097	98	1	6	0	3	0.029702970297
0.167351530492	0.494623655914	99	1	6	0	3	0.0294117647059
0.168917948249	0.493548387097	100	1	6	0	3	0.0291262135922
0.171714638316	0.493548387097	101	1	6	0	3	0.0288461538462
0.172306977908	0.493548387097	102	1	6	0	3	0.0285714285714
0.17315315588	0.49247311828	103	1	6	0	3	0.0283018867925
0.173291479348	0.49247311828	104	1	6	0	3	0.0280373831776
0.174539493145	0.493548387097	105	1	6	0	3	0.0277777777778
0.174635095529	0.493548387097	106	1	6	0	3	0.0275229357798
0.174858227159	0.49247311828	107	1	6	0	3	0.0272727272727
0.175844440855	0.493548387097	108	1	6	0	3	0.027027027027
0.181195142373	0.494623655914	109	1	6	0	3	0.0267857142857
0.182771348876	0.495698924731	110	1	6	0	3	0.0265486725664
0.183866958745	0.495698924731	111	1	6	0	3	0.0263157894737
0.18709994805	0.494623655914	112	1	6	0	3	0.0260869565217
0.188489026031	0.495698924731	113	1	6	0	3	0.0258620689655
0.189106739268	0.496774193548	114	1	6	0	3	0.025641025641
0.191045545728	0.495698924731	115	1	6	0	3	0.0254237288136
0.192573270129	0.495698924731	116	1	6	0	3	0.0252100840336
0.193602756619	0.495698924731	117	1	6	0	3	0.025
0.198940868675	0.495698924731	118	1	6	0	3	0.0247933884298
0.201385798908	0.496774193548	119	1	6	0	3	0.0245901639344
0.204629612063	0.497849462366	120	1	6	0	3	0.0243902439024
0.205207717183	0.497849462366	121	1	6	0	3	0.0241935483871
0.205961560893	0.497849462366	122	1	6	0	3	0.024
0.209694492766	0.497849462366	123	1	6	0	3	0.0238095238095
0.213845355522	0.498924731183	124	1	6	0	3	0.0236220472441
0.214055626686	0.5	125	1	6	0	3	0.0234375
0.21466781994	0.5	126	1	6	0	3	0.0232558139535
0.216051291996	0.498924731183	127	1	6	0	3	0.0230769230769
0.216190114927	0.498924731183	128	1	6	0	3	0.0229007633588
0.218130203329	0.498924731183	129	1	6	0	3	0.0227272727273
0.218955405527	0.498924731183	130	1	6	0	3	0.0225563909774
0.219784484831	0.5	131	1	6	0	3	0.0223880597015
0.220007116827	0.5	132	1	6	0	3	0.0222222222222
0.223695408337	0.5	133	1	6	0	3	0.0220588235294
0.22444694156	0.501075268817	134	1	6	0	3	0.021897810219
0.22642455546	0.501075268817	135	1	6	0	3	0.0217391304348
0.230723539773	0.502150537634	136	1	6	0	3	0.0215827338129
0.231442583438	0.503225806452	137	1	6	0	3	0.0214285714286
0.232189402526	0.503225806452	138	1	6	0	3	0.0212765957447
0.235318575096	0.502150537634	139	1	6	0	3	0.0211267605634
0.235370381656	0.503225806452	140	1	6	0	3	0.020979020979
0.239546426068	0.504301075269	141	1	6	0	3	0.0208333333333
0.239947456356	0.503225806452	142	1	6	0	3	0.0206896551724
0.240497469778	0.504301075269	143	1	6	0	3	0.0205479452055
0.241873857171	0.503225806452	144	1	6	0	3	0.0204081632653
0.243079788412	0.504301075269	145	1	6	0	3	0.0202702702703
0.243680954521	0.503225806452	146	1	6	0	3	0.0201342281879
0.244299106441	0.503225806452	147	1	6	0	3	0.02
0.244396059674	0.504301075269	148	1	6	0	3	0.0198675496689
0.244610649165	0.503225806452	149	1	6	0	3	0.0197368421053
0.246574390663	0.504301075269	150	1	6	0	3	0.0196078431373
0.24772069273	0.504301075269	151	1	6	0	3	0.0194805194805
0.247913704343	0.503225806452	152	1	6	0	3	0.0193548387097
0.24795829443	0.502150537634	153	1	6	0	3	0.0192307692308
0.249546347534	0.502150537634	154	1	6	0	3	0.0191082802548
0.249806006297	0.502150537634	155	1	6	0	3	0.0189873417722
0.250295213869	0.503225806452	156	1	6	0	3	0.0188679245283
0.251748611741	0.503225806452	157	1	6	0	3	0.01875
0.255471029662	0.504301075269	158	1	6	0	3	0.0186335403727
0.256107548612	0.504301075269	159	1	6	0	3	0.0185185185185
0.259871463803	0.505376344086	160	1	6	0	3	0.0184049079755
0.260974742233	0.504301075269	161	1	6	0	3	0.0182926829268
0.261699348397	0.504301075269	162	1	6	0	3	0.0181818181818
0.262388833086	0.503225806452	163	1	6	0	3	0.0180722891566
0.263265313317	0.504301075269	164	1	6	0	3	0.0179640718563
0.26831567873	0.504301075269	165	1	6	0	3	0.0178571428571
0.26903041472	0.505376344086	166	1	6	0	3	0.0177514792899
0.270370382894	0.505376344086	167	1	6	0	3	0.0176470588235
0.270882655628	0.506451612903	168	1	6	0	3	0.0175438596491
0.271421788807	0.50752688172	169	1	6	0	3	0.0174418604651
0.27543579818	0.50752688172	170	1	6	0	3	0.0173410404624
0.277808772846	0.50752688172	171	1	6	0	3	0.0172413793103
0.278664539314	0.506451612903	172	1	6	0	3	0.0171428571429
0.280401242446	0.506451612903	173	1	6	0	3	0.0170454545455
0.283060976741	0.50752688172	174	1	6	0	3	0.0169491525424
0.283467502511	0.506451612903	175	1	6	0	3	0.0168539325843
0.285626276657	0.50752688172	176	1	6	0	3	0.0167597765363
0.285792816089	0.508602150538	177	1	6	0	3	0.0166666666667
0.287018250629	0.50752688172	178	1	6	0	3	0.0165745856354
0.287075311268	0.50752688172	179	1	6	0	3	0.0164835164835
0.293719674932	0.508602150538	180	1	6	0	3	0.016393442623
0.297290171727	0.508602150538	181	1	6	0	3	0.0163043478261
0.298070612786	0.50752688172	182	1	6	0	3	0.0162162162162
0.298732795293	0.50752688172	183	1	6	0	3	0.0161290322581
0.299734500322	0.506451612903	184	1	6	0	3	0.0160427807487
0.303126593497	0.506451612903	185	1	6	0	3	0.0159574468085
0.303142992378	0.506451612903	186	1	6	0	3	0.015873015873
0.304184185946	0.50752688172	187	1	6	0	3	0.0157894736842
0.305418887993	0.508602150538	188	1	6	0	3	0.0157068062827
0.305635986447	0.50752688172	189	1	6	0	3	0.015625
0.305730568978	0.508602150538	190	1	6	0	3	0.0155440414508
0.306874321412	0.508602150538	191	1	6	0	3	0.0154639175258
0.307118528516	0.509677419355	192	1	6	0	3	0.0153846153846
