# time 	 divergence 	 # of mutations 	 # IGC chances 	 IGC length 	 # IGC failures 	 Changes due to IGC  	 % change due to IGC 
0.0	0.395711500975	0	0	0	0	0	0.0
0.00118733724915	0.396686159844	1	0	0	0	0	0.0
0.00282735381414	0.396686159844	2	0	0	0	0	0.0
0.00405880733587	0.395711500975	3	0	0	0	0	0.0
0.00442693045087	0.396686159844	4	0	0	0	0	0.0
0.00636510754955	0.395711500975	5	0	0	0	0	0.0
0.00663979246096	0.395711500975	6	0	0	0	0	0.0
0.0070007215065	0.396686159844	7	0	0	0	0	0.0
0.00863931566085	0.396686159844	8	0	0	0	0	0.0
0.00892167387285	0.392787524366	8	1	9	0	4	0.333333333333
0.00927061662904	0.391812865497	9	1	9	0	4	0.307692307692
0.0110426183758	0.391812865497	10	1	9	0	4	0.285714285714
0.0137608143087	0.392787524366	11	1	9	0	4	0.266666666667
0.0146941915428	0.391812865497	12	1	9	0	4	0.25
0.0156733520434	0.392787524366	13	1	9	0	4	0.235294117647
0.017256790762	0.393762183236	14	1	9	0	4	0.222222222222
0.0173539988339	0.394736842105	15	1	9	0	4	0.210526315789
0.0173834611578	0.393762183236	16	1	9	0	4	0.2
0.0180978089824	0.392787524366	17	1	9	0	4	0.190476190476
0.0187367830264	0.393762183236	18	1	9	0	4	0.181818181818
0.0238252822863	0.394736842105	19	1	9	0	4	0.173913043478
0.0242223618054	0.395711500975	20	1	9	0	4	0.166666666667
0.0243497044629	0.396686159844	21	1	9	0	4	0.16
0.0263167523856	0.395711500975	22	1	9	0	4	0.153846153846
0.0271438792096	0.396686159844	23	1	9	0	4	0.148148148148
0.028542131345	0.397660818713	24	1	9	0	4	0.142857142857
0.0309715033023	0.398635477583	25	1	9	0	4	0.137931034483
0.0333029536595	0.359649122807	25	2	72	0	44	0.63768115942
0.0346561215586	0.359649122807	26	2	72	0	44	0.628571428571
0.0350717999405	0.360623781676	27	2	72	0	44	0.619718309859
0.0359753595458	0.361598440546	28	2	72	0	44	0.611111111111
0.0389012226856	0.361598440546	29	2	72	0	44	0.602739726027
0.0392948220852	0.361598440546	30	2	72	0	44	0.594594594595
0.0403180944203	0.360623781676	31	2	72	0	44	0.586666666667
0.0405184223897	0.360623781676	32	2	72	0	44	0.578947368421
0.041562985232	0.361598440546	33	2	72	0	44	0.571428571429
0.0417102197957	0.362573099415	34	2	72	0	44	0.564102564103
0.0420246014663	0.362573099415	35	2	72	0	44	0.556962025316
0.0420820738525	0.363547758285	36	2	72	0	44	0.55
0.0421789642378	0.364522417154	37	2	72	0	44	0.543209876543
0.0445569758981	0.365497076023	38	2	72	0	44	0.536585365854
0.0450253204256	0.366471734893	39	2	72	0	44	0.530120481928
0.0517742608701	0.367446393762	40	2	72	0	44	0.52380952381
0.0537779014493	0.367446393762	41	2	72	0	44	0.517647058824
0.0541605187757	0.366471734893	42	2	72	0	44	0.511627906977
0.0567139584738	0.366471734893	43	2	72	0	44	0.505747126437
0.0574382424165	0.367446393762	44	2	72	0	44	0.5
0.0591159139633	0.367446393762	45	2	72	0	44	0.494382022472
0.0620498311785	0.368421052632	46	2	72	0	44	0.488888888889
0.0673375934295	0.369395711501	47	2	72	0	44	0.483516483516
0.0682906751422	0.368421052632	48	2	72	0	44	0.478260869565
0.0710858291336	0.369395711501	49	2	72	0	44	0.47311827957
0.0717375221127	0.37037037037	50	2	72	0	44	0.468085106383
0.0737588961077	0.37037037037	51	2	72	0	44	0.463157894737
0.0764617974349	0.37134502924	52	2	72	0	44	0.458333333333
0.0765426473581	0.37134502924	53	2	72	0	44	0.453608247423
0.0770032148649	0.372319688109	54	2	72	0	44	0.448979591837
0.0771420466653	0.373294346979	55	2	72	0	44	0.444444444444
0.0775852595699	0.372319688109	56	2	72	0	44	0.44
0.0777214100002	0.373294346979	57	2	72	0	44	0.435643564356
0.0812941158209	0.374269005848	58	2	72	0	44	0.43137254902
0.0843302419749	0.374269005848	59	2	72	0	44	0.427184466019
0.0895016094795	0.373294346979	60	2	72	0	44	0.423076923077
0.0916737250954	0.374269005848	61	2	72	0	44	0.419047619048
0.0943942065789	0.37134502924	61	3	18	0	47	0.435185185185
0.0965977214517	0.372319688109	62	3	18	0	47	0.43119266055
0.0982615656071	0.373294346979	63	3	18	0	47	0.427272727273
0.0989333190865	0.374269005848	64	3	18	0	47	0.423423423423
0.100716047773	0.37037037037	64	4	6	0	51	0.44347826087
0.101386546756	0.369395711501	65	4	6	0	51	0.439655172414
0.101414194909	0.369395711501	66	4	6	0	51	0.435897435897
0.102562010022	0.369395711501	67	4	6	0	51	0.432203389831
0.104466242766	0.369395711501	68	4	6	0	51	0.428571428571
0.109580022038	0.368421052632	69	4	6	0	51	0.425
0.110910224499	0.368421052632	70	4	6	0	51	0.421487603306
0.113302671115	0.368421052632	71	4	6	0	51	0.418032786885
0.115576352468	0.369395711501	72	4	6	0	51	0.414634146341
0.116450346518	0.369395711501	73	4	6	0	51	0.411290322581
0.119136094282	0.369395711501	74	4	6	0	51	0.408
0.121154827803	0.363547758285	74	5	12	0	57	0.435114503817
0.121894071888	0.363547758285	75	5	12	0	57	0.431818181818
0.122076803488	0.362573099415	76	5	12	0	57	0.428571428571
0.122160036622	0.363547758285	77	5	12	0	57	0.425373134328
0.123436969245	0.364522417154	78	5	12	0	57	0.422222222222
0.123899000494	0.363547758285	79	5	12	0	57	0.419117647059
0.124723479787	0.353801169591	79	6	51	0	67	0.458904109589
0.126492392304	0.35477582846	80	6	51	0	67	0.455782312925
0.126906071399	0.355750487329	81	6	51	0	67	0.452702702703
0.12882533893	0.356725146199	82	6	51	0	67	0.44966442953
0.130137598115	0.357699805068	83	6	51	0	67	0.446666666667
0.131856836114	0.358674463938	84	6	51	0	67	0.443708609272
0.1354765655	0.359649122807	85	6	51	0	67	0.440789473684
0.13564774272	0.360623781676	86	6	51	0	67	0.437908496732
0.136061289725	0.361598440546	87	6	51	0	67	0.435064935065
0.136623061872	0.361598440546	88	6	51	0	67	0.432258064516
0.137991163004	0.362573099415	89	6	51	0	67	0.429487179487
0.140838290876	0.362573099415	90	6	51	0	67	0.426751592357
0.142483227087	0.363547758285	91	6	51	0	67	0.424050632911
0.142569949818	0.364522417154	92	6	51	0	67	0.421383647799
0.143058872435	0.365497076023	93	6	51	0	67	0.41875
0.143080431212	0.366471734893	94	6	51	0	67	0.416149068323
0.145361275239	0.366471734893	95	6	51	0	67	0.413580246914
0.146518994548	0.366471734893	96	6	51	0	67	0.411042944785
0.146691083377	0.367446393762	97	6	51	0	67	0.408536585366
0.146760908208	0.368421052632	98	6	51	0	67	0.406060606061
0.147143593395	0.367446393762	99	6	51	0	67	0.403614457831
0.147303370403	0.368421052632	100	6	51	0	67	0.40119760479
0.14950835833	0.356725146199	100	7	18	0	79	0.441340782123
0.149701471153	0.355750487329	101	7	18	0	79	0.438888888889
0.150104967446	0.355750487329	102	7	18	0	79	0.436464088398
0.150140143639	0.356725146199	103	7	18	0	79	0.434065934066
0.153555941357	0.356725146199	104	7	18	0	79	0.431693989071
0.153826725713	0.356725146199	105	7	18	0	79	0.429347826087
0.153831785303	0.357699805068	106	7	18	0	79	0.427027027027
0.15514305979	0.357699805068	106	8	3	0	79	0.427027027027
0.155729407055	0.358674463938	107	8	3	0	79	0.424731182796
0.156392603395	0.359649122807	108	8	3	0	79	0.422459893048
0.156501296769	0.360623781676	109	8	3	0	79	0.420212765957
0.159771341098	0.360623781676	110	8	3	0	79	0.417989417989
0.161423226068	0.361598440546	111	8	3	0	79	0.415789473684
0.162489675873	0.360623781676	112	8	3	0	79	0.413612565445
0.163037327947	0.361598440546	113	8	3	0	79	0.411458333333
0.16424281177	0.362573099415	114	8	3	0	79	0.40932642487
0.164947426258	0.363547758285	115	8	3	0	79	0.407216494845
0.16861417135	0.362573099415	116	8	3	0	79	0.405128205128
0.174113423991	0.363547758285	117	8	3	0	79	0.40306122449
0.175738774374	0.364522417154	118	8	3	0	79	0.401015228426
0.176326827063	0.365497076023	119	8	3	0	79	0.39898989899
0.177044345318	0.364522417154	120	8	3	0	79	0.396984924623
0.178023123497	0.365497076023	121	8	3	0	79	0.395
0.178449951474	0.364522417154	122	8	3	0	79	0.393034825871
0.1814329812	0.365497076023	123	8	3	0	79	0.391089108911
0.183310628573	0.366471734893	124	8	3	0	79	0.389162561576
0.183890336007	0.367446393762	125	8	3	0	79	0.387254901961
0.184251339246	0.366471734893	126	8	3	0	79	0.385365853659
0.185298164144	0.367446393762	127	8	3	0	79	0.383495145631
0.185436146435	0.368421052632	128	8	3	0	79	0.381642512077
0.186115807775	0.368421052632	129	8	3	0	79	0.379807692308
0.186704429251	0.368421052632	130	8	3	0	79	0.377990430622
0.187817109791	0.367446393762	131	8	3	0	79	0.37619047619
0.189049295938	0.367446393762	132	8	3	0	79	0.374407582938
0.190093396788	0.366471734893	133	8	3	0	79	0.372641509434
0.191471960272	0.367446393762	134	8	3	0	79	0.370892018779
0.192687956867	0.368421052632	135	8	3	0	79	0.369158878505
0.204921147155	0.368421052632	136	8	3	0	79	0.367441860465
0.205210194365	0.368421052632	137	8	3	0	79	0.365740740741
0.205851564926	0.367446393762	138	8	3	0	79	0.364055299539
0.207295291158	0.366471734893	139	8	3	0	79	0.362385321101
0.208569848451	0.367446393762	140	8	3	0	79	0.360730593607
0.21245566043	0.368421052632	141	8	3	0	79	0.359090909091
0.216093882231	0.369395711501	142	8	3	0	79	0.357466063348
0.216420245672	0.368421052632	143	8	3	0	79	0.355855855856
0.216632503906	0.367446393762	144	8	3	0	79	0.354260089686
0.217244553509	0.366471734893	145	8	3	0	79	0.352678571429
0.218448634931	0.366471734893	146	8	3	0	79	0.351111111111
0.222416090645	0.367446393762	147	8	3	0	79	0.349557522124
0.224333376106	0.368421052632	148	8	3	0	79	0.348017621145
0.22924916035	0.369395711501	149	8	3	0	79	0.34649122807
0.232382844335	0.37037037037	150	8	3	0	79	0.344978165939
0.232950107372	0.37134502924	151	8	3	0	79	0.34347826087
0.23307852192	0.372319688109	152	8	3	0	79	0.341991341991
0.234767362849	0.37134502924	153	8	3	0	79	0.340517241379
0.236280904946	0.372319688109	154	8	3	0	79	0.339055793991
0.237925957211	0.372319688109	155	8	3	0	79	0.337606837607
0.242328494936	0.372319688109	156	8	3	0	79	0.336170212766
0.243207067117	0.372319688109	157	8	3	0	79	0.334745762712
0.243565323143	0.373294346979	158	8	3	0	79	0.333333333333
0.248217335986	0.374269005848	159	8	3	0	79	0.331932773109
0.24849807336	0.375243664717	160	8	3	0	79	0.330543933054
0.252606331121	0.375243664717	161	8	3	0	79	0.329166666667
0.253977196527	0.375243664717	162	8	3	0	79	0.327800829876
0.257989827172	0.376218323587	163	8	3	0	79	0.326446280992
0.258530735858	0.377192982456	164	8	3	0	79	0.325102880658
0.258834680381	0.377192982456	165	8	3	0	79	0.323770491803
0.259941035396	0.376218323587	166	8	3	0	79	0.322448979592
0.260530227493	0.376218323587	167	8	3	0	79	0.321138211382
0.260681674056	0.377192982456	168	8	3	0	79	0.31983805668
0.262648690268	0.378167641326	169	8	3	0	79	0.318548387097
0.26291264497	0.379142300195	170	8	3	0	79	0.317269076305
0.265086226741	0.380116959064	171	8	3	0	79	0.316
0.265331013846	0.381091617934	172	8	3	0	79	0.314741035857
0.267862764501	0.382066276803	173	8	3	0	79	0.313492063492
0.27042021737	0.383040935673	174	8	3	0	79	0.312252964427
0.273719453925	0.384015594542	175	8	3	0	79	0.311023622047
0.276114829578	0.384990253411	176	8	3	0	79	0.309803921569
0.276618875175	0.385964912281	177	8	3	0	79	0.30859375
0.277693266462	0.38693957115	178	8	3	0	79	0.307392996109
0.279037894578	0.387914230019	179	8	3	0	79	0.306201550388
0.281807204684	0.388888888889	180	8	3	0	79	0.305019305019
0.281970990924	0.389863547758	181	8	3	0	79	0.303846153846
0.282486914654	0.390838206628	182	8	3	0	79	0.302681992337
0.282834320891	0.391812865497	183	8	3	0	79	0.301526717557
0.282869720402	0.392787524366	184	8	3	0	79	0.300380228137
0.283834828639	0.392787524366	185	8	3	0	79	0.299242424242
0.28423146236	0.393762183236	186	8	3	0	79	0.298113207547
0.285283709097	0.394736842105	187	8	3	0	79	0.296992481203
0.286451494259	0.394736842105	188	8	3	0	79	0.295880149813
0.286640946151	0.395711500975	189	8	3	0	79	0.294776119403
0.286862159319	0.396686159844	190	8	3	0	79	0.293680297398
0.286938449405	0.397660818713	191	8	3	0	79	0.292592592593
0.29225461862	0.397660818713	192	8	3	0	79	0.291512915129
0.292869497574	0.398635477583	193	8	3	0	79	0.290441176471
0.294020758539	0.399610136452	194	8	3	0	79	0.289377289377
0.294860855236	0.400584795322	195	8	3	0	79	0.288321167883
0.297014804529	0.400584795322	196	8	3	0	79	0.287272727273
0.297086028349	0.401559454191	197	8	3	0	79	0.286231884058
0.297181517927	0.401559454191	198	8	3	0	79	0.285198555957
0.297422022912	0.40253411306	199	8	3	0	79	0.284172661871
0.297433862664	0.40350877193	200	8	3	0	79	0.283154121864
0.298455776103	0.40350877193	201	8	3	0	79	0.282142857143
0.299607286354	0.404483430799	202	8	3	0	79	0.281138790036
0.300496694044	0.405458089669	203	8	3	0	79	0.280141843972
0.300702686775	0.406432748538	204	8	3	0	79	0.279151943463
0.301061390849	0.407407407407	205	8	3	0	79	0.278169014085
0.301347104729	0.406432748538	206	8	3	0	79	0.277192982456
0.307441276064	0.407407407407	207	8	3	0	79	0.276223776224
0.307816786737	0.407407407407	208	8	3	0	79	0.275261324042
0.311322189991	0.408382066277	209	8	3	0	79	0.274305555556
0.312141881623	0.409356725146	210	8	3	0	79	0.273356401384
0.313409879107	0.410331384016	211	8	3	0	79	0.272413793103
0.313747755424	0.411306042885	212	8	3	0	79	0.27147766323
0.315824307087	0.412280701754	213	8	3	0	79	0.270547945205
0.317688140437	0.412280701754	214	8	3	0	79	0.269624573379
0.320909381585	0.413255360624	215	8	3	0	79	0.268707482993
0.322083435848	0.414230019493	216	8	3	0	79	0.267796610169
0.322252097932	0.415204678363	217	8	3	0	79	0.266891891892
0.322872395086	0.415204678363	218	8	3	0	79	0.265993265993
0.323354576905	0.416179337232	219	8	3	0	79	0.265100671141
0.324764061723	0.415204678363	220	8	3	0	79	0.264214046823
0.325052902327	0.415204678363	221	8	3	0	79	0.263333333333
0.325941384124	0.416179337232	222	8	3	0	79	0.262458471761
0.326572743909	0.417153996101	223	8	3	0	79	0.261589403974
0.327019667925	0.417153996101	224	8	3	0	79	0.260726072607
0.327522868974	0.417153996101	225	8	3	0	79	0.259868421053
0.331804930137	0.396686159844	225	9	63	0	100	0.307692307692
0.334292172289	0.397660818713	226	9	63	0	100	0.306748466258
0.335923849542	0.398635477583	227	9	63	0	100	0.305810397554
0.338133982621	0.399610136452	228	9	63	0	100	0.30487804878
0.338489088506	0.400584795322	229	9	63	0	100	0.303951367781
0.344085275095	0.401559454191	230	9	63	0	100	0.30303030303
0.344634489043	0.400584795322	231	9	63	0	100	0.302114803625
0.345242056252	0.399610136452	232	9	63	0	100	0.301204819277
0.346246654081	0.400584795322	233	9	63	0	100	0.3003003003
0.346340987516	0.401559454191	234	9	63	0	100	0.299401197605
0.34716717057	0.40253411306	235	9	63	0	100	0.298507462687
0.351438658928	0.40350877193	236	9	63	0	100	0.297619047619
0.351590987732	0.40253411306	237	9	63	0	100	0.296735905045
0.352774972583	0.40350877193	238	9	63	0	100	0.295857988166
0.352836445295	0.404483430799	239	9	63	0	100	0.294985250737
0.353664749556	0.404483430799	240	9	63	0	100	0.294117647059
0.354893483055	0.405458089669	241	9	63	0	100	0.293255131965
0.358320818464	0.406432748538	242	9	63	0	100	0.292397660819
0.358491070607	0.407407407407	243	9	63	0	100	0.291545189504
0.359121009875	0.408382066277	244	9	63	0	100	0.290697674419
0.359694249186	0.407407407407	245	9	63	0	100	0.289855072464
0.359707722646	0.408382066277	246	9	63	0	100	0.28901734104
0.362406319796	0.409356725146	247	9	63	0	100	0.28818443804
0.363260631192	0.410331384016	248	9	63	0	100	0.287356321839
0.363840114848	0.410331384016	249	9	63	0	100	0.286532951289
0.364722338644	0.411306042885	250	9	63	0	100	0.285714285714
0.366379536006	0.412280701754	251	9	63	0	100	0.2849002849
0.369695093184	0.412280701754	252	9	63	0	100	0.284090909091
0.370707910552	0.411306042885	253	9	63	0	100	0.28328611898
0.372387361551	0.410331384016	254	9	63	0	100	0.282485875706
0.373970393179	0.411306042885	255	9	63	0	100	0.281690140845
0.375152094279	0.412280701754	256	9	63	0	100	0.280898876404
0.375830990261	0.412280701754	257	9	63	0	100	0.280112044818
0.377060587556	0.412280701754	258	9	63	0	100	0.279329608939
0.377142704285	0.413255360624	259	9	63	0	100	0.278551532033
0.377161243049	0.414230019493	260	9	63	0	100	0.277777777778
0.378225175996	0.405458089669	260	10	21	0	109	0.29539295393
0.379924722526	0.406432748538	261	10	21	0	109	0.294594594595
0.382108586601	0.407407407407	262	10	21	0	109	0.293800539084
0.382659657441	0.408382066277	263	10	21	0	109	0.293010752688
0.383767752566	0.407407407407	264	10	21	0	109	0.292225201072
0.385407631242	0.408382066277	265	10	21	0	109	0.291443850267
0.385569171808	0.409356725146	266	10	21	0	109	0.290666666667
0.386712986112	0.409356725146	267	10	21	0	109	0.289893617021
0.388691080771	0.410331384016	268	10	21	0	109	0.289124668435
0.389204860558	0.410331384016	269	10	21	0	109	0.28835978836
0.390492266025	0.411306042885	270	10	21	0	109	0.287598944591
0.391245136672	0.412280701754	271	10	21	0	109	0.286842105263
0.391378740594	0.411306042885	272	10	21	0	109	0.286089238845
0.391469235791	0.412280701754	273	10	21	0	109	0.285340314136
0.39174757547	0.413255360624	274	10	21	0	109	0.284595300261
0.396759163744	0.412280701754	275	10	21	0	109	0.283854166667
0.397842419644	0.411306042885	276	10	21	0	109	0.283116883117
0.400293377322	0.412280701754	277	10	21	0	109	0.282383419689
0.404981224961	0.413255360624	278	10	21	0	109	0.28165374677
0.405697779009	0.414230019493	279	10	21	0	109	0.280927835052
0.406346557622	0.415204678363	280	10	21	0	109	0.280205655527
0.408395731656	0.416179337232	281	10	21	0	109	0.279487179487
0.410923816957	0.417153996101	282	10	21	0	109	0.278772378517
0.412288011576	0.418128654971	283	10	21	0	109	0.27806122449
0.413572332882	0.41910331384	284	10	21	0	109	0.277353689567
0.413722543104	0.42007797271	285	10	21	0	109	0.276649746193
0.415514600389	0.421052631579	286	10	21	0	109	0.275949367089
0.415788186304	0.421052631579	287	10	21	0	109	0.275252525253
0.415972549979	0.422027290448	288	10	21	0	109	0.274559193955
0.417327133747	0.423001949318	289	10	21	0	109	0.273869346734
0.420807936765	0.423976608187	290	10	21	0	109	0.273182957393
0.421403967857	0.424951267057	291	10	21	0	109	0.2725
0.422252317074	0.421052631579	291	11	45	0	113	0.279702970297
0.42282443667	0.422027290448	292	11	45	0	113	0.279012345679
0.422916661138	0.423001949318	293	11	45	0	113	0.278325123153
0.423003122086	0.422027290448	294	11	45	0	113	0.277641277641
0.424189221096	0.423001949318	295	11	45	0	113	0.276960784314
0.424790194249	0.423001949318	296	11	45	0	113	0.276283618582
0.426402324232	0.423976608187	297	11	45	0	113	0.275609756098
0.426515103156	0.423976608187	298	11	45	0	113	0.274939172749
0.426921742553	0.423976608187	299	11	45	0	113	0.27427184466
0.427022041023	0.423976608187	300	11	45	0	113	0.273607748184
0.428311420562	0.424951267057	301	11	45	0	113	0.272946859903
0.431549926576	0.425925925926	302	11	45	0	113	0.272289156627
0.433250700858	0.424951267057	303	11	45	0	113	0.271634615385
0.43475984892	0.424951267057	304	11	45	0	113	0.270983213429
0.440186979159	0.425925925926	305	11	45	0	113	0.27033492823
0.4412497058	0.424951267057	306	11	45	0	113	0.26968973747
0.443244073375	0.424951267057	307	11	45	0	113	0.269047619048
