# time 	 divergence 	 # of mutations 	 # IGC chances 	 IGC length 	 # IGC failures 	 Changes due to IGC  	 % change due to IGC 
0.0	0.295698924731	0	0	0	0	0	0.0
0.000122293518161	0.293548387097	0	1	24	0	2	1.0
0.00427772478659	0.294623655914	1	1	24	0	2	0.666666666667
0.00895179047217	0.294623655914	2	1	24	0	2	0.5
0.0109892784932	0.293548387097	3	1	24	0	2	0.4
0.0121052219934	0.294623655914	4	1	24	0	2	0.333333333333
0.0124668261974	0.295698924731	5	1	24	0	2	0.285714285714
0.0126113629105	0.295698924731	6	1	24	0	2	0.25
0.0130001114648	0.296774193548	7	1	24	0	2	0.222222222222
0.0169655886024	0.296774193548	8	1	24	0	2	0.2
0.0191412065473	0.297849462366	9	1	24	0	2	0.181818181818
0.0202106802077	0.298924731183	10	1	24	0	2	0.166666666667
0.0219287882893	0.3	11	1	24	0	2	0.153846153846
0.0223503437611	0.301075268817	12	1	24	0	2	0.142857142857
0.0224908407961	0.301075268817	13	1	24	0	2	0.133333333333
0.0277012875194	0.302150537634	14	1	24	0	2	0.125
0.033374105421	0.303225806452	15	1	24	0	2	0.117647058824
0.0341136137063	0.304301075269	16	1	24	0	2	0.111111111111
0.0352672952295	0.305376344086	17	1	24	0	2	0.105263157895
0.0361572740807	0.306451612903	18	1	24	0	2	0.1
0.0408073230869	0.30752688172	19	1	24	0	2	0.0952380952381
0.0414054129549	0.308602150538	20	1	24	0	2	0.0909090909091
0.0416294387003	0.309677419355	21	1	24	0	2	0.0869565217391
0.0418489639399	0.310752688172	22	1	24	0	2	0.0833333333333
0.042715569203	0.311827956989	23	1	24	0	2	0.08
0.0455966577819	0.312903225806	24	1	24	0	2	0.0769230769231
0.0473257912627	0.312903225806	25	1	24	0	2	0.0740740740741
0.0486537276003	0.312903225806	26	1	24	0	2	0.0714285714286
0.0497488533357	0.281720430108	26	2	69	0	31	0.543859649123
0.0520533016838	0.278494623656	26	3	9	0	34	0.566666666667
0.055432056764	0.279569892473	27	3	9	0	34	0.55737704918
0.0610612938399	0.28064516129	28	3	9	0	34	0.548387096774
0.0619956928829	0.281720430108	29	3	9	0	34	0.539682539683
