# time 	 divergence 	 # of mutations 	 # IGC chances 	 IGC length 	 # IGC failures 	 Changes due to IGC  	 % change due to IGC 
0.0	0.56530214425	0	0	0	0	0	0.0
0.000847407467642	0.566276803119	1	0	0	0	0	0.0
0.00132126580395	0.566276803119	2	0	0	0	0	0.0
0.0042582200811	0.566276803119	3	0	0	0	0	0.0
0.00682903175748	0.567251461988	4	0	0	0	0	0.0
0.00726932407104	0.568226120858	5	0	0	0	0	0.0
0.00793607576866	0.569200779727	6	0	0	0	0	0.0
0.0121445966311	0.568226120858	7	0	0	0	0	0.0
0.0121780131628	0.569200779727	8	0	0	0	0	0.0
0.0127314272742	0.568226120858	9	0	0	0	0	0.0
0.0157246329671	0.569200779727	10	0	0	0	0	0.0
0.0183722967415	0.570175438596	11	0	0	0	0	0.0
0.0188635246917	0.570175438596	12	0	0	0	0	0.0
0.0222083251302	0.570175438596	13	0	0	0	0	0.0
0.0225184944246	0.571150097466	14	0	0	0	0	0.0
0.0225604340065	0.571150097466	15	0	0	0	0	0.0
0.0240369023909	0.572124756335	16	0	0	0	0	0.0
0.0248272925975	0.572124756335	17	0	0	0	0	0.0
0.0252691422709	0.571150097466	18	0	0	0	0	0.0
0.025534064574	0.570175438596	19	0	0	0	0	0.0
0.0276034211713	0.570175438596	20	0	0	0	0	0.0
0.0290984418414	0.568226120858	20	1	3	0	2	0.0909090909091
0.029583220787	0.567251461988	21	1	3	0	2	0.0869565217391
0.0368972297552	0.567251461988	22	1	3	0	2	0.0833333333333
0.0374768412522	0.568226120858	23	1	3	0	2	0.08
0.0392652768861	0.568226120858	24	1	3	0	2	0.0769230769231
0.0393713522047	0.569200779727	25	1	3	0	2	0.0740740740741
0.041383895274	0.569200779727	26	1	3	0	2	0.0714285714286
0.0418770708904	0.570175438596	27	1	3	0	2	0.0689655172414
0.0438533627805	0.569200779727	28	1	3	0	2	0.0666666666667
0.0440649003925	0.568226120858	29	1	3	0	2	0.0645161290323
0.0444154152904	0.568226120858	30	1	3	0	2	0.0625
0.045541509242	0.567251461988	31	1	3	0	2	0.0606060606061
0.0467414066206	0.567251461988	32	1	3	0	2	0.0588235294118
0.0492876331413	0.568226120858	33	1	3	0	2	0.0571428571429
0.0513539256954	0.567251461988	34	1	3	0	2	0.0555555555556
0.0520528762067	0.551656920078	34	2	33	0	18	0.346153846154
0.0526900498572	0.552631578947	35	2	33	0	18	0.339622641509
0.0529749061306	0.553606237817	36	2	33	0	18	0.333333333333
