# time 	 divergence 	 # of mutations 	 # IGC chances 	 IGC length 	 # IGC failures 	 Changes due to IGC  	 % change due to IGC 
0.0	0.247563352827	0	0	0	0	0	0.0
0.00159880617019	0.248538011696	1	0	0	0	0	0.0
0.00414054183518	0.249512670565	2	0	0	0	0	0.0
0.00454244401965	0.250487329435	3	0	0	0	0	0.0
0.00941141278771	0.251461988304	4	0	0	0	0	0.0
0.00941280582782	0.252436647173	5	0	0	0	0	0.0
0.0100684104696	0.253411306043	6	0	0	0	0	0.0
0.0117336005446	0.254385964912	7	0	0	0	0	0.0
0.0118852640615	0.254385964912	8	0	0	0	0	0.0
0.0136752913315	0.255360623782	9	0	0	0	0	0.0
0.0145210320285	0.256335282651	10	0	0	0	0	0.0
0.0174589567398	0.256335282651	11	0	0	0	0	0.0
0.01857299246	0.25730994152	12	0	0	0	0	0.0
0.0195085558429	0.25730994152	13	0	0	0	0	0.0
0.0205736756765	0.25828460039	14	0	0	0	0	0.0
0.0239280669611	0.259259259259	15	0	0	0	0	0.0
0.024283675586	0.260233918129	16	0	0	0	0	0.0
0.0256340106455	0.261208576998	17	0	0	0	0	0.0
0.0258240296142	0.262183235867	18	0	0	0	0	0.0
0.0277876738293	0.263157894737	19	0	0	0	0	0.0
0.0286264782883	0.264132553606	20	0	0	0	0	0.0
0.0294823778368	0.265107212476	21	0	0	0	0	0.0
0.0304990794812	0.265107212476	22	0	0	0	0	0.0
0.0311963432352	0.266081871345	23	0	0	0	0	0.0
0.0316347959094	0.266081871345	24	0	0	0	0	0.0
