# time 	 divergence 	 # of mutations 	 # IGC chances 	 IGC length 	 # IGC failures 	 Changes due to IGC  	 % change due to IGC 
0.0	0.0204498977505	0	0	0	0	0	0.0
0.000783789269914	0.0224948875256	1	0	0	0	0	0.0
0.00239857280403	0.0245398773006	2	0	0	0	0	0.0
0.00503864395492	0.0265848670757	3	0	0	0	0	0.0
0.00534988697939	0.0286298568507	4	0	0	0	0	0.0
0.00762470557433	0.0306748466258	5	0	0	0	0	0.0
0.0200283422911	0.0327198364008	6	0	0	0	0	0.0
0.0216829568767	0.0347648261759	7	0	0	0	0	0.0
0.023352237238	0.0368098159509	8	0	0	0	0	0.0
0.031798931207	0.038854805726	9	0	0	0	0	0.0
0.0352705630972	0.040899795501	10	0	0	0	0	0.0
0.0368331620881	0.0429447852761	11	0	0	0	0	0.0
0.0391770889627	0.0449897750511	12	0	0	0	0	0.0
0.04232975346	0.0470347648262	13	0	0	0	0	0.0
0.04306577574	0.0490797546012	14	0	0	0	0	0.0
0.04611022073	0.0511247443763	15	0	0	0	0	0.0
0.0515891316633	0.0531697341513	16	0	0	0	0	0.0
0.0535857076343	0.0552147239264	17	0	0	0	0	0.0
0.0569443294739	0.0572597137014	18	0	0	0	0	0.0
0.0603476719995	0.0593047034765	19	0	0	0	0	0.0
0.0663329468149	0.0613496932515	20	0	0	0	0	0.0
0.0668133902274	0.0633946830266	21	0	0	0	0	0.0
0.0682661301909	0.0654396728016	22	0	0	0	0	0.0
0.0723720626598	0.0674846625767	23	0	0	0	0	0.0
0.0739473410116	0.0695296523517	24	0	0	0	0	0.0
0.0817290163962	0.0715746421268	25	0	0	0	0	0.0
0.0848079168295	0.0736196319018	26	0	0	0	0	0.0
0.0857108226485	0.0756646216769	27	0	0	0	0	0.0
0.0891552612614	0.0777096114519	28	0	0	0	0	0.0
0.0892665614456	0.0777096114519	29	0	0	0	0	0.0
0.091908779392	0.079754601227	30	0	0	0	0	0.0
0.0947028800659	0.081799591002	31	0	0	0	0	0.0
0.0968869872979	0.0838445807771	32	0	0	0	0	0.0
0.100671439213	0.0858895705521	33	0	0	0	0	0.0
0.108393712786	0.0879345603272	34	0	0	0	0	0.0
0.115345782046	0.0899795501022	35	0	0	0	0	0.0
0.11657992652	0.0920245398773	36	0	0	0	0	0.0
0.122049699544	0.0940695296524	37	0	0	0	0	0.0
0.125706164238	0.0961145194274	38	0	0	0	0	0.0
0.128680795187	0.0981595092025	39	0	0	0	0	0.0
0.131737288847	0.100204498978	40	0	0	0	0	0.0
0.132153082453	0.102249488753	41	0	0	0	0	0.0
0.133499963143	0.104294478528	42	0	0	0	0	0.0
0.13587692872	0.0306748466258	42	1	339	0	36	0.461538461538
0.136577126113	0.0	42	2	489	0	51	0.548387096774
0.136880536698	0.00204498977505	43	2	489	0	51	0.542553191489
0.138856168211	0.0040899795501	44	2	489	0	51	0.536842105263
0.140460217568	0.00613496932515	45	2	489	0	51	0.53125
0.14279620873	0.0081799591002	46	2	489	0	51	0.525773195876
0.153606166544	0.0102249488753	47	2	489	0	51	0.520408163265
0.154882475715	0.0122699386503	48	2	489	0	51	0.515151515152
0.163062106129	0.0143149284254	49	2	489	0	51	0.51
0.164059352747	0.0163599182004	50	2	489	0	51	0.50495049505
0.165499927111	0.0184049079755	51	2	489	0	51	0.5
0.167978320542	0.0204498977505	52	2	489	0	51	0.495145631068
0.173550816856	0.0224948875256	53	2	489	0	51	0.490384615385
0.175723930795	0.0245398773006	54	2	489	0	51	0.485714285714
0.182570897648	0.0265848670757	55	2	489	0	51	0.481132075472
0.182747710133	0.0286298568507	56	2	489	0	51	0.476635514019
0.183817105746	0.0306748466258	57	2	489	0	51	0.472222222222
0.185607186286	0.0327198364008	58	2	489	0	51	0.467889908257
0.185840746289	0.0306748466258	59	2	489	0	51	0.463636363636
0.187515404307	0.0327198364008	60	2	489	0	51	0.459459459459
0.187582167494	0.0347648261759	61	2	489	0	51	0.455357142857
0.192804703782	0.0368098159509	62	2	489	0	51	0.451327433628
0.194484240287	0.0122699386503	62	3	339	0	63	0.504
0.195633905377	0.0143149284254	63	3	339	0	63	0.5
0.197129333781	0.0163599182004	64	3	339	0	63	0.496062992126
0.197807611092	0.0184049079755	65	3	339	0	63	0.4921875
0.199379972002	0.0204498977505	66	3	339	0	63	0.488372093023
0.200218778051	0.0204498977505	66	4	54	0	63	0.488372093023
0.200347397938	0.0224948875256	67	4	54	0	63	0.484615384615
0.200882946057	0.0245398773006	68	4	54	0	63	0.480916030534
0.204197657186	0.0265848670757	69	4	54	0	63	0.477272727273
0.205466081781	0.0286298568507	70	4	54	0	63	0.473684210526
0.20628222265	0.0306748466258	71	4	54	0	63	0.470149253731
0.210971258093	0.0	71	5	489	0	78	0.523489932886
0.213977991736	0.00204498977505	72	5	489	0	78	0.52
0.214747934752	0.0040899795501	73	5	489	0	78	0.516556291391
