# time 	 divergence 	 # of mutations 	 # IGC chances 	 IGC length 	 # IGC failures 	 Changes due to IGC  	 % change due to IGC 
0.0	0.327198364008	0	0	0	0	0	0.0
0.00289273669751	0.329243353783	1	0	0	0	0	0.0
0.0071044660281	0.331288343558	2	0	0	0	0	0.0
0.00751280289323	0.333333333333	3	0	0	0	0	0.0
0.00969501101721	0.335378323108	4	0	0	0	0	0.0
0.00974023260563	0.337423312883	5	0	0	0	0	0.0
0.0154860088792	0.339468302658	6	0	0	0	0	0.0
0.0183540106749	0.341513292434	7	0	0	0	0	0.0
0.0200670444998	0.343558282209	8	0	0	0	0	0.0
0.0223383380966	0.345603271984	9	0	0	0	0	0.0
0.027399311868	0.347648261759	10	0	0	0	0	0.0
0.0308259019491	0.349693251534	11	0	0	0	0	0.0
0.0311032425394	0.351738241309	12	0	0	0	0	0.0
0.0325759825619	0.353783231084	13	0	0	0	0	0.0
0.0328770684617	0.353783231084	14	0	0	0	0	0.0
0.0341011682836	0.353783231084	15	0	0	0	0	0.0
0.0365332725933	0.355828220859	16	0	0	0	0	0.0
0.0382255813326	0.357873210634	17	0	0	0	0	0.0
0.0423296079874	0.359918200409	18	0	0	0	0	0.0
0.0424831184669	0.361963190184	19	0	0	0	0	0.0
0.0461574123816	0.359918200409	20	0	0	0	0	0.0
0.0461798965563	0.357873210634	21	0	0	0	0	0.0
0.0478395785546	0.359918200409	22	0	0	0	0	0.0
0.0528196311406	0.361963190184	23	0	0	0	0	0.0
0.0544899774251	0.359918200409	24	0	0	0	0	0.0
0.0574815087245	0.357873210634	25	0	0	0	0	0.0
0.0579535786738	0.359918200409	26	0	0	0	0	0.0
