# time 	 divergence 	 # of mutations 	 # IGC chances 	 IGC length 	 # IGC failures 	 Changes due to IGC  	 % change due to IGC 
0.0	0.582846003899	0	0	0	0	0	0.0
0.000866519123926	0.582846003899	1	0	0	0	0	0.0
0.00208586327446	0.583820662768	2	0	0	0	0	0.0
0.00542998088295	0.584795321637	3	0	0	0	0	0.0
0.00543254111931	0.585769980507	4	0	0	0	0	0.0
0.00717263032577	0.586744639376	5	0	0	0	0	0.0
0.00777735466198	0.585769980507	6	0	0	0	0	0.0
0.00967813720226	0.585769980507	7	0	0	0	0	0.0
0.0131722611837	0.584795321637	8	0	0	0	0	0.0
0.0165436114898	0.584795321637	9	0	0	0	0	0.0
0.0166199269733	0.584795321637	10	0	0	0	0	0.0
0.0175809839535	0.583820662768	11	0	0	0	0	0.0
0.017764192021	0.583820662768	12	0	0	0	0	0.0
0.0194636222828	0.584795321637	13	0	0	0	0	0.0
0.0215935020451	0.584795321637	14	0	0	0	0	0.0
0.0216651493823	0.584795321637	15	0	0	0	0	0.0
0.0220552420417	0.585769980507	16	0	0	0	0	0.0
0.0220613518406	0.586744639376	17	0	0	0	0	0.0
0.0237832397862	0.585769980507	18	0	0	0	0	0.0
0.024325048566	0.586744639376	19	0	0	0	0	0.0
0.0243260950548	0.587719298246	20	0	0	0	0	0.0
0.0253748144376	0.586744639376	21	0	0	0	0	0.0
0.0273797975342	0.586744639376	22	0	0	0	0	0.0
0.0306798397772	0.587719298246	23	0	0	0	0	0.0
0.0377245210146	0.588693957115	24	0	0	0	0	0.0
0.0383724948773	0.588693957115	25	0	0	0	0	0.0
0.0385907082638	0.587719298246	26	0	0	0	0	0.0
0.0390338348244	0.588693957115	27	0	0	0	0	0.0
0.0416266382778	0.588693957115	28	0	0	0	0	0.0
0.0420453175713	0.589668615984	29	0	0	0	0	0.0
0.0444446890083	0.589668615984	30	0	0	0	0	0.0
0.0448514468552	0.589668615984	31	0	0	0	0	0.0
0.0450572690289	0.590643274854	32	0	0	0	0	0.0
0.04513170829	0.589668615984	33	0	0	0	0	0.0
0.0457959452753	0.588693957115	34	0	0	0	0	0.0
0.045951044522	0.589668615984	35	0	0	0	0	0.0
0.0489993521085	0.590643274854	36	0	0	0	0	0.0
0.0521750494737	0.591617933723	37	0	0	0	0	0.0
0.0528063220223	0.591617933723	38	0	0	0	0	0.0
0.0545668513131	0.591617933723	39	0	0	0	0	0.0
0.0553957097348	0.590643274854	40	0	0	0	0	0.0
0.0577807058098	0.591617933723	41	0	0	0	0	0.0
0.0580290844148	0.592592592593	42	0	0	0	0	0.0
0.061546880379	0.591617933723	43	0	0	0	0	0.0
0.0622093108947	0.590643274854	44	0	0	0	0	0.0
0.0637745334192	0.589668615984	45	0	0	0	0	0.0
0.0665866837852	0.590643274854	46	0	0	0	0	0.0
0.0671517971188	0.590643274854	47	0	0	0	0	0.0
0.0671752213961	0.589668615984	48	0	0	0	0	0.0
0.0683796984214	0.588693957115	49	0	0	0	0	0.0
0.0687567233005	0.588693957115	50	0	0	0	0	0.0
0.0714702623063	0.588693957115	51	0	0	0	0	0.0
0.0725942950747	0.587719298246	52	0	0	0	0	0.0
0.0754962030954	0.588693957115	53	0	0	0	0	0.0
0.0826189464641	0.587719298246	54	0	0	0	0	0.0
0.0848437655599	0.587719298246	55	0	0	0	0	0.0
0.0863023009197	0.588693957115	56	0	0	0	0	0.0
0.089903270535	0.587719298246	57	0	0	0	0	0.0
0.0911634972748	0.587719298246	58	0	0	0	0	0.0
0.0926748849029	0.587719298246	59	0	0	0	0	0.0
0.0933378133465	0.588693957115	60	0	0	0	0	0.0
0.0961272463711	0.587719298246	61	0	0	0	0	0.0
0.0989081210281	0.587719298246	62	0	0	0	0	0.0
0.100504647713	0.588693957115	63	0	0	0	0	0.0
0.102383837275	0.589668615984	64	0	0	0	0	0.0
0.10463273843	0.590643274854	65	0	0	0	0	0.0
0.109553064793	0.590643274854	66	0	0	0	0	0.0
0.110356331798	0.590643274854	67	0	0	0	0	0.0
0.110849331509	0.591617933723	68	0	0	0	0	0.0
0.111041817291	0.591617933723	69	0	0	0	0	0.0
0.111358505912	0.591617933723	70	0	0	0	0	0.0
0.111716278988	0.590643274854	71	0	0	0	0	0.0
0.112386334213	0.589668615984	72	0	0	0	0	0.0
0.112619579189	0.590643274854	73	0	0	0	0	0.0
0.112825627314	0.590643274854	74	0	0	0	0	0.0
0.114743907303	0.589668615984	75	0	0	0	0	0.0
0.117792501414	0.589668615984	76	0	0	0	0	0.0
0.119122844664	0.588693957115	77	0	0	0	0	0.0
0.119189573926	0.587719298246	78	0	0	0	0	0.0
0.12100048162	0.587719298246	79	0	0	0	0	0.0
0.122089918444	0.588693957115	80	0	0	0	0	0.0
0.122278515815	0.588693957115	81	0	0	0	0	0.0
0.122789824141	0.587719298246	82	0	0	0	0	0.0
0.123929141375	0.588693957115	83	0	0	0	0	0.0
0.125896391705	0.587719298246	84	0	0	0	0	0.0
0.128832795883	0.588693957115	85	0	0	0	0	0.0
0.129170298797	0.588693957115	86	0	0	0	0	0.0
0.138537991655	0.589668615984	87	0	0	0	0	0.0
0.140767138839	0.590643274854	88	0	0	0	0	0.0
0.145387380396	0.590643274854	89	0	0	0	0	0.0
0.14589090626	0.591617933723	90	0	0	0	0	0.0
0.148405329047	0.591617933723	91	0	0	0	0	0.0
0.149323297248	0.591617933723	92	0	0	0	0	0.0
0.149690990869	0.592592592593	93	0	0	0	0	0.0
0.152942725725	0.592592592593	94	0	0	0	0	0.0
0.15394094375	0.593567251462	95	0	0	0	0	0.0
0.154123354672	0.592592592593	96	0	0	0	0	0.0
0.154357694072	0.592592592593	97	0	0	0	0	0.0
0.155456594206	0.593567251462	98	0	0	0	0	0.0
0.156393530274	0.594541910331	99	0	0	0	0	0.0
0.157373327855	0.593567251462	100	0	0	0	0	0.0
0.158822821654	0.592592592593	101	0	0	0	0	0.0
0.159045380948	0.592592592593	102	0	0	0	0	0.0
0.159926468449	0.593567251462	103	0	0	0	0	0.0
0.16084318205	0.593567251462	104	0	0	0	0	0.0
0.164044274281	0.594541910331	105	0	0	0	0	0.0
0.164153681962	0.594541910331	106	0	0	0	0	0.0
0.168117305064	0.594541910331	107	0	0	0	0	0.0
0.168887327044	0.595516569201	108	0	0	0	0	0.0
0.170805693935	0.595516569201	109	0	0	0	0	0.0
0.170917799685	0.595516569201	110	0	0	0	0	0.0
0.175399843689	0.59649122807	111	0	0	0	0	0.0
0.176679386113	0.59649122807	112	0	0	0	0	0.0
0.179432766127	0.59649122807	113	0	0	0	0	0.0
0.18095635099	0.59649122807	114	0	0	0	0	0.0
0.181468134126	0.595516569201	115	0	0	0	0	0.0
0.183989524573	0.59649122807	116	0	0	0	0	0.0
0.184875028584	0.595516569201	117	0	0	0	0	0.0
0.185652582843	0.595516569201	118	0	0	0	0	0.0
0.190793399303	0.594541910331	119	0	0	0	0	0.0
0.190891816389	0.594541910331	120	0	0	0	0	0.0
0.192411425017	0.593567251462	121	0	0	0	0	0.0
0.193632738454	0.593567251462	122	0	0	0	0	0.0
0.194352297978	0.594541910331	123	0	0	0	0	0.0
0.194908831872	0.594541910331	124	0	0	0	0	0.0
0.195049433398	0.593567251462	125	0	0	0	0	0.0
0.196868684283	0.594541910331	126	0	0	0	0	0.0
0.198163882059	0.595516569201	127	0	0	0	0	0.0
0.198644939005	0.595516569201	128	0	0	0	0	0.0
0.199110022331	0.59649122807	129	0	0	0	0	0.0
0.200376938746	0.59649122807	130	0	0	0	0	0.0
0.201523722038	0.595516569201	131	0	0	0	0	0.0
0.201923996182	0.595516569201	132	0	0	0	0	0.0
0.203866423278	0.59649122807	133	0	0	0	0	0.0
0.208665012102	0.595516569201	134	0	0	0	0	0.0
0.208956527257	0.59649122807	135	0	0	0	0	0.0
0.209915773382	0.59649122807	136	0	0	0	0	0.0
0.210902405369	0.59746588694	137	0	0	0	0	0.0
0.211396088737	0.59649122807	138	0	0	0	0	0.0
0.214073333469	0.59649122807	139	0	0	0	0	0.0
0.215156139492	0.59746588694	140	0	0	0	0	0.0
0.220996829908	0.598440545809	141	0	0	0	0	0.0
0.221722573936	0.598440545809	142	0	0	0	0	0.0
0.222769913868	0.599415204678	143	0	0	0	0	0.0
0.224814332483	0.599415204678	144	0	0	0	0	0.0
0.225716153475	0.600389863548	145	0	0	0	0	0.0
0.22642438067	0.601364522417	146	0	0	0	0	0.0
0.22842300984	0.601364522417	147	0	0	0	0	0.0
0.229667092011	0.600389863548	148	0	0	0	0	0.0
0.229815316776	0.599415204678	149	0	0	0	0	0.0
0.230730642687	0.598440545809	150	0	0	0	0	0.0
0.232808213653	0.599415204678	151	0	0	0	0	0.0
0.233893443643	0.599415204678	152	0	0	0	0	0.0
0.23448801882	0.600389863548	153	0	0	0	0	0.0
0.235068187376	0.601364522417	154	0	0	0	0	0.0
0.237844104583	0.601364522417	155	0	0	0	0	0.0
0.238902975637	0.600389863548	156	0	0	0	0	0.0
0.239314806486	0.600389863548	157	0	0	0	0	0.0
0.23970430317	0.600389863548	158	0	0	0	0	0.0
0.239730156291	0.601364522417	159	0	0	0	0	0.0
0.240702342127	0.600389863548	160	0	0	0	0	0.0
0.241615143891	0.601364522417	161	0	0	0	0	0.0
0.242830489327	0.600389863548	162	0	0	0	0	0.0
0.244348253082	0.600389863548	163	0	0	0	0	0.0
0.244568710022	0.601364522417	164	0	0	0	0	0.0
0.244849779622	0.602339181287	165	0	0	0	0	0.0
0.252822446712	0.601364522417	166	0	0	0	0	0.0
0.256746798428	0.602339181287	167	0	0	0	0	0.0
0.257659667384	0.603313840156	168	0	0	0	0	0.0
0.258846972395	0.603313840156	169	0	0	0	0	0.0
0.260169360488	0.603313840156	170	0	0	0	0	0.0
0.262566378188	0.603313840156	171	0	0	0	0	0.0
0.263885057794	0.604288499025	172	0	0	0	0	0.0
0.264391401503	0.605263157895	173	0	0	0	0	0.0
0.264588309175	0.604288499025	174	0	0	0	0	0.0
0.264654733386	0.605263157895	175	0	0	0	0	0.0
0.264795256923	0.606237816764	176	0	0	0	0	0.0
0.266971353172	0.607212475634	177	0	0	0	0	0.0
0.268397573262	0.607212475634	178	0	0	0	0	0.0
0.269202759855	0.608187134503	179	0	0	0	0	0.0
0.271276410153	0.609161793372	180	0	0	0	0	0.0
0.27142442272	0.610136452242	181	0	0	0	0	0.0
0.27298926564	0.610136452242	182	0	0	0	0	0.0
0.277227359331	0.609161793372	183	0	0	0	0	0.0
0.27909960324	0.609161793372	184	0	0	0	0	0.0
0.280389785288	0.609161793372	185	0	0	0	0	0.0
0.281172499301	0.609161793372	186	0	0	0	0	0.0
0.281175488531	0.610136452242	187	0	0	0	0	0.0
0.282700934	0.611111111111	188	0	0	0	0	0.0
0.283183704973	0.611111111111	189	0	0	0	0	0.0
0.283340397481	0.611111111111	190	0	0	0	0	0.0
0.284334602855	0.612085769981	191	0	0	0	0	0.0
0.285234715722	0.611111111111	192	0	0	0	0	0.0
0.285676568513	0.610136452242	193	0	0	0	0	0.0
0.285828242479	0.610136452242	194	0	0	0	0	0.0
0.28941622302	0.609161793372	195	0	0	0	0	0.0
0.290831928606	0.608187134503	196	0	0	0	0	0.0
0.291268844603	0.608187134503	197	0	0	0	0	0.0
0.291489050735	0.607212475634	198	0	0	0	0	0.0
0.291824731767	0.606237816764	199	0	0	0	0	0.0
0.294899489883	0.606237816764	200	0	0	0	0	0.0
0.296836480493	0.606237816764	201	0	0	0	0	0.0
0.296846458025	0.607212475634	202	0	0	0	0	0.0
0.299409482907	0.608187134503	203	0	0	0	0	0.0
0.300561631049	0.609161793372	204	0	0	0	0	0.0
0.301607886191	0.609161793372	205	0	0	0	0	0.0
0.308428932877	0.609161793372	206	0	0	0	0	0.0
0.310906708637	0.608187134503	207	0	0	0	0	0.0
0.311230079516	0.608187134503	208	0	0	0	0	0.0
0.31192771556	0.608187134503	209	0	0	0	0	0.0
0.313741669389	0.608187134503	210	0	0	0	0	0.0
0.314188527215	0.607212475634	211	0	0	0	0	0.0
0.316501999637	0.607212475634	212	0	0	0	0	0.0
0.317384003697	0.608187134503	213	0	0	0	0	0.0
0.318071101124	0.609161793372	214	0	0	0	0	0.0
0.319937250752	0.609161793372	215	0	0	0	0	0.0
0.320737693716	0.610136452242	216	0	0	0	0	0.0
0.320967923054	0.610136452242	217	0	0	0	0	0.0
0.321374879848	0.611111111111	218	0	0	0	0	0.0
0.32184254919	0.612085769981	219	0	0	0	0	0.0
0.321847421144	0.61306042885	220	0	0	0	0	0.0
0.322519763454	0.61306042885	221	0	0	0	0	0.0
0.323552307257	0.612085769981	222	0	0	0	0	0.0
0.324067007433	0.612085769981	223	0	0	0	0	0.0
0.324915104673	0.611111111111	224	0	0	0	0	0.0
0.325959207646	0.612085769981	225	0	0	0	0	0.0
0.327617903145	0.611111111111	226	0	0	0	0	0.0
0.329829954426	0.610136452242	227	0	0	0	0	0.0
0.330943344366	0.609161793372	228	0	0	0	0	0.0
0.332330792544	0.609161793372	229	0	0	0	0	0.0
0.332396626137	0.609161793372	230	0	0	0	0	0.0
0.333874966405	0.610136452242	231	0	0	0	0	0.0
0.336280867782	0.609161793372	232	0	0	0	0	0.0
0.338493895474	0.610136452242	233	0	0	0	0	0.0
0.339783381935	0.610136452242	234	0	0	0	0	0.0
0.339994164421	0.609161793372	235	0	0	0	0	0.0
0.34040561595	0.608187134503	236	0	0	0	0	0.0
0.342526274785	0.607212475634	237	0	0	0	0	0.0
0.342966556375	0.607212475634	238	0	0	0	0	0.0
0.343315945666	0.608187134503	239	0	0	0	0	0.0
0.346751880276	0.609161793372	240	0	0	0	0	0.0
0.347521293782	0.608187134503	241	0	0	0	0	0.0
0.347552101727	0.609161793372	242	0	0	0	0	0.0
0.349283596378	0.609161793372	243	0	0	0	0	0.0
0.349373344021	0.610136452242	244	0	0	0	0	0.0
0.350860136549	0.611111111111	245	0	0	0	0	0.0
0.356111061331	0.611111111111	246	0	0	0	0	0.0
0.35641655777	0.612085769981	247	0	0	0	0	0.0
0.357159712461	0.61306042885	248	0	0	0	0	0.0
0.358605637823	0.61306042885	249	0	0	0	0	0.0
0.359793851304	0.614035087719	250	0	0	0	0	0.0
0.360115038603	0.614035087719	251	0	0	0	0	0.0
0.360501533894	0.61306042885	252	0	0	0	0	0.0
0.361891926645	0.61306042885	253	0	0	0	0	0.0
0.362171257498	0.614035087719	254	0	0	0	0	0.0
0.362804479286	0.61306042885	255	0	0	0	0	0.0
0.363430176382	0.614035087719	256	0	0	0	0	0.0
0.367247663243	0.615009746589	257	0	0	0	0	0.0
0.370263789348	0.615009746589	258	0	0	0	0	0.0
0.372234360812	0.614035087719	259	0	0	0	0	0.0
0.373163496738	0.615009746589	260	0	0	0	0	0.0
0.373446244825	0.615984405458	261	0	0	0	0	0.0
0.37355065356	0.615009746589	262	0	0	0	0	0.0
0.374313124325	0.615984405458	263	0	0	0	0	0.0
0.375359122883	0.616959064327	264	0	0	0	0	0.0
0.378399789549	0.617933723197	265	0	0	0	0	0.0
0.37879899929	0.618908382066	266	0	0	0	0	0.0
0.379641196527	0.618908382066	267	0	0	0	0	0.0
0.381971624413	0.618908382066	268	0	0	0	0	0.0
0.383524499564	0.617933723197	269	0	0	0	0	0.0
0.38494490779	0.617933723197	270	0	0	0	0	0.0
0.386175440374	0.617933723197	271	0	0	0	0	0.0
0.38843652671	0.616959064327	272	0	0	0	0	0.0
0.390021737516	0.617933723197	273	0	0	0	0	0.0
0.391615463922	0.616959064327	274	0	0	0	0	0.0
0.39485790044	0.615984405458	275	0	0	0	0	0.0
0.397444748388	0.615984405458	276	0	0	0	0	0.0
0.3989548153	0.615984405458	277	0	0	0	0	0.0
0.399424931671	0.615009746589	278	0	0	0	0	0.0
0.400394991771	0.615009746589	279	0	0	0	0	0.0
0.400551217689	0.615009746589	280	0	0	0	0	0.0
0.404950299806	0.614035087719	281	0	0	0	0	0.0
0.40534089802	0.615009746589	282	0	0	0	0	0.0
0.406453981725	0.615009746589	283	0	0	0	0	0.0
0.412967584458	0.615009746589	284	0	0	0	0	0.0
0.413058628284	0.615009746589	285	0	0	0	0	0.0
0.41311205791	0.614035087719	286	0	0	0	0	0.0
0.41444270797	0.615009746589	287	0	0	0	0	0.0
0.415217164394	0.614035087719	288	0	0	0	0	0.0
0.41586244893	0.61306042885	289	0	0	0	0	0.0
0.418148594172	0.614035087719	290	0	0	0	0	0.0
0.420898548946	0.614035087719	291	0	0	0	0	0.0
0.421745017247	0.614035087719	292	0	0	0	0	0.0
0.422607768752	0.61306042885	293	0	0	0	0	0.0
0.42341155884	0.61306042885	294	0	0	0	0	0.0
0.427084301485	0.612085769981	295	0	0	0	0	0.0
0.428112944505	0.612085769981	296	0	0	0	0	0.0
0.429838018285	0.611111111111	297	0	0	0	0	0.0
0.433786481703	0.611111111111	298	0	0	0	0	0.0
0.433903289994	0.611111111111	299	0	0	0	0	0.0
0.434122395596	0.610136452242	300	0	0	0	0	0.0
0.435870083694	0.611111111111	301	0	0	0	0	0.0
0.43600910961	0.612085769981	302	0	0	0	0	0.0
0.436412241739	0.612085769981	303	0	0	0	0	0.0
0.436418264088	0.612085769981	304	0	0	0	0	0.0
0.437497883074	0.611111111111	305	0	0	0	0	0.0
0.439776706096	0.610136452242	306	0	0	0	0	0.0
0.440324974872	0.609161793372	307	0	0	0	0	0.0
0.440531234841	0.609161793372	308	0	0	0	0	0.0
0.443618891333	0.609161793372	309	0	0	0	0	0.0
0.44441365553	0.609161793372	310	0	0	0	0	0.0
0.445178871187	0.608187134503	311	0	0	0	0	0.0
0.449667816334	0.609161793372	312	0	0	0	0	0.0
0.449932110282	0.609161793372	313	0	0	0	0	0.0
0.452435512174	0.610136452242	314	0	0	0	0	0.0
0.453851633386	0.610136452242	315	0	0	0	0	0.0
0.458807930936	0.611111111111	316	0	0	0	0	0.0
0.459467765505	0.611111111111	317	0	0	0	0	0.0
0.460209333369	0.611111111111	318	0	0	0	0	0.0
0.462636608529	0.612085769981	319	0	0	0	0	0.0
0.463839672918	0.612085769981	320	0	0	0	0	0.0
0.465156935806	0.611111111111	321	0	0	0	0	0.0
0.465799175597	0.612085769981	322	0	0	0	0	0.0
0.465992853275	0.612085769981	323	0	0	0	0	0.0
0.468089318625	0.612085769981	324	0	0	0	0	0.0
0.469084878389	0.611111111111	325	0	0	0	0	0.0
0.46965240258	0.612085769981	326	0	0	0	0	0.0
0.471468403656	0.61306042885	327	0	0	0	0	0.0
0.47316809897	0.61306042885	328	0	0	0	0	0.0
0.475011266133	0.614035087719	329	0	0	0	0	0.0
0.478086175558	0.614035087719	330	0	0	0	0	0.0
0.480925370595	0.615009746589	331	0	0	0	0	0.0
0.481546269818	0.615009746589	332	0	0	0	0	0.0
0.485025791139	0.614035087719	333	0	0	0	0	0.0
0.490256916181	0.615009746589	334	0	0	0	0	0.0
0.492561591683	0.615009746589	335	0	0	0	0	0.0
0.492835377468	0.615009746589	336	0	0	0	0	0.0
0.494277592969	0.615984405458	337	0	0	0	0	0.0
0.494659370715	0.615984405458	338	0	0	0	0	0.0
0.496960767618	0.615984405458	339	0	0	0	0	0.0
0.49791588034	0.615009746589	340	0	0	0	0	0.0
0.498163345907	0.615009746589	341	0	0	0	0	0.0
0.502261048303	0.615009746589	342	0	0	0	0	0.0
0.502932945529	0.615009746589	343	0	0	0	0	0.0
0.503826332654	0.615984405458	344	0	0	0	0	0.0
0.504460611639	0.615009746589	345	0	0	0	0	0.0
0.506311339047	0.614035087719	346	0	0	0	0	0.0
0.509051347455	0.615009746589	347	0	0	0	0	0.0
0.510591071358	0.615009746589	348	0	0	0	0	0.0
0.510630969388	0.614035087719	349	0	0	0	0	0.0
0.513538522249	0.61306042885	350	0	0	0	0	0.0
0.514831720052	0.614035087719	351	0	0	0	0	0.0
0.515893380976	0.615009746589	352	0	0	0	0	0.0
0.516020806357	0.614035087719	353	0	0	0	0	0.0
0.516328739794	0.615009746589	354	0	0	0	0	0.0
0.519314722481	0.615984405458	355	0	0	0	0	0.0
0.519772657275	0.615984405458	356	0	0	0	0	0.0
0.519945572882	0.615984405458	357	0	0	0	0	0.0
0.520031219973	0.615984405458	358	0	0	0	0	0.0
0.520213005041	0.616959064327	359	0	0	0	0	0.0
0.52023191866	0.617933723197	360	0	0	0	0	0.0
0.521075253335	0.617933723197	361	0	0	0	0	0.0
0.523675734632	0.616959064327	362	0	0	0	0	0.0
0.524886930098	0.617933723197	363	0	0	0	0	0.0
0.52711033255	0.617933723197	364	0	0	0	0	0.0
0.527190825862	0.617933723197	365	0	0	0	0	0.0
0.527381945166	0.617933723197	366	0	0	0	0	0.0
0.528114300598	0.618908382066	367	0	0	0	0	0.0
0.528410957992	0.618908382066	368	0	0	0	0	0.0
0.53373748115	0.618908382066	369	0	0	0	0	0.0
0.534102430446	0.619883040936	370	0	0	0	0	0.0
0.534600182752	0.620857699805	371	0	0	0	0	0.0
0.537393318012	0.621832358674	372	0	0	0	0	0.0
0.541721237613	0.621832358674	373	0	0	0	0	0.0
0.544718323378	0.621832358674	374	0	0	0	0	0.0
0.546533233281	0.620857699805	375	0	0	0	0	0.0
0.55074117364	0.621832358674	376	0	0	0	0	0.0
0.552559744974	0.620857699805	377	0	0	0	0	0.0
0.553702816934	0.619883040936	378	0	0	0	0	0.0
0.554506684879	0.619883040936	379	0	0	0	0	0.0
0.555980296261	0.618908382066	380	0	0	0	0	0.0
0.557942819355	0.618908382066	381	0	0	0	0	0.0
0.560884881013	0.618908382066	382	0	0	0	0	0.0
0.561159267094	0.618908382066	383	0	0	0	0	0.0
0.561236649234	0.618908382066	384	0	0	0	0	0.0
0.562323781132	0.618908382066	385	0	0	0	0	0.0
0.562589620686	0.617933723197	386	0	0	0	0	0.0
0.562734083145	0.618908382066	387	0	0	0	0	0.0
0.563753913825	0.619883040936	388	0	0	0	0	0.0
0.565095941301	0.618908382066	389	0	0	0	0	0.0
0.565368452523	0.619883040936	390	0	0	0	0	0.0
0.568484541472	0.618908382066	391	0	0	0	0	0.0
0.572195006481	0.619883040936	392	0	0	0	0	0.0
0.573641852017	0.620857699805	393	0	0	0	0	0.0
0.581174291987	0.619883040936	394	0	0	0	0	0.0
0.584522318738	0.619883040936	395	0	0	0	0	0.0
0.588251836063	0.620857699805	396	0	0	0	0	0.0
0.588290573215	0.619883040936	397	0	0	0	0	0.0
0.588907416482	0.619883040936	398	0	0	0	0	0.0
0.58921331113	0.619883040936	399	0	0	0	0	0.0
0.58924731495	0.619883040936	400	0	0	0	0	0.0
0.593735197749	0.620857699805	401	0	0	0	0	0.0
0.595298332706	0.621832358674	402	0	0	0	0	0.0
0.595628586227	0.621832358674	403	0	0	0	0	0.0
0.595949207569	0.622807017544	404	0	0	0	0	0.0
0.600100892265	0.622807017544	405	0	0	0	0	0.0
0.602107639608	0.622807017544	406	0	0	0	0	0.0
0.603247235593	0.623781676413	407	0	0	0	0	0.0
0.608217073146	0.623781676413	408	0	0	0	0	0.0
0.608713430613	0.623781676413	409	0	0	0	0	0.0
0.608725763311	0.623781676413	410	0	0	0	0	0.0
0.610111744292	0.623781676413	411	0	0	0	0	0.0
0.61066914235	0.622807017544	412	0	0	0	0	0.0
0.61130633339	0.623781676413	413	0	0	0	0	0.0
0.615820935563	0.622807017544	414	0	0	0	0	0.0
0.618399015862	0.622807017544	415	0	0	0	0	0.0
0.619218356878	0.623781676413	416	0	0	0	0	0.0
0.620074378499	0.624756335283	417	0	0	0	0	0.0
0.624474188191	0.624756335283	418	0	0	0	0	0.0
0.624795619868	0.624756335283	419	0	0	0	0	0.0
0.628218481331	0.625730994152	420	0	0	0	0	0.0
0.628787251132	0.625730994152	421	0	0	0	0	0.0
0.630199298984	0.624756335283	422	0	0	0	0	0.0
0.630441369251	0.625730994152	423	0	0	0	0	0.0
0.630860277525	0.625730994152	424	0	0	0	0	0.0
0.630895071233	0.626705653021	425	0	0	0	0	0.0
0.631371838936	0.627680311891	426	0	0	0	0	0.0
0.634707432336	0.626705653021	427	0	0	0	0	0.0
0.637468056746	0.627680311891	428	0	0	0	0	0.0
0.641842341216	0.627680311891	429	0	0	0	0	0.0
0.64381795849	0.62865497076	430	0	0	0	0	0.0
0.644694923865	0.62962962963	431	0	0	0	0	0.0
0.645333985985	0.62962962963	432	0	0	0	0	0.0
0.647360380967	0.62962962963	433	0	0	0	0	0.0
0.647603889714	0.62962962963	434	0	0	0	0	0.0
0.649930917697	0.62865497076	435	0	0	0	0	0.0
0.652824485544	0.62865497076	436	0	0	0	0	0.0
0.654566367688	0.627680311891	437	0	0	0	0	0.0
0.655647660392	0.626705653021	438	0	0	0	0	0.0
0.656315171085	0.626705653021	439	0	0	0	0	0.0
0.661929617924	0.625730994152	440	0	0	0	0	0.0
0.662179615586	0.625730994152	441	0	0	0	0	0.0
0.66486290301	0.626705653021	442	0	0	0	0	0.0
0.665559342432	0.627680311891	443	0	0	0	0	0.0
0.666679604943	0.62865497076	444	0	0	0	0	0.0
0.666874385872	0.62962962963	445	0	0	0	0	0.0
0.667246444348	0.630604288499	446	0	0	0	0	0.0
