# time 	 divergence 	 # of mutations 	 # IGC chances 	 IGC length 	 # IGC failures 	 Changes due to IGC  	 % change due to IGC 
0.0	0.0163599182004	0	0	0	0	0	0.0
0.0025696037696	0.0184049079755	1	0	0	0	0	0.0
0.00958266269982	0.0204498977505	2	0	0	0	0	0.0
0.0154785984511	0.0224948875256	3	0	0	0	0	0.0
0.0169821334129	0.0245398773006	4	0	0	0	0	0.0
0.0187124797997	0.0265848670757	5	0	0	0	0	0.0
0.024321316415	0.0286298568507	6	0	0	0	0	0.0
0.0326205968473	0.0306748466258	7	0	0	0	0	0.0
0.0332134645272	0.0327198364008	8	0	0	0	0	0.0
0.0350418110565	0.0347648261759	9	0	0	0	0	0.0
0.0353291310667	0.0368098159509	10	0	0	0	0	0.0
0.0392703477459	0.038854805726	11	0	0	0	0	0.0
0.0418785246919	0.040899795501	12	0	0	0	0	0.0
0.0463734311885	0.0429447852761	13	0	0	0	0	0.0
0.0505614361771	0.0449897750511	14	0	0	0	0	0.0
0.0536156916669	0.0470347648262	15	0	0	0	0	0.0
0.0556582884185	0.0470347648262	16	0	0	0	0	0.0
0.0575412884165	0.0490797546012	17	0	0	0	0	0.0
0.0594754814754	0.0511247443763	18	0	0	0	0	0.0
0.060135717402	0.0531697341513	19	0	0	0	0	0.0
0.0602011059449	0.0511247443763	20	0	0	0	0	0.0
0.065529924207	0.0531697341513	21	0	0	0	0	0.0
0.0676193145205	0.0552147239264	22	0	0	0	0	0.0
0.0716721787228	0.0572597137014	23	0	0	0	0	0.0
0.0800382269808	0.0593047034765	24	0	0	0	0	0.0
0.0871073916396	0.0613496932515	25	0	0	0	0	0.0
0.0879219134908	0.0633946830266	26	0	0	0	0	0.0
0.0891123542827	0.0654396728016	27	0	0	0	0	0.0
0.0929951574198	0.0633946830266	28	0	0	0	0	0.0
0.093969907349	0.0654396728016	29	0	0	0	0	0.0
0.0946698553612	0.0633946830266	30	0	0	0	0	0.0
0.100390922684	0.0654396728016	31	0	0	0	0	0.0
0.103245934318	0.0674846625767	32	0	0	0	0	0.0
0.111280844694	0.0286298568507	32	1	276	0	19	0.372549019608
0.115919236766	0.0306748466258	33	1	276	0	19	0.365384615385
0.12542260829	0.0327198364008	34	1	276	0	19	0.358490566038
0.126374352313	0.0347648261759	35	1	276	0	19	0.351851851852
0.127747705019	0.0368098159509	36	1	276	0	19	0.345454545455
0.128637397294	0.0347648261759	37	1	276	0	19	0.339285714286
0.142650391106	0.0368098159509	38	1	276	0	19	0.333333333333
0.145000395845	0.038854805726	39	1	276	0	19	0.327586206897
0.147059080902	0.040899795501	40	1	276	0	19	0.322033898305
0.150909995241	0.0429447852761	41	1	276	0	19	0.316666666667
0.151373938706	0.0449897750511	42	1	276	0	19	0.311475409836
0.159474577126	0.0470347648262	43	1	276	0	19	0.306451612903
0.162708055412	0.0490797546012	44	1	276	0	19	0.301587301587
0.168344819032	0.0470347648262	45	1	276	0	19	0.296875
0.181712319072	0.0429447852761	45	2	33	0	21	0.318181818182
0.181747123076	0.0449897750511	46	2	33	0	21	0.313432835821
0.184698870328	0.0470347648262	47	2	33	0	21	0.308823529412
0.186563227679	0.0490797546012	48	2	33	0	21	0.304347826087
0.187123358058	0.0511247443763	49	2	33	0	21	0.3
0.187864228434	0.0531697341513	50	2	33	0	21	0.295774647887
0.18935731119	0.0552147239264	51	2	33	0	21	0.291666666667
0.197452637955	0.0572597137014	52	2	33	0	21	0.287671232877
0.204702746904	0.0593047034765	53	2	33	0	21	0.283783783784
