# time 	 divergence 	 # of mutations 	 # IGC chances 	 IGC length 	 # IGC failures 	 Changes due to IGC  	 % change due to IGC 
0.0	0.513645224172	0	0	0	0	0	0.0
0.00171175081708	0.514619883041	1	0	0	0	0	0.0
0.00241088690723	0.51559454191	2	0	0	0	0	0.0
0.00309549630738	0.514619883041	3	0	0	0	0	0.0
0.00786116251323	0.514619883041	4	0	0	0	0	0.0
0.00830024342058	0.51559454191	5	0	0	0	0	0.0
0.00886730133867	0.51656920078	6	0	0	0	0	0.0
0.00894769430526	0.517543859649	7	0	0	0	0	0.0
0.00935709531986	0.518518518519	8	0	0	0	0	0.0
0.0125541067082	0.517543859649	9	0	0	0	0	0.0
0.0133601142478	0.518518518519	10	0	0	0	0	0.0
0.0143174977635	0.518518518519	11	0	0	0	0	0.0
0.0144128994113	0.519493177388	12	0	0	0	0	0.0
0.0153751671332	0.520467836257	13	0	0	0	0	0.0
0.0170440659669	0.519493177388	14	0	0	0	0	0.0
0.0174586032568	0.519493177388	15	0	0	0	0	0.0
0.0176598945527	0.496101364522	15	1	45	0	24	0.615384615385
0.0177984274697	0.497076023392	16	1	45	0	24	0.6
0.0181792933491	0.497076023392	17	1	45	0	24	0.585365853659
0.0182304494732	0.497076023392	18	1	45	0	24	0.571428571429
0.0184167212919	0.498050682261	19	1	45	0	24	0.558139534884
0.019259071291	0.499025341131	20	1	45	0	24	0.545454545455
0.0258668317529	0.5	21	1	45	0	24	0.533333333333
0.0264156001515	0.499025341131	22	1	45	0	24	0.521739130435
0.0265749391513	0.5	23	1	45	0	24	0.510638297872
0.032269370226	0.500974658869	24	1	45	0	24	0.5
0.0344866335624	0.500974658869	25	1	45	0	24	0.489795918367
0.0345345995902	0.500974658869	26	1	45	0	24	0.48
0.0357419228404	0.5	27	1	45	0	24	0.470588235294
0.0364427952333	0.5	28	1	45	0	24	0.461538461538
0.0375219190351	0.5	29	1	45	0	24	0.452830188679
0.0386186390315	0.500974658869	30	1	45	0	24	0.444444444444
0.0393889402528	0.5	31	1	45	0	24	0.436363636364
0.0396403900217	0.5	32	1	45	0	24	0.428571428571
0.0400048137535	0.500974658869	33	1	45	0	24	0.421052631579
0.0405279911252	0.501949317739	34	1	45	0	24	0.413793103448
0.0409466031504	0.502923976608	35	1	45	0	24	0.406779661017
0.0419182865294	0.501949317739	36	1	45	0	24	0.4
0.0428480420787	0.501949317739	37	1	45	0	24	0.393442622951
0.0433646026538	0.502923976608	38	1	45	0	24	0.387096774194
0.0463436548977	0.502923976608	39	1	45	0	24	0.380952380952
0.0469903926979	0.502923976608	40	1	45	0	24	0.375
0.0483198560703	0.501949317739	41	1	45	0	24	0.369230769231
0.0513699932078	0.501949317739	42	1	45	0	24	0.363636363636
0.0541592479415	0.501949317739	43	1	45	0	24	0.358208955224
