# time 	 divergence 	 # of mutations 	 # IGC chances 	 IGC length 	 # IGC failures 	 Changes due to IGC  	 % change due to IGC 
0.0	0.543859649123	0	0	0	0	0	0.0
0.00120485193676	0.543859649123	0	1	3	0	0	0.0
0.00176566171487	0.544834307992	1	1	3	0	0	0.0
0.00268710498073	0.544834307992	2	1	3	0	0	0.0
0.0027731389476	0.543859649123	3	1	3	0	0	0.0
0.00396038536964	0.540935672515	3	2	3	0	3	0.5
0.00409304606755	0.541910331384	4	2	3	0	3	0.428571428571
0.00571586147252	0.542884990253	5	2	3	0	3	0.375
0.00924937915061	0.540935672515	5	3	3	0	5	0.5
0.00967652100383	0.540935672515	6	3	3	0	5	0.454545454545
0.0112892902581	0.540935672515	7	3	3	0	5	0.416666666667
0.0121021314573	0.541910331384	8	3	3	0	5	0.384615384615
0.0171696987832	0.541910331384	9	3	3	0	5	0.357142857143
0.0185808683662	0.540935672515	10	3	3	0	5	0.333333333333
0.0200187529597	0.540935672515	11	3	3	0	5	0.3125
0.021379196765	0.541910331384	12	3	3	0	5	0.294117647059
0.0220892319729	0.540935672515	13	3	3	0	5	0.277777777778
0.0229645100455	0.540935672515	14	3	3	0	5	0.263157894737
0.0241010368498	0.540935672515	15	3	3	0	5	0.25
0.024633386082	0.539961013645	16	3	3	0	5	0.238095238095
0.0288596742427	0.540935672515	17	3	3	0	5	0.227272727273
0.030243012602	0.540935672515	18	3	3	0	5	0.217391304348
0.0336849744182	0.540935672515	19	3	3	0	5	0.208333333333
0.0341019799526	0.540935672515	20	3	3	0	5	0.2
0.0356623657035	0.539961013645	21	3	3	0	5	0.192307692308
0.036021837199	0.539961013645	22	3	3	0	5	0.185185185185
0.0372372293143	0.539961013645	23	3	3	0	5	0.178571428571
0.0393912122505	0.539961013645	24	3	3	0	5	0.172413793103
0.0400214364356	0.538986354776	25	3	3	0	5	0.166666666667
0.0401200022618	0.539961013645	26	3	3	0	5	0.161290322581
0.040149428147	0.539961013645	27	3	3	0	5	0.15625
0.0411749517539	0.539961013645	28	3	3	0	5	0.151515151515
0.0470325180181	0.538986354776	29	3	3	0	5	0.147058823529
0.0489401807382	0.538986354776	30	3	3	0	5	0.142857142857
0.0497949047911	0.538011695906	30	4	3	0	6	0.166666666667
0.0500701044064	0.536062378168	30	5	3	0	8	0.210526315789
0.054837567314	0.535087719298	30	6	3	0	9	0.230769230769
0.0554423689124	0.535087719298	31	6	3	0	9	0.225
0.0609644712432	0.535087719298	32	6	3	0	9	0.219512195122
0.0615461632435	0.535087719298	33	6	3	0	9	0.214285714286
0.0620192364808	0.536062378168	34	6	3	0	9	0.209302325581
0.063857936236	0.534113060429	34	7	3	0	11	0.244444444444
0.0640136950675	0.535087719298	35	7	3	0	11	0.239130434783
0.0699374256772	0.535087719298	36	7	3	0	11	0.234042553191
0.0713430538885	0.533138401559	36	8	3	0	13	0.265306122449
0.07441543047	0.534113060429	37	8	3	0	13	0.26
0.0744579810198	0.533138401559	38	8	3	0	13	0.254901960784
0.0745317988028	0.53216374269	39	8	3	0	13	0.25
0.0757376683915	0.533138401559	40	8	3	0	13	0.245283018868
0.0762833183768	0.534113060429	41	8	3	0	13	0.240740740741
0.0766143968261	0.53216374269	41	9	3	0	15	0.267857142857
0.0776602480036	0.53216374269	42	9	3	0	15	0.263157894737
0.0786997266838	0.530214424951	42	10	3	0	17	0.28813559322
0.0798719816878	0.529239766082	43	10	3	0	17	0.283333333333
0.0825814387606	0.527290448343	43	11	3	0	19	0.306451612903
0.0838988435258	0.528265107212	44	11	3	0	19	0.301587301587
0.0841864801243	0.528265107212	45	11	3	0	19	0.296875
0.0843619829205	0.529239766082	46	11	3	0	19	0.292307692308
0.0870309921196	0.529239766082	47	11	3	0	19	0.287878787879
0.0875325566677	0.529239766082	47	12	3	0	19	0.287878787879
0.0875609056876	0.527290448343	47	13	3	0	21	0.308823529412
0.0888364881461	0.526315789474	48	13	3	0	21	0.304347826087
0.0904324044469	0.526315789474	49	13	3	0	21	0.3
0.0904377539196	0.527290448343	50	13	3	0	21	0.295774647887
0.0916727995956	0.527290448343	51	13	3	0	21	0.291666666667
0.0921762288919	0.528265107212	52	13	3	0	21	0.287671232877
0.0933378600713	0.528265107212	53	13	3	0	21	0.283783783784
0.0933411533686	0.529239766082	54	13	3	0	21	0.28
0.0945384034893	0.529239766082	55	13	3	0	21	0.276315789474
0.097929216097	0.530214424951	56	13	3	0	21	0.272727272727
0.0979794336716	0.531189083821	57	13	3	0	21	0.269230769231
0.10037220592	0.53216374269	58	13	3	0	21	0.26582278481
0.100784196007	0.529239766082	58	14	3	0	24	0.292682926829
0.103401228471	0.529239766082	58	15	3	0	24	0.292682926829
0.106305821188	0.530214424951	59	15	3	0	24	0.289156626506
0.109315457581	0.531189083821	60	15	3	0	24	0.285714285714
0.11170739005	0.531189083821	61	15	3	0	24	0.282352941176
0.114669087807	0.53216374269	62	15	3	0	24	0.279069767442
0.11513613739	0.533138401559	63	15	3	0	24	0.275862068966
0.115432677704	0.533138401559	64	15	3	0	24	0.272727272727
0.116602925326	0.533138401559	64	16	3	0	24	0.272727272727
0.118245737561	0.534113060429	65	16	3	0	24	0.269662921348
0.118413474062	0.535087719298	66	16	3	0	24	0.266666666667
0.118803674647	0.536062378168	67	16	3	0	24	0.263736263736
0.118847740706	0.535087719298	68	16	3	0	24	0.260869565217
0.119260455563	0.534113060429	69	16	3	0	24	0.258064516129
0.119312351734	0.535087719298	70	16	3	0	24	0.255319148936
0.122097227275	0.536062378168	71	16	3	0	24	0.252631578947
0.122846406357	0.537037037037	72	16	3	0	24	0.25
0.123408584869	0.536062378168	73	16	3	0	24	0.247422680412
0.125567329634	0.535087719298	74	16	3	0	24	0.244897959184
0.126544659206	0.535087719298	75	16	3	0	24	0.242424242424
0.127447612702	0.53216374269	75	17	3	0	27	0.264705882353
0.127659724824	0.533138401559	76	17	3	0	27	0.26213592233
0.129319142274	0.533138401559	77	17	3	0	27	0.259615384615
0.131331374875	0.534113060429	78	17	3	0	27	0.257142857143
0.132216537831	0.535087719298	79	17	3	0	27	0.254716981132
0.134208481093	0.535087719298	80	17	3	0	27	0.252336448598
0.134361917246	0.536062378168	81	17	3	0	27	0.25
0.135695558798	0.536062378168	82	17	3	0	27	0.247706422018
0.135835206384	0.536062378168	83	17	3	0	27	0.245454545455
