# time 	 divergence 	 # of mutations 	 # IGC chances 	 IGC length 	 # IGC failures 	 Changes due to IGC  	 % change due to IGC 
0.0	0.0102249488753	0	0	0	0	0	0.0
0.00593231274238	0.0122699386503	1	0	0	0	0	0.0
0.00634585114519	0.0143149284254	2	0	0	0	0	0.0
0.0102247093426	0.0143149284254	2	1	54	0	0	0.0
0.0107035312277	0.0163599182004	3	1	54	0	0	0.0
0.012504265449	0.0184049079755	4	1	54	0	0	0.0
0.013023349501	0.0204498977505	5	1	54	0	0	0.0
0.0131400022239	0.0224948875256	6	1	54	0	0	0.0
0.0146456581711	0.0245398773006	7	1	54	0	0	0.0
0.0174233968749	0.0163599182004	7	2	126	0	4	0.363636363636
0.0178399058421	0.0184049079755	8	2	126	0	4	0.333333333333
0.0180275660378	0.0204498977505	9	2	126	0	4	0.307692307692
0.0183625400626	0.0224948875256	10	2	126	0	4	0.285714285714
0.0192687737448	0.0245398773006	11	2	126	0	4	0.266666666667
0.0213478492726	0.0245398773006	11	3	36	0	4	0.266666666667
0.0216736119928	0.0265848670757	12	3	36	0	4	0.25
0.0217760286636	0.0286298568507	13	3	36	0	4	0.235294117647
0.0235172962857	0.0245398773006	13	4	57	0	6	0.315789473684
0.0267008704362	0.0265848670757	14	4	57	0	6	0.3
0.0286590787982	0.0224948875256	14	5	51	0	8	0.363636363636
0.0338017819557	0.0245398773006	15	5	51	0	8	0.347826086957
0.0350186718864	0.0265848670757	16	5	51	0	8	0.333333333333
0.038039893211	0.0184049079755	16	6	54	0	12	0.428571428571
0.0390703876287	0.0122699386503	16	7	99	0	15	0.483870967742
0.0401518749712	0.0143149284254	17	7	99	0	15	0.46875
0.0411386704078	0.0163599182004	18	7	99	0	15	0.454545454545
0.0447519516646	0.0184049079755	19	7	99	0	15	0.441176470588
0.0472431508003	0.0184049079755	19	8	87	0	15	0.441176470588
0.0481385223972	0.0204498977505	20	8	87	0	15	0.428571428571
0.0494385639239	0.0204498977505	20	9	102	0	15	0.428571428571
0.0507052942659	0.0224948875256	21	9	102	0	15	0.416666666667
0.0518702767449	0.0245398773006	22	9	102	0	15	0.405405405405
0.0534457400213	0.0184049079755	22	10	159	0	18	0.45
