# time 	 divergence 	 # of mutations 	 # IGC chances 	 IGC length 	 # IGC failures 	 Changes due to IGC  	 % change due to IGC 
0.0	0.431182795699	0	0	0	0	0	0.0
0.00131431238099	0.431182795699	1	0	0	0	0	0.0
0.00336486134478	0.431182795699	2	0	0	0	0	0.0
0.00337359745248	0.431182795699	3	0	0	0	0	0.0
0.007337342983	0.432258064516	4	0	0	0	0	0.0
0.00912746167075	0.433333333333	5	0	0	0	0	0.0
0.0095016578147	0.432258064516	6	0	0	0	0	0.0
0.0132980822371	0.433333333333	7	0	0	0	0	0.0
0.0156454081231	0.434408602151	8	0	0	0	0	0.0
0.0157003551643	0.434408602151	9	0	0	0	0	0.0
0.0169613365241	0.434408602151	10	0	0	0	0	0.0
0.018472447029	0.435483870968	11	0	0	0	0	0.0
0.0184872962871	0.435483870968	12	0	0	0	0	0.0
0.0204157250064	0.434408602151	13	0	0	0	0	0.0
0.024381002256	0.433333333333	14	0	0	0	0	0.0
0.0244596894878	0.434408602151	15	0	0	0	0	0.0
0.0267447962685	0.435483870968	16	0	0	0	0	0.0
0.0270878410499	0.436559139785	17	0	0	0	0	0.0
0.0275581411337	0.437634408602	18	0	0	0	0	0.0
0.0362292086025	0.438709677419	19	0	0	0	0	0.0
0.0387312005784	0.439784946237	20	0	0	0	0	0.0
0.0404558269164	0.439784946237	21	0	0	0	0	0.0
0.0453617110747	0.440860215054	22	0	0	0	0	0.0
0.0470144277203	0.439784946237	23	0	0	0	0	0.0
0.0482278729159	0.438709677419	24	0	0	0	0	0.0
0.0488230918567	0.438709677419	25	0	0	0	0	0.0
0.0507004886152	0.438709677419	26	0	0	0	0	0.0
0.0509840434718	0.438709677419	27	0	0	0	0	0.0
0.0522335769667	0.438709677419	28	0	0	0	0	0.0
0.0527169572198	0.439784946237	29	0	0	0	0	0.0
0.05277494449	0.439784946237	30	0	0	0	0	0.0
0.0540587507124	0.439784946237	31	0	0	0	0	0.0
0.054208119196	0.438709677419	32	0	0	0	0	0.0
0.0545394002683	0.439784946237	33	0	0	0	0	0.0
0.0557548251134	0.439784946237	34	0	0	0	0	0.0
0.0558936422844	0.439784946237	35	0	0	0	0	0.0
0.0560162191871	0.440860215054	36	0	0	0	0	0.0
0.0564020463221	0.441935483871	37	0	0	0	0	0.0
0.0594811871368	0.440860215054	38	0	0	0	0	0.0
0.060711141401	0.439784946237	39	0	0	0	0	0.0
0.0618348173248	0.440860215054	40	0	0	0	0	0.0
0.0652690103596	0.439784946237	41	0	0	0	0	0.0
0.0654783612524	0.440860215054	42	0	0	0	0	0.0
0.0664206968409	0.441935483871	43	0	0	0	0	0.0
0.0704930538521	0.443010752688	44	0	0	0	0	0.0
0.0720459793477	0.444086021505	45	0	0	0	0	0.0
0.0728704014355	0.445161290323	46	0	0	0	0	0.0
0.07357022629	0.445161290323	47	0	0	0	0	0.0
0.0746428115776	0.445161290323	48	0	0	0	0	0.0
0.0750181954942	0.44623655914	49	0	0	0	0	0.0
0.0754348116513	0.447311827957	50	0	0	0	0	0.0
0.0786791595494	0.44623655914	51	0	0	0	0	0.0
0.0812074376028	0.447311827957	52	0	0	0	0	0.0
0.0819385659635	0.448387096774	53	0	0	0	0	0.0
0.085279695914	0.447311827957	54	0	0	0	0	0.0
0.086603344901	0.447311827957	55	0	0	0	0	0.0
0.0870854415621	0.44623655914	56	0	0	0	0	0.0
0.0883761595714	0.44623655914	57	0	0	0	0	0.0
0.0901538164916	0.44623655914	58	0	0	0	0	0.0
0.0918890896603	0.447311827957	59	0	0	0	0	0.0
0.0940164149599	0.44623655914	60	0	0	0	0	0.0
0.0952229590909	0.44623655914	61	0	0	0	0	0.0
0.0953487562704	0.447311827957	62	0	0	0	0	0.0
0.0958329329985	0.44623655914	63	0	0	0	0	0.0
0.0963232712939	0.447311827957	64	0	0	0	0	0.0
0.096862601479	0.44623655914	65	0	0	0	0	0.0
0.0998085502297	0.447311827957	66	0	0	0	0	0.0
0.100569912781	0.448387096774	67	0	0	0	0	0.0
0.105326820373	0.448387096774	68	0	0	0	0	0.0
0.107309206148	0.449462365591	69	0	0	0	0	0.0
0.107472939628	0.448387096774	70	0	0	0	0	0.0
0.107515908599	0.449462365591	71	0	0	0	0	0.0
0.10754075226	0.449462365591	72	0	0	0	0	0.0
0.107818683562	0.448387096774	73	0	0	0	0	0.0
0.108063812852	0.448387096774	74	0	0	0	0	0.0
0.111646864206	0.449462365591	75	0	0	0	0	0.0
0.112535692067	0.448387096774	76	0	0	0	0	0.0
0.112893665566	0.449462365591	77	0	0	0	0	0.0
0.114331261288	0.450537634409	78	0	0	0	0	0.0
0.117072510289	0.449462365591	79	0	0	0	0	0.0
0.118030941414	0.450537634409	80	0	0	0	0	0.0
0.128135567996	0.451612903226	81	0	0	0	0	0.0
0.130041318111	0.452688172043	82	0	0	0	0	0.0
0.13135418164	0.451612903226	83	0	0	0	0	0.0
0.133479302489	0.451612903226	84	0	0	0	0	0.0
0.134290330064	0.452688172043	85	0	0	0	0	0.0
0.134505066926	0.452688172043	86	0	0	0	0	0.0
0.140958132888	0.452688172043	87	0	0	0	0	0.0
0.140996513621	0.451612903226	88	0	0	0	0	0.0
0.141324723336	0.451612903226	89	0	0	0	0	0.0
0.142611169919	0.452688172043	90	0	0	0	0	0.0
0.142948269584	0.45376344086	91	0	0	0	0	0.0
0.143191461349	0.452688172043	92	0	0	0	0	0.0
0.144175491653	0.452688172043	93	0	0	0	0	0.0
0.144230473005	0.45376344086	94	0	0	0	0	0.0
0.150276069646	0.454838709677	95	0	0	0	0	0.0
0.154323610859	0.45376344086	96	0	0	0	0	0.0
0.156693067596	0.454838709677	97	0	0	0	0	0.0
0.161389711322	0.455913978495	98	0	0	0	0	0.0
0.161828657279	0.456989247312	99	0	0	0	0	0.0
0.166433019149	0.456989247312	100	0	0	0	0	0.0
0.166664373656	0.455913978495	101	0	0	0	0	0.0
0.167227380629	0.456989247312	102	0	0	0	0	0.0
0.171561275922	0.456989247312	103	0	0	0	0	0.0
0.17258743311	0.455913978495	104	0	0	0	0	0.0
0.174728343414	0.455913978495	105	0	0	0	0	0.0
0.177120628375	0.455913978495	106	0	0	0	0	0.0
0.177532353252	0.456989247312	107	0	0	0	0	0.0
0.180180815029	0.455913978495	108	0	0	0	0	0.0
0.180770638218	0.454838709677	109	0	0	0	0	0.0
0.181694297627	0.45376344086	110	0	0	0	0	0.0
0.183374532905	0.266666666667	110	1	441	0	174	0.612676056338
0.184437747822	0.265591397849	111	1	441	0	174	0.610526315789
0.187988229268	0.266666666667	112	1	441	0	174	0.608391608392
0.191884416856	0.267741935484	113	1	441	0	174	0.606271777003
0.195239555539	0.268817204301	114	1	441	0	174	0.604166666667
0.203818988656	0.269892473118	115	1	441	0	174	0.602076124567
0.204938637803	0.268817204301	116	1	441	0	174	0.6
0.205739731737	0.269892473118	117	1	441	0	174	0.59793814433
0.208492239971	0.270967741935	118	1	441	0	174	0.595890410959
0.210955327742	0.272043010753	119	1	441	0	174	0.59385665529
0.21144029695	0.272043010753	120	1	441	0	174	0.591836734694
0.213105700413	0.272043010753	121	1	441	0	174	0.589830508475
0.21807230284	0.27311827957	122	1	441	0	174	0.587837837838
0.218454417336	0.27311827957	123	1	441	0	174	0.585858585859
0.219047660337	0.274193548387	124	1	441	0	174	0.58389261745
0.219685889834	0.275268817204	125	1	441	0	174	0.581939799331
0.221411151902	0.276344086022	126	1	441	0	174	0.58
0.222254715743	0.277419354839	127	1	441	0	174	0.578073089701
0.224973084351	0.278494623656	128	1	441	0	174	0.576158940397
0.225282358923	0.279569892473	129	1	441	0	174	0.574257425743
0.225499464178	0.28064516129	130	1	441	0	174	0.572368421053
0.230538955832	0.281720430108	131	1	441	0	174	0.570491803279
0.232561693877	0.281720430108	132	1	441	0	174	0.56862745098
0.233979178172	0.281720430108	133	1	441	0	174	0.5667752443
0.234548129568	0.282795698925	134	1	441	0	174	0.564935064935
0.237362853476	0.283870967742	135	1	441	0	174	0.563106796117
0.23765340328	0.284946236559	136	1	441	0	174	0.561290322581
0.239074449972	0.286021505376	137	1	441	0	174	0.559485530547
0.240445046566	0.287096774194	138	1	441	0	174	0.557692307692
0.242711444587	0.286021505376	139	1	441	0	174	0.555910543131
0.242909269335	0.284946236559	140	1	441	0	174	0.554140127389
0.242991029397	0.286021505376	141	1	441	0	174	0.552380952381
0.245811581731	0.287096774194	142	1	441	0	174	0.550632911392
0.246578730502	0.288172043011	143	1	441	0	174	0.548895899054
0.248514325358	0.289247311828	144	1	441	0	174	0.547169811321
0.250216100177	0.290322580645	145	1	441	0	174	0.545454545455
0.250351479707	0.291397849462	146	1	441	0	174	0.54375
0.253254246676	0.291397849462	147	1	441	0	174	0.542056074766
0.253500951886	0.29247311828	148	1	441	0	174	0.540372670807
0.253645562271	0.29247311828	149	1	441	0	174	0.538699690402
0.256765761045	0.291397849462	150	1	441	0	174	0.537037037037
0.258702707223	0.29247311828	151	1	441	0	174	0.535384615385
0.259523811314	0.293548387097	152	1	441	0	174	0.533742331288
0.260148017401	0.294623655914	153	1	441	0	174	0.532110091743
0.264826170996	0.294623655914	154	1	441	0	174	0.530487804878
0.265223151707	0.295698924731	155	1	441	0	174	0.528875379939
0.270472140537	0.294623655914	156	1	441	0	174	0.527272727273
0.271048655995	0.295698924731	157	1	441	0	174	0.525679758308
0.271867367494	0.296774193548	158	1	441	0	174	0.524096385542
0.27199234961	0.296774193548	159	1	441	0	174	0.522522522523
0.272373022303	0.297849462366	160	1	441	0	174	0.520958083832
0.274260916283	0.298924731183	161	1	441	0	174	0.519402985075
0.274464945696	0.3	162	1	441	0	174	0.517857142857
0.279356947526	0.301075268817	163	1	441	0	174	0.516320474777
0.279359413573	0.301075268817	164	1	441	0	174	0.514792899408
0.281804375431	0.302150537634	165	1	441	0	174	0.513274336283
0.282666956542	0.302150537634	166	1	441	0	174	0.511764705882
0.284217210514	0.303225806452	167	1	441	0	174	0.510263929619
0.288105148176	0.302150537634	168	1	441	0	174	0.508771929825
0.289344777492	0.303225806452	169	1	441	0	174	0.507288629738
0.2894566092	0.303225806452	170	1	441	0	174	0.505813953488
0.290770176297	0.304301075269	171	1	441	0	174	0.504347826087
0.292841826243	0.305376344086	172	1	441	0	174	0.50289017341
0.294492561424	0.305376344086	173	1	441	0	174	0.50144092219
0.296783382185	0.306451612903	174	1	441	0	174	0.5
0.297219643742	0.305376344086	175	1	441	0	174	0.498567335244
0.298473182538	0.306451612903	176	1	441	0	174	0.497142857143
0.300299466284	0.30752688172	177	1	441	0	174	0.495726495726
0.301017799415	0.30752688172	178	1	441	0	174	0.494318181818
0.302796216927	0.30752688172	179	1	441	0	174	0.492917847025
0.304463803451	0.308602150538	180	1	441	0	174	0.491525423729
0.305553436371	0.309677419355	181	1	441	0	174	0.49014084507
0.310911215332	0.310752688172	182	1	441	0	174	0.488764044944
0.314166208541	0.309677419355	183	1	441	0	174	0.487394957983
0.315062327505	0.310752688172	184	1	441	0	174	0.486033519553
0.316255613141	0.311827956989	185	1	441	0	174	0.484679665738
0.316442298853	0.310752688172	186	1	441	0	174	0.483333333333
0.317235170315	0.310752688172	187	1	441	0	174	0.481994459834
0.318681286875	0.311827956989	188	1	441	0	174	0.480662983425
0.319842977721	0.310752688172	189	1	441	0	174	0.479338842975
0.319942415636	0.311827956989	190	1	441	0	174	0.478021978022
0.320378362476	0.312903225806	191	1	441	0	174	0.476712328767
0.322183690487	0.313978494624	192	1	441	0	174	0.475409836066
0.324513138826	0.315053763441	193	1	441	0	174	0.474114441417
0.325106546513	0.315053763441	194	1	441	0	174	0.472826086957
0.325332502515	0.316129032258	195	1	441	0	174	0.471544715447
0.325621322893	0.317204301075	196	1	441	0	174	0.47027027027
0.325991206871	0.317204301075	197	1	441	0	174	0.469002695418
0.328988805338	0.318279569892	198	1	441	0	174	0.467741935484
0.337461276714	0.318279569892	199	1	441	0	174	0.466487935657
0.33841540416	0.31935483871	200	1	441	0	174	0.465240641711
0.340061132656	0.318279569892	201	1	441	0	174	0.464
0.344020734692	0.318279569892	202	1	441	0	174	0.462765957447
0.3442975401	0.31935483871	203	1	441	0	174	0.461538461538
0.346364953942	0.31935483871	204	1	441	0	174	0.460317460317
