# time 	 divergence 	 # of mutations 	 # IGC chances 	 IGC length 	 # IGC failures 	 Changes due to IGC  	 % change due to IGC 
0.0	0.488172043011	0	0	0	0	0	0.0
0.000867744362381	0.487096774194	1	0	0	0	0	0.0
0.00131080865572	0.487096774194	2	0	0	0	0	0.0
0.00161989740967	0.488172043011	3	0	0	0	0	0.0
0.00478711429162	0.488172043011	4	0	0	0	0	0.0
0.00569169715893	0.487096774194	5	0	0	0	0	0.0
0.00572290681004	0.487096774194	6	0	0	0	0	0.0
0.00593698134323	0.488172043011	7	0	0	0	0	0.0
0.00641197028933	0.489247311828	8	0	0	0	0	0.0
0.00684848961697	0.490322580645	9	0	0	0	0	0.0
0.009844615996	0.491397849462	10	0	0	0	0	0.0
0.0166703264055	0.491397849462	11	0	0	0	0	0.0
0.0167935207311	0.49247311828	12	0	0	0	0	0.0
0.0186385243075	0.493548387097	13	0	0	0	0	0.0
0.0212412534184	0.494623655914	14	0	0	0	0	0.0
0.0251103617813	0.495698924731	15	0	0	0	0	0.0
0.027672565525	0.496774193548	16	0	0	0	0	0.0
0.0279844013459	0.497849462366	17	0	0	0	0	0.0
0.0288326390768	0.497849462366	18	0	0	0	0	0.0
0.0307172469245	0.498924731183	19	0	0	0	0	0.0
0.0326452762748	0.5	20	0	0	0	0	0.0
0.0352283239287	0.5	21	0	0	0	0	0.0
0.0363936906456	0.5	22	0	0	0	0	0.0
0.0376361737056	0.5	23	0	0	0	0	0.0
0.0379555202981	0.501075268817	24	0	0	0	0	0.0
0.0388431200921	0.502150537634	25	0	0	0	0	0.0
0.0422404947631	0.501075268817	26	0	0	0	0	0.0
0.0422810092287	0.5	27	0	0	0	0	0.0
0.0452051275295	0.5	28	0	0	0	0	0.0
0.04546341745	0.501075268817	29	0	0	0	0	0.0
0.0462240912257	0.502150537634	30	0	0	0	0	0.0
0.0479980449361	0.501075268817	31	0	0	0	0	0.0
0.0488077739767	0.502150537634	32	0	0	0	0	0.0
0.0506938311606	0.503225806452	33	0	0	0	0	0.0
0.0517828227076	0.502150537634	34	0	0	0	0	0.0
0.0533591319402	0.325806451613	34	1	315	0	164	0.828282828283
0.0535273169235	0.32688172043	35	1	315	0	164	0.824120603015
0.0536184091255	0.32688172043	36	1	315	0	164	0.82
0.0541997037204	0.327956989247	37	1	315	0	164	0.81592039801
0.0604907352349	0.32688172043	38	1	315	0	164	0.811881188119
0.0622114056426	0.32688172043	39	1	315	0	164	0.807881773399
0.0637178327249	0.327956989247	40	1	315	0	164	0.803921568627
0.064206902112	0.329032258065	41	1	315	0	164	0.8
0.0644665817601	0.330107526882	42	1	315	0	164	0.796116504854
0.064503729825	0.329032258065	43	1	315	0	164	0.792270531401
0.0651263227364	0.330107526882	44	1	315	0	164	0.788461538462
0.0675500739324	0.330107526882	45	1	315	0	164	0.784688995215
0.067682617858	0.329032258065	46	1	315	0	164	0.780952380952
0.0680485803036	0.330107526882	47	1	315	0	164	0.777251184834
0.0702555650458	0.331182795699	48	1	315	0	164	0.77358490566
0.0730183925884	0.332258064516	49	1	315	0	164	0.769953051643
0.0737797363572	0.332258064516	50	1	315	0	164	0.766355140187
0.0773506072457	0.333333333333	51	1	315	0	164	0.762790697674
0.0787041587485	0.334408602151	52	1	315	0	164	0.759259259259
0.078763791297	0.335483870968	53	1	315	0	164	0.755760368664
0.0840248942571	0.335483870968	54	1	315	0	164	0.752293577982
0.0846456116875	0.336559139785	55	1	315	0	164	0.748858447489
0.0895807266849	0.337634408602	56	1	315	0	164	0.745454545455
0.0900345778239	0.338709677419	57	1	315	0	164	0.742081447964
0.0902218093447	0.339784946237	58	1	315	0	164	0.738738738739
0.0931365752479	0.339784946237	59	1	315	0	164	0.735426008969
0.0980648578618	0.340860215054	60	1	315	0	164	0.732142857143
0.0982230266208	0.332258064516	60	2	12	0	172	0.741379310345
0.104465170076	0.331182795699	61	2	12	0	172	0.738197424893
0.105462364147	0.332258064516	62	2	12	0	172	0.735042735043
0.10564076384	0.333333333333	63	2	12	0	172	0.731914893617
0.106016788241	0.333333333333	64	2	12	0	172	0.728813559322
0.111612065881	0.334408602151	65	2	12	0	172	0.725738396624
0.111749793305	0.335483870968	66	2	12	0	172	0.72268907563
0.113045281955	0.336559139785	67	2	12	0	172	0.719665271967
0.11634831265	0.337634408602	68	2	12	0	172	0.716666666667
0.119358202315	0.338709677419	69	2	12	0	172	0.713692946058
0.122474349556	0.339784946237	70	2	12	0	172	0.710743801653
0.123754071344	0.338709677419	71	2	12	0	172	0.707818930041
0.124053898405	0.338709677419	72	2	12	0	172	0.704918032787
0.126756356921	0.339784946237	73	2	12	0	172	0.702040816327
0.127218568957	0.340860215054	74	2	12	0	172	0.69918699187
0.128288767649	0.339784946237	75	2	12	0	172	0.696356275304
0.128550911241	0.340860215054	76	2	12	0	172	0.693548387097
0.133012407161	0.340860215054	77	2	12	0	172	0.690763052209
0.133487830414	0.339784946237	78	2	12	0	172	0.688
0.137115290117	0.339784946237	79	2	12	0	172	0.685258964143
0.139314906423	0.339784946237	80	2	12	0	172	0.68253968254
0.141080443772	0.340860215054	81	2	12	0	172	0.679841897233
0.142765001833	0.339784946237	82	2	12	0	172	0.677165354331
0.143802251145	0.340860215054	83	2	12	0	172	0.674509803922
0.145899548114	0.341935483871	84	2	12	0	172	0.671875
