# time 	 divergence 	 # of mutations 	 # IGC chances 	 IGC length 	 # IGC failures 	 Changes due to IGC  	 % change due to IGC 
0.0	0.608187134503	0	0	0	0	0	0.0
0.000398804180211	0.607212475634	1	0	0	0	0	0.0
0.00250220280283	0.606237816764	2	0	0	0	0	0.0
0.00268670222566	0.607212475634	3	0	0	0	0	0.0
0.00276907441536	0.607212475634	4	0	0	0	0	0.0
0.0031503779174	0.607212475634	5	0	0	0	0	0.0
0.0031840835995	0.606237816764	6	0	0	0	0	0.0
0.00616046216381	0.606237816764	7	0	0	0	0	0.0
0.00638614091388	0.606237816764	8	0	0	0	0	0.0
0.00764676651717	0.605263157895	9	0	0	0	0	0.0
0.00875232439942	0.604288499025	10	0	0	0	0	0.0
0.0103733163647	0.604288499025	11	0	0	0	0	0.0
0.0142712269247	0.605263157895	12	0	0	0	0	0.0
0.0179101922745	0.605263157895	13	0	0	0	0	0.0
0.0192526671218	0.604288499025	14	0	0	0	0	0.0
0.0202337505933	0.605263157895	15	0	0	0	0	0.0
0.0210763065806	0.606237816764	16	0	0	0	0	0.0
0.0235303355169	0.605263157895	17	0	0	0	0	0.0
0.0242282961729	0.606237816764	18	0	0	0	0	0.0
0.02447999017	0.606237816764	19	0	0	0	0	0.0
0.0248338525919	0.606237816764	20	0	0	0	0	0.0
0.0255393280114	0.607212475634	21	0	0	0	0	0.0
0.025906594544	0.607212475634	22	0	0	0	0	0.0
0.0279462955208	0.606237816764	23	0	0	0	0	0.0
0.0285649106437	0.606237816764	24	0	0	0	0	0.0
0.0296703655505	0.606237816764	25	0	0	0	0	0.0
0.0304341976744	0.607212475634	26	0	0	0	0	0.0
0.032443014942	0.607212475634	27	0	0	0	0	0.0
0.0354199124353	0.607212475634	28	0	0	0	0	0.0
0.035717347861	0.607212475634	29	0	0	0	0	0.0
0.0378030708034	0.607212475634	30	0	0	0	0	0.0
0.0411825917169	0.608187134503	31	0	0	0	0	0.0
0.0488866422786	0.607212475634	32	0	0	0	0	0.0
0.0518369753243	0.607212475634	33	0	0	0	0	0.0
0.0541604729229	0.607212475634	34	0	0	0	0	0.0
0.0569312811913	0.606237816764	35	0	0	0	0	0.0
0.0576500657091	0.606237816764	36	0	0	0	0	0.0
0.0581025789768	0.606237816764	37	0	0	0	0	0.0
0.0601965110403	0.605263157895	38	0	0	0	0	0.0
0.0605652328209	0.606237816764	39	0	0	0	0	0.0
0.0608195760524	0.606237816764	40	0	0	0	0	0.0
0.0613667988382	0.607212475634	41	0	0	0	0	0.0
0.0613768528795	0.607212475634	42	0	0	0	0	0.0
0.0621191733275	0.608187134503	43	0	0	0	0	0.0
0.0624676657649	0.608187134503	44	0	0	0	0	0.0
0.0669887984948	0.608187134503	45	0	0	0	0	0.0
0.0671983255848	0.608187134503	46	0	0	0	0	0.0
0.0684688658459	0.609161793372	47	0	0	0	0	0.0
0.0709852030556	0.608187134503	48	0	0	0	0	0.0
0.0723462908678	0.608187134503	49	0	0	0	0	0.0
0.0723638425401	0.608187134503	50	0	0	0	0	0.0
0.0740145414858	0.609161793372	51	0	0	0	0	0.0
0.0760836198169	0.610136452242	52	0	0	0	0	0.0
0.081545557203	0.610136452242	53	0	0	0	0	0.0
0.0871337912177	0.611111111111	54	0	0	0	0	0.0
0.0890392492228	0.611111111111	55	0	0	0	0	0.0
0.0905343649637	0.612085769981	56	0	0	0	0	0.0
0.0913769760035	0.612085769981	57	0	0	0	0	0.0
0.092824769787	0.61306042885	58	0	0	0	0	0.0
0.0928863162771	0.612085769981	59	0	0	0	0	0.0
0.0937043285534	0.61306042885	60	0	0	0	0	0.0
0.095924539016	0.614035087719	61	0	0	0	0	0.0
0.0996318541577	0.614035087719	62	0	0	0	0	0.0
0.0999181361858	0.615009746589	63	0	0	0	0	0.0
0.101342728114	0.614035087719	64	0	0	0	0	0.0
0.106842957214	0.61306042885	65	0	0	0	0	0.0
0.112060806961	0.614035087719	66	0	0	0	0	0.0
0.11282132925	0.615009746589	67	0	0	0	0	0.0
0.113870515578	0.615984405458	68	0	0	0	0	0.0
0.116070868974	0.616959064327	69	0	0	0	0	0.0
0.116258378731	0.617933723197	70	0	0	0	0	0.0
0.11662160699	0.618908382066	71	0	0	0	0	0.0
0.1178377046	0.618908382066	72	0	0	0	0	0.0
0.118944538334	0.619883040936	73	0	0	0	0	0.0
0.121812701105	0.620857699805	74	0	0	0	0	0.0
0.125619377178	0.619883040936	75	0	0	0	0	0.0
0.128793258913	0.619883040936	76	0	0	0	0	0.0
0.129201579951	0.620857699805	77	0	0	0	0	0.0
0.134534449073	0.621832358674	78	0	0	0	0	0.0
0.134747294912	0.621832358674	79	0	0	0	0	0.0
0.139683663413	0.620857699805	80	0	0	0	0	0.0
0.140038485918	0.619883040936	81	0	0	0	0	0.0
0.140103941244	0.620857699805	82	0	0	0	0	0.0
0.140199502817	0.621832358674	83	0	0	0	0	0.0
0.140509711367	0.621832358674	84	0	0	0	0	0.0
0.141661614863	0.620857699805	85	0	0	0	0	0.0
0.142043308838	0.620857699805	86	0	0	0	0	0.0
0.143280569005	0.620857699805	87	0	0	0	0	0.0
0.143854318332	0.621832358674	88	0	0	0	0	0.0
0.145071890866	0.622807017544	89	0	0	0	0	0.0
0.145588429379	0.622807017544	90	0	0	0	0	0.0
0.158064717841	0.621832358674	91	0	0	0	0	0.0
0.160008620079	0.621832358674	92	0	0	0	0	0.0
0.160391700451	0.621832358674	93	0	0	0	0	0.0
0.161738499388	0.621832358674	94	0	0	0	0	0.0
0.162769990825	0.621832358674	95	0	0	0	0	0.0
0.163087753843	0.622807017544	96	0	0	0	0	0.0
0.163277613952	0.623781676413	97	0	0	0	0	0.0
0.163915460585	0.623781676413	98	0	0	0	0	0.0
0.165369937794	0.624756335283	99	0	0	0	0	0.0
0.167886011206	0.624756335283	100	0	0	0	0	0.0
0.16790989574	0.624756335283	101	0	0	0	0	0.0
0.168220568832	0.625730994152	102	0	0	0	0	0.0
0.168786928758	0.625730994152	103	0	0	0	0	0.0
0.169530407377	0.625730994152	104	0	0	0	0	0.0
0.172253076335	0.625730994152	105	0	0	0	0	0.0
0.172876787321	0.624756335283	106	0	0	0	0	0.0
0.176705287048	0.624756335283	107	0	0	0	0	0.0
0.17672215674	0.623781676413	108	0	0	0	0	0.0
0.177801070184	0.623781676413	109	0	0	0	0	0.0
0.179640929307	0.622807017544	110	0	0	0	0	0.0
0.181467494212	0.623781676413	111	0	0	0	0	0.0
0.182603245081	0.624756335283	112	0	0	0	0	0.0
0.182858229726	0.623781676413	113	0	0	0	0	0.0
0.183340533312	0.622807017544	114	0	0	0	0	0.0
0.183386391325	0.623781676413	115	0	0	0	0	0.0
0.185018648833	0.623781676413	116	0	0	0	0	0.0
0.187073637241	0.623781676413	117	0	0	0	0	0.0
0.187147648552	0.624756335283	118	0	0	0	0	0.0
0.187412145139	0.624756335283	119	0	0	0	0	0.0
0.187446494632	0.624756335283	120	0	0	0	0	0.0
0.188567862332	0.625730994152	121	0	0	0	0	0.0
0.188754798593	0.626705653021	122	0	0	0	0	0.0
0.189033817996	0.626705653021	123	0	0	0	0	0.0
0.191138114594	0.625730994152	124	0	0	0	0	0.0
0.193521448743	0.625730994152	125	0	0	0	0	0.0
0.197784993968	0.625730994152	126	0	0	0	0	0.0
0.197802606557	0.626705653021	127	0	0	0	0	0.0
0.199390792379	0.626705653021	128	0	0	0	0	0.0
0.20497568198	0.627680311891	129	0	0	0	0	0.0
0.205012426802	0.627680311891	130	0	0	0	0	0.0
0.206579881588	0.627680311891	131	0	0	0	0	0.0
0.207045506117	0.62865497076	132	0	0	0	0	0.0
0.207341365352	0.62865497076	133	0	0	0	0	0.0
0.207355832273	0.62865497076	134	0	0	0	0	0.0
0.20832057322	0.627680311891	135	0	0	0	0	0.0
0.209960060999	0.626705653021	136	0	0	0	0	0.0
0.210095294707	0.626705653021	137	0	0	0	0	0.0
0.210157366468	0.627680311891	138	0	0	0	0	0.0
0.214469709448	0.62865497076	139	0	0	0	0	0.0
0.214994615677	0.627680311891	140	0	0	0	0	0.0
0.216887518444	0.626705653021	141	0	0	0	0	0.0
0.217287175137	0.627680311891	142	0	0	0	0	0.0
0.220574727303	0.62865497076	143	0	0	0	0	0.0
0.221958995397	0.62865497076	144	0	0	0	0	0.0
0.222178789602	0.62962962963	145	0	0	0	0	0.0
0.222309723243	0.62962962963	146	0	0	0	0	0.0
0.224265668081	0.62962962963	147	0	0	0	0	0.0
0.224513372837	0.62962962963	148	0	0	0	0	0.0
0.22702314729	0.62865497076	149	0	0	0	0	0.0
0.22757646171	0.62865497076	150	0	0	0	0	0.0
0.229164256294	0.627680311891	151	0	0	0	0	0.0
0.229630498402	0.627680311891	152	0	0	0	0	0.0
0.230744283843	0.626705653021	153	0	0	0	0	0.0
0.230993304949	0.626705653021	154	0	0	0	0	0.0
0.23178677081	0.626705653021	155	0	0	0	0	0.0
0.232884819278	0.626705653021	156	0	0	0	0	0.0
0.235378035423	0.625730994152	157	0	0	0	0	0.0
0.236500850946	0.624756335283	158	0	0	0	0	0.0
0.238167934089	0.625730994152	159	0	0	0	0	0.0
0.238175801071	0.626705653021	160	0	0	0	0	0.0
0.238806167276	0.625730994152	161	0	0	0	0	0.0
0.245200578936	0.626705653021	162	0	0	0	0	0.0
0.249409576749	0.627680311891	163	0	0	0	0	0.0
0.251341864512	0.62865497076	164	0	0	0	0	0.0
0.251780128065	0.627680311891	165	0	0	0	0	0.0
0.252217883197	0.626705653021	166	0	0	0	0	0.0
0.253152423937	0.625730994152	167	0	0	0	0	0.0
0.253355239994	0.625730994152	168	0	0	0	0	0.0
0.25540051665	0.624756335283	169	0	0	0	0	0.0
0.256048576537	0.624756335283	170	0	0	0	0	0.0
0.257373623882	0.625730994152	171	0	0	0	0	0.0
0.259246399662	0.626705653021	172	0	0	0	0	0.0
0.260085546297	0.626705653021	173	0	0	0	0	0.0
0.260769431703	0.627680311891	174	0	0	0	0	0.0
0.262726506231	0.62865497076	175	0	0	0	0	0.0
0.263382924007	0.627680311891	176	0	0	0	0	0.0
0.264808496706	0.62865497076	177	0	0	0	0	0.0
0.266696342564	0.62962962963	178	0	0	0	0	0.0
0.267484884733	0.62865497076	179	0	0	0	0	0.0
0.269299512366	0.62865497076	180	0	0	0	0	0.0
0.273162968953	0.62962962963	181	0	0	0	0	0.0
0.274523092712	0.630604288499	182	0	0	0	0	0.0
0.276872210037	0.630604288499	183	0	0	0	0	0.0
