# time 	 divergence 	 # of mutations 	 # IGC chances 	 IGC length 	 # IGC failures 	 Changes due to IGC  	 % change due to IGC 
0.0	0.183870967742	0	0	0	0	0	0.0
0.000176183344678	0.184946236559	1	0	0	0	0	0.0
0.00144916885032	0.184946236559	2	0	0	0	0	0.0
0.00245335047343	0.186021505376	3	0	0	0	0	0.0
0.00303157892174	0.186021505376	4	0	0	0	0	0.0
0.00502601538498	0.187096774194	5	0	0	0	0	0.0
0.00538876676986	0.188172043011	6	0	0	0	0	0.0
0.00557479755938	0.189247311828	7	0	0	0	0	0.0
0.00777668602778	0.190322580645	8	0	0	0	0	0.0
0.00867128614546	0.191397849462	9	0	0	0	0	0.0
0.00888625397267	0.190322580645	10	0	0	0	0	0.0
0.010788692012	0.191397849462	11	0	0	0	0	0.0
0.0126694804339	0.19247311828	12	0	0	0	0	0.0
0.0136462782884	0.193548387097	13	0	0	0	0	0.0
0.0138778599284	0.19247311828	14	0	0	0	0	0.0
0.0160860792745	0.193548387097	15	0	0	0	0	0.0
0.0171611010556	0.19247311828	16	0	0	0	0	0.0
0.0175734385899	0.193548387097	17	0	0	0	0	0.0
0.0199774322242	0.194623655914	18	0	0	0	0	0.0
0.0202345831608	0.195698924731	19	0	0	0	0	0.0
0.0223846202753	0.196774193548	20	0	0	0	0	0.0
0.0242305404665	0.197849462366	21	0	0	0	0	0.0
0.0266181516056	0.196774193548	22	0	0	0	0	0.0
0.0269024565897	0.196774193548	23	0	0	0	0	0.0
0.0271508668771	0.195698924731	24	0	0	0	0	0.0
0.0272753196284	0.196774193548	25	0	0	0	0	0.0
0.0323487278931	0.197849462366	26	0	0	0	0	0.0
0.0339976007954	0.197849462366	27	0	0	0	0	0.0
0.0345083029782	0.198924731183	28	0	0	0	0	0.0
0.0350516465539	0.197849462366	29	0	0	0	0	0.0
0.0368882797011	0.196774193548	30	0	0	0	0	0.0
0.0374524756463	0.197849462366	31	0	0	0	0	0.0
0.0404722699407	0.198924731183	32	0	0	0	0	0.0
0.0411812971736	0.2	33	0	0	0	0	0.0
0.0419246776723	0.201075268817	34	0	0	0	0	0.0
0.042579528938	0.202150537634	35	0	0	0	0	0.0
0.0428666280835	0.203225806452	36	0	0	0	0	0.0
0.0440663133683	0.204301075269	37	0	0	0	0	0.0
0.0452309488876	0.204301075269	38	0	0	0	0	0.0
0.0517269873241	0.205376344086	39	0	0	0	0	0.0
0.0517597101977	0.206451612903	40	0	0	0	0	0.0
0.0521191571527	0.20752688172	41	0	0	0	0	0.0
0.055872611861	0.208602150538	42	0	0	0	0	0.0
0.0602039552741	0.209677419355	43	0	0	0	0	0.0
0.0609233318692	0.210752688172	44	0	0	0	0	0.0
0.0645826585056	0.211827956989	45	0	0	0	0	0.0
0.0655177528714	0.211827956989	46	0	0	0	0	0.0
0.0659562477377	0.212903225806	47	0	0	0	0	0.0
0.0666097840758	0.213978494624	48	0	0	0	0	0.0
0.0667239870432	0.215053763441	49	0	0	0	0	0.0
0.0670772728995	0.215053763441	50	0	0	0	0	0.0
0.0681992599281	0.216129032258	51	0	0	0	0	0.0
0.0684788808206	0.217204301075	52	0	0	0	0	0.0
0.0705755896131	0.218279569892	53	0	0	0	0	0.0
0.0715832752161	0.21935483871	54	0	0	0	0	0.0
0.0718884480922	0.220430107527	55	0	0	0	0	0.0
0.0721649314721	0.221505376344	56	0	0	0	0	0.0
0.072578941438	0.222580645161	57	0	0	0	0	0.0
0.0727480136753	0.223655913978	58	0	0	0	0	0.0
0.0730044229649	0.223655913978	59	0	0	0	0	0.0
0.0763397108473	0.223655913978	60	0	0	0	0	0.0
0.0784251427159	0.224731182796	61	0	0	0	0	0.0
0.0829163567474	0.225806451613	62	0	0	0	0	0.0
0.0837053501867	0.22688172043	63	0	0	0	0	0.0
0.0850885527729	0.227956989247	64	0	0	0	0	0.0
0.0853594399408	0.229032258065	65	0	0	0	0	0.0
0.0862584228422	0.229032258065	66	0	0	0	0	0.0
0.0886554697311	0.229032258065	67	0	0	0	0	0.0
0.0902529350704	0.230107526882	68	0	0	0	0	0.0
0.0917666727804	0.231182795699	69	0	0	0	0	0.0
0.0930236827359	0.232258064516	70	0	0	0	0	0.0
0.0930298818112	0.231182795699	71	0	0	0	0	0.0
0.0930662889089	0.230107526882	72	0	0	0	0	0.0
0.0930724031815	0.230107526882	73	0	0	0	0	0.0
0.09356528393	0.229032258065	74	0	0	0	0	0.0
0.0945937795859	0.229032258065	75	0	0	0	0	0.0
0.0963401712039	0.230107526882	76	0	0	0	0	0.0
0.0976693371401	0.230107526882	77	0	0	0	0	0.0
0.0982422371411	0.231182795699	78	0	0	0	0	0.0
0.100149712266	0.232258064516	79	0	0	0	0	0.0
0.101341202927	0.233333333333	80	0	0	0	0	0.0
0.101998426103	0.233333333333	81	0	0	0	0	0.0
0.103877514425	0.232258064516	82	0	0	0	0	0.0
0.10504957257	0.233333333333	83	0	0	0	0	0.0
0.105716116391	0.234408602151	84	0	0	0	0	0.0
0.106323729517	0.235483870968	85	0	0	0	0	0.0
0.108086203222	0.235483870968	86	0	0	0	0	0.0
0.110133079277	0.236559139785	87	0	0	0	0	0.0
0.112841952474	0.237634408602	88	0	0	0	0	0.0
0.114047149961	0.236559139785	89	0	0	0	0	0.0
0.117282474206	0.237634408602	90	0	0	0	0	0.0
0.118287407516	0.238709677419	91	0	0	0	0	0.0
0.120238687836	0.237634408602	92	0	0	0	0	0.0
0.120612630751	0.237634408602	93	0	0	0	0	0.0
0.122617918758	0.238709677419	94	0	0	0	0	0.0
0.12293939011	0.238709677419	95	0	0	0	0	0.0
0.123000544267	0.238709677419	96	0	0	0	0	0.0
0.123227881261	0.238709677419	97	0	0	0	0	0.0
0.123277261873	0.239784946237	98	0	0	0	0	0.0
0.124398366935	0.240860215054	99	0	0	0	0	0.0
0.126423529593	0.241935483871	100	0	0	0	0	0.0
0.12872117282	0.243010752688	101	0	0	0	0	0.0
0.129763889008	0.244086021505	102	0	0	0	0	0.0
0.131356845853	0.244086021505	103	0	0	0	0	0.0
0.136816872264	0.245161290323	104	0	0	0	0	0.0
0.138893262049	0.24623655914	105	0	0	0	0	0.0
0.141314751489	0.247311827957	106	0	0	0	0	0.0
0.141775609599	0.172043010753	106	1	288	0	70	0.397727272727
0.141916120067	0.17311827957	107	1	288	0	70	0.395480225989
0.143232256536	0.174193548387	108	1	288	0	70	0.393258426966
0.143956117509	0.175268817204	109	1	288	0	70	0.391061452514
0.145303423813	0.176344086022	110	1	288	0	70	0.388888888889
0.154078052805	0.177419354839	111	1	288	0	70	0.386740331492
0.159256437292	0.178494623656	112	1	288	0	70	0.384615384615
0.162356436679	0.179569892473	113	1	288	0	70	0.382513661202
0.162717763022	0.18064516129	114	1	288	0	70	0.380434782609
0.165786123512	0.181720430108	115	1	288	0	70	0.378378378378
0.167481333474	0.182795698925	116	1	288	0	70	0.376344086022
0.168202301616	0.183870967742	117	1	288	0	70	0.374331550802
0.17474397919	0.184946236559	118	1	288	0	70	0.372340425532
0.175189615959	0.184946236559	119	1	288	0	70	0.37037037037
0.176235238082	0.186021505376	120	1	288	0	70	0.368421052632
0.179511382849	0.187096774194	121	1	288	0	70	0.366492146597
0.182399056789	0.188172043011	122	1	288	0	70	0.364583333333
0.185037851683	0.189247311828	123	1	288	0	70	0.362694300518
0.185221968068	0.188172043011	124	1	288	0	70	0.360824742268
0.187105686335	0.187096774194	125	1	288	0	70	0.358974358974
0.189232797599	0.188172043011	126	1	288	0	70	0.357142857143
0.189819530944	0.189247311828	127	1	288	0	70	0.355329949239
0.19283607734	0.190322580645	128	1	288	0	70	0.353535353535
0.193162635567	0.191397849462	129	1	288	0	70	0.35175879397
0.193792313145	0.19247311828	130	1	288	0	70	0.35
0.194237253199	0.193548387097	131	1	288	0	70	0.348258706468
0.196134084881	0.193548387097	132	1	288	0	70	0.346534653465
0.196205252037	0.194623655914	133	1	288	0	70	0.344827586207
0.200787028254	0.195698924731	134	1	288	0	70	0.343137254902
