# time 	 divergence 	 # of mutations 	 # IGC chances 	 IGC length 	 # IGC failures 	 Changes due to IGC  	 % change due to IGC 
0.0	0.406451612903	0	0	0	0	0	0.0
0.000669180226927	0.40752688172	1	0	0	0	0	0.0
0.00502595607942	0.408602150538	2	0	0	0	0	0.0
0.00547300749595	0.409677419355	3	0	0	0	0	0.0
0.00622245005218	0.410752688172	4	0	0	0	0	0.0
0.00733887188387	0.411827956989	5	0	0	0	0	0.0
0.00846717802285	0.411827956989	6	0	0	0	0	0.0
0.0093217392278	0.412903225806	7	0	0	0	0	0.0
0.0093497491469	0.413978494624	8	0	0	0	0	0.0
0.00941864791122	0.415053763441	9	0	0	0	0	0.0
0.00953100051778	0.416129032258	10	0	0	0	0	0.0
0.0114802144142	0.416129032258	11	0	0	0	0	0.0
0.0148806958647	0.416129032258	12	0	0	0	0	0.0
0.0178988354991	0.417204301075	13	0	0	0	0	0.0
0.020137658634	0.418279569892	14	0	0	0	0	0.0
0.0226684879259	0.41935483871	15	0	0	0	0	0.0
0.023296800201	0.420430107527	16	0	0	0	0	0.0
0.0245950549698	0.41935483871	17	0	0	0	0	0.0
0.0270163829976	0.420430107527	18	0	0	0	0	0.0
0.0306147678062	0.421505376344	19	0	0	0	0	0.0
0.0312773551344	0.422580645161	20	0	0	0	0	0.0
0.0340814457884	0.422580645161	21	0	0	0	0	0.0
0.0349413441643	0.423655913978	22	0	0	0	0	0.0
0.0359923767133	0.424731182796	23	0	0	0	0	0.0
0.0366755835744	0.423655913978	24	0	0	0	0	0.0
0.0371358365776	0.423655913978	25	0	0	0	0	0.0
0.037448923006	0.424731182796	26	0	0	0	0	0.0
0.0376268324348	0.425806451613	27	0	0	0	0	0.0
0.0386246212162	0.425806451613	28	0	0	0	0	0.0
0.0390234768169	0.42688172043	29	0	0	0	0	0.0
0.0426847829696	0.427956989247	30	0	0	0	0	0.0
0.0438821820156	0.42688172043	31	0	0	0	0	0.0
0.0461475411675	0.425806451613	32	0	0	0	0	0.0
0.049218378354	0.42688172043	33	0	0	0	0	0.0
0.049533900261	0.42688172043	34	0	0	0	0	0.0
0.0507873694338	0.427956989247	35	0	0	0	0	0.0
0.0513575925392	0.427956989247	36	0	0	0	0	0.0
0.0525541097337	0.429032258065	37	0	0	0	0	0.0
0.0537098476719	0.430107526882	38	0	0	0	0	0.0
0.0549508455217	0.431182795699	39	0	0	0	0	0.0
0.0559552033312	0.432258064516	40	0	0	0	0	0.0
0.0566964672288	0.433333333333	41	0	0	0	0	0.0
0.0598749659556	0.433333333333	42	0	0	0	0	0.0
0.0607440713449	0.434408602151	43	0	0	0	0	0.0
0.0608776175746	0.435483870968	44	0	0	0	0	0.0
0.0625642742677	0.434408602151	45	0	0	0	0	0.0
0.068242546252	0.435483870968	46	0	0	0	0	0.0
0.0687411419407	0.434408602151	47	0	0	0	0	0.0
0.0695877831618	0.434408602151	48	0	0	0	0	0.0
0.0702608634898	0.435483870968	49	0	0	0	0	0.0
0.0721778990282	0.435483870968	50	0	0	0	0	0.0
0.0738227041887	0.435483870968	51	0	0	0	0	0.0
0.0785496472391	0.435483870968	52	0	0	0	0	0.0
0.0793421440883	0.436559139785	53	0	0	0	0	0.0
0.0816506008583	0.437634408602	54	0	0	0	0	0.0
0.0820315424875	0.438709677419	55	0	0	0	0	0.0
0.0822656449414	0.438709677419	56	0	0	0	0	0.0
0.0826810992416	0.438709677419	57	0	0	0	0	0.0
0.0849330042091	0.439784946237	58	0	0	0	0	0.0
0.0861020086748	0.440860215054	59	0	0	0	0	0.0
0.0867849170596	0.441935483871	60	0	0	0	0	0.0
0.0887189375966	0.443010752688	61	0	0	0	0	0.0
0.0913638645217	0.444086021505	62	0	0	0	0	0.0
0.0941236318074	0.445161290323	63	0	0	0	0	0.0
0.095184151405	0.44623655914	64	0	0	0	0	0.0
0.0972583873024	0.44623655914	65	0	0	0	0	0.0
0.0982252182078	0.445161290323	66	0	0	0	0	0.0
0.101270345633	0.445161290323	67	0	0	0	0	0.0
0.101781431675	0.445161290323	68	0	0	0	0	0.0
0.102254583012	0.44623655914	69	0	0	0	0	0.0
0.103394311625	0.445161290323	70	0	0	0	0	0.0
0.103558934153	0.44623655914	71	0	0	0	0	0.0
0.103891717204	0.44623655914	72	0	0	0	0	0.0
0.103899443838	0.447311827957	73	0	0	0	0	0.0
0.106794877599	0.44623655914	74	0	0	0	0	0.0
0.109584804558	0.447311827957	75	0	0	0	0	0.0
0.112009911868	0.447311827957	76	0	0	0	0	0.0
0.115298261776	0.448387096774	77	0	0	0	0	0.0
0.116282024092	0.449462365591	78	0	0	0	0	0.0
0.11675333552	0.450537634409	79	0	0	0	0	0.0
0.117410523226	0.451612903226	80	0	0	0	0	0.0
0.118540916744	0.451612903226	81	0	0	0	0	0.0
0.121186838969	0.450537634409	82	0	0	0	0	0.0
0.122554609807	0.451612903226	83	0	0	0	0	0.0
0.125578704207	0.452688172043	84	0	0	0	0	0.0
0.125626577004	0.443010752688	84	1	57	0	9	0.0967741935484
0.130939785059	0.444086021505	85	1	57	0	9	0.0957446808511
0.134366345345	0.445161290323	86	1	57	0	9	0.0947368421053
0.135106880215	0.44623655914	87	1	57	0	9	0.09375
0.13572468181	0.44623655914	88	1	57	0	9	0.0927835051546
0.13743895645	0.44623655914	89	1	57	0	9	0.0918367346939
0.138652884639	0.44623655914	90	1	57	0	9	0.0909090909091
0.139705063969	0.44623655914	91	1	57	0	9	0.09
0.139737337613	0.44623655914	92	1	57	0	9	0.0891089108911
0.140709563052	0.447311827957	93	1	57	0	9	0.0882352941176
0.143499223617	0.448387096774	94	1	57	0	9	0.0873786407767
0.144694056878	0.449462365591	95	1	57	0	9	0.0865384615385
0.145542342311	0.448387096774	96	1	57	0	9	0.0857142857143
0.146168311127	0.447311827957	97	1	57	0	9	0.0849056603774
0.147880411875	0.447311827957	98	1	57	0	9	0.0841121495327
0.148818995502	0.448387096774	99	1	57	0	9	0.0833333333333
0.15114276705	0.447311827957	100	1	57	0	9	0.0825688073394
0.151826950022	0.447311827957	101	1	57	0	9	0.0818181818182
0.158012608774	0.448387096774	102	1	57	0	9	0.0810810810811
0.158845941686	0.448387096774	103	1	57	0	9	0.0803571428571
0.160371065892	0.447311827957	104	1	57	0	9	0.0796460176991
0.160593772916	0.448387096774	105	1	57	0	9	0.0789473684211
0.160784935725	0.447311827957	106	1	57	0	9	0.0782608695652
0.162523933159	0.44623655914	107	1	57	0	9	0.0775862068966
0.164285106079	0.447311827957	108	1	57	0	9	0.0769230769231
0.16472003604	0.448387096774	109	1	57	0	9	0.0762711864407
0.166439432904	0.447311827957	110	1	57	0	9	0.0756302521008
0.166528034002	0.447311827957	111	1	57	0	9	0.075
0.167818579373	0.448387096774	112	1	57	0	9	0.0743801652893
0.169571221224	0.449462365591	113	1	57	0	9	0.0737704918033
0.171668231919	0.450537634409	114	1	57	0	9	0.0731707317073
0.177237561013	0.449462365591	115	1	57	0	9	0.0725806451613
0.181348597032	0.450537634409	116	1	57	0	9	0.072
0.181694006628	0.450537634409	117	1	57	0	9	0.0714285714286
0.182803966598	0.450537634409	118	1	57	0	9	0.0708661417323
0.184272508662	0.451612903226	119	1	57	0	9	0.0703125
0.187056763853	0.452688172043	120	1	57	0	9	0.0697674418605
0.187870706667	0.452688172043	121	1	57	0	9	0.0692307692308
0.187980991041	0.451612903226	122	1	57	0	9	0.0687022900763
0.188086731425	0.452688172043	123	1	57	0	9	0.0681818181818
0.190037715856	0.452688172043	124	1	57	0	9	0.0676691729323
0.191874946848	0.451612903226	125	1	57	0	9	0.0671641791045
0.193018064531	0.452688172043	126	1	57	0	9	0.0666666666667
0.194758396317	0.452688172043	127	1	57	0	9	0.0661764705882
0.196114676299	0.451612903226	128	1	57	0	9	0.0656934306569
0.196898947367	0.452688172043	129	1	57	0	9	0.0652173913043
0.198173206162	0.451612903226	130	1	57	0	9	0.0647482014388
0.199259457174	0.450537634409	131	1	57	0	9	0.0642857142857
0.200451262369	0.451612903226	132	1	57	0	9	0.063829787234
0.200747552389	0.452688172043	133	1	57	0	9	0.0633802816901
0.201117078383	0.45376344086	134	1	57	0	9	0.0629370629371
0.204647028419	0.45376344086	135	1	57	0	9	0.0625
