# time 	 divergence 	 # of mutations 	 # IGC chances 	 IGC length 	 # IGC failures 	 Changes due to IGC  	 % change due to IGC 
0.0	0.283870967742	0	0	0	0	0	0.0
9.32957946858e-05	0.284946236559	1	0	0	0	0	0.0
0.000334124182097	0.283870967742	2	0	0	0	0	0.0
0.00412903674059	0.284946236559	3	0	0	0	0	0.0
0.00488787681669	0.283870967742	4	0	0	0	0	0.0
0.00735452468167	0.284946236559	5	0	0	0	0	0.0
0.00839097095058	0.284946236559	6	0	0	0	0	0.0
0.00943348177948	0.286021505376	7	0	0	0	0	0.0
0.00985779086155	0.287096774194	8	0	0	0	0	0.0
0.0116784503776	0.286021505376	9	0	0	0	0	0.0
0.0134005154254	0.287096774194	10	0	0	0	0	0.0
0.0233322988237	0.288172043011	11	0	0	0	0	0.0
0.0237554557707	0.289247311828	12	0	0	0	0	0.0
0.025478130231	0.289247311828	13	0	0	0	0	0.0
0.0256610523704	0.289247311828	14	0	0	0	0	0.0
0.0257741562305	0.290322580645	15	0	0	0	0	0.0
0.0267515119595	0.291397849462	16	0	0	0	0	0.0
0.0268185638328	0.290322580645	17	0	0	0	0	0.0
0.0270524274952	0.291397849462	18	0	0	0	0	0.0
0.0271838593217	0.29247311828	19	0	0	0	0	0.0
0.0280688813084	0.291397849462	20	0	0	0	0	0.0
0.0282204720087	0.29247311828	21	0	0	0	0	0.0
0.0295510999519	0.293548387097	22	0	0	0	0	0.0
0.0297469274327	0.294623655914	23	0	0	0	0	0.0
0.0322209285111	0.293548387097	24	0	0	0	0	0.0
0.0347135457434	0.293548387097	25	0	0	0	0	0.0
0.0375341255008	0.293548387097	26	0	0	0	0	0.0
0.0380745451158	0.293548387097	27	0	0	0	0	0.0
0.0391499206019	0.294623655914	28	0	0	0	0	0.0
0.0392433812862	0.293548387097	29	0	0	0	0	0.0
0.0400815560389	0.294623655914	30	0	0	0	0	0.0
0.0417747796375	0.295698924731	31	0	0	0	0	0.0
0.0439689727281	0.295698924731	32	0	0	0	0	0.0
0.0445941512961	0.294623655914	33	0	0	0	0	0.0
0.0451874839266	0.295698924731	34	0	0	0	0	0.0
0.0455749812036	0.295698924731	35	0	0	0	0	0.0
0.0492375779593	0.296774193548	36	0	0	0	0	0.0
