# time 	 divergence 	 # of mutations 	 # IGC chances 	 IGC length 	 # IGC failures 	 Changes due to IGC  	 % change due to IGC 
0.0	0.437634408602	0	0	0	0	0	0.0
0.000299034021629	0.436559139785	1	0	0	0	0	0.0
0.000800664081524	0.437634408602	2	0	0	0	0	0.0
0.00353492488156	0.436559139785	3	0	0	0	0	0.0
0.00357109374402	0.436559139785	4	0	0	0	0	0.0
0.00590529592126	0.437634408602	5	0	0	0	0	0.0
0.00971121837387	0.438709677419	6	0	0	0	0	0.0
0.0104610742381	0.437634408602	7	0	0	0	0	0.0
0.0112089851829	0.438709677419	8	0	0	0	0	0.0
0.0112465166824	0.437634408602	8	1	3	0	1	0.111111111111
0.0114311325742	0.431182795699	8	2	18	0	7	0.466666666667
0.0117757550147	0.431182795699	9	2	18	0	7	0.4375
0.016162930603	0.431182795699	10	2	18	0	7	0.411764705882
0.0162038777224	0.432258064516	11	2	18	0	7	0.388888888889
0.0165939419483	0.433333333333	12	2	18	0	7	0.368421052632
0.0166403222872	0.433333333333	13	2	18	0	7	0.35
0.0193128835729	0.424731182796	13	3	18	0	15	0.535714285714
0.02208311119	0.424731182796	14	3	18	0	15	0.51724137931
0.0299395805999	0.424731182796	15	3	18	0	15	0.5
0.0308881639795	0.424731182796	16	3	18	0	15	0.483870967742
0.0338036963241	0.424731182796	17	3	18	0	15	0.46875
0.0349628358684	0.425806451613	18	3	18	0	15	0.454545454545
0.0356431007969	0.425806451613	19	3	18	0	15	0.441176470588
0.0361983348897	0.42688172043	20	3	18	0	15	0.428571428571
0.0432610578067	0.42688172043	21	3	18	0	15	0.416666666667
0.0438626815489	0.427956989247	22	3	18	0	15	0.405405405405
0.0469257379308	0.427956989247	23	3	18	0	15	0.394736842105
0.0491173532756	0.427956989247	24	3	18	0	15	0.384615384615
0.0495189196401	0.429032258065	25	3	18	0	15	0.375
0.0513345817847	0.429032258065	26	3	18	0	15	0.365853658537
0.0519583475686	0.429032258065	27	3	18	0	15	0.357142857143
0.0524580165429	0.429032258065	28	3	18	0	15	0.348837209302
0.0556326333026	0.430107526882	29	3	18	0	15	0.340909090909
0.0556518253361	0.431182795699	30	3	18	0	15	0.333333333333
0.0590299059981	0.431182795699	31	3	18	0	15	0.326086956522
0.0590868456916	0.431182795699	32	3	18	0	15	0.31914893617
0.0601023353753	0.432258064516	33	3	18	0	15	0.3125
0.0608690880715	0.432258064516	34	3	18	0	15	0.30612244898
0.0631954008726	0.433333333333	35	3	18	0	15	0.3
0.0632879742793	0.433333333333	36	3	18	0	15	0.294117647059
0.0661930227688	0.41935483871	36	4	27	0	28	0.4375
0.0663159574845	0.41935483871	37	4	27	0	28	0.430769230769
0.0676394047762	0.41935483871	38	4	27	0	28	0.424242424242
0.0688284261902	0.418279569892	39	4	27	0	28	0.417910447761
0.0690014093055	0.41935483871	40	4	27	0	28	0.411764705882
0.071405271786	0.420430107527	41	4	27	0	28	0.405797101449
0.0759209229356	0.420430107527	42	4	27	0	28	0.4
0.0762007294918	0.421505376344	43	4	27	0	28	0.394366197183
0.0793843757102	0.422580645161	44	4	27	0	28	0.388888888889
0.0811402469096	0.421505376344	44	5	3	0	29	0.397260273973
0.0830531680064	0.420430107527	45	5	3	0	29	0.391891891892
0.0833391396929	0.420430107527	46	5	3	0	29	0.386666666667
0.0833445050885	0.420430107527	47	5	3	0	29	0.381578947368
0.0836252942621	0.421505376344	48	5	3	0	29	0.376623376623
0.0847813827223	0.420430107527	49	5	3	0	29	0.371794871795
0.0867215408282	0.421505376344	50	5	3	0	29	0.367088607595
0.0869272764548	0.420430107527	51	5	3	0	29	0.3625
0.0877439815245	0.421505376344	52	5	3	0	29	0.358024691358
0.0885638903876	0.422580645161	53	5	3	0	29	0.353658536585
0.0886344405436	0.423655913978	54	5	3	0	29	0.349397590361
0.0886856451272	0.423655913978	54	6	3	0	29	0.349397590361
0.0890650279996	0.424731182796	55	6	3	0	29	0.345238095238
0.089544375839	0.425806451613	56	6	3	0	29	0.341176470588
0.0964150129426	0.425806451613	57	6	3	0	29	0.337209302326
0.0987433596692	0.425806451613	58	6	3	0	29	0.333333333333
0.0992360426992	0.425806451613	59	6	3	0	29	0.329545454545
0.100690126951	0.42688172043	60	6	3	0	29	0.325842696629
0.103913389621	0.427956989247	61	6	3	0	29	0.322222222222
0.107792979602	0.427956989247	62	6	3	0	29	0.318681318681
0.109298319029	0.427956989247	63	6	3	0	29	0.315217391304
0.111166923514	0.429032258065	64	6	3	0	29	0.311827956989
0.111498163135	0.429032258065	65	6	3	0	29	0.308510638298
0.112816081606	0.430107526882	66	6	3	0	29	0.305263157895
0.113192402564	0.417204301075	66	7	30	0	41	0.383177570093
0.113736883817	0.418279569892	67	7	30	0	41	0.37962962963
0.114169081158	0.418279569892	68	7	30	0	41	0.376146788991
0.115025070042	0.41935483871	69	7	30	0	41	0.372727272727
0.115325413426	0.41935483871	70	7	30	0	41	0.369369369369
0.116007104949	0.41935483871	71	7	30	0	41	0.366071428571
0.116027762614	0.41935483871	72	7	30	0	41	0.362831858407
0.11733179662	0.420430107527	73	7	30	0	41	0.359649122807
0.117335970391	0.420430107527	74	7	30	0	41	0.35652173913
0.121899125851	0.421505376344	75	7	30	0	41	0.353448275862
0.123575356418	0.420430107527	76	7	30	0	41	0.350427350427
0.127543900899	0.405376344086	76	8	24	0	55	0.419847328244
0.128841963046	0.406451612903	77	8	24	0	55	0.416666666667
0.129507231598	0.40752688172	78	8	24	0	55	0.413533834586
0.132107856133	0.406451612903	79	8	24	0	55	0.410447761194
0.133743185697	0.40752688172	80	8	24	0	55	0.407407407407
0.134615631249	0.408602150538	81	8	24	0	55	0.404411764706
0.138711204761	0.409677419355	82	8	24	0	55	0.401459854015
0.139214082802	0.410752688172	83	8	24	0	55	0.398550724638
0.14233705319	0.410752688172	84	8	24	0	55	0.395683453237
0.142851603879	0.410752688172	85	8	24	0	55	0.392857142857
0.145532640322	0.410752688172	86	8	24	0	55	0.390070921986
0.154572316918	0.411827956989	87	8	24	0	55	0.387323943662
0.154936798263	0.410752688172	88	8	24	0	55	0.384615384615
0.156200037311	0.411827956989	89	8	24	0	55	0.381944444444
0.159304581402	0.412903225806	90	8	24	0	55	0.379310344828
0.162821691827	0.408602150538	90	9	6	0	59	0.395973154362
0.163522198381	0.402150537634	90	10	9	0	65	0.41935483871
0.163565182746	0.401075268817	91	10	9	0	65	0.416666666667
0.164187434962	0.401075268817	92	10	9	0	65	0.414012738854
0.166203733664	0.4	93	10	9	0	65	0.411392405063
0.169715364274	0.398924731183	94	10	9	0	65	0.408805031447
0.170688776981	0.398924731183	95	10	9	0	65	0.40625
0.170779360161	0.397849462366	96	10	9	0	65	0.403726708075
0.171240526426	0.398924731183	97	10	9	0	65	0.401234567901
0.174142012236	0.397849462366	98	10	9	0	65	0.398773006135
0.175649469032	0.398924731183	99	10	9	0	65	0.396341463415
0.176390416835	0.398924731183	100	10	9	0	65	0.393939393939
0.176426145751	0.398924731183	101	10	9	0	65	0.39156626506
0.177647994603	0.4	102	10	9	0	65	0.389221556886
0.178062055956	0.401075268817	103	10	9	0	65	0.386904761905
0.180760500513	0.4	104	10	9	0	65	0.384615384615
0.181597792903	0.401075268817	105	10	9	0	65	0.382352941176
0.182289548818	0.401075268817	106	10	9	0	65	0.380116959064
0.1835997598	0.401075268817	107	10	9	0	65	0.377906976744
0.186501164137	0.402150537634	108	10	9	0	65	0.375722543353
0.187631190669	0.401075268817	109	10	9	0	65	0.373563218391
0.191987000554	0.401075268817	110	10	9	0	65	0.371428571429
0.192476549643	0.4	111	10	9	0	65	0.369318181818
0.194130968106	0.401075268817	112	10	9	0	65	0.367231638418
0.19847170391	0.402150537634	113	10	9	0	65	0.365168539326
0.199391723466	0.402150537634	114	10	9	0	65	0.36312849162
0.200832330514	0.401075268817	115	10	9	0	65	0.361111111111
0.20088348648	0.402150537634	116	10	9	0	65	0.359116022099
0.201513238354	0.403225806452	117	10	9	0	65	0.357142857143
0.203417127154	0.403225806452	118	10	9	0	65	0.355191256831
0.209621418897	0.401075268817	118	11	3	0	67	0.362162162162
0.210242780681	0.4	119	11	3	0	67	0.360215053763
0.215089852746	0.4	120	11	3	0	67	0.358288770053
0.21568023092	0.401075268817	121	11	3	0	67	0.356382978723
0.217018842091	0.4	122	11	3	0	67	0.354497354497
0.217611281785	0.401075268817	123	11	3	0	67	0.352631578947
0.218203398576	0.402150537634	124	11	3	0	67	0.350785340314
0.220832912845	0.403225806452	125	11	3	0	67	0.348958333333
0.221405720557	0.404301075269	126	11	3	0	67	0.347150259067
0.222687456102	0.404301075269	127	11	3	0	67	0.345360824742
0.222842635309	0.405376344086	128	11	3	0	67	0.34358974359
0.227807904735	0.406451612903	129	11	3	0	67	0.341836734694
0.227866187796	0.402150537634	129	12	12	0	71	0.355
0.228135455167	0.402150537634	130	12	12	0	71	0.353233830846
0.228845002497	0.403225806452	131	12	12	0	71	0.351485148515
0.230556047909	0.404301075269	132	12	12	0	71	0.349753694581
0.231093321752	0.405376344086	133	12	12	0	71	0.348039215686
0.231109415249	0.406451612903	134	12	12	0	71	0.346341463415
0.23443983531	0.406451612903	135	12	12	0	71	0.344660194175
0.235882236782	0.406451612903	136	12	12	0	71	0.342995169082
0.237586992707	0.40752688172	137	12	12	0	71	0.341346153846
0.243614861922	0.40752688172	138	12	12	0	71	0.33971291866
0.244690956512	0.406451612903	139	12	12	0	71	0.338095238095
0.245899336911	0.40752688172	140	12	12	0	71	0.336492890995
0.250832011719	0.408602150538	141	12	12	0	71	0.334905660377
0.252887542509	0.409677419355	142	12	12	0	71	0.333333333333
0.25460673132	0.410752688172	143	12	12	0	71	0.331775700935
0.255108842822	0.411827956989	144	12	12	0	71	0.33023255814
0.255912965573	0.412903225806	145	12	12	0	71	0.328703703704
0.256703553692	0.413978494624	146	12	12	0	71	0.327188940092
0.259794864206	0.411827956989	146	13	3	0	73	0.333333333333
0.259897161301	0.404301075269	146	14	15	0	80	0.353982300885
0.260745356421	0.405376344086	147	14	15	0	80	0.352422907489
0.26719471797	0.406451612903	148	14	15	0	80	0.350877192982
0.267331645035	0.40752688172	149	14	15	0	80	0.349344978166
0.273643077927	0.408602150538	150	14	15	0	80	0.347826086957
0.273897219543	0.408602150538	151	14	15	0	80	0.34632034632
0.27424744219	0.408602150538	152	14	15	0	80	0.344827586207
0.278644847064	0.409677419355	153	14	15	0	80	0.343347639485
0.278680037433	0.409677419355	154	14	15	0	80	0.34188034188
0.279811921247	0.408602150538	155	14	15	0	80	0.340425531915
0.2798789157	0.408602150538	156	14	15	0	80	0.338983050847
0.281039633522	0.409677419355	157	14	15	0	80	0.337552742616
0.28184053469	0.410752688172	158	14	15	0	80	0.336134453782
0.283980316254	0.411827956989	159	14	15	0	80	0.334728033473
0.284724228851	0.412903225806	160	14	15	0	80	0.333333333333
0.287702185619	0.412903225806	161	14	15	0	80	0.331950207469
0.289343543848	0.411827956989	162	14	15	0	80	0.330578512397
0.289749391399	0.410752688172	163	14	15	0	80	0.329218106996
0.29017822809	0.409677419355	164	14	15	0	80	0.327868852459
0.295250848377	0.410752688172	165	14	15	0	80	0.326530612245
0.2962586771	0.410752688172	166	14	15	0	80	0.325203252033
0.299499141544	0.410752688172	167	14	15	0	80	0.323886639676
0.302105011676	0.411827956989	168	14	15	0	80	0.322580645161
0.302855113029	0.411827956989	169	14	15	0	80	0.321285140562
0.30309442801	0.412903225806	170	14	15	0	80	0.32
0.30376695505	0.412903225806	171	14	15	0	80	0.318725099602
0.304467840059	0.413978494624	172	14	15	0	80	0.31746031746
0.30657690953	0.415053763441	173	14	15	0	80	0.316205533597
0.307001328828	0.413978494624	174	14	15	0	80	0.314960629921
0.309161614985	0.415053763441	175	14	15	0	80	0.313725490196
0.309393240079	0.415053763441	176	14	15	0	80	0.3125
0.316028607553	0.416129032258	177	14	15	0	80	0.311284046693
0.316978418003	0.417204301075	178	14	15	0	80	0.31007751938
0.31740735734	0.416129032258	179	14	15	0	80	0.30888030888
0.318654484999	0.416129032258	180	14	15	0	80	0.307692307692
0.319209230239	0.417204301075	181	14	15	0	80	0.306513409962
0.320741847242	0.417204301075	182	14	15	0	80	0.30534351145
0.321952823058	0.416129032258	183	14	15	0	80	0.304182509506
0.322340118667	0.416129032258	184	14	15	0	80	0.30303030303
0.322657947923	0.417204301075	185	14	15	0	80	0.301886792453
0.324383769618	0.418279569892	186	14	15	0	80	0.300751879699
0.324601936533	0.41935483871	187	14	15	0	80	0.299625468165
0.326309454656	0.420430107527	188	14	15	0	80	0.298507462687
0.326310893591	0.418279569892	188	15	3	0	82	0.303703703704
0.328227513823	0.418279569892	189	15	3	0	82	0.30258302583
0.328465145203	0.418279569892	190	15	3	0	82	0.301470588235
0.32978075649	0.413978494624	190	16	9	0	86	0.311594202899
0.330642849687	0.413978494624	191	16	9	0	86	0.310469314079
0.331728144958	0.415053763441	192	16	9	0	86	0.309352517986
0.331984359931	0.416129032258	193	16	9	0	86	0.308243727599
0.33462864654	0.413978494624	193	17	15	0	88	0.313167259786
0.335602151831	0.415053763441	194	17	15	0	88	0.312056737589
0.33571797742	0.416129032258	195	17	15	0	88	0.310954063604
0.335991781778	0.417204301075	196	17	15	0	88	0.30985915493
0.336692605667	0.416129032258	197	17	15	0	88	0.308771929825
0.336822147693	0.416129032258	198	17	15	0	88	0.307692307692
0.336850423515	0.417204301075	199	17	15	0	88	0.306620209059
0.336856750928	0.417204301075	200	17	15	0	88	0.305555555556
0.34028081617	0.416129032258	201	17	15	0	88	0.304498269896
0.343253399032	0.415053763441	201	18	3	0	89	0.306896551724
