# time 	 divergence 	 # of mutations 	 # IGC chances 	 IGC length 	 # IGC failures 	 Changes due to IGC  	 % change due to IGC 
0.0	0.346978557505	0	0	0	0	0	0.0
0.000110660142747	0.347953216374	1	0	0	0	0	0.0
0.00314556266278	0.347953216374	2	0	0	0	0	0.0
0.0098796287229	0.348927875244	3	0	0	0	0	0.0
0.0107379608209	0.346978557505	3	1	12	0	2	0.4
0.0119304743196	0.347953216374	4	1	12	0	2	0.333333333333
0.0135914721338	0.348927875244	5	1	12	0	2	0.285714285714
0.0144336457553	0.348927875244	6	1	12	0	2	0.25
0.0156130895598	0.348927875244	6	2	3	0	2	0.25
0.0174525012545	0.346003898635	6	3	12	0	5	0.454545454545
0.0193758175242	0.346978557505	7	3	12	0	5	0.416666666667
0.0202025005278	0.347953216374	8	3	12	0	5	0.384615384615
0.0208603519997	0.348927875244	9	3	12	0	5	0.357142857143
0.0212594301153	0.349902534113	10	3	12	0	5	0.333333333333
0.0265654435109	0.350877192982	11	3	12	0	5	0.3125
0.027788558552	0.351851851852	12	3	12	0	5	0.294117647059
0.0278211091338	0.352826510721	13	3	12	0	5	0.277777777778
0.0290421637846	0.351851851852	13	4	3	0	6	0.315789473684
0.029548739498	0.352826510721	14	4	3	0	6	0.3
0.029773589285	0.353801169591	15	4	3	0	6	0.285714285714
0.0330952615216	0.35477582846	16	4	3	0	6	0.272727272727
0.0331251245976	0.355750487329	17	4	3	0	6	0.260869565217
0.0351163555094	0.355750487329	18	4	3	0	6	0.25
0.0351292964232	0.356725146199	19	4	3	0	6	0.24
0.0384173126398	0.357699805068	20	4	3	0	6	0.230769230769
0.0402162862344	0.358674463938	21	4	3	0	6	0.222222222222
0.041286914309	0.357699805068	22	4	3	0	6	0.214285714286
0.0414952283219	0.358674463938	23	4	3	0	6	0.206896551724
0.0417112544647	0.357699805068	24	4	3	0	6	0.2
0.043077336513	0.356725146199	25	4	3	0	6	0.193548387097
0.0432514832104	0.357699805068	26	4	3	0	6	0.1875
0.0433375146797	0.357699805068	27	4	3	0	6	0.181818181818
0.0439007706482	0.35477582846	27	5	6	0	9	0.25
0.0442023949059	0.355750487329	28	5	6	0	9	0.243243243243
0.045348754256	0.356725146199	29	5	6	0	9	0.236842105263
0.0468422262387	0.357699805068	30	5	6	0	9	0.230769230769
0.0470369246064	0.356725146199	31	5	6	0	9	0.225
0.0485539376818	0.356725146199	32	5	6	0	9	0.219512195122
0.0487788023019	0.357699805068	33	5	6	0	9	0.214285714286
0.050249682204	0.358674463938	34	5	6	0	9	0.209302325581
0.0509578402651	0.358674463938	34	6	3	0	9	0.209302325581
0.053105905113	0.358674463938	35	6	3	0	9	0.204545454545
