# time 	 divergence 	 # of mutations 	 # IGC chances 	 IGC length 	 # IGC failures 	 Changes due to IGC  	 % change due to IGC 
0.0	0.220430107527	0	0	0	0	0	0.0
0.00310371338259	0.220430107527	0	1	3	0	0	0.0
0.00355566392596	0.221505376344	1	1	3	0	0	0.0
0.00451963891725	0.222580645161	2	1	3	0	0	0.0
0.0109196898682	0.223655913978	3	1	3	0	0	0.0
0.0134462909783	0.224731182796	4	1	3	0	0	0.0
0.0147136521382	0.225806451613	5	1	3	0	0	0.0
0.0150485786201	0.22688172043	6	1	3	0	0	0.0
0.0161904538494	0.22688172043	7	1	3	0	0	0.0
0.0163073423168	0.227956989247	8	1	3	0	0	0.0
0.0180292228131	0.22688172043	9	1	3	0	0	0.0
0.0212984228473	0.224731182796	9	2	12	0	2	0.181818181818
0.021887979333	0.223655913978	9	3	3	0	3	0.25
0.0231935115077	0.224731182796	10	3	3	0	3	0.230769230769
0.0238404237237	0.225806451613	11	3	3	0	3	0.214285714286
0.0249864254749	0.22688172043	12	3	3	0	3	0.2
0.0252364852566	0.227956989247	13	3	3	0	3	0.1875
0.0264491981569	0.229032258065	14	3	3	0	3	0.176470588235
0.0268608478112	0.229032258065	15	3	3	0	3	0.166666666667
0.0275697324591	0.230107526882	16	3	3	0	3	0.157894736842
0.0286248787636	0.231182795699	17	3	3	0	3	0.15
0.0291271917507	0.232258064516	18	3	3	0	3	0.142857142857
0.0301042594444	0.233333333333	19	3	3	0	3	0.136363636364
0.0309216675289	0.232258064516	20	3	3	0	3	0.130434782609
0.0333529801399	0.233333333333	21	3	3	0	3	0.125
0.0338261713344	0.234408602151	22	3	3	0	3	0.12
0.034573982028	0.234408602151	23	3	3	0	3	0.115384615385
0.0351319908514	0.233333333333	24	3	3	0	3	0.111111111111
0.0366210756288	0.234408602151	25	3	3	0	3	0.107142857143
0.0369877291896	0.235483870968	26	3	3	0	3	0.103448275862
0.0371522668006	0.232258064516	26	4	9	0	6	0.1875
0.0388430322373	0.231182795699	27	4	9	0	6	0.181818181818
0.0455911633074	0.232258064516	28	4	9	0	6	0.176470588235
0.0456492065437	0.233333333333	29	4	9	0	6	0.171428571429
0.0494076826662	0.234408602151	30	4	9	0	6	0.166666666667
0.0494448452433	0.234408602151	31	4	9	0	6	0.162162162162
0.0494998111707	0.232258064516	31	5	9	0	8	0.205128205128
0.0494999920533	0.233333333333	32	5	9	0	8	0.2
0.0495850675303	0.233333333333	33	5	9	0	8	0.19512195122
0.0504273296511	0.234408602151	34	5	9	0	8	0.190476190476
0.0506937097172	0.232258064516	34	6	3	0	10	0.227272727273
0.0530416965907	0.231182795699	34	7	3	0	11	0.244444444444
0.0545534767399	0.230107526882	35	7	3	0	11	0.239130434783
0.0551008030712	0.230107526882	36	7	3	0	11	0.234042553191
0.0553383677244	0.231182795699	37	7	3	0	11	0.229166666667
0.0565077506839	0.232258064516	38	7	3	0	11	0.224489795918
0.0611814962442	0.232258064516	39	7	3	0	11	0.22
0.0612733457148	0.233333333333	40	7	3	0	11	0.21568627451
0.0616748322657	0.234408602151	41	7	3	0	11	0.211538461538
0.0639546294375	0.235483870968	42	7	3	0	11	0.207547169811
0.0681136758825	0.233333333333	42	8	3	0	13	0.236363636364
0.0682354861038	0.234408602151	43	8	3	0	13	0.232142857143
0.0690489053732	0.235483870968	44	8	3	0	13	0.228070175439
0.0698562697	0.235483870968	45	8	3	0	13	0.224137931034
0.0705510787382	0.235483870968	46	8	3	0	13	0.220338983051
0.0718343701754	0.236559139785	47	8	3	0	13	0.216666666667
0.0734619026846	0.236559139785	48	8	3	0	13	0.213114754098
0.0771263144124	0.236559139785	48	9	9	0	13	0.213114754098
0.0778615921598	0.237634408602	49	9	9	0	13	0.209677419355
0.0787769735229	0.237634408602	50	9	9	0	13	0.206349206349
0.0797452506052	0.237634408602	50	10	12	0	13	0.206349206349
0.0806448432124	0.238709677419	51	10	12	0	13	0.203125
0.0816533681346	0.238709677419	51	11	6	0	13	0.203125
0.0821626629057	0.238709677419	51	12	3	0	13	0.203125
0.084243853064	0.239784946237	52	12	3	0	13	0.2
0.0856810096428	0.237634408602	52	13	6	0	15	0.223880597015
0.0880013643272	0.238709677419	53	13	6	0	15	0.220588235294
0.0899962070454	0.239784946237	54	13	6	0	15	0.217391304348
0.0901066024551	0.239784946237	55	13	6	0	15	0.214285714286
0.0905633177082	0.238709677419	56	13	6	0	15	0.211267605634
0.0905807592384	0.237634408602	57	13	6	0	15	0.208333333333
0.090957941206	0.238709677419	58	13	6	0	15	0.205479452055
0.0928499105374	0.237634408602	58	14	18	0	16	0.216216216216
0.0933064587423	0.238709677419	59	14	18	0	16	0.213333333333
0.0943570751991	0.237634408602	60	14	18	0	16	0.210526315789
0.0945271163155	0.238709677419	61	14	18	0	16	0.207792207792
0.0949944563029	0.239784946237	62	14	18	0	16	0.205128205128
0.0967136163706	0.239784946237	63	14	18	0	16	0.20253164557
0.0971896132994	0.240860215054	64	14	18	0	16	0.2
0.104199182255	0.241935483871	65	14	18	0	16	0.197530864198
0.104314601104	0.239784946237	65	15	3	0	18	0.21686746988
0.108477517845	0.238709677419	66	15	3	0	18	0.214285714286
0.109096810567	0.239784946237	67	15	3	0	18	0.211764705882
0.109580453335	0.240860215054	68	15	3	0	18	0.209302325581
0.110945993111	0.240860215054	69	15	3	0	18	0.206896551724
0.111664092671	0.240860215054	69	16	3	0	18	0.206896551724
0.111843473256	0.239784946237	70	16	3	0	18	0.204545454545
0.114307943565	0.240860215054	71	16	3	0	18	0.202247191011
0.117309205115	0.238709677419	71	17	3	0	20	0.21978021978
0.117356135635	0.238709677419	71	18	3	0	20	0.21978021978
0.118391830795	0.237634408602	72	18	3	0	20	0.217391304348
0.122621745376	0.238709677419	73	18	3	0	20	0.215053763441
0.123601707806	0.238709677419	74	18	3	0	20	0.212765957447
0.125143997938	0.239784946237	75	18	3	0	20	0.210526315789
0.126019009569	0.240860215054	76	18	3	0	20	0.208333333333
0.126287813876	0.237634408602	76	19	9	0	23	0.232323232323
0.127798004619	0.238709677419	77	19	9	0	23	0.23
0.127868070062	0.238709677419	78	19	9	0	23	0.227722772277
0.128900898323	0.239784946237	79	19	9	0	23	0.225490196078
0.130814657888	0.240860215054	80	19	9	0	23	0.223300970874
0.133182739595	0.240860215054	81	19	9	0	23	0.221153846154
0.134394391403	0.241935483871	82	19	9	0	23	0.219047619048
0.134531348945	0.240860215054	83	19	9	0	23	0.216981132075
0.134608191365	0.241935483871	84	19	9	0	23	0.214953271028
0.135711706109	0.241935483871	85	19	9	0	23	0.212962962963
0.138096331051	0.243010752688	86	19	9	0	23	0.211009174312
0.138325036144	0.239784946237	86	20	9	0	26	0.232142857143
0.138379411222	0.235483870968	86	21	12	0	30	0.258620689655
0.138859274116	0.234408602151	86	22	3	0	31	0.264957264957
0.139193577334	0.235483870968	87	22	3	0	31	0.262711864407
0.140086533494	0.236559139785	88	22	3	0	31	0.260504201681
0.141007255145	0.237634408602	89	22	3	0	31	0.258333333333
0.141744871462	0.238709677419	90	22	3	0	31	0.256198347107
0.142921850398	0.236559139785	90	23	6	0	33	0.268292682927
0.144448389802	0.237634408602	91	23	6	0	33	0.266129032258
0.146658551905	0.238709677419	92	23	6	0	33	0.264
0.149919022584	0.239784946237	93	23	6	0	33	0.261904761905
0.153800216899	0.240860215054	94	23	6	0	33	0.259842519685
0.1548875395	0.241935483871	95	23	6	0	33	0.2578125
0.156724328598	0.243010752688	96	23	6	0	33	0.255813953488
0.157208880201	0.241935483871	97	23	6	0	33	0.253846153846
0.158361421727	0.241935483871	98	23	6	0	33	0.251908396947
0.158445784054	0.243010752688	99	23	6	0	33	0.25
0.158663122233	0.243010752688	100	23	6	0	33	0.248120300752
0.159307999793	0.244086021505	101	23	6	0	33	0.246268656716
0.162566095639	0.245161290323	102	23	6	0	33	0.244444444444
0.163588330956	0.24623655914	103	23	6	0	33	0.242647058824
0.165753155336	0.247311827957	104	23	6	0	33	0.240875912409
0.166736006955	0.248387096774	105	23	6	0	33	0.239130434783
0.168141464417	0.243010752688	105	24	18	0	38	0.265734265734
0.168997693367	0.243010752688	106	24	18	0	38	0.263888888889
0.169016596149	0.240860215054	106	25	6	0	40	0.27397260274
0.169627726492	0.241935483871	107	25	6	0	40	0.272108843537
0.170429276831	0.241935483871	108	25	6	0	40	0.27027027027
0.170729644075	0.243010752688	109	25	6	0	40	0.268456375839
0.172185135756	0.244086021505	110	25	6	0	40	0.266666666667
0.17443614908	0.241935483871	110	26	15	0	42	0.276315789474
0.1763597371	0.238709677419	110	27	9	0	45	0.290322580645
0.177276978898	0.237634408602	110	28	12	0	46	0.294871794872
0.177499147231	0.236559139785	111	28	12	0	46	0.292993630573
0.177684870474	0.237634408602	112	28	12	0	46	0.291139240506
0.17777320679	0.238709677419	113	28	12	0	46	0.289308176101
0.177788563197	0.239784946237	114	28	12	0	46	0.2875
0.178165426775	0.238709677419	115	28	12	0	46	0.285714285714
0.178569383945	0.237634408602	115	29	3	0	47	0.29012345679
0.179483675075	0.238709677419	116	29	3	0	47	0.288343558282
0.180128473911	0.239784946237	117	29	3	0	47	0.286585365854
0.180977418318	0.240860215054	118	29	3	0	47	0.284848484848
0.181809989482	0.239784946237	118	30	9	0	48	0.289156626506
0.18245643729	0.240860215054	119	30	9	0	48	0.287425149701
0.182556325547	0.240860215054	120	30	9	0	48	0.285714285714
0.184364359923	0.241935483871	121	30	9	0	48	0.284023668639
0.185139439398	0.239784946237	121	31	9	0	50	0.292397660819
0.185331449081	0.240860215054	122	31	9	0	50	0.290697674419
0.186237468667	0.240860215054	123	31	9	0	50	0.28901734104
0.186664673839	0.240860215054	124	31	9	0	50	0.287356321839
0.188196871414	0.239784946237	125	31	9	0	50	0.285714285714
0.188366492085	0.236559139785	125	32	9	0	53	0.297752808989
0.188664787782	0.229032258065	125	33	21	0	60	0.324324324324
0.188672873588	0.230107526882	126	33	21	0	60	0.322580645161
0.190129367325	0.230107526882	126	34	3	0	60	0.322580645161
0.191208323824	0.229032258065	126	35	9	0	61	0.326203208556
0.192841551439	0.227956989247	127	35	9	0	61	0.324468085106
0.193126420055	0.224731182796	127	36	24	0	64	0.335078534031
0.193364400199	0.225806451613	128	36	24	0	64	0.333333333333
0.19444447852	0.224731182796	129	36	24	0	64	0.331606217617
0.197961397302	0.225806451613	130	36	24	0	64	0.329896907216
0.20013436958	0.222580645161	130	37	6	0	67	0.340101522843
0.202390534521	0.21935483871	130	38	6	0	70	0.35
0.202839468896	0.218279569892	130	39	15	0	71	0.353233830846
0.204724608547	0.21935483871	131	39	15	0	71	0.351485148515
0.205589633849	0.220430107527	132	39	15	0	71	0.349753694581
0.20638230434	0.221505376344	133	39	15	0	71	0.348039215686
0.209049157357	0.222580645161	134	39	15	0	71	0.346341463415
0.209185255333	0.222580645161	135	39	15	0	71	0.344660194175
0.209240580187	0.222580645161	136	39	15	0	71	0.342995169082
0.209537054818	0.223655913978	137	39	15	0	71	0.341346153846
0.210425973483	0.218279569892	137	40	18	0	76	0.356807511737
0.211261136805	0.21935483871	138	40	18	0	76	0.355140186916
0.211855608406	0.217204301075	138	41	3	0	78	0.361111111111
0.21288084783	0.218279569892	139	41	3	0	78	0.359447004608
0.215706230821	0.21935483871	140	41	3	0	78	0.357798165138
0.21619677949	0.208602150538	140	42	36	0	88	0.385964912281
0.216508502574	0.209677419355	141	42	36	0	88	0.384279475983
0.216639904872	0.209677419355	141	43	6	0	88	0.384279475983
0.21669093562	0.208602150538	142	43	6	0	88	0.382608695652
0.217762676176	0.206451612903	142	44	15	0	90	0.387931034483
0.219022135517	0.20752688172	143	44	15	0	90	0.386266094421
0.219079410503	0.208602150538	144	44	15	0	90	0.384615384615
0.22108218898	0.209677419355	145	44	15	0	90	0.382978723404
0.221726128273	0.208602150538	146	44	15	0	90	0.381355932203
0.225739485815	0.209677419355	147	44	15	0	90	0.379746835443
0.225793844898	0.210752688172	148	44	15	0	90	0.378151260504
0.228786604966	0.211827956989	149	44	15	0	90	0.376569037657
0.229159644953	0.212903225806	150	44	15	0	90	0.375
0.22994083096	0.213978494624	151	44	15	0	90	0.373443983402
0.231911930741	0.212903225806	152	44	15	0	90	0.371900826446
0.23298170776	0.213978494624	153	44	15	0	90	0.37037037037
0.234768155168	0.215053763441	154	44	15	0	90	0.368852459016
0.236767471951	0.216129032258	155	44	15	0	90	0.367346938776
0.237818366176	0.217204301075	156	44	15	0	90	0.365853658537
0.23890195016	0.216129032258	157	44	15	0	90	0.364372469636
0.240089960516	0.217204301075	158	44	15	0	90	0.362903225806
0.240216855881	0.218279569892	159	44	15	0	90	0.361445783133
0.241079490786	0.21935483871	160	44	15	0	90	0.36
0.244306899826	0.216129032258	160	45	15	0	93	0.367588932806
0.245889144675	0.216129032258	161	45	15	0	93	0.366141732283
0.246115975816	0.215053763441	162	45	15	0	93	0.364705882353
0.2461352641	0.213978494624	163	45	15	0	93	0.36328125
0.246817358983	0.215053763441	164	45	15	0	93	0.36186770428
0.248079452096	0.215053763441	165	45	15	0	93	0.360465116279
0.249227250717	0.215053763441	165	46	6	0	93	0.360465116279
0.251141672948	0.215053763441	165	47	3	0	93	0.360465116279
0.251594152175	0.215053763441	165	48	6	0	93	0.360465116279
0.251692513708	0.210752688172	165	49	33	0	97	0.370229007634
0.252665212928	0.209677419355	166	49	33	0	97	0.368821292776
0.252686701247	0.210752688172	167	49	33	0	97	0.367424242424
0.253261250081	0.209677419355	168	49	33	0	97	0.366037735849
0.253424168186	0.209677419355	168	50	3	0	97	0.366037735849
0.254672601026	0.209677419355	169	50	3	0	97	0.364661654135
0.257664399807	0.210752688172	170	50	3	0	97	0.36329588015
0.257974630139	0.208602150538	170	51	12	0	99	0.368029739777
0.25834808844	0.209677419355	171	51	12	0	99	0.366666666667
0.259037840737	0.20752688172	171	52	6	0	101	0.371323529412
0.259313688933	0.2	171	53	36	0	108	0.387096774194
0.260165803798	0.201075268817	172	53	36	0	108	0.385714285714
0.263716878411	0.202150537634	173	53	36	0	108	0.384341637011
0.266381545829	0.203225806452	174	53	36	0	108	0.382978723404
0.269788929771	0.203225806452	175	53	36	0	108	0.381625441696
0.270042713209	0.204301075269	176	53	36	0	108	0.380281690141
0.272676068756	0.205376344086	177	53	36	0	108	0.378947368421
0.272927648942	0.205376344086	177	54	12	0	108	0.378947368421
0.272994371612	0.206451612903	178	54	12	0	108	0.377622377622
0.274059846477	0.20752688172	179	54	12	0	108	0.376306620209
0.276030059779	0.206451612903	180	54	12	0	108	0.375
0.276282936314	0.20752688172	181	54	12	0	108	0.373702422145
0.277331664803	0.208602150538	182	54	12	0	108	0.372413793103
0.278076865265	0.209677419355	183	54	12	0	108	0.371134020619
0.278444581097	0.206451612903	183	55	15	0	111	0.377551020408
0.278542724555	0.205376344086	184	55	15	0	111	0.376271186441
0.278816055648	0.206451612903	185	55	15	0	111	0.375
0.279872946327	0.20752688172	186	55	15	0	111	0.373737373737
0.28348221259	0.208602150538	187	55	15	0	111	0.372483221477
0.284877567017	0.209677419355	188	55	15	0	111	0.371237458194
0.285857890863	0.209677419355	188	56	6	0	111	0.371237458194
0.286492808675	0.210752688172	189	56	6	0	111	0.37
0.286531796928	0.20752688172	189	57	15	0	114	0.376237623762
0.286706949057	0.20752688172	190	57	15	0	114	0.375
0.28700532786	0.208602150538	191	57	15	0	114	0.373770491803
0.287327489419	0.205376344086	191	58	12	0	117	0.37987012987
0.28827555439	0.205376344086	191	59	3	0	117	0.37987012987
0.289221121926	0.206451612903	192	59	3	0	117	0.378640776699
0.289448763017	0.20752688172	193	59	3	0	117	0.377419354839
0.290397613339	0.208602150538	194	59	3	0	117	0.376205787781
0.292250870728	0.208602150538	195	59	3	0	117	0.375
0.292349939547	0.209677419355	196	59	3	0	117	0.373801916933
0.293734970774	0.209677419355	196	60	6	0	117	0.373801916933
0.294158254307	0.208602150538	197	60	6	0	117	0.372611464968
0.294476835586	0.209677419355	198	60	6	0	117	0.371428571429
0.294783401331	0.208602150538	199	60	6	0	117	0.370253164557
0.295217254212	0.209677419355	200	60	6	0	117	0.369085173502
0.29565178921	0.210752688172	201	60	6	0	117	0.367924528302
0.296251499527	0.210752688172	201	61	3	0	117	0.367924528302
0.297264470725	0.211827956989	202	61	3	0	117	0.366771159875
0.297573748572	0.212903225806	203	61	3	0	117	0.365625
0.298260645852	0.211827956989	204	61	3	0	117	0.364485981308
0.299885871746	0.204301075269	204	62	27	0	124	0.378048780488
0.300270879799	0.204301075269	205	62	27	0	124	0.376899696049
0.300801291226	0.205376344086	206	62	27	0	124	0.375757575758
0.30104915506	0.205376344086	207	62	27	0	124	0.374622356495
0.301208993274	0.205376344086	208	62	27	0	124	0.373493975904
0.30231456616	0.206451612903	209	62	27	0	124	0.372372372372
0.303442069251	0.206451612903	210	62	27	0	124	0.37125748503
0.303630506628	0.205376344086	211	62	27	0	124	0.370149253731
0.304146950001	0.206451612903	212	62	27	0	124	0.369047619048
0.306657617511	0.205376344086	212	63	6	0	125	0.370919881306
0.30727110484	0.206451612903	213	63	6	0	125	0.369822485207
0.307876813062	0.20752688172	214	63	6	0	125	0.368731563422
0.308025079364	0.205376344086	214	64	3	0	127	0.372434017595
0.308130617301	0.206451612903	215	64	3	0	127	0.37134502924
0.309090563127	0.20752688172	216	64	3	0	127	0.370262390671
0.31375073705	0.206451612903	217	64	3	0	127	0.369186046512
0.314693714843	0.205376344086	217	65	3	0	128	0.371014492754
0.315413753834	0.205376344086	218	65	3	0	128	0.369942196532
0.315639394777	0.206451612903	219	65	3	0	128	0.368876080692
0.315751662954	0.20752688172	220	65	3	0	128	0.367816091954
