# time 	 divergence 	 # of mutations 	 # IGC chances 	 IGC length 	 # IGC failures 	 Changes due to IGC  	 % change due to IGC 
0.0	0.0224948875256	0	0	0	0	0	0.0
0.000618842380452	0.0245398773006	1	0	0	0	0	0.0
0.000704429552104	0.0245398773006	1	1	3	0	0	0.0
0.000739042121506	0.0224948875256	1	2	3	0	1	0.5
0.000841807329902	0.0224948875256	1	3	3	0	1	0.5
0.00102271384022	0.0224948875256	1	4	3	0	1	0.5
0.00134975675656	0.0224948875256	1	5	3	0	1	0.5
0.00158926376584	0.0224948875256	1	6	3	0	1	0.5
0.00175135089621	0.0224948875256	1	7	3	0	1	0.5
0.00194561742862	0.0245398773006	2	7	3	0	1	0.333333333333
0.00246907128306	0.0245398773006	2	8	3	0	1	0.333333333333
0.00268004178463	0.0245398773006	2	9	3	0	1	0.333333333333
0.00279343616252	0.0245398773006	2	10	3	0	1	0.333333333333
0.00305058901353	0.0245398773006	2	11	3	0	1	0.333333333333
0.00327036835027	0.0245398773006	2	12	3	0	1	0.333333333333
0.00345876194764	0.0245398773006	2	13	3	0	1	0.333333333333
0.00357209620535	0.0245398773006	2	14	3	0	1	0.333333333333
0.00387812270704	0.0245398773006	2	15	3	0	1	0.333333333333
0.00448262552901	0.0245398773006	2	16	3	0	1	0.333333333333
0.00468095105743	0.0245398773006	2	17	3	0	1	0.333333333333
0.00473073294747	0.0245398773006	2	18	3	0	1	0.333333333333
0.00525378243489	0.0245398773006	2	19	3	0	1	0.333333333333
0.00552021937312	0.0245398773006	2	20	3	0	1	0.333333333333
0.00552737995072	0.0245398773006	2	21	3	0	1	0.333333333333
0.0055362547136	0.0245398773006	2	22	3	0	1	0.333333333333
0.00571089235038	0.0245398773006	2	23	3	0	1	0.333333333333
0.0068755537476	0.0265848670757	3	23	3	0	1	0.25
0.00712968944818	0.0286298568507	4	23	3	0	1	0.2
0.0073705185226	0.0286298568507	4	24	3	0	1	0.2
0.0073884690262	0.0286298568507	4	25	3	0	1	0.2
0.00759114508541	0.0286298568507	4	26	3	0	1	0.2
0.00835100614678	0.0286298568507	4	27	3	0	1	0.2
0.00862488828024	0.0286298568507	4	28	3	0	1	0.2
0.00863981507531	0.0286298568507	4	29	3	0	1	0.2
0.00887499002236	0.0286298568507	4	30	3	0	1	0.2
0.00921747601934	0.0286298568507	4	31	3	0	1	0.2
0.00931918267546	0.0286298568507	4	32	3	0	1	0.2
0.00939149903225	0.0286298568507	4	33	3	0	1	0.2
0.00947772170317	0.0286298568507	4	34	3	0	1	0.2
0.00952534898586	0.0286298568507	4	35	3	0	1	0.2
0.00987052732295	0.0286298568507	4	36	3	0	1	0.2
0.0100362125688	0.0286298568507	4	37	3	0	1	0.2
0.0103719852819	0.0265848670757	4	38	3	0	2	0.333333333333
0.0108709817063	0.0265848670757	4	39	3	0	2	0.333333333333
0.0113466073281	0.0245398773006	4	40	3	0	3	0.428571428571
0.0116410248892	0.0245398773006	4	41	3	0	3	0.428571428571
0.0125626216508	0.0245398773006	4	42	3	0	3	0.428571428571
0.0126349529482	0.0245398773006	4	43	3	0	3	0.428571428571
0.0128941747617	0.0245398773006	4	44	3	0	3	0.428571428571
0.0129902963889	0.0245398773006	4	45	3	0	3	0.428571428571
0.0133481441078	0.0245398773006	4	46	3	0	3	0.428571428571
0.0137159789738	0.0245398773006	4	47	3	0	3	0.428571428571
0.0138977068216	0.0245398773006	4	48	3	0	3	0.428571428571
0.0142222766318	0.0245398773006	4	49	3	0	3	0.428571428571
0.0144380788581	0.0245398773006	4	50	3	0	3	0.428571428571
0.0151582495663	0.0245398773006	4	51	3	0	3	0.428571428571
0.0157361136603	0.0245398773006	4	52	3	0	3	0.428571428571
0.015869122375	0.0245398773006	4	53	3	0	3	0.428571428571
0.0159201127597	0.0245398773006	4	54	3	0	3	0.428571428571
0.0159424913004	0.0245398773006	4	55	3	0	3	0.428571428571
0.0170673036452	0.0224948875256	4	56	3	0	4	0.5
0.0171031471565	0.0224948875256	4	57	3	0	4	0.5
0.0172722667864	0.0224948875256	4	58	3	0	4	0.5
0.0173632046062	0.0245398773006	5	58	3	0	4	0.444444444444
0.0174866087433	0.0224948875256	5	59	3	0	5	0.5
0.0175241996935	0.0224948875256	5	60	3	0	5	0.5
0.0176569386667	0.0224948875256	5	61	3	0	5	0.5
0.0176663502532	0.0224948875256	5	62	3	0	5	0.5
0.0177562622334	0.0224948875256	5	63	3	0	5	0.5
0.0178109944533	0.0224948875256	5	64	3	0	5	0.5
0.0180840222972	0.0224948875256	5	65	3	0	5	0.5
0.0182470233039	0.0224948875256	5	66	3	0	5	0.5
0.0182727916181	0.0224948875256	5	67	3	0	5	0.5
0.0182843577696	0.0224948875256	5	68	3	0	5	0.5
0.0184407080159	0.0224948875256	5	69	3	0	5	0.5
0.0194200579129	0.0204498977505	5	70	3	0	6	0.545454545455
0.019425043355	0.0204498977505	5	71	3	0	6	0.545454545455
0.0197795509052	0.0204498977505	5	72	3	0	6	0.545454545455
0.0199027058106	0.0204498977505	5	73	3	0	6	0.545454545455
0.0199434146012	0.0184049079755	5	74	3	0	7	0.583333333333
0.0201679706708	0.0184049079755	5	75	3	0	7	0.583333333333
0.0204320552602	0.0184049079755	5	76	3	0	7	0.583333333333
0.0210081663195	0.0204498977505	6	76	3	0	7	0.538461538462
0.0217049717787	0.0204498977505	6	77	3	0	7	0.538461538462
0.0221258859752	0.0204498977505	6	78	3	0	7	0.538461538462
0.0222498232629	0.0204498977505	6	79	3	0	7	0.538461538462
0.0232957293266	0.0204498977505	6	80	3	0	7	0.538461538462
0.0235371729752	0.0204498977505	6	81	3	0	7	0.538461538462
0.0240849042132	0.0224948875256	7	81	3	0	7	0.5
0.0246092529678	0.0224948875256	7	82	3	0	7	0.5
0.0248514012119	0.0224948875256	7	83	3	0	7	0.5
0.0248859434957	0.0224948875256	7	84	3	0	7	0.5
0.0249331051885	0.0224948875256	7	85	3	0	7	0.5
0.0254995046479	0.0224948875256	7	86	3	0	7	0.5
0.0257973328955	0.0224948875256	7	87	3	0	7	0.5
0.0259196604804	0.0224948875256	7	88	3	0	7	0.5
0.0262031391573	0.0224948875256	7	89	3	0	7	0.5
0.026451238711	0.0224948875256	7	90	3	0	7	0.5
0.0266485218443	0.0224948875256	7	91	3	0	7	0.5
0.0267619631577	0.0224948875256	7	92	3	0	7	0.5
0.0269222804852	0.0224948875256	7	93	3	0	7	0.5
0.0269849162783	0.0224948875256	7	94	3	0	7	0.5
0.0271286502514	0.0224948875256	7	95	3	0	7	0.5
0.0271953221926	0.0224948875256	7	96	3	0	7	0.5
0.0272608030996	0.0224948875256	7	97	3	0	7	0.5
0.0274784291966	0.0224948875256	7	98	3	0	7	0.5
0.0278340701387	0.0224948875256	7	99	3	0	7	0.5
0.0293988264034	0.0224948875256	7	100	3	0	7	0.5
0.0294604857915	0.0224948875256	7	101	3	0	7	0.5
0.0294869372644	0.0224948875256	7	102	3	0	7	0.5
0.0295526170597	0.0224948875256	7	103	3	0	7	0.5
0.0299048849549	0.0224948875256	7	104	3	0	7	0.5
0.0303762446593	0.0245398773006	8	104	3	0	7	0.466666666667
0.0304960675964	0.0245398773006	8	105	3	0	7	0.466666666667
0.0306179722028	0.0245398773006	8	106	3	0	7	0.466666666667
0.0312420411492	0.0265848670757	9	106	3	0	7	0.4375
0.0315427831832	0.0265848670757	9	107	3	0	7	0.4375
0.0318820477146	0.0286298568507	10	107	3	0	7	0.411764705882
0.0322486978914	0.0286298568507	10	108	3	0	7	0.411764705882
0.0323218739876	0.0286298568507	10	109	3	0	7	0.411764705882
0.0323822742279	0.0286298568507	10	110	3	0	7	0.411764705882
0.0331853533515	0.0286298568507	10	111	3	0	7	0.411764705882
0.0336980625332	0.0286298568507	10	112	3	0	7	0.411764705882
0.0338543264569	0.0306748466258	11	112	3	0	7	0.388888888889
0.0338725661329	0.0286298568507	11	113	3	0	8	0.421052631579
0.0341475423673	0.0286298568507	11	114	3	0	8	0.421052631579
0.0341483857351	0.0286298568507	11	115	3	0	8	0.421052631579
0.0342899841295	0.0286298568507	11	116	3	0	8	0.421052631579
0.0348961754239	0.0286298568507	11	117	3	0	8	0.421052631579
0.0359186407561	0.0286298568507	11	118	3	0	8	0.421052631579
0.0359724032669	0.0286298568507	11	119	3	0	8	0.421052631579
0.0361534155456	0.0286298568507	11	120	3	0	8	0.421052631579
0.0361653717077	0.0286298568507	11	121	3	0	8	0.421052631579
0.0362059176815	0.0286298568507	11	122	3	0	8	0.421052631579
0.036231434307	0.0286298568507	11	123	3	0	8	0.421052631579
0.0364804938714	0.0286298568507	11	124	3	0	8	0.421052631579
0.0372531420971	0.0286298568507	11	125	3	0	8	0.421052631579
0.0374471652044	0.0286298568507	11	126	3	0	8	0.421052631579
0.0380895664765	0.0286298568507	11	127	3	0	8	0.421052631579
0.0381468146691	0.0286298568507	11	128	3	0	8	0.421052631579
0.0381889204802	0.0286298568507	11	129	3	0	8	0.421052631579
0.0383505108298	0.0286298568507	11	130	3	0	8	0.421052631579
0.0384508242716	0.0286298568507	11	131	3	0	8	0.421052631579
0.0385930746269	0.0286298568507	11	132	3	0	8	0.421052631579
0.0391206497509	0.0286298568507	11	133	3	0	8	0.421052631579
0.0391456604204	0.0286298568507	11	134	3	0	8	0.421052631579
0.0393966231969	0.0286298568507	11	135	3	0	8	0.421052631579
0.0396947172505	0.0286298568507	11	136	3	0	8	0.421052631579
0.0398378486881	0.0286298568507	11	137	3	0	8	0.421052631579
0.0400747324707	0.0286298568507	11	138	3	0	8	0.421052631579
0.0402483128263	0.0286298568507	11	139	3	0	8	0.421052631579
0.0411408782124	0.0286298568507	11	140	3	0	8	0.421052631579
0.0412713224424	0.0286298568507	11	141	3	0	8	0.421052631579
0.0415509304769	0.0286298568507	11	142	3	0	8	0.421052631579
0.04170987771	0.0286298568507	11	143	3	0	8	0.421052631579
0.041779694482	0.0265848670757	11	144	3	0	9	0.45
0.0419234089279	0.0265848670757	11	145	3	0	9	0.45
0.0420244547383	0.0265848670757	11	146	3	0	9	0.45
0.0424522172348	0.0265848670757	11	147	3	0	9	0.45
0.0425218128526	0.0286298568507	12	147	3	0	9	0.428571428571
0.0425546659319	0.0286298568507	12	148	3	0	9	0.428571428571
0.0425600842604	0.0286298568507	12	149	3	0	9	0.428571428571
0.0426335324263	0.0286298568507	12	150	3	0	9	0.428571428571
0.0427172253375	0.0265848670757	12	151	3	0	10	0.454545454545
0.0428710310376	0.0265848670757	12	152	3	0	10	0.454545454545
0.0437653343572	0.0265848670757	12	153	3	0	10	0.454545454545
0.0438407275485	0.0265848670757	12	154	3	0	10	0.454545454545
0.0441349487791	0.0265848670757	12	155	3	0	10	0.454545454545
0.0441920928445	0.0265848670757	12	156	3	0	10	0.454545454545
0.0443330900935	0.0265848670757	12	157	3	0	10	0.454545454545
0.044376445562	0.0286298568507	13	157	3	0	10	0.434782608696
0.0444819084326	0.0286298568507	13	158	3	0	10	0.434782608696
0.0446202656554	0.0286298568507	13	159	3	0	10	0.434782608696
0.0446854264201	0.0286298568507	13	160	3	0	10	0.434782608696
0.0447199873929	0.0286298568507	13	161	3	0	10	0.434782608696
0.0447528322144	0.0286298568507	13	162	3	0	10	0.434782608696
0.0452386561261	0.0286298568507	13	163	3	0	10	0.434782608696
0.0453005069072	0.0286298568507	13	164	3	0	10	0.434782608696
0.0456504913866	0.0286298568507	13	165	3	0	10	0.434782608696
0.0457571587544	0.0286298568507	13	166	3	0	10	0.434782608696
0.0457579618854	0.0306748466258	14	166	3	0	10	0.416666666667
0.0461173130109	0.0306748466258	14	167	3	0	10	0.416666666667
0.0462830315474	0.0306748466258	14	168	3	0	10	0.416666666667
0.0463729515664	0.0306748466258	14	169	3	0	10	0.416666666667
0.0464244555805	0.0306748466258	14	170	3	0	10	0.416666666667
0.0464486531537	0.0306748466258	14	171	3	0	10	0.416666666667
0.0467209809925	0.0327198364008	15	171	3	0	10	0.4
0.0468096720174	0.0327198364008	15	172	3	0	10	0.4
0.0469874785592	0.0327198364008	15	173	3	0	10	0.4
0.0475121546545	0.0327198364008	15	174	3	0	10	0.4
0.0479744573791	0.0327198364008	15	175	3	0	10	0.4
0.0479988153512	0.0327198364008	15	176	3	0	10	0.4
0.0484089647453	0.0306748466258	15	177	3	0	11	0.423076923077
0.0490991168021	0.0286298568507	15	178	3	0	12	0.444444444444
0.0496801591254	0.0245398773006	15	179	3	0	14	0.48275862069
0.0496973295818	0.0245398773006	15	180	3	0	14	0.48275862069
0.0498025926211	0.0245398773006	15	181	3	0	14	0.48275862069
0.0500008339882	0.0245398773006	15	182	3	0	14	0.48275862069
0.050124610868	0.0245398773006	15	183	3	0	14	0.48275862069
0.0503699260885	0.0245398773006	15	184	3	0	14	0.48275862069
0.0507456327233	0.0245398773006	15	185	3	0	14	0.48275862069
0.0512053777294	0.0245398773006	15	186	3	0	14	0.48275862069
0.0519274802442	0.0245398773006	15	187	3	0	14	0.48275862069
0.0521197788803	0.0245398773006	15	188	3	0	14	0.48275862069
0.0526559751605	0.0245398773006	15	189	3	0	14	0.48275862069
0.0527948291269	0.0245398773006	15	190	3	0	14	0.48275862069
0.0530806208203	0.0245398773006	15	191	3	0	14	0.48275862069
0.0533333051547	0.0245398773006	15	192	3	0	14	0.48275862069
0.0538866162207	0.0245398773006	15	193	3	0	14	0.48275862069
0.0542998792844	0.0245398773006	15	194	3	0	14	0.48275862069
0.0544759680841	0.0245398773006	15	195	3	0	14	0.48275862069
0.0550518541811	0.0245398773006	15	196	3	0	14	0.48275862069
0.0554437184588	0.0245398773006	15	197	3	0	14	0.48275862069
0.0560541418916	0.0245398773006	15	198	3	0	14	0.48275862069
0.0572111346191	0.0224948875256	15	199	3	0	15	0.5
0.0574117475457	0.0224948875256	15	200	3	0	15	0.5
0.0575159983246	0.0204498977505	15	201	3	0	16	0.516129032258
0.0576469372055	0.0204498977505	15	202	3	0	16	0.516129032258
0.058010473068	0.0204498977505	15	203	3	0	16	0.516129032258
0.0580135405611	0.0204498977505	15	204	3	0	16	0.516129032258
0.0586991269854	0.0224948875256	16	204	3	0	16	0.5
0.0591774796516	0.0224948875256	16	205	3	0	16	0.5
0.0592787647686	0.0224948875256	16	206	3	0	16	0.5
0.0593195293407	0.0224948875256	16	207	3	0	16	0.5
0.0596363824404	0.0224948875256	16	208	3	0	16	0.5
0.0603908133042	0.0224948875256	16	209	3	0	16	0.5
0.0613691958631	0.0224948875256	16	210	3	0	16	0.5
0.0618260454373	0.0224948875256	16	211	3	0	16	0.5
0.0618704455151	0.0204498977505	16	212	3	0	17	0.515151515152
0.062279482288	0.0224948875256	17	212	3	0	17	0.5
0.0625068060185	0.0224948875256	17	213	3	0	17	0.5
0.0625767834519	0.0224948875256	17	214	3	0	17	0.5
0.0625876472504	0.0224948875256	17	215	3	0	17	0.5
0.0626604922336	0.0204498977505	17	216	3	0	18	0.514285714286
0.0629302468594	0.0204498977505	17	217	3	0	18	0.514285714286
0.0631225041274	0.0204498977505	17	218	3	0	18	0.514285714286
0.0633917899081	0.0204498977505	17	219	3	0	18	0.514285714286
0.0643597766212	0.0204498977505	17	220	3	0	18	0.514285714286
0.0650718921196	0.0224948875256	18	220	3	0	18	0.5
0.0651444934846	0.0224948875256	18	221	3	0	18	0.5
0.065195618279	0.0245398773006	19	221	3	0	18	0.486486486486
0.0652268228992	0.0245398773006	19	222	3	0	18	0.486486486486
0.0661002845162	0.0224948875256	19	223	3	0	19	0.5
0.0666569546833	0.0224948875256	19	224	3	0	19	0.5
0.0666755858814	0.0224948875256	19	225	3	0	19	0.5
0.0673204571585	0.0245398773006	20	225	3	0	19	0.487179487179
0.0676464096652	0.0245398773006	20	226	3	0	19	0.487179487179
0.0691817341903	0.0245398773006	20	227	3	0	19	0.487179487179
0.0692004675774	0.0224948875256	20	228	3	0	20	0.5
0.0695791172727	0.0224948875256	20	229	3	0	20	0.5
0.0696776574362	0.0224948875256	20	230	3	0	20	0.5
0.0697638041049	0.0224948875256	20	231	3	0	20	0.5
0.0707371068419	0.0224948875256	20	232	3	0	20	0.5
0.0710242649257	0.0224948875256	20	233	3	0	20	0.5
0.0711723660872	0.0224948875256	20	234	3	0	20	0.5
0.071377182289	0.0224948875256	20	235	3	0	20	0.5
0.0715301632072	0.0224948875256	20	236	3	0	20	0.5
0.0722424725389	0.0224948875256	20	237	3	0	20	0.5
0.0723727990036	0.0224948875256	20	238	3	0	20	0.5
0.072733269149	0.0204498977505	20	239	3	0	21	0.512195121951
0.0731788236887	0.0204498977505	20	240	3	0	21	0.512195121951
0.0732662199088	0.0224948875256	21	240	3	0	21	0.5
0.0733530224391	0.0224948875256	21	241	3	0	21	0.5
0.074077916709	0.0224948875256	21	242	3	0	21	0.5
0.0742607627615	0.0224948875256	21	243	3	0	21	0.5
0.0743202113827	0.0224948875256	21	244	3	0	21	0.5
0.0748426134052	0.0224948875256	21	245	3	0	21	0.5
0.075080259815	0.0224948875256	21	246	3	0	21	0.5
0.0751063174174	0.0224948875256	21	247	3	0	21	0.5
0.0755497192606	0.0224948875256	21	248	3	0	21	0.5
0.0758887230221	0.0224948875256	21	249	3	0	21	0.5
0.0759843099357	0.0224948875256	21	250	3	0	21	0.5
0.0760152131439	0.0204498977505	21	251	3	0	22	0.511627906977
0.076096445325	0.0204498977505	21	252	3	0	22	0.511627906977
0.0766826737164	0.0204498977505	21	253	3	0	22	0.511627906977
0.0768585645756	0.0204498977505	21	254	3	0	22	0.511627906977
0.0774078696385	0.0204498977505	21	255	3	0	22	0.511627906977
0.0777624892335	0.0184049079755	21	256	3	0	23	0.522727272727
0.0778128452424	0.0184049079755	21	257	3	0	23	0.522727272727
0.0780651651034	0.0184049079755	21	258	3	0	23	0.522727272727
0.079619911125	0.0184049079755	21	259	3	0	23	0.522727272727
0.0796671120343	0.0184049079755	21	260	3	0	23	0.522727272727
0.0797382119022	0.0184049079755	21	261	3	0	23	0.522727272727
0.0804939181575	0.0184049079755	21	262	3	0	23	0.522727272727
0.0809186561533	0.0184049079755	21	263	3	0	23	0.522727272727
0.0811245991718	0.0184049079755	21	264	3	0	23	0.522727272727
0.0813146536196	0.0184049079755	21	265	3	0	23	0.522727272727
0.0815621350922	0.0184049079755	21	266	3	0	23	0.522727272727
0.0815718248918	0.0204498977505	22	266	3	0	23	0.511111111111
0.0819815115558	0.0204498977505	22	267	3	0	23	0.511111111111
0.0822379290729	0.0204498977505	22	268	3	0	23	0.511111111111
0.0828506920427	0.0224948875256	23	268	3	0	23	0.5
0.0830746434641	0.0224948875256	23	269	3	0	23	0.5
0.0836960667816	0.0224948875256	23	270	3	0	23	0.5
0.0839492259494	0.0224948875256	23	271	3	0	23	0.5
0.0839733176507	0.0224948875256	23	272	3	0	23	0.5
0.0842112223149	0.0224948875256	23	273	3	0	23	0.5
0.0843182646864	0.0224948875256	23	274	3	0	23	0.5
0.0845047340734	0.0224948875256	23	275	3	0	23	0.5
0.0845195122188	0.0224948875256	23	276	3	0	23	0.5
0.0846173127589	0.0224948875256	23	277	3	0	23	0.5
0.0847980559138	0.0224948875256	23	278	3	0	23	0.5
