# time 	 divergence 	 # of mutations 	 # IGC chances 	 IGC length 	 # IGC failures 	 Changes due to IGC  	 % change due to IGC 
0.0	0.0149572649573	0	0	0	0	0	0.0
0.000467914606213	0.017094017094	1	0	0	0	0	0.0
0.000572991208345	0.017094017094	1	1	3	0	0	0.0
0.000663168659771	0.017094017094	1	2	3	0	0	0.0
0.000708525737243	0.017094017094	1	3	3	0	0	0.0
0.000807058230588	0.017094017094	1	4	3	0	0	0.0
0.0011166469227	0.017094017094	1	5	3	0	0	0.0
0.00115601196259	0.017094017094	1	6	3	0	0	0.0
0.00137956045262	0.0192307692308	2	6	3	0	0	0.0
0.00168963064727	0.0192307692308	2	7	3	0	0	0.0
0.00169882614476	0.0192307692308	2	8	3	0	0	0.0
0.00190392009533	0.0192307692308	2	9	3	0	0	0.0
0.00219862493109	0.0192307692308	2	10	3	0	0	0.0
0.00222081221713	0.0192307692308	2	11	3	0	0	0.0
0.00237117169272	0.0192307692308	2	12	3	0	0	0.0
0.00242049719607	0.0192307692308	2	13	3	0	0	0.0
0.00258460723657	0.0192307692308	2	14	3	0	0	0.0
0.00265050780954	0.0192307692308	2	15	3	0	0	0.0
0.00281673111596	0.0192307692308	2	16	3	0	0	0.0
0.0029567745618	0.0192307692308	2	17	3	0	0	0.0
0.00302389301377	0.0192307692308	2	18	3	0	0	0.0
0.00305011056625	0.0192307692308	2	19	3	0	0	0.0
0.00317708093233	0.0192307692308	2	20	3	0	0	0.0
0.0033691765434	0.0192307692308	2	21	3	0	0	0.0
0.00376894984743	0.0192307692308	2	22	3	0	0	0.0
0.00400500432729	0.0213675213675	3	22	3	0	0	0.0
0.00404228455043	0.0213675213675	3	23	3	0	0	0.0
0.00427430090931	0.0213675213675	3	24	3	0	0	0.0
0.00456027857513	0.0213675213675	3	25	3	0	0	0.0
0.00459433035571	0.0213675213675	3	26	3	0	0	0.0
0.00467904332539	0.0213675213675	3	27	3	0	0	0.0
0.00472313527943	0.0213675213675	3	28	3	0	0	0.0
0.00480323811759	0.0213675213675	3	29	3	0	0	0.0
0.00481405478902	0.0213675213675	3	30	3	0	0	0.0
0.00489389016923	0.0213675213675	3	31	3	0	0	0.0
0.00504688920354	0.0213675213675	3	32	3	0	0	0.0
0.00514663407114	0.0213675213675	3	33	3	0	0	0.0
0.00521888126697	0.017094017094	3	34	3	0	2	0.4
0.00540144035888	0.017094017094	3	35	3	0	2	0.4
0.00556349768375	0.017094017094	3	36	3	0	2	0.4
0.00560969168046	0.017094017094	3	37	3	0	2	0.4
0.00568387908675	0.017094017094	3	38	3	0	2	0.4
0.00572843798877	0.017094017094	3	39	3	0	2	0.4
0.00577348528449	0.0192307692308	4	39	3	0	2	0.333333333333
0.00598161205772	0.0192307692308	4	40	3	0	2	0.333333333333
0.00613723635374	0.0192307692308	4	41	3	0	2	0.333333333333
0.00641325635084	0.0192307692308	4	42	3	0	2	0.333333333333
0.00674140034055	0.0192307692308	4	43	3	0	2	0.333333333333
0.00679418765832	0.0192307692308	4	44	3	0	2	0.333333333333
0.00694441872	0.017094017094	4	45	3	0	3	0.428571428571
0.00699939278072	0.017094017094	4	46	3	0	3	0.428571428571
0.00708166787321	0.017094017094	4	47	3	0	3	0.428571428571
0.00724442397492	0.017094017094	4	48	3	0	3	0.428571428571
0.00725836634764	0.017094017094	4	49	3	0	3	0.428571428571
0.00732923578292	0.017094017094	4	50	3	0	3	0.428571428571
0.0076290472278	0.0149572649573	4	51	3	0	4	0.5
0.00764232469874	0.0149572649573	4	52	3	0	4	0.5
0.0078493241463	0.0149572649573	4	53	3	0	4	0.5
0.00786630360768	0.0149572649573	4	54	3	0	4	0.5
0.00815348379311	0.0149572649573	4	55	3	0	4	0.5
0.00818625731214	0.0128205128205	4	56	3	0	5	0.555555555556
0.0088712135098	0.0128205128205	4	57	3	0	5	0.555555555556
0.00992506313513	0.0128205128205	4	58	3	0	5	0.555555555556
0.0100104833632	0.0128205128205	4	59	3	0	5	0.555555555556
0.0102467822516	0.0128205128205	4	60	3	0	5	0.555555555556
0.0102935952163	0.0106837606838	4	61	3	0	6	0.6
0.0103871594941	0.0106837606838	4	62	3	0	6	0.6
0.0107018625868	0.0106837606838	4	63	3	0	6	0.6
0.0108494339232	0.0128205128205	5	63	3	0	6	0.545454545455
0.010901809196	0.0128205128205	5	64	3	0	6	0.545454545455
0.0110319268016	0.0128205128205	5	65	3	0	6	0.545454545455
0.0112858601102	0.0128205128205	5	66	3	0	6	0.545454545455
0.0114886530494	0.0128205128205	5	67	3	0	6	0.545454545455
0.0116554222477	0.0128205128205	5	68	3	0	6	0.545454545455
0.0119802858409	0.0128205128205	5	69	3	0	6	0.545454545455
0.0120315594345	0.0128205128205	5	70	3	0	6	0.545454545455
0.0120475755893	0.0128205128205	5	71	3	0	6	0.545454545455
0.0122629940418	0.0128205128205	5	72	3	0	6	0.545454545455
0.0123398300176	0.0128205128205	5	73	3	0	6	0.545454545455
0.0123718534697	0.0128205128205	5	74	3	0	6	0.545454545455
0.012551690557	0.0128205128205	5	75	3	0	6	0.545454545455
0.0126403203098	0.0128205128205	5	76	3	0	6	0.545454545455
0.01339767657	0.0128205128205	5	77	3	0	6	0.545454545455
0.0136776828232	0.0128205128205	5	78	3	0	6	0.545454545455
0.0137416768139	0.0128205128205	5	79	3	0	6	0.545454545455
0.0140253221507	0.0128205128205	5	80	3	0	6	0.545454545455
0.0141577433991	0.0128205128205	5	81	3	0	6	0.545454545455
0.0141723878921	0.0128205128205	5	82	3	0	6	0.545454545455
0.0143028361368	0.0128205128205	5	83	3	0	6	0.545454545455
0.0144678976528	0.0128205128205	5	84	3	0	6	0.545454545455
0.0145490437746	0.0128205128205	5	85	3	0	6	0.545454545455
0.0150308342775	0.0128205128205	5	86	3	0	6	0.545454545455
0.0152831510611	0.0128205128205	5	87	3	0	6	0.545454545455
0.0153355712537	0.0128205128205	5	88	3	0	6	0.545454545455
0.0154096289376	0.0149572649573	6	88	3	0	6	0.5
0.0155371529456	0.0149572649573	6	89	3	0	6	0.5
0.0156481555887	0.0149572649573	6	90	3	0	6	0.5
0.0158699919898	0.0149572649573	6	91	3	0	6	0.5
0.0159504397466	0.0149572649573	6	92	3	0	6	0.5
0.0160422429415	0.0149572649573	6	93	3	0	6	0.5
0.0161415836161	0.0149572649573	6	94	3	0	6	0.5
0.0161694639117	0.0149572649573	6	95	3	0	6	0.5
0.016329033802	0.0149572649573	6	96	3	0	6	0.5
0.0164895771824	0.0149572649573	6	97	3	0	6	0.5
0.0166867256032	0.0149572649573	6	98	3	0	6	0.5
0.0170490811518	0.0149572649573	6	99	3	0	6	0.5
0.0170586878872	0.0149572649573	6	100	3	0	6	0.5
0.0172433831131	0.0149572649573	6	101	3	0	6	0.5
0.0172497889434	0.0149572649573	6	102	3	0	6	0.5
0.0173294623041	0.0149572649573	6	103	3	0	6	0.5
0.0173580789615	0.0149572649573	6	104	3	0	6	0.5
0.0175224501564	0.0149572649573	6	105	3	0	6	0.5
0.0175861283839	0.0149572649573	6	106	3	0	6	0.5
0.0176655147081	0.0149572649573	6	107	3	0	6	0.5
0.01774489322	0.0149572649573	6	108	3	0	6	0.5
0.0178020739824	0.0149572649573	6	109	3	0	6	0.5
0.0180062997244	0.0149572649573	6	110	3	0	6	0.5
0.0181112144655	0.0149572649573	6	111	3	0	6	0.5
0.0181378080883	0.0149572649573	6	112	3	0	6	0.5
0.0182324339955	0.0149572649573	6	113	3	0	6	0.5
0.0183054481631	0.0149572649573	6	114	3	0	6	0.5
0.0184037219123	0.0149572649573	6	115	3	0	6	0.5
0.0184912711506	0.0149572649573	6	116	3	0	6	0.5
0.0185488060241	0.0149572649573	6	117	3	0	6	0.5
0.0186579694336	0.0149572649573	6	118	3	0	6	0.5
0.0190772449624	0.0149572649573	6	119	3	0	6	0.5
0.0190816304192	0.0149572649573	6	120	3	0	6	0.5
0.0190831358272	0.0149572649573	6	121	3	0	6	0.5
0.019179362775	0.0149572649573	6	122	3	0	6	0.5
0.0192720485987	0.0149572649573	6	123	3	0	6	0.5
0.0193909031037	0.0149572649573	6	124	3	0	6	0.5
0.0194152859571	0.0128205128205	6	125	3	0	7	0.538461538462
0.0195655604706	0.0128205128205	6	126	3	0	7	0.538461538462
0.0198572337431	0.0149572649573	7	126	3	0	7	0.5
0.0198671558936	0.0149572649573	7	127	3	0	7	0.5
0.0198883825474	0.0149572649573	7	128	3	0	7	0.5
0.0201020792678	0.0149572649573	7	129	3	0	7	0.5
0.0203904083334	0.0149572649573	7	130	3	0	7	0.5
0.0204430578561	0.0149572649573	7	131	3	0	7	0.5
0.0204828912326	0.0149572649573	7	132	3	0	7	0.5
0.0206184322837	0.0149572649573	7	133	3	0	7	0.5
0.0207060710028	0.0149572649573	7	134	3	0	7	0.5
0.0209284894507	0.0149572649573	7	135	3	0	7	0.5
0.0209595854671	0.0149572649573	7	136	3	0	7	0.5
0.0209907237913	0.0149572649573	7	137	3	0	7	0.5
0.0210397140278	0.0149572649573	7	138	3	0	7	0.5
0.0212391441693	0.0149572649573	7	139	3	0	7	0.5
0.0213565006227	0.0149572649573	7	140	3	0	7	0.5
0.0215473511074	0.0149572649573	7	141	3	0	7	0.5
0.0218826401571	0.0149572649573	7	142	3	0	7	0.5
0.0218925444036	0.0149572649573	7	143	3	0	7	0.5
0.0220236312962	0.0149572649573	7	144	3	0	7	0.5
0.0223917002521	0.0149572649573	7	145	3	0	7	0.5
0.0223973465826	0.0149572649573	7	146	3	0	7	0.5
0.0224085097897	0.0149572649573	7	147	3	0	7	0.5
0.0224746112553	0.0149572649573	7	148	3	0	7	0.5
0.0225699929351	0.0149572649573	7	149	3	0	7	0.5
0.0226734588238	0.0149572649573	7	150	3	0	7	0.5
0.0229396325501	0.0149572649573	7	151	3	0	7	0.5
0.0230178588868	0.017094017094	8	151	3	0	7	0.466666666667
0.0232878957142	0.017094017094	8	152	3	0	7	0.466666666667
0.0235227008582	0.017094017094	8	153	3	0	7	0.466666666667
0.0237864673825	0.017094017094	8	154	3	0	7	0.466666666667
0.0238311407592	0.017094017094	8	155	3	0	7	0.466666666667
0.0243456784269	0.017094017094	8	156	3	0	7	0.466666666667
0.0246570401541	0.017094017094	8	157	3	0	7	0.466666666667
0.0247121592837	0.017094017094	8	158	3	0	7	0.466666666667
0.024930856292	0.017094017094	8	159	3	0	7	0.466666666667
0.0250349875477	0.017094017094	8	160	3	0	7	0.466666666667
0.0251401265618	0.017094017094	8	161	3	0	7	0.466666666667
0.0253755503197	0.017094017094	8	162	3	0	7	0.466666666667
0.0253794247721	0.017094017094	8	163	3	0	7	0.466666666667
0.0255734763204	0.017094017094	8	164	3	0	7	0.466666666667
0.025679586101	0.017094017094	8	165	3	0	7	0.466666666667
0.0257971117622	0.0192307692308	9	165	3	0	7	0.4375
0.0263163040959	0.0192307692308	9	166	3	0	7	0.4375
0.026355182175	0.0192307692308	9	167	3	0	7	0.4375
0.0265061351408	0.0192307692308	9	168	3	0	7	0.4375
0.0265885437118	0.0213675213675	10	168	3	0	7	0.411764705882
0.026789524069	0.0213675213675	10	169	3	0	7	0.411764705882
0.0268328040195	0.0213675213675	10	170	3	0	7	0.411764705882
0.0268763910816	0.0213675213675	10	171	3	0	7	0.411764705882
0.0270539508469	0.0192307692308	10	172	3	0	8	0.444444444444
0.0272760626081	0.0192307692308	10	173	3	0	8	0.444444444444
0.0273183910373	0.0213675213675	11	173	3	0	8	0.421052631579
0.027378672532	0.0213675213675	11	174	3	0	8	0.421052631579
0.0273835394027	0.0213675213675	11	175	3	0	8	0.421052631579
0.0273883989939	0.0213675213675	11	176	3	0	8	0.421052631579
0.0274873069606	0.0213675213675	11	177	3	0	8	0.421052631579
0.0275231752318	0.0213675213675	11	178	3	0	8	0.421052631579
0.0277360935715	0.0213675213675	11	179	3	0	8	0.421052631579
0.0277888734761	0.0213675213675	11	180	3	0	8	0.421052631579
0.0279848784824	0.0213675213675	11	181	3	0	8	0.421052631579
0.0280754579486	0.0213675213675	11	182	3	0	8	0.421052631579
0.0283255192011	0.0213675213675	11	183	3	0	8	0.421052631579
0.0284290664405	0.0213675213675	11	184	3	0	8	0.421052631579
0.0285121548008	0.0213675213675	11	185	3	0	8	0.421052631579
0.0285803787314	0.0213675213675	11	186	3	0	8	0.421052631579
0.0287110096148	0.0213675213675	11	187	3	0	8	0.421052631579
0.0287673712371	0.0213675213675	11	188	3	0	8	0.421052631579
0.0287833331858	0.0213675213675	11	189	3	0	8	0.421052631579
0.0290016341322	0.0213675213675	11	190	3	0	8	0.421052631579
0.0290228804477	0.0213675213675	11	191	3	0	8	0.421052631579
0.0290871451319	0.0213675213675	11	192	3	0	8	0.421052631579
0.0292466229022	0.0213675213675	11	193	3	0	8	0.421052631579
0.0294361663809	0.0213675213675	11	194	3	0	8	0.421052631579
0.0294559198919	0.0213675213675	11	195	3	0	8	0.421052631579
0.0296024044551	0.0213675213675	11	196	3	0	8	0.421052631579
0.029613927574	0.0213675213675	11	197	3	0	8	0.421052631579
0.0301688091235	0.0213675213675	11	198	3	0	8	0.421052631579
0.0302400084161	0.0213675213675	11	199	3	0	8	0.421052631579
0.0302477773146	0.0213675213675	11	200	3	0	8	0.421052631579
0.0304623190667	0.0213675213675	11	201	3	0	8	0.421052631579
0.0304673679983	0.0213675213675	11	202	3	0	8	0.421052631579
0.0305739618559	0.0213675213675	11	203	3	0	8	0.421052631579
0.0307816940197	0.0213675213675	11	204	3	0	8	0.421052631579
0.0308096484386	0.0213675213675	11	205	3	0	8	0.421052631579
0.0309317403895	0.0213675213675	11	206	3	0	8	0.421052631579
0.0309515801839	0.0192307692308	11	207	3	0	9	0.45
0.0310139649086	0.0192307692308	11	208	3	0	9	0.45
0.031056985366	0.0192307692308	11	209	3	0	9	0.45
0.0312989013684	0.017094017094	11	210	3	0	10	0.47619047619
0.0313493768	0.017094017094	11	211	3	0	10	0.47619047619
0.0314439473482	0.017094017094	11	212	3	0	10	0.47619047619
0.0320845910783	0.017094017094	11	213	3	0	10	0.47619047619
0.0321746061904	0.017094017094	11	214	3	0	10	0.47619047619
0.0322904160884	0.0149572649573	11	215	3	0	11	0.5
0.0325901718958	0.0149572649573	11	216	3	0	11	0.5
0.0325903939439	0.0149572649573	11	217	3	0	11	0.5
0.0327123967233	0.0149572649573	11	218	3	0	11	0.5
0.0329799727479	0.0149572649573	11	219	3	0	11	0.5
0.0331389076033	0.0149572649573	11	220	3	0	11	0.5
0.0333981525066	0.0149572649573	11	221	3	0	11	0.5
0.0337872264563	0.0149572649573	11	222	3	0	11	0.5
0.0339305110159	0.0149572649573	11	223	3	0	11	0.5
0.0340515028233	0.0149572649573	11	224	3	0	11	0.5
0.0342100095747	0.0149572649573	11	225	3	0	11	0.5
0.0343082074355	0.0149572649573	11	226	3	0	11	0.5
0.0343465541008	0.0149572649573	11	227	3	0	11	0.5
0.0351731786099	0.0149572649573	11	228	3	0	11	0.5
0.0352374062429	0.0149572649573	11	229	3	0	11	0.5
0.0354472999503	0.0149572649573	11	230	3	0	11	0.5
0.0354545150898	0.0149572649573	11	231	3	0	11	0.5
0.0356587798537	0.0149572649573	11	232	3	0	11	0.5
0.0357256506914	0.0149572649573	11	233	3	0	11	0.5
0.0357372957426	0.017094017094	12	233	3	0	11	0.478260869565
0.0357767338263	0.017094017094	12	234	3	0	11	0.478260869565
0.0358656307178	0.017094017094	12	235	3	0	11	0.478260869565
0.0360587131863	0.017094017094	12	236	3	0	11	0.478260869565
0.0361171332796	0.017094017094	12	237	3	0	11	0.478260869565
0.0363566433739	0.017094017094	12	238	3	0	11	0.478260869565
0.0365911578278	0.017094017094	12	239	3	0	11	0.478260869565
0.0365974329872	0.017094017094	12	240	3	0	11	0.478260869565
0.0366472706785	0.017094017094	12	241	3	0	11	0.478260869565
0.0368749025971	0.017094017094	12	242	3	0	11	0.478260869565
0.0375037683106	0.017094017094	12	243	3	0	11	0.478260869565
0.03769818619	0.017094017094	12	244	3	0	11	0.478260869565
0.0380014063567	0.017094017094	12	245	3	0	11	0.478260869565
0.0380359803417	0.017094017094	12	246	3	0	11	0.478260869565
0.0380823332907	0.017094017094	12	247	3	0	11	0.478260869565
0.0381460425848	0.017094017094	12	248	3	0	11	0.478260869565
0.0387046189901	0.017094017094	12	249	3	0	11	0.478260869565
0.0387714529535	0.017094017094	12	250	3	0	11	0.478260869565
0.0390509335767	0.017094017094	12	251	3	0	11	0.478260869565
0.0391617736295	0.017094017094	12	252	3	0	11	0.478260869565
0.0393141961682	0.017094017094	12	253	3	0	11	0.478260869565
0.0397921186892	0.017094017094	12	254	3	0	11	0.478260869565
0.0398983109041	0.017094017094	12	255	3	0	11	0.478260869565
0.0400062866265	0.017094017094	12	256	3	0	11	0.478260869565
0.0401260506052	0.017094017094	12	257	3	0	11	0.478260869565
0.0404459055727	0.017094017094	12	258	3	0	11	0.478260869565
0.0406653728724	0.017094017094	12	259	3	0	11	0.478260869565
0.0409254178738	0.017094017094	12	260	3	0	11	0.478260869565
0.0411867919938	0.017094017094	12	261	3	0	11	0.478260869565
0.0412200351439	0.017094017094	12	262	3	0	11	0.478260869565
0.0413084705353	0.017094017094	12	263	3	0	11	0.478260869565
0.0413588507516	0.017094017094	12	264	3	0	11	0.478260869565
0.0414842474778	0.017094017094	12	265	3	0	11	0.478260869565
0.041862992151	0.017094017094	12	266	3	0	11	0.478260869565
0.0420804981417	0.017094017094	12	267	3	0	11	0.478260869565
0.042533046391	0.0192307692308	13	267	3	0	11	0.458333333333
0.0425770604199	0.017094017094	13	268	3	0	12	0.48
0.0426411417512	0.017094017094	13	269	3	0	12	0.48
0.0432840503632	0.017094017094	13	270	3	0	12	0.48
0.0433741267327	0.017094017094	13	271	3	0	12	0.48
0.0434469123039	0.017094017094	13	272	3	0	12	0.48
0.044056959084	0.017094017094	13	273	3	0	12	0.48
0.0440679041657	0.017094017094	13	274	3	0	12	0.48
0.0441195994536	0.017094017094	13	275	3	0	12	0.48
0.0441430485049	0.0149572649573	13	276	3	0	13	0.5
0.0441921901595	0.0149572649573	13	277	3	0	13	0.5
0.0443919524708	0.0149572649573	13	278	3	0	13	0.5
0.0444072822492	0.0149572649573	13	279	3	0	13	0.5
0.0444766183001	0.0149572649573	13	280	3	0	13	0.5
0.0445865829443	0.0149572649573	13	281	3	0	13	0.5
0.0447817027953	0.0149572649573	13	282	3	0	13	0.5
0.0450715456293	0.0149572649573	13	283	3	0	13	0.5
0.045099421774	0.0149572649573	13	284	3	0	13	0.5
0.0453310324572	0.0149572649573	13	285	3	0	13	0.5
0.0457875510878	0.0149572649573	13	286	3	0	13	0.5
0.0458781990849	0.017094017094	14	286	3	0	13	0.481481481481
0.045976536935	0.017094017094	14	287	3	0	13	0.481481481481
0.0460664965339	0.017094017094	14	288	3	0	13	0.481481481481
0.0460829136539	0.0192307692308	15	288	3	0	13	0.464285714286
0.0463054612442	0.017094017094	15	289	3	0	14	0.48275862069
0.046395347699	0.017094017094	15	290	3	0	14	0.48275862069
0.0464831795144	0.017094017094	15	291	3	0	14	0.48275862069
0.046820845507	0.017094017094	15	292	3	0	14	0.48275862069
0.0469320722549	0.017094017094	15	293	3	0	14	0.48275862069
0.0469508810275	0.017094017094	15	294	3	0	14	0.48275862069
0.0471235597533	0.0192307692308	16	294	3	0	14	0.466666666667
0.0471857891689	0.0192307692308	16	295	3	0	14	0.466666666667
0.0471949375809	0.0192307692308	16	296	3	0	14	0.466666666667
0.0472333606968	0.0192307692308	16	297	3	0	14	0.466666666667
0.0473080920355	0.0192307692308	16	298	3	0	14	0.466666666667
0.0473187770196	0.0192307692308	16	299	3	0	14	0.466666666667
0.0473540337154	0.0213675213675	17	299	3	0	14	0.451612903226
0.0477319946624	0.0213675213675	17	300	3	0	14	0.451612903226
0.0477476434756	0.0213675213675	17	301	3	0	14	0.451612903226
0.0482376933609	0.0213675213675	17	302	3	0	14	0.451612903226
0.0483737101505	0.0213675213675	17	303	3	0	14	0.451612903226
0.0483773986989	0.0213675213675	17	304	3	0	14	0.451612903226
0.0483788036382	0.0213675213675	17	305	3	0	14	0.451612903226
0.0489660707788	0.0213675213675	17	306	3	0	14	0.451612903226
0.0490732985569	0.0213675213675	17	307	3	0	14	0.451612903226
0.0490771194186	0.0213675213675	17	308	3	0	14	0.451612903226
0.0490895840139	0.0213675213675	17	309	3	0	14	0.451612903226
0.0491055392961	0.0213675213675	17	310	3	0	14	0.451612903226
0.0494533209982	0.0213675213675	17	311	3	0	14	0.451612903226
0.0495314735476	0.0213675213675	17	312	3	0	14	0.451612903226
0.0497654703396	0.0213675213675	17	313	3	0	14	0.451612903226
0.0498630276786	0.0213675213675	17	314	3	0	14	0.451612903226
0.0500136541761	0.0213675213675	17	315	3	0	14	0.451612903226
0.0500286123773	0.0213675213675	17	316	3	0	14	0.451612903226
0.0502347331282	0.0213675213675	17	317	3	0	14	0.451612903226
0.0506815193505	0.0213675213675	17	318	3	0	14	0.451612903226
0.0507396810829	0.0213675213675	17	319	3	0	14	0.451612903226
0.0507822611131	0.0213675213675	17	320	3	0	14	0.451612903226
0.0508060881224	0.0213675213675	17	321	3	0	14	0.451612903226
0.0508128074813	0.0235042735043	18	321	3	0	14	0.4375
0.050882548899	0.0235042735043	18	322	3	0	14	0.4375
0.0512422159455	0.0235042735043	18	323	3	0	14	0.4375
0.0517645201383	0.0235042735043	18	324	3	0	14	0.4375
0.0519930970984	0.0235042735043	18	325	3	0	14	0.4375
0.0521263055433	0.0235042735043	18	326	3	0	14	0.4375
0.0522458315073	0.0235042735043	18	327	3	0	14	0.4375
0.0522876185624	0.025641025641	19	327	3	0	14	0.424242424242
0.05229091269	0.025641025641	19	328	3	0	14	0.424242424242
0.0524430912387	0.025641025641	19	329	3	0	14	0.424242424242
0.0527033339475	0.0277777777778	20	329	3	0	14	0.411764705882
0.0529116164357	0.0277777777778	20	330	3	0	14	0.411764705882
0.0532519033788	0.0277777777778	20	331	3	0	14	0.411764705882
0.053285053328	0.0277777777778	20	332	3	0	14	0.411764705882
0.053347835205	0.0277777777778	20	333	3	0	14	0.411764705882
0.0533872354885	0.0277777777778	20	334	3	0	14	0.411764705882
0.0535523632385	0.0299145299145	21	334	3	0	14	0.4
0.0537716428403	0.0299145299145	21	335	3	0	14	0.4
0.0541521567115	0.0299145299145	21	336	3	0	14	0.4
0.0543386852207	0.0320512820513	22	336	3	0	14	0.388888888889
0.0543689173504	0.0320512820513	22	337	3	0	14	0.388888888889
0.0544424888479	0.0320512820513	22	338	3	0	14	0.388888888889
0.0546764069835	0.0320512820513	22	339	3	0	14	0.388888888889
0.0548616389655	0.0320512820513	22	340	3	0	14	0.388888888889
0.0551902167847	0.0320512820513	22	341	3	0	14	0.388888888889
0.0552515225156	0.0320512820513	22	342	3	0	14	0.388888888889
0.0552531508263	0.0320512820513	22	343	3	0	14	0.388888888889
0.055387553343	0.0320512820513	22	344	3	0	14	0.388888888889
0.0555103148666	0.0320512820513	22	345	3	0	14	0.388888888889
0.0558117472151	0.0320512820513	22	346	3	0	14	0.388888888889
0.0559518068192	0.0320512820513	22	347	3	0	14	0.388888888889
0.0561026374289	0.034188034188	23	347	3	0	14	0.378378378378
0.0565009310332	0.034188034188	23	348	3	0	14	0.378378378378
0.0568321139168	0.034188034188	23	349	3	0	14	0.378378378378
0.05719937229	0.034188034188	23	350	3	0	14	0.378378378378
0.0572400352433	0.034188034188	23	351	3	0	14	0.378378378378
0.0575944965725	0.0320512820513	23	352	3	0	15	0.394736842105
0.057681548251	0.0320512820513	23	353	3	0	15	0.394736842105
0.0577145158504	0.0320512820513	23	354	3	0	15	0.394736842105
0.0578360996059	0.0320512820513	23	355	3	0	15	0.394736842105
0.057852629832	0.0320512820513	23	356	3	0	15	0.394736842105
0.0578622853726	0.0320512820513	23	357	3	0	15	0.394736842105
0.0582129243453	0.034188034188	24	357	3	0	15	0.384615384615
0.0583799403662	0.034188034188	24	358	3	0	15	0.384615384615
0.0584220976205	0.034188034188	24	359	3	0	15	0.384615384615
0.0586320889128	0.034188034188	24	360	3	0	15	0.384615384615
0.0587993422164	0.034188034188	24	361	3	0	15	0.384615384615
0.0590633545238	0.034188034188	24	362	3	0	15	0.384615384615
0.0590642164068	0.0320512820513	24	363	3	0	16	0.4
0.0591549628165	0.0299145299145	24	364	3	0	17	0.414634146341
0.059164363841	0.0299145299145	24	365	3	0	17	0.414634146341
0.0593026372023	0.0277777777778	24	366	3	0	18	0.428571428571
0.0593522287461	0.025641025641	24	367	3	0	19	0.441860465116
0.0595639851172	0.025641025641	24	368	3	0	19	0.441860465116
0.0596826994994	0.025641025641	24	369	3	0	19	0.441860465116
0.059703823022	0.025641025641	24	370	3	0	19	0.441860465116
0.0597308279359	0.025641025641	24	371	3	0	19	0.441860465116
0.0598955901293	0.025641025641	24	372	3	0	19	0.441860465116
0.0599237562942	0.0235042735043	24	373	3	0	20	0.454545454545
0.0601811000556	0.0235042735043	24	374	3	0	20	0.454545454545
0.0603828299565	0.0235042735043	24	375	3	0	20	0.454545454545
0.0603934643828	0.0235042735043	24	376	3	0	20	0.454545454545
0.0604663509262	0.0235042735043	24	377	3	0	20	0.454545454545
0.0606486170881	0.025641025641	25	377	3	0	20	0.444444444444
0.0606972377713	0.0235042735043	25	378	3	0	21	0.45652173913
0.0607117440448	0.025641025641	26	378	3	0	21	0.446808510638
0.0608230443891	0.025641025641	26	379	3	0	21	0.446808510638
0.0608251644458	0.0235042735043	26	380	3	0	22	0.458333333333
0.0609435921461	0.0235042735043	26	381	3	0	22	0.458333333333
0.0611135205368	0.0235042735043	26	382	3	0	22	0.458333333333
0.061150541513	0.0235042735043	26	383	3	0	22	0.458333333333
0.0614289381779	0.0213675213675	26	384	3	0	23	0.469387755102
0.0614344298549	0.0213675213675	26	385	3	0	23	0.469387755102
0.0614564640301	0.0213675213675	26	386	3	0	23	0.469387755102
0.0616318236433	0.0213675213675	26	387	3	0	23	0.469387755102
0.0619786786307	0.0213675213675	26	388	3	0	23	0.469387755102
0.062101046192	0.0213675213675	26	389	3	0	23	0.469387755102
0.0621411741427	0.0213675213675	26	390	3	0	23	0.469387755102
0.062655863183	0.0213675213675	26	391	3	0	23	0.469387755102
0.063019645511	0.0213675213675	26	392	3	0	23	0.469387755102
0.0630556339432	0.0213675213675	26	393	3	0	23	0.469387755102
0.0631630561342	0.0213675213675	26	394	3	0	23	0.469387755102
0.0632214858235	0.0213675213675	26	395	3	0	23	0.469387755102
0.0634408321987	0.0213675213675	26	396	3	0	23	0.469387755102
0.0637258362214	0.0213675213675	26	397	3	0	23	0.469387755102
0.0641110052886	0.0235042735043	27	397	3	0	23	0.46
0.0641749654652	0.0235042735043	27	398	3	0	23	0.46
0.0645056797027	0.0235042735043	27	399	3	0	23	0.46
0.0645970833276	0.0235042735043	27	400	3	0	23	0.46
0.0654918452476	0.0235042735043	27	401	3	0	23	0.46
0.0656255075313	0.0235042735043	27	402	3	0	23	0.46
0.0657731788918	0.0235042735043	27	403	3	0	23	0.46
0.0657832182075	0.0235042735043	27	404	3	0	23	0.46
0.0658669598515	0.0235042735043	27	405	3	0	23	0.46
0.0658755545108	0.0235042735043	27	406	3	0	23	0.46
0.0659596949784	0.0235042735043	27	407	3	0	23	0.46
0.0660874152558	0.0235042735043	27	408	3	0	23	0.46
0.0664180930985	0.0235042735043	27	409	3	0	23	0.46
0.0666174086962	0.0235042735043	27	410	3	0	23	0.46
0.0666496351631	0.0235042735043	27	411	3	0	23	0.46
0.0666991549126	0.0235042735043	27	412	3	0	23	0.46
0.0667486691915	0.0235042735043	27	413	3	0	23	0.46
0.0671071311631	0.0235042735043	27	414	3	0	23	0.46
0.0671765099149	0.0235042735043	27	415	3	0	23	0.46
0.0672778732471	0.0235042735043	27	416	3	0	23	0.46
0.0677734747616	0.0235042735043	27	417	3	0	23	0.46
0.067790829414	0.0235042735043	27	418	3	0	23	0.46
0.0678042553763	0.0213675213675	27	419	3	0	24	0.470588235294
0.0679920436591	0.0213675213675	27	420	3	0	24	0.470588235294
0.0680385475558	0.0213675213675	27	421	3	0	24	0.470588235294
0.068130744298	0.0213675213675	27	422	3	0	24	0.470588235294
0.0681781155956	0.0213675213675	27	423	3	0	24	0.470588235294
0.06836971449	0.0213675213675	27	424	3	0	24	0.470588235294
0.0684418588725	0.0213675213675	27	425	3	0	24	0.470588235294
0.0685819382889	0.0213675213675	27	426	3	0	24	0.470588235294
0.0686780534369	0.0213675213675	27	427	3	0	24	0.470588235294
0.0686909459362	0.0235042735043	28	427	3	0	24	0.461538461538
0.0687903164358	0.0235042735043	28	428	3	0	24	0.461538461538
0.0689811163861	0.0235042735043	28	429	3	0	24	0.461538461538
0.0689828485255	0.0235042735043	28	430	3	0	24	0.461538461538
0.0691275557166	0.0235042735043	28	431	3	0	24	0.461538461538
0.0693234032953	0.0235042735043	28	432	3	0	24	0.461538461538
0.0693332279852	0.0235042735043	28	433	3	0	24	0.461538461538
0.0695011366339	0.0235042735043	28	434	3	0	24	0.461538461538
0.0695066541095	0.0235042735043	28	435	3	0	24	0.461538461538
0.0695661332278	0.0235042735043	28	436	3	0	24	0.461538461538
0.0699173708703	0.0235042735043	28	437	3	0	24	0.461538461538
0.0700039769592	0.0235042735043	28	438	3	0	24	0.461538461538
0.0702084261028	0.0235042735043	28	439	3	0	24	0.461538461538
0.0704606390745	0.0235042735043	28	440	3	0	24	0.461538461538
0.0704751273585	0.0235042735043	28	441	3	0	24	0.461538461538
0.0704924939529	0.0235042735043	28	442	3	0	24	0.461538461538
0.0705891737555	0.0235042735043	28	443	3	0	24	0.461538461538
0.0707726784906	0.0235042735043	28	444	3	0	24	0.461538461538
0.070815856406	0.0192307692308	28	445	3	0	26	0.481481481481
0.0708662927672	0.0192307692308	28	446	3	0	26	0.481481481481
0.0709437036335	0.0192307692308	28	447	3	0	26	0.481481481481
0.0710386762543	0.0213675213675	29	447	3	0	26	0.472727272727
0.0712751912351	0.0192307692308	29	448	3	0	27	0.482142857143
0.0715121159728	0.0192307692308	29	449	3	0	27	0.482142857143
0.0718730040101	0.0192307692308	29	450	3	0	27	0.482142857143
0.0719278282334	0.0192307692308	29	451	3	0	27	0.482142857143
0.0721761367825	0.0192307692308	29	452	3	0	27	0.482142857143
0.0722812922054	0.0192307692308	29	453	3	0	27	0.482142857143
0.0724751765498	0.0192307692308	29	454	3	0	27	0.482142857143
0.0725605799457	0.0192307692308	29	455	3	0	27	0.482142857143
0.0729233607966	0.0192307692308	29	456	3	0	27	0.482142857143
0.0731505682621	0.0192307692308	29	457	3	0	27	0.482142857143
0.0732334167878	0.0192307692308	29	458	3	0	27	0.482142857143
0.073342240625	0.0192307692308	29	459	3	0	27	0.482142857143
0.0734034738646	0.0192307692308	29	460	3	0	27	0.482142857143
0.0734991853258	0.0192307692308	29	461	3	0	27	0.482142857143
0.0735487528133	0.0192307692308	29	462	3	0	27	0.482142857143
0.0739161547488	0.0192307692308	29	463	3	0	27	0.482142857143
0.0739265863012	0.0192307692308	29	464	3	0	27	0.482142857143
0.0741038892416	0.0192307692308	29	465	3	0	27	0.482142857143
0.0743999769255	0.0192307692308	29	466	3	0	27	0.482142857143
0.0744969768022	0.0192307692308	29	467	3	0	27	0.482142857143
0.0746953488484	0.0192307692308	29	468	3	0	27	0.482142857143
0.0747795527608	0.0192307692308	29	469	3	0	27	0.482142857143
0.0751340437469	0.0192307692308	29	470	3	0	27	0.482142857143
0.0752322337954	0.0192307692308	29	471	3	0	27	0.482142857143
0.0752636509529	0.017094017094	29	472	3	0	28	0.491228070175
0.0754329284911	0.017094017094	29	473	3	0	28	0.491228070175
0.0756699395322	0.017094017094	29	474	3	0	28	0.491228070175
0.0758448437012	0.017094017094	29	475	3	0	28	0.491228070175
0.076304072769	0.017094017094	29	476	3	0	28	0.491228070175
0.076630612258	0.017094017094	29	477	3	0	28	0.491228070175
0.0768994968066	0.017094017094	29	478	3	0	28	0.491228070175
0.0771031101508	0.017094017094	29	479	3	0	28	0.491228070175
0.0774312048283	0.017094017094	29	480	3	0	28	0.491228070175
0.0777311898333	0.0192307692308	30	480	3	0	28	0.48275862069
0.0777442879253	0.0192307692308	30	481	3	0	28	0.48275862069
0.0778339848388	0.0213675213675	31	481	3	0	28	0.474576271186
0.0778729204941	0.0192307692308	31	482	3	0	29	0.483333333333
0.0781296566002	0.0192307692308	31	483	3	0	29	0.483333333333
0.0781442911614	0.017094017094	31	484	3	0	30	0.491803278689
0.0783067372911	0.017094017094	31	485	3	0	30	0.491803278689
0.0783831835822	0.017094017094	31	486	3	0	30	0.491803278689
0.0783840517165	0.017094017094	31	487	3	0	30	0.491803278689
0.078509153208	0.017094017094	31	488	3	0	30	0.491803278689
0.0785755726932	0.017094017094	31	489	3	0	30	0.491803278689
0.0786690740084	0.017094017094	31	490	3	0	30	0.491803278689
0.0791436141261	0.017094017094	31	491	3	0	30	0.491803278689
0.0792106918473	0.017094017094	31	492	3	0	30	0.491803278689
0.079266530179	0.017094017094	31	493	3	0	30	0.491803278689
0.0792764990548	0.0192307692308	32	493	3	0	30	0.483870967742
0.0793433890903	0.0192307692308	32	494	3	0	30	0.483870967742
0.0793670414883	0.0192307692308	32	495	3	0	30	0.483870967742
0.0797139499375	0.0192307692308	32	496	3	0	30	0.483870967742
0.079924329491	0.0192307692308	32	497	3	0	30	0.483870967742
0.0799253258735	0.0192307692308	32	498	3	0	30	0.483870967742
0.079953263039	0.0192307692308	32	499	3	0	30	0.483870967742
0.0799568602955	0.0192307692308	32	500	3	0	30	0.483870967742
0.0799976903062	0.0192307692308	32	501	3	0	30	0.483870967742
0.0802717055728	0.0192307692308	32	502	3	0	30	0.483870967742
0.0802773517556	0.0192307692308	32	503	3	0	30	0.483870967742
0.0803160640336	0.0192307692308	32	504	3	0	30	0.483870967742
0.0805910430758	0.0192307692308	32	505	3	0	30	0.483870967742
0.0808197074014	0.0213675213675	33	505	3	0	30	0.47619047619
0.0809418558482	0.0192307692308	33	506	3	0	31	0.484375
0.081005896708	0.0192307692308	33	507	3	0	31	0.484375
0.0812104976653	0.0192307692308	33	508	3	0	31	0.484375
0.081568393269	0.0192307692308	33	509	3	0	31	0.484375
0.0815918646139	0.0192307692308	33	510	3	0	31	0.484375
0.0815981968709	0.0192307692308	33	511	3	0	31	0.484375
0.0816955163231	0.0192307692308	33	512	3	0	31	0.484375
0.0817111812995	0.0192307692308	33	513	3	0	31	0.484375
0.0818290942454	0.0192307692308	33	514	3	0	31	0.484375
0.0818667816587	0.0192307692308	33	515	3	0	31	0.484375
0.0819275304043	0.0192307692308	33	516	3	0	31	0.484375
0.0819516842957	0.0192307692308	33	517	3	0	31	0.484375
0.0821028684953	0.0192307692308	33	518	3	0	31	0.484375
0.0821234602854	0.0192307692308	33	519	3	0	31	0.484375
0.0824552872505	0.0192307692308	33	520	3	0	31	0.484375
0.0825897910848	0.0192307692308	33	521	3	0	31	0.484375
0.0827461557942	0.0213675213675	34	521	3	0	31	0.476923076923
0.082747536982	0.0213675213675	34	522	3	0	31	0.476923076923
0.0829054463966	0.0213675213675	34	523	3	0	31	0.476923076923
0.0833658792865	0.0213675213675	34	524	3	0	31	0.476923076923
0.0833892447369	0.0213675213675	34	525	3	0	31	0.476923076923
0.0834124456808	0.0213675213675	34	526	3	0	31	0.476923076923
0.0834474809008	0.0213675213675	34	527	3	0	31	0.476923076923
0.0834893790414	0.0213675213675	34	528	3	0	31	0.476923076923
0.0839396276722	0.0192307692308	34	529	3	0	32	0.484848484848
0.0839883910975	0.0192307692308	34	530	3	0	32	0.484848484848
0.0840281754136	0.0192307692308	34	531	3	0	32	0.484848484848
0.0840797734045	0.0192307692308	34	532	3	0	32	0.484848484848
0.0842092274343	0.0192307692308	34	533	3	0	32	0.484848484848
0.0845112936812	0.0192307692308	34	534	3	0	32	0.484848484848
0.0845867664581	0.0192307692308	34	535	3	0	32	0.484848484848
0.084687159786	0.0192307692308	34	536	3	0	32	0.484848484848
0.0847245742718	0.0213675213675	35	536	3	0	32	0.477611940299
0.084840861124	0.0213675213675	35	537	3	0	32	0.477611940299
0.0848574836398	0.0213675213675	35	538	3	0	32	0.477611940299
0.0848913702243	0.0213675213675	35	539	3	0	32	0.477611940299
0.0849012539977	0.0213675213675	35	540	3	0	32	0.477611940299
0.0853839875103	0.0213675213675	35	541	3	0	32	0.477611940299
0.085437658889	0.0213675213675	35	542	3	0	32	0.477611940299
0.08558797632	0.0213675213675	35	543	3	0	32	0.477611940299
0.0856867663188	0.0213675213675	35	544	3	0	32	0.477611940299
0.0859333125663	0.0213675213675	35	545	3	0	32	0.477611940299
0.0864894780326	0.0235042735043	36	545	3	0	32	0.470588235294
0.0867858796172	0.0235042735043	36	546	3	0	32	0.470588235294
0.0867879048042	0.0235042735043	36	547	3	0	32	0.470588235294
0.0868809408449	0.0235042735043	36	548	3	0	32	0.470588235294
0.0870271094872	0.0235042735043	36	549	3	0	32	0.470588235294
0.0878972952436	0.0235042735043	36	550	3	0	32	0.470588235294
0.0879140987084	0.0235042735043	36	551	3	0	32	0.470588235294
0.0879402749113	0.0235042735043	36	552	3	0	32	0.470588235294
0.0882056166252	0.0235042735043	36	553	3	0	32	0.470588235294
0.0885772221437	0.0235042735043	36	554	3	0	32	0.470588235294
0.0887558595042	0.0235042735043	36	555	3	0	32	0.470588235294
0.0887640192644	0.0235042735043	36	556	3	0	32	0.470588235294
0.0888517277899	0.0235042735043	36	557	3	0	32	0.470588235294
0.0889434296102	0.0235042735043	36	558	3	0	32	0.470588235294
0.0889751450399	0.0235042735043	36	559	3	0	32	0.470588235294
0.0892369522065	0.0235042735043	36	560	3	0	32	0.470588235294
0.0892435475948	0.025641025641	37	560	3	0	32	0.463768115942
0.0896148295207	0.025641025641	37	561	3	0	32	0.463768115942
0.0898845868471	0.025641025641	37	562	3	0	32	0.463768115942
0.0901820983574	0.025641025641	37	563	3	0	32	0.463768115942
0.0904916403802	0.025641025641	37	564	3	0	32	0.463768115942
0.090519513821	0.025641025641	37	565	3	0	32	0.463768115942
0.090721033405	0.025641025641	37	566	3	0	32	0.463768115942
0.0908524861969	0.025641025641	37	567	3	0	32	0.463768115942
0.0908525803573	0.025641025641	37	568	3	0	32	0.463768115942
0.091086682738	0.025641025641	37	569	3	0	32	0.463768115942
0.0911840479339	0.025641025641	37	570	3	0	32	0.463768115942
0.091262346068	0.025641025641	37	571	3	0	32	0.463768115942
0.0913564512451	0.025641025641	37	572	3	0	32	0.463768115942
0.091489422039	0.025641025641	37	573	3	0	32	0.463768115942
0.0915199167669	0.025641025641	37	574	3	0	32	0.463768115942
0.0918621945961	0.025641025641	37	575	3	0	32	0.463768115942
0.0921894521528	0.0235042735043	37	576	3	0	33	0.471428571429
0.0923968289652	0.0235042735043	37	577	3	0	33	0.471428571429
0.0924137456278	0.0235042735043	37	578	3	0	33	0.471428571429
0.0926269402865	0.0235042735043	37	579	3	0	33	0.471428571429
0.0927821676069	0.0235042735043	37	580	3	0	33	0.471428571429
0.0928397297086	0.0235042735043	37	581	3	0	33	0.471428571429
0.0929099958189	0.0235042735043	37	582	3	0	33	0.471428571429
0.0935849820386	0.0235042735043	37	583	3	0	33	0.471428571429
0.0939778670193	0.0235042735043	37	584	3	0	33	0.471428571429
0.0940170706525	0.025641025641	38	584	3	0	33	0.464788732394
0.0941319580705	0.025641025641	38	585	3	0	33	0.464788732394
0.094291137243	0.025641025641	38	586	3	0	33	0.464788732394
0.0943538234085	0.025641025641	38	587	3	0	33	0.464788732394
0.094365651906	0.025641025641	38	588	3	0	33	0.464788732394
0.0948237825664	0.025641025641	38	589	3	0	33	0.464788732394
0.0948819001201	0.0235042735043	38	590	3	0	34	0.472222222222
0.095585420065	0.0235042735043	38	591	3	0	34	0.472222222222
0.0958652160056	0.0235042735043	38	592	3	0	34	0.472222222222
0.0961243223659	0.0235042735043	38	593	3	0	34	0.472222222222
0.0964033966184	0.0235042735043	38	594	3	0	34	0.472222222222
0.0966132229591	0.0235042735043	38	595	3	0	34	0.472222222222
0.0966344960585	0.0235042735043	38	596	3	0	34	0.472222222222
0.0967235589	0.0235042735043	38	597	3	0	34	0.472222222222
0.0968445138522	0.025641025641	39	597	3	0	34	0.465753424658
0.0969004912638	0.025641025641	39	598	3	0	34	0.465753424658
0.0969641654439	0.025641025641	39	599	3	0	34	0.465753424658
0.0970705805302	0.025641025641	39	600	3	0	34	0.465753424658
0.0971111181967	0.025641025641	39	601	3	0	34	0.465753424658
0.097242490764	0.0235042735043	39	602	3	0	35	0.472972972973
0.0972794902952	0.0235042735043	39	603	3	0	35	0.472972972973
0.0973250829745	0.0235042735043	39	604	3	0	35	0.472972972973
0.0973856986138	0.0235042735043	39	605	3	0	35	0.472972972973
0.0974755074258	0.0235042735043	39	606	3	0	35	0.472972972973
0.0975562607393	0.0235042735043	39	607	3	0	35	0.472972972973
0.0976109385058	0.025641025641	40	607	3	0	35	0.466666666667
0.0976785960349	0.025641025641	40	608	3	0	35	0.466666666667
0.0980048581217	0.025641025641	40	609	3	0	35	0.466666666667
0.0982253965655	0.025641025641	40	610	3	0	35	0.466666666667
0.0985048444531	0.025641025641	40	611	3	0	35	0.466666666667
0.098664535907	0.025641025641	40	612	3	0	35	0.466666666667
0.0989034177411	0.0235042735043	40	613	3	0	36	0.473684210526
0.0989864502887	0.0235042735043	40	614	3	0	36	0.473684210526
0.0990348621924	0.0235042735043	40	615	3	0	36	0.473684210526
0.0994529973066	0.0235042735043	40	616	3	0	36	0.473684210526
0.0995720223069	0.0235042735043	40	617	3	0	36	0.473684210526
0.099658365957	0.0235042735043	40	618	3	0	36	0.473684210526
0.0998316456878	0.0235042735043	40	619	3	0	36	0.473684210526
0.100154046491	0.0235042735043	40	620	3	0	36	0.473684210526
0.100189886661	0.0235042735043	40	621	3	0	36	0.473684210526
0.100209144824	0.0213675213675	40	622	3	0	37	0.480519480519
0.100214339455	0.0213675213675	40	623	3	0	37	0.480519480519
0.100319471251	0.0213675213675	40	624	3	0	37	0.480519480519
0.100480977511	0.0213675213675	40	625	3	0	37	0.480519480519
0.100613748714	0.0213675213675	40	626	3	0	37	0.480519480519
0.100857658914	0.0213675213675	40	627	3	0	37	0.480519480519
0.100915404113	0.017094017094	40	628	3	0	39	0.493670886076
0.101144904242	0.017094017094	40	629	3	0	39	0.493670886076
0.101448872206	0.017094017094	40	630	3	0	39	0.493670886076
0.101483775996	0.017094017094	40	631	3	0	39	0.493670886076
0.101772956959	0.017094017094	40	632	3	0	39	0.493670886076
0.102292038149	0.017094017094	40	633	3	0	39	0.493670886076
0.102372396977	0.017094017094	40	634	3	0	39	0.493670886076
0.102453722543	0.017094017094	40	635	3	0	39	0.493670886076
0.102514473654	0.017094017094	40	636	3	0	39	0.493670886076
0.102542324309	0.0192307692308	41	636	3	0	39	0.4875
0.102705514705	0.0192307692308	41	637	3	0	39	0.4875
0.102863624077	0.0192307692308	41	638	3	0	39	0.4875
0.102966074701	0.0192307692308	41	639	3	0	39	0.4875
0.103287469362	0.0192307692308	41	640	3	0	39	0.4875
0.103300773951	0.0192307692308	41	641	3	0	39	0.4875
0.103491173662	0.0192307692308	41	642	3	0	39	0.4875
0.103747942904	0.0192307692308	41	643	3	0	39	0.4875
0.103903011242	0.0192307692308	41	644	3	0	39	0.4875
0.103965615765	0.0192307692308	41	645	3	0	39	0.4875
0.103966981642	0.0192307692308	41	646	3	0	39	0.4875
0.104192729012	0.0213675213675	42	646	3	0	39	0.481481481481
0.104260917536	0.0192307692308	42	647	3	0	40	0.487804878049
0.104356742339	0.0192307692308	42	648	3	0	40	0.487804878049
0.10446665582	0.0192307692308	42	649	3	0	40	0.487804878049
0.104498524095	0.0192307692308	42	650	3	0	40	0.487804878049
0.104639739061	0.0192307692308	42	651	3	0	40	0.487804878049
0.104825613364	0.0192307692308	42	652	3	0	40	0.487804878049
0.105128259551	0.0192307692308	42	653	3	0	40	0.487804878049
0.105709384463	0.0192307692308	42	654	3	0	40	0.487804878049
0.106084163667	0.0192307692308	42	655	3	0	40	0.487804878049
0.106103745056	0.0192307692308	42	656	3	0	40	0.487804878049
0.106425571045	0.0192307692308	42	657	3	0	40	0.487804878049
0.106518639565	0.0192307692308	42	658	3	0	40	0.487804878049
0.106654930303	0.0192307692308	42	659	3	0	40	0.487804878049
0.106745297314	0.0192307692308	42	660	3	0	40	0.487804878049
0.10679654601	0.0192307692308	42	661	3	0	40	0.487804878049
0.106852847605	0.0192307692308	42	662	3	0	40	0.487804878049
0.106949790696	0.0192307692308	42	663	3	0	40	0.487804878049
0.107092517986	0.0192307692308	42	664	3	0	40	0.487804878049
0.107137237732	0.0192307692308	42	665	3	0	40	0.487804878049
0.107199163708	0.0192307692308	42	666	3	0	40	0.487804878049
0.107342316018	0.0192307692308	42	667	3	0	40	0.487804878049
0.107344573908	0.0192307692308	42	668	3	0	40	0.487804878049
0.107636140042	0.0192307692308	42	669	3	0	40	0.487804878049
0.107734819384	0.0192307692308	42	670	3	0	40	0.487804878049
0.1081678497	0.0192307692308	42	671	3	0	40	0.487804878049
0.108527653182	0.0192307692308	42	672	3	0	40	0.487804878049
0.108545463007	0.0192307692308	42	673	3	0	40	0.487804878049
0.108688193453	0.0192307692308	42	674	3	0	40	0.487804878049
0.108879274503	0.0192307692308	42	675	3	0	40	0.487804878049
0.108921195455	0.0192307692308	42	676	3	0	40	0.487804878049
0.10910145267	0.0192307692308	42	677	3	0	40	0.487804878049
0.109179034317	0.0192307692308	42	678	3	0	40	0.487804878049
0.109221573975	0.0192307692308	42	679	3	0	40	0.487804878049
0.109253886075	0.0192307692308	42	680	3	0	40	0.487804878049
0.109259136653	0.0192307692308	42	681	3	0	40	0.487804878049
0.109336759033	0.0192307692308	42	682	3	0	40	0.487804878049
0.109404875945	0.0192307692308	42	683	3	0	40	0.487804878049
0.109562779631	0.0192307692308	42	684	3	0	40	0.487804878049
0.109733067267	0.017094017094	42	685	3	0	41	0.493975903614
0.109925622207	0.017094017094	42	686	3	0	41	0.493975903614
0.110373147427	0.017094017094	42	687	3	0	41	0.493975903614
0.11039006264	0.017094017094	42	688	3	0	41	0.493975903614
0.110445989675	0.017094017094	42	689	3	0	41	0.493975903614
0.110472645415	0.017094017094	42	690	3	0	41	0.493975903614
0.110652051396	0.017094017094	42	691	3	0	41	0.493975903614
0.110794327874	0.017094017094	42	692	3	0	41	0.493975903614
0.110801497122	0.017094017094	42	693	3	0	41	0.493975903614
0.111088477164	0.017094017094	42	694	3	0	41	0.493975903614
0.111367438335	0.017094017094	42	695	3	0	41	0.493975903614
0.111410915162	0.017094017094	42	696	3	0	41	0.493975903614
0.111465042645	0.017094017094	42	697	3	0	41	0.493975903614
0.111724517906	0.017094017094	42	698	3	0	41	0.493975903614
0.111883208997	0.017094017094	42	699	3	0	41	0.493975903614
0.111910876116	0.017094017094	42	700	3	0	41	0.493975903614
0.111976797253	0.0149572649573	42	701	3	0	42	0.5
0.112033536913	0.0149572649573	42	702	3	0	42	0.5
0.11221095466	0.0149572649573	42	703	3	0	42	0.5
0.112838998513	0.0128205128205	42	704	3	0	43	0.505882352941
0.113032789233	0.0128205128205	42	705	3	0	43	0.505882352941
0.113133172585	0.0128205128205	42	706	3	0	43	0.505882352941
0.11316848451	0.0128205128205	42	707	3	0	43	0.505882352941
0.113800603194	0.0128205128205	42	708	3	0	43	0.505882352941
0.113888864705	0.0128205128205	42	709	3	0	43	0.505882352941
0.113986254374	0.0128205128205	42	710	3	0	43	0.505882352941
0.114266546154	0.0128205128205	42	711	3	0	43	0.505882352941
0.114467312638	0.0149572649573	43	711	3	0	43	0.5
0.11448834257	0.0149572649573	43	712	3	0	43	0.5
0.114636578828	0.0149572649573	43	713	3	0	43	0.5
0.114949353472	0.0149572649573	43	714	3	0	43	0.5
0.115054756168	0.0149572649573	43	715	3	0	43	0.5
0.115411206871	0.0149572649573	43	716	3	0	43	0.5
0.11544994571	0.0149572649573	43	717	3	0	43	0.5
0.115595164851	0.0149572649573	43	718	3	0	43	0.5
0.115779266222	0.0149572649573	43	719	3	0	43	0.5
0.116024160088	0.0149572649573	43	720	3	0	43	0.5
0.11618642224	0.0149572649573	43	721	3	0	43	0.5
0.116217512453	0.0149572649573	43	722	3	0	43	0.5
0.116260128211	0.0149572649573	43	723	3	0	43	0.5
0.11638148637	0.0149572649573	43	724	3	0	43	0.5
0.116394105557	0.0149572649573	43	725	3	0	43	0.5
0.116643158053	0.0149572649573	43	726	3	0	43	0.5
0.116653192864	0.0149572649573	43	727	3	0	43	0.5
0.116814768255	0.0149572649573	43	728	3	0	43	0.5
0.117493432618	0.017094017094	44	728	3	0	43	0.494252873563
0.117496348137	0.017094017094	44	729	3	0	43	0.494252873563
0.117509813453	0.017094017094	44	730	3	0	43	0.494252873563
0.117586438278	0.017094017094	44	731	3	0	43	0.494252873563
0.117604834334	0.017094017094	44	732	3	0	43	0.494252873563
0.117797017903	0.017094017094	44	733	3	0	43	0.494252873563
0.118107256197	0.017094017094	44	734	3	0	43	0.494252873563
0.118185355503	0.017094017094	44	735	3	0	43	0.494252873563
0.118212383666	0.017094017094	44	736	3	0	43	0.494252873563
0.118333186312	0.017094017094	44	737	3	0	43	0.494252873563
0.118501052413	0.017094017094	44	738	3	0	43	0.494252873563
0.118527559644	0.0192307692308	45	738	3	0	43	0.488636363636
0.118554062369	0.0192307692308	45	739	3	0	43	0.488636363636
0.118581063978	0.0192307692308	45	740	3	0	43	0.488636363636
0.118882089763	0.0192307692308	45	741	3	0	43	0.488636363636
0.118903889804	0.0192307692308	45	742	3	0	43	0.488636363636
0.119145994723	0.0213675213675	46	742	3	0	43	0.483146067416
0.119811761031	0.0213675213675	46	743	3	0	43	0.483146067416
0.119823439474	0.0213675213675	46	744	3	0	43	0.483146067416
0.120068655176	0.0213675213675	46	745	3	0	43	0.483146067416
0.120115808427	0.0213675213675	46	746	3	0	43	0.483146067416
0.1203689025	0.0213675213675	46	747	3	0	43	0.483146067416
0.120490776392	0.0213675213675	46	748	3	0	43	0.483146067416
0.120595270109	0.0213675213675	46	749	3	0	43	0.483146067416
0.120767875531	0.0192307692308	46	750	3	0	44	0.488888888889
0.120781785822	0.0192307692308	46	751	3	0	44	0.488888888889
0.121333071128	0.0192307692308	46	752	3	0	44	0.488888888889
0.121608220185	0.0192307692308	46	753	3	0	44	0.488888888889
0.121916999132	0.0192307692308	46	754	3	0	44	0.488888888889
0.121977753108	0.0192307692308	46	755	3	0	44	0.488888888889
0.122021568762	0.017094017094	46	756	3	0	45	0.494505494505
0.12260553305	0.017094017094	46	757	3	0	45	0.494505494505
0.122841034315	0.017094017094	46	758	3	0	45	0.494505494505
0.122998790771	0.017094017094	46	759	3	0	45	0.494505494505
0.123016742966	0.017094017094	46	760	3	0	45	0.494505494505
0.123017905215	0.017094017094	46	761	3	0	45	0.494505494505
0.123036303487	0.017094017094	46	762	3	0	45	0.494505494505
0.123311615229	0.017094017094	46	763	3	0	45	0.494505494505
0.123464324195	0.017094017094	46	764	3	0	45	0.494505494505
0.123470377775	0.017094017094	46	765	3	0	45	0.494505494505
0.123510505819	0.017094017094	46	766	3	0	45	0.494505494505
0.123811457835	0.017094017094	46	767	3	0	45	0.494505494505
0.124031068028	0.017094017094	46	768	3	0	45	0.494505494505
0.124137482683	0.017094017094	46	769	3	0	45	0.494505494505
0.124255017692	0.017094017094	46	770	3	0	45	0.494505494505
0.124257985385	0.017094017094	46	771	3	0	45	0.494505494505
0.124352847082	0.017094017094	46	772	3	0	45	0.494505494505
0.12436799349	0.017094017094	46	773	3	0	45	0.494505494505
0.124380034225	0.017094017094	46	774	3	0	45	0.494505494505
0.124394996361	0.017094017094	46	775	3	0	45	0.494505494505
0.124599901519	0.017094017094	46	776	3	0	45	0.494505494505
0.124652185758	0.017094017094	46	777	3	0	45	0.494505494505
0.124658346688	0.017094017094	46	778	3	0	45	0.494505494505
0.124726037221	0.017094017094	46	779	3	0	45	0.494505494505
0.124802222226	0.017094017094	46	780	3	0	45	0.494505494505
0.124936258746	0.017094017094	46	781	3	0	45	0.494505494505
0.125330794715	0.017094017094	46	782	3	0	45	0.494505494505
0.125412882171	0.017094017094	46	783	3	0	45	0.494505494505
0.125708564546	0.0149572649573	46	784	3	0	46	0.5
0.125722648501	0.0149572649573	46	785	3	0	46	0.5
0.1257650755	0.0149572649573	46	786	3	0	46	0.5
0.125921947854	0.0149572649573	46	787	3	0	46	0.5
0.12615472619	0.0149572649573	46	788	3	0	46	0.5
0.126197286688	0.0149572649573	46	789	3	0	46	0.5
0.126818096918	0.0149572649573	46	790	3	0	46	0.5
0.127307917557	0.0149572649573	46	791	3	0	46	0.5
0.127316661768	0.0149572649573	46	792	3	0	46	0.5
0.127330989618	0.0149572649573	46	793	3	0	46	0.5
0.127489620946	0.0149572649573	46	794	3	0	46	0.5
0.127542509114	0.0149572649573	46	795	3	0	46	0.5
0.127707310165	0.0149572649573	46	796	3	0	46	0.5
0.127773367173	0.017094017094	47	796	3	0	46	0.494623655914
0.127806730649	0.017094017094	47	797	3	0	46	0.494623655914
0.128103572417	0.017094017094	47	798	3	0	46	0.494623655914
0.128295268819	0.017094017094	47	799	3	0	46	0.494623655914
0.128503817582	0.017094017094	47	800	3	0	46	0.494623655914
0.128518495594	0.017094017094	47	801	3	0	46	0.494623655914
0.128862279101	0.017094017094	47	802	3	0	46	0.494623655914
0.128917468333	0.0149572649573	47	803	3	0	47	0.5
0.129154040056	0.0149572649573	47	804	3	0	47	0.5
0.129175874547	0.0149572649573	47	805	3	0	47	0.5
0.129180414567	0.017094017094	48	805	3	0	47	0.494736842105
0.12918494906	0.017094017094	48	806	3	0	47	0.494736842105
0.129458962304	0.0149572649573	48	807	3	0	48	0.5
0.129681004022	0.017094017094	49	807	3	0	48	0.494845360825
0.129991267001	0.017094017094	49	808	3	0	48	0.494845360825
0.130153612084	0.017094017094	49	809	3	0	48	0.494845360825
0.130155724705	0.017094017094	49	810	3	0	48	0.494845360825
0.13020189256	0.017094017094	49	811	3	0	48	0.494845360825
0.13035847391	0.017094017094	49	812	3	0	48	0.494845360825
0.130996253697	0.017094017094	49	813	3	0	48	0.494845360825
0.131123493524	0.017094017094	49	814	3	0	48	0.494845360825
0.13113034625	0.017094017094	49	815	3	0	48	0.494845360825
0.131649736325	0.0192307692308	50	815	3	0	48	0.489795918367
0.132072257309	0.0192307692308	50	816	3	0	48	0.489795918367
0.132101444475	0.0192307692308	50	817	3	0	48	0.489795918367
0.132590671855	0.0192307692308	50	818	3	0	48	0.489795918367
0.133178513744	0.0192307692308	50	819	3	0	48	0.489795918367
0.133220302418	0.017094017094	50	820	3	0	49	0.494949494949
0.13327473906	0.017094017094	50	821	3	0	49	0.494949494949
0.133344143074	0.0149572649573	50	822	3	0	50	0.5
0.133433476531	0.0149572649573	50	823	3	0	50	0.5
0.133832216499	0.0149572649573	50	824	3	0	50	0.5
0.134384477909	0.0149572649573	50	825	3	0	50	0.5
0.134597815893	0.0149572649573	50	826	3	0	50	0.5
0.13465021684	0.0149572649573	50	827	3	0	50	0.5
0.134671266985	0.0149572649573	50	828	3	0	50	0.5
0.134698283369	0.0149572649573	50	829	3	0	50	0.5
0.134921586139	0.0149572649573	50	830	3	0	50	0.5
0.134922424043	0.0149572649573	50	831	3	0	50	0.5
0.13499019609	0.0149572649573	50	832	3	0	50	0.5
0.134996650927	0.0149572649573	50	833	3	0	50	0.5
0.135085301044	0.0149572649573	50	834	3	0	50	0.5
0.135201924083	0.0149572649573	50	835	3	0	50	0.5
0.135203899482	0.0149572649573	50	836	3	0	50	0.5
0.135297774636	0.0149572649573	50	837	3	0	50	0.5
0.135319583544	0.0149572649573	50	838	3	0	50	0.5
0.135444615112	0.0149572649573	50	839	3	0	50	0.5
0.135718286076	0.017094017094	51	839	3	0	50	0.49504950495
0.1357960983	0.017094017094	51	840	3	0	50	0.49504950495
0.135993122205	0.017094017094	51	841	3	0	50	0.49504950495
0.136041058016	0.017094017094	51	842	3	0	50	0.49504950495
0.136111123725	0.017094017094	51	843	3	0	50	0.49504950495
0.136229187835	0.0149572649573	51	844	3	0	51	0.5
0.136347853365	0.0149572649573	51	845	3	0	51	0.5
0.136414245136	0.0149572649573	51	846	3	0	51	0.5
0.136554291016	0.0149572649573	51	847	3	0	51	0.5
0.137423302899	0.0149572649573	51	848	3	0	51	0.5
0.13748504546	0.0149572649573	51	849	3	0	51	0.5
0.137703616399	0.0149572649573	51	850	3	0	51	0.5
0.137775691184	0.0149572649573	51	851	3	0	51	0.5
0.137957769445	0.0149572649573	51	852	3	0	51	0.5
0.138060718322	0.0149572649573	51	853	3	0	51	0.5
0.138073165151	0.0149572649573	51	854	3	0	51	0.5
0.138245793212	0.0149572649573	51	855	3	0	51	0.5
0.138314756747	0.0149572649573	51	856	3	0	51	0.5
0.13831557501	0.0149572649573	51	857	3	0	51	0.5
0.138526956375	0.0149572649573	51	858	3	0	51	0.5
0.13864171036	0.0149572649573	51	859	3	0	51	0.5
0.13869885863	0.0149572649573	51	860	3	0	51	0.5
0.139212277259	0.0149572649573	51	861	3	0	51	0.5
0.139255095803	0.0149572649573	51	862	3	0	51	0.5
0.139435388664	0.0149572649573	51	863	3	0	51	0.5
0.139454078401	0.0149572649573	51	864	3	0	51	0.5
0.139887904807	0.0149572649573	51	865	3	0	51	0.5
0.140130130897	0.0149572649573	51	866	3	0	51	0.5
0.140148046916	0.0149572649573	51	867	3	0	51	0.5
0.140197567665	0.0149572649573	51	868	3	0	51	0.5
0.14079865178	0.0149572649573	51	869	3	0	51	0.5
0.140980257296	0.0149572649573	51	870	3	0	51	0.5
0.141082209317	0.0149572649573	51	871	3	0	51	0.5
0.141155472621	0.0149572649573	51	872	3	0	51	0.5
0.141342717185	0.0149572649573	51	873	3	0	51	0.5
0.141521834012	0.0149572649573	51	874	3	0	51	0.5
0.141615204071	0.0149572649573	51	875	3	0	51	0.5
0.141807489862	0.0149572649573	51	876	3	0	51	0.5
0.14198789453	0.0149572649573	51	877	3	0	51	0.5
0.142280290762	0.0149572649573	51	878	3	0	51	0.5
0.142495683371	0.017094017094	52	878	3	0	51	0.495145631068
0.142876919699	0.017094017094	52	879	3	0	51	0.495145631068
0.143119442009	0.0149572649573	52	880	3	0	52	0.5
0.143262143539	0.0149572649573	52	881	3	0	52	0.5
0.143378477048	0.0149572649573	52	882	3	0	52	0.5
0.143422464578	0.0149572649573	52	883	3	0	52	0.5
0.143654219979	0.0149572649573	52	884	3	0	52	0.5
0.143807688316	0.0149572649573	52	885	3	0	52	0.5
0.143893084163	0.017094017094	53	885	3	0	52	0.495238095238
0.143945010583	0.017094017094	53	886	3	0	52	0.495238095238
0.143968597102	0.017094017094	53	887	3	0	52	0.495238095238
0.144211360008	0.017094017094	53	888	3	0	52	0.495238095238
0.144254922296	0.017094017094	53	889	3	0	52	0.495238095238
0.144331804752	0.017094017094	53	890	3	0	52	0.495238095238
0.144736688857	0.017094017094	53	891	3	0	52	0.495238095238
0.144801373764	0.017094017094	53	892	3	0	52	0.495238095238
0.144981978823	0.017094017094	53	893	3	0	52	0.495238095238
0.145363133079	0.017094017094	53	894	3	0	52	0.495238095238
0.145939479817	0.017094017094	53	895	3	0	52	0.495238095238
0.146202432737	0.017094017094	53	896	3	0	52	0.495238095238
0.146246040351	0.017094017094	53	897	3	0	52	0.495238095238
0.146273372388	0.017094017094	53	898	3	0	52	0.495238095238
0.146362190794	0.017094017094	53	899	3	0	52	0.495238095238
0.146499428652	0.017094017094	53	900	3	0	52	0.495238095238
0.146991605386	0.017094017094	53	901	3	0	52	0.495238095238
0.147049991493	0.017094017094	53	902	3	0	52	0.495238095238
0.147145745279	0.017094017094	53	903	3	0	52	0.495238095238
0.147213712322	0.0192307692308	54	903	3	0	52	0.490566037736
0.147253984002	0.0192307692308	54	904	3	0	52	0.490566037736
0.147468384377	0.0192307692308	54	905	3	0	52	0.490566037736
0.147494640284	0.0192307692308	54	906	3	0	52	0.490566037736
0.147650446486	0.0192307692308	54	907	3	0	52	0.490566037736
0.147886902963	0.0192307692308	54	908	3	0	52	0.490566037736
0.148134228153	0.0192307692308	54	909	3	0	52	0.490566037736
0.148276125676	0.0192307692308	54	910	3	0	52	0.490566037736
0.148343308625	0.0192307692308	54	911	3	0	52	0.490566037736
0.148441715679	0.0192307692308	54	912	3	0	52	0.490566037736
0.148493802963	0.0192307692308	54	913	3	0	52	0.490566037736
0.148578259803	0.0192307692308	54	914	3	0	52	0.490566037736
0.148794712327	0.0192307692308	54	915	3	0	52	0.490566037736
0.148882377685	0.0192307692308	54	916	3	0	52	0.490566037736
0.148885107532	0.0192307692308	54	917	3	0	52	0.490566037736
0.14896264192	0.0192307692308	54	918	3	0	52	0.490566037736
0.149129895197	0.017094017094	54	919	3	0	53	0.495327102804
0.149177469408	0.017094017094	54	920	3	0	53	0.495327102804
0.149273430467	0.017094017094	54	921	3	0	53	0.495327102804
0.14944715726	0.017094017094	54	922	3	0	53	0.495327102804
0.14956719617	0.017094017094	54	923	3	0	53	0.495327102804
0.14963945418	0.017094017094	54	924	3	0	53	0.495327102804
0.150117246129	0.017094017094	54	925	3	0	53	0.495327102804
0.150179161926	0.017094017094	54	926	3	0	53	0.495327102804
0.15049966857	0.017094017094	54	927	3	0	53	0.495327102804
