# time 	 divergence 	 # of mutations 	 # IGC chances 	 IGC length 	 # IGC failures 	 Changes due to IGC  	 % change due to IGC 
0.0	0.0	0	0	0	0	0	0.0
0.00217775421294	0.0010752688172	1	0	0	0	0	0.0
0.00528247528255	0.00215053763441	2	0	0	0	0	0.0
0.00578812358088	0.00322580645161	3	0	0	0	0	0.0
0.00660544584107	0.00430107526882	4	0	0	0	0	0.0
0.00702607041277	0.00430107526882	4	1	3	0	0	0.0
0.00829000559747	0.00537634408602	5	1	3	0	0	0.0
0.00853386910469	0.00645161290323	6	1	3	0	0	0.0
0.0085595645928	0.00752688172043	7	1	3	0	0	0.0
0.00945880743191	0.00860215053763	8	1	3	0	0	0.0
0.0121792784398	0.00967741935484	9	1	3	0	0	0.0
0.0132848450084	0.010752688172	10	1	3	0	0	0.0
0.0136960202713	0.0118279569892	11	1	3	0	0	0.0
0.0177678305828	0.0118279569892	12	1	3	0	0	0.0
0.0179539678206	0.0129032258065	13	1	3	0	0	0.0
0.0193027382419	0.0139784946237	14	1	3	0	0	0.0
0.0197875961306	0.0129032258065	15	1	3	0	0	0.0
0.02124664005	0.0139784946237	16	1	3	0	0	0.0
0.0213870428669	0.0139784946237	16	2	6	0	0	0.0
0.021485988936	0.0139784946237	16	3	9	0	0	0.0
0.0240970529025	0.0150537634409	17	3	9	0	0	0.0
0.0255391852662	0.0161290322581	18	3	9	0	0	0.0
0.0264268287465	0.0161290322581	18	4	6	0	0	0.0
0.0296813381405	0.0172043010753	19	4	6	0	0	0.0
0.0300072200025	0.0182795698925	20	4	6	0	0	0.0
0.0315052092462	0.0193548387097	21	4	6	0	0	0.0
0.0317922499446	0.0204301075269	22	4	6	0	0	0.0
0.0336280344795	0.0215053763441	23	4	6	0	0	0.0
0.034332189944	0.0225806451613	24	4	6	0	0	0.0
0.0348511678466	0.0236559139785	25	4	6	0	0	0.0
0.0350112696511	0.0247311827957	26	4	6	0	0	0.0
0.0373343114795	0.0247311827957	26	5	6	0	0	0.0
0.0380908796387	0.0258064516129	27	5	6	0	0	0.0
0.0394770924841	0.0268817204301	28	5	6	0	0	0.0
0.0416230642522	0.0279569892473	29	5	6	0	0	0.0
0.0426314636901	0.0290322580645	30	5	6	0	0	0.0
0.0426982830263	0.0290322580645	30	6	3	0	0	0.0
0.0448988150483	0.0279569892473	31	6	3	0	0	0.0
0.0466796695341	0.0279569892473	31	7	6	0	0	0.0
0.0475100921975	0.0279569892473	31	8	9	0	0	0.0
0.0490864367539	0.0279569892473	31	9	3	0	0	0.0
0.0513452597682	0.0290322580645	32	9	3	0	0	0.0
0.0513643138059	0.0279569892473	32	10	9	0	1	0.030303030303
0.0514674868764	0.0268817204301	32	11	6	0	2	0.0588235294118
0.0516769867922	0.0279569892473	33	11	6	0	2	0.0571428571429
0.0521908226172	0.0290322580645	34	11	6	0	2	0.0555555555556
0.0533508418701	0.0279569892473	34	12	15	0	3	0.0810810810811
0.0568071197615	0.0290322580645	35	12	15	0	3	0.0789473684211
0.0578033733783	0.0301075268817	36	12	15	0	3	0.0769230769231
0.0591261856264	0.0301075268817	36	13	6	0	3	0.0769230769231
0.0593170564476	0.0311827956989	37	13	6	0	3	0.075
0.0596368918649	0.0322580645161	38	13	6	0	3	0.0731707317073
0.0596380022379	0.0333333333333	39	13	6	0	3	0.0714285714286
0.0616022507396	0.0344086021505	40	13	6	0	3	0.0697674418605
0.0618232550427	0.0344086021505	40	14	12	0	3	0.0697674418605
0.0633892968328	0.0333333333333	40	15	3	0	4	0.0909090909091
0.0634222619165	0.0344086021505	41	15	3	0	4	0.0888888888889
0.0663194724767	0.0354838709677	42	15	3	0	4	0.0869565217391
0.0668183867744	0.0354838709677	42	16	12	0	4	0.0869565217391
0.068133698377	0.0354838709677	42	17	6	0	4	0.0869565217391
0.0681395996232	0.0365591397849	43	17	6	0	4	0.0851063829787
0.0683173732348	0.0365591397849	43	18	15	0	4	0.0851063829787
0.0712023620365	0.0376344086022	44	18	15	0	4	0.0833333333333
0.0734000509326	0.0376344086022	44	19	3	0	4	0.0833333333333
0.074396001627	0.0365591397849	44	20	6	0	5	0.102040816327
0.0744781066704	0.0376344086022	45	20	6	0	5	0.1
0.0777489060789	0.0376344086022	45	21	6	0	5	0.1
0.0784827382752	0.0387096774194	46	21	6	0	5	0.0980392156863
0.0785822595851	0.0397849462366	47	21	6	0	5	0.0961538461538
0.0786167309482	0.0397849462366	48	21	6	0	5	0.0943396226415
0.078758521622	0.0408602150538	49	21	6	0	5	0.0925925925926
0.078855242933	0.041935483871	50	21	6	0	5	0.0909090909091
0.0818825485957	0.0430107526882	51	21	6	0	5	0.0892857142857
0.0824700901549	0.0440860215054	52	21	6	0	5	0.0877192982456
0.0837715180104	0.0451612903226	53	21	6	0	5	0.0862068965517
0.0860367368447	0.0462365591398	54	21	6	0	5	0.0847457627119
0.0861448209358	0.047311827957	55	21	6	0	5	0.0833333333333
0.0862802033121	0.0483870967742	56	21	6	0	5	0.0819672131148
0.0871145770149	0.0494623655914	57	21	6	0	5	0.0806451612903
0.0873256683859	0.0505376344086	58	21	6	0	5	0.0793650793651
0.0877383102214	0.0516129032258	59	21	6	0	5	0.078125
0.0879047457901	0.052688172043	60	21	6	0	5	0.0769230769231
0.0890702153156	0.0516129032258	60	22	12	0	6	0.0909090909091
0.0895519702903	0.052688172043	61	22	12	0	6	0.089552238806
0.0896018549748	0.0516129032258	61	23	3	0	7	0.102941176471
0.0900206275492	0.052688172043	62	23	3	0	7	0.101449275362
0.0903777511967	0.0537634408602	63	23	3	0	7	0.1
0.0926801846078	0.0548387096774	64	23	3	0	7	0.0985915492958
0.0954960218607	0.0559139784946	65	23	3	0	7	0.0972222222222
0.0967033778569	0.0569892473118	66	23	3	0	7	0.0958904109589
0.0974250194227	0.0559139784946	67	23	3	0	7	0.0945945945946
0.0976753325882	0.0548387096774	67	24	6	0	8	0.106666666667
0.0989040075863	0.0559139784946	68	24	6	0	8	0.105263157895
0.10029331092	0.0569892473118	69	24	6	0	8	0.103896103896
0.100555567506	0.058064516129	70	24	6	0	8	0.102564102564
0.100820002763	0.0591397849462	71	24	6	0	8	0.101265822785
0.1014598118	0.0602150537634	72	24	6	0	8	0.1
0.105781412108	0.0612903225806	73	24	6	0	8	0.0987654320988
0.106836444068	0.0602150537634	73	25	21	0	9	0.109756097561
0.107234895902	0.0612903225806	74	25	21	0	9	0.10843373494
0.107628320592	0.0623655913978	75	25	21	0	9	0.107142857143
0.108203150934	0.0634408602151	76	25	21	0	9	0.105882352941
0.109157717114	0.0634408602151	77	25	21	0	9	0.104651162791
0.110123576307	0.0634408602151	77	26	6	0	9	0.104651162791
0.112003410048	0.0645161290323	78	26	6	0	9	0.103448275862
0.11488169799	0.0645161290323	78	27	24	0	9	0.103448275862
0.116858677395	0.0634408602151	78	28	6	0	10	0.113636363636
0.117277745328	0.0645161290323	79	28	6	0	10	0.112359550562
0.117867713749	0.0655913978495	80	28	6	0	10	0.111111111111
0.118588627878	0.0666666666667	81	28	6	0	10	0.10989010989
0.119681019877	0.0655913978495	82	28	6	0	10	0.108695652174
0.120280043835	0.0666666666667	83	28	6	0	10	0.10752688172
0.12045533203	0.0677419354839	84	28	6	0	10	0.106382978723
0.121175781584	0.0677419354839	84	29	3	0	10	0.106382978723
0.12193970073	0.0688172043011	85	29	3	0	10	0.105263157895
0.122185501739	0.0677419354839	85	30	6	0	11	0.114583333333
0.122625904108	0.0688172043011	86	30	6	0	11	0.113402061856
0.122645673266	0.0698924731183	87	30	6	0	11	0.112244897959
0.12311840021	0.0688172043011	87	31	12	0	12	0.121212121212
0.123125517728	0.0677419354839	88	31	12	0	12	0.12
0.127149711318	0.0688172043011	89	31	12	0	12	0.118811881188
0.128341935786	0.0688172043011	89	32	3	0	12	0.118811881188
0.130021417427	0.0666666666667	89	33	51	0	14	0.135922330097
0.130488877617	0.0677419354839	90	33	51	0	14	0.134615384615
0.131528011703	0.0677419354839	90	34	3	0	14	0.134615384615
0.134974582986	0.0688172043011	91	34	3	0	14	0.133333333333
0.135879828768	0.0688172043011	91	35	12	0	14	0.133333333333
0.136059123791	0.0655913978495	91	36	18	0	17	0.157407407407
0.13874960878	0.0666666666667	92	36	18	0	17	0.155963302752
0.138763818787	0.0677419354839	93	36	18	0	17	0.154545454545
0.141582679516	0.0688172043011	94	36	18	0	17	0.153153153153
0.141921199823	0.0698924731183	95	36	18	0	17	0.151785714286
0.143496666081	0.0709677419355	96	36	18	0	17	0.150442477876
0.1436651925	0.0720430107527	97	36	18	0	17	0.149122807018
0.145447604685	0.0720430107527	97	37	3	0	17	0.149122807018
0.148749693347	0.0709677419355	97	38	9	0	18	0.15652173913
0.148971956966	0.0720430107527	98	38	9	0	18	0.155172413793
0.150188612262	0.0720430107527	98	39	15	0	18	0.155172413793
0.150487288361	0.0731182795699	99	39	15	0	18	0.153846153846
0.152141428591	0.0741935483871	100	39	15	0	18	0.152542372881
0.153885914978	0.0752688172043	101	39	15	0	18	0.151260504202
0.154539212521	0.0731182795699	101	40	30	0	20	0.165289256198
0.155793575691	0.0731182795699	101	41	3	0	20	0.165289256198
0.157261030679	0.0709677419355	101	42	15	0	22	0.178861788618
0.158943085935	0.0720430107527	102	42	15	0	22	0.177419354839
0.161268720461	0.0720430107527	103	42	15	0	22	0.176
0.16147500031	0.0709677419355	104	42	15	0	22	0.174603174603
0.161980766604	0.0709677419355	105	42	15	0	22	0.173228346457
0.163919584625	0.0720430107527	106	42	15	0	22	0.171875
0.16437422617	0.0731182795699	107	42	15	0	22	0.170542635659
0.165051578822	0.0741935483871	108	42	15	0	22	0.169230769231
0.166355707884	0.0752688172043	109	42	15	0	22	0.167938931298
0.167222100431	0.0763440860215	110	42	15	0	22	0.166666666667
0.16794313694	0.0774193548387	111	42	15	0	22	0.165413533835
0.169045252409	0.0784946236559	112	42	15	0	22	0.164179104478
0.169742643791	0.0784946236559	112	43	12	0	22	0.164179104478
0.170017862147	0.0774193548387	112	44	3	0	23	0.17037037037
0.170512162225	0.0784946236559	113	44	3	0	23	0.169117647059
0.172487928338	0.0795698924731	114	44	3	0	23	0.167883211679
0.178208422048	0.0806451612903	115	44	3	0	23	0.166666666667
0.180569738957	0.0817204301075	116	44	3	0	23	0.165467625899
0.181597900147	0.0806451612903	116	45	9	0	24	0.171428571429
0.183627650596	0.0817204301075	117	45	9	0	24	0.170212765957
0.190341069876	0.0827956989247	118	45	9	0	24	0.169014084507
0.191820514567	0.0827956989247	118	46	3	0	24	0.169014084507
0.193034552482	0.0827956989247	118	47	3	0	24	0.169014084507
0.19320700883	0.0838709677419	119	47	3	0	24	0.167832167832
0.19373237479	0.0838709677419	119	48	3	0	24	0.167832167832
0.194585487212	0.0849462365591	120	48	3	0	24	0.166666666667
0.19504958771	0.0860215053763	121	48	3	0	24	0.165517241379
0.195769540396	0.0870967741935	122	48	3	0	24	0.164383561644
0.196016046816	0.0881720430108	123	48	3	0	24	0.163265306122
0.196738591252	0.089247311828	124	48	3	0	24	0.162162162162
0.201106242763	0.0903225806452	125	48	3	0	24	0.161073825503
0.202683792586	0.0903225806452	126	48	3	0	24	0.16
0.203404837299	0.0913978494624	127	48	3	0	24	0.158940397351
0.203637129925	0.0924731182796	128	48	3	0	24	0.157894736842
0.205225074669	0.0935483870968	129	48	3	0	24	0.156862745098
0.205502840782	0.094623655914	130	48	3	0	24	0.155844155844
0.206228674867	0.094623655914	130	49	3	0	24	0.155844155844
0.210148967624	0.0956989247312	131	49	3	0	24	0.154838709677
0.210730549454	0.0967741935484	132	49	3	0	24	0.153846153846
0.211209416483	0.0978494623656	133	49	3	0	24	0.152866242038
0.211965144183	0.0924731182796	133	50	15	0	29	0.179012345679
0.21289273066	0.0935483870968	134	50	15	0	29	0.177914110429
0.216520634773	0.094623655914	135	50	15	0	29	0.176829268293
0.217830871349	0.0935483870968	135	51	12	0	30	0.181818181818
0.21811867672	0.0935483870968	136	51	12	0	30	0.180722891566
0.221178609147	0.094623655914	137	51	12	0	30	0.179640718563
0.222768542172	0.0956989247312	138	51	12	0	30	0.178571428571
0.223758287961	0.094623655914	138	52	6	0	31	0.183431952663
0.224203703276	0.0903225806452	138	53	15	0	35	0.202312138728
0.224630825618	0.0903225806452	139	53	15	0	35	0.201149425287
0.225354567633	0.0903225806452	140	53	15	0	35	0.2
0.225787610963	0.0913978494624	141	53	15	0	35	0.198863636364
0.227111167672	0.0924731182796	142	53	15	0	35	0.197740112994
0.227209022683	0.0935483870968	143	53	15	0	35	0.196629213483
0.227490800593	0.0924731182796	143	54	3	0	36	0.201117318436
0.229943538254	0.0935483870968	144	54	3	0	36	0.2
0.230763556874	0.094623655914	145	54	3	0	36	0.198895027624
0.23433148475	0.0956989247312	146	54	3	0	36	0.197802197802
0.23703624729	0.0967741935484	147	54	3	0	36	0.196721311475
0.23840881924	0.0978494623656	148	54	3	0	36	0.195652173913
0.2406359685	0.0989247311828	149	54	3	0	36	0.194594594595
0.241641658404	0.0989247311828	150	54	3	0	36	0.193548387097
0.243059695992	0.1	151	54	3	0	36	0.192513368984
0.244089712114	0.101075268817	152	54	3	0	36	0.191489361702
0.248430888216	0.102150537634	153	54	3	0	36	0.190476190476
0.250934445293	0.102150537634	153	55	3	0	36	0.190476190476
0.253133962797	0.103225806452	154	55	3	0	36	0.189473684211
0.253292420517	0.104301075269	155	55	3	0	36	0.188481675393
0.256515136771	0.105376344086	156	55	3	0	36	0.1875
0.258681644287	0.106451612903	157	55	3	0	36	0.186528497409
0.258754006191	0.106451612903	157	56	3	0	36	0.186528497409
0.263230828653	0.10752688172	158	56	3	0	36	0.185567010309
0.265627208821	0.10752688172	158	57	9	0	36	0.185567010309
0.266964066716	0.108602150538	159	57	9	0	36	0.184615384615
0.267960167649	0.106451612903	159	58	9	0	38	0.192893401015
0.268029741225	0.105376344086	160	58	9	0	38	0.191919191919
0.268058101266	0.103225806452	160	59	3	0	40	0.2
0.268668721722	0.104301075269	161	59	3	0	40	0.199004975124
0.268829927123	0.102150537634	161	60	6	0	42	0.206896551724
0.270069751306	0.103225806452	162	60	6	0	42	0.205882352941
0.270389670683	0.104301075269	163	60	6	0	42	0.20487804878
0.27088070007	0.105376344086	164	60	6	0	42	0.203883495146
0.271287820286	0.106451612903	165	60	6	0	42	0.202898550725
0.272673495297	0.106451612903	165	61	3	0	42	0.202898550725
0.275927959992	0.10752688172	166	61	3	0	42	0.201923076923
0.276572148874	0.108602150538	167	61	3	0	42	0.200956937799
0.276753712943	0.108602150538	168	61	3	0	42	0.2
0.277685253069	0.109677419355	169	61	3	0	42	0.199052132701
0.277805945314	0.110752688172	170	61	3	0	42	0.198113207547
0.277933091761	0.111827956989	171	61	3	0	42	0.197183098592
0.279743095935	0.112903225806	172	61	3	0	42	0.196261682243
0.279955029362	0.113978494624	173	61	3	0	42	0.195348837209
0.283291863837	0.115053763441	174	61	3	0	42	0.194444444444
0.285813729878	0.116129032258	175	61	3	0	42	0.193548387097
0.286002208926	0.110752688172	175	62	30	0	47	0.211711711712
0.286010911264	0.109677419355	176	62	30	0	47	0.210762331839
0.2869627118	0.110752688172	177	62	30	0	47	0.209821428571
0.287062686274	0.111827956989	178	62	30	0	47	0.208888888889
0.287111499853	0.112903225806	179	62	30	0	47	0.20796460177
0.287665875615	0.113978494624	180	62	30	0	47	0.20704845815
0.288643198404	0.110752688172	180	63	21	0	50	0.217391304348
0.288934213207	0.110752688172	180	64	30	0	50	0.217391304348
0.29231777733	0.111827956989	181	64	30	0	50	0.21645021645
0.29324730317	0.110752688172	182	64	30	0	50	0.215517241379
0.293283496293	0.111827956989	183	64	30	0	50	0.214592274678
0.294739110946	0.112903225806	184	64	30	0	50	0.213675213675
0.294839850083	0.113978494624	185	64	30	0	50	0.212765957447
0.295954332454	0.115053763441	186	64	30	0	50	0.21186440678
0.296717278689	0.116129032258	187	64	30	0	50	0.210970464135
0.29796883789	0.115053763441	187	65	27	0	51	0.214285714286
0.299039283519	0.116129032258	188	65	27	0	51	0.213389121339
0.299660648036	0.116129032258	188	66	6	0	51	0.213389121339
0.300241624249	0.117204301075	189	66	6	0	51	0.2125
0.301306197651	0.118279569892	190	66	6	0	51	0.211618257261
0.302669755433	0.11935483871	191	66	6	0	51	0.210743801653
0.305445059475	0.120430107527	192	66	6	0	51	0.20987654321
0.308379338711	0.121505376344	193	66	6	0	51	0.209016393443
0.308477472772	0.118279569892	193	67	18	0	54	0.218623481781
0.310907305212	0.11935483871	194	67	18	0	54	0.217741935484
0.312140754907	0.120430107527	195	67	18	0	54	0.21686746988
0.313463698393	0.121505376344	196	67	18	0	54	0.216
0.315598279743	0.122580645161	197	67	18	0	54	0.215139442231
0.317837771592	0.121505376344	197	68	6	0	55	0.218253968254
0.318388065383	0.121505376344	197	69	3	0	55	0.218253968254
0.320325829733	0.120430107527	198	69	3	0	55	0.217391304348
0.32202810357	0.121505376344	199	69	3	0	55	0.216535433071
0.323022517491	0.121505376344	199	70	6	0	55	0.216535433071
0.323264774309	0.122580645161	200	70	6	0	55	0.21568627451
0.324109092638	0.123655913978	201	70	6	0	55	0.21484375
0.328377698544	0.123655913978	201	71	6	0	55	0.21484375
0.329990348197	0.124731182796	202	71	6	0	55	0.214007782101
0.332340224618	0.125806451613	203	71	6	0	55	0.213178294574
0.333510879627	0.125806451613	203	72	3	0	55	0.213178294574
0.335264124113	0.124731182796	204	72	3	0	55	0.212355212355
0.335444219162	0.124731182796	205	72	3	0	55	0.211538461538
0.336180072486	0.124731182796	205	73	9	0	55	0.211538461538
0.336649325439	0.123655913978	206	73	9	0	55	0.210727969349
0.338115825759	0.11935483871	206	74	9	0	59	0.222641509434
0.341971923826	0.120430107527	207	74	9	0	59	0.221804511278
0.343684523665	0.121505376344	208	74	9	0	59	0.220973782772
0.345856137327	0.122580645161	209	74	9	0	59	0.220149253731
0.346833747874	0.123655913978	210	74	9	0	59	0.219330855019
0.347118382287	0.117204301075	210	75	15	0	65	0.236363636364
0.352096806745	0.117204301075	211	75	15	0	65	0.235507246377
0.352930243743	0.118279569892	212	75	15	0	65	0.234657039711
0.353920559856	0.11935483871	213	75	15	0	65	0.23381294964
0.355827829618	0.120430107527	214	75	15	0	65	0.232974910394
0.356523892651	0.121505376344	215	75	15	0	65	0.232142857143
0.35695517183	0.122580645161	216	75	15	0	65	0.231316725979
0.359747600423	0.122580645161	216	76	3	0	65	0.231316725979
0.360659059287	0.120430107527	216	77	9	0	67	0.236749116608
0.361197851736	0.121505376344	217	77	9	0	67	0.235915492958
0.361266338901	0.121505376344	217	78	12	0	67	0.235915492958
0.362576773913	0.122580645161	218	78	12	0	67	0.235087719298
0.36266602123	0.122580645161	218	79	9	0	67	0.235087719298
0.367969864095	0.123655913978	219	79	9	0	67	0.234265734266
0.370166100462	0.124731182796	220	79	9	0	67	0.233449477352
0.371624524341	0.125806451613	221	79	9	0	67	0.232638888889
0.371871069092	0.12688172043	222	79	9	0	67	0.231833910035
0.372114133117	0.11935483871	222	80	30	0	74	0.25
0.376484849624	0.118279569892	222	81	3	0	75	0.252525252525
0.376829235889	0.11935483871	223	81	3	0	75	0.251677852349
0.377086278367	0.120430107527	224	81	3	0	75	0.250836120401
0.379481640135	0.121505376344	225	81	3	0	75	0.25
0.380968138198	0.122580645161	226	81	3	0	75	0.249169435216
0.380986609776	0.115053763441	226	82	42	0	82	0.266233766234
0.385059825153	0.116129032258	227	82	42	0	82	0.265372168285
0.386631630944	0.117204301075	228	82	42	0	82	0.264516129032
0.389143369452	0.118279569892	229	82	42	0	82	0.263665594855
0.392165325823	0.11935483871	230	82	42	0	82	0.262820512821
0.393210371425	0.118279569892	231	82	42	0	82	0.261980830671
0.394763680791	0.11935483871	232	82	42	0	82	0.261146496815
0.395415610725	0.11935483871	233	82	42	0	82	0.260317460317
0.3972751195	0.120430107527	234	82	42	0	82	0.259493670886
0.401612543379	0.120430107527	235	82	42	0	82	0.258675078864
0.406689053412	0.112903225806	235	83	21	0	89	0.274691358025
0.40686352108	0.111827956989	236	83	21	0	89	0.273846153846
0.407287272135	0.112903225806	237	83	21	0	89	0.273006134969
0.407806362825	0.113978494624	238	83	21	0	89	0.272171253823
0.407837575027	0.115053763441	239	83	21	0	89	0.271341463415
0.409560488272	0.116129032258	240	83	21	0	89	0.270516717325
0.41009565821	0.116129032258	240	84	9	0	89	0.270516717325
0.410687855296	0.116129032258	241	84	9	0	89	0.269696969697
0.411839932611	0.113978494624	241	85	9	0	91	0.274096385542
0.413363468289	0.112903225806	242	85	9	0	91	0.273273273273
0.415501413763	0.113978494624	243	85	9	0	91	0.27245508982
0.417380732127	0.115053763441	244	85	9	0	91	0.271641791045
0.418120126627	0.115053763441	244	86	18	0	91	0.271641791045
0.41846537032	0.116129032258	245	86	18	0	91	0.270833333333
0.418591966509	0.117204301075	246	86	18	0	91	0.270029673591
0.419577529712	0.118279569892	247	86	18	0	91	0.269230769231
0.419793090201	0.11935483871	248	86	18	0	91	0.268436578171
0.420834773956	0.120430107527	249	86	18	0	91	0.267647058824
0.42266269846	0.121505376344	250	86	18	0	91	0.266862170088
0.423919955992	0.122580645161	251	86	18	0	91	0.266081871345
0.425687154682	0.121505376344	252	86	18	0	91	0.265306122449
0.427160393057	0.120430107527	252	87	21	0	92	0.267441860465
0.427386340122	0.120430107527	252	88	12	0	92	0.267441860465
0.427695058889	0.11935483871	253	88	12	0	92	0.266666666667
0.428048566046	0.118279569892	253	89	12	0	93	0.268786127168
0.42813644499	0.117204301075	254	89	12	0	93	0.268011527378
0.429247477582	0.111827956989	254	90	21	0	98	0.278409090909
0.429638000433	0.111827956989	255	90	21	0	98	0.277620396601
0.431046162529	0.112903225806	256	90	21	0	98	0.276836158192
0.433437795472	0.113978494624	257	90	21	0	98	0.276056338028
0.433443761706	0.115053763441	258	90	21	0	98	0.275280898876
0.43596293061	0.116129032258	259	90	21	0	98	0.274509803922
0.436478397358	0.115053763441	259	91	12	0	99	0.276536312849
0.436968544737	0.113978494624	259	92	3	0	100	0.278551532033
0.439074815409	0.113978494624	259	93	18	0	100	0.278551532033
0.439957811756	0.112903225806	260	93	18	0	100	0.277777777778
0.441495286739	0.111827956989	260	94	27	0	101	0.279778393352
0.446011415444	0.112903225806	261	94	27	0	101	0.279005524862
0.446299908548	0.112903225806	262	94	27	0	101	0.278236914601
0.448374045282	0.110752688172	262	95	12	0	103	0.282191780822
0.449186123282	0.109677419355	262	96	3	0	104	0.284153005464
0.450517872741	0.108602150538	263	96	3	0	104	0.283378746594
0.452988069502	0.109677419355	264	96	3	0	104	0.282608695652
0.455293029128	0.110752688172	265	96	3	0	104	0.281842818428
0.455745683221	0.111827956989	266	96	3	0	104	0.281081081081
0.456804918089	0.112903225806	267	96	3	0	104	0.280323450135
0.459496875114	0.113978494624	268	96	3	0	104	0.279569892473
0.459965577723	0.113978494624	268	97	6	0	104	0.279569892473
0.460671379897	0.111827956989	268	98	6	0	106	0.283422459893
0.462309235149	0.110752688172	269	98	6	0	106	0.282666666667
0.462428480695	0.111827956989	270	98	6	0	106	0.281914893617
0.463656150731	0.112903225806	271	98	6	0	106	0.281167108753
0.465001428348	0.113978494624	272	98	6	0	106	0.280423280423
0.466327613657	0.115053763441	273	98	6	0	106	0.279683377309
0.467227257496	0.116129032258	274	98	6	0	106	0.278947368421
0.46812532513	0.116129032258	275	98	6	0	106	0.278215223097
0.46942677625	0.116129032258	275	99	3	0	106	0.278215223097
0.469780964606	0.115053763441	276	99	3	0	106	0.277486910995
0.469909553878	0.116129032258	277	99	3	0	106	0.276762402089
0.471526341974	0.117204301075	278	99	3	0	106	0.276041666667
0.472827652003	0.118279569892	279	99	3	0	106	0.275324675325
0.474615263096	0.11935483871	280	99	3	0	106	0.274611398964
0.475075355168	0.120430107527	281	99	3	0	106	0.273901808786
0.475362343234	0.121505376344	282	99	3	0	106	0.273195876289
0.477130564041	0.122580645161	283	99	3	0	106	0.272493573265
0.477196860759	0.123655913978	284	99	3	0	106	0.271794871795
0.478846242236	0.122580645161	285	99	3	0	106	0.271099744246
0.479848515796	0.123655913978	286	99	3	0	106	0.270408163265
0.485275388791	0.124731182796	287	99	3	0	106	0.269720101781
0.486680779529	0.125806451613	288	99	3	0	106	0.269035532995
0.487415373098	0.12688172043	289	99	3	0	106	0.26835443038
0.487579906289	0.127956989247	290	99	3	0	106	0.267676767677
0.4877575593	0.127956989247	291	99	3	0	106	0.267002518892
0.48777848297	0.129032258065	292	99	3	0	106	0.266331658291
0.488080626705	0.130107526882	293	99	3	0	106	0.265664160401
0.489388754655	0.130107526882	294	99	3	0	106	0.265
0.489465776784	0.125806451613	294	100	18	0	110	0.272277227723
0.490127580732	0.125806451613	295	100	18	0	110	0.271604938272
0.490378978155	0.12688172043	296	100	18	0	110	0.270935960591
0.491111214584	0.127956989247	297	100	18	0	110	0.27027027027
0.491976209762	0.129032258065	298	100	18	0	110	0.269607843137
0.494048361331	0.130107526882	299	100	18	0	110	0.268948655257
0.49478146856	0.131182795699	300	100	18	0	110	0.268292682927
0.494938162745	0.131182795699	301	100	18	0	110	0.267639902676
0.494976542989	0.132258064516	302	100	18	0	110	0.266990291262
0.495252254846	0.127956989247	302	101	15	0	114	0.274038461538
0.496147546283	0.129032258065	303	101	15	0	114	0.273381294964
0.49762256621	0.130107526882	304	101	15	0	114	0.272727272727
0.49793624818	0.130107526882	305	101	15	0	114	0.272076372315
0.498456177533	0.129032258065	305	102	9	0	115	0.27380952381
0.498514210699	0.130107526882	306	102	9	0	115	0.273159144893
0.498696853911	0.130107526882	306	103	3	0	115	0.273159144893
0.501651958819	0.131182795699	307	103	3	0	115	0.272511848341
0.502012004425	0.131182795699	307	104	3	0	115	0.272511848341
0.502339301829	0.130107526882	308	104	3	0	115	0.271867612293
0.503481284581	0.131182795699	309	104	3	0	115	0.271226415094
0.504191495767	0.132258064516	310	104	3	0	115	0.270588235294
0.505650278771	0.133333333333	311	104	3	0	115	0.269953051643
0.50966014031	0.133333333333	312	104	3	0	115	0.269320843091
0.510113535949	0.133333333333	312	105	3	0	115	0.269320843091
0.510185980018	0.134408602151	313	105	3	0	115	0.268691588785
0.510962735568	0.135483870968	314	105	3	0	115	0.268065268065
0.511468738427	0.136559139785	315	105	3	0	115	0.267441860465
0.515130729002	0.137634408602	316	105	3	0	115	0.266821345708
0.515190322726	0.138709677419	317	105	3	0	115	0.266203703704
0.517108592989	0.130107526882	317	106	39	0	123	0.279545454545
0.517742013075	0.131182795699	318	106	39	0	123	0.278911564626
0.518135028492	0.132258064516	319	106	39	0	123	0.278280542986
0.51880242283	0.131182795699	319	107	6	0	124	0.279909706546
0.520284142547	0.132258064516	320	107	6	0	124	0.279279279279
0.520896284422	0.132258064516	320	108	3	0	124	0.279279279279
0.522306423828	0.133333333333	321	108	3	0	124	0.278651685393
0.52238528386	0.134408602151	322	108	3	0	124	0.27802690583
0.525245556853	0.135483870968	323	108	3	0	124	0.2774049217
0.525655980593	0.132258064516	323	109	6	0	127	0.282222222222
0.528154503796	0.133333333333	324	109	6	0	127	0.281596452328
0.529187471198	0.133333333333	324	110	3	0	127	0.281596452328
0.531634308024	0.134408602151	325	110	3	0	127	0.280973451327
0.531877633057	0.135483870968	326	110	3	0	127	0.280353200883
0.53193290436	0.136559139785	327	110	3	0	127	0.279735682819
0.532945199756	0.137634408602	328	110	3	0	127	0.279120879121
0.533289561982	0.137634408602	329	110	3	0	127	0.27850877193
0.533870791558	0.138709677419	330	110	3	0	127	0.277899343545
0.534729089377	0.138709677419	330	111	9	0	127	0.277899343545
0.536572631412	0.139784946237	331	111	9	0	127	0.277292576419
0.537670232574	0.140860215054	332	111	9	0	127	0.276688453159
0.538406362452	0.141935483871	333	111	9	0	127	0.276086956522
0.53935209187	0.140860215054	334	111	9	0	127	0.275488069414
0.53942539726	0.141935483871	335	111	9	0	127	0.274891774892
0.541758310549	0.143010752688	336	111	9	0	127	0.274298056156
0.54330238007	0.139784946237	336	112	12	0	130	0.278969957082
0.543740374686	0.140860215054	337	112	12	0	130	0.278372591006
0.544132160829	0.141935483871	338	112	12	0	130	0.277777777778
0.544283201753	0.140860215054	339	112	12	0	130	0.277185501066
0.545059234688	0.141935483871	340	112	12	0	130	0.276595744681
0.545259815865	0.141935483871	340	113	3	0	130	0.276595744681
0.545707731531	0.137634408602	340	114	12	0	134	0.282700421941
0.551119374419	0.138709677419	341	114	12	0	134	0.282105263158
0.551714628552	0.134408602151	341	115	27	0	138	0.288100208768
0.552903135265	0.135483870968	342	115	27	0	138	0.2875
0.553013685225	0.135483870968	342	116	6	0	138	0.2875
0.553581888031	0.136559139785	343	116	6	0	138	0.286902286902
0.554478258789	0.136559139785	344	116	6	0	138	0.286307053942
0.556999443495	0.135483870968	344	117	6	0	139	0.287784679089
0.558750692871	0.136559139785	345	117	6	0	139	0.287190082645
0.559268141595	0.136559139785	345	118	3	0	139	0.287190082645
0.559612636977	0.137634408602	346	118	3	0	139	0.286597938144
0.561693645557	0.138709677419	347	118	3	0	139	0.286008230453
0.562598399638	0.139784946237	348	118	3	0	139	0.285420944559
0.562796823635	0.140860215054	349	118	3	0	139	0.284836065574
0.563774808243	0.141935483871	350	118	3	0	139	0.284253578732
0.565211855118	0.143010752688	351	118	3	0	139	0.283673469388
0.566347440355	0.144086021505	352	118	3	0	139	0.283095723014
0.567986782041	0.145161290323	353	118	3	0	139	0.282520325203
0.569814133156	0.14623655914	354	118	3	0	139	0.281947261663
0.570150880738	0.14623655914	354	119	3	0	139	0.281947261663
0.570341337519	0.14623655914	355	119	3	0	139	0.281376518219
0.571371268636	0.147311827957	356	119	3	0	139	0.280808080808
0.573315389465	0.147311827957	357	119	3	0	139	0.280241935484
0.575919071568	0.148387096774	358	119	3	0	139	0.27967806841
0.577462974468	0.149462365591	359	119	3	0	139	0.279116465863
0.578107855123	0.150537634409	360	119	3	0	139	0.278557114228
0.579600911387	0.149462365591	360	120	6	0	140	0.28
0.580330759162	0.149462365591	361	120	6	0	140	0.279441117764
0.581670740838	0.149462365591	362	120	6	0	140	0.278884462151
0.581762023677	0.150537634409	363	120	6	0	140	0.278330019881
0.583796819256	0.151612903226	364	120	6	0	140	0.277777777778
0.585024229832	0.152688172043	365	120	6	0	140	0.277227722772
0.586818126106	0.152688172043	365	121	3	0	140	0.277227722772
0.587605012496	0.152688172043	366	121	3	0	140	0.276679841897
0.588495082374	0.15376344086	367	121	3	0	140	0.276134122288
0.588886580524	0.154838709677	368	121	3	0	140	0.275590551181
0.589054238179	0.155913978495	369	121	3	0	140	0.275049115914
0.593090053554	0.156989247312	370	121	3	0	140	0.274509803922
0.597824003377	0.158064516129	371	121	3	0	140	0.27397260274
0.599367950831	0.159139784946	372	121	3	0	140	0.2734375
0.601047412037	0.158064516129	372	122	15	0	141	0.27485380117
0.601174738653	0.158064516129	373	122	15	0	141	0.274319066148
0.601446134195	0.159139784946	374	122	15	0	141	0.273786407767
0.604797042512	0.159139784946	374	123	9	0	141	0.273786407767
0.605727674757	0.160215053763	375	123	9	0	141	0.273255813953
0.605767884943	0.161290322581	376	123	9	0	141	0.272727272727
0.606237246124	0.162365591398	377	123	9	0	141	0.272200772201
0.607123147043	0.163440860215	378	123	9	0	141	0.271676300578
0.608453194649	0.162365591398	378	124	3	0	142	0.273076923077
0.611544734936	0.163440860215	379	124	3	0	142	0.272552783109
0.611686291712	0.164516129032	380	124	3	0	142	0.272030651341
0.6119193984	0.163440860215	380	125	15	0	143	0.273422562141
0.612612138655	0.162365591398	381	125	15	0	143	0.272900763359
0.616032172953	0.163440860215	382	125	15	0	143	0.272380952381
0.618105873031	0.164516129032	383	125	15	0	143	0.271863117871
0.619894792506	0.164516129032	384	125	15	0	143	0.271347248577
0.621134352846	0.163440860215	384	126	3	0	144	0.272727272727
0.621409955877	0.162365591398	385	126	3	0	144	0.272211720227
0.621966962742	0.163440860215	386	126	3	0	144	0.271698113208
0.622311260702	0.164516129032	387	126	3	0	144	0.271186440678
0.62408940819	0.165591397849	388	126	3	0	144	0.270676691729
0.627279982035	0.166666666667	389	126	3	0	144	0.270168855535
0.627485019876	0.167741935484	390	126	3	0	144	0.269662921348
0.628020775548	0.168817204301	391	126	3	0	144	0.269158878505
0.628485347853	0.169892473118	392	126	3	0	144	0.268656716418
0.62905364729	0.170967741935	393	126	3	0	144	0.268156424581
0.630847128213	0.172043010753	394	126	3	0	144	0.267657992565
0.631730775771	0.170967741935	395	126	3	0	144	0.267161410019
0.640328191048	0.172043010753	396	126	3	0	144	0.266666666667
0.64055039677	0.172043010753	397	126	3	0	144	0.266173752311
0.640825617603	0.17311827957	398	126	3	0	144	0.265682656827
0.643069721379	0.172043010753	399	126	3	0	144	0.265193370166
0.643278853763	0.172043010753	399	127	9	0	144	0.265193370166
0.645014961823	0.17311827957	400	127	9	0	144	0.264705882353
0.646091519605	0.170967741935	400	128	12	0	146	0.267399267399
0.646416635742	0.172043010753	401	128	12	0	146	0.266910420475
0.650265160106	0.170967741935	401	129	3	0	147	0.268248175182
0.650645969106	0.170967741935	401	130	3	0	147	0.268248175182
0.652983498977	0.170967741935	402	130	3	0	147	0.267759562842
0.653205552553	0.172043010753	403	130	3	0	147	0.267272727273
0.653710591155	0.172043010753	403	131	3	0	147	0.267272727273
0.655469339237	0.170967741935	404	131	3	0	147	0.266787658802
0.655683764712	0.170967741935	405	131	3	0	147	0.266304347826
0.657722548369	0.169892473118	405	132	3	0	148	0.267631103074
0.659936124409	0.168817204301	406	132	3	0	148	0.26714801444
0.662483617103	0.169892473118	407	132	3	0	148	0.266666666667
0.663085310965	0.170967741935	408	132	3	0	148	0.26618705036
0.664494914304	0.170967741935	409	132	3	0	148	0.265709156194
0.666132104419	0.172043010753	410	132	3	0	148	0.26523297491
0.666796142676	0.17311827957	411	132	3	0	148	0.264758497317
0.667789455739	0.174193548387	412	132	3	0	148	0.264285714286
0.668350478861	0.175268817204	413	132	3	0	148	0.263814616756
0.669379970282	0.176344086022	414	132	3	0	148	0.26334519573
0.67037733161	0.177419354839	415	132	3	0	148	0.262877442274
0.671730184944	0.176344086022	416	132	3	0	148	0.262411347518
0.672236907975	0.176344086022	416	133	6	0	148	0.262411347518
0.673970288292	0.175268817204	417	133	6	0	148	0.261946902655
0.674252520501	0.175268817204	418	133	6	0	148	0.26148409894
0.675066156407	0.176344086022	419	133	6	0	148	0.26102292769
0.676862136119	0.175268817204	419	134	9	0	149	0.262323943662
0.676906662504	0.176344086022	420	134	9	0	149	0.261862917399
0.676963100236	0.177419354839	421	134	9	0	149	0.261403508772
0.679609735454	0.178494623656	422	134	9	0	149	0.260945709282
0.680201362848	0.179569892473	423	134	9	0	149	0.26048951049
0.682319712912	0.179569892473	423	135	3	0	149	0.26048951049
0.683401211855	0.18064516129	424	135	3	0	149	0.260034904014
0.685675986846	0.18064516129	425	135	3	0	149	0.259581881533
0.690176636511	0.181720430108	426	135	3	0	149	0.259130434783
0.690364964024	0.182795698925	427	135	3	0	149	0.258680555556
0.690389133586	0.183870967742	428	135	3	0	149	0.258232235702
0.690602592047	0.184946236559	429	135	3	0	149	0.257785467128
0.690700193077	0.186021505376	430	135	3	0	149	0.257340241796
0.696266225639	0.186021505376	431	135	3	0	149	0.256896551724
0.698919075711	0.187096774194	432	135	3	0	149	0.256454388985
0.699810148486	0.188172043011	433	135	3	0	149	0.256013745704
0.701555709561	0.189247311828	434	135	3	0	149	0.255574614065
0.704084724794	0.184946236559	434	136	15	0	153	0.260647359455
0.7082048988	0.184946236559	435	136	15	0	153	0.260204081633
0.711183533999	0.186021505376	436	136	15	0	153	0.259762308998
0.715497850657	0.18064516129	436	137	12	0	158	0.265993265993
0.717033260824	0.181720430108	437	137	12	0	158	0.265546218487
0.719595026999	0.18064516129	438	137	12	0	158	0.265100671141
0.719666208644	0.181720430108	439	137	12	0	158	0.264656616415
0.720062198743	0.179569892473	439	138	9	0	160	0.267111853088
0.720843522579	0.18064516129	440	138	9	0	160	0.266666666667
0.721534484412	0.18064516129	440	139	3	0	160	0.266666666667
0.722501773457	0.181720430108	441	139	3	0	160	0.26622296173
0.725158253494	0.177419354839	441	140	12	0	164	0.271074380165
0.727006506374	0.178494623656	442	140	12	0	164	0.270627062706
0.729523555691	0.179569892473	443	140	12	0	164	0.27018121911
0.730107771952	0.178494623656	443	141	6	0	165	0.271381578947
0.730497667014	0.178494623656	443	142	3	0	165	0.271381578947
0.732017366533	0.179569892473	444	142	3	0	165	0.270935960591
0.733739379072	0.18064516129	445	142	3	0	165	0.270491803279
0.734351855377	0.181720430108	446	142	3	0	165	0.270049099836
0.735299740505	0.182795698925	447	142	3	0	165	0.269607843137
0.73644066352	0.182795698925	448	142	3	0	165	0.269168026101
0.737051634432	0.18064516129	448	143	9	0	167	0.271544715447
0.738166450422	0.181720430108	449	143	9	0	167	0.271103896104
0.739385210756	0.181720430108	450	143	9	0	167	0.270664505673
0.741583079486	0.182795698925	451	143	9	0	167	0.270226537217
0.741951714847	0.183870967742	452	143	9	0	167	0.269789983845
0.742861748509	0.183870967742	453	143	9	0	167	0.26935483871
0.744528263313	0.184946236559	454	143	9	0	167	0.268921095008
0.74473563871	0.186021505376	455	143	9	0	167	0.268488745981
0.746315929002	0.187096774194	456	143	9	0	167	0.268057784912
0.746594413474	0.188172043011	457	143	9	0	167	0.267628205128
0.746803449116	0.189247311828	458	143	9	0	167	0.2672
0.746957358276	0.190322580645	459	143	9	0	167	0.266773162939
0.747738682806	0.189247311828	460	143	9	0	167	0.2663476874
0.748760432354	0.186021505376	460	144	12	0	170	0.269841269841
0.749391436338	0.184946236559	460	145	12	0	171	0.270998415214
0.751908541854	0.184946236559	461	145	12	0	171	0.270569620253
0.752414297998	0.183870967742	461	146	9	0	172	0.271721958926
0.753522595039	0.182795698925	461	147	3	0	173	0.272870662461
0.7538430858	0.182795698925	461	148	6	0	173	0.272870662461
0.754708910457	0.183870967742	462	148	6	0	173	0.272440944882
0.757391593787	0.184946236559	463	148	6	0	173	0.272012578616
0.757907217442	0.182795698925	463	149	6	0	175	0.274294670846
0.758477451426	0.183870967742	464	149	6	0	175	0.27386541471
0.760443197495	0.183870967742	465	149	6	0	175	0.2734375
0.760831048502	0.184946236559	466	149	6	0	175	0.273010920437
0.762938929157	0.186021505376	467	149	6	0	175	0.272585669782
0.763679758739	0.183870967742	467	150	9	0	177	0.274844720497
0.76413998212	0.182795698925	468	150	9	0	177	0.274418604651
0.76474374058	0.18064516129	468	151	6	0	179	0.276661514683
0.765604450361	0.177419354839	468	152	18	0	182	0.28
0.766168879605	0.178494623656	469	152	18	0	182	0.279569892473
0.766695083446	0.177419354839	470	152	18	0	182	0.279141104294
0.766773394948	0.178494623656	471	152	18	0	182	0.278713629403
0.767783653831	0.179569892473	472	152	18	0	182	0.278287461774
0.768034926759	0.18064516129	473	152	18	0	182	0.27786259542
0.768304791095	0.18064516129	473	153	3	0	182	0.27786259542
0.768783980543	0.179569892473	474	153	3	0	182	0.27743902439
0.768816266466	0.18064516129	475	153	3	0	182	0.27701674277
0.76883784589	0.179569892473	476	153	3	0	182	0.276595744681
0.77013040644	0.18064516129	477	153	3	0	182	0.276176024279
0.772390808362	0.181720430108	478	153	3	0	182	0.275757575758
0.774244613299	0.178494623656	478	154	3	0	185	0.279034690799
0.775596494491	0.179569892473	479	154	3	0	185	0.278614457831
0.776306720712	0.178494623656	479	155	6	0	186	0.27969924812
0.776718440231	0.167741935484	479	156	30	0	196	0.29037037037
0.777750096775	0.164516129032	479	157	21	0	199	0.293510324484
0.78037156237	0.165591397849	480	157	21	0	199	0.293078055965
0.780942305139	0.166666666667	481	157	21	0	199	0.292647058824
0.781667504526	0.164516129032	481	158	18	0	201	0.294721407625
0.782629989132	0.165591397849	482	158	18	0	201	0.294289897511
0.785453835768	0.166666666667	483	158	18	0	201	0.293859649123
0.788165020761	0.167741935484	484	158	18	0	201	0.293430656934
0.788233231798	0.167741935484	484	159	6	0	201	0.293430656934
0.78888107448	0.167741935484	485	159	6	0	201	0.293002915452
0.791559005505	0.167741935484	486	159	6	0	201	0.292576419214
0.791845187763	0.168817204301	487	159	6	0	201	0.292151162791
0.79285879848	0.169892473118	488	159	6	0	201	0.291727140784
0.79439505275	0.170967741935	489	159	6	0	201	0.291304347826
0.794905934563	0.170967741935	489	160	3	0	201	0.291304347826
0.795762745373	0.172043010753	490	160	3	0	201	0.290882778582
0.79822413737	0.17311827957	491	160	3	0	201	0.290462427746
0.798454101106	0.174193548387	492	160	3	0	201	0.290043290043
0.800294898372	0.175268817204	493	160	3	0	201	0.289625360231
0.801039459671	0.174193548387	493	161	15	0	202	0.290647482014
0.802910795227	0.172043010753	493	162	6	0	204	0.292682926829
0.803007060696	0.17311827957	494	162	6	0	204	0.292263610315
0.803247043205	0.174193548387	495	162	6	0	204	0.291845493562
0.803350692207	0.175268817204	496	162	6	0	204	0.291428571429
0.803556697338	0.176344086022	497	162	6	0	204	0.291012838802
0.804118693316	0.176344086022	497	163	3	0	204	0.291012838802
0.806942096081	0.177419354839	498	163	3	0	204	0.290598290598
0.807621206788	0.178494623656	499	163	3	0	204	0.290184921764
