# time 	 divergence 	 # of mutations 	 # IGC chances 	 IGC length 	 # IGC failures 	 Changes due to IGC  	 % change due to IGC 
0.0	0.252688172043	0	0	0	0	0	0.0
0.00149614312965	0.25376344086	1	0	0	0	0	0.0
0.0016723652055	0.254838709677	2	0	0	0	0	0.0
0.00260724679946	0.25376344086	2	1	3	0	1	0.333333333333
0.00277283055636	0.25376344086	2	2	3	0	1	0.333333333333
0.0033252196167	0.254838709677	3	2	3	0	1	0.25
0.00351447377378	0.255913978495	4	2	3	0	1	0.2
0.00352229858632	0.254838709677	5	2	3	0	1	0.166666666667
0.00364233763209	0.254838709677	6	2	3	0	1	0.142857142857
0.00529844273193	0.252688172043	6	3	3	0	3	0.333333333333
0.00588196276322	0.252688172043	7	3	3	0	3	0.3
0.00661251714677	0.25376344086	8	3	3	0	3	0.272727272727
0.00836379586161	0.252688172043	8	4	3	0	4	0.333333333333
0.00897250983163	0.251612903226	8	5	3	0	5	0.384615384615
0.0133206732454	0.251612903226	9	5	3	0	5	0.357142857143
0.0139251753549	0.251612903226	9	6	3	0	5	0.357142857143
0.0145532102292	0.252688172043	10	6	3	0	5	0.333333333333
0.0160841780533	0.25376344086	11	6	3	0	5	0.3125
0.0168013143781	0.254838709677	12	6	3	0	5	0.294117647059
0.0174042476952	0.255913978495	13	6	3	0	5	0.277777777778
0.0176078830635	0.25376344086	13	7	3	0	7	0.35
0.0179483349286	0.254838709677	14	7	3	0	7	0.333333333333
0.0184288781377	0.254838709677	14	8	3	0	7	0.333333333333
0.0193536752193	0.25376344086	14	9	3	0	8	0.363636363636
0.0214419017944	0.254838709677	15	9	3	0	8	0.347826086957
0.0223335786803	0.25376344086	15	10	3	0	9	0.375
0.0229176145165	0.25376344086	15	11	3	0	9	0.375
0.0242072960088	0.254838709677	16	11	3	0	9	0.36
0.0245040141784	0.254838709677	16	12	3	0	9	0.36
0.0263161531384	0.255913978495	17	12	3	0	9	0.346153846154
0.0270610652821	0.254838709677	17	13	3	0	10	0.37037037037
0.0273276641289	0.255913978495	18	13	3	0	10	0.357142857143
0.0275711394521	0.255913978495	19	13	3	0	10	0.344827586207
0.0277716702033	0.254838709677	19	14	3	0	11	0.366666666667
0.0288121210427	0.255913978495	20	14	3	0	11	0.354838709677
0.0288874061446	0.254838709677	21	14	3	0	11	0.34375
0.0293660169841	0.25376344086	21	15	3	0	12	0.363636363636
0.0298687784921	0.252688172043	21	16	3	0	13	0.382352941176
0.0303102920994	0.252688172043	22	16	3	0	13	0.371428571429
0.0315866584015	0.252688172043	23	16	3	0	13	0.361111111111
0.0318923240239	0.251612903226	23	17	3	0	14	0.378378378378
0.0319256658094	0.249462365591	23	18	3	0	16	0.410256410256
0.0324388233313	0.248387096774	23	19	3	0	17	0.425
0.0337628954739	0.249462365591	24	19	3	0	17	0.414634146341
0.0345228532815	0.249462365591	25	19	3	0	17	0.404761904762
0.035487073248	0.248387096774	25	20	3	0	18	0.418604651163
0.0365434633913	0.249462365591	26	20	3	0	18	0.409090909091
0.036669532243	0.250537634409	27	20	3	0	18	0.4
0.0378978293682	0.251612903226	28	20	3	0	18	0.391304347826
0.0390540723881	0.251612903226	28	21	3	0	18	0.391304347826
0.0396776054836	0.252688172043	29	21	3	0	18	0.382978723404
0.0434945733627	0.25376344086	30	21	3	0	18	0.375
0.0443237633952	0.252688172043	30	22	3	0	19	0.387755102041
0.0444308384052	0.251612903226	30	23	3	0	20	0.4
0.0448632452997	0.252688172043	31	23	3	0	20	0.392156862745
0.0452282595055	0.251612903226	31	24	3	0	21	0.403846153846
0.0473163742446	0.252688172043	32	24	3	0	21	0.396226415094
0.0474008866548	0.25376344086	33	24	3	0	21	0.388888888889
0.0479536591912	0.252688172043	33	25	3	0	22	0.4
0.048685988159	0.251612903226	33	26	3	0	23	0.410714285714
0.0496441019965	0.252688172043	34	26	3	0	23	0.40350877193
0.0513812351659	0.25376344086	35	26	3	0	23	0.396551724138
0.0521715984206	0.254838709677	36	26	3	0	23	0.389830508475
0.0528492980807	0.255913978495	37	26	3	0	23	0.383333333333
0.0539405667673	0.256989247312	38	26	3	0	23	0.377049180328
0.056006992094	0.254838709677	38	27	3	0	25	0.396825396825
0.0574844953898	0.255913978495	39	27	3	0	25	0.390625
0.0598819441313	0.25376344086	39	28	3	0	27	0.409090909091
0.0611040068241	0.254838709677	40	28	3	0	27	0.402985074627
0.0628921045219	0.255913978495	41	28	3	0	27	0.397058823529
0.0632028878696	0.256989247312	42	28	3	0	27	0.391304347826
0.0636190798818	0.258064516129	43	28	3	0	27	0.385714285714
0.0645317124388	0.259139784946	44	28	3	0	27	0.380281690141
0.0656251250403	0.258064516129	44	29	3	0	28	0.388888888889
0.0672593783745	0.259139784946	45	29	3	0	28	0.383561643836
0.068695010906	0.260215053763	46	29	3	0	28	0.378378378378
0.0696320485108	0.261290322581	47	29	3	0	28	0.373333333333
0.0700282468644	0.262365591398	48	29	3	0	28	0.368421052632
0.0707177924203	0.261290322581	48	30	3	0	29	0.376623376623
0.0722277401335	0.262365591398	49	30	3	0	29	0.371794871795
0.074274764146	0.261290322581	49	31	3	0	30	0.379746835443
0.0742908177414	0.260215053763	49	32	3	0	31	0.3875
0.0759897120262	0.258064516129	49	33	3	0	33	0.40243902439
0.0761103467212	0.259139784946	50	33	3	0	33	0.397590361446
0.0763565318123	0.259139784946	51	33	3	0	33	0.392857142857
0.0765202759519	0.259139784946	52	33	3	0	33	0.388235294118
0.0768635618582	0.260215053763	53	33	3	0	33	0.383720930233
0.0771131201217	0.261290322581	54	33	3	0	33	0.379310344828
0.0779942449779	0.259139784946	54	34	3	0	35	0.393258426966
0.077999264656	0.259139784946	55	34	3	0	35	0.388888888889
0.0785111621874	0.259139784946	55	35	3	0	35	0.388888888889
0.0790487122	0.259139784946	56	35	3	0	35	0.384615384615
0.0794339927639	0.259139784946	56	36	3	0	35	0.384615384615
0.0808019300747	0.260215053763	57	36	3	0	35	0.380434782609
0.0832831522363	0.258064516129	57	37	3	0	37	0.393617021277
0.0841984814609	0.256989247312	58	37	3	0	37	0.389473684211
0.0863864684435	0.25376344086	58	38	3	0	40	0.408163265306
0.0865297753174	0.254838709677	59	38	3	0	40	0.40404040404
0.0873073381847	0.255913978495	60	38	3	0	40	0.4
0.0875095142984	0.254838709677	60	39	3	0	41	0.405940594059
0.0877141173817	0.254838709677	60	40	3	0	41	0.405940594059
0.0879182322124	0.25376344086	61	40	3	0	41	0.401960784314
0.0880732020845	0.254838709677	62	40	3	0	41	0.398058252427
0.0884587859242	0.255913978495	63	40	3	0	41	0.394230769231
0.0888044355109	0.255913978495	64	40	3	0	41	0.390476190476
0.0893535632744	0.256989247312	65	40	3	0	41	0.38679245283
0.0901491994181	0.256989247312	65	41	3	0	41	0.38679245283
0.0904782165752	0.258064516129	66	41	3	0	41	0.383177570093
0.0908722679942	0.258064516129	66	42	3	0	41	0.383177570093
0.0909188742369	0.256989247312	66	43	3	0	42	0.388888888889
0.0911241321698	0.256989247312	66	44	3	0	42	0.388888888889
0.092377077015	0.258064516129	67	44	3	0	42	0.385321100917
0.0926055481864	0.254838709677	67	45	3	0	45	0.401785714286
0.0928569359885	0.254838709677	67	46	3	0	45	0.401785714286
0.0931673065141	0.254838709677	68	46	3	0	45	0.398230088496
0.0939653880767	0.255913978495	69	46	3	0	45	0.394736842105
0.0950385521847	0.256989247312	70	46	3	0	45	0.391304347826
0.0971591700463	0.256989247312	71	46	3	0	45	0.387931034483
0.0985681140068	0.256989247312	72	46	3	0	45	0.384615384615
0.098612179521	0.258064516129	73	46	3	0	45	0.381355932203
0.0997658680213	0.255913978495	73	47	3	0	47	0.391666666667
0.101737979753	0.254838709677	73	48	3	0	48	0.396694214876
0.102398984422	0.25376344086	73	49	3	0	49	0.401639344262
0.102484940439	0.252688172043	73	50	3	0	50	0.406504065041
0.105003842792	0.251612903226	74	50	3	0	50	0.403225806452
0.105674664238	0.252688172043	75	50	3	0	50	0.4
0.106110175299	0.25376344086	76	50	3	0	50	0.396825396825
0.107719877234	0.254838709677	77	50	3	0	50	0.393700787402
0.107823593043	0.255913978495	78	50	3	0	50	0.390625
0.108046643165	0.256989247312	79	50	3	0	50	0.387596899225
0.108163507355	0.258064516129	80	50	3	0	50	0.384615384615
0.108451977054	0.254838709677	80	51	3	0	53	0.398496240602
0.109532100197	0.254838709677	81	51	3	0	53	0.39552238806
0.111252181764	0.254838709677	81	52	3	0	53	0.39552238806
0.113301639667	0.25376344086	81	53	3	0	54	0.4
0.113454043643	0.25376344086	82	53	3	0	54	0.397058823529
0.115152488497	0.25376344086	82	54	3	0	54	0.397058823529
0.116811173422	0.25376344086	82	55	3	0	54	0.397058823529
0.117859505003	0.25376344086	82	56	3	0	54	0.397058823529
0.119770026572	0.254838709677	83	56	3	0	54	0.394160583942
0.120585782689	0.255913978495	84	56	3	0	54	0.391304347826
0.122240199035	0.254838709677	85	56	3	0	54	0.388489208633
0.123709033516	0.255913978495	86	56	3	0	54	0.385714285714
0.124435215859	0.255913978495	87	56	3	0	54	0.382978723404
0.12515116833	0.256989247312	88	56	3	0	54	0.380281690141
0.125263278428	0.258064516129	89	56	3	0	54	0.377622377622
0.125335829869	0.256989247312	89	57	3	0	55	0.381944444444
0.125991940215	0.258064516129	90	57	3	0	55	0.379310344828
0.126390671919	0.259139784946	91	57	3	0	55	0.376712328767
0.126460046019	0.260215053763	92	57	3	0	55	0.374149659864
0.127158656443	0.260215053763	93	57	3	0	55	0.371621621622
0.128562608931	0.258064516129	93	58	3	0	57	0.38
0.129692395496	0.258064516129	94	58	3	0	57	0.377483443709
0.130168409597	0.256989247312	94	59	3	0	58	0.381578947368
0.130458495468	0.256989247312	94	60	3	0	58	0.381578947368
0.130681090935	0.258064516129	95	60	3	0	58	0.37908496732
0.13329198857	0.259139784946	96	60	3	0	58	0.376623376623
0.133318363398	0.258064516129	97	60	3	0	58	0.374193548387
0.133508521491	0.256989247312	98	60	3	0	58	0.371794871795
0.13379030261	0.258064516129	99	60	3	0	58	0.369426751592
0.134262118698	0.256989247312	99	61	3	0	59	0.373417721519
0.134954340349	0.255913978495	99	62	3	0	60	0.377358490566
0.135306047938	0.255913978495	99	63	3	0	60	0.377358490566
0.13564012771	0.256989247312	100	63	3	0	60	0.375
0.13617028988	0.258064516129	101	63	3	0	60	0.372670807453
0.137249417407	0.259139784946	102	63	3	0	60	0.37037037037
0.137321211365	0.260215053763	103	63	3	0	60	0.368098159509
0.137415955081	0.259139784946	103	64	3	0	61	0.371951219512
0.13810180132	0.259139784946	104	64	3	0	61	0.369696969697
0.138486260067	0.260215053763	105	64	3	0	61	0.367469879518
0.139227352269	0.259139784946	105	65	3	0	62	0.37125748503
0.139541178508	0.259139784946	105	66	3	0	62	0.37125748503
0.139716475256	0.258064516129	105	67	3	0	63	0.375
0.141504077568	0.258064516129	105	68	3	0	63	0.375
0.141978466792	0.258064516129	106	68	3	0	63	0.372781065089
0.142720842312	0.258064516129	106	69	3	0	63	0.372781065089
