# time 	 divergence 	 # of mutations 	 # IGC chances 	 IGC length 	 # IGC failures 	 Changes due to IGC  	 % change due to IGC 
0.0	0.0327198364008	0	0	0	0	0	0.0
0.00151035982752	0.0347648261759	1	0	0	0	0	0.0
0.001818637633	0.0306748466258	1	1	39	0	2	0.666666666667
0.00212050350352	0.0327198364008	2	1	39	0	2	0.5
0.0112521634331	0.0347648261759	3	1	39	0	2	0.4
0.0118345142699	0.0368098159509	4	1	39	0	2	0.333333333333
0.014062702402	0.038854805726	5	1	39	0	2	0.285714285714
0.0141854134726	0.0347648261759	5	2	150	0	4	0.444444444444
0.0144140325066	0.0306748466258	5	3	39	0	6	0.545454545455
0.0149473375785	0.0306748466258	5	4	6	0	6	0.545454545455
0.0168952447341	0.0327198364008	6	4	6	0	6	0.5
0.0181212135611	0.0327198364008	6	5	36	0	6	0.5
0.0189470174532	0.0327198364008	7	5	36	0	6	0.461538461538
0.0199555685069	0.0327198364008	7	6	6	0	6	0.461538461538
0.0212033099742	0.0347648261759	8	6	6	0	6	0.428571428571
0.0231703101575	0.0368098159509	9	6	6	0	6	0.4
0.0253723855512	0.038854805726	10	6	6	0	6	0.375
0.0269780368976	0.0306748466258	10	7	186	0	10	0.5
0.0298843429107	0.0327198364008	11	7	186	0	10	0.47619047619
0.0315902556074	0.0327198364008	11	8	9	0	10	0.47619047619
0.0324554081391	0.0122699386503	11	9	81	0	20	0.645161290323
0.0331504662296	0.0143149284254	12	9	81	0	20	0.625
0.0369347524199	0.0143149284254	12	10	21	0	20	0.625
0.0377743348664	0.0143149284254	12	11	60	0	20	0.625
0.0421553880522	0.0143149284254	12	12	84	0	20	0.625
0.0471033612677	0.0143149284254	12	13	30	0	20	0.625
0.0480082829318	0.0143149284254	12	14	78	0	20	0.625
0.0499452107451	0.0163599182004	13	14	78	0	20	0.606060606061
0.056405219459	0.0184049079755	14	14	78	0	20	0.588235294118
0.0589086532203	0.0204498977505	15	14	78	0	20	0.571428571429
0.0607822771257	0.0204498977505	15	15	36	0	20	0.571428571429
0.0652814050855	0.0204498977505	15	16	15	0	20	0.571428571429
0.0663375923377	0.0204498977505	15	17	30	0	20	0.571428571429
0.0667885554752	0.0224948875256	16	17	30	0	20	0.555555555556
0.0672164570431	0.0204498977505	16	18	9	0	21	0.567567567568
0.0700964264877	0.0224948875256	17	18	9	0	21	0.552631578947
0.0712192423909	0.0224948875256	17	19	111	0	21	0.552631578947
0.0761202414175	0.0245398773006	18	19	111	0	21	0.538461538462
0.0768225372966	0.0224948875256	18	20	30	0	22	0.55
0.0774991389687	0.0245398773006	19	20	30	0	22	0.536585365854
0.0822625696333	0.0265848670757	20	20	30	0	22	0.52380952381
0.085277108118	0.0286298568507	21	20	30	0	22	0.511627906977
