# time 	 divergence 	 # of mutations 	 # IGC chances 	 IGC length 	 # IGC failures 	 Changes due to IGC  	 % change due to IGC 
0.0	0.272904483431	0	0	0	0	0	0.0
0.00125050558903	0.271929824561	0	1	3	0	1	1.0
0.00312694728951	0.272904483431	1	1	3	0	1	0.5
0.00416686034242	0.2738791423	2	1	3	0	1	0.333333333333
0.0068073239511	0.27485380117	3	1	3	0	1	0.25
0.00950088164795	0.2738791423	4	1	3	0	1	0.2
0.0101936056962	0.272904483431	5	1	3	0	1	0.166666666667
0.0137365619875	0.272904483431	6	1	3	0	1	0.142857142857
0.0155073247461	0.271929824561	7	1	3	0	1	0.125
0.0184494118749	0.272904483431	8	1	3	0	1	0.111111111111
0.0199122186915	0.2738791423	9	1	3	0	1	0.1
0.0201530462715	0.27485380117	10	1	3	0	1	0.0909090909091
0.0207730312252	0.275828460039	11	1	3	0	1	0.0833333333333
0.0210673328138	0.276803118908	12	1	3	0	1	0.0769230769231
0.0231595855112	0.277777777778	13	1	3	0	1	0.0714285714286
0.0270392670537	0.278752436647	14	1	3	0	1	0.0666666666667
0.0270988818391	0.279727095517	15	1	3	0	1	0.0625
0.0280838439162	0.279727095517	16	1	3	0	1	0.0588235294118
0.0281539652221	0.278752436647	17	1	3	0	1	0.0555555555556
0.0297038412707	0.279727095517	18	1	3	0	1	0.0526315789474
0.030276268053	0.27485380117	18	2	12	0	6	0.25
0.0317409063403	0.2738791423	18	3	3	0	7	0.28
0.032022670431	0.2738791423	19	3	3	0	7	0.269230769231
0.0326192280005	0.271929824561	19	4	12	0	9	0.321428571429
0.0334071654653	0.271929824561	20	4	12	0	9	0.310344827586
0.0343953551125	0.271929824561	21	4	12	0	9	0.3
0.0353226068806	0.272904483431	22	4	12	0	9	0.290322580645
0.0372369218661	0.271929824561	22	5	9	0	10	0.3125
0.0394824675777	0.270955165692	22	6	9	0	11	0.333333333333
0.0401433321197	0.271929824561	23	6	9	0	11	0.323529411765
0.0402076168417	0.272904483431	24	6	9	0	11	0.314285714286
0.0418619991351	0.2738791423	25	6	9	0	11	0.305555555556
0.0421310649841	0.27485380117	26	6	9	0	11	0.297297297297
0.0438912228125	0.267056530214	26	7	24	0	19	0.422222222222
0.0455532281922	0.268031189084	27	7	24	0	19	0.413043478261
0.0458366544913	0.269005847953	28	7	24	0	19	0.404255319149
0.046343490324	0.269980506823	29	7	24	0	19	0.395833333333
0.0507324940767	0.270955165692	30	7	24	0	19	0.387755102041
0.0507485398843	0.270955165692	31	7	24	0	19	0.38
0.0527142037868	0.271929824561	32	7	24	0	19	0.372549019608
0.053403268435	0.272904483431	33	7	24	0	19	0.365384615385
0.0539442285119	0.2738791423	34	7	24	0	19	0.358490566038
0.0550496722084	0.27485380117	35	7	24	0	19	0.351851851852
0.0551311328444	0.275828460039	36	7	24	0	19	0.345454545455
0.0572037161192	0.27485380117	37	7	24	0	19	0.339285714286
0.0572600413018	0.275828460039	38	7	24	0	19	0.333333333333
0.0573321066916	0.276803118908	39	7	24	0	19	0.327586206897
0.0581994333936	0.263157894737	39	8	33	0	33	0.458333333333
0.0582535121131	0.263157894737	40	8	33	0	33	0.452054794521
0.0585389650309	0.259259259259	40	9	12	0	37	0.480519480519
0.0594579272265	0.260233918129	41	9	12	0	37	0.474358974359
0.0602730860217	0.261208576998	42	9	12	0	37	0.46835443038
0.0604155092873	0.262183235867	43	9	12	0	37	0.4625
0.0606676107335	0.255360623782	43	10	15	0	44	0.505747126437
0.0608801566661	0.255360623782	43	11	3	0	44	0.505747126437
0.0611778054724	0.256335282651	44	11	3	0	44	0.5
0.0613413034999	0.25730994152	45	11	3	0	44	0.494382022472
0.0621020310464	0.25730994152	46	11	3	0	44	0.488888888889
0.0662245291187	0.251461988304	46	12	24	0	50	0.520833333333
0.0663509424616	0.252436647173	47	12	24	0	50	0.515463917526
0.0672838215759	0.252436647173	48	12	24	0	50	0.510204081633
0.0684683398665	0.253411306043	49	12	24	0	50	0.505050505051
0.0703669747622	0.254385964912	50	12	24	0	50	0.5
0.0736852265708	0.254385964912	50	13	6	0	50	0.5
0.0764268353295	0.255360623782	51	13	6	0	50	0.49504950495
0.0818695716856	0.253411306043	51	14	3	0	52	0.504854368932
0.0844811899224	0.254385964912	52	14	3	0	52	0.5
0.0844959166602	0.248538011696	52	15	9	0	58	0.527272727273
0.0853236867566	0.249512670565	53	15	9	0	58	0.522522522523
0.0857690262019	0.250487329435	54	15	9	0	58	0.517857142857
0.0858989038106	0.250487329435	54	16	3	0	58	0.517857142857
0.0894303818262	0.251461988304	55	16	3	0	58	0.513274336283
0.0917115281498	0.252436647173	56	16	3	0	58	0.508771929825
0.0922855583074	0.253411306043	57	16	3	0	58	0.504347826087
0.0931234973985	0.252436647173	57	17	3	0	59	0.508620689655
0.0936425779953	0.253411306043	58	17	3	0	59	0.504273504274
0.0938817883193	0.254385964912	59	17	3	0	59	0.5
0.0944963369356	0.252436647173	59	18	9	0	61	0.508333333333
0.095269927723	0.252436647173	60	18	9	0	61	0.504132231405
0.0976612531562	0.253411306043	61	18	9	0	61	0.5
0.0979790656348	0.254385964912	62	18	9	0	61	0.49593495935
0.101859113302	0.255360623782	63	18	9	0	61	0.491935483871
0.101927970606	0.256335282651	64	18	9	0	61	0.488
0.102858599218	0.252436647173	64	19	9	0	65	0.503875968992
0.104098118968	0.253411306043	65	19	9	0	65	0.5
0.104667752582	0.253411306043	66	19	9	0	65	0.496183206107
0.108070281976	0.253411306043	67	19	9	0	65	0.492424242424
0.108415259042	0.254385964912	68	19	9	0	65	0.488721804511
0.109663027912	0.255360623782	69	19	9	0	65	0.485074626866
0.111441326388	0.255360623782	69	20	3	0	65	0.485074626866
0.11246626799	0.253411306043	69	21	6	0	67	0.492647058824
0.118033609225	0.254385964912	70	21	6	0	67	0.489051094891
0.11809141551	0.248538011696	70	22	27	0	73	0.51048951049
0.118380590073	0.248538011696	71	22	27	0	73	0.506944444444
0.119855582729	0.249512670565	72	22	27	0	73	0.503448275862
0.12036524236	0.247563352827	72	23	6	0	75	0.510204081633
0.120552446595	0.248538011696	73	23	6	0	75	0.506756756757
0.121424506937	0.249512670565	74	23	6	0	75	0.503355704698
0.122485878977	0.250487329435	75	23	6	0	75	0.5
0.122708471481	0.250487329435	75	24	6	0	75	0.5
0.122822681822	0.251461988304	76	24	6	0	75	0.496688741722
0.12427371618	0.251461988304	77	24	6	0	75	0.493421052632
0.127886488472	0.251461988304	78	24	6	0	75	0.490196078431
0.130200389068	0.252436647173	79	24	6	0	75	0.487012987013
0.130932644961	0.253411306043	80	24	6	0	75	0.483870967742
0.132504561757	0.254385964912	81	24	6	0	75	0.480769230769
0.134291636853	0.255360623782	82	24	6	0	75	0.477707006369
0.134433540807	0.251461988304	82	25	6	0	79	0.490683229814
0.136502621479	0.252436647173	83	25	6	0	79	0.487654320988
0.137357758164	0.250487329435	83	26	3	0	81	0.493902439024
0.137582085632	0.251461988304	84	26	3	0	81	0.490909090909
0.139963685461	0.252436647173	85	26	3	0	81	0.487951807229
0.14025806858	0.253411306043	86	26	3	0	81	0.48502994012
0.140809446112	0.254385964912	87	26	3	0	81	0.482142857143
0.140825081715	0.251461988304	87	27	12	0	84	0.491228070175
0.141015338033	0.251461988304	88	27	12	0	84	0.488372093023
0.142026569979	0.252436647173	89	27	12	0	84	0.485549132948
0.142683879901	0.253411306043	90	27	12	0	84	0.48275862069
0.143955992677	0.253411306043	91	27	12	0	84	0.48
0.144235723353	0.254385964912	92	27	12	0	84	0.477272727273
0.14641190316	0.255360623782	93	27	12	0	84	0.474576271186
0.147419545288	0.256335282651	94	27	12	0	84	0.47191011236
0.15218900366	0.25730994152	95	27	12	0	84	0.469273743017
0.152239490291	0.25828460039	96	27	12	0	84	0.466666666667
0.152882528521	0.259259259259	97	27	12	0	84	0.46408839779
0.15421569622	0.260233918129	98	27	12	0	84	0.461538461538
0.157292184466	0.261208576998	99	27	12	0	84	0.459016393443
0.158597895076	0.260233918129	100	27	12	0	84	0.45652173913
0.159149993414	0.261208576998	101	27	12	0	84	0.454054054054
0.159964392405	0.262183235867	102	27	12	0	84	0.451612903226
0.16126000916	0.262183235867	103	27	12	0	84	0.449197860963
0.161340180074	0.260233918129	103	28	3	0	86	0.455026455026
0.161467057487	0.260233918129	103	29	3	0	86	0.455026455026
0.161618531561	0.261208576998	104	29	3	0	86	0.452631578947
0.16228641995	0.259259259259	104	30	15	0	88	0.458333333333
0.162707897457	0.259259259259	105	30	15	0	88	0.455958549223
0.164359843539	0.254385964912	105	31	9	0	93	0.469696969697
0.164370882431	0.255360623782	106	31	9	0	93	0.467336683417
0.165683343028	0.254385964912	107	31	9	0	93	0.465
0.168901597967	0.255360623782	108	31	9	0	93	0.462686567164
0.169108132112	0.248538011696	108	32	9	0	100	0.480769230769
0.169133665327	0.248538011696	109	32	9	0	100	0.478468899522
0.169422037129	0.247563352827	110	32	9	0	100	0.47619047619
0.1697626251	0.246588693957	110	33	3	0	101	0.478672985782
0.170290394344	0.247563352827	111	33	3	0	101	0.47641509434
0.171071178746	0.247563352827	112	33	3	0	101	0.474178403756
0.172805532757	0.247563352827	112	34	6	0	101	0.474178403756
0.175792039734	0.248538011696	113	34	6	0	101	0.471962616822
0.176603837695	0.249512670565	114	34	6	0	101	0.46976744186
0.176718120205	0.249512670565	115	34	6	0	101	0.467592592593
0.177297861357	0.248538011696	116	34	6	0	101	0.465437788018
0.178408395022	0.249512670565	117	34	6	0	101	0.463302752294
0.179972276641	0.250487329435	118	34	6	0	101	0.461187214612
0.180746991225	0.251461988304	119	34	6	0	101	0.459090909091
0.180771022454	0.252436647173	120	34	6	0	101	0.457013574661
0.182511998247	0.251461988304	120	35	27	0	102	0.459459459459
0.183520568476	0.24269005848	120	36	39	0	111	0.480519480519
0.184064471246	0.243664717349	121	36	39	0	111	0.478448275862
0.184493047943	0.244639376218	122	36	39	0	111	0.476394849785
0.184585699565	0.243664717349	123	36	39	0	111	0.474358974359
0.184979772045	0.244639376218	124	36	39	0	111	0.472340425532
0.185692903766	0.244639376218	125	36	39	0	111	0.470338983051
0.188518555889	0.245614035088	126	36	39	0	111	0.46835443038
0.188978096569	0.246588693957	127	36	39	0	111	0.466386554622
0.189431197378	0.245614035088	128	36	39	0	111	0.464435146444
0.191882331272	0.24269005848	128	37	12	0	114	0.471074380165
0.192708553708	0.234892787524	128	38	9	0	122	0.488
0.192710183342	0.234892787524	129	38	9	0	122	0.486055776892
0.195252154888	0.235867446394	130	38	9	0	122	0.484126984127
0.196098766712	0.236842105263	131	38	9	0	122	0.482213438735
0.19643090568	0.235867446394	132	38	9	0	122	0.48031496063
0.197217930861	0.236842105263	133	38	9	0	122	0.478431372549
0.198430509213	0.237816764133	134	38	9	0	122	0.4765625
0.198476791847	0.236842105263	135	38	9	0	122	0.474708171206
0.198845547634	0.237816764133	136	38	9	0	122	0.472868217054
0.199702368837	0.238791423002	137	38	9	0	122	0.471042471042
0.201384902072	0.237816764133	138	38	9	0	122	0.469230769231
0.202043286785	0.238791423002	139	38	9	0	122	0.467432950192
0.203549339526	0.239766081871	140	38	9	0	122	0.465648854962
0.20482117997	0.240740740741	141	38	9	0	122	0.463878326996
0.205643840135	0.240740740741	141	39	3	0	122	0.463878326996
0.209188660962	0.239766081871	142	39	3	0	122	0.462121212121
0.209700554824	0.231968810916	142	40	21	0	130	0.477941176471
0.210890626316	0.232943469786	143	40	21	0	130	0.47619047619
0.211490371476	0.231968810916	143	41	9	0	131	0.478102189781
0.211517193255	0.228070175439	143	42	6	0	135	0.485611510791
0.213760098336	0.229044834308	144	42	6	0	135	0.483870967742
0.214231173452	0.223196881092	144	43	15	0	141	0.494736842105
0.216384109663	0.224171539961	145	43	15	0	141	0.493006993007
0.216801623104	0.22514619883	146	43	15	0	141	0.491289198606
0.216882109756	0.2261208577	147	43	15	0	141	0.489583333333
0.217304730239	0.227095516569	148	43	15	0	141	0.487889273356
0.21953450412	0.228070175439	149	43	15	0	141	0.486206896552
0.219631348063	0.228070175439	150	43	15	0	141	0.484536082474
0.220448318824	0.229044834308	151	43	15	0	141	0.482876712329
0.220808785079	0.230019493177	152	43	15	0	141	0.481228668942
0.222420309146	0.230994152047	153	43	15	0	141	0.479591836735
0.224831592968	0.231968810916	154	43	15	0	141	0.477966101695
0.225001797952	0.232943469786	155	43	15	0	141	0.476351351351
0.226236910847	0.233918128655	156	43	15	0	141	0.474747474747
0.226880713558	0.233918128655	157	43	15	0	141	0.473154362416
0.228163283233	0.234892787524	158	43	15	0	141	0.471571906355
0.232315098296	0.232943469786	158	44	3	0	143	0.475083056478
0.239083864696	0.232943469786	159	44	3	0	143	0.473509933775
0.24081587887	0.231968810916	159	45	3	0	144	0.475247524752
0.242813790011	0.232943469786	160	45	3	0	144	0.473684210526
0.243214804926	0.232943469786	161	45	3	0	144	0.472131147541
0.245056846991	0.233918128655	162	45	3	0	144	0.470588235294
0.245713189657	0.233918128655	162	46	3	0	144	0.470588235294
0.247188062087	0.234892787524	163	46	3	0	144	0.469055374593
0.248042739648	0.235867446394	164	46	3	0	144	0.467532467532
0.248307100054	0.234892787524	164	47	9	0	145	0.46925566343
0.248655777917	0.235867446394	165	47	9	0	145	0.467741935484
0.250665880588	0.234892787524	166	47	9	0	145	0.466237942122
0.25482271903	0.230019493177	166	48	18	0	150	0.474683544304
0.255385402779	0.230994152047	167	48	18	0	150	0.473186119874
0.255409625754	0.231968810916	168	48	18	0	150	0.471698113208
0.256802834467	0.232943469786	169	48	18	0	150	0.470219435737
0.256809518198	0.231968810916	169	49	9	0	151	0.471875
0.257226377095	0.232943469786	170	49	9	0	151	0.470404984424
0.257310515229	0.232943469786	171	49	9	0	151	0.468944099379
0.259875892538	0.233918128655	172	49	9	0	151	0.467492260062
0.262132888351	0.233918128655	173	49	9	0	151	0.466049382716
0.262895547463	0.234892787524	174	49	9	0	151	0.464615384615
0.26429499927	0.235867446394	175	49	9	0	151	0.463190184049
0.264311853562	0.234892787524	176	49	9	0	151	0.461773700306
0.265150473105	0.235867446394	177	49	9	0	151	0.460365853659
0.265329163934	0.234892787524	177	50	3	0	152	0.462006079027
0.26570695133	0.235867446394	178	50	3	0	152	0.460606060606
0.265712365972	0.236842105263	179	50	3	0	152	0.459214501511
0.265838283288	0.237816764133	180	50	3	0	152	0.457831325301
0.266099100184	0.238791423002	181	50	3	0	152	0.456456456456
0.26946369469	0.237816764133	182	50	3	0	152	0.455089820359
0.270322937297	0.236842105263	183	50	3	0	152	0.453731343284
0.271210597134	0.237816764133	184	50	3	0	152	0.452380952381
0.271224502033	0.238791423002	185	50	3	0	152	0.451038575668
0.271375474428	0.239766081871	186	50	3	0	152	0.449704142012
0.271438761539	0.223196881092	186	51	54	0	169	0.476056338028
0.271511146031	0.219298245614	186	52	12	0	173	0.481894150418
0.27260636469	0.220272904483	187	52	12	0	173	0.480555555556
0.272835587194	0.221247563353	188	52	12	0	173	0.479224376731
0.273569977017	0.221247563353	189	52	12	0	173	0.477900552486
0.275941098058	0.222222222222	190	52	12	0	173	0.476584022039
0.27600942977	0.223196881092	191	52	12	0	173	0.475274725275
0.276232711868	0.223196881092	192	52	12	0	173	0.47397260274
0.276861553715	0.222222222222	193	52	12	0	173	0.472677595628
0.277409505527	0.222222222222	193	53	6	0	173	0.472677595628
0.277448521456	0.223196881092	194	53	6	0	173	0.471389645777
0.277773110946	0.224171539961	195	53	6	0	173	0.470108695652
0.282379639271	0.215399610136	195	54	45	0	182	0.48275862069
0.282482241763	0.214424951267	195	55	6	0	183	0.484126984127
0.285896279593	0.211500974659	195	56	9	0	186	0.488188976378
0.286214763126	0.212475633528	196	56	9	0	186	0.486910994764
0.286508697123	0.213450292398	197	56	9	0	186	0.485639686684
0.288125670641	0.214424951267	198	56	9	0	186	0.484375
0.288428590989	0.212475633528	198	57	3	0	188	0.487046632124
0.29011371492	0.213450292398	199	57	3	0	188	0.485788113695
0.294618599447	0.214424951267	200	57	3	0	188	0.484536082474
0.294932906598	0.215399610136	201	57	3	0	188	0.483290488432
0.295048402675	0.216374269006	202	57	3	0	188	0.482051282051
0.295067966073	0.215399610136	203	57	3	0	188	0.480818414322
0.295093527822	0.216374269006	204	57	3	0	188	0.479591836735
0.295130554903	0.217348927875	205	57	3	0	188	0.478371501272
0.297666168866	0.217348927875	205	58	3	0	188	0.478371501272
0.29893505908	0.218323586745	206	58	3	0	188	0.477157360406
0.300703115209	0.219298245614	207	58	3	0	188	0.475949367089
0.301639736419	0.220272904483	208	58	3	0	188	0.474747474747
0.302886056911	0.221247563353	209	58	3	0	188	0.47355163728
0.303549640105	0.222222222222	210	58	3	0	188	0.472361809045
0.305055543499	0.223196881092	211	58	3	0	188	0.471177944862
0.305678859783	0.222222222222	212	58	3	0	188	0.47
0.306008886259	0.223196881092	213	58	3	0	188	0.468827930175
0.306121767324	0.224171539961	214	58	3	0	188	0.467661691542
0.308245793826	0.22514619883	215	58	3	0	188	0.466501240695
0.314533081282	0.2261208577	216	58	3	0	188	0.465346534653
0.314950353152	0.227095516569	217	58	3	0	188	0.464197530864
0.315567469599	0.228070175439	218	58	3	0	188	0.463054187192
0.316645924513	0.229044834308	219	58	3	0	188	0.461916461916
0.318262225467	0.230019493177	220	58	3	0	188	0.460784313725
0.318767484772	0.230994152047	221	58	3	0	188	0.459657701711
0.323384749512	0.231968810916	222	58	3	0	188	0.458536585366
0.326178885568	0.232943469786	223	58	3	0	188	0.457420924574
0.326562952868	0.232943469786	223	59	3	0	188	0.457420924574
0.328525788058	0.233918128655	224	59	3	0	188	0.456310679612
0.328964552812	0.234892787524	225	59	3	0	188	0.455205811138
0.329242017222	0.233918128655	225	60	6	0	189	0.45652173913
0.330106249032	0.232943469786	226	60	6	0	189	0.455421686747
0.330610358338	0.233918128655	227	60	6	0	189	0.454326923077
0.330616759031	0.229044834308	227	61	15	0	194	0.46080760095
0.331112576978	0.230019493177	228	61	15	0	194	0.45971563981
0.333515582198	0.230994152047	229	61	15	0	194	0.458628841608
0.334083311021	0.231968810916	230	61	15	0	194	0.457547169811
0.336033155361	0.232943469786	231	61	15	0	194	0.456470588235
0.338132769522	0.233918128655	232	61	15	0	194	0.455399061033
0.340721729281	0.234892787524	233	61	15	0	194	0.454332552693
0.341346095196	0.234892787524	234	61	15	0	194	0.453271028037
0.343788953256	0.235867446394	235	61	15	0	194	0.452214452214
0.344159832926	0.236842105263	236	61	15	0	194	0.451162790698
0.34480129385	0.237816764133	237	61	15	0	194	0.450116009281
0.350112019302	0.238791423002	238	61	15	0	194	0.449074074074
0.352443210613	0.239766081871	239	61	15	0	194	0.448036951501
0.35328365697	0.238791423002	240	61	15	0	194	0.447004608295
0.35622163594	0.239766081871	241	61	15	0	194	0.445977011494
0.360746356072	0.240740740741	242	61	15	0	194	0.44495412844
0.360998816152	0.24171539961	243	61	15	0	194	0.443935926773
0.361442741283	0.24171539961	243	62	3	0	194	0.443935926773
0.365951821534	0.24171539961	243	63	12	0	194	0.443935926773
0.36672788284	0.24269005848	244	63	12	0	194	0.442922374429
0.367635890361	0.24269005848	244	64	3	0	194	0.442922374429
0.368111008087	0.243664717349	245	64	3	0	194	0.441913439636
0.371842148468	0.244639376218	246	64	3	0	194	0.440909090909
0.374145406223	0.245614035088	247	64	3	0	194	0.439909297052
0.375603925902	0.246588693957	248	64	3	0	194	0.438914027149
0.376011234677	0.247563352827	249	64	3	0	194	0.437923250564
0.376420422151	0.240740740741	249	65	21	0	201	0.446666666667
0.377731977619	0.239766081871	250	65	21	0	201	0.445676274945
0.377770532905	0.240740740741	251	65	21	0	201	0.444690265487
0.378231728935	0.24171539961	252	65	21	0	201	0.443708609272
0.379399385871	0.24269005848	253	65	21	0	201	0.442731277533
0.380669071561	0.240740740741	253	66	3	0	203	0.445175438596
0.381051044181	0.24171539961	254	66	3	0	203	0.44420131291
0.381518675307	0.24171539961	254	67	9	0	203	0.44420131291
0.381655453755	0.24269005848	255	67	9	0	203	0.443231441048
0.383855001231	0.239766081871	255	68	27	0	206	0.446854663774
0.38490444925	0.240740740741	256	68	27	0	206	0.445887445887
0.389211108983	0.24171539961	257	68	27	0	206	0.444924406048
0.390239456045	0.24269005848	258	68	27	0	206	0.443965517241
0.391560388171	0.243664717349	259	68	27	0	206	0.443010752688
0.393834579524	0.244639376218	260	68	27	0	206	0.442060085837
0.394374042768	0.245614035088	261	68	27	0	206	0.441113490364
0.394438591371	0.246588693957	262	68	27	0	206	0.440170940171
0.400262101086	0.247563352827	263	68	27	0	206	0.439232409382
0.400727985407	0.248538011696	264	68	27	0	206	0.43829787234
0.403368060997	0.248538011696	264	69	6	0	206	0.43829787234
0.404518077492	0.249512670565	265	69	6	0	206	0.437367303609
0.405779578273	0.250487329435	266	69	6	0	206	0.436440677966
0.40609951273	0.248538011696	266	70	9	0	208	0.438818565401
0.409082667645	0.249512670565	267	70	9	0	208	0.437894736842
0.411792008816	0.248538011696	268	70	9	0	208	0.436974789916
0.411804701773	0.249512670565	269	70	9	0	208	0.43605870021
0.412584684868	0.250487329435	270	70	9	0	208	0.435146443515
0.415552504651	0.251461988304	271	70	9	0	208	0.434237995825
0.416134438022	0.251461988304	272	70	9	0	208	0.433333333333
0.41854932082	0.246588693957	272	71	15	0	213	0.439175257732
0.418732060476	0.247563352827	273	71	15	0	213	0.438271604938
0.418751064928	0.243664717349	273	72	12	0	217	0.442857142857
0.422185242242	0.243664717349	274	72	12	0	217	0.441955193483
0.422329581773	0.244639376218	275	72	12	0	217	0.441056910569
0.425040794984	0.245614035088	276	72	12	0	217	0.440162271805
0.425622067096	0.245614035088	277	72	12	0	217	0.439271255061
0.426156737241	0.245614035088	278	72	12	0	217	0.438383838384
0.426391226541	0.246588693957	279	72	12	0	217	0.4375
0.427339916697	0.245614035088	280	72	12	0	217	0.43661971831
0.428190469783	0.244639376218	280	73	6	0	218	0.437751004016
0.428245830452	0.245614035088	281	73	6	0	218	0.436873747495
0.428496107154	0.246588693957	282	73	6	0	218	0.436
0.429474011587	0.247563352827	283	73	6	0	218	0.435129740519
0.431987532374	0.247563352827	284	73	6	0	218	0.434262948207
0.43268386749	0.248538011696	285	73	6	0	218	0.433399602386
0.433401941552	0.249512670565	286	73	6	0	218	0.43253968254
0.43481399729	0.249512670565	286	74	3	0	218	0.43253968254
0.435716253806	0.249512670565	287	74	3	0	218	0.431683168317
0.435849258858	0.249512670565	288	74	3	0	218	0.430830039526
0.436119489162	0.249512670565	289	74	3	0	218	0.429980276134
0.438156055921	0.250487329435	290	74	3	0	218	0.429133858268
0.438335168229	0.251461988304	291	74	3	0	218	0.428290766208
0.442119377527	0.252436647173	292	74	3	0	218	0.427450980392
0.442440073635	0.253411306043	293	74	3	0	218	0.426614481409
0.44272622965	0.250487329435	293	75	6	0	221	0.429961089494
0.443515443584	0.251461988304	294	75	6	0	221	0.429126213592
0.443813178196	0.252436647173	295	75	6	0	221	0.428294573643
0.445584581496	0.252436647173	296	75	6	0	221	0.42746615087
0.447074351701	0.251461988304	296	76	3	0	222	0.428571428571
0.447442711417	0.252436647173	297	76	3	0	222	0.42774566474
0.454066410663	0.251461988304	298	76	3	0	222	0.426923076923
0.45552748257	0.252436647173	299	76	3	0	222	0.426103646833
0.456585900594	0.253411306043	300	76	3	0	222	0.425287356322
0.458346150023	0.253411306043	300	77	3	0	222	0.425287356322
0.460866329904	0.254385964912	301	77	3	0	222	0.42447418738
0.461873511196	0.254385964912	301	78	6	0	222	0.42447418738
0.463842137808	0.251461988304	301	79	12	0	225	0.427756653992
0.464147323195	0.252436647173	302	79	12	0	225	0.426944971537
0.464177048206	0.252436647173	303	79	12	0	225	0.426136363636
0.465993185624	0.251461988304	304	79	12	0	225	0.425330812854
0.466178110216	0.250487329435	305	79	12	0	225	0.424528301887
0.466188165891	0.251461988304	306	79	12	0	225	0.423728813559
0.46775416369	0.252436647173	307	79	12	0	225	0.422932330827
0.468269665771	0.238791423002	307	80	36	0	239	0.437728937729
0.470377260474	0.239766081871	308	80	36	0	239	0.436928702011
0.471624288903	0.240740740741	309	80	36	0	239	0.436131386861
0.476389158339	0.24171539961	310	80	36	0	239	0.435336976321
0.476908681419	0.24269005848	311	80	36	0	239	0.434545454545
0.477025776632	0.243664717349	312	80	36	0	239	0.433756805808
0.477284399537	0.238791423002	312	81	15	0	244	0.438848920863
0.47822529184	0.237816764133	313	81	15	0	244	0.438061041293
0.478250001904	0.238791423002	314	81	15	0	244	0.437275985663
0.479627705641	0.232943469786	314	82	15	0	250	0.443262411348
0.48005157445	0.233918128655	315	82	15	0	250	0.442477876106
0.482523768372	0.234892787524	316	82	15	0	250	0.441696113074
0.483470981081	0.235867446394	317	82	15	0	250	0.440917107584
0.483714288806	0.232943469786	317	83	9	0	253	0.443859649123
0.487822653723	0.233918128655	318	83	9	0	253	0.443082311734
0.488040014262	0.234892787524	319	83	9	0	253	0.442307692308
0.488476201024	0.234892787524	320	83	9	0	253	0.441535776614
0.48892705534	0.235867446394	321	83	9	0	253	0.440766550523
0.489033878777	0.236842105263	322	83	9	0	253	0.44
0.490338386059	0.237816764133	323	83	9	0	253	0.439236111111
0.491137142674	0.238791423002	324	83	9	0	253	0.438474870017
0.494275790066	0.239766081871	325	83	9	0	253	0.437716262976
0.494805897014	0.240740740741	326	83	9	0	253	0.436960276339
0.498371058514	0.24171539961	327	83	9	0	253	0.436206896552
0.498843522132	0.24269005848	328	83	9	0	253	0.435456110155
0.499811410045	0.243664717349	329	83	9	0	253	0.43470790378
0.501981454046	0.244639376218	330	83	9	0	253	0.433962264151
0.502587772549	0.245614035088	331	83	9	0	253	0.433219178082
0.503502569341	0.246588693957	332	83	9	0	253	0.432478632479
0.504157157189	0.247563352827	333	83	9	0	253	0.431740614334
0.504414448792	0.246588693957	334	83	9	0	253	0.431005110733
0.504850970193	0.247563352827	335	83	9	0	253	0.430272108844
0.504929283249	0.248538011696	336	83	9	0	253	0.429541595925
0.506075942308	0.249512670565	337	83	9	0	253	0.428813559322
0.507116790222	0.250487329435	338	83	9	0	253	0.428087986464
0.507129582218	0.251461988304	339	83	9	0	253	0.427364864865
0.508401781153	0.251461988304	339	84	3	0	253	0.427364864865
0.509790762293	0.251461988304	340	84	3	0	253	0.426644182125
0.510254132828	0.252436647173	341	84	3	0	253	0.425925925926
0.511066224192	0.253411306043	342	84	3	0	253	0.425210084034
0.512390244651	0.254385964912	343	84	3	0	253	0.424496644295
0.513006997857	0.255360623782	344	84	3	0	253	0.42378559464
0.513393825769	0.255360623782	345	84	3	0	253	0.423076923077
0.513573629693	0.256335282651	346	84	3	0	253	0.422370617696
0.513787646144	0.25730994152	347	84	3	0	253	0.421666666667
0.519333097042	0.25828460039	348	84	3	0	253	0.420965058236
0.519927537215	0.25730994152	349	84	3	0	253	0.420265780731
0.520284067293	0.256335282651	350	84	3	0	253	0.419568822554
0.522946877432	0.25730994152	351	84	3	0	253	0.418874172185
0.527063112965	0.25828460039	352	84	3	0	253	0.418181818182
0.528201875175	0.25828460039	353	84	3	0	253	0.417491749175
0.52940535958	0.259259259259	354	84	3	0	253	0.416803953871
0.530389707653	0.260233918129	355	84	3	0	253	0.416118421053
0.53181185325	0.254385964912	355	85	15	0	259	0.421824104235
0.532106138036	0.255360623782	356	85	15	0	259	0.421138211382
0.533464468123	0.256335282651	357	85	15	0	259	0.420454545455
0.535853088518	0.256335282651	358	85	15	0	259	0.419773095624
0.537270735046	0.25730994152	359	85	15	0	259	0.419093851133
0.544667006351	0.253411306043	359	86	9	0	263	0.422829581994
0.546062468135	0.253411306043	360	86	9	0	263	0.422150882825
0.546765685617	0.254385964912	361	86	9	0	263	0.421474358974
0.548066650267	0.254385964912	362	86	9	0	263	0.4208
0.548689867965	0.253411306043	362	87	12	0	264	0.421725239617
0.551949248567	0.254385964912	363	87	12	0	264	0.421052631579
0.55216666203	0.255360623782	364	87	12	0	264	0.420382165605
0.553708520946	0.256335282651	365	87	12	0	264	0.419713831479
0.554322614925	0.256335282651	366	87	12	0	264	0.419047619048
0.554424721467	0.25730994152	367	87	12	0	264	0.418383518225
0.554919993837	0.25828460039	368	87	12	0	264	0.417721518987
0.555196728078	0.259259259259	369	87	12	0	264	0.417061611374
0.558275775075	0.260233918129	370	87	12	0	264	0.416403785489
0.559974205201	0.261208576998	371	87	12	0	264	0.415748031496
0.560470448286	0.262183235867	372	87	12	0	264	0.415094339623
0.561249292038	0.260233918129	372	88	3	0	266	0.416927899687
0.56141802681	0.261208576998	373	88	3	0	266	0.41627543036
0.562531971472	0.262183235867	374	88	3	0	266	0.415625
0.562639372857	0.263157894737	375	88	3	0	266	0.414976599064
0.563516090525	0.264132553606	376	88	3	0	266	0.414330218069
0.563650104544	0.265107212476	377	88	3	0	266	0.413685847589
0.566095962468	0.266081871345	378	88	3	0	266	0.413043478261
0.566550173596	0.265107212476	379	88	3	0	266	0.412403100775
0.568804156197	0.266081871345	380	88	3	0	266	0.411764705882
0.569717613489	0.259259259259	380	89	15	0	273	0.418070444104
0.569874719878	0.259259259259	381	89	15	0	273	0.417431192661
0.569930924941	0.260233918129	382	89	15	0	273	0.41679389313
0.571496198118	0.261208576998	383	89	15	0	273	0.416158536585
0.571581069116	0.260233918129	384	89	15	0	273	0.415525114155
0.573168295724	0.261208576998	385	89	15	0	273	0.414893617021
0.573294670172	0.255360623782	385	90	18	0	279	0.420180722892
0.577154329594	0.256335282651	386	90	18	0	279	0.41954887218
0.581023296931	0.25730994152	387	90	18	0	279	0.418918918919
0.582209973848	0.25828460039	388	90	18	0	279	0.418290854573
0.583787007678	0.259259259259	389	90	18	0	279	0.417664670659
0.588214928475	0.260233918129	390	90	18	0	279	0.417040358744
0.588958001317	0.261208576998	391	90	18	0	279	0.416417910448
0.589556886398	0.262183235867	392	90	18	0	279	0.415797317437
0.589870910402	0.263157894737	393	90	18	0	279	0.415178571429
0.589875761973	0.264132553606	394	90	18	0	279	0.41456166419
0.59050649263	0.265107212476	395	90	18	0	279	0.413946587537
0.59111575436	0.266081871345	396	90	18	0	279	0.413333333333
0.591226978741	0.267056530214	397	90	18	0	279	0.412721893491
0.596729218519	0.268031189084	398	90	18	0	279	0.41211225997
0.599079833831	0.267056530214	399	90	18	0	279	0.411504424779
0.600417323517	0.268031189084	400	90	18	0	279	0.410898379971
0.601454123716	0.267056530214	401	90	18	0	279	0.410294117647
0.602739645453	0.268031189084	402	90	18	0	279	0.409691629956
0.603017708724	0.267056530214	403	90	18	0	279	0.409090909091
0.603238249168	0.267056530214	404	90	18	0	279	0.408491947291
0.603266749921	0.268031189084	405	90	18	0	279	0.407894736842
0.605680488641	0.268031189084	406	90	18	0	279	0.407299270073
0.607825338726	0.268031189084	407	90	18	0	279	0.406705539359
0.609683244672	0.267056530214	408	90	18	0	279	0.406113537118
0.613479543478	0.267056530214	409	90	18	0	279	0.405523255814
0.616159864475	0.268031189084	410	90	18	0	279	0.404934687954
0.616930282692	0.269005847953	411	90	18	0	279	0.404347826087
0.617286948832	0.268031189084	412	90	18	0	279	0.403762662808
0.618114953151	0.268031189084	413	90	18	0	279	0.403179190751
0.61948543022	0.269005847953	414	90	18	0	279	0.402597402597
0.624392510113	0.269980506823	415	90	18	0	279	0.402017291066
0.624967822964	0.270955165692	416	90	18	0	279	0.401438848921
0.625123633201	0.270955165692	416	91	3	0	279	0.401438848921
0.625133325547	0.271929824561	417	91	3	0	279	0.400862068966
0.62526144349	0.272904483431	418	91	3	0	279	0.400286944046
0.625270231628	0.2738791423	419	91	3	0	279	0.399713467049
0.625697290035	0.27485380117	420	91	3	0	279	0.399141630901
0.625963182344	0.27485380117	421	91	3	0	279	0.398571428571
0.626365914424	0.275828460039	422	91	3	0	279	0.398002853067
0.626816248128	0.276803118908	423	91	3	0	279	0.397435897436
0.627794760264	0.277777777778	424	91	3	0	279	0.396870554765
0.630762558399	0.27485380117	424	92	3	0	282	0.399433427762
0.633805284759	0.2738791423	425	92	3	0	282	0.398868458274
0.636230509031	0.27485380117	426	92	3	0	282	0.398305084746
0.636594102198	0.272904483431	426	93	18	0	284	0.4
0.636910630058	0.272904483431	427	93	18	0	284	0.399437412096
0.636954474896	0.2738791423	428	93	18	0	284	0.398876404494
0.637233294092	0.27485380117	429	93	18	0	284	0.398316970547
0.637404074146	0.275828460039	430	93	18	0	284	0.397759103641
0.637533899211	0.276803118908	431	93	18	0	284	0.397202797203
0.638005855377	0.277777777778	432	93	18	0	284	0.396648044693
0.638125472491	0.278752436647	433	93	18	0	284	0.396094839609
0.639285952351	0.2738791423	433	94	6	0	289	0.40027700831
0.639703931808	0.2738791423	434	94	6	0	289	0.399723374827
0.640660326437	0.270955165692	434	95	9	0	292	0.402203856749
0.641116066328	0.271929824561	435	95	9	0	292	0.401650618982
0.641604396615	0.271929824561	436	95	9	0	292	0.401098901099
0.642262326381	0.272904483431	437	95	9	0	292	0.400548696845
0.644259753601	0.265107212476	437	96	30	0	300	0.407055630936
0.644303027727	0.266081871345	438	96	30	0	300	0.406504065041
0.644391608087	0.264132553606	438	97	6	0	302	0.408108108108
0.64508600826	0.263157894737	439	97	6	0	302	0.407557354926
0.645891504792	0.264132553606	440	97	6	0	302	0.407008086253
0.647443025627	0.264132553606	441	97	6	0	302	0.406460296097
0.652554772178	0.265107212476	442	97	6	0	302	0.405913978495
0.652998920327	0.264132553606	443	97	6	0	302	0.405369127517
0.65593792195	0.265107212476	444	97	6	0	302	0.404825737265
0.656463428141	0.264132553606	444	98	18	0	303	0.40562248996
0.658164886245	0.265107212476	445	98	18	0	303	0.405080213904
0.658413425936	0.264132553606	446	98	18	0	303	0.404539385848
0.659849064574	0.265107212476	447	98	18	0	303	0.404
0.66143508074	0.264132553606	447	99	3	0	304	0.404793608522
0.661920397499	0.265107212476	448	99	3	0	304	0.404255319149
0.663460841281	0.264132553606	449	99	3	0	304	0.403718459495
0.663577747413	0.265107212476	450	99	3	0	304	0.403183023873
0.664362552528	0.265107212476	450	100	6	0	304	0.403183023873
