# time 	 divergence 	 # of mutations 	 # IGC chances 	 IGC length 	 # IGC failures 	 Changes due to IGC  	 % change due to IGC 
0.0	0.198924731183	0	0	0	0	0	0.0
0.000219780197271	0.2	1	0	0	0	0	0.0
0.00112201901749	0.201075268817	2	0	0	0	0	0.0
0.00301639307071	0.202150537634	3	0	0	0	0	0.0
0.00760011868208	0.203225806452	4	0	0	0	0	0.0
0.0115628212763	0.204301075269	5	0	0	0	0	0.0
0.0123028692562	0.203225806452	6	0	0	0	0	0.0
0.0126015653465	0.204301075269	7	0	0	0	0	0.0
0.0136168718109	0.205376344086	8	0	0	0	0	0.0
0.0166762245034	0.206451612903	9	0	0	0	0	0.0
0.0177796280071	0.205376344086	10	0	0	0	0	0.0
0.0195806708012	0.205376344086	11	0	0	0	0	0.0
0.0206607300457	0.206451612903	12	0	0	0	0	0.0
0.0208422482408	0.20752688172	13	0	0	0	0	0.0
0.021369701476	0.208602150538	14	0	0	0	0	0.0
0.0229126105619	0.209677419355	15	0	0	0	0	0.0
0.0235688033424	0.210752688172	16	0	0	0	0	0.0
0.0247888759402	0.211827956989	17	0	0	0	0	0.0
0.0275749667958	0.212903225806	18	0	0	0	0	0.0
0.0291422876569	0.211827956989	18	1	30	0	1	0.0526315789474
0.0317652870917	0.212903225806	19	1	30	0	1	0.05
0.0357642952262	0.213978494624	20	1	30	0	1	0.047619047619
0.0362216686974	0.19247311828	20	2	60	0	21	0.512195121951
0.036335064338	0.193548387097	21	2	60	0	21	0.5
0.0383973060879	0.194623655914	22	2	60	0	21	0.488372093023
0.0408602447688	0.193548387097	23	2	60	0	21	0.477272727273
0.0414033391522	0.194623655914	24	2	60	0	21	0.466666666667
0.0420890124647	0.194623655914	25	2	60	0	21	0.45652173913
0.0454805032614	0.195698924731	26	2	60	0	21	0.446808510638
0.0465603514736	0.196774193548	27	2	60	0	21	0.4375
0.0478838777418	0.197849462366	28	2	60	0	21	0.428571428571
0.0481535311783	0.198924731183	29	2	60	0	21	0.42
0.0486821520099	0.2	30	2	60	0	21	0.411764705882
0.050879582547	0.198924731183	31	2	60	0	21	0.403846153846
0.0530269200048	0.2	32	2	60	0	21	0.396226415094
0.0559967325104	0.201075268817	33	2	60	0	21	0.388888888889
0.0566781449787	0.202150537634	34	2	60	0	21	0.381818181818
0.0568413544221	0.203225806452	35	2	60	0	21	0.375
0.0596137271368	0.204301075269	36	2	60	0	21	0.368421052632
0.0601340481444	0.204301075269	37	2	60	0	21	0.362068965517
0.0607218853306	0.205376344086	38	2	60	0	21	0.35593220339
0.0639829425828	0.183870967742	38	3	63	0	41	0.518987341772
0.064983593377	0.183870967742	39	3	63	0	41	0.5125
0.0653217551113	0.184946236559	40	3	63	0	41	0.506172839506
0.0684235038867	0.186021505376	41	3	63	0	41	0.5
0.0690282439172	0.186021505376	42	3	63	0	41	0.493975903614
0.0743245564471	0.187096774194	43	3	63	0	41	0.488095238095
0.0744624175243	0.188172043011	44	3	63	0	41	0.482352941176
0.0745040457264	0.189247311828	45	3	63	0	41	0.476744186047
0.0746230284853	0.188172043011	46	3	63	0	41	0.471264367816
0.0752852205387	0.189247311828	47	3	63	0	41	0.465909090909
0.0757625749562	0.190322580645	48	3	63	0	41	0.460674157303
0.0771245142279	0.189247311828	49	3	63	0	41	0.455555555556
0.0792515189112	0.190322580645	50	3	63	0	41	0.450549450549
0.0792788432341	0.189247311828	51	3	63	0	41	0.445652173913
0.0813775537619	0.190322580645	52	3	63	0	41	0.440860215054
0.0813842093047	0.191397849462	53	3	63	0	41	0.436170212766
0.0835834432689	0.19247311828	54	3	63	0	41	0.431578947368
0.0839341615715	0.193548387097	55	3	63	0	41	0.427083333333
0.0876702383919	0.194623655914	56	3	63	0	41	0.422680412371
0.0885004484246	0.195698924731	57	3	63	0	41	0.418367346939
0.0898083089634	0.193548387097	57	4	30	0	43	0.43
0.0903573592267	0.194623655914	58	4	30	0	43	0.425742574257
0.0913792186478	0.181720430108	58	5	60	0	55	0.486725663717
0.0924193955819	0.182795698925	59	5	60	0	55	0.482456140351
0.0926824498924	0.183870967742	60	5	60	0	55	0.478260869565
0.0940063767546	0.184946236559	61	5	60	0	55	0.474137931034
0.0948954852603	0.186021505376	62	5	60	0	55	0.470085470085
0.0953144398329	0.187096774194	63	5	60	0	55	0.466101694915
0.0977394513463	0.188172043011	64	5	60	0	55	0.46218487395
0.0995692966736	0.189247311828	65	5	60	0	55	0.458333333333
0.100536950133	0.189247311828	66	5	60	0	55	0.454545454545
0.100720452361	0.190322580645	67	5	60	0	55	0.450819672131
0.101456628933	0.191397849462	68	5	60	0	55	0.447154471545
0.101861888099	0.19247311828	69	5	60	0	55	0.443548387097
0.106395913633	0.193548387097	70	5	60	0	55	0.44
0.108863142332	0.194623655914	71	5	60	0	55	0.436507936508
0.110362655155	0.195698924731	72	5	60	0	55	0.433070866142
0.110566720473	0.196774193548	73	5	60	0	55	0.4296875
0.110596809825	0.197849462366	74	5	60	0	55	0.426356589147
0.113248878428	0.198924731183	75	5	60	0	55	0.423076923077
0.116622125595	0.2	76	5	60	0	55	0.419847328244
0.118971025416	0.2	77	5	60	0	55	0.416666666667
0.12003891969	0.201075268817	78	5	60	0	55	0.413533834586
0.120099525315	0.2	79	5	60	0	55	0.410447761194
0.121116811743	0.2	80	5	60	0	55	0.407407407407
0.121359997447	0.201075268817	81	5	60	0	55	0.404411764706
0.122116388873	0.202150537634	82	5	60	0	55	0.401459854015
0.122333221025	0.203225806452	83	5	60	0	55	0.398550724638
0.122389278309	0.204301075269	84	5	60	0	55	0.395683453237
0.122610134618	0.205376344086	85	5	60	0	55	0.392857142857
0.127871506498	0.206451612903	86	5	60	0	55	0.390070921986
0.129022480988	0.20752688172	87	5	60	0	55	0.387323943662
0.129531974381	0.208602150538	88	5	60	0	55	0.384615384615
0.12957922956	0.208602150538	89	5	60	0	55	0.381944444444
0.130206515169	0.209677419355	90	5	60	0	55	0.379310344828
0.130858896183	0.208602150538	91	5	60	0	55	0.376712328767
0.131233666661	0.20752688172	92	5	60	0	55	0.374149659864
0.133869533682	0.208602150538	93	5	60	0	55	0.371621621622
0.13555419786	0.209677419355	94	5	60	0	55	0.369127516779
0.135974923429	0.196774193548	94	6	42	0	67	0.416149068323
0.136177104165	0.196774193548	95	6	42	0	67	0.413580246914
0.139655451815	0.197849462366	96	6	42	0	67	0.411042944785
0.141219549342	0.198924731183	97	6	42	0	67	0.408536585366
0.141225331085	0.2	98	6	42	0	67	0.406060606061
0.141403719258	0.201075268817	99	6	42	0	67	0.403614457831
0.142949438652	0.202150537634	100	6	42	0	67	0.40119760479
