# time 	 divergence 	 # of mutations 	 # IGC chances 	 IGC length 	 # IGC failures 	 Changes due to IGC  	 % change due to IGC 
0.0	0.41935483871	0	0	0	0	0	0.0
0.00100769407996	0.41935483871	1	0	0	0	0	0.0
0.00144377399927	0.418279569892	2	0	0	0	0	0.0
0.00155713074084	0.418279569892	3	0	0	0	0	0.0
0.00424398069439	0.41935483871	4	0	0	0	0	0.0
0.00557290262742	0.41935483871	5	0	0	0	0	0.0
0.0058891061453	0.420430107527	6	0	0	0	0	0.0
0.00630694223217	0.420430107527	7	0	0	0	0	0.0
0.00633685607746	0.420430107527	8	0	0	0	0	0.0
0.00687916976067	0.421505376344	9	0	0	0	0	0.0
0.00926428789787	0.421505376344	10	0	0	0	0	0.0
0.0102147046364	0.422580645161	11	0	0	0	0	0.0
0.0102946727471	0.422580645161	12	0	0	0	0	0.0
0.015513244177	0.422580645161	13	0	0	0	0	0.0
0.0208852438889	0.423655913978	14	0	0	0	0	0.0
0.0272304143973	0.422580645161	15	0	0	0	0	0.0
0.0276615282434	0.423655913978	16	0	0	0	0	0.0
0.0280342462609	0.423655913978	17	0	0	0	0	0.0
0.0299377651322	0.424731182796	18	0	0	0	0	0.0
0.0317804828202	0.424731182796	19	0	0	0	0	0.0
0.033333377428	0.424731182796	20	0	0	0	0	0.0
0.0350112547416	0.425806451613	21	0	0	0	0	0.0
0.0355996481752	0.425806451613	22	0	0	0	0	0.0
0.0418266771144	0.42688172043	23	0	0	0	0	0.0
0.0419366992408	0.42688172043	24	0	0	0	0	0.0
0.0419969620222	0.427956989247	25	0	0	0	0	0.0
0.0424168210729	0.429032258065	26	0	0	0	0	0.0
0.0430596776974	0.430107526882	27	0	0	0	0	0.0
0.0467594696755	0.431182795699	28	0	0	0	0	0.0
0.0480103830378	0.432258064516	29	0	0	0	0	0.0
0.0496998061641	0.431182795699	30	0	0	0	0	0.0
