# time 	 divergence 	 # of mutations 	 # IGC chances 	 IGC length 	 # IGC failures 	 Changes due to IGC  	 % change due to IGC 
0.0	0.481720430108	0	0	0	0	0	0.0
0.000877582792941	0.48064516129	1	0	0	0	0	0.0
0.00138675641293	0.48064516129	2	0	0	0	0	0.0
0.0030076139107	0.479569892473	3	0	0	0	0	0.0
0.00479402286621	0.48064516129	4	0	0	0	0	0.0
0.00499407823722	0.479569892473	5	0	0	0	0	0.0
0.00744157696547	0.48064516129	6	0	0	0	0	0.0
0.0113992123497	0.479569892473	6	1	3	0	1	0.142857142857
0.014699556524	0.479569892473	7	1	3	0	1	0.125
0.015724642267	0.479569892473	8	1	3	0	1	0.111111111111
0.0176664587158	0.48064516129	9	1	3	0	1	0.1
0.0191317760222	0.48064516129	10	1	3	0	1	0.0909090909091
0.0211950756717	0.481720430108	11	1	3	0	1	0.0833333333333
0.0221285665171	0.482795698925	12	1	3	0	1	0.0769230769231
0.0228160417648	0.482795698925	13	1	3	0	1	0.0714285714286
0.0234080615773	0.482795698925	14	1	3	0	1	0.0666666666667
0.0236584436573	0.483870967742	15	1	3	0	1	0.0625
0.0241940236793	0.483870967742	16	1	3	0	1	0.0588235294118
0.0257626053517	0.481720430108	16	2	3	0	3	0.157894736842
0.0265449534454	0.482795698925	17	2	3	0	3	0.15
0.029479909578	0.482795698925	18	2	3	0	3	0.142857142857
