# time 	 divergence 	 # of mutations 	 # IGC chances 	 IGC length 	 # IGC failures 	 Changes due to IGC  	 % change due to IGC 
0.0	0.166666666667	0	0	0	0	0	0.0
0.00151741362747	0.168803418803	1	0	0	0	0	0.0
0.0030861031125	0.166666666667	2	0	0	0	0	0.0
0.0051999369314	0.168803418803	3	0	0	0	0	0.0
0.00641575753192	0.17094017094	4	0	0	0	0	0.0
0.00768417982795	0.173076923077	5	0	0	0	0	0.0
0.00882570132675	0.175213675214	6	0	0	0	0	0.0
0.0103719541969	0.17735042735	7	0	0	0	0	0.0
0.0120264619478	0.179487179487	8	0	0	0	0	0.0
0.0122622452915	0.181623931624	9	0	0	0	0	0.0
0.0172638202392	0.183760683761	10	0	0	0	0	0.0
0.0177781252532	0.185897435897	11	0	0	0	0	0.0
0.0204765180551	0.188034188034	12	0	0	0	0	0.0
0.0229257148437	0.190170940171	13	0	0	0	0	0.0
0.0256336714663	0.190170940171	14	0	0	0	0	0.0
0.0271383923135	0.190170940171	15	0	0	0	0	0.0
0.0279159295997	0.192307692308	16	0	0	0	0	0.0
0.0306750211126	0.194444444444	17	0	0	0	0	0.0
0.0309902981048	0.196581196581	18	0	0	0	0	0.0
0.0326770444943	0.198717948718	19	0	0	0	0	0.0
