# time 	 divergence 	 # of mutations 	 # IGC chances 	 IGC length 	 # IGC failures 	 Changes due to IGC  	 % change due to IGC 
0.0	0.45376344086	0	0	0	0	0	0.0
0.000874943699204	0.454838709677	1	0	0	0	0	0.0
0.00321372635533	0.45376344086	2	0	0	0	0	0.0
0.00681787861127	0.45376344086	3	0	0	0	0	0.0
0.00775048066214	0.45376344086	4	0	0	0	0	0.0
0.0078334796151	0.45376344086	5	0	0	0	0	0.0
0.00784864615808	0.454838709677	6	0	0	0	0	0.0
0.0147631638245	0.454838709677	7	0	0	0	0	0.0
0.0149009036722	0.454838709677	8	0	0	0	0	0.0
0.0254888998992	0.45376344086	9	0	0	0	0	0.0
0.0263072756394	0.454838709677	10	0	0	0	0	0.0
0.0275963807313	0.454838709677	11	0	0	0	0	0.0
0.0282466325074	0.455913978495	12	0	0	0	0	0.0
0.0297854715348	0.456989247312	13	0	0	0	0	0.0
0.0317243338572	0.456989247312	14	0	0	0	0	0.0
0.0375865698328	0.458064516129	15	0	0	0	0	0.0
0.0383259112105	0.459139784946	16	0	0	0	0	0.0
0.0391455476988	0.460215053763	17	0	0	0	0	0.0
0.0409091346706	0.461290322581	18	0	0	0	0	0.0
0.0426682372672	0.460215053763	19	0	0	0	0	0.0
0.0434875515264	0.461290322581	20	0	0	0	0	0.0
0.0439269106212	0.461290322581	21	0	0	0	0	0.0
0.0442007817564	0.461290322581	22	0	0	0	0	0.0
0.0448607205571	0.461290322581	23	0	0	0	0	0.0
0.0467984661026	0.460215053763	24	0	0	0	0	0.0
0.0477965541405	0.461290322581	25	0	0	0	0	0.0
0.0509080180864	0.460215053763	26	0	0	0	0	0.0
0.0510693403498	0.461290322581	27	0	0	0	0	0.0
0.0514329634768	0.462365591398	28	0	0	0	0	0.0
0.0514964967463	0.461290322581	29	0	0	0	0	0.0
0.05223772119	0.462365591398	30	0	0	0	0	0.0
0.0536518357013	0.462365591398	31	0	0	0	0	0.0
0.0560861617101	0.462365591398	32	0	0	0	0	0.0
0.0566895839941	0.462365591398	33	0	0	0	0	0.0
0.0572462192302	0.461290322581	34	0	0	0	0	0.0
0.0590663237604	0.460215053763	35	0	0	0	0	0.0
0.0603403246396	0.461290322581	36	0	0	0	0	0.0
0.0607852353079	0.461290322581	37	0	0	0	0	0.0
0.0649393497326	0.462365591398	38	0	0	0	0	0.0
0.0650259899125	0.463440860215	39	0	0	0	0	0.0
0.0657366179573	0.463440860215	40	0	0	0	0	0.0
0.066594366374	0.464516129032	41	0	0	0	0	0.0
0.0667504715098	0.465591397849	42	0	0	0	0	0.0
0.0681819243666	0.466666666667	43	0	0	0	0	0.0
0.0702674178599	0.467741935484	44	0	0	0	0	0.0
0.0712809068045	0.466666666667	45	0	0	0	0	0.0
0.0718967705064	0.467741935484	46	0	0	0	0	0.0
0.0725236185894	0.466666666667	47	0	0	0	0	0.0
0.0773142405557	0.465591397849	48	0	0	0	0	0.0
0.0786576886918	0.466666666667	49	0	0	0	0	0.0
0.0795810064956	0.467741935484	50	0	0	0	0	0.0
0.0797011576961	0.468817204301	51	0	0	0	0	0.0
0.081177659051	0.469892473118	52	0	0	0	0	0.0
0.0828565996778	0.469892473118	53	0	0	0	0	0.0
0.0834326780037	0.470967741935	54	0	0	0	0	0.0
0.0924388549932	0.472043010753	55	0	0	0	0	0.0
0.0939895322793	0.47311827957	56	0	0	0	0	0.0
0.0962543423658	0.474193548387	57	0	0	0	0	0.0
0.0979260254038	0.474193548387	58	0	0	0	0	0.0
0.0982498267917	0.475268817204	59	0	0	0	0	0.0
0.099188837267	0.475268817204	60	0	0	0	0	0.0
0.102082841008	0.475268817204	61	0	0	0	0	0.0
0.103685104979	0.474193548387	62	0	0	0	0	0.0
0.105434119878	0.474193548387	63	0	0	0	0	0.0
0.108928973981	0.475268817204	64	0	0	0	0	0.0
0.111130909028	0.476344086022	65	0	0	0	0	0.0
0.111568498044	0.476344086022	66	0	0	0	0	0.0
0.112624961312	0.477419354839	67	0	0	0	0	0.0
0.115490951245	0.478494623656	68	0	0	0	0	0.0
0.11605386072	0.479569892473	69	0	0	0	0	0.0
0.118068177298	0.479569892473	70	0	0	0	0	0.0
0.119290802184	0.48064516129	71	0	0	0	0	0.0
0.120331801532	0.479569892473	72	0	0	0	0	0.0
0.121169692137	0.479569892473	73	0	0	0	0	0.0
0.121708990089	0.479569892473	74	0	0	0	0	0.0
0.122674108965	0.48064516129	75	0	0	0	0	0.0
0.125866647697	0.479569892473	76	0	0	0	0	0.0
0.128589613195	0.478494623656	77	0	0	0	0	0.0
0.12865787781	0.479569892473	78	0	0	0	0	0.0
0.129891142437	0.479569892473	79	0	0	0	0	0.0
0.130931259183	0.48064516129	80	0	0	0	0	0.0
0.13405442529	0.481720430108	81	0	0	0	0	0.0
0.13563281394	0.48064516129	82	0	0	0	0	0.0
0.13746083977	0.479569892473	83	0	0	0	0	0.0
0.137610779495	0.479569892473	84	0	0	0	0	0.0
0.138114691796	0.479569892473	85	0	0	0	0	0.0
0.138923368284	0.478494623656	86	0	0	0	0	0.0
0.140663147412	0.479569892473	87	0	0	0	0	0.0
0.142697691632	0.448387096774	87	1	66	0	29	0.25
0.142860990183	0.447311827957	88	1	66	0	29	0.247863247863
0.144664900579	0.448387096774	89	1	66	0	29	0.245762711864
0.145600063688	0.447311827957	90	1	66	0	29	0.243697478992
0.149077746353	0.448387096774	91	1	66	0	29	0.241666666667
0.152690297582	0.448387096774	92	1	66	0	29	0.239669421488
0.154430290797	0.447311827957	93	1	66	0	29	0.237704918033
0.154542839426	0.447311827957	94	1	66	0	29	0.235772357724
0.154787026011	0.447311827957	95	1	66	0	29	0.233870967742
0.155432394562	0.448387096774	96	1	66	0	29	0.232
0.156095619241	0.448387096774	97	1	66	0	29	0.230158730159
0.158156782514	0.448387096774	98	1	66	0	29	0.228346456693
0.159362742217	0.447311827957	99	1	66	0	29	0.2265625
0.164910656127	0.447311827957	100	1	66	0	29	0.22480620155
0.165020693445	0.447311827957	101	1	66	0	29	0.223076923077
0.167475298409	0.44623655914	102	1	66	0	29	0.221374045802
0.167479814034	0.447311827957	103	1	66	0	29	0.219696969697
0.167907707463	0.448387096774	104	1	66	0	29	0.218045112782
0.172064781404	0.449462365591	105	1	66	0	29	0.216417910448
0.174644825683	0.449462365591	106	1	66	0	29	0.214814814815
0.176089668401	0.450537634409	107	1	66	0	29	0.213235294118
0.176889862117	0.450537634409	108	1	66	0	29	0.211678832117
0.179642147449	0.449462365591	109	1	66	0	29	0.210144927536
0.188139156123	0.450537634409	110	1	66	0	29	0.208633093525
0.188640059657	0.449462365591	111	1	66	0	29	0.207142857143
0.191750766996	0.449462365591	112	1	66	0	29	0.205673758865
0.191788473166	0.450537634409	113	1	66	0	29	0.204225352113
0.194343442818	0.450537634409	114	1	66	0	29	0.202797202797
0.194746861079	0.450537634409	115	1	66	0	29	0.201388888889
0.195839174492	0.449462365591	116	1	66	0	29	0.2
0.198278254636	0.448387096774	117	1	66	0	29	0.198630136986
0.201860094281	0.448387096774	118	1	66	0	29	0.197278911565
0.204931358638	0.449462365591	119	1	66	0	29	0.195945945946
0.20647454778	0.448387096774	120	1	66	0	29	0.194630872483
0.206800702628	0.447311827957	121	1	66	0	29	0.193333333333
0.206881485376	0.447311827957	122	1	66	0	29	0.192052980132
0.209136110229	0.448387096774	123	1	66	0	29	0.190789473684
0.209708366224	0.449462365591	124	1	66	0	29	0.18954248366
0.210203018089	0.449462365591	125	1	66	0	29	0.188311688312
0.210506577202	0.450537634409	126	1	66	0	29	0.187096774194
0.210680650089	0.450537634409	127	1	66	0	29	0.185897435897
0.21076671385	0.451612903226	128	1	66	0	29	0.184713375796
0.211370194398	0.450537634409	129	1	66	0	29	0.183544303797
0.212709744112	0.450537634409	130	1	66	0	29	0.182389937107
0.213325088894	0.451612903226	131	1	66	0	29	0.18125
0.213402125558	0.452688172043	132	1	66	0	29	0.180124223602
0.215817613099	0.45376344086	133	1	66	0	29	0.179012345679
0.217907179104	0.45376344086	134	1	66	0	29	0.177914110429
0.218901705348	0.454838709677	135	1	66	0	29	0.176829268293
0.222980502667	0.454838709677	136	1	66	0	29	0.175757575758
0.226027022306	0.455913978495	137	1	66	0	29	0.174698795181
0.226253758113	0.456989247312	138	1	66	0	29	0.173652694611
0.226460151787	0.458064516129	139	1	66	0	29	0.172619047619
0.227075694977	0.459139784946	140	1	66	0	29	0.171597633136
0.227180068842	0.458064516129	141	1	66	0	29	0.170588235294
0.227477689045	0.456989247312	142	1	66	0	29	0.169590643275
0.227906777119	0.456989247312	143	1	66	0	29	0.168604651163
0.228094591027	0.458064516129	144	1	66	0	29	0.167630057803
0.232592800624	0.459139784946	145	1	66	0	29	0.166666666667
0.233447467805	0.459139784946	146	1	66	0	29	0.165714285714
0.234029478699	0.458064516129	147	1	66	0	29	0.164772727273
0.239360521479	0.459139784946	148	1	66	0	29	0.16384180791
0.239382930725	0.458064516129	149	1	66	0	29	0.162921348315
0.243570911178	0.459139784946	150	1	66	0	29	0.162011173184
0.247996223478	0.460215053763	151	1	66	0	29	0.161111111111
0.248106710987	0.459139784946	152	1	66	0	29	0.160220994475
0.249966594957	0.459139784946	153	1	66	0	29	0.159340659341
0.250498568712	0.459139784946	154	1	66	0	29	0.158469945355
0.250609793541	0.459139784946	155	1	66	0	29	0.157608695652
0.252300407729	0.460215053763	156	1	66	0	29	0.156756756757
0.253172517128	0.459139784946	157	1	66	0	29	0.155913978495
0.253187947741	0.460215053763	158	1	66	0	29	0.155080213904
0.253410059348	0.461290322581	159	1	66	0	29	0.154255319149
0.254754210038	0.461290322581	160	1	66	0	29	0.153439153439
0.254879796019	0.461290322581	161	1	66	0	29	0.152631578947
0.255325053005	0.461290322581	162	1	66	0	29	0.151832460733
0.256798377386	0.461290322581	163	1	66	0	29	0.151041666667
0.258200626385	0.462365591398	164	1	66	0	29	0.150259067358
0.258304125748	0.462365591398	165	1	66	0	29	0.149484536082
0.265238315869	0.462365591398	166	1	66	0	29	0.148717948718
0.266549029176	0.463440860215	167	1	66	0	29	0.147959183673
0.267134956427	0.464516129032	168	1	66	0	29	0.147208121827
0.267552838491	0.465591397849	169	1	66	0	29	0.146464646465
0.268012738694	0.465591397849	170	1	66	0	29	0.145728643216
0.273342275206	0.465591397849	171	1	66	0	29	0.145
0.273755545555	0.465591397849	172	1	66	0	29	0.144278606965
0.275453285967	0.466666666667	173	1	66	0	29	0.143564356436
0.276157450656	0.465591397849	174	1	66	0	29	0.142857142857
0.277161512378	0.466666666667	175	1	66	0	29	0.142156862745
0.281421700769	0.467741935484	176	1	66	0	29	0.141463414634
0.282213746243	0.468817204301	177	1	66	0	29	0.140776699029
0.284531805227	0.468817204301	178	1	66	0	29	0.140096618357
0.284550594382	0.469892473118	179	1	66	0	29	0.139423076923
0.284658067066	0.469892473118	180	1	66	0	29	0.138755980861
0.284857937429	0.470967741935	181	1	66	0	29	0.138095238095
0.285143358105	0.470967741935	182	1	66	0	29	0.137440758294
0.2852002306	0.470967741935	183	1	66	0	29	0.13679245283
0.285296197469	0.469892473118	184	1	66	0	29	0.136150234742
0.285356433416	0.469892473118	185	1	66	0	29	0.135514018692
0.285988023855	0.470967741935	186	1	66	0	29	0.13488372093
0.286299821048	0.472043010753	187	1	66	0	29	0.134259259259
0.28685066506	0.47311827957	188	1	66	0	29	0.133640552995
0.287992861323	0.474193548387	189	1	66	0	29	0.133027522936
0.289089768682	0.474193548387	190	1	66	0	29	0.132420091324
0.291868784019	0.475268817204	191	1	66	0	29	0.131818181818
0.300896924562	0.474193548387	192	1	66	0	29	0.131221719457
0.302084571732	0.475268817204	193	1	66	0	29	0.130630630631
0.302264468251	0.476344086022	194	1	66	0	29	0.130044843049
0.3031683615	0.475268817204	195	1	66	0	29	0.129464285714
0.303220211644	0.476344086022	196	1	66	0	29	0.128888888889
0.305795710337	0.476344086022	197	1	66	0	29	0.128318584071
0.305838563836	0.476344086022	198	1	66	0	29	0.127753303965
0.310651934846	0.477419354839	199	1	66	0	29	0.127192982456
0.318204984613	0.477419354839	200	1	66	0	29	0.126637554585
0.318276233205	0.476344086022	201	1	66	0	29	0.126086956522
0.318864616905	0.477419354839	202	1	66	0	29	0.125541125541
0.319488462204	0.477419354839	203	1	66	0	29	0.125
0.319630136055	0.478494623656	204	1	66	0	29	0.124463519313
0.320755823858	0.478494623656	205	1	66	0	29	0.123931623932
0.321680651988	0.478494623656	206	1	66	0	29	0.123404255319
0.322035521798	0.477419354839	207	1	66	0	29	0.122881355932
0.322621071889	0.478494623656	208	1	66	0	29	0.122362869198
0.323002051386	0.478494623656	209	1	66	0	29	0.121848739496
0.323111410351	0.477419354839	210	1	66	0	29	0.121338912134
0.323928858841	0.478494623656	211	1	66	0	29	0.120833333333
0.325435819458	0.479569892473	212	1	66	0	29	0.120331950207
0.327970555155	0.461290322581	212	2	45	0	46	0.178294573643
0.331268144403	0.460215053763	213	2	45	0	46	0.177606177606
0.332761863685	0.459139784946	214	2	45	0	46	0.176923076923
0.332874899866	0.458064516129	215	2	45	0	46	0.176245210728
0.335716074856	0.459139784946	216	2	45	0	46	0.175572519084
0.336553710526	0.460215053763	217	2	45	0	46	0.174904942966
0.339168726115	0.461290322581	218	2	45	0	46	0.174242424242
0.339841581863	0.462365591398	219	2	45	0	46	0.17358490566
0.343526901384	0.462365591398	220	2	45	0	46	0.172932330827
0.345921932766	0.463440860215	221	2	45	0	46	0.172284644195
0.346427115878	0.462365591398	222	2	45	0	46	0.171641791045
0.34706855881	0.462365591398	223	2	45	0	46	0.171003717472
0.356528228638	0.463440860215	224	2	45	0	46	0.17037037037
0.358171765939	0.464516129032	225	2	45	0	46	0.169741697417
0.360739822973	0.464516129032	226	2	45	0	46	0.169117647059
0.361513053758	0.464516129032	227	2	45	0	46	0.168498168498
0.362764673627	0.464516129032	228	2	45	0	46	0.167883211679
0.363003594123	0.465591397849	229	2	45	0	46	0.167272727273
0.365463826898	0.466666666667	230	2	45	0	46	0.166666666667
0.367555794914	0.465591397849	231	2	45	0	46	0.166064981949
0.372732343868	0.465591397849	232	2	45	0	46	0.165467625899
0.372760723627	0.464516129032	233	2	45	0	46	0.164874551971
0.377088858334	0.463440860215	234	2	45	0	46	0.164285714286
0.377697338933	0.464516129032	235	2	45	0	46	0.163701067616
0.383208658176	0.464516129032	236	2	45	0	46	0.163120567376
0.383515931368	0.465591397849	237	2	45	0	46	0.162544169611
0.3844901813	0.465591397849	238	2	45	0	46	0.161971830986
0.386760747178	0.465591397849	239	2	45	0	46	0.161403508772
0.387301044753	0.465591397849	240	2	45	0	46	0.160839160839
0.387738254786	0.464516129032	241	2	45	0	46	0.160278745645
0.389089391976	0.465591397849	242	2	45	0	46	0.159722222222
0.391682837518	0.465591397849	243	2	45	0	46	0.159169550173
0.394887408288	0.465591397849	244	2	45	0	46	0.158620689655
0.396563643955	0.465591397849	245	2	45	0	46	0.158075601375
0.398392507914	0.464516129032	246	2	45	0	46	0.157534246575
0.402295881339	0.465591397849	247	2	45	0	46	0.156996587031
0.404122335761	0.466666666667	248	2	45	0	46	0.156462585034
0.407860322097	0.465591397849	249	2	45	0	46	0.15593220339
0.40894772034	0.466666666667	250	2	45	0	46	0.155405405405
0.409437377712	0.467741935484	251	2	45	0	46	0.154882154882
0.411882549705	0.466666666667	252	2	45	0	46	0.154362416107
0.412122828387	0.466666666667	253	2	45	0	46	0.153846153846
0.412847159841	0.467741935484	254	2	45	0	46	0.153333333333
0.414541845159	0.468817204301	255	2	45	0	46	0.152823920266
0.418229986715	0.469892473118	256	2	45	0	46	0.152317880795
0.418321053118	0.470967741935	257	2	45	0	46	0.151815181518
0.418500048348	0.472043010753	258	2	45	0	46	0.151315789474
0.42193968509	0.47311827957	259	2	45	0	46	0.150819672131
0.423292599628	0.474193548387	260	2	45	0	46	0.150326797386
0.423756532345	0.47311827957	261	2	45	0	46	0.14983713355
0.4267139153	0.472043010753	262	2	45	0	46	0.149350649351
0.432809081814	0.47311827957	263	2	45	0	46	0.148867313916
0.434945010525	0.47311827957	264	2	45	0	46	0.148387096774
0.435543466846	0.472043010753	264	3	9	0	47	0.151125401929
0.435659806751	0.472043010753	265	3	9	0	47	0.150641025641
0.43611039197	0.47311827957	266	3	9	0	47	0.150159744409
0.438124114997	0.474193548387	267	3	9	0	47	0.149681528662
0.438892690137	0.475268817204	268	3	9	0	47	0.149206349206
