# time 	 divergence 	 # of mutations 	 # IGC chances 	 IGC length 	 # IGC failures 	 Changes due to IGC  	 % change due to IGC 
0.0	0.0	0	0	0	0	0	0.0
0.000409327562666	0.0010752688172	1	0	0	0	0	0.0
0.00195347249277	0.00215053763441	2	0	0	0	0	0.0
0.00268748350284	0.00322580645161	3	0	0	0	0	0.0
0.00369090746037	0.00430107526882	4	0	0	0	0	0.0
0.00422007222091	0.00537634408602	5	0	0	0	0	0.0
0.0045458139761	0.00645161290323	6	0	0	0	0	0.0
0.00643432632233	0.00752688172043	7	0	0	0	0	0.0
0.0127403952746	0.00860215053763	8	0	0	0	0	0.0
0.013407263725	0.00967741935484	9	0	0	0	0	0.0
0.0138367745114	0.010752688172	10	0	0	0	0	0.0
0.0142087874369	0.0118279569892	11	0	0	0	0	0.0
0.014401176128	0.0129032258065	12	0	0	0	0	0.0
0.0219489780361	0.0139784946237	13	0	0	0	0	0.0
0.0232279528596	0.0150537634409	14	0	0	0	0	0.0
0.0235395718745	0.0161290322581	15	0	0	0	0	0.0
0.0235889810071	0.0172043010753	16	0	0	0	0	0.0
0.0251043231025	0.0182795698925	17	0	0	0	0	0.0
0.0254843741154	0.0193548387097	18	0	0	0	0	0.0
0.027083013861	0.0204301075269	19	0	0	0	0	0.0
0.0274258528271	0.0215053763441	20	0	0	0	0	0.0
0.0287048329856	0.0225806451613	21	0	0	0	0	0.0
0.0292609899973	0.0236559139785	22	0	0	0	0	0.0
0.0302071354096	0.0247311827957	23	0	0	0	0	0.0
0.0314467754291	0.0258064516129	24	0	0	0	0	0.0
0.0345719424834	0.0258064516129	25	0	0	0	0	0.0
0.0366636440307	0.0268817204301	26	0	0	0	0	0.0
0.0384651489796	0.0279569892473	27	0	0	0	0	0.0
0.0400424011553	0.0290322580645	28	0	0	0	0	0.0
0.0402193442829	0.0301075268817	29	0	0	0	0	0.0
0.0413173972305	0.0311827956989	30	0	0	0	0	0.0
0.0416522205036	0.0322580645161	31	0	0	0	0	0.0
0.0422467737209	0.0333333333333	32	0	0	0	0	0.0
0.0426020117171	0.0344086021505	33	0	0	0	0	0.0
0.0457806241396	0.0354838709677	34	0	0	0	0	0.0
0.0459051674595	0.0365591397849	35	0	0	0	0	0.0
0.046089369348	0.0376344086022	36	0	0	0	0	0.0
0.0480694341239	0.0387096774194	37	0	0	0	0	0.0
0.049908415542	0.0397849462366	38	0	0	0	0	0.0
0.0515074425334	0.0408602150538	39	0	0	0	0	0.0
0.0546043548818	0.041935483871	40	0	0	0	0	0.0
0.0546051908657	0.0430107526882	41	0	0	0	0	0.0
0.0546928919941	0.0440860215054	42	0	0	0	0	0.0
0.0552144368827	0.0451612903226	43	0	0	0	0	0.0
0.0566649535969	0.0462365591398	44	0	0	0	0	0.0
0.0581777536396	0.047311827957	45	0	0	0	0	0.0
0.059827202457	0.0483870967742	46	0	0	0	0	0.0
0.0602952409121	0.0494623655914	47	0	0	0	0	0.0
0.0654265492526	0.0505376344086	48	0	0	0	0	0.0
0.0671105319214	0.0505376344086	49	0	0	0	0	0.0
0.0675298445128	0.0494623655914	50	0	0	0	0	0.0
0.0691466010815	0.0505376344086	51	0	0	0	0	0.0
0.0706527028712	0.0516129032258	52	0	0	0	0	0.0
0.0769336858695	0.0505376344086	53	0	0	0	0	0.0
0.0792278178747	0.0505376344086	54	0	0	0	0	0.0
0.0808566914991	0.0516129032258	55	0	0	0	0	0.0
0.0836931012088	0.052688172043	56	0	0	0	0	0.0
0.084414852336	0.0537634408602	57	0	0	0	0	0.0
0.0877181824521	0.0548387096774	58	0	0	0	0	0.0
0.088268965386	0.0559139784946	59	0	0	0	0	0.0
0.0889369641711	0.0569892473118	60	0	0	0	0	0.0
0.0901236732029	0.058064516129	61	0	0	0	0	0.0
0.0911044844113	0.0591397849462	62	0	0	0	0	0.0
0.0912208864716	0.0602150537634	63	0	0	0	0	0.0
0.091823746762	0.0612903225806	64	0	0	0	0	0.0
0.0920987629428	0.0623655913978	65	0	0	0	0	0.0
0.0944356453945	0.0634408602151	66	0	0	0	0	0.0
0.0971754996867	0.0645161290323	67	0	0	0	0	0.0
0.0980186440544	0.0655913978495	68	0	0	0	0	0.0
0.0983432782204	0.0666666666667	69	0	0	0	0	0.0
0.102347859662	0.0677419354839	70	0	0	0	0	0.0
0.103034888643	0.0688172043011	71	0	0	0	0	0.0
0.103699651134	0.0698924731183	72	0	0	0	0	0.0
0.10432635514	0.0709677419355	73	0	0	0	0	0.0
0.106151557403	0.0720430107527	74	0	0	0	0	0.0
0.107349010361	0.0731182795699	75	0	0	0	0	0.0
0.107831734135	0.0741935483871	76	0	0	0	0	0.0
0.108084828988	0.0752688172043	77	0	0	0	0	0.0
0.109302094489	0.0763440860215	78	0	0	0	0	0.0
0.109870769325	0.0774193548387	79	0	0	0	0	0.0
0.113126611331	0.0784946236559	80	0	0	0	0	0.0
0.117369109287	0.0795698924731	81	0	0	0	0	0.0
0.122300818235	0.0806451612903	82	0	0	0	0	0.0
0.122523383288	0.0817204301075	83	0	0	0	0	0.0
0.122675612154	0.0827956989247	84	0	0	0	0	0.0
0.123118767233	0.0838709677419	85	0	0	0	0	0.0
0.124162533548	0.0849462365591	86	0	0	0	0	0.0
0.124886356818	0.0860215053763	87	0	0	0	0	0.0
0.129499945632	0.0860215053763	88	0	0	0	0	0.0
0.131151060481	0.0870967741935	89	0	0	0	0	0.0
0.132284969339	0.0881720430108	90	0	0	0	0	0.0
0.132319895987	0.0870967741935	91	0	0	0	0	0.0
0.134665618445	0.0881720430108	92	0	0	0	0	0.0
0.135859281183	0.089247311828	93	0	0	0	0	0.0
0.136038514584	0.0903225806452	94	0	0	0	0	0.0
0.140525855512	0.0913978494624	95	0	0	0	0	0.0
0.1416542928	0.0924731182796	96	0	0	0	0	0.0
0.142113218669	0.0935483870968	97	0	0	0	0	0.0
0.146302505711	0.094623655914	98	0	0	0	0	0.0
0.146996715304	0.0956989247312	99	0	0	0	0	0.0
0.147331472773	0.0967741935484	100	0	0	0	0	0.0
0.150583968184	0.0978494623656	101	0	0	0	0	0.0
0.151191303888	0.0989247311828	102	0	0	0	0	0.0
0.15278448259	0.1	103	0	0	0	0	0.0
0.153485486471	0.101075268817	104	0	0	0	0	0.0
0.153566838239	0.102150537634	105	0	0	0	0	0.0
0.154722380971	0.103225806452	106	0	0	0	0	0.0
0.155189235962	0.104301075269	107	0	0	0	0	0.0
0.156482262746	0.105376344086	108	0	0	0	0	0.0
0.157205476906	0.106451612903	109	0	0	0	0	0.0
0.160125783969	0.10752688172	110	0	0	0	0	0.0
0.160591929757	0.108602150538	111	0	0	0	0	0.0
0.163556331009	0.108602150538	112	0	0	0	0	0.0
0.163890159357	0.108602150538	113	0	0	0	0	0.0
0.1639107429	0.109677419355	114	0	0	0	0	0.0
0.164231310925	0.110752688172	115	0	0	0	0	0.0
0.1663468774	0.111827956989	116	0	0	0	0	0.0
0.16843483056	0.112903225806	117	0	0	0	0	0.0
0.169311363472	0.113978494624	118	0	0	0	0	0.0
0.1694883152	0.115053763441	119	0	0	0	0	0.0
0.171308704115	0.115053763441	120	0	0	0	0	0.0
0.172119746184	0.116129032258	121	0	0	0	0	0.0
0.172565707162	0.117204301075	122	0	0	0	0	0.0
0.177437225071	0.118279569892	123	0	0	0	0	0.0
0.179445321088	0.11935483871	124	0	0	0	0	0.0
0.18023498135	0.11935483871	125	0	0	0	0	0.0
0.180402886586	0.118279569892	126	0	0	0	0	0.0
0.180422625766	0.11935483871	127	0	0	0	0	0.0
0.180981647358	0.120430107527	128	0	0	0	0	0.0
0.182145196515	0.121505376344	129	0	0	0	0	0.0
0.186691552678	0.121505376344	130	0	0	0	0	0.0
0.187579407018	0.122580645161	131	0	0	0	0	0.0
0.18814293388	0.123655913978	132	0	0	0	0	0.0
0.18956969277	0.122580645161	133	0	0	0	0	0.0
0.189677923167	0.123655913978	134	0	0	0	0	0.0
0.190351137723	0.124731182796	135	0	0	0	0	0.0
0.190495353262	0.125806451613	136	0	0	0	0	0.0
0.191295856998	0.12688172043	137	0	0	0	0	0.0
0.19281153485	0.127956989247	138	0	0	0	0	0.0
0.192872634032	0.129032258065	139	0	0	0	0	0.0
0.193181045472	0.130107526882	140	0	0	0	0	0.0
0.193264070389	0.131182795699	141	0	0	0	0	0.0
0.195276017845	0.132258064516	142	0	0	0	0	0.0
0.196456429522	0.132258064516	143	0	0	0	0	0.0
0.196531483639	0.132258064516	144	0	0	0	0	0.0
0.196754271132	0.133333333333	145	0	0	0	0	0.0
0.200027796088	0.134408602151	146	0	0	0	0	0.0
0.200746925673	0.135483870968	147	0	0	0	0	0.0
0.201014834319	0.135483870968	148	0	0	0	0	0.0
0.204530743849	0.135483870968	149	0	0	0	0	0.0
0.205986912679	0.135483870968	150	0	0	0	0	0.0
0.206366510211	0.134408602151	151	0	0	0	0	0.0
0.208368633283	0.135483870968	152	0	0	0	0	0.0
0.21416614015	0.136559139785	153	0	0	0	0	0.0
0.21690428208	0.136559139785	154	0	0	0	0	0.0
0.217330004184	0.137634408602	155	0	0	0	0	0.0
0.219490754108	0.138709677419	156	0	0	0	0	0.0
0.22053668574	0.139784946237	157	0	0	0	0	0.0
0.220736253724	0.140860215054	158	0	0	0	0	0.0
0.222505929387	0.139784946237	159	0	0	0	0	0.0
0.222537013587	0.140860215054	160	0	0	0	0	0.0
0.22505270335	0.141935483871	161	0	0	0	0	0.0
0.226717722606	0.143010752688	162	0	0	0	0	0.0
0.230096024374	0.144086021505	163	0	0	0	0	0.0
0.230411281665	0.145161290323	164	0	0	0	0	0.0
0.232321671881	0.145161290323	165	0	0	0	0	0.0
0.233561998227	0.14623655914	166	0	0	0	0	0.0
0.235965341956	0.147311827957	167	0	0	0	0	0.0
0.23643836608	0.147311827957	168	0	0	0	0	0.0
0.238053057735	0.148387096774	169	0	0	0	0	0.0
0.238944346966	0.149462365591	170	0	0	0	0	0.0
0.24072801364	0.150537634409	171	0	0	0	0	0.0
0.242150343178	0.151612903226	172	0	0	0	0	0.0
0.242716582829	0.152688172043	173	0	0	0	0	0.0
0.243188176542	0.15376344086	174	0	0	0	0	0.0
0.246452284074	0.15376344086	175	0	0	0	0	0.0
0.247173806773	0.154838709677	176	0	0	0	0	0.0
0.247326401393	0.155913978495	177	0	0	0	0	0.0
0.248667025848	0.156989247312	178	0	0	0	0	0.0
0.253495776876	0.158064516129	179	0	0	0	0	0.0
0.255470515295	0.159139784946	180	0	0	0	0	0.0
0.256858727233	0.159139784946	181	0	0	0	0	0.0
0.257373588411	0.160215053763	182	0	0	0	0	0.0
0.257677542298	0.161290322581	183	0	0	0	0	0.0
0.258153681853	0.161290322581	184	0	0	0	0	0.0
0.258181367052	0.162365591398	185	0	0	0	0	0.0
0.25845236853	0.163440860215	186	0	0	0	0	0.0
0.258783075461	0.164516129032	187	0	0	0	0	0.0
0.262225063058	0.165591397849	188	0	0	0	0	0.0
0.262935195228	0.166666666667	189	0	0	0	0	0.0
0.263395026647	0.167741935484	190	0	0	0	0	0.0
0.264045712519	0.168817204301	191	0	0	0	0	0.0
0.265555505835	0.169892473118	192	0	0	0	0	0.0
0.266398368477	0.170967741935	193	0	0	0	0	0.0
0.268939654592	0.172043010753	194	0	0	0	0	0.0
0.270915047619	0.17311827957	195	0	0	0	0	0.0
0.272569065126	0.174193548387	196	0	0	0	0	0.0
0.27301418558	0.17311827957	197	0	0	0	0	0.0
0.27451158524	0.174193548387	198	0	0	0	0	0.0
0.277339695897	0.175268817204	199	0	0	0	0	0.0
0.277450363779	0.175268817204	200	0	0	0	0	0.0
0.278249026103	0.176344086022	201	0	0	0	0	0.0
0.278379338367	0.176344086022	202	0	0	0	0	0.0
0.27979388698	0.177419354839	203	0	0	0	0	0.0
0.281710754626	0.178494623656	204	0	0	0	0	0.0
0.2830708633	0.179569892473	205	0	0	0	0	0.0
0.284449210374	0.18064516129	206	0	0	0	0	0.0
0.286495080608	0.181720430108	207	0	0	0	0	0.0
0.288471453111	0.182795698925	208	0	0	0	0	0.0
0.288845421322	0.183870967742	209	0	0	0	0	0.0
0.290721833739	0.183870967742	210	0	0	0	0	0.0
0.291810906855	0.184946236559	211	0	0	0	0	0.0
0.295245379137	0.186021505376	212	0	0	0	0	0.0
0.297960161896	0.187096774194	213	0	0	0	0	0.0
0.29928641708	0.186021505376	214	0	0	0	0	0.0
0.301244794433	0.187096774194	215	0	0	0	0	0.0
0.301904154119	0.187096774194	216	0	0	0	0	0.0
0.302703674771	0.188172043011	217	0	0	0	0	0.0
0.303238905005	0.189247311828	218	0	0	0	0	0.0
0.306118731604	0.190322580645	219	0	0	0	0	0.0
0.310861154476	0.191397849462	220	0	0	0	0	0.0
0.312256404783	0.19247311828	221	0	0	0	0	0.0
0.315674388335	0.19247311828	222	0	0	0	0	0.0
0.316654520948	0.193548387097	223	0	0	0	0	0.0
0.316657249527	0.194623655914	224	0	0	0	0	0.0
0.317368949516	0.193548387097	225	0	0	0	0	0.0
0.31937733555	0.194623655914	226	0	0	0	0	0.0
0.320906317645	0.195698924731	227	0	0	0	0	0.0
0.321355658234	0.196774193548	228	0	0	0	0	0.0
0.322582869159	0.196774193548	229	0	0	0	0	0.0
0.323837972903	0.196774193548	230	0	0	0	0	0.0
0.324350869769	0.197849462366	231	0	0	0	0	0.0
0.325155820049	0.198924731183	232	0	0	0	0	0.0
0.325339503056	0.2	233	0	0	0	0	0.0
0.32635390103	0.201075268817	234	0	0	0	0	0.0
0.327192569307	0.201075268817	235	0	0	0	0	0.0
0.3291812666	0.201075268817	236	0	0	0	0	0.0
0.330184470818	0.202150537634	237	0	0	0	0	0.0
0.331245913488	0.203225806452	238	0	0	0	0	0.0
0.336147542343	0.202150537634	239	0	0	0	0	0.0
0.33621960916	0.203225806452	240	0	0	0	0	0.0
0.338585825711	0.204301075269	241	0	0	0	0	0.0
0.338778787755	0.205376344086	242	0	0	0	0	0.0
0.342933105163	0.206451612903	243	0	0	0	0	0.0
0.345321339618	0.206451612903	244	0	0	0	0	0.0
0.346297860677	0.20752688172	245	0	0	0	0	0.0
0.350141291495	0.208602150538	246	0	0	0	0	0.0
0.350951905468	0.209677419355	247	0	0	0	0	0.0
0.353761564061	0.210752688172	248	0	0	0	0	0.0
0.358007610527	0.211827956989	249	0	0	0	0	0.0
0.361591733261	0.211827956989	250	0	0	0	0	0.0
0.366439974492	0.212903225806	251	0	0	0	0	0.0
0.366753219681	0.213978494624	252	0	0	0	0	0.0
0.370189847391	0.215053763441	253	0	0	0	0	0.0
0.371994201757	0.213978494624	254	0	0	0	0	0.0
0.374558101839	0.213978494624	255	0	0	0	0	0.0
0.375273941048	0.215053763441	256	0	0	0	0	0.0
0.377355654035	0.216129032258	257	0	0	0	0	0.0
0.378317434522	0.217204301075	258	0	0	0	0	0.0
0.381100260962	0.216129032258	259	0	0	0	0	0.0
0.38154387544	0.217204301075	260	0	0	0	0	0.0
0.384504142439	0.218279569892	261	0	0	0	0	0.0
0.385149701184	0.21935483871	262	0	0	0	0	0.0
0.389280022082	0.220430107527	263	0	0	0	0	0.0
0.389282921086	0.221505376344	264	0	0	0	0	0.0
0.39119719771	0.220430107527	265	0	0	0	0	0.0
0.392738676861	0.221505376344	266	0	0	0	0	0.0
0.395753155247	0.222580645161	267	0	0	0	0	0.0
0.396913646594	0.223655913978	268	0	0	0	0	0.0
0.398957570834	0.224731182796	269	0	0	0	0	0.0
0.400287646016	0.223655913978	270	0	0	0	0	0.0
0.404571107713	0.223655913978	271	0	0	0	0	0.0
0.405166980914	0.223655913978	272	0	0	0	0	0.0
0.40635497775	0.224731182796	273	0	0	0	0	0.0
0.406512913826	0.223655913978	274	0	0	0	0	0.0
0.407952483685	0.224731182796	275	0	0	0	0	0.0
0.40913073821	0.223655913978	276	0	0	0	0	0.0
0.409420599679	0.183870967742	276	1	186	0	37	0.11821086262
0.410615969308	0.184946236559	277	1	186	0	37	0.117834394904
0.410728593114	0.186021505376	278	1	186	0	37	0.11746031746
0.414597096581	0.187096774194	279	1	186	0	37	0.117088607595
0.414882128382	0.188172043011	280	1	186	0	37	0.116719242902
0.41961320167	0.189247311828	281	1	186	0	37	0.116352201258
0.421589696492	0.190322580645	282	1	186	0	37	0.115987460815
0.422044261064	0.191397849462	283	1	186	0	37	0.115625
0.423551851178	0.191397849462	284	1	186	0	37	0.115264797508
0.425171022378	0.19247311828	285	1	186	0	37	0.114906832298
0.426582198937	0.191397849462	286	1	186	0	37	0.114551083591
0.426651431041	0.19247311828	287	1	186	0	37	0.114197530864
0.426986894286	0.193548387097	288	1	186	0	37	0.113846153846
0.428022055991	0.194623655914	289	1	186	0	37	0.113496932515
0.429264196753	0.195698924731	290	1	186	0	37	0.113149847095
0.429520378029	0.196774193548	291	1	186	0	37	0.112804878049
0.431222662166	0.197849462366	292	1	186	0	37	0.112462006079
0.431749045804	0.198924731183	293	1	186	0	37	0.112121212121
0.433088807929	0.2	294	1	186	0	37	0.111782477341
0.433411101683	0.201075268817	295	1	186	0	37	0.111445783133
0.433629682424	0.202150537634	296	1	186	0	37	0.111111111111
0.434841027632	0.203225806452	297	1	186	0	37	0.110778443114
0.435667062756	0.204301075269	298	1	186	0	37	0.110447761194
0.43579935745	0.204301075269	299	1	186	0	37	0.110119047619
0.436282186086	0.204301075269	300	1	186	0	37	0.109792284866
0.438208950298	0.204301075269	301	1	186	0	37	0.109467455621
0.438268288187	0.203225806452	302	1	186	0	37	0.109144542773
0.440053175972	0.203225806452	303	1	186	0	37	0.108823529412
0.441418697141	0.204301075269	304	1	186	0	37	0.108504398827
0.442248098303	0.204301075269	305	1	186	0	37	0.108187134503
0.444238872444	0.205376344086	306	1	186	0	37	0.107871720117
0.446788619581	0.206451612903	307	1	186	0	37	0.107558139535
0.44876042124	0.205376344086	308	1	186	0	37	0.107246376812
0.454987694722	0.206451612903	309	1	186	0	37	0.106936416185
0.45592162102	0.20752688172	310	1	186	0	37	0.106628242075
0.457977268857	0.20752688172	311	1	186	0	37	0.10632183908
0.458368290269	0.208602150538	312	1	186	0	37	0.106017191977
0.458799634728	0.209677419355	313	1	186	0	37	0.105714285714
0.459668227595	0.210752688172	314	1	186	0	37	0.105413105413
0.462976443165	0.211827956989	315	1	186	0	37	0.105113636364
0.463094336374	0.211827956989	316	1	186	0	37	0.104815864023
0.464569535166	0.212903225806	317	1	186	0	37	0.104519774011
0.464594935356	0.213978494624	318	1	186	0	37	0.104225352113
0.468333255991	0.215053763441	319	1	186	0	37	0.10393258427
0.468392282884	0.216129032258	320	1	186	0	37	0.103641456583
0.468900246537	0.217204301075	321	1	186	0	37	0.103351955307
0.469927862846	0.216129032258	322	1	186	0	37	0.103064066852
0.469966493389	0.217204301075	323	1	186	0	37	0.102777777778
0.471751143617	0.218279569892	324	1	186	0	37	0.102493074792
0.473070447817	0.21935483871	325	1	186	0	37	0.102209944751
0.476448528134	0.220430107527	326	1	186	0	37	0.101928374656
0.477927722267	0.221505376344	327	1	186	0	37	0.101648351648
0.478368561299	0.221505376344	328	1	186	0	37	0.101369863014
0.478418944734	0.220430107527	329	1	186	0	37	0.101092896175
0.478832423501	0.21935483871	330	1	186	0	37	0.100817438692
0.479576754708	0.220430107527	331	1	186	0	37	0.100543478261
0.480381293456	0.221505376344	332	1	186	0	37	0.10027100271
0.480500800819	0.222580645161	333	1	186	0	37	0.1
0.482030184136	0.223655913978	334	1	186	0	37	0.099730458221
0.483794186308	0.224731182796	335	1	186	0	37	0.0994623655914
0.484489208299	0.224731182796	336	1	186	0	37	0.0991957104558
0.484801735478	0.223655913978	337	1	186	0	37	0.0989304812834
0.489894188656	0.223655913978	338	1	186	0	37	0.0986666666667
0.492580103296	0.224731182796	339	1	186	0	37	0.0984042553191
0.494133319881	0.224731182796	340	1	186	0	37	0.0981432360743
0.494361356092	0.225806451613	341	1	186	0	37	0.0978835978836
0.495910443476	0.224731182796	342	1	186	0	37	0.0976253298153
0.49633263254	0.224731182796	343	1	186	0	37	0.0973684210526
0.497026658822	0.225806451613	344	1	186	0	37	0.0971128608924
0.497552895587	0.225806451613	345	1	186	0	37	0.0968586387435
0.498801356173	0.225806451613	346	1	186	0	37	0.0966057441253
0.500426086246	0.22688172043	347	1	186	0	37	0.0963541666667
0.502868499415	0.227956989247	348	1	186	0	37	0.0961038961039
0.504783974745	0.227956989247	349	1	186	0	37	0.0958549222798
0.505044058506	0.229032258065	350	1	186	0	37	0.0956072351421
0.508183050266	0.227956989247	351	1	186	0	37	0.0953608247423
0.508392029339	0.229032258065	352	1	186	0	37	0.0951156812339
0.508648383898	0.230107526882	353	1	186	0	37	0.0948717948718
0.509877742485	0.231182795699	354	1	186	0	37	0.0946291560102
0.514105941042	0.232258064516	355	1	186	0	37	0.094387755102
0.515236238278	0.231182795699	356	1	186	0	37	0.0941475826972
0.517307676117	0.232258064516	357	1	186	0	37	0.0939086294416
0.518026203021	0.233333333333	358	1	186	0	37	0.0936708860759
0.520217684067	0.232258064516	359	1	186	0	37	0.0934343434343
0.520603901025	0.231182795699	360	1	186	0	37	0.0931989924433
0.521974116343	0.232258064516	361	1	186	0	37	0.0929648241206
0.522380218135	0.233333333333	362	1	186	0	37	0.0927318295739
0.523932116049	0.233333333333	363	1	186	0	37	0.0925
0.524538497321	0.234408602151	364	1	186	0	37	0.0922693266833
0.526148122009	0.235483870968	365	1	186	0	37	0.092039800995
0.527339900422	0.236559139785	366	1	186	0	37	0.0918114143921
0.527376924799	0.237634408602	367	1	186	0	37	0.0915841584158
0.527487747537	0.238709677419	368	1	186	0	37	0.0913580246914
0.527609589143	0.239784946237	369	1	186	0	37	0.0911330049261
0.529941458318	0.239784946237	370	1	186	0	37	0.0909090909091
0.530652113791	0.240860215054	371	1	186	0	37	0.0906862745098
0.530925188437	0.241935483871	372	1	186	0	37	0.0904645476773
0.532214759473	0.243010752688	373	1	186	0	37	0.090243902439
0.532312248546	0.244086021505	374	1	186	0	37	0.0900243309002
0.534821061065	0.244086021505	375	1	186	0	37	0.0898058252427
0.534827909193	0.245161290323	376	1	186	0	37	0.089588377724
0.538912060561	0.24623655914	377	1	186	0	37	0.0893719806763
0.540106058835	0.24623655914	378	1	186	0	37	0.089156626506
0.540579102392	0.24623655914	379	1	186	0	37	0.0889423076923
0.541068298835	0.247311827957	380	1	186	0	37	0.0887290167866
0.541347909538	0.248387096774	381	1	186	0	37	0.0885167464115
0.543124170876	0.249462365591	382	1	186	0	37	0.0883054892601
0.544990802245	0.250537634409	383	1	186	0	37	0.0880952380952
0.546756405957	0.251612903226	384	1	186	0	37	0.0878859857482
0.547694515101	0.250537634409	385	1	186	0	37	0.0876777251185
0.552467812055	0.250537634409	386	1	186	0	37	0.0874704491726
0.552777342972	0.251612903226	387	1	186	0	37	0.0872641509434
0.552790568957	0.252688172043	388	1	186	0	37	0.0870588235294
0.566749864319	0.25376344086	389	1	186	0	37	0.0868544600939
0.567206613327	0.254838709677	390	1	186	0	37	0.0866510538642
0.567353347039	0.255913978495	391	1	186	0	37	0.0864485981308
0.567788840633	0.256989247312	392	1	186	0	37	0.0862470862471
0.569426556968	0.258064516129	393	1	186	0	37	0.0860465116279
0.569898827377	0.259139784946	394	1	186	0	37	0.0858468677494
0.570004907035	0.260215053763	395	1	186	0	37	0.0856481481481
0.571374185248	0.261290322581	396	1	186	0	37	0.0854503464203
0.57390074178	0.262365591398	397	1	186	0	37	0.0852534562212
0.574088893001	0.263440860215	398	1	186	0	37	0.0850574712644
0.574391133533	0.264516129032	399	1	186	0	37	0.0848623853211
0.574765462269	0.264516129032	400	1	186	0	37	0.0846681922197
0.575164351895	0.265591397849	401	1	186	0	37	0.0844748858447
0.577410835745	0.265591397849	402	1	186	0	37	0.0842824601367
0.578867645446	0.266666666667	403	1	186	0	37	0.0840909090909
0.582761208856	0.265591397849	404	1	186	0	37	0.0839002267574
0.5834344957	0.266666666667	405	1	186	0	37	0.0837104072398
0.584061357957	0.267741935484	406	1	186	0	37	0.0835214446953
0.588736819234	0.268817204301	407	1	186	0	37	0.0833333333333
0.589843096716	0.269892473118	408	1	186	0	37	0.0831460674157
0.592590217687	0.270967741935	409	1	186	0	37	0.0829596412556
0.595564426367	0.272043010753	410	1	186	0	37	0.082774049217
0.596639928225	0.27311827957	411	1	186	0	37	0.0825892857143
0.599211679808	0.272043010753	412	1	186	0	37	0.0824053452116
0.602004435117	0.272043010753	413	1	186	0	37	0.0822222222222
0.604755389857	0.27311827957	414	1	186	0	37	0.0820399113082
0.606956203764	0.27311827957	415	1	186	0	37	0.0818584070796
0.60810718438	0.27311827957	416	1	186	0	37	0.0816777041943
0.609165518563	0.274193548387	417	1	186	0	37	0.0814977973568
0.610596594531	0.275268817204	418	1	186	0	37	0.0813186813187
0.614349909635	0.276344086022	419	1	186	0	37	0.0811403508772
0.615278936554	0.277419354839	420	1	186	0	37	0.0809628008753
0.619323068434	0.276344086022	421	1	186	0	37	0.0807860262009
0.620933195361	0.277419354839	422	1	186	0	37	0.0806100217865
0.621521567192	0.278494623656	423	1	186	0	37	0.0804347826087
0.62196195305	0.278494623656	424	1	186	0	37	0.0802603036876
0.62229861376	0.279569892473	425	1	186	0	37	0.0800865800866
0.623040073928	0.279569892473	426	1	186	0	37	0.0799136069114
0.623567502601	0.279569892473	427	1	186	0	37	0.0797413793103
0.625403743621	0.28064516129	428	1	186	0	37	0.0795698924731
0.625488491431	0.281720430108	429	1	186	0	37	0.0793991416309
0.625727253262	0.281720430108	430	1	186	0	37	0.0792291220557
0.628120615097	0.282795698925	431	1	186	0	37	0.0790598290598
0.629546874146	0.281720430108	432	1	186	0	37	0.0788912579957
0.630104654544	0.282795698925	433	1	186	0	37	0.0787234042553
0.634245471257	0.283870967742	434	1	186	0	37	0.0785562632696
0.636716821308	0.283870967742	435	1	186	0	37	0.0783898305085
0.641163592079	0.283870967742	436	1	186	0	37	0.0782241014799
0.641508189138	0.284946236559	437	1	186	0	37	0.07805907173
0.642655091946	0.284946236559	438	1	186	0	37	0.0778947368421
0.644050226016	0.283870967742	439	1	186	0	37	0.077731092437
0.644900216645	0.284946236559	440	1	186	0	37	0.0775681341719
0.645830255964	0.284946236559	441	1	186	0	37	0.0774058577406
0.645956943103	0.284946236559	442	1	186	0	37	0.0772442588727
0.646288493693	0.286021505376	443	1	186	0	37	0.0770833333333
0.646421003105	0.286021505376	444	1	186	0	37	0.0769230769231
0.648243029265	0.286021505376	445	1	186	0	37	0.0767634854772
0.650175987642	0.287096774194	446	1	186	0	37	0.0766045548654
0.650339787504	0.287096774194	447	1	186	0	37	0.0764462809917
0.650675827793	0.286021505376	448	1	186	0	37	0.0762886597938
0.653328514847	0.287096774194	449	1	186	0	37	0.0761316872428
0.653913665975	0.286021505376	450	1	186	0	37	0.0759753593429
0.654606671083	0.287096774194	451	1	186	0	37	0.0758196721311
0.654910848223	0.288172043011	452	1	186	0	37	0.0756646216769
0.655843592767	0.288172043011	453	1	186	0	37	0.0755102040816
0.658516504997	0.289247311828	454	1	186	0	37	0.0753564154786
0.659047450286	0.289247311828	455	1	186	0	37	0.0752032520325
0.659480184439	0.290322580645	456	1	186	0	37	0.0750507099391
0.661331279298	0.291397849462	457	1	186	0	37	0.0748987854251
0.66654399855	0.291397849462	458	1	186	0	37	0.0747474747475
0.671852198463	0.29247311828	459	1	186	0	37	0.0745967741935
0.678520934834	0.29247311828	460	1	186	0	37	0.0744466800805
0.682162242818	0.293548387097	461	1	186	0	37	0.074297188755
0.684693737635	0.293548387097	462	1	186	0	37	0.0741482965932
0.68479580126	0.294623655914	463	1	186	0	37	0.074
0.685013282767	0.293548387097	464	1	186	0	37	0.0738522954092
0.686270601684	0.294623655914	465	1	186	0	37	0.0737051792829
0.686445335691	0.295698924731	466	1	186	0	37	0.0735586481113
0.68662826628	0.296774193548	467	1	186	0	37	0.0734126984127
0.687027196564	0.297849462366	468	1	186	0	37	0.0732673267327
0.689270024307	0.298924731183	469	1	186	0	37	0.0731225296443
0.692111676829	0.297849462366	470	1	186	0	37	0.0729783037475
0.699537905271	0.298924731183	471	1	186	0	37	0.0728346456693
0.702045328468	0.3	472	1	186	0	37	0.0726915520629
0.703041698522	0.301075268817	473	1	186	0	37	0.0725490196078
0.703109788336	0.302150537634	474	1	186	0	37	0.0724070450098
0.705129687528	0.303225806452	475	1	186	0	37	0.072265625
0.707229803755	0.304301075269	476	1	186	0	37	0.0721247563353
0.710202384474	0.305376344086	477	1	186	0	37	0.0719844357977
0.722866416841	0.306451612903	478	1	186	0	37	0.0718446601942
0.725563441126	0.306451612903	479	1	186	0	37	0.0717054263566
0.725896158646	0.305376344086	480	1	186	0	37	0.0715667311412
0.727686883679	0.306451612903	481	1	186	0	37	0.0714285714286
0.727763759283	0.30752688172	482	1	186	0	37	0.0712909441233
0.728811978979	0.308602150538	483	1	186	0	37	0.0711538461538
0.72928456773	0.308602150538	484	1	186	0	37	0.0710172744722
0.731766108223	0.30752688172	485	1	186	0	37	0.0708812260536
0.732741785374	0.308602150538	486	1	186	0	37	0.0707456978967
0.738562675867	0.308602150538	487	1	186	0	37	0.0706106870229
0.743381992549	0.30752688172	488	1	186	0	37	0.0704761904762
0.745668573606	0.306451612903	489	1	186	0	37	0.0703422053232
0.750653067538	0.30752688172	490	1	186	0	37	0.0702087286528
0.751095144293	0.308602150538	491	1	186	0	37	0.0700757575758
0.751658258766	0.309677419355	492	1	186	0	37	0.069943289225
0.75410919235	0.310752688172	493	1	186	0	37	0.0698113207547
0.754726642341	0.311827956989	494	1	186	0	37	0.0696798493409
0.755719554967	0.311827956989	495	1	186	0	37	0.0695488721805
0.757620756175	0.312903225806	496	1	186	0	37	0.0694183864916
0.760641160871	0.312903225806	497	1	186	0	37	0.0692883895131
0.76145383215	0.313978494624	498	1	186	0	37	0.0691588785047
0.761665067932	0.315053763441	499	1	186	0	37	0.0690298507463
0.761743545808	0.316129032258	500	1	186	0	37	0.0689013035382
0.762764096403	0.316129032258	501	1	186	0	37	0.0687732342007
0.763580459737	0.317204301075	502	1	186	0	37	0.0686456400742
0.767663607861	0.318279569892	503	1	186	0	37	0.0685185185185
0.769902129033	0.31935483871	504	1	186	0	37	0.0683918669131
0.771306689086	0.320430107527	505	1	186	0	37	0.0682656826568
0.771356830255	0.320430107527	506	1	186	0	37	0.0681399631676
0.772582008471	0.31935483871	507	1	186	0	37	0.0680147058824
0.774766668106	0.320430107527	508	1	186	0	37	0.0678899082569
0.775154563613	0.321505376344	509	1	186	0	37	0.0677655677656
0.776249233592	0.321505376344	510	1	186	0	37	0.0676416819013
0.776947245599	0.322580645161	511	1	186	0	37	0.0675182481752
0.777331325239	0.323655913978	512	1	186	0	37	0.0673952641166
0.778104483733	0.324731182796	513	1	186	0	37	0.0672727272727
0.77826781492	0.324731182796	514	1	186	0	37	0.0671506352087
0.778433783124	0.323655913978	515	1	186	0	37	0.0670289855072
0.778516686992	0.324731182796	516	1	186	0	37	0.0669077757685
0.778920521683	0.324731182796	517	1	186	0	37	0.0667870036101
0.781888986279	0.325806451613	518	1	186	0	37	0.0666666666667
0.783106618876	0.325806451613	519	1	186	0	37	0.0665467625899
0.78451824754	0.324731182796	520	1	186	0	37	0.0664272890485
0.784881854296	0.323655913978	521	1	186	0	37	0.0663082437276
0.787485264836	0.322580645161	522	1	186	0	37	0.0661896243292
0.788739094933	0.322580645161	523	1	186	0	37	0.0660714285714
0.789521857889	0.323655913978	524	1	186	0	37	0.0659536541889
0.790408330628	0.324731182796	525	1	186	0	37	0.0658362989324
0.791118868488	0.324731182796	526	1	186	0	37	0.0657193605684
0.7949652058	0.324731182796	527	1	186	0	37	0.0656028368794
0.797707975974	0.325806451613	528	1	186	0	37	0.0654867256637
0.799370717914	0.32688172043	529	1	186	0	37	0.065371024735
0.800499104664	0.327956989247	530	1	186	0	37	0.0652557319224
0.80139555268	0.329032258065	531	1	186	0	37	0.0651408450704
0.801940539419	0.329032258065	532	1	186	0	37	0.0650263620387
0.802756583015	0.329032258065	533	1	186	0	37	0.0649122807018
0.806552461311	0.329032258065	534	1	186	0	37	0.0647985989492
0.807029915061	0.329032258065	535	1	186	0	37	0.0646853146853
