# time 	 divergence 	 # of mutations 	 # IGC chances 	 IGC length 	 # IGC failures 	 Changes due to IGC  	 % change due to IGC 
0.0	0.411827956989	0	0	0	0	0	0.0
0.000598514846372	0.411827956989	1	0	0	0	0	0.0
0.00156153032198	0.411827956989	2	0	0	0	0	0.0
0.0018542830013	0.410752688172	3	0	0	0	0	0.0
0.00263656756276	0.409677419355	4	0	0	0	0	0.0
0.00449450047977	0.408602150538	5	0	0	0	0	0.0
0.00561808130162	0.408602150538	6	0	0	0	0	0.0
0.00815582239986	0.409677419355	7	0	0	0	0	0.0
0.00965003563773	0.409677419355	8	0	0	0	0	0.0
0.0110583723662	0.408602150538	9	0	0	0	0	0.0
0.0118972766882	0.409677419355	10	0	0	0	0	0.0
0.0123383768556	0.409677419355	11	0	0	0	0	0.0
0.0124116773329	0.410752688172	12	0	0	0	0	0.0
0.0133624752513	0.411827956989	13	0	0	0	0	0.0
0.0138951399653	0.412903225806	14	0	0	0	0	0.0
0.0145171574168	0.413978494624	15	0	0	0	0	0.0
0.0147342566831	0.413978494624	16	0	0	0	0	0.0
0.0216413392651	0.415053763441	17	0	0	0	0	0.0
0.0221235762135	0.416129032258	18	0	0	0	0	0.0
0.0226445710878	0.416129032258	19	0	0	0	0	0.0
0.0231199373392	0.417204301075	20	0	0	0	0	0.0
0.0243850289015	0.418279569892	21	0	0	0	0	0.0
0.0243951504965	0.418279569892	22	0	0	0	0	0.0
0.024957197964	0.41935483871	23	0	0	0	0	0.0
0.0259070760071	0.41935483871	24	0	0	0	0	0.0
0.0286999306346	0.420430107527	25	0	0	0	0	0.0
0.0304267123551	0.421505376344	26	0	0	0	0	0.0
0.0307282253977	0.421505376344	27	0	0	0	0	0.0
0.0317981635261	0.422580645161	28	0	0	0	0	0.0
0.0319793117865	0.423655913978	29	0	0	0	0	0.0
0.0338194914917	0.423655913978	30	0	0	0	0	0.0
0.0360876419098	0.424731182796	31	0	0	0	0	0.0
0.0375456163639	0.424731182796	32	0	0	0	0	0.0
0.0380663192086	0.424731182796	33	0	0	0	0	0.0
0.0419762287352	0.424731182796	34	0	0	0	0	0.0
0.0439497946174	0.425806451613	35	0	0	0	0	0.0
0.0456280415304	0.424731182796	36	0	0	0	0	0.0
0.0463379459546	0.423655913978	37	0	0	0	0	0.0
0.0467487857524	0.424731182796	38	0	0	0	0	0.0
0.0473045110384	0.424731182796	39	0	0	0	0	0.0
0.0483077623679	0.425806451613	40	0	0	0	0	0.0
0.0508075137518	0.42688172043	41	0	0	0	0	0.0
0.0519098698712	0.427956989247	42	0	0	0	0	0.0
0.053359272629	0.427956989247	43	0	0	0	0	0.0
0.0596235894231	0.427956989247	44	0	0	0	0	0.0
0.0608219574821	0.429032258065	45	0	0	0	0	0.0
0.0610552804045	0.429032258065	46	0	0	0	0	0.0
0.0615200330435	0.429032258065	47	0	0	0	0	0.0
0.0621216631634	0.429032258065	48	0	0	0	0	0.0
0.06324461588	0.430107526882	49	0	0	0	0	0.0
0.0635123177021	0.429032258065	50	0	0	0	0	0.0
0.063736061946	0.429032258065	51	0	0	0	0	0.0
0.0645351680154	0.430107526882	52	0	0	0	0	0.0
0.0646968506634	0.429032258065	53	0	0	0	0	0.0
0.070877034343	0.429032258065	54	0	0	0	0	0.0
0.0709619062514	0.430107526882	55	0	0	0	0	0.0
0.0727033380355	0.430107526882	56	0	0	0	0	0.0
0.0728264887938	0.431182795699	57	0	0	0	0	0.0
0.0758359005062	0.430107526882	58	0	0	0	0	0.0
0.0765120052459	0.429032258065	59	0	0	0	0	0.0
0.0773474486844	0.429032258065	60	0	0	0	0	0.0
0.0783970003911	0.429032258065	61	0	0	0	0	0.0
0.0790790948389	0.430107526882	62	0	0	0	0	0.0
0.0848969181603	0.431182795699	63	0	0	0	0	0.0
0.0853075489006	0.432258064516	64	0	0	0	0	0.0
