# time 	 divergence 	 # of mutations 	 # IGC chances 	 IGC length 	 # IGC failures 	 Changes due to IGC  	 % change due to IGC 
0.0	0.34623655914	0	0	0	0	0	0.0
0.0016433228665	0.34623655914	1	0	0	0	0	0.0
0.00324170183803	0.347311827957	2	0	0	0	0	0.0
0.00802640969149	0.341935483871	2	1	21	0	5	0.714285714286
0.00819615493969	0.341935483871	2	2	3	0	5	0.714285714286
0.00872350264842	0.343010752688	3	2	3	0	5	0.625
0.0099683240462	0.343010752688	4	2	3	0	5	0.555555555556
0.0102877268197	0.344086021505	5	2	3	0	5	0.5
0.0129650500467	0.345161290323	6	2	3	0	5	0.454545454545
0.0130388779628	0.34623655914	7	2	3	0	5	0.416666666667
0.0132955319865	0.347311827957	8	2	3	0	5	0.384615384615
0.0133137604654	0.347311827957	9	2	3	0	5	0.357142857143
0.0147839093326	0.347311827957	9	3	3	0	5	0.357142857143
0.0153340733786	0.348387096774	10	3	3	0	5	0.333333333333
0.016833793231	0.349462365591	11	3	3	0	5	0.3125
0.0178053268764	0.349462365591	12	3	3	0	5	0.294117647059
0.0188404602903	0.349462365591	13	3	3	0	5	0.277777777778
0.0208769742212	0.350537634409	14	3	3	0	5	0.263157894737
0.0211925182125	0.351612903226	15	3	3	0	5	0.25
0.0212113386731	0.352688172043	16	3	3	0	5	0.238095238095
0.0260656250447	0.35376344086	17	3	3	0	5	0.227272727273
0.027357375079	0.354838709677	18	3	3	0	5	0.217391304348
0.0281079778061	0.35376344086	19	3	3	0	5	0.208333333333
0.0287391633101	0.352688172043	20	3	3	0	5	0.2
0.0297535386362	0.35376344086	21	3	3	0	5	0.192307692308
0.0303445459436	0.354838709677	22	3	3	0	5	0.185185185185
0.0308415271591	0.354838709677	23	3	3	0	5	0.178571428571
0.0311620137835	0.35376344086	24	3	3	0	5	0.172413793103
0.0317321451508	0.352688172043	25	3	3	0	5	0.166666666667
0.0322081496526	0.352688172043	26	3	3	0	5	0.161290322581
0.0336185684265	0.352688172043	27	3	3	0	5	0.15625
0.0346962089217	0.35376344086	28	3	3	0	5	0.151515151515
0.0350720067707	0.35376344086	28	4	3	0	5	0.151515151515
0.0359237632304	0.35376344086	28	5	6	0	5	0.151515151515
0.0372803373953	0.354838709677	29	5	6	0	5	0.147058823529
0.0374921781023	0.350537634409	29	6	27	0	9	0.236842105263
0.037591784456	0.349462365591	30	6	27	0	9	0.230769230769
0.0380337418902	0.350537634409	31	6	27	0	9	0.225
0.0386044934495	0.349462365591	32	6	27	0	9	0.219512195122
0.040202808356	0.340860215054	32	7	18	0	17	0.34693877551
0.041001818625	0.341935483871	33	7	18	0	17	0.34
0.0443576926779	0.343010752688	34	7	18	0	17	0.333333333333
0.0453902979572	0.344086021505	35	7	18	0	17	0.326923076923
0.0460279846766	0.345161290323	36	7	18	0	17	0.320754716981
0.0460894363874	0.344086021505	37	7	18	0	17	0.314814814815
0.0461236718987	0.344086021505	38	7	18	0	17	0.309090909091
0.0480073627443	0.341935483871	38	8	9	0	19	0.333333333333
0.0499327818383	0.343010752688	39	8	9	0	19	0.327586206897
0.0500153496681	0.344086021505	40	8	9	0	19	0.322033898305
0.0515514153252	0.345161290323	41	8	9	0	19	0.316666666667
0.0529370135443	0.34623655914	42	8	9	0	19	0.311475409836
0.0543359167003	0.344086021505	42	9	15	0	21	0.333333333333
0.055686942747	0.344086021505	43	9	15	0	21	0.328125
0.0577629535247	0.345161290323	44	9	15	0	21	0.323076923077
0.0583911692032	0.34623655914	45	9	15	0	21	0.318181818182
0.0589407435698	0.347311827957	46	9	15	0	21	0.313432835821
0.0592745701397	0.344086021505	46	10	3	0	24	0.342857142857
0.0607262472607	0.344086021505	47	10	3	0	24	0.338028169014
0.061596304137	0.344086021505	48	10	3	0	24	0.333333333333
0.0648070279183	0.343010752688	49	10	3	0	24	0.328767123288
0.0663860846527	0.344086021505	50	10	3	0	24	0.324324324324
0.0664229171994	0.344086021505	51	10	3	0	24	0.32
0.0692823644874	0.345161290323	52	10	3	0	24	0.315789473684
0.0701969700109	0.345161290323	53	10	3	0	24	0.311688311688
0.0702507189335	0.34623655914	54	10	3	0	24	0.307692307692
0.0702573078365	0.345161290323	55	10	3	0	24	0.303797468354
0.0705628136111	0.34623655914	56	10	3	0	24	0.3
0.0708848689492	0.347311827957	57	10	3	0	24	0.296296296296
0.0713980454093	0.348387096774	58	10	3	0	24	0.292682926829
