# time 	 divergence 	 # of mutations 	 # IGC chances 	 IGC length 	 # IGC failures 	 Changes due to IGC  	 % change due to IGC 
0.0	0.126789366053	0	0	0	0	0	0.0
0.000649715882774	0.128834355828	1	0	0	0	0	0.0
0.00269955099392	0.130879345603	2	0	0	0	0	0.0
0.0035380070256	0.132924335378	3	0	0	0	0	0.0
0.00561038300723	0.134969325153	4	0	0	0	0	0.0
0.0133451101319	0.137014314928	5	0	0	0	0	0.0
0.0189373516888	0.134969325153	6	0	0	0	0	0.0
0.0242489947838	0.137014314928	7	0	0	0	0	0.0
0.0281257277323	0.134969325153	8	0	0	0	0	0.0
0.0320658014375	0.137014314928	9	0	0	0	0	0.0
0.0439383632321	0.139059304703	10	0	0	0	0	0.0
0.0447733687851	0.141104294479	11	0	0	0	0	0.0
0.0460606257719	0.143149284254	12	0	0	0	0	0.0
0.0465685832348	0.141104294479	13	0	0	0	0	0.0
0.0473564377488	0.143149284254	14	0	0	0	0	0.0
0.0476343423995	0.145194274029	15	0	0	0	0	0.0
0.0565675616488	0.145194274029	16	0	0	0	0	0.0
0.0665919658621	0.147239263804	17	0	0	0	0	0.0
0.0684770533949	0.149284253579	18	0	0	0	0	0.0
0.0753730199472	0.151329243354	19	0	0	0	0	0.0
0.079058495397	0.153374233129	20	0	0	0	0	0.0
0.0799208398716	0.155419222904	21	0	0	0	0	0.0
0.080400129031	0.157464212679	22	0	0	0	0	0.0
