# time 	 divergence 	 # of mutations 	 # IGC chances 	 IGC length 	 # IGC failures 	 Changes due to IGC  	 % change due to IGC 
0.0	0.583820662768	0	0	0	0	0	0.0
0.00163277602287	0.583820662768	1	0	0	0	0	0.0
0.00290466100316	0.583820662768	2	0	0	0	0	0.0
0.00333563494925	0.584795321637	3	0	0	0	0	0.0
0.00390394969973	0.585769980507	4	0	0	0	0	0.0
0.00436854866507	0.585769980507	5	0	0	0	0	0.0
0.00506769505828	0.586744639376	6	0	0	0	0	0.0
0.00528530324572	0.586744639376	7	0	0	0	0	0.0
0.00816968493634	0.587719298246	8	0	0	0	0	0.0
0.00900264466265	0.586744639376	9	0	0	0	0	0.0
0.00906426642644	0.585769980507	9	1	3	0	1	0.1
0.0106867863471	0.586744639376	10	1	3	0	1	0.0909090909091
0.0153773383851	0.585769980507	10	2	3	0	2	0.166666666667
0.0158040345785	0.586744639376	11	2	3	0	2	0.153846153846
0.0171982543424	0.586744639376	12	2	3	0	2	0.142857142857
0.0181105751988	0.587719298246	13	2	3	0	2	0.133333333333
0.0194637160829	0.586744639376	14	2	3	0	2	0.125
0.0208897921747	0.586744639376	15	2	3	0	2	0.117647058824
0.0218456658373	0.585769980507	16	2	3	0	2	0.111111111111
0.0235161801601	0.584795321637	17	2	3	0	2	0.105263157895
0.0238849636547	0.585769980507	18	2	3	0	2	0.1
0.0253530957024	0.584795321637	19	2	3	0	2	0.0952380952381
0.0261596934551	0.585769980507	20	2	3	0	2	0.0909090909091
0.0266674480315	0.584795321637	21	2	3	0	2	0.0869565217391
0.0293584944545	0.585769980507	22	2	3	0	2	0.0833333333333
