# time 	 divergence 	 # of mutations 	 # IGC chances 	 IGC length 	 # IGC failures 	 Changes due to IGC  	 % change due to IGC 
0.0	0.47311827957	0	0	0	0	0	0.0
0.000919322139778	0.474193548387	1	0	0	0	0	0.0
0.000960015099614	0.47311827957	2	0	0	0	0	0.0
0.00151800291762	0.47311827957	3	0	0	0	0	0.0
0.00626285742364	0.474193548387	4	0	0	0	0	0.0
0.00655015243414	0.474193548387	5	0	0	0	0	0.0
0.00738320421011	0.474193548387	6	0	0	0	0	0.0
0.00882134991925	0.47311827957	7	0	0	0	0	0.0
0.00907744859337	0.474193548387	8	0	0	0	0	0.0
0.0119248045341	0.47311827957	9	0	0	0	0	0.0
0.0120490041229	0.47311827957	10	0	0	0	0	0.0
0.012516287429	0.472043010753	11	0	0	0	0	0.0
0.0164193598349	0.47311827957	12	0	0	0	0	0.0
0.0188047370806	0.47311827957	13	0	0	0	0	0.0
0.0195374667843	0.474193548387	14	0	0	0	0	0.0
0.0198533667724	0.474193548387	15	0	0	0	0	0.0
0.0202925138668	0.475268817204	16	0	0	0	0	0.0
0.0209153495256	0.475268817204	17	0	0	0	0	0.0
0.0210941541607	0.476344086022	18	0	0	0	0	0.0
0.0229160796328	0.476344086022	19	0	0	0	0	0.0
0.0233835981078	0.477419354839	20	0	0	0	0	0.0
0.0241764371145	0.476344086022	21	0	0	0	0	0.0
0.0242103915294	0.477419354839	22	0	0	0	0	0.0
0.0285292997983	0.478494623656	23	0	0	0	0	0.0
0.0292269571086	0.478494623656	24	0	0	0	0	0.0
0.0295722622164	0.478494623656	25	0	0	0	0	0.0
0.0320938375611	0.477419354839	26	0	0	0	0	0.0
0.0324708262874	0.477419354839	27	0	0	0	0	0.0
0.0349711110901	0.476344086022	28	0	0	0	0	0.0
0.0362094136971	0.477419354839	29	0	0	0	0	0.0
0.0411022126642	0.476344086022	30	0	0	0	0	0.0
0.0428245681521	0.477419354839	31	0	0	0	0	0.0
0.0433383702705	0.478494623656	32	0	0	0	0	0.0
0.0450153836397	0.479569892473	33	0	0	0	0	0.0
0.0462047737889	0.48064516129	34	0	0	0	0	0.0
0.0491139387677	0.479569892473	35	0	0	0	0	0.0
0.050799321134	0.478494623656	36	0	0	0	0	0.0
0.0523422300443	0.479569892473	37	0	0	0	0	0.0
0.0527922389368	0.478494623656	38	0	0	0	0	0.0
0.0545649463949	0.479569892473	39	0	0	0	0	0.0
0.0589702515063	0.479569892473	40	0	0	0	0	0.0
0.0590752601357	0.48064516129	41	0	0	0	0	0.0
0.061474852565	0.48064516129	42	0	0	0	0	0.0
0.0616137689145	0.479569892473	43	0	0	0	0	0.0
0.0709750492299	0.479569892473	44	0	0	0	0	0.0
0.0714102427877	0.479569892473	45	0	0	0	0	0.0
0.0744970614368	0.479569892473	46	0	0	0	0	0.0
0.0746549547712	0.48064516129	47	0	0	0	0	0.0
0.0757776906035	0.479569892473	48	0	0	0	0	0.0
0.0779609209555	0.48064516129	49	0	0	0	0	0.0
0.0788143144495	0.479569892473	50	0	0	0	0	0.0
0.0790315495221	0.478494623656	51	0	0	0	0	0.0
0.0798742298142	0.479569892473	52	0	0	0	0	0.0
0.0806652728832	0.48064516129	53	0	0	0	0	0.0
0.0840679802117	0.48064516129	54	0	0	0	0	0.0
0.0848528293168	0.479569892473	55	0	0	0	0	0.0
0.0849764986893	0.479569892473	56	0	0	0	0	0.0
0.0867543175149	0.479569892473	57	0	0	0	0	0.0
0.088700544851	0.48064516129	58	0	0	0	0	0.0
0.0902838241884	0.48064516129	59	0	0	0	0	0.0
0.0907520490302	0.481720430108	60	0	0	0	0	0.0
0.0912037920234	0.481720430108	61	0	0	0	0	0.0
0.0912882921027	0.481720430108	62	0	0	0	0	0.0
0.092437694383	0.481720430108	63	0	0	0	0	0.0
0.0952884163717	0.482795698925	64	0	0	0	0	0.0
0.104359355875	0.482795698925	65	0	0	0	0	0.0
0.106837005379	0.481720430108	66	0	0	0	0	0.0
0.111047965743	0.481720430108	67	0	0	0	0	0.0
0.11115492075	0.48064516129	68	0	0	0	0	0.0
0.11127160451	0.481720430108	69	0	0	0	0	0.0
0.111749980487	0.48064516129	70	0	0	0	0	0.0
0.113491168283	0.481720430108	71	0	0	0	0	0.0
0.114400345157	0.48064516129	72	0	0	0	0	0.0
0.11874558647	0.479569892473	73	0	0	0	0	0.0
0.126695796	0.479569892473	74	0	0	0	0	0.0
0.127744944672	0.478494623656	75	0	0	0	0	0.0
0.127857614915	0.478494623656	76	0	0	0	0	0.0
0.128609860528	0.479569892473	77	0	0	0	0	0.0
0.130184344855	0.48064516129	78	0	0	0	0	0.0
0.132426585508	0.479569892473	79	0	0	0	0	0.0
0.134344294275	0.478494623656	80	0	0	0	0	0.0
0.135914742897	0.478494623656	81	0	0	0	0	0.0
0.137140697189	0.477419354839	82	0	0	0	0	0.0
0.141328804847	0.477419354839	83	0	0	0	0	0.0
0.145145407951	0.477419354839	84	0	0	0	0	0.0
0.145883709819	0.478494623656	85	0	0	0	0	0.0
0.146991655123	0.478494623656	86	0	0	0	0	0.0
0.150964668628	0.479569892473	87	0	0	0	0	0.0
0.15473807365	0.478494623656	88	0	0	0	0	0.0
0.155657968796	0.477419354839	89	0	0	0	0	0.0
0.156681475537	0.476344086022	90	0	0	0	0	0.0
0.157297174696	0.476344086022	91	0	0	0	0	0.0
0.157816857002	0.477419354839	92	0	0	0	0	0.0
0.158432799482	0.477419354839	93	0	0	0	0	0.0
0.158569832485	0.478494623656	94	0	0	0	0	0.0
0.159407423524	0.478494623656	95	0	0	0	0	0.0
0.159480923227	0.477419354839	96	0	0	0	0	0.0
0.161224594098	0.478494623656	97	0	0	0	0	0.0
0.161798000606	0.478494623656	98	0	0	0	0	0.0
0.162298950619	0.478494623656	99	0	0	0	0	0.0
0.163053583561	0.478494623656	100	0	0	0	0	0.0
0.163249794807	0.479569892473	101	0	0	0	0	0.0
0.165809900115	0.478494623656	102	0	0	0	0	0.0
0.166470745112	0.479569892473	103	0	0	0	0	0.0
0.167612851939	0.48064516129	104	0	0	0	0	0.0
0.168863979878	0.481720430108	105	0	0	0	0	0.0
0.169677165339	0.482795698925	106	0	0	0	0	0.0
0.170702260223	0.483870967742	107	0	0	0	0	0.0
0.170841502969	0.483870967742	108	0	0	0	0	0.0
0.172151636648	0.484946236559	109	0	0	0	0	0.0
0.17517974329	0.484946236559	110	0	0	0	0	0.0
0.175254889813	0.486021505376	111	0	0	0	0	0.0
0.175491012427	0.487096774194	112	0	0	0	0	0.0
0.17626139083	0.488172043011	113	0	0	0	0	0.0
0.17764729909	0.487096774194	114	0	0	0	0	0.0
0.178740813916	0.488172043011	115	0	0	0	0	0.0
0.181004586646	0.489247311828	116	0	0	0	0	0.0
0.181237178874	0.490322580645	117	0	0	0	0	0.0
0.182474295723	0.491397849462	118	0	0	0	0	0.0
0.183327297873	0.49247311828	119	0	0	0	0	0.0
0.187949179896	0.491397849462	120	0	0	0	0	0.0
0.190282152624	0.49247311828	121	0	0	0	0	0.0
0.193099897493	0.491397849462	122	0	0	0	0	0.0
0.193872700814	0.491397849462	123	0	0	0	0	0.0
0.194847235573	0.49247311828	124	0	0	0	0	0.0
0.196529933458	0.493548387097	125	0	0	0	0	0.0
0.197111535173	0.493548387097	126	0	0	0	0	0.0
0.197811978527	0.494623655914	127	0	0	0	0	0.0
0.200539114953	0.495698924731	128	0	0	0	0	0.0
0.201996002121	0.495698924731	129	0	0	0	0	0.0
0.202357751565	0.494623655914	130	0	0	0	0	0.0
0.204643814259	0.495698924731	131	0	0	0	0	0.0
0.20501442263	0.496774193548	132	0	0	0	0	0.0
0.208448817235	0.495698924731	133	0	0	0	0	0.0
0.209493670288	0.495698924731	134	0	0	0	0	0.0
0.212487012187	0.496774193548	135	0	0	0	0	0.0
0.213105970408	0.496774193548	136	0	0	0	0	0.0
0.217243833805	0.496774193548	137	0	0	0	0	0.0
0.221159907781	0.497849462366	138	0	0	0	0	0.0
0.221260893603	0.498924731183	139	0	0	0	0	0.0
0.222541783031	0.497849462366	140	0	0	0	0	0.0
0.222548334324	0.498924731183	141	0	0	0	0	0.0
0.224262118246	0.498924731183	142	0	0	0	0	0.0
0.224380756998	0.498924731183	143	0	0	0	0	0.0
0.225077398774	0.5	144	0	0	0	0	0.0
0.225348500456	0.498924731183	145	0	0	0	0	0.0
0.226031311981	0.498924731183	146	0	0	0	0	0.0
0.226782589898	0.498924731183	147	0	0	0	0	0.0
0.227169657294	0.498924731183	148	0	0	0	0	0.0
0.227796404852	0.498924731183	149	0	0	0	0	0.0
0.2327035655	0.497849462366	150	0	0	0	0	0.0
0.233342600421	0.498924731183	151	0	0	0	0	0.0
0.23446590329	0.498924731183	152	0	0	0	0	0.0
0.236996024424	0.5	153	0	0	0	0	0.0
0.237881223677	0.501075268817	154	0	0	0	0	0.0
0.239578621964	0.5	155	0	0	0	0	0.0
0.240557750299	0.501075268817	156	0	0	0	0	0.0
0.242045491061	0.5	157	0	0	0	0	0.0
0.244655005748	0.501075268817	158	0	0	0	0	0.0
0.24602635409	0.501075268817	159	0	0	0	0	0.0
0.249358741272	0.501075268817	160	0	0	0	0	0.0
0.249975372662	0.502150537634	161	0	0	0	0	0.0
0.251088399753	0.502150537634	162	0	0	0	0	0.0
0.251304807018	0.502150537634	163	0	0	0	0	0.0
0.251460301446	0.502150537634	164	0	0	0	0	0.0
0.251775670473	0.503225806452	165	0	0	0	0	0.0
0.25247359584	0.503225806452	166	0	0	0	0	0.0
0.253754167595	0.502150537634	167	0	0	0	0	0.0
0.254769290561	0.503225806452	168	0	0	0	0	0.0
0.259901038376	0.504301075269	169	0	0	0	0	0.0
0.260393691013	0.505376344086	170	0	0	0	0	0.0
0.262221051374	0.504301075269	171	0	0	0	0	0.0
0.262873514393	0.505376344086	172	0	0	0	0	0.0
0.263086037937	0.504301075269	173	0	0	0	0	0.0
0.263557415145	0.504301075269	174	0	0	0	0	0.0
0.265005079428	0.503225806452	175	0	0	0	0	0.0
0.265966203105	0.503225806452	176	0	0	0	0	0.0
0.266701617188	0.504301075269	177	0	0	0	0	0.0
0.268255764122	0.504301075269	178	0	0	0	0	0.0
0.269449285643	0.505376344086	179	0	0	0	0	0.0
0.272593130767	0.506451612903	180	0	0	0	0	0.0
0.273418573217	0.50752688172	181	0	0	0	0	0.0
0.277362628127	0.50752688172	182	0	0	0	0	0.0
0.278231879846	0.506451612903	183	0	0	0	0	0.0
0.280504161134	0.506451612903	184	0	0	0	0	0.0
0.283326484306	0.506451612903	185	0	0	0	0	0.0
0.287029659333	0.50752688172	186	0	0	0	0	0.0
0.288265233806	0.508602150538	187	0	0	0	0	0.0
0.289886185164	0.50752688172	188	0	0	0	0	0.0
0.295269895774	0.506451612903	189	0	0	0	0	0.0
0.296763740527	0.50752688172	190	0	0	0	0	0.0
0.296941056138	0.50752688172	191	0	0	0	0	0.0
0.299079977469	0.50752688172	192	0	0	0	0	0.0
0.300652361599	0.506451612903	193	0	0	0	0	0.0
0.301088997739	0.50752688172	194	0	0	0	0	0.0
0.301476789934	0.508602150538	195	0	0	0	0	0.0
0.301671789362	0.508602150538	196	0	0	0	0	0.0
0.303144582447	0.508602150538	197	0	0	0	0	0.0
0.303301650357	0.509677419355	198	0	0	0	0	0.0
0.308224264016	0.508602150538	199	0	0	0	0	0.0
0.31018673863	0.509677419355	200	0	0	0	0	0.0
0.310322552255	0.510752688172	201	0	0	0	0	0.0
0.31071918861	0.511827956989	202	0	0	0	0	0.0
0.312764061739	0.512903225806	203	0	0	0	0	0.0
0.313098072554	0.512903225806	204	0	0	0	0	0.0
0.314416906073	0.511827956989	205	0	0	0	0	0.0
0.314855539431	0.512903225806	206	0	0	0	0	0.0
0.316692387082	0.513978494624	207	0	0	0	0	0.0
0.318667593153	0.512903225806	208	0	0	0	0	0.0
0.319144959057	0.511827956989	209	0	0	0	0	0.0
0.321732704811	0.511827956989	210	0	0	0	0	0.0
0.321810239603	0.512903225806	211	0	0	0	0	0.0
0.32689557653	0.511827956989	212	0	0	0	0	0.0
0.328197682077	0.512903225806	213	0	0	0	0	0.0
0.328307258319	0.513978494624	214	0	0	0	0	0.0
0.32897825897	0.515053763441	215	0	0	0	0	0.0
0.332831503155	0.515053763441	216	0	0	0	0	0.0
0.333326689849	0.516129032258	217	0	0	0	0	0.0
0.334835602761	0.515053763441	218	0	0	0	0	0.0
0.33529594351	0.516129032258	219	0	0	0	0	0.0
0.335957759603	0.516129032258	220	0	0	0	0	0.0
0.336090516641	0.517204301075	221	0	0	0	0	0.0
0.336477787395	0.518279569892	222	0	0	0	0	0.0
0.339668054066	0.517204301075	223	0	0	0	0	0.0
0.345178127544	0.518279569892	224	0	0	0	0	0.0
0.346464832438	0.517204301075	225	0	0	0	0	0.0
0.348072780173	0.518279569892	226	0	0	0	0	0.0
0.351920280063	0.51935483871	227	0	0	0	0	0.0
0.353073241191	0.520430107527	228	0	0	0	0	0.0
0.353765832892	0.51935483871	229	0	0	0	0	0.0
0.356007218663	0.520430107527	230	0	0	0	0	0.0
0.358105456084	0.521505376344	231	0	0	0	0	0.0
0.358178771912	0.522580645161	232	0	0	0	0	0.0
0.35921414138	0.523655913978	233	0	0	0	0	0.0
0.359584762019	0.523655913978	234	0	0	0	0	0.0
0.366691473736	0.522580645161	235	0	0	0	0	0.0
0.367294326042	0.523655913978	236	0	0	0	0	0.0
0.37103241318	0.522580645161	237	0	0	0	0	0.0
0.372069197151	0.521505376344	238	0	0	0	0	0.0
0.372617546231	0.521505376344	239	0	0	0	0	0.0
0.373384237341	0.522580645161	240	0	0	0	0	0.0
0.377993681243	0.521505376344	241	0	0	0	0	0.0
0.378464471794	0.522580645161	242	0	0	0	0	0.0
0.380287246707	0.523655913978	243	0	0	0	0	0.0
0.383108474964	0.523655913978	244	0	0	0	0	0.0
0.384683874297	0.523655913978	245	0	0	0	0	0.0
0.388366869281	0.522580645161	246	0	0	0	0	0.0
0.389737487702	0.522580645161	247	0	0	0	0	0.0
0.392250942336	0.523655913978	248	0	0	0	0	0.0
0.394874187516	0.522580645161	249	0	0	0	0	0.0
0.396161378349	0.521505376344	250	0	0	0	0	0.0
0.399375481855	0.520430107527	251	0	0	0	0	0.0
0.400170308426	0.51935483871	252	0	0	0	0	0.0
0.400815284651	0.51935483871	253	0	0	0	0	0.0
0.401426252366	0.520430107527	254	0	0	0	0	0.0
0.401597306736	0.521505376344	255	0	0	0	0	0.0
0.401785471461	0.522580645161	256	0	0	0	0	0.0
0.40185138126	0.522580645161	257	0	0	0	0	0.0
0.402911719002	0.523655913978	258	0	0	0	0	0.0
0.403384125781	0.522580645161	259	0	0	0	0	0.0
0.40368520342	0.521505376344	260	0	0	0	0	0.0
0.40391192276	0.522580645161	261	0	0	0	0	0.0
0.404020044286	0.522580645161	262	0	0	0	0	0.0
0.405288659598	0.522580645161	263	0	0	0	0	0.0
0.407919729282	0.523655913978	264	0	0	0	0	0.0
0.409123712484	0.522580645161	265	0	0	0	0	0.0
0.410415433366	0.522580645161	266	0	0	0	0	0.0
0.410602242988	0.522580645161	267	0	0	0	0	0.0
0.412717885881	0.522580645161	268	0	0	0	0	0.0
0.416520761981	0.522580645161	269	0	0	0	0	0.0
0.418938944678	0.523655913978	270	0	0	0	0	0.0
0.419082466446	0.523655913978	271	0	0	0	0	0.0
0.4209818046	0.524731182796	272	0	0	0	0	0.0
0.424048296871	0.525806451613	273	0	0	0	0	0.0
0.424605633385	0.52688172043	274	0	0	0	0	0.0
0.424763476753	0.52688172043	275	0	0	0	0	0.0
0.42986755479	0.527956989247	276	0	0	0	0	0.0
0.431105488115	0.527956989247	277	0	0	0	0	0.0
0.432604885792	0.52688172043	278	0	0	0	0	0.0
0.433789018675	0.527956989247	279	0	0	0	0	0.0
0.436076062517	0.527956989247	280	0	0	0	0	0.0
0.436256048445	0.529032258065	281	0	0	0	0	0.0
