# time 	 divergence 	 # of mutations 	 # IGC chances 	 IGC length 	 # IGC failures 	 Changes due to IGC  	 % change due to IGC 
0.0	0.518279569892	0	0	0	0	0	0.0
0.00100643164757	0.518279569892	1	0	0	0	0	0.0
0.00163815019636	0.518279569892	2	0	0	0	0	0.0
0.00521056565979	0.51935483871	3	0	0	0	0	0.0
0.00537784538313	0.520430107527	4	0	0	0	0	0.0
0.00720285534989	0.521505376344	5	0	0	0	0	0.0
0.00722818897516	0.521505376344	6	0	0	0	0	0.0
0.0100529214089	0.522580645161	7	0	0	0	0	0.0
0.0125204604954	0.522580645161	8	0	0	0	0	0.0
0.0138379606259	0.522580645161	9	0	0	0	0	0.0
0.0144056881899	0.522580645161	10	0	0	0	0	0.0
0.0159014193318	0.522580645161	11	0	0	0	0	0.0
0.0202057708849	0.521505376344	12	0	0	0	0	0.0
0.0212082145427	0.522580645161	13	0	0	0	0	0.0
0.0220513603207	0.522580645161	14	0	0	0	0	0.0
0.0225263564578	0.521505376344	15	0	0	0	0	0.0
0.0238426830002	0.521505376344	16	0	0	0	0	0.0
0.0286541317057	0.521505376344	17	0	0	0	0	0.0
0.0304439321153	0.522580645161	18	0	0	0	0	0.0
0.0369073810792	0.522580645161	19	0	0	0	0	0.0
0.0371172067173	0.522580645161	20	0	0	0	0	0.0
0.0383564868795	0.523655913978	21	0	0	0	0	0.0
0.0391089935351	0.524731182796	22	0	0	0	0	0.0
0.0426609086266	0.525806451613	23	0	0	0	0	0.0
0.0437187968841	0.525806451613	24	0	0	0	0	0.0
0.0442379033111	0.52688172043	25	0	0	0	0	0.0
0.04472371854	0.527956989247	26	0	0	0	0	0.0
0.0460085549507	0.52688172043	27	0	0	0	0	0.0
0.0465150309295	0.527956989247	28	0	0	0	0	0.0
0.0522926612187	0.529032258065	29	0	0	0	0	0.0
0.0527709417658	0.529032258065	30	0	0	0	0	0.0
0.0548429755163	0.529032258065	31	0	0	0	0	0.0
0.0549983782003	0.529032258065	32	0	0	0	0	0.0
0.0566264600174	0.530107526882	33	0	0	0	0	0.0
0.0572380871282	0.530107526882	34	0	0	0	0	0.0
0.0580094561385	0.531182795699	35	0	0	0	0	0.0
0.0621437971085	0.532258064516	36	0	0	0	0	0.0
0.0639652976405	0.532258064516	37	0	0	0	0	0.0
0.066036178888	0.532258064516	38	0	0	0	0	0.0
0.0670535794987	0.533333333333	39	0	0	0	0	0.0
0.0691092696828	0.534408602151	40	0	0	0	0	0.0
0.0716390271031	0.533333333333	41	0	0	0	0	0.0
0.0725884363675	0.533333333333	42	0	0	0	0	0.0
0.0730550269202	0.533333333333	43	0	0	0	0	0.0
0.0736702766734	0.533333333333	44	0	0	0	0	0.0
0.0737680392491	0.533333333333	45	0	0	0	0	0.0
0.0743394046405	0.533333333333	46	0	0	0	0	0.0
0.0751593979118	0.533333333333	47	0	0	0	0	0.0
0.0775488446146	0.534408602151	48	0	0	0	0	0.0
0.0794743661584	0.535483870968	49	0	0	0	0	0.0
0.0824000619722	0.536559139785	50	0	0	0	0	0.0
0.0843259963196	0.536559139785	51	0	0	0	0	0.0
0.0848820531717	0.536559139785	52	0	0	0	0	0.0
0.0859782445129	0.535483870968	53	0	0	0	0	0.0
0.0869860103553	0.534408602151	54	0	0	0	0	0.0
0.0880744040278	0.534408602151	55	0	0	0	0	0.0
0.0885799733926	0.534408602151	56	0	0	0	0	0.0
0.0895637342851	0.535483870968	57	0	0	0	0	0.0
0.0901922856527	0.536559139785	58	0	0	0	0	0.0
0.0904498331778	0.535483870968	59	0	0	0	0	0.0
0.0906951815316	0.535483870968	60	0	0	0	0	0.0
0.0909721355668	0.535483870968	61	0	0	0	0	0.0
0.0924441817982	0.536559139785	62	0	0	0	0	0.0
0.094315675036	0.537634408602	63	0	0	0	0	0.0
0.0948937055442	0.538709677419	64	0	0	0	0	0.0
0.100315384038	0.538709677419	65	0	0	0	0	0.0
0.101915413102	0.538709677419	66	0	0	0	0	0.0
0.104516864573	0.537634408602	67	0	0	0	0	0.0
0.105541479263	0.536559139785	68	0	0	0	0	0.0
0.107776380438	0.536559139785	69	0	0	0	0	0.0
0.113237914544	0.536559139785	70	0	0	0	0	0.0
0.115531568091	0.535483870968	71	0	0	0	0	0.0
0.115725710034	0.536559139785	72	0	0	0	0	0.0
0.1164224911	0.537634408602	73	0	0	0	0	0.0
0.121616025619	0.537634408602	74	0	0	0	0	0.0
0.121695643764	0.536559139785	75	0	0	0	0	0.0
0.128289356025	0.536559139785	76	0	0	0	0	0.0
0.131483776727	0.537634408602	77	0	0	0	0	0.0
0.133887808155	0.538709677419	78	0	0	0	0	0.0
0.133948007309	0.539784946237	79	0	0	0	0	0.0
0.134173407018	0.539784946237	80	0	0	0	0	0.0
0.134545251345	0.538709677419	81	0	0	0	0	0.0
0.134983136334	0.539784946237	82	0	0	0	0	0.0
0.138034644425	0.540860215054	83	0	0	0	0	0.0
0.138592003583	0.539784946237	84	0	0	0	0	0.0
0.139460119001	0.540860215054	85	0	0	0	0	0.0
0.140698072257	0.541935483871	86	0	0	0	0	0.0
0.146904356191	0.541935483871	87	0	0	0	0	0.0
0.147027055878	0.543010752688	88	0	0	0	0	0.0
0.147148977312	0.541935483871	89	0	0	0	0	0.0
0.147213554506	0.543010752688	90	0	0	0	0	0.0
0.14835910401	0.543010752688	91	0	0	0	0	0.0
0.150006691222	0.543010752688	92	0	0	0	0	0.0
0.154606800108	0.541935483871	93	0	0	0	0	0.0
0.157324418459	0.543010752688	94	0	0	0	0	0.0
0.159020202442	0.543010752688	95	0	0	0	0	0.0
0.159708212916	0.541935483871	96	0	0	0	0	0.0
0.160399683685	0.541935483871	97	0	0	0	0	0.0
0.162280449909	0.541935483871	98	0	0	0	0	0.0
0.169981189714	0.540860215054	99	0	0	0	0	0.0
0.170678984302	0.540860215054	100	0	0	0	0	0.0
0.172353230736	0.541935483871	101	0	0	0	0	0.0
0.172783871296	0.540860215054	102	0	0	0	0	0.0
0.174868309968	0.540860215054	103	0	0	0	0	0.0
0.176516419336	0.539784946237	104	0	0	0	0	0.0
0.176565673581	0.538709677419	105	0	0	0	0	0.0
0.178315823562	0.538709677419	106	0	0	0	0	0.0
0.180341245871	0.539784946237	107	0	0	0	0	0.0
0.180712246849	0.540860215054	108	0	0	0	0	0.0
0.180999004351	0.540860215054	109	0	0	0	0	0.0
0.181475928763	0.541935483871	110	0	0	0	0	0.0
0.182145885621	0.543010752688	111	0	0	0	0	0.0
0.187431840085	0.541935483871	112	0	0	0	0	0.0
0.190543493142	0.541935483871	113	0	0	0	0	0.0
0.190936373232	0.541935483871	114	0	0	0	0	0.0
0.192288400167	0.543010752688	115	0	0	0	0	0.0
0.192973529149	0.544086021505	116	0	0	0	0	0.0
0.195209202014	0.545161290323	117	0	0	0	0	0.0
0.195281380866	0.544086021505	118	0	0	0	0	0.0
0.19589526183	0.545161290323	119	0	0	0	0	0.0
0.195931520382	0.54623655914	120	0	0	0	0	0.0
0.196308140247	0.545161290323	121	0	0	0	0	0.0
0.19822540274	0.545161290323	122	0	0	0	0	0.0
0.198279161988	0.545161290323	123	0	0	0	0	0.0
0.199041684806	0.545161290323	124	0	0	0	0	0.0
0.200404399267	0.544086021505	125	0	0	0	0	0.0
