# time 	 divergence 	 # of mutations 	 # IGC chances 	 IGC length 	 # IGC failures 	 Changes due to IGC  	 % change due to IGC 
0.0	0.319688109162	0	0	0	0	0	0.0
0.000485698021834	0.320662768031	1	0	0	0	0	0.0
0.0011127403756	0.321637426901	2	0	0	0	0	0.0
0.00210332912786	0.32261208577	3	0	0	0	0	0.0
0.00446937147994	0.323586744639	4	0	0	0	0	0.0
0.00475446165923	0.324561403509	5	0	0	0	0	0.0
0.00674080049624	0.324561403509	5	1	9	0	0	0.0
0.00872327262632	0.325536062378	6	1	9	0	0	0.0
0.01023129181	0.325536062378	6	2	3	0	0	0.0
0.0122980839067	0.326510721248	7	2	3	0	0	0.0
0.0138628721144	0.327485380117	8	2	3	0	0	0.0
0.0140182324106	0.328460038986	9	2	3	0	0	0.0
0.01473446357	0.329434697856	10	2	3	0	0	0.0
0.0147631291215	0.329434697856	11	2	3	0	0	0.0
0.0165228436783	0.330409356725	12	2	3	0	0	0.0
0.016774303781	0.331384015595	13	2	3	0	0	0.0
0.0168071418131	0.332358674464	14	2	3	0	0	0.0
0.0188457635634	0.331384015595	15	2	3	0	0	0.0
0.0199630964398	0.332358674464	16	2	3	0	0	0.0
0.0208076382767	0.333333333333	17	2	3	0	0	0.0
0.0216974378264	0.334307992203	18	2	3	0	0	0.0
0.0220291586306	0.335282651072	19	2	3	0	0	0.0
0.022791605809	0.334307992203	20	2	3	0	0	0.0
0.0231304354806	0.335282651072	21	2	3	0	0	0.0
0.0249628926628	0.336257309942	22	2	3	0	0	0.0
0.025348268615	0.337231968811	23	2	3	0	0	0.0
0.0271555318301	0.33820662768	24	2	3	0	0	0.0
0.0280259982398	0.33918128655	25	2	3	0	0	0.0
0.0285570804738	0.340155945419	26	2	3	0	0	0.0
0.0291685970049	0.341130604288	27	2	3	0	0	0.0
0.0301371340568	0.342105263158	28	2	3	0	0	0.0
0.032595804218	0.341130604288	29	2	3	0	0	0.0
0.0330251114982	0.342105263158	30	2	3	0	0	0.0
0.0331897691274	0.343079922027	31	2	3	0	0	0.0
0.0377494099118	0.344054580897	32	2	3	0	0	0.0
0.0380147013542	0.345029239766	33	2	3	0	0	0.0
0.0391251680063	0.346003898635	34	2	3	0	0	0.0
0.040767828397	0.340155945419	34	3	9	0	6	0.15
0.0422355804153	0.341130604288	35	3	9	0	6	0.146341463415
0.0425998446213	0.342105263158	36	3	9	0	6	0.142857142857
0.04414307224	0.341130604288	37	3	9	0	6	0.139534883721
0.0459796794173	0.342105263158	38	3	9	0	6	0.136363636364
0.0480389047738	0.343079922027	39	3	9	0	6	0.133333333333
0.0496929598343	0.343079922027	40	3	9	0	6	0.130434782609
0.049949632555	0.344054580897	41	3	9	0	6	0.127659574468
0.0536150930225	0.345029239766	42	3	9	0	6	0.125
0.054466752464	0.346003898635	43	3	9	0	6	0.122448979592
0.0556590072444	0.346978557505	44	3	9	0	6	0.12
0.057290569956	0.347953216374	45	3	9	0	6	0.117647058824
0.0582583899068	0.348927875244	46	3	9	0	6	0.115384615385
0.0586476042699	0.348927875244	47	3	9	0	6	0.11320754717
0.0601605606812	0.349902534113	48	3	9	0	6	0.111111111111
0.0608847177848	0.350877192982	49	3	9	0	6	0.109090909091
0.0612928333944	0.351851851852	50	3	9	0	6	0.107142857143
0.0614939821992	0.350877192982	51	3	9	0	6	0.105263157895
0.0658272134171	0.349902534113	52	3	9	0	6	0.103448275862
0.0677475063302	0.349902534113	53	3	9	0	6	0.101694915254
0.0685298758103	0.349902534113	54	3	9	0	6	0.1
0.0707915344646	0.350877192982	55	3	9	0	6	0.0983606557377
0.0731652730503	0.350877192982	56	3	9	0	6	0.0967741935484
0.0736833619649	0.351851851852	57	3	9	0	6	0.0952380952381
0.0749108335076	0.352826510721	58	3	9	0	6	0.09375
0.0750359071039	0.353801169591	59	3	9	0	6	0.0923076923077
0.0760492376798	0.35477582846	60	3	9	0	6	0.0909090909091
0.0765591182634	0.355750487329	61	3	9	0	6	0.089552238806
0.076639845387	0.355750487329	62	3	9	0	6	0.0882352941176
0.0774773985458	0.35477582846	63	3	9	0	6	0.0869565217391
0.0778079442392	0.355750487329	64	3	9	0	6	0.0857142857143
0.0779233042316	0.35477582846	65	3	9	0	6	0.0845070422535
0.078556282287	0.353801169591	66	3	9	0	6	0.0833333333333
0.0794596932179	0.35477582846	67	3	9	0	6	0.0821917808219
0.0798930431596	0.355750487329	68	3	9	0	6	0.0810810810811
0.0818208996219	0.355750487329	69	3	9	0	6	0.08
0.0824612269193	0.356725146199	70	3	9	0	6	0.0789473684211
0.0848289619369	0.356725146199	71	3	9	0	6	0.0779220779221
0.085119115074	0.357699805068	72	3	9	0	6	0.0769230769231
0.0866796604268	0.357699805068	73	3	9	0	6	0.0759493670886
0.0887293113208	0.358674463938	74	3	9	0	6	0.075
0.0897371269961	0.358674463938	75	3	9	0	6	0.0740740740741
0.0906478766423	0.358674463938	76	3	9	0	6	0.0731707317073
0.0910388376329	0.359649122807	77	3	9	0	6	0.0722891566265
0.0918335855858	0.359649122807	78	3	9	0	6	0.0714285714286
0.093863052395	0.357699805068	78	4	3	0	8	0.093023255814
0.0956726146512	0.358674463938	79	4	3	0	8	0.0919540229885
0.097639600395	0.359649122807	80	4	3	0	8	0.0909090909091
0.0981307439575	0.360623781676	81	4	3	0	8	0.0898876404494
0.0993989855905	0.355750487329	81	5	24	0	13	0.13829787234
0.0994449610899	0.356725146199	82	5	24	0	13	0.136842105263
0.100713394712	0.355750487329	82	6	6	0	14	0.145833333333
0.102545150541	0.355750487329	83	6	6	0	14	0.144329896907
0.104546423185	0.35477582846	84	6	6	0	14	0.142857142857
0.105616561107	0.353801169591	85	6	6	0	14	0.141414141414
0.106707686972	0.353801169591	86	6	6	0	14	0.14
0.107608843593	0.353801169591	87	6	6	0	14	0.138613861386
0.107753116036	0.35477582846	88	6	6	0	14	0.137254901961
0.109077508548	0.353801169591	89	6	6	0	14	0.135922330097
0.109247734739	0.35477582846	90	6	6	0	14	0.134615384615
0.109436573397	0.353801169591	91	6	6	0	14	0.133333333333
0.111306556532	0.35477582846	92	6	6	0	14	0.132075471698
0.111596293366	0.355750487329	93	6	6	0	14	0.130841121495
0.112822496742	0.355750487329	94	6	6	0	14	0.12962962963
0.113163553956	0.356725146199	95	6	6	0	14	0.128440366972
0.115374059582	0.346978557505	95	7	21	0	24	0.201680672269
0.115462385449	0.347953216374	96	7	21	0	24	0.2
0.117271674878	0.348927875244	97	7	21	0	24	0.198347107438
0.118212083622	0.343079922027	97	8	9	0	30	0.236220472441
0.118397064801	0.342105263158	98	8	9	0	30	0.234375
0.121277910315	0.343079922027	99	8	9	0	30	0.232558139535
0.12202242532	0.343079922027	100	8	9	0	30	0.230769230769
0.123564621206	0.343079922027	101	8	9	0	30	0.229007633588
0.127192926189	0.341130604288	101	9	3	0	32	0.240601503759
0.129237265935	0.341130604288	102	9	3	0	32	0.238805970149
0.130969698768	0.340155945419	103	9	3	0	32	0.237037037037
0.13131309341	0.341130604288	104	9	3	0	32	0.235294117647
0.133036867592	0.341130604288	105	9	3	0	32	0.233576642336
0.134872636569	0.340155945419	105	10	6	0	33	0.239130434783
0.135067154602	0.341130604288	106	10	6	0	33	0.237410071942
0.136241793145	0.342105263158	107	10	6	0	33	0.235714285714
0.137073122103	0.343079922027	108	10	6	0	33	0.234042553191
0.137490981147	0.344054580897	109	10	6	0	33	0.232394366197
0.138473151442	0.344054580897	110	10	6	0	33	0.230769230769
0.139516534203	0.345029239766	111	10	6	0	33	0.229166666667
0.139583417663	0.344054580897	112	10	6	0	33	0.227586206897
0.13975824241	0.345029239766	113	10	6	0	33	0.22602739726
0.139958354502	0.346003898635	114	10	6	0	33	0.224489795918
0.142287609778	0.343079922027	114	11	6	0	36	0.24
0.142595818329	0.344054580897	115	11	6	0	36	0.238410596026
0.143110543409	0.345029239766	116	11	6	0	36	0.236842105263
0.148892911168	0.344054580897	116	12	9	0	37	0.241830065359
0.150562758158	0.345029239766	117	12	9	0	37	0.24025974026
0.152820594783	0.344054580897	118	12	9	0	37	0.238709677419
0.154422194133	0.344054580897	119	12	9	0	37	0.237179487179
0.15485608507	0.345029239766	120	12	9	0	37	0.235668789809
0.159390407241	0.342105263158	120	13	9	0	40	0.25
0.159515749058	0.343079922027	121	13	9	0	40	0.248447204969
0.160242574726	0.331384015595	121	14	21	0	52	0.300578034682
0.167817367969	0.324561403509	121	15	27	0	59	0.327777777778
0.168083171447	0.325536062378	122	15	27	0	59	0.325966850829
0.169207271478	0.325536062378	123	15	27	0	59	0.324175824176
0.170594519515	0.311890838207	123	16	21	0	73	0.372448979592
0.170703536042	0.310916179337	124	16	21	0	73	0.370558375635
0.170868280898	0.309941520468	125	16	21	0	73	0.368686868687
0.173793529269	0.309941520468	126	16	21	0	73	0.366834170854
0.174853364762	0.296296296296	126	17	27	0	87	0.408450704225
0.175475160187	0.296296296296	127	17	27	0	87	0.406542056075
0.175644892945	0.295321637427	128	17	27	0	87	0.404651162791
0.177980345735	0.293372319688	128	18	3	0	89	0.410138248848
0.178938379473	0.294346978558	129	18	3	0	89	0.408256880734
0.179057491492	0.295321637427	130	18	3	0	89	0.406392694064
0.180787111072	0.296296296296	131	18	3	0	89	0.404545454545
0.187397655417	0.297270955166	132	18	3	0	89	0.402714932127
0.187593618779	0.298245614035	133	18	3	0	89	0.400900900901
0.189985608701	0.299220272904	134	18	3	0	89	0.399103139013
0.190933716746	0.300194931774	135	18	3	0	89	0.397321428571
0.191124299222	0.300194931774	136	18	3	0	89	0.395555555556
0.191159475702	0.301169590643	137	18	3	0	89	0.393805309735
0.192122181123	0.302144249513	138	18	3	0	89	0.392070484581
0.194155742198	0.303118908382	139	18	3	0	89	0.390350877193
0.198939893321	0.302144249513	140	18	3	0	89	0.38864628821
0.200948883792	0.303118908382	141	18	3	0	89	0.386956521739
0.201529572811	0.303118908382	142	18	3	0	89	0.385281385281
0.201556240287	0.304093567251	143	18	3	0	89	0.383620689655
0.206563725459	0.305068226121	144	18	3	0	89	0.381974248927
0.206731829377	0.304093567251	144	19	3	0	90	0.384615384615
0.207277752331	0.305068226121	145	19	3	0	90	0.382978723404
0.210171501669	0.305068226121	146	19	3	0	90	0.381355932203
0.212482733533	0.305068226121	147	19	3	0	90	0.379746835443
0.213024701594	0.304093567251	147	20	6	0	91	0.382352941176
0.215558813778	0.305068226121	148	20	6	0	91	0.380753138075
0.215765666156	0.30604288499	149	20	6	0	91	0.379166666667
0.21659136551	0.30604288499	150	20	6	0	91	0.377593360996
0.216614554457	0.30604288499	151	20	6	0	91	0.376033057851
0.221848546701	0.30604288499	152	20	6	0	91	0.374485596708
0.222382640282	0.30701754386	153	20	6	0	91	0.372950819672
0.223583313941	0.30701754386	154	20	6	0	91	0.371428571429
0.225551436803	0.307992202729	155	20	6	0	91	0.369918699187
0.22876461743	0.307992202729	156	20	6	0	91	0.368421052632
0.230749922911	0.308966861598	157	20	6	0	91	0.366935483871
0.231079299671	0.308966861598	158	20	6	0	91	0.36546184739
0.231637925665	0.30701754386	158	21	9	0	93	0.370517928287
0.232141194497	0.307992202729	159	21	9	0	93	0.369047619048
0.235548526095	0.305068226121	159	22	6	0	96	0.376470588235
0.237163251189	0.30604288499	160	22	6	0	96	0.375
0.237964535778	0.30604288499	161	22	6	0	96	0.373540856031
0.238302919713	0.305068226121	162	22	6	0	96	0.372093023256
0.238641278057	0.30604288499	163	22	6	0	96	0.370656370656
0.238999798048	0.304093567251	163	23	3	0	98	0.375478927203
0.243222754852	0.305068226121	164	23	3	0	98	0.374045801527
0.243251669455	0.30604288499	165	23	3	0	98	0.372623574144
0.243869912149	0.30701754386	166	23	3	0	98	0.371212121212
0.244761235304	0.30604288499	167	23	3	0	98	0.369811320755
0.245581830482	0.30701754386	168	23	3	0	98	0.368421052632
0.245896402912	0.307992202729	169	23	3	0	98	0.367041198502
0.247944545826	0.308966861598	170	23	3	0	98	0.365671641791
0.253784104905	0.308966861598	171	23	3	0	98	0.364312267658
0.255740966625	0.309941520468	172	23	3	0	98	0.362962962963
0.256395232937	0.310916179337	173	23	3	0	98	0.361623616236
0.257226469069	0.309941520468	174	23	3	0	98	0.360294117647
0.257473249305	0.308966861598	175	23	3	0	98	0.358974358974
0.25764819128	0.309941520468	176	23	3	0	98	0.357664233577
0.258150514505	0.310916179337	177	23	3	0	98	0.356363636364
0.262594193239	0.311890838207	178	23	3	0	98	0.355072463768
0.262817251468	0.312865497076	179	23	3	0	98	0.353790613718
0.262849842103	0.312865497076	180	23	3	0	98	0.352517985612
0.263149352869	0.311890838207	181	23	3	0	98	0.351254480287
0.263958007214	0.312865497076	182	23	3	0	98	0.35
0.265175707136	0.313840155945	183	23	3	0	98	0.348754448399
0.270136634731	0.314814814815	184	23	3	0	98	0.347517730496
0.271656656493	0.315789473684	185	23	3	0	98	0.34628975265
0.275641791286	0.316764132554	186	23	3	0	98	0.345070422535
0.275742365517	0.310916179337	186	24	9	0	104	0.358620689655
0.277376655099	0.310916179337	187	24	9	0	104	0.357388316151
0.281882740515	0.310916179337	188	24	9	0	104	0.356164383562
0.28196030263	0.309941520468	189	24	9	0	104	0.354948805461
0.284473640373	0.310916179337	190	24	9	0	104	0.353741496599
0.286241620713	0.311890838207	191	24	9	0	104	0.352542372881
0.288357120409	0.312865497076	192	24	9	0	104	0.351351351351
0.289380120835	0.313840155945	193	24	9	0	104	0.350168350168
0.291008853367	0.314814814815	194	24	9	0	104	0.348993288591
0.294090293107	0.313840155945	195	24	9	0	104	0.347826086957
0.295524122384	0.313840155945	196	24	9	0	104	0.346666666667
0.296276129739	0.314814814815	197	24	9	0	104	0.345514950166
0.296812407303	0.315789473684	198	24	9	0	104	0.344370860927
0.297501428063	0.316764132554	199	24	9	0	104	0.343234323432
0.298346973094	0.317738791423	200	24	9	0	104	0.342105263158
0.298396570694	0.317738791423	201	24	9	0	104	0.340983606557
0.303635179341	0.318713450292	202	24	9	0	104	0.339869281046
0.303752715528	0.319688109162	203	24	9	0	104	0.338762214984
0.303909793143	0.320662768031	204	24	9	0	104	0.337662337662
0.304167487374	0.319688109162	205	24	9	0	104	0.336569579288
0.304319613193	0.320662768031	206	24	9	0	104	0.335483870968
0.304810780507	0.319688109162	207	24	9	0	104	0.334405144695
0.306214462504	0.320662768031	208	24	9	0	104	0.333333333333
0.306495274352	0.321637426901	209	24	9	0	104	0.332268370607
0.306863355553	0.32261208577	210	24	9	0	104	0.331210191083
0.307231188548	0.321637426901	211	24	9	0	104	0.330158730159
0.31091492524	0.32261208577	212	24	9	0	104	0.329113924051
0.311404682933	0.323586744639	213	24	9	0	104	0.328075709779
0.31344150601	0.324561403509	214	24	9	0	104	0.327044025157
0.313481594854	0.324561403509	215	24	9	0	104	0.326018808777
0.313647697397	0.32261208577	215	25	3	0	106	0.330218068536
0.313778274547	0.32261208577	216	25	3	0	106	0.329192546584
0.313786177053	0.32261208577	217	25	3	0	106	0.328173374613
0.314228584046	0.321637426901	218	25	3	0	106	0.327160493827
0.318162067127	0.320662768031	219	25	3	0	106	0.326153846154
0.318742712786	0.321637426901	220	25	3	0	106	0.325153374233
0.320034343417	0.32261208577	221	25	3	0	106	0.324159021407
0.320473298248	0.323586744639	222	25	3	0	106	0.323170731707
0.323964112683	0.323586744639	223	25	3	0	106	0.322188449848
0.324514793506	0.323586744639	224	25	3	0	106	0.321212121212
0.325411740378	0.32261208577	225	25	3	0	106	0.320241691843
0.325428771993	0.321637426901	226	25	3	0	106	0.319277108434
0.327380322948	0.32261208577	227	25	3	0	106	0.318318318318
0.327824455028	0.323586744639	228	25	3	0	106	0.317365269461
0.329632496139	0.318713450292	228	26	9	0	111	0.327433628319
0.33143446925	0.317738791423	229	26	9	0	111	0.326470588235
0.332185922208	0.318713450292	230	26	9	0	111	0.325513196481
0.332331216433	0.319688109162	231	26	9	0	111	0.324561403509
0.333921821187	0.320662768031	232	26	9	0	111	0.32361516035
0.335036707293	0.321637426901	233	26	9	0	111	0.322674418605
0.335126243294	0.32261208577	234	26	9	0	111	0.321739130435
0.337914481188	0.323586744639	235	26	9	0	111	0.320809248555
0.339175330246	0.324561403509	236	26	9	0	111	0.319884726225
0.340947958865	0.325536062378	237	26	9	0	111	0.318965517241
0.34125161933	0.324561403509	238	26	9	0	111	0.318051575931
0.341842437002	0.325536062378	239	26	9	0	111	0.317142857143
0.342865337782	0.316764132554	239	27	18	0	120	0.33426183844
0.3429329267	0.317738791423	240	27	18	0	120	0.333333333333
0.343638192009	0.318713450292	241	27	18	0	120	0.332409972299
0.344170534674	0.319688109162	242	27	18	0	120	0.331491712707
0.347604933187	0.320662768031	243	27	18	0	120	0.330578512397
0.349369700195	0.321637426901	244	27	18	0	120	0.32967032967
0.349422499978	0.32261208577	245	27	18	0	120	0.328767123288
0.352069024242	0.32261208577	246	27	18	0	120	0.327868852459
0.35524573025	0.323586744639	247	27	18	0	120	0.326975476839
0.358000215463	0.324561403509	248	27	18	0	120	0.326086956522
0.358624258757	0.325536062378	249	27	18	0	120	0.325203252033
0.358804185067	0.326510721248	250	27	18	0	120	0.324324324324
0.359424911388	0.326510721248	251	27	18	0	120	0.323450134771
0.362145055	0.327485380117	252	27	18	0	120	0.322580645161
0.363744902874	0.326510721248	253	27	18	0	120	0.321715817694
0.365057075765	0.327485380117	254	27	18	0	120	0.320855614973
0.36779598399	0.328460038986	255	27	18	0	120	0.32
0.367800622459	0.329434697856	256	27	18	0	120	0.31914893617
0.367819492936	0.328460038986	256	28	3	0	121	0.320954907162
0.368670697055	0.328460038986	257	28	3	0	121	0.320105820106
0.372113870304	0.329434697856	258	28	3	0	121	0.31926121372
0.372858239801	0.330409356725	259	28	3	0	121	0.318421052632
0.373536926162	0.330409356725	260	28	3	0	121	0.317585301837
0.374733577158	0.331384015595	261	28	3	0	121	0.316753926702
0.374979099376	0.330409356725	262	28	3	0	121	0.31592689295
0.37523677315	0.328460038986	262	29	6	0	123	0.319480519481
0.376172087626	0.328460038986	263	29	6	0	123	0.318652849741
0.376207761509	0.329434697856	264	29	6	0	123	0.317829457364
0.377624737127	0.330409356725	265	29	6	0	123	0.317010309278
0.379366934538	0.331384015595	266	29	6	0	123	0.316195372751
0.379612177474	0.331384015595	267	29	6	0	123	0.315384615385
0.382927824505	0.332358674464	268	29	6	0	123	0.314578005115
0.38360758593	0.333333333333	269	29	6	0	123	0.313775510204
0.385213040352	0.332358674464	270	29	6	0	123	0.312977099237
0.385282929538	0.333333333333	271	29	6	0	123	0.312182741117
0.388863523245	0.334307992203	272	29	6	0	123	0.311392405063
0.389531289303	0.335282651072	273	29	6	0	123	0.310606060606
0.389552048759	0.336257309942	274	29	6	0	123	0.309823677582
0.391606099601	0.337231968811	275	29	6	0	123	0.309045226131
0.391669680937	0.33820662768	276	29	6	0	123	0.308270676692
0.392557257456	0.33820662768	277	29	6	0	123	0.3075
0.394251566193	0.33918128655	278	29	6	0	123	0.306733167082
0.394489505293	0.337231968811	278	30	9	0	125	0.31017369727
0.397494615956	0.336257309942	278	31	3	0	126	0.311881188119
0.397516650044	0.336257309942	279	31	3	0	126	0.311111111111
0.400611234517	0.337231968811	280	31	3	0	126	0.310344827586
0.400680342825	0.33820662768	281	31	3	0	126	0.309582309582
0.402051053985	0.33820662768	282	31	3	0	126	0.308823529412
0.404830972178	0.33918128655	283	31	3	0	126	0.308068459658
0.407896964755	0.340155945419	284	31	3	0	126	0.307317073171
0.411520180497	0.341130604288	285	31	3	0	126	0.306569343066
0.411879848685	0.342105263158	286	31	3	0	126	0.305825242718
0.412135434104	0.33918128655	286	32	12	0	129	0.310843373494
0.414328535787	0.340155945419	287	32	12	0	129	0.310096153846
0.414477815986	0.341130604288	288	32	12	0	129	0.309352517986
0.415277121285	0.342105263158	289	32	12	0	129	0.308612440191
0.416630020795	0.343079922027	290	32	12	0	129	0.307875894988
0.416754479503	0.344054580897	291	32	12	0	129	0.307142857143
0.425457275959	0.345029239766	292	32	12	0	129	0.306413301663
0.426704397328	0.345029239766	293	32	12	0	129	0.305687203791
0.427035012214	0.346003898635	294	32	12	0	129	0.304964539007
0.427711957925	0.346978557505	295	32	12	0	129	0.304245283019
0.428514467859	0.346978557505	296	32	12	0	129	0.303529411765
0.428613829768	0.346978557505	297	32	12	0	129	0.302816901408
0.429364489412	0.346978557505	298	32	12	0	129	0.302107728337
0.429840679375	0.346003898635	299	32	12	0	129	0.301401869159
0.431065258584	0.346978557505	300	32	12	0	129	0.300699300699
0.431168385203	0.347953216374	301	32	12	0	129	0.3
0.431406882197	0.346003898635	301	33	6	0	131	0.303240740741
0.431671287606	0.346003898635	302	33	6	0	131	0.302540415704
0.43247384352	0.345029239766	303	33	6	0	131	0.301843317972
0.432667390406	0.343079922027	303	34	6	0	133	0.30504587156
0.433337949639	0.344054580897	304	34	6	0	133	0.304347826087
0.434298311777	0.345029239766	305	34	6	0	133	0.303652968037
0.437909159406	0.346003898635	306	34	6	0	133	0.302961275626
0.437950109172	0.346978557505	307	34	6	0	133	0.302272727273
0.438175332132	0.347953216374	308	34	6	0	133	0.301587301587
0.438241925114	0.346978557505	309	34	6	0	133	0.300904977376
0.439151229979	0.347953216374	310	34	6	0	133	0.300225733634
0.440307893822	0.348927875244	311	34	6	0	133	0.29954954955
0.441648915162	0.349902534113	312	34	6	0	133	0.298876404494
0.44192418212	0.349902534113	313	34	6	0	133	0.298206278027
0.442106064781	0.349902534113	314	34	6	0	133	0.297539149888
0.445581799387	0.348927875244	315	34	6	0	133	0.296875
0.445905403545	0.348927875244	315	35	3	0	133	0.296875
0.44659613783	0.348927875244	315	36	9	0	133	0.296875
0.447426845566	0.349902534113	316	36	9	0	133	0.296213808463
0.449045129046	0.350877192982	317	36	9	0	133	0.295555555556
0.450726048017	0.350877192982	318	36	9	0	133	0.294900221729
0.451714186066	0.351851851852	319	36	9	0	133	0.294247787611
0.452107188531	0.352826510721	320	36	9	0	133	0.293598233996
0.453006700149	0.353801169591	321	36	9	0	133	0.29295154185
0.453618237278	0.35477582846	322	36	9	0	133	0.292307692308
0.455755003631	0.35477582846	323	36	9	0	133	0.291666666667
0.456108927662	0.35477582846	324	36	9	0	133	0.291028446389
0.458295725614	0.35477582846	325	36	9	0	133	0.2903930131
0.462083604752	0.355750487329	326	36	9	0	133	0.289760348584
0.463501868018	0.346978557505	326	37	15	0	142	0.303418803419
0.465461013073	0.346003898635	327	37	15	0	142	0.302771855011
0.466929578208	0.346978557505	328	37	15	0	142	0.302127659574
0.470580480915	0.347953216374	329	37	15	0	142	0.301486199575
0.471306135826	0.343079922027	329	38	12	0	147	0.308823529412
0.471960580745	0.344054580897	330	38	12	0	147	0.308176100629
0.474329417309	0.345029239766	331	38	12	0	147	0.307531380753
0.475729635641	0.346003898635	332	38	12	0	147	0.306889352818
0.475996139548	0.345029239766	333	38	12	0	147	0.30625
0.476357340302	0.341130604288	333	39	21	0	151	0.311983471074
0.477535312905	0.340155945419	334	39	21	0	151	0.311340206186
0.477621249971	0.341130604288	335	39	21	0	151	0.310699588477
0.479845433083	0.342105263158	336	39	21	0	151	0.310061601643
0.481305819177	0.341130604288	337	39	21	0	151	0.309426229508
0.48201215444	0.342105263158	338	39	21	0	151	0.308793456033
0.482904435917	0.343079922027	339	39	21	0	151	0.308163265306
0.483525759058	0.344054580897	340	39	21	0	151	0.307535641548
0.483881072888	0.345029239766	341	39	21	0	151	0.306910569106
0.484476096413	0.346003898635	342	39	21	0	151	0.306288032454
0.486239022955	0.346978557505	343	39	21	0	151	0.305668016194
0.487794915725	0.347953216374	344	39	21	0	151	0.305050505051
0.489677039452	0.348927875244	345	39	21	0	151	0.304435483871
0.491094998302	0.349902534113	346	39	21	0	151	0.303822937626
0.493223494815	0.350877192982	347	39	21	0	151	0.303212851406
0.495099957109	0.351851851852	348	39	21	0	151	0.302605210421
0.496077497107	0.352826510721	349	39	21	0	151	0.302
0.497265624208	0.353801169591	350	39	21	0	151	0.301397205589
0.49959364362	0.35477582846	351	39	21	0	151	0.300796812749
0.50152229168	0.355750487329	352	39	21	0	151	0.300198807157
0.505096160541	0.356725146199	353	39	21	0	151	0.299603174603
0.506443899965	0.357699805068	354	39	21	0	151	0.29900990099
0.506493937831	0.357699805068	355	39	21	0	151	0.298418972332
0.508368444825	0.356725146199	356	39	21	0	151	0.297830374753
0.509568675865	0.355750487329	357	39	21	0	151	0.297244094488
0.510037131397	0.35477582846	358	39	21	0	151	0.296660117878
0.512848130043	0.355750487329	359	39	21	0	151	0.296078431373
0.514045674361	0.351851851852	359	40	9	0	155	0.301556420233
0.514135110129	0.351851851852	360	40	9	0	155	0.300970873786
0.514666742165	0.352826510721	361	40	9	0	155	0.300387596899
0.514738402793	0.352826510721	362	40	9	0	155	0.299806576402
0.515798907547	0.353801169591	363	40	9	0	155	0.299227799228
0.517278282527	0.35477582846	364	40	9	0	155	0.298651252408
0.517334184672	0.355750487329	365	40	9	0	155	0.298076923077
0.517445825117	0.355750487329	366	40	9	0	155	0.297504798464
0.518364016643	0.35477582846	366	41	3	0	156	0.298850574713
0.521693052426	0.355750487329	367	41	3	0	156	0.2982791587
0.522799374605	0.356725146199	368	41	3	0	156	0.297709923664
0.523251688392	0.355750487329	369	41	3	0	156	0.297142857143
0.523960915245	0.355750487329	370	41	3	0	156	0.296577946768
0.525093049941	0.35477582846	370	42	3	0	157	0.297912713472
0.528103581292	0.35477582846	370	43	6	0	157	0.297912713472
0.528657946964	0.352826510721	370	44	9	0	159	0.30056710775
0.530321909177	0.353801169591	371	44	9	0	159	0.3
0.5303876897	0.353801169591	372	44	9	0	159	0.299435028249
0.531945048221	0.352826510721	372	45	6	0	160	0.300751879699
0.53281531638	0.353801169591	373	45	6	0	160	0.300187617261
0.532904591019	0.35477582846	374	45	6	0	160	0.299625468165
0.533367114539	0.35477582846	374	46	3	0	160	0.299625468165
0.533604101076	0.355750487329	375	46	3	0	160	0.299065420561
0.533807838922	0.355750487329	376	46	3	0	160	0.298507462687
0.535641774748	0.356725146199	377	46	3	0	160	0.297951582868
0.536443067347	0.357699805068	378	46	3	0	160	0.297397769517
0.539612514258	0.351851851852	378	47	21	0	166	0.305147058824
0.541089316637	0.352826510721	379	47	21	0	166	0.304587155963
0.541689668455	0.353801169591	380	47	21	0	166	0.304029304029
0.543565068018	0.35477582846	381	47	21	0	166	0.303473491773
0.543631315752	0.355750487329	382	47	21	0	166	0.302919708029
0.543776188039	0.356725146199	383	47	21	0	166	0.302367941712
0.54478088711	0.356725146199	384	47	21	0	166	0.301818181818
0.546865800348	0.357699805068	385	47	21	0	166	0.301270417423
0.546949936961	0.355750487329	385	48	6	0	168	0.303797468354
0.547037153046	0.356725146199	386	48	6	0	168	0.303249097473
0.550461434285	0.357699805068	387	48	6	0	168	0.302702702703
0.551271523329	0.358674463938	388	48	6	0	168	0.302158273381
0.551641849077	0.337231968811	388	49	33	0	190	0.328719723183
0.551868929667	0.330409356725	388	50	21	0	197	0.336752136752
0.553220300782	0.331384015595	389	50	21	0	197	0.336177474403
0.553726315738	0.332358674464	390	50	21	0	197	0.335604770017
0.555609933243	0.333333333333	391	50	21	0	197	0.335034013605
0.556618561698	0.333333333333	392	50	21	0	197	0.334465195246
0.5585288675	0.333333333333	393	50	21	0	197	0.333898305085
0.56163955864	0.334307992203	394	50	21	0	197	0.333333333333
0.562225626656	0.333333333333	395	50	21	0	197	0.33277027027
0.565077883743	0.333333333333	396	50	21	0	197	0.332209106239
0.565513551944	0.333333333333	397	50	21	0	197	0.33164983165
0.565796348386	0.334307992203	398	50	21	0	197	0.331092436975
0.567211232191	0.335282651072	399	50	21	0	197	0.330536912752
0.568034422241	0.336257309942	400	50	21	0	197	0.329983249581
0.570143696781	0.335282651072	401	50	21	0	197	0.329431438127
0.571727510767	0.336257309942	402	50	21	0	197	0.328881469115
0.571749816689	0.337231968811	403	50	21	0	197	0.328333333333
0.573494652295	0.33820662768	404	50	21	0	197	0.327787021631
0.575026848626	0.33918128655	405	50	21	0	197	0.327242524917
0.575043599511	0.33820662768	406	50	21	0	197	0.326699834163
0.578344461362	0.33918128655	407	50	21	0	197	0.326158940397
0.5791885917	0.33918128655	408	50	21	0	197	0.325619834711
0.579861234027	0.340155945419	409	50	21	0	197	0.325082508251
0.579956034677	0.341130604288	410	50	21	0	197	0.324546952224
0.582786789872	0.342105263158	411	50	21	0	197	0.324013157895
0.584613826003	0.342105263158	412	50	21	0	197	0.323481116585
0.586190589097	0.343079922027	413	50	21	0	197	0.322950819672
0.586524762764	0.344054580897	414	50	21	0	197	0.322422258592
0.586640130366	0.345029239766	415	50	21	0	197	0.321895424837
0.586893169121	0.346003898635	416	50	21	0	197	0.321370309951
0.587174365677	0.345029239766	417	50	21	0	197	0.320846905537
0.587923041583	0.345029239766	418	50	21	0	197	0.320325203252
0.588862395913	0.346003898635	419	50	21	0	197	0.319805194805
0.589621892176	0.346003898635	420	50	21	0	197	0.319286871961
0.589712968428	0.346003898635	421	50	21	0	197	0.318770226537
0.589822338693	0.346003898635	422	50	21	0	197	0.318255250404
0.591996907063	0.341130604288	422	51	12	0	202	0.323717948718
0.593513207374	0.340155945419	423	51	12	0	202	0.3232
0.597410487929	0.33918128655	424	51	12	0	202	0.32268370607
0.598312820586	0.340155945419	425	51	12	0	202	0.322169059011
0.598391640373	0.340155945419	426	51	12	0	202	0.321656050955
0.598738276908	0.341130604288	427	51	12	0	202	0.321144674086
0.60142725217	0.342105263158	428	51	12	0	202	0.320634920635
0.601519014977	0.342105263158	428	52	3	0	202	0.320634920635
0.604625223993	0.343079922027	429	52	3	0	202	0.320126782884
0.604661075046	0.344054580897	430	52	3	0	202	0.319620253165
0.606870764594	0.344054580897	431	52	3	0	202	0.319115323855
0.607573494909	0.345029239766	432	52	3	0	202	0.318611987382
0.609794635845	0.346003898635	433	52	3	0	202	0.31811023622
0.612115859754	0.346978557505	434	52	3	0	202	0.317610062893
0.614575339926	0.344054580897	434	53	12	0	205	0.320813771518
0.616780854889	0.345029239766	435	53	12	0	205	0.3203125
0.61730165933	0.33820662768	435	54	12	0	212	0.327666151468
0.618479148551	0.33820662768	436	54	12	0	212	0.327160493827
0.61878887641	0.33918128655	437	54	12	0	212	0.326656394453
0.620473793398	0.340155945419	438	54	12	0	212	0.326153846154
0.623239833744	0.341130604288	439	54	12	0	212	0.325652841782
0.626972106908	0.341130604288	440	54	12	0	212	0.325153374233
0.627607422503	0.342105263158	441	54	12	0	212	0.324655436447
0.627875785654	0.343079922027	442	54	12	0	212	0.324159021407
0.629818008778	0.342105263158	443	54	12	0	212	0.323664122137
0.631932602956	0.333333333333	443	55	15	0	221	0.332831325301
0.63330994991	0.334307992203	444	55	15	0	221	0.332330827068
0.635023613154	0.333333333333	445	55	15	0	221	0.331831831832
0.637264702187	0.334307992203	446	55	15	0	221	0.331334332834
0.638816389315	0.335282651072	447	55	15	0	221	0.330838323353
0.644185746648	0.336257309942	448	55	15	0	221	0.330343796712
0.644813136923	0.337231968811	449	55	15	0	221	0.329850746269
0.644890500883	0.337231968811	450	55	15	0	221	0.329359165425
0.644972060257	0.337231968811	451	55	15	0	221	0.328869047619
0.646224714394	0.335282651072	451	56	3	0	223	0.330860534125
0.647240484168	0.335282651072	452	56	3	0	223	0.33037037037
0.64857387825	0.332358674464	452	57	9	0	226	0.333333333333
0.648774325327	0.333333333333	453	57	9	0	226	0.332842415317
0.65129295888	0.334307992203	454	57	9	0	226	0.332352941176
0.651364789841	0.333333333333	455	57	9	0	226	0.331864904552
0.651703518545	0.334307992203	456	57	9	0	226	0.33137829912
0.6535074306	0.335282651072	457	57	9	0	226	0.330893118594
0.655143430982	0.336257309942	458	57	9	0	226	0.330409356725
0.658869858325	0.335282651072	459	57	9	0	226	0.329927007299
0.660129768796	0.336257309942	460	57	9	0	226	0.32944606414
0.660463291731	0.335282651072	461	57	9	0	226	0.328966521106
0.661445476409	0.336257309942	462	57	9	0	226	0.328488372093
0.662230782607	0.337231968811	463	57	9	0	226	0.32801161103
0.665105961387	0.33820662768	464	57	9	0	226	0.327536231884
0.668174540074	0.337231968811	465	57	9	0	226	0.327062228654
0.668720200897	0.336257309942	466	57	9	0	226	0.326589595376
0.669771610199	0.336257309942	467	57	9	0	226	0.326118326118
0.673874757167	0.337231968811	468	57	9	0	226	0.325648414986
0.675518837652	0.33820662768	469	57	9	0	226	0.325179856115
0.675639921532	0.33918128655	470	57	9	0	226	0.324712643678
0.677426536332	0.340155945419	471	57	9	0	226	0.324246771879
0.678554148533	0.332358674464	471	58	9	0	234	0.331914893617
0.679215516634	0.333333333333	472	58	9	0	234	0.331444759207
0.680695194903	0.334307992203	473	58	9	0	234	0.330975954738
0.68148269561	0.335282651072	474	58	9	0	234	0.330508474576
0.682951523128	0.336257309942	475	58	9	0	234	0.330042313117
0.683127444582	0.336257309942	476	58	9	0	234	0.329577464789
0.683402267791	0.335282651072	477	58	9	0	234	0.329113924051
0.684196495097	0.334307992203	478	58	9	0	234	0.328651685393
0.689673830805	0.333333333333	479	58	9	0	234	0.328190743338
0.689705485606	0.334307992203	480	58	9	0	234	0.327731092437
