# time 	 divergence 	 # of mutations 	 # IGC chances 	 IGC length 	 # IGC failures 	 Changes due to IGC  	 % change due to IGC 
0.0	0.586744639376	0	0	0	0	0	0.0
0.00127096289631	0.587719298246	1	0	0	0	0	0.0
0.00183459965132	0.588693957115	2	0	0	0	0	0.0
0.00235820291363	0.588693957115	3	0	0	0	0	0.0
0.00241715571422	0.587719298246	4	0	0	0	0	0.0
0.0089004925591	0.586744639376	5	0	0	0	0	0.0
0.0108720963852	0.587719298246	6	0	0	0	0	0.0
0.0109042774728	0.587719298246	7	0	0	0	0	0.0
0.0129237599924	0.588693957115	8	0	0	0	0	0.0
0.01364739541	0.582846003899	8	1	6	0	6	0.428571428571
0.0142660160127	0.581871345029	9	1	6	0	6	0.4
0.0156050879483	0.582846003899	10	1	6	0	6	0.375
0.0157963164971	0.581871345029	11	1	6	0	6	0.352941176471
0.0161750237864	0.582846003899	12	1	6	0	6	0.333333333333
0.0163429456727	0.583820662768	13	1	6	0	6	0.315789473684
0.0163723492601	0.582846003899	14	1	6	0	6	0.3
0.0171263955013	0.582846003899	15	1	6	0	6	0.285714285714
0.0183127710659	0.583820662768	16	1	6	0	6	0.272727272727
0.0194525805703	0.584795321637	17	1	6	0	6	0.260869565217
0.0210299325739	0.584795321637	18	1	6	0	6	0.25
0.0215708871744	0.584795321637	19	1	6	0	6	0.24
0.0245836742934	0.585769980507	20	1	6	0	6	0.230769230769
0.02924822921	0.586744639376	21	1	6	0	6	0.222222222222
0.034017591049	0.586744639376	22	1	6	0	6	0.214285714286
0.0367775570995	0.587719298246	23	1	6	0	6	0.206896551724
0.0369914378668	0.588693957115	24	1	6	0	6	0.2
0.0370150381347	0.588693957115	25	1	6	0	6	0.193548387097
0.0379503380023	0.588693957115	26	1	6	0	6	0.1875
0.0383031876844	0.589668615984	27	1	6	0	6	0.181818181818
0.0384445519495	0.589668615984	28	1	6	0	6	0.176470588235
0.0445334629287	0.588693957115	29	1	6	0	6	0.171428571429
0.0466283655687	0.588693957115	30	1	6	0	6	0.166666666667
0.048021828013	0.589668615984	31	1	6	0	6	0.162162162162
0.0511031692329	0.590643274854	32	1	6	0	6	0.157894736842
0.0539617394472	0.591617933723	33	1	6	0	6	0.153846153846
0.0544907369257	0.590643274854	34	1	6	0	6	0.15
0.0547484827569	0.591617933723	35	1	6	0	6	0.146341463415
0.0556570937682	0.590643274854	36	1	6	0	6	0.142857142857
0.0571460960498	0.591617933723	37	1	6	0	6	0.139534883721
0.058713988655	0.592592592593	38	1	6	0	6	0.136363636364
0.0593775559828	0.592592592593	39	1	6	0	6	0.133333333333
0.0596894512341	0.592592592593	40	1	6	0	6	0.130434782609
0.0606059800946	0.592592592593	41	1	6	0	6	0.127659574468
0.0656248314252	0.592592592593	42	1	6	0	6	0.125
0.0659576755949	0.592592592593	43	1	6	0	6	0.122448979592
0.068052117216	0.592592592593	44	1	6	0	6	0.12
0.0685033026828	0.592592592593	45	1	6	0	6	0.117647058824
0.0685190458962	0.593567251462	46	1	6	0	6	0.115384615385
0.0695262896103	0.593567251462	47	1	6	0	6	0.11320754717
0.0711505326632	0.594541910331	48	1	6	0	6	0.111111111111
0.0718857056579	0.595516569201	49	1	6	0	6	0.109090909091
0.0726569555845	0.594541910331	50	1	6	0	6	0.107142857143
0.0728525988476	0.594541910331	51	1	6	0	6	0.105263157895
0.0741344568533	0.594541910331	52	1	6	0	6	0.103448275862
0.0759717272362	0.593567251462	53	1	6	0	6	0.101694915254
0.0775776192642	0.593567251462	54	1	6	0	6	0.1
0.0785500135004	0.593567251462	55	1	6	0	6	0.0983606557377
0.0856169381049	0.594541910331	56	1	6	0	6	0.0967741935484
0.0856652318883	0.594541910331	57	1	6	0	6	0.0952380952381
0.0870627110363	0.594541910331	58	1	6	0	6	0.09375
0.0874015458679	0.594541910331	59	1	6	0	6	0.0923076923077
0.0892582412744	0.594541910331	60	1	6	0	6	0.0909090909091
