# time 	 divergence 	 # of mutations 	 # IGC chances 	 IGC length 	 # IGC failures 	 Changes due to IGC  	 % change due to IGC 
0.0	0.00854700854701	0	0	0	0	0	0.0
0.000378565440755	0.00854700854701	0	1	3	0	0	0.0
0.000443437158818	0.00854700854701	0	2	3	0	0	0.0
0.000572303929947	0.00854700854701	0	3	3	0	0	0.0
0.000593541836389	0.00854700854701	0	4	3	0	0	0.0
0.000595304857466	0.00854700854701	0	5	3	0	0	0.0
0.000606828702303	0.00854700854701	0	6	3	0	0	0.0
0.000705620378496	0.00854700854701	0	7	3	0	0	0.0
0.000840016083908	0.0106837606838	1	7	3	0	0	0.0
0.00120790165084	0.0106837606838	1	8	3	0	0	0.0
0.00153236619701	0.0106837606838	1	9	3	0	0	0.0
0.00154648601171	0.0106837606838	1	10	3	0	0	0.0
0.00201015000028	0.0106837606838	1	11	3	0	0	0.0
0.00282718881475	0.0106837606838	1	12	3	0	0	0.0
0.00299497121577	0.0106837606838	1	13	3	0	0	0.0
0.00330483768268	0.0106837606838	1	14	3	0	0	0.0
0.00338464648597	0.0106837606838	1	15	3	0	0	0.0
0.00342361080446	0.0106837606838	1	16	3	0	0	0.0
0.00354180676658	0.0106837606838	1	17	3	0	0	0.0
0.0036843852475	0.0106837606838	1	18	3	0	0	0.0
0.00383040126897	0.0106837606838	1	19	3	0	0	0.0
0.00387320650922	0.0106837606838	1	20	3	0	0	0.0
0.00400623390759	0.0106837606838	1	21	3	0	0	0.0
0.00416588962648	0.0106837606838	1	22	3	0	0	0.0
0.00417879232464	0.0106837606838	1	23	3	0	0	0.0
0.00418904054129	0.0128205128205	2	23	3	0	0	0.0
0.00424367847538	0.0128205128205	2	24	3	0	0	0.0
0.004258143344	0.0128205128205	2	25	3	0	0	0.0
0.0042947803613	0.0128205128205	2	26	3	0	0	0.0
0.00464973816965	0.0128205128205	2	27	3	0	0	0.0
0.00476016989001	0.0128205128205	2	28	3	0	0	0.0
0.0050954277884	0.0128205128205	2	29	3	0	0	0.0
0.00537419015429	0.0128205128205	2	30	3	0	0	0.0
0.00554089100404	0.0128205128205	2	31	3	0	0	0.0
0.00579923667749	0.0128205128205	2	32	3	0	0	0.0
0.00582798459185	0.0128205128205	2	33	3	0	0	0.0
0.00601833877661	0.0128205128205	2	34	3	0	0	0.0
0.00609093143116	0.0128205128205	2	35	3	0	0	0.0
0.00635872278589	0.0128205128205	2	36	3	0	0	0.0
0.00643805487348	0.0128205128205	2	37	3	0	0	0.0
0.00652929261229	0.0128205128205	2	38	3	0	0	0.0
0.00665900004296	0.0128205128205	2	39	3	0	0	0.0
0.00682777383934	0.0128205128205	2	40	3	0	0	0.0
0.00683751366263	0.0128205128205	2	41	3	0	0	0.0
0.00702058551066	0.0128205128205	2	42	3	0	0	0.0
0.00718363687486	0.0128205128205	2	43	3	0	0	0.0
0.00790971082927	0.0128205128205	2	44	3	0	0	0.0
0.00814376045983	0.0128205128205	2	45	3	0	0	0.0
0.00856854300634	0.0128205128205	2	46	3	0	0	0.0
0.00879130047692	0.0106837606838	2	47	3	0	1	0.333333333333
0.00900275950114	0.0106837606838	2	48	3	0	1	0.333333333333
0.00912432060376	0.0106837606838	2	49	3	0	1	0.333333333333
0.00947894359448	0.0106837606838	2	50	3	0	1	0.333333333333
0.00969305120045	0.0106837606838	2	51	3	0	1	0.333333333333
0.00973429893615	0.0106837606838	2	52	3	0	1	0.333333333333
0.00994181264094	0.0106837606838	2	53	3	0	1	0.333333333333
0.0101080937836	0.0128205128205	3	53	3	0	1	0.25
0.0102170044838	0.0128205128205	3	54	3	0	1	0.25
0.010303359173	0.0128205128205	3	55	3	0	1	0.25
0.0103287169429	0.0128205128205	3	56	3	0	1	0.25
0.0104889935427	0.0128205128205	3	57	3	0	1	0.25
0.0105989608868	0.0128205128205	3	58	3	0	1	0.25
0.0108109092989	0.0106837606838	3	59	3	0	2	0.4
0.0109138658437	0.0106837606838	3	60	3	0	2	0.4
0.0109406468161	0.0106837606838	3	61	3	0	2	0.4
0.0110915901407	0.0106837606838	3	62	3	0	2	0.4
0.0112814320211	0.0106837606838	3	63	3	0	2	0.4
0.0112937170327	0.0106837606838	3	64	3	0	2	0.4
0.0116205267781	0.0106837606838	3	65	3	0	2	0.4
0.0117643812113	0.0106837606838	3	66	3	0	2	0.4
0.0117852293589	0.0106837606838	3	67	3	0	2	0.4
0.0118537709476	0.0106837606838	3	68	3	0	2	0.4
0.0118841652085	0.0106837606838	3	69	3	0	2	0.4
0.0118881007977	0.0106837606838	3	70	3	0	2	0.4
0.0121793368444	0.0106837606838	3	71	3	0	2	0.4
0.0122005665902	0.0106837606838	3	72	3	0	2	0.4
0.0122854206991	0.0106837606838	3	73	3	0	2	0.4
0.0123489836062	0.0106837606838	3	74	3	0	2	0.4
0.012395539323	0.0106837606838	3	75	3	0	2	0.4
0.0127214375814	0.0106837606838	3	76	3	0	2	0.4
0.0129319996031	0.0106837606838	3	77	3	0	2	0.4
0.0130037379072	0.0106837606838	3	78	3	0	2	0.4
0.0131329651331	0.0106837606838	3	79	3	0	2	0.4
0.0131461932324	0.0128205128205	4	79	3	0	2	0.333333333333
0.0131764376525	0.0128205128205	4	80	3	0	2	0.333333333333
0.0132943032364	0.0128205128205	4	81	3	0	2	0.333333333333
0.0133631121386	0.0128205128205	4	82	3	0	2	0.333333333333
0.0134399151694	0.0128205128205	4	83	3	0	2	0.333333333333
0.013556198711	0.0128205128205	4	84	3	0	2	0.333333333333
0.0136342370214	0.0128205128205	4	85	3	0	2	0.333333333333
0.0138980023116	0.0149572649573	5	85	3	0	2	0.285714285714
0.0139996059017	0.0149572649573	5	86	3	0	2	0.285714285714
0.0144666978402	0.0149572649573	5	87	3	0	2	0.285714285714
0.0144792175538	0.0149572649573	5	88	3	0	2	0.285714285714
0.0148147157744	0.017094017094	6	88	3	0	2	0.25
0.0149491583904	0.017094017094	6	89	3	0	2	0.25
0.0152180368566	0.017094017094	6	90	3	0	2	0.25
0.0156663665389	0.017094017094	6	91	3	0	2	0.25
0.0157935991011	0.017094017094	6	92	3	0	2	0.25
0.0158066328319	0.017094017094	6	93	3	0	2	0.25
0.0158215053997	0.017094017094	6	94	3	0	2	0.25
0.0159093356439	0.017094017094	6	95	3	0	2	0.25
0.0160758216477	0.017094017094	6	96	3	0	2	0.25
0.0161282033512	0.0149572649573	6	97	3	0	3	0.333333333333
0.0162920509557	0.0149572649573	6	98	3	0	3	0.333333333333
0.0163655718284	0.0149572649573	6	99	3	0	3	0.333333333333
0.0165016243795	0.0149572649573	6	100	3	0	3	0.333333333333
0.0165049714103	0.0149572649573	6	101	3	0	3	0.333333333333
0.0165285198915	0.0149572649573	6	102	3	0	3	0.333333333333
0.016542866598	0.0149572649573	6	103	3	0	3	0.333333333333
0.0167251921444	0.0149572649573	6	104	3	0	3	0.333333333333
0.0167503862662	0.017094017094	7	104	3	0	3	0.3
0.0169077262874	0.017094017094	7	105	3	0	3	0.3
0.0170423054596	0.017094017094	7	106	3	0	3	0.3
0.0170891983688	0.017094017094	7	107	3	0	3	0.3
0.0171586747858	0.017094017094	7	108	3	0	3	0.3
