# time 	 divergence 	 # of mutations 	 # IGC chances 	 IGC length 	 # IGC failures 	 Changes due to IGC  	 % change due to IGC 
0.0	0.017094017094	0	0	0	0	0	0.0
0.00128703129268	0.0192307692308	1	0	0	0	0	0.0
0.00280801192543	0.0192307692308	2	0	0	0	0	0.0
0.00577220930036	0.0213675213675	3	0	0	0	0	0.0
0.00585169792207	0.0213675213675	3	1	18	0	0	0.0
0.008480655133	0.0213675213675	3	2	9	0	0	0.0
0.00870025271947	0.0213675213675	3	3	3	0	0	0.0
0.00881135677085	0.0213675213675	3	4	9	0	0	0.0
0.0116297319794	0.0213675213675	3	5	6	0	0	0.0
0.0116798744996	0.0213675213675	3	6	9	0	0	0.0
0.0117979044472	0.0192307692308	3	7	18	0	1	0.25
0.01197255165	0.0192307692308	3	8	18	0	1	0.25
0.0120409762756	0.0192307692308	3	9	3	0	1	0.25
0.0129109882521	0.0192307692308	3	10	6	0	1	0.25
0.0135198759108	0.0192307692308	3	11	6	0	1	0.25
0.0136343198755	0.0213675213675	4	11	6	0	1	0.2
0.014500599711	0.0213675213675	4	12	9	0	1	0.2
0.0145085653233	0.0213675213675	4	13	6	0	1	0.2
0.0155481448385	0.0235042735043	5	13	6	0	1	0.166666666667
0.0156439057871	0.025641025641	6	13	6	0	1	0.142857142857
0.0156661584737	0.0213675213675	6	14	18	0	3	0.333333333333
0.0166809499965	0.0213675213675	6	15	12	0	3	0.333333333333
0.017210372394	0.0213675213675	6	16	9	0	3	0.333333333333
0.0177507944871	0.0213675213675	6	17	3	0	3	0.333333333333
0.0181437417933	0.0213675213675	6	18	6	0	3	0.333333333333
0.0194734004266	0.0213675213675	6	19	18	0	3	0.333333333333
0.0200994980027	0.0213675213675	6	20	9	0	3	0.333333333333
0.0209774743824	0.0213675213675	6	21	6	0	3	0.333333333333
