# time 	 divergence 	 # of mutations 	 # IGC chances 	 IGC length 	 # IGC failures 	 Changes due to IGC  	 % change due to IGC 
0.0	0.00613496932515	0	0	0	0	0	0.0
0.000531684667673	0.0081799591002	1	0	0	0	0	0.0
0.00247208860712	0.0102249488753	2	0	0	0	0	0.0
0.00399178515669	0.0122699386503	3	0	0	0	0	0.0
0.00526719872089	0.0143149284254	4	0	0	0	0	0.0
0.00549844024851	0.0163599182004	5	0	0	0	0	0.0
0.00593376315399	0.0184049079755	6	0	0	0	0	0.0
0.00786558640833	0.0204498977505	7	0	0	0	0	0.0
0.00896649387596	0.0224948875256	8	0	0	0	0	0.0
0.0101583708033	0.0245398773006	9	0	0	0	0	0.0
0.0131491562002	0.0265848670757	10	0	0	0	0	0.0
0.0189489881081	0.0245398773006	11	0	0	0	0	0.0
0.0204004460257	0.0204498977505	11	1	45	0	2	0.153846153846
0.0236601845802	0.0224948875256	12	1	45	0	2	0.142857142857
0.0400005683682	0.0245398773006	13	1	45	0	2	0.133333333333
0.0413932231424	0.0265848670757	14	1	45	0	2	0.125
0.0426653963706	0.0286298568507	15	1	45	0	2	0.117647058824
0.0428675601009	0.0306748466258	16	1	45	0	2	0.111111111111
0.0448803756794	0.0327198364008	17	1	45	0	2	0.105263157895
0.0459082352103	0.0347648261759	18	1	45	0	2	0.1
0.047229494506	0.0368098159509	19	1	45	0	2	0.0952380952381
0.0474444398906	0.038854805726	20	1	45	0	2	0.0909090909091
0.0516612586228	0.040899795501	21	1	45	0	2	0.0869565217391
0.0595408201404	0.0368098159509	21	2	24	0	4	0.16
0.0600588464139	0.038854805726	22	2	24	0	4	0.153846153846
0.0612154044781	0.040899795501	23	2	24	0	4	0.148148148148
0.0620952470882	0.0429447852761	24	2	24	0	4	0.142857142857
0.0634760179353	0.0449897750511	25	2	24	0	4	0.137931034483
0.065205539637	0.0306748466258	25	3	162	0	11	0.305555555556
0.0693874238526	0.0204498977505	25	4	81	0	16	0.390243902439
0.0704864226372	0.0224948875256	26	4	81	0	16	0.380952380952
0.0729003959769	0.0245398773006	27	4	81	0	16	0.372093023256
0.0757117321576	0.0265848670757	28	4	81	0	16	0.363636363636
0.0767328624986	0.0265848670757	28	5	81	0	16	0.363636363636
0.0770167719239	0.0286298568507	29	5	81	0	16	0.355555555556
0.0771983210621	0.0306748466258	30	5	81	0	16	0.347826086957
0.0779528029571	0.0327198364008	31	5	81	0	16	0.340425531915
0.0825533312425	0.0347648261759	32	5	81	0	16	0.333333333333
0.0844432597871	0.0204498977505	32	6	243	0	23	0.418181818182
0.0868816469144	0.0224948875256	33	6	243	0	23	0.410714285714
0.0942523080177	0.0245398773006	34	6	243	0	23	0.40350877193
0.0947010052274	0.0265848670757	35	6	243	0	23	0.396551724138
0.0963762246663	0.0265848670757	35	7	33	0	23	0.396551724138
0.0965244803141	0.0286298568507	36	7	33	0	23	0.389830508475
0.0971165651939	0.0306748466258	37	7	33	0	23	0.383333333333
0.0984460700626	0.0245398773006	37	8	51	0	26	0.412698412698
0.100157560323	0.0265848670757	38	8	51	0	26	0.40625
0.101779545582	0.0286298568507	39	8	51	0	26	0.4
0.104198758152	0.0306748466258	40	8	51	0	26	0.393939393939
0.10715613165	0.0327198364008	41	8	51	0	26	0.388059701493
0.109262355418	0.0347648261759	42	8	51	0	26	0.382352941176
0.110658469959	0.0368098159509	43	8	51	0	26	0.376811594203
0.110870468227	0.038854805726	44	8	51	0	26	0.371428571429
0.111956836151	0.040899795501	45	8	51	0	26	0.366197183099
0.118409854181	0.0429447852761	46	8	51	0	26	0.361111111111
0.126243587685	0.0449897750511	47	8	51	0	26	0.356164383562
0.126568586442	0.0470347648262	48	8	51	0	26	0.351351351351
0.129126161429	0.0490797546012	49	8	51	0	26	0.346666666667
0.12966211036	0.0449897750511	49	9	69	0	28	0.363636363636
0.130099603728	0.0470347648262	50	9	69	0	28	0.358974358974
0.141145717825	0.0490797546012	51	9	69	0	28	0.354430379747
0.141637062341	0.0490797546012	51	10	3	0	28	0.354430379747
0.142309999246	0.0511247443763	52	10	3	0	28	0.35
0.142412625118	0.0531697341513	53	10	3	0	28	0.345679012346
0.143795743058	0.0552147239264	54	10	3	0	28	0.341463414634
0.145870384358	0.0572597137014	55	10	3	0	28	0.33734939759
0.148151080312	0.0593047034765	56	10	3	0	28	0.333333333333
0.151141156559	0.0552147239264	56	11	42	0	30	0.348837209302
0.152587786053	0.0572597137014	57	11	42	0	30	0.344827586207
0.153508007471	0.0593047034765	58	11	42	0	30	0.340909090909
0.154106825357	0.0552147239264	58	12	81	0	32	0.355555555556
0.154822120033	0.0552147239264	59	12	81	0	32	0.351648351648
0.159111645188	0.0572597137014	60	12	81	0	32	0.347826086957
0.159387589753	0.0572597137014	60	13	12	0	32	0.347826086957
0.164064452948	0.0429447852761	60	14	201	0	39	0.393939393939
0.164743942913	0.0449897750511	61	14	201	0	39	0.39
0.166162669587	0.0470347648262	62	14	201	0	39	0.386138613861
0.175189134597	0.0327198364008	62	15	132	0	46	0.425925925926
0.175400727745	0.0286298568507	62	16	36	0	48	0.436363636364
0.178044218879	0.0306748466258	63	16	36	0	48	0.432432432432
0.178200710227	0.0327198364008	64	16	36	0	48	0.428571428571
0.180527011955	0.0347648261759	65	16	36	0	48	0.424778761062
0.181421383641	0.0286298568507	65	17	33	0	51	0.439655172414
0.182727264025	0.0306748466258	66	17	33	0	51	0.435897435897
0.182787973269	0.0327198364008	67	17	33	0	51	0.432203389831
0.183127830523	0.0286298568507	67	18	120	0	53	0.441666666667
0.18543901276	0.0306748466258	68	18	120	0	53	0.438016528926
0.192189180965	0.0327198364008	69	18	120	0	53	0.434426229508
0.194527989645	0.0347648261759	70	18	120	0	53	0.430894308943
0.194759120054	0.0327198364008	70	19	30	0	54	0.435483870968
0.197587298167	0.0347648261759	71	19	30	0	54	0.432
0.198728786385	0.0327198364008	71	20	27	0	55	0.436507936508
0.205286835415	0.0347648261759	72	20	27	0	55	0.433070866142
0.205306219638	0.0368098159509	73	20	27	0	55	0.4296875
0.206650076558	0.038854805726	74	20	27	0	55	0.426356589147
0.207238911389	0.040899795501	75	20	27	0	55	0.423076923077
