# time 	 divergence 	 # of mutations 	 # IGC chances 	 IGC length 	 # IGC failures 	 Changes due to IGC  	 % change due to IGC 
0.0	0.278494623656	0	0	0	0	0	0.0
0.000926748360216	0.278494623656	1	0	0	0	0	0.0
0.00388926353133	0.279569892473	2	0	0	0	0	0.0
0.00692624306359	0.28064516129	3	0	0	0	0	0.0
0.00784015414667	0.281720430108	4	0	0	0	0	0.0
0.00923446137204	0.282795698925	5	0	0	0	0	0.0
0.00928667271959	0.281720430108	6	0	0	0	0	0.0
0.00947480369432	0.282795698925	7	0	0	0	0	0.0
0.0107175228581	0.283870967742	8	0	0	0	0	0.0
0.0115747186152	0.284946236559	9	0	0	0	0	0.0
0.0116981440366	0.286021505376	10	0	0	0	0	0.0
0.0131999311001	0.284946236559	11	0	0	0	0	0.0
0.0190877168428	0.286021505376	12	0	0	0	0	0.0
0.0247061556506	0.284946236559	12	1	6	0	1	0.0769230769231
0.0254035469603	0.286021505376	13	1	6	0	1	0.0714285714286
0.0269920597958	0.287096774194	14	1	6	0	1	0.0666666666667
0.0311081541522	0.288172043011	15	1	6	0	1	0.0625
0.0314625039958	0.289247311828	16	1	6	0	1	0.0588235294118
0.0324657690417	0.290322580645	17	1	6	0	1	0.0555555555556
0.0337426514591	0.290322580645	18	1	6	0	1	0.0526315789474
0.0340212813942	0.291397849462	19	1	6	0	1	0.05
0.0353694196321	0.291397849462	20	1	6	0	1	0.047619047619
0.0354000996198	0.29247311828	21	1	6	0	1	0.0454545454545
0.0354061779183	0.291397849462	22	1	6	0	1	0.0434782608696
0.0379834315559	0.29247311828	23	1	6	0	1	0.0416666666667
0.0382607987504	0.293548387097	24	1	6	0	1	0.04
0.0383585795675	0.294623655914	25	1	6	0	1	0.0384615384615
0.0385784250933	0.294623655914	26	1	6	0	1	0.037037037037
0.0433798940863	0.272043010753	26	2	51	0	22	0.458333333333
0.0462704996463	0.27311827957	27	2	51	0	22	0.448979591837
0.0463883588282	0.27311827957	28	2	51	0	22	0.44
0.0465262446708	0.274193548387	29	2	51	0	22	0.43137254902
0.0470690812919	0.275268817204	30	2	51	0	22	0.423076923077
0.0482593429319	0.275268817204	31	2	51	0	22	0.415094339623
0.0483286443646	0.275268817204	32	2	51	0	22	0.407407407407
0.0503635801487	0.275268817204	33	2	51	0	22	0.4
0.0505378289332	0.275268817204	34	2	51	0	22	0.392857142857
0.0511389204451	0.276344086022	35	2	51	0	22	0.385964912281
0.0513764559193	0.275268817204	36	2	51	0	22	0.379310344828
0.0514636879648	0.275268817204	37	2	51	0	22	0.372881355932
0.0537874011186	0.276344086022	38	2	51	0	22	0.366666666667
0.0538337591984	0.277419354839	39	2	51	0	22	0.360655737705
0.0549508214549	0.278494623656	40	2	51	0	22	0.354838709677
0.05637236831	0.279569892473	41	2	51	0	22	0.349206349206
0.0575975230552	0.278494623656	42	2	51	0	22	0.34375
0.0579006437726	0.261290322581	42	3	36	0	38	0.475
0.0583538415234	0.262365591398	43	3	36	0	38	0.469135802469
0.0590767118684	0.263440860215	44	3	36	0	38	0.463414634146
0.063148974927	0.264516129032	45	3	36	0	38	0.457831325301
0.064224550067	0.265591397849	46	3	36	0	38	0.452380952381
0.0644086603407	0.266666666667	47	3	36	0	38	0.447058823529
0.0649680467673	0.267741935484	48	3	36	0	38	0.441860465116
0.0660384315932	0.268817204301	49	3	36	0	38	0.436781609195
0.0666910385129	0.269892473118	50	3	36	0	38	0.431818181818
0.0670747918311	0.269892473118	51	3	36	0	38	0.426966292135
0.068530239279	0.270967741935	52	3	36	0	38	0.422222222222
0.0696940505838	0.272043010753	53	3	36	0	38	0.417582417582
0.0710426306895	0.270967741935	54	3	36	0	38	0.413043478261
0.0735709573142	0.270967741935	55	3	36	0	38	0.408602150538
0.0757333463626	0.272043010753	56	3	36	0	38	0.404255319149
0.0765276561213	0.27311827957	57	3	36	0	38	0.4
0.0771973245555	0.27311827957	58	3	36	0	38	0.395833333333
0.079214560806	0.274193548387	59	3	36	0	38	0.39175257732
0.0809840347721	0.274193548387	60	3	36	0	38	0.387755102041
0.0815614913163	0.275268817204	61	3	36	0	38	0.383838383838
0.0824282227527	0.275268817204	62	3	36	0	38	0.38
0.0860267409904	0.276344086022	63	3	36	0	38	0.376237623762
0.0885491194934	0.277419354839	64	3	36	0	38	0.372549019608
0.0890462614761	0.278494623656	65	3	36	0	38	0.368932038835
0.0918618017904	0.279569892473	66	3	36	0	38	0.365384615385
0.0944305759536	0.28064516129	67	3	36	0	38	0.361904761905
0.0957605923569	0.281720430108	68	3	36	0	38	0.358490566038
0.0983464440958	0.281720430108	69	3	36	0	38	0.355140186916
0.0983482111687	0.282795698925	70	3	36	0	38	0.351851851852
0.102010665824	0.283870967742	71	3	36	0	38	0.348623853211
0.108554971077	0.282795698925	72	3	36	0	38	0.345454545455
0.109102147431	0.283870967742	73	3	36	0	38	0.342342342342
0.109722643371	0.284946236559	74	3	36	0	38	0.339285714286
0.110322331863	0.286021505376	75	3	36	0	38	0.336283185841
0.114017440338	0.284946236559	76	3	36	0	38	0.333333333333
0.115790167359	0.286021505376	77	3	36	0	38	0.330434782609
0.11681125028	0.286021505376	77	4	3	0	38	0.330434782609
0.117404272862	0.286021505376	78	4	3	0	38	0.327586206897
0.118656443999	0.287096774194	79	4	3	0	38	0.324786324786
0.120531482565	0.288172043011	80	4	3	0	38	0.322033898305
0.122673983434	0.289247311828	81	4	3	0	38	0.319327731092
0.124034325675	0.289247311828	82	4	3	0	38	0.316666666667
0.124464952931	0.289247311828	83	4	3	0	38	0.314049586777
0.125295020675	0.288172043011	84	4	3	0	38	0.311475409836
0.128246743411	0.289247311828	85	4	3	0	38	0.308943089431
0.129068122536	0.290322580645	86	4	3	0	38	0.306451612903
0.129172385158	0.289247311828	87	4	3	0	38	0.304
0.132882212874	0.289247311828	88	4	3	0	38	0.301587301587
0.133429501019	0.290322580645	89	4	3	0	38	0.299212598425
0.139088485077	0.290322580645	90	4	3	0	38	0.296875
0.141214900674	0.279569892473	90	5	30	0	48	0.347826086957
0.143689401592	0.28064516129	91	5	30	0	48	0.345323741007
0.145185774349	0.28064516129	92	5	30	0	48	0.342857142857
0.145689926356	0.277419354839	92	6	21	0	51	0.356643356643
0.146801277084	0.278494623656	93	6	21	0	51	0.354166666667
0.149771116223	0.279569892473	94	6	21	0	51	0.351724137931
0.150274949128	0.28064516129	95	6	21	0	51	0.349315068493
0.150413260348	0.281720430108	96	6	21	0	51	0.34693877551
0.153985793796	0.282795698925	97	6	21	0	51	0.344594594595
0.154028125539	0.283870967742	98	6	21	0	51	0.342281879195
0.154990866545	0.284946236559	99	6	21	0	51	0.34
0.156070937728	0.286021505376	100	6	21	0	51	0.337748344371
0.161788477493	0.284946236559	101	6	21	0	51	0.335526315789
0.162481959209	0.286021505376	102	6	21	0	51	0.333333333333
0.163901336158	0.284946236559	103	6	21	0	51	0.331168831169
0.166412631179	0.283870967742	104	6	21	0	51	0.329032258065
0.167619555025	0.284946236559	105	6	21	0	51	0.326923076923
0.168934964832	0.283870967742	106	6	21	0	51	0.324840764331
0.170023522445	0.283870967742	107	6	21	0	51	0.322784810127
0.171536369501	0.283870967742	108	6	21	0	51	0.320754716981
0.174057961366	0.282795698925	109	6	21	0	51	0.31875
0.177708051214	0.283870967742	110	6	21	0	51	0.316770186335
0.177989395818	0.283870967742	111	6	21	0	51	0.314814814815
0.178850621571	0.283870967742	112	6	21	0	51	0.312883435583
0.179225962735	0.282795698925	113	6	21	0	51	0.310975609756
0.179465505451	0.27311827957	113	7	33	0	60	0.346820809249
0.180667399806	0.27311827957	114	7	33	0	60	0.344827586207
0.181432819379	0.272043010753	115	7	33	0	60	0.342857142857
0.181585290132	0.272043010753	116	7	33	0	60	0.340909090909
0.182830413415	0.27311827957	117	7	33	0	60	0.338983050847
0.184196596676	0.274193548387	118	7	33	0	60	0.337078651685
0.18472730943	0.275268817204	119	7	33	0	60	0.335195530726
0.186577854833	0.276344086022	120	7	33	0	60	0.333333333333
0.186796573435	0.277419354839	121	7	33	0	60	0.331491712707
0.19031483545	0.278494623656	122	7	33	0	60	0.32967032967
0.192656890917	0.279569892473	123	7	33	0	60	0.327868852459
0.195891823254	0.28064516129	124	7	33	0	60	0.326086956522
0.196231299334	0.281720430108	125	7	33	0	60	0.324324324324
0.196972006765	0.282795698925	126	7	33	0	60	0.322580645161
0.204608190008	0.282795698925	127	7	33	0	60	0.320855614973
0.2058618351	0.281720430108	128	7	33	0	60	0.31914893617
0.206072018777	0.281720430108	129	7	33	0	60	0.31746031746
0.20635301954	0.282795698925	130	7	33	0	60	0.315789473684
0.209502511691	0.283870967742	131	7	33	0	60	0.314136125654
0.209801676596	0.284946236559	132	7	33	0	60	0.3125
0.210217452779	0.283870967742	133	7	33	0	60	0.310880829016
0.211106612592	0.284946236559	134	7	33	0	60	0.309278350515
0.213972681131	0.286021505376	135	7	33	0	60	0.307692307692
0.21602813112	0.287096774194	136	7	33	0	60	0.30612244898
0.216665739156	0.288172043011	137	7	33	0	60	0.304568527919
0.216951081254	0.289247311828	138	7	33	0	60	0.30303030303
0.217693814373	0.290322580645	139	7	33	0	60	0.301507537688
0.21845504944	0.291397849462	140	7	33	0	60	0.3
0.218742292022	0.29247311828	141	7	33	0	60	0.298507462687
0.223534562782	0.293548387097	142	7	33	0	60	0.29702970297
0.224933566385	0.29247311828	143	7	33	0	60	0.295566502463
0.225768752288	0.293548387097	144	7	33	0	60	0.294117647059
0.226008955887	0.294623655914	145	7	33	0	60	0.292682926829
0.227447603928	0.265591397849	145	8	132	0	87	0.375
0.229467006923	0.266666666667	146	8	132	0	87	0.37339055794
0.231679594307	0.266666666667	147	8	132	0	87	0.371794871795
0.232817775415	0.250537634409	147	9	42	0	102	0.409638554217
0.233605540691	0.251612903226	148	9	42	0	102	0.408
0.233640267389	0.252688172043	149	9	42	0	102	0.406374501992
0.234469749018	0.251612903226	150	9	42	0	102	0.404761904762
0.234685707649	0.250537634409	151	9	42	0	102	0.403162055336
0.234965150945	0.251612903226	152	9	42	0	102	0.40157480315
0.234987402897	0.252688172043	153	9	42	0	102	0.4
0.236066269332	0.25376344086	154	9	42	0	102	0.3984375
0.238868076048	0.254838709677	155	9	42	0	102	0.396887159533
0.238904035202	0.255913978495	156	9	42	0	102	0.395348837209
0.239690086829	0.256989247312	157	9	42	0	102	0.393822393822
0.240961738424	0.256989247312	157	10	3	0	102	0.393822393822
0.242236211175	0.258064516129	158	10	3	0	102	0.392307692308
0.243201868615	0.258064516129	159	10	3	0	102	0.390804597701
0.244914123376	0.259139784946	160	10	3	0	102	0.389312977099
0.247121427355	0.260215053763	161	10	3	0	102	0.38783269962
0.24930271223	0.261290322581	162	10	3	0	102	0.386363636364
0.251127871844	0.260215053763	163	10	3	0	102	0.384905660377
0.251829899997	0.261290322581	164	10	3	0	102	0.383458646617
0.253171761681	0.261290322581	165	10	3	0	102	0.38202247191
0.255061663966	0.261290322581	166	10	3	0	102	0.380597014925
0.262619496837	0.261290322581	167	10	3	0	102	0.379182156134
0.263090560565	0.261290322581	168	10	3	0	102	0.377777777778
0.267702243442	0.260215053763	169	10	3	0	102	0.376383763838
0.267876652831	0.261290322581	170	10	3	0	102	0.375
0.268204997683	0.262365591398	171	10	3	0	102	0.373626373626
0.269221777939	0.262365591398	172	10	3	0	102	0.372262773723
0.27181377303	0.263440860215	173	10	3	0	102	0.370909090909
0.273203115606	0.264516129032	174	10	3	0	102	0.369565217391
0.27406152609	0.263440860215	175	10	3	0	102	0.368231046931
0.274366936725	0.264516129032	176	10	3	0	102	0.36690647482
0.276140095645	0.265591397849	177	10	3	0	102	0.365591397849
0.276467982624	0.266666666667	178	10	3	0	102	0.364285714286
0.277319262368	0.239784946237	178	11	90	0	127	0.416393442623
0.278656497029	0.238709677419	179	11	90	0	127	0.415032679739
0.27877506114	0.239784946237	180	11	90	0	127	0.413680781759
0.279220863367	0.240860215054	181	11	90	0	127	0.412337662338
0.282109719306	0.241935483871	182	11	90	0	127	0.411003236246
0.282810640567	0.241935483871	183	11	90	0	127	0.409677419355
0.282927030791	0.243010752688	184	11	90	0	127	0.408360128617
0.286622477086	0.244086021505	185	11	90	0	127	0.407051282051
0.287816435796	0.245161290323	186	11	90	0	127	0.405750798722
0.288422010484	0.245161290323	187	11	90	0	127	0.404458598726
0.288746830942	0.24623655914	188	11	90	0	127	0.403174603175
0.289667130768	0.24623655914	189	11	90	0	127	0.401898734177
0.289838730212	0.247311827957	190	11	90	0	127	0.400630914826
0.292343718845	0.248387096774	191	11	90	0	127	0.399371069182
0.29296580668	0.248387096774	192	11	90	0	127	0.398119122257
0.293132440102	0.249462365591	193	11	90	0	127	0.396875
0.293271643914	0.250537634409	194	11	90	0	127	0.395638629283
0.29817888343	0.249462365591	195	11	90	0	127	0.394409937888
0.299048348074	0.250537634409	196	11	90	0	127	0.393188854489
0.301528539043	0.227956989247	196	12	66	0	148	0.43023255814
0.301666287823	0.227956989247	197	12	66	0	148	0.428985507246
0.303531761325	0.229032258065	198	12	66	0	148	0.42774566474
0.306186925141	0.229032258065	199	12	66	0	148	0.4265129683
0.308614262066	0.230107526882	200	12	66	0	148	0.425287356322
0.30881363543	0.215053763441	200	13	147	0	162	0.447513812155
0.310012123126	0.216129032258	201	13	147	0	162	0.446280991736
0.310810531533	0.217204301075	202	13	147	0	162	0.445054945055
0.31150841422	0.218279569892	203	13	147	0	162	0.443835616438
0.312011052351	0.201075268817	203	14	66	0	178	0.46719160105
0.312910565642	0.202150537634	204	14	66	0	178	0.465968586387
0.313162707853	0.203225806452	205	14	66	0	178	0.464751958225
0.313636778539	0.204301075269	206	14	66	0	178	0.463541666667
0.315564414911	0.205376344086	207	14	66	0	178	0.462337662338
