# time 	 divergence 	 # of mutations 	 # IGC chances 	 IGC length 	 # IGC failures 	 Changes due to IGC  	 % change due to IGC 
0.0	0.0192307692308	0	0	0	0	0	0.0
0.000266267868563	0.0192307692308	0	1	6	0	0	0.0
0.00117050762323	0.017094017094	0	2	24	0	1	1.0
0.00155244947919	0.017094017094	0	3	3	0	1	1.0
0.00159946390796	0.017094017094	0	4	3	0	1	1.0
0.0016303584969	0.017094017094	0	5	15	0	1	1.0
0.0028672947756	0.0149572649573	0	6	6	0	2	1.0
0.00349205038686	0.0149572649573	0	7	15	0	2	1.0
0.00479545534941	0.0149572649573	0	8	3	0	2	1.0
0.00544712940171	0.0149572649573	0	9	18	0	2	1.0
0.00548120766886	0.0149572649573	0	10	3	0	2	1.0
0.00583040783672	0.0149572649573	0	11	6	0	2	1.0
0.00590009353292	0.017094017094	1	11	6	0	2	0.666666666667
0.00603722303005	0.017094017094	1	12	6	0	2	0.666666666667
0.00623777697034	0.0192307692308	2	12	6	0	2	0.5
0.00696086775691	0.0192307692308	2	13	3	0	2	0.5
0.00701006809791	0.0192307692308	2	14	3	0	2	0.5
0.00703015484008	0.0213675213675	3	14	3	0	2	0.4
0.00724137175292	0.0213675213675	3	15	3	0	2	0.4
0.0076053003873	0.0213675213675	3	16	6	0	2	0.4
0.00775441926861	0.0213675213675	3	17	9	0	2	0.4
0.00824553046096	0.0213675213675	3	18	6	0	2	0.4
