# time 	 divergence 	 # of mutations 	 # IGC chances 	 IGC length 	 # IGC failures 	 Changes due to IGC  	 % change due to IGC 
0.0	0.017094017094	0	0	0	0	0	0.0
0.000866712634379	0.017094017094	0	1	6	0	0	0.0
0.00093400678983	0.0149572649573	0	2	12	0	1	1.0
0.00132363458113	0.0149572649573	0	3	3	0	1	1.0
0.00134668836043	0.0128205128205	0	4	15	0	2	1.0
0.00163463498879	0.0128205128205	0	5	9	0	2	1.0
0.0017434095351	0.0128205128205	0	6	3	0	2	1.0
0.00195918620782	0.0106837606838	0	7	6	0	3	1.0
0.00235162025763	0.0106837606838	0	8	27	0	3	1.0
0.00277068165264	0.0106837606838	0	9	9	0	3	1.0
0.00314558145145	0.0106837606838	0	10	24	0	3	1.0
0.00330682407343	0.0106837606838	0	11	3	0	3	1.0
0.0037494270484	0.0106837606838	0	12	3	0	3	1.0
0.00404449925902	0.0106837606838	0	13	33	0	3	1.0
0.00520339116251	0.0106837606838	0	14	9	0	3	1.0
0.00521288913893	0.00854700854701	0	15	12	0	4	1.0
0.00538020019522	0.0106837606838	1	15	12	0	4	0.8
0.00618171973496	0.0106837606838	1	16	15	0	4	0.8
0.00618628925608	0.0106837606838	1	17	3	0	4	0.8
0.00630710650195	0.0106837606838	1	18	9	0	4	0.8
0.00681644187992	0.0106837606838	1	19	6	0	4	0.8
0.00690771682946	0.0106837606838	1	20	39	0	4	0.8
