# time 	 divergence 	 # of mutations 	 # IGC chances 	 IGC length 	 # IGC failures 	 Changes due to IGC  	 % change due to IGC 
0.0	0.530214424951	0	0	0	0	0	0.0
0.00273990300399	0.531189083821	1	0	0	0	0	0.0
0.00462985500185	0.53216374269	2	0	0	0	0	0.0
0.00752925094755	0.531189083821	3	0	0	0	0	0.0
0.00934426153865	0.53216374269	4	0	0	0	0	0.0
0.00963580626569	0.53216374269	5	0	0	0	0	0.0
0.00988825890567	0.533138401559	6	0	0	0	0	0.0
0.0101125009213	0.533138401559	7	0	0	0	0	0.0
0.010148499033	0.533138401559	8	0	0	0	0	0.0
0.0144301718756	0.53216374269	9	0	0	0	0	0.0
0.015854463761	0.53216374269	10	0	0	0	0	0.0
0.0200200475389	0.533138401559	11	0	0	0	0	0.0
0.0203132966582	0.534113060429	12	0	0	0	0	0.0
0.0244059879232	0.535087719298	13	0	0	0	0	0.0
0.0245486211064	0.535087719298	14	0	0	0	0	0.0
0.0273589538268	0.535087719298	15	0	0	0	0	0.0
0.0276713988565	0.534113060429	16	0	0	0	0	0.0
0.0278955933848	0.534113060429	17	0	0	0	0	0.0
0.0285476525737	0.535087719298	18	0	0	0	0	0.0
0.0300320622702	0.535087719298	19	0	0	0	0	0.0
0.033857611561	0.535087719298	20	0	0	0	0	0.0
0.0380955169716	0.535087719298	21	0	0	0	0	0.0
0.0390174265713	0.536062378168	22	0	0	0	0	0.0
0.0406267745667	0.535087719298	23	0	0	0	0	0.0
0.0411782614567	0.534113060429	24	0	0	0	0	0.0
0.0418526878582	0.534113060429	25	0	0	0	0	0.0
0.0432383783069	0.535087719298	26	0	0	0	0	0.0
0.0435424924611	0.535087719298	27	0	0	0	0	0.0
0.0467549251123	0.535087719298	28	0	0	0	0	0.0
0.0493922009511	0.536062378168	29	0	0	0	0	0.0
0.0496720748594	0.536062378168	30	0	0	0	0	0.0
0.0509933655178	0.537037037037	31	0	0	0	0	0.0
0.0530936324736	0.538011695906	32	0	0	0	0	0.0
0.0541525420925	0.538011695906	33	0	0	0	0	0.0
0.0550133851713	0.538011695906	34	0	0	0	0	0.0
0.0588459720884	0.537037037037	35	0	0	0	0	0.0
0.0589204758213	0.538011695906	36	0	0	0	0	0.0
0.062319656946	0.538986354776	37	0	0	0	0	0.0
0.0625765281638	0.539961013645	38	0	0	0	0	0.0
0.062763631813	0.540935672515	39	0	0	0	0	0.0
0.0628301930591	0.540935672515	40	0	0	0	0	0.0
0.0635121870686	0.540935672515	41	0	0	0	0	0.0
0.0655769006008	0.540935672515	42	0	0	0	0	0.0
0.0665859828217	0.539961013645	43	0	0	0	0	0.0
0.0685065824252	0.539961013645	44	0	0	0	0	0.0
0.0697612262847	0.540935672515	45	0	0	0	0	0.0
0.0713921174324	0.539961013645	46	0	0	0	0	0.0
0.0723302079528	0.540935672515	47	0	0	0	0	0.0
0.0743938095332	0.541910331384	48	0	0	0	0	0.0
0.0747998219786	0.541910331384	49	0	0	0	0	0.0
0.0776422634162	0.542884990253	50	0	0	0	0	0.0
0.0784993214993	0.541910331384	51	0	0	0	0	0.0
0.0815677737001	0.542884990253	52	0	0	0	0	0.0
0.0820183330378	0.542884990253	53	0	0	0	0	0.0
0.0827792921873	0.541910331384	54	0	0	0	0	0.0
0.0835207537145	0.541910331384	55	0	0	0	0	0.0
0.090864350455	0.542884990253	56	0	0	0	0	0.0
0.0949111561306	0.542884990253	57	0	0	0	0	0.0
0.0952345516852	0.543859649123	58	0	0	0	0	0.0
0.0959231299582	0.542884990253	59	0	0	0	0	0.0
0.0959622596598	0.543859649123	60	0	0	0	0	0.0
0.09670729506	0.542884990253	61	0	0	0	0	0.0
0.0967511206326	0.542884990253	62	0	0	0	0	0.0
0.0978601956957	0.542884990253	63	0	0	0	0	0.0
0.0981239747078	0.542884990253	64	0	0	0	0	0.0
0.10243880878	0.543859649123	65	0	0	0	0	0.0
0.103615276571	0.544834307992	66	0	0	0	0	0.0
0.106971073436	0.544834307992	67	0	0	0	0	0.0
0.107122678608	0.544834307992	68	0	0	0	0	0.0
0.107805387492	0.545808966862	69	0	0	0	0	0.0
0.108172260099	0.545808966862	70	0	0	0	0	0.0
0.108842253992	0.545808966862	71	0	0	0	0	0.0
0.110730360582	0.544834307992	72	0	0	0	0	0.0
0.113315538979	0.545808966862	73	0	0	0	0	0.0
0.114092010858	0.545808966862	74	0	0	0	0	0.0
0.114173484808	0.545808966862	75	0	0	0	0	0.0
0.118201042471	0.546783625731	76	0	0	0	0	0.0
0.120413433881	0.546783625731	77	0	0	0	0	0.0
0.12087810119	0.5477582846	78	0	0	0	0	0.0
0.121588122586	0.54873294347	79	0	0	0	0	0.0
0.121737066303	0.549707602339	80	0	0	0	0	0.0
0.122003733525	0.549707602339	81	0	0	0	0	0.0
0.123338540356	0.550682261209	82	0	0	0	0	0.0
0.125844843549	0.551656920078	83	0	0	0	0	0.0
0.1266099715	0.550682261209	84	0	0	0	0	0.0
0.132008231571	0.551656920078	85	0	0	0	0	0.0
0.133486071092	0.551656920078	86	0	0	0	0	0.0
0.136625559237	0.551656920078	87	0	0	0	0	0.0
0.138292822235	0.552631578947	88	0	0	0	0	0.0
0.138376488954	0.552631578947	89	0	0	0	0	0.0
0.13839429559	0.553606237817	90	0	0	0	0	0.0
0.13868869114	0.554580896686	91	0	0	0	0	0.0
0.140820841811	0.555555555556	92	0	0	0	0	0.0
0.140966417994	0.556530214425	93	0	0	0	0	0.0
0.142272727511	0.557504873294	94	0	0	0	0	0.0
0.14341971411	0.558479532164	95	0	0	0	0	0.0
0.147128202677	0.559454191033	96	0	0	0	0	0.0
0.148237802825	0.558479532164	97	0	0	0	0	0.0
0.153345385811	0.559454191033	98	0	0	0	0	0.0
0.155322877789	0.559454191033	99	0	0	0	0	0.0
0.155493490913	0.559454191033	100	0	0	0	0	0.0
