# time 	 divergence 	 # of mutations 	 # IGC chances 	 IGC length 	 # IGC failures 	 Changes due to IGC  	 % change due to IGC 
0.0	0.183235867446	0	0	0	0	0	0.0
0.00251747321632	0.184210526316	1	0	0	0	0	0.0
0.00324843605142	0.185185185185	2	0	0	0	0	0.0
0.00335460091938	0.186159844055	3	0	0	0	0	0.0
0.00362813473319	0.182261208577	3	1	48	0	4	0.571428571429
0.00378572738657	0.181286549708	4	1	48	0	4	0.5
0.00384289256522	0.182261208577	5	1	48	0	4	0.444444444444
0.00520152109314	0.183235867446	6	1	48	0	4	0.4
0.00558590531286	0.184210526316	7	1	48	0	4	0.363636363636
0.00564587530811	0.185185185185	8	1	48	0	4	0.333333333333
0.0111822027354	0.186159844055	9	1	48	0	4	0.307692307692
0.0128699175647	0.187134502924	10	1	48	0	4	0.285714285714
0.0137865963926	0.188109161793	11	1	48	0	4	0.266666666667
0.014638246915	0.189083820663	12	1	48	0	4	0.25
0.0166683035055	0.189083820663	13	1	48	0	4	0.235294117647
0.0171662858297	0.190058479532	14	1	48	0	4	0.222222222222
0.0187174805453	0.189083820663	15	1	48	0	4	0.210526315789
0.0196782306838	0.190058479532	16	1	48	0	4	0.2
0.0227568286824	0.191033138402	17	1	48	0	4	0.190476190476
0.0235833305924	0.192007797271	18	1	48	0	4	0.181818181818
0.027464874454	0.192007797271	19	1	48	0	4	0.173913043478
0.0278776999089	0.191033138402	20	1	48	0	4	0.166666666667
0.0288119095856	0.192007797271	21	1	48	0	4	0.16
0.0293906060618	0.19298245614	22	1	48	0	4	0.153846153846
0.0296230549989	0.192007797271	23	1	48	0	4	0.148148148148
0.0296755794095	0.19298245614	24	1	48	0	4	0.142857142857
0.0329302601101	0.192007797271	24	2	3	0	5	0.172413793103
0.0343754758081	0.19298245614	25	2	3	0	5	0.166666666667
0.0352897151563	0.19395711501	26	2	3	0	5	0.161290322581
0.0357893367932	0.194931773879	27	2	3	0	5	0.15625
0.036481701693	0.195906432749	28	2	3	0	5	0.151515151515
0.0370881088262	0.194931773879	29	2	3	0	5	0.147058823529
0.0400455533275	0.195906432749	30	2	3	0	5	0.142857142857
0.0410056199788	0.196881091618	31	2	3	0	5	0.138888888889
0.0417468335964	0.197855750487	32	2	3	0	5	0.135135135135
0.0431576520261	0.197855750487	33	2	3	0	5	0.131578947368
0.0454859279429	0.19298245614	33	3	72	0	10	0.232558139535
0.0456630805472	0.19395711501	34	3	72	0	10	0.227272727273
0.0459055943265	0.194931773879	35	3	72	0	10	0.222222222222
0.0464237754194	0.195906432749	36	3	72	0	10	0.217391304348
0.0484605975824	0.196881091618	37	3	72	0	10	0.212765957447
0.0513374631082	0.197855750487	38	3	72	0	10	0.208333333333
0.0532038689687	0.198830409357	39	3	72	0	10	0.204081632653
0.0533082831833	0.198830409357	40	3	72	0	10	0.2
0.0563413407587	0.199805068226	41	3	72	0	10	0.196078431373
0.0569733486026	0.199805068226	42	3	72	0	10	0.192307692308
0.064406878266	0.200779727096	43	3	72	0	10	0.188679245283
0.0644171070366	0.200779727096	44	3	72	0	10	0.185185185185
0.0659625175314	0.201754385965	45	3	72	0	10	0.181818181818
0.0672949763982	0.200779727096	46	3	72	0	10	0.178571428571
0.0682146643807	0.201754385965	47	3	72	0	10	0.175438596491
0.0687333378813	0.176413255361	47	4	123	0	36	0.433734939759
0.0736512339954	0.175438596491	48	4	123	0	36	0.428571428571
0.0758416482275	0.176413255361	49	4	123	0	36	0.423529411765
0.0763993624196	0.17738791423	50	4	123	0	36	0.418604651163
0.0791437545421	0.17738791423	51	4	123	0	36	0.413793103448
0.0797835046916	0.178362573099	52	4	123	0	36	0.409090909091
0.0836290783381	0.179337231969	53	4	123	0	36	0.404494382022
0.0843715978755	0.180311890838	54	4	123	0	36	0.4
0.0851916818535	0.181286549708	55	4	123	0	36	0.395604395604
0.0858928947704	0.182261208577	56	4	123	0	36	0.391304347826
0.0860198116269	0.183235867446	57	4	123	0	36	0.387096774194
0.0861949262909	0.164717348928	57	5	105	0	55	0.491071428571
0.0870120321042	0.165692007797	58	5	105	0	55	0.486725663717
0.0954280858094	0.165692007797	59	5	105	0	55	0.482456140351
0.0994726502982	0.166666666667	60	5	105	0	55	0.478260869565
0.102501393494	0.167641325536	61	5	105	0	55	0.474137931034
0.104132502484	0.168615984405	62	5	105	0	55	0.470085470085
0.105603181483	0.169590643275	63	5	105	0	55	0.466101694915
0.107767198794	0.170565302144	64	5	105	0	55	0.46218487395
0.108208673036	0.171539961014	65	5	105	0	55	0.458333333333
0.109756547267	0.172514619883	66	5	105	0	55	0.454545454545
0.110531880311	0.173489278752	67	5	105	0	55	0.450819672131
0.112932423079	0.174463937622	68	5	105	0	55	0.447154471545
0.115762469352	0.175438596491	69	5	105	0	55	0.443548387097
0.116090973956	0.176413255361	70	5	105	0	55	0.44
0.116437650663	0.155945419103	70	6	63	0	76	0.520547945205
0.116485174913	0.154970760234	71	6	63	0	76	0.517006802721
0.117638168079	0.155945419103	72	6	63	0	76	0.513513513514
0.119252025316	0.155945419103	73	6	63	0	76	0.510067114094
0.121027898845	0.155945419103	74	6	63	0	76	0.506666666667
0.121792422129	0.156920077973	75	6	63	0	76	0.503311258278
0.126068176831	0.155945419103	76	6	63	0	76	0.5
0.128234534948	0.156920077973	77	6	63	0	76	0.496732026144
0.134907659494	0.157894736842	78	6	63	0	76	0.493506493506
0.135236691553	0.158869395712	79	6	63	0	76	0.490322580645
0.136203151404	0.159844054581	80	6	63	0	76	0.487179487179
0.137652684005	0.16081871345	81	6	63	0	76	0.484076433121
0.138722200976	0.16179337232	82	6	63	0	76	0.481012658228
0.13984253345	0.16179337232	83	6	63	0	76	0.477987421384
0.140411412332	0.162768031189	84	6	63	0	76	0.475
0.142946197623	0.16179337232	85	6	63	0	76	0.472049689441
0.143351786689	0.162768031189	86	6	63	0	76	0.469135802469
0.143692814374	0.163742690058	87	6	63	0	76	0.466257668712
0.144257119839	0.164717348928	88	6	63	0	76	0.463414634146
0.144267281421	0.165692007797	89	6	63	0	76	0.460606060606
0.145238135457	0.166666666667	90	6	63	0	76	0.457831325301
0.150349237076	0.167641325536	91	6	63	0	76	0.455089820359
0.152948558659	0.168615984405	92	6	63	0	76	0.452380952381
0.15365536089	0.169590643275	93	6	63	0	76	0.449704142012
0.154501685486	0.170565302144	94	6	63	0	76	0.447058823529
0.155446209263	0.169590643275	95	6	63	0	76	0.444444444444
0.156227542345	0.170565302144	96	6	63	0	76	0.441860465116
0.156396672176	0.171539961014	97	6	63	0	76	0.439306358382
0.156473491859	0.172514619883	98	6	63	0	76	0.436781609195
0.160610339952	0.173489278752	99	6	63	0	76	0.434285714286
0.164316469842	0.174463937622	100	6	63	0	76	0.431818181818
0.165373634951	0.174463937622	101	6	63	0	76	0.429378531073
0.166863803264	0.175438596491	102	6	63	0	76	0.426966292135
0.168558027037	0.176413255361	103	6	63	0	76	0.424581005587
0.169485838152	0.17738791423	104	6	63	0	76	0.422222222222
0.174604965583	0.178362573099	105	6	63	0	76	0.419889502762
0.174782878559	0.178362573099	106	6	63	0	76	0.417582417582
0.176578226844	0.17738791423	107	6	63	0	76	0.415300546448
0.176937867246	0.178362573099	108	6	63	0	76	0.413043478261
0.177586060029	0.179337231969	109	6	63	0	76	0.410810810811
0.178051724264	0.180311890838	110	6	63	0	76	0.408602150538
0.179325500115	0.181286549708	111	6	63	0	76	0.406417112299
0.180224579941	0.182261208577	112	6	63	0	76	0.404255319149
0.182896663579	0.183235867446	113	6	63	0	76	0.402116402116
0.183274690033	0.184210526316	114	6	63	0	76	0.4
0.187234158553	0.185185185185	115	6	63	0	76	0.397905759162
0.189566503147	0.186159844055	116	6	63	0	76	0.395833333333
0.191302684986	0.187134502924	117	6	63	0	76	0.39378238342
0.191519068076	0.188109161793	118	6	63	0	76	0.39175257732
0.192809840718	0.189083820663	119	6	63	0	76	0.389743589744
0.193031262965	0.190058479532	120	6	63	0	76	0.387755102041
0.195319129086	0.191033138402	121	6	63	0	76	0.38578680203
0.198570743861	0.192007797271	122	6	63	0	76	0.383838383838
0.199207684846	0.191033138402	122	7	3	0	77	0.386934673367
0.199876857657	0.192007797271	123	7	3	0	77	0.385
0.201198697838	0.192007797271	124	7	3	0	77	0.383084577114
0.202989330734	0.19298245614	125	7	3	0	77	0.381188118812
0.204392621316	0.19395711501	126	7	3	0	77	0.379310344828
0.207383970365	0.194931773879	127	7	3	0	77	0.377450980392
0.208245307725	0.194931773879	128	7	3	0	77	0.375609756098
0.209705801842	0.195906432749	129	7	3	0	77	0.373786407767
0.213382252847	0.194931773879	130	7	3	0	77	0.371980676329
0.214334698414	0.195906432749	131	7	3	0	77	0.370192307692
0.217469001409	0.184210526316	131	8	75	0	89	0.404545454545
0.220413732436	0.185185185185	132	8	75	0	89	0.402714932127
0.221287958777	0.186159844055	133	8	75	0	89	0.400900900901
0.223071885068	0.187134502924	134	8	75	0	89	0.399103139013
0.224384833247	0.188109161793	135	8	75	0	89	0.397321428571
0.225177688325	0.187134502924	136	8	75	0	89	0.395555555556
0.225515462617	0.188109161793	137	8	75	0	89	0.393805309735
0.227354892659	0.189083820663	138	8	75	0	89	0.392070484581
0.228180240578	0.190058479532	139	8	75	0	89	0.390350877193
0.228216646951	0.191033138402	140	8	75	0	89	0.38864628821
0.231434473256	0.191033138402	141	8	75	0	89	0.386956521739
0.236015491797	0.192007797271	142	8	75	0	89	0.385281385281
0.23863180873	0.19298245614	143	8	75	0	89	0.383620689655
0.240049811228	0.19298245614	144	8	75	0	89	0.381974248927
0.240268470812	0.19395711501	145	8	75	0	89	0.380341880342
0.24067304668	0.194931773879	146	8	75	0	89	0.378723404255
0.241182078218	0.19395711501	147	8	75	0	89	0.377118644068
0.242485132305	0.194931773879	148	8	75	0	89	0.37552742616
0.243139892249	0.195906432749	149	8	75	0	89	0.373949579832
0.245121951878	0.196881091618	150	8	75	0	89	0.372384937238
0.24820851884	0.197855750487	151	8	75	0	89	0.370833333333
0.248479245259	0.198830409357	152	8	75	0	89	0.369294605809
0.250781393859	0.199805068226	153	8	75	0	89	0.367768595041
0.251125658523	0.200779727096	154	8	75	0	89	0.366255144033
0.252622289982	0.200779727096	155	8	75	0	89	0.364754098361
0.253039529639	0.201754385965	156	8	75	0	89	0.363265306122
0.255109377788	0.201754385965	157	8	75	0	89	0.361788617886
0.255192434249	0.19395711501	157	9	21	0	97	0.38188976378
0.258169169683	0.194931773879	158	9	21	0	97	0.380392156863
0.25896380909	0.195906432749	159	9	21	0	97	0.37890625
0.259276062269	0.195906432749	160	9	21	0	97	0.377431906615
0.262773376874	0.195906432749	160	10	6	0	97	0.377431906615
0.263816286227	0.194931773879	161	10	6	0	97	0.375968992248
0.26602080263	0.195906432749	162	10	6	0	97	0.374517374517
0.266164532896	0.196881091618	163	10	6	0	97	0.373076923077
0.268717205698	0.197855750487	164	10	6	0	97	0.371647509579
0.268772122399	0.198830409357	165	10	6	0	97	0.370229007634
0.269910504727	0.199805068226	166	10	6	0	97	0.368821292776
0.276654697275	0.200779727096	167	10	6	0	97	0.367424242424
0.277591637446	0.201754385965	168	10	6	0	97	0.366037735849
0.278198383107	0.202729044834	169	10	6	0	97	0.364661654135
0.28044047052	0.203703703704	170	10	6	0	97	0.36329588015
0.280806993446	0.197855750487	170	11	30	0	103	0.377289377289
0.281369288583	0.198830409357	171	11	30	0	103	0.375912408759
0.281965176984	0.199805068226	172	11	30	0	103	0.374545454545
0.290549860364	0.200779727096	173	11	30	0	103	0.373188405797
0.291253996745	0.201754385965	174	11	30	0	103	0.371841155235
0.293751777033	0.187134502924	174	12	126	0	118	0.404109589041
0.297221547329	0.188109161793	175	12	126	0	118	0.402730375427
0.297910774884	0.189083820663	176	12	126	0	118	0.401360544218
0.299546479873	0.190058479532	177	12	126	0	118	0.4
0.300003370942	0.191033138402	178	12	126	0	118	0.398648648649
0.303314765998	0.192007797271	179	12	126	0	118	0.397306397306
0.303443103012	0.19298245614	180	12	126	0	118	0.395973154362
0.303623712431	0.19395711501	181	12	126	0	118	0.394648829431
0.304043494934	0.194931773879	182	12	126	0	118	0.393333333333
0.304833964602	0.195906432749	183	12	126	0	118	0.392026578073
0.307434499819	0.196881091618	184	12	126	0	118	0.390728476821
0.309397130158	0.197855750487	185	12	126	0	118	0.389438943894
0.310135287722	0.198830409357	186	12	126	0	118	0.388157894737
0.310855977993	0.199805068226	187	12	126	0	118	0.386885245902
0.312924558509	0.199805068226	188	12	126	0	118	0.385620915033
0.313074774841	0.200779727096	189	12	126	0	118	0.384364820847
0.317737665585	0.201754385965	190	12	126	0	118	0.383116883117
0.318481716898	0.202729044834	191	12	126	0	118	0.381877022654
0.323754105254	0.203703703704	192	12	126	0	118	0.38064516129
0.326507482654	0.204678362573	193	12	126	0	118	0.379421221865
0.326841931817	0.204678362573	194	12	126	0	118	0.378205128205
0.32994793787	0.205653021442	195	12	126	0	118	0.376996805112
0.330210078252	0.206627680312	196	12	126	0	118	0.375796178344
0.330509569814	0.207602339181	197	12	126	0	118	0.374603174603
0.33102561659	0.206627680312	198	12	126	0	118	0.373417721519
0.331375153289	0.206627680312	199	12	126	0	118	0.372239747634
0.332803013582	0.207602339181	200	12	126	0	118	0.37106918239
0.334029650011	0.206627680312	201	12	126	0	118	0.369905956113
0.336215776007	0.207602339181	202	12	126	0	118	0.36875
0.339820180329	0.207602339181	203	12	126	0	118	0.367601246106
0.342477814886	0.208576998051	204	12	126	0	118	0.366459627329
0.343591115918	0.20955165692	205	12	126	0	118	0.365325077399
0.344715263319	0.210526315789	206	12	126	0	118	0.364197530864
0.345183749452	0.211500974659	207	12	126	0	118	0.363076923077
0.345384906733	0.210526315789	208	12	126	0	118	0.361963190184
0.345947718502	0.211500974659	209	12	126	0	118	0.360856269113
0.346829742795	0.212475633528	210	12	126	0	118	0.359756097561
0.348854923289	0.213450292398	211	12	126	0	118	0.358662613982
0.350186114592	0.214424951267	212	12	126	0	118	0.357575757576
0.351929619973	0.215399610136	213	12	126	0	118	0.356495468278
0.352348384799	0.216374269006	214	12	126	0	118	0.355421686747
0.352642402651	0.217348927875	215	12	126	0	118	0.354354354354
0.35320648157	0.218323586745	216	12	126	0	118	0.353293413174
0.353475576408	0.219298245614	217	12	126	0	118	0.35223880597
0.354481761407	0.218323586745	218	12	126	0	118	0.35119047619
0.35858160421	0.219298245614	219	12	126	0	118	0.350148367953
0.359653527598	0.218323586745	220	12	126	0	118	0.349112426036
0.36019315289	0.219298245614	221	12	126	0	118	0.34808259587
0.362017999657	0.220272904483	222	12	126	0	118	0.347058823529
0.362796873102	0.221247563353	223	12	126	0	118	0.346041055718
0.363406034758	0.221247563353	224	12	126	0	118	0.345029239766
0.364208822097	0.222222222222	225	12	126	0	118	0.344023323615
0.364958501494	0.223196881092	226	12	126	0	118	0.343023255814
0.365158302734	0.224171539961	227	12	126	0	118	0.342028985507
0.367501124282	0.22514619883	228	12	126	0	118	0.341040462428
0.370973883475	0.2261208577	229	12	126	0	118	0.340057636888
0.372907236249	0.227095516569	230	12	126	0	118	0.33908045977
0.373396747803	0.228070175439	231	12	126	0	118	0.338108882521
0.373557905663	0.228070175439	232	12	126	0	118	0.337142857143
0.374246107051	0.227095516569	233	12	126	0	118	0.336182336182
0.377711451476	0.228070175439	234	12	126	0	118	0.335227272727
0.377935044127	0.229044834308	235	12	126	0	118	0.334277620397
0.379013846953	0.228070175439	236	12	126	0	118	0.333333333333
0.380911288672	0.229044834308	237	12	126	0	118	0.332394366197
0.381250682286	0.229044834308	238	12	126	0	118	0.331460674157
0.381722112538	0.229044834308	239	12	126	0	118	0.330532212885
0.382697444593	0.230019493177	240	12	126	0	118	0.329608938547
0.38448440675	0.230994152047	241	12	126	0	118	0.328690807799
0.384698505004	0.231968810916	242	12	126	0	118	0.327777777778
0.386048106469	0.232943469786	243	12	126	0	118	0.326869806094
0.387172672814	0.233918128655	244	12	126	0	118	0.325966850829
0.389875126804	0.234892787524	245	12	126	0	118	0.325068870523
0.395792029004	0.235867446394	246	12	126	0	118	0.324175824176
0.397534015441	0.236842105263	247	12	126	0	118	0.323287671233
0.398510128773	0.237816764133	248	12	126	0	118	0.322404371585
0.399489617783	0.238791423002	249	12	126	0	118	0.321525885559
0.401398168834	0.239766081871	250	12	126	0	118	0.320652173913
0.403655747957	0.240740740741	251	12	126	0	118	0.319783197832
0.403858742266	0.24171539961	252	12	126	0	118	0.318918918919
0.405663584413	0.24269005848	253	12	126	0	118	0.318059299191
0.407522086588	0.24269005848	254	12	126	0	118	0.317204301075
0.409376134509	0.243664717349	255	12	126	0	118	0.316353887399
0.410354038556	0.244639376218	256	12	126	0	118	0.31550802139
0.410445762837	0.245614035088	257	12	126	0	118	0.314666666667
0.411714024811	0.246588693957	258	12	126	0	118	0.313829787234
0.413028636215	0.247563352827	259	12	126	0	118	0.31299734748
0.418635459481	0.247563352827	260	12	126	0	118	0.312169312169
0.419027903268	0.247563352827	261	12	126	0	118	0.311345646438
0.420919661931	0.248538011696	262	12	126	0	118	0.310526315789
0.422062275543	0.248538011696	263	12	126	0	118	0.309711286089
0.428638568609	0.249512670565	264	12	126	0	118	0.30890052356
0.429309734946	0.250487329435	265	12	126	0	118	0.308093994778
0.429596721399	0.251461988304	266	12	126	0	118	0.307291666667
0.429619740859	0.251461988304	267	12	126	0	118	0.306493506494
0.430729924981	0.252436647173	268	12	126	0	118	0.305699481865
0.432007861413	0.252436647173	269	12	126	0	118	0.304909560724
0.432404917949	0.251461988304	270	12	126	0	118	0.30412371134
0.434371878788	0.252436647173	271	12	126	0	118	0.303341902314
0.436221335535	0.253411306043	272	12	126	0	118	0.302564102564
0.43703280005	0.253411306043	273	12	126	0	118	0.30179028133
0.437875606901	0.252436647173	274	12	126	0	118	0.301020408163
0.437912027339	0.252436647173	275	12	126	0	118	0.300254452926
0.437931665084	0.253411306043	276	12	126	0	118	0.299492385787
0.441105870376	0.254385964912	277	12	126	0	118	0.298734177215
0.441956766649	0.255360623782	278	12	126	0	118	0.29797979798
0.446709180856	0.256335282651	279	12	126	0	118	0.297229219144
0.449010550537	0.25730994152	280	12	126	0	118	0.29648241206
0.449202145762	0.25828460039	281	12	126	0	118	0.295739348371
0.44989347043	0.259259259259	282	12	126	0	118	0.295
0.451425034838	0.25828460039	283	12	126	0	118	0.294264339152
0.452001564966	0.259259259259	284	12	126	0	118	0.293532338308
0.452419284795	0.260233918129	285	12	126	0	118	0.292803970223
0.458230841495	0.259259259259	286	12	126	0	118	0.292079207921
0.458735421211	0.259259259259	287	12	126	0	118	0.291358024691
0.466161357631	0.246588693957	287	13	30	0	131	0.313397129187
0.468221824523	0.245614035088	288	13	30	0	131	0.312649164678
0.468319227591	0.246588693957	289	13	30	0	131	0.311904761905
0.468476730867	0.247563352827	290	13	30	0	131	0.311163895487
0.468956694901	0.248538011696	291	13	30	0	131	0.310426540284
0.469675892867	0.249512670565	292	13	30	0	131	0.309692671395
0.470064057093	0.250487329435	293	13	30	0	131	0.308962264151
0.470232426911	0.251461988304	294	13	30	0	131	0.308235294118
0.471237520416	0.251461988304	295	13	30	0	131	0.307511737089
0.471866861295	0.252436647173	296	13	30	0	131	0.306791569087
0.472104347633	0.253411306043	297	13	30	0	131	0.306074766355
0.473443383049	0.254385964912	298	13	30	0	131	0.305361305361
0.476676986513	0.255360623782	299	13	30	0	131	0.304651162791
0.479988664199	0.256335282651	300	13	30	0	131	0.303944315545
0.484342953257	0.25730994152	301	13	30	0	131	0.303240740741
0.484420283543	0.25730994152	302	13	30	0	131	0.302540415704
0.485440905559	0.25828460039	303	13	30	0	131	0.301843317972
0.487080451124	0.259259259259	304	13	30	0	131	0.301149425287
0.487177054505	0.260233918129	305	13	30	0	131	0.300458715596
0.487976646994	0.260233918129	306	13	30	0	131	0.299771167048
0.488524358839	0.261208576998	307	13	30	0	131	0.299086757991
0.490021227218	0.262183235867	308	13	30	0	131	0.29840546697
0.491727123466	0.263157894737	309	13	30	0	131	0.297727272727
0.494048799621	0.264132553606	310	13	30	0	131	0.297052154195
0.494738482391	0.265107212476	311	13	30	0	131	0.296380090498
0.496131452827	0.266081871345	312	13	30	0	131	0.295711060948
0.496432069725	0.267056530214	313	13	30	0	131	0.295045045045
0.496725041499	0.267056530214	314	13	30	0	131	0.294382022472
0.496846655389	0.268031189084	315	13	30	0	131	0.293721973094
0.499364035138	0.269005847953	316	13	30	0	131	0.293064876957
0.504550042264	0.269980506823	317	13	30	0	131	0.292410714286
0.504620732377	0.270955165692	318	13	30	0	131	0.291759465479
0.505566385451	0.271929824561	319	13	30	0	131	0.291111111111
0.506929270333	0.272904483431	320	13	30	0	131	0.290465631929
0.507408725917	0.2738791423	321	13	30	0	131	0.28982300885
0.507519931546	0.27485380117	322	13	30	0	131	0.289183222958
0.50819514842	0.27485380117	323	13	30	0	131	0.288546255507
0.511782733533	0.275828460039	324	13	30	0	131	0.287912087912
0.511787631713	0.276803118908	325	13	30	0	131	0.287280701754
0.513440864115	0.275828460039	326	13	30	0	131	0.286652078775
0.513544363475	0.275828460039	327	13	30	0	131	0.286026200873
0.515625437598	0.27485380117	328	13	30	0	131	0.285403050109
0.516526972081	0.275828460039	329	13	30	0	131	0.284782608696
0.516942693276	0.275828460039	330	13	30	0	131	0.284164859002
0.516970456124	0.276803118908	331	13	30	0	131	0.28354978355
0.518445929248	0.276803118908	332	13	30	0	131	0.282937365011
0.518661232253	0.277777777778	333	13	30	0	131	0.282327586207
0.519246901831	0.278752436647	334	13	30	0	131	0.281720430108
0.519807255136	0.279727095517	335	13	30	0	131	0.281115879828
0.520778736697	0.280701754386	336	13	30	0	131	0.28051391863
0.52095510037	0.280701754386	337	13	30	0	131	0.279914529915
0.521067554875	0.281676413255	338	13	30	0	131	0.279317697228
0.522129539588	0.282651072125	339	13	30	0	131	0.278723404255
0.523034755344	0.283625730994	340	13	30	0	131	0.27813163482
0.52359456981	0.284600389864	341	13	30	0	131	0.277542372881
0.523763532844	0.285575048733	342	13	30	0	131	0.276955602537
0.524405880737	0.284600389864	343	13	30	0	131	0.276371308017
0.524831100432	0.285575048733	344	13	30	0	131	0.275789473684
0.52539380189	0.286549707602	345	13	30	0	131	0.275210084034
0.525932609393	0.287524366472	346	13	30	0	131	0.27463312369
0.526170440031	0.288499025341	347	13	30	0	131	0.274058577406
0.5285152556	0.289473684211	348	13	30	0	131	0.273486430063
0.528694804375	0.289473684211	349	13	30	0	131	0.272916666667
0.529640178454	0.29044834308	350	13	30	0	131	0.272349272349
0.53004993097	0.291423001949	351	13	30	0	131	0.271784232365
0.531749389621	0.29044834308	352	13	30	0	131	0.271221532091
0.532084307757	0.291423001949	353	13	30	0	131	0.270661157025
0.534400542221	0.291423001949	354	13	30	0	131	0.270103092784
0.534951156376	0.275828460039	354	14	45	0	147	0.293413173653
0.537025339409	0.275828460039	355	14	45	0	147	0.292828685259
0.541377703583	0.276803118908	356	14	45	0	147	0.292246520875
0.54228242746	0.276803118908	357	14	45	0	147	0.291666666667
0.545298230704	0.277777777778	358	14	45	0	147	0.291089108911
0.546292027083	0.278752436647	359	14	45	0	147	0.290513833992
0.546353094626	0.279727095517	360	14	45	0	147	0.289940828402
0.54756548982	0.278752436647	361	14	45	0	147	0.28937007874
0.551863620533	0.278752436647	362	14	45	0	147	0.288801571709
0.552846284289	0.279727095517	363	14	45	0	147	0.288235294118
0.553870605695	0.279727095517	364	14	45	0	147	0.287671232877
0.554285092355	0.280701754386	365	14	45	0	147	0.287109375
0.554333568489	0.281676413255	366	14	45	0	147	0.286549707602
0.554550513981	0.282651072125	367	14	45	0	147	0.285992217899
0.555316828487	0.283625730994	368	14	45	0	147	0.285436893204
0.555692615959	0.284600389864	369	14	45	0	147	0.28488372093
0.557223193315	0.283625730994	370	14	45	0	147	0.284332688588
0.558312922085	0.283625730994	371	14	45	0	147	0.283783783784
0.558561207875	0.284600389864	372	14	45	0	147	0.28323699422
0.56128146143	0.283625730994	373	14	45	0	147	0.282692307692
0.562437114278	0.284600389864	374	14	45	0	147	0.282149712092
0.56284750745	0.284600389864	375	14	45	0	147	0.281609195402
0.562884755552	0.283625730994	376	14	45	0	147	0.281070745698
0.56554304655	0.283625730994	377	14	45	0	147	0.280534351145
0.565910102235	0.284600389864	378	14	45	0	147	0.28
0.566054242574	0.284600389864	379	14	45	0	147	0.279467680608
0.566381897642	0.285575048733	380	14	45	0	147	0.278937381404
0.566454266059	0.286549707602	381	14	45	0	147	0.278409090909
0.567955074149	0.275828460039	381	15	48	0	158	0.293135435993
0.569219391427	0.275828460039	382	15	48	0	158	0.292592592593
0.571145891223	0.27485380117	383	15	48	0	158	0.292051756007
0.572184816352	0.2738791423	384	15	48	0	158	0.291512915129
0.574995219397	0.27485380117	385	15	48	0	158	0.290976058932
0.575047724744	0.27485380117	386	15	48	0	158	0.290441176471
0.575293391367	0.275828460039	387	15	48	0	158	0.289908256881
0.575299834526	0.276803118908	388	15	48	0	158	0.289377289377
0.575625616249	0.277777777778	389	15	48	0	158	0.288848263254
0.57722652788	0.278752436647	390	15	48	0	158	0.288321167883
0.57772038353	0.277777777778	391	15	48	0	158	0.287795992714
0.579365971079	0.278752436647	392	15	48	0	158	0.287272727273
0.580609229078	0.278752436647	393	15	48	0	158	0.286751361162
0.581588241849	0.279727095517	394	15	48	0	158	0.286231884058
0.583246777295	0.280701754386	395	15	48	0	158	0.285714285714
0.585672672411	0.281676413255	396	15	48	0	158	0.285198555957
0.585924203441	0.280701754386	397	15	48	0	158	0.284684684685
0.587071540777	0.281676413255	398	15	48	0	158	0.284172661871
0.589612010771	0.282651072125	399	15	48	0	158	0.283662477558
0.590793945892	0.283625730994	400	15	48	0	158	0.283154121864
0.591159668695	0.284600389864	401	15	48	0	158	0.282647584973
0.593386617906	0.285575048733	402	15	48	0	158	0.282142857143
0.595255907707	0.285575048733	403	15	48	0	158	0.281639928699
0.596237045379	0.284600389864	404	15	48	0	158	0.281138790036
0.596555386092	0.285575048733	405	15	48	0	158	0.280639431616
0.596567296193	0.285575048733	406	15	48	0	158	0.280141843972
0.600886420011	0.285575048733	407	15	48	0	158	0.279646017699
0.603131946848	0.286549707602	408	15	48	0	158	0.279151943463
0.604588458077	0.286549707602	408	16	12	0	158	0.279151943463
0.605303379861	0.287524366472	409	16	12	0	158	0.278659611993
0.605734697943	0.288499025341	410	16	12	0	158	0.278169014085
0.6077068283	0.289473684211	411	16	12	0	158	0.277680140598
0.609031940664	0.29044834308	412	16	12	0	158	0.277192982456
0.610717900298	0.291423001949	413	16	12	0	158	0.276707530648
0.610899804824	0.292397660819	414	16	12	0	158	0.276223776224
0.61529857992	0.292397660819	415	16	12	0	158	0.275741710297
0.61623754768	0.291423001949	416	16	12	0	158	0.275261324042
0.616978751114	0.292397660819	417	16	12	0	158	0.274782608696
0.617456354885	0.293372319688	418	16	12	0	158	0.274305555556
0.620151414735	0.294346978558	419	16	12	0	158	0.273830155979
0.621863581361	0.295321637427	420	16	12	0	158	0.273356401384
0.624847557868	0.295321637427	421	16	12	0	158	0.272884283247
0.626736816478	0.296296296296	422	16	12	0	158	0.272413793103
0.627177473829	0.296296296296	423	16	12	0	158	0.271944922547
0.628473876764	0.297270955166	424	16	12	0	158	0.27147766323
0.629071568461	0.296296296296	425	16	12	0	158	0.271012006861
0.632798966173	0.297270955166	426	16	12	0	158	0.270547945205
0.634117090198	0.297270955166	427	16	12	0	158	0.270085470085
0.636506327027	0.298245614035	428	16	12	0	158	0.269624573379
0.637629446795	0.299220272904	429	16	12	0	158	0.269165247019
0.639279346393	0.300194931774	430	16	12	0	158	0.268707482993
0.641776602576	0.301169590643	431	16	12	0	158	0.268251273345
0.64456903388	0.301169590643	432	16	12	0	158	0.267796610169
0.645014583295	0.302144249513	433	16	12	0	158	0.267343485618
0.645537219858	0.303118908382	434	16	12	0	158	0.266891891892
0.646818387327	0.302144249513	435	16	12	0	158	0.266441821248
0.64744328844	0.303118908382	436	16	12	0	158	0.265993265993
0.647906709404	0.302144249513	437	16	12	0	158	0.265546218487
0.647961899431	0.303118908382	438	16	12	0	158	0.265100671141
0.650012374349	0.304093567251	439	16	12	0	158	0.264656616415
0.650708177509	0.305068226121	440	16	12	0	158	0.264214046823
0.651179780301	0.30604288499	441	16	12	0	158	0.263772954925
0.652825842656	0.30701754386	442	16	12	0	158	0.263333333333
0.654660436393	0.30701754386	442	17	3	0	158	0.263333333333
0.655634401569	0.307992202729	443	17	3	0	158	0.262895174709
0.65583359481	0.308966861598	444	17	3	0	158	0.262458471761
0.656362755268	0.309941520468	445	17	3	0	158	0.262023217247
0.66376998498	0.310916179337	446	17	3	0	158	0.261589403974
0.664157311921	0.311890838207	447	17	3	0	158	0.261157024793
0.666090905283	0.312865497076	448	17	3	0	158	0.260726072607
0.666632981061	0.313840155945	449	17	3	0	158	0.260296540362
0.668836595366	0.314814814815	450	17	3	0	158	0.259868421053
0.670534884437	0.315789473684	451	17	3	0	158	0.259441707718
0.671319671501	0.316764132554	452	17	3	0	158	0.259016393443
0.682852535463	0.317738791423	453	17	3	0	158	0.258592471358
0.683344401877	0.317738791423	454	17	3	0	158	0.258169934641
0.684193965267	0.317738791423	455	17	3	0	158	0.257748776509
0.686357263973	0.317738791423	456	17	3	0	158	0.257328990228
0.686424782766	0.316764132554	457	17	3	0	158	0.256910569106
0.687388081553	0.317738791423	458	17	3	0	158	0.256493506494
