# time 	 divergence 	 # of mutations 	 # IGC chances 	 IGC length 	 # IGC failures 	 Changes due to IGC  	 % change due to IGC 
0.0	0.651072124756	0	0	0	0	0	0.0
0.000301761022837	0.651072124756	1	0	0	0	0	0.0
0.000412914307387	0.650097465887	2	0	0	0	0	0.0
0.00151716024967	0.649122807018	3	0	0	0	0	0.0
0.00246370735448	0.648148148148	4	0	0	0	0	0.0
0.00372247632069	0.647173489279	5	0	0	0	0	0.0
0.0041493929798	0.647173489279	6	0	0	0	0	0.0
0.00904369300058	0.647173489279	7	0	0	0	0	0.0
0.00918885115148	0.648148148148	8	0	0	0	0	0.0
0.00940720371788	0.647173489279	9	0	0	0	0	0.0
0.00966723088472	0.647173489279	10	0	0	0	0	0.0
0.0112712871222	0.646198830409	11	0	0	0	0	0.0
0.0130922781389	0.646198830409	12	0	0	0	0	0.0
0.014948822854	0.647173489279	13	0	0	0	0	0.0
0.0151328438727	0.647173489279	14	0	0	0	0	0.0
0.0165710729919	0.646198830409	15	0	0	0	0	0.0
0.0171586599058	0.64522417154	16	0	0	0	0	0.0
0.0172229679545	0.64522417154	17	0	0	0	0	0.0
0.0187666230514	0.646198830409	18	0	0	0	0	0.0
0.0191105467861	0.647173489279	19	0	0	0	0	0.0
0.02092222784	0.648148148148	20	0	0	0	0	0.0
0.0248025161113	0.649122807018	21	0	0	0	0	0.0
0.0249931410698	0.649122807018	22	0	0	0	0	0.0
0.0297428073118	0.650097465887	23	0	0	0	0	0.0
0.03013879082	0.649122807018	24	0	0	0	0	0.0
0.0301917787733	0.650097465887	25	0	0	0	0	0.0
0.0303975277984	0.650097465887	26	0	0	0	0	0.0
