# time 	 divergence 	 # of mutations 	 # IGC chances 	 IGC length 	 # IGC failures 	 Changes due to IGC  	 % change due to IGC 
0.0	0.0245398773006	0	0	0	0	0	0.0
0.000395921368451	0.0265848670757	1	0	0	0	0	0.0
0.000918674582269	0.0	1	1	489	0	13	0.928571428571
0.00766281558166	0.0	1	2	120	0	13	0.928571428571
0.00925883328007	0.00204498977505	2	2	120	0	13	0.866666666667
0.0119359180338	0.0040899795501	3	2	120	0	13	0.8125
0.0182230301412	0.00613496932515	4	2	120	0	13	0.764705882353
0.0189151320013	0.0081799591002	5	2	120	0	13	0.722222222222
0.0237823131761	0.0102249488753	6	2	120	0	13	0.684210526316
0.0266228803782	0.0	6	3	489	0	18	0.75
0.0298419985577	0.00204498977505	7	3	489	0	18	0.72
0.0442429531503	0.00204498977505	7	4	219	0	18	0.72
0.0460447913321	0.0040899795501	8	4	219	0	18	0.692307692308
0.0469144528655	0.00613496932515	9	4	219	0	18	0.666666666667
0.0477957246499	0.0081799591002	10	4	219	0	18	0.642857142857
0.0481396446898	0.0102249488753	11	4	219	0	18	0.620689655172
0.0487764088035	0.0122699386503	12	4	219	0	18	0.6
0.0531554567783	0.0143149284254	13	4	219	0	18	0.58064516129
0.0537150902119	0.0081799591002	13	5	189	0	21	0.617647058824
0.0538521152461	0.0040899795501	13	6	102	0	23	0.638888888889
0.056246670905	0.00613496932515	14	6	102	0	23	0.621621621622
0.0583102543236	0.0081799591002	15	6	102	0	23	0.605263157895
0.0585834013897	0.0102249488753	16	6	102	0	23	0.589743589744
0.061062510566	0.0	16	7	489	0	28	0.636363636364
0.0612405258649	0.00204498977505	17	7	489	0	28	0.622222222222
0.0693356860899	0.0040899795501	18	7	489	0	28	0.608695652174
0.0721568039259	0.00613496932515	19	7	489	0	28	0.595744680851
0.0734457367049	0.0081799591002	20	7	489	0	28	0.583333333333
0.0746420789097	0.0102249488753	21	7	489	0	28	0.571428571429
0.0748382094774	0.0122699386503	22	7	489	0	28	0.56
0.0765266126729	0.0143149284254	23	7	489	0	28	0.549019607843
0.0772863027136	0.0143149284254	24	7	489	0	28	0.538461538462
0.0781297694054	0.0163599182004	25	7	489	0	28	0.528301886792
0.0785406371614	0.0184049079755	26	7	489	0	28	0.518518518519
0.0812798013204	0.0204498977505	27	7	489	0	28	0.509090909091
0.0818711231767	0.0224948875256	28	7	489	0	28	0.5
0.0839884849288	0.0245398773006	29	7	489	0	28	0.491228070175
0.0865982572522	0.0	29	8	489	0	40	0.579710144928
0.0881080466819	0.00204498977505	30	8	489	0	40	0.571428571429
0.0901683908617	0.0040899795501	31	8	489	0	40	0.56338028169
0.0987487933705	0.00613496932515	32	8	489	0	40	0.555555555556
0.100122992131	0.0081799591002	33	8	489	0	40	0.547945205479
0.10147509795	0.0102249488753	34	8	489	0	40	0.540540540541
0.102965097963	0.0122699386503	35	8	489	0	40	0.533333333333
0.103455975679	0.0143149284254	36	8	489	0	40	0.526315789474
0.108876364309	0.0163599182004	37	8	489	0	40	0.519480519481
0.109600699606	0.0184049079755	38	8	489	0	40	0.512820512821
0.111456542519	0.0122699386503	38	9	87	0	43	0.530864197531
0.114845330534	0.0081799591002	38	10	264	0	45	0.542168674699
0.114935274465	0.0102249488753	39	10	264	0	45	0.535714285714
0.116909888142	0.0122699386503	40	10	264	0	45	0.529411764706
0.119429332385	0.0143149284254	41	10	264	0	45	0.523255813953
0.121836668179	0.0	41	11	489	0	52	0.559139784946
0.121881559069	0.00204498977505	42	11	489	0	52	0.553191489362
0.123580004809	0.0040899795501	43	11	489	0	52	0.547368421053
0.127533648016	0.00613496932515	44	11	489	0	52	0.541666666667
0.135762266015	0.0081799591002	45	11	489	0	52	0.536082474227
0.1367365742	0.0102249488753	46	11	489	0	52	0.530612244898
0.136954857036	0.0122699386503	47	11	489	0	52	0.525252525253
0.137123673055	0.0143149284254	48	11	489	0	52	0.52
0.139927363086	0.0163599182004	49	11	489	0	52	0.514851485149
0.142537858291	0.0102249488753	49	12	141	0	55	0.528846153846
0.143372970445	0.00204498977505	49	13	300	0	59	0.546296296296
0.145130168819	0.0040899795501	50	13	300	0	59	0.54128440367
0.147354702165	0.00613496932515	51	13	300	0	59	0.536363636364
0.154428939197	0.0081799591002	52	13	300	0	59	0.531531531532
0.155866599342	0.0040899795501	52	14	147	0	61	0.53982300885
0.157276112637	0.0	52	15	348	0	63	0.547826086957
0.158146239841	0.00204498977505	53	15	348	0	63	0.543103448276
0.161922309189	0.00204498977505	53	16	87	0	63	0.543103448276
0.167444190376	0.0040899795501	54	16	87	0	63	0.538461538462
0.167725092268	0.00613496932515	55	16	87	0	63	0.533898305085
0.169350972943	0.0081799591002	56	16	87	0	63	0.529411764706
0.17353262736	0.0102249488753	57	16	87	0	63	0.525
0.174037100044	0.0122699386503	58	16	87	0	63	0.520661157025
0.175993935554	0.0143149284254	59	16	87	0	63	0.516393442623
0.182126852893	0.0163599182004	60	16	87	0	63	0.512195121951
0.184901674859	0.0184049079755	61	16	87	0	63	0.508064516129
0.188520273206	0.0204498977505	62	16	87	0	63	0.504
0.190358162951	0.0224948875256	63	16	87	0	63	0.5
0.191105670369	0.00204498977505	63	17	471	0	73	0.536764705882
0.194372089205	0.0040899795501	64	17	471	0	73	0.532846715328
0.194406145627	0.00613496932515	65	17	471	0	73	0.528985507246
0.19622570313	0.0081799591002	66	17	471	0	73	0.525179856115
0.196599535742	0.0102249488753	67	17	471	0	73	0.521428571429
0.198220707991	0.0122699386503	68	17	471	0	73	0.517730496454
0.198723455443	0.0102249488753	69	17	471	0	73	0.514084507042
0.200404184828	0.0	69	18	423	0	78	0.530612244898
0.204218168977	0.00204498977505	70	18	423	0	78	0.527027027027
0.204621709424	0.0040899795501	71	18	423	0	78	0.523489932886
0.205511918376	0.00613496932515	72	18	423	0	78	0.52
