# time 	 divergence 	 # of mutations 	 # IGC chances 	 IGC length 	 # IGC failures 	 Changes due to IGC  	 % change due to IGC 
0.0	0.0512820512821	0	0	0	0	0	0.0
0.000428273521847	0.0534188034188	1	0	0	0	0	0.0
0.00219613892616	0.0534188034188	1	1	3	0	0	0.0
0.00286240294903	0.0555555555556	2	1	3	0	0	0.0
0.00416464346872	0.0555555555556	2	2	3	0	0	0.0
0.00481208677866	0.0576923076923	3	2	3	0	0	0.0
0.00509426028083	0.0598290598291	4	2	3	0	0	0.0
0.00534638909096	0.0619658119658	5	2	3	0	0	0.0
0.00545074832236	0.0619658119658	5	3	3	0	0	0.0
0.00545724342924	0.0619658119658	5	4	3	0	0	0.0
0.00587541772307	0.0619658119658	5	5	3	0	0	0.0
0.00679868330319	0.0641025641026	6	5	3	0	0	0.0
0.00704609378952	0.0662393162393	7	5	3	0	0	0.0
0.00764047625647	0.0619658119658	7	6	9	0	2	0.222222222222
0.0080872941028	0.0576923076923	7	7	15	0	4	0.363636363636
0.0102694960921	0.0598290598291	8	7	15	0	4	0.333333333333
0.0106049314709	0.0598290598291	8	8	9	0	4	0.333333333333
0.0112104073589	0.0619658119658	9	8	9	0	4	0.307692307692
0.0121012811768	0.0598290598291	10	8	9	0	4	0.285714285714
0.013858995902	0.0598290598291	10	9	9	0	4	0.285714285714
0.0140604627551	0.0576923076923	10	10	15	0	5	0.333333333333
0.0146023379895	0.0598290598291	11	10	15	0	5	0.3125
0.0150446664469	0.0598290598291	11	11	9	0	5	0.3125
0.0191407088899	0.0598290598291	11	12	3	0	5	0.3125
0.0194442976916	0.0619658119658	12	12	3	0	5	0.294117647059
0.0198234375882	0.0641025641026	13	12	3	0	5	0.277777777778
0.0201274004071	0.0641025641026	13	13	12	0	5	0.277777777778
0.0202538834383	0.0662393162393	14	13	12	0	5	0.263157894737
