# time 	 divergence 	 # of mutations 	 # IGC chances 	 IGC length 	 # IGC failures 	 Changes due to IGC  	 % change due to IGC 
0.0	0.025641025641	0	0	0	0	0	0.0
3.67701777106e-05	0.0235042735043	0	1	24	0	1	1.0
0.000106309379376	0.025641025641	1	1	24	0	1	0.5
0.000171482223714	0.025641025641	1	2	3	0	1	0.5
0.000311059674344	0.025641025641	1	3	3	0	1	0.5
0.000620521606189	0.0277777777778	2	3	3	0	1	0.333333333333
0.000834497536071	0.0277777777778	2	4	3	0	1	0.333333333333
0.00167106325968	0.0277777777778	2	5	18	0	1	0.333333333333
0.00211544326524	0.0277777777778	2	6	6	0	1	0.333333333333
0.0031845656675	0.0277777777778	2	7	9	0	1	0.333333333333
0.00328337329213	0.0299145299145	3	7	9	0	1	0.25
0.00386299931831	0.0299145299145	3	8	3	0	1	0.25
0.00402439676234	0.0299145299145	3	9	6	0	1	0.25
0.00431302536939	0.0299145299145	3	10	3	0	1	0.25
0.00477564273428	0.0299145299145	3	11	6	0	1	0.25
0.00481640832687	0.0299145299145	3	12	15	0	1	0.25
0.00484589468272	0.0299145299145	3	13	9	0	1	0.25
0.00556444196186	0.0299145299145	3	14	15	0	1	0.25
0.00593918419867	0.0299145299145	3	15	18	0	1	0.25
0.00597695141073	0.0277777777778	3	16	9	0	2	0.4
0.0062197866595	0.0277777777778	3	17	3	0	2	0.4
0.00625521960249	0.0277777777778	3	18	15	0	2	0.4
0.00640343823924	0.025641025641	3	19	6	0	3	0.5
0.00652775390813	0.025641025641	3	20	3	0	3	0.5
0.00682292767655	0.025641025641	3	21	9	0	3	0.5
0.00689935671564	0.025641025641	3	22	18	0	3	0.5
0.00735615330015	0.025641025641	3	23	6	0	3	0.5
0.00750137277244	0.0277777777778	4	23	6	0	3	0.428571428571
0.00776163880654	0.025641025641	4	24	6	0	4	0.5
0.00829752729374	0.0277777777778	5	24	6	0	4	0.444444444444
0.00959760507812	0.0277777777778	5	25	9	0	4	0.444444444444
0.00962657856624	0.0277777777778	5	26	3	0	4	0.444444444444
0.00964518219449	0.0277777777778	5	27	9	0	4	0.444444444444
0.00986193649814	0.0277777777778	5	28	24	0	4	0.444444444444
