# time 	 divergence 	 # of mutations 	 # IGC chances 	 IGC length 	 # IGC failures 	 Changes due to IGC  	 % change due to IGC 
0.0	0.0122699386503	0	0	0	0	0	0.0
0.00561104011194	0.0143149284254	1	0	0	0	0	0.0
0.0114416817989	0.0163599182004	2	0	0	0	0	0.0
0.0120352888025	0.0184049079755	3	0	0	0	0	0.0
0.0218262772857	0.0204498977505	4	0	0	0	0	0.0
0.0236075357958	0.0224948875256	5	0	0	0	0	0.0
0.02569500499	0.0245398773006	6	0	0	0	0	0.0
0.0262882322877	0.0265848670757	7	0	0	0	0	0.0
0.026890720814	0.0286298568507	8	0	0	0	0	0.0
0.0293475617211	0.0306748466258	9	0	0	0	0	0.0
0.0304904993944	0.0327198364008	10	0	0	0	0	0.0
0.0314413810107	0.0347648261759	11	0	0	0	0	0.0
0.0325115944553	0.0368098159509	12	0	0	0	0	0.0
0.0346266647438	0.038854805726	13	0	0	0	0	0.0
0.03602442896	0.040899795501	14	0	0	0	0	0.0
0.0395398012037	0.0429447852761	15	0	0	0	0	0.0
0.0418666243928	0.0449897750511	16	0	0	0	0	0.0
0.0427107712849	0.0470347648262	17	0	0	0	0	0.0
0.0500570093978	0.0490797546012	18	0	0	0	0	0.0
0.050385811558	0.0511247443763	19	0	0	0	0	0.0
0.0560777669614	0.0531697341513	20	0	0	0	0	0.0
0.0564388569932	0.0552147239264	21	0	0	0	0	0.0
0.0652042770437	0.0572597137014	22	0	0	0	0	0.0
0.0669559915745	0.0593047034765	23	0	0	0	0	0.0
0.0704016614061	0.0613496932515	24	0	0	0	0	0.0
0.0748879577344	0.0593047034765	25	0	0	0	0	0.0
0.0780293616933	0.0613496932515	26	0	0	0	0	0.0
0.0793219205981	0.0633946830266	27	0	0	0	0	0.0
0.0808153558727	0.0654396728016	28	0	0	0	0	0.0
0.0814026009414	0.0674846625767	29	0	0	0	0	0.0
0.086208034805	0.0695296523517	30	0	0	0	0	0.0
0.0904153218121	0.0715746421268	31	0	0	0	0	0.0
0.0923075779905	0.0736196319018	32	0	0	0	0	0.0
0.0933046594089	0.0756646216769	33	0	0	0	0	0.0
0.0941181689926	0.0756646216769	34	0	0	0	0	0.0
0.094979958449	0.0777096114519	35	0	0	0	0	0.0
0.097269851201	0.079754601227	36	0	0	0	0	0.0
0.0988535143915	0.081799591002	37	0	0	0	0	0.0
0.102589852075	0.0838445807771	38	0	0	0	0	0.0
0.103793855485	0.0858895705521	39	0	0	0	0	0.0
0.108658548688	0.0879345603272	40	0	0	0	0	0.0
0.115367450091	0.0899795501022	41	0	0	0	0	0.0
0.119743991634	0.0920245398773	42	0	0	0	0	0.0
0.121629438861	0.0940695296524	43	0	0	0	0	0.0
0.127329735569	0.0961145194274	44	0	0	0	0	0.0
0.128407386693	0.0981595092025	45	0	0	0	0	0.0
0.131758638171	0.100204498978	46	0	0	0	0	0.0
0.140299712287	0.102249488753	47	0	0	0	0	0.0
0.140754305791	0.104294478528	48	0	0	0	0	0.0
0.150614320637	0.106339468303	49	0	0	0	0	0.0
0.173406509087	0.108384458078	50	0	0	0	0	0.0
0.179587655688	0.110429447853	51	0	0	0	0	0.0
0.181303566181	0.112474437628	52	0	0	0	0	0.0
0.181533514576	0.114519427403	53	0	0	0	0	0.0
0.183347148244	0.116564417178	54	0	0	0	0	0.0
0.184259787543	0.118609406953	55	0	0	0	0	0.0
0.191022679508	0.120654396728	56	0	0	0	0	0.0
0.193666438718	0.122699386503	57	0	0	0	0	0.0
0.194680873606	0.124744376278	58	0	0	0	0	0.0
0.195097042942	0.126789366053	59	0	0	0	0	0.0
0.195172654697	0.128834355828	60	0	0	0	0	0.0
0.20054196013	0.130879345603	61	0	0	0	0	0.0
0.206326756317	0.132924335378	62	0	0	0	0	0.0
0.214621594992	0.134969325153	63	0	0	0	0	0.0
0.214890083179	0.137014314928	64	0	0	0	0	0.0
