# time 	 divergence 	 # of mutations 	 # IGC chances 	 IGC length 	 # IGC failures 	 Changes due to IGC  	 % change due to IGC 
0.0	0.287096774194	0	0	0	0	0	0.0
0.00538543168363	0.288172043011	1	0	0	0	0	0.0
0.00586351324195	0.289247311828	2	0	0	0	0	0.0
0.00670385327702	0.289247311828	3	0	0	0	0	0.0
0.00813279942139	0.289247311828	4	0	0	0	0	0.0
0.00836091478953	0.290322580645	5	0	0	0	0	0.0
0.00913606361406	0.291397849462	6	0	0	0	0	0.0
0.0102797942579	0.29247311828	7	0	0	0	0	0.0
0.0164787396691	0.291397849462	8	0	0	0	0	0.0
0.0182526457946	0.29247311828	9	0	0	0	0	0.0
0.0228213962096	0.293548387097	10	0	0	0	0	0.0
0.0270650847227	0.294623655914	11	0	0	0	0	0.0
0.0281945253654	0.293548387097	12	0	0	0	0	0.0
0.0284800479273	0.294623655914	13	0	0	0	0	0.0
0.0289187274516	0.295698924731	14	0	0	0	0	0.0
0.0315092629286	0.296774193548	15	0	0	0	0	0.0
0.0350098613355	0.296774193548	16	0	0	0	0	0.0
0.0370384082409	0.297849462366	17	0	0	0	0	0.0
0.0386269438566	0.297849462366	18	0	0	0	0	0.0
0.0456122521326	0.298924731183	19	0	0	0	0	0.0
0.0464137824523	0.3	20	0	0	0	0	0.0
0.049916466885	0.301075268817	21	0	0	0	0	0.0
0.0519121296037	0.301075268817	22	0	0	0	0	0.0
0.0521077919718	0.302150537634	23	0	0	0	0	0.0
0.0527383736759	0.303225806452	24	0	0	0	0	0.0
0.0537915244893	0.304301075269	25	0	0	0	0	0.0
0.0546659888559	0.305376344086	26	0	0	0	0	0.0
0.0565154876714	0.305376344086	27	0	0	0	0	0.0
0.057024154517	0.306451612903	28	0	0	0	0	0.0
0.0584110159068	0.306451612903	29	0	0	0	0	0.0
0.0630415630472	0.30752688172	30	0	0	0	0	0.0
0.0647922621312	0.308602150538	31	0	0	0	0	0.0
0.0687501587743	0.309677419355	32	0	0	0	0	0.0
0.0694912455974	0.310752688172	33	0	0	0	0	0.0
0.0694932330568	0.311827956989	34	0	0	0	0	0.0
0.0725363781062	0.312903225806	35	0	0	0	0	0.0
0.0731909350595	0.312903225806	36	0	0	0	0	0.0
0.0735000831217	0.313978494624	37	0	0	0	0	0.0
0.0738671074746	0.313978494624	38	0	0	0	0	0.0
0.0750540687597	0.313978494624	39	0	0	0	0	0.0
0.075362976282	0.313978494624	40	0	0	0	0	0.0
0.0771418490637	0.313978494624	41	0	0	0	0	0.0
0.0776764065647	0.315053763441	42	0	0	0	0	0.0
0.0782406740725	0.316129032258	43	0	0	0	0	0.0
0.0797548434916	0.316129032258	44	0	0	0	0	0.0
0.0799056851684	0.317204301075	45	0	0	0	0	0.0
0.0813945869145	0.318279569892	46	0	0	0	0	0.0
0.082044584568	0.318279569892	47	0	0	0	0	0.0
0.0868040906769	0.318279569892	48	0	0	0	0	0.0
0.0925368224668	0.318279569892	49	0	0	0	0	0.0
0.0945758255518	0.318279569892	50	0	0	0	0	0.0
0.095008050605	0.317204301075	51	0	0	0	0	0.0
0.0955230184805	0.316129032258	52	0	0	0	0	0.0
0.0982105326243	0.317204301075	53	0	0	0	0	0.0
0.0991805697942	0.318279569892	54	0	0	0	0	0.0
0.100867322667	0.31935483871	55	0	0	0	0	0.0
0.101391030492	0.320430107527	56	0	0	0	0	0.0
0.102716444517	0.31935483871	57	0	0	0	0	0.0
0.102984220068	0.320430107527	58	0	0	0	0	0.0
0.103510240768	0.320430107527	59	0	0	0	0	0.0
0.103677642576	0.321505376344	60	0	0	0	0	0.0
0.104635608035	0.321505376344	61	0	0	0	0	0.0
0.105902572564	0.320430107527	62	0	0	0	0	0.0
0.106798234409	0.321505376344	63	0	0	0	0	0.0
0.109141629931	0.321505376344	64	0	0	0	0	0.0
0.109749273916	0.320430107527	65	0	0	0	0	0.0
0.110680827768	0.320430107527	66	0	0	0	0	0.0
0.112336843633	0.320430107527	67	0	0	0	0	0.0
0.112376859036	0.321505376344	68	0	0	0	0	0.0
0.113041205065	0.321505376344	69	0	0	0	0	0.0
0.11439467044	0.322580645161	70	0	0	0	0	0.0
0.114742635804	0.323655913978	71	0	0	0	0	0.0
0.117019351132	0.323655913978	72	0	0	0	0	0.0
0.120760061211	0.322580645161	73	0	0	0	0	0.0
0.122133434971	0.323655913978	74	0	0	0	0	0.0
0.12223837965	0.324731182796	75	0	0	0	0	0.0
0.123019210122	0.325806451613	76	0	0	0	0	0.0
0.1242873401	0.32688172043	77	0	0	0	0	0.0
0.124461659139	0.327956989247	78	0	0	0	0	0.0
0.127424018412	0.32688172043	79	0	0	0	0	0.0
0.128266460104	0.327956989247	80	0	0	0	0	0.0
0.129400016134	0.329032258065	81	0	0	0	0	0.0
0.129698384447	0.330107526882	82	0	0	0	0	0.0
0.13116349594	0.330107526882	83	0	0	0	0	0.0
0.135059908514	0.331182795699	84	0	0	0	0	0.0
0.13608919263	0.332258064516	85	0	0	0	0	0.0
0.140655676744	0.331182795699	86	0	0	0	0	0.0
0.141415907231	0.331182795699	87	0	0	0	0	0.0
0.143510962061	0.331182795699	88	0	0	0	0	0.0
0.14373686795	0.332258064516	89	0	0	0	0	0.0
0.144266898039	0.332258064516	90	0	0	0	0	0.0
0.15018679199	0.333333333333	91	0	0	0	0	0.0
0.152571883403	0.332258064516	92	0	0	0	0	0.0
0.155224500289	0.333333333333	93	0	0	0	0	0.0
0.156052492557	0.334408602151	94	0	0	0	0	0.0
0.161476804777	0.334408602151	95	0	0	0	0	0.0
0.16187138093	0.335483870968	96	0	0	0	0	0.0
0.163572042007	0.336559139785	97	0	0	0	0	0.0
0.172655244023	0.337634408602	98	0	0	0	0	0.0
0.173854856085	0.338709677419	99	0	0	0	0	0.0
0.176232393676	0.339784946237	100	0	0	0	0	0.0
0.176995397163	0.340860215054	101	0	0	0	0	0.0
0.177403725483	0.341935483871	102	0	0	0	0	0.0
0.178025721301	0.343010752688	103	0	0	0	0	0.0
0.178195089704	0.344086021505	104	0	0	0	0	0.0
0.178443549195	0.345161290323	105	0	0	0	0	0.0
0.179043427859	0.34623655914	106	0	0	0	0	0.0
0.180050165434	0.34623655914	107	0	0	0	0	0.0
0.181595775797	0.347311827957	108	0	0	0	0	0.0
0.18218168775	0.348387096774	109	0	0	0	0	0.0
0.183393639292	0.349462365591	110	0	0	0	0	0.0
0.186357206041	0.349462365591	111	0	0	0	0	0.0
0.1885635643	0.348387096774	112	0	0	0	0	0.0
0.191104417899	0.349462365591	113	0	0	0	0	0.0
0.192633306843	0.350537634409	114	0	0	0	0	0.0
0.192720447346	0.349462365591	115	0	0	0	0	0.0
0.192838790175	0.350537634409	116	0	0	0	0	0.0
0.194010661509	0.350537634409	117	0	0	0	0	0.0
0.195925524676	0.351612903226	118	0	0	0	0	0.0
0.196674184206	0.351612903226	119	0	0	0	0	0.0
0.196830517041	0.351612903226	120	0	0	0	0	0.0
0.200210078334	0.351612903226	121	0	0	0	0	0.0
0.200303820465	0.350537634409	122	0	0	0	0	0.0
0.202488569791	0.351612903226	123	0	0	0	0	0.0
0.203699719753	0.352688172043	124	0	0	0	0	0.0
0.204243462993	0.35376344086	125	0	0	0	0	0.0
0.210431997778	0.354838709677	126	0	0	0	0	0.0
0.21344949413	0.355913978495	127	0	0	0	0	0.0
0.215335330357	0.354838709677	128	0	0	0	0	0.0
0.216023555165	0.355913978495	129	0	0	0	0	0.0
0.21614036326	0.354838709677	130	0	0	0	0	0.0
0.220438144349	0.355913978495	131	0	0	0	0	0.0
0.222217492283	0.356989247312	132	0	0	0	0	0.0
0.222649375512	0.358064516129	133	0	0	0	0	0.0
0.222809691483	0.359139784946	134	0	0	0	0	0.0
0.223944302426	0.359139784946	135	0	0	0	0	0.0
0.224048331427	0.360215053763	136	0	0	0	0	0.0
0.224266697045	0.361290322581	137	0	0	0	0	0.0
0.224877867985	0.362365591398	138	0	0	0	0	0.0
0.225477136295	0.362365591398	139	0	0	0	0	0.0
0.226606527809	0.363440860215	140	0	0	0	0	0.0
0.226619621454	0.364516129032	141	0	0	0	0	0.0
0.226628393353	0.365591397849	142	0	0	0	0	0.0
0.232315060194	0.366666666667	143	0	0	0	0	0.0
0.232459896105	0.367741935484	144	0	0	0	0	0.0
0.232835451459	0.368817204301	145	0	0	0	0	0.0
0.234253381772	0.369892473118	146	0	0	0	0	0.0
0.234916909174	0.370967741935	147	0	0	0	0	0.0
0.235155569058	0.372043010753	148	0	0	0	0	0.0
0.238483313187	0.37311827957	149	0	0	0	0	0.0
0.241320626244	0.374193548387	150	0	0	0	0	0.0
0.243035093725	0.375268817204	151	0	0	0	0	0.0
0.245784293051	0.375268817204	152	0	0	0	0	0.0
0.245879171711	0.375268817204	153	0	0	0	0	0.0
0.245947080909	0.374193548387	154	0	0	0	0	0.0
0.247977071922	0.375268817204	155	0	0	0	0	0.0
0.252416088524	0.376344086022	156	0	0	0	0	0.0
0.253468581831	0.377419354839	157	0	0	0	0	0.0
0.253708727988	0.378494623656	158	0	0	0	0	0.0
0.254140217131	0.155913978495	158	1	522	0	207	0.567123287671
0.255705044148	0.156989247312	159	1	522	0	207	0.565573770492
0.259716992656	0.158064516129	160	1	522	0	207	0.564032697548
0.259957740254	0.159139784946	161	1	522	0	207	0.5625
0.262052850512	0.160215053763	162	1	522	0	207	0.560975609756
0.263529954195	0.161290322581	163	1	522	0	207	0.559459459459
0.265179288315	0.162365591398	164	1	522	0	207	0.55795148248
0.267252885987	0.163440860215	165	1	522	0	207	0.556451612903
0.267644041193	0.164516129032	166	1	522	0	207	0.554959785523
0.268037360385	0.164516129032	167	1	522	0	207	0.553475935829
0.268189792097	0.164516129032	168	1	522	0	207	0.552
0.269551084283	0.165591397849	169	1	522	0	207	0.550531914894
0.271740901218	0.166666666667	170	1	522	0	207	0.549071618037
0.275461464694	0.167741935484	171	1	522	0	207	0.547619047619
0.276876080889	0.168817204301	172	1	522	0	207	0.54617414248
0.278142685596	0.169892473118	173	1	522	0	207	0.544736842105
0.282549500787	0.168817204301	174	1	522	0	207	0.543307086614
0.28406725235	0.169892473118	175	1	522	0	207	0.541884816754
0.284182017515	0.169892473118	176	1	522	0	207	0.54046997389
0.285139130939	0.170967741935	177	1	522	0	207	0.5390625
0.286887031189	0.172043010753	178	1	522	0	207	0.537662337662
0.287234945012	0.170967741935	179	1	522	0	207	0.536269430052
0.289759517522	0.172043010753	180	1	522	0	207	0.53488372093
0.28977314943	0.17311827957	181	1	522	0	207	0.533505154639
0.290324831642	0.174193548387	182	1	522	0	207	0.532133676093
0.291120168787	0.175268817204	183	1	522	0	207	0.530769230769
0.291684405436	0.174193548387	184	1	522	0	207	0.529411764706
0.292811379839	0.174193548387	185	1	522	0	207	0.52806122449
0.298094333819	0.175268817204	186	1	522	0	207	0.526717557252
0.298679830416	0.175268817204	187	1	522	0	207	0.52538071066
0.298685902564	0.175268817204	188	1	522	0	207	0.524050632911
0.300533643025	0.176344086022	189	1	522	0	207	0.522727272727
0.302258240641	0.177419354839	190	1	522	0	207	0.521410579345
0.302296690367	0.178494623656	191	1	522	0	207	0.520100502513
0.307417541191	0.179569892473	192	1	522	0	207	0.518796992481
