# time 	 divergence 	 # of mutations 	 # IGC chances 	 IGC length 	 # IGC failures 	 Changes due to IGC  	 % change due to IGC 
0.0	0.0534188034188	0	0	0	0	0	0.0
0.000249144858967	0.0534188034188	0	1	3	0	0	0.0
0.000376636993517	0.0534188034188	0	2	3	0	0	0.0
0.00113851732903	0.0534188034188	0	3	15	0	0	0.0
0.00207659125379	0.0534188034188	0	4	6	0	0	0.0
0.00211055793418	0.0555555555556	1	4	6	0	0	0.0
0.00618694131934	0.0576923076923	2	4	6	0	0	0.0
0.00647118245536	0.0555555555556	2	5	9	0	1	0.333333333333
0.00971432830177	0.0555555555556	2	6	9	0	1	0.333333333333
0.011580368	0.0555555555556	2	7	21	0	1	0.333333333333
0.0119289150706	0.0534188034188	2	8	12	0	2	0.5
0.0121688087779	0.0534188034188	2	9	6	0	2	0.5
0.0121957214955	0.0491452991453	2	10	15	0	4	0.666666666667
0.0148450576244	0.0470085470085	2	11	15	0	5	0.714285714286
0.0161934398081	0.0491452991453	3	11	15	0	5	0.625
0.0172319334165	0.0491452991453	3	12	9	0	5	0.625
0.0189000737411	0.0470085470085	3	13	3	0	6	0.666666666667
0.0191919615326	0.0448717948718	3	14	9	0	7	0.7
0.0200459564324	0.0470085470085	4	14	9	0	7	0.636363636364
0.0202115945338	0.0470085470085	4	15	6	0	7	0.636363636364
0.0205055062815	0.0448717948718	4	16	27	0	8	0.666666666667
0.0226062998365	0.042735042735	4	17	18	0	9	0.692307692308
0.0244482871645	0.042735042735	4	18	3	0	9	0.692307692308
0.0265344167956	0.0405982905983	4	19	24	0	10	0.714285714286
0.0273668622164	0.042735042735	5	19	24	0	10	0.666666666667
0.0274952826057	0.042735042735	5	20	6	0	10	0.666666666667
0.0276042806695	0.042735042735	5	21	15	0	10	0.666666666667
0.0276641512244	0.0448717948718	6	21	15	0	10	0.625
0.027768407481	0.042735042735	6	22	3	0	11	0.647058823529
0.028877258203	0.042735042735	6	23	3	0	11	0.647058823529
0.032158388829	0.0405982905983	6	24	6	0	12	0.666666666667
0.0347295020915	0.0405982905983	6	25	9	0	12	0.666666666667
0.0355171072387	0.042735042735	7	25	9	0	12	0.631578947368
0.0369451674148	0.042735042735	7	26	21	0	12	0.631578947368
0.0390103686757	0.0384615384615	7	27	24	0	14	0.666666666667
0.0390347867229	0.0363247863248	7	28	33	0	15	0.681818181818
0.039977158836	0.0363247863248	7	29	12	0	15	0.681818181818
0.0401493509229	0.0363247863248	7	30	9	0	15	0.681818181818
0.0404899328652	0.0384615384615	8	30	9	0	15	0.652173913043
0.0410025259971	0.0384615384615	8	31	18	0	15	0.652173913043
0.0417147498444	0.0384615384615	8	32	3	0	15	0.652173913043
0.0417566852943	0.0384615384615	8	33	12	0	15	0.652173913043
0.0424946959097	0.0384615384615	8	34	12	0	15	0.652173913043
0.0430924774947	0.0363247863248	8	35	9	0	16	0.666666666667
0.0449511334843	0.0384615384615	9	35	9	0	16	0.64
0.0451923260661	0.0384615384615	9	36	9	0	16	0.64
0.0456022561817	0.0405982905983	10	36	9	0	16	0.615384615385
0.046993983828	0.0405982905983	10	37	12	0	16	0.615384615385
0.0473051530721	0.0405982905983	10	38	6	0	16	0.615384615385
0.0474782285586	0.0384615384615	10	39	3	0	17	0.62962962963
0.0494612073382	0.0363247863248	10	40	12	0	18	0.642857142857
0.0524685673214	0.0363247863248	10	41	12	0	18	0.642857142857
0.0531189078168	0.0384615384615	11	41	12	0	18	0.620689655172
0.0531506619938	0.0405982905983	12	41	12	0	18	0.6
0.0551773084949	0.0405982905983	12	42	3	0	18	0.6
0.0566714218429	0.042735042735	13	42	3	0	18	0.58064516129
0.0569550959344	0.0448717948718	14	42	3	0	18	0.5625
0.0584719810414	0.0448717948718	14	43	6	0	18	0.5625
0.058473280871	0.0448717948718	14	44	15	0	18	0.5625
0.0594626500883	0.0448717948718	14	45	6	0	18	0.5625
0.0619565472578	0.0470085470085	15	45	6	0	18	0.545454545455
0.063586932072	0.0491452991453	16	45	6	0	18	0.529411764706
0.0654993235198	0.0491452991453	16	46	3	0	18	0.529411764706
0.065812970069	0.0491452991453	16	47	3	0	18	0.529411764706
0.0672746008119	0.0512820512821	17	47	3	0	18	0.514285714286
0.0707197739557	0.0534188034188	18	47	3	0	18	0.5
0.074224816741	0.0512820512821	18	48	15	0	19	0.513513513514
0.0750201308806	0.0534188034188	19	48	15	0	19	0.5
0.0814572595562	0.0555555555556	20	48	15	0	19	0.487179487179
0.0821227033771	0.0555555555556	20	49	3	0	19	0.487179487179
0.0822538260119	0.0555555555556	20	50	9	0	19	0.487179487179
0.083203165834	0.0576923076923	21	50	9	0	19	0.475
0.0848880364465	0.0555555555556	21	51	9	0	20	0.487804878049
0.0850400516705	0.0576923076923	22	51	9	0	20	0.47619047619
0.0865491145373	0.0576923076923	22	52	3	0	20	0.47619047619
0.0866986358529	0.0598290598291	23	52	3	0	20	0.46511627907
