# time 	 divergence 	 # of mutations 	 # IGC chances 	 IGC length 	 # IGC failures 	 Changes due to IGC  	 % change due to IGC 
0.0	0.149122807018	0	0	0	0	0	0.0
0.000435175319882	0.150097465887	1	0	0	0	0	0.0
0.00131226770957	0.147173489279	1	1	39	0	3	0.75
0.00355978797368	0.148148148148	2	1	39	0	3	0.6
0.00716865294006	0.149122807018	3	1	39	0	3	0.5
0.0088029311461	0.149122807018	4	1	39	0	3	0.428571428571
0.0103862860382	0.150097465887	5	1	39	0	3	0.375
0.0126581222074	0.151072124756	6	1	39	0	3	0.333333333333
0.0132468087108	0.152046783626	7	1	39	0	3	0.3
0.0133140083895	0.146198830409	7	2	45	0	9	0.5625
0.0149680591645	0.147173489279	8	2	45	0	9	0.529411764706
0.0150991174449	0.148148148148	9	2	45	0	9	0.5
0.0154103721803	0.148148148148	10	2	45	0	9	0.473684210526
0.0168992972395	0.149122807018	11	2	45	0	9	0.45
0.0187981098412	0.149122807018	12	2	45	0	9	0.428571428571
0.0210851724497	0.150097465887	13	2	45	0	9	0.409090909091
0.022776452143	0.150097465887	14	2	45	0	9	0.391304347826
0.0231441425146	0.151072124756	15	2	45	0	9	0.375
0.0249247855906	0.152046783626	16	2	45	0	9	0.36
0.0254376002469	0.153021442495	17	2	45	0	9	0.346153846154
0.025584234868	0.153996101365	18	2	45	0	9	0.333333333333
0.026524834175	0.154970760234	19	2	45	0	9	0.321428571429
0.0279158132465	0.155945419103	20	2	45	0	9	0.310344827586
0.0301435544833	0.155945419103	21	2	45	0	9	0.3
0.0305349809284	0.156920077973	22	2	45	0	9	0.290322580645
0.0305934441645	0.157894736842	23	2	45	0	9	0.28125
0.0322406164108	0.158869395712	24	2	45	0	9	0.272727272727
0.0322713861548	0.159844054581	25	2	45	0	9	0.264705882353
0.0342998372565	0.159844054581	26	2	45	0	9	0.257142857143
0.0349700965938	0.16081871345	27	2	45	0	9	0.25
0.0354494665857	0.16179337232	28	2	45	0	9	0.243243243243
0.0366721959016	0.162768031189	29	2	45	0	9	0.236842105263
0.0452326941177	0.16179337232	30	2	45	0	9	0.230769230769
0.0461159585011	0.16179337232	31	2	45	0	9	0.225
0.0471679801444	0.16179337232	32	2	45	0	9	0.219512195122
0.0479773381116	0.162768031189	33	2	45	0	9	0.214285714286
0.0485070461842	0.162768031189	34	2	45	0	9	0.209302325581
0.0485715759262	0.163742690058	35	2	45	0	9	0.204545454545
0.0493321457139	0.164717348928	36	2	45	0	9	0.2
0.0510579473047	0.165692007797	37	2	45	0	9	0.195652173913
0.0519651194086	0.166666666667	38	2	45	0	9	0.191489361702
0.0544799601391	0.156920077973	38	3	48	0	19	0.333333333333
0.0549333553795	0.157894736842	39	3	48	0	19	0.327586206897
0.0553100380391	0.158869395712	40	3	48	0	19	0.322033898305
0.0554995985849	0.159844054581	41	3	48	0	19	0.316666666667
0.0581361316552	0.16081871345	42	3	48	0	19	0.311475409836
0.0600146633434	0.16179337232	43	3	48	0	19	0.306451612903
0.0614663827171	0.162768031189	44	3	48	0	19	0.301587301587
0.0615175879468	0.163742690058	45	3	48	0	19	0.296875
0.0617996579159	0.164717348928	46	3	48	0	19	0.292307692308
0.0622923318291	0.165692007797	47	3	48	0	19	0.287878787879
0.0624583786023	0.166666666667	48	3	48	0	19	0.283582089552
0.0628194066503	0.167641325536	49	3	48	0	19	0.279411764706
0.0634833434325	0.168615984405	50	3	48	0	19	0.275362318841
0.0642745366444	0.168615984405	51	3	48	0	19	0.271428571429
0.0648460459571	0.168615984405	51	4	15	0	19	0.271428571429
0.0656387173599	0.169590643275	52	4	15	0	19	0.267605633803
0.0660217855435	0.170565302144	53	4	15	0	19	0.263888888889
0.0683866612534	0.171539961014	54	4	15	0	19	0.260273972603
0.069421547043	0.172514619883	55	4	15	0	19	0.256756756757
0.0720839284668	0.172514619883	56	4	15	0	19	0.253333333333
0.0725886842421	0.173489278752	57	4	15	0	19	0.25
0.0730009314609	0.173489278752	58	4	15	0	19	0.246753246753
0.0732095577845	0.174463937622	59	4	15	0	19	0.24358974359
0.0732212100803	0.175438596491	60	4	15	0	19	0.240506329114
0.0758899364659	0.176413255361	61	4	15	0	19	0.2375
0.076748785871	0.17738791423	62	4	15	0	19	0.234567901235
0.0781788952999	0.178362573099	63	4	15	0	19	0.231707317073
0.079199824689	0.179337231969	64	4	15	0	19	0.228915662651
0.0826701871635	0.180311890838	65	4	15	0	19	0.22619047619
0.0832772637862	0.179337231969	66	4	15	0	19	0.223529411765
0.0878850087051	0.180311890838	67	4	15	0	19	0.220930232558
0.0900446878266	0.181286549708	68	4	15	0	19	0.218390804598
0.0910665563312	0.182261208577	69	4	15	0	19	0.215909090909
0.0922372820245	0.183235867446	70	4	15	0	19	0.213483146067
0.0955302105748	0.184210526316	71	4	15	0	19	0.211111111111
0.103532834272	0.185185185185	72	4	15	0	19	0.208791208791
0.105286456823	0.186159844055	73	4	15	0	19	0.20652173913
0.106673954667	0.187134502924	74	4	15	0	19	0.204301075269
0.10807727246	0.188109161793	75	4	15	0	19	0.202127659574
0.110087534473	0.188109161793	76	4	15	0	19	0.2
0.110562309727	0.189083820663	77	4	15	0	19	0.197916666667
0.111220563346	0.190058479532	78	4	15	0	19	0.19587628866
0.111222292106	0.184210526316	78	5	27	0	25	0.242718446602
0.112869986808	0.185185185185	79	5	27	0	25	0.240384615385
0.113658391659	0.185185185185	80	5	27	0	25	0.238095238095
0.114093595693	0.185185185185	81	5	27	0	25	0.235849056604
0.117139250032	0.186159844055	82	5	27	0	25	0.233644859813
0.11747366741	0.187134502924	83	5	27	0	25	0.231481481481
0.121321052786	0.186159844055	84	5	27	0	25	0.229357798165
0.121595505123	0.187134502924	85	5	27	0	25	0.227272727273
0.121746221151	0.188109161793	86	5	27	0	25	0.225225225225
0.124967455182	0.188109161793	87	5	27	0	25	0.223214285714
0.12836682012	0.189083820663	88	5	27	0	25	0.221238938053
0.12975180943	0.189083820663	89	5	27	0	25	0.219298245614
0.130449868836	0.190058479532	90	5	27	0	25	0.217391304348
0.130883612633	0.189083820663	91	5	27	0	25	0.215517241379
0.131185245063	0.189083820663	92	5	27	0	25	0.213675213675
0.133236137032	0.188109161793	92	6	24	0	26	0.220338983051
0.134127842424	0.189083820663	93	6	24	0	26	0.218487394958
0.134559606045	0.190058479532	94	6	24	0	26	0.216666666667
0.136166563676	0.169590643275	94	7	63	0	47	0.333333333333
0.138376477837	0.170565302144	95	7	63	0	47	0.330985915493
0.141515340709	0.170565302144	96	7	63	0	47	0.328671328671
0.141647786141	0.171539961014	97	7	63	0	47	0.326388888889
0.144184396919	0.172514619883	98	7	63	0	47	0.324137931034
0.145997462482	0.173489278752	99	7	63	0	47	0.321917808219
0.14602562189	0.174463937622	100	7	63	0	47	0.319727891156
0.146223324459	0.175438596491	101	7	63	0	47	0.317567567568
0.146652994236	0.175438596491	102	7	63	0	47	0.315436241611
0.147703969131	0.176413255361	103	7	63	0	47	0.313333333333
0.148916162131	0.17738791423	104	7	63	0	47	0.311258278146
0.149921286921	0.178362573099	105	7	63	0	47	0.309210526316
0.150108013591	0.179337231969	106	7	63	0	47	0.307189542484
0.150293897493	0.180311890838	107	7	63	0	47	0.305194805195
0.1508164393	0.181286549708	108	7	63	0	47	0.303225806452
0.150953957512	0.182261208577	109	7	63	0	47	0.301282051282
0.151785128463	0.183235867446	110	7	63	0	47	0.299363057325
0.151837653153	0.184210526316	111	7	63	0	47	0.29746835443
0.154761973855	0.184210526316	112	7	63	0	47	0.295597484277
0.158121865401	0.185185185185	113	7	63	0	47	0.29375
0.15996525278	0.186159844055	114	7	63	0	47	0.291925465839
0.163997042585	0.186159844055	115	7	63	0	47	0.29012345679
0.164928624955	0.187134502924	116	7	63	0	47	0.288343558282
0.168255552713	0.185185185185	116	8	3	0	49	0.29696969697
0.169471241856	0.185185185185	116	9	3	0	49	0.29696969697
0.171175479932	0.186159844055	117	9	3	0	49	0.295180722892
0.174516450465	0.187134502924	118	9	3	0	49	0.293413173653
0.174626002155	0.186159844055	118	10	9	0	50	0.297619047619
0.180974568063	0.187134502924	119	10	9	0	50	0.295857988166
0.181792015903	0.188109161793	120	10	9	0	50	0.294117647059
0.182812331301	0.189083820663	121	10	9	0	50	0.292397660819
0.183677060197	0.190058479532	122	10	9	0	50	0.290697674419
0.185656250584	0.191033138402	123	10	9	0	50	0.28901734104
0.186566588715	0.192007797271	124	10	9	0	50	0.287356321839
0.187144151076	0.19298245614	125	10	9	0	50	0.285714285714
0.187206889654	0.19395711501	126	10	9	0	50	0.284090909091
0.189055801155	0.194931773879	127	10	9	0	50	0.282485875706
0.189279440054	0.195906432749	128	10	9	0	50	0.280898876404
0.190701283723	0.194931773879	129	10	9	0	50	0.279329608939
0.191417144756	0.189083820663	129	11	27	0	56	0.302702702703
0.193251868131	0.190058479532	130	11	27	0	56	0.301075268817
0.194004218412	0.191033138402	131	11	27	0	56	0.299465240642
0.195815023096	0.192007797271	132	11	27	0	56	0.297872340426
0.196009170429	0.19298245614	133	11	27	0	56	0.296296296296
0.196183109935	0.192007797271	134	11	27	0	56	0.294736842105
0.197600528486	0.19298245614	135	11	27	0	56	0.293193717277
0.201554811107	0.19395711501	136	11	27	0	56	0.291666666667
0.201782251615	0.194931773879	137	11	27	0	56	0.290155440415
0.202273033687	0.195906432749	138	11	27	0	56	0.288659793814
0.2027189167	0.196881091618	139	11	27	0	56	0.287179487179
0.203295192977	0.195906432749	140	11	27	0	56	0.285714285714
0.204037518337	0.196881091618	141	11	27	0	56	0.284263959391
0.204787841487	0.196881091618	142	11	27	0	56	0.282828282828
0.206985833521	0.197855750487	143	11	27	0	56	0.281407035176
0.207931352594	0.198830409357	144	11	27	0	56	0.28
0.209933310646	0.199805068226	145	11	27	0	56	0.278606965174
0.210414632868	0.200779727096	146	11	27	0	56	0.277227722772
0.210795261619	0.201754385965	147	11	27	0	56	0.275862068966
0.211812793119	0.200779727096	148	11	27	0	56	0.274509803922
0.212205698191	0.201754385965	149	11	27	0	56	0.273170731707
0.214631276588	0.202729044834	150	11	27	0	56	0.271844660194
0.214663942437	0.203703703704	151	11	27	0	56	0.270531400966
0.21530691035	0.204678362573	152	11	27	0	56	0.269230769231
0.215816506257	0.205653021442	153	11	27	0	56	0.267942583732
0.217648817572	0.206627680312	154	11	27	0	56	0.266666666667
0.217982606815	0.207602339181	155	11	27	0	56	0.265402843602
0.218203181557	0.204678362573	155	12	12	0	59	0.275700934579
0.22039481947	0.205653021442	156	12	12	0	59	0.274418604651
0.221912411403	0.206627680312	157	12	12	0	59	0.273148148148
0.227269745188	0.206627680312	158	12	12	0	59	0.271889400922
0.229400389945	0.207602339181	159	12	12	0	59	0.270642201835
0.230484708702	0.206627680312	160	12	12	0	59	0.269406392694
0.231260841385	0.205653021442	160	13	24	0	60	0.272727272727
0.23130248893	0.206627680312	161	13	24	0	60	0.27149321267
0.232883026496	0.207602339181	162	13	24	0	60	0.27027027027
0.233203624622	0.208576998051	163	13	24	0	60	0.269058295964
0.237004851833	0.20955165692	164	13	24	0	60	0.267857142857
0.239831668214	0.210526315789	165	13	24	0	60	0.266666666667
0.242007969632	0.210526315789	166	13	24	0	60	0.265486725664
0.24412204422	0.211500974659	167	13	24	0	60	0.264317180617
0.244926654088	0.212475633528	168	13	24	0	60	0.263157894737
0.247896037389	0.213450292398	169	13	24	0	60	0.262008733624
0.248209051914	0.214424951267	170	13	24	0	60	0.260869565217
0.248680745393	0.214424951267	171	13	24	0	60	0.25974025974
0.248892488247	0.215399610136	172	13	24	0	60	0.258620689655
0.250089898146	0.216374269006	173	13	24	0	60	0.257510729614
0.251163064968	0.217348927875	174	13	24	0	60	0.25641025641
0.251426008258	0.218323586745	175	13	24	0	60	0.255319148936
0.251887665264	0.219298245614	176	13	24	0	60	0.254237288136
0.257926468174	0.220272904483	177	13	24	0	60	0.253164556962
0.259577439998	0.220272904483	178	13	24	0	60	0.252100840336
0.262819947639	0.219298245614	179	13	24	0	60	0.251046025105
0.26298388693	0.220272904483	180	13	24	0	60	0.25
0.263132755622	0.219298245614	181	13	24	0	60	0.248962655602
0.265001824459	0.212475633528	181	14	33	0	67	0.270161290323
0.265168055513	0.213450292398	182	14	33	0	67	0.269076305221
0.265566936455	0.213450292398	183	14	33	0	67	0.268
0.265928876515	0.214424951267	184	14	33	0	67	0.266932270916
0.267587359016	0.215399610136	185	14	33	0	67	0.265873015873
0.270158395046	0.216374269006	186	14	33	0	67	0.264822134387
0.270706709626	0.217348927875	187	14	33	0	67	0.263779527559
0.275420420026	0.218323586745	188	14	33	0	67	0.262745098039
0.276816899453	0.219298245614	189	14	33	0	67	0.26171875
0.277133121627	0.220272904483	190	14	33	0	67	0.260700389105
0.277548591102	0.219298245614	191	14	33	0	67	0.259689922481
0.277661235013	0.220272904483	192	14	33	0	67	0.258687258687
0.280242689285	0.221247563353	193	14	33	0	67	0.257692307692
0.280290088972	0.222222222222	194	14	33	0	67	0.256704980843
0.282330006728	0.221247563353	195	14	33	0	67	0.25572519084
0.283590525726	0.222222222222	196	14	33	0	67	0.254752851711
0.284105096811	0.223196881092	197	14	33	0	67	0.253787878788
0.286461756484	0.216374269006	197	15	27	0	74	0.273062730627
0.289542469163	0.217348927875	198	15	27	0	74	0.272058823529
0.293939373141	0.218323586745	199	15	27	0	74	0.271062271062
0.294388906797	0.219298245614	200	15	27	0	74	0.270072992701
0.295124141115	0.220272904483	201	15	27	0	74	0.269090909091
0.29656588745	0.221247563353	202	15	27	0	74	0.268115942029
0.297490772752	0.222222222222	203	15	27	0	74	0.26714801444
0.298100632636	0.223196881092	204	15	27	0	74	0.26618705036
0.298695757596	0.224171539961	205	15	27	0	74	0.26523297491
0.299922344548	0.22514619883	206	15	27	0	74	0.264285714286
0.300308617032	0.2261208577	207	15	27	0	74	0.26334519573
0.300563921821	0.227095516569	208	15	27	0	74	0.262411347518
0.300843019769	0.227095516569	209	15	27	0	74	0.26148409894
0.302665393578	0.228070175439	210	15	27	0	74	0.260563380282
0.302789909648	0.229044834308	211	15	27	0	74	0.259649122807
0.305434339686	0.229044834308	211	16	3	0	74	0.259649122807
0.305538489937	0.230019493177	212	16	3	0	74	0.258741258741
0.30755666641	0.230994152047	213	16	3	0	74	0.257839721254
0.312455060787	0.230019493177	214	16	3	0	74	0.256944444444
0.313934352874	0.230994152047	215	16	3	0	74	0.256055363322
0.314981916037	0.231968810916	216	16	3	0	74	0.255172413793
0.317212260531	0.231968810916	217	16	3	0	74	0.254295532646
0.317664562709	0.228070175439	217	17	45	0	78	0.264406779661
0.318166731256	0.229044834308	218	17	45	0	78	0.263513513514
0.319674420027	0.229044834308	219	17	45	0	78	0.262626262626
0.322198071175	0.230019493177	220	17	45	0	78	0.261744966443
0.322203193157	0.230994152047	221	17	45	0	78	0.260869565217
0.323954442491	0.231968810916	222	17	45	0	78	0.26
0.324845323678	0.232943469786	223	17	45	0	78	0.259136212625
0.327412653698	0.233918128655	224	17	45	0	78	0.258278145695
0.328184035835	0.233918128655	225	17	45	0	78	0.257425742574
0.328201106939	0.234892787524	226	17	45	0	78	0.256578947368
0.328835356989	0.235867446394	227	17	45	0	78	0.255737704918
0.332099624184	0.235867446394	228	17	45	0	78	0.254901960784
0.336228171837	0.236842105263	229	17	45	0	78	0.254071661238
0.337574370206	0.237816764133	230	17	45	0	78	0.253246753247
0.337816907126	0.238791423002	231	17	45	0	78	0.252427184466
0.338745227252	0.238791423002	232	17	45	0	78	0.251612903226
0.339835865518	0.239766081871	233	17	45	0	78	0.250803858521
0.341141410263	0.238791423002	234	17	45	0	78	0.25
0.344087034676	0.238791423002	235	17	45	0	78	0.249201277955
0.344856350308	0.237816764133	236	17	45	0	78	0.248407643312
0.345444999889	0.236842105263	237	17	45	0	78	0.247619047619
0.346562842173	0.236842105263	238	17	45	0	78	0.246835443038
0.349144166009	0.237816764133	239	17	45	0	78	0.246056782334
0.351037473789	0.238791423002	240	17	45	0	78	0.245283018868
0.355307445923	0.239766081871	241	17	45	0	78	0.244514106583
0.356242810309	0.239766081871	242	17	45	0	78	0.24375
0.357388752508	0.240740740741	243	17	45	0	78	0.242990654206
0.357946963953	0.24171539961	244	17	45	0	78	0.242236024845
0.361466131601	0.238791423002	244	18	6	0	81	0.249230769231
0.364728959744	0.237816764133	245	18	6	0	81	0.248466257669
0.364825846949	0.238791423002	246	18	6	0	81	0.247706422018
0.365918387421	0.239766081871	247	18	6	0	81	0.246951219512
0.368468494647	0.240740740741	248	18	6	0	81	0.246200607903
0.369114534804	0.24171539961	249	18	6	0	81	0.245454545455
0.370316614045	0.24269005848	250	18	6	0	81	0.244712990937
0.37541128716	0.214424951267	250	19	108	0	110	0.305555555556
0.378091656454	0.215399610136	251	19	108	0	110	0.304709141274
0.378320112227	0.216374269006	252	19	108	0	110	0.303867403315
0.380783394375	0.217348927875	253	19	108	0	110	0.30303030303
0.38270282494	0.218323586745	254	19	108	0	110	0.302197802198
0.383880464099	0.219298245614	255	19	108	0	110	0.301369863014
0.386836295395	0.219298245614	256	19	108	0	110	0.300546448087
0.387022715678	0.218323586745	257	19	108	0	110	0.299727520436
0.387681231896	0.219298245614	258	19	108	0	110	0.298913043478
0.388697459684	0.219298245614	259	19	108	0	110	0.29810298103
0.390367642686	0.220272904483	260	19	108	0	110	0.297297297297
0.391222268213	0.221247563353	261	19	108	0	110	0.296495956873
0.391516816637	0.222222222222	262	19	108	0	110	0.295698924731
0.392716267865	0.223196881092	263	19	108	0	110	0.29490616622
0.393273641284	0.224171539961	264	19	108	0	110	0.294117647059
0.393577525572	0.22514619883	265	19	108	0	110	0.293333333333
0.396281101046	0.2261208577	266	19	108	0	110	0.292553191489
0.397075016495	0.227095516569	267	19	108	0	110	0.291777188329
0.39743250354	0.227095516569	268	19	108	0	110	0.291005291005
0.397465862299	0.227095516569	269	19	108	0	110	0.290237467018
0.397480981061	0.201754385965	269	20	96	0	136	0.335802469136
0.398032337444	0.202729044834	270	20	96	0	136	0.334975369458
0.39975535141	0.202729044834	271	20	96	0	136	0.334152334152
0.401735691797	0.202729044834	272	20	96	0	136	0.333333333333
0.402387726914	0.203703703704	273	20	96	0	136	0.332518337408
0.403510341121	0.204678362573	274	20	96	0	136	0.331707317073
0.403611890339	0.205653021442	275	20	96	0	136	0.330900243309
0.40402349543	0.206627680312	276	20	96	0	136	0.330097087379
0.405335665571	0.206627680312	277	20	96	0	136	0.329297820823
0.406481342924	0.207602339181	278	20	96	0	136	0.328502415459
0.407019022689	0.208576998051	279	20	96	0	136	0.327710843373
0.407253572481	0.208576998051	280	20	96	0	136	0.326923076923
0.407619135488	0.20955165692	281	20	96	0	136	0.326139088729
0.408880812887	0.208576998051	282	20	96	0	136	0.325358851675
0.409654561657	0.20955165692	283	20	96	0	136	0.324582338902
0.412968882364	0.210526315789	284	20	96	0	136	0.32380952381
0.414566245279	0.211500974659	285	20	96	0	136	0.323040380048
0.41468174768	0.212475633528	286	20	96	0	136	0.322274881517
0.421446549697	0.213450292398	287	20	96	0	136	0.321513002364
0.422227567908	0.213450292398	288	20	96	0	136	0.320754716981
0.422652953874	0.210526315789	288	21	81	0	139	0.325526932084
0.423357531634	0.211500974659	289	21	81	0	139	0.32476635514
0.424090340069	0.212475633528	290	21	81	0	139	0.324009324009
0.424134593903	0.212475633528	291	21	81	0	139	0.323255813953
0.425690884621	0.213450292398	292	21	81	0	139	0.322505800464
0.427116489886	0.214424951267	293	21	81	0	139	0.321759259259
0.427310425239	0.214424951267	294	21	81	0	139	0.321016166282
0.427794768165	0.215399610136	295	21	81	0	139	0.320276497696
0.428511671747	0.215399610136	296	21	81	0	139	0.319540229885
0.431871854938	0.216374269006	297	21	81	0	139	0.31880733945
0.432255863206	0.211500974659	297	22	42	0	144	0.326530612245
0.432897049792	0.212475633528	298	22	42	0	144	0.325791855204
0.434835677558	0.213450292398	299	22	42	0	144	0.325056433409
0.438998712194	0.214424951267	300	22	42	0	144	0.324324324324
0.440302912267	0.215399610136	301	22	42	0	144	0.323595505618
0.441420306205	0.216374269006	302	22	42	0	144	0.322869955157
0.442334502995	0.217348927875	303	22	42	0	144	0.322147651007
0.444288038856	0.218323586745	304	22	42	0	144	0.321428571429
0.448076708413	0.219298245614	305	22	42	0	144	0.320712694878
0.448719658792	0.218323586745	306	22	42	0	144	0.32
0.452666395263	0.217348927875	307	22	42	0	144	0.319290465632
0.452763720124	0.218323586745	308	22	42	0	144	0.318584070796
0.454271835486	0.219298245614	309	22	42	0	144	0.317880794702
0.454573486224	0.220272904483	310	22	42	0	144	0.31718061674
0.456933625654	0.219298245614	311	22	42	0	144	0.316483516484
0.457084176564	0.220272904483	312	22	42	0	144	0.315789473684
0.458162333236	0.221247563353	313	22	42	0	144	0.315098468271
0.45831854814	0.222222222222	314	22	42	0	144	0.314410480349
0.458330388924	0.223196881092	315	22	42	0	144	0.313725490196
0.458599597958	0.224171539961	316	22	42	0	144	0.313043478261
0.46104713019	0.22514619883	317	22	42	0	144	0.312364425163
0.462682675021	0.2261208577	318	22	42	0	144	0.311688311688
0.463318191686	0.227095516569	319	22	42	0	144	0.31101511879
0.464557203369	0.228070175439	320	22	42	0	144	0.310344827586
0.465459239315	0.229044834308	321	22	42	0	144	0.309677419355
0.465554941013	0.230019493177	322	22	42	0	144	0.309012875536
0.470005151747	0.230994152047	323	22	42	0	144	0.30835117773
0.473091140403	0.231968810916	324	22	42	0	144	0.307692307692
0.473181347722	0.232943469786	325	22	42	0	144	0.307036247335
0.475029670319	0.233918128655	326	22	42	0	144	0.306382978723
0.477394686019	0.234892787524	327	22	42	0	144	0.305732484076
0.478114280592	0.233918128655	328	22	42	0	144	0.305084745763
0.480374555661	0.234892787524	329	22	42	0	144	0.3044397463
0.4822031808	0.235867446394	330	22	42	0	144	0.303797468354
0.482375699072	0.236842105263	331	22	42	0	144	0.303157894737
0.482900820471	0.237816764133	332	22	42	0	144	0.302521008403
0.483987820955	0.238791423002	333	22	42	0	144	0.301886792453
0.485346548456	0.239766081871	334	22	42	0	144	0.301255230126
0.485583829266	0.240740740741	335	22	42	0	144	0.300626304802
0.485685159597	0.24171539961	336	22	42	0	144	0.3
0.486169005143	0.24269005848	337	22	42	0	144	0.299376299376
0.487134563321	0.243664717349	338	22	42	0	144	0.298755186722
0.487554672976	0.24269005848	339	22	42	0	144	0.298136645963
0.488606621656	0.243664717349	340	22	42	0	144	0.297520661157
0.489307544132	0.244639376218	341	22	42	0	144	0.296907216495
0.491668692174	0.245614035088	342	22	42	0	144	0.296296296296
0.493964426956	0.237816764133	342	23	24	0	152	0.307692307692
0.494234941137	0.238791423002	343	23	24	0	152	0.307070707071
0.495793837311	0.239766081871	344	23	24	0	152	0.306451612903
0.499052115308	0.240740740741	345	23	24	0	152	0.30583501006
0.499118423643	0.24171539961	346	23	24	0	152	0.305220883534
0.501910477115	0.24269005848	347	23	24	0	152	0.304609218437
0.503400476121	0.243664717349	348	23	24	0	152	0.304
0.503793113717	0.239766081871	348	24	18	0	156	0.309523809524
0.503901620923	0.240740740741	349	24	18	0	156	0.308910891089
0.50426851137	0.240740740741	350	24	18	0	156	0.308300395257
0.505468092737	0.24171539961	351	24	18	0	156	0.307692307692
0.506218326356	0.24269005848	352	24	18	0	156	0.307086614173
0.506372650215	0.24269005848	353	24	18	0	156	0.306483300589
0.506971621887	0.243664717349	354	24	18	0	156	0.305882352941
0.512058533077	0.244639376218	355	24	18	0	156	0.305283757339
0.5142667463	0.245614035088	356	24	18	0	156	0.3046875
0.516313224544	0.246588693957	357	24	18	0	156	0.304093567251
0.520318664169	0.247563352827	358	24	18	0	156	0.303501945525
0.523410499044	0.248538011696	359	24	18	0	156	0.302912621359
0.524884318542	0.245614035088	359	25	6	0	159	0.30694980695
0.526425244203	0.246588693957	360	25	6	0	159	0.306358381503
0.527259097685	0.245614035088	361	25	6	0	159	0.305769230769
0.527454540049	0.246588693957	362	25	6	0	159	0.305182341651
0.528497113162	0.247563352827	363	25	6	0	159	0.304597701149
0.52915739249	0.248538011696	364	25	6	0	159	0.304015296367
0.531780360776	0.249512670565	365	25	6	0	159	0.303435114504
0.531799681843	0.250487329435	366	25	6	0	159	0.302857142857
0.534012765423	0.251461988304	367	25	6	0	159	0.302281368821
0.536109959117	0.252436647173	368	25	6	0	159	0.301707779886
0.536249878827	0.252436647173	369	25	6	0	159	0.301136363636
0.536694778744	0.253411306043	370	25	6	0	159	0.30056710775
0.541535115685	0.253411306043	371	25	6	0	159	0.3
0.547677780533	0.254385964912	372	25	6	0	159	0.299435028249
0.549127666256	0.255360623782	373	25	6	0	159	0.298872180451
0.550392986623	0.256335282651	374	25	6	0	159	0.298311444653
0.552062412846	0.25730994152	375	25	6	0	159	0.297752808989
0.553739640695	0.25828460039	376	25	6	0	159	0.297196261682
0.555230867303	0.259259259259	377	25	6	0	159	0.296641791045
0.555655607925	0.260233918129	378	25	6	0	159	0.296089385475
0.558726060622	0.261208576998	379	25	6	0	159	0.295539033457
0.559859803969	0.262183235867	380	25	6	0	159	0.294990723562
0.559908043174	0.263157894737	381	25	6	0	159	0.294444444444
0.560349350122	0.264132553606	382	25	6	0	159	0.293900184843
0.560642150071	0.265107212476	383	25	6	0	159	0.293357933579
0.561608977601	0.266081871345	384	25	6	0	159	0.292817679558
0.561657536656	0.267056530214	385	25	6	0	159	0.292279411765
0.563684444606	0.266081871345	386	25	6	0	159	0.291743119266
0.567864855174	0.267056530214	387	25	6	0	159	0.291208791209
0.569245085799	0.268031189084	388	25	6	0	159	0.290676416819
0.571055882224	0.269005847953	389	25	6	0	159	0.290145985401
0.571309520597	0.269980506823	390	25	6	0	159	0.289617486339
0.571699837837	0.270955165692	391	25	6	0	159	0.289090909091
0.57176716936	0.269980506823	392	25	6	0	159	0.288566243194
0.57305222827	0.270955165692	393	25	6	0	159	0.288043478261
0.573457202874	0.271929824561	394	25	6	0	159	0.287522603978
0.573518717102	0.272904483431	395	25	6	0	159	0.287003610108
0.575829534615	0.271929824561	396	25	6	0	159	0.286486486486
0.580011714441	0.271929824561	397	25	6	0	159	0.285971223022
0.583329804041	0.272904483431	398	25	6	0	159	0.285457809695
0.583382120426	0.2738791423	399	25	6	0	159	0.284946236559
0.586215912938	0.272904483431	400	25	6	0	159	0.284436493739
0.586572388162	0.272904483431	401	25	6	0	159	0.283928571429
0.590265557719	0.2738791423	402	25	6	0	159	0.283422459893
0.590317721489	0.27485380117	403	25	6	0	159	0.282918149466
0.592018855392	0.275828460039	404	25	6	0	159	0.282415630551
0.593150416806	0.275828460039	405	25	6	0	159	0.281914893617
0.596592254507	0.275828460039	406	25	6	0	159	0.281415929204
0.598491866049	0.276803118908	407	25	6	0	159	0.280918727915
0.598542216686	0.277777777778	408	25	6	0	159	0.280423280423
0.605347692713	0.278752436647	409	25	6	0	159	0.279929577465
0.607237091118	0.279727095517	410	25	6	0	159	0.279437609842
0.607252578876	0.275828460039	410	26	33	0	163	0.284467713787
0.608920992269	0.276803118908	411	26	33	0	163	0.283972125436
0.611040059041	0.264132553606	411	27	36	0	176	0.299829642249
0.611771648646	0.223196881092	411	28	105	0	218	0.346581875994
0.612011712288	0.222222222222	412	28	105	0	218	0.346031746032
0.615775030585	0.213450292398	412	29	39	0	227	0.35524256651
0.620668741641	0.214424951267	413	29	39	0	227	0.3546875
0.621866099819	0.215399610136	414	29	39	0	227	0.354134165367
0.626713916042	0.216374269006	415	29	39	0	227	0.353582554517
0.628797891169	0.217348927875	416	29	39	0	227	0.353032659409
0.631006378161	0.218323586745	417	29	39	0	227	0.35248447205
0.631029510554	0.219298245614	418	29	39	0	227	0.351937984496
0.633274742703	0.220272904483	419	29	39	0	227	0.351393188854
0.636476079827	0.221247563353	420	29	39	0	227	0.35085007728
0.638175136834	0.221247563353	421	29	39	0	227	0.350308641975
0.639790874573	0.222222222222	422	29	39	0	227	0.349768875193
0.640270381677	0.223196881092	423	29	39	0	227	0.349230769231
0.641125856412	0.189083820663	423	30	111	0	262	0.382481751825
0.642531401939	0.190058479532	424	30	111	0	262	0.381924198251
0.649438661327	0.190058479532	425	30	111	0	262	0.381368267831
0.650475824627	0.191033138402	426	30	111	0	262	0.380813953488
0.652233945108	0.191033138402	426	31	3	0	262	0.380813953488
0.652494386901	0.192007797271	427	31	3	0	262	0.380261248186
0.656541859501	0.191033138402	428	31	3	0	262	0.379710144928
0.656599704165	0.192007797271	429	31	3	0	262	0.379160636758
0.658329259319	0.191033138402	430	31	3	0	262	0.378612716763
0.660866782653	0.192007797271	431	31	3	0	262	0.378066378066
0.660987776403	0.192007797271	432	31	3	0	262	0.377521613833
0.661120206694	0.19298245614	433	31	3	0	262	0.376978417266
0.662348177176	0.19395711501	434	31	3	0	262	0.376436781609
0.663295842242	0.194931773879	435	31	3	0	262	0.375896700143
0.663332747994	0.194931773879	435	32	6	0	262	0.375896700143
0.665424085435	0.195906432749	436	32	6	0	262	0.375358166189
0.666563222087	0.195906432749	437	32	6	0	262	0.374821173104
0.667889986645	0.196881091618	438	32	6	0	262	0.374285714286
0.668967434988	0.197855750487	439	32	6	0	262	0.373751783167
0.669072242615	0.198830409357	440	32	6	0	262	0.373219373219
0.670005906301	0.198830409357	441	32	6	0	262	0.372688477952
0.670634067461	0.199805068226	442	32	6	0	262	0.372159090909
0.670648526899	0.200779727096	443	32	6	0	262	0.371631205674
0.672564576696	0.201754385965	444	32	6	0	262	0.371104815864
0.675672784989	0.200779727096	445	32	6	0	262	0.370579915134
0.677392756256	0.199805068226	446	32	6	0	262	0.370056497175
0.677492251365	0.198830409357	447	32	6	0	262	0.369534555712
0.677528076059	0.197855750487	448	32	6	0	262	0.369014084507
0.6786423834	0.198830409357	449	32	6	0	262	0.368495077356
0.679853515856	0.199805068226	450	32	6	0	262	0.36797752809
0.680642831297	0.200779727096	451	32	6	0	262	0.367461430575
0.680999294116	0.201754385965	452	32	6	0	262	0.366946778711
0.682445126664	0.201754385965	452	33	3	0	262	0.366946778711
0.682637049944	0.202729044834	453	33	3	0	262	0.366433566434
0.683511459338	0.203703703704	454	33	3	0	262	0.365921787709
0.684674822092	0.204678362573	455	33	3	0	262	0.365411436541
0.685906472319	0.204678362573	456	33	3	0	262	0.364902506964
0.687614257097	0.205653021442	457	33	3	0	262	0.364394993046
0.689634999334	0.205653021442	458	33	3	0	262	0.363888888889
0.691883513804	0.206627680312	459	33	3	0	262	0.363384188627
0.692226417866	0.207602339181	460	33	3	0	262	0.362880886427
0.693910297824	0.207602339181	461	33	3	0	262	0.362378976487
0.694148661296	0.208576998051	462	33	3	0	262	0.361878453039
0.696215743182	0.20955165692	463	33	3	0	262	0.361379310345
0.69804681942	0.210526315789	464	33	3	0	262	0.3608815427
0.698372906395	0.211500974659	465	33	3	0	262	0.360385144429
0.698498098833	0.212475633528	466	33	3	0	262	0.35989010989
0.698701516452	0.213450292398	467	33	3	0	262	0.359396433471
0.700647528697	0.206627680312	467	34	18	0	269	0.365489130435
0.70100034058	0.205653021442	468	34	18	0	269	0.364993215739
0.701563852406	0.206627680312	469	34	18	0	269	0.364498644986
0.70234999571	0.207602339181	470	34	18	0	269	0.36400541272
0.70304332141	0.208576998051	471	34	18	0	269	0.363513513514
0.703267739573	0.20955165692	472	34	18	0	269	0.36302294197
0.703767270623	0.210526315789	473	34	18	0	269	0.362533692722
0.704385895025	0.211500974659	474	34	18	0	269	0.362045760431
0.705044019784	0.212475633528	475	34	18	0	269	0.361559139785
0.705699181584	0.213450292398	476	34	18	0	269	0.361073825503
0.706342959927	0.214424951267	477	34	18	0	269	0.360589812332
0.706719201304	0.215399610136	478	34	18	0	269	0.360107095047
0.709075810925	0.216374269006	479	34	18	0	269	0.359625668449
0.711105121809	0.217348927875	480	34	18	0	269	0.35914552737
0.711350795506	0.218323586745	481	34	18	0	269	0.358666666667
0.712641173127	0.219298245614	482	34	18	0	269	0.358189081225
0.712842528676	0.220272904483	483	34	18	0	269	0.357712765957
