# time 	 divergence 	 # of mutations 	 # IGC chances 	 IGC length 	 # IGC failures 	 Changes due to IGC  	 % change due to IGC 
0.0	0.254838709677	0	0	0	0	0	0.0
0.000754912567665	0.25376344086	1	0	0	0	0	0.0
0.00233061240815	0.254838709677	2	0	0	0	0	0.0
0.00409559697972	0.255913978495	3	0	0	0	0	0.0
0.00490589662761	0.256989247312	4	0	0	0	0	0.0
0.00721865539019	0.258064516129	5	0	0	0	0	0.0
0.00764629632122	0.256989247312	6	0	0	0	0	0.0
0.00862072781445	0.255913978495	7	0	0	0	0	0.0
0.0100588059921	0.256989247312	8	0	0	0	0	0.0
0.011544697556	0.258064516129	9	0	0	0	0	0.0
0.0120850059142	0.259139784946	10	0	0	0	0	0.0
0.0143828006636	0.258064516129	11	0	0	0	0	0.0
0.0195144005662	0.259139784946	12	0	0	0	0	0.0
0.0200391653749	0.260215053763	13	0	0	0	0	0.0
0.0203660759561	0.261290322581	14	0	0	0	0	0.0
0.020673685313	0.261290322581	15	0	0	0	0	0.0
0.0211249349647	0.260215053763	16	0	0	0	0	0.0
0.0254336630511	0.259139784946	17	0	0	0	0	0.0
0.0257112334521	0.259139784946	17	1	3	0	0	0.0
0.0259974277132	0.260215053763	18	1	3	0	0	0.0
0.0271670345725	0.254838709677	18	2	24	0	5	0.217391304348
0.0274375417541	0.255913978495	19	2	24	0	5	0.208333333333
0.0275346237832	0.254838709677	20	2	24	0	5	0.2
0.0277766685849	0.254838709677	21	2	24	0	5	0.192307692308
0.0311222604972	0.254838709677	21	3	6	0	5	0.192307692308
0.0323497646419	0.254838709677	22	3	6	0	5	0.185185185185
0.0349924861649	0.255913978495	23	3	6	0	5	0.178571428571
0.0354885070802	0.256989247312	24	3	6	0	5	0.172413793103
0.0401292591758	0.258064516129	25	3	6	0	5	0.166666666667
0.040233529916	0.259139784946	26	3	6	0	5	0.161290322581
0.0409175344804	0.258064516129	26	4	9	0	6	0.1875
0.0411528286497	0.259139784946	27	4	9	0	6	0.181818181818
0.042661607377	0.259139784946	27	5	3	0	6	0.181818181818
0.0447733287519	0.260215053763	28	5	3	0	6	0.176470588235
0.045002109924	0.258064516129	28	6	6	0	8	0.222222222222
0.0470351870536	0.256989247312	29	6	6	0	8	0.216216216216
0.0482379819331	0.258064516129	30	6	6	0	8	0.210526315789
0.048617499893	0.259139784946	31	6	6	0	8	0.205128205128
0.0536208128589	0.260215053763	32	6	6	0	8	0.2
0.0556127257765	0.260215053763	32	7	6	0	8	0.2
0.0568303158466	0.258064516129	32	8	9	0	10	0.238095238095
0.0575013320871	0.256989247312	32	9	3	0	11	0.255813953488
0.0578056232136	0.256989247312	33	9	3	0	11	0.25
0.0593727424007	0.258064516129	34	9	3	0	11	0.244444444444
0.060129501759	0.259139784946	35	9	3	0	11	0.239130434783
0.0611064301838	0.256989247312	35	10	3	0	13	0.270833333333
0.0621031714635	0.256989247312	36	10	3	0	13	0.265306122449
0.0622508310298	0.258064516129	37	10	3	0	13	0.26
0.0632622756143	0.259139784946	38	10	3	0	13	0.254901960784
0.0633953107038	0.258064516129	39	10	3	0	13	0.25
0.0640929767583	0.259139784946	40	10	3	0	13	0.245283018868
0.0650354838928	0.258064516129	41	10	3	0	13	0.240740740741
0.0660826249243	0.259139784946	42	10	3	0	13	0.236363636364
0.070934984605	0.260215053763	43	10	3	0	13	0.232142857143
0.0713462070479	0.261290322581	44	10	3	0	13	0.228070175439
0.0720647555823	0.261290322581	45	10	3	0	13	0.224137931034
0.0738924738134	0.262365591398	46	10	3	0	13	0.220338983051
0.0772518128099	0.261290322581	47	10	3	0	13	0.216666666667
0.0788229373069	0.262365591398	48	10	3	0	13	0.213114754098
0.0790275426173	0.263440860215	49	10	3	0	13	0.209677419355
0.079292093879	0.263440860215	50	10	3	0	13	0.206349206349
0.0800765119583	0.264516129032	51	10	3	0	13	0.203125
0.0802498560005	0.260215053763	51	11	9	0	17	0.25
0.080848809425	0.261290322581	52	11	9	0	17	0.246376811594
0.0813845187369	0.262365591398	53	11	9	0	17	0.242857142857
0.0818734641503	0.263440860215	54	11	9	0	17	0.239436619718
0.0832689672106	0.263440860215	55	11	9	0	17	0.236111111111
0.0844190912429	0.263440860215	56	11	9	0	17	0.232876712329
0.0852933657686	0.264516129032	57	11	9	0	17	0.22972972973
0.0861396604837	0.263440860215	58	11	9	0	17	0.226666666667
0.0869003136535	0.264516129032	59	11	9	0	17	0.223684210526
0.0873168508336	0.265591397849	60	11	9	0	17	0.220779220779
0.0874067658673	0.266666666667	61	11	9	0	17	0.217948717949
0.0876934075852	0.267741935484	62	11	9	0	17	0.215189873418
0.0878618260128	0.268817204301	63	11	9	0	17	0.2125
0.0889731004634	0.269892473118	64	11	9	0	17	0.20987654321
0.0903638349281	0.265591397849	64	12	30	0	21	0.247058823529
0.090867092077	0.266666666667	65	12	30	0	21	0.244186046512
0.0911315283978	0.267741935484	66	12	30	0	21	0.241379310345
0.0919055466246	0.268817204301	67	12	30	0	21	0.238636363636
0.0920649974093	0.269892473118	68	12	30	0	21	0.23595505618
0.097314427527	0.270967741935	69	12	30	0	21	0.233333333333
0.0982555824516	0.272043010753	70	12	30	0	21	0.230769230769
0.0983881664546	0.270967741935	71	12	30	0	21	0.228260869565
0.0995723899356	0.270967741935	72	12	30	0	21	0.225806451613
0.102126444623	0.270967741935	72	13	3	0	21	0.225806451613
0.104101345512	0.270967741935	73	13	3	0	21	0.223404255319
0.112281436558	0.272043010753	74	13	3	0	21	0.221052631579
0.113552651376	0.27311827957	75	13	3	0	21	0.21875
0.113672660169	0.27311827957	75	14	3	0	21	0.21875
0.113913423107	0.272043010753	76	14	3	0	21	0.216494845361
0.115841761022	0.27311827957	77	14	3	0	21	0.214285714286
0.11637610244	0.274193548387	78	14	3	0	21	0.212121212121
0.116629373432	0.275268817204	79	14	3	0	21	0.21
0.116953991665	0.276344086022	80	14	3	0	21	0.207920792079
0.118493112937	0.276344086022	81	14	3	0	21	0.205882352941
0.120180994867	0.27311827957	81	15	15	0	24	0.228571428571
0.121582640725	0.274193548387	82	15	15	0	24	0.22641509434
0.122617489789	0.275268817204	83	15	15	0	24	0.224299065421
0.122645838613	0.275268817204	84	15	15	0	24	0.222222222222
0.122989068456	0.276344086022	85	15	15	0	24	0.220183486239
0.124720578719	0.276344086022	86	15	15	0	24	0.218181818182
0.125099708716	0.277419354839	87	15	15	0	24	0.216216216216
0.126239140241	0.276344086022	88	15	15	0	24	0.214285714286
0.126958376394	0.276344086022	88	16	3	0	24	0.214285714286
0.127252301299	0.277419354839	89	16	3	0	24	0.212389380531
0.127835693981	0.278494623656	90	16	3	0	24	0.210526315789
0.129540320704	0.278494623656	91	16	3	0	24	0.208695652174
0.130995219069	0.279569892473	92	16	3	0	24	0.206896551724
0.131684785827	0.28064516129	93	16	3	0	24	0.205128205128
0.132346538795	0.281720430108	94	16	3	0	24	0.203389830508
0.135251857533	0.282795698925	95	16	3	0	24	0.201680672269
0.138281747429	0.283870967742	96	16	3	0	24	0.2
0.139313145182	0.284946236559	97	16	3	0	24	0.198347107438
0.140924073226	0.286021505376	98	16	3	0	24	0.196721311475
0.141556042794	0.286021505376	99	16	3	0	24	0.19512195122
0.142078053711	0.287096774194	100	16	3	0	24	0.193548387097
0.143647803304	0.288172043011	101	16	3	0	24	0.192
0.144532555175	0.288172043011	102	16	3	0	24	0.190476190476
0.14631188269	0.289247311828	103	16	3	0	24	0.188976377953
0.146465412079	0.281720430108	103	17	30	0	31	0.231343283582
0.147590835518	0.281720430108	104	17	30	0	31	0.22962962963
0.147686982079	0.282795698925	105	17	30	0	31	0.227941176471
0.147882522883	0.282795698925	106	17	30	0	31	0.226277372263
0.149539023726	0.283870967742	107	17	30	0	31	0.224637681159
0.149761635738	0.284946236559	108	17	30	0	31	0.223021582734
0.149868669461	0.284946236559	109	17	30	0	31	0.221428571429
0.159495256366	0.286021505376	110	17	30	0	31	0.219858156028
0.159874066414	0.287096774194	111	17	30	0	31	0.218309859155
0.160061577127	0.288172043011	112	17	30	0	31	0.216783216783
0.160341667076	0.289247311828	113	17	30	0	31	0.215277777778
0.160993892149	0.290322580645	114	17	30	0	31	0.213793103448
0.162092859914	0.291397849462	115	17	30	0	31	0.212328767123
0.171701887924	0.29247311828	116	17	30	0	31	0.210884353741
0.172452119244	0.29247311828	117	17	30	0	31	0.209459459459
0.17591044508	0.293548387097	118	17	30	0	31	0.208053691275
0.176678710023	0.29247311828	119	17	30	0	31	0.206666666667
0.178803392272	0.29247311828	120	17	30	0	31	0.205298013245
0.179475719408	0.29247311828	121	17	30	0	31	0.203947368421
0.181705901651	0.29247311828	122	17	30	0	31	0.202614379085
0.183065861475	0.293548387097	123	17	30	0	31	0.201298701299
0.183459805929	0.29247311828	124	17	30	0	31	0.2
0.183928283195	0.291397849462	125	17	30	0	31	0.198717948718
0.18418417503	0.291397849462	126	17	30	0	31	0.197452229299
0.184820362447	0.290322580645	127	17	30	0	31	0.196202531646
0.187096843416	0.289247311828	128	17	30	0	31	0.194968553459
0.189043877141	0.289247311828	129	17	30	0	31	0.19375
0.190503867024	0.289247311828	129	18	3	0	31	0.19375
0.192418447743	0.290322580645	130	18	3	0	31	0.192546583851
0.192455439531	0.291397849462	131	18	3	0	31	0.191358024691
0.195119219595	0.290322580645	132	18	3	0	31	0.19018404908
0.195737099862	0.290322580645	133	18	3	0	31	0.189024390244
0.197771172488	0.290322580645	134	18	3	0	31	0.187878787879
0.197860122561	0.288172043011	134	19	3	0	33	0.197604790419
0.198645265404	0.289247311828	135	19	3	0	33	0.196428571429
0.204000659471	0.288172043011	136	19	3	0	33	0.195266272189
0.205545277353	0.288172043011	137	19	3	0	33	0.194117647059
0.205982074231	0.289247311828	138	19	3	0	33	0.19298245614
0.206351095343	0.290322580645	139	19	3	0	33	0.191860465116
0.207793955982	0.291397849462	140	19	3	0	33	0.190751445087
0.207970658896	0.29247311828	141	19	3	0	33	0.189655172414
0.208160048517	0.293548387097	142	19	3	0	33	0.188571428571
0.21037735234	0.294623655914	143	19	3	0	33	0.1875
0.211098701343	0.295698924731	144	19	3	0	33	0.186440677966
0.212550817495	0.295698924731	144	20	3	0	33	0.186440677966
0.213456750742	0.296774193548	145	20	3	0	33	0.185393258427
0.214365327619	0.297849462366	146	20	3	0	33	0.184357541899
0.215111705512	0.298924731183	147	20	3	0	33	0.183333333333
0.217401210202	0.296774193548	147	21	6	0	35	0.192307692308
0.220113520493	0.297849462366	148	21	6	0	35	0.191256830601
0.22117756321	0.298924731183	149	21	6	0	35	0.190217391304
0.221590587796	0.297849462366	150	21	6	0	35	0.189189189189
0.223952516963	0.298924731183	151	21	6	0	35	0.188172043011
0.225531517068	0.3	152	21	6	0	35	0.187165775401
0.225651982464	0.3	152	22	6	0	35	0.187165775401
0.228417144879	0.3	153	22	6	0	35	0.186170212766
0.228459202293	0.301075268817	154	22	6	0	35	0.185185185185
0.229675043496	0.301075268817	155	22	6	0	35	0.184210526316
0.231644283794	0.302150537634	156	22	6	0	35	0.183246073298
0.236442533302	0.303225806452	157	22	6	0	35	0.182291666667
0.239007913293	0.302150537634	158	22	6	0	35	0.181347150259
0.241412010997	0.301075268817	159	22	6	0	35	0.180412371134
0.244358306713	0.302150537634	160	22	6	0	35	0.179487179487
0.245037785099	0.297849462366	160	23	9	0	39	0.195979899497
0.246360217129	0.297849462366	161	23	9	0	39	0.195
0.247479614371	0.298924731183	162	23	9	0	39	0.194029850746
0.247920237622	0.3	163	23	9	0	39	0.193069306931
0.248610013556	0.301075268817	164	23	9	0	39	0.192118226601
0.249434273031	0.301075268817	165	23	9	0	39	0.191176470588
0.251797859528	0.302150537634	166	23	9	0	39	0.190243902439
0.253039923457	0.303225806452	167	23	9	0	39	0.18932038835
0.259406828105	0.304301075269	168	23	9	0	39	0.188405797101
0.260905497813	0.305376344086	169	23	9	0	39	0.1875
0.264408059534	0.305376344086	170	23	9	0	39	0.186602870813
0.264744275848	0.305376344086	171	23	9	0	39	0.185714285714
0.268682851732	0.306451612903	172	23	9	0	39	0.184834123223
0.268916875559	0.306451612903	173	23	9	0	39	0.183962264151
0.269316170523	0.30752688172	174	23	9	0	39	0.183098591549
0.271289978141	0.308602150538	175	23	9	0	39	0.182242990654
0.271458659831	0.309677419355	176	23	9	0	39	0.181395348837
0.273668301261	0.308602150538	177	23	9	0	39	0.180555555556
0.273905547336	0.308602150538	178	23	9	0	39	0.179723502304
0.277356139932	0.309677419355	179	23	9	0	39	0.178899082569
0.278405787457	0.309677419355	180	23	9	0	39	0.178082191781
0.278975992029	0.301075268817	180	24	21	0	47	0.20704845815
0.279254632562	0.302150537634	181	24	21	0	47	0.206140350877
0.279292933247	0.303225806452	182	24	21	0	47	0.205240174672
0.279892782287	0.302150537634	183	24	21	0	47	0.204347826087
0.2820703283	0.302150537634	184	24	21	0	47	0.203463203463
0.283417233728	0.296774193548	184	25	9	0	52	0.220338983051
0.287314475785	0.297849462366	185	25	9	0	52	0.2194092827
0.28746688854	0.298924731183	186	25	9	0	52	0.218487394958
0.290113167872	0.3	187	25	9	0	52	0.217573221757
0.290726130983	0.301075268817	188	25	9	0	52	0.216666666667
0.291717090717	0.293548387097	188	26	15	0	59	0.238866396761
0.295900046587	0.293548387097	189	26	15	0	59	0.237903225806
0.297750195612	0.294623655914	190	26	15	0	59	0.236947791165
0.298198987619	0.295698924731	191	26	15	0	59	0.236
0.29833108368	0.296774193548	192	26	15	0	59	0.235059760956
0.300372277679	0.295698924731	193	26	15	0	59	0.234126984127
0.305376611506	0.296774193548	194	26	15	0	59	0.233201581028
0.307744576342	0.297849462366	195	26	15	0	59	0.232283464567
0.308354363348	0.298924731183	196	26	15	0	59	0.23137254902
0.309153680369	0.3	197	26	15	0	59	0.23046875
0.309681153495	0.298924731183	198	26	15	0	59	0.229571984436
0.309842051328	0.295698924731	198	27	6	0	62	0.238461538462
0.31062810644	0.291397849462	198	28	9	0	66	0.25
0.314417727624	0.29247311828	199	28	9	0	66	0.249056603774
0.315500997585	0.293548387097	200	28	9	0	66	0.248120300752
0.315966173242	0.294623655914	201	28	9	0	66	0.247191011236
0.316797412404	0.295698924731	202	28	9	0	66	0.246268656716
0.320006901899	0.296774193548	203	28	9	0	66	0.245353159851
0.32184313793	0.296774193548	204	28	9	0	66	0.244444444444
0.322108338816	0.297849462366	205	28	9	0	66	0.243542435424
0.323271889073	0.298924731183	206	28	9	0	66	0.242647058824
0.324204908155	0.3	207	28	9	0	66	0.241758241758
0.324757076438	0.301075268817	208	28	9	0	66	0.240875912409
0.325637942028	0.3	209	28	9	0	66	0.24
0.325693572286	0.301075268817	210	28	9	0	66	0.239130434783
0.327322058128	0.302150537634	211	28	9	0	66	0.238267148014
0.328887931841	0.303225806452	212	28	9	0	66	0.237410071942
0.333665390566	0.298924731183	212	29	15	0	70	0.248226950355
0.333732118201	0.3	213	29	15	0	70	0.247349823322
0.337069865848	0.301075268817	214	29	15	0	70	0.246478873239
0.337482538455	0.302150537634	215	29	15	0	70	0.245614035088
0.337930613582	0.302150537634	216	29	15	0	70	0.244755244755
0.338804078764	0.303225806452	217	29	15	0	70	0.243902439024
0.340374050401	0.303225806452	218	29	15	0	70	0.243055555556
0.343346737054	0.303225806452	219	29	15	0	70	0.242214532872
0.343590487869	0.302150537634	219	30	9	0	71	0.244827586207
0.347583942715	0.301075268817	219	31	3	0	72	0.247422680412
0.34817082364	0.302150537634	220	31	3	0	72	0.246575342466
0.350406549336	0.301075268817	221	31	3	0	72	0.245733788396
0.352954901853	0.3	222	31	3	0	72	0.244897959184
0.353666051246	0.301075268817	223	31	3	0	72	0.24406779661
0.355864218951	0.302150537634	224	31	3	0	72	0.243243243243
0.357118557795	0.303225806452	225	31	3	0	72	0.242424242424
0.357690649601	0.302150537634	226	31	3	0	72	0.241610738255
0.358108733178	0.302150537634	227	31	3	0	72	0.240802675585
0.358679853827	0.303225806452	228	31	3	0	72	0.24
0.360279207005	0.303225806452	229	31	3	0	72	0.239202657807
0.360957195701	0.304301075269	230	31	3	0	72	0.238410596026
0.361017629542	0.304301075269	231	31	3	0	72	0.237623762376
0.361596053312	0.303225806452	232	31	3	0	72	0.236842105263
0.362870470658	0.304301075269	233	31	3	0	72	0.23606557377
0.364186107434	0.303225806452	234	31	3	0	72	0.235294117647
0.36777630576	0.304301075269	235	31	3	0	72	0.234527687296
0.36803740641	0.304301075269	236	31	3	0	72	0.233766233766
0.369487278432	0.305376344086	237	31	3	0	72	0.233009708738
0.372335801916	0.306451612903	238	31	3	0	72	0.232258064516
0.372647176358	0.304301075269	238	32	3	0	74	0.237179487179
0.372774602365	0.305376344086	239	32	3	0	74	0.23642172524
0.373115862376	0.304301075269	240	32	3	0	74	0.235668789809
0.373338634871	0.305376344086	241	32	3	0	74	0.234920634921
0.374955527429	0.306451612903	242	32	3	0	74	0.23417721519
0.375553048676	0.30752688172	243	32	3	0	74	0.233438485804
0.376162029622	0.308602150538	244	32	3	0	74	0.232704402516
0.377118853129	0.309677419355	245	32	3	0	74	0.23197492163
0.378878695968	0.308602150538	246	32	3	0	74	0.23125
0.379142824625	0.308602150538	247	32	3	0	74	0.230529595016
0.380555211006	0.309677419355	248	32	3	0	74	0.229813664596
0.382073259213	0.308602150538	249	32	3	0	74	0.229102167183
0.382199482831	0.309677419355	250	32	3	0	74	0.228395061728
0.382877744166	0.310752688172	251	32	3	0	74	0.227692307692
0.385459781668	0.309677419355	252	32	3	0	74	0.226993865031
0.386788988682	0.308602150538	252	33	3	0	75	0.229357798165
0.387405893103	0.305376344086	252	34	6	0	78	0.236363636364
0.387600811418	0.306451612903	253	34	6	0	78	0.235649546828
0.388813588974	0.305376344086	254	34	6	0	78	0.234939759036
0.390773373697	0.306451612903	255	34	6	0	78	0.234234234234
0.391709670631	0.305376344086	256	34	6	0	78	0.233532934132
0.391746874027	0.303225806452	256	35	6	0	80	0.238095238095
0.393433977421	0.304301075269	257	35	6	0	80	0.237388724036
0.39372267016	0.304301075269	258	35	6	0	80	0.236686390533
0.394297475907	0.305376344086	259	35	6	0	80	0.23598820059
0.394362644789	0.305376344086	260	35	6	0	80	0.235294117647
0.396220429221	0.305376344086	261	35	6	0	80	0.234604105572
0.398249577892	0.306451612903	262	35	6	0	80	0.233918128655
0.398581846271	0.30752688172	263	35	6	0	80	0.233236151603
0.401276486657	0.308602150538	264	35	6	0	80	0.232558139535
0.401802581381	0.302150537634	264	36	18	0	86	0.245714285714
0.402072228545	0.303225806452	265	36	18	0	86	0.245014245014
0.403658955407	0.304301075269	266	36	18	0	86	0.244318181818
0.404016121839	0.304301075269	267	36	18	0	86	0.243626062323
0.40408370717	0.305376344086	268	36	18	0	86	0.242937853107
0.406671354402	0.306451612903	269	36	18	0	86	0.242253521127
0.409838742535	0.305376344086	269	37	3	0	87	0.244382022472
0.414663077238	0.306451612903	270	37	3	0	87	0.243697478992
0.41473831031	0.30752688172	271	37	3	0	87	0.243016759777
0.41669488652	0.308602150538	272	37	3	0	87	0.242339832869
0.419455693344	0.309677419355	273	37	3	0	87	0.241666666667
0.421543558168	0.308602150538	273	38	12	0	88	0.243767313019
0.421637635457	0.309677419355	274	38	12	0	88	0.243093922652
0.422232302891	0.310752688172	275	38	12	0	88	0.242424242424
0.422938053877	0.308602150538	275	39	3	0	90	0.246575342466
0.428536333252	0.30752688172	276	39	3	0	90	0.245901639344
0.43003887839	0.308602150538	277	39	3	0	90	0.245231607629
0.436519452532	0.309677419355	278	39	3	0	90	0.244565217391
0.436945155342	0.308602150538	279	39	3	0	90	0.243902439024
0.440884854888	0.308602150538	280	39	3	0	90	0.243243243243
0.440974147326	0.309677419355	281	39	3	0	90	0.242587601078
0.447000221917	0.310752688172	282	39	3	0	90	0.241935483871
0.447348525832	0.308602150538	282	40	9	0	92	0.245989304813
0.448622480688	0.306451612903	282	41	6	0	94	0.25
0.450524237086	0.304301075269	282	42	9	0	96	0.253968253968
0.450612005322	0.305376344086	283	42	9	0	96	0.253298153034
0.452350422771	0.304301075269	283	43	3	0	97	0.255263157895
0.453661254009	0.305376344086	284	43	3	0	97	0.254593175853
0.456016083463	0.306451612903	285	43	3	0	97	0.253926701571
0.456206885638	0.305376344086	286	43	3	0	97	0.253263707572
0.456832277863	0.306451612903	287	43	3	0	97	0.252604166667
0.457060859452	0.30752688172	288	43	3	0	97	0.251948051948
0.45726112473	0.308602150538	289	43	3	0	97	0.251295336788
0.457332267979	0.309677419355	290	43	3	0	97	0.250645994832
0.458364528095	0.305376344086	290	44	30	0	101	0.25831202046
0.458956791674	0.301075268817	290	45	9	0	105	0.26582278481
0.460036314954	0.301075268817	291	45	9	0	105	0.265151515152
0.46101500376	0.3	292	45	9	0	105	0.264483627204
0.462106360711	0.301075268817	293	45	9	0	105	0.263819095477
0.462578528155	0.301075268817	294	45	9	0	105	0.263157894737
0.463725134468	0.302150537634	295	45	9	0	105	0.2625
0.463875261701	0.303225806452	296	45	9	0	105	0.261845386534
0.464045580157	0.304301075269	297	45	9	0	105	0.261194029851
0.464813646239	0.305376344086	298	45	9	0	105	0.260545905707
0.465707816972	0.305376344086	299	45	9	0	105	0.259900990099
0.466738384051	0.306451612903	300	45	9	0	105	0.259259259259
0.468027185159	0.30752688172	301	45	9	0	105	0.258620689655
0.468717597802	0.308602150538	302	45	9	0	105	0.257985257985
0.472154165931	0.309677419355	303	45	9	0	105	0.257352941176
0.472283769753	0.30752688172	303	46	3	0	107	0.260975609756
0.473073250675	0.308602150538	304	46	3	0	107	0.260340632603
0.476614842375	0.309677419355	305	46	3	0	107	0.259708737864
0.477154900511	0.310752688172	306	46	3	0	107	0.259079903148
0.477651284941	0.310752688172	307	46	3	0	107	0.25845410628
0.478514424722	0.302150537634	307	47	24	0	115	0.272511848341
0.480142692309	0.298924731183	307	48	6	0	118	0.277647058824
0.480375804317	0.3	308	48	6	0	118	0.276995305164
0.480564496726	0.298924731183	309	48	6	0	118	0.276346604215
0.484644494456	0.297849462366	310	48	6	0	118	0.275700934579
0.48489074539	0.298924731183	311	48	6	0	118	0.275058275058
0.486434101981	0.3	312	48	6	0	118	0.274418604651
0.486794865598	0.3	313	48	6	0	118	0.273781902552
0.487167077599	0.301075268817	314	48	6	0	118	0.273148148148
0.48730832364	0.302150537634	315	48	6	0	118	0.272517321016
0.488087459324	0.303225806452	316	48	6	0	118	0.271889400922
0.489122007472	0.3	316	49	3	0	121	0.276887871854
0.490271593458	0.298924731183	317	49	3	0	121	0.276255707763
0.490642112441	0.295698924731	317	50	12	0	124	0.281179138322
0.493134017536	0.294623655914	318	50	12	0	124	0.280542986425
0.494237855617	0.295698924731	319	50	12	0	124	0.279909706546
0.494614626363	0.296774193548	320	50	12	0	124	0.279279279279
0.495045595862	0.296774193548	321	50	12	0	124	0.278651685393
0.496431806518	0.297849462366	322	50	12	0	124	0.27802690583
0.497892130537	0.298924731183	323	50	12	0	124	0.2774049217
0.498014315262	0.293548387097	323	51	24	0	129	0.285398230088
0.498407012454	0.293548387097	323	52	3	0	129	0.285398230088
0.498538369276	0.294623655914	324	52	3	0	129	0.284768211921
0.499601988776	0.295698924731	325	52	3	0	129	0.284140969163
0.499708421394	0.288172043011	325	53	15	0	136	0.295010845987
0.500407808345	0.289247311828	326	53	15	0	136	0.294372294372
0.500823527489	0.290322580645	327	53	15	0	136	0.29373650108
0.502365323186	0.291397849462	328	53	15	0	136	0.293103448276
0.502664145867	0.283870967742	328	54	18	0	143	0.303609341826
0.502841756304	0.284946236559	329	54	18	0	143	0.302966101695
0.504788845802	0.286021505376	330	54	18	0	143	0.302325581395
0.506852791429	0.287096774194	331	54	18	0	143	0.301687763713
0.50734381517	0.288172043011	332	54	18	0	143	0.301052631579
0.507612376484	0.288172043011	333	54	18	0	143	0.300420168067
0.510474718977	0.289247311828	334	54	18	0	143	0.299790356394
0.51051485503	0.288172043011	335	54	18	0	143	0.299163179916
0.515448304363	0.287096774194	336	54	18	0	143	0.298538622129
0.516898305714	0.288172043011	337	54	18	0	143	0.297916666667
0.520111624506	0.288172043011	338	54	18	0	143	0.297297297297
0.52220433392	0.289247311828	339	54	18	0	143	0.296680497925
0.525976485004	0.289247311828	340	54	18	0	143	0.296066252588
0.526184389306	0.289247311828	340	55	3	0	143	0.296066252588
0.526223846949	0.290322580645	341	55	3	0	143	0.295454545455
0.527418104495	0.290322580645	342	55	3	0	143	0.294845360825
0.527528886464	0.291397849462	343	55	3	0	143	0.294238683128
0.527900934929	0.290322580645	344	55	3	0	143	0.29363449692
0.529642544329	0.288172043011	344	56	3	0	145	0.296523517382
0.529855605361	0.289247311828	345	56	3	0	145	0.295918367347
0.530502787679	0.290322580645	346	56	3	0	145	0.295315682281
0.532541022167	0.28064516129	346	57	39	0	154	0.308
0.534459002338	0.281720430108	347	57	39	0	154	0.307385229541
0.535349022079	0.282795698925	348	57	39	0	154	0.306772908367
0.536025613359	0.282795698925	349	57	39	0	154	0.306163021869
0.542098209056	0.282795698925	350	57	39	0	154	0.305555555556
0.542525470525	0.283870967742	351	57	39	0	154	0.30495049505
0.545670930491	0.284946236559	352	57	39	0	154	0.304347826087
0.547330814919	0.284946236559	353	57	39	0	154	0.303747534517
0.547990201943	0.286021505376	354	57	39	0	154	0.303149606299
0.549007127089	0.287096774194	355	57	39	0	154	0.302554027505
0.550952533949	0.286021505376	356	57	39	0	154	0.301960784314
0.55357773276	0.287096774194	357	57	39	0	154	0.301369863014
0.554867144098	0.287096774194	358	57	39	0	154	0.30078125
0.559258570144	0.288172043011	359	57	39	0	154	0.300194931774
0.562764690085	0.289247311828	360	57	39	0	154	0.299610894942
0.564612956174	0.290322580645	361	57	39	0	154	0.299029126214
0.56693536778	0.291397849462	362	57	39	0	154	0.298449612403
0.568260108001	0.29247311828	363	57	39	0	154	0.297872340426
0.56833627427	0.293548387097	364	57	39	0	154	0.297297297297
0.568507067322	0.29247311828	365	57	39	0	154	0.296724470135
0.568577607133	0.29247311828	366	57	39	0	154	0.296153846154
0.569435687271	0.293548387097	367	57	39	0	154	0.295585412668
0.569967500254	0.294623655914	368	57	39	0	154	0.295019157088
0.571047370985	0.293548387097	369	57	39	0	154	0.294455066922
0.571404428342	0.294623655914	370	57	39	0	154	0.293893129771
0.573511102248	0.293548387097	371	57	39	0	154	0.293333333333
0.57395835041	0.29247311828	372	57	39	0	154	0.292775665399
0.579617020032	0.293548387097	373	57	39	0	154	0.292220113852
0.579825835443	0.294623655914	374	57	39	0	154	0.291666666667
0.582492731976	0.293548387097	375	57	39	0	154	0.291115311909
0.585023967193	0.29247311828	376	57	39	0	154	0.290566037736
0.586075412969	0.29247311828	377	57	39	0	154	0.290018832392
0.586298319092	0.29247311828	378	57	39	0	154	0.289473684211
0.589260881161	0.293548387097	379	57	39	0	154	0.288930581614
0.591905205679	0.293548387097	379	58	6	0	154	0.288930581614
0.594190968416	0.294623655914	380	58	6	0	154	0.288389513109
0.594239161609	0.291397849462	380	59	12	0	157	0.292364990689
0.595233567067	0.29247311828	381	59	12	0	157	0.291821561338
0.59594212025	0.293548387097	382	59	12	0	157	0.291280148423
0.596429718842	0.291397849462	382	60	6	0	159	0.293900184843
0.597097672616	0.29247311828	383	60	6	0	159	0.293357933579
0.599643962731	0.293548387097	384	60	6	0	159	0.292817679558
0.600661517835	0.291397849462	384	61	15	0	161	0.295412844037
0.604442831109	0.290322580645	385	61	15	0	161	0.294871794872
0.604537275773	0.289247311828	386	61	15	0	161	0.294332723949
0.606210848236	0.289247311828	387	61	15	0	161	0.293795620438
0.60668964123	0.290322580645	388	61	15	0	161	0.293260473588
0.607183755311	0.291397849462	389	61	15	0	161	0.292727272727
0.609438061946	0.29247311828	390	61	15	0	161	0.29219600726
0.610211754115	0.293548387097	391	61	15	0	161	0.291666666667
0.611522384994	0.294623655914	392	61	15	0	161	0.291139240506
0.617842217936	0.294623655914	393	61	15	0	161	0.290613718412
0.619121933809	0.295698924731	394	61	15	0	161	0.29009009009
0.620212969876	0.296774193548	395	61	15	0	161	0.289568345324
0.622392698518	0.297849462366	396	61	15	0	161	0.289048473968
0.623087792563	0.298924731183	397	61	15	0	161	0.28853046595
0.623641351961	0.298924731183	398	61	15	0	161	0.28801431127
0.62661990416	0.3	399	61	15	0	161	0.2875
0.626860992229	0.301075268817	400	61	15	0	161	0.286987522282
0.627259651001	0.301075268817	400	62	3	0	161	0.286987522282
0.628432702555	0.302150537634	401	62	3	0	161	0.286476868327
0.629400361921	0.303225806452	402	62	3	0	161	0.285968028419
0.630676204782	0.304301075269	403	62	3	0	161	0.285460992908
0.632632307404	0.304301075269	404	62	3	0	161	0.284955752212
0.633903389033	0.304301075269	405	62	3	0	161	0.28445229682
0.639044456332	0.303225806452	406	62	3	0	161	0.283950617284
0.639060982338	0.303225806452	407	62	3	0	161	0.283450704225
0.639124145479	0.304301075269	408	62	3	0	161	0.28295254833
0.642614171899	0.302150537634	408	63	9	0	163	0.285464098074
0.645146705137	0.303225806452	409	63	9	0	163	0.284965034965
0.645790605618	0.302150537634	410	63	9	0	163	0.284467713787
0.646173708749	0.303225806452	411	63	9	0	163	0.283972125436
0.64772888922	0.303225806452	412	63	9	0	163	0.28347826087
0.648014776557	0.302150537634	413	63	9	0	163	0.282986111111
0.64818348441	0.301075268817	414	63	9	0	163	0.282495667244
0.64929864367	0.301075268817	415	63	9	0	163	0.282006920415
0.653817392731	0.302150537634	416	63	9	0	163	0.281519861831
0.656887195402	0.301075268817	417	63	9	0	163	0.281034482759
0.657164294277	0.302150537634	418	63	9	0	163	0.280550774527
0.657880826275	0.303225806452	419	63	9	0	163	0.280068728522
0.659381541644	0.304301075269	420	63	9	0	163	0.279588336192
0.660774009949	0.303225806452	421	63	9	0	163	0.279109589041
0.661455514312	0.304301075269	422	63	9	0	163	0.278632478632
0.662537443878	0.305376344086	423	63	9	0	163	0.278156996587
0.665093374675	0.305376344086	424	63	9	0	163	0.277683134583
0.666769408195	0.305376344086	425	63	9	0	163	0.277210884354
0.672446563026	0.306451612903	426	63	9	0	163	0.276740237691
0.672700692306	0.303225806452	426	64	6	0	166	0.280405405405
0.673587940629	0.3	426	65	9	0	169	0.284033613445
0.674027696627	0.301075268817	427	65	9	0	169	0.28355704698
0.680789374491	0.301075268817	428	65	9	0	169	0.283082077052
0.682599817306	0.302150537634	429	65	9	0	169	0.282608695652
0.68313323728	0.302150537634	430	65	9	0	169	0.282136894825
0.689950929468	0.301075268817	431	65	9	0	169	0.281666666667
0.690160336478	0.302150537634	432	65	9	0	169	0.281198003328
0.692113635683	0.301075268817	433	65	9	0	169	0.28073089701
0.692274933584	0.301075268817	434	65	9	0	169	0.280265339967
0.692592207361	0.302150537634	435	65	9	0	169	0.279801324503
0.692670613074	0.302150537634	436	65	9	0	169	0.279338842975
0.692853956573	0.302150537634	437	65	9	0	169	0.278877887789
0.694314238406	0.303225806452	438	65	9	0	169	0.2784184514
0.695255015978	0.294623655914	438	66	18	0	177	0.287804878049
0.695660074523	0.295698924731	439	66	18	0	177	0.287337662338
0.696930167114	0.296774193548	440	66	18	0	177	0.286871961102
0.698496255367	0.295698924731	441	66	18	0	177	0.28640776699
0.699796459131	0.294623655914	442	66	18	0	177	0.285945072698
0.704041840746	0.293548387097	443	66	18	0	177	0.285483870968
0.707320678767	0.294623655914	444	66	18	0	177	0.285024154589
0.709039542791	0.293548387097	445	66	18	0	177	0.284565916399
0.711379539481	0.294623655914	446	66	18	0	177	0.284109149278
0.712370405966	0.294623655914	447	66	18	0	177	0.283653846154
0.71322181252	0.293548387097	448	66	18	0	177	0.2832
0.714512852423	0.293548387097	448	67	3	0	177	0.2832
0.714757582101	0.293548387097	449	67	3	0	177	0.282747603834
0.719136374024	0.294623655914	450	67	3	0	177	0.282296650718
0.721570936597	0.295698924731	451	67	3	0	177	0.281847133758
0.72164113326	0.295698924731	452	67	3	0	177	0.281399046105
0.722379786001	0.294623655914	453	67	3	0	177	0.280952380952
0.725750345293	0.293548387097	454	67	3	0	177	0.280507131537
0.725898830027	0.289247311828	454	68	9	0	181	0.285039370079
0.725909333558	0.288172043011	455	68	9	0	181	0.284591194969
0.726170841035	0.287096774194	455	69	6	0	182	0.285714285714
0.726562927058	0.287096774194	456	69	6	0	182	0.28526645768
0.72776724642	0.286021505376	457	69	6	0	182	0.284820031299
0.728570609563	0.287096774194	458	69	6	0	182	0.284375
0.730368023542	0.286021505376	459	69	6	0	182	0.283931357254
0.732654781595	0.287096774194	460	69	6	0	182	0.283489096573
0.732819304263	0.288172043011	461	69	6	0	182	0.283048211509
0.734216969519	0.289247311828	462	69	6	0	182	0.282608695652
0.736220947269	0.290322580645	463	69	6	0	182	0.282170542636
0.738089018779	0.291397849462	464	69	6	0	182	0.28173374613
0.738465633567	0.29247311828	465	69	6	0	182	0.281298299845
0.740072147468	0.29247311828	466	69	6	0	182	0.280864197531
0.741700204012	0.293548387097	467	69	6	0	182	0.280431432974
0.742978759664	0.294623655914	468	69	6	0	182	0.28
0.744661484284	0.295698924731	469	69	6	0	182	0.279569892473
0.745966167673	0.296774193548	470	69	6	0	182	0.279141104294
0.74654604132	0.297849462366	471	69	6	0	182	0.278713629403
0.746659734643	0.298924731183	472	69	6	0	182	0.278287461774
0.746723253985	0.3	473	69	6	0	182	0.27786259542
0.747239019464	0.301075268817	474	69	6	0	182	0.27743902439
0.748654600258	0.301075268817	475	69	6	0	182	0.27701674277
0.749079806006	0.3	475	70	3	0	183	0.27811550152
0.751147333148	0.298924731183	476	70	3	0	183	0.277693474962
0.751375695305	0.297849462366	477	70	3	0	183	0.277272727273
0.753579223517	0.298924731183	478	70	3	0	183	0.276853252648
0.755753660582	0.3	479	70	3	0	183	0.276435045317
0.756167095985	0.298924731183	479	71	6	0	184	0.277526395173
0.75969865896	0.298924731183	480	71	6	0	184	0.277108433735
0.760682569199	0.297849462366	481	71	6	0	184	0.276691729323
0.762270355497	0.296774193548	482	71	6	0	184	0.276276276276
0.763280802374	0.295698924731	483	71	6	0	184	0.275862068966
0.765491959168	0.296774193548	484	71	6	0	184	0.275449101796
0.766196540051	0.297849462366	485	71	6	0	184	0.275037369208
0.766830094846	0.298924731183	486	71	6	0	184	0.274626865672
0.768383058171	0.298924731183	487	71	6	0	184	0.274217585693
0.768649031685	0.298924731183	488	71	6	0	184	0.27380952381
0.769640315575	0.298924731183	489	71	6	0	184	0.273402674591
0.771410997129	0.3	490	71	6	0	184	0.272997032641
0.771697207532	0.298924731183	491	71	6	0	184	0.272592592593
0.772553644672	0.3	492	71	6	0	184	0.272189349112
0.773051167633	0.298924731183	493	71	6	0	184	0.271787296898
0.775220198616	0.3	494	71	6	0	184	0.271386430678
0.775550007053	0.301075268817	495	71	6	0	184	0.270986745214
0.77737822283	0.302150537634	496	71	6	0	184	0.270588235294
0.779818345918	0.302150537634	497	71	6	0	184	0.270190895742
0.780531836041	0.303225806452	498	71	6	0	184	0.269794721408
0.781798753261	0.303225806452	499	71	6	0	184	0.269399707174
0.782009385837	0.304301075269	500	71	6	0	184	0.269005847953
0.785002590493	0.304301075269	501	71	6	0	184	0.268613138686
0.785177066591	0.305376344086	502	71	6	0	184	0.268221574344
0.787848105265	0.306451612903	503	71	6	0	184	0.267831149927
0.789705088351	0.30752688172	504	71	6	0	184	0.267441860465
0.790315922811	0.308602150538	505	71	6	0	184	0.267053701016
