# time 	 divergence 	 # of mutations 	 # IGC chances 	 IGC length 	 # IGC failures 	 Changes due to IGC  	 % change due to IGC 
0.0	0.0619658119658	0	0	0	0	0	0.0
0.000105508168678	0.0576923076923	0	1	27	0	2	1.0
0.00137766031359	0.0576923076923	0	2	9	0	2	1.0
0.00410325167511	0.0555555555556	1	2	9	0	2	0.666666666667
0.00681379932559	0.0555555555556	2	2	9	0	2	0.5
0.00685628568417	0.0555555555556	2	3	24	0	2	0.5
0.00708774984439	0.0576923076923	3	3	24	0	2	0.4
0.00896420527823	0.0534188034188	3	4	9	0	4	0.571428571429
0.00915683055505	0.0555555555556	4	4	9	0	4	0.5
0.00953991208719	0.0576923076923	5	4	9	0	4	0.444444444444
0.00992064910309	0.0576923076923	5	5	15	0	4	0.444444444444
0.0100344799014	0.0534188034188	5	6	21	0	6	0.545454545455
0.0100423675068	0.0555555555556	6	6	21	0	6	0.5
0.0121376429102	0.0576923076923	7	6	21	0	6	0.461538461538
0.0137646511957	0.0534188034188	7	7	12	0	8	0.533333333333
0.0146867535515	0.0555555555556	8	7	12	0	8	0.5
0.0178169145352	0.0534188034188	8	8	9	0	9	0.529411764706
0.0180454685145	0.0555555555556	9	8	9	0	9	0.5
0.0196777541252	0.0576923076923	10	8	9	0	9	0.473684210526
0.0203073279745	0.0598290598291	11	8	9	0	9	0.45
0.0237358299612	0.0576923076923	11	9	6	0	10	0.47619047619
0.0238075238931	0.0598290598291	12	9	6	0	10	0.454545454545
0.0264024329552	0.0598290598291	12	10	6	0	10	0.454545454545
0.0277072938099	0.0512820512821	12	11	30	0	14	0.538461538462
0.0287852576743	0.0512820512821	12	12	6	0	14	0.538461538462
0.0288307614478	0.0470085470085	12	13	12	0	16	0.571428571429
0.0292755285519	0.0470085470085	12	14	3	0	16	0.571428571429
0.0296460049354	0.0470085470085	12	15	6	0	16	0.571428571429
0.0327325405812	0.042735042735	12	16	39	0	18	0.6
0.0351110364095	0.0448717948718	13	16	39	0	18	0.58064516129
0.0382665261514	0.0470085470085	14	16	39	0	18	0.5625
0.0407511685638	0.0491452991453	15	16	39	0	18	0.545454545455
0.041718825211	0.0491452991453	15	17	3	0	18	0.545454545455
0.0420119384868	0.0491452991453	15	18	15	0	18	0.545454545455
0.0425046749119	0.0470085470085	15	19	3	0	19	0.558823529412
0.0432535455855	0.0470085470085	15	20	3	0	19	0.558823529412
0.0438704359238	0.0470085470085	15	21	6	0	19	0.558823529412
0.0446269013757	0.0470085470085	15	22	9	0	19	0.558823529412
0.0454145058656	0.0470085470085	15	23	9	0	19	0.558823529412
0.0454699098731	0.0491452991453	16	23	9	0	19	0.542857142857
0.0482123105325	0.0470085470085	16	24	9	0	20	0.555555555556
0.0492721344798	0.0448717948718	16	25	12	0	21	0.567567567568
0.0501354158273	0.0470085470085	17	25	12	0	21	0.552631578947
0.0507913553737	0.0448717948718	17	26	15	0	22	0.564102564103
0.0517130009054	0.0448717948718	17	27	6	0	22	0.564102564103
0.0534668877966	0.0448717948718	17	28	6	0	22	0.564102564103
0.0570372649796	0.042735042735	17	29	9	0	23	0.575
0.0571298466391	0.0405982905983	17	30	3	0	24	0.585365853659
0.0585207115434	0.0405982905983	17	31	21	0	24	0.585365853659
0.0597960787087	0.0405982905983	17	32	12	0	24	0.585365853659
0.0601689011658	0.042735042735	18	32	12	0	24	0.571428571429
0.0639258211864	0.0448717948718	19	32	12	0	24	0.558139534884
0.0662613906343	0.0470085470085	20	32	12	0	24	0.545454545455
0.0667080811593	0.0448717948718	20	33	12	0	25	0.555555555556
0.0696429691068	0.0448717948718	20	34	9	0	25	0.555555555556
0.0697961599779	0.042735042735	20	35	30	0	26	0.565217391304
0.0728920782416	0.0448717948718	21	35	30	0	26	0.553191489362
0.0732228482184	0.0470085470085	22	35	30	0	26	0.541666666667
0.0736644402957	0.0470085470085	22	36	3	0	26	0.541666666667
0.0748549880482	0.0405982905983	22	37	36	0	29	0.56862745098
0.0751031679549	0.042735042735	23	37	36	0	29	0.557692307692
0.0753458576214	0.0448717948718	24	37	36	0	29	0.547169811321
0.0758090498034	0.0470085470085	25	37	36	0	29	0.537037037037
0.0758501175038	0.0470085470085	25	38	6	0	29	0.537037037037
0.0778984047196	0.0470085470085	25	39	27	0	29	0.537037037037
0.0798450520212	0.0448717948718	25	40	21	0	30	0.545454545455
0.0827766206973	0.0470085470085	26	40	21	0	30	0.535714285714
0.0886828280798	0.0448717948718	26	41	3	0	31	0.543859649123
0.0894290298734	0.0470085470085	27	41	3	0	31	0.534482758621
0.0899889039749	0.0448717948718	27	42	9	0	32	0.542372881356
0.0913618560186	0.0448717948718	27	43	3	0	32	0.542372881356
0.092624989531	0.0448717948718	27	44	3	0	32	0.542372881356
0.095381908035	0.0470085470085	28	44	3	0	32	0.533333333333
0.0956162174512	0.0470085470085	28	45	6	0	32	0.533333333333
0.0973408075355	0.042735042735	28	46	12	0	34	0.548387096774
0.098731363873	0.0448717948718	29	46	12	0	34	0.539682539683
0.09885784192	0.042735042735	29	47	15	0	35	0.546875
0.099200065415	0.042735042735	29	48	3	0	35	0.546875
0.100104221265	0.0448717948718	30	48	3	0	35	0.538461538462
0.100502160299	0.0448717948718	30	49	3	0	35	0.538461538462
0.101097496898	0.042735042735	30	50	21	0	36	0.545454545455
0.102508437124	0.042735042735	30	51	3	0	36	0.545454545455
0.102548145865	0.042735042735	30	52	3	0	36	0.545454545455
0.105529997511	0.042735042735	30	53	27	0	36	0.545454545455
0.105814366184	0.0384615384615	30	54	9	0	38	0.558823529412
0.106600857348	0.0363247863248	31	54	9	0	38	0.550724637681
0.107225840345	0.0363247863248	31	55	6	0	38	0.550724637681
0.107903160972	0.0363247863248	31	56	15	0	38	0.550724637681
0.107936294828	0.0363247863248	31	57	15	0	38	0.550724637681
0.108257067874	0.034188034188	31	58	6	0	39	0.557142857143
0.108593905591	0.034188034188	31	59	15	0	39	0.557142857143
0.109833786623	0.0299145299145	31	60	15	0	41	0.569444444444
0.110263674524	0.0320512820513	32	60	15	0	41	0.561643835616
0.110270293209	0.0320512820513	32	61	3	0	41	0.561643835616
0.113893214931	0.0299145299145	32	62	18	0	42	0.567567567568
0.114570169611	0.0320512820513	33	62	18	0	42	0.56
0.117077358136	0.0320512820513	33	63	6	0	42	0.56
0.117562960438	0.0320512820513	33	64	3	0	42	0.56
0.118000778288	0.034188034188	34	64	3	0	42	0.552631578947
0.119695925754	0.0363247863248	35	64	3	0	42	0.545454545455
0.121026501791	0.0363247863248	35	65	6	0	42	0.545454545455
0.124049214785	0.0384615384615	36	65	6	0	42	0.538461538462
0.125001628782	0.0384615384615	36	66	3	0	42	0.538461538462
0.126555849972	0.0384615384615	36	67	6	0	42	0.538461538462
0.1275257945	0.0405982905983	37	67	6	0	42	0.53164556962
0.128394711044	0.0405982905983	37	68	9	0	42	0.53164556962
0.129103810667	0.042735042735	38	68	9	0	42	0.525
0.129155498127	0.042735042735	38	69	6	0	42	0.525
0.130258839568	0.0405982905983	38	70	48	0	43	0.530864197531
0.130693124407	0.0405982905983	38	71	12	0	43	0.530864197531
0.133763608952	0.042735042735	39	71	12	0	43	0.524390243902
0.134222795421	0.042735042735	39	72	6	0	43	0.524390243902
0.134772531372	0.042735042735	39	73	3	0	43	0.524390243902
0.135296188839	0.0448717948718	40	73	3	0	43	0.518072289157
0.13546484578	0.0448717948718	40	74	3	0	43	0.518072289157
0.136852410779	0.0363247863248	40	75	15	0	47	0.540229885057
0.138783650223	0.0384615384615	41	75	15	0	47	0.534090909091
0.141509325694	0.0384615384615	41	76	3	0	47	0.534090909091
0.142190927147	0.0405982905983	42	76	3	0	47	0.52808988764
0.142882355172	0.042735042735	43	76	3	0	47	0.522222222222
0.14319510193	0.042735042735	43	77	3	0	47	0.522222222222
0.143827189408	0.0448717948718	44	77	3	0	47	0.516483516484
0.145384384668	0.0448717948718	44	78	3	0	47	0.516483516484
0.14637964143	0.0405982905983	44	79	18	0	49	0.52688172043
0.150536304495	0.0405982905983	44	80	3	0	49	0.52688172043
