# time 	 divergence 	 # of mutations 	 # IGC chances 	 IGC length 	 # IGC failures 	 Changes due to IGC  	 % change due to IGC 
0.0	0.0	0	0	0	0	0	0.0
0.00226017030408	0.00213675213675	1	0	0	0	0	0.0
0.00265479284698	0.0042735042735	2	0	0	0	0	0.0
0.00347506383663	0.00641025641026	3	0	0	0	0	0.0
0.00538279047295	0.00854700854701	4	0	0	0	0	0.0
0.00556136574979	0.0106837606838	5	0	0	0	0	0.0
0.0068089218134	0.0128205128205	6	0	0	0	0	0.0
0.00999526838609	0.0149572649573	7	0	0	0	0	0.0
0.0130251444699	0.017094017094	8	0	0	0	0	0.0
0.0194419965036	0.0192307692308	9	0	0	0	0	0.0
0.0309237892912	0.0213675213675	10	0	0	0	0	0.0
0.0328070834927	0.0235042735043	11	0	0	0	0	0.0
0.0397665035185	0.0235042735043	12	0	0	0	0	0.0
0.0405076129999	0.025641025641	13	0	0	0	0	0.0
0.043039796188	0.0277777777778	14	0	0	0	0	0.0
0.0522891766329	0.0299145299145	15	0	0	0	0	0.0
0.0598019947554	0.0320512820513	16	0	0	0	0	0.0
0.0676149757953	0.034188034188	17	0	0	0	0	0.0
0.0684310875552	0.0363247863248	18	0	0	0	0	0.0
0.0723413913361	0.0384615384615	19	0	0	0	0	0.0
0.0749143172295	0.0405982905983	20	0	0	0	0	0.0
0.0794191665373	0.042735042735	21	0	0	0	0	0.0
0.0820130413594	0.0448717948718	22	0	0	0	0	0.0
0.0884113801006	0.0470085470085	23	0	0	0	0	0.0
0.094447926493	0.0491452991453	24	0	0	0	0	0.0
0.0971618904958	0.0512820512821	25	0	0	0	0	0.0
0.100854650228	0.0534188034188	26	0	0	0	0	0.0
0.105595742403	0.0555555555556	27	0	0	0	0	0.0
0.106473429512	0.0576923076923	28	0	0	0	0	0.0
0.107143741243	0.0598290598291	29	0	0	0	0	0.0
0.107657355641	0.0619658119658	30	0	0	0	0	0.0
0.108406263664	0.0641025641026	31	0	0	0	0	0.0
0.108889334933	0.0662393162393	32	0	0	0	0	0.0
0.109459864142	0.0683760683761	33	0	0	0	0	0.0
0.125388750799	0.0705128205128	34	0	0	0	0	0.0
0.125658178572	0.0726495726496	35	0	0	0	0	0.0
0.129646042318	0.0747863247863	36	0	0	0	0	0.0
0.131869675475	0.0769230769231	37	0	0	0	0	0.0
0.135364626858	0.0790598290598	38	0	0	0	0	0.0
0.140507506164	0.0811965811966	39	0	0	0	0	0.0
0.14072889935	0.0833333333333	40	0	0	0	0	0.0
0.146303042196	0.0854700854701	41	0	0	0	0	0.0
0.146878359945	0.0876068376068	42	0	0	0	0	0.0
0.147052435382	0.0897435897436	43	0	0	0	0	0.0
0.148547577256	0.0918803418803	44	0	0	0	0	0.0
0.16389499574	0.0940170940171	45	0	0	0	0	0.0
0.16480687205	0.0961538461538	46	0	0	0	0	0.0
0.172710496075	0.0982905982906	47	0	0	0	0	0.0
0.177643928096	0.0982905982906	48	0	0	0	0	0.0
0.17851163738	0.100427350427	49	0	0	0	0	0.0
0.181723637161	0.102564102564	50	0	0	0	0	0.0
0.186528703793	0.104700854701	51	0	0	0	0	0.0
0.188204670566	0.106837606838	52	0	0	0	0	0.0
0.191854250382	0.108974358974	53	0	0	0	0	0.0
0.192318210949	0.111111111111	54	0	0	0	0	0.0
0.197763460479	0.108974358974	55	0	0	0	0	0.0
0.203200103543	0.111111111111	56	0	0	0	0	0.0
0.212386918916	0.111111111111	57	0	0	0	0	0.0
0.212764657858	0.113247863248	58	0	0	0	0	0.0
0.219126889625	0.115384615385	59	0	0	0	0	0.0
0.226812408122	0.117521367521	60	0	0	0	0	0.0
0.229468586315	0.119658119658	61	0	0	0	0	0.0
0.23127128434	0.121794871795	62	0	0	0	0	0.0
0.231901736968	0.123931623932	63	0	0	0	0	0.0
0.236042134817	0.126068376068	64	0	0	0	0	0.0
0.237850111836	0.126068376068	65	0	0	0	0	0.0
0.241081494508	0.128205128205	66	0	0	0	0	0.0
0.241838432219	0.130341880342	67	0	0	0	0	0.0
0.242135592358	0.132478632479	68	0	0	0	0	0.0
0.250190336041	0.134615384615	69	0	0	0	0	0.0
0.250560827567	0.136752136752	70	0	0	0	0	0.0
0.25484063895	0.138888888889	71	0	0	0	0	0.0
0.260240842466	0.141025641026	72	0	0	0	0	0.0
0.262243147878	0.143162393162	73	0	0	0	0	0.0
0.26314335656	0.145299145299	74	0	0	0	0	0.0
0.264058106549	0.147435897436	75	0	0	0	0	0.0
0.269603730867	0.149572649573	76	0	0	0	0	0.0
0.275031815763	0.151709401709	77	0	0	0	0	0.0
0.276034457315	0.153846153846	78	0	0	0	0	0.0
0.280587811978	0.155982905983	79	0	0	0	0	0.0
0.282083909441	0.155982905983	80	0	0	0	0	0.0
0.28396462332	0.15811965812	81	0	0	0	0	0.0
0.285641560156	0.160256410256	82	0	0	0	0	0.0
0.285870927873	0.160256410256	83	0	0	0	0	0.0
0.289319912033	0.162393162393	84	0	0	0	0	0.0
0.290716212233	0.16452991453	85	0	0	0	0	0.0
0.295332763578	0.166666666667	86	0	0	0	0	0.0
0.296334888372	0.168803418803	87	0	0	0	0	0.0
0.297001905264	0.17094017094	88	0	0	0	0	0.0
0.299143878531	0.173076923077	89	0	0	0	0	0.0
0.301529955525	0.175213675214	90	0	0	0	0	0.0
0.304314949895	0.175213675214	91	0	0	0	0	0.0
0.309343579696	0.17735042735	92	0	0	0	0	0.0
0.31148514009	0.179487179487	93	0	0	0	0	0.0
0.313034628325	0.181623931624	94	0	0	0	0	0.0
0.315968713442	0.183760683761	95	0	0	0	0	0.0
0.316319209875	0.185897435897	96	0	0	0	0	0.0
0.322828081338	0.185897435897	97	0	0	0	0	0.0
0.324185994513	0.188034188034	98	0	0	0	0	0.0
0.328694056262	0.190170940171	99	0	0	0	0	0.0
0.331300066014	0.192307692308	100	0	0	0	0	0.0
0.335029549592	0.194444444444	101	0	0	0	0	0.0
0.335554910058	0.196581196581	102	0	0	0	0	0.0
0.33618189474	0.196581196581	103	0	0	0	0	0.0
0.339996272885	0.198717948718	104	0	0	0	0	0.0
