# time 	 divergence 	 # of mutations 	 # IGC chances 	 IGC length 	 # IGC failures 	 Changes due to IGC  	 % change due to IGC 
0.0	0.288343558282	0	0	0	0	0	0.0
0.00270895095957	0.290388548057	1	0	0	0	0	0.0
0.00344068084748	0.292433537832	2	0	0	0	0	0.0
0.00374159191843	0.294478527607	3	0	0	0	0	0.0
0.0171131361871	0.294478527607	4	0	0	0	0	0.0
0.0287818599637	0.296523517382	5	0	0	0	0	0.0
0.0301817743657	0.298568507157	6	0	0	0	0	0.0
0.0316833490211	0.296523517382	7	0	0	0	0	0.0
0.032275303597	0.298568507157	8	0	0	0	0	0.0
0.0358360511709	0.296523517382	9	0	0	0	0	0.0
0.0402729270122	0.296523517382	10	0	0	0	0	0.0
0.0406054432287	0.298568507157	11	0	0	0	0	0.0
0.0409936088654	0.300613496933	12	0	0	0	0	0.0
0.0414405397821	0.302658486708	13	0	0	0	0	0.0
0.0430030564925	0.304703476483	14	0	0	0	0	0.0
0.0463249677655	0.306748466258	15	0	0	0	0	0.0
0.0464541536349	0.308793456033	16	0	0	0	0	0.0
0.0506008659846	0.308793456033	17	0	0	0	0	0.0
0.0508157638092	0.308793456033	18	0	0	0	0	0.0
0.0562402291208	0.310838445808	19	0	0	0	0	0.0
