# time 	 divergence 	 # of mutations 	 # IGC chances 	 IGC length 	 # IGC failures 	 Changes due to IGC  	 % change due to IGC 
0.0	0.0327198364008	0	0	0	0	0	0.0
0.000819012949412	0.0327198364008	0	1	3	0	0	0.0
0.00140138222476	0.0327198364008	0	2	3	0	0	0.0
0.0014622341139	0.0327198364008	0	3	3	0	0	0.0
0.00235523992828	0.0327198364008	0	4	3	0	0	0.0
0.00251151415408	0.0327198364008	0	5	3	0	0	0.0
0.00266137046275	0.0327198364008	0	6	3	0	0	0.0
0.00268514858686	0.0327198364008	0	7	3	0	0	0.0
0.00269369300197	0.0347648261759	1	7	3	0	0	0.0
0.00275456700285	0.0347648261759	1	8	3	0	0	0.0
0.00340297231464	0.0347648261759	1	9	3	0	0	0.0
0.00353008160371	0.0347648261759	1	10	3	0	0	0.0
0.00391349422506	0.0347648261759	1	11	3	0	0	0.0
0.0042051685859	0.0347648261759	1	12	3	0	0	0.0
0.00423676518972	0.0347648261759	1	13	3	0	0	0.0
0.00454907421366	0.0347648261759	1	14	3	0	0	0.0
0.00536088332435	0.0347648261759	1	15	3	0	0	0.0
0.0057783166074	0.0347648261759	1	16	3	0	0	0.0
0.00641254924172	0.0347648261759	1	17	3	0	0	0.0
0.00658034869497	0.0347648261759	1	18	3	0	0	0.0
0.00717291709524	0.0347648261759	1	19	3	0	0	0.0
0.00725245317223	0.0327198364008	1	20	3	0	1	0.5
0.00745984760564	0.0347648261759	2	20	3	0	1	0.333333333333
0.00832223499688	0.0347648261759	2	21	3	0	1	0.333333333333
0.00848547795998	0.0347648261759	2	22	3	0	1	0.333333333333
0.00887900437855	0.0347648261759	2	23	3	0	1	0.333333333333
0.00967299729609	0.0327198364008	2	24	3	0	2	0.5
0.00982917142945	0.0327198364008	2	25	3	0	2	0.5
0.00994303986959	0.0306748466258	2	26	3	0	3	0.6
0.0100865518321	0.0306748466258	2	27	3	0	3	0.6
0.0101971597913	0.0306748466258	2	28	3	0	3	0.6
0.0106506902979	0.0306748466258	2	29	3	0	3	0.6
0.0116097396313	0.0306748466258	2	30	3	0	3	0.6
0.0118690744021	0.0306748466258	2	31	3	0	3	0.6
0.0121668368635	0.0306748466258	2	32	3	0	3	0.6
0.0122875738226	0.0306748466258	2	33	3	0	3	0.6
0.0124777770373	0.0306748466258	2	34	3	0	3	0.6
0.0126204464889	0.0306748466258	2	35	3	0	3	0.6
0.0126580932805	0.0306748466258	2	36	3	0	3	0.6
0.0130667726931	0.0306748466258	2	37	3	0	3	0.6
0.0136399064125	0.0306748466258	2	38	3	0	3	0.6
0.013799098453	0.0306748466258	2	39	3	0	3	0.6
0.0141518133584	0.0327198364008	3	39	3	0	3	0.5
0.0142500386645	0.0327198364008	3	40	3	0	3	0.5
0.0148550651459	0.0327198364008	3	41	3	0	3	0.5
0.0149575295298	0.0327198364008	3	42	3	0	3	0.5
0.0150627312279	0.0327198364008	3	43	3	0	3	0.5
0.0151984472395	0.0327198364008	3	44	3	0	3	0.5
0.015467834079	0.0327198364008	3	45	3	0	3	0.5
0.0158859021291	0.0327198364008	3	46	3	0	3	0.5
0.0159766942212	0.0327198364008	3	47	3	0	3	0.5
0.0160835001272	0.0327198364008	3	48	3	0	3	0.5
0.0162797827968	0.0327198364008	3	49	3	0	3	0.5
0.0164253587863	0.0327198364008	3	50	3	0	3	0.5
0.0170949549696	0.0327198364008	3	51	3	0	3	0.5
0.0171639033302	0.0327198364008	3	52	3	0	3	0.5
0.0186579059865	0.0327198364008	3	53	3	0	3	0.5
0.0187658796278	0.0327198364008	3	54	3	0	3	0.5
0.0195395464863	0.0327198364008	3	55	3	0	3	0.5
0.0197945173235	0.0327198364008	3	56	3	0	3	0.5
0.0198020443547	0.0327198364008	3	57	3	0	3	0.5
0.0201147068644	0.0327198364008	3	58	3	0	3	0.5
0.0202688001324	0.0327198364008	3	59	3	0	3	0.5
0.0204228149462	0.0347648261759	4	59	3	0	3	0.428571428571
0.0209025900655	0.0347648261759	4	60	3	0	3	0.428571428571
0.0218507746317	0.0347648261759	4	61	3	0	3	0.428571428571
0.0220533452354	0.0347648261759	4	62	3	0	3	0.428571428571
0.0223944816812	0.0347648261759	4	63	3	0	3	0.428571428571
0.0226885530278	0.0347648261759	4	64	3	0	3	0.428571428571
0.0227276404765	0.0347648261759	4	65	3	0	3	0.428571428571
0.0231786330386	0.0347648261759	4	66	3	0	3	0.428571428571
0.0232163404128	0.0347648261759	4	67	3	0	3	0.428571428571
0.0238251867956	0.0368098159509	5	67	3	0	3	0.375
0.0239865877708	0.0368098159509	5	68	3	0	3	0.375
0.0240945448088	0.0347648261759	5	69	3	0	4	0.444444444444
0.0245664243853	0.0347648261759	5	70	3	0	4	0.444444444444
0.0246630217668	0.0347648261759	5	71	3	0	4	0.444444444444
0.0249651590439	0.0327198364008	5	72	3	0	5	0.5
0.0251954583547	0.0327198364008	5	73	3	0	5	0.5
0.0253344878299	0.0306748466258	5	74	3	0	6	0.545454545455
0.0253603099423	0.0306748466258	5	75	3	0	6	0.545454545455
0.0257378476479	0.0306748466258	5	76	3	0	6	0.545454545455
0.0258206371315	0.0327198364008	6	76	3	0	6	0.5
0.0258455679862	0.0327198364008	6	77	3	0	6	0.5
0.0258846812756	0.0306748466258	6	78	3	0	7	0.538461538462
0.0260270580645	0.0327198364008	7	78	3	0	7	0.5
0.0260891843805	0.0327198364008	7	79	3	0	7	0.5
0.0261822627874	0.0306748466258	7	80	3	0	8	0.533333333333
0.0265713307197	0.0306748466258	7	81	3	0	8	0.533333333333
0.0269218331587	0.0327198364008	8	81	3	0	8	0.5
0.0271087092854	0.0327198364008	8	82	3	0	8	0.5
0.0273900958555	0.0327198364008	8	83	3	0	8	0.5
0.0282690948986	0.0327198364008	8	84	3	0	8	0.5
0.0291387235539	0.0327198364008	8	85	3	0	8	0.5
0.0297478001436	0.0306748466258	8	86	3	0	9	0.529411764706
0.0297766988234	0.0327198364008	9	86	3	0	9	0.5
0.0298152545756	0.0327198364008	9	87	3	0	9	0.5
0.0298844259383	0.0327198364008	9	88	3	0	9	0.5
0.0301305323386	0.0327198364008	9	89	3	0	9	0.5
0.0301308648509	0.0327198364008	9	90	3	0	9	0.5
0.0305093895922	0.0327198364008	9	91	3	0	9	0.5
0.0310186825738	0.0327198364008	9	92	3	0	9	0.5
0.0310917493381	0.0327198364008	9	93	3	0	9	0.5
0.0314143381979	0.0327198364008	9	94	3	0	9	0.5
0.03154152266	0.0347648261759	10	94	3	0	9	0.473684210526
0.0320729966676	0.0347648261759	10	95	3	0	9	0.473684210526
0.0321089388106	0.0347648261759	10	96	3	0	9	0.473684210526
0.0321394980981	0.0347648261759	10	97	3	0	9	0.473684210526
0.032379441051	0.0327198364008	10	98	3	0	10	0.5
0.032527076391	0.0327198364008	10	99	3	0	10	0.5
0.0330020097311	0.0327198364008	10	100	3	0	10	0.5
0.0331525827466	0.0327198364008	10	101	3	0	10	0.5
0.033174020168	0.0347648261759	11	101	3	0	10	0.47619047619
0.0332406192616	0.0347648261759	11	102	3	0	10	0.47619047619
0.0337347281178	0.0347648261759	11	103	3	0	10	0.47619047619
0.0340838862263	0.0347648261759	11	104	3	0	10	0.47619047619
0.0343417100804	0.0347648261759	11	105	3	0	10	0.47619047619
0.0345087690214	0.0347648261759	11	106	3	0	10	0.47619047619
0.0345580541653	0.0347648261759	11	107	3	0	10	0.47619047619
0.0345660957923	0.0347648261759	11	108	3	0	10	0.47619047619
0.0350742508593	0.0347648261759	11	109	3	0	10	0.47619047619
0.0358004516721	0.0347648261759	11	110	3	0	10	0.47619047619
0.0358567511375	0.0347648261759	11	111	3	0	10	0.47619047619
0.036066159645	0.0347648261759	11	112	3	0	10	0.47619047619
0.0368478890036	0.0347648261759	11	113	3	0	10	0.47619047619
0.0369038947948	0.0347648261759	11	114	3	0	10	0.47619047619
0.0376222044539	0.0347648261759	11	115	3	0	10	0.47619047619
0.0378219023344	0.0347648261759	11	116	3	0	10	0.47619047619
0.0383619849264	0.0347648261759	11	117	3	0	10	0.47619047619
0.0384613412485	0.0347648261759	11	118	3	0	10	0.47619047619
0.038521598147	0.0347648261759	11	119	3	0	10	0.47619047619
0.0389848429536	0.0327198364008	11	120	3	0	11	0.5
0.0392255966206	0.0327198364008	11	121	3	0	11	0.5
0.0396725094238	0.0306748466258	11	122	3	0	12	0.521739130435
0.0399269597601	0.0306748466258	11	123	3	0	12	0.521739130435
0.0400390668009	0.0286298568507	11	124	3	0	13	0.541666666667
0.0407073117524	0.0265848670757	11	125	3	0	14	0.56
0.0408629445684	0.0265848670757	11	126	3	0	14	0.56
0.0411080783801	0.0265848670757	11	127	3	0	14	0.56
0.0415071878586	0.0265848670757	11	128	3	0	14	0.56
0.041544007323	0.0286298568507	12	128	3	0	14	0.538461538462
0.041778264933	0.0286298568507	12	129	3	0	14	0.538461538462
0.0421272184855	0.0286298568507	12	130	3	0	14	0.538461538462
0.0421523573903	0.0286298568507	12	131	3	0	14	0.538461538462
0.042853546669	0.0286298568507	12	132	3	0	14	0.538461538462
0.0431987940468	0.0286298568507	12	133	3	0	14	0.538461538462
0.0432581024298	0.0286298568507	12	134	3	0	14	0.538461538462
0.0449858868388	0.0286298568507	12	135	3	0	14	0.538461538462
0.0452043957595	0.0286298568507	12	136	3	0	14	0.538461538462
0.0453188747047	0.0306748466258	13	136	3	0	14	0.518518518519
0.0456362323358	0.0306748466258	13	137	3	0	14	0.518518518519
0.0460740410521	0.0306748466258	13	138	3	0	14	0.518518518519
0.0463057725179	0.0327198364008	14	138	3	0	14	0.5
0.0465847210672	0.0327198364008	14	139	3	0	14	0.5
0.047383830383	0.0306748466258	14	140	3	0	15	0.51724137931
0.0479303800116	0.0306748466258	14	141	3	0	15	0.51724137931
0.0484710164143	0.0306748466258	14	142	3	0	15	0.51724137931
0.0485275968977	0.0286298568507	14	143	3	0	16	0.533333333333
0.0486814250506	0.0286298568507	14	144	3	0	16	0.533333333333
0.0488763662544	0.0265848670757	14	145	3	0	17	0.548387096774
0.0491925478108	0.0265848670757	14	146	3	0	17	0.548387096774
0.0494119925929	0.0265848670757	14	147	3	0	17	0.548387096774
0.0495137472225	0.0286298568507	15	147	3	0	17	0.53125
0.0497606678819	0.0286298568507	15	148	3	0	17	0.53125
0.0505435542701	0.0286298568507	15	149	3	0	17	0.53125
0.0507445882604	0.0286298568507	15	150	3	0	17	0.53125
0.050970341877	0.0286298568507	15	151	3	0	17	0.53125
0.0510056612681	0.0286298568507	15	152	3	0	17	0.53125
0.0511266855079	0.0286298568507	15	153	3	0	17	0.53125
0.0515758935809	0.0286298568507	15	154	3	0	17	0.53125
0.0527179201106	0.0286298568507	15	155	3	0	17	0.53125
0.0527412378995	0.0286298568507	15	156	3	0	17	0.53125
0.0530888536632	0.0306748466258	16	156	3	0	17	0.515151515152
0.0534246069318	0.0306748466258	16	157	3	0	17	0.515151515152
0.054222407994	0.0306748466258	16	158	3	0	17	0.515151515152
0.0543118768201	0.0306748466258	16	159	3	0	17	0.515151515152
0.0543490699996	0.0306748466258	16	160	3	0	17	0.515151515152
0.0544686186897	0.0306748466258	16	161	3	0	17	0.515151515152
0.0548854063183	0.0306748466258	16	162	3	0	17	0.515151515152
0.0551579981628	0.0306748466258	16	163	3	0	17	0.515151515152
0.0558175578327	0.0306748466258	16	164	3	0	17	0.515151515152
0.0560872649609	0.0306748466258	16	165	3	0	17	0.515151515152
0.0561020825001	0.0306748466258	16	166	3	0	17	0.515151515152
0.0561472430385	0.0306748466258	16	167	3	0	17	0.515151515152
0.0561670310581	0.0306748466258	16	168	3	0	17	0.515151515152
0.0563246814697	0.0306748466258	16	169	3	0	17	0.515151515152
0.0563383498638	0.0306748466258	16	170	3	0	17	0.515151515152
0.0563628926167	0.0306748466258	16	171	3	0	17	0.515151515152
0.0567390600767	0.0306748466258	16	172	3	0	17	0.515151515152
0.0568858805218	0.0306748466258	16	173	3	0	17	0.515151515152
0.0569405319607	0.0286298568507	16	174	3	0	18	0.529411764706
0.0570043090351	0.0286298568507	16	175	3	0	18	0.529411764706
0.0570696332577	0.0286298568507	16	176	3	0	18	0.529411764706
0.0570895022208	0.0286298568507	16	177	3	0	18	0.529411764706
0.0571325084833	0.0286298568507	16	178	3	0	18	0.529411764706
0.0584336049356	0.0286298568507	16	179	3	0	18	0.529411764706
0.0585399629185	0.0286298568507	16	180	3	0	18	0.529411764706
0.0585745991569	0.0286298568507	16	181	3	0	18	0.529411764706
0.0585915890872	0.0286298568507	16	182	3	0	18	0.529411764706
0.0590889941148	0.0286298568507	16	183	3	0	18	0.529411764706
0.0591859219706	0.0286298568507	16	184	3	0	18	0.529411764706
0.0593318763098	0.0286298568507	16	185	3	0	18	0.529411764706
0.0594203628029	0.0286298568507	16	186	3	0	18	0.529411764706
0.0599394307341	0.0286298568507	16	187	3	0	18	0.529411764706
0.0599464741026	0.0286298568507	16	188	3	0	18	0.529411764706
0.0601862728113	0.0306748466258	17	188	3	0	18	0.514285714286
0.0605133089255	0.0306748466258	17	189	3	0	18	0.514285714286
0.0606819349224	0.0306748466258	17	190	3	0	18	0.514285714286
0.0608950844503	0.0327198364008	18	190	3	0	18	0.5
0.0610316091868	0.0327198364008	18	191	3	0	18	0.5
0.0614316166105	0.0327198364008	18	192	3	0	18	0.5
0.0616296778544	0.0306748466258	18	193	3	0	19	0.513513513514
0.0616928818253	0.0306748466258	18	194	3	0	19	0.513513513514
0.0623132593063	0.0306748466258	18	195	3	0	19	0.513513513514
0.0624022676119	0.0327198364008	19	195	3	0	19	0.5
0.0624115401627	0.0327198364008	19	196	3	0	19	0.5
0.0626735525485	0.0327198364008	19	197	3	0	19	0.5
0.0633324110152	0.0306748466258	19	198	3	0	20	0.512820512821
0.0634526928115	0.0306748466258	19	199	3	0	20	0.512820512821
0.0635933099346	0.0306748466258	19	200	3	0	20	0.512820512821
0.0636015118878	0.0306748466258	19	201	3	0	20	0.512820512821
0.063944405995	0.0306748466258	19	202	3	0	20	0.512820512821
0.0640389865003	0.0306748466258	19	203	3	0	20	0.512820512821
0.064061590698	0.0306748466258	19	204	3	0	20	0.512820512821
0.0643380896814	0.0306748466258	19	205	3	0	20	0.512820512821
0.0645509621997	0.0306748466258	19	206	3	0	20	0.512820512821
0.0649088444785	0.0327198364008	20	206	3	0	20	0.5
0.0650059560876	0.0327198364008	20	207	3	0	20	0.5
0.0650126292035	0.0327198364008	20	208	3	0	20	0.5
0.0653261881771	0.0327198364008	20	209	3	0	20	0.5
0.0655384602664	0.0347648261759	21	209	3	0	20	0.487804878049
0.0655952297454	0.0347648261759	21	210	3	0	20	0.487804878049
0.065961102062	0.0347648261759	21	211	3	0	20	0.487804878049
0.0661465017622	0.0347648261759	21	212	3	0	20	0.487804878049
0.066756190507	0.0347648261759	21	213	3	0	20	0.487804878049
0.0668892840831	0.0347648261759	21	214	3	0	20	0.487804878049
0.0671886523773	0.0347648261759	21	215	3	0	20	0.487804878049
0.0673718418217	0.0347648261759	21	216	3	0	20	0.487804878049
0.0674679143673	0.0347648261759	21	217	3	0	20	0.487804878049
0.0679895489013	0.0347648261759	21	218	3	0	20	0.487804878049
0.0681913033134	0.0347648261759	21	219	3	0	20	0.487804878049
0.0684423510452	0.0347648261759	21	220	3	0	20	0.487804878049
0.0688604481756	0.0347648261759	21	221	3	0	20	0.487804878049
0.0690380150876	0.0368098159509	22	221	3	0	20	0.47619047619
0.0691270060751	0.0368098159509	22	222	3	0	20	0.47619047619
0.0694476374525	0.0368098159509	22	223	3	0	20	0.47619047619
0.0698245474733	0.038854805726	23	223	3	0	20	0.46511627907
0.0704138962727	0.038854805726	23	224	3	0	20	0.46511627907
0.0706699748266	0.038854805726	23	225	3	0	20	0.46511627907
0.0708809905487	0.038854805726	23	226	3	0	20	0.46511627907
0.0710113282535	0.038854805726	23	227	3	0	20	0.46511627907
0.0713008303005	0.038854805726	23	228	3	0	20	0.46511627907
0.0714452866777	0.038854805726	23	229	3	0	20	0.46511627907
0.0717213738513	0.038854805726	23	230	3	0	20	0.46511627907
0.0717841270486	0.038854805726	23	231	3	0	20	0.46511627907
0.0721418921298	0.038854805726	23	232	3	0	20	0.46511627907
0.0722371830595	0.038854805726	23	233	3	0	20	0.46511627907
0.0723163862458	0.0368098159509	23	234	3	0	21	0.477272727273
0.0724846209676	0.0368098159509	23	235	3	0	21	0.477272727273
0.0726292603708	0.0347648261759	23	236	3	0	22	0.488888888889
0.0732395725207	0.0347648261759	23	237	3	0	22	0.488888888889
0.0736014362958	0.0347648261759	23	238	3	0	22	0.488888888889
0.0736184152983	0.0347648261759	23	239	3	0	22	0.488888888889
0.0740882679234	0.0327198364008	23	240	3	0	23	0.5
0.0742189238338	0.0327198364008	23	241	3	0	23	0.5
0.0744751715781	0.0327198364008	23	242	3	0	23	0.5
0.0748422321265	0.0347648261759	24	242	3	0	23	0.489361702128
0.0749092656765	0.0347648261759	24	243	3	0	23	0.489361702128
0.0749176875256	0.0347648261759	24	244	3	0	23	0.489361702128
0.0760501008311	0.0347648261759	24	245	3	0	23	0.489361702128
0.0760611002072	0.0347648261759	24	246	3	0	23	0.489361702128
0.0765934341629	0.0347648261759	24	247	3	0	23	0.489361702128
0.0766712456019	0.0347648261759	24	248	3	0	23	0.489361702128
0.076712213895	0.0347648261759	24	249	3	0	23	0.489361702128
0.076811498829	0.0347648261759	24	250	3	0	23	0.489361702128
0.0768713590397	0.0347648261759	24	251	3	0	23	0.489361702128
0.0773525285297	0.0347648261759	24	252	3	0	23	0.489361702128
0.0774689316218	0.0347648261759	24	253	3	0	23	0.489361702128
0.0776363366999	0.0347648261759	24	254	3	0	23	0.489361702128
0.0777143014662	0.0368098159509	25	254	3	0	23	0.479166666667
0.07780072053	0.0368098159509	25	255	3	0	23	0.479166666667
0.0788471414801	0.0368098159509	25	256	3	0	23	0.479166666667
0.0790156273598	0.0368098159509	25	257	3	0	23	0.479166666667
0.0793601534993	0.0368098159509	25	258	3	0	23	0.479166666667
0.0795275271293	0.0368098159509	25	259	3	0	23	0.479166666667
0.0799691499296	0.0368098159509	25	260	3	0	23	0.479166666667
0.0800410583689	0.0347648261759	25	261	3	0	24	0.489795918367
0.0800789029245	0.0347648261759	25	262	3	0	24	0.489795918367
0.081221434583	0.0347648261759	25	263	3	0	24	0.489795918367
0.0813024225091	0.0347648261759	25	264	3	0	24	0.489795918367
0.0816430583762	0.0347648261759	25	265	3	0	24	0.489795918367
0.0818026221023	0.0347648261759	25	266	3	0	24	0.489795918367
0.0820185523999	0.0306748466258	25	267	3	0	26	0.509803921569
0.0821926620326	0.0306748466258	25	268	3	0	26	0.509803921569
0.0832015708141	0.0306748466258	25	269	3	0	26	0.509803921569
0.0833564175081	0.0306748466258	25	270	3	0	26	0.509803921569
0.0835140915842	0.0327198364008	26	270	3	0	26	0.5
0.0838313722469	0.0327198364008	26	271	3	0	26	0.5
0.0839713337958	0.0327198364008	26	272	3	0	26	0.5
0.0840362291113	0.0327198364008	26	273	3	0	26	0.5
0.0842801555518	0.0327198364008	26	274	3	0	26	0.5
0.084367443038	0.0306748466258	26	275	3	0	27	0.509433962264
0.0845448139645	0.0306748466258	26	276	3	0	27	0.509433962264
0.0847268324914	0.0306748466258	26	277	3	0	27	0.509433962264
0.0847271169328	0.0306748466258	26	278	3	0	27	0.509433962264
0.0849526214495	0.0306748466258	26	279	3	0	27	0.509433962264
0.0852544776669	0.0306748466258	26	280	3	0	27	0.509433962264
0.0853023224255	0.0306748466258	26	281	3	0	27	0.509433962264
