# time 	 divergence 	 # of mutations 	 # IGC chances 	 IGC length 	 # IGC failures 	 Changes due to IGC  	 % change due to IGC 
0.0	0.168615984405	0	0	0	0	0	0.0
3.19968928386e-05	0.169590643275	1	0	0	0	0	0.0
0.00244753534855	0.170565302144	2	0	0	0	0	0.0
0.00261969396517	0.171539961014	3	0	0	0	0	0.0
0.00754908259717	0.171539961014	4	0	0	0	0	0.0
0.0111501207085	0.172514619883	5	0	0	0	0	0.0
0.0116555311963	0.173489278752	6	0	0	0	0	0.0
0.0122401686436	0.174463937622	7	0	0	0	0	0.0
0.0124657567831	0.175438596491	8	0	0	0	0	0.0
0.013390030031	0.176413255361	9	0	0	0	0	0.0
0.0144047520544	0.17738791423	10	0	0	0	0	0.0
0.0151776076545	0.17738791423	11	0	0	0	0	0.0
0.0153416125321	0.178362573099	12	0	0	0	0	0.0
0.0158449798461	0.179337231969	13	0	0	0	0	0.0
0.0208623366253	0.180311890838	14	0	0	0	0	0.0
0.0222720669881	0.179337231969	15	0	0	0	0	0.0
0.0226135198173	0.180311890838	16	0	0	0	0	0.0
0.0234552560902	0.181286549708	17	0	0	0	0	0.0
0.0247999206547	0.182261208577	18	0	0	0	0	0.0
0.0281477117038	0.182261208577	19	0	0	0	0	0.0
0.0315104858544	0.182261208577	20	0	0	0	0	0.0
0.0319690029626	0.183235867446	21	0	0	0	0	0.0
0.0322404534817	0.184210526316	22	0	0	0	0	0.0
0.0328893469889	0.185185185185	23	0	0	0	0	0.0
0.033919263936	0.186159844055	24	0	0	0	0	0.0
0.034479539312	0.187134502924	25	0	0	0	0	0.0
0.0368677877937	0.188109161793	26	0	0	0	0	0.0
0.0368762273744	0.189083820663	27	0	0	0	0	0.0
0.0374955086172	0.190058479532	28	0	0	0	0	0.0
0.0408916392117	0.191033138402	29	0	0	0	0	0.0
0.0420465851782	0.192007797271	30	0	0	0	0	0.0
0.0422212459017	0.19298245614	31	0	0	0	0	0.0
0.0443810020714	0.19395711501	32	0	0	0	0	0.0
0.0464929098107	0.19298245614	33	0	0	0	0	0.0
0.0480600468664	0.19395711501	34	0	0	0	0	0.0
0.0493059213411	0.19395711501	35	0	0	0	0	0.0
0.0510444267837	0.194931773879	36	0	0	0	0	0.0
0.0512551590549	0.195906432749	37	0	0	0	0	0.0
0.0518059725316	0.196881091618	38	0	0	0	0	0.0
0.053579442214	0.195906432749	39	0	0	0	0	0.0
0.0544956436101	0.196881091618	40	0	0	0	0	0.0
0.0549464679629	0.197855750487	41	0	0	0	0	0.0
0.0562721276661	0.198830409357	42	0	0	0	0	0.0
0.0589389730006	0.198830409357	43	0	0	0	0	0.0
0.0591076654128	0.199805068226	44	0	0	0	0	0.0
0.0667179151719	0.200779727096	45	0	0	0	0	0.0
0.0674392256435	0.200779727096	46	0	0	0	0	0.0
0.0678032725356	0.201754385965	47	0	0	0	0	0.0
0.0684281282741	0.202729044834	48	0	0	0	0	0.0
0.0730402119057	0.203703703704	49	0	0	0	0	0.0
0.0743467774098	0.203703703704	50	0	0	0	0	0.0
0.0796976306341	0.202729044834	51	0	0	0	0	0.0
0.0802247605026	0.203703703704	52	0	0	0	0	0.0
0.0836520293272	0.202729044834	53	0	0	0	0	0.0
0.0836957033392	0.203703703704	54	0	0	0	0	0.0
0.0863563050802	0.204678362573	55	0	0	0	0	0.0
0.0864106114489	0.205653021442	56	0	0	0	0	0.0
0.0864442243338	0.206627680312	57	0	0	0	0	0.0
0.0899732231459	0.207602339181	58	0	0	0	0	0.0
0.0900997146995	0.206627680312	59	0	0	0	0	0.0
