# time 	 divergence 	 # of mutations 	 # IGC chances 	 IGC length 	 # IGC failures 	 Changes due to IGC  	 % change due to IGC 
0.0	0.0470085470085	0	0	0	0	0	0.0
0.000684233787953	0.0491452991453	1	0	0	0	0	0.0
0.00232126752696	0.0512820512821	2	0	0	0	0	0.0
0.00400084096849	0.0512820512821	2	1	3	0	0	0.0
0.00667866689421	0.0491452991453	2	2	6	0	1	0.333333333333
0.00735278261151	0.0470085470085	2	3	24	0	2	0.5
0.00748676959646	0.0470085470085	2	4	6	0	2	0.5
0.0105100699925	0.0491452991453	3	4	6	0	2	0.4
0.0110577377616	0.0491452991453	3	5	3	0	2	0.4
0.0119848152666	0.0491452991453	3	6	3	0	2	0.4
0.0130914500933	0.0491452991453	3	7	12	0	2	0.4
0.0152928949608	0.0448717948718	3	8	24	0	4	0.571428571429
0.0159891571045	0.0448717948718	3	9	9	0	4	0.571428571429
0.0186111674671	0.0470085470085	4	9	9	0	4	0.5
0.0220116134962	0.0470085470085	4	10	3	0	4	0.5
0.0230170029618	0.042735042735	4	11	27	0	6	0.6
0.0236868343917	0.0448717948718	5	11	27	0	6	0.545454545455
0.0238888285468	0.0470085470085	6	11	27	0	6	0.5
0.0243303281195	0.0470085470085	6	12	3	0	6	0.5
0.0251915959051	0.0470085470085	6	13	6	0	6	0.5
0.0283746243925	0.0470085470085	6	14	3	0	6	0.5
0.0288930751165	0.0470085470085	6	15	3	0	6	0.5
0.0297658636002	0.0470085470085	6	16	3	0	6	0.5
0.0352354313776	0.0470085470085	6	17	6	0	6	0.5
0.0363458741309	0.0470085470085	6	18	3	0	6	0.5
0.0364206720888	0.0470085470085	6	19	9	0	6	0.5
