# time 	 divergence 	 # of mutations 	 # IGC chances 	 IGC length 	 # IGC failures 	 Changes due to IGC  	 % change due to IGC 
0.0	0.420430107527	0	0	0	0	0	0.0
0.00193741078874	0.417204301075	0	1	3	0	3	1.0
0.00436622758349	0.418279569892	1	1	3	0	3	0.75
0.00466407743571	0.41935483871	2	1	3	0	3	0.6
0.00653763595534	0.41935483871	3	1	3	0	3	0.5
0.00802434287831	0.420430107527	4	1	3	0	3	0.428571428571
0.0110394014919	0.421505376344	5	1	3	0	3	0.375
0.0111593433836	0.420430107527	6	1	3	0	3	0.333333333333
0.013162273684	0.421505376344	7	1	3	0	3	0.3
0.0135321294257	0.422580645161	8	1	3	0	3	0.272727272727
0.014406061653	0.423655913978	9	1	3	0	3	0.25
0.0147441996205	0.424731182796	10	1	3	0	3	0.230769230769
0.0151165982575	0.425806451613	11	1	3	0	3	0.214285714286
0.015918423193	0.425806451613	12	1	3	0	3	0.2
0.017495946364	0.42688172043	13	1	3	0	3	0.1875
0.0192854172474	0.427956989247	14	1	3	0	3	0.176470588235
0.0193708147421	0.429032258065	15	1	3	0	3	0.166666666667
0.0211752090836	0.427956989247	15	2	3	0	4	0.210526315789
0.0233760227947	0.425806451613	15	3	3	0	6	0.285714285714
0.0235674298899	0.42688172043	16	3	3	0	6	0.272727272727
0.0239697756459	0.424731182796	16	4	3	0	8	0.333333333333
0.0242916663031	0.423655913978	17	4	3	0	8	0.32
0.0248715871096	0.422580645161	18	4	3	0	8	0.307692307692
0.0255446289861	0.423655913978	19	4	3	0	8	0.296296296296
0.0259053314666	0.423655913978	20	4	3	0	8	0.285714285714
0.028777332491	0.421505376344	20	5	3	0	10	0.333333333333
0.0294448634141	0.421505376344	21	5	3	0	10	0.322580645161
0.0302883035833	0.421505376344	22	5	3	0	10	0.3125
0.03041783312	0.422580645161	23	5	3	0	10	0.30303030303
0.0312662219203	0.422580645161	24	5	3	0	10	0.294117647059
0.0364446409361	0.423655913978	25	5	3	0	10	0.285714285714
0.0413350006962	0.423655913978	25	6	3	0	10	0.285714285714
0.0414934509277	0.421505376344	25	7	3	0	12	0.324324324324
0.0441760162655	0.422580645161	26	7	3	0	12	0.315789473684
0.0444270261727	0.422580645161	27	7	3	0	12	0.307692307692
0.044691196193	0.422580645161	28	7	3	0	12	0.3
0.0455867429087	0.422580645161	29	7	3	0	12	0.292682926829
0.0477704909532	0.422580645161	30	7	3	0	12	0.285714285714
0.0480037438361	0.423655913978	31	7	3	0	12	0.279069767442
0.0512064635993	0.424731182796	32	7	3	0	12	0.272727272727
0.0515851841603	0.425806451613	33	7	3	0	12	0.266666666667
0.0518934823977	0.42688172043	34	7	3	0	12	0.260869565217
0.0522053281113	0.427956989247	35	7	3	0	12	0.255319148936
0.053065119849	0.425806451613	35	8	3	0	14	0.285714285714
0.0537702169735	0.42688172043	36	8	3	0	14	0.28
0.0567267949934	0.427956989247	37	8	3	0	14	0.274509803922
0.0583504278948	0.429032258065	38	8	3	0	14	0.269230769231
0.0609771045843	0.427956989247	39	8	3	0	14	0.264150943396
0.0625546262736	0.429032258065	40	8	3	0	14	0.259259259259
0.0666445192658	0.430107526882	41	8	3	0	14	0.254545454545
0.0674913598311	0.430107526882	42	8	3	0	14	0.25
0.0684034015588	0.431182795699	43	8	3	0	14	0.245614035088
0.0696423610627	0.431182795699	44	8	3	0	14	0.241379310345
0.0704011568432	0.432258064516	45	8	3	0	14	0.237288135593
0.0705072574341	0.430107526882	45	9	3	0	16	0.262295081967
0.0722834479826	0.431182795699	46	9	3	0	16	0.258064516129
0.0731754148902	0.430107526882	46	10	3	0	17	0.269841269841
0.0745994063658	0.431182795699	47	10	3	0	17	0.265625
0.0746897695995	0.432258064516	48	10	3	0	17	0.261538461538
0.0748177508888	0.430107526882	48	11	3	0	19	0.283582089552
0.0750954028998	0.431182795699	49	11	3	0	19	0.279411764706
0.0751704965599	0.432258064516	50	11	3	0	19	0.275362318841
0.0765013856698	0.433333333333	51	11	3	0	19	0.271428571429
0.0769163748901	0.433333333333	52	11	3	0	19	0.267605633803
0.078601809225	0.434408602151	53	11	3	0	19	0.263888888889
0.079285822714	0.433333333333	54	11	3	0	19	0.260273972603
0.080182434965	0.430107526882	54	12	3	0	22	0.289473684211
0.0804259546218	0.431182795699	55	12	3	0	22	0.285714285714
0.0809829616526	0.432258064516	56	12	3	0	22	0.282051282051
0.0833444790436	0.432258064516	57	12	3	0	22	0.278481012658
0.087435297643	0.431182795699	58	12	3	0	22	0.275
0.0877134424852	0.432258064516	59	12	3	0	22	0.271604938272
0.0886553169717	0.432258064516	60	12	3	0	22	0.268292682927
0.0890302311754	0.433333333333	61	12	3	0	22	0.265060240964
0.0908557888032	0.433333333333	62	12	3	0	22	0.261904761905
0.0917998046194	0.434408602151	63	12	3	0	22	0.258823529412
0.0918830781856	0.435483870968	64	12	3	0	22	0.255813953488
0.0922354043852	0.435483870968	65	12	3	0	22	0.252873563218
0.093275339838	0.436559139785	66	12	3	0	22	0.25
0.0933706336247	0.437634408602	67	12	3	0	22	0.247191011236
0.0944886987684	0.436559139785	68	12	3	0	22	0.244444444444
0.0950975314345	0.436559139785	69	12	3	0	22	0.241758241758
0.0964591209815	0.433333333333	69	13	3	0	25	0.265957446809
0.0966055369087	0.434408602151	70	13	3	0	25	0.263157894737
0.106415471264	0.433333333333	70	14	3	0	26	0.270833333333
0.106424145972	0.434408602151	71	14	3	0	26	0.268041237113
0.106457504759	0.435483870968	72	14	3	0	26	0.265306122449
0.107555737423	0.436559139785	73	14	3	0	26	0.262626262626
0.107906802635	0.437634408602	74	14	3	0	26	0.26
0.108138702311	0.437634408602	75	14	3	0	26	0.257425742574
0.108392806132	0.434408602151	75	15	3	0	29	0.278846153846
0.10863234658	0.434408602151	76	15	3	0	29	0.27619047619
0.109248470123	0.433333333333	77	15	3	0	29	0.27358490566
0.111766065694	0.434408602151	78	15	3	0	29	0.271028037383
0.116798463841	0.435483870968	79	15	3	0	29	0.268518518519
0.118828985876	0.435483870968	80	15	3	0	29	0.266055045872
0.120104688634	0.436559139785	81	15	3	0	29	0.263636363636
0.120459824158	0.437634408602	82	15	3	0	29	0.261261261261
0.121747927012	0.436559139785	83	15	3	0	29	0.258928571429
0.122798838423	0.437634408602	84	15	3	0	29	0.256637168142
0.122958680215	0.437634408602	85	15	3	0	29	0.254385964912
0.125388210736	0.437634408602	86	15	3	0	29	0.252173913043
0.125443728631	0.438709677419	87	15	3	0	29	0.25
0.127484312383	0.439784946237	88	15	3	0	29	0.247863247863
0.128146958409	0.436559139785	88	16	3	0	32	0.266666666667
0.130483776409	0.436559139785	89	16	3	0	32	0.264462809917
0.132543876267	0.436559139785	90	16	3	0	32	0.262295081967
0.133403912676	0.436559139785	91	16	3	0	32	0.260162601626
0.133447241431	0.437634408602	92	16	3	0	32	0.258064516129
0.133844452758	0.437634408602	93	16	3	0	32	0.256
0.13665409283	0.437634408602	94	16	3	0	32	0.253968253968
0.138231057762	0.437634408602	95	16	3	0	32	0.251968503937
0.139841942061	0.437634408602	96	16	3	0	32	0.25
0.139886643025	0.438709677419	97	16	3	0	32	0.248062015504
0.141120594888	0.439784946237	98	16	3	0	32	0.246153846154
