# time 	 divergence 	 # of mutations 	 # IGC chances 	 IGC length 	 # IGC failures 	 Changes due to IGC  	 % change due to IGC 
0.0	0.0143149284254	0	0	0	0	0	0.0
0.000246054487905	0.0163599182004	1	0	0	0	0	0.0
0.00145190341324	0.0184049079755	2	0	0	0	0	0.0
0.0125449560658	0.0204498977505	3	0	0	0	0	0.0
0.0157281111674	0.0224948875256	4	0	0	0	0	0.0
0.0252770062104	0.0245398773006	5	0	0	0	0	0.0
0.0258468009895	0.0265848670757	6	0	0	0	0	0.0
0.0297410429325	0.0286298568507	7	0	0	0	0	0.0
0.0347910230372	0.0306748466258	8	0	0	0	0	0.0
0.0386857182305	0.0327198364008	9	0	0	0	0	0.0
0.0431599377333	0.0347648261759	10	0	0	0	0	0.0
0.0491296560821	0.0327198364008	11	0	0	0	0	0.0
0.0512513885162	0.0347648261759	12	0	0	0	0	0.0
0.0525595178847	0.0368098159509	13	0	0	0	0	0.0
0.0557634984339	0.038854805726	14	0	0	0	0	0.0
0.0564808028263	0.040899795501	15	0	0	0	0	0.0
0.0578005330869	0.0429447852761	16	0	0	0	0	0.0
0.0584358824426	0.0449897750511	17	0	0	0	0	0.0
0.0623987310032	0.0470347648262	18	0	0	0	0	0.0
0.0631871062058	0.0490797546012	19	0	0	0	0	0.0
0.0657420899356	0.0511247443763	20	0	0	0	0	0.0
0.0734905562161	0.0531697341513	21	0	0	0	0	0.0
0.0836046806476	0.0552147239264	22	0	0	0	0	0.0
0.0851168740443	0.0572597137014	23	0	0	0	0	0.0
0.0870388849563	0.0593047034765	24	0	0	0	0	0.0
0.0972935227401	0.0613496932515	25	0	0	0	0	0.0
0.0979207012172	0.0633946830266	26	0	0	0	0	0.0
0.0983000297092	0.0613496932515	27	0	0	0	0	0.0
0.0983492907273	0.0633946830266	28	0	0	0	0	0.0
0.0993156139313	0.0654396728016	29	0	0	0	0	0.0
0.100910963469	0.0674846625767	30	0	0	0	0	0.0
0.101330842411	0.0695296523517	31	0	0	0	0	0.0
0.106997183041	0.0715746421268	32	0	0	0	0	0.0
0.108497147177	0.0736196319018	33	0	0	0	0	0.0
0.115568636331	0.0756646216769	34	0	0	0	0	0.0
0.118074974127	0.0777096114519	35	0	0	0	0	0.0
0.119789223745	0.079754601227	36	0	0	0	0	0.0
0.123236981594	0.081799591002	37	0	0	0	0	0.0
0.125204596846	0.0838445807771	38	0	0	0	0	0.0
0.125754856892	0.081799591002	39	0	0	0	0	0.0
0.130122557717	0.0838445807771	40	0	0	0	0	0.0
0.131547311972	0.0858895705521	41	0	0	0	0	0.0
0.132749967551	0.0879345603272	42	0	0	0	0	0.0
0.134215686124	0.0899795501022	43	0	0	0	0	0.0
0.136195891968	0.0899795501022	44	0	0	0	0	0.0
0.137949373838	0.0879345603272	45	0	0	0	0	0.0
0.139903628373	0.0899795501022	46	0	0	0	0	0.0
0.141775991321	0.0920245398773	47	0	0	0	0	0.0
0.146726188745	0.0940695296524	48	0	0	0	0	0.0
0.149141104164	0.0920245398773	49	0	0	0	0	0.0
0.14953230372	0.0940695296524	50	0	0	0	0	0.0
0.150915643869	0.0961145194274	51	0	0	0	0	0.0
0.151656434434	0.0981595092025	52	0	0	0	0	0.0
0.154798930633	0.100204498978	53	0	0	0	0	0.0
0.159068548113	0.102249488753	54	0	0	0	0	0.0
0.159619717207	0.104294478528	55	0	0	0	0	0.0
0.166867816374	0.106339468303	56	0	0	0	0	0.0
0.167984066118	0.108384458078	57	0	0	0	0	0.0
0.169206542278	0.110429447853	58	0	0	0	0	0.0
0.171513232861	0.112474437628	59	0	0	0	0	0.0
0.172043499066	0.112474437628	60	0	0	0	0	0.0
0.177693821306	0.114519427403	61	0	0	0	0	0.0
0.190469469713	0.112474437628	62	0	0	0	0	0.0
0.192753120183	0.114519427403	63	0	0	0	0	0.0
0.197349875531	0.116564417178	64	0	0	0	0	0.0
0.197912872264	0.118609406953	65	0	0	0	0	0.0
0.19974060566	0.120654396728	66	0	0	0	0	0.0
0.204404121511	0.122699386503	67	0	0	0	0	0.0
0.207775197564	0.124744376278	68	0	0	0	0	0.0
0.212059273426	0.126789366053	69	0	0	0	0	0.0
