# time 	 divergence 	 # of mutations 	 # IGC chances 	 IGC length 	 # IGC failures 	 Changes due to IGC  	 % change due to IGC 
0.0	0.211827956989	0	0	0	0	0	0.0
0.000106956578305	0.211827956989	0	1	3	0	0	0.0
0.000527202650713	0.212903225806	1	1	3	0	0	0.0
0.00083273703335	0.213978494624	2	1	3	0	0	0.0
0.00152703485171	0.215053763441	3	1	3	0	0	0.0
0.00534052680855	0.216129032258	4	1	3	0	0	0.0
0.00563880774264	0.215053763441	4	2	3	0	1	0.2
0.00602277465719	0.216129032258	5	2	3	0	1	0.166666666667
0.00680150753174	0.216129032258	5	3	3	0	1	0.166666666667
0.00704479334214	0.217204301075	6	3	3	0	1	0.142857142857
0.00717154677426	0.218279569892	7	3	3	0	1	0.125
0.00745519512199	0.218279569892	7	4	3	0	1	0.125
0.00845721764319	0.21935483871	8	4	3	0	1	0.111111111111
0.00851050026901	0.21935483871	8	5	3	0	1	0.111111111111
0.0103085470354	0.218279569892	8	6	3	0	2	0.2
0.011390581034	0.21935483871	9	6	3	0	2	0.181818181818
0.0120934564534	0.220430107527	10	6	3	0	2	0.166666666667
0.0136478931939	0.220430107527	10	7	3	0	2	0.166666666667
0.013832390751	0.218279569892	10	8	3	0	4	0.285714285714
0.0151371562507	0.217204301075	11	8	3	0	4	0.266666666667
0.0173701761579	0.218279569892	12	8	3	0	4	0.25
0.0174736514734	0.215053763441	12	9	3	0	7	0.368421052632
0.0191534865067	0.215053763441	12	10	3	0	7	0.368421052632
0.0203619143068	0.216129032258	13	10	3	0	7	0.35
0.0220916969445	0.217204301075	14	10	3	0	7	0.333333333333
0.0221145655968	0.218279569892	15	10	3	0	7	0.318181818182
0.0225158508434	0.21935483871	16	10	3	0	7	0.304347826087
0.0233231676981	0.217204301075	16	11	3	0	9	0.36
0.0233768538645	0.217204301075	16	12	3	0	9	0.36
0.0243859882269	0.217204301075	16	13	3	0	9	0.36
0.0256458913552	0.218279569892	17	13	3	0	9	0.346153846154
0.0284240252178	0.21935483871	18	13	3	0	9	0.333333333333
0.0290095408231	0.220430107527	19	13	3	0	9	0.321428571429
0.0290507679407	0.221505376344	20	13	3	0	9	0.310344827586
0.0299756817584	0.222580645161	21	13	3	0	9	0.3
0.0308127664048	0.223655913978	22	13	3	0	9	0.290322580645
0.0318400088733	0.224731182796	23	13	3	0	9	0.28125
0.0322565680676	0.225806451613	24	13	3	0	9	0.272727272727
0.0327875317356	0.22688172043	25	13	3	0	9	0.264705882353
0.0348947742182	0.225806451613	25	14	3	0	10	0.285714285714
0.0357350478821	0.225806451613	26	14	3	0	10	0.277777777778
0.0374566270448	0.224731182796	26	15	3	0	11	0.297297297297
0.0385969485054	0.224731182796	26	16	3	0	11	0.297297297297
0.0391884836528	0.225806451613	27	16	3	0	11	0.289473684211
0.0399149138162	0.22688172043	28	16	3	0	11	0.282051282051
0.0415911139142	0.227956989247	29	16	3	0	11	0.275
0.0417965986965	0.227956989247	30	16	3	0	11	0.268292682927
0.0427596559347	0.229032258065	31	16	3	0	11	0.261904761905
0.043038069702	0.229032258065	31	17	3	0	11	0.261904761905
0.0450390221208	0.230107526882	32	17	3	0	11	0.255813953488
0.0460365268172	0.231182795699	33	17	3	0	11	0.25
0.0460788680926	0.232258064516	34	17	3	0	11	0.244444444444
0.0469153574404	0.230107526882	34	18	3	0	13	0.276595744681
0.04751004548	0.230107526882	34	19	3	0	13	0.276595744681
0.0481165510284	0.231182795699	35	19	3	0	13	0.270833333333
0.0493881698155	0.230107526882	35	20	3	0	14	0.285714285714
0.0494145038576	0.231182795699	36	20	3	0	14	0.28
0.0494829772398	0.232258064516	37	20	3	0	14	0.274509803922
0.0499915541234	0.232258064516	37	21	3	0	14	0.274509803922
0.0506039340083	0.233333333333	38	21	3	0	14	0.269230769231
0.0515123760425	0.234408602151	39	21	3	0	14	0.264150943396
0.0521621074707	0.234408602151	39	22	3	0	14	0.264150943396
0.0525750141727	0.232258064516	39	23	3	0	16	0.290909090909
0.0526530629059	0.230107526882	39	24	3	0	18	0.315789473684
0.0536148170106	0.231182795699	40	24	3	0	18	0.310344827586
0.0543064564027	0.232258064516	41	24	3	0	18	0.305084745763
0.0560756557248	0.231182795699	41	25	3	0	19	0.316666666667
0.0561401375477	0.231182795699	41	26	3	0	19	0.316666666667
0.0561726658395	0.232258064516	42	26	3	0	19	0.311475409836
0.0564936313412	0.231182795699	43	26	3	0	19	0.306451612903
0.0573174880055	0.231182795699	43	27	3	0	19	0.306451612903
0.0578547074838	0.231182795699	43	28	3	0	19	0.306451612903
0.0586603934134	0.232258064516	44	28	3	0	19	0.301587301587
0.0588246771077	0.232258064516	44	29	3	0	19	0.301587301587
0.059462945107	0.233333333333	45	29	3	0	19	0.296875
0.0597383772511	0.234408602151	46	29	3	0	19	0.292307692308
0.0600335629577	0.234408602151	46	30	3	0	19	0.292307692308
0.0609578557479	0.233333333333	46	31	3	0	20	0.30303030303
0.0614298411547	0.234408602151	47	31	3	0	20	0.298507462687
0.0635606514255	0.233333333333	47	32	3	0	21	0.308823529412
0.0644408525537	0.230107526882	47	33	3	0	24	0.338028169014
0.0653522670479	0.231182795699	48	33	3	0	24	0.333333333333
0.0659544312285	0.232258064516	49	33	3	0	24	0.328767123288
0.0660523788058	0.231182795699	49	34	3	0	25	0.337837837838
0.0662611761494	0.231182795699	50	34	3	0	25	0.333333333333
0.067295178462	0.232258064516	51	34	3	0	25	0.328947368421
0.0677169427273	0.233333333333	52	34	3	0	25	0.324675324675
0.0677803974668	0.234408602151	53	34	3	0	25	0.320512820513
0.0681362375585	0.232258064516	53	35	3	0	27	0.3375
0.0690598594074	0.232258064516	53	36	3	0	27	0.3375
0.0697916701373	0.232258064516	53	37	3	0	27	0.3375
0.0709200052766	0.230107526882	53	38	3	0	29	0.353658536585
0.0729254990506	0.227956989247	53	39	3	0	31	0.369047619048
0.0744166228575	0.227956989247	53	40	3	0	31	0.369047619048
0.0746170092049	0.229032258065	54	40	3	0	31	0.364705882353
0.0760212759465	0.229032258065	54	41	3	0	31	0.364705882353
0.0764698778951	0.229032258065	55	41	3	0	31	0.360465116279
0.0768266898594	0.229032258065	55	42	3	0	31	0.360465116279
0.0773731164757	0.229032258065	55	43	3	0	31	0.360465116279
0.0787298292452	0.229032258065	55	44	3	0	31	0.360465116279
0.0790123451537	0.227956989247	56	44	3	0	31	0.35632183908
0.0793310345937	0.22688172043	57	44	3	0	31	0.352272727273
0.0794949667872	0.227956989247	58	44	3	0	31	0.348314606742
0.0798063452945	0.229032258065	59	44	3	0	31	0.344444444444
0.080239513148	0.229032258065	59	45	3	0	31	0.344444444444
0.0808302344234	0.227956989247	59	46	3	0	32	0.351648351648
0.0810704323754	0.22688172043	60	46	3	0	32	0.347826086957
0.0848958597789	0.227956989247	61	46	3	0	32	0.344086021505
