# time 	 divergence 	 # of mutations 	 # IGC chances 	 IGC length 	 # IGC failures 	 Changes due to IGC  	 % change due to IGC 
0.0	0.188172043011	0	0	0	0	0	0.0
4.38384065367e-05	0.189247311828	1	0	0	0	0	0.0
0.00110675903603	0.190322580645	2	0	0	0	0	0.0
0.00321547326844	0.191397849462	3	0	0	0	0	0.0
0.00414840832074	0.19247311828	4	0	0	0	0	0.0
0.00462032726713	0.193548387097	5	0	0	0	0	0.0
0.00562031921743	0.194623655914	6	0	0	0	0	0.0
0.00766088915615	0.195698924731	7	0	0	0	0	0.0
0.00953515746488	0.196774193548	8	0	0	0	0	0.0
0.0112066704041	0.197849462366	9	0	0	0	0	0.0
0.0132829769202	0.198924731183	10	0	0	0	0	0.0
0.0149974730134	0.2	11	0	0	0	0	0.0
0.0159639065084	0.201075268817	12	0	0	0	0	0.0
0.0181707588298	0.202150537634	13	0	0	0	0	0.0
0.0183591267282	0.203225806452	14	0	0	0	0	0.0
0.01962106289	0.202150537634	15	0	0	0	0	0.0
0.0200226053397	0.202150537634	16	0	0	0	0	0.0
0.0202650192826	0.203225806452	17	0	0	0	0	0.0
0.0210586988006	0.203225806452	18	0	0	0	0	0.0
0.0234990542781	0.204301075269	19	0	0	0	0	0.0
0.0238985756318	0.201075268817	19	1	24	0	3	0.136363636364
0.0246042448408	0.202150537634	20	1	24	0	3	0.130434782609
0.0250257043194	0.203225806452	21	1	24	0	3	0.125
0.0257452163183	0.202150537634	22	1	24	0	3	0.12
0.0261238286164	0.202150537634	22	2	3	0	3	0.12
0.0288816331318	0.202150537634	23	2	3	0	3	0.115384615385
0.0323658715668	0.202150537634	24	2	3	0	3	0.111111111111
0.0347336926336	0.203225806452	25	2	3	0	3	0.107142857143
0.036356079856	0.204301075269	26	2	3	0	3	0.103448275862
0.0364660459383	0.204301075269	27	2	3	0	3	0.1
0.0368511268376	0.205376344086	28	2	3	0	3	0.0967741935484
0.0375524053234	0.206451612903	29	2	3	0	3	0.09375
0.0403510951219	0.206451612903	30	2	3	0	3	0.0909090909091
0.042321264054	0.20752688172	31	2	3	0	3	0.0882352941176
0.0425966977782	0.20752688172	32	2	3	0	3	0.0857142857143
0.0457866753209	0.20752688172	33	2	3	0	3	0.0833333333333
0.0475698719192	0.206451612903	34	2	3	0	3	0.0810810810811
0.0507210650803	0.20752688172	35	2	3	0	3	0.0789473684211
0.0553818439535	0.20752688172	36	2	3	0	3	0.0769230769231
0.0570503052329	0.208602150538	37	2	3	0	3	0.075
0.057058613771	0.209677419355	38	2	3	0	3	0.0731707317073
0.0578748072307	0.210752688172	39	2	3	0	3	0.0714285714286
0.0610439182782	0.209677419355	40	2	3	0	3	0.0697674418605
0.0638747342003	0.175268817204	40	3	108	0	35	0.466666666667
0.0658429748553	0.176344086022	41	3	108	0	35	0.460526315789
0.0660367300759	0.176344086022	42	3	108	0	35	0.454545454545
0.068853713562	0.177419354839	43	3	108	0	35	0.448717948718
0.0705318076774	0.177419354839	44	3	108	0	35	0.443037974684
0.0709082245387	0.178494623656	45	3	108	0	35	0.4375
0.0730210706988	0.177419354839	46	3	108	0	35	0.432098765432
0.077901559087	0.178494623656	47	3	108	0	35	0.426829268293
0.0794497216065	0.179569892473	48	3	108	0	35	0.421686746988
0.0796801446944	0.18064516129	49	3	108	0	35	0.416666666667
