# time 	 divergence 	 # of mutations 	 # IGC chances 	 IGC length 	 # IGC failures 	 Changes due to IGC  	 % change due to IGC 
0.0	0.529239766082	0	0	0	0	0	0.0
0.00210917758145	0.530214424951	1	0	0	0	0	0.0
0.00375372407252	0.530214424951	2	0	0	0	0	0.0
0.00540963954747	0.531189083821	3	0	0	0	0	0.0
0.00551777117668	0.531189083821	4	0	0	0	0	0.0
0.00832148115754	0.531189083821	5	0	0	0	0	0.0
0.0100195401992	0.530214424951	6	0	0	0	0	0.0
0.0102681028773	0.530214424951	7	0	0	0	0	0.0
0.0118517123082	0.531189083821	8	0	0	0	0	0.0
0.0152414353111	0.53216374269	9	0	0	0	0	0.0
0.0174946620726	0.531189083821	10	0	0	0	0	0.0
0.0180909617535	0.53216374269	11	0	0	0	0	0.0
0.0200983825241	0.533138401559	12	0	0	0	0	0.0
0.0237651305271	0.534113060429	13	0	0	0	0	0.0
0.0239758353741	0.534113060429	14	0	0	0	0	0.0
0.0254003082034	0.535087719298	15	0	0	0	0	0.0
0.0257495418728	0.536062378168	16	0	0	0	0	0.0
0.0316569936485	0.535087719298	17	0	0	0	0	0.0
0.0321518970601	0.536062378168	18	0	0	0	0	0.0
0.0368579577815	0.537037037037	19	0	0	0	0	0.0
0.0374689797014	0.536062378168	20	0	0	0	0	0.0
0.038136766313	0.537037037037	21	0	0	0	0	0.0
0.0382921316733	0.538011695906	22	0	0	0	0	0.0
0.039607598089	0.538011695906	23	0	0	0	0	0.0
0.0409683199963	0.538986354776	24	0	0	0	0	0.0
0.0418497685006	0.539961013645	25	0	0	0	0	0.0
0.041955823077	0.539961013645	26	0	0	0	0	0.0
0.0421420060635	0.538986354776	27	0	0	0	0	0.0
0.0429845455616	0.539961013645	28	0	0	0	0	0.0
0.0433419619769	0.540935672515	29	0	0	0	0	0.0
0.0453972021115	0.541910331384	30	0	0	0	0	0.0
0.0457251741433	0.542884990253	31	0	0	0	0	0.0
0.0473590358137	0.541910331384	32	0	0	0	0	0.0
0.0474372623005	0.542884990253	33	0	0	0	0	0.0
0.0493029470545	0.543859649123	34	0	0	0	0	0.0
0.0497244315274	0.544834307992	35	0	0	0	0	0.0
0.0506022401071	0.536062378168	35	1	12	0	9	0.204545454545
0.0508302234273	0.537037037037	36	1	12	0	9	0.2
0.0519555915341	0.537037037037	37	1	12	0	9	0.195652173913
0.0540472567462	0.537037037037	38	1	12	0	9	0.191489361702
0.0545407055276	0.538011695906	39	1	12	0	9	0.1875
0.0563616979344	0.538011695906	40	1	12	0	9	0.183673469388
0.0619381377273	0.538011695906	41	1	12	0	9	0.18
0.0658982695637	0.538011695906	42	1	12	0	9	0.176470588235
0.069956762706	0.537037037037	43	1	12	0	9	0.173076923077
0.0702419368726	0.537037037037	44	1	12	0	9	0.169811320755
0.0714129954565	0.538011695906	45	1	12	0	9	0.166666666667
0.0719286167206	0.538986354776	46	1	12	0	9	0.163636363636
0.073086045128	0.538986354776	47	1	12	0	9	0.160714285714
0.0732875492616	0.538986354776	48	1	12	0	9	0.157894736842
0.0738952863755	0.539961013645	49	1	12	0	9	0.155172413793
0.0774393274598	0.540935672515	50	1	12	0	9	0.152542372881
0.0824304344643	0.541910331384	51	1	12	0	9	0.15
0.0825652114275	0.541910331384	52	1	12	0	9	0.147540983607
0.0847389690237	0.541910331384	53	1	12	0	9	0.145161290323
0.0860522446515	0.542884990253	54	1	12	0	9	0.142857142857
0.08856233035	0.543859649123	55	1	12	0	9	0.140625
0.0945223935749	0.543859649123	56	1	12	0	9	0.138461538462
0.0973034988495	0.544834307992	57	1	12	0	9	0.136363636364
0.0976449330146	0.545808966862	58	1	12	0	9	0.134328358209
0.100873837984	0.545808966862	59	1	12	0	9	0.132352941176
0.101658739061	0.544834307992	60	1	12	0	9	0.130434782609
0.102847271068	0.545808966862	61	1	12	0	9	0.128571428571
0.104434095598	0.546783625731	62	1	12	0	9	0.12676056338
0.105687529382	0.5477582846	63	1	12	0	9	0.125
0.105727496357	0.54873294347	64	1	12	0	9	0.123287671233
0.10587841922	0.549707602339	65	1	12	0	9	0.121621621622
0.10778706106	0.549707602339	66	1	12	0	9	0.12
0.108567878213	0.549707602339	67	1	12	0	9	0.118421052632
0.108990724064	0.550682261209	68	1	12	0	9	0.116883116883
0.109167294063	0.550682261209	69	1	12	0	9	0.115384615385
0.110693914052	0.549707602339	70	1	12	0	9	0.113924050633
0.113519859865	0.549707602339	71	1	12	0	9	0.1125
0.117109089057	0.54873294347	72	1	12	0	9	0.111111111111
0.11747237181	0.54873294347	73	1	12	0	9	0.109756097561
0.118239499964	0.549707602339	74	1	12	0	9	0.10843373494
0.118856340481	0.550682261209	75	1	12	0	9	0.107142857143
0.119619702542	0.550682261209	76	1	12	0	9	0.105882352941
0.11979649583	0.550682261209	77	1	12	0	9	0.104651162791
0.120997932638	0.551656920078	78	1	12	0	9	0.103448275862
0.121115464513	0.551656920078	79	1	12	0	9	0.102272727273
0.123209752307	0.552631578947	80	1	12	0	9	0.101123595506
0.127633081488	0.553606237817	81	1	12	0	9	0.1
0.128910297818	0.553606237817	82	1	12	0	9	0.0989010989011
0.129032384643	0.553606237817	83	1	12	0	9	0.0978260869565
0.129115891194	0.553606237817	84	1	12	0	9	0.0967741935484
0.129448131509	0.553606237817	85	1	12	0	9	0.0957446808511
0.132403512716	0.553606237817	86	1	12	0	9	0.0947368421053
0.13246691904	0.554580896686	87	1	12	0	9	0.09375
0.13308368277	0.554580896686	88	1	12	0	9	0.0927835051546
0.133464826174	0.555555555556	89	1	12	0	9	0.0918367346939
0.133646303406	0.556530214425	90	1	12	0	9	0.0909090909091
0.135825044752	0.557504873294	91	1	12	0	9	0.09
0.136339280846	0.558479532164	92	1	12	0	9	0.0891089108911
0.137404963049	0.557504873294	93	1	12	0	9	0.0882352941176
0.142484953033	0.558479532164	94	1	12	0	9	0.0873786407767
0.144004345895	0.558479532164	95	1	12	0	9	0.0865384615385
0.144399110912	0.559454191033	96	1	12	0	9	0.0857142857143
0.14448027482	0.559454191033	97	1	12	0	9	0.0849056603774
0.144792761374	0.559454191033	98	1	12	0	9	0.0841121495327
0.147073492439	0.559454191033	99	1	12	0	9	0.0833333333333
0.147474212289	0.558479532164	100	1	12	0	9	0.0825688073394
0.148887979594	0.559454191033	101	1	12	0	9	0.0818181818182
0.149904352592	0.560428849903	102	1	12	0	9	0.0810810810811
0.150700987513	0.559454191033	103	1	12	0	9	0.0803571428571
0.150783429938	0.559454191033	104	1	12	0	9	0.0796460176991
0.151184435683	0.560428849903	105	1	12	0	9	0.0789473684211
0.154595535824	0.561403508772	106	1	12	0	9	0.0782608695652
0.157396125172	0.561403508772	107	1	12	0	9	0.0775862068966
0.157454115389	0.562378167641	108	1	12	0	9	0.0769230769231
0.158028797828	0.563352826511	109	1	12	0	9	0.0762711864407
0.158534749383	0.56432748538	110	1	12	0	9	0.0756302521008
0.162207561979	0.56530214425	111	1	12	0	9	0.075
0.162786699096	0.566276803119	112	1	12	0	9	0.0743801652893
0.163777525649	0.567251461988	113	1	12	0	9	0.0737704918033
0.166183996643	0.567251461988	114	1	12	0	9	0.0731707317073
0.167254701261	0.568226120858	115	1	12	0	9	0.0725806451613
0.168913222597	0.569200779727	116	1	12	0	9	0.072
0.168989501133	0.568226120858	117	1	12	0	9	0.0714285714286
0.169774413548	0.567251461988	118	1	12	0	9	0.0708661417323
0.169936789055	0.568226120858	119	1	12	0	9	0.0703125
0.170185817623	0.568226120858	120	1	12	0	9	0.0697674418605
0.171761994549	0.568226120858	121	1	12	0	9	0.0692307692308
0.175069496777	0.567251461988	122	1	12	0	9	0.0687022900763
0.175552234441	0.566276803119	123	1	12	0	9	0.0681818181818
0.175593064788	0.566276803119	124	1	12	0	9	0.0676691729323
0.175999397978	0.567251461988	125	1	12	0	9	0.0671641791045
0.177134586201	0.568226120858	126	1	12	0	9	0.0666666666667
0.18054252161	0.567251461988	127	1	12	0	9	0.0661764705882
0.181870625196	0.566276803119	128	1	12	0	9	0.0656934306569
0.183906604673	0.56530214425	129	1	12	0	9	0.0652173913043
0.186332666213	0.566276803119	130	1	12	0	9	0.0647482014388
0.187162666991	0.567251461988	131	1	12	0	9	0.0642857142857
0.188308890973	0.568226120858	132	1	12	0	9	0.063829787234
0.18872016177	0.569200779727	133	1	12	0	9	0.0633802816901
0.191186904514	0.568226120858	134	1	12	0	9	0.0629370629371
0.191519027394	0.569200779727	135	1	12	0	9	0.0625
0.193142742322	0.569200779727	136	1	12	0	9	0.0620689655172
0.195738066056	0.570175438596	137	1	12	0	9	0.0616438356164
0.197120094314	0.570175438596	138	1	12	0	9	0.0612244897959
0.197948952262	0.571150097466	139	1	12	0	9	0.0608108108108
0.199096227945	0.570175438596	140	1	12	0	9	0.0604026845638
0.200952657124	0.571150097466	141	1	12	0	9	0.06
0.20407024043	0.571150097466	142	1	12	0	9	0.0596026490066
0.205204581804	0.571150097466	143	1	12	0	9	0.0592105263158
0.205960380586	0.572124756335	144	1	12	0	9	0.0588235294118
0.207011225233	0.573099415205	145	1	12	0	9	0.0584415584416
0.209593003371	0.574074074074	146	1	12	0	9	0.058064516129
0.209633758011	0.575048732943	147	1	12	0	9	0.0576923076923
0.211809025521	0.576023391813	148	1	12	0	9	0.0573248407643
0.211851947636	0.576998050682	149	1	12	0	9	0.0569620253165
0.213544803431	0.576998050682	150	1	12	0	9	0.0566037735849
0.215166161983	0.576023391813	151	1	12	0	9	0.05625
0.215679550434	0.576998050682	152	1	12	0	9	0.055900621118
0.2162168143	0.576998050682	153	1	12	0	9	0.0555555555556
0.217920908412	0.576998050682	154	1	12	0	9	0.0552147239264
0.218447973544	0.576998050682	155	1	12	0	9	0.0548780487805
0.220365120729	0.577972709552	156	1	12	0	9	0.0545454545455
0.228949447784	0.577972709552	157	1	12	0	9	0.0542168674699
0.229583594771	0.578947368421	158	1	12	0	9	0.0538922155689
0.229787943073	0.57992202729	159	1	12	0	9	0.0535714285714
0.233041618129	0.58089668616	160	1	12	0	9	0.0532544378698
0.234169269158	0.581871345029	161	1	12	0	9	0.0529411764706
0.235004134321	0.581871345029	162	1	12	0	9	0.0526315789474
0.23519849055	0.581871345029	163	1	12	0	9	0.0523255813953
0.235983652881	0.581871345029	164	1	12	0	9	0.0520231213873
0.236550906791	0.581871345029	165	1	12	0	9	0.051724137931
0.237601672747	0.582846003899	166	1	12	0	9	0.0514285714286
0.23822463229	0.582846003899	167	1	12	0	9	0.0511363636364
0.23955438278	0.583820662768	168	1	12	0	9	0.0508474576271
0.241563627124	0.583820662768	169	1	12	0	9	0.0505617977528
0.246272900937	0.584795321637	170	1	12	0	9	0.0502793296089
0.247278474222	0.585769980507	171	1	12	0	9	0.05
0.247574215034	0.586744639376	172	1	12	0	9	0.0497237569061
0.248827335241	0.587719298246	173	1	12	0	9	0.0494505494505
0.250109844555	0.587719298246	174	1	12	0	9	0.0491803278689
0.254396188006	0.587719298246	175	1	12	0	9	0.0489130434783
0.255393121069	0.587719298246	176	1	12	0	9	0.0486486486486
0.25548450181	0.586744639376	177	1	12	0	9	0.0483870967742
0.260357571116	0.587719298246	178	1	12	0	9	0.048128342246
0.260996795799	0.588693957115	179	1	12	0	9	0.0478723404255
0.261330001329	0.588693957115	180	1	12	0	9	0.047619047619
0.263625496164	0.589668615984	181	1	12	0	9	0.0473684210526
0.263640125973	0.588693957115	182	1	12	0	9	0.0471204188482
0.264102495563	0.588693957115	183	1	12	0	9	0.046875
0.265049151408	0.589668615984	184	1	12	0	9	0.0466321243523
0.267335540761	0.589668615984	185	1	12	0	9	0.0463917525773
0.2729981855	0.588693957115	186	1	12	0	9	0.0461538461538
0.27339704875	0.589668615984	187	1	12	0	9	0.0459183673469
0.274971982899	0.589668615984	188	1	12	0	9	0.0456852791878
0.27544138183	0.589668615984	189	1	12	0	9	0.0454545454545
0.277948878522	0.589668615984	190	1	12	0	9	0.0452261306533
0.27830992181	0.589668615984	191	1	12	0	9	0.045
0.278405178976	0.588693957115	192	1	12	0	9	0.044776119403
0.278611758583	0.588693957115	193	1	12	0	9	0.0445544554455
0.27965568956	0.587719298246	194	1	12	0	9	0.0443349753695
0.279956916827	0.588693957115	195	1	12	0	9	0.0441176470588
0.280346215121	0.588693957115	196	1	12	0	9	0.0439024390244
0.280410579079	0.589668615984	197	1	12	0	9	0.0436893203883
0.282016378874	0.589668615984	198	1	12	0	9	0.0434782608696
0.282216772341	0.590643274854	199	1	12	0	9	0.0432692307692
0.282264652881	0.589668615984	200	1	12	0	9	0.0430622009569
0.282981484514	0.589668615984	201	1	12	0	9	0.0428571428571
0.283219820424	0.590643274854	202	1	12	0	9	0.042654028436
0.283680519087	0.590643274854	203	1	12	0	9	0.0424528301887
0.284224716584	0.590643274854	204	1	12	0	9	0.0422535211268
0.286276168093	0.591617933723	205	1	12	0	9	0.0420560747664
0.287060989953	0.592592592593	206	1	12	0	9	0.0418604651163
0.288816354085	0.592592592593	207	1	12	0	9	0.0416666666667
0.290173121065	0.591617933723	208	1	12	0	9	0.0414746543779
0.294003356716	0.592592592593	209	1	12	0	9	0.0412844036697
0.294962131925	0.592592592593	210	1	12	0	9	0.041095890411
0.295236218819	0.593567251462	211	1	12	0	9	0.0409090909091
0.296268403732	0.593567251462	212	1	12	0	9	0.0407239819005
0.296383080102	0.594541910331	213	1	12	0	9	0.0405405405405
0.299280674324	0.594541910331	214	1	12	0	9	0.0403587443946
0.302394458739	0.595516569201	215	1	12	0	9	0.0401785714286
0.303757774233	0.595516569201	216	1	12	0	9	0.04
0.304397734766	0.59649122807	217	1	12	0	9	0.0398230088496
0.307744984746	0.595516569201	218	1	12	0	9	0.0396475770925
0.316359503961	0.59649122807	219	1	12	0	9	0.0394736842105
0.31805923728	0.59746588694	220	1	12	0	9	0.0393013100437
0.318808379422	0.59746588694	221	1	12	0	9	0.0391304347826
0.319986688337	0.59746588694	222	1	12	0	9	0.038961038961
0.322559657223	0.598440545809	223	1	12	0	9	0.0387931034483
0.3227271435	0.598440545809	224	1	12	0	9	0.0386266094421
0.323723598152	0.598440545809	225	1	12	0	9	0.0384615384615
0.324410335861	0.598440545809	226	1	12	0	9	0.0382978723404
0.325130089841	0.599415204678	227	1	12	0	9	0.0381355932203
0.325450967785	0.600389863548	228	1	12	0	9	0.0379746835443
0.325541112724	0.601364522417	229	1	12	0	9	0.0378151260504
0.327987514722	0.601364522417	230	1	12	0	9	0.0376569037657
0.328481081264	0.601364522417	231	1	12	0	9	0.0375
0.328995188954	0.602339181287	232	1	12	0	9	0.0373443983402
0.331028133227	0.603313840156	233	1	12	0	9	0.0371900826446
0.333311180939	0.603313840156	234	1	12	0	9	0.037037037037
0.333894439732	0.604288499025	235	1	12	0	9	0.0368852459016
0.335445020225	0.605263157895	236	1	12	0	9	0.0367346938776
0.337842875468	0.605263157895	237	1	12	0	9	0.0365853658537
0.341117785719	0.605263157895	238	1	12	0	9	0.0364372469636
0.341376591598	0.604288499025	239	1	12	0	9	0.0362903225806
0.350867474416	0.605263157895	240	1	12	0	9	0.0361445783133
0.352013639319	0.606237816764	241	1	12	0	9	0.036
0.353813389594	0.605263157895	242	1	12	0	9	0.0358565737052
0.353869485291	0.606237816764	243	1	12	0	9	0.0357142857143
0.354310441628	0.606237816764	244	1	12	0	9	0.0355731225296
0.355282081928	0.605263157895	245	1	12	0	9	0.0354330708661
0.357041196463	0.606237816764	246	1	12	0	9	0.0352941176471
0.357289964872	0.607212475634	247	1	12	0	9	0.03515625
0.363783904464	0.608187134503	248	1	12	0	9	0.0350194552529
0.365524141711	0.608187134503	249	1	12	0	9	0.0348837209302
0.369926962384	0.608187134503	250	1	12	0	9	0.034749034749
0.373176401096	0.607212475634	251	1	12	0	9	0.0346153846154
0.374454653579	0.608187134503	252	1	12	0	9	0.0344827586207
0.375935623228	0.608187134503	253	1	12	0	9	0.0343511450382
0.377801225831	0.608187134503	254	1	12	0	9	0.0342205323194
0.378724989168	0.607212475634	255	1	12	0	9	0.0340909090909
0.380655532612	0.607212475634	256	1	12	0	9	0.0339622641509
0.382121012793	0.608187134503	257	1	12	0	9	0.0338345864662
0.382384737709	0.609161793372	258	1	12	0	9	0.0337078651685
0.384482368917	0.610136452242	259	1	12	0	9	0.0335820895522
0.3862931879	0.610136452242	260	1	12	0	9	0.0334572490706
0.386872375388	0.610136452242	261	1	12	0	9	0.0333333333333
0.387317648187	0.610136452242	262	1	12	0	9	0.0332103321033
0.388438286933	0.610136452242	263	1	12	0	9	0.0330882352941
0.389735653751	0.609161793372	264	1	12	0	9	0.032967032967
0.391457505557	0.609161793372	265	1	12	0	9	0.0328467153285
0.392693832979	0.608187134503	266	1	12	0	9	0.0327272727273
0.393372476845	0.607212475634	267	1	12	0	9	0.0326086956522
0.394958632316	0.606237816764	268	1	12	0	9	0.0324909747292
0.395205503226	0.605263157895	269	1	12	0	9	0.0323741007194
0.395798031395	0.606237816764	270	1	12	0	9	0.0322580645161
0.39976819203	0.605263157895	271	1	12	0	9	0.0321428571429
0.402620166565	0.605263157895	272	1	12	0	9	0.0320284697509
0.403119947885	0.604288499025	273	1	12	0	9	0.031914893617
0.404135874378	0.605263157895	274	1	12	0	9	0.0318021201413
0.404541937479	0.605263157895	275	1	12	0	9	0.0316901408451
0.404754322673	0.605263157895	276	1	12	0	9	0.0315789473684
0.405814598686	0.604288499025	277	1	12	0	9	0.0314685314685
0.405833109107	0.604288499025	278	1	12	0	9	0.0313588850174
0.405946281171	0.604288499025	279	1	12	0	9	0.03125
0.407722449433	0.604288499025	280	1	12	0	9	0.0311418685121
0.41025870739	0.605263157895	281	1	12	0	9	0.0310344827586
0.416552518948	0.606237816764	282	1	12	0	9	0.0309278350515
0.416781386503	0.607212475634	283	1	12	0	9	0.0308219178082
0.416971771243	0.607212475634	284	1	12	0	9	0.0307167235495
0.419235634539	0.607212475634	285	1	12	0	9	0.030612244898
0.420282007323	0.607212475634	286	1	12	0	9	0.0305084745763
0.421437491307	0.608187134503	287	1	12	0	9	0.0304054054054
0.421728659841	0.608187134503	288	1	12	0	9	0.030303030303
0.422553553377	0.609161793372	289	1	12	0	9	0.0302013422819
0.427387025708	0.610136452242	290	1	12	0	9	0.0301003344482
0.429602368262	0.611111111111	291	1	12	0	9	0.03
0.431547749326	0.611111111111	292	1	12	0	9	0.0299003322259
0.433170052717	0.612085769981	293	1	12	0	9	0.0298013245033
0.433408993099	0.612085769981	294	1	12	0	9	0.029702970297
0.4345002239	0.61306042885	295	1	12	0	9	0.0296052631579
0.434802231203	0.61306042885	296	1	12	0	9	0.0295081967213
0.436507587894	0.61306042885	297	1	12	0	9	0.0294117647059
0.436528615312	0.614035087719	298	1	12	0	9	0.0293159609121
0.436828437118	0.61306042885	299	1	12	0	9	0.0292207792208
0.437797632166	0.614035087719	300	1	12	0	9	0.0291262135922
0.439422858319	0.614035087719	301	1	12	0	9	0.0290322580645
0.439465763988	0.615009746589	302	1	12	0	9	0.0289389067524
0.439565296461	0.614035087719	303	1	12	0	9	0.0288461538462
0.439572833783	0.614035087719	304	1	12	0	9	0.0287539936102
0.439944642893	0.615009746589	305	1	12	0	9	0.0286624203822
0.440589828627	0.614035087719	306	1	12	0	9	0.0285714285714
0.442189249257	0.61306042885	307	1	12	0	9	0.0284810126582
0.443055779551	0.614035087719	308	1	12	0	9	0.0283911671924
0.444439037041	0.614035087719	309	1	12	0	9	0.0283018867925
0.452582212817	0.614035087719	310	1	12	0	9	0.0282131661442
0.453010194357	0.615009746589	311	1	12	0	9	0.028125
0.456456950973	0.615984405458	312	1	12	0	9	0.0280373831776
0.457619775485	0.615009746589	313	1	12	0	9	0.027950310559
0.458568422124	0.615009746589	314	1	12	0	9	0.0278637770898
0.459161423235	0.615984405458	315	1	12	0	9	0.0277777777778
0.459645306204	0.616959064327	316	1	12	0	9	0.0276923076923
0.463465499205	0.616959064327	317	1	12	0	9	0.0276073619632
0.466903266847	0.617933723197	318	1	12	0	9	0.0275229357798
0.466969141996	0.617933723197	319	1	12	0	9	0.0274390243902
0.468270569901	0.616959064327	320	1	12	0	9	0.0273556231003
0.469383784881	0.617933723197	321	1	12	0	9	0.0272727272727
0.469909958819	0.617933723197	322	1	12	0	9	0.0271903323263
0.472369408729	0.616959064327	323	1	12	0	9	0.0271084337349
0.477824495023	0.616959064327	324	1	12	0	9	0.027027027027
0.478289204531	0.617933723197	325	1	12	0	9	0.0269461077844
0.47832881626	0.618908382066	326	1	12	0	9	0.0268656716418
0.479075773521	0.618908382066	327	1	12	0	9	0.0267857142857
0.480343834148	0.617933723197	328	1	12	0	9	0.026706231454
0.481657435604	0.616959064327	329	1	12	0	9	0.0266272189349
0.483541072694	0.616959064327	330	1	12	0	9	0.0265486725664
0.486524698065	0.616959064327	331	1	12	0	9	0.0264705882353
0.486685978757	0.616959064327	332	1	12	0	9	0.0263929618768
0.488395551561	0.617933723197	333	1	12	0	9	0.0263157894737
0.488831159828	0.616959064327	334	1	12	0	9	0.0262390670554
0.489350716922	0.617933723197	335	1	12	0	9	0.0261627906977
0.491408317863	0.617933723197	336	1	12	0	9	0.0260869565217
0.49499770479	0.617933723197	337	1	12	0	9	0.0260115606936
0.496022915152	0.617933723197	338	1	12	0	9	0.0259365994236
0.498120438491	0.616959064327	339	1	12	0	9	0.0258620689655
0.499030493344	0.617933723197	340	1	12	0	9	0.025787965616
0.499457142401	0.616959064327	341	1	12	0	9	0.0257142857143
0.501261564014	0.616959064327	342	1	12	0	9	0.025641025641
0.504673656602	0.617933723197	343	1	12	0	9	0.0255681818182
0.505509918565	0.618908382066	344	1	12	0	9	0.0254957507082
0.508251811791	0.619883040936	345	1	12	0	9	0.0254237288136
0.50833670391	0.619883040936	346	1	12	0	9	0.0253521126761
0.511189267952	0.620857699805	347	1	12	0	9	0.0252808988764
0.511673851743	0.621832358674	348	1	12	0	9	0.0252100840336
0.511930786515	0.621832358674	349	1	12	0	9	0.0251396648045
0.517301642279	0.622807017544	350	1	12	0	9	0.025069637883
0.521650580311	0.623781676413	351	1	12	0	9	0.025
0.522312026982	0.622807017544	352	1	12	0	9	0.0249307479224
0.524596846801	0.621832358674	353	1	12	0	9	0.024861878453
0.526062785719	0.621832358674	354	1	12	0	9	0.0247933884298
0.527873325703	0.622807017544	355	1	12	0	9	0.0247252747253
