# time 	 divergence 	 # of mutations 	 # IGC chances 	 IGC length 	 # IGC failures 	 Changes due to IGC  	 % change due to IGC 
0.0	0.0	0	0	0	0	0	0.0
9.60523019299e-05	0.0	0	1	9	0	0	0.0
0.00057838601235	0.00213675213675	1	1	9	0	0	0.0
0.00206905621171	0.00213675213675	1	2	3	0	0	0.0
0.00226355846226	0.0042735042735	2	2	3	0	0	0.0
0.00277434205661	0.00641025641026	3	2	3	0	0	0.0
0.00496946033481	0.00641025641026	3	3	6	0	0	0.0
0.00502865021445	0.00641025641026	3	4	6	0	0	0.0
0.0056217610216	0.00641025641026	3	5	15	0	0	0.0
0.00591863727768	0.0042735042735	3	6	3	0	1	0.25
0.0106369623943	0.0042735042735	3	7	6	0	1	0.25
0.0129101985615	0.00641025641026	4	7	6	0	1	0.2
0.0131977024881	0.00641025641026	4	8	9	0	1	0.2
0.0131995109717	0.00641025641026	4	9	9	0	1	0.2
0.0135110353232	0.00641025641026	4	10	3	0	1	0.2
0.013857849564	0.00641025641026	4	11	3	0	1	0.2
0.0153583149695	0.00854700854701	5	11	3	0	1	0.166666666667
0.0162943362438	0.00854700854701	5	12	12	0	1	0.166666666667
0.0181249381553	0.00854700854701	5	13	6	0	1	0.166666666667
0.0182174669089	0.0106837606838	6	13	6	0	1	0.142857142857
0.0192382647609	0.0106837606838	6	14	3	0	1	0.142857142857
0.0234964996469	0.0106837606838	6	15	6	0	1	0.142857142857
0.0244183937827	0.0106837606838	6	16	15	0	1	0.142857142857
0.024529048692	0.0106837606838	6	17	3	0	1	0.142857142857
0.0258151380064	0.0128205128205	7	17	3	0	1	0.125
0.0290870464118	0.0128205128205	7	18	3	0	1	0.125
0.029140146591	0.0128205128205	7	19	21	0	1	0.125
0.0294717681904	0.0128205128205	7	20	12	0	1	0.125
0.0301579243271	0.0128205128205	7	21	3	0	1	0.125
0.0338473875882	0.0128205128205	7	22	18	0	1	0.125
0.0346222970052	0.0128205128205	7	23	9	0	1	0.125
0.0377879332965	0.0106837606838	7	24	18	0	2	0.222222222222
0.0391996506089	0.0128205128205	8	24	18	0	2	0.2
0.0405572684394	0.0149572649573	9	24	18	0	2	0.181818181818
0.0417540687154	0.0149572649573	9	25	9	0	2	0.181818181818
0.0429324230472	0.0149572649573	9	26	27	0	2	0.181818181818
0.0435295099608	0.017094017094	10	26	27	0	2	0.166666666667
0.0446218546482	0.0149572649573	10	27	6	0	3	0.230769230769
0.0453918943509	0.0128205128205	10	28	3	0	4	0.285714285714
0.0462647400441	0.0128205128205	10	29	6	0	4	0.285714285714
0.046397625883	0.0128205128205	10	30	3	0	4	0.285714285714
0.0492029705988	0.0128205128205	10	31	3	0	4	0.285714285714
0.0506178557388	0.0149572649573	11	31	3	0	4	0.266666666667
0.0515361072005	0.0149572649573	11	32	3	0	4	0.266666666667
0.0522824687746	0.017094017094	12	32	3	0	4	0.25
0.0527855514426	0.0192307692308	13	32	3	0	4	0.235294117647
0.0534035911567	0.0213675213675	14	32	3	0	4	0.222222222222
0.055765338504	0.0213675213675	14	33	6	0	4	0.222222222222
0.055932559413	0.0213675213675	14	34	6	0	4	0.222222222222
0.0559566903385	0.0192307692308	14	35	24	0	5	0.263157894737
0.0560816826441	0.0192307692308	14	36	9	0	5	0.263157894737
0.056126353609	0.0213675213675	15	36	9	0	5	0.25
0.0570484961096	0.0213675213675	15	37	9	0	5	0.25
0.057419070175	0.0213675213675	15	38	3	0	5	0.25
0.0576519419402	0.0213675213675	15	39	9	0	5	0.25
0.058361455574	0.0213675213675	15	40	6	0	5	0.25
0.0585074691581	0.0213675213675	15	41	6	0	5	0.25
0.0586960782776	0.0213675213675	15	42	3	0	5	0.25
0.059137219369	0.0213675213675	15	43	15	0	5	0.25
0.0592535143586	0.0213675213675	15	44	9	0	5	0.25
0.0597547385264	0.0235042735043	16	44	9	0	5	0.238095238095
0.0601321113591	0.025641025641	17	44	9	0	5	0.227272727273
0.0605557890186	0.025641025641	17	45	6	0	5	0.227272727273
0.0606715078938	0.0277777777778	18	45	6	0	5	0.217391304348
0.0625547780872	0.0299145299145	19	45	6	0	5	0.208333333333
0.0627598948699	0.0299145299145	19	46	3	0	5	0.208333333333
0.0631021889018	0.0277777777778	19	47	12	0	6	0.24
0.064510472933	0.0277777777778	19	48	9	0	6	0.24
0.064746995557	0.0277777777778	20	48	9	0	6	0.230769230769
0.0649027050542	0.0277777777778	20	49	6	0	6	0.230769230769
0.0659720583834	0.0277777777778	20	50	6	0	6	0.230769230769
0.0674546470319	0.0299145299145	21	50	6	0	6	0.222222222222
0.0718660187611	0.0320512820513	22	50	6	0	6	0.214285714286
0.0737025263645	0.0320512820513	22	51	6	0	6	0.214285714286
0.0744437292269	0.034188034188	23	51	6	0	6	0.206896551724
0.0762921122536	0.034188034188	23	52	15	0	6	0.206896551724
0.0767234927268	0.0320512820513	23	53	15	0	7	0.233333333333
0.0803601001198	0.0299145299145	23	54	21	0	8	0.258064516129
0.0809662568129	0.0299145299145	23	55	36	0	8	0.258064516129
0.0819110527406	0.0299145299145	23	56	3	0	8	0.258064516129
0.0834497405637	0.0299145299145	23	57	6	0	8	0.258064516129
0.0844437947395	0.0299145299145	23	58	3	0	8	0.258064516129
0.084612343908	0.0299145299145	23	59	3	0	8	0.258064516129
0.0846706532908	0.0320512820513	24	59	3	0	8	0.25
0.0851505389648	0.034188034188	25	59	3	0	8	0.242424242424
0.0868727806185	0.0363247863248	26	59	3	0	8	0.235294117647
0.0879297324759	0.0363247863248	26	60	3	0	8	0.235294117647
0.0881579059783	0.0363247863248	26	61	6	0	8	0.235294117647
0.0889198349776	0.0363247863248	26	62	3	0	8	0.235294117647
0.0890306652504	0.0363247863248	26	63	9	0	8	0.235294117647
0.0901029178342	0.0363247863248	26	64	6	0	8	0.235294117647
0.0902208343642	0.0384615384615	27	64	6	0	8	0.228571428571
0.0936878835536	0.0363247863248	27	65	9	0	9	0.25
0.0937787120197	0.0363247863248	27	66	21	0	9	0.25
0.0938917048069	0.0384615384615	28	66	21	0	9	0.243243243243
0.0941837363822	0.0384615384615	28	67	9	0	9	0.243243243243
0.0942768005755	0.0384615384615	28	68	3	0	9	0.243243243243
0.0964051832722	0.0363247863248	28	69	30	0	10	0.263157894737
0.0967015026879	0.0320512820513	28	70	27	0	12	0.3
0.097049984312	0.0320512820513	28	71	3	0	12	0.3
0.0973613361199	0.034188034188	29	71	3	0	12	0.292682926829
0.0979294108695	0.0363247863248	30	71	3	0	12	0.285714285714
0.0988790090714	0.0363247863248	30	72	3	0	12	0.285714285714
0.0991296612795	0.0363247863248	30	73	12	0	12	0.285714285714
0.0998610084699	0.0363247863248	30	74	3	0	12	0.285714285714
0.100052089872	0.0363247863248	30	75	6	0	12	0.285714285714
0.100195923387	0.0384615384615	31	75	6	0	12	0.279069767442
0.101212134981	0.0384615384615	31	76	24	0	12	0.279069767442
0.101269794248	0.0384615384615	31	77	6	0	12	0.279069767442
0.102528397095	0.0320512820513	31	78	18	0	15	0.326086956522
0.102998308438	0.0320512820513	31	79	3	0	15	0.326086956522
0.104384169899	0.0320512820513	31	80	3	0	15	0.326086956522
0.104966427588	0.0320512820513	31	81	15	0	15	0.326086956522
0.105063078199	0.0320512820513	31	82	6	0	15	0.326086956522
0.105451315753	0.0320512820513	31	83	15	0	15	0.326086956522
0.10693487126	0.0320512820513	31	84	6	0	15	0.326086956522
0.107257998401	0.0320512820513	31	85	18	0	15	0.326086956522
0.107901715608	0.0320512820513	31	86	9	0	15	0.326086956522
0.108542515669	0.034188034188	32	86	9	0	15	0.31914893617
0.109151096767	0.0363247863248	33	86	9	0	15	0.3125
0.109373874313	0.0384615384615	34	86	9	0	15	0.30612244898
0.109725687268	0.0384615384615	34	87	6	0	15	0.30612244898
0.110557734864	0.0405982905983	35	87	6	0	15	0.3
0.111004360925	0.0405982905983	35	88	9	0	15	0.3
0.111114531965	0.042735042735	36	88	9	0	15	0.294117647059
0.111713432495	0.0384615384615	36	89	24	0	17	0.320754716981
0.112261303993	0.0405982905983	37	89	24	0	17	0.314814814815
0.112511643809	0.042735042735	38	89	24	0	17	0.309090909091
0.11408660215	0.042735042735	38	90	3	0	17	0.309090909091
0.116474794041	0.042735042735	38	91	3	0	17	0.309090909091
0.117182606478	0.0448717948718	39	91	3	0	17	0.303571428571
0.118055734397	0.0470085470085	40	91	3	0	17	0.298245614035
0.11844445785	0.0491452991453	41	91	3	0	17	0.293103448276
0.118553548778	0.042735042735	41	92	30	0	20	0.327868852459
0.119733361468	0.042735042735	41	93	3	0	20	0.327868852459
0.122012881197	0.042735042735	41	94	3	0	20	0.327868852459
0.122752094721	0.042735042735	41	95	9	0	20	0.327868852459
0.124105641007	0.0405982905983	41	96	6	0	21	0.338709677419
0.124658144406	0.0405982905983	41	97	3	0	21	0.338709677419
0.125266887454	0.042735042735	42	97	3	0	21	0.333333333333
0.126073051643	0.0448717948718	43	97	3	0	21	0.328125
0.127418935247	0.0448717948718	43	98	3	0	21	0.328125
0.128151530425	0.042735042735	43	99	18	0	22	0.338461538462
0.12866479082	0.0448717948718	44	99	18	0	22	0.333333333333
0.129600321625	0.0470085470085	45	99	18	0	22	0.328358208955
0.130854137067	0.0470085470085	45	100	18	0	22	0.328358208955
0.131420845567	0.0470085470085	45	101	3	0	22	0.328358208955
0.131738509796	0.0448717948718	45	102	15	0	23	0.338235294118
0.131901061698	0.0363247863248	45	103	18	0	27	0.375
0.132326414566	0.0363247863248	45	104	3	0	27	0.375
0.135838528706	0.0384615384615	46	104	3	0	27	0.369863013699
0.137191692064	0.0363247863248	46	105	6	0	28	0.378378378378
0.138458988351	0.0320512820513	46	106	15	0	30	0.394736842105
0.140589957515	0.0320512820513	46	107	3	0	30	0.394736842105
0.141550791524	0.0320512820513	46	108	15	0	30	0.394736842105
0.141842982074	0.0320512820513	46	109	3	0	30	0.394736842105
0.142835998022	0.034188034188	47	109	3	0	30	0.38961038961
0.14362625863	0.0299145299145	47	110	12	0	32	0.405063291139
0.145624194783	0.0299145299145	47	111	3	0	32	0.405063291139
0.146609640265	0.0320512820513	48	111	3	0	32	0.4
0.146933111192	0.034188034188	49	111	3	0	32	0.395061728395
0.146998945095	0.0363247863248	50	111	3	0	32	0.390243902439
0.148052866214	0.0363247863248	50	112	9	0	32	0.390243902439
0.14955343153	0.0384615384615	51	112	9	0	32	0.385542168675
0.151621810165	0.0363247863248	51	113	15	0	33	0.392857142857
0.151682936339	0.0384615384615	52	113	15	0	33	0.388235294118
0.151968740898	0.0363247863248	52	114	9	0	34	0.395348837209
0.152591586166	0.034188034188	52	115	12	0	35	0.402298850575
0.153429662296	0.034188034188	52	116	6	0	35	0.402298850575
0.153833658397	0.034188034188	53	116	6	0	35	0.397727272727
0.157076497605	0.034188034188	53	117	6	0	35	0.397727272727
0.15762654838	0.034188034188	53	118	12	0	35	0.397727272727
0.159501661149	0.034188034188	53	119	9	0	35	0.397727272727
0.161385641886	0.0320512820513	53	120	12	0	36	0.404494382022
0.163663155008	0.0320512820513	53	121	3	0	36	0.404494382022
0.16398915186	0.0320512820513	53	122	6	0	36	0.404494382022
0.165938623448	0.0320512820513	53	123	6	0	36	0.404494382022
0.16674773677	0.0320512820513	53	124	3	0	36	0.404494382022
0.166920820874	0.0320512820513	53	125	3	0	36	0.404494382022
0.167190969618	0.0299145299145	53	126	27	0	37	0.411111111111
0.168020596891	0.0299145299145	53	127	21	0	37	0.411111111111
0.169149248709	0.0277777777778	53	128	21	0	38	0.417582417582
0.17056898957	0.0277777777778	53	129	9	0	38	0.417582417582
0.171732874515	0.0299145299145	54	129	9	0	38	0.413043478261
0.171770994148	0.0299145299145	54	130	9	0	38	0.413043478261
0.172248617086	0.0299145299145	54	131	21	0	38	0.413043478261
0.172671633069	0.0320512820513	55	131	21	0	38	0.408602150538
0.175114365693	0.034188034188	56	131	21	0	38	0.404255319149
0.175311276788	0.034188034188	56	132	30	0	38	0.404255319149
0.178608187409	0.0363247863248	57	132	30	0	38	0.4
0.178656917016	0.0363247863248	57	133	9	0	38	0.4
0.179510254469	0.0299145299145	57	134	27	0	41	0.418367346939
0.180048978713	0.0320512820513	58	134	27	0	41	0.414141414141
0.18076381638	0.0320512820513	58	135	3	0	41	0.414141414141
0.181138486157	0.0277777777778	58	136	24	0	43	0.425742574257
0.182010515021	0.025641025641	58	137	6	0	44	0.43137254902
0.182745035367	0.025641025641	58	138	3	0	44	0.43137254902
0.183292610925	0.025641025641	58	139	21	0	44	0.43137254902
0.185718134553	0.025641025641	58	140	15	0	44	0.43137254902
0.185785190619	0.025641025641	58	141	15	0	44	0.43137254902
0.186589017118	0.0213675213675	58	142	6	0	46	0.442307692308
0.186905025632	0.0213675213675	58	143	6	0	46	0.442307692308
0.188292760925	0.0192307692308	58	144	15	0	47	0.447619047619
0.190357761228	0.017094017094	58	145	6	0	48	0.452830188679
0.191976719919	0.0192307692308	59	145	6	0	48	0.448598130841
0.19300351472	0.0213675213675	60	145	6	0	48	0.444444444444
0.195820108708	0.0213675213675	60	146	3	0	48	0.444444444444
0.196817850282	0.0235042735043	61	146	3	0	48	0.440366972477
0.197816238324	0.025641025641	62	146	3	0	48	0.436363636364
0.198932885679	0.025641025641	62	147	21	0	48	0.436363636364
0.19916274065	0.0235042735043	62	148	18	0	49	0.441441441441
0.200189402651	0.025641025641	63	148	18	0	49	0.4375
0.203561151733	0.025641025641	63	149	24	0	49	0.4375
0.203917310382	0.0277777777778	64	149	24	0	49	0.433628318584
0.204514833265	0.0277777777778	64	150	12	0	49	0.433628318584
0.204823026393	0.0299145299145	65	150	12	0	49	0.429824561404
0.206372920503	0.0277777777778	65	151	12	0	50	0.434782608696
0.207464553397	0.025641025641	65	152	6	0	51	0.439655172414
0.207521250955	0.0235042735043	65	153	9	0	52	0.444444444444
0.209213500684	0.0235042735043	65	154	9	0	52	0.444444444444
0.211025939253	0.0235042735043	65	155	9	0	52	0.444444444444
0.211999863308	0.025641025641	66	155	9	0	52	0.440677966102
0.212074015311	0.025641025641	66	156	15	0	52	0.440677966102
0.212426445642	0.0235042735043	66	157	45	0	53	0.445378151261
0.214844002678	0.0235042735043	66	158	3	0	53	0.445378151261
0.215089618969	0.025641025641	67	158	3	0	53	0.441666666667
0.216533521861	0.0277777777778	68	158	3	0	53	0.438016528926
0.219532771254	0.0277777777778	68	159	6	0	53	0.438016528926
0.2219827781	0.0299145299145	69	159	6	0	53	0.434426229508
0.222089681819	0.025641025641	69	160	15	0	55	0.443548387097
0.223798393555	0.025641025641	69	161	3	0	55	0.443548387097
0.223882601585	0.025641025641	69	162	27	0	55	0.443548387097
0.224701660187	0.025641025641	69	163	3	0	55	0.443548387097
0.224932447828	0.0277777777778	70	163	3	0	55	0.44
0.225164662682	0.0299145299145	71	163	3	0	55	0.436507936508
0.226023678716	0.0299145299145	71	164	3	0	55	0.436507936508
0.226550264059	0.0299145299145	71	165	3	0	55	0.436507936508
0.226613168476	0.0320512820513	72	165	3	0	55	0.433070866142
0.227525746025	0.0320512820513	72	166	15	0	55	0.433070866142
0.228810086026	0.034188034188	73	166	15	0	55	0.4296875
0.230462892492	0.034188034188	73	167	3	0	55	0.4296875
0.231192019129	0.0363247863248	74	167	3	0	55	0.426356589147
0.232617946035	0.0363247863248	74	168	3	0	55	0.426356589147
0.233296332896	0.0363247863248	74	169	6	0	55	0.426356589147
0.237130091301	0.0384615384615	75	169	6	0	55	0.423076923077
0.237814506255	0.0384615384615	75	170	15	0	55	0.423076923077
0.237929760872	0.0405982905983	76	170	15	0	55	0.419847328244
0.239171596432	0.0384615384615	76	171	6	0	56	0.424242424242
0.239233368244	0.0363247863248	76	172	6	0	57	0.428571428571
0.241665201172	0.034188034188	76	173	15	0	58	0.432835820896
0.244043052856	0.034188034188	76	174	3	0	58	0.432835820896
0.248859376979	0.0363247863248	77	174	3	0	58	0.42962962963
0.252893369461	0.0363247863248	77	175	6	0	58	0.42962962963
0.253348182752	0.0363247863248	77	176	3	0	58	0.42962962963
0.254942856396	0.0363247863248	77	177	3	0	58	0.42962962963
0.255179710373	0.0363247863248	77	178	3	0	58	0.42962962963
0.255640968715	0.0363247863248	77	179	6	0	58	0.42962962963
0.255996915859	0.0363247863248	77	180	3	0	58	0.42962962963
0.2565275265	0.0277777777778	77	181	27	0	62	0.446043165468
0.258106154262	0.0277777777778	77	182	3	0	62	0.446043165468
0.259095397189	0.0277777777778	77	183	3	0	62	0.446043165468
0.260690428415	0.025641025641	77	184	12	0	63	0.45
0.261136965447	0.0277777777778	78	184	12	0	63	0.446808510638
0.261377676162	0.0277777777778	78	185	9	0	63	0.446808510638
0.263973283883	0.0277777777778	78	186	3	0	63	0.446808510638
0.26480813762	0.0299145299145	79	186	3	0	63	0.443661971831
0.265919179524	0.0299145299145	79	187	9	0	63	0.443661971831
0.266141918902	0.0299145299145	79	188	9	0	63	0.443661971831
0.269270591543	0.0299145299145	79	189	3	0	63	0.443661971831
0.270531824364	0.0299145299145	79	190	6	0	63	0.443661971831
0.270620708794	0.0299145299145	79	191	6	0	63	0.443661971831
0.270746419645	0.0320512820513	80	191	6	0	63	0.440559440559
0.272062598546	0.0320512820513	80	192	9	0	63	0.440559440559
0.273368660535	0.034188034188	81	192	9	0	63	0.4375
0.27532080509	0.0363247863248	82	192	9	0	63	0.434482758621
0.27538747849	0.0384615384615	83	192	9	0	63	0.431506849315
0.276661344148	0.0405982905983	84	192	9	0	63	0.428571428571
0.277980040058	0.034188034188	84	193	33	0	66	0.44
0.278974840273	0.034188034188	84	194	3	0	66	0.44
0.280459841509	0.0320512820513	84	195	3	0	67	0.443708609272
0.280722225835	0.0299145299145	84	196	9	0	68	0.447368421053
0.283385742697	0.0299145299145	84	197	9	0	68	0.447368421053
0.2837551859	0.0299145299145	84	198	3	0	68	0.447368421053
0.283941262558	0.0299145299145	84	199	15	0	68	0.447368421053
0.286743010736	0.0299145299145	84	200	9	0	68	0.447368421053
0.289610272852	0.025641025641	84	201	3	0	70	0.454545454545
0.290195444528	0.0235042735043	84	202	9	0	71	0.458064516129
0.29152531657	0.0235042735043	84	203	3	0	71	0.458064516129
0.29164074688	0.0235042735043	84	204	24	0	71	0.458064516129
0.29266984961	0.0235042735043	84	205	9	0	71	0.458064516129
0.294008082492	0.025641025641	85	205	9	0	71	0.455128205128
0.29635124303	0.0277777777778	86	205	9	0	71	0.452229299363
0.297657142993	0.0277777777778	86	206	15	0	71	0.452229299363
0.301648237043	0.0277777777778	86	207	3	0	71	0.452229299363
0.303756360752	0.0277777777778	86	208	15	0	71	0.452229299363
0.30378072848	0.0277777777778	86	209	3	0	71	0.452229299363
0.305049516052	0.025641025641	86	210	9	0	72	0.455696202532
0.305624594842	0.025641025641	86	211	3	0	72	0.455696202532
0.305773902091	0.0235042735043	86	212	9	0	73	0.459119496855
0.308070541895	0.0235042735043	86	213	6	0	73	0.459119496855
0.308485612441	0.025641025641	87	213	6	0	73	0.45625
0.308788221246	0.025641025641	87	214	15	0	73	0.45625
0.309651977974	0.025641025641	87	215	27	0	73	0.45625
0.309883161435	0.0277777777778	88	215	27	0	73	0.453416149068
0.310159621965	0.0299145299145	89	215	27	0	73	0.450617283951
0.312796640892	0.0299145299145	89	216	3	0	73	0.450617283951
0.313529110201	0.0299145299145	89	217	9	0	73	0.450617283951
0.314174960003	0.0320512820513	90	217	9	0	73	0.447852760736
0.31593340805	0.034188034188	91	217	9	0	73	0.44512195122
0.317084312275	0.0363247863248	92	217	9	0	73	0.442424242424
0.317361241194	0.0363247863248	92	218	6	0	73	0.442424242424
0.319661320724	0.0384615384615	93	218	6	0	73	0.439759036145
0.319718673721	0.0384615384615	93	219	6	0	73	0.439759036145
0.319739053545	0.0405982905983	94	219	6	0	73	0.437125748503
0.320605453328	0.042735042735	95	219	6	0	73	0.434523809524
0.320622038395	0.042735042735	95	220	6	0	73	0.434523809524
0.320706152864	0.0405982905983	95	221	9	0	74	0.437869822485
0.322780617945	0.0405982905983	95	222	3	0	74	0.437869822485
0.323102720499	0.0405982905983	95	223	6	0	74	0.437869822485
0.327412648622	0.042735042735	96	223	6	0	74	0.435294117647
0.328015143727	0.042735042735	96	224	3	0	74	0.435294117647
0.328372738232	0.042735042735	96	225	6	0	74	0.435294117647
0.330146968852	0.0448717948718	97	225	6	0	74	0.432748538012
0.333331153981	0.0470085470085	98	225	6	0	74	0.43023255814
0.335090445563	0.0470085470085	98	226	6	0	74	0.43023255814
0.336652849633	0.0470085470085	98	227	3	0	74	0.43023255814
0.338127335017	0.0470085470085	98	228	27	0	74	0.43023255814
0.338497398826	0.0470085470085	98	229	12	0	74	0.43023255814
0.340309903843	0.0491452991453	99	229	12	0	74	0.42774566474
0.340795406303	0.0512820512821	100	229	12	0	74	0.425287356322
