# time 	 divergence 	 # of mutations 	 # IGC chances 	 IGC length 	 # IGC failures 	 Changes due to IGC  	 % change due to IGC 
0.0	0.363440860215	0	0	0	0	0	0.0
0.000447767469537	0.364516129032	1	0	0	0	0	0.0
0.000561315329805	0.365591397849	2	0	0	0	0	0.0
0.00232515185306	0.365591397849	2	1	3	0	0	0.0
0.00259378138967	0.366666666667	3	1	3	0	0	0.0
0.00606035053858	0.367741935484	4	1	3	0	0	0.0
0.00704424630008	0.368817204301	5	1	3	0	0	0.0
0.00755144583448	0.367741935484	5	2	3	0	1	0.166666666667
0.00788737623191	0.367741935484	6	2	3	0	1	0.142857142857
0.00844530901792	0.368817204301	7	2	3	0	1	0.125
0.00907522261952	0.368817204301	7	3	3	0	1	0.125
0.00990006118197	0.369892473118	8	3	3	0	1	0.111111111111
0.0100322844621	0.370967741935	9	3	3	0	1	0.1
0.0115320574424	0.369892473118	10	3	3	0	1	0.0909090909091
0.0129249284705	0.369892473118	10	4	3	0	1	0.0909090909091
0.014170964657	0.368817204301	11	4	3	0	1	0.0833333333333
0.0163564437949	0.369892473118	12	4	3	0	1	0.0769230769231
0.0181913584295	0.368817204301	12	5	3	0	2	0.142857142857
0.0200387530819	0.369892473118	13	5	3	0	2	0.133333333333
0.0202638525117	0.370967741935	14	5	3	0	2	0.125
0.0205472785525	0.372043010753	15	5	3	0	2	0.117647058824
0.021083040069	0.372043010753	16	5	3	0	2	0.111111111111
0.0219588181959	0.37311827957	17	5	3	0	2	0.105263157895
0.0219601795689	0.374193548387	18	5	3	0	2	0.1
0.0246784229541	0.375268817204	19	5	3	0	2	0.0952380952381
0.0249457942935	0.375268817204	20	5	3	0	2	0.0909090909091
0.0259028113253	0.376344086022	21	5	3	0	2	0.0869565217391
0.026194710156	0.375268817204	21	6	3	0	3	0.125
0.0276245538556	0.374193548387	21	7	3	0	4	0.16
0.028692008147	0.375268817204	22	7	3	0	4	0.153846153846
0.0300234036288	0.374193548387	23	7	3	0	4	0.148148148148
0.030636917952	0.37311827957	24	7	3	0	4	0.142857142857
0.0329040314682	0.374193548387	25	7	3	0	4	0.137931034483
0.0351535231809	0.374193548387	26	7	3	0	4	0.133333333333
0.0387512716173	0.37311827957	27	7	3	0	4	0.129032258065
0.0390670014654	0.372043010753	28	7	3	0	4	0.125
0.0402032312493	0.370967741935	29	7	3	0	4	0.121212121212
0.0404318162455	0.369892473118	30	7	3	0	4	0.117647058824
0.0434187247429	0.370967741935	31	7	3	0	4	0.114285714286
0.0440304179455	0.370967741935	32	7	3	0	4	0.111111111111
0.0448778358239	0.372043010753	33	7	3	0	4	0.108108108108
0.0448959091961	0.37311827957	34	7	3	0	4	0.105263157895
0.0468794399852	0.37311827957	35	7	3	0	4	0.102564102564
0.0496053586616	0.37311827957	36	7	3	0	4	0.1
0.051334416295	0.372043010753	37	7	3	0	4	0.0975609756098
0.0519877912285	0.372043010753	38	7	3	0	4	0.0952380952381
0.0535499437595	0.37311827957	39	7	3	0	4	0.093023255814
0.0537213436216	0.374193548387	40	7	3	0	4	0.0909090909091
0.0540832571214	0.374193548387	40	8	3	0	4	0.0909090909091
0.0553493874712	0.375268817204	41	8	3	0	4	0.0888888888889
0.0562819287402	0.37311827957	41	9	3	0	6	0.127659574468
0.0575473352155	0.37311827957	42	9	3	0	6	0.125
0.0579417493697	0.37311827957	43	9	3	0	6	0.122448979592
0.059696471603	0.372043010753	44	9	3	0	6	0.12
0.0604454327868	0.370967741935	45	9	3	0	6	0.117647058824
0.0617922869935	0.372043010753	46	9	3	0	6	0.115384615385
0.0629057821661	0.370967741935	47	9	3	0	6	0.11320754717
0.0645260997642	0.370967741935	48	9	3	0	6	0.111111111111
0.066902154287	0.370967741935	48	10	3	0	6	0.111111111111
0.0712398772346	0.370967741935	48	11	3	0	6	0.111111111111
0.0718433869868	0.370967741935	49	11	3	0	6	0.109090909091
0.0725792883186	0.370967741935	50	11	3	0	6	0.107142857143
0.0740577036834	0.372043010753	51	11	3	0	6	0.105263157895
0.0742701863986	0.370967741935	52	11	3	0	6	0.103448275862
0.0755299300374	0.370967741935	52	12	3	0	6	0.103448275862
0.0791646155723	0.369892473118	53	12	3	0	6	0.101694915254
0.0806427296789	0.370967741935	54	12	3	0	6	0.1
0.0816292816172	0.372043010753	55	12	3	0	6	0.0983606557377
0.0817660704871	0.37311827957	56	12	3	0	6	0.0967741935484
0.0837251663426	0.372043010753	56	13	3	0	7	0.111111111111
0.0842816569739	0.37311827957	57	13	3	0	7	0.109375
0.0853626939661	0.370967741935	57	14	3	0	9	0.136363636364
0.0860898576569	0.369892473118	58	14	3	0	9	0.134328358209
0.0862741720776	0.369892473118	59	14	3	0	9	0.132352941176
0.0872308598851	0.370967741935	60	14	3	0	9	0.130434782609
0.0874422582496	0.372043010753	61	14	3	0	9	0.128571428571
0.089443766578	0.372043010753	62	14	3	0	9	0.12676056338
0.0894488864907	0.372043010753	63	14	3	0	9	0.125
0.0901134806908	0.370967741935	64	14	3	0	9	0.123287671233
0.0913914114684	0.372043010753	65	14	3	0	9	0.121621621622
0.0921334772859	0.370967741935	65	15	3	0	10	0.133333333333
0.0926616510139	0.369892473118	66	15	3	0	10	0.131578947368
0.0930346683144	0.369892473118	67	15	3	0	10	0.12987012987
0.0986803840473	0.367741935484	67	16	3	0	12	0.151898734177
0.102278056865	0.367741935484	68	16	3	0	12	0.15
0.103622894841	0.368817204301	69	16	3	0	12	0.148148148148
0.103869193621	0.369892473118	70	16	3	0	12	0.146341463415
0.104516389573	0.369892473118	71	16	3	0	12	0.144578313253
0.104898769033	0.367741935484	71	17	3	0	14	0.164705882353
0.105146372315	0.368817204301	72	17	3	0	14	0.162790697674
0.106599416657	0.368817204301	73	17	3	0	14	0.16091954023
0.110714241525	0.369892473118	74	17	3	0	14	0.159090909091
0.111173367472	0.368817204301	75	17	3	0	14	0.157303370787
0.111271948831	0.367741935484	75	18	3	0	15	0.166666666667
0.111386925534	0.368817204301	76	18	3	0	15	0.164835164835
0.112796677108	0.368817204301	77	18	3	0	15	0.163043478261
0.114168204455	0.369892473118	78	18	3	0	15	0.161290322581
0.114882092611	0.368817204301	79	18	3	0	15	0.159574468085
0.116459447079	0.369892473118	80	18	3	0	15	0.157894736842
0.117034832003	0.369892473118	81	18	3	0	15	0.15625
0.11771529115	0.370967741935	82	18	3	0	15	0.154639175258
0.11779820884	0.368817204301	82	19	3	0	17	0.171717171717
0.118547482711	0.368817204301	83	19	3	0	17	0.17
0.1192046045	0.368817204301	84	19	3	0	17	0.168316831683
0.119256326687	0.367741935484	85	19	3	0	17	0.166666666667
0.121179136746	0.367741935484	86	19	3	0	17	0.165048543689
0.122397704944	0.367741935484	87	19	3	0	17	0.163461538462
0.128282116358	0.365591397849	87	20	3	0	19	0.179245283019
0.129352049796	0.364516129032	88	20	3	0	19	0.177570093458
0.129422720364	0.363440860215	88	21	3	0	20	0.185185185185
0.131253837238	0.363440860215	89	21	3	0	20	0.183486238532
0.13455826743	0.361290322581	89	22	3	0	22	0.198198198198
0.135604379229	0.362365591398	90	22	3	0	22	0.196428571429
0.137785996167	0.362365591398	90	23	3	0	22	0.196428571429
0.138095019114	0.363440860215	91	23	3	0	22	0.194690265487
0.13879293715	0.364516129032	92	23	3	0	22	0.19298245614
0.139243884439	0.365591397849	93	23	3	0	22	0.191304347826
0.140919543375	0.364516129032	94	23	3	0	22	0.189655172414
0.141778989209	0.365591397849	95	23	3	0	22	0.188034188034
0.141967201834	0.366666666667	96	23	3	0	22	0.186440677966
0.143722371549	0.365591397849	97	23	3	0	22	0.18487394958
0.143860532206	0.365591397849	98	23	3	0	22	0.183333333333
0.143889696873	0.365591397849	99	23	3	0	22	0.181818181818
0.144558016945	0.366666666667	100	23	3	0	22	0.180327868852
0.144725377184	0.366666666667	101	23	3	0	22	0.178861788618
0.14494114442	0.365591397849	101	24	3	0	23	0.185483870968
0.145806285756	0.365591397849	102	24	3	0	23	0.184
0.146709672546	0.363440860215	102	25	3	0	25	0.196850393701
0.148251220479	0.362365591398	103	25	3	0	25	0.1953125
0.148826968757	0.361290322581	104	25	3	0	25	0.193798449612
0.149746118072	0.361290322581	105	25	3	0	25	0.192307692308
0.15168637717	0.360215053763	105	26	3	0	26	0.198473282443
0.152141253307	0.358064516129	105	27	3	0	28	0.210526315789
0.152640503174	0.356989247312	105	28	3	0	29	0.216417910448
0.153229713722	0.356989247312	106	28	3	0	29	0.214814814815
0.153397121092	0.356989247312	107	28	3	0	29	0.213235294118
0.153959740898	0.356989247312	107	29	3	0	29	0.213235294118
0.154994860677	0.358064516129	108	29	3	0	29	0.211678832117
0.155819031204	0.356989247312	109	29	3	0	29	0.210144927536
0.156340137815	0.354838709677	109	30	3	0	31	0.221428571429
0.156880873904	0.355913978495	110	30	3	0	31	0.219858156028
0.157263507515	0.354838709677	111	30	3	0	31	0.218309859155
0.15738407204	0.355913978495	112	30	3	0	31	0.216783216783
0.158176540683	0.354838709677	113	30	3	0	31	0.215277777778
0.161912536594	0.352688172043	113	31	3	0	33	0.22602739726
0.162016751662	0.35376344086	114	31	3	0	33	0.224489795918
0.164557372227	0.354838709677	115	31	3	0	33	0.222972972973
0.165338134747	0.355913978495	116	31	3	0	33	0.221476510067
0.1658765053	0.356989247312	117	31	3	0	33	0.22
0.16592988013	0.358064516129	118	31	3	0	33	0.218543046358
0.166095132077	0.359139784946	119	31	3	0	33	0.217105263158
0.166410128949	0.360215053763	120	31	3	0	33	0.21568627451
0.166900863238	0.359139784946	121	31	3	0	33	0.214285714286
0.169540805912	0.360215053763	122	31	3	0	33	0.212903225806
0.173818902174	0.360215053763	123	31	3	0	33	0.211538461538
0.174217704662	0.359139784946	123	32	3	0	34	0.216560509554
0.176763957361	0.360215053763	124	32	3	0	34	0.215189873418
0.176900562253	0.361290322581	125	32	3	0	34	0.213836477987
0.17701888984	0.360215053763	126	32	3	0	34	0.2125
0.177340822602	0.360215053763	126	33	3	0	34	0.2125
0.177441680619	0.361290322581	127	33	3	0	34	0.211180124224
0.177735572582	0.360215053763	127	34	3	0	35	0.216049382716
0.179481522113	0.361290322581	128	34	3	0	35	0.21472392638
0.18040735611	0.361290322581	129	34	3	0	35	0.213414634146
0.18089020386	0.360215053763	130	34	3	0	35	0.212121212121
0.181173869305	0.359139784946	131	34	3	0	35	0.210843373494
0.182675564626	0.358064516129	132	34	3	0	35	0.209580838323
0.182698914167	0.356989247312	133	34	3	0	35	0.208333333333
0.182754985114	0.355913978495	134	34	3	0	35	0.207100591716
0.18340689981	0.356989247312	135	34	3	0	35	0.205882352941
0.18603030179	0.356989247312	135	35	3	0	35	0.205882352941
0.188223765962	0.355913978495	135	36	3	0	36	0.210526315789
0.189318191178	0.355913978495	136	36	3	0	36	0.209302325581
0.190405672369	0.356989247312	137	36	3	0	36	0.208092485549
0.191990194193	0.354838709677	137	37	3	0	38	0.217142857143
0.195078475416	0.352688172043	137	38	3	0	40	0.225988700565
0.198058312657	0.35376344086	138	38	3	0	40	0.224719101124
0.198760123328	0.354838709677	139	38	3	0	40	0.223463687151
0.200174317149	0.354838709677	139	39	3	0	40	0.223463687151
0.202250350027	0.35376344086	139	40	3	0	41	0.227777777778
0.205281229603	0.352688172043	140	40	3	0	41	0.226519337017
0.205834188536	0.352688172043	141	40	3	0	41	0.225274725275
0.211047271871	0.35376344086	142	40	3	0	41	0.224043715847
0.211132871064	0.352688172043	143	40	3	0	41	0.222826086957
0.211480612229	0.35376344086	144	40	3	0	41	0.221621621622
0.212109802595	0.35376344086	145	40	3	0	41	0.220430107527
0.212831638067	0.351612903226	145	41	3	0	43	0.228723404255
0.21369264209	0.350537634409	145	42	3	0	44	0.232804232804
0.21381119202	0.349462365591	145	43	3	0	45	0.236842105263
0.216910668551	0.350537634409	146	43	3	0	45	0.235602094241
0.218528095087	0.351612903226	147	43	3	0	45	0.234375
0.218545637753	0.351612903226	147	44	3	0	45	0.234375
0.219051649442	0.350537634409	148	44	3	0	45	0.233160621762
0.219118282685	0.351612903226	149	44	3	0	45	0.231958762887
0.22010761197	0.352688172043	150	44	3	0	45	0.230769230769
0.222280315725	0.35376344086	151	44	3	0	45	0.229591836735
0.222352024565	0.354838709677	152	44	3	0	45	0.228426395939
0.223254613058	0.35376344086	153	44	3	0	45	0.227272727273
0.224284721084	0.352688172043	154	44	3	0	45	0.226130653266
0.224337386717	0.35376344086	155	44	3	0	45	0.225
0.227167406864	0.354838709677	156	44	3	0	45	0.223880597015
0.227540414608	0.35376344086	157	44	3	0	45	0.222772277228
0.230881813708	0.354838709677	158	44	3	0	45	0.221674876847
0.232227304257	0.355913978495	159	44	3	0	45	0.220588235294
0.233754019625	0.356989247312	160	44	3	0	45	0.219512195122
0.233863971924	0.356989247312	161	44	3	0	45	0.218446601942
0.236211324871	0.358064516129	162	44	3	0	45	0.217391304348
0.237229119125	0.356989247312	163	44	3	0	45	0.216346153846
0.23992262764	0.356989247312	164	44	3	0	45	0.215311004785
0.242273981	0.358064516129	165	44	3	0	45	0.214285714286
0.24283272489	0.359139784946	166	44	3	0	45	0.21327014218
0.242902125907	0.356989247312	166	45	3	0	47	0.220657276995
0.243155508888	0.356989247312	166	46	3	0	47	0.220657276995
0.244327270505	0.358064516129	167	46	3	0	47	0.219626168224
0.244342456018	0.359139784946	168	46	3	0	47	0.218604651163
0.244920278654	0.360215053763	169	46	3	0	47	0.217592592593
0.245158437239	0.359139784946	170	46	3	0	47	0.216589861751
0.247327030045	0.360215053763	171	46	3	0	47	0.215596330275
0.247435780094	0.360215053763	172	46	3	0	47	0.214611872146
0.247494596033	0.361290322581	173	46	3	0	47	0.213636363636
0.250960722422	0.362365591398	174	46	3	0	47	0.212669683258
0.252190864331	0.362365591398	175	46	3	0	47	0.211711711712
0.252427817217	0.363440860215	176	46	3	0	47	0.210762331839
0.253528138973	0.364516129032	177	46	3	0	47	0.209821428571
0.254266508489	0.365591397849	178	46	3	0	47	0.208888888889
0.254609605904	0.364516129032	179	46	3	0	47	0.20796460177
0.256237682671	0.363440860215	180	46	3	0	47	0.20704845815
0.259467251784	0.364516129032	181	46	3	0	47	0.206140350877
0.262354977486	0.363440860215	182	46	3	0	47	0.205240174672
0.262415596903	0.362365591398	182	47	3	0	48	0.208695652174
0.262618790158	0.360215053763	182	48	3	0	50	0.215517241379
0.26415526938	0.361290322581	183	48	3	0	50	0.214592274678
0.265034579392	0.362365591398	184	48	3	0	50	0.213675213675
0.265416636774	0.362365591398	185	48	3	0	50	0.212765957447
0.265973373497	0.363440860215	186	48	3	0	50	0.21186440678
0.268791345479	0.363440860215	187	48	3	0	50	0.210970464135
0.269825661785	0.363440860215	188	48	3	0	50	0.210084033613
0.270680202837	0.361290322581	188	49	3	0	52	0.216666666667
0.271325739676	0.360215053763	189	49	3	0	52	0.215767634855
0.272452132504	0.360215053763	190	49	3	0	52	0.214876033058
0.273293227909	0.360215053763	191	49	3	0	52	0.213991769547
0.273824571016	0.360215053763	192	49	3	0	52	0.213114754098
0.273959121648	0.360215053763	193	49	3	0	52	0.212244897959
0.27417206022	0.358064516129	193	50	3	0	54	0.218623481781
0.276947078795	0.359139784946	194	50	3	0	54	0.217741935484
0.277638346432	0.356989247312	194	51	3	0	56	0.224
0.278034413403	0.358064516129	195	51	3	0	56	0.223107569721
0.278765118059	0.356989247312	196	51	3	0	56	0.222222222222
0.280807317943	0.356989247312	196	52	3	0	56	0.222222222222
0.281113305089	0.355913978495	196	53	3	0	57	0.225296442688
0.281642398426	0.355913978495	197	53	3	0	57	0.224409448819
0.282162230565	0.354838709677	197	54	3	0	58	0.227450980392
0.282952120374	0.354838709677	198	54	3	0	58	0.2265625
0.284613078213	0.355913978495	199	54	3	0	58	0.225680933852
0.285462446224	0.356989247312	200	54	3	0	58	0.22480620155
0.286295446289	0.358064516129	201	54	3	0	58	0.223938223938
0.286324295354	0.356989247312	202	54	3	0	58	0.223076923077
0.286810738471	0.354838709677	202	55	3	0	60	0.229007633588
0.286983150178	0.354838709677	203	55	3	0	60	0.228136882129
0.288101809814	0.35376344086	204	55	3	0	60	0.227272727273
0.288694001986	0.354838709677	205	55	3	0	60	0.22641509434
0.291423809525	0.35376344086	206	55	3	0	60	0.225563909774
0.292421267576	0.35376344086	207	55	3	0	60	0.224719101124
0.294573700248	0.354838709677	208	55	3	0	60	0.223880597015
0.294929301945	0.355913978495	209	55	3	0	60	0.223048327138
0.295196357699	0.354838709677	210	55	3	0	60	0.222222222222
0.297553430135	0.35376344086	211	55	3	0	60	0.221402214022
0.29961352977	0.354838709677	212	55	3	0	60	0.220588235294
0.304665289455	0.354838709677	213	55	3	0	60	0.21978021978
0.306435959493	0.35376344086	213	56	3	0	61	0.222627737226
0.306584728802	0.352688172043	214	56	3	0	61	0.221818181818
0.307190138723	0.35376344086	215	56	3	0	61	0.221014492754
0.307388045181	0.35376344086	216	56	3	0	61	0.220216606498
0.308913156014	0.35376344086	217	56	3	0	61	0.219424460432
0.310870195949	0.352688172043	218	56	3	0	61	0.218637992832
0.311190966321	0.35376344086	219	56	3	0	61	0.217857142857
0.311641524789	0.352688172043	220	56	3	0	61	0.217081850534
0.312029767865	0.351612903226	221	56	3	0	61	0.216312056738
0.3141958363	0.352688172043	222	56	3	0	61	0.21554770318
0.315089245583	0.352688172043	222	57	3	0	61	0.21554770318
0.315166558026	0.35376344086	223	57	3	0	61	0.214788732394
0.316572725255	0.351612903226	223	58	3	0	63	0.22027972028
0.322012228868	0.352688172043	224	58	3	0	63	0.219512195122
0.325268671496	0.351612903226	225	58	3	0	63	0.21875
0.327289990571	0.348387096774	225	59	3	0	66	0.226804123711
0.331262776602	0.348387096774	226	59	3	0	66	0.22602739726
0.331733126035	0.349462365591	227	59	3	0	66	0.225255972696
0.336709112854	0.347311827957	227	60	3	0	68	0.230508474576
0.337215446213	0.34623655914	228	60	3	0	68	0.22972972973
0.337693554222	0.345161290323	229	60	3	0	68	0.228956228956
0.340095114252	0.343010752688	229	61	3	0	70	0.234113712375
0.341709379484	0.344086021505	230	61	3	0	70	0.233333333333
0.34220134162	0.345161290323	231	61	3	0	70	0.232558139535
0.342344162556	0.344086021505	232	61	3	0	70	0.23178807947
0.344404477819	0.341935483871	232	62	3	0	72	0.236842105263
0.345826205135	0.341935483871	232	63	3	0	72	0.236842105263
0.347032124163	0.340860215054	232	64	3	0	73	0.239344262295
0.349059388473	0.340860215054	233	64	3	0	73	0.238562091503
0.355086911467	0.340860215054	233	65	3	0	73	0.238562091503
0.355105830896	0.339784946237	234	65	3	0	73	0.237785016287
0.355626269335	0.340860215054	235	65	3	0	73	0.237012987013
0.357136530154	0.340860215054	235	66	3	0	73	0.237012987013
0.35800630275	0.341935483871	236	66	3	0	73	0.236245954693
0.359098309874	0.343010752688	237	66	3	0	73	0.235483870968
0.359553389676	0.343010752688	237	67	3	0	73	0.235483870968
0.359632620529	0.344086021505	238	67	3	0	73	0.234726688103
0.363278652568	0.344086021505	239	67	3	0	73	0.233974358974
0.363567225281	0.345161290323	240	67	3	0	73	0.233226837061
0.363619328331	0.34623655914	241	67	3	0	73	0.232484076433
0.364394884907	0.347311827957	242	67	3	0	73	0.231746031746
0.366050773984	0.348387096774	243	67	3	0	73	0.231012658228
0.366486283816	0.349462365591	244	67	3	0	73	0.230283911672
0.367577589051	0.350537634409	245	67	3	0	73	0.229559748428
0.370012340488	0.349462365591	246	67	3	0	73	0.228840125392
0.371035694934	0.349462365591	247	67	3	0	73	0.228125
0.371811342082	0.349462365591	248	67	3	0	73	0.227414330218
0.372564072857	0.349462365591	248	68	3	0	73	0.227414330218
0.374397554437	0.349462365591	249	68	3	0	73	0.226708074534
0.375250343966	0.348387096774	250	68	3	0	73	0.22600619195
0.377193983845	0.347311827957	250	69	3	0	74	0.228395061728
0.378335328779	0.347311827957	251	69	3	0	74	0.227692307692
0.378413622172	0.348387096774	252	69	3	0	74	0.226993865031
0.384494273651	0.349462365591	253	69	3	0	74	0.22629969419
0.3881814822	0.349462365591	254	69	3	0	74	0.225609756098
0.388848871014	0.348387096774	254	70	3	0	75	0.227963525836
0.389281760639	0.349462365591	255	70	3	0	75	0.227272727273
0.394327196595	0.348387096774	255	71	3	0	76	0.229607250755
0.395318809461	0.349462365591	256	71	3	0	76	0.228915662651
0.397811831861	0.349462365591	257	71	3	0	76	0.228228228228
0.397901342259	0.350537634409	258	71	3	0	76	0.22754491018
0.397985656437	0.349462365591	259	71	3	0	76	0.226865671642
0.398110759647	0.349462365591	260	71	3	0	76	0.22619047619
0.399518869689	0.350537634409	261	71	3	0	76	0.225519287834
0.400494699136	0.350537634409	262	71	3	0	76	0.224852071006
0.40062801082	0.351612903226	263	71	3	0	76	0.22418879056
0.405877815556	0.350537634409	264	71	3	0	76	0.223529411765
0.406022532357	0.351612903226	265	71	3	0	76	0.222873900293
0.406309646969	0.352688172043	266	71	3	0	76	0.222222222222
0.407868385939	0.351612903226	266	72	3	0	77	0.224489795918
0.40809795883	0.352688172043	267	72	3	0	77	0.223837209302
0.408625175126	0.35376344086	268	72	3	0	77	0.223188405797
0.410786961938	0.354838709677	269	72	3	0	77	0.222543352601
0.411709378568	0.35376344086	270	72	3	0	77	0.221902017291
0.413079174717	0.35376344086	270	73	3	0	77	0.221902017291
0.413551187683	0.354838709677	271	73	3	0	77	0.221264367816
0.414526295124	0.354838709677	272	73	3	0	77	0.220630372493
0.41457280771	0.354838709677	273	73	3	0	77	0.22
0.414669603498	0.355913978495	274	73	3	0	77	0.219373219373
0.414851848394	0.355913978495	274	74	3	0	77	0.219373219373
0.415115870183	0.354838709677	275	74	3	0	77	0.21875
0.416176055381	0.35376344086	276	74	3	0	77	0.218130311615
0.416335072119	0.354838709677	277	74	3	0	77	0.217514124294
0.418707011613	0.355913978495	278	74	3	0	77	0.216901408451
0.421468425253	0.356989247312	279	74	3	0	77	0.216292134831
0.421787133894	0.356989247312	280	74	3	0	77	0.21568627451
0.423666081729	0.355913978495	281	74	3	0	77	0.215083798883
0.424676243188	0.356989247312	282	74	3	0	77	0.214484679666
0.425251643545	0.354838709677	282	75	3	0	79	0.218836565097
0.425657484304	0.35376344086	283	75	3	0	79	0.218232044199
0.427687858188	0.35376344086	284	75	3	0	79	0.217630853994
0.427776003323	0.351612903226	284	76	3	0	81	0.221917808219
0.428470689804	0.351612903226	285	76	3	0	81	0.22131147541
0.428776495269	0.352688172043	286	76	3	0	81	0.220708446866
0.428964779391	0.351612903226	286	77	3	0	82	0.222826086957
0.429549252757	0.350537634409	287	77	3	0	82	0.222222222222
0.431986331047	0.350537634409	288	77	3	0	82	0.221621621622
0.433780588825	0.351612903226	289	77	3	0	82	0.22102425876
0.443238366633	0.352688172043	290	77	3	0	82	0.220430107527
0.444077956046	0.35376344086	291	77	3	0	82	0.219839142091
0.444918884645	0.352688172043	292	77	3	0	82	0.219251336898
0.44557958508	0.351612903226	293	77	3	0	82	0.218666666667
0.450300364143	0.351612903226	294	77	3	0	82	0.218085106383
0.450796655145	0.350537634409	295	77	3	0	82	0.2175066313
0.453115851151	0.349462365591	296	77	3	0	82	0.216931216931
0.453333075439	0.349462365591	296	78	3	0	82	0.216931216931
0.454664327197	0.349462365591	296	79	3	0	82	0.216931216931
0.456597769913	0.350537634409	297	79	3	0	82	0.21635883905
0.458058456174	0.351612903226	298	79	3	0	82	0.215789473684
0.458195336882	0.350537634409	298	80	3	0	83	0.217847769029
0.458294376595	0.350537634409	299	80	3	0	83	0.217277486911
0.458480481463	0.351612903226	300	80	3	0	83	0.216710182768
0.460406197538	0.352688172043	301	80	3	0	83	0.216145833333
0.460540745666	0.35376344086	302	80	3	0	83	0.215584415584
0.462200955732	0.354838709677	303	80	3	0	83	0.215025906736
0.462661046696	0.355913978495	304	80	3	0	83	0.214470284238
0.462693848213	0.356989247312	305	80	3	0	83	0.213917525773
0.463731749366	0.356989247312	306	80	3	0	83	0.213367609254
0.466393583824	0.358064516129	307	80	3	0	83	0.212820512821
0.467319285922	0.359139784946	308	80	3	0	83	0.212276214834
0.468360332588	0.358064516129	308	81	3	0	84	0.214285714286
0.46871783653	0.359139784946	309	81	3	0	84	0.213740458015
0.470586008794	0.360215053763	310	81	3	0	84	0.213197969543
0.471334391289	0.359139784946	310	82	3	0	85	0.215189873418
0.472128181419	0.355913978495	310	83	3	0	88	0.221105527638
0.47375516125	0.354838709677	311	83	3	0	88	0.220551378446
0.474029758292	0.354838709677	312	83	3	0	88	0.22
0.474062257824	0.352688172043	312	84	3	0	90	0.223880597015
0.476856151478	0.350537634409	312	85	3	0	92	0.227722772277
0.481958736059	0.351612903226	313	85	3	0	92	0.227160493827
0.48396635491	0.352688172043	314	85	3	0	92	0.226600985222
0.489782325896	0.35376344086	315	85	3	0	92	0.226044226044
0.490723784265	0.35376344086	316	85	3	0	92	0.225490196078
0.490829773304	0.354838709677	317	85	3	0	92	0.224938875306
0.493393454948	0.354838709677	318	85	3	0	92	0.224390243902
0.494523519448	0.354838709677	319	85	3	0	92	0.223844282238
0.496467702177	0.35376344086	319	86	3	0	93	0.22572815534
0.501082310089	0.351612903226	319	87	3	0	95	0.229468599034
0.502991243951	0.352688172043	320	87	3	0	95	0.228915662651
0.503765955216	0.35376344086	321	87	3	0	95	0.228365384615
0.504290773952	0.351612903226	321	88	3	0	97	0.232057416268
0.504902455079	0.351612903226	322	88	3	0	97	0.231503579952
0.5050466014	0.352688172043	323	88	3	0	97	0.230952380952
0.507335894487	0.349462365591	323	89	3	0	100	0.236406619385
0.507420938392	0.350537634409	324	89	3	0	100	0.235849056604
0.511663418412	0.350537634409	325	89	3	0	100	0.235294117647
0.511970983564	0.350537634409	326	89	3	0	100	0.234741784038
0.517844345106	0.349462365591	326	90	3	0	101	0.236533957845
0.518033850748	0.350537634409	327	90	3	0	101	0.235981308411
0.518778763006	0.350537634409	328	90	3	0	101	0.235431235431
0.522081406283	0.351612903226	329	90	3	0	101	0.23488372093
0.522832504056	0.352688172043	330	90	3	0	101	0.2343387471
0.523386731022	0.351612903226	331	90	3	0	101	0.233796296296
0.525791203527	0.352688172043	332	90	3	0	101	0.233256351039
0.528540650785	0.35376344086	333	90	3	0	101	0.232718894009
0.529397451701	0.35376344086	333	91	3	0	101	0.232718894009
0.531542345912	0.354838709677	334	91	3	0	101	0.232183908046
0.532012892562	0.355913978495	335	91	3	0	101	0.231651376147
0.532655520633	0.356989247312	336	91	3	0	101	0.231121281465
0.533731207538	0.355913978495	336	92	3	0	102	0.232876712329
0.533886665305	0.352688172043	336	93	3	0	105	0.238095238095
0.534106092515	0.351612903226	337	93	3	0	105	0.237556561086
0.535758707139	0.352688172043	338	93	3	0	105	0.237020316027
0.537512976664	0.35376344086	339	93	3	0	105	0.236486486486
0.538248435841	0.352688172043	340	93	3	0	105	0.23595505618
0.540157099057	0.35376344086	341	93	3	0	105	0.235426008969
0.540290709268	0.35376344086	342	93	3	0	105	0.234899328859
0.541877737932	0.354838709677	343	93	3	0	105	0.234375
0.544515194013	0.355913978495	344	93	3	0	105	0.233853006682
0.549478200249	0.355913978495	345	93	3	0	105	0.233333333333
0.54970608413	0.356989247312	346	93	3	0	105	0.232815964523
0.553615696286	0.356989247312	347	93	3	0	105	0.232300884956
0.553886884958	0.356989247312	347	94	3	0	105	0.232300884956
0.554120738682	0.358064516129	348	94	3	0	105	0.23178807947
0.555210975077	0.359139784946	349	94	3	0	105	0.23127753304
0.555379167123	0.359139784946	350	94	3	0	105	0.230769230769
0.558386191505	0.359139784946	350	95	3	0	105	0.230769230769
0.559288134151	0.360215053763	351	95	3	0	105	0.230263157895
0.561912055594	0.361290322581	352	95	3	0	105	0.229759299781
0.562274680371	0.360215053763	353	95	3	0	105	0.229257641921
0.564510219844	0.361290322581	354	95	3	0	105	0.228758169935
0.566300753384	0.362365591398	355	95	3	0	105	0.228260869565
0.567235910954	0.363440860215	356	95	3	0	105	0.227765726681
0.567924894845	0.363440860215	357	95	3	0	105	0.227272727273
0.568572367695	0.363440860215	358	95	3	0	105	0.226781857451
0.569804480763	0.364516129032	359	95	3	0	105	0.226293103448
0.571045244062	0.364516129032	360	95	3	0	105	0.225806451613
0.571393755028	0.365591397849	361	95	3	0	105	0.225321888412
0.574660159233	0.366666666667	362	95	3	0	105	0.224839400428
0.574708768035	0.366666666667	363	95	3	0	105	0.224358974359
0.576839127786	0.367741935484	364	95	3	0	105	0.223880597015
0.581257554924	0.367741935484	365	95	3	0	105	0.223404255319
0.581619106222	0.368817204301	366	95	3	0	105	0.222929936306
0.583316239439	0.367741935484	367	95	3	0	105	0.222457627119
0.585412050257	0.368817204301	368	95	3	0	105	0.221987315011
0.588392642565	0.369892473118	369	95	3	0	105	0.221518987342
0.590344644413	0.370967741935	370	95	3	0	105	0.221052631579
0.592354402648	0.370967741935	371	95	3	0	105	0.220588235294
0.593158713708	0.369892473118	372	95	3	0	105	0.220125786164
0.593282890376	0.368817204301	372	96	3	0	106	0.221757322176
0.594660927695	0.369892473118	373	96	3	0	106	0.221294363257
0.595272381265	0.370967741935	374	96	3	0	106	0.220833333333
0.595435104476	0.372043010753	375	96	3	0	106	0.220374220374
0.596889813031	0.37311827957	376	96	3	0	106	0.219917012448
0.597136123803	0.372043010753	377	96	3	0	106	0.219461697723
0.597171982505	0.37311827957	378	96	3	0	106	0.219008264463
0.598409286967	0.372043010753	379	96	3	0	106	0.218556701031
0.599187275385	0.369892473118	379	97	3	0	108	0.221765913758
0.599212226057	0.370967741935	380	97	3	0	108	0.22131147541
0.599525448699	0.372043010753	381	97	3	0	108	0.220858895706
0.601731149253	0.37311827957	382	97	3	0	108	0.220408163265
0.601871241078	0.374193548387	383	97	3	0	108	0.219959266802
0.603111707977	0.374193548387	384	97	3	0	108	0.219512195122
0.603363082675	0.37311827957	385	97	3	0	108	0.21906693712
0.604319782288	0.37311827957	386	97	3	0	108	0.218623481781
0.60471481398	0.374193548387	387	97	3	0	108	0.218181818182
0.605586215925	0.374193548387	387	98	3	0	108	0.218181818182
0.606275751181	0.374193548387	388	98	3	0	108	0.217741935484
0.608292397628	0.374193548387	388	99	3	0	108	0.217741935484
0.608819531448	0.375268817204	389	99	3	0	108	0.217303822938
0.609005616308	0.376344086022	390	99	3	0	108	0.21686746988
0.610332828415	0.377419354839	391	99	3	0	108	0.216432865731
0.610823907257	0.376344086022	391	100	3	0	109	0.218
0.610867931051	0.377419354839	392	100	3	0	109	0.217564870259
0.611690035078	0.377419354839	393	100	3	0	109	0.217131474104
0.613006193349	0.377419354839	394	100	3	0	109	0.216699801193
0.613299235529	0.378494623656	395	100	3	0	109	0.21626984127
0.614236592577	0.379569892473	396	100	3	0	109	0.215841584158
0.614826358368	0.379569892473	397	100	3	0	109	0.215415019763
0.615099231365	0.38064516129	398	100	3	0	109	0.214990138067
0.61951443197	0.379569892473	398	101	3	0	110	0.216535433071
0.619613227106	0.38064516129	399	101	3	0	110	0.216110019646
0.620674485635	0.381720430108	400	101	3	0	110	0.21568627451
0.621019143669	0.382795698925	401	101	3	0	110	0.215264187867
0.622048232161	0.383870967742	402	101	3	0	110	0.21484375
0.622247426117	0.382795698925	402	102	3	0	111	0.216374269006
0.622572930015	0.383870967742	403	102	3	0	111	0.215953307393
0.623085798955	0.382795698925	404	102	3	0	111	0.215533980583
0.623793238059	0.382795698925	404	103	3	0	111	0.215533980583
0.62417330136	0.382795698925	404	104	3	0	111	0.215533980583
0.62638247266	0.382795698925	405	104	3	0	111	0.21511627907
0.626395357799	0.382795698925	406	104	3	0	111	0.214700193424
0.630847859059	0.383870967742	407	104	3	0	111	0.214285714286
0.634950000703	0.382795698925	408	104	3	0	111	0.21387283237
0.6358441826	0.381720430108	409	104	3	0	111	0.213461538462
0.63619691663	0.382795698925	410	104	3	0	111	0.213051823417
0.638401650118	0.381720430108	410	105	3	0	112	0.214559386973
0.638801107285	0.382795698925	411	105	3	0	112	0.214149139579
0.640040232637	0.383870967742	412	105	3	0	112	0.213740458015
0.640502844088	0.383870967742	413	105	3	0	112	0.213333333333
0.640588491899	0.383870967742	413	106	3	0	112	0.213333333333
0.643773202275	0.384946236559	414	106	3	0	112	0.212927756654
0.644447975551	0.382795698925	414	107	3	0	114	0.215909090909
0.645192204476	0.381720430108	414	108	3	0	115	0.217391304348
0.645618439542	0.382795698925	415	108	3	0	115	0.216981132075
0.646896928423	0.383870967742	416	108	3	0	115	0.216572504708
0.647976210374	0.383870967742	417	108	3	0	115	0.216165413534
0.648013908664	0.384946236559	418	108	3	0	115	0.215759849906
0.649285691491	0.386021505376	419	108	3	0	115	0.215355805243
0.649456989383	0.384946236559	420	108	3	0	115	0.214953271028
0.652206820911	0.384946236559	420	109	3	0	115	0.214953271028
0.655372721782	0.383870967742	421	109	3	0	115	0.214552238806
0.655599452402	0.382795698925	421	110	3	0	116	0.216014897579
0.656688397174	0.383870967742	422	110	3	0	116	0.2156133829
0.661923025344	0.383870967742	422	111	3	0	116	0.2156133829
