# time 	 divergence 	 # of mutations 	 # IGC chances 	 IGC length 	 # IGC failures 	 Changes due to IGC  	 % change due to IGC 
0.0	0.0	0	0	0	0	0	0.0
0.00248856694035	0.00213675213675	1	0	0	0	0	0.0
0.00583217007363	0.0042735042735	2	0	0	0	0	0.0
0.0066656090441	0.00641025641026	3	0	0	0	0	0.0
0.00823784765508	0.00854700854701	4	0	0	0	0	0.0
0.00864568657977	0.0106837606838	5	0	0	0	0	0.0
0.0129942119504	0.0128205128205	6	0	0	0	0	0.0
0.0133510219214	0.0149572649573	7	0	0	0	0	0.0
0.0155602898959	0.017094017094	8	0	0	0	0	0.0
0.0159019434974	0.0192307692308	9	0	0	0	0	0.0
0.0159444576635	0.0213675213675	10	0	0	0	0	0.0
0.018249895089	0.0235042735043	11	0	0	0	0	0.0
0.0183434519812	0.025641025641	12	0	0	0	0	0.0
0.0234670992891	0.0277777777778	13	0	0	0	0	0.0
0.0235000043067	0.0299145299145	14	0	0	0	0	0.0
0.0248206267762	0.0320512820513	15	0	0	0	0	0.0
0.0295922935611	0.034188034188	16	0	0	0	0	0.0
0.0300118288937	0.0363247863248	17	0	0	0	0	0.0
0.034072222339	0.0384615384615	18	0	0	0	0	0.0
0.0415836837719	0.0405982905983	19	0	0	0	0	0.0
0.0466379598435	0.042735042735	20	0	0	0	0	0.0
0.0495779168884	0.0448717948718	21	0	0	0	0	0.0
0.0525759522979	0.0470085470085	22	0	0	0	0	0.0
0.0532837788562	0.0491452991453	23	0	0	0	0	0.0
0.0548216975746	0.0512820512821	24	0	0	0	0	0.0
0.054895714235	0.0534188034188	25	0	0	0	0	0.0
0.056848460948	0.0555555555556	26	0	0	0	0	0.0
0.0579415623386	0.0576923076923	27	0	0	0	0	0.0
0.0653625483031	0.0598290598291	28	0	0	0	0	0.0
0.0678273624297	0.0619658119658	29	0	0	0	0	0.0
0.0689358073999	0.0641025641026	30	0	0	0	0	0.0
0.0706650026439	0.0662393162393	31	0	0	0	0	0.0
0.0990186637503	0.0662393162393	32	0	0	0	0	0.0
0.0991255602676	0.0683760683761	33	0	0	0	0	0.0
0.100174318715	0.0705128205128	34	0	0	0	0	0.0
0.101638250574	0.0726495726496	35	0	0	0	0	0.0
0.102966933102	0.0747863247863	36	0	0	0	0	0.0
0.105169760516	0.0747863247863	37	0	0	0	0	0.0
0.119035879831	0.0769230769231	38	0	0	0	0	0.0
0.119594217467	0.0790598290598	39	0	0	0	0	0.0
0.120762253199	0.0811965811966	40	0	0	0	0	0.0
0.123188490214	0.0790598290598	41	0	0	0	0	0.0
0.128486894959	0.0811965811966	42	0	0	0	0	0.0
0.133600372938	0.0833333333333	43	0	0	0	0	0.0
0.135533912771	0.0854700854701	44	0	0	0	0	0.0
0.138008591478	0.0876068376068	45	0	0	0	0	0.0
0.140436452305	0.0897435897436	46	0	0	0	0	0.0
0.141841355317	0.0918803418803	47	0	0	0	0	0.0
0.14331267285	0.0940170940171	48	0	0	0	0	0.0
0.145882881637	0.0961538461538	49	0	0	0	0	0.0
0.156638453891	0.0982905982906	50	0	0	0	0	0.0
0.157012506613	0.100427350427	51	0	0	0	0	0.0
0.159454964487	0.102564102564	52	0	0	0	0	0.0
0.164657981767	0.104700854701	53	0	0	0	0	0.0
0.165746221382	0.106837606838	54	0	0	0	0	0.0
0.170423470623	0.108974358974	55	0	0	0	0	0.0
