# time 	 divergence 	 # of mutations 	 # IGC chances 	 IGC length 	 # IGC failures 	 Changes due to IGC  	 % change due to IGC 
0.0	0.0	0	0	0	0	0	0.0
0.000182454150372	0.0	0	1	93	0	0	0.0
0.000537438218213	0.0	0	2	39	0	0	0.0
0.00141092111392	0.0	0	3	216	0	0	0.0
0.00160628595901	0.0	0	4	15	0	0	0.0
0.00556688737421	0.0	0	5	42	0	0	0.0
0.00589057433219	0.00213675213675	1	5	42	0	0	0.0
0.00704288678705	0.0042735042735	2	5	42	0	0	0.0
0.00711939321495	0.0042735042735	2	6	9	0	0	0.0
0.00722949344021	0.00641025641026	3	6	9	0	0	0.0
0.0111993373909	0.00641025641026	3	7	3	0	0	0.0
0.0113219165635	0.00854700854701	4	7	3	0	0	0.0
0.012509404807	0.0106837606838	5	7	3	0	0	0.0
0.0145360150738	0.0106837606838	5	8	105	0	0	0.0
0.0151268619005	0.0128205128205	6	8	105	0	0	0.0
0.0162130557423	0.0149572649573	7	8	105	0	0	0.0
0.016767295995	0.017094017094	8	8	105	0	0	0.0
0.017121355926	0.0128205128205	8	9	45	0	2	0.2
0.0230030354997	0.0106837606838	8	10	57	0	3	0.272727272727
0.0234899787889	0.0106837606838	8	11	9	0	3	0.272727272727
0.0236898099498	0.0128205128205	9	11	9	0	3	0.25
0.0237041343643	0.0128205128205	9	12	105	0	3	0.25
0.0240866804157	0.0149572649573	10	12	105	0	3	0.230769230769
0.0244016561073	0.0128205128205	10	13	135	0	4	0.285714285714
0.0246797095604	0.0128205128205	10	14	15	0	4	0.285714285714
0.0286093510062	0.00854700854701	10	15	72	0	6	0.375
0.0296842223164	0.0106837606838	11	15	72	0	6	0.352941176471
0.0301685995503	0.0128205128205	12	15	72	0	6	0.333333333333
0.030842835161	0.0106837606838	12	16	57	0	7	0.368421052632
0.0309940848889	0.0128205128205	13	16	57	0	7	0.35
0.0310397906375	0.0128205128205	14	16	57	0	7	0.333333333333
0.0318671169708	0.0128205128205	14	17	39	0	7	0.333333333333
0.0337233351327	0.0106837606838	14	18	75	0	8	0.363636363636
0.0342857407368	0.0106837606838	14	19	12	0	8	0.363636363636
0.0346510566008	0.0106837606838	14	20	15	0	8	0.363636363636
0.038553734108	0.00854700854701	14	21	60	0	9	0.391304347826
0.0399287640514	0.00854700854701	14	22	21	0	9	0.391304347826
0.0437124580539	0.0106837606838	15	22	21	0	9	0.375
0.0452137555561	0.0106837606838	15	23	6	0	9	0.375
0.0459614208702	0.0106837606838	15	24	93	0	9	0.375
0.049999312317	0.0128205128205	16	24	93	0	9	0.36
0.0501888083761	0.0128205128205	16	25	45	0	9	0.36
0.0502364280073	0.0128205128205	16	26	78	0	9	0.36
0.052110110428	0.0128205128205	16	27	75	0	9	0.36
0.0523193559214	0.0128205128205	16	28	48	0	9	0.36
0.0555688301702	0.0128205128205	16	29	75	0	9	0.36
0.0558529391467	0.0128205128205	16	30	114	0	9	0.36
0.0576997412222	0.0128205128205	17	30	114	0	9	0.346153846154
0.0583723502768	0.0128205128205	17	31	21	0	9	0.346153846154
0.0588269528161	0.0149572649573	18	31	21	0	9	0.333333333333
0.059320657295	0.017094017094	19	31	21	0	9	0.321428571429
0.0599394712685	0.0106837606838	19	32	87	0	12	0.387096774194
0.0622072616804	0.0106837606838	19	33	54	0	12	0.387096774194
0.0624139604749	0.0106837606838	19	34	33	0	12	0.387096774194
0.0624810992545	0.0106837606838	19	35	102	0	12	0.387096774194
0.0626045807802	0.0128205128205	20	35	102	0	12	0.375
0.0647461424344	0.0128205128205	20	36	6	0	12	0.375
0.0661285398554	0.00641025641026	20	37	87	0	15	0.428571428571
0.0662923039796	0.00641025641026	20	38	39	0	15	0.428571428571
0.0666112580815	0.00641025641026	20	39	30	0	15	0.428571428571
0.0668836893291	0.00854700854701	21	39	30	0	15	0.416666666667
0.0679971433318	0.0106837606838	22	39	30	0	15	0.405405405405
0.0725328138463	0.0106837606838	22	40	42	0	15	0.405405405405
0.0728377207992	0.00641025641026	22	41	198	0	17	0.435897435897
0.0729706625529	0.00854700854701	23	41	198	0	17	0.425
0.0742861420935	0.0106837606838	24	41	198	0	17	0.414634146341
0.0746456536856	0.0106837606838	24	42	6	0	17	0.414634146341
0.0750985715985	0.00641025641026	24	43	36	0	19	0.441860465116
0.0755340246432	0.00854700854701	25	43	36	0	19	0.431818181818
0.0765907857687	0.00854700854701	25	44	87	0	19	0.431818181818
0.0767603411184	0.0106837606838	26	44	87	0	19	0.422222222222
0.0781328279804	0.0128205128205	27	44	87	0	19	0.413043478261
0.0787724943625	0.0128205128205	27	45	42	0	19	0.413043478261
0.0806454593301	0.0149572649573	28	45	42	0	19	0.404255319149
0.0807138855774	0.017094017094	29	45	42	0	19	0.395833333333
0.0808706727499	0.017094017094	29	46	3	0	19	0.395833333333
0.082154868464	0.0149572649573	29	47	123	0	20	0.408163265306
0.0822204979651	0.0149572649573	29	48	57	0	20	0.408163265306
0.0826274919812	0.0106837606838	29	49	96	0	22	0.43137254902
0.0834316926461	0.0106837606838	29	50	3	0	22	0.43137254902
0.0843987459009	0.00854700854701	29	51	54	0	23	0.442307692308
0.0886351659245	0.00854700854701	29	52	9	0	23	0.442307692308
0.0896636641391	0.0106837606838	30	52	9	0	23	0.433962264151
0.0899846215936	0.0106837606838	30	53	18	0	23	0.433962264151
0.0923988594405	0.0106837606838	30	54	27	0	23	0.433962264151
0.0926429189756	0.0128205128205	31	54	27	0	23	0.425925925926
0.0965749271214	0.0128205128205	31	55	12	0	23	0.425925925926
0.0982808656832	0.0106837606838	31	56	42	0	24	0.436363636364
0.0992182596552	0.0106837606838	31	57	12	0	24	0.436363636364
0.0997222485471	0.0128205128205	32	57	12	0	24	0.428571428571
0.101603279299	0.0128205128205	32	58	9	0	24	0.428571428571
0.102353224319	0.0149572649573	33	58	9	0	24	0.421052631579
0.10243418366	0.0149572649573	33	59	21	0	24	0.421052631579
0.104005961897	0.0149572649573	33	60	3	0	24	0.421052631579
0.10489016533	0.0149572649573	33	61	72	0	24	0.421052631579
0.104941691472	0.017094017094	34	61	72	0	24	0.413793103448
0.108355178371	0.0106837606838	34	62	87	0	27	0.44262295082
0.109106973398	0.0128205128205	35	62	87	0	27	0.435483870968
0.110145218923	0.0149572649573	36	62	87	0	27	0.428571428571
0.114976773366	0.0149572649573	36	63	33	0	27	0.428571428571
0.115955995631	0.017094017094	37	63	33	0	27	0.421875
0.116374870333	0.0192307692308	38	63	33	0	27	0.415384615385
0.117639756455	0.0192307692308	38	64	36	0	27	0.415384615385
0.117736537597	0.0213675213675	39	64	36	0	27	0.409090909091
0.119865058487	0.017094017094	39	65	42	0	29	0.426470588235
0.12185227187	0.0192307692308	40	65	42	0	29	0.420289855072
0.121971412102	0.0213675213675	41	65	42	0	29	0.414285714286
0.123917328501	0.0235042735043	42	65	42	0	29	0.408450704225
0.1276814245	0.025641025641	43	65	42	0	29	0.402777777778
0.128176985138	0.0277777777778	44	65	42	0	29	0.397260273973
0.132443853243	0.0299145299145	45	65	42	0	29	0.391891891892
0.13323553867	0.0192307692308	45	66	234	0	34	0.430379746835
0.134234020946	0.0192307692308	45	67	24	0	34	0.430379746835
0.134330298463	0.0213675213675	46	67	24	0	34	0.425
0.136239200369	0.0192307692308	47	67	24	0	34	0.41975308642
0.139869671837	0.0192307692308	47	68	30	0	34	0.41975308642
0.141142141826	0.017094017094	47	69	15	0	35	0.426829268293
0.142055894432	0.017094017094	47	70	168	0	35	0.426829268293
0.142434318182	0.0149572649573	47	71	3	0	36	0.433734939759
0.144697780169	0.0106837606838	47	72	48	0	38	0.447058823529
0.145019010727	0.0128205128205	48	72	48	0	38	0.441860465116
0.14608140817	0.0106837606838	48	73	57	0	39	0.448275862069
0.147570474645	0.0106837606838	48	74	54	0	39	0.448275862069
0.148462671399	0.0128205128205	49	74	54	0	39	0.443181818182
0.148759837397	0.0149572649573	50	74	54	0	39	0.438202247191
0.1489360626	0.017094017094	51	74	54	0	39	0.433333333333
0.149032737052	0.017094017094	51	75	66	0	39	0.433333333333
0.151343320928	0.0192307692308	52	75	66	0	39	0.428571428571
0.152251708924	0.0192307692308	52	76	3	0	39	0.428571428571
0.15273215038	0.0213675213675	53	76	3	0	39	0.423913043478
0.153579683531	0.0235042735043	54	76	3	0	39	0.41935483871
0.153735082384	0.0235042735043	54	77	3	0	39	0.41935483871
0.153754720094	0.025641025641	55	77	3	0	39	0.414893617021
0.155222000844	0.025641025641	55	78	42	0	39	0.414893617021
0.15567832058	0.025641025641	55	79	21	0	39	0.414893617021
0.156018522309	0.0277777777778	56	79	21	0	39	0.410526315789
0.158122584728	0.0299145299145	57	79	21	0	39	0.40625
0.158752813089	0.0320512820513	58	79	21	0	39	0.40206185567
0.16032986067	0.0299145299145	58	80	12	0	40	0.408163265306
0.161406289898	0.0320512820513	59	80	12	0	40	0.40404040404
0.165506956963	0.034188034188	60	80	12	0	40	0.4
0.167629690522	0.034188034188	60	81	9	0	40	0.4
0.168104056774	0.0299145299145	60	82	27	0	42	0.411764705882
0.170382246929	0.0299145299145	60	83	18	0	42	0.411764705882
0.170733709756	0.0320512820513	61	83	18	0	42	0.407766990291
