# time 	 divergence 	 # of mutations 	 # IGC chances 	 IGC length 	 # IGC failures 	 Changes due to IGC  	 % change due to IGC 
0.0	0.212903225806	0	0	0	0	0	0.0
0.00211828129268	0.211827956989	1	0	0	0	0	0.0
0.00231341036464	0.212903225806	2	0	0	0	0	0.0
0.00304787724204	0.213978494624	3	0	0	0	0	0.0
0.00542425989969	0.213978494624	3	1	3	0	0	0.0
0.00590732590979	0.215053763441	4	1	3	0	0	0.0
0.00776930604649	0.216129032258	5	1	3	0	0	0.0
0.0080187492548	0.217204301075	6	1	3	0	0	0.0
0.00837026503391	0.218279569892	7	1	3	0	0	0.0
0.00942384607012	0.217204301075	7	2	9	0	1	0.125
0.012461074508	0.216129032258	8	2	9	0	1	0.111111111111
0.0125901929771	0.217204301075	9	2	9	0	1	0.1
0.0134037261095	0.218279569892	10	2	9	0	1	0.0909090909091
0.0140575107652	0.218279569892	10	3	6	0	1	0.0909090909091
0.0167764967966	0.21935483871	11	3	6	0	1	0.0833333333333
0.0239227866116	0.220430107527	12	3	6	0	1	0.0769230769231
0.0263503544029	0.218279569892	12	4	9	0	3	0.2
0.0288375618182	0.21935483871	13	4	9	0	3	0.1875
0.0295398892346	0.21935483871	14	4	9	0	3	0.176470588235
0.0311341608875	0.220430107527	15	4	9	0	3	0.166666666667
0.0353255547487	0.221505376344	16	4	9	0	3	0.157894736842
0.0355119836568	0.222580645161	17	4	9	0	3	0.15
0.0365440396735	0.221505376344	17	5	12	0	4	0.190476190476
0.0366679347345	0.222580645161	18	5	12	0	4	0.181818181818
0.0366870275621	0.223655913978	19	5	12	0	4	0.173913043478
0.037741492786	0.223655913978	20	5	12	0	4	0.166666666667
0.0389264880451	0.224731182796	21	5	12	0	4	0.16
0.0407306141544	0.225806451613	22	5	12	0	4	0.153846153846
0.0441520789343	0.22688172043	23	5	12	0	4	0.148148148148
0.0445841348876	0.227956989247	24	5	12	0	4	0.142857142857
0.0463692086714	0.229032258065	25	5	12	0	4	0.137931034483
0.0485152371178	0.230107526882	26	5	12	0	4	0.133333333333
0.0485274733984	0.231182795699	27	5	12	0	4	0.129032258065
0.0504725929486	0.225806451613	27	6	18	0	9	0.25
0.0522405160117	0.22688172043	28	6	18	0	9	0.243243243243
0.0527662941085	0.225806451613	29	6	18	0	9	0.236842105263
0.0529944368864	0.223655913978	29	7	3	0	11	0.275
0.0579841246762	0.223655913978	30	7	3	0	11	0.268292682927
0.0585942181463	0.222580645161	30	8	9	0	12	0.285714285714
0.0586199851639	0.220430107527	30	9	9	0	14	0.318181818182
0.0602090622318	0.221505376344	31	9	9	0	14	0.311111111111
0.0606871418201	0.215053763441	31	10	33	0	20	0.392156862745
0.061455836141	0.216129032258	32	10	33	0	20	0.384615384615
0.0614920066191	0.217204301075	33	10	33	0	20	0.377358490566
0.0633327249919	0.217204301075	34	10	33	0	20	0.37037037037
0.0635047799344	0.215053763441	34	11	3	0	22	0.392857142857
0.064155670158	0.213978494624	35	11	3	0	22	0.385964912281
0.0670278653059	0.215053763441	36	11	3	0	22	0.379310344828
0.0680807974422	0.210752688172	36	12	30	0	26	0.41935483871
0.0689737022253	0.211827956989	37	12	30	0	26	0.412698412698
0.0701779337861	0.212903225806	38	12	30	0	26	0.40625
0.0717732344587	0.213978494624	39	12	30	0	26	0.4
0.0718802074161	0.215053763441	40	12	30	0	26	0.393939393939
0.0733836744379	0.216129032258	41	12	30	0	26	0.388059701493
0.0743915437538	0.215053763441	42	12	30	0	26	0.382352941176
0.0766032965069	0.209677419355	42	13	6	0	31	0.424657534247
0.0767858935398	0.210752688172	43	13	6	0	31	0.418918918919
0.0808319054432	0.211827956989	44	13	6	0	31	0.413333333333
0.0826337954057	0.210752688172	44	14	3	0	32	0.421052631579
0.0827123281629	0.210752688172	45	14	3	0	32	0.415584415584
0.0844480135756	0.211827956989	46	14	3	0	32	0.410256410256
0.0869390735464	0.210752688172	47	14	3	0	32	0.405063291139
0.0902314222056	0.209677419355	48	14	3	0	32	0.4
0.0905047745509	0.209677419355	49	14	3	0	32	0.395061728395
0.0922995929057	0.209677419355	49	15	3	0	32	0.395061728395
0.0931973367264	0.209677419355	49	16	3	0	32	0.395061728395
0.0980578491555	0.210752688172	50	16	3	0	32	0.390243902439
0.0984078103354	0.211827956989	51	16	3	0	32	0.385542168675
0.101386676331	0.210752688172	51	17	3	0	33	0.392857142857
0.101773539896	0.194623655914	51	18	45	0	48	0.484848484848
0.104207088242	0.195698924731	52	18	45	0	48	0.48
0.108178037	0.191397849462	52	19	18	0	52	0.5
0.109676224799	0.189247311828	52	20	9	0	54	0.509433962264
0.111406353147	0.190322580645	53	20	9	0	54	0.504672897196
0.111762701275	0.187096774194	53	21	24	0	57	0.518181818182
0.113865464539	0.188172043011	54	21	24	0	57	0.513513513514
0.117012715105	0.189247311828	55	21	24	0	57	0.508928571429
0.120145920112	0.190322580645	56	21	24	0	57	0.504424778761
0.121383036993	0.191397849462	57	21	24	0	57	0.5
0.123605962447	0.19247311828	58	21	24	0	57	0.495652173913
0.12469144486	0.193548387097	59	21	24	0	57	0.491379310345
0.126064081724	0.19247311828	59	22	15	0	58	0.495726495726
0.126067531606	0.191397849462	60	22	15	0	58	0.491525423729
0.126187110198	0.19247311828	61	22	15	0	58	0.487394957983
0.126836293174	0.191397849462	62	22	15	0	58	0.483333333333
0.127747153979	0.19247311828	63	22	15	0	58	0.479338842975
0.128003166205	0.19247311828	64	22	15	0	58	0.475409836066
0.129669343492	0.193548387097	65	22	15	0	58	0.471544715447
0.130628817192	0.194623655914	66	22	15	0	58	0.467741935484
0.134376498339	0.195698924731	67	22	15	0	58	0.464
0.135912713967	0.196774193548	68	22	15	0	58	0.460317460317
0.136480209029	0.197849462366	69	22	15	0	58	0.456692913386
0.137339016595	0.195698924731	69	23	9	0	60	0.46511627907
0.137978016946	0.196774193548	70	23	9	0	60	0.461538461538
0.138821004745	0.197849462366	71	23	9	0	60	0.458015267176
0.139242203755	0.195698924731	71	24	12	0	62	0.466165413534
0.139449053396	0.196774193548	72	24	12	0	62	0.462686567164
0.139836951163	0.193548387097	72	25	9	0	65	0.474452554745
0.14036512507	0.194623655914	73	25	9	0	65	0.471014492754
0.140951511325	0.195698924731	74	25	9	0	65	0.467625899281
0.14096229473	0.191397849462	74	26	6	0	69	0.482517482517
0.14173033645	0.19247311828	75	26	6	0	69	0.479166666667
0.142539640781	0.193548387097	76	26	6	0	69	0.475862068966
0.148046528486	0.188172043011	76	27	27	0	74	0.493333333333
0.152431130776	0.188172043011	76	28	6	0	74	0.493333333333
0.153296834933	0.189247311828	77	28	6	0	74	0.490066225166
0.155862190658	0.190322580645	78	28	6	0	74	0.486842105263
0.155966274926	0.191397849462	79	28	6	0	74	0.483660130719
0.158425063482	0.190322580645	80	28	6	0	74	0.480519480519
0.158586965359	0.190322580645	80	29	3	0	74	0.480519480519
0.161677666354	0.190322580645	81	29	3	0	74	0.477419354839
0.161992014786	0.191397849462	82	29	3	0	74	0.474358974359
0.163116986982	0.188172043011	82	30	21	0	77	0.48427672956
0.163695387038	0.187096774194	82	31	12	0	78	0.4875
0.164955211741	0.187096774194	82	32	9	0	78	0.4875
0.165889898436	0.184946236559	82	33	9	0	80	0.493827160494
0.167156396433	0.186021505376	83	33	9	0	80	0.490797546012
0.168354958748	0.184946236559	83	34	9	0	81	0.493902439024
0.169769412838	0.186021505376	84	34	9	0	81	0.490909090909
0.170078889	0.187096774194	85	34	9	0	81	0.487951807229
0.171413298765	0.183870967742	85	35	18	0	84	0.497041420118
0.172943487899	0.184946236559	86	35	18	0	84	0.494117647059
0.175120257796	0.186021505376	87	35	18	0	84	0.491228070175
0.178318677538	0.184946236559	88	35	18	0	84	0.488372093023
0.178547875925	0.186021505376	89	35	18	0	84	0.485549132948
0.178832452417	0.187096774194	90	35	18	0	84	0.48275862069
0.179307054565	0.188172043011	91	35	18	0	84	0.48
0.180438615445	0.187096774194	92	35	18	0	84	0.477272727273
0.180929703304	0.188172043011	93	35	18	0	84	0.474576271186
0.182428375432	0.189247311828	94	35	18	0	84	0.47191011236
0.185890687649	0.190322580645	95	35	18	0	84	0.469273743017
0.18720820799	0.190322580645	95	36	9	0	84	0.469273743017
0.187992583053	0.189247311828	95	37	3	0	85	0.472222222222
0.189872253614	0.189247311828	96	37	3	0	85	0.469613259669
0.190153642206	0.190322580645	97	37	3	0	85	0.467032967033
0.190345564199	0.189247311828	98	37	3	0	85	0.464480874317
0.190591378685	0.190322580645	99	37	3	0	85	0.461956521739
0.190899552277	0.191397849462	100	37	3	0	85	0.459459459459
0.192275127222	0.19247311828	101	37	3	0	85	0.456989247312
0.193417195521	0.191397849462	102	37	3	0	85	0.454545454545
0.195585439183	0.191397849462	103	37	3	0	85	0.452127659574
0.197122676339	0.191397849462	104	37	3	0	85	0.449735449735
0.198965129816	0.190322580645	104	38	18	0	86	0.452631578947
0.199352381069	0.189247311828	105	38	18	0	86	0.450261780105
0.200277660143	0.187096774194	105	39	6	0	88	0.455958549223
0.200525815518	0.188172043011	106	39	6	0	88	0.453608247423
0.200602116557	0.183870967742	106	40	12	0	92	0.464646464646
0.203774961444	0.184946236559	107	40	12	0	92	0.462311557789
0.204166376827	0.186021505376	108	40	12	0	92	0.46
0.205661812077	0.183870967742	108	41	12	0	94	0.465346534653
0.205986606502	0.183870967742	109	41	12	0	94	0.463054187192
0.20729279287	0.177419354839	109	42	12	0	100	0.478468899522
0.208751149444	0.174193548387	109	43	6	0	103	0.485849056604
0.212957705687	0.175268817204	110	43	6	0	103	0.483568075117
0.213355226382	0.174193548387	110	44	3	0	104	0.485981308411
0.213796975337	0.175268817204	111	44	3	0	104	0.483720930233
0.214169414071	0.174193548387	112	44	3	0	104	0.481481481481
0.216323345029	0.175268817204	113	44	3	0	104	0.479262672811
0.216345671833	0.175268817204	113	45	3	0	104	0.479262672811
0.216631122224	0.175268817204	113	46	3	0	104	0.479262672811
0.217511027696	0.176344086022	114	46	3	0	104	0.477064220183
0.217756034641	0.177419354839	115	46	3	0	104	0.474885844749
0.217947782114	0.178494623656	116	46	3	0	104	0.472727272727
0.218089602567	0.179569892473	117	46	3	0	104	0.470588235294
0.218234198613	0.178494623656	118	46	3	0	104	0.468468468468
0.219926653377	0.179569892473	119	46	3	0	104	0.466367713004
0.221044778924	0.179569892473	120	46	3	0	104	0.464285714286
0.224761841072	0.18064516129	121	46	3	0	104	0.462222222222
0.226179065515	0.18064516129	122	46	3	0	104	0.46017699115
0.227961411501	0.176344086022	122	47	21	0	108	0.469565217391
0.228610600591	0.176344086022	123	47	21	0	108	0.467532467532
0.229624801576	0.177419354839	124	47	21	0	108	0.465517241379
0.231659558064	0.178494623656	125	47	21	0	108	0.463519313305
0.233214097619	0.179569892473	126	47	21	0	108	0.461538461538
0.233434749777	0.18064516129	127	47	21	0	108	0.459574468085
0.235528972479	0.181720430108	128	47	21	0	108	0.457627118644
0.236587821138	0.181720430108	129	47	21	0	108	0.455696202532
0.236988496482	0.18064516129	129	48	3	0	109	0.457983193277
0.237647613044	0.181720430108	130	48	3	0	109	0.456066945607
0.238035186154	0.182795698925	131	48	3	0	109	0.454166666667
0.238610938436	0.183870967742	132	48	3	0	109	0.452282157676
0.239038267281	0.179569892473	132	49	12	0	113	0.461224489796
0.240357671082	0.179569892473	132	50	6	0	113	0.461224489796
0.240792121691	0.18064516129	133	50	6	0	113	0.459349593496
0.241136356422	0.181720430108	134	50	6	0	113	0.457489878543
0.242858454523	0.182795698925	135	50	6	0	113	0.45564516129
0.245760779644	0.183870967742	136	50	6	0	113	0.453815261044
0.245909717438	0.184946236559	137	50	6	0	113	0.452
0.24651753841	0.183870967742	138	50	6	0	113	0.450199203187
0.247819889182	0.183870967742	139	50	6	0	113	0.448412698413
0.248734746134	0.184946236559	140	50	6	0	113	0.446640316206
0.249053967946	0.186021505376	141	50	6	0	113	0.444881889764
0.25159987058	0.187096774194	142	50	6	0	113	0.443137254902
0.251787055147	0.187096774194	143	50	6	0	113	0.44140625
0.255978096658	0.188172043011	144	50	6	0	113	0.439688715953
0.256293697848	0.189247311828	145	50	6	0	113	0.437984496124
0.256786446836	0.181720430108	145	51	27	0	120	0.452830188679
0.256970104078	0.181720430108	145	52	3	0	120	0.452830188679
0.25824669008	0.179569892473	145	53	18	0	122	0.456928838951
