# time 	 divergence 	 # of mutations 	 # IGC chances 	 IGC length 	 # IGC failures 	 Changes due to IGC  	 % change due to IGC 
0.0	0.39247311828	0	0	0	0	0	0.0
0.000114929288875	0.39247311828	1	0	0	0	0	0.0
0.00152416673778	0.393548387097	2	0	0	0	0	0.0
0.0020011177764	0.394623655914	3	0	0	0	0	0.0
0.00292007024043	0.394623655914	4	0	0	0	0	0.0
0.00394033827497	0.395698924731	5	0	0	0	0	0.0
0.00723500692671	0.395698924731	6	0	0	0	0	0.0
0.00852059034487	0.395698924731	6	1	3	0	0	0.0
0.0133779224839	0.394623655914	7	1	3	0	0	0.0
0.0150430275678	0.394623655914	8	1	3	0	0	0.0
0.0158367260196	0.394623655914	9	1	3	0	0	0.0
0.0164080598771	0.395698924731	10	1	3	0	0	0.0
0.0177360582256	0.396774193548	11	1	3	0	0	0.0
0.0179975816638	0.397849462366	12	1	3	0	0	0.0
0.0221570064171	0.398924731183	13	1	3	0	0	0.0
0.0222539102705	0.4	14	1	3	0	0	0.0
0.0230078621346	0.4	15	1	3	0	0	0.0
0.0238444369558	0.401075268817	16	1	3	0	0	0.0
0.0256122487654	0.402150537634	17	1	3	0	0	0.0
0.02851447401	0.403225806452	18	1	3	0	0	0.0
0.0286714636543	0.402150537634	19	1	3	0	0	0.0
