# time 	 divergence 	 # of mutations 	 # IGC chances 	 IGC length 	 # IGC failures 	 Changes due to IGC  	 % change due to IGC 
0.0	0.429032258065	0	0	0	0	0	0.0
0.000205555953226	0.429032258065	1	0	0	0	0	0.0
0.000697610741866	0.429032258065	2	0	0	0	0	0.0
0.00306957872806	0.430107526882	3	0	0	0	0	0.0
0.00765766907266	0.431182795699	4	0	0	0	0	0.0
0.00794920004508	0.432258064516	5	0	0	0	0	0.0
0.00854029068607	0.431182795699	6	0	0	0	0	0.0
0.0109856164443	0.431182795699	7	0	0	0	0	0.0
0.0131617581353	0.432258064516	8	0	0	0	0	0.0
0.0153669308206	0.432258064516	9	0	0	0	0	0.0
0.0163032262395	0.432258064516	10	0	0	0	0	0.0
0.0179844212173	0.432258064516	11	0	0	0	0	0.0
0.018899604672	0.431182795699	12	0	0	0	0	0.0
0.0204711341783	0.430107526882	13	0	0	0	0	0.0
0.020509777826	0.430107526882	14	0	0	0	0	0.0
0.0236925401181	0.430107526882	15	0	0	0	0	0.0
0.0252673600729	0.429032258065	16	0	0	0	0	0.0
0.0299142354922	0.430107526882	17	0	0	0	0	0.0
0.0325528403585	0.430107526882	18	0	0	0	0	0.0
0.033659759858	0.425806451613	18	1	6	0	4	0.181818181818
0.0344825300713	0.42688172043	19	1	6	0	4	0.173913043478
0.0369339876982	0.423655913978	19	2	3	0	7	0.269230769231
0.0376890304455	0.422580645161	20	2	3	0	7	0.259259259259
0.041460672524	0.422580645161	21	2	3	0	7	0.25
0.0431112036562	0.421505376344	22	2	3	0	7	0.241379310345
0.0435455249084	0.422580645161	23	2	3	0	7	0.233333333333
0.0439082122886	0.422580645161	24	2	3	0	7	0.225806451613
0.046380533005	0.423655913978	25	2	3	0	7	0.21875
0.0505065397562	0.422580645161	26	2	3	0	7	0.212121212121
0.0522589450906	0.422580645161	27	2	3	0	7	0.205882352941
0.0532181401087	0.423655913978	28	2	3	0	7	0.2
0.0537828826992	0.423655913978	29	2	3	0	7	0.194444444444
0.0554308371439	0.424731182796	30	2	3	0	7	0.189189189189
0.0554836929001	0.424731182796	31	2	3	0	7	0.184210526316
0.0556838810142	0.425806451613	32	2	3	0	7	0.179487179487
0.0580918410454	0.42688172043	33	2	3	0	7	0.175
0.0581269764348	0.427956989247	34	2	3	0	7	0.170731707317
0.0604599404565	0.429032258065	35	2	3	0	7	0.166666666667
0.0617150434262	0.429032258065	36	2	3	0	7	0.162790697674
0.0623991407151	0.430107526882	37	2	3	0	7	0.159090909091
