# time 	 divergence 	 # of mutations 	 # IGC chances 	 IGC length 	 # IGC failures 	 Changes due to IGC  	 % change due to IGC 
0.0	0.130107526882	0	0	0	0	0	0.0
0.000454367053565	0.131182795699	1	0	0	0	0	0.0
0.00453639335329	0.132258064516	2	0	0	0	0	0.0
0.00821034817705	0.133333333333	3	0	0	0	0	0.0
0.00852110735436	0.134408602151	4	0	0	0	0	0.0
0.0102114386815	0.133333333333	5	0	0	0	0	0.0
0.0112519870492	0.133333333333	6	0	0	0	0	0.0
0.0125469349547	0.134408602151	7	0	0	0	0	0.0
0.0180169220255	0.134408602151	8	0	0	0	0	0.0
0.0187907911923	0.135483870968	9	0	0	0	0	0.0
0.0265095913292	0.136559139785	10	0	0	0	0	0.0
0.0267084349422	0.137634408602	11	0	0	0	0	0.0
0.0274834106459	0.137634408602	12	0	0	0	0	0.0
0.0290799688999	0.138709677419	13	0	0	0	0	0.0
0.0297910958424	0.139784946237	14	0	0	0	0	0.0
0.0300447988441	0.140860215054	15	0	0	0	0	0.0
0.0311174586211	0.139784946237	16	0	0	0	0	0.0
0.0317795445771	0.140860215054	17	0	0	0	0	0.0
0.0324927838448	0.141935483871	18	0	0	0	0	0.0
0.0372813419835	0.143010752688	19	0	0	0	0	0.0
0.0403311369276	0.143010752688	20	0	0	0	0	0.0
0.0417802926488	0.144086021505	21	0	0	0	0	0.0
0.0421034027475	0.145161290323	22	0	0	0	0	0.0
0.0430223058889	0.14623655914	23	0	0	0	0	0.0
0.0431731646926	0.147311827957	24	0	0	0	0	0.0
0.0432255424624	0.148387096774	25	0	0	0	0	0.0
0.0450959564154	0.149462365591	26	0	0	0	0	0.0
0.0476585908737	0.150537634409	27	0	0	0	0	0.0
0.0505259966568	0.151612903226	28	0	0	0	0	0.0
0.0522656982419	0.152688172043	29	0	0	0	0	0.0
0.0528635605867	0.151612903226	30	0	0	0	0	0.0
0.0552404495361	0.152688172043	31	0	0	0	0	0.0
0.056676625085	0.15376344086	32	0	0	0	0	0.0
0.0578168867961	0.154838709677	33	0	0	0	0	0.0
0.059407784129	0.154838709677	34	0	0	0	0	0.0
0.0645839801186	0.155913978495	35	0	0	0	0	0.0
0.0684523620199	0.156989247312	36	0	0	0	0	0.0
0.0688602081757	0.0387096774194	36	1	861	0	110	0.753424657534
0.0704227314603	0.0397849462366	37	1	861	0	110	0.748299319728
0.0704548302562	0.0408602150538	38	1	861	0	110	0.743243243243
0.0717709742665	0.041935483871	39	1	861	0	110	0.738255033557
0.0726579241321	0.0430107526882	40	1	861	0	110	0.733333333333
0.074130187742	0.0440860215054	41	1	861	0	110	0.728476821192
0.0743821643085	0.0451612903226	42	1	861	0	110	0.723684210526
0.0744701715607	0.0462365591398	43	1	861	0	110	0.718954248366
0.0824677301397	0.047311827957	44	1	861	0	110	0.714285714286
0.0854226483288	0.0483870967742	45	1	861	0	110	0.709677419355
0.0878574455192	0.0494623655914	46	1	861	0	110	0.705128205128
0.0892687886405	0.0505376344086	47	1	861	0	110	0.700636942675
0.0903597304085	0.0516129032258	48	1	861	0	110	0.696202531646
0.0937048773234	0.052688172043	49	1	861	0	110	0.691823899371
0.0986941485127	0.0537634408602	50	1	861	0	110	0.6875
0.100909747536	0.0548387096774	51	1	861	0	110	0.683229813665
0.101957267361	0.0559139784946	52	1	861	0	110	0.679012345679
0.102996517164	0.0569892473118	53	1	861	0	110	0.674846625767
0.103802027103	0.058064516129	54	1	861	0	110	0.670731707317
0.112593783478	0.0591397849462	55	1	861	0	110	0.666666666667
0.113156190476	0.0602150537634	56	1	861	0	110	0.66265060241
0.116189156156	0.0612903225806	57	1	861	0	110	0.658682634731
0.116737819874	0.0623655913978	58	1	861	0	110	0.654761904762
0.117371288405	0.0634408602151	59	1	861	0	110	0.650887573964
0.119899171682	0.0645161290323	60	1	861	0	110	0.647058823529
0.121624482489	0.0655913978495	61	1	861	0	110	0.643274853801
0.122010426073	0.0666666666667	62	1	861	0	110	0.639534883721
0.123088701226	0.0677419354839	63	1	861	0	110	0.635838150289
0.123196300904	0.0688172043011	64	1	861	0	110	0.632183908046
0.134999099528	0.0698924731183	65	1	861	0	110	0.628571428571
0.136140667852	0.0709677419355	66	1	861	0	110	0.625
0.136757993062	0.0720430107527	67	1	861	0	110	0.621468926554
0.136856002139	0.0731182795699	68	1	861	0	110	0.61797752809
0.141932623029	0.0741935483871	69	1	861	0	110	0.614525139665
0.143641219881	0.0752688172043	70	1	861	0	110	0.611111111111
0.146335160989	0.0763440860215	71	1	861	0	110	0.60773480663
0.150320982414	0.0774193548387	72	1	861	0	110	0.604395604396
0.150418436661	0.0784946236559	73	1	861	0	110	0.601092896175
0.150499435387	0.0784946236559	74	1	861	0	110	0.597826086957
0.152649594871	0.0795698924731	75	1	861	0	110	0.594594594595
0.157373973639	0.0806451612903	76	1	861	0	110	0.591397849462
0.161097035232	0.0817204301075	77	1	861	0	110	0.588235294118
0.161305346581	0.0827956989247	78	1	861	0	110	0.585106382979
0.162160187089	0.0838709677419	79	1	861	0	110	0.582010582011
0.163150404522	0.0849462365591	80	1	861	0	110	0.578947368421
0.163557663422	0.0860215053763	81	1	861	0	110	0.575916230366
0.16408916675	0.0870967741935	82	1	861	0	110	0.572916666667
0.165003744303	0.0881720430108	83	1	861	0	110	0.569948186528
0.167007651662	0.089247311828	84	1	861	0	110	0.567010309278
0.168351870208	0.0903225806452	85	1	861	0	110	0.564102564103
0.169706340773	0.089247311828	86	1	861	0	110	0.561224489796
0.17114616026	0.00967741935484	86	2	783	0	184	0.681481481481
0.171562791485	0.010752688172	87	2	783	0	184	0.678966789668
0.172341459153	0.0118279569892	88	2	783	0	184	0.676470588235
0.172426690621	0.0129032258065	89	2	783	0	184	0.673992673993
0.173051298924	0.0139784946237	90	2	783	0	184	0.671532846715
0.175093476837	0.0150537634409	91	2	783	0	184	0.669090909091
0.175121562524	0.0161290322581	92	2	783	0	184	0.666666666667
0.176028434209	0.0172043010753	93	2	783	0	184	0.664259927798
0.176264509423	0.0182795698925	94	2	783	0	184	0.661870503597
0.176268098825	0.0193548387097	95	2	783	0	184	0.659498207885
0.182212977643	0.0204301075269	96	2	783	0	184	0.657142857143
0.183513547036	0.0215053763441	97	2	783	0	184	0.654804270463
0.183700903575	0.0225806451613	98	2	783	0	184	0.652482269504
0.187255007762	0.0236559139785	99	2	783	0	184	0.650176678445
0.188390897291	0.0247311827957	100	2	783	0	184	0.647887323944
0.189264656107	0.0258064516129	101	2	783	0	184	0.645614035088
0.189357526979	0.0268817204301	102	2	783	0	184	0.643356643357
0.192553067901	0.0279569892473	103	2	783	0	184	0.641114982578
0.194101718372	0.0290322580645	104	2	783	0	184	0.638888888889
0.197856514345	0.0301075268817	105	2	783	0	184	0.636678200692
0.205712899937	0.0311827956989	106	2	783	0	184	0.634482758621
0.206829044608	0.0322580645161	107	2	783	0	184	0.632302405498
0.207602812103	0.0333333333333	108	2	783	0	184	0.630136986301
0.210855576577	0.0344086021505	109	2	783	0	184	0.627986348123
0.211670834027	0.0354838709677	110	2	783	0	184	0.625850340136
0.211923775547	0.0365591397849	111	2	783	0	184	0.623728813559
0.211967825775	0.0376344086022	112	2	783	0	184	0.621621621622
0.213741338663	0.0387096774194	113	2	783	0	184	0.619528619529
0.21392161477	0.0397849462366	114	2	783	0	184	0.61744966443
0.215809264489	0.0387096774194	115	2	783	0	184	0.615384615385
0.219203216546	0.0397849462366	116	2	783	0	184	0.613333333333
0.220111994788	0.0408602150538	117	2	783	0	184	0.611295681063
0.220568300601	0.041935483871	118	2	783	0	184	0.609271523179
0.222757228765	0.0408602150538	119	2	783	0	184	0.607260726073
0.222956580441	0.0376344086022	119	3	51	0	187	0.611111111111
0.224305670203	0.0387096774194	120	3	51	0	187	0.609120521173
0.226132004242	0.0397849462366	121	3	51	0	187	0.607142857143
0.226900833868	0.0408602150538	122	3	51	0	187	0.605177993528
0.227584518982	0.041935483871	123	3	51	0	187	0.603225806452
0.230652805794	0.0430107526882	124	3	51	0	187	0.601286173633
0.231025853544	0.0440860215054	125	3	51	0	187	0.599358974359
0.233006248426	0.0451612903226	126	3	51	0	187	0.597444089457
0.234786317278	0.0462365591398	127	3	51	0	187	0.595541401274
0.235998793058	0.047311827957	128	3	51	0	187	0.593650793651
0.237364535133	0.0483870967742	129	3	51	0	187	0.591772151899
0.239851431851	0.0494623655914	130	3	51	0	187	0.589905362776
0.247008343597	0.0505376344086	131	3	51	0	187	0.588050314465
0.248201439857	0.0516129032258	132	3	51	0	187	0.586206896552
0.249052790553	0.052688172043	133	3	51	0	187	0.584375
0.249498808012	0.0537634408602	134	3	51	0	187	0.582554517134
0.250044369625	0.0548387096774	135	3	51	0	187	0.580745341615
0.250571386895	0.0559139784946	136	3	51	0	187	0.578947368421
0.250947862172	0.0569892473118	137	3	51	0	187	0.577160493827
0.251709186122	0.058064516129	138	3	51	0	187	0.575384615385
0.254265109035	0.0591397849462	139	3	51	0	187	0.573619631902
0.254829997055	0.0602150537634	140	3	51	0	187	0.571865443425
0.255222785928	0.0612903225806	141	3	51	0	187	0.57012195122
0.256687580964	0.0623655913978	142	3	51	0	187	0.568389057751
0.257286791686	0.0634408602151	143	3	51	0	187	0.566666666667
0.257312554141	0.0645161290323	144	3	51	0	187	0.564954682779
0.258715981609	0.0655913978495	145	3	51	0	187	0.563253012048
0.260936685521	0.0666666666667	146	3	51	0	187	0.561561561562
0.262514241237	0.0677419354839	147	3	51	0	187	0.559880239521
0.263809226358	0.0688172043011	148	3	51	0	187	0.558208955224
0.265554273471	0.0698924731183	149	3	51	0	187	0.556547619048
0.266328098743	0.0709677419355	150	3	51	0	187	0.554896142433
0.272530895152	0.0720430107527	151	3	51	0	187	0.55325443787
0.275526585794	0.0731182795699	152	3	51	0	187	0.551622418879
0.27939544065	0.0741935483871	153	3	51	0	187	0.55
0.281341149611	0.0752688172043	154	3	51	0	187	0.548387096774
0.285776082228	0.0752688172043	155	3	51	0	187	0.546783625731
0.287012653155	0.0763440860215	156	3	51	0	187	0.545189504373
0.288429243464	0.0774193548387	157	3	51	0	187	0.543604651163
0.289283884058	0.0784946236559	158	3	51	0	187	0.542028985507
0.289943375155	0.0795698924731	159	3	51	0	187	0.540462427746
0.290313643786	0.0806451612903	160	3	51	0	187	0.538904899135
0.296626405201	0.0817204301075	161	3	51	0	187	0.537356321839
0.297156764357	0.0827956989247	162	3	51	0	187	0.535816618911
0.298233050712	0.0838709677419	163	3	51	0	187	0.534285714286
0.299143741255	0.0838709677419	164	3	51	0	187	0.532763532764
0.2991839928	0.0849462365591	165	3	51	0	187	0.53125
0.300330410571	0.0860215053763	166	3	51	0	187	0.529745042493
0.300697760963	0.0870967741935	167	3	51	0	187	0.528248587571
0.302004023452	0.0881720430108	168	3	51	0	187	0.52676056338
0.302668520964	0.089247311828	169	3	51	0	187	0.525280898876
0.30284887146	0.0903225806452	170	3	51	0	187	0.52380952381
0.303948772315	0.0913978494624	171	3	51	0	187	0.522346368715
0.305314525028	0.0913978494624	172	3	51	0	187	0.520891364903
0.305925909487	0.0924731182796	173	3	51	0	187	0.519444444444
0.311596187705	0.0913978494624	174	3	51	0	187	0.518005540166
0.312208474891	0.0924731182796	175	3	51	0	187	0.516574585635
0.312245293055	0.0935483870968	176	3	51	0	187	0.515151515152
0.312574537842	0.0924731182796	177	3	51	0	187	0.513736263736
0.312670188308	0.0935483870968	178	3	51	0	187	0.512328767123
0.317104822062	0.094623655914	179	3	51	0	187	0.510928961749
0.31912183216	0.0956989247312	180	3	51	0	187	0.509536784741
0.322529049656	0.0967741935484	181	3	51	0	187	0.508152173913
0.327574051088	0.0978494623656	182	3	51	0	187	0.506775067751
0.32890523461	0.0989247311828	183	3	51	0	187	0.505405405405
0.329291265127	0.0978494623656	184	3	51	0	187	0.504043126685
0.332936662716	0.0989247311828	185	3	51	0	187	0.502688172043
0.336296013714	0.1	186	3	51	0	187	0.501340482574
0.342303584469	0.101075268817	187	3	51	0	187	0.5
0.34255770949	0.102150537634	188	3	51	0	187	0.498666666667
0.345223282903	0.103225806452	189	3	51	0	187	0.497340425532
0.347956976954	0.104301075269	190	3	51	0	187	0.496021220159
0.349123714182	0.105376344086	191	3	51	0	187	0.494708994709
0.35038025888	0.106451612903	192	3	51	0	187	0.493403693931
0.350827908288	0.10752688172	193	3	51	0	187	0.492105263158
0.353507964611	0.108602150538	194	3	51	0	187	0.490813648294
0.353578762209	0.109677419355	195	3	51	0	187	0.489528795812
0.356311142563	0.110752688172	196	3	51	0	187	0.488250652742
0.359100392907	0.111827956989	197	3	51	0	187	0.486979166667
0.359160979373	0.112903225806	198	3	51	0	187	0.485714285714
0.359202443339	0.113978494624	199	3	51	0	187	0.484455958549
0.359530403603	0.115053763441	200	3	51	0	187	0.483204134367
0.360167662561	0.116129032258	201	3	51	0	187	0.481958762887
0.360467971566	0.117204301075	202	3	51	0	187	0.480719794344
0.361956015556	0.118279569892	203	3	51	0	187	0.479487179487
0.365950165875	0.11935483871	204	3	51	0	187	0.478260869565
0.366604634601	0.120430107527	205	3	51	0	187	0.477040816327
0.370390978023	0.121505376344	206	3	51	0	187	0.47582697201
0.371003218708	0.122580645161	207	3	51	0	187	0.47461928934
0.375710727559	0.121505376344	208	3	51	0	187	0.473417721519
0.377721919242	0.121505376344	209	3	51	0	187	0.472222222222
0.381023475809	0.122580645161	210	3	51	0	187	0.471032745592
0.381215790104	0.123655913978	211	3	51	0	187	0.469849246231
0.387935751263	0.124731182796	212	3	51	0	187	0.468671679198
0.391160811698	0.125806451613	213	3	51	0	187	0.4675
0.391615783719	0.125806451613	214	3	51	0	187	0.466334164589
0.391933400556	0.12688172043	215	3	51	0	187	0.465174129353
0.393991429404	0.125806451613	216	3	51	0	187	0.464019851117
0.402274207589	0.12688172043	217	3	51	0	187	0.462871287129
0.402787312396	0.12688172043	218	3	51	0	187	0.461728395062
0.402982275533	0.127956989247	219	3	51	0	187	0.460591133005
0.403756393258	0.12688172043	220	3	51	0	187	0.459459459459
0.405661768526	0.127956989247	221	3	51	0	187	0.458333333333
0.406722072156	0.129032258065	222	3	51	0	187	0.457212713936
0.407535285239	0.127956989247	223	3	51	0	187	0.456097560976
0.407898018577	0.129032258065	224	3	51	0	187	0.45498783455
0.410025070061	0.130107526882	225	3	51	0	187	0.453883495146
0.413439266184	0.131182795699	226	3	51	0	187	0.452784503632
0.414944932685	0.132258064516	227	3	51	0	187	0.451690821256
0.417530395994	0.133333333333	228	3	51	0	187	0.450602409639
0.418964815758	0.133333333333	229	3	51	0	187	0.449519230769
0.419137942986	0.132258064516	230	3	51	0	187	0.448441247002
0.41996584046	0.133333333333	231	3	51	0	187	0.447368421053
0.420783807193	0.134408602151	232	3	51	0	187	0.44630071599
0.420800388751	0.133333333333	233	3	51	0	187	0.445238095238
0.424321427362	0.134408602151	234	3	51	0	187	0.444180522565
0.427208793863	0.135483870968	235	3	51	0	187	0.443127962085
0.428134372281	0.136559139785	236	3	51	0	187	0.442080378251
0.433569081345	0.137634408602	237	3	51	0	187	0.441037735849
0.435112593061	0.138709677419	238	3	51	0	187	0.44
0.435514743873	0.139784946237	239	3	51	0	187	0.43896713615
0.440272093643	0.140860215054	240	3	51	0	187	0.43793911007
0.440679509014	0.140860215054	241	3	51	0	187	0.43691588785
0.441897015396	0.141935483871	242	3	51	0	187	0.435897435897
0.443686559173	0.143010752688	243	3	51	0	187	0.43488372093
0.445098936052	0.141935483871	244	3	51	0	187	0.433874709977
0.445365874305	0.141935483871	245	3	51	0	187	0.43287037037
0.447797901955	0.141935483871	246	3	51	0	187	0.431870669746
0.448662448098	0.143010752688	247	3	51	0	187	0.430875576037
0.45139372024	0.144086021505	248	3	51	0	187	0.429885057471
0.453585811308	0.145161290323	249	3	51	0	187	0.428899082569
0.454116678059	0.14623655914	250	3	51	0	187	0.427917620137
0.455130122496	0.147311827957	251	3	51	0	187	0.426940639269
0.456225856163	0.148387096774	252	3	51	0	187	0.425968109339
0.456853195333	0.149462365591	253	3	51	0	187	0.425
0.458954051757	0.150537634409	254	3	51	0	187	0.424036281179
0.459325932399	0.151612903226	255	3	51	0	187	0.423076923077
0.4602831796	0.152688172043	256	3	51	0	187	0.422121896163
0.462832746533	0.15376344086	257	3	51	0	187	0.421171171171
0.463902362628	0.154838709677	258	3	51	0	187	0.420224719101
0.466497818437	0.155913978495	259	3	51	0	187	0.419282511211
0.468533392024	0.156989247312	260	3	51	0	187	0.418344519016
0.4698866112	0.156989247312	261	3	51	0	187	0.417410714286
0.470181171871	0.158064516129	262	3	51	0	187	0.416481069042
0.470735183813	0.159139784946	263	3	51	0	187	0.415555555556
0.471453979746	0.160215053763	264	3	51	0	187	0.414634146341
0.475175161186	0.160215053763	265	3	51	0	187	0.413716814159
0.479134593386	0.160215053763	266	3	51	0	187	0.412803532009
0.481763679837	0.161290322581	267	3	51	0	187	0.411894273128
0.482107130935	0.162365591398	268	3	51	0	187	0.410989010989
0.482542762653	0.162365591398	269	3	51	0	187	0.410087719298
0.486867870479	0.163440860215	270	3	51	0	187	0.409190371991
0.486911215348	0.164516129032	271	3	51	0	187	0.408296943231
0.491070492591	0.165591397849	272	3	51	0	187	0.407407407407
0.491088568937	0.166666666667	273	3	51	0	187	0.40652173913
0.491201049381	0.167741935484	274	3	51	0	187	0.405639913232
0.493143450502	0.168817204301	275	3	51	0	187	0.404761904762
0.493426945791	0.167741935484	276	3	51	0	187	0.403887688985
0.495738125999	0.167741935484	277	3	51	0	187	0.403017241379
0.496439636615	0.166666666667	278	3	51	0	187	0.402150537634
0.497688027053	0.167741935484	279	3	51	0	187	0.401287553648
0.498271156646	0.168817204301	280	3	51	0	187	0.400428265525
0.500411605894	0.167741935484	281	3	51	0	187	0.399572649573
0.500478883755	0.168817204301	282	3	51	0	187	0.398720682303
0.500793520068	0.169892473118	283	3	51	0	187	0.397872340426
0.503117961981	0.170967741935	284	3	51	0	187	0.397027600849
0.505697266615	0.172043010753	285	3	51	0	187	0.396186440678
0.509313537608	0.17311827957	286	3	51	0	187	0.395348837209
0.509330702408	0.172043010753	287	3	51	0	187	0.394514767932
0.509969278001	0.17311827957	288	3	51	0	187	0.393684210526
0.511175219782	0.17311827957	289	3	51	0	187	0.392857142857
0.511999284803	0.17311827957	290	3	51	0	187	0.392033542977
0.514735988595	0.174193548387	291	3	51	0	187	0.391213389121
0.514923856473	0.175268817204	292	3	51	0	187	0.390396659708
0.516725475155	0.176344086022	293	3	51	0	187	0.389583333333
0.517185123598	0.176344086022	294	3	51	0	187	0.388773388773
0.51777232333	0.177419354839	295	3	51	0	187	0.387966804979
0.518516458696	0.178494623656	296	3	51	0	187	0.387163561077
0.519824342394	0.179569892473	297	3	51	0	187	0.386363636364
0.522226427382	0.18064516129	298	3	51	0	187	0.385567010309
0.528968290888	0.181720430108	299	3	51	0	187	0.384773662551
0.529292665532	0.182795698925	300	3	51	0	187	0.383983572895
0.531345506382	0.183870967742	301	3	51	0	187	0.383196721311
0.533228165615	0.184946236559	302	3	51	0	187	0.382413087935
0.533343581271	0.186021505376	303	3	51	0	187	0.381632653061
0.534542048882	0.187096774194	304	3	51	0	187	0.380855397149
0.537026009405	0.188172043011	305	3	51	0	187	0.380081300813
0.537787784797	0.188172043011	306	3	51	0	187	0.379310344828
0.538237187823	0.189247311828	307	3	51	0	187	0.378542510121
0.538399692463	0.190322580645	308	3	51	0	187	0.377777777778
0.54084702786	0.189247311828	309	3	51	0	187	0.377016129032
0.54316537696	0.190322580645	310	3	51	0	187	0.376257545272
0.544092710001	0.189247311828	311	3	51	0	187	0.375502008032
0.545638844295	0.190322580645	312	3	51	0	187	0.374749498998
0.547524439786	0.191397849462	313	3	51	0	187	0.374
0.551246768024	0.19247311828	314	3	51	0	187	0.373253493014
0.55126533886	0.193548387097	315	3	51	0	187	0.372509960159
0.552075404164	0.194623655914	316	3	51	0	187	0.371769383698
0.552536981822	0.195698924731	317	3	51	0	187	0.371031746032
0.55258148769	0.195698924731	318	3	51	0	187	0.370297029703
0.55263098924	0.195698924731	319	3	51	0	187	0.369565217391
0.553174276088	0.194623655914	320	3	51	0	187	0.368836291913
0.553750539911	0.195698924731	321	3	51	0	187	0.36811023622
0.55473629459	0.196774193548	322	3	51	0	187	0.367387033399
0.557082236301	0.196774193548	323	3	51	0	187	0.366666666667
0.558917163768	0.197849462366	324	3	51	0	187	0.365949119374
0.562233471665	0.198924731183	325	3	51	0	187	0.365234375
0.562790002886	0.2	326	3	51	0	187	0.364522417154
0.564421724239	0.201075268817	327	3	51	0	187	0.363813229572
0.565110370118	0.202150537634	328	3	51	0	187	0.363106796117
0.567589494743	0.201075268817	329	3	51	0	187	0.362403100775
0.567834675191	0.202150537634	330	3	51	0	187	0.36170212766
0.568650385014	0.202150537634	331	3	51	0	187	0.361003861004
0.571397787975	0.203225806452	332	3	51	0	187	0.360308285164
0.572921622272	0.204301075269	333	3	51	0	187	0.359615384615
0.57398788337	0.205376344086	334	3	51	0	187	0.358925143954
0.57414075312	0.206451612903	335	3	51	0	187	0.358237547893
0.574581996124	0.20752688172	336	3	51	0	187	0.357552581262
0.575185417301	0.206451612903	337	3	51	0	187	0.356870229008
0.575940087945	0.20752688172	338	3	51	0	187	0.35619047619
0.577541810659	0.208602150538	339	3	51	0	187	0.355513307985
0.577629022965	0.208602150538	340	3	51	0	187	0.354838709677
0.577702554116	0.209677419355	341	3	51	0	187	0.354166666667
0.577755266687	0.210752688172	342	3	51	0	187	0.353497164461
0.579429373541	0.211827956989	343	3	51	0	187	0.352830188679
0.581266600526	0.212903225806	344	3	51	0	187	0.352165725047
0.58146163827	0.211827956989	345	3	51	0	187	0.351503759398
0.584552268808	0.212903225806	346	3	51	0	187	0.350844277674
0.585497506076	0.213978494624	347	3	51	0	187	0.350187265918
0.58689538194	0.215053763441	348	3	51	0	187	0.34953271028
0.586913511385	0.216129032258	349	3	51	0	187	0.348880597015
0.589990343168	0.217204301075	350	3	51	0	187	0.348230912477
0.592983532611	0.218279569892	351	3	51	0	187	0.347583643123
0.594853679729	0.217204301075	352	3	51	0	187	0.34693877551
0.598169251769	0.218279569892	353	3	51	0	187	0.346296296296
0.598839368811	0.218279569892	354	3	51	0	187	0.345656192237
0.601308521398	0.21935483871	355	3	51	0	187	0.345018450185
0.602348146219	0.220430107527	356	3	51	0	187	0.34438305709
0.602860057686	0.221505376344	357	3	51	0	187	0.34375
0.603826334782	0.222580645161	358	3	51	0	187	0.343119266055
0.606044960076	0.223655913978	359	3	51	0	187	0.342490842491
0.608736302747	0.224731182796	360	3	51	0	187	0.341864716636
0.609003461439	0.225806451613	361	3	51	0	187	0.341240875912
0.611355582289	0.22688172043	362	3	51	0	187	0.340619307832
0.612553154679	0.225806451613	363	3	51	0	187	0.34
0.613621954308	0.22688172043	364	3	51	0	187	0.339382940109
0.614380445745	0.227956989247	365	3	51	0	187	0.338768115942
0.61588325362	0.229032258065	366	3	51	0	187	0.338155515371
0.618706477343	0.227956989247	367	3	51	0	187	0.337545126354
0.621665686959	0.229032258065	368	3	51	0	187	0.336936936937
0.621865765969	0.230107526882	369	3	51	0	187	0.336330935252
0.62296356241	0.230107526882	370	3	51	0	187	0.335727109515
0.624310886207	0.231182795699	371	3	51	0	187	0.335125448029
0.625831977329	0.232258064516	372	3	51	0	187	0.334525939177
0.626433060056	0.232258064516	373	3	51	0	187	0.333928571429
0.632219585053	0.233333333333	374	3	51	0	187	0.333333333333
0.632868520655	0.234408602151	375	3	51	0	187	0.332740213523
0.633364118606	0.235483870968	376	3	51	0	187	0.33214920071
0.636503794286	0.235483870968	377	3	51	0	187	0.331560283688
0.636887013164	0.236559139785	378	3	51	0	187	0.330973451327
0.637896535585	0.236559139785	379	3	51	0	187	0.33038869258
0.639584574468	0.237634408602	380	3	51	0	187	0.329805996473
0.639822634368	0.238709677419	381	3	51	0	187	0.329225352113
0.643343638338	0.239784946237	382	3	51	0	187	0.328646748682
0.644719665753	0.240860215054	383	3	51	0	187	0.328070175439
0.645418083713	0.241935483871	384	3	51	0	187	0.327495621716
0.647071512884	0.243010752688	385	3	51	0	187	0.326923076923
0.647241214507	0.244086021505	386	3	51	0	187	0.326352530541
0.647497397929	0.245161290323	387	3	51	0	187	0.325783972125
0.648837148756	0.24623655914	388	3	51	0	187	0.325217391304
0.650540754303	0.24623655914	389	3	51	0	187	0.324652777778
0.652148061364	0.24623655914	390	3	51	0	187	0.324090121317
0.652565850687	0.247311827957	391	3	51	0	187	0.323529411765
0.654639989252	0.24623655914	392	3	51	0	187	0.322970639033
0.661237024302	0.245161290323	393	3	51	0	187	0.322413793103
0.661384267252	0.24623655914	394	3	51	0	187	0.321858864028
