# time 	 divergence 	 # of mutations 	 # IGC chances 	 IGC length 	 # IGC failures 	 Changes due to IGC  	 % change due to IGC 
0.0	0.034188034188	0	0	0	0	0	0.0
0.000196497578952	0.0363247863248	1	0	0	0	0	0.0
0.00180579554215	0.0363247863248	1	1	6	0	0	0.0
0.00226923185125	0.0363247863248	1	2	15	0	0	0.0
0.00229952601426	0.0363247863248	1	3	6	0	0	0.0
0.00257744368339	0.0363247863248	1	4	6	0	0	0.0
0.00462345195891	0.0363247863248	1	5	9	0	0	0.0
0.00552844592755	0.0363247863248	1	6	3	0	0	0.0
0.00669367364802	0.0384615384615	2	6	3	0	0	0.0
0.00750872278425	0.0384615384615	2	7	3	0	0	0.0
0.00762105822298	0.0384615384615	2	8	6	0	0	0.0
0.00794768409882	0.0384615384615	2	9	3	0	0	0.0
0.00832562491234	0.0384615384615	2	10	9	0	0	0.0
0.00882973839802	0.0384615384615	2	11	3	0	0	0.0
0.00932071925236	0.0299145299145	2	12	21	0	4	0.666666666667
0.00933169284974	0.0320512820513	3	12	21	0	4	0.571428571429
0.00939764669834	0.034188034188	4	12	21	0	4	0.5
0.00967174116537	0.034188034188	4	13	3	0	4	0.5
0.0101297287445	0.0363247863248	5	13	3	0	4	0.444444444444
0.0101880722799	0.034188034188	5	14	18	0	5	0.5
0.0109211957016	0.034188034188	5	15	6	0	5	0.5
