# time 	 divergence 	 # of mutations 	 # IGC chances 	 IGC length 	 # IGC failures 	 Changes due to IGC  	 % change due to IGC 
0.0	0.391812865497	0	0	0	0	0	0.0
0.000746280645741	0.392787524366	1	0	0	0	0	0.0
0.00152620678582	0.392787524366	2	0	0	0	0	0.0
0.00361110429173	0.393762183236	3	0	0	0	0	0.0
0.00682301905508	0.394736842105	4	0	0	0	0	0.0
0.00765397909269	0.395711500975	5	0	0	0	0	0.0
0.00772793648648	0.396686159844	6	0	0	0	0	0.0
0.00774145310986	0.396686159844	7	0	0	0	0	0.0
0.0139053269437	0.397660818713	8	0	0	0	0	0.0
0.0140281107229	0.398635477583	9	0	0	0	0	0.0
0.0234639609189	0.399610136452	10	0	0	0	0	0.0
0.0241934711624	0.399610136452	11	0	0	0	0	0.0
0.0253423092542	0.400584795322	12	0	0	0	0	0.0
0.0259219287958	0.400584795322	13	0	0	0	0	0.0
0.0272935048723	0.399610136452	14	0	0	0	0	0.0
0.0290216026137	0.400584795322	15	0	0	0	0	0.0
0.0342448024852	0.399610136452	16	0	0	0	0	0.0
0.034903499955	0.399610136452	17	0	0	0	0	0.0
0.0356338833187	0.400584795322	18	0	0	0	0	0.0
0.0372048957519	0.400584795322	19	0	0	0	0	0.0
0.0387716080707	0.401559454191	20	0	0	0	0	0.0
0.0395015799389	0.40253411306	21	0	0	0	0	0.0
0.0398929367776	0.40350877193	22	0	0	0	0	0.0
0.0401369347513	0.404483430799	23	0	0	0	0	0.0
0.0407249094269	0.405458089669	24	0	0	0	0	0.0
0.042451127793	0.406432748538	25	0	0	0	0	0.0
0.0433401584758	0.406432748538	26	0	0	0	0	0.0
0.0461118963693	0.406432748538	27	0	0	0	0	0.0
0.0462556073902	0.407407407407	28	0	0	0	0	0.0
0.046579570711	0.407407407407	29	0	0	0	0	0.0
0.046636176573	0.408382066277	30	0	0	0	0	0.0
0.0472966984808	0.409356725146	31	0	0	0	0	0.0
0.0485568915142	0.410331384016	32	0	0	0	0	0.0
0.050726077737	0.410331384016	33	0	0	0	0	0.0
0.0512636614846	0.411306042885	34	0	0	0	0	0.0
0.0517594897461	0.410331384016	35	0	0	0	0	0.0
0.053380446813	0.409356725146	36	0	0	0	0	0.0
0.05451500478	0.410331384016	37	0	0	0	0	0.0
0.0549113520937	0.411306042885	38	0	0	0	0	0.0
0.0586132736526	0.411306042885	39	0	0	0	0	0.0
0.0586905211619	0.412280701754	40	0	0	0	0	0.0
0.0593241377968	0.412280701754	41	0	0	0	0	0.0
0.0600891552019	0.412280701754	42	0	0	0	0	0.0
0.0602284464267	0.412280701754	43	0	0	0	0	0.0
0.0615059298818	0.413255360624	44	0	0	0	0	0.0
0.0633678662091	0.414230019493	45	0	0	0	0	0.0
0.0642726485338	0.415204678363	46	0	0	0	0	0.0
0.0648224739341	0.416179337232	47	0	0	0	0	0.0
0.0653822168431	0.417153996101	48	0	0	0	0	0.0
0.0696593672813	0.416179337232	49	0	0	0	0	0.0
0.0708585140318	0.417153996101	50	0	0	0	0	0.0
0.071682779555	0.417153996101	51	0	0	0	0	0.0
0.0717900461403	0.418128654971	52	0	0	0	0	0.0
0.0731083193334	0.418128654971	53	0	0	0	0	0.0
0.0746070082831	0.418128654971	54	0	0	0	0	0.0
0.0751213475189	0.41910331384	55	0	0	0	0	0.0
0.0831717672021	0.41910331384	56	0	0	0	0	0.0
0.0845576670016	0.42007797271	57	0	0	0	0	0.0
0.0865815606914	0.41910331384	58	0	0	0	0	0.0
0.0880752049951	0.42007797271	59	0	0	0	0	0.0
0.0883644447521	0.421052631579	60	0	0	0	0	0.0
0.0892028882573	0.422027290448	61	0	0	0	0	0.0
0.09178710481	0.422027290448	62	0	0	0	0	0.0
0.0932182094674	0.423001949318	63	0	0	0	0	0.0
0.0947804064441	0.423001949318	64	0	0	0	0	0.0
