# time 	 divergence 	 # of mutations 	 # IGC chances 	 IGC length 	 # IGC failures 	 Changes due to IGC  	 % change due to IGC 
0.0	0.189247311828	0	0	0	0	0	0.0
0.00433374306794	0.190322580645	1	0	0	0	0	0.0
0.00518400618358	0.189247311828	2	0	0	0	0	0.0
0.00585478642564	0.190322580645	3	0	0	0	0	0.0
0.00603421322149	0.191397849462	4	0	0	0	0	0.0
0.00670410951473	0.19247311828	5	0	0	0	0	0.0
0.00710359104456	0.193548387097	6	0	0	0	0	0.0
0.00941508939539	0.193548387097	7	0	0	0	0	0.0
0.0114510562615	0.194623655914	8	0	0	0	0	0.0
0.0123908209112	0.195698924731	9	0	0	0	0	0.0
0.0128591206922	0.196774193548	10	0	0	0	0	0.0
0.0129172956704	0.197849462366	11	0	0	0	0	0.0
0.0130290764748	0.198924731183	12	0	0	0	0	0.0
0.014046874314	0.2	13	0	0	0	0	0.0
0.0142918450471	0.194623655914	13	1	57	0	5	0.277777777778
0.0161345870916	0.194623655914	14	1	57	0	5	0.263157894737
0.0164896900472	0.193548387097	15	1	57	0	5	0.25
0.0189737318309	0.194623655914	16	1	57	0	5	0.238095238095
0.0192414236665	0.195698924731	17	1	57	0	5	0.227272727273
0.024151941414	0.196774193548	18	1	57	0	5	0.217391304348
0.027418281597	0.196774193548	19	1	57	0	5	0.208333333333
0.03059123197	0.196774193548	20	1	57	0	5	0.2
0.0331102036847	0.183870967742	20	2	66	0	17	0.459459459459
0.0336990582782	0.184946236559	21	2	66	0	17	0.447368421053
0.0337943714294	0.183870967742	22	2	66	0	17	0.435897435897
0.0355499388789	0.184946236559	23	2	66	0	17	0.425
0.0379179740005	0.186021505376	24	2	66	0	17	0.414634146341
0.0407566717169	0.187096774194	25	2	66	0	17	0.404761904762
0.0452261368259	0.188172043011	26	2	66	0	17	0.395348837209
0.047295402385	0.187096774194	27	2	66	0	17	0.386363636364
0.0488627846517	0.188172043011	28	2	66	0	17	0.377777777778
0.050539254716	0.189247311828	29	2	66	0	17	0.369565217391
0.055648299931	0.190322580645	30	2	66	0	17	0.36170212766
0.0567377819514	0.191397849462	31	2	66	0	17	0.354166666667
0.057375791262	0.19247311828	32	2	66	0	17	0.34693877551
0.0588816531692	0.193548387097	33	2	66	0	17	0.34
0.0608457497238	0.19247311828	34	2	66	0	17	0.333333333333
0.0611897138187	0.193548387097	35	2	66	0	17	0.326923076923
0.0658106432222	0.194623655914	36	2	66	0	17	0.320754716981
0.0677894943328	0.195698924731	37	2	66	0	17	0.314814814815
0.067833884097	0.196774193548	38	2	66	0	17	0.309090909091
0.0701322484353	0.197849462366	39	2	66	0	17	0.303571428571
0.0722686555742	0.19247311828	39	3	39	0	22	0.360655737705
0.0723918456195	0.193548387097	40	3	39	0	22	0.354838709677
0.0728208452345	0.194623655914	41	3	39	0	22	0.349206349206
0.0753666817381	0.195698924731	42	3	39	0	22	0.34375
0.0764561916221	0.196774193548	43	3	39	0	22	0.338461538462
0.0779933822047	0.196774193548	44	3	39	0	22	0.333333333333
0.0789525303787	0.196774193548	45	3	39	0	22	0.328358208955
0.0792974422135	0.197849462366	46	3	39	0	22	0.323529411765
0.0793962463779	0.198924731183	47	3	39	0	22	0.31884057971
0.0799314825895	0.197849462366	48	3	39	0	22	0.314285714286
0.0818416461021	0.198924731183	49	3	39	0	22	0.30985915493
0.0829869390217	0.179569892473	49	4	60	0	40	0.449438202247
0.0847413936357	0.18064516129	50	4	60	0	40	0.444444444444
0.085331985217	0.181720430108	51	4	60	0	40	0.43956043956
0.0863213384118	0.182795698925	52	4	60	0	40	0.434782608696
0.087096699604	0.183870967742	53	4	60	0	40	0.430107526882
0.0871580905282	0.182795698925	54	4	60	0	40	0.425531914894
0.0873997791455	0.181720430108	55	4	60	0	40	0.421052631579
0.087817665415	0.182795698925	56	4	60	0	40	0.416666666667
0.0893784212455	0.181720430108	57	4	60	0	40	0.412371134021
0.0905933197032	0.182795698925	58	4	60	0	40	0.408163265306
0.0945829982985	0.183870967742	59	4	60	0	40	0.40404040404
0.101233625341	0.182795698925	60	4	60	0	40	0.4
0.102173789522	0.183870967742	61	4	60	0	40	0.39603960396
0.105860556748	0.184946236559	62	4	60	0	40	0.392156862745
0.106404184023	0.186021505376	63	4	60	0	40	0.388349514563
0.109013266285	0.187096774194	64	4	60	0	40	0.384615384615
0.109259269414	0.187096774194	65	4	60	0	40	0.380952380952
0.109423607527	0.186021505376	66	4	60	0	40	0.377358490566
0.109976783326	0.187096774194	67	4	60	0	40	0.373831775701
0.111961707791	0.188172043011	68	4	60	0	40	0.37037037037
0.113322588124	0.189247311828	69	4	60	0	40	0.366972477064
0.114840900423	0.190322580645	70	4	60	0	40	0.363636363636
0.115322405565	0.191397849462	71	4	60	0	40	0.36036036036
0.116079420113	0.19247311828	72	4	60	0	40	0.357142857143
0.116600282128	0.181720430108	72	5	72	0	50	0.409836065574
0.118048128471	0.182795698925	73	5	72	0	50	0.406504065041
0.119675607433	0.182795698925	74	5	72	0	50	0.403225806452
0.119951942091	0.183870967742	75	5	72	0	50	0.4
0.125808517908	0.184946236559	76	5	72	0	50	0.396825396825
0.126234220771	0.184946236559	77	5	72	0	50	0.393700787402
0.126272264622	0.186021505376	78	5	72	0	50	0.390625
0.12743728892	0.187096774194	79	5	72	0	50	0.387596899225
0.128114570109	0.188172043011	80	5	72	0	50	0.384615384615
0.128935480797	0.189247311828	81	5	72	0	50	0.381679389313
0.129652900225	0.190322580645	82	5	72	0	50	0.378787878788
0.130220460724	0.191397849462	83	5	72	0	50	0.375939849624
0.133440693361	0.19247311828	84	5	72	0	50	0.373134328358
0.134482247285	0.193548387097	85	5	72	0	50	0.37037037037
0.135257986449	0.194623655914	86	5	72	0	50	0.367647058824
0.136142564353	0.195698924731	87	5	72	0	50	0.36496350365
0.13771769638	0.194623655914	88	5	72	0	50	0.36231884058
0.138285019572	0.195698924731	89	5	72	0	50	0.359712230216
0.139213274094	0.196774193548	90	5	72	0	50	0.357142857143
0.140769092822	0.197849462366	91	5	72	0	50	0.354609929078
0.141893963035	0.197849462366	92	5	72	0	50	0.352112676056
0.144251017406	0.198924731183	93	5	72	0	50	0.34965034965
0.146584762857	0.2	94	5	72	0	50	0.347222222222
0.146819455634	0.198924731183	95	5	72	0	50	0.344827586207
0.147877089744	0.2	96	5	72	0	50	0.342465753425
0.150229035171	0.201075268817	97	5	72	0	50	0.340136054422
0.151965248212	0.202150537634	98	5	72	0	50	0.337837837838
0.152658920631	0.203225806452	99	5	72	0	50	0.335570469799
0.152991012636	0.183870967742	99	6	48	0	68	0.407185628743
0.154142479884	0.184946236559	100	6	48	0	68	0.404761904762
0.15474630625	0.184946236559	101	6	48	0	68	0.402366863905
0.155168729977	0.186021505376	102	6	48	0	68	0.4
0.156189695737	0.187096774194	103	6	48	0	68	0.397660818713
0.156939601033	0.188172043011	104	6	48	0	68	0.395348837209
0.158076566311	0.188172043011	105	6	48	0	68	0.393063583815
0.161598291002	0.189247311828	106	6	48	0	68	0.390804597701
0.163566519115	0.190322580645	107	6	48	0	68	0.388571428571
0.163958081953	0.191397849462	108	6	48	0	68	0.386363636364
0.166815944347	0.19247311828	109	6	48	0	68	0.38418079096
0.167146718556	0.193548387097	110	6	48	0	68	0.38202247191
0.168764667544	0.194623655914	111	6	48	0	68	0.379888268156
0.171775300616	0.194623655914	112	6	48	0	68	0.377777777778
0.174167724542	0.195698924731	113	6	48	0	68	0.375690607735
0.17696211602	0.196774193548	114	6	48	0	68	0.373626373626
0.178507188982	0.197849462366	115	6	48	0	68	0.371584699454
0.179970731352	0.198924731183	116	6	48	0	68	0.369565217391
0.181599800712	0.198924731183	117	6	48	0	68	0.367567567568
0.181840317337	0.198924731183	118	6	48	0	68	0.365591397849
0.185131323037	0.2	119	6	48	0	68	0.363636363636
0.185230836717	0.201075268817	120	6	48	0	68	0.36170212766
0.186822636389	0.202150537634	121	6	48	0	68	0.359788359788
0.187913640361	0.203225806452	122	6	48	0	68	0.357894736842
0.187975656405	0.203225806452	123	6	48	0	68	0.356020942408
0.192655310659	0.204301075269	124	6	48	0	68	0.354166666667
0.192744870756	0.205376344086	125	6	48	0	68	0.352331606218
0.196027446996	0.206451612903	126	6	48	0	68	0.350515463918
0.19964261702	0.206451612903	127	6	48	0	68	0.348717948718
0.200515262838	0.20752688172	128	6	48	0	68	0.34693877551
0.209093817597	0.206451612903	129	6	48	0	68	0.345177664975
0.21144907823	0.20752688172	130	6	48	0	68	0.343434343434
0.21161249449	0.208602150538	131	6	48	0	68	0.341708542714
0.214683809977	0.209677419355	132	6	48	0	68	0.34
0.214755607884	0.210752688172	133	6	48	0	68	0.338308457711
0.214793037623	0.211827956989	134	6	48	0	68	0.336633663366
0.215114408358	0.212903225806	135	6	48	0	68	0.334975369458
0.215590964314	0.213978494624	136	6	48	0	68	0.333333333333
0.216627244342	0.213978494624	137	6	48	0	68	0.331707317073
0.21714864696	0.215053763441	138	6	48	0	68	0.330097087379
0.218368829311	0.216129032258	139	6	48	0	68	0.328502415459
0.218545739404	0.216129032258	140	6	48	0	68	0.326923076923
0.220773030172	0.217204301075	141	6	48	0	68	0.325358851675
0.22266625485	0.218279569892	142	6	48	0	68	0.32380952381
0.222952972743	0.21935483871	143	6	48	0	68	0.322274881517
0.22371615803	0.21935483871	144	6	48	0	68	0.320754716981
0.225831286993	0.220430107527	145	6	48	0	68	0.319248826291
0.226438946884	0.221505376344	146	6	48	0	68	0.317757009346
0.227536001183	0.222580645161	147	6	48	0	68	0.316279069767
0.232379034154	0.221505376344	148	6	48	0	68	0.314814814815
0.233965902363	0.220430107527	149	6	48	0	68	0.3133640553
0.236840989711	0.221505376344	150	6	48	0	68	0.311926605505
0.237723265395	0.221505376344	151	6	48	0	68	0.310502283105
0.240764132065	0.221505376344	152	6	48	0	68	0.309090909091
0.242868671611	0.221505376344	153	6	48	0	68	0.307692307692
0.243335230671	0.221505376344	154	6	48	0	68	0.306306306306
0.244210866183	0.222580645161	155	6	48	0	68	0.304932735426
0.246982707713	0.182795698925	155	7	159	0	105	0.403846153846
0.248765671085	0.182795698925	156	7	159	0	105	0.402298850575
0.248775314684	0.178494623656	156	8	24	0	109	0.411320754717
0.248811651789	0.178494623656	157	8	24	0	109	0.40977443609
0.249657718785	0.179569892473	158	8	24	0	109	0.408239700375
0.249694662978	0.18064516129	159	8	24	0	109	0.40671641791
0.249863727282	0.181720430108	160	8	24	0	109	0.405204460967
0.250817185169	0.182795698925	161	8	24	0	109	0.403703703704
0.251857599686	0.183870967742	162	8	24	0	109	0.40221402214
0.253120021187	0.184946236559	163	8	24	0	109	0.400735294118
0.25422383236	0.186021505376	164	8	24	0	109	0.399267399267
0.254547390234	0.187096774194	165	8	24	0	109	0.397810218978
0.255101740784	0.188172043011	166	8	24	0	109	0.396363636364
0.257784375913	0.189247311828	167	8	24	0	109	0.394927536232
0.263223333955	0.190322580645	168	8	24	0	109	0.393501805054
0.264148068082	0.191397849462	169	8	24	0	109	0.392086330935
0.267703046012	0.190322580645	170	8	24	0	109	0.390681003584
0.267853988663	0.189247311828	171	8	24	0	109	0.389285714286
0.268149003433	0.190322580645	172	8	24	0	109	0.387900355872
0.268999692904	0.161290322581	172	9	162	0	136	0.441558441558
0.269275581969	0.162365591398	173	9	162	0	136	0.440129449838
0.270392701264	0.163440860215	174	9	162	0	136	0.438709677419
0.270585935554	0.164516129032	175	9	162	0	136	0.43729903537
0.270656026342	0.165591397849	176	9	162	0	136	0.435897435897
0.273029092327	0.164516129032	177	9	162	0	136	0.434504792332
0.274082896206	0.165591397849	178	9	162	0	136	0.433121019108
0.275310851641	0.166666666667	179	9	162	0	136	0.431746031746
0.276026764802	0.165591397849	180	9	162	0	136	0.430379746835
0.276986807333	0.166666666667	181	9	162	0	136	0.429022082019
0.28172354257	0.167741935484	182	9	162	0	136	0.427672955975
0.283604306039	0.166666666667	183	9	162	0	136	0.426332288401
0.285835862044	0.166666666667	184	9	162	0	136	0.425
0.29113798406	0.167741935484	185	9	162	0	136	0.423676012461
0.291595501077	0.168817204301	186	9	162	0	136	0.422360248447
0.291946782541	0.169892473118	187	9	162	0	136	0.421052631579
0.292985749796	0.170967741935	188	9	162	0	136	0.41975308642
0.294165014859	0.170967741935	189	9	162	0	136	0.418461538462
0.295386757234	0.172043010753	190	9	162	0	136	0.41717791411
0.297631335635	0.17311827957	191	9	162	0	136	0.415902140673
0.300292321738	0.174193548387	192	9	162	0	136	0.414634146341
0.300937460357	0.175268817204	193	9	162	0	136	0.413373860182
0.30119623732	0.176344086022	194	9	162	0	136	0.412121212121
0.301701407414	0.175268817204	195	9	162	0	136	0.410876132931
0.301933589	0.176344086022	196	9	162	0	136	0.409638554217
0.304570958564	0.177419354839	197	9	162	0	136	0.408408408408
0.305170498177	0.176344086022	198	9	162	0	136	0.407185628743
0.306824326239	0.177419354839	199	9	162	0	136	0.405970149254
0.309410399608	0.178494623656	200	9	162	0	136	0.404761904762
0.311034822558	0.179569892473	201	9	162	0	136	0.403560830861
0.312449456157	0.18064516129	202	9	162	0	136	0.402366863905
0.312796220703	0.179569892473	203	9	162	0	136	0.401179941003
0.313203087746	0.18064516129	204	9	162	0	136	0.4
0.315672805765	0.181720430108	205	9	162	0	136	0.398826979472
0.316552705785	0.182795698925	206	9	162	0	136	0.397660818713
0.316723575139	0.183870967742	207	9	162	0	136	0.396501457726
0.318466144249	0.183870967742	208	9	162	0	136	0.395348837209
0.321957666381	0.184946236559	209	9	162	0	136	0.394202898551
0.322135072589	0.186021505376	210	9	162	0	136	0.393063583815
0.323532770574	0.187096774194	211	9	162	0	136	0.391930835735
0.32403752275	0.187096774194	212	9	162	0	136	0.390804597701
0.325273301291	0.188172043011	213	9	162	0	136	0.389684813754
0.328071994232	0.189247311828	214	9	162	0	136	0.388571428571
0.328787473886	0.190322580645	215	9	162	0	136	0.387464387464
0.331293996344	0.191397849462	216	9	162	0	136	0.386363636364
0.331550548695	0.19247311828	217	9	162	0	136	0.385269121813
0.331777029841	0.19247311828	218	9	162	0	136	0.38418079096
0.33219515666	0.193548387097	219	9	162	0	136	0.383098591549
0.333251495729	0.19247311828	220	9	162	0	136	0.38202247191
0.333685659649	0.193548387097	221	9	162	0	136	0.380952380952
0.333898978844	0.194623655914	222	9	162	0	136	0.379888268156
0.334384805591	0.195698924731	223	9	162	0	136	0.378830083565
0.334666329542	0.196774193548	224	9	162	0	136	0.377777777778
0.336090598443	0.197849462366	225	9	162	0	136	0.376731301939
0.336847780865	0.198924731183	226	9	162	0	136	0.375690607735
0.337654212011	0.2	227	9	162	0	136	0.374655647383
0.340172411882	0.201075268817	228	9	162	0	136	0.373626373626
0.340976637797	0.202150537634	229	9	162	0	136	0.372602739726
0.342235015129	0.203225806452	230	9	162	0	136	0.371584699454
0.342347068634	0.202150537634	231	9	162	0	136	0.370572207084
0.343255796492	0.203225806452	232	9	162	0	136	0.369565217391
0.346871509505	0.189247311828	232	10	57	0	149	0.391076115486
0.347157476176	0.189247311828	233	10	57	0	149	0.390052356021
0.351876628426	0.190322580645	234	10	57	0	149	0.389033942559
0.35770109654	0.191397849462	235	10	57	0	149	0.388020833333
0.357714927534	0.19247311828	236	10	57	0	149	0.387012987013
0.358543102603	0.193548387097	237	10	57	0	149	0.386010362694
0.359077459545	0.193548387097	238	10	57	0	149	0.385012919897
0.359876210984	0.194623655914	239	10	57	0	149	0.384020618557
0.361028540529	0.195698924731	240	10	57	0	149	0.383033419023
0.361413002078	0.196774193548	241	10	57	0	149	0.382051282051
0.362354473653	0.195698924731	242	10	57	0	149	0.381074168798
0.362959619612	0.196774193548	243	10	57	0	149	0.380102040816
0.36490981227	0.197849462366	244	10	57	0	149	0.379134860051
0.367178091061	0.198924731183	245	10	57	0	149	0.378172588832
0.370609694821	0.2	246	10	57	0	149	0.377215189873
0.371578990934	0.198924731183	247	10	57	0	149	0.376262626263
0.371887593082	0.2	248	10	57	0	149	0.375314861461
0.373468825194	0.201075268817	249	10	57	0	149	0.374371859296
0.3736361278	0.202150537634	250	10	57	0	149	0.37343358396
0.374803937768	0.202150537634	251	10	57	0	149	0.3725
0.375572856456	0.203225806452	252	10	57	0	149	0.371571072319
0.377281803077	0.204301075269	253	10	57	0	149	0.370646766169
0.379834007581	0.205376344086	254	10	57	0	149	0.369727047146
0.38232164334	0.205376344086	255	10	57	0	149	0.368811881188
0.382856067212	0.206451612903	256	10	57	0	149	0.367901234568
0.383365945814	0.206451612903	257	10	57	0	149	0.366995073892
0.387026819493	0.20752688172	258	10	57	0	149	0.366093366093
0.387422927769	0.208602150538	259	10	57	0	149	0.365196078431
0.389627818764	0.209677419355	260	10	57	0	149	0.364303178484
0.390293935267	0.208602150538	261	10	57	0	149	0.363414634146
0.39056118708	0.208602150538	262	10	57	0	149	0.362530413625
0.39140340185	0.209677419355	263	10	57	0	149	0.361650485437
0.395257273342	0.210752688172	264	10	57	0	149	0.360774818402
0.395652171746	0.211827956989	265	10	57	0	149	0.359903381643
0.395964903093	0.211827956989	266	10	57	0	149	0.359036144578
0.3971870807	0.212903225806	267	10	57	0	149	0.358173076923
0.399946555651	0.213978494624	268	10	57	0	149	0.357314148681
0.400833145311	0.215053763441	269	10	57	0	149	0.356459330144
0.403105616591	0.216129032258	270	10	57	0	149	0.355608591885
0.403434768369	0.217204301075	271	10	57	0	149	0.354761904762
0.407035678478	0.218279569892	272	10	57	0	149	0.353919239905
0.408598665007	0.218279569892	273	10	57	0	149	0.35308056872
0.409112158926	0.21935483871	274	10	57	0	149	0.352245862884
0.40946139889	0.220430107527	275	10	57	0	149	0.35141509434
0.410240256054	0.220430107527	276	10	57	0	149	0.350588235294
0.412559721306	0.221505376344	277	10	57	0	149	0.349765258216
0.413366459394	0.220430107527	278	10	57	0	149	0.348946135831
0.414459820215	0.221505376344	279	10	57	0	149	0.348130841121
0.414848668859	0.222580645161	280	10	57	0	149	0.347319347319
0.418493544323	0.223655913978	281	10	57	0	149	0.346511627907
0.418808928116	0.224731182796	282	10	57	0	149	0.345707656613
0.423164558548	0.225806451613	283	10	57	0	149	0.344907407407
0.42407350591	0.224731182796	284	10	57	0	149	0.344110854503
0.425226135597	0.225806451613	285	10	57	0	149	0.34331797235
0.427284344642	0.224731182796	286	10	57	0	149	0.342528735632
0.428730981608	0.224731182796	287	10	57	0	149	0.341743119266
0.428868961722	0.225806451613	288	10	57	0	149	0.340961098398
0.430954740751	0.22688172043	289	10	57	0	149	0.340182648402
0.435184687707	0.227956989247	290	10	57	0	149	0.339407744875
0.436022726799	0.22688172043	291	10	57	0	149	0.338636363636
0.43633962551	0.227956989247	292	10	57	0	149	0.337868480726
0.437758812001	0.229032258065	293	10	57	0	149	0.337104072398
0.439083561839	0.229032258065	294	10	57	0	149	0.336343115124
0.44489458133	0.230107526882	295	10	57	0	149	0.335585585586
0.447188353512	0.18064516129	295	11	135	0	195	0.397959183673
0.448286874922	0.181720430108	296	11	135	0	195	0.397148676171
0.452649699484	0.182795698925	297	11	135	0	195	0.396341463415
0.459724481836	0.182795698925	298	11	135	0	195	0.395537525355
0.461590313894	0.181720430108	299	11	135	0	195	0.394736842105
0.465477530387	0.18064516129	300	11	135	0	195	0.393939393939
0.465561407809	0.181720430108	301	11	135	0	195	0.39314516129
0.471690703205	0.181720430108	302	11	135	0	195	0.392354124748
0.473347036148	0.181720430108	303	11	135	0	195	0.39156626506
0.473363185036	0.182795698925	304	11	135	0	195	0.390781563126
0.4744682365	0.183870967742	305	11	135	0	195	0.39
0.47542016387	0.184946236559	306	11	135	0	195	0.389221556886
0.476312169198	0.184946236559	307	11	135	0	195	0.388446215139
0.478420316299	0.186021505376	308	11	135	0	195	0.387673956262
0.480007560941	0.187096774194	309	11	135	0	195	0.386904761905
0.482357942444	0.188172043011	310	11	135	0	195	0.386138613861
0.482690166389	0.188172043011	311	11	135	0	195	0.385375494071
0.482844848823	0.189247311828	312	11	135	0	195	0.384615384615
0.483403143925	0.190322580645	313	11	135	0	195	0.383858267717
0.484329290992	0.191397849462	314	11	135	0	195	0.383104125737
0.485040455919	0.19247311828	315	11	135	0	195	0.382352941176
0.487079122514	0.191397849462	316	11	135	0	195	0.381604696673
0.487250739394	0.191397849462	317	11	135	0	195	0.380859375
0.488594120328	0.190322580645	318	11	135	0	195	0.380116959064
0.489667570342	0.189247311828	319	11	135	0	195	0.379377431907
0.489700164495	0.190322580645	320	11	135	0	195	0.378640776699
0.489737435681	0.189247311828	321	11	135	0	195	0.377906976744
0.492648405898	0.190322580645	322	11	135	0	195	0.377176015474
0.494556216015	0.191397849462	323	11	135	0	195	0.376447876448
0.499586772399	0.19247311828	324	11	135	0	195	0.375722543353
0.500388753707	0.193548387097	325	11	135	0	195	0.375
0.500855782021	0.19247311828	326	11	135	0	195	0.374280230326
0.502177849768	0.193548387097	327	11	135	0	195	0.373563218391
0.502180838527	0.194623655914	328	11	135	0	195	0.372848948375
0.504457700773	0.195698924731	329	11	135	0	195	0.37213740458
0.507873917034	0.196774193548	330	11	135	0	195	0.371428571429
0.509216640137	0.197849462366	331	11	135	0	195	0.37072243346
0.510209499003	0.198924731183	332	11	135	0	195	0.370018975332
0.510386406834	0.2	333	11	135	0	195	0.369318181818
0.510703968454	0.201075268817	334	11	135	0	195	0.368620037807
0.51089681599	0.202150537634	335	11	135	0	195	0.367924528302
0.513031812343	0.203225806452	336	11	135	0	195	0.367231638418
0.516866142688	0.204301075269	337	11	135	0	195	0.366541353383
0.517702093962	0.205376344086	338	11	135	0	195	0.365853658537
0.517833388073	0.206451612903	339	11	135	0	195	0.365168539326
0.518366633047	0.20752688172	340	11	135	0	195	0.364485981308
0.518525492113	0.208602150538	341	11	135	0	195	0.363805970149
0.524407571021	0.209677419355	342	11	135	0	195	0.36312849162
0.526252127658	0.210752688172	343	11	135	0	195	0.362453531599
0.526344575611	0.211827956989	344	11	135	0	195	0.361781076067
0.526703631553	0.212903225806	345	11	135	0	195	0.361111111111
0.52693279059	0.213978494624	346	11	135	0	195	0.360443622921
0.534468928925	0.215053763441	347	11	135	0	195	0.359778597786
0.535026618908	0.213978494624	348	11	135	0	195	0.359116022099
0.540060075265	0.215053763441	349	11	135	0	195	0.358455882353
0.54035077346	0.216129032258	350	11	135	0	195	0.357798165138
0.540505967522	0.216129032258	351	11	135	0	195	0.357142857143
0.540535182027	0.217204301075	352	11	135	0	195	0.356489945155
0.542705178044	0.218279569892	353	11	135	0	195	0.355839416058
0.542959124567	0.218279569892	354	11	135	0	195	0.355191256831
0.544071105329	0.21935483871	355	11	135	0	195	0.354545454545
0.544360271385	0.21935483871	356	11	135	0	195	0.35390199637
0.544516530242	0.220430107527	357	11	135	0	195	0.353260869565
0.544959285486	0.220430107527	358	11	135	0	195	0.352622061483
0.546429553668	0.220430107527	359	11	135	0	195	0.351985559567
0.547653360615	0.221505376344	360	11	135	0	195	0.351351351351
0.548141622721	0.220430107527	361	11	135	0	195	0.35071942446
0.549802874688	0.221505376344	362	11	135	0	195	0.350089766607
0.549967415598	0.222580645161	363	11	135	0	195	0.349462365591
0.553992154291	0.223655913978	364	11	135	0	195	0.348837209302
0.555855394828	0.224731182796	365	11	135	0	195	0.348214285714
0.558583516185	0.225806451613	366	11	135	0	195	0.347593582888
0.55895331191	0.224731182796	367	11	135	0	195	0.346975088968
0.560395241696	0.223655913978	368	11	135	0	195	0.346358792185
0.562899553238	0.224731182796	369	11	135	0	195	0.345744680851
0.564964286752	0.224731182796	370	11	135	0	195	0.345132743363
0.565403926532	0.225806451613	371	11	135	0	195	0.344522968198
0.567283807286	0.22688172043	372	11	135	0	195	0.343915343915
0.56734630443	0.222580645161	372	12	39	0	199	0.348511383538
0.568248979046	0.221505376344	373	12	39	0	199	0.347902097902
0.570884007081	0.222580645161	374	12	39	0	199	0.347294938918
0.571870898046	0.223655913978	375	12	39	0	199	0.34668989547
0.572484124676	0.224731182796	376	12	39	0	199	0.346086956522
0.57328429781	0.224731182796	377	12	39	0	199	0.345486111111
0.574962276757	0.224731182796	378	12	39	0	199	0.344887348354
0.576914207562	0.225806451613	379	12	39	0	199	0.344290657439
0.57819161841	0.22688172043	380	12	39	0	199	0.343696027634
0.5798952031	0.227956989247	381	12	39	0	199	0.343103448276
0.585066255958	0.208602150538	381	13	153	0	217	0.362876254181
0.590918814938	0.209677419355	382	13	153	0	217	0.362270450751
0.591719607082	0.209677419355	383	13	153	0	217	0.361666666667
0.593223103024	0.210752688172	384	13	153	0	217	0.361064891847
0.594650468779	0.211827956989	385	13	153	0	217	0.360465116279
0.594997467331	0.212903225806	386	13	153	0	217	0.359867330017
0.595623159821	0.213978494624	387	13	153	0	217	0.359271523179
0.597539860575	0.215053763441	388	13	153	0	217	0.35867768595
0.598040692351	0.216129032258	389	13	153	0	217	0.358085808581
0.598981329189	0.217204301075	390	13	153	0	217	0.357495881384
0.600494861747	0.218279569892	391	13	153	0	217	0.356907894737
0.60406620596	0.21935483871	392	13	153	0	217	0.35632183908
0.606366713329	0.220430107527	393	13	153	0	217	0.355737704918
0.609138577749	0.221505376344	394	13	153	0	217	0.355155482815
0.61012354719	0.222580645161	395	13	153	0	217	0.354575163399
0.615396027259	0.223655913978	396	13	153	0	217	0.353996737357
0.61683245761	0.224731182796	397	13	153	0	217	0.35342019544
0.61877196353	0.225806451613	398	13	153	0	217	0.352845528455
0.618890909875	0.22688172043	399	13	153	0	217	0.352272727273
0.619232696053	0.227956989247	400	13	153	0	217	0.35170178282
0.6197753017	0.229032258065	401	13	153	0	217	0.351132686084
0.62386703084	0.227956989247	402	13	153	0	217	0.35056542811
0.630302955431	0.22688172043	403	13	153	0	217	0.35
0.634830640545	0.22688172043	404	13	153	0	217	0.349436392915
0.637043664595	0.225806451613	405	13	153	0	217	0.348874598071
0.638264151234	0.22688172043	406	13	153	0	217	0.348314606742
0.638322623767	0.227956989247	407	13	153	0	217	0.347756410256
0.639102838832	0.229032258065	408	13	153	0	217	0.3472
0.640516139141	0.229032258065	409	13	153	0	217	0.346645367412
0.642204789601	0.230107526882	410	13	153	0	217	0.346092503987
0.64451584458	0.205376344086	410	14	126	0	240	0.369230769231
0.644890353829	0.206451612903	411	14	126	0	240	0.36866359447
0.645789546183	0.206451612903	412	14	126	0	240	0.368098159509
0.646758359017	0.20752688172	413	14	126	0	240	0.367534456355
0.648087876999	0.206451612903	414	14	126	0	240	0.366972477064
0.648636587653	0.205376344086	415	14	126	0	240	0.36641221374
0.652354569899	0.206451612903	416	14	126	0	240	0.365853658537
0.654433845755	0.20752688172	417	14	126	0	240	0.365296803653
0.655840252206	0.208602150538	418	14	126	0	240	0.364741641337
0.658703385199	0.209677419355	419	14	126	0	240	0.364188163885
0.66082603487	0.209677419355	420	14	126	0	240	0.363636363636
0.661123097441	0.210752688172	421	14	126	0	240	0.36308623298
0.662674255648	0.211827956989	422	14	126	0	240	0.36253776435
