# time 	 divergence 	 # of mutations 	 # IGC chances 	 IGC length 	 # IGC failures 	 Changes due to IGC  	 % change due to IGC 
0.0	0.237816764133	0	0	0	0	0	0.0
0.00112322750935	0.238791423002	1	0	0	0	0	0.0
0.0041815807664	0.237816764133	2	0	0	0	0	0.0
0.00464192909442	0.238791423002	3	0	0	0	0	0.0
0.00482212827751	0.239766081871	4	0	0	0	0	0.0
0.00501447075119	0.240740740741	5	0	0	0	0	0.0
0.00872227480034	0.24171539961	6	0	0	0	0	0.0
0.0107935876009	0.24269005848	7	0	0	0	0	0.0
0.01215397943	0.24171539961	8	0	0	0	0	0.0
0.012247440117	0.24171539961	9	0	0	0	0	0.0
0.0130646438591	0.24269005848	10	0	0	0	0	0.0
0.0151048595656	0.24171539961	11	0	0	0	0	0.0
0.0152045928031	0.24171539961	12	0	0	0	0	0.0
0.0154359291245	0.24269005848	13	0	0	0	0	0.0
0.0198048403136	0.243664717349	14	0	0	0	0	0.0
0.0232401683682	0.244639376218	15	0	0	0	0	0.0
0.0234694500227	0.245614035088	16	0	0	0	0	0.0
0.0236532967912	0.245614035088	17	0	0	0	0	0.0
0.0241484539281	0.246588693957	18	0	0	0	0	0.0
0.0251240876891	0.243664717349	18	1	6	0	3	0.142857142857
0.0253165428853	0.244639376218	19	1	6	0	3	0.136363636364
0.0254184147027	0.245614035088	20	1	6	0	3	0.130434782609
0.0257919336275	0.246588693957	21	1	6	0	3	0.125
0.0285075813753	0.247563352827	22	1	6	0	3	0.12
0.0301128493303	0.248538011696	23	1	6	0	3	0.115384615385
0.0305154582407	0.249512670565	24	1	6	0	3	0.111111111111
0.0307238180088	0.248538011696	25	1	6	0	3	0.107142857143
0.0324133763678	0.249512670565	26	1	6	0	3	0.103448275862
0.0353112089921	0.250487329435	27	1	6	0	3	0.1
0.0354752063752	0.240740740741	27	2	27	0	13	0.325
0.0373582780085	0.239766081871	28	2	27	0	13	0.317073170732
0.0381878581414	0.239766081871	29	2	27	0	13	0.309523809524
0.0382755313503	0.240740740741	30	2	27	0	13	0.302325581395
0.0391929661595	0.24171539961	31	2	27	0	13	0.295454545455
0.0416260284004	0.24269005848	32	2	27	0	13	0.288888888889
0.0416527832285	0.24269005848	33	2	27	0	13	0.282608695652
0.0429345559032	0.243664717349	34	2	27	0	13	0.276595744681
0.0437946838893	0.244639376218	35	2	27	0	13	0.270833333333
0.0438342559775	0.244639376218	36	2	27	0	13	0.265306122449
0.0447262227373	0.245614035088	37	2	27	0	13	0.26
0.0458476094415	0.246588693957	38	2	27	0	13	0.254901960784
0.0464864145094	0.247563352827	39	2	27	0	13	0.25
0.0465416726063	0.248538011696	40	2	27	0	13	0.245283018868
0.0488475901524	0.248538011696	41	2	27	0	13	0.240740740741
0.0494994121776	0.249512670565	42	2	27	0	13	0.236363636364
0.0496374580721	0.249512670565	43	2	27	0	13	0.232142857143
0.0507786287785	0.250487329435	44	2	27	0	13	0.228070175439
0.0515938992074	0.251461988304	45	2	27	0	13	0.224137931034
0.0529379477513	0.252436647173	46	2	27	0	13	0.220338983051
0.0536424464354	0.253411306043	47	2	27	0	13	0.216666666667
0.0540298055627	0.252436647173	48	2	27	0	13	0.213114754098
0.0550982632488	0.252436647173	49	2	27	0	13	0.209677419355
0.0579215614883	0.249512670565	49	3	9	0	16	0.246153846154
0.0592563198483	0.250487329435	50	3	9	0	16	0.242424242424
0.0597900580642	0.251461988304	51	3	9	0	16	0.238805970149
0.063003568798	0.252436647173	52	3	9	0	16	0.235294117647
0.06309830005	0.234892787524	52	4	105	0	34	0.395348837209
0.0634080454205	0.235867446394	53	4	105	0	34	0.390804597701
0.06448603919	0.235867446394	54	4	105	0	34	0.386363636364
0.0675957571013	0.236842105263	55	4	105	0	34	0.38202247191
0.0678927928434	0.237816764133	56	4	105	0	34	0.377777777778
0.0688768899741	0.238791423002	57	4	105	0	34	0.373626373626
0.0688771377172	0.239766081871	58	4	105	0	34	0.369565217391
0.0700541760253	0.240740740741	59	4	105	0	34	0.365591397849
0.0703510060002	0.24171539961	60	4	105	0	34	0.36170212766
0.0717366901925	0.24171539961	61	4	105	0	34	0.357894736842
0.074098095432	0.24269005848	62	4	105	0	34	0.354166666667
0.0741737041998	0.24269005848	63	4	105	0	34	0.350515463918
0.0753709472691	0.243664717349	64	4	105	0	34	0.34693877551
0.0774648963309	0.244639376218	65	4	105	0	34	0.343434343434
0.0777461777984	0.245614035088	66	4	105	0	34	0.34
0.078957997485	0.246588693957	67	4	105	0	34	0.336633663366
0.0792642234497	0.247563352827	68	4	105	0	34	0.333333333333
0.0794915867402	0.246588693957	69	4	105	0	34	0.330097087379
0.080684859904	0.247563352827	70	4	105	0	34	0.326923076923
0.0808431903418	0.229044834308	70	5	96	0	53	0.430894308943
0.0818708250957	0.230019493177	71	5	96	0	53	0.427419354839
0.0838311148476	0.230994152047	72	5	96	0	53	0.424
0.085466120644	0.231968810916	73	5	96	0	53	0.420634920635
0.0882567967359	0.232943469786	74	5	96	0	53	0.417322834646
0.0912422652144	0.233918128655	75	5	96	0	53	0.4140625
0.0920583518633	0.234892787524	76	5	96	0	53	0.410852713178
0.0980976599249	0.235867446394	77	5	96	0	53	0.407692307692
0.0983325119184	0.236842105263	78	5	96	0	53	0.404580152672
0.0999510863949	0.237816764133	79	5	96	0	53	0.401515151515
0.10015237991	0.236842105263	80	5	96	0	53	0.398496240602
0.101572949564	0.237816764133	81	5	96	0	53	0.39552238806
0.101995491484	0.238791423002	82	5	96	0	53	0.392592592593
0.102611830265	0.239766081871	83	5	96	0	53	0.389705882353
0.104909026974	0.240740740741	84	5	96	0	53	0.386861313869
0.105573089313	0.24171539961	85	5	96	0	53	0.384057971014
0.106482857527	0.24269005848	86	5	96	0	53	0.381294964029
0.107235658675	0.243664717349	87	5	96	0	53	0.378571428571
0.108851487919	0.24269005848	88	5	96	0	53	0.375886524823
0.110973971934	0.243664717349	89	5	96	0	53	0.37323943662
0.111189128329	0.244639376218	90	5	96	0	53	0.370629370629
0.113799069379	0.245614035088	91	5	96	0	53	0.368055555556
0.113899942446	0.246588693957	92	5	96	0	53	0.365517241379
0.114398687905	0.247563352827	93	5	96	0	53	0.36301369863
0.115347643347	0.246588693957	94	5	96	0	53	0.360544217687
0.115669745858	0.247563352827	95	5	96	0	53	0.358108108108
0.117143031954	0.248538011696	96	5	96	0	53	0.355704697987
0.118120550093	0.249512670565	97	5	96	0	53	0.353333333333
0.118537627733	0.250487329435	98	5	96	0	53	0.350993377483
0.1190049303	0.251461988304	99	5	96	0	53	0.348684210526
0.119955769513	0.252436647173	100	5	96	0	53	0.346405228758
0.120209912075	0.253411306043	101	5	96	0	53	0.344155844156
0.120850414957	0.253411306043	102	5	96	0	53	0.341935483871
0.121841408488	0.254385964912	103	5	96	0	53	0.339743589744
0.122117035687	0.255360623782	104	5	96	0	53	0.337579617834
0.123443002942	0.256335282651	105	5	96	0	53	0.335443037975
0.124929731655	0.25730994152	106	5	96	0	53	0.333333333333
0.127669549485	0.25730994152	107	5	96	0	53	0.33125
0.130918974795	0.25828460039	108	5	96	0	53	0.329192546584
0.135209930295	0.25730994152	109	5	96	0	53	0.327160493827
0.135976309446	0.25730994152	110	5	96	0	53	0.325153374233
0.138224345516	0.25828460039	111	5	96	0	53	0.323170731707
0.139657012544	0.25828460039	112	5	96	0	53	0.321212121212
0.140091911595	0.259259259259	113	5	96	0	53	0.319277108434
0.140235268923	0.259259259259	114	5	96	0	53	0.317365269461
0.142240333521	0.260233918129	115	5	96	0	53	0.315476190476
0.142557375934	0.261208576998	116	5	96	0	53	0.313609467456
0.143137028405	0.262183235867	117	5	96	0	53	0.311764705882
0.145097866766	0.263157894737	118	5	96	0	53	0.309941520468
0.1456291815	0.263157894737	119	5	96	0	53	0.308139534884
0.147260151651	0.264132553606	120	5	96	0	53	0.306358381503
0.147905292035	0.265107212476	121	5	96	0	53	0.304597701149
0.15267993669	0.266081871345	122	5	96	0	53	0.302857142857
0.153111633356	0.263157894737	122	6	42	0	56	0.314606741573
0.154292025133	0.264132553606	123	6	42	0	56	0.312849162011
0.154653010076	0.265107212476	124	6	42	0	56	0.311111111111
0.156719736604	0.264132553606	125	6	42	0	56	0.309392265193
0.160859795283	0.263157894737	126	6	42	0	56	0.307692307692
0.164738243003	0.263157894737	127	6	42	0	56	0.306010928962
0.165829559213	0.264132553606	128	6	42	0	56	0.304347826087
0.167117342085	0.265107212476	129	6	42	0	56	0.302702702703
0.172502857427	0.266081871345	130	6	42	0	56	0.301075268817
0.174271363803	0.266081871345	131	6	42	0	56	0.299465240642
0.174751930855	0.264132553606	131	7	6	0	58	0.306878306878
0.175034002909	0.265107212476	132	7	6	0	58	0.305263157895
0.175620850477	0.266081871345	133	7	6	0	58	0.303664921466
0.178908392841	0.253411306043	133	8	84	0	71	0.348039215686
0.185728079709	0.252436647173	134	8	84	0	71	0.346341463415
0.187472327562	0.253411306043	135	8	84	0	71	0.344660194175
0.18807485662	0.254385964912	136	8	84	0	71	0.342995169082
0.189195429256	0.255360623782	137	8	84	0	71	0.341346153846
0.189535327863	0.255360623782	138	8	84	0	71	0.33971291866
0.19031222764	0.256335282651	139	8	84	0	71	0.338095238095
0.191195325644	0.256335282651	140	8	84	0	71	0.336492890995
0.191512146031	0.25730994152	141	8	84	0	71	0.334905660377
0.191705338102	0.256335282651	142	8	84	0	71	0.333333333333
0.192689860856	0.256335282651	143	8	84	0	71	0.331775700935
0.192881566847	0.25730994152	144	8	84	0	71	0.33023255814
0.19319868028	0.25828460039	145	8	84	0	71	0.328703703704
0.197220516558	0.25730994152	146	8	84	0	71	0.327188940092
0.197411133241	0.25828460039	147	8	84	0	71	0.325688073394
0.197823719474	0.259259259259	148	8	84	0	71	0.324200913242
0.198742587574	0.260233918129	149	8	84	0	71	0.322727272727
0.199382258741	0.261208576998	150	8	84	0	71	0.321266968326
0.201390642188	0.262183235867	151	8	84	0	71	0.31981981982
0.202002511885	0.263157894737	152	8	84	0	71	0.318385650224
0.202050507777	0.264132553606	153	8	84	0	71	0.316964285714
0.20360883597	0.265107212476	154	8	84	0	71	0.315555555556
0.205850476732	0.266081871345	155	8	84	0	71	0.314159292035
0.207205876928	0.267056530214	156	8	84	0	71	0.312775330396
0.208043481229	0.268031189084	157	8	84	0	71	0.311403508772
0.20910528841	0.269005847953	158	8	84	0	71	0.310043668122
0.210480239671	0.269005847953	159	8	84	0	71	0.308695652174
0.211235885057	0.269980506823	160	8	84	0	71	0.307359307359
0.211240021254	0.270955165692	161	8	84	0	71	0.306034482759
0.212943018108	0.269980506823	162	8	84	0	71	0.304721030043
0.214409660125	0.270955165692	163	8	84	0	71	0.303418803419
0.214663156602	0.269980506823	164	8	84	0	71	0.302127659574
0.214739305226	0.270955165692	165	8	84	0	71	0.300847457627
0.215454378075	0.271929824561	166	8	84	0	71	0.299578059072
0.216201717511	0.272904483431	167	8	84	0	71	0.298319327731
0.219483227504	0.271929824561	168	8	84	0	71	0.297071129707
0.220971707777	0.271929824561	169	8	84	0	71	0.295833333333
0.221869814578	0.272904483431	170	8	84	0	71	0.294605809129
0.22272329707	0.2738791423	171	8	84	0	71	0.293388429752
0.223013709765	0.27485380117	172	8	84	0	71	0.292181069959
0.223481354016	0.275828460039	173	8	84	0	71	0.290983606557
0.22676289671	0.276803118908	174	8	84	0	71	0.289795918367
0.227207602211	0.277777777778	175	8	84	0	71	0.288617886179
0.228179085651	0.277777777778	176	8	84	0	71	0.287449392713
0.228195379296	0.276803118908	177	8	84	0	71	0.286290322581
0.228358882407	0.277777777778	178	8	84	0	71	0.285140562249
0.230742736077	0.278752436647	179	8	84	0	71	0.284
0.231682258814	0.279727095517	180	8	84	0	71	0.282868525896
0.232729037288	0.279727095517	181	8	84	0	71	0.281746031746
0.23336049074	0.280701754386	182	8	84	0	71	0.280632411067
0.233616278049	0.279727095517	183	8	84	0	71	0.279527559055
0.235749312913	0.280701754386	184	8	84	0	71	0.278431372549
0.236862724051	0.281676413255	185	8	84	0	71	0.27734375
0.237003784	0.282651072125	186	8	84	0	71	0.27626459144
0.237160223881	0.283625730994	187	8	84	0	71	0.27519379845
0.237320062071	0.284600389864	188	8	84	0	71	0.274131274131
0.239188300568	0.285575048733	189	8	84	0	71	0.273076923077
0.239424578601	0.286549707602	190	8	84	0	71	0.272030651341
0.239966792115	0.287524366472	191	8	84	0	71	0.270992366412
0.240123595073	0.287524366472	192	8	84	0	71	0.269961977186
0.242042887978	0.288499025341	193	8	84	0	71	0.268939393939
0.242466645804	0.289473684211	194	8	84	0	71	0.267924528302
0.244556127182	0.29044834308	195	8	84	0	71	0.266917293233
0.244561488652	0.29044834308	196	8	84	0	71	0.265917602996
0.24737084597	0.291423001949	197	8	84	0	71	0.264925373134
0.247654764926	0.292397660819	198	8	84	0	71	0.263940520446
0.248898564099	0.291423001949	199	8	84	0	71	0.262962962963
0.250065881424	0.292397660819	200	8	84	0	71	0.261992619926
0.250452447818	0.293372319688	201	8	84	0	71	0.261029411765
0.251701308978	0.294346978558	202	8	84	0	71	0.260073260073
0.252031958298	0.295321637427	203	8	84	0	71	0.259124087591
0.255749402015	0.296296296296	204	8	84	0	71	0.258181818182
0.256743253423	0.297270955166	205	8	84	0	71	0.257246376812
0.262286823648	0.297270955166	206	8	84	0	71	0.256317689531
0.265379295611	0.298245614035	207	8	84	0	71	0.255395683453
0.265726463526	0.297270955166	208	8	84	0	71	0.254480286738
0.267217370607	0.298245614035	209	8	84	0	71	0.253571428571
0.267391149464	0.298245614035	210	8	84	0	71	0.252669039146
0.267983166446	0.299220272904	211	8	84	0	71	0.251773049645
0.268763870569	0.299220272904	212	8	84	0	71	0.250883392226
0.270334528545	0.300194931774	213	8	84	0	71	0.25
0.270526618814	0.300194931774	214	8	84	0	71	0.249122807018
0.272305108155	0.301169590643	215	8	84	0	71	0.248251748252
0.273316413921	0.302144249513	216	8	84	0	71	0.247386759582
0.273418662025	0.303118908382	217	8	84	0	71	0.246527777778
0.274609479506	0.304093567251	218	8	84	0	71	0.245674740484
0.274792984595	0.305068226121	219	8	84	0	71	0.244827586207
0.277105581757	0.305068226121	220	8	84	0	71	0.243986254296
0.277557997402	0.30604288499	221	8	84	0	71	0.243150684932
0.280596131285	0.30701754386	222	8	84	0	71	0.242320819113
0.282450191742	0.30701754386	223	8	84	0	71	0.241496598639
0.282461711276	0.30604288499	224	8	84	0	71	0.240677966102
0.283239308792	0.305068226121	225	8	84	0	71	0.239864864865
0.283748279184	0.30604288499	226	8	84	0	71	0.239057239057
0.284283209496	0.305068226121	227	8	84	0	71	0.238255033557
0.28431842221	0.285575048733	227	9	33	0	91	0.286163522013
0.284805548411	0.286549707602	228	9	33	0	91	0.28526645768
0.285004824684	0.287524366472	229	9	33	0	91	0.284375
0.285072240687	0.288499025341	230	9	33	0	91	0.283489096573
0.28696453147	0.288499025341	231	9	33	0	91	0.282608695652
0.289045067196	0.289473684211	232	9	33	0	91	0.28173374613
0.295131561501	0.29044834308	233	9	33	0	91	0.280864197531
0.29612141297	0.291423001949	234	9	33	0	91	0.28
0.298112729764	0.291423001949	235	9	33	0	91	0.279141104294
0.298894941534	0.292397660819	236	9	33	0	91	0.278287461774
0.299207102626	0.293372319688	237	9	33	0	91	0.27743902439
0.301609058242	0.294346978558	238	9	33	0	91	0.276595744681
0.305320308587	0.293372319688	239	9	33	0	91	0.275757575758
0.309255880148	0.294346978558	240	9	33	0	91	0.274924471299
0.310959500057	0.294346978558	241	9	33	0	91	0.274096385542
0.313463757364	0.293372319688	242	9	33	0	91	0.273273273273
0.315535105381	0.293372319688	243	9	33	0	91	0.27245508982
0.316697070266	0.293372319688	244	9	33	0	91	0.271641791045
0.320620687888	0.293372319688	245	9	33	0	91	0.270833333333
0.320948045489	0.294346978558	246	9	33	0	91	0.270029673591
0.322230809122	0.295321637427	247	9	33	0	91	0.269230769231
0.322893829525	0.296296296296	248	9	33	0	91	0.268436578171
0.329256962433	0.296296296296	249	9	33	0	91	0.267647058824
0.329951163445	0.295321637427	249	10	6	0	92	0.269794721408
0.330728257578	0.295321637427	250	10	6	0	92	0.269005847953
0.332347660099	0.296296296296	251	10	6	0	92	0.268221574344
0.333616508468	0.297270955166	252	10	6	0	92	0.267441860465
0.3350920884	0.298245614035	253	10	6	0	92	0.266666666667
0.336045898178	0.299220272904	254	10	6	0	92	0.265895953757
0.33610959902	0.300194931774	255	10	6	0	92	0.265129682997
0.336840467596	0.300194931774	256	10	6	0	92	0.264367816092
0.336884758726	0.301169590643	257	10	6	0	92	0.263610315186
0.337807231947	0.301169590643	258	10	6	0	92	0.262857142857
0.338893243257	0.302144249513	259	10	6	0	92	0.262108262108
0.338966809017	0.303118908382	260	10	6	0	92	0.261363636364
0.339597344776	0.304093567251	261	10	6	0	92	0.260623229462
0.339896721508	0.304093567251	262	10	6	0	92	0.25988700565
0.342531644273	0.305068226121	263	10	6	0	92	0.259154929577
0.342777455169	0.30604288499	264	10	6	0	92	0.258426966292
0.344112957701	0.30701754386	265	10	6	0	92	0.257703081232
0.346131409522	0.307992202729	266	10	6	0	92	0.256983240223
0.347593731755	0.307992202729	267	10	6	0	92	0.256267409471
0.347734697411	0.308966861598	268	10	6	0	92	0.255555555556
0.348579429146	0.308966861598	269	10	6	0	92	0.254847645429
0.351302054088	0.309941520468	270	10	6	0	92	0.254143646409
0.352471314068	0.310916179337	271	10	6	0	92	0.253443526171
0.355264925485	0.302144249513	271	11	12	0	101	0.271505376344
0.355497086195	0.302144249513	272	11	12	0	101	0.270777479893
0.356905032102	0.303118908382	273	11	12	0	101	0.270053475936
0.35707667962	0.304093567251	274	11	12	0	101	0.269333333333
0.357544606727	0.305068226121	275	11	12	0	101	0.268617021277
0.358042960769	0.30604288499	276	11	12	0	101	0.267904509284
0.360422181841	0.30701754386	277	11	12	0	101	0.267195767196
0.363986463633	0.30604288499	278	11	12	0	101	0.266490765172
0.365796522136	0.30701754386	279	11	12	0	101	0.265789473684
0.366030609734	0.307992202729	280	11	12	0	101	0.265091863517
0.366469260103	0.308966861598	281	11	12	0	101	0.264397905759
0.369182448085	0.309941520468	282	11	12	0	101	0.263707571802
0.369592212457	0.309941520468	283	11	12	0	101	0.263020833333
0.372870073646	0.310916179337	284	11	12	0	101	0.262337662338
0.373582215093	0.311890838207	285	11	12	0	101	0.261658031088
0.378284341079	0.312865497076	286	11	12	0	101	0.260981912145
0.378567029213	0.313840155945	287	11	12	0	101	0.260309278351
0.378769607088	0.314814814815	288	11	12	0	101	0.259640102828
0.379263389692	0.314814814815	289	11	12	0	101	0.258974358974
0.379314630127	0.315789473684	290	11	12	0	101	0.25831202046
0.379350098532	0.315789473684	291	11	12	0	101	0.257653061224
0.380173738476	0.316764132554	292	11	12	0	101	0.256997455471
0.381806053704	0.285575048733	292	12	87	0	133	0.312941176471
0.382602886718	0.286549707602	293	12	87	0	133	0.31220657277
0.383218690513	0.287524366472	294	12	87	0	133	0.311475409836
0.38348175723	0.288499025341	295	12	87	0	133	0.310747663551
0.384683267098	0.289473684211	296	12	87	0	133	0.310023310023
0.384924808087	0.29044834308	297	12	87	0	133	0.309302325581
0.385688259575	0.291423001949	298	12	87	0	133	0.308584686775
0.388840072407	0.292397660819	299	12	87	0	133	0.30787037037
0.392772218436	0.291423001949	300	12	87	0	133	0.307159353349
0.394196324833	0.291423001949	301	12	87	0	133	0.306451612903
0.395700512295	0.284600389864	301	13	24	0	140	0.31746031746
0.39916466538	0.283625730994	302	13	24	0	140	0.316742081448
0.400162183005	0.284600389864	303	13	24	0	140	0.316027088036
0.402410548336	0.284600389864	304	13	24	0	140	0.315315315315
0.404324935345	0.285575048733	305	13	24	0	140	0.314606741573
0.405693938374	0.285575048733	306	13	24	0	140	0.313901345291
0.40778904269	0.286549707602	307	13	24	0	140	0.313199105145
0.410105139634	0.287524366472	308	13	24	0	140	0.3125
0.410902276518	0.288499025341	309	13	24	0	140	0.311804008909
0.41099627716	0.289473684211	310	13	24	0	140	0.311111111111
0.41162512475	0.280701754386	310	14	99	0	149	0.324618736383
0.41267767847	0.281676413255	311	14	99	0	149	0.323913043478
0.414771534464	0.279727095517	311	15	3	0	151	0.32683982684
0.415216905622	0.27485380117	311	16	15	0	156	0.334047109208
0.415433810785	0.275828460039	312	16	15	0	156	0.333333333333
0.416325614902	0.276803118908	313	16	15	0	156	0.332622601279
0.416366328498	0.277777777778	314	16	15	0	156	0.331914893617
0.425039936989	0.278752436647	315	16	15	0	156	0.331210191083
0.426194665113	0.276803118908	315	17	6	0	158	0.334038054968
0.428835526205	0.276803118908	316	17	6	0	158	0.333333333333
0.429320089347	0.276803118908	317	17	6	0	158	0.332631578947
0.435449033172	0.277777777778	318	17	6	0	158	0.331932773109
0.43589177889	0.277777777778	319	17	6	0	158	0.331236897275
0.436611025934	0.277777777778	320	17	6	0	158	0.330543933054
0.437050321104	0.278752436647	321	17	6	0	158	0.329853862213
0.438238920754	0.279727095517	322	17	6	0	158	0.329166666667
0.438870763996	0.279727095517	322	18	3	0	158	0.329166666667
0.438879149774	0.277777777778	322	19	18	0	160	0.331950207469
0.442296724485	0.276803118908	323	19	18	0	160	0.331262939959
0.442435175262	0.277777777778	324	19	18	0	160	0.330578512397
0.444676792881	0.278752436647	325	19	18	0	160	0.329896907216
0.446391670019	0.279727095517	326	19	18	0	160	0.329218106996
0.446648293577	0.279727095517	327	19	18	0	160	0.328542094456
0.446655294658	0.279727095517	328	19	18	0	160	0.327868852459
0.446701122577	0.280701754386	329	19	18	0	160	0.327198364008
0.447231150506	0.279727095517	330	19	18	0	160	0.326530612245
0.447529364313	0.280701754386	331	19	18	0	160	0.325865580448
0.45020841415	0.281676413255	332	19	18	0	160	0.325203252033
0.450915741142	0.280701754386	333	19	18	0	160	0.324543610548
0.451534027952	0.280701754386	334	19	18	0	160	0.323886639676
0.451537038992	0.281676413255	335	19	18	0	160	0.323232323232
0.455203527536	0.281676413255	336	19	18	0	160	0.322580645161
0.456886287162	0.282651072125	337	19	18	0	160	0.321931589537
0.457410881887	0.283625730994	338	19	18	0	160	0.321285140562
0.4597816223	0.283625730994	339	19	18	0	160	0.320641282565
0.459899754209	0.284600389864	340	19	18	0	160	0.32
0.460459771062	0.285575048733	341	19	18	0	160	0.319361277445
0.462491584706	0.286549707602	342	19	18	0	160	0.318725099602
0.46272619818	0.285575048733	343	19	18	0	160	0.318091451292
0.463905179493	0.284600389864	344	19	18	0	160	0.31746031746
0.468585325266	0.284600389864	345	19	18	0	160	0.316831683168
0.470636145258	0.277777777778	345	20	33	0	167	0.326171875
0.471320412285	0.278752436647	346	20	33	0	167	0.325536062378
0.472320565697	0.279727095517	347	20	33	0	167	0.324902723735
0.475693224617	0.280701754386	348	20	33	0	167	0.32427184466
0.47828945926	0.280701754386	349	20	33	0	167	0.323643410853
0.480513669449	0.281676413255	350	20	33	0	167	0.323017408124
0.480599793326	0.282651072125	351	20	33	0	167	0.322393822394
0.481054892486	0.283625730994	352	20	33	0	167	0.321772639692
0.484859709214	0.283625730994	353	20	33	0	167	0.321153846154
0.488846909822	0.283625730994	354	20	33	0	167	0.320537428023
0.489366935144	0.283625730994	355	20	33	0	167	0.319923371648
0.490001787589	0.284600389864	356	20	33	0	167	0.31931166348
0.491808452669	0.285575048733	357	20	33	0	167	0.318702290076
0.493224832734	0.286549707602	358	20	33	0	167	0.318095238095
0.494731193154	0.287524366472	359	20	33	0	167	0.317490494297
0.50138475987	0.288499025341	360	20	33	0	167	0.316888045541
0.50280340484	0.289473684211	361	20	33	0	167	0.316287878788
0.503248056211	0.29044834308	362	20	33	0	167	0.315689981096
0.503496170837	0.275828460039	362	21	90	0	182	0.334558823529
0.50376988696	0.276803118908	363	21	90	0	182	0.333944954128
0.505465252038	0.277777777778	364	21	90	0	182	0.333333333333
0.508237516739	0.278752436647	365	21	90	0	182	0.332723948812
0.508954696318	0.279727095517	366	21	90	0	182	0.332116788321
0.509553743735	0.280701754386	367	21	90	0	182	0.331511839709
0.509897645655	0.281676413255	368	21	90	0	182	0.330909090909
0.511140209917	0.229044834308	368	22	183	0	236	0.390728476821
0.511548199827	0.230019493177	369	22	183	0	236	0.390082644628
0.511991646687	0.230994152047	370	22	183	0	236	0.389438943894
0.514553094846	0.231968810916	371	22	183	0	236	0.388797364086
0.51490743537	0.232943469786	372	22	183	0	236	0.388157894737
0.51545696046	0.231968810916	373	22	183	0	236	0.387520525452
0.516188726617	0.231968810916	374	22	183	0	236	0.386885245902
0.517647042244	0.231968810916	375	22	183	0	236	0.386252045827
0.519264524502	0.232943469786	376	22	183	0	236	0.385620915033
0.519566546664	0.233918128655	377	22	183	0	236	0.384991843393
0.522016563544	0.234892787524	378	22	183	0	236	0.384364820847
0.522039294102	0.235867446394	379	22	183	0	236	0.383739837398
0.522369668009	0.236842105263	380	22	183	0	236	0.383116883117
0.522784106638	0.237816764133	381	22	183	0	236	0.382495948136
0.526734238521	0.238791423002	382	22	183	0	236	0.381877022654
0.527921536341	0.239766081871	383	22	183	0	236	0.381260096931
0.528110848219	0.240740740741	384	22	183	0	236	0.38064516129
0.528273650982	0.24171539961	385	22	183	0	236	0.380032206119
0.528290254958	0.24269005848	386	22	183	0	236	0.379421221865
0.530473898672	0.243664717349	387	22	183	0	236	0.378812199037
0.532605170271	0.217348927875	387	23	84	0	263	0.404615384615
0.534250244405	0.217348927875	388	23	84	0	263	0.403993855607
0.534782966739	0.199805068226	388	24	90	0	281	0.420029895366
0.534841861031	0.200779727096	389	24	90	0	281	0.419402985075
0.535326670675	0.201754385965	390	24	90	0	281	0.418777943368
0.535989930903	0.202729044834	391	24	90	0	281	0.418154761905
0.53603937261	0.203703703704	392	24	90	0	281	0.417533432392
0.537548819526	0.204678362573	393	24	90	0	281	0.416913946588
0.537861306032	0.203703703704	394	24	90	0	281	0.416296296296
0.539271451381	0.199805068226	394	25	108	0	285	0.419734904271
0.540969022407	0.200779727096	395	25	108	0	285	0.419117647059
0.545616270042	0.199805068226	396	25	108	0	285	0.418502202643
0.545932079323	0.200779727096	397	25	108	0	285	0.41788856305
0.546749221821	0.199805068226	398	25	108	0	285	0.417276720351
0.54675817242	0.198830409357	399	25	108	0	285	0.416666666667
0.547127441414	0.199805068226	400	25	108	0	285	0.416058394161
0.548233881566	0.200779727096	401	25	108	0	285	0.415451895044
0.551169076036	0.200779727096	402	25	108	0	285	0.414847161572
0.555046827858	0.201754385965	403	25	108	0	285	0.414244186047
0.555086671815	0.200779727096	404	25	108	0	285	0.413642960813
0.555911211207	0.201754385965	405	25	108	0	285	0.413043478261
0.557620815049	0.200779727096	406	25	108	0	285	0.412445730825
0.561248078034	0.201754385965	407	25	108	0	285	0.411849710983
0.561366299414	0.200779727096	408	25	108	0	285	0.411255411255
0.561579522273	0.201754385965	409	25	108	0	285	0.410662824207
0.562650847484	0.201754385965	410	25	108	0	285	0.410071942446
0.562973849626	0.202729044834	411	25	108	0	285	0.409482758621
0.563260964146	0.203703703704	412	25	108	0	285	0.408895265423
0.56439503085	0.204678362573	413	25	108	0	285	0.408309455587
0.566088697594	0.205653021442	414	25	108	0	285	0.407725321888
0.567119148912	0.206627680312	415	25	108	0	285	0.407142857143
0.567802489061	0.207602339181	416	25	108	0	285	0.406562054208
0.568069547306	0.208576998051	417	25	108	0	285	0.405982905983
0.56949263761	0.20955165692	418	25	108	0	285	0.405405405405
0.569814848778	0.210526315789	419	25	108	0	285	0.404829545455
0.57098186387	0.211500974659	420	25	108	0	285	0.404255319149
0.572010252294	0.211500974659	421	25	108	0	285	0.403682719547
0.572973979315	0.210526315789	422	25	108	0	285	0.403111739745
0.575663495257	0.211500974659	423	25	108	0	285	0.402542372881
0.576410105893	0.212475633528	424	25	108	0	285	0.40197461213
0.57650538897	0.213450292398	425	25	108	0	285	0.401408450704
0.581785981941	0.214424951267	426	25	108	0	285	0.400843881857
0.58324172279	0.205653021442	426	26	84	0	294	0.408333333333
0.583666392929	0.205653021442	426	27	18	0	294	0.408333333333
0.583766749157	0.206627680312	427	27	18	0	294	0.407766990291
0.586928084801	0.205653021442	428	27	18	0	294	0.407202216066
0.590687932195	0.204678362573	429	27	18	0	294	0.406639004149
0.592159556091	0.205653021442	430	27	18	0	294	0.406077348066
0.595337213539	0.206627680312	431	27	18	0	294	0.405517241379
0.595891473169	0.207602339181	432	27	18	0	294	0.404958677686
0.598069439517	0.208576998051	433	27	18	0	294	0.404401650619
0.603490706255	0.20955165692	434	27	18	0	294	0.403846153846
0.604270018306	0.208576998051	435	27	18	0	294	0.40329218107
0.606835980303	0.20955165692	436	27	18	0	294	0.402739726027
0.608611221066	0.207602339181	436	28	24	0	296	0.404371584699
0.61382568008	0.208576998051	437	28	24	0	296	0.403819918145
0.613883966376	0.208576998051	438	28	24	0	296	0.403269754768
0.615258620397	0.175438596491	438	29	51	0	330	0.4296875
0.615386509373	0.176413255361	439	29	51	0	330	0.429128738622
0.61542197761	0.17738791423	440	29	51	0	330	0.428571428571
0.615776823647	0.178362573099	441	29	51	0	330	0.428015564202
0.617854673803	0.178362573099	442	29	51	0	330	0.427461139896
0.617979415898	0.178362573099	443	29	51	0	330	0.426908150065
0.61872153349	0.179337231969	444	29	51	0	330	0.426356589147
0.622364650777	0.180311890838	445	29	51	0	330	0.425806451613
0.625381532215	0.181286549708	446	29	51	0	330	0.425257731959
0.625500582055	0.182261208577	447	29	51	0	330	0.42471042471
0.626064926388	0.183235867446	448	29	51	0	330	0.424164524422
0.628610104026	0.184210526316	449	29	51	0	330	0.423620025674
0.629048112977	0.185185185185	450	29	51	0	330	0.423076923077
0.633373085426	0.186159844055	451	29	51	0	330	0.422535211268
0.633514266904	0.185185185185	452	29	51	0	330	0.42199488491
0.633970682817	0.186159844055	453	29	51	0	330	0.421455938697
0.634565196436	0.186159844055	454	29	51	0	330	0.420918367347
0.634941640091	0.187134502924	455	29	51	0	330	0.420382165605
0.63605484921	0.186159844055	456	29	51	0	330	0.419847328244
0.637457578807	0.187134502924	457	29	51	0	330	0.419313850064
0.638715646869	0.188109161793	458	29	51	0	330	0.418781725888
0.640662286588	0.17738791423	458	30	21	0	341	0.426783479349
0.642370056712	0.178362573099	459	30	21	0	341	0.42625
0.642421348859	0.179337231969	460	30	21	0	341	0.425717852684
0.643883030198	0.180311890838	461	30	21	0	341	0.425187032419
0.645479475355	0.163742690058	461	31	42	0	358	0.437118437118
0.646396102323	0.158869395712	461	32	18	0	363	0.440533980583
0.647978719712	0.159844054581	462	32	18	0	363	0.44
0.648167171706	0.16081871345	463	32	18	0	363	0.439467312349
0.649430566886	0.157894736842	463	33	27	0	366	0.441495778046
0.650017405156	0.158869395712	464	33	27	0	366	0.440963855422
0.650185399564	0.153996101365	464	34	57	0	371	0.444311377246
0.651458185205	0.154970760234	465	34	57	0	371	0.443779904306
0.653763281752	0.155945419103	466	34	57	0	371	0.443249701314
0.65449170557	0.156920077973	467	34	57	0	371	0.442720763723
0.655271463854	0.157894736842	468	34	57	0	371	0.442193087008
0.65610741497	0.158869395712	469	34	57	0	371	0.441666666667
0.656946187692	0.159844054581	470	34	57	0	371	0.441141498216
0.658910540413	0.16081871345	471	34	57	0	371	0.440617577197
0.659429454022	0.16179337232	472	34	57	0	371	0.44009489917
0.659582614489	0.162768031189	473	34	57	0	371	0.439573459716
0.659921678438	0.162768031189	474	34	57	0	371	0.439053254438
0.660688887532	0.163742690058	475	34	57	0	371	0.43853427896
0.662105893532	0.163742690058	476	34	57	0	371	0.438016528926
0.662778614754	0.164717348928	477	34	57	0	371	0.4375
0.665822412318	0.165692007797	478	34	57	0	371	0.436984687868
0.666030815731	0.166666666667	479	34	57	0	371	0.436470588235
0.66921253081	0.167641325536	480	34	57	0	371	0.435957696827
0.669613966072	0.168615984405	481	34	57	0	371	0.43544600939
0.672731487125	0.169590643275	482	34	57	0	371	0.434935521688
0.672890462852	0.169590643275	483	34	57	0	371	0.434426229508
0.673683010134	0.170565302144	484	34	57	0	371	0.433918128655
0.674490026151	0.170565302144	485	34	57	0	371	0.433411214953
0.676067561658	0.169590643275	486	34	57	0	371	0.432905484247
0.676989698024	0.170565302144	487	34	57	0	371	0.432400932401
0.677896580364	0.171539961014	488	34	57	0	371	0.431897555297
0.6802224102	0.172514619883	489	34	57	0	371	0.431395348837
0.681844280159	0.173489278752	490	34	57	0	371	0.430894308943
0.682517081193	0.172514619883	491	34	57	0	371	0.430394431555
0.683721984161	0.173489278752	492	34	57	0	371	0.42989571263
0.685260070275	0.174463937622	493	34	57	0	371	0.429398148148
0.687255184628	0.175438596491	494	34	57	0	371	0.428901734104
0.687798459749	0.176413255361	495	34	57	0	371	0.428406466513
0.691835776574	0.176413255361	496	34	57	0	371	0.427912341407
0.6939856807	0.176413255361	497	34	57	0	371	0.427419354839
0.694430325987	0.17738791423	498	34	57	0	371	0.426927502877
0.694472540217	0.178362573099	499	34	57	0	371	0.426436781609
0.697604500947	0.178362573099	500	34	57	0	371	0.425947187141
0.697872582502	0.179337231969	501	34	57	0	371	0.425458715596
0.698062125804	0.180311890838	502	34	57	0	371	0.424971363116
0.698760855802	0.179337231969	503	34	57	0	371	0.424485125858
0.700037803618	0.180311890838	504	34	57	0	371	0.424
0.700174358303	0.181286549708	505	34	57	0	371	0.423515981735
0.700552045391	0.180311890838	506	34	57	0	371	0.423033067275
0.701947586771	0.181286549708	507	34	57	0	371	0.422551252847
0.70479512749	0.182261208577	508	34	57	0	371	0.422070534699
0.705162179951	0.183235867446	509	34	57	0	371	0.421590909091
0.706125287	0.184210526316	510	34	57	0	371	0.421112372304
0.7070859406	0.185185185185	511	34	57	0	371	0.420634920635
0.707102757724	0.186159844055	512	34	57	0	371	0.420158550396
0.707800074147	0.186159844055	513	34	57	0	371	0.419683257919
0.708634348131	0.187134502924	514	34	57	0	371	0.419209039548
0.709687129693	0.181286549708	514	35	42	0	377	0.423120089787
0.711939361088	0.180311890838	515	35	42	0	377	0.42264573991
0.713161532845	0.181286549708	516	35	42	0	377	0.422172452408
