# time 	 divergence 	 # of mutations 	 # IGC chances 	 IGC length 	 # IGC failures 	 Changes due to IGC  	 % change due to IGC 
0.0	0.237816764133	0	0	0	0	0	0.0
0.000838412850848	0.236842105263	1	0	0	0	0	0.0
0.00934719243776	0.237816764133	2	0	0	0	0	0.0
0.00954458733178	0.238791423002	3	0	0	0	0	0.0
0.0109389674291	0.237816764133	4	0	0	0	0	0.0
0.0109831883492	0.236842105263	5	0	0	0	0	0.0
0.0116669736551	0.237816764133	6	0	0	0	0	0.0
0.011720820188	0.238791423002	7	0	0	0	0	0.0
0.0123320465356	0.239766081871	8	0	0	0	0	0.0
0.0129049727973	0.238791423002	9	0	0	0	0	0.0
0.015887625115	0.239766081871	10	0	0	0	0	0.0
0.0168815412709	0.240740740741	11	0	0	0	0	0.0
0.018009400095	0.240740740741	12	0	0	0	0	0.0
0.0195413329128	0.24171539961	13	0	0	0	0	0.0
0.0207373788231	0.24269005848	14	0	0	0	0	0.0
0.0220121105413	0.243664717349	15	0	0	0	0	0.0
0.0228883416485	0.244639376218	16	0	0	0	0	0.0
0.0236804080087	0.245614035088	17	0	0	0	0	0.0
0.0243911664303	0.246588693957	18	0	0	0	0	0.0
0.0251382315059	0.247563352827	19	0	0	0	0	0.0
0.0275667719824	0.248538011696	20	0	0	0	0	0.0
0.0282856976141	0.249512670565	21	0	0	0	0	0.0
0.028622161175	0.233918128655	21	1	102	0	16	0.432432432432
0.0291517968651	0.234892787524	22	1	102	0	16	0.421052631579
0.0296144711561	0.201754385965	22	2	123	0	50	0.694444444444
0.031096932295	0.202729044834	23	2	123	0	50	0.684931506849
0.0318006049844	0.201754385965	23	3	3	0	51	0.689189189189
0.0325343253565	0.202729044834	24	3	3	0	51	0.68
0.0353063635902	0.202729044834	25	3	3	0	51	0.671052631579
0.0375315083505	0.201754385965	26	3	3	0	51	0.662337662338
0.0381769217618	0.202729044834	27	3	3	0	51	0.653846153846
0.038581576043	0.203703703704	28	3	3	0	51	0.645569620253
0.0397745682304	0.204678362573	29	3	3	0	51	0.6375
0.0430132637694	0.205653021442	30	3	3	0	51	0.62962962963
0.0447183837934	0.206627680312	31	3	3	0	51	0.621951219512
0.0447463640708	0.207602339181	32	3	3	0	51	0.614457831325
0.0458088125882	0.208576998051	33	3	3	0	51	0.607142857143
0.0463619758153	0.20955165692	34	3	3	0	51	0.6
0.0478055289501	0.210526315789	35	3	3	0	51	0.593023255814
0.0492694568093	0.211500974659	36	3	3	0	51	0.586206896552
0.0512250143395	0.212475633528	37	3	3	0	51	0.579545454545
0.0540359403803	0.213450292398	38	3	3	0	51	0.573033707865
0.054114415719	0.214424951267	39	3	3	0	51	0.566666666667
0.0553210449786	0.215399610136	40	3	3	0	51	0.56043956044
0.0567818033893	0.215399610136	41	3	3	0	51	0.554347826087
0.0600853029082	0.215399610136	42	3	3	0	51	0.548387096774
0.0617648418043	0.216374269006	43	3	3	0	51	0.542553191489
0.0621447053562	0.217348927875	44	3	3	0	51	0.536842105263
0.0625350986534	0.217348927875	45	3	3	0	51	0.53125
0.0625367077796	0.218323586745	46	3	3	0	51	0.525773195876
0.0630233612536	0.219298245614	47	3	3	0	51	0.520408163265
0.0630571994852	0.220272904483	48	3	3	0	51	0.515151515152
0.0636835103685	0.221247563353	49	3	3	0	51	0.51
0.0652200498981	0.222222222222	50	3	3	0	51	0.50495049505
0.0677793594248	0.221247563353	51	3	3	0	51	0.5
0.0683148969564	0.222222222222	52	3	3	0	51	0.495145631068
0.0720677450894	0.223196881092	53	3	3	0	51	0.490384615385
0.0723337630087	0.224171539961	54	3	3	0	51	0.485714285714
0.0758042230163	0.22514619883	55	3	3	0	51	0.481132075472
0.0764069802118	0.224171539961	56	3	3	0	51	0.476635514019
0.0780636488241	0.22514619883	57	3	3	0	51	0.472222222222
0.0791808667708	0.2261208577	58	3	3	0	51	0.467889908257
0.0814324295718	0.227095516569	59	3	3	0	51	0.463636363636
0.0828513139788	0.2261208577	60	3	3	0	51	0.459459459459
0.0836045678074	0.227095516569	61	3	3	0	51	0.455357142857
0.0893613004732	0.228070175439	62	3	3	0	51	0.451327433628
0.0899532390228	0.229044834308	63	3	3	0	51	0.447368421053
0.0903259389687	0.230019493177	64	3	3	0	51	0.44347826087
0.0920634955773	0.229044834308	65	3	3	0	51	0.439655172414
0.0926337718051	0.230019493177	66	3	3	0	51	0.435897435897
0.0986237826482	0.230994152047	67	3	3	0	51	0.432203389831
0.099855876683	0.230019493177	68	3	3	0	51	0.428571428571
0.100894765316	0.230994152047	69	3	3	0	51	0.425
0.104588623601	0.231968810916	70	3	3	0	51	0.421487603306
0.104729720383	0.232943469786	71	3	3	0	51	0.418032786885
0.107957624637	0.233918128655	72	3	3	0	51	0.414634146341
0.10920420766	0.230994152047	72	4	51	0	54	0.428571428571
0.111692031855	0.230994152047	72	5	33	0	54	0.428571428571
0.112925103552	0.231968810916	73	5	33	0	54	0.425196850394
0.117998136072	0.231968810916	74	5	33	0	54	0.421875
0.118566160663	0.231968810916	75	5	33	0	54	0.418604651163
0.119504571186	0.232943469786	76	5	33	0	54	0.415384615385
0.119890145214	0.233918128655	77	5	33	0	54	0.412213740458
0.119989814297	0.234892787524	78	5	33	0	54	0.409090909091
0.120602062129	0.235867446394	79	5	33	0	54	0.406015037594
0.120619673671	0.236842105263	80	5	33	0	54	0.402985074627
0.122617944205	0.236842105263	81	5	33	0	54	0.4
0.123089116033	0.236842105263	82	5	33	0	54	0.397058823529
0.12385053353	0.237816764133	83	5	33	0	54	0.394160583942
0.125992431021	0.238791423002	84	5	33	0	54	0.391304347826
0.126790503629	0.239766081871	85	5	33	0	54	0.388489208633
0.127938677057	0.239766081871	86	5	33	0	54	0.385714285714
0.128344718775	0.240740740741	87	5	33	0	54	0.382978723404
0.130649874535	0.24171539961	88	5	33	0	54	0.380281690141
0.132188606231	0.24269005848	89	5	33	0	54	0.377622377622
0.135633848623	0.243664717349	90	5	33	0	54	0.375
0.136128017926	0.244639376218	91	5	33	0	54	0.372413793103
0.136931708896	0.243664717349	92	5	33	0	54	0.369863013699
0.137293623979	0.244639376218	93	5	33	0	54	0.367346938776
0.138837738903	0.243664717349	94	5	33	0	54	0.364864864865
0.143913047866	0.243664717349	95	5	33	0	54	0.362416107383
0.146279185212	0.244639376218	96	5	33	0	54	0.36
0.147175170394	0.243664717349	97	5	33	0	54	0.35761589404
0.149160064654	0.244639376218	98	5	33	0	54	0.355263157895
0.151490346655	0.245614035088	99	5	33	0	54	0.352941176471
0.151925188217	0.19298245614	99	6	114	0	108	0.521739130435
0.153129628416	0.19395711501	100	6	114	0	108	0.519230769231
0.154182071167	0.194931773879	101	6	114	0	108	0.516746411483
0.156399003576	0.195906432749	102	6	114	0	108	0.514285714286
0.156473705565	0.195906432749	103	6	114	0	108	0.511848341232
0.156491869335	0.196881091618	104	6	114	0	108	0.509433962264
0.158716186703	0.197855750487	105	6	114	0	108	0.507042253521
0.160519559136	0.198830409357	106	6	114	0	108	0.504672897196
0.161380717095	0.199805068226	107	6	114	0	108	0.502325581395
0.163504802063	0.200779727096	108	6	114	0	108	0.5
0.16358480739	0.201754385965	109	6	114	0	108	0.497695852535
0.164602936978	0.202729044834	110	6	114	0	108	0.495412844037
0.164774036087	0.203703703704	111	6	114	0	108	0.493150684932
0.167151782749	0.204678362573	112	6	114	0	108	0.490909090909
0.167399743469	0.205653021442	113	6	114	0	108	0.488687782805
0.169236632423	0.206627680312	114	6	114	0	108	0.486486486486
0.172550053391	0.206627680312	115	6	114	0	108	0.484304932735
0.173203670432	0.207602339181	116	6	114	0	108	0.482142857143
0.175493757513	0.207602339181	117	6	114	0	108	0.48
0.177483928254	0.16081871345	117	7	153	0	156	0.571428571429
0.178279431448	0.16179337232	118	7	153	0	156	0.569343065693
0.178332222387	0.162768031189	119	7	153	0	156	0.567272727273
0.180100958999	0.163742690058	120	7	153	0	156	0.565217391304
0.18048966848	0.164717348928	121	7	153	0	156	0.563176895307
0.181279190405	0.164717348928	122	7	153	0	156	0.561151079137
0.18128374573	0.165692007797	123	7	153	0	156	0.559139784946
0.18574776985	0.166666666667	124	7	153	0	156	0.557142857143
0.186256011005	0.165692007797	125	7	153	0	156	0.555160142349
0.187489559254	0.166666666667	126	7	153	0	156	0.553191489362
0.187800667053	0.157894736842	126	8	27	0	165	0.567010309278
0.188230490013	0.158869395712	127	8	27	0	165	0.565068493151
0.188589605424	0.159844054581	128	8	27	0	165	0.563139931741
0.188843705785	0.159844054581	129	8	27	0	165	0.561224489796
0.189217908379	0.16081871345	130	8	27	0	165	0.559322033898
0.189967695875	0.16179337232	131	8	27	0	165	0.557432432432
0.194107571874	0.162768031189	132	8	27	0	165	0.555555555556
0.194863750813	0.163742690058	133	8	27	0	165	0.553691275168
0.196104237536	0.164717348928	134	8	27	0	165	0.551839464883
0.196988068058	0.165692007797	135	8	27	0	165	0.55
0.198332243806	0.166666666667	136	8	27	0	165	0.548172757475
0.199577495408	0.166666666667	137	8	27	0	165	0.546357615894
0.199968711357	0.167641325536	138	8	27	0	165	0.544554455446
0.200058510162	0.168615984405	139	8	27	0	165	0.542763157895
0.200568703612	0.169590643275	140	8	27	0	165	0.540983606557
0.200609988525	0.170565302144	141	8	27	0	165	0.539215686275
0.201656115514	0.171539961014	142	8	27	0	165	0.537459283388
0.202968451385	0.172514619883	143	8	27	0	165	0.535714285714
0.203354735871	0.172514619883	144	8	27	0	165	0.533980582524
0.208952433953	0.173489278752	145	8	27	0	165	0.532258064516
0.209755151712	0.174463937622	146	8	27	0	165	0.530546623794
0.218331029153	0.175438596491	147	8	27	0	165	0.528846153846
0.218812177929	0.176413255361	148	8	27	0	165	0.527156549521
0.219003371877	0.17738791423	149	8	27	0	165	0.525477707006
0.219915355438	0.17738791423	150	8	27	0	165	0.52380952381
0.222585806618	0.176413255361	151	8	27	0	165	0.522151898734
0.224124654635	0.17738791423	152	8	27	0	165	0.520504731861
0.228656475385	0.178362573099	153	8	27	0	165	0.518867924528
0.229471816426	0.179337231969	154	8	27	0	165	0.51724137931
0.230335282358	0.180311890838	155	8	27	0	165	0.515625
0.231769527576	0.180311890838	156	8	27	0	165	0.514018691589
0.231894370466	0.181286549708	157	8	27	0	165	0.512422360248
0.23371681752	0.182261208577	158	8	27	0	165	0.510835913313
0.234705690099	0.182261208577	159	8	27	0	165	0.509259259259
0.235136782117	0.183235867446	160	8	27	0	165	0.507692307692
0.235325054695	0.183235867446	161	8	27	0	165	0.506134969325
0.235732728127	0.184210526316	162	8	27	0	165	0.504587155963
0.235869953514	0.185185185185	163	8	27	0	165	0.503048780488
0.238241010018	0.186159844055	164	8	27	0	165	0.501519756839
0.238332687896	0.187134502924	165	8	27	0	165	0.5
0.241911630901	0.188109161793	166	8	27	0	165	0.498489425982
0.242642688121	0.181286549708	166	9	21	0	172	0.508875739645
0.244554158902	0.181286549708	166	10	42	0	172	0.508875739645
0.246758155551	0.182261208577	167	10	42	0	172	0.507374631268
0.247869281937	0.182261208577	168	10	42	0	172	0.505882352941
0.248839451288	0.183235867446	169	10	42	0	172	0.504398826979
0.249192337064	0.184210526316	170	10	42	0	172	0.502923976608
0.249623700866	0.184210526316	171	10	42	0	172	0.501457725948
0.249819358295	0.185185185185	172	10	42	0	172	0.5
0.251211847825	0.153996101365	172	11	129	0	204	0.542553191489
0.251340236856	0.153996101365	173	11	129	0	204	0.541114058355
0.253207265782	0.154970760234	174	11	129	0	204	0.539682539683
0.253697915788	0.155945419103	175	11	129	0	204	0.538258575198
0.253829707861	0.154970760234	176	11	129	0	204	0.536842105263
0.256162857016	0.153996101365	177	11	129	0	204	0.535433070866
0.256282586456	0.154970760234	178	11	129	0	204	0.534031413613
0.256803724944	0.154970760234	179	11	129	0	204	0.532637075718
0.258212761586	0.155945419103	180	11	129	0	204	0.53125
0.258844215168	0.156920077973	181	11	129	0	204	0.52987012987
0.261746662827	0.157894736842	182	11	129	0	204	0.528497409326
0.261910505047	0.158869395712	183	11	129	0	204	0.527131782946
0.262302724952	0.159844054581	184	11	129	0	204	0.525773195876
0.263278324568	0.16081871345	185	11	129	0	204	0.52442159383
0.265084060794	0.16179337232	186	11	129	0	204	0.523076923077
0.265395745045	0.162768031189	187	11	129	0	204	0.521739130435
0.265987005592	0.163742690058	188	11	129	0	204	0.520408163265
0.266173251383	0.164717348928	189	11	129	0	204	0.519083969466
0.267762856185	0.165692007797	190	11	129	0	204	0.517766497462
0.26808070921	0.149122807018	190	12	105	0	221	0.537712895377
0.268969607607	0.149122807018	191	12	105	0	221	0.53640776699
0.270564559591	0.150097465887	192	12	105	0	221	0.535108958838
0.273244121176	0.150097465887	193	12	105	0	221	0.533816425121
0.275401528466	0.151072124756	194	12	105	0	221	0.532530120482
0.277025066243	0.152046783626	195	12	105	0	221	0.53125
0.28060587227	0.153021442495	196	12	105	0	221	0.529976019185
0.283841983183	0.152046783626	197	12	105	0	221	0.528708133971
0.284205204213	0.152046783626	198	12	105	0	221	0.527446300716
0.287191728917	0.153021442495	199	12	105	0	221	0.52619047619
0.28738509896	0.153996101365	200	12	105	0	221	0.524940617577
0.289300107836	0.154970760234	201	12	105	0	221	0.523696682464
0.289628368459	0.155945419103	202	12	105	0	221	0.522458628842
0.28984204257	0.155945419103	202	13	30	0	221	0.522458628842
0.29310624191	0.156920077973	203	13	30	0	221	0.521226415094
0.293371771832	0.156920077973	204	13	30	0	221	0.52
0.294837313131	0.157894736842	205	13	30	0	221	0.518779342723
0.295688109077	0.158869395712	206	13	30	0	221	0.51756440281
0.296360614868	0.159844054581	207	13	30	0	221	0.516355140187
0.298839818664	0.16081871345	208	13	30	0	221	0.515151515152
0.303556620096	0.16179337232	209	13	30	0	221	0.513953488372
0.304975703798	0.16081871345	210	13	30	0	221	0.512761020882
0.306219176207	0.16179337232	211	13	30	0	221	0.511574074074
0.306412029735	0.162768031189	212	13	30	0	221	0.5103926097
0.307114359436	0.163742690058	213	13	30	0	221	0.509216589862
0.308125047885	0.164717348928	214	13	30	0	221	0.508045977011
0.308548373602	0.163742690058	215	13	30	0	221	0.506880733945
0.308950231248	0.164717348928	216	13	30	0	221	0.505720823799
0.309580143838	0.165692007797	217	13	30	0	221	0.504566210046
0.310307531641	0.166666666667	218	13	30	0	221	0.503416856492
0.31058894297	0.167641325536	219	13	30	0	221	0.502272727273
0.310708534654	0.168615984405	220	13	30	0	221	0.501133786848
0.312092893779	0.169590643275	221	13	30	0	221	0.5
0.312795594596	0.170565302144	222	13	30	0	221	0.498871331828
0.313388314658	0.171539961014	223	13	30	0	221	0.497747747748
0.317280288461	0.172514619883	224	13	30	0	221	0.496629213483
0.318262708355	0.173489278752	225	13	30	0	221	0.495515695067
0.318506515485	0.174463937622	226	13	30	0	221	0.494407158837
0.320060460055	0.175438596491	227	13	30	0	221	0.493303571429
0.32242814567	0.175438596491	228	13	30	0	221	0.492204899777
0.322561874228	0.176413255361	229	13	30	0	221	0.491111111111
0.323382336144	0.17738791423	230	13	30	0	221	0.490022172949
0.324386634184	0.178362573099	231	13	30	0	221	0.488938053097
0.326541981862	0.179337231969	232	13	30	0	221	0.487858719647
0.330986289486	0.180311890838	233	13	30	0	221	0.486784140969
0.331400007023	0.180311890838	234	13	30	0	221	0.485714285714
0.333931691935	0.181286549708	235	13	30	0	221	0.484649122807
0.341146252509	0.181286549708	236	13	30	0	221	0.483588621444
0.34452187109	0.180311890838	237	13	30	0	221	0.482532751092
0.346386549052	0.181286549708	238	13	30	0	221	0.481481481481
0.346505519987	0.182261208577	239	13	30	0	221	0.480434782609
0.346958229024	0.176413255361	239	14	30	0	227	0.487124463519
0.34937158596	0.17738791423	240	14	30	0	227	0.48608137045
0.349451456532	0.150097465887	240	15	174	0	255	0.515151515152
0.349954263863	0.150097465887	241	15	174	0	255	0.514112903226
0.350339526376	0.151072124756	242	15	174	0	255	0.513078470825
0.35109802921	0.123781676413	242	16	123	0	283	0.539047619048
0.35133851368	0.124756335283	243	16	123	0	283	0.538022813688
0.352114622471	0.125730994152	244	16	123	0	283	0.537001897533
0.352552803051	0.126705653021	245	16	123	0	283	0.535984848485
0.354836183485	0.127680311891	246	16	123	0	283	0.534971644612
0.35512028807	0.12865497076	247	16	123	0	283	0.533962264151
0.355263080973	0.12962962963	248	16	123	0	283	0.532956685499
0.358533645198	0.130604288499	249	16	123	0	283	0.531954887218
0.359695031303	0.131578947368	250	16	123	0	283	0.53095684803
0.36054682769	0.132553606238	251	16	123	0	283	0.529962546816
0.361358881114	0.133528265107	252	16	123	0	283	0.528971962617
0.36135987075	0.134502923977	253	16	123	0	283	0.527985074627
0.364082121373	0.135477582846	254	16	123	0	283	0.527001862197
0.36524937525	0.134502923977	255	16	123	0	283	0.526022304833
0.365655206602	0.135477582846	256	16	123	0	283	0.525046382189
0.366033793421	0.136452241715	257	16	123	0	283	0.524074074074
0.366965249208	0.112085769981	257	17	159	0	308	0.545132743363
0.367073900029	0.11306042885	258	17	159	0	308	0.544169611307
0.370226003654	0.114035087719	259	17	159	0	308	0.543209876543
0.370700355807	0.115009746589	260	17	159	0	308	0.542253521127
0.370942911866	0.115984405458	261	17	159	0	308	0.541300527241
0.371467778632	0.116959064327	262	17	159	0	308	0.540350877193
0.372586157177	0.117933723197	263	17	159	0	308	0.539404553415
0.373130777802	0.115009746589	263	18	24	0	311	0.54181184669
0.373681439548	0.115984405458	264	18	24	0	311	0.540869565217
0.37549235141	0.116959064327	265	18	24	0	311	0.539930555556
0.376386879242	0.117933723197	266	18	24	0	311	0.538994800693
0.37843648131	0.117933723197	266	19	6	0	311	0.538994800693
0.379864166354	0.118908382066	267	19	6	0	311	0.538062283737
0.381487381584	0.119883040936	268	19	6	0	311	0.53713298791
0.384945422041	0.120857699805	269	19	6	0	311	0.536206896552
0.385334123472	0.121832358674	270	19	6	0	311	0.535283993115
0.385514571245	0.122807017544	271	19	6	0	311	0.534364261168
0.385795362479	0.122807017544	272	19	6	0	311	0.533447684391
0.386441544134	0.123781676413	273	19	6	0	311	0.532534246575
0.388526773705	0.124756335283	274	19	6	0	311	0.531623931624
0.388527079953	0.125730994152	275	19	6	0	311	0.530716723549
0.388923859696	0.126705653021	276	19	6	0	311	0.529812606474
0.390651873482	0.126705653021	277	19	6	0	311	0.528911564626
0.390952276292	0.127680311891	278	19	6	0	311	0.528013582343
0.393314030512	0.12865497076	279	19	6	0	311	0.527118644068
0.394616355948	0.12962962963	280	19	6	0	311	0.526226734349
0.39515510438	0.130604288499	281	19	6	0	311	0.525337837838
0.397014796865	0.130604288499	282	19	6	0	311	0.524451939292
0.397551633198	0.131578947368	283	19	6	0	311	0.523569023569
0.397954204116	0.132553606238	284	19	6	0	311	0.52268907563
0.401443997284	0.133528265107	285	19	6	0	311	0.521812080537
0.40272359688	0.124756335283	285	20	45	0	320	0.528925619835
0.403670650379	0.125730994152	286	20	45	0	320	0.528052805281
0.405578998604	0.126705653021	287	20	45	0	320	0.527182866557
0.407673021816	0.127680311891	288	20	45	0	320	0.526315789474
0.409046053021	0.12865497076	289	20	45	0	320	0.525451559934
0.411140403994	0.12962962963	290	20	45	0	320	0.524590163934
0.4119928895	0.130604288499	291	20	45	0	320	0.523731587561
0.413192628303	0.131578947368	292	20	45	0	320	0.522875816993
0.41361882694	0.132553606238	293	20	45	0	320	0.522022838499
0.41542312569	0.133528265107	294	20	45	0	320	0.521172638436
0.416895061365	0.134502923977	295	20	45	0	320	0.520325203252
0.42000336694	0.135477582846	296	20	45	0	320	0.519480519481
0.420215599358	0.136452241715	297	20	45	0	320	0.518638573744
0.420639277351	0.137426900585	298	20	45	0	320	0.517799352751
0.42150270096	0.138401559454	299	20	45	0	320	0.516962843296
0.422492941216	0.138401559454	300	20	45	0	320	0.516129032258
0.42344520649	0.139376218324	301	20	45	0	320	0.515297906602
0.424167734379	0.140350877193	302	20	45	0	320	0.514469453376
0.428693874867	0.141325536062	303	20	45	0	320	0.513643659711
0.428983979043	0.141325536062	303	21	21	0	320	0.513643659711
0.429121082212	0.142300194932	304	21	21	0	320	0.512820512821
0.43033813343	0.143274853801	305	21	21	0	320	0.512
0.433630168913	0.144249512671	306	21	21	0	320	0.511182108626
0.435662382122	0.14522417154	307	21	21	0	320	0.510366826156
0.436161036707	0.146198830409	308	21	21	0	320	0.509554140127
0.439053430989	0.147173489279	309	21	21	0	320	0.508744038156
0.442793046954	0.148148148148	310	21	21	0	320	0.507936507937
0.444090447123	0.149122807018	311	21	21	0	320	0.507131537242
0.444967675408	0.148148148148	312	21	21	0	320	0.506329113924
0.449966691369	0.149122807018	313	21	21	0	320	0.505529225908
0.453811337206	0.150097465887	314	21	21	0	320	0.504731861199
0.454115486371	0.151072124756	315	21	21	0	320	0.503937007874
0.454601192492	0.152046783626	316	21	21	0	320	0.503144654088
0.455065423846	0.152046783626	317	21	21	0	320	0.502354788069
0.458210274181	0.153021442495	318	21	21	0	320	0.501567398119
0.45972387035	0.153996101365	319	21	21	0	320	0.500782472613
0.463215772556	0.154970760234	320	21	21	0	320	0.5
0.466293290663	0.155945419103	321	21	21	0	320	0.499219968799
0.468171606458	0.156920077973	322	21	21	0	320	0.498442367601
0.468730624467	0.157894736842	323	21	21	0	320	0.49766718507
0.46965132696	0.158869395712	324	21	21	0	320	0.496894409938
0.470294077454	0.159844054581	325	21	21	0	320	0.496124031008
0.471003625548	0.16081871345	326	21	21	0	320	0.495356037152
0.471493226451	0.16179337232	327	21	21	0	320	0.494590417311
0.471871023995	0.162768031189	328	21	21	0	320	0.493827160494
0.475142086987	0.163742690058	329	21	21	0	320	0.493066255778
0.47554589627	0.164717348928	330	21	21	0	320	0.492307692308
0.476357455892	0.165692007797	331	21	21	0	320	0.491551459293
0.476463494003	0.165692007797	332	21	21	0	320	0.490797546012
0.477174050147	0.166666666667	333	21	21	0	320	0.490045941807
0.477904555646	0.167641325536	334	21	21	0	320	0.489296636086
0.47805185012	0.168615984405	335	21	21	0	320	0.488549618321
0.479703157756	0.169590643275	336	21	21	0	320	0.487804878049
0.481363367721	0.170565302144	337	21	21	0	320	0.487062404871
0.485334062242	0.167641325536	337	22	6	0	323	0.489393939394
0.489045798521	0.168615984405	338	22	6	0	323	0.488653555219
0.489779838817	0.169590643275	339	22	6	0	323	0.487915407855
0.493164120976	0.170565302144	340	22	6	0	323	0.487179487179
0.493607613523	0.171539961014	341	22	6	0	323	0.486445783133
0.494472570911	0.172514619883	342	22	6	0	323	0.485714285714
0.50017205159	0.173489278752	343	22	6	0	323	0.484984984985
0.504554327461	0.174463937622	344	22	6	0	323	0.484257871064
0.505174553514	0.173489278752	345	22	6	0	323	0.483532934132
0.509299815294	0.174463937622	346	22	6	0	323	0.482810164425
0.509544065393	0.175438596491	347	22	6	0	323	0.482089552239
0.510623884462	0.176413255361	348	22	6	0	323	0.481371087928
0.511386839601	0.17738791423	349	22	6	0	323	0.480654761905
0.5120206068	0.178362573099	350	22	6	0	323	0.479940564636
0.513161838044	0.17738791423	351	22	6	0	323	0.479228486647
0.513898994525	0.178362573099	352	22	6	0	323	0.478518518519
0.514506532944	0.179337231969	353	22	6	0	323	0.477810650888
0.515765262596	0.180311890838	354	22	6	0	323	0.477104874446
0.515788410258	0.181286549708	355	22	6	0	323	0.476401179941
0.516357037728	0.182261208577	356	22	6	0	323	0.475699558174
0.518845792279	0.183235867446	357	22	6	0	323	0.475
0.519825085019	0.183235867446	358	22	6	0	323	0.474302496329
0.5226604756	0.184210526316	359	22	6	0	323	0.473607038123
0.526196558389	0.183235867446	360	22	6	0	323	0.472913616398
0.527615807949	0.184210526316	361	22	6	0	323	0.472222222222
0.528494446037	0.185185185185	362	22	6	0	323	0.471532846715
