# time 	 divergence 	 # of mutations 	 # IGC chances 	 IGC length 	 # IGC failures 	 Changes due to IGC  	 % change due to IGC 
0.0	0.439784946237	0	0	0	0	0	0.0
0.00685315103011	0.438709677419	1	0	0	0	0	0.0
0.00726838014778	0.439784946237	2	0	0	0	0	0.0
0.00807463055361	0.439784946237	3	0	0	0	0	0.0
0.0139455548434	0.439784946237	4	0	0	0	0	0.0
0.0140698540678	0.438709677419	5	0	0	0	0	0.0
0.0164524032904	0.438709677419	6	0	0	0	0	0.0
0.0170280972128	0.439784946237	7	0	0	0	0	0.0
0.0170308642647	0.440860215054	8	0	0	0	0	0.0
0.0178514373944	0.440860215054	9	0	0	0	0	0.0
0.0179357477702	0.440860215054	10	0	0	0	0	0.0
0.0193710634888	0.441935483871	11	0	0	0	0	0.0
0.0226943608239	0.435483870968	11	1	15	0	6	0.352941176471
0.024049771986	0.436559139785	12	1	15	0	6	0.333333333333
0.0250046089713	0.435483870968	13	1	15	0	6	0.315789473684
0.0257602256133	0.435483870968	14	1	15	0	6	0.3
0.0322232735441	0.436559139785	15	1	15	0	6	0.285714285714
0.0328863956528	0.435483870968	16	1	15	0	6	0.272727272727
0.034970609875	0.435483870968	17	1	15	0	6	0.260869565217
0.0365959447552	0.434408602151	18	1	15	0	6	0.25
0.0371031785352	0.435483870968	19	1	15	0	6	0.24
0.042386881644	0.435483870968	20	1	15	0	6	0.230769230769
0.042917541299	0.435483870968	21	1	15	0	6	0.222222222222
0.0429733044045	0.435483870968	22	1	15	0	6	0.214285714286
0.0431242170909	0.435483870968	23	1	15	0	6	0.206896551724
0.0452981826432	0.435483870968	24	1	15	0	6	0.2
0.0461718269419	0.436559139785	25	1	15	0	6	0.193548387097
0.0467305769987	0.437634408602	26	1	15	0	6	0.1875
0.0470482438734	0.438709677419	27	1	15	0	6	0.181818181818
0.0471796033067	0.437634408602	28	1	15	0	6	0.176470588235
0.0484769060186	0.436559139785	29	1	15	0	6	0.171428571429
0.0516830582219	0.436559139785	30	1	15	0	6	0.166666666667
0.0528627896092	0.437634408602	31	1	15	0	6	0.162162162162
0.0541923903567	0.438709677419	32	1	15	0	6	0.157894736842
0.0545139078958	0.438709677419	33	1	15	0	6	0.153846153846
0.0565817229149	0.439784946237	34	1	15	0	6	0.15
0.0569560185415	0.439784946237	35	1	15	0	6	0.146341463415
0.0579846770931	0.438709677419	36	1	15	0	6	0.142857142857
0.0591666646367	0.439784946237	37	1	15	0	6	0.139534883721
0.0594241691975	0.440860215054	38	1	15	0	6	0.136363636364
0.0615796405526	0.441935483871	39	1	15	0	6	0.133333333333
0.0626372495289	0.443010752688	40	1	15	0	6	0.130434782609
0.0673315170995	0.441935483871	41	1	15	0	6	0.127659574468
0.0675793023074	0.441935483871	42	1	15	0	6	0.125
0.0691531287254	0.443010752688	43	1	15	0	6	0.122448979592
0.0700922644819	0.441935483871	44	1	15	0	6	0.12
0.0707703101424	0.441935483871	45	1	15	0	6	0.117647058824
0.0760615358314	0.441935483871	46	1	15	0	6	0.115384615385
0.0767058708496	0.443010752688	47	1	15	0	6	0.11320754717
0.0781670646022	0.444086021505	48	1	15	0	6	0.111111111111
0.078813558469	0.445161290323	49	1	15	0	6	0.109090909091
0.0794597369354	0.44623655914	50	1	15	0	6	0.107142857143
0.0823299411971	0.447311827957	51	1	15	0	6	0.105263157895
0.0829549157526	0.448387096774	52	1	15	0	6	0.103448275862
0.0843530804922	0.449462365591	53	1	15	0	6	0.101694915254
0.0845223464503	0.449462365591	54	1	15	0	6	0.1
0.0899382736251	0.449462365591	55	1	15	0	6	0.0983606557377
0.0900018454606	0.449462365591	56	1	15	0	6	0.0967741935484
0.0909608037915	0.450537634409	57	1	15	0	6	0.0952380952381
0.094908183333	0.451612903226	58	1	15	0	6	0.09375
0.0960784444146	0.452688172043	59	1	15	0	6	0.0923076923077
0.0976422778806	0.452688172043	60	1	15	0	6	0.0909090909091
0.0990559941064	0.451612903226	61	1	15	0	6	0.089552238806
0.099392431484	0.452688172043	62	1	15	0	6	0.0882352941176
0.100053778657	0.45376344086	63	1	15	0	6	0.0869565217391
0.102245627069	0.45376344086	64	1	15	0	6	0.0857142857143
0.104709036488	0.45376344086	65	1	15	0	6	0.0845070422535
0.106576224332	0.45376344086	66	1	15	0	6	0.0833333333333
0.1081083865	0.454838709677	67	1	15	0	6	0.0821917808219
0.10881751181	0.455913978495	68	1	15	0	6	0.0810810810811
0.110792006834	0.456989247312	69	1	15	0	6	0.08
0.114332309866	0.458064516129	70	1	15	0	6	0.0789473684211
0.115203702718	0.458064516129	71	1	15	0	6	0.0779220779221
0.11635495058	0.456989247312	72	1	15	0	6	0.0769230769231
0.117226492584	0.458064516129	73	1	15	0	6	0.0759493670886
0.121654941972	0.459139784946	74	1	15	0	6	0.075
0.122128442825	0.458064516129	75	1	15	0	6	0.0740740740741
0.124240091366	0.456989247312	76	1	15	0	6	0.0731707317073
0.124806032098	0.458064516129	77	1	15	0	6	0.0722891566265
0.1255434946	0.458064516129	78	1	15	0	6	0.0714285714286
0.126389395064	0.458064516129	79	1	15	0	6	0.0705882352941
0.129402635662	0.458064516129	80	1	15	0	6	0.0697674418605
0.131672526828	0.459139784946	81	1	15	0	6	0.0689655172414
0.131702171242	0.458064516129	82	1	15	0	6	0.0681818181818
0.137846395185	0.456989247312	83	1	15	0	6	0.0674157303371
0.139903857284	0.458064516129	84	1	15	0	6	0.0666666666667
0.149082410483	0.459139784946	85	1	15	0	6	0.0659340659341
0.149917574399	0.460215053763	86	1	15	0	6	0.0652173913043
0.149952546291	0.461290322581	87	1	15	0	6	0.0645161290323
0.155019184265	0.461290322581	88	1	15	0	6	0.063829787234
0.155387784187	0.462365591398	89	1	15	0	6	0.0631578947368
0.156363166851	0.463440860215	90	1	15	0	6	0.0625
0.157210295662	0.464516129032	91	1	15	0	6	0.0618556701031
0.157441933715	0.464516129032	92	1	15	0	6	0.0612244897959
0.157747238147	0.465591397849	93	1	15	0	6	0.0606060606061
0.157863073919	0.465591397849	94	1	15	0	6	0.06
0.160092987968	0.464516129032	95	1	15	0	6	0.0594059405941
0.161815477139	0.465591397849	96	1	15	0	6	0.0588235294118
0.16219953336	0.465591397849	97	1	15	0	6	0.0582524271845
0.162828954138	0.464516129032	98	1	15	0	6	0.0576923076923
0.165254323374	0.464516129032	99	1	15	0	6	0.0571428571429
0.165695432469	0.465591397849	100	1	15	0	6	0.0566037735849
0.166237570776	0.466666666667	101	1	15	0	6	0.0560747663551
0.168306356488	0.465591397849	102	1	15	0	6	0.0555555555556
0.17091673315	0.466666666667	103	1	15	0	6	0.0550458715596
0.172231224232	0.466666666667	104	1	15	0	6	0.0545454545455
0.174111949682	0.467741935484	105	1	15	0	6	0.0540540540541
0.175519291732	0.466666666667	106	1	15	0	6	0.0535714285714
0.175575279215	0.465591397849	107	1	15	0	6	0.0530973451327
0.175789537842	0.465591397849	108	1	15	0	6	0.0526315789474
0.176847401754	0.466666666667	109	1	15	0	6	0.0521739130435
0.178991400173	0.466666666667	110	1	15	0	6	0.051724137931
0.182711884206	0.467741935484	111	1	15	0	6	0.0512820512821
0.185025884108	0.467741935484	112	1	15	0	6	0.0508474576271
0.185475800368	0.468817204301	113	1	15	0	6	0.0504201680672
0.186348667932	0.469892473118	114	1	15	0	6	0.05
0.188315288277	0.469892473118	115	1	15	0	6	0.0495867768595
0.190103310207	0.470967741935	116	1	15	0	6	0.0491803278689
0.190499831687	0.470967741935	117	1	15	0	6	0.0487804878049
0.192591685978	0.470967741935	118	1	15	0	6	0.0483870967742
0.192851033088	0.470967741935	119	1	15	0	6	0.048
0.194286328512	0.470967741935	120	1	15	0	6	0.047619047619
0.194528608632	0.470967741935	121	1	15	0	6	0.0472440944882
0.196445173576	0.470967741935	122	1	15	0	6	0.046875
0.196816871062	0.472043010753	123	1	15	0	6	0.046511627907
0.20112821715	0.472043010753	124	1	15	0	6	0.0461538461538
0.204558532116	0.470967741935	125	1	15	0	6	0.0458015267176
0.205222026847	0.470967741935	126	1	15	0	6	0.0454545454545
0.206144701614	0.472043010753	127	1	15	0	6	0.0451127819549
0.206694747462	0.47311827957	128	1	15	0	6	0.044776119403
0.207166562156	0.472043010753	129	1	15	0	6	0.0444444444444
0.210107151755	0.472043010753	130	1	15	0	6	0.0441176470588
0.213734581887	0.472043010753	131	1	15	0	6	0.043795620438
0.214982209937	0.470967741935	132	1	15	0	6	0.0434782608696
0.215486302405	0.466666666667	132	2	9	0	10	0.0704225352113
0.220259289214	0.467741935484	133	2	9	0	10	0.0699300699301
0.220651312479	0.467741935484	134	2	9	0	10	0.0694444444444
0.220981863285	0.468817204301	135	2	9	0	10	0.0689655172414
0.221515791745	0.468817204301	136	2	9	0	10	0.0684931506849
0.22197000263	0.468817204301	137	2	9	0	10	0.0680272108844
0.222175048928	0.467741935484	138	2	9	0	10	0.0675675675676
0.223188616638	0.468817204301	139	2	9	0	10	0.0671140939597
0.225061346422	0.469892473118	140	2	9	0	10	0.0666666666667
0.229742693611	0.468817204301	141	2	9	0	10	0.0662251655629
0.2365119048	0.469892473118	142	2	9	0	10	0.0657894736842
0.236787156213	0.470967741935	143	2	9	0	10	0.0653594771242
0.236878227222	0.472043010753	144	2	9	0	10	0.0649350649351
0.239074533418	0.47311827957	145	2	9	0	10	0.0645161290323
0.239089095314	0.472043010753	146	2	9	0	10	0.0641025641026
0.241209521466	0.47311827957	147	2	9	0	10	0.0636942675159
0.247668941375	0.474193548387	148	2	9	0	10	0.0632911392405
0.247805796251	0.474193548387	149	2	9	0	10	0.062893081761
0.249679011372	0.47311827957	150	2	9	0	10	0.0625
0.25056852066	0.474193548387	151	2	9	0	10	0.0621118012422
0.253096792596	0.475268817204	152	2	9	0	10	0.0617283950617
0.253726737202	0.476344086022	153	2	9	0	10	0.0613496932515
0.253898706547	0.477419354839	154	2	9	0	10	0.0609756097561
0.254407824505	0.477419354839	155	2	9	0	10	0.0606060606061
0.256360093504	0.478494623656	156	2	9	0	10	0.0602409638554
0.257060269257	0.478494623656	157	2	9	0	10	0.059880239521
0.258984573273	0.477419354839	158	2	9	0	10	0.0595238095238
0.262975780137	0.478494623656	159	2	9	0	10	0.0591715976331
0.263256301437	0.479569892473	160	2	9	0	10	0.0588235294118
0.263735736553	0.48064516129	161	2	9	0	10	0.0584795321637
0.266951808324	0.481720430108	162	2	9	0	10	0.0581395348837
0.268991669792	0.482795698925	163	2	9	0	10	0.0578034682081
0.269869926013	0.483870967742	164	2	9	0	10	0.0574712643678
0.270225781925	0.484946236559	165	2	9	0	10	0.0571428571429
0.271850893182	0.486021505376	166	2	9	0	10	0.0568181818182
0.272338462982	0.487096774194	167	2	9	0	10	0.0564971751412
0.273529921603	0.487096774194	168	2	9	0	10	0.0561797752809
0.275207858156	0.488172043011	169	2	9	0	10	0.0558659217877
0.277445781948	0.489247311828	170	2	9	0	10	0.0555555555556
0.278453791522	0.490322580645	171	2	9	0	10	0.0552486187845
0.278677768488	0.489247311828	172	2	9	0	10	0.0549450549451
0.278995409264	0.489247311828	173	2	9	0	10	0.0546448087432
0.279817793978	0.489247311828	174	2	9	0	10	0.054347826087
0.279874909812	0.489247311828	175	2	9	0	10	0.0540540540541
0.287285170048	0.490322580645	176	2	9	0	10	0.0537634408602
0.289056594842	0.491397849462	177	2	9	0	10	0.0534759358289
0.289632964351	0.49247311828	178	2	9	0	10	0.0531914893617
0.292317293945	0.491397849462	179	2	9	0	10	0.0529100529101
0.293115992913	0.49247311828	180	2	9	0	10	0.0526315789474
0.298866187555	0.49247311828	181	2	9	0	10	0.0523560209424
0.299822210419	0.493548387097	182	2	9	0	10	0.0520833333333
0.30277725425	0.494623655914	183	2	9	0	10	0.0518134715026
0.305734332876	0.493548387097	184	2	9	0	10	0.0515463917526
0.313679651047	0.493548387097	185	2	9	0	10	0.0512820512821
0.314855567974	0.494623655914	186	2	9	0	10	0.0510204081633
0.317640663224	0.495698924731	187	2	9	0	10	0.0507614213198
0.323470166692	0.496774193548	188	2	9	0	10	0.0505050505051
0.32373714733	0.495698924731	189	2	9	0	10	0.0502512562814
0.328406711127	0.496774193548	190	2	9	0	10	0.05
0.329332485556	0.497849462366	191	2	9	0	10	0.0497512437811
0.330679786763	0.497849462366	192	2	9	0	10	0.049504950495
0.33483698147	0.498924731183	193	2	9	0	10	0.0492610837438
0.336035796354	0.497849462366	194	2	9	0	10	0.0490196078431
0.337457538935	0.497849462366	195	2	9	0	10	0.0487804878049
0.33849494412	0.498924731183	196	2	9	0	10	0.0485436893204
0.34059434016	0.498924731183	197	2	9	0	10	0.048309178744
0.34159335166	0.5	198	2	9	0	10	0.0480769230769
0.341879517581	0.501075268817	199	2	9	0	10	0.0478468899522
0.34226517793	0.5	200	2	9	0	10	0.047619047619
0.34276428234	0.5	201	2	9	0	10	0.0473933649289
0.344089271089	0.5	202	2	9	0	10	0.0471698113208
0.344581098839	0.5	203	2	9	0	10	0.0469483568075
0.344655576111	0.5	204	2	9	0	10	0.0467289719626
0.345608869297	0.498924731183	205	2	9	0	10	0.046511627907
0.346671503205	0.5	206	2	9	0	10	0.0462962962963
0.347248107571	0.501075268817	207	2	9	0	10	0.0460829493088
0.347625107718	0.501075268817	208	2	9	0	10	0.045871559633
0.349218220452	0.501075268817	209	2	9	0	10	0.0456621004566
0.350872443335	0.501075268817	210	2	9	0	10	0.0454545454545
0.352810121186	0.502150537634	211	2	9	0	10	0.0452488687783
0.355025970032	0.501075268817	212	2	9	0	10	0.045045045045
0.359288173829	0.502150537634	213	2	9	0	10	0.0448430493274
0.35938679738	0.503225806452	214	2	9	0	10	0.0446428571429
0.360746333666	0.504301075269	215	2	9	0	10	0.0444444444444
0.363274274526	0.504301075269	216	2	9	0	10	0.0442477876106
0.363418116097	0.505376344086	217	2	9	0	10	0.0440528634361
0.36433412903	0.506451612903	218	2	9	0	10	0.0438596491228
0.366848151549	0.506451612903	219	2	9	0	10	0.0436681222707
0.373145852657	0.50752688172	220	2	9	0	10	0.0434782608696
0.374635228856	0.50752688172	221	2	9	0	10	0.04329004329
0.375945115984	0.508602150538	222	2	9	0	10	0.0431034482759
0.377230601803	0.509677419355	223	2	9	0	10	0.0429184549356
0.379783998165	0.509677419355	224	2	9	0	10	0.042735042735
0.381131694291	0.510752688172	225	2	9	0	10	0.0425531914894
0.382930748193	0.509677419355	226	2	9	0	10	0.0423728813559
0.384635511818	0.509677419355	227	2	9	0	10	0.042194092827
0.386773988573	0.510752688172	228	2	9	0	10	0.0420168067227
0.386961762619	0.510752688172	229	2	9	0	10	0.0418410041841
0.38816355238	0.509677419355	230	2	9	0	10	0.0416666666667
0.388414310464	0.509677419355	231	2	9	0	10	0.0414937759336
0.389938173086	0.510752688172	232	2	9	0	10	0.0413223140496
0.391294006936	0.510752688172	233	2	9	0	10	0.0411522633745
0.398381735976	0.511827956989	234	2	9	0	10	0.0409836065574
0.399692002512	0.512903225806	235	2	9	0	10	0.0408163265306
0.400573671793	0.513978494624	236	2	9	0	10	0.0406504065041
0.401108041733	0.515053763441	237	2	9	0	10	0.0404858299595
0.402200359397	0.515053763441	238	2	9	0	10	0.0403225806452
0.403264311212	0.516129032258	239	2	9	0	10	0.0401606425703
0.404950509088	0.517204301075	240	2	9	0	10	0.04
0.407689234815	0.518279569892	241	2	9	0	10	0.0398406374502
0.40890536762	0.518279569892	242	2	9	0	10	0.0396825396825
0.412145820303	0.518279569892	243	2	9	0	10	0.0395256916996
0.412692259545	0.517204301075	244	2	9	0	10	0.0393700787402
0.414365145881	0.518279569892	245	2	9	0	10	0.0392156862745
0.414453856718	0.51935483871	246	2	9	0	10	0.0390625
0.41582633565	0.51935483871	247	2	9	0	10	0.0389105058366
0.416463991223	0.520430107527	248	2	9	0	10	0.0387596899225
0.417126878929	0.521505376344	249	2	9	0	10	0.03861003861
0.41752596076	0.522580645161	250	2	9	0	10	0.0384615384615
0.418453226275	0.523655913978	251	2	9	0	10	0.0383141762452
0.419145061321	0.522580645161	252	2	9	0	10	0.0381679389313
0.419528820941	0.522580645161	253	2	9	0	10	0.0380228136882
0.423234071816	0.522580645161	254	2	9	0	10	0.0378787878788
0.427575716892	0.522580645161	255	2	9	0	10	0.0377358490566
0.431088466323	0.523655913978	256	2	9	0	10	0.0375939849624
0.431789342616	0.523655913978	257	2	9	0	10	0.0374531835206
0.432714441026	0.524731182796	258	2	9	0	10	0.0373134328358
0.432947346103	0.523655913978	259	2	9	0	10	0.0371747211896
0.432950781588	0.523655913978	260	2	9	0	10	0.037037037037
0.433900315945	0.522580645161	261	2	9	0	10	0.0369003690037
0.433918354712	0.523655913978	262	2	9	0	10	0.0367647058824
0.434881112475	0.522580645161	263	2	9	0	10	0.03663003663
0.436811620385	0.523655913978	264	2	9	0	10	0.036496350365
0.441164886547	0.524731182796	265	2	9	0	10	0.0363636363636
0.441297229284	0.525806451613	266	2	9	0	10	0.036231884058
0.441529253543	0.52688172043	267	2	9	0	10	0.0361010830325
0.442090210963	0.525806451613	268	2	9	0	10	0.0359712230216
0.443742773722	0.524731182796	269	2	9	0	10	0.0358422939068
0.445460301791	0.523655913978	270	2	9	0	10	0.0357142857143
0.447006420544	0.523655913978	271	2	9	0	10	0.0355871886121
0.448528231493	0.524731182796	272	2	9	0	10	0.0354609929078
0.451813184521	0.524731182796	273	2	9	0	10	0.0353356890459
0.452883383582	0.524731182796	274	2	9	0	10	0.0352112676056
0.453221119375	0.523655913978	275	2	9	0	10	0.0350877192982
0.461008232495	0.523655913978	276	2	9	0	10	0.034965034965
0.462573347122	0.522580645161	277	2	9	0	10	0.0348432055749
0.464775208992	0.521505376344	278	2	9	0	10	0.0347222222222
0.469304439657	0.520430107527	279	2	9	0	10	0.0346020761246
0.469620046204	0.51935483871	280	2	9	0	10	0.0344827586207
0.470687424499	0.520430107527	281	2	9	0	10	0.0343642611684
0.471578095306	0.51935483871	282	2	9	0	10	0.0342465753425
0.471870019217	0.51935483871	283	2	9	0	10	0.0341296928328
0.474196898061	0.520430107527	284	2	9	0	10	0.0340136054422
0.474552639274	0.51935483871	285	2	9	0	10	0.0338983050847
0.479221392014	0.51935483871	286	2	9	0	10	0.0337837837838
0.481607697093	0.520430107527	287	2	9	0	10	0.03367003367
0.481934331671	0.521505376344	288	2	9	0	10	0.0335570469799
0.482438609006	0.521505376344	289	2	9	0	10	0.0334448160535
0.482656381151	0.520430107527	290	2	9	0	10	0.0333333333333
0.484904252261	0.520430107527	291	2	9	0	10	0.0332225913621
0.486961572464	0.51935483871	292	2	9	0	10	0.0331125827815
0.489284728729	0.520430107527	293	2	9	0	10	0.03300330033
0.492300569456	0.513978494624	293	3	15	0	16	0.0517799352751
0.492616443943	0.513978494624	294	3	15	0	16	0.0516129032258
0.493314621498	0.512903225806	295	3	15	0	16	0.0514469453376
0.493330069574	0.511827956989	296	3	15	0	16	0.0512820512821
0.494226241332	0.512903225806	297	3	15	0	16	0.0511182108626
0.494554967299	0.511827956989	298	3	15	0	16	0.0509554140127
0.496456452719	0.512903225806	299	3	15	0	16	0.0507936507937
0.498059779237	0.512903225806	300	3	15	0	16	0.0506329113924
0.499122038954	0.513978494624	301	3	15	0	16	0.0504731861199
0.502219386625	0.515053763441	302	3	15	0	16	0.0503144654088
0.502995738109	0.515053763441	303	3	15	0	16	0.0501567398119
0.503813263131	0.516129032258	304	3	15	0	16	0.05
0.50428247619	0.515053763441	305	3	15	0	16	0.0498442367601
0.504828545203	0.515053763441	306	3	15	0	16	0.0496894409938
0.510409976624	0.515053763441	307	3	15	0	16	0.0495356037152
0.514750865728	0.515053763441	308	3	15	0	16	0.0493827160494
0.517059043099	0.513978494624	309	3	15	0	16	0.0492307692308
0.517246614313	0.512903225806	310	3	15	0	16	0.0490797546012
0.518755901393	0.513978494624	311	3	15	0	16	0.0489296636086
0.518856403335	0.512903225806	312	3	15	0	16	0.0487804878049
0.520289545617	0.513978494624	313	3	15	0	16	0.048632218845
0.52188814494	0.512903225806	314	3	15	0	16	0.0484848484848
0.524672723403	0.512903225806	315	3	15	0	16	0.0483383685801
0.525813463972	0.511827956989	316	3	15	0	16	0.0481927710843
0.526046912916	0.510752688172	317	3	15	0	16	0.048048048048
0.527439204527	0.511827956989	318	3	15	0	16	0.0479041916168
0.53079761137	0.512903225806	319	3	15	0	16	0.0477611940299
0.531174302499	0.512903225806	320	3	15	0	16	0.047619047619
0.531445576656	0.513978494624	321	3	15	0	16	0.0474777448071
0.53173349602	0.515053763441	322	3	15	0	16	0.0473372781065
0.532434471242	0.515053763441	323	3	15	0	16	0.047197640118
0.533618177873	0.515053763441	324	3	15	0	16	0.0470588235294
0.539033187851	0.515053763441	325	3	15	0	16	0.0469208211144
0.540237101297	0.515053763441	326	3	15	0	16	0.046783625731
0.541819225661	0.515053763441	327	3	15	0	16	0.0466472303207
0.543245552956	0.516129032258	328	3	15	0	16	0.046511627907
0.543750122467	0.515053763441	329	3	15	0	16	0.0463768115942
0.544043893868	0.515053763441	330	3	15	0	16	0.0462427745665
0.544971236083	0.513978494624	331	3	15	0	16	0.0461095100865
0.545061596009	0.513978494624	332	3	15	0	16	0.0459770114943
0.548274409833	0.512903225806	333	3	15	0	16	0.0458452722063
0.548345856259	0.512903225806	334	3	15	0	16	0.0457142857143
0.553722001115	0.512903225806	335	3	15	0	16	0.045584045584
0.555060369787	0.512903225806	336	3	15	0	16	0.0454545454545
0.555258591816	0.512903225806	337	3	15	0	16	0.0453257790368
0.557569885479	0.513978494624	338	3	15	0	16	0.045197740113
0.560482519685	0.515053763441	339	3	15	0	16	0.0450704225352
0.561652075727	0.515053763441	340	3	15	0	16	0.0449438202247
0.565509087933	0.512903225806	340	4	6	0	18	0.0502793296089
0.565614229869	0.513978494624	341	4	6	0	18	0.050139275766
0.566815203407	0.513978494624	342	4	6	0	18	0.05
0.56686916763	0.512903225806	343	4	6	0	18	0.0498614958449
0.57102051978	0.511827956989	344	4	6	0	18	0.0497237569061
0.572864150051	0.510752688172	345	4	6	0	18	0.0495867768595
0.575759735947	0.510752688172	346	4	6	0	18	0.0494505494505
0.57607477712	0.509677419355	347	4	6	0	18	0.0493150684932
0.576793298563	0.510752688172	348	4	6	0	18	0.0491803278689
0.577159729743	0.510752688172	349	4	6	0	18	0.0490463215259
0.577791727651	0.510752688172	350	4	6	0	18	0.0489130434783
0.578506626144	0.510752688172	351	4	6	0	18	0.0487804878049
0.579717209821	0.511827956989	352	4	6	0	18	0.0486486486486
0.582093154095	0.511827956989	353	4	6	0	18	0.0485175202156
0.582159247507	0.511827956989	354	4	6	0	18	0.0483870967742
0.583516839811	0.511827956989	355	4	6	0	18	0.0482573726542
0.584530995831	0.512903225806	356	4	6	0	18	0.048128342246
0.5863501582	0.512903225806	357	4	6	0	18	0.048
0.586948228105	0.50752688172	357	5	6	0	23	0.0605263157895
0.588176246463	0.508602150538	358	5	6	0	23	0.0603674540682
0.588979665558	0.509677419355	359	5	6	0	23	0.0602094240838
0.588999479615	0.510752688172	360	5	6	0	23	0.0600522193211
0.589520153267	0.510752688172	361	5	6	0	23	0.0598958333333
0.589540401211	0.510752688172	362	5	6	0	23	0.0597402597403
0.590795436385	0.511827956989	363	5	6	0	23	0.059585492228
0.592804705431	0.512903225806	364	5	6	0	23	0.0594315245478
0.593303053589	0.512903225806	365	5	6	0	23	0.0592783505155
0.593587746259	0.512903225806	366	5	6	0	23	0.0591259640103
0.597681346549	0.512903225806	367	5	6	0	23	0.0589743589744
0.599944670424	0.513978494624	368	5	6	0	23	0.0588235294118
0.602077721222	0.513978494624	369	5	6	0	23	0.0586734693878
0.608066919865	0.513978494624	370	5	6	0	23	0.058524173028
0.608983964656	0.512903225806	371	5	6	0	23	0.0583756345178
0.616162006764	0.512903225806	372	5	6	0	23	0.0582278481013
0.616632836006	0.513978494624	373	5	6	0	23	0.0580808080808
0.623204480565	0.512903225806	374	5	6	0	23	0.0579345088161
0.623536701649	0.511827956989	375	5	6	0	23	0.0577889447236
0.624212518981	0.510752688172	376	5	6	0	23	0.0576441102757
0.62547413955	0.511827956989	377	5	6	0	23	0.0575
0.626701327461	0.512903225806	378	5	6	0	23	0.0573566084788
0.62812827502	0.512903225806	379	5	6	0	23	0.0572139303483
0.629192804868	0.513978494624	380	5	6	0	23	0.0570719602978
0.63126094787	0.513978494624	381	5	6	0	23	0.0569306930693
0.631956374529	0.515053763441	382	5	6	0	23	0.0567901234568
0.637535263788	0.513978494624	383	5	6	0	23	0.0566502463054
0.638299101163	0.515053763441	384	5	6	0	23	0.0565110565111
0.639745485878	0.515053763441	385	5	6	0	23	0.0563725490196
0.642077990694	0.516129032258	386	5	6	0	23	0.0562347188264
0.642596009601	0.516129032258	387	5	6	0	23	0.0560975609756
0.64803270758	0.515053763441	388	5	6	0	23	0.0559610705596
0.64913448875	0.516129032258	389	5	6	0	23	0.0558252427184
0.649819461385	0.515053763441	390	5	6	0	23	0.0556900726392
0.652518696404	0.513978494624	391	5	6	0	23	0.0555555555556
0.65268333932	0.515053763441	392	5	6	0	23	0.055421686747
0.652989936696	0.516129032258	393	5	6	0	23	0.0552884615385
0.654763741173	0.515053763441	394	5	6	0	23	0.0551558752998
0.655178074428	0.516129032258	395	5	6	0	23	0.055023923445
0.655667348003	0.517204301075	396	5	6	0	23	0.054892601432
0.656991432291	0.516129032258	397	5	6	0	23	0.0547619047619
0.660568227075	0.516129032258	398	5	6	0	23	0.0546318289786
0.661657233034	0.516129032258	399	5	6	0	23	0.0545023696682
0.6621248024	0.517204301075	400	5	6	0	23	0.0543735224586
