# time 	 divergence 	 # of mutations 	 # IGC chances 	 IGC length 	 # IGC failures 	 Changes due to IGC  	 % change due to IGC 
0.0	0.295321637427	0	0	0	0	0	0.0
0.000871877521195	0.296296296296	1	0	0	0	0	0.0
0.0017310561243	0.296296296296	2	0	0	0	0	0.0
0.00319090121538	0.297270955166	3	0	0	0	0	0.0
0.00411790618626	0.297270955166	4	0	0	0	0	0.0
0.00423963419662	0.297270955166	4	1	3	0	0	0.0
0.0058114887352	0.298245614035	5	1	3	0	0	0.0
0.00610724337627	0.298245614035	6	1	3	0	0	0.0
0.00649140266535	0.297270955166	6	2	3	0	1	0.142857142857
0.007855455522	0.298245614035	7	2	3	0	1	0.125
0.00836525022541	0.299220272904	8	2	3	0	1	0.111111111111
0.00843816091571	0.300194931774	9	2	3	0	1	0.1
0.00981104687618	0.301169590643	10	2	3	0	1	0.0909090909091
0.00988790909241	0.300194931774	10	3	3	0	2	0.166666666667
0.011183578881	0.300194931774	10	4	3	0	2	0.166666666667
0.0113184757931	0.301169590643	11	4	3	0	2	0.153846153846
0.0114798532922	0.298245614035	11	5	3	0	5	0.3125
0.0123341672283	0.298245614035	11	6	3	0	5	0.3125
0.0136427296698	0.298245614035	11	7	3	0	5	0.3125
0.015134640001	0.296296296296	11	8	3	0	7	0.388888888889
0.0161527370345	0.297270955166	12	8	3	0	7	0.368421052632
0.0164479158075	0.298245614035	13	8	3	0	7	0.35
0.0170152671777	0.297270955166	13	9	3	0	8	0.380952380952
0.0179814395984	0.296296296296	13	10	3	0	9	0.409090909091
0.0180747254255	0.296296296296	13	11	3	0	9	0.409090909091
0.0186465061162	0.295321637427	13	12	3	0	10	0.434782608696
0.0189999773761	0.296296296296	14	12	3	0	10	0.416666666667
0.0213701329539	0.296296296296	14	13	3	0	10	0.416666666667
0.0222371640363	0.294346978558	14	14	3	0	12	0.461538461538
0.0224068363796	0.294346978558	15	14	3	0	12	0.444444444444
0.024974619442	0.294346978558	15	15	3	0	12	0.444444444444
0.0257835484303	0.295321637427	16	15	3	0	12	0.428571428571
0.0298314020936	0.296296296296	17	15	3	0	12	0.413793103448
0.030785796402	0.294346978558	17	16	3	0	14	0.451612903226
0.0315780153291	0.293372319688	17	17	3	0	15	0.46875
0.0316948019799	0.294346978558	18	17	3	0	15	0.454545454545
0.0320431960572	0.295321637427	19	17	3	0	15	0.441176470588
0.0330969018185	0.295321637427	19	18	3	0	15	0.441176470588
0.033589518548	0.295321637427	19	19	3	0	15	0.441176470588
0.0336692929555	0.293372319688	19	20	3	0	17	0.472222222222
0.0345267773056	0.293372319688	20	20	3	0	17	0.459459459459
0.0357146331189	0.292397660819	20	21	3	0	18	0.473684210526
0.0360043385177	0.293372319688	21	21	3	0	18	0.461538461538
0.037688610483	0.292397660819	21	22	3	0	19	0.475
0.0384026125155	0.291423001949	21	23	3	0	20	0.487804878049
0.0387548647525	0.292397660819	22	23	3	0	20	0.47619047619
0.0401835078924	0.293372319688	23	23	3	0	20	0.46511627907
0.0402698079809	0.294346978558	24	23	3	0	20	0.454545454545
0.0405762287596	0.292397660819	24	24	3	0	22	0.478260869565
0.0409951493014	0.293372319688	25	24	3	0	22	0.468085106383
0.0417820176114	0.294346978558	26	24	3	0	22	0.458333333333
0.0451201030713	0.295321637427	27	24	3	0	22	0.448979591837
0.0462700106091	0.295321637427	28	24	3	0	22	0.44
0.0472625558489	0.295321637427	28	25	3	0	22	0.44
0.0478043744411	0.296296296296	29	25	3	0	22	0.43137254902
0.0487670415454	0.296296296296	30	25	3	0	22	0.423076923077
0.0491715222924	0.297270955166	31	25	3	0	22	0.415094339623
0.0501390376184	0.297270955166	31	26	3	0	22	0.415094339623
0.0501612710478	0.296296296296	31	27	3	0	23	0.425925925926
0.0504010976765	0.297270955166	32	27	3	0	23	0.418181818182
0.0511552333346	0.298245614035	33	27	3	0	23	0.410714285714
0.0516438793438	0.298245614035	33	28	3	0	23	0.410714285714
0.0524857813212	0.298245614035	34	28	3	0	23	0.40350877193
0.0529527043245	0.299220272904	35	28	3	0	23	0.396551724138
0.0530887484369	0.299220272904	36	28	3	0	23	0.389830508475
0.0540455461332	0.300194931774	37	28	3	0	23	0.383333333333
0.0548386446419	0.299220272904	37	29	3	0	24	0.393442622951
0.0561769026852	0.300194931774	38	29	3	0	24	0.387096774194
0.0589133580029	0.299220272904	38	30	3	0	25	0.396825396825
0.0600521581719	0.300194931774	39	30	3	0	25	0.390625
0.0601160253766	0.301169590643	40	30	3	0	25	0.384615384615
0.061532322087	0.299220272904	40	31	3	0	27	0.402985074627
0.0617061397724	0.300194931774	41	31	3	0	27	0.397058823529
0.0646334041441	0.301169590643	42	31	3	0	27	0.391304347826
0.0650189989356	0.302144249513	43	31	3	0	27	0.385714285714
0.0650649811953	0.303118908382	44	31	3	0	27	0.380281690141
0.0665985734187	0.303118908382	44	32	3	0	27	0.380281690141
0.0685789108633	0.304093567251	45	32	3	0	27	0.375
0.0695089885088	0.305068226121	46	32	3	0	27	0.369863013699
0.0698179009662	0.303118908382	46	33	3	0	29	0.386666666667
0.0703855861099	0.304093567251	47	33	3	0	29	0.381578947368
0.0714602732374	0.305068226121	48	33	3	0	29	0.376623376623
0.0716477105873	0.30604288499	49	33	3	0	29	0.371794871795
0.0716576329305	0.30701754386	50	33	3	0	29	0.367088607595
0.0727073983784	0.30701754386	51	33	3	0	29	0.3625
0.0738346244799	0.30604288499	52	33	3	0	29	0.358024691358
0.0746907872304	0.30701754386	53	33	3	0	29	0.353658536585
0.0751394710762	0.307992202729	54	33	3	0	29	0.349397590361
0.0755857041675	0.307992202729	54	34	3	0	29	0.349397590361
0.0764778938726	0.308966861598	55	34	3	0	29	0.345238095238
0.0769229134744	0.308966861598	55	35	3	0	29	0.345238095238
0.0775441719226	0.30701754386	55	36	3	0	31	0.360465116279
0.0783754927597	0.307992202729	56	36	3	0	31	0.35632183908
0.0787470461568	0.308966861598	57	36	3	0	31	0.352272727273
0.0787885443462	0.307992202729	57	37	3	0	32	0.359550561798
0.0788263838809	0.307992202729	58	37	3	0	32	0.355555555556
0.0802864466172	0.308966861598	59	37	3	0	32	0.351648351648
0.0816934872408	0.309941520468	60	37	3	0	32	0.347826086957
0.0818539742989	0.308966861598	60	38	3	0	33	0.354838709677
0.082264360834	0.309941520468	61	38	3	0	33	0.351063829787
0.0826945368614	0.310916179337	62	38	3	0	33	0.347368421053
0.0829511392978	0.309941520468	62	39	3	0	34	0.354166666667
0.0839906233354	0.310916179337	63	39	3	0	34	0.350515463918
0.084246349056	0.311890838207	64	39	3	0	34	0.34693877551
0.0856908762952	0.312865497076	65	39	3	0	34	0.343434343434
0.0858209987754	0.311890838207	65	40	3	0	35	0.35
0.085893742399	0.312865497076	66	40	3	0	35	0.346534653465
0.0900620459899	0.313840155945	67	40	3	0	35	0.343137254902
0.0905405737453	0.313840155945	67	41	3	0	35	0.343137254902
0.0909102665535	0.313840155945	67	42	3	0	35	0.343137254902
0.0913700575476	0.313840155945	67	43	3	0	35	0.343137254902
0.0920141024325	0.314814814815	68	43	3	0	35	0.339805825243
0.0940680511266	0.315789473684	69	43	3	0	35	0.336538461538
0.094488126094	0.314814814815	69	44	3	0	36	0.342857142857
0.0948730221209	0.315789473684	70	44	3	0	36	0.339622641509
0.0953043648997	0.315789473684	71	44	3	0	36	0.336448598131
0.0961329863618	0.315789473684	71	45	3	0	36	0.336448598131
0.0982968622756	0.316764132554	72	45	3	0	36	0.333333333333
0.0986881517146	0.317738791423	73	45	3	0	36	0.330275229358
0.0991423925889	0.317738791423	74	45	3	0	36	0.327272727273
0.100703631312	0.318713450292	75	45	3	0	36	0.324324324324
0.102453062833	0.319688109162	76	45	3	0	36	0.321428571429
0.102983041237	0.319688109162	76	46	3	0	36	0.321428571429
0.103358442445	0.319688109162	76	47	3	0	36	0.321428571429
0.103388772526	0.319688109162	77	47	3	0	36	0.318584070796
0.105222082501	0.320662768031	78	47	3	0	36	0.315789473684
0.105356004196	0.321637426901	79	47	3	0	36	0.313043478261
0.106029810884	0.321637426901	80	47	3	0	36	0.310344827586
0.106496573007	0.321637426901	81	47	3	0	36	0.307692307692
0.109716595969	0.320662768031	81	48	3	0	37	0.313559322034
0.10989238167	0.321637426901	82	48	3	0	37	0.310924369748
0.110078747095	0.321637426901	83	48	3	0	37	0.308333333333
0.1102497868	0.321637426901	83	49	3	0	37	0.308333333333
0.11104074734	0.321637426901	83	50	3	0	37	0.308333333333
0.111217407412	0.321637426901	84	50	3	0	37	0.305785123967
0.112552311832	0.320662768031	85	50	3	0	37	0.303278688525
0.113149923508	0.319688109162	85	51	3	0	38	0.308943089431
0.113413540686	0.319688109162	85	52	3	0	38	0.308943089431
0.11451040415	0.320662768031	86	52	3	0	38	0.306451612903
0.115068098348	0.321637426901	87	52	3	0	38	0.304
0.115319426568	0.321637426901	87	53	3	0	38	0.304
0.116293839068	0.32261208577	88	53	3	0	38	0.301587301587
0.118283713987	0.319688109162	88	54	3	0	41	0.317829457364
0.118472305314	0.319688109162	88	55	3	0	41	0.317829457364
0.1219338092	0.320662768031	89	55	3	0	41	0.315384615385
0.122467836516	0.319688109162	89	56	3	0	42	0.320610687023
0.122533582671	0.320662768031	90	56	3	0	42	0.318181818182
0.123471430895	0.321637426901	91	56	3	0	42	0.315789473684
0.124229898585	0.321637426901	91	57	3	0	42	0.315789473684
0.124311898704	0.320662768031	91	58	3	0	43	0.320895522388
0.12459982589	0.321637426901	92	58	3	0	43	0.318518518519
0.125251329535	0.321637426901	92	59	3	0	43	0.318518518519
0.12672052137	0.321637426901	93	59	3	0	43	0.316176470588
0.127504594266	0.321637426901	94	59	3	0	43	0.313868613139
0.127808084037	0.321637426901	94	60	3	0	43	0.313868613139
0.12876941885	0.32261208577	95	60	3	0	43	0.311594202899
0.129641699199	0.32261208577	95	61	3	0	43	0.311594202899
0.130250828939	0.321637426901	95	62	3	0	44	0.31654676259
0.130748830639	0.32261208577	96	62	3	0	44	0.314285714286
0.130791047096	0.321637426901	96	63	3	0	45	0.31914893617
0.131093471639	0.321637426901	97	63	3	0	45	0.316901408451
0.132168165118	0.320662768031	98	63	3	0	45	0.314685314685
0.132169757623	0.321637426901	99	63	3	0	45	0.3125
0.132980789416	0.321637426901	100	63	3	0	45	0.310344827586
0.134131165177	0.321637426901	100	64	3	0	45	0.310344827586
0.136641549909	0.320662768031	100	65	3	0	46	0.315068493151
0.136704126958	0.320662768031	101	65	3	0	46	0.312925170068
0.137479090667	0.321637426901	102	65	3	0	46	0.310810810811
0.137904378179	0.319688109162	102	66	3	0	48	0.32
0.138708055325	0.320662768031	103	66	3	0	48	0.317880794702
0.139216557041	0.318713450292	103	67	3	0	50	0.326797385621
0.140129460688	0.318713450292	103	68	3	0	50	0.326797385621
0.143018463201	0.319688109162	104	68	3	0	50	0.324675324675
0.144572492233	0.319688109162	105	68	3	0	50	0.322580645161
0.14558034278	0.320662768031	106	68	3	0	50	0.320512820513
0.146187967421	0.319688109162	106	69	3	0	51	0.324840764331
0.147607140487	0.319688109162	107	69	3	0	51	0.322784810127
0.14899946192	0.319688109162	107	70	3	0	51	0.322784810127
0.150046788406	0.318713450292	107	71	3	0	52	0.327044025157
0.150648523196	0.317738791423	108	71	3	0	52	0.325
0.150969674496	0.317738791423	108	72	3	0	52	0.325
0.15190779583	0.314814814815	108	73	3	0	55	0.337423312883
0.1519089969	0.315789473684	109	73	3	0	55	0.335365853659
0.153370675276	0.314814814815	109	74	3	0	56	0.339393939394
0.153524531904	0.314814814815	110	74	3	0	56	0.33734939759
0.15410013977	0.312865497076	110	75	3	0	58	0.345238095238
0.157001787271	0.310916179337	110	76	3	0	60	0.352941176471
0.158417217142	0.311890838207	111	76	3	0	60	0.350877192982
0.15878571164	0.311890838207	111	77	3	0	60	0.350877192982
0.159213480194	0.312865497076	112	77	3	0	60	0.348837209302
0.159479531022	0.312865497076	113	77	3	0	60	0.346820809249
0.159905364392	0.313840155945	114	77	3	0	60	0.344827586207
0.160352318876	0.310916179337	114	78	3	0	63	0.35593220339
0.160415389615	0.311890838207	115	78	3	0	63	0.35393258427
0.160546350432	0.310916179337	115	79	3	0	64	0.357541899441
0.160676427732	0.310916179337	116	79	3	0	64	0.355555555556
0.160750658494	0.310916179337	116	80	3	0	64	0.355555555556
0.160889642828	0.310916179337	116	81	3	0	64	0.355555555556
0.161245524099	0.311890838207	117	81	3	0	64	0.353591160221
0.162217539498	0.311890838207	118	81	3	0	64	0.351648351648
0.162222313769	0.312865497076	119	81	3	0	64	0.349726775956
0.162996367351	0.311890838207	120	81	3	0	64	0.347826086957
0.163633824645	0.309941520468	120	82	3	0	66	0.354838709677
0.165878926889	0.308966861598	120	83	3	0	67	0.358288770053
0.166062349589	0.308966861598	120	84	3	0	67	0.358288770053
0.166988121047	0.308966861598	121	84	3	0	67	0.356382978723
0.167745866217	0.307992202729	121	85	3	0	68	0.359788359788
0.16794288951	0.308966861598	122	85	3	0	68	0.357894736842
0.168164860348	0.309941520468	123	85	3	0	68	0.356020942408
0.168307513107	0.309941520468	123	86	3	0	68	0.356020942408
0.16876802736	0.309941520468	123	87	3	0	68	0.356020942408
0.169057953856	0.310916179337	124	87	3	0	68	0.354166666667
0.170772363531	0.311890838207	125	87	3	0	68	0.352331606218
0.171213410823	0.312865497076	126	87	3	0	68	0.350515463918
0.171371207926	0.312865497076	126	88	3	0	68	0.350515463918
0.174917857253	0.311890838207	127	88	3	0	68	0.348717948718
0.175320809724	0.312865497076	128	88	3	0	68	0.34693877551
0.176582325716	0.312865497076	128	89	3	0	68	0.34693877551
0.177068459343	0.312865497076	129	89	3	0	68	0.345177664975
0.180298911416	0.311890838207	129	90	3	0	69	0.348484848485
0.181430780141	0.312865497076	130	90	3	0	69	0.346733668342
0.181874134208	0.311890838207	130	91	3	0	70	0.35
0.182767608564	0.312865497076	131	91	3	0	70	0.348258706468
0.183338925658	0.312865497076	131	92	3	0	70	0.348258706468
0.183417316445	0.311890838207	132	92	3	0	70	0.346534653465
0.18556918185	0.312865497076	133	92	3	0	70	0.344827586207
0.185694157369	0.311890838207	133	93	3	0	71	0.348039215686
0.186943953564	0.310916179337	134	93	3	0	71	0.346341463415
0.187395002121	0.311890838207	135	93	3	0	71	0.344660194175
0.187647808535	0.310916179337	135	94	3	0	72	0.347826086957
0.188883081963	0.310916179337	136	94	3	0	72	0.346153846154
0.189448703373	0.308966861598	136	95	3	0	74	0.352380952381
0.189645627173	0.308966861598	136	96	3	0	74	0.352380952381
0.191517927538	0.308966861598	137	96	3	0	74	0.350710900474
0.192878680312	0.308966861598	138	96	3	0	74	0.349056603774
0.194602988428	0.309941520468	139	96	3	0	74	0.347417840376
0.194608156947	0.309941520468	139	97	3	0	74	0.347417840376
0.195068349024	0.309941520468	140	97	3	0	74	0.345794392523
0.195239162867	0.310916179337	141	97	3	0	74	0.344186046512
0.196936439631	0.311890838207	142	97	3	0	74	0.342592592593
0.197148303153	0.311890838207	142	98	3	0	74	0.342592592593
0.197540803691	0.312865497076	143	98	3	0	74	0.341013824885
0.198460005028	0.312865497076	144	98	3	0	74	0.339449541284
0.200449819139	0.313840155945	145	98	3	0	74	0.337899543379
0.200753573376	0.314814814815	146	98	3	0	74	0.336363636364
0.201263452248	0.314814814815	146	99	3	0	74	0.336363636364
0.20194943742	0.313840155945	146	100	3	0	75	0.339366515837
0.202717333908	0.314814814815	147	100	3	0	75	0.337837837838
0.205728429848	0.315789473684	148	100	3	0	75	0.336322869955
0.208070661544	0.312865497076	148	101	3	0	78	0.345132743363
0.208749575056	0.310916179337	148	102	3	0	80	0.350877192982
