# time 	 divergence 	 # of mutations 	 # IGC chances 	 IGC length 	 # IGC failures 	 Changes due to IGC  	 % change due to IGC 
0.0	0.622807017544	0	0	0	0	0	0.0
0.00274073642997	0.623781676413	1	0	0	0	0	0.0
0.00465160507527	0.623781676413	2	0	0	0	0	0.0
0.00554043169165	0.624756335283	3	0	0	0	0	0.0
0.0094965619585	0.625730994152	4	0	0	0	0	0.0
0.00955366282857	0.625730994152	5	0	0	0	0	0.0
0.00962502342688	0.625730994152	6	0	0	0	0	0.0
0.0102706975266	0.624756335283	7	0	0	0	0	0.0
0.010568100286	0.625730994152	8	0	0	0	0	0.0
0.0113412327842	0.624756335283	9	0	0	0	0	0.0
0.0125057847409	0.624756335283	10	0	0	0	0	0.0
0.0127842402213	0.624756335283	11	0	0	0	0	0.0
0.01439464691	0.625730994152	12	0	0	0	0	0.0
0.017040934538	0.626705653021	13	0	0	0	0	0.0
0.0191370406004	0.625730994152	14	0	0	0	0	0.0
0.0237663759434	0.624756335283	15	0	0	0	0	0.0
0.0246029500184	0.625730994152	16	0	0	0	0	0.0
0.0246286603894	0.625730994152	17	0	0	0	0	0.0
0.0253755120808	0.626705653021	18	0	0	0	0	0.0
0.0259360411321	0.626705653021	19	0	0	0	0	0.0
0.0281417592819	0.625730994152	20	0	0	0	0	0.0
0.0291601953669	0.625730994152	21	0	0	0	0	0.0
0.0348688737426	0.625730994152	22	0	0	0	0	0.0
0.0357698956204	0.626705653021	23	0	0	0	0	0.0
0.0361425287719	0.626705653021	24	0	0	0	0	0.0
0.0383745987977	0.626705653021	25	0	0	0	0	0.0
0.0385952976307	0.625730994152	26	0	0	0	0	0.0
0.0402963581942	0.626705653021	27	0	0	0	0	0.0
0.0404110774028	0.627680311891	28	0	0	0	0	0.0
0.0418040842039	0.627680311891	29	0	0	0	0	0.0
0.0443813172932	0.62865497076	30	0	0	0	0	0.0
0.0447421894015	0.627680311891	31	0	0	0	0	0.0
0.0448671348469	0.62865497076	32	0	0	0	0	0.0
0.046622527612	0.62865497076	33	0	0	0	0	0.0
0.0477959867622	0.62865497076	34	0	0	0	0	0.0
0.0521898446541	0.62962962963	35	0	0	0	0	0.0
0.0527868620756	0.62962962963	36	0	0	0	0	0.0
0.055277510161	0.630604288499	37	0	0	0	0	0.0
0.0564436245595	0.62962962963	38	0	0	0	0	0.0
0.0566439113856	0.630604288499	39	0	0	0	0	0.0
0.0570753122459	0.62962962963	40	0	0	0	0	0.0
0.0588813602839	0.62962962963	41	0	0	0	0	0.0
0.0602632710906	0.62962962963	42	0	0	0	0	0.0
0.0602756306402	0.62962962963	43	0	0	0	0	0.0
0.0610175917541	0.62962962963	44	0	0	0	0	0.0
0.0624514583718	0.62962962963	45	0	0	0	0	0.0
0.0646170571832	0.62865497076	46	0	0	0	0	0.0
0.0673575640151	0.627680311891	47	0	0	0	0	0.0
0.0696848654278	0.62865497076	48	0	0	0	0	0.0
0.0729599911223	0.62962962963	49	0	0	0	0	0.0
0.0731677023349	0.62962962963	50	0	0	0	0	0.0
0.0739917742287	0.62962962963	51	0	0	0	0	0.0
0.0746346613686	0.62962962963	52	0	0	0	0	0.0
0.0761526605056	0.62962962963	53	0	0	0	0	0.0
0.0765598028672	0.62962962963	54	0	0	0	0	0.0
0.0776495693136	0.62962962963	55	0	0	0	0	0.0
0.0792494847461	0.630604288499	56	0	0	0	0	0.0
0.079551105407	0.631578947368	57	0	0	0	0	0.0
0.0833728489207	0.631578947368	58	0	0	0	0	0.0
0.0839633565418	0.632553606238	59	0	0	0	0	0.0
0.0840845619597	0.633528265107	60	0	0	0	0	0.0
0.08623520145	0.632553606238	61	0	0	0	0	0.0
0.0867750878053	0.633528265107	62	0	0	0	0	0.0
0.089172137943	0.632553606238	63	0	0	0	0	0.0
0.0892739483834	0.632553606238	64	0	0	0	0	0.0
0.0908885813658	0.632553606238	65	0	0	0	0	0.0
0.0921916693915	0.633528265107	66	0	0	0	0	0.0
0.0924770239954	0.634502923977	67	0	0	0	0	0.0
0.0926155291574	0.633528265107	68	0	0	0	0	0.0
0.0927335571766	0.634502923977	69	0	0	0	0	0.0
0.0949453924598	0.634502923977	70	0	0	0	0	0.0
0.0949788201982	0.633528265107	71	0	0	0	0	0.0
0.0951742445251	0.632553606238	72	0	0	0	0	0.0
0.0963165068615	0.633528265107	73	0	0	0	0	0.0
0.0977269044892	0.633528265107	74	0	0	0	0	0.0
0.0977582278725	0.632553606238	75	0	0	0	0	0.0
0.100526776317	0.633528265107	76	0	0	0	0	0.0
0.103491825237	0.634502923977	77	0	0	0	0	0.0
0.103889086009	0.633528265107	78	0	0	0	0	0.0
0.104871969885	0.634502923977	79	0	0	0	0	0.0
0.105969582669	0.635477582846	80	0	0	0	0	0.0
0.107693064	0.636452241715	81	0	0	0	0	0.0
0.109087672527	0.635477582846	82	0	0	0	0	0.0
0.11195729719	0.635477582846	83	0	0	0	0	0.0
0.112992438301	0.634502923977	84	0	0	0	0	0.0
0.113198560955	0.634502923977	85	0	0	0	0	0.0
0.115837372126	0.634502923977	86	0	0	0	0	0.0
0.120418129017	0.633528265107	87	0	0	0	0	0.0
0.123287770859	0.634502923977	88	0	0	0	0	0.0
0.123389875478	0.633528265107	89	0	0	0	0	0.0
0.123522907789	0.633528265107	90	0	0	0	0	0.0
0.124631042841	0.634502923977	91	0	0	0	0	0.0
0.124999772423	0.635477582846	92	0	0	0	0	0.0
0.127261998448	0.635477582846	93	0	0	0	0	0.0
0.12766218014	0.634502923977	94	0	0	0	0	0.0
0.128169215622	0.633528265107	95	0	0	0	0	0.0
0.128952661476	0.633528265107	96	0	0	0	0	0.0
0.13656500936	0.633528265107	97	0	0	0	0	0.0
0.137778648798	0.632553606238	98	0	0	0	0	0.0
0.143008147896	0.632553606238	99	0	0	0	0	0.0
0.144105809447	0.633528265107	100	0	0	0	0	0.0
0.145802973242	0.634502923977	101	0	0	0	0	0.0
0.145922684717	0.606237816764	101	1	42	0	29	0.223076923077
0.146584059192	0.607212475634	102	1	42	0	29	0.221374045802
0.154467385531	0.607212475634	103	1	42	0	29	0.219696969697
0.155773556874	0.607212475634	104	1	42	0	29	0.218045112782
0.156206007675	0.606237816764	105	1	42	0	29	0.216417910448
0.156568194736	0.606237816764	106	1	42	0	29	0.214814814815
0.156630529995	0.605263157895	107	1	42	0	29	0.213235294118
0.158032210557	0.605263157895	108	1	42	0	29	0.211678832117
0.159221789917	0.604288499025	109	1	42	0	29	0.210144927536
0.160262072999	0.603313840156	110	1	42	0	29	0.208633093525
0.160891008256	0.603313840156	111	1	42	0	29	0.207142857143
0.163858296731	0.604288499025	112	1	42	0	29	0.205673758865
0.166021347459	0.605263157895	113	1	42	0	29	0.204225352113
0.166395894594	0.604288499025	114	1	42	0	29	0.202797202797
0.169062551214	0.604288499025	115	1	42	0	29	0.201388888889
0.170088877465	0.604288499025	116	1	42	0	29	0.2
0.173887894617	0.605263157895	117	1	42	0	29	0.198630136986
0.175306134402	0.606237816764	118	1	42	0	29	0.197278911565
0.17984641946	0.607212475634	119	1	42	0	29	0.195945945946
0.180427932365	0.607212475634	120	1	42	0	29	0.194630872483
0.181398441486	0.607212475634	121	1	42	0	29	0.193333333333
0.181698591309	0.608187134503	122	1	42	0	29	0.192052980132
0.184315476188	0.608187134503	123	1	42	0	29	0.190789473684
0.184348753728	0.608187134503	124	1	42	0	29	0.18954248366
0.185245465498	0.608187134503	125	1	42	0	29	0.188311688312
0.186031116719	0.608187134503	126	1	42	0	29	0.187096774194
0.187129447619	0.608187134503	127	1	42	0	29	0.185897435897
0.188802667309	0.607212475634	128	1	42	0	29	0.184713375796
0.192665512467	0.608187134503	129	1	42	0	29	0.183544303797
0.199517107831	0.609161793372	130	1	42	0	29	0.182389937107
0.200919209865	0.610136452242	131	1	42	0	29	0.18125
0.202802277676	0.611111111111	132	1	42	0	29	0.180124223602
0.203937701776	0.611111111111	133	1	42	0	29	0.179012345679
0.20904130295	0.612085769981	134	1	42	0	29	0.177914110429
0.2090971878	0.61306042885	135	1	42	0	29	0.176829268293
0.212165918534	0.614035087719	136	1	42	0	29	0.175757575758
0.213943292888	0.614035087719	137	1	42	0	29	0.174698795181
0.215586488533	0.615009746589	138	1	42	0	29	0.173652694611
0.219337198065	0.614035087719	139	1	42	0	29	0.172619047619
0.222517507911	0.614035087719	140	1	42	0	29	0.171597633136
0.223072156585	0.615009746589	141	1	42	0	29	0.170588235294
0.224171434575	0.615009746589	142	1	42	0	29	0.169590643275
0.225796909393	0.615009746589	143	1	42	0	29	0.168604651163
0.22677454906	0.615009746589	144	1	42	0	29	0.167630057803
0.229203234812	0.615984405458	145	1	42	0	29	0.166666666667
0.231870801863	0.616959064327	146	1	42	0	29	0.165714285714
0.23195227623	0.615984405458	147	1	42	0	29	0.164772727273
0.232498194961	0.615009746589	148	1	42	0	29	0.16384180791
0.233462515925	0.615009746589	149	1	42	0	29	0.162921348315
0.233754540385	0.615984405458	150	1	42	0	29	0.162011173184
0.235455707737	0.615984405458	151	1	42	0	29	0.161111111111
0.239404306106	0.615009746589	152	1	42	0	29	0.160220994475
0.240010216893	0.614035087719	153	1	42	0	29	0.159340659341
0.241415518775	0.614035087719	154	1	42	0	29	0.158469945355
0.242998456117	0.614035087719	155	1	42	0	29	0.157608695652
0.244454570681	0.614035087719	156	1	42	0	29	0.156756756757
0.244684427682	0.614035087719	157	1	42	0	29	0.155913978495
0.246465733632	0.614035087719	158	1	42	0	29	0.155080213904
0.247285662092	0.615009746589	159	1	42	0	29	0.154255319149
0.248034733131	0.615009746589	160	1	42	0	29	0.153439153439
0.25227816758	0.614035087719	161	1	42	0	29	0.152631578947
0.252782697139	0.614035087719	162	1	42	0	29	0.151832460733
0.255524629582	0.614035087719	163	1	42	0	29	0.151041666667
0.25708629328	0.615009746589	164	1	42	0	29	0.150259067358
0.257522165614	0.615984405458	165	1	42	0	29	0.149484536082
0.259050714041	0.615009746589	166	1	42	0	29	0.148717948718
0.260063132043	0.615009746589	167	1	42	0	29	0.147959183673
0.261322509617	0.615009746589	168	1	42	0	29	0.147208121827
0.264725084836	0.614035087719	169	1	42	0	29	0.146464646465
0.266833852333	0.614035087719	170	1	42	0	29	0.145728643216
0.269263743314	0.615009746589	171	1	42	0	29	0.145
0.269910112852	0.615009746589	172	1	42	0	29	0.144278606965
0.271661900986	0.615009746589	173	1	42	0	29	0.143564356436
0.272007003728	0.614035087719	174	1	42	0	29	0.142857142857
0.277004549785	0.614035087719	175	1	42	0	29	0.142156862745
0.279113692231	0.614035087719	176	1	42	0	29	0.141463414634
0.280026956269	0.61306042885	177	1	42	0	29	0.140776699029
0.280988916493	0.614035087719	178	1	42	0	29	0.140096618357
0.281758219105	0.61306042885	179	1	42	0	29	0.139423076923
0.283009261688	0.61306042885	180	1	42	0	29	0.138755980861
0.283552530184	0.61306042885	181	1	42	0	29	0.138095238095
0.285964068639	0.614035087719	182	1	42	0	29	0.137440758294
0.28737192401	0.61306042885	183	1	42	0	29	0.13679245283
0.290280478039	0.614035087719	184	1	42	0	29	0.136150234742
0.292310292868	0.615009746589	185	1	42	0	29	0.135514018692
0.292957345384	0.615984405458	186	1	42	0	29	0.13488372093
0.29673508481	0.615984405458	187	1	42	0	29	0.134259259259
0.297147914523	0.615984405458	188	1	42	0	29	0.133640552995
0.300232327287	0.616959064327	189	1	42	0	29	0.133027522936
0.300564578773	0.616959064327	190	1	42	0	29	0.132420091324
0.300658054435	0.617933723197	191	1	42	0	29	0.131818181818
0.300659616408	0.617933723197	192	1	42	0	29	0.131221719457
0.302942023969	0.618908382066	193	1	42	0	29	0.130630630631
0.304606480324	0.617933723197	194	1	42	0	29	0.130044843049
0.305024853351	0.617933723197	195	1	42	0	29	0.129464285714
0.30507320835	0.618908382066	196	1	42	0	29	0.128888888889
0.31038956431	0.618908382066	197	1	42	0	29	0.128318584071
0.310800521762	0.619883040936	198	1	42	0	29	0.127753303965
0.310824126235	0.620857699805	199	1	42	0	29	0.127192982456
0.312199057327	0.619883040936	200	1	42	0	29	0.126637554585
0.319877489906	0.620857699805	201	1	42	0	29	0.126086956522
0.320402059626	0.621832358674	202	1	42	0	29	0.125541125541
0.32090733955	0.620857699805	203	1	42	0	29	0.125
0.321559817497	0.621832358674	204	1	42	0	29	0.124463519313
0.325734938176	0.620857699805	205	1	42	0	29	0.123931623932
0.330596429796	0.620857699805	206	1	42	0	29	0.123404255319
0.330597122578	0.619883040936	207	1	42	0	29	0.122881355932
0.331046539265	0.619883040936	208	1	42	0	29	0.122362869198
0.332158528862	0.618908382066	209	1	42	0	29	0.121848739496
0.332490926434	0.617933723197	210	1	42	0	29	0.121338912134
0.33564541631	0.617933723197	211	1	42	0	29	0.120833333333
0.336819041143	0.618908382066	212	1	42	0	29	0.120331950207
0.336833970598	0.619883040936	213	1	42	0	29	0.119834710744
0.337077389306	0.618908382066	214	1	42	0	29	0.119341563786
0.338770825438	0.619883040936	215	1	42	0	29	0.118852459016
0.339028891136	0.619883040936	216	1	42	0	29	0.118367346939
0.339258710511	0.620857699805	217	1	42	0	29	0.117886178862
0.340356451359	0.620857699805	218	1	42	0	29	0.117408906883
0.340509085597	0.621832358674	219	1	42	0	29	0.116935483871
0.340840286109	0.622807017544	220	1	42	0	29	0.116465863454
0.341852262141	0.622807017544	221	1	42	0	29	0.116
0.342784879987	0.621832358674	222	1	42	0	29	0.115537848606
0.3434498885	0.621832358674	223	1	42	0	29	0.115079365079
0.343704752503	0.621832358674	224	1	42	0	29	0.114624505929
0.344916959794	0.621832358674	225	1	42	0	29	0.114173228346
0.347178402988	0.622807017544	226	1	42	0	29	0.113725490196
0.348007783593	0.622807017544	227	1	42	0	29	0.11328125
0.351404053835	0.622807017544	228	1	42	0	29	0.112840466926
0.352291018674	0.622807017544	229	1	42	0	29	0.112403100775
0.352391510959	0.621832358674	230	1	42	0	29	0.111969111969
0.352476045156	0.621832358674	231	1	42	0	29	0.111538461538
0.352935642292	0.621832358674	232	1	42	0	29	0.111111111111
0.356664798526	0.622807017544	233	1	42	0	29	0.110687022901
0.358689662277	0.621832358674	234	1	42	0	29	0.110266159696
0.360539063828	0.621832358674	235	1	42	0	29	0.109848484848
0.360673310054	0.621832358674	236	1	42	0	29	0.109433962264
0.364799744076	0.620857699805	237	1	42	0	29	0.109022556391
0.368679262487	0.621832358674	238	1	42	0	29	0.10861423221
0.374394335324	0.622807017544	239	1	42	0	29	0.108208955224
0.378099656009	0.622807017544	240	1	42	0	29	0.10780669145
0.378354882398	0.622807017544	241	1	42	0	29	0.107407407407
0.378991228507	0.623781676413	242	1	42	0	29	0.107011070111
0.382090058535	0.622807017544	243	1	42	0	29	0.106617647059
0.384659137279	0.622807017544	244	1	42	0	29	0.106227106227
0.387662184371	0.622807017544	245	1	42	0	29	0.105839416058
0.388928898366	0.623781676413	246	1	42	0	29	0.105454545455
0.394048644849	0.623781676413	247	1	42	0	29	0.105072463768
0.399212691248	0.624756335283	248	1	42	0	29	0.104693140794
0.403323531075	0.625730994152	249	1	42	0	29	0.104316546763
0.404567360285	0.625730994152	250	1	42	0	29	0.10394265233
0.407519495956	0.626705653021	251	1	42	0	29	0.103571428571
0.410814424275	0.626705653021	252	1	42	0	29	0.103202846975
0.410918629566	0.627680311891	253	1	42	0	29	0.102836879433
0.411290700871	0.62865497076	254	1	42	0	29	0.102473498233
0.417237484457	0.62865497076	255	1	42	0	29	0.102112676056
0.419018230416	0.62865497076	256	1	42	0	29	0.101754385965
0.420760052472	0.62962962963	257	1	42	0	29	0.101398601399
0.425289218931	0.62962962963	258	1	42	0	29	0.101045296167
0.427040273807	0.62962962963	259	1	42	0	29	0.100694444444
0.42719446935	0.62865497076	260	1	42	0	29	0.100346020761
0.427788233542	0.62962962963	261	1	42	0	29	0.1
0.430460172828	0.62962962963	262	1	42	0	29	0.0996563573883
0.431638577887	0.630604288499	263	1	42	0	29	0.0993150684932
0.433219918264	0.631578947368	264	1	42	0	29	0.098976109215
0.433329498677	0.631578947368	265	1	42	0	29	0.0986394557823
0.433654402873	0.631578947368	266	1	42	0	29	0.0983050847458
0.435558132185	0.632553606238	267	1	42	0	29	0.097972972973
0.435727926816	0.633528265107	268	1	42	0	29	0.0976430976431
0.439992617115	0.632553606238	269	1	42	0	29	0.0973154362416
0.440123880601	0.632553606238	270	1	42	0	29	0.0969899665552
0.441355331058	0.632553606238	271	1	42	0	29	0.0966666666667
0.442076665908	0.632553606238	272	1	42	0	29	0.0963455149502
0.442531044417	0.632553606238	273	1	42	0	29	0.0960264900662
0.442906649131	0.631578947368	274	1	42	0	29	0.0957095709571
0.443697517792	0.632553606238	275	1	42	0	29	0.0953947368421
0.444170316997	0.631578947368	276	1	42	0	29	0.0950819672131
