# time 	 divergence 	 # of mutations 	 # IGC chances 	 IGC length 	 # IGC failures 	 Changes due to IGC  	 % change due to IGC 
0.0	0.381091617934	0	0	0	0	0	0.0
0.000267277021037	0.381091617934	1	0	0	0	0	0.0
0.000684837387156	0.382066276803	2	0	0	0	0	0.0
0.00124898502317	0.382066276803	3	0	0	0	0	0.0
0.00366656527451	0.383040935673	4	0	0	0	0	0.0
0.00562713546154	0.383040935673	4	1	9	0	0	0.0
0.00666709503646	0.384015594542	5	1	9	0	0	0.0
0.00902808684646	0.384015594542	5	2	3	0	0	0.0
0.0100882758853	0.383040935673	6	2	3	0	0	0.0
0.010105436884	0.382066276803	7	2	3	0	0	0.0
0.0129258476778	0.381091617934	8	2	3	0	0	0.0
0.0144983554057	0.376218323587	8	3	6	0	5	0.384615384615
0.0187939465419	0.377192982456	9	3	6	0	5	0.357142857143
0.019918372938	0.378167641326	10	3	6	0	5	0.333333333333
0.0205644010439	0.379142300195	11	3	6	0	5	0.3125
0.0214142351464	0.377192982456	11	4	9	0	7	0.388888888889
0.0216128587301	0.378167641326	12	4	9	0	7	0.368421052632
0.0225393964453	0.378167641326	13	4	9	0	7	0.35
0.0227826609094	0.378167641326	14	4	9	0	7	0.333333333333
0.0241980887757	0.379142300195	15	4	9	0	7	0.318181818182
0.0251569213255	0.379142300195	16	4	9	0	7	0.304347826087
0.0258013166078	0.366471734893	16	5	27	0	20	0.555555555556
0.0263639364745	0.367446393762	17	5	27	0	20	0.540540540541
0.030181859114	0.367446393762	18	5	27	0	20	0.526315789474
0.0305882267008	0.368421052632	19	5	27	0	20	0.512820512821
0.0333684588453	0.368421052632	20	5	27	0	20	0.5
0.0333693607099	0.364522417154	20	6	6	0	24	0.545454545455
0.0334709852903	0.365497076023	21	6	6	0	24	0.533333333333
0.0361557613651	0.359649122807	21	7	12	0	30	0.588235294118
0.036235505248	0.360623781676	22	7	12	0	30	0.576923076923
0.0372366525198	0.359649122807	23	7	12	0	30	0.566037735849
0.0386594370938	0.360623781676	24	7	12	0	30	0.555555555556
0.0387621892277	0.361598440546	25	7	12	0	30	0.545454545455
0.0405527052321	0.362573099415	26	7	12	0	30	0.535714285714
0.0420764802668	0.362573099415	27	7	12	0	30	0.526315789474
0.0424819251816	0.362573099415	28	7	12	0	30	0.51724137931
0.0426589290342	0.362573099415	29	7	12	0	30	0.508474576271
0.045828906743	0.362573099415	30	7	12	0	30	0.5
0.0461936238111	0.363547758285	31	7	12	0	30	0.491803278689
0.0470277674839	0.364522417154	32	7	12	0	30	0.483870967742
0.0482260341532	0.364522417154	33	7	12	0	30	0.47619047619
0.0507522368684	0.365497076023	34	7	12	0	30	0.46875
0.0528774973612	0.364522417154	35	7	12	0	30	0.461538461538
0.0540463400677	0.365497076023	36	7	12	0	30	0.454545454545
0.0553995313581	0.366471734893	37	7	12	0	30	0.44776119403
0.055863404725	0.367446393762	38	7	12	0	30	0.441176470588
0.0564561252342	0.366471734893	39	7	12	0	30	0.434782608696
0.0577291252891	0.367446393762	40	7	12	0	30	0.428571428571
0.0580993571845	0.367446393762	41	7	12	0	30	0.422535211268
0.059897438438	0.368421052632	42	7	12	0	30	0.416666666667
0.060075312624	0.367446393762	43	7	12	0	30	0.41095890411
0.0606221946937	0.367446393762	44	7	12	0	30	0.405405405405
0.0620335683279	0.368421052632	45	7	12	0	30	0.4
0.0635176880079	0.368421052632	46	7	12	0	30	0.394736842105
0.0655191507109	0.369395711501	47	7	12	0	30	0.38961038961
0.0666707806719	0.369395711501	48	7	12	0	30	0.384615384615
0.0692216533178	0.37037037037	49	7	12	0	30	0.379746835443
0.0693157026815	0.37134502924	50	7	12	0	30	0.375
0.0693476858025	0.372319688109	51	7	12	0	30	0.37037037037
0.0711648738938	0.373294346979	52	7	12	0	30	0.365853658537
0.073027728601	0.372319688109	52	8	6	0	31	0.373493975904
0.073640618623	0.373294346979	53	8	6	0	31	0.369047619048
0.0737050927059	0.373294346979	54	8	6	0	31	0.364705882353
0.0749346620794	0.372319688109	54	9	6	0	32	0.372093023256
0.075098249011	0.372319688109	55	9	6	0	32	0.367816091954
0.0752179811704	0.373294346979	56	9	6	0	32	0.363636363636
0.0753653982352	0.373294346979	57	9	6	0	32	0.359550561798
0.076469037468	0.374269005848	58	9	6	0	32	0.355555555556
0.0772291823936	0.374269005848	59	9	6	0	32	0.351648351648
0.0796215330584	0.37134502924	59	10	3	0	35	0.372340425532
0.0805313483234	0.37134502924	60	10	3	0	35	0.368421052632
0.0828073197623	0.372319688109	61	10	3	0	35	0.364583333333
0.0837359661038	0.372319688109	62	10	3	0	35	0.360824742268
0.0852976194932	0.373294346979	63	10	3	0	35	0.357142857143
0.0861592580996	0.374269005848	64	10	3	0	35	0.353535353535
0.0870608163683	0.375243664717	65	10	3	0	35	0.35
0.089326812503	0.376218323587	66	10	3	0	35	0.346534653465
0.090753625864	0.377192982456	67	10	3	0	35	0.343137254902
0.0910243042762	0.377192982456	67	11	3	0	35	0.343137254902
0.0911670760929	0.378167641326	68	11	3	0	35	0.339805825243
0.0923977201502	0.378167641326	68	12	12	0	35	0.339805825243
0.092443078025	0.377192982456	69	12	12	0	35	0.336538461538
0.0926230473755	0.377192982456	70	12	12	0	35	0.333333333333
0.094169846536	0.378167641326	71	12	12	0	35	0.330188679245
0.0949579599838	0.379142300195	72	12	12	0	35	0.327102803738
0.0949974076488	0.379142300195	73	12	12	0	35	0.324074074074
0.101437787942	0.379142300195	74	12	12	0	35	0.321100917431
0.102136189277	0.379142300195	75	12	12	0	35	0.318181818182
0.108042253046	0.380116959064	76	12	12	0	35	0.315315315315
0.10961273783	0.381091617934	77	12	12	0	35	0.3125
0.10970354104	0.381091617934	78	12	12	0	35	0.309734513274
0.116483291719	0.373294346979	78	13	21	0	43	0.355371900826
0.118516319156	0.367446393762	78	14	9	0	49	0.385826771654
0.119529537845	0.366471734893	79	14	9	0	49	0.3828125
0.12044692045	0.366471734893	80	14	9	0	49	0.37984496124
0.120463415693	0.366471734893	81	14	9	0	49	0.376923076923
0.120928064665	0.364522417154	81	15	6	0	51	0.386363636364
0.121674072354	0.365497076023	82	15	6	0	51	0.383458646617
0.123951186165	0.366471734893	83	15	6	0	51	0.380597014925
0.124290724532	0.367446393762	84	15	6	0	51	0.377777777778
0.125510461128	0.367446393762	85	15	6	0	51	0.375
0.126280045045	0.368421052632	86	15	6	0	51	0.372262773723
0.128596937624	0.367446393762	86	16	3	0	52	0.376811594203
0.130509233738	0.368421052632	87	16	3	0	52	0.374100719424
0.130553842859	0.368421052632	88	16	3	0	52	0.371428571429
0.133623287342	0.369395711501	89	16	3	0	52	0.368794326241
0.135285396722	0.369395711501	90	16	3	0	52	0.366197183099
0.135889795082	0.37037037037	91	16	3	0	52	0.363636363636
0.13940437299	0.369395711501	91	17	3	0	53	0.368055555556
0.141566243448	0.37037037037	92	17	3	0	53	0.365517241379
0.141738866084	0.37037037037	93	17	3	0	53	0.36301369863
0.142969033805	0.369395711501	94	17	3	0	53	0.360544217687
0.146122588265	0.368421052632	95	17	3	0	53	0.358108108108
0.147674113107	0.368421052632	96	17	3	0	53	0.355704697987
0.148743016657	0.369395711501	97	17	3	0	53	0.353333333333
0.150070537361	0.369395711501	98	17	3	0	53	0.350993377483
0.152167226485	0.368421052632	99	17	3	0	53	0.348684210526
0.15252339874	0.369395711501	100	17	3	0	53	0.346405228758
0.15419426104	0.37037037037	101	17	3	0	53	0.344155844156
0.154838027644	0.37134502924	102	17	3	0	53	0.341935483871
0.157644782268	0.37134502924	103	17	3	0	53	0.339743589744
0.160126491535	0.372319688109	104	17	3	0	53	0.337579617834
0.160321335272	0.365497076023	104	18	21	0	60	0.365853658537
0.160524985781	0.364522417154	105	18	21	0	60	0.363636363636
0.160591124894	0.365497076023	106	18	21	0	60	0.361445783133
0.163493509265	0.366471734893	107	18	21	0	60	0.359281437126
0.165808939565	0.366471734893	108	18	21	0	60	0.357142857143
0.168198681602	0.353801169591	108	19	30	0	73	0.403314917127
0.169689307193	0.345029239766	108	20	18	0	82	0.431578947368
0.170476299274	0.340155945419	108	21	12	0	87	0.446153846154
0.17217838716	0.341130604288	109	21	12	0	87	0.44387755102
0.173583803991	0.336257309942	109	22	12	0	92	0.457711442786
0.178581161361	0.336257309942	110	22	12	0	92	0.455445544554
0.179526368568	0.337231968811	111	22	12	0	92	0.453201970443
0.179663717599	0.333333333333	111	23	9	0	96	0.463768115942
0.179763091194	0.332358674464	112	23	9	0	96	0.461538461538
0.179763326539	0.333333333333	113	23	9	0	96	0.459330143541
0.180047246494	0.334307992203	114	23	9	0	96	0.457142857143
0.180093775762	0.335282651072	115	23	9	0	96	0.454976303318
0.180394746817	0.336257309942	116	23	9	0	96	0.452830188679
0.18245044856	0.337231968811	117	23	9	0	96	0.450704225352
0.183183855812	0.337231968811	118	23	9	0	96	0.448598130841
0.184897885773	0.33820662768	119	23	9	0	96	0.446511627907
0.185994905132	0.33918128655	120	23	9	0	96	0.444444444444
0.188142074584	0.340155945419	121	23	9	0	96	0.442396313364
0.188290337217	0.341130604288	122	23	9	0	96	0.440366972477
0.188505040676	0.342105263158	123	23	9	0	96	0.438356164384
0.190268881741	0.343079922027	124	23	9	0	96	0.436363636364
0.191753035154	0.344054580897	125	23	9	0	96	0.434389140271
0.191884773175	0.343079922027	126	23	9	0	96	0.432432432432
0.192560519713	0.343079922027	127	23	9	0	96	0.430493273543
0.194737932119	0.342105263158	128	23	9	0	96	0.428571428571
0.195775095457	0.343079922027	129	23	9	0	96	0.426666666667
0.19607888645	0.344054580897	130	23	9	0	96	0.424778761062
0.196505371283	0.345029239766	131	23	9	0	96	0.422907488987
0.199830674415	0.345029239766	132	23	9	0	96	0.421052631579
0.200088933538	0.345029239766	133	23	9	0	96	0.419213973799
0.200303517977	0.345029239766	134	23	9	0	96	0.417391304348
0.200557384155	0.344054580897	135	23	9	0	96	0.415584415584
0.202378076046	0.345029239766	136	23	9	0	96	0.413793103448
0.202385626488	0.346003898635	137	23	9	0	96	0.412017167382
0.202635128368	0.345029239766	138	23	9	0	96	0.410256410256
0.2034375815	0.346003898635	139	23	9	0	96	0.408510638298
0.203540303956	0.341130604288	139	24	21	0	101	0.420833333333
0.203797215716	0.340155945419	140	24	21	0	101	0.419087136929
0.204838183975	0.341130604288	141	24	21	0	101	0.417355371901
0.207270965357	0.342105263158	142	24	21	0	101	0.415637860082
0.207703754061	0.343079922027	143	24	21	0	101	0.41393442623
0.208358602105	0.344054580897	144	24	21	0	101	0.412244897959
0.208376457707	0.345029239766	145	24	21	0	101	0.410569105691
