# time 	 divergence 	 # of mutations 	 # IGC chances 	 IGC length 	 # IGC failures 	 Changes due to IGC  	 % change due to IGC 
0.0	0.017094017094	0	0	0	0	0	0.0
7.25071593542e-05	0.0192307692308	1	0	0	0	0	0.0
0.000735231511205	0.0213675213675	2	0	0	0	0	0.0
0.000813338500226	0.0235042735043	3	0	0	0	0	0.0
0.00223019103967	0.0235042735043	3	1	15	0	0	0.0
0.00318991404526	0.0213675213675	3	2	42	0	1	0.25
0.00544640440025	0.017094017094	3	3	63	0	3	0.5
0.00643526251945	0.0149572649573	3	4	45	0	4	0.571428571429
0.00946867394084	0.0149572649573	3	5	33	0	4	0.571428571429
0.00959040391893	0.017094017094	4	5	33	0	4	0.5
0.0099067173743	0.017094017094	4	6	15	0	4	0.5
0.00994258803221	0.0192307692308	5	6	15	0	4	0.444444444444
0.0154116831775	0.0192307692308	5	7	9	0	4	0.444444444444
0.0155461694399	0.0192307692308	5	8	51	0	4	0.444444444444
0.0159506748295	0.0213675213675	6	8	51	0	4	0.4
0.0202731112383	0.0213675213675	6	9	9	0	4	0.4
0.0210949389784	0.0213675213675	6	10	12	0	4	0.4
0.0235971516525	0.0235042735043	7	10	12	0	4	0.363636363636
0.0243072232258	0.0235042735043	7	11	72	0	4	0.363636363636
0.0244223771639	0.0235042735043	7	12	48	0	4	0.363636363636
0.0269367704033	0.025641025641	8	12	48	0	4	0.333333333333
0.0290363703791	0.0277777777778	9	12	48	0	4	0.307692307692
0.0290982989552	0.0277777777778	9	13	18	0	4	0.307692307692
0.0334064409523	0.0299145299145	10	13	18	0	4	0.285714285714
0.0346311622766	0.0320512820513	11	13	18	0	4	0.266666666667
0.0346971614153	0.034188034188	12	13	18	0	4	0.25
