# time 	 divergence 	 # of mutations 	 # IGC chances 	 IGC length 	 # IGC failures 	 Changes due to IGC  	 % change due to IGC 
0.0	0.0163599182004	0	0	0	0	0	0.0
0.00253683854062	0.0184049079755	1	0	0	0	0	0.0
0.0094605076139	0.0204498977505	2	0	0	0	0	0.0
0.0152813213434	0.0224948875256	3	0	0	0	0	0.0
0.0167657055631	0.0245398773006	4	0	0	0	0	0.0
0.0184740238793	0.0265848670757	5	0	0	0	0	0.0
0.0240114848284	0.0286298568507	6	0	0	0	0	0.0
0.0322051117703	0.0306748466258	7	0	0	0	0	0.0
0.0327904348687	0.0327198364008	8	0	0	0	0	0.0
0.0345955085004	0.0347648261759	9	0	0	0	0	0.0
0.0348791731578	0.0368098159509	10	0	0	0	0	0.0
0.0387702355262	0.038854805726	11	0	0	0	0	0.0
0.0413452345606	0.040899795501	12	0	0	0	0	0.0
0.0457829812916	0.0429447852761	13	0	0	0	0	0.0
0.0499177118043	0.0449897750511	14	0	0	0	0	0.0
0.0529331124056	0.0470347648262	15	0	0	0	0	0.0
0.0549497343451	0.0470347648262	16	0	0	0	0	0.0
0.0568087858789	0.0490797546012	17	0	0	0	0	0.0
0.0587183699869	0.0511247443763	18	0	0	0	0	0.0
0.0593702029065	0.0531697341513	19	0	0	0	0	0.0
0.0594347595492	0.0511247443763	20	0	0	0	0	0.0
0.0646957466863	0.0531697341513	21	0	0	0	0	0.0
0.0667585321969	0.0552147239264	22	0	0	0	0	0.0
0.0707597633848	0.0572597137014	23	0	0	0	0	0.0
0.0790191883716	0.0593047034765	24	0	0	0	0	0.0
0.0859982237282	0.0613496932515	25	0	0	0	0	0.0
0.0868023634627	0.0633946830266	26	0	0	0	0	0.0
0.087977623736	0.0654396728016	27	0	0	0	0	0.0
0.0918109394036	0.0633946830266	28	0	0	0	0	0.0
0.0927732699335	0.0654396728016	29	0	0	0	0	0.0
0.0934643027532	0.0633946830266	30	0	0	0	0	0.0
0.0991125290783	0.0654396728016	31	0	0	0	0	0.0
0.101931171688	0.0674846625767	32	0	0	0	0	0.0
0.109863694487	0.0490797546012	32	1	93	0	9	0.219512195122
0.114438931374	0.0511247443763	33	1	93	0	9	0.214285714286
0.123812956847	0.0531697341513	34	1	93	0	9	0.209302325581
0.124751752205	0.0552147239264	35	1	93	0	9	0.204545454545
0.126106427316	0.0572597137014	36	1	93	0	9	0.2
0.126984023739	0.0552147239264	37	1	93	0	9	0.195652173913
0.14080644085	0.0572597137014	38	1	93	0	9	0.191489361702
0.143124475056	0.0593047034765	39	1	93	0	9	0.1875
0.145155163525	0.0613496932515	40	1	93	0	9	0.183673469388
0.148953691134	0.0633946830266	41	1	93	0	9	0.18
0.149411325312	0.0654396728016	42	1	93	0	9	0.176470588235
0.157401758965	0.0674846625767	43	1	93	0	9	0.173076923077
0.16059126195	0.0695296523517	44	1	93	0	9	0.169811320755
0.166151394868	0.0674846625767	45	1	93	0	9	0.166666666667
0.179337225825	0.0633946830266	45	2	21	0	11	0.196428571429
0.179371583775	0.0654396728016	46	2	21	0	11	0.19298245614
0.182285500524	0.0674846625767	47	2	21	0	11	0.189655172414
0.184125955874	0.0695296523517	48	2	21	0	11	0.186440677966
0.184678902356	0.0715746421268	49	2	21	0	11	0.183333333333
0.185410234008	0.0736196319018	50	2	21	0	11	0.180327868852
0.186884099577	0.0756646216769	51	2	21	0	11	0.177419354839
0.194875193126	0.0777096114519	52	2	21	0	11	0.174603174603
0.202031987292	0.079754601227	53	2	21	0	11	0.171875
0.214101598099	0.081799591002	54	2	21	0	11	0.169230769231
0.215421621296	0.0838445807771	55	2	21	0	11	0.166666666667
