# time 	 divergence 	 # of mutations 	 # IGC chances 	 IGC length 	 # IGC failures 	 Changes due to IGC  	 % change due to IGC 
0.0	0.113978494624	0	0	0	0	0	0.0
8.92446962151e-05	0.115053763441	1	0	0	0	0	0.0
0.000214288226283	0.116129032258	2	0	0	0	0	0.0
0.000788733414782	0.116129032258	3	0	0	0	0	0.0
0.00185633562015	0.117204301075	4	0	0	0	0	0.0
0.00378326698316	0.118279569892	5	0	0	0	0	0.0
0.00380138978913	0.11935483871	6	0	0	0	0	0.0
0.00450235917386	0.120430107527	7	0	0	0	0	0.0
0.00531286153724	0.11935483871	8	0	0	0	0	0.0
0.00770670854341	0.120430107527	9	0	0	0	0	0.0
0.00825061902846	0.11935483871	10	0	0	0	0	0.0
0.00860419966456	0.120430107527	11	0	0	0	0	0.0
0.00868574843514	0.121505376344	12	0	0	0	0	0.0
0.00961843355008	0.122580645161	13	0	0	0	0	0.0
0.012588376897	0.122580645161	14	0	0	0	0	0.0
0.0136964269398	0.123655913978	15	0	0	0	0	0.0
0.0146252705456	0.124731182796	16	0	0	0	0	0.0
0.0147516291381	0.125806451613	17	0	0	0	0	0.0
0.0156541255226	0.125806451613	18	0	0	0	0	0.0
0.0159804781156	0.125806451613	19	0	0	0	0	0.0
0.0173642577903	0.12688172043	20	0	0	0	0	0.0
0.0199949112927	0.125806451613	21	0	0	0	0	0.0
0.0212279981659	0.12688172043	22	0	0	0	0	0.0
0.0246442889112	0.127956989247	23	0	0	0	0	0.0
0.0279267319559	0.129032258065	24	0	0	0	0	0.0
0.0280265794502	0.130107526882	25	0	0	0	0	0.0
0.0281936271666	0.131182795699	26	0	0	0	0	0.0
0.0282081491441	0.132258064516	27	0	0	0	0	0.0
0.0299474364289	0.133333333333	28	0	0	0	0	0.0
0.0308420901089	0.134408602151	29	0	0	0	0	0.0
0.0397611359618	0.135483870968	30	0	0	0	0	0.0
0.039966041613	0.136559139785	31	0	0	0	0	0.0
0.0401174788605	0.137634408602	32	0	0	0	0	0.0
0.0436394801335	0.138709677419	33	0	0	0	0	0.0
0.0453956406074	0.139784946237	34	0	0	0	0	0.0
0.0454181256355	0.140860215054	35	0	0	0	0	0.0
