# time 	 divergence 	 # of mutations 	 # IGC chances 	 IGC length 	 # IGC failures 	 Changes due to IGC  	 % change due to IGC 
0.0	0.165644171779	0	0	0	0	0	0.0
0.000759292087295	0.167689161554	1	0	0	0	0	0.0
0.0113652600578	0.169734151329	2	0	0	0	0	0.0
0.0122366575392	0.171779141104	3	0	0	0	0	0.0
0.0143477467209	0.173824130879	4	0	0	0	0	0.0
0.0144728739646	0.175869120654	5	0	0	0	0	0.0
0.0147581891771	0.171779141104	5	1	36	0	2	0.285714285714
0.0183215478815	0.173824130879	6	1	36	0	2	0.25
0.0185324336518	0.175869120654	7	1	36	0	2	0.222222222222
0.021664705959	0.177914110429	8	1	36	0	2	0.2
0.0228687803446	0.179959100204	9	1	36	0	2	0.181818181818
0.024202533826	0.18200408998	10	1	36	0	2	0.166666666667
0.0247266385571	0.184049079755	11	1	36	0	2	0.153846153846
0.0324345920956	0.18609406953	12	1	36	0	2	0.142857142857
0.034048178145	0.188139059305	13	1	36	0	2	0.133333333333
0.0388059964947	0.19018404908	14	1	36	0	2	0.125
0.0418672413927	0.192229038855	15	1	36	0	2	0.117647058824
0.0432873039852	0.19427402863	16	1	36	0	2	0.111111111111
0.0444736976352	0.196319018405	17	1	36	0	2	0.105263157895
0.0532669042336	0.19836400818	18	1	36	0	2	0.1
0.0532928929002	0.196319018405	19	1	36	0	2	0.0952380952381
0.0550947976027	0.19836400818	20	1	36	0	2	0.0909090909091
0.0558844015878	0.200408997955	21	1	36	0	2	0.0869565217391
0.0586407896824	0.20245398773	22	1	36	0	2	0.0833333333333
0.0662644417422	0.204498977505	23	1	36	0	2	0.08
0.0681385451328	0.20654396728	24	1	36	0	2	0.0769230769231
0.06881151095	0.208588957055	25	1	36	0	2	0.0740740740741
0.0717309422494	0.21063394683	26	1	36	0	2	0.0714285714286
0.0732209467699	0.212678936605	27	1	36	0	2	0.0689655172414
0.073412150219	0.21472392638	28	1	36	0	2	0.0666666666667
0.0743303383566	0.212678936605	29	1	36	0	2	0.0645161290323
0.0767095673733	0.21063394683	30	1	36	0	2	0.0625
0.077758329113	0.212678936605	31	1	36	0	2	0.0606060606061
0.0781626365909	0.21472392638	32	1	36	0	2	0.0588235294118
0.0793420571582	0.216768916155	33	1	36	0	2	0.0571428571429
0.0848295603155	0.21881390593	34	1	36	0	2	0.0555555555556
0.0898863604565	0.220858895706	35	1	36	0	2	0.0540540540541
0.090090455506	0.220858895706	36	1	36	0	2	0.0526315789474
0.0920899047575	0.222903885481	37	1	36	0	2	0.0512820512821
0.101801926035	0.224948875256	38	1	36	0	2	0.05
0.103523653557	0.226993865031	39	1	36	0	2	0.0487804878049
0.103805140292	0.224948875256	40	1	36	0	2	0.047619047619
0.105521335644	0.226993865031	41	1	36	0	2	0.046511627907
0.105901429974	0.224948875256	42	1	36	0	2	0.0454545454545
0.109651873587	0.226993865031	43	1	36	0	2	0.0444444444444
0.110920605119	0.226993865031	44	1	36	0	2	0.0434782608696
0.111083756364	0.229038854806	45	1	36	0	2	0.0425531914894
0.11114227787	0.231083844581	46	1	36	0	2	0.0416666666667
0.113145128752	0.233128834356	47	1	36	0	2	0.0408163265306
0.117203943367	0.235173824131	48	1	36	0	2	0.04
0.128213814454	0.237218813906	49	1	36	0	2	0.0392156862745
0.12855485032	0.239263803681	50	1	36	0	2	0.0384615384615
0.131945455005	0.241308793456	51	1	36	0	2	0.0377358490566
0.13384345874	0.243353783231	52	1	36	0	2	0.037037037037
0.134472999904	0.245398773006	53	1	36	0	2	0.0363636363636
0.134965719166	0.243353783231	54	1	36	0	2	0.0357142857143
0.140659926045	0.245398773006	55	1	36	0	2	0.0350877192982
0.143067335806	0.247443762781	56	1	36	0	2	0.0344827586207
0.143857922781	0.249488752556	57	1	36	0	2	0.0338983050847
0.14439770338	0.251533742331	58	1	36	0	2	0.0333333333333
0.148788314727	0.253578732106	59	1	36	0	2	0.0327868852459
0.150155693527	0.255623721881	60	1	36	0	2	0.0322580645161
0.154217272757	0.257668711656	61	1	36	0	2	0.031746031746
0.160330940304	0.259713701431	62	1	36	0	2	0.03125
0.161497472092	0.259713701431	63	1	36	0	2	0.0307692307692
0.161893545517	0.261758691207	64	1	36	0	2	0.030303030303
0.162312007233	0.263803680982	65	1	36	0	2	0.0298507462687
0.165859890591	0.265848670757	66	1	36	0	2	0.0294117647059
0.169538103539	0.267893660532	67	1	36	0	2	0.0289855072464
0.170528962287	0.269938650307	68	1	36	0	2	0.0285714285714
