# time 	 divergence 	 # of mutations 	 # IGC chances 	 IGC length 	 # IGC failures 	 Changes due to IGC  	 % change due to IGC 
0.0	0.0	0	0	0	0	0	0.0
0.00334426967227	0.00213675213675	1	0	0	0	0	0.0
0.00563759284067	0.0042735042735	2	0	0	0	0	0.0
0.00701290694812	0.00641025641026	3	0	0	0	0	0.0
0.00736165178688	0.00854700854701	4	0	0	0	0	0.0
0.0135062268216	0.0106837606838	5	0	0	0	0	0.0
0.0163679747717	0.0128205128205	6	0	0	0	0	0.0
0.0182335960409	0.0149572649573	7	0	0	0	0	0.0
0.0185479182077	0.017094017094	8	0	0	0	0	0.0
0.0212152798964	0.0192307692308	9	0	0	0	0	0.0
0.0265891849399	0.0213675213675	10	0	0	0	0	0.0
0.0287378407201	0.0235042735043	11	0	0	0	0	0.0
0.0291940534186	0.025641025641	12	0	0	0	0	0.0
0.0364731450187	0.0277777777778	13	0	0	0	0	0.0
0.037055782511	0.0299145299145	14	0	0	0	0	0.0
0.0379359597935	0.0320512820513	15	0	0	0	0	0.0
0.0426907747649	0.034188034188	16	0	0	0	0	0.0
0.0516073552737	0.0363247863248	17	0	0	0	0	0.0
0.0528870962179	0.0384615384615	18	0	0	0	0	0.0
0.0570785215863	0.0363247863248	19	0	0	0	0	0.0
0.0572493702208	0.0384615384615	20	0	0	0	0	0.0
0.0590052396717	0.0405982905983	21	0	0	0	0	0.0
0.0597155351215	0.042735042735	22	0	0	0	0	0.0
0.0676610466731	0.0448717948718	23	0	0	0	0	0.0
0.0685702258277	0.0470085470085	24	0	0	0	0	0.0
0.0697307032482	0.0491452991453	25	0	0	0	0	0.0
0.0751246443685	0.0512820512821	26	0	0	0	0	0.0
0.0767475758793	0.0534188034188	27	0	0	0	0	0.0
0.0803762701044	0.0555555555556	28	0	0	0	0	0.0
0.0808691525091	0.0576923076923	29	0	0	0	0	0.0
0.0833785604261	0.0576923076923	30	0	0	0	0	0.0
0.0842616324228	0.0598290598291	31	0	0	0	0	0.0
0.0903245178532	0.0619658119658	32	0	0	0	0	0.0
0.0938000950118	0.0641025641026	33	0	0	0	0	0.0
0.0938596134352	0.0662393162393	34	0	0	0	0	0.0
0.0940585019789	0.0683760683761	35	0	0	0	0	0.0
0.104755005337	0.0705128205128	36	0	0	0	0	0.0
0.114957688039	0.0705128205128	37	0	0	0	0	0.0
0.119222319116	0.0726495726496	38	0	0	0	0	0.0
0.124600928683	0.0747863247863	39	0	0	0	0	0.0
0.125318514178	0.0769230769231	40	0	0	0	0	0.0
0.127306949309	0.0790598290598	41	0	0	0	0	0.0
0.127604331567	0.0790598290598	41	1	9	0	0	0.0
0.12787578781	0.0811965811966	42	1	9	0	0	0.0
0.141536836584	0.0833333333333	43	1	9	0	0	0.0
0.148050149446	0.0854700854701	44	1	9	0	0	0.0
0.148628825908	0.0876068376068	45	1	9	0	0	0.0
0.150368429827	0.0897435897436	46	1	9	0	0	0.0
0.151095541614	0.0918803418803	47	1	9	0	0	0.0
0.153154534744	0.0940170940171	48	1	9	0	0	0.0
0.1620889376	0.0320512820513	48	2	333	0	29	0.376623376623
0.177572849256	0.034188034188	49	2	333	0	29	0.371794871795
0.178551211513	0.0363247863248	50	2	333	0	29	0.367088607595
0.183426463972	0.0384615384615	51	2	333	0	29	0.3625
0.194610382079	0.0405982905983	52	2	333	0	29	0.358024691358
0.196198948703	0.042735042735	53	2	333	0	29	0.353658536585
0.19874219153	0.0448717948718	54	2	333	0	29	0.349397590361
0.199032935644	0.0470085470085	55	2	333	0	29	0.345238095238
0.202581339416	0.0491452991453	56	2	333	0	29	0.341176470588
0.203513026692	0.0512820512821	57	2	333	0	29	0.337209302326
0.205059083697	0.0534188034188	58	2	333	0	29	0.333333333333
0.205281462768	0.0555555555556	59	2	333	0	29	0.329545454545
0.20903051065	0.0576923076923	60	2	333	0	29	0.325842696629
0.211656415584	0.0598290598291	61	2	333	0	29	0.322222222222
0.231390543964	0.0619658119658	62	2	333	0	29	0.318681318681
0.234278286252	0.0641025641026	63	2	333	0	29	0.315217391304
0.235154538724	0.0662393162393	64	2	333	0	29	0.311827956989
0.235318413628	0.0683760683761	65	2	333	0	29	0.308510638298
0.242743192712	0.0705128205128	66	2	333	0	29	0.305263157895
0.248781138351	0.0491452991453	66	3	189	0	39	0.371428571429
0.267096722685	0.0512820512821	67	3	189	0	39	0.367924528302
0.269214365633	0.0534188034188	68	3	189	0	39	0.364485981308
0.270677469594	0.0534188034188	69	3	189	0	39	0.361111111111
0.272056494574	0.0555555555556	70	3	189	0	39	0.357798165138
0.27921645517	0.0576923076923	71	3	189	0	39	0.354545454545
0.289911564647	0.0598290598291	72	3	189	0	39	0.351351351351
0.290306867845	0.0619658119658	73	3	189	0	39	0.348214285714
0.295088712944	0.0641025641026	74	3	189	0	39	0.345132743363
0.299970370295	0.0619658119658	75	3	189	0	39	0.342105263158
0.303606565585	0.0641025641026	76	3	189	0	39	0.339130434783
0.30396392828	0.0662393162393	77	3	189	0	39	0.336206896552
0.310621067802	0.0683760683761	78	3	189	0	39	0.333333333333
0.315626927822	0.0705128205128	79	3	189	0	39	0.330508474576
0.319403766332	0.0	79	4	468	0	72	0.476821192053
0.322406002699	0.00213675213675	80	4	468	0	72	0.473684210526
0.326813062184	0.0042735042735	81	4	468	0	72	0.470588235294
0.331898546336	0.00641025641026	82	4	468	0	72	0.467532467532
0.334433655783	0.00854700854701	83	4	468	0	72	0.464516129032
0.335748557282	0.0106837606838	84	4	468	0	72	0.461538461538
0.337233524474	0.0128205128205	85	4	468	0	72	0.458598726115
0.337446858718	0.0149572649573	86	4	468	0	72	0.455696202532
