# time 	 divergence 	 # of mutations 	 # IGC chances 	 IGC length 	 # IGC failures 	 Changes due to IGC  	 % change due to IGC 
0.0	0.0184049079755	0	0	0	0	0	0.0
0.00145674896091	0.0184049079755	0	1	6	0	0	0.0
0.00214860054629	0.0184049079755	0	2	15	0	0	0.0
0.00245453014464	0.0204498977505	1	2	15	0	0	0.0
0.00247118069224	0.0224948875256	2	2	15	0	0	0.0
0.00382633657489	0.0224948875256	2	3	6	0	0	0.0
0.00426353020434	0.0245398773006	3	3	6	0	0	0.0
0.00548199851406	0.0245398773006	3	4	12	0	0	0.0
0.00617013536652	0.0245398773006	3	5	3	0	0	0.0
0.0066058116661	0.0245398773006	3	6	12	0	0	0.0
0.00667597952151	0.0245398773006	3	7	3	0	0	0.0
0.0081545128656	0.0265848670757	4	7	3	0	0	0.0
0.00905226407895	0.0286298568507	5	7	3	0	0	0.0
0.0097219836562	0.0286298568507	5	8	24	0	0	0.0
0.00978462209661	0.0286298568507	5	9	3	0	0	0.0
0.0101694819169	0.0286298568507	5	10	18	0	0	0.0
0.0107438669812	0.0306748466258	6	10	18	0	0	0.0
0.0110994068922	0.0286298568507	6	11	9	0	1	0.142857142857
0.0113779612923	0.0286298568507	6	12	9	0	1	0.142857142857
0.0115768413631	0.0286298568507	6	13	12	0	1	0.142857142857
0.0115784431926	0.0265848670757	6	14	21	0	2	0.25
0.013324224856	0.0265848670757	6	15	18	0	2	0.25
0.0148040488779	0.0286298568507	7	15	18	0	2	0.222222222222
0.0149558941804	0.0265848670757	7	16	6	0	3	0.3
0.0152119533601	0.0286298568507	8	16	6	0	3	0.272727272727
0.0153989487848	0.0306748466258	9	16	6	0	3	0.25
0.0154170787967	0.0327198364008	10	16	6	0	3	0.230769230769
0.0159643741802	0.0327198364008	10	17	3	0	3	0.230769230769
0.0179451612545	0.0327198364008	10	18	12	0	3	0.230769230769
0.0180971566958	0.0306748466258	10	19	24	0	4	0.285714285714
0.0195534377485	0.0327198364008	11	19	24	0	4	0.266666666667
0.0195642357005	0.0327198364008	11	20	6	0	4	0.266666666667
0.0197218000249	0.0327198364008	11	21	6	0	4	0.266666666667
0.0228308744015	0.0327198364008	11	22	12	0	4	0.266666666667
0.0229440540225	0.0286298568507	11	23	27	0	6	0.352941176471
0.0241739023919	0.0286298568507	11	24	9	0	6	0.352941176471
0.0243871620028	0.0306748466258	12	24	9	0	6	0.333333333333
