# time 	 divergence 	 # of mutations 	 # IGC chances 	 IGC length 	 # IGC failures 	 Changes due to IGC  	 % change due to IGC 
0.0	0.518279569892	0	0	0	0	0	0.0
0.00400507535691	0.517204301075	1	0	0	0	0	0.0
0.00867453035317	0.517204301075	2	0	0	0	0	0.0
0.0118817710057	0.516129032258	3	0	0	0	0	0.0
0.012855373318	0.516129032258	4	0	0	0	0	0.0
0.0134785157523	0.517204301075	5	0	0	0	0	0.0
0.0156695648881	0.518279569892	6	0	0	0	0	0.0
0.0164841433065	0.518279569892	7	0	0	0	0	0.0
0.0169888363783	0.51935483871	8	0	0	0	0	0.0
0.0180207466849	0.51935483871	9	0	0	0	0	0.0
0.0201419511248	0.51935483871	10	0	0	0	0	0.0
0.021949530685	0.518279569892	11	0	0	0	0	0.0
0.0260067705638	0.517204301075	12	0	0	0	0	0.0
0.0266238758662	0.517204301075	13	0	0	0	0	0.0
0.0275247864969	0.518279569892	14	0	0	0	0	0.0
0.0277778696717	0.517204301075	15	0	0	0	0	0.0
0.0279707624351	0.518279569892	16	0	0	0	0	0.0
0.0283269338027	0.51935483871	17	0	0	0	0	0.0
0.0293451968289	0.520430107527	18	0	0	0	0	0.0
0.0311134843035	0.51935483871	19	0	0	0	0	0.0
0.0319603156461	0.51935483871	20	0	0	0	0	0.0
0.0324390316818	0.51935483871	21	0	0	0	0	0.0
0.0328742688675	0.51935483871	22	0	0	0	0	0.0
0.0343643828969	0.520430107527	23	0	0	0	0	0.0
0.0376348378868	0.520430107527	24	0	0	0	0	0.0
0.0452666822369	0.521505376344	25	0	0	0	0	0.0
0.046028874419	0.521505376344	26	0	0	0	0	0.0
0.0479109825442	0.522580645161	27	0	0	0	0	0.0
0.0493344085792	0.522580645161	28	0	0	0	0	0.0
0.0521152615274	0.521505376344	29	0	0	0	0	0.0
0.0528832066948	0.522580645161	30	0	0	0	0	0.0
0.0543024836242	0.521505376344	31	0	0	0	0	0.0
0.0595987405536	0.521505376344	32	0	0	0	0	0.0
0.0613177646781	0.521505376344	33	0	0	0	0	0.0
0.0630837220821	0.520430107527	34	0	0	0	0	0.0
0.0633866922112	0.521505376344	35	0	0	0	0	0.0
0.0641574627558	0.520430107527	36	0	0	0	0	0.0
0.0644427336311	0.521505376344	37	0	0	0	0	0.0
0.0648175695606	0.522580645161	38	0	0	0	0	0.0
0.0683174650966	0.521505376344	39	0	0	0	0	0.0
0.0695003612642	0.522580645161	40	0	0	0	0	0.0
0.0709226989764	0.522580645161	41	0	0	0	0	0.0
0.0733901632834	0.522580645161	42	0	0	0	0	0.0
0.0751053887664	0.521505376344	43	0	0	0	0	0.0
0.0758298479288	0.522580645161	44	0	0	0	0	0.0
0.0758812819668	0.522580645161	45	0	0	0	0	0.0
0.080403638049	0.522580645161	46	0	0	0	0	0.0
0.0817959157573	0.523655913978	47	0	0	0	0	0.0
0.082964659275	0.522580645161	48	0	0	0	0	0.0
0.0832709349594	0.523655913978	49	0	0	0	0	0.0
0.083483691437	0.524731182796	50	0	0	0	0	0.0
0.085603136511	0.525806451613	51	0	0	0	0	0.0
0.0897622744718	0.525806451613	52	0	0	0	0	0.0
0.0899303978865	0.524731182796	53	0	0	0	0	0.0
0.0917785131304	0.524731182796	54	0	0	0	0	0.0
0.0949059980928	0.523655913978	55	0	0	0	0	0.0
0.0972934267872	0.524731182796	56	0	0	0	0	0.0
0.098427671164	0.525806451613	57	0	0	0	0	0.0
0.0985367434389	0.52688172043	58	0	0	0	0	0.0
0.0998173576028	0.527956989247	59	0	0	0	0	0.0
0.100263763639	0.529032258065	60	0	0	0	0	0.0
0.102828581934	0.530107526882	61	0	0	0	0	0.0
0.10450464648	0.530107526882	62	0	0	0	0	0.0
0.1068374614	0.531182795699	63	0	0	0	0	0.0
0.110156658147	0.532258064516	64	0	0	0	0	0.0
0.110373578967	0.533333333333	65	0	0	0	0	0.0
0.111384669882	0.534408602151	66	0	0	0	0	0.0
0.11175102636	0.533333333333	67	0	0	0	0	0.0
0.111793168143	0.532258064516	68	0	0	0	0	0.0
0.112435639826	0.531182795699	69	0	0	0	0	0.0
0.112962464208	0.531182795699	70	0	0	0	0	0.0
0.113939577047	0.531182795699	71	0	0	0	0	0.0
0.116675163708	0.532258064516	72	0	0	0	0	0.0
0.120933753047	0.531182795699	73	0	0	0	0	0.0
0.121774374661	0.531182795699	74	0	0	0	0	0.0
0.122852539557	0.531182795699	75	0	0	0	0	0.0
0.123680125368	0.532258064516	76	0	0	0	0	0.0
0.123993408052	0.533333333333	77	0	0	0	0	0.0
0.12498105883	0.533333333333	78	0	0	0	0	0.0
0.125180530136	0.534408602151	79	0	0	0	0	0.0
0.12683497207	0.533333333333	80	0	0	0	0	0.0
0.128221694264	0.533333333333	81	0	0	0	0	0.0
0.128389362449	0.533333333333	82	0	0	0	0	0.0
0.128565733154	0.532258064516	83	0	0	0	0	0.0
0.130344664133	0.533333333333	84	0	0	0	0	0.0
0.131534730816	0.532258064516	85	0	0	0	0	0.0
0.131786197958	0.533333333333	86	0	0	0	0	0.0
0.134880074617	0.533333333333	87	0	0	0	0	0.0
0.13675262625	0.533333333333	88	0	0	0	0	0.0
0.139030599663	0.532258064516	89	0	0	0	0	0.0
0.142350125996	0.532258064516	90	0	0	0	0	0.0
0.144321929655	0.533333333333	91	0	0	0	0	0.0
0.1451147109	0.532258064516	92	0	0	0	0	0.0
0.1471839971	0.533333333333	93	0	0	0	0	0.0
0.148283227205	0.532258064516	94	0	0	0	0	0.0
0.148690865419	0.532258064516	95	0	0	0	0	0.0
0.149132046978	0.531182795699	96	0	0	0	0	0.0
0.151103819289	0.532258064516	97	0	0	0	0	0.0
0.160049253475	0.532258064516	98	0	0	0	0	0.0
0.16451689619	0.532258064516	99	0	0	0	0	0.0
0.164771305226	0.531182795699	100	0	0	0	0	0.0
0.16512754957	0.531182795699	101	0	0	0	0	0.0
0.166279711171	0.532258064516	102	0	0	0	0	0.0
0.167008596054	0.533333333333	103	0	0	0	0	0.0
0.16768099489	0.532258064516	104	0	0	0	0	0.0
0.170765914773	0.531182795699	105	0	0	0	0	0.0
0.171997954916	0.531182795699	106	0	0	0	0	0.0
0.173471854629	0.532258064516	107	0	0	0	0	0.0
0.177270059283	0.531182795699	108	0	0	0	0	0.0
0.177363675306	0.530107526882	109	0	0	0	0	0.0
0.178436456847	0.531182795699	110	0	0	0	0	0.0
0.179961841591	0.531182795699	111	0	0	0	0	0.0
0.183612592534	0.531182795699	112	0	0	0	0	0.0
0.186446363057	0.531182795699	113	0	0	0	0	0.0
0.187070773811	0.531182795699	114	0	0	0	0	0.0
0.188921456715	0.530107526882	115	0	0	0	0	0.0
