# time 	 divergence 	 # of mutations 	 # IGC chances 	 IGC length 	 # IGC failures 	 Changes due to IGC  	 % change due to IGC 
0.0	0.0961538461538	0	0	0	0	0	0.0
0.00193380297361	0.0961538461538	0	1	3	0	0	0.0
0.00287923039371	0.0961538461538	0	2	3	0	0	0.0
0.00508875783049	0.0961538461538	0	3	3	0	0	0.0
0.00599846257737	0.0982905982906	1	3	3	0	0	0.0
0.007657802552	0.0982905982906	1	4	3	0	0	0.0
0.00795422382183	0.0982905982906	1	5	3	0	0	0.0
0.00954311853256	0.100427350427	2	5	3	0	0	0.0
0.0118654971963	0.100427350427	2	6	3	0	0	0.0
0.0128842005563	0.0982905982906	3	6	3	0	0	0.0
0.0140365805604	0.0982905982906	3	7	3	0	0	0.0
0.0154439624856	0.100427350427	4	7	3	0	0	0.0
0.018473164052	0.102564102564	5	7	3	0	0	0.0
0.0199036312903	0.102564102564	5	8	3	0	0	0.0
0.0203562224582	0.104700854701	6	8	3	0	0	0.0
0.0205862584761	0.102564102564	6	9	3	0	1	0.142857142857
0.0210044636482	0.104700854701	7	9	3	0	1	0.125
0.0248138198138	0.102564102564	7	10	3	0	2	0.222222222222
0.0252738412209	0.104700854701	8	10	3	0	2	0.2
0.0260038040966	0.106837606838	9	10	3	0	2	0.181818181818
0.0318260825831	0.104700854701	10	10	3	0	2	0.166666666667
0.0320315163363	0.104700854701	10	11	3	0	2	0.166666666667
0.0330399041511	0.106837606838	11	11	3	0	2	0.153846153846
0.0331968415377	0.108974358974	12	11	3	0	2	0.142857142857
0.0335976992706	0.108974358974	12	12	3	0	2	0.142857142857
0.0353177387707	0.108974358974	12	13	3	0	2	0.142857142857
0.0393142103216	0.111111111111	13	13	3	0	2	0.133333333333
0.0394972971725	0.111111111111	14	13	3	0	2	0.125
0.0397987768446	0.106837606838	14	14	3	0	4	0.222222222222
0.0406945641459	0.108974358974	15	14	3	0	4	0.210526315789
0.045118566667	0.108974358974	15	15	3	0	4	0.210526315789
0.0452165345273	0.106837606838	15	16	3	0	5	0.25
0.0454502864511	0.108974358974	16	16	3	0	5	0.238095238095
0.0464563369624	0.111111111111	17	16	3	0	5	0.227272727273
0.0525694099342	0.113247863248	18	16	3	0	5	0.217391304348
0.0531885056987	0.115384615385	19	16	3	0	5	0.208333333333
0.0545022133938	0.117521367521	20	16	3	0	5	0.2
0.0555028424074	0.117521367521	20	17	3	0	5	0.2
0.0587768592913	0.119658119658	21	17	3	0	5	0.192307692308
0.060984545599	0.117521367521	21	18	3	0	6	0.222222222222
0.0609864261926	0.119658119658	22	18	3	0	6	0.214285714286
0.0632974298888	0.119658119658	22	19	3	0	6	0.214285714286
0.0638975918983	0.121794871795	23	19	3	0	6	0.206896551724
0.0646312878894	0.123931623932	24	19	3	0	6	0.2
0.0669473191437	0.126068376068	25	19	3	0	6	0.193548387097
0.0680883841281	0.128205128205	26	19	3	0	6	0.1875
0.0791936764224	0.130341880342	27	19	3	0	6	0.181818181818
0.0794805936196	0.130341880342	27	20	3	0	6	0.181818181818
0.0803283209956	0.132478632479	28	20	3	0	6	0.176470588235
0.0803397616078	0.130341880342	28	21	3	0	7	0.2
0.080544797933	0.130341880342	28	22	3	0	7	0.2
0.0836329614871	0.132478632479	29	22	3	0	7	0.194444444444
0.0851586320527	0.132478632479	29	23	3	0	7	0.194444444444
0.0881723450619	0.134615384615	30	23	3	0	7	0.189189189189
0.0884361470683	0.132478632479	30	24	3	0	8	0.210526315789
