# time 	 divergence 	 # of mutations 	 # IGC chances 	 IGC length 	 # IGC failures 	 Changes due to IGC  	 % change due to IGC 
0.0	0.635477582846	0	0	0	0	0	0.0
0.000310364421196	0.635477582846	1	0	0	0	0	0.0
0.000376057885127	0.635477582846	2	0	0	0	0	0.0
0.00221353544738	0.636452241715	3	0	0	0	0	0.0
0.00297347386309	0.637426900585	4	0	0	0	0	0.0
0.00333391264183	0.637426900585	5	0	0	0	0	0.0
0.00423678709826	0.637426900585	6	0	0	0	0	0.0
0.0042817783333	0.637426900585	7	0	0	0	0	0.0
0.00535014628657	0.638401559454	8	0	0	0	0	0.0
0.00769323101217	0.638401559454	9	0	0	0	0	0.0
0.00823466295383	0.639376218324	10	0	0	0	0	0.0
0.00941410076181	0.639376218324	11	0	0	0	0	0.0
0.0121833002361	0.639376218324	12	0	0	0	0	0.0
0.0127548826745	0.639376218324	13	0	0	0	0	0.0
0.0149621131244	0.638401559454	14	0	0	0	0	0.0
0.0156710746014	0.639376218324	15	0	0	0	0	0.0
0.0272983234181	0.639376218324	16	0	0	0	0	0.0
0.0289874429725	0.640350877193	17	0	0	0	0	0.0
0.032845292348	0.641325536062	18	0	0	0	0	0.0
0.0330690099037	0.640350877193	19	0	0	0	0	0.0
0.0382261182033	0.641325536062	20	0	0	0	0	0.0
0.0417224812652	0.641325536062	21	0	0	0	0	0.0
0.0429041364588	0.641325536062	22	0	0	0	0	0.0
0.0475821411911	0.640350877193	23	0	0	0	0	0.0
0.0505834378129	0.641325536062	24	0	0	0	0	0.0
0.0513052000402	0.641325536062	25	0	0	0	0	0.0
0.0517009191982	0.642300194932	26	0	0	0	0	0.0
0.0532650166949	0.642300194932	27	0	0	0	0	0.0
0.0538402824502	0.641325536062	28	0	0	0	0	0.0
0.0555323640355	0.641325536062	29	0	0	0	0	0.0
0.0565804031754	0.641325536062	30	0	0	0	0	0.0
0.0591452789458	0.642300194932	31	0	0	0	0	0.0
0.059244473798	0.643274853801	32	0	0	0	0	0.0
0.0596192632012	0.642300194932	33	0	0	0	0	0.0
0.062251917656	0.641325536062	34	0	0	0	0	0.0
0.0630237361813	0.641325536062	35	0	0	0	0	0.0
0.0631547775183	0.641325536062	36	0	0	0	0	0.0
0.0635037293348	0.641325536062	37	0	0	0	0	0.0
0.0659923942169	0.641325536062	38	0	0	0	0	0.0
0.0682337295656	0.642300194932	39	0	0	0	0	0.0
0.0685440106538	0.642300194932	40	0	0	0	0	0.0
0.0689680813842	0.642300194932	41	0	0	0	0	0.0
0.0699261296172	0.643274853801	42	0	0	0	0	0.0
0.0714245207122	0.642300194932	43	0	0	0	0	0.0
0.0714814725626	0.641325536062	44	0	0	0	0	0.0
0.071940387394	0.641325536062	45	0	0	0	0	0.0
0.0739873841472	0.642300194932	46	0	0	0	0	0.0
0.0781830325456	0.643274853801	47	0	0	0	0	0.0
0.0782845251061	0.643274853801	48	0	0	0	0	0.0
0.0815860978107	0.643274853801	49	0	0	0	0	0.0
0.0846162077775	0.644249512671	50	0	0	0	0	0.0
0.0884950884644	0.644249512671	51	0	0	0	0	0.0
0.0903897676535	0.643274853801	52	0	0	0	0	0.0
0.093085756869	0.643274853801	53	0	0	0	0	0.0
0.093359007064	0.643274853801	54	0	0	0	0	0.0
0.094033985218	0.642300194932	55	0	0	0	0	0.0
0.094528196778	0.642300194932	56	0	0	0	0	0.0
0.0957824345471	0.643274853801	57	0	0	0	0	0.0
0.0964701292571	0.644249512671	58	0	0	0	0	0.0
0.1000542637	0.64522417154	59	0	0	0	0	0.0
0.100129812866	0.64522417154	60	0	0	0	0	0.0
0.101543175386	0.646198830409	61	0	0	0	0	0.0
0.101837691358	0.64522417154	62	0	0	0	0	0.0
0.102796773993	0.644249512671	63	0	0	0	0	0.0
0.103594442897	0.644249512671	64	0	0	0	0	0.0
0.111364427224	0.644249512671	65	0	0	0	0	0.0
0.11615370533	0.644249512671	66	0	0	0	0	0.0
0.119224401041	0.64522417154	67	0	0	0	0	0.0
0.119956151907	0.646198830409	68	0	0	0	0	0.0
0.126409563406	0.647173489279	69	0	0	0	0	0.0
0.127828399346	0.648148148148	70	0	0	0	0	0.0
0.128565699428	0.648148148148	71	0	0	0	0	0.0
0.135821317656	0.649122807018	72	0	0	0	0	0.0
0.137845156491	0.648148148148	73	0	0	0	0	0.0
0.139187729291	0.648148148148	74	0	0	0	0	0.0
0.139819660259	0.649122807018	75	0	0	0	0	0.0
0.144062612483	0.650097465887	76	0	0	0	0	0.0
0.151290902353	0.650097465887	77	0	0	0	0	0.0
0.151648803462	0.651072124756	78	0	0	0	0	0.0
0.153021382981	0.652046783626	79	0	0	0	0	0.0
0.1530630279	0.651072124756	80	0	0	0	0	0.0
0.155279657417	0.651072124756	81	0	0	0	0	0.0
0.15559490333	0.651072124756	82	0	0	0	0	0.0
0.15625636801	0.652046783626	83	0	0	0	0	0.0
0.156712175503	0.651072124756	84	0	0	0	0	0.0
0.157244663288	0.652046783626	85	0	0	0	0	0.0
0.157455614887	0.653021442495	86	0	0	0	0	0.0
0.158434199359	0.653996101365	87	0	0	0	0	0.0
0.158692903001	0.653021442495	88	0	0	0	0	0.0
0.159396857947	0.652046783626	89	0	0	0	0	0.0
0.159535058576	0.653021442495	90	0	0	0	0	0.0
0.159786893627	0.653996101365	91	0	0	0	0	0.0
0.159821395317	0.654970760234	92	0	0	0	0	0.0
0.16081429569	0.653996101365	93	0	0	0	0	0.0
0.161012830423	0.654970760234	94	0	0	0	0	0.0
0.163657169322	0.654970760234	95	0	0	0	0	0.0
0.164834566691	0.655945419103	96	0	0	0	0	0.0
0.166434680352	0.655945419103	97	0	0	0	0	0.0
0.172443851928	0.654970760234	98	0	0	0	0	0.0
0.175816472373	0.654970760234	99	0	0	0	0	0.0
0.176505108584	0.654970760234	100	0	0	0	0	0.0
0.17689987945	0.655945419103	101	0	0	0	0	0.0
0.179260994152	0.655945419103	102	0	0	0	0	0.0
0.17947050661	0.655945419103	103	0	0	0	0	0.0
0.180498334375	0.656920077973	104	0	0	0	0	0.0
0.181563725342	0.657894736842	105	0	0	0	0	0.0
0.182202887878	0.656920077973	106	0	0	0	0	0.0
0.192085527341	0.657894736842	107	0	0	0	0	0.0
0.193755729264	0.657894736842	108	0	0	0	0	0.0
0.194062690045	0.656920077973	109	0	0	0	0	0.0
0.195091321372	0.656920077973	110	0	0	0	0	0.0
0.195872288532	0.656920077973	111	0	0	0	0	0.0
0.198517670871	0.656920077973	112	0	0	0	0	0.0
0.199020322557	0.657894736842	113	0	0	0	0	0.0
0.199688881806	0.658869395712	114	0	0	0	0	0.0
0.200215691281	0.658869395712	115	0	0	0	0	0.0
0.2002416512	0.658869395712	116	0	0	0	0	0.0
0.204496983923	0.658869395712	117	0	0	0	0	0.0
0.204507504596	0.657894736842	118	0	0	0	0	0.0
0.208348231773	0.657894736842	119	0	0	0	0	0.0
0.209950853524	0.657894736842	120	0	0	0	0	0.0
0.213576605346	0.657894736842	121	0	0	0	0	0.0
0.213693284091	0.657894736842	122	0	0	0	0	0.0
0.213824864033	0.658869395712	123	0	0	0	0	0.0
0.214316897449	0.658869395712	124	0	0	0	0	0.0
0.21490234085	0.658869395712	125	0	0	0	0	0.0
0.214966406546	0.657894736842	126	0	0	0	0	0.0
0.215133356776	0.657894736842	127	0	0	0	0	0.0
0.216249179709	0.657894736842	128	0	0	0	0	0.0
0.21630500308	0.658869395712	129	0	0	0	0	0.0
0.21712171623	0.659844054581	130	0	0	0	0	0.0
0.217496168892	0.66081871345	131	0	0	0	0	0.0
0.221522077873	0.66081871345	132	0	0	0	0	0.0
0.222367421573	0.659844054581	133	0	0	0	0	0.0
0.222559720045	0.658869395712	134	0	0	0	0	0.0
0.225263823543	0.659844054581	135	0	0	0	0	0.0
0.22535953936	0.66081871345	136	0	0	0	0	0.0
0.226443775433	0.66081871345	137	0	0	0	0	0.0
0.227174029568	0.659844054581	138	0	0	0	0	0.0
0.227757616219	0.658869395712	139	0	0	0	0	0.0
0.231213892858	0.657894736842	140	0	0	0	0	0.0
0.23163022707	0.656920077973	141	0	0	0	0	0.0
0.231732908271	0.657894736842	142	0	0	0	0	0.0
0.232157131916	0.656920077973	143	0	0	0	0	0.0
0.233552883044	0.655945419103	144	0	0	0	0	0.0
0.233886093002	0.654970760234	145	0	0	0	0	0.0
0.234417451374	0.654970760234	146	0	0	0	0	0.0
0.23631610973	0.655945419103	147	0	0	0	0	0.0
0.237521944703	0.655945419103	148	0	0	0	0	0.0
0.239586736616	0.655945419103	149	0	0	0	0	0.0
0.239791913834	0.656920077973	150	0	0	0	0	0.0
0.241551009155	0.655945419103	151	0	0	0	0	0.0
0.242694595152	0.656920077973	152	0	0	0	0	0.0
0.247139146944	0.655945419103	153	0	0	0	0	0.0
0.251729500158	0.655945419103	154	0	0	0	0	0.0
0.252096764246	0.654970760234	155	0	0	0	0	0.0
0.252223398265	0.654970760234	156	0	0	0	0	0.0
0.253112549666	0.653996101365	157	0	0	0	0	0.0
0.253537778534	0.653021442495	158	0	0	0	0	0.0
0.25372110391	0.652046783626	159	0	0	0	0	0.0
0.254799135478	0.652046783626	160	0	0	0	0	0.0
0.255519703407	0.652046783626	161	0	0	0	0	0.0
0.258143295225	0.652046783626	162	0	0	0	0	0.0
0.261371047224	0.653021442495	163	0	0	0	0	0.0
0.261508920332	0.653996101365	164	0	0	0	0	0.0
0.264126827822	0.653996101365	165	0	0	0	0	0.0
0.264990405741	0.653021442495	166	0	0	0	0	0.0
0.265428646692	0.653021442495	167	0	0	0	0	0.0
0.266874682009	0.653996101365	168	0	0	0	0	0.0
0.267840350765	0.654970760234	169	0	0	0	0	0.0
0.2694096047	0.654970760234	170	0	0	0	0	0.0
0.270021091607	0.654970760234	171	0	0	0	0	0.0
0.271408190533	0.655945419103	172	0	0	0	0	0.0
0.272858118049	0.655945419103	173	0	0	0	0	0.0
0.276194831194	0.656920077973	174	0	0	0	0	0.0
0.280846184061	0.655945419103	175	0	0	0	0	0.0
0.281998461094	0.656920077973	176	0	0	0	0	0.0
0.282719373003	0.656920077973	177	0	0	0	0	0.0
0.283336700934	0.656920077973	178	0	0	0	0	0.0
0.283515650534	0.657894736842	179	0	0	0	0	0.0
0.286710809197	0.658869395712	180	0	0	0	0	0.0
0.286850409682	0.657894736842	181	0	0	0	0	0.0
0.28754898801	0.658869395712	182	0	0	0	0	0.0
0.287846744618	0.658869395712	183	0	0	0	0	0.0
0.290986987403	0.658869395712	184	0	0	0	0	0.0
0.292193272746	0.659844054581	185	0	0	0	0	0.0
0.292616683585	0.659844054581	186	0	0	0	0	0.0
0.293158919417	0.659844054581	187	0	0	0	0	0.0
0.293362930008	0.659844054581	188	0	0	0	0	0.0
0.296207681127	0.66081871345	189	0	0	0	0	0.0
0.29723377837	0.66179337232	190	0	0	0	0	0.0
0.297341464479	0.662768031189	191	0	0	0	0	0.0
0.299839572572	0.662768031189	192	0	0	0	0	0.0
0.30064397133	0.662768031189	193	0	0	0	0	0.0
0.300767564458	0.662768031189	194	0	0	0	0	0.0
0.302073785265	0.663742690058	195	0	0	0	0	0.0
0.302309864903	0.662768031189	196	0	0	0	0	0.0
0.304415243868	0.66179337232	197	0	0	0	0	0.0
0.304637600402	0.66179337232	198	0	0	0	0	0.0
0.304641769621	0.662768031189	199	0	0	0	0	0.0
0.304664105795	0.662768031189	200	0	0	0	0	0.0
0.308340639079	0.66179337232	201	0	0	0	0	0.0
0.309159334269	0.66179337232	202	0	0	0	0	0.0
0.309385574992	0.66179337232	203	0	0	0	0	0.0
0.309983529304	0.66081871345	204	0	0	0	0	0.0
0.310306123858	0.66081871345	205	0	0	0	0	0.0
0.313033063182	0.66081871345	206	0	0	0	0	0.0
0.313139202433	0.66081871345	207	0	0	0	0	0.0
0.319053994589	0.66081871345	208	0	0	0	0	0.0
0.319253777444	0.66081871345	209	0	0	0	0	0.0
0.320061684802	0.66179337232	210	0	0	0	0	0.0
0.320167738481	0.662768031189	211	0	0	0	0	0.0
0.320629241631	0.663742690058	212	0	0	0	0	0.0
0.321135230421	0.662768031189	213	0	0	0	0	0.0
0.324149690796	0.662768031189	214	0	0	0	0	0.0
0.324877684423	0.66179337232	215	0	0	0	0	0.0
0.327049274268	0.662768031189	216	0	0	0	0	0.0
0.327882245517	0.663742690058	217	0	0	0	0	0.0
0.334742611555	0.663742690058	218	0	0	0	0	0.0
0.334982900195	0.663742690058	219	0	0	0	0	0.0
0.335195830721	0.663742690058	220	0	0	0	0	0.0
0.335607040396	0.664717348928	221	0	0	0	0	0.0
0.343079692892	0.664717348928	222	0	0	0	0	0.0
0.343233970229	0.665692007797	223	0	0	0	0	0.0
0.345790692234	0.666666666667	224	0	0	0	0	0.0
0.347199987009	0.666666666667	225	0	0	0	0	0.0
0.347665141779	0.666666666667	226	0	0	0	0	0.0
0.351940409486	0.667641325536	227	0	0	0	0	0.0
0.357451034968	0.666666666667	228	0	0	0	0	0.0
0.359725166357	0.666666666667	229	0	0	0	0	0.0
0.360486412612	0.666666666667	230	0	0	0	0	0.0
0.361241828018	0.666666666667	231	0	0	0	0	0.0
0.362628170361	0.666666666667	232	0	0	0	0	0.0
0.363271186775	0.666666666667	233	0	0	0	0	0.0
