# time 	 divergence 	 # of mutations 	 # IGC chances 	 IGC length 	 # IGC failures 	 Changes due to IGC  	 % change due to IGC 
0.0	0.665692007797	0	0	0	0	0	0.0
0.00145489777885	0.666666666667	1	0	0	0	0	0.0
0.00238130764937	0.665692007797	2	0	0	0	0	0.0
0.0041993860176	0.665692007797	3	0	0	0	0	0.0
0.00499857641492	0.666666666667	4	0	0	0	0	0.0
0.00713753655037	0.665692007797	5	0	0	0	0	0.0
0.00717583253895	0.664717348928	6	0	0	0	0	0.0
0.0112905742824	0.665692007797	7	0	0	0	0	0.0
0.01285523839	0.666666666667	8	0	0	0	0	0.0
0.0157760825896	0.667641325536	9	0	0	0	0	0.0
0.0162431048449	0.668615984405	10	0	0	0	0	0.0
0.0165125374894	0.667641325536	11	0	0	0	0	0.0
0.017095371701	0.667641325536	12	0	0	0	0	0.0
0.0173023117804	0.668615984405	13	0	0	0	0	0.0
0.0181549424352	0.669590643275	14	0	0	0	0	0.0
0.0196410584332	0.668615984405	15	0	0	0	0	0.0
0.0202715674454	0.668615984405	16	0	0	0	0	0.0
0.0218676507657	0.668615984405	17	0	0	0	0	0.0
0.023468776296	0.668615984405	18	0	0	0	0	0.0
0.0251181888445	0.668615984405	19	0	0	0	0	0.0
0.0259322796408	0.668615984405	20	0	0	0	0	0.0
0.0264610104174	0.669590643275	21	0	0	0	0	0.0
0.0280023856473	0.669590643275	22	0	0	0	0	0.0
0.0284766294075	0.669590643275	23	0	0	0	0	0.0
0.0289664375388	0.669590643275	24	0	0	0	0	0.0
0.0300767021907	0.669590643275	25	0	0	0	0	0.0
0.0301913280224	0.669590643275	26	0	0	0	0	0.0
0.0303447587448	0.668615984405	27	0	0	0	0	0.0
0.0325406180543	0.668615984405	28	0	0	0	0	0.0
0.0342897226956	0.667641325536	29	0	0	0	0	0.0
0.0359666344042	0.667641325536	30	0	0	0	0	0.0
0.0369283027062	0.668615984405	31	0	0	0	0	0.0
0.0371815087485	0.669590643275	32	0	0	0	0	0.0
0.0391367502985	0.670565302144	33	0	0	0	0	0.0
0.0401109835619	0.670565302144	34	0	0	0	0	0.0
0.0455469062001	0.671539961014	35	0	0	0	0	0.0
0.0507508775528	0.672514619883	36	0	0	0	0	0.0
0.0519505598306	0.673489278752	37	0	0	0	0	0.0
0.0522154398674	0.674463937622	38	0	0	0	0	0.0
0.054765814896	0.673489278752	39	0	0	0	0	0.0
0.0550988500308	0.674463937622	40	0	0	0	0	0.0
0.0563889777432	0.674463937622	41	0	0	0	0	0.0
0.0567553654227	0.675438596491	42	0	0	0	0	0.0
0.0627345292998	0.676413255361	43	0	0	0	0	0.0
0.0657637282652	0.67738791423	44	0	0	0	0	0.0
0.0662954116458	0.678362573099	45	0	0	0	0	0.0
0.0675608541476	0.679337231969	46	0	0	0	0	0.0
0.0701242916341	0.679337231969	47	0	0	0	0	0.0
0.0728762923451	0.679337231969	48	0	0	0	0	0.0
0.0756617228596	0.679337231969	49	0	0	0	0	0.0
0.0761404956301	0.679337231969	50	0	0	0	0	0.0
0.0787130570454	0.680311890838	51	0	0	0	0	0.0
