# time 	 divergence 	 # of mutations 	 # IGC chances 	 IGC length 	 # IGC failures 	 Changes due to IGC  	 % change due to IGC 
0.0	0.269005847953	0	0	0	0	0	0.0
0.00129029718368	0.269980506823	1	0	0	0	0	0.0
0.00429916645471	0.270955165692	2	0	0	0	0	0.0
0.00480510080689	0.271929824561	3	0	0	0	0	0.0
0.00495594908919	0.272904483431	4	0	0	0	0	0.0
0.00501580908814	0.271929824561	5	0	0	0	0	0.0
0.00522046091567	0.270955165692	6	0	0	0	0	0.0
0.00550489802964	0.270955165692	6	1	3	0	0	0.0
0.00626026625059	0.270955165692	6	2	3	0	0	0.0
0.00650996970449	0.269980506823	7	2	3	0	0	0.0
0.00693163512998	0.270955165692	8	2	3	0	0	0.0
0.0087599314892	0.271929824561	9	2	3	0	0	0.0
0.00881841276056	0.272904483431	10	2	3	0	0	0.0
0.00890325400205	0.271929824561	11	2	3	0	0	0.0
0.0102142783011	0.270955165692	12	2	3	0	0	0.0
0.0118666372348	0.269980506823	13	2	3	0	0	0.0
0.0127490298073	0.270955165692	14	2	3	0	0	0.0
0.0127566677809	0.270955165692	15	2	3	0	0	0.0
0.0149953641953	0.269980506823	15	3	3	0	1	0.0625
0.0151825754704	0.270955165692	16	3	3	0	1	0.0588235294118
0.0155800786981	0.271929824561	17	3	3	0	1	0.0555555555556
0.0170772271531	0.269980506823	17	4	3	0	3	0.15
0.0177060253183	0.269005847953	18	4	3	0	3	0.142857142857
0.0180802645505	0.268031189084	19	4	3	0	3	0.136363636364
0.0185962322481	0.269005847953	20	4	3	0	3	0.130434782609
0.0186013590592	0.269005847953	20	5	3	0	3	0.130434782609
0.0194226108125	0.266081871345	20	6	3	0	6	0.230769230769
0.0203068961031	0.265107212476	21	6	3	0	6	0.222222222222
0.0204514632971	0.265107212476	21	7	3	0	6	0.222222222222
0.0211045869124	0.266081871345	22	7	3	0	6	0.214285714286
0.021112797494	0.267056530214	23	7	3	0	6	0.206896551724
0.0223753286663	0.267056530214	24	7	3	0	6	0.2
0.0226646812422	0.266081871345	24	8	3	0	7	0.225806451613
0.0241567221231	0.267056530214	25	8	3	0	7	0.21875
0.0248540284897	0.266081871345	26	8	3	0	7	0.212121212121
0.0250749387111	0.267056530214	27	8	3	0	7	0.205882352941
0.0264473900461	0.268031189084	28	8	3	0	7	0.2
0.0279998983912	0.269005847953	29	8	3	0	7	0.194444444444
0.0294646378007	0.269005847953	29	9	3	0	7	0.194444444444
0.0300928328438	0.269005847953	29	10	3	0	7	0.194444444444
0.0302603548939	0.269980506823	30	10	3	0	7	0.189189189189
0.0305127613984	0.269980506823	30	11	3	0	7	0.189189189189
0.0323749407911	0.270955165692	31	11	3	0	7	0.184210526316
0.0323751270647	0.271929824561	32	11	3	0	7	0.179487179487
0.0324988153363	0.269980506823	32	12	3	0	9	0.219512195122
0.0328473579351	0.269980506823	33	12	3	0	9	0.214285714286
0.0328658571895	0.270955165692	34	12	3	0	9	0.209302325581
0.0329105107388	0.271929824561	35	12	3	0	9	0.204545454545
0.0331136601009	0.271929824561	36	12	3	0	9	0.2
0.03419909731	0.271929824561	36	13	3	0	9	0.2
0.0353861284962	0.272904483431	37	13	3	0	9	0.195652173913
0.0358073174419	0.271929824561	37	14	3	0	10	0.212765957447
0.0358510603521	0.270955165692	37	15	3	0	11	0.229166666667
0.0361606239217	0.270955165692	37	16	3	0	11	0.229166666667
0.0371477326656	0.271929824561	38	16	3	0	11	0.224489795918
0.0387116909372	0.269980506823	38	17	3	0	13	0.254901960784
0.0402841830012	0.269980506823	38	18	3	0	13	0.254901960784
0.0408828854229	0.270955165692	39	18	3	0	13	0.25
0.0417595954574	0.270955165692	40	18	3	0	13	0.245283018868
0.0418715199002	0.270955165692	40	19	3	0	13	0.245283018868
0.0424313808969	0.270955165692	41	19	3	0	13	0.240740740741
0.0428311172854	0.271929824561	42	19	3	0	13	0.236363636364
0.0434948087475	0.271929824561	42	20	3	0	13	0.236363636364
0.0444834526946	0.270955165692	42	21	3	0	14	0.25
0.0462630101623	0.271929824561	43	21	3	0	14	0.245614035088
0.047145968411	0.272904483431	44	21	3	0	14	0.241379310345
0.0478877164813	0.2738791423	45	21	3	0	14	0.237288135593
0.0482527970578	0.272904483431	45	22	3	0	15	0.25
0.050407301153	0.2738791423	46	22	3	0	15	0.245901639344
0.0520894533687	0.2738791423	47	22	3	0	15	0.241935483871
0.0528527665914	0.27485380117	48	22	3	0	15	0.238095238095
0.0542135669981	0.2738791423	48	23	3	0	16	0.25
0.0545985831991	0.27485380117	49	23	3	0	16	0.246153846154
0.0553405892828	0.27485380117	50	23	3	0	16	0.242424242424
0.0555460832112	0.27485380117	51	23	3	0	16	0.238805970149
0.0559104593787	0.275828460039	52	23	3	0	16	0.235294117647
0.0559197071658	0.276803118908	53	23	3	0	16	0.231884057971
0.0566019952128	0.27485380117	53	24	3	0	18	0.253521126761
0.0591304326297	0.2738791423	54	24	3	0	18	0.25
0.0597528565119	0.2738791423	54	25	3	0	18	0.25
0.0605173246733	0.272904483431	54	26	3	0	19	0.260273972603
0.0608360563465	0.272904483431	54	27	3	0	19	0.260273972603
0.0614672701597	0.271929824561	54	28	3	0	20	0.27027027027
0.0621824909789	0.270955165692	54	29	3	0	21	0.28
0.0628959954219	0.270955165692	55	29	3	0	21	0.276315789474
0.0633636579319	0.270955165692	55	30	3	0	21	0.276315789474
0.063401642167	0.268031189084	55	31	3	0	24	0.303797468354
0.0640097882255	0.267056530214	55	32	3	0	25	0.3125
0.064012838788	0.268031189084	56	32	3	0	25	0.308641975309
0.0641498684654	0.269005847953	57	32	3	0	25	0.30487804878
0.0643714122704	0.269005847953	57	33	3	0	25	0.30487804878
0.0660925023131	0.269980506823	58	33	3	0	25	0.301204819277
0.0671932880198	0.270955165692	59	33	3	0	25	0.297619047619
0.0678549040187	0.269980506823	60	33	3	0	25	0.294117647059
0.0683304985297	0.268031189084	60	34	3	0	27	0.310344827586
0.0690253030362	0.269005847953	61	34	3	0	27	0.306818181818
0.0711702932343	0.269005847953	61	35	3	0	27	0.306818181818
0.0718633719432	0.268031189084	61	36	3	0	28	0.314606741573
0.0755071368251	0.269005847953	62	36	3	0	28	0.311111111111
0.0759597795017	0.269005847953	62	37	3	0	28	0.311111111111
0.0774053505302	0.267056530214	62	38	3	0	30	0.326086956522
0.0774177826456	0.267056530214	62	39	3	0	30	0.326086956522
0.0780886986688	0.267056530214	62	40	3	0	30	0.326086956522
0.0790210510833	0.267056530214	62	41	3	0	30	0.326086956522
0.0791220750908	0.266081871345	62	42	3	0	31	0.333333333333
0.0802290925101	0.265107212476	63	42	3	0	31	0.329787234043
0.0818884605604	0.266081871345	64	42	3	0	31	0.326315789474
0.0825622693721	0.266081871345	64	43	3	0	31	0.326315789474
0.0858146997659	0.265107212476	65	43	3	0	31	0.322916666667
0.0869327627785	0.263157894737	65	44	3	0	33	0.336734693878
0.087320496742	0.263157894737	65	45	3	0	33	0.336734693878
0.0881243628857	0.263157894737	65	46	3	0	33	0.336734693878
0.0881456986764	0.262183235867	65	47	3	0	34	0.343434343434
0.0882994526045	0.263157894737	66	47	3	0	34	0.34
0.0883144931711	0.264132553606	67	47	3	0	34	0.336633663366
0.0889629715197	0.263157894737	67	48	3	0	35	0.343137254902
0.090124206856	0.264132553606	68	48	3	0	35	0.339805825243
0.0906682382698	0.263157894737	68	49	3	0	36	0.346153846154
0.0911968497516	0.261208576998	68	50	3	0	38	0.358490566038
0.0921947922655	0.261208576998	68	51	3	0	38	0.358490566038
0.0924402502791	0.262183235867	69	51	3	0	38	0.355140186916
0.0927719111218	0.260233918129	69	52	3	0	40	0.366972477064
0.0939016104471	0.25828460039	69	53	3	0	42	0.378378378378
0.0939071521645	0.25730994152	69	54	3	0	43	0.383928571429
0.0941676312775	0.25730994152	69	55	3	0	43	0.383928571429
0.0952842661167	0.25828460039	70	55	3	0	43	0.380530973451
0.0960007069678	0.259259259259	71	55	3	0	43	0.377192982456
0.0980959492768	0.260233918129	72	55	3	0	43	0.373913043478
0.0984327332868	0.260233918129	72	56	3	0	43	0.373913043478
0.0985788297063	0.259259259259	73	56	3	0	43	0.370689655172
0.098870111343	0.260233918129	74	56	3	0	43	0.367521367521
0.0990287862512	0.25828460039	74	57	3	0	45	0.378151260504
0.0996473399559	0.25730994152	74	58	3	0	46	0.383333333333
0.0997319694811	0.256335282651	74	59	3	0	47	0.388429752066
0.101659227861	0.25730994152	75	59	3	0	47	0.385245901639
0.101928356329	0.25828460039	76	59	3	0	47	0.382113821138
0.103484411112	0.25828460039	77	59	3	0	47	0.379032258065
0.105993791816	0.256335282651	77	60	3	0	49	0.388888888889
0.107313316138	0.25730994152	78	60	3	0	49	0.385826771654
0.108064576848	0.25828460039	79	60	3	0	49	0.3828125
0.108376403052	0.25730994152	80	60	3	0	49	0.37984496124
0.109477475982	0.25828460039	81	60	3	0	49	0.376923076923
0.109857121408	0.25828460039	82	60	3	0	49	0.374045801527
0.110172409301	0.256335282651	82	61	3	0	51	0.383458646617
0.110936023755	0.256335282651	82	62	3	0	51	0.383458646617
0.111686723465	0.256335282651	82	63	3	0	51	0.383458646617
0.112124982861	0.256335282651	82	64	3	0	51	0.383458646617
0.112226343	0.255360623782	82	65	3	0	52	0.388059701493
0.113245229958	0.256335282651	83	65	3	0	52	0.385185185185
0.11393456957	0.256335282651	84	65	3	0	52	0.382352941176
0.115843479875	0.255360623782	84	66	3	0	53	0.386861313869
0.116342564827	0.254385964912	85	66	3	0	53	0.384057971014
0.117203578002	0.254385964912	86	66	3	0	53	0.381294964029
0.117809155182	0.252436647173	86	67	3	0	55	0.390070921986
0.119156946888	0.253411306043	87	67	3	0	55	0.387323943662
0.12078852658	0.253411306043	87	68	3	0	55	0.387323943662
0.120899454465	0.252436647173	88	68	3	0	55	0.384615384615
0.12218015638	0.252436647173	89	68	3	0	55	0.381944444444
0.122808177169	0.251461988304	89	69	3	0	56	0.386206896552
0.12300974973	0.251461988304	90	69	3	0	56	0.383561643836
0.123171423538	0.251461988304	90	70	3	0	56	0.383561643836
0.123533444751	0.251461988304	90	71	3	0	56	0.383561643836
0.124515269929	0.251461988304	90	72	3	0	56	0.383561643836
0.124832271261	0.250487329435	90	73	3	0	57	0.387755102041
0.124898417153	0.250487329435	90	74	3	0	57	0.387755102041
0.125173601074	0.251461988304	91	74	3	0	57	0.385135135135
0.125337117135	0.252436647173	92	74	3	0	57	0.38255033557
0.125423851245	0.253411306043	93	74	3	0	57	0.38
0.126043793442	0.253411306043	94	74	3	0	57	0.377483443709
0.126403994124	0.252436647173	95	74	3	0	57	0.375
0.12779263005	0.252436647173	95	75	3	0	57	0.375
0.128153514553	0.252436647173	95	76	3	0	57	0.375
0.128345250802	0.252436647173	95	77	3	0	57	0.375
0.1287854471	0.253411306043	96	77	3	0	57	0.372549019608
0.131109597727	0.254385964912	97	77	3	0	57	0.37012987013
0.131114730234	0.252436647173	97	78	3	0	59	0.378205128205
0.132482164401	0.253411306043	98	78	3	0	59	0.375796178344
0.133036312713	0.250487329435	98	79	3	0	62	0.3875
0.133602678485	0.251461988304	99	79	3	0	62	0.385093167702
0.133668073088	0.250487329435	100	79	3	0	62	0.382716049383
0.133802083773	0.250487329435	100	80	3	0	62	0.382716049383
0.133947849969	0.249512670565	100	81	3	0	63	0.386503067485
0.133981921219	0.249512670565	100	82	3	0	63	0.386503067485
0.13471360622	0.250487329435	101	82	3	0	63	0.384146341463
0.136868708689	0.249512670565	101	83	3	0	64	0.387878787879
0.138171680535	0.250487329435	102	83	3	0	64	0.385542168675
0.139634015146	0.250487329435	102	84	3	0	64	0.385542168675
0.140959609343	0.249512670565	102	85	3	0	65	0.389221556886
0.142007399123	0.249512670565	102	86	3	0	65	0.389221556886
0.142551384405	0.248538011696	102	87	3	0	66	0.392857142857
0.142581742504	0.248538011696	103	87	3	0	66	0.390532544379
0.143673951616	0.249512670565	104	87	3	0	66	0.388235294118
0.14543986553	0.250487329435	105	87	3	0	66	0.385964912281
0.147837405772	0.251461988304	106	87	3	0	66	0.383720930233
0.149648902218	0.252436647173	107	87	3	0	66	0.381502890173
0.15172934436	0.253411306043	108	87	3	0	66	0.379310344828
0.151731388293	0.253411306043	108	88	3	0	66	0.379310344828
0.152166223206	0.254385964912	109	88	3	0	66	0.377142857143
0.152627828786	0.255360623782	110	88	3	0	66	0.375
0.153003329715	0.256335282651	111	88	3	0	66	0.372881355932
0.154233790124	0.25730994152	112	88	3	0	66	0.370786516854
0.154300434122	0.25730994152	113	88	3	0	66	0.368715083799
0.155244680564	0.25828460039	114	88	3	0	66	0.366666666667
0.155302401377	0.259259259259	115	88	3	0	66	0.364640883978
0.155929099377	0.260233918129	116	88	3	0	66	0.362637362637
0.156163899457	0.260233918129	117	88	3	0	66	0.360655737705
0.156620604492	0.259259259259	117	89	3	0	67	0.364130434783
0.157897316709	0.260233918129	118	89	3	0	67	0.362162162162
0.158309635119	0.259259259259	118	90	3	0	68	0.365591397849
0.160049589712	0.259259259259	119	90	3	0	68	0.363636363636
0.161309562955	0.256335282651	119	91	3	0	71	0.373684210526
0.161544516007	0.25730994152	120	91	3	0	71	0.371727748691
0.161737202814	0.256335282651	120	92	3	0	72	0.375
0.161809732965	0.255360623782	120	93	3	0	73	0.378238341969
0.162921411897	0.256335282651	121	93	3	0	73	0.376288659794
0.162962238091	0.255360623782	121	94	3	0	74	0.379487179487
0.164503263218	0.253411306043	121	95	3	0	76	0.38578680203
0.164697196785	0.252436647173	121	96	3	0	77	0.388888888889
0.167153531475	0.253411306043	122	96	3	0	77	0.386934673367
0.167917871558	0.253411306043	123	96	3	0	77	0.385
0.168167863954	0.252436647173	123	97	3	0	78	0.388059701493
0.168173588815	0.253411306043	124	97	3	0	78	0.386138613861
0.168698910058	0.253411306043	124	98	3	0	78	0.386138613861
0.16956962566	0.253411306043	124	99	3	0	78	0.386138613861
0.172044886966	0.253411306043	125	99	3	0	78	0.384236453202
0.173481915879	0.253411306043	126	99	3	0	78	0.382352941176
0.173878304663	0.252436647173	127	99	3	0	78	0.380487804878
0.17409414266	0.253411306043	128	99	3	0	78	0.378640776699
0.174347443424	0.253411306043	129	99	3	0	78	0.376811594203
0.175024317738	0.254385964912	130	99	3	0	78	0.375
0.175667641325	0.255360623782	131	99	3	0	78	0.373205741627
0.176615965145	0.256335282651	132	99	3	0	78	0.371428571429
0.176636181985	0.254385964912	132	100	3	0	80	0.377358490566
0.17682378644	0.253411306043	133	100	3	0	80	0.37558685446
0.176999096417	0.251461988304	133	101	3	0	82	0.381395348837
0.177837833167	0.250487329435	133	102	3	0	83	0.384259259259
0.178525691617	0.248538011696	133	103	3	0	85	0.389908256881
0.179823813618	0.249512670565	134	103	3	0	85	0.388127853881
0.180558788619	0.250487329435	135	103	3	0	85	0.386363636364
0.181481301264	0.250487329435	135	104	3	0	85	0.386363636364
0.182396270038	0.249512670565	136	104	3	0	85	0.384615384615
0.183008116114	0.249512670565	136	105	3	0	85	0.384615384615
0.183178738342	0.250487329435	137	105	3	0	85	0.382882882883
0.183513750569	0.251461988304	138	105	3	0	85	0.381165919283
0.1839441669	0.251461988304	138	106	3	0	85	0.381165919283
0.184177059604	0.249512670565	138	107	3	0	87	0.386666666667
0.186093418851	0.250487329435	139	107	3	0	87	0.384955752212
0.186356175301	0.251461988304	140	107	3	0	87	0.383259911894
0.187823698188	0.251461988304	140	108	3	0	87	0.383259911894
0.188281723344	0.250487329435	141	108	3	0	87	0.381578947368
0.188870848203	0.249512670565	141	109	3	0	88	0.384279475983
0.190593105009	0.250487329435	142	109	3	0	88	0.382608695652
0.19119727483	0.250487329435	143	109	3	0	88	0.380952380952
0.191199981136	0.250487329435	143	110	3	0	88	0.380952380952
0.192493710187	0.249512670565	143	111	3	0	89	0.383620689655
0.19254030926	0.248538011696	143	112	3	0	90	0.386266094421
0.192982520706	0.249512670565	144	112	3	0	90	0.384615384615
0.193261485128	0.248538011696	145	112	3	0	90	0.382978723404
0.19361881509	0.248538011696	145	113	3	0	90	0.382978723404
0.194219496862	0.249512670565	146	113	3	0	90	0.381355932203
0.196462419492	0.249512670565	146	114	3	0	90	0.381355932203
0.196526677328	0.249512670565	146	115	3	0	90	0.381355932203
0.197969417236	0.249512670565	146	116	3	0	90	0.381355932203
0.198389648752	0.250487329435	147	116	3	0	90	0.379746835443
0.198914588811	0.249512670565	148	116	3	0	90	0.378151260504
0.199776211432	0.250487329435	149	116	3	0	90	0.376569037657
0.200834068596	0.251461988304	150	116	3	0	90	0.375
0.20360311867	0.251461988304	150	117	3	0	90	0.375
0.204257435178	0.249512670565	150	118	3	0	92	0.380165289256
0.210814166027	0.250487329435	151	118	3	0	92	0.378600823045
0.212202723896	0.250487329435	151	119	3	0	92	0.378600823045
0.212776289802	0.249512670565	152	119	3	0	92	0.377049180328
0.213316559135	0.250487329435	153	119	3	0	92	0.375510204082
0.21503353683	0.249512670565	154	119	3	0	92	0.373983739837
0.215465735164	0.250487329435	155	119	3	0	92	0.372469635628
0.215837675824	0.251461988304	156	119	3	0	92	0.370967741935
0.216024875967	0.252436647173	157	119	3	0	92	0.369477911647
0.216262592197	0.252436647173	157	120	3	0	92	0.369477911647
0.216592145135	0.253411306043	158	120	3	0	92	0.368
0.216844941436	0.254385964912	159	120	3	0	92	0.366533864542
0.217305683532	0.253411306043	159	121	3	0	93	0.369047619048
0.21741287025	0.254385964912	160	121	3	0	93	0.367588932806
0.218904567	0.252436647173	160	122	3	0	95	0.372549019608
0.219582829085	0.251461988304	160	123	3	0	96	0.375
0.220232476413	0.251461988304	161	123	3	0	96	0.373540856031
0.220960615451	0.252436647173	162	123	3	0	96	0.372093023256
0.221751091125	0.253411306043	163	123	3	0	96	0.370656370656
0.222370628279	0.254385964912	164	123	3	0	96	0.369230769231
0.224024571818	0.255360623782	165	123	3	0	96	0.367816091954
0.224106795514	0.256335282651	166	123	3	0	96	0.36641221374
0.224295072398	0.256335282651	167	123	3	0	96	0.365019011407
0.227685603737	0.255360623782	167	124	3	0	97	0.367424242424
0.229319623094	0.254385964912	167	125	3	0	98	0.369811320755
0.231124365177	0.255360623782	168	125	3	0	98	0.368421052632
0.231402007952	0.255360623782	168	126	3	0	98	0.368421052632
0.232558059856	0.255360623782	168	127	3	0	98	0.368421052632
0.233189020062	0.254385964912	169	127	3	0	98	0.367041198502
0.234263686235	0.253411306043	169	128	3	0	99	0.369402985075
0.234716798833	0.253411306043	169	129	3	0	99	0.369402985075
0.235509660507	0.254385964912	170	129	3	0	99	0.368029739777
0.235545125022	0.255360623782	171	129	3	0	99	0.366666666667
0.236446820347	0.256335282651	172	129	3	0	99	0.365313653137
0.237655326961	0.256335282651	172	130	3	0	99	0.365313653137
0.238216611054	0.255360623782	172	131	3	0	100	0.367647058824
0.238736271643	0.254385964912	172	132	3	0	101	0.369963369963
0.239239767391	0.255360623782	173	132	3	0	101	0.368613138686
0.239732336807	0.254385964912	174	132	3	0	101	0.367272727273
0.239772773499	0.255360623782	175	132	3	0	101	0.365942028986
0.241291723265	0.256335282651	176	132	3	0	101	0.364620938628
0.243074595553	0.25730994152	177	132	3	0	101	0.363309352518
0.243263203023	0.25828460039	178	132	3	0	101	0.362007168459
0.244295482466	0.25828460039	178	133	3	0	101	0.362007168459
0.244658336159	0.259259259259	179	133	3	0	101	0.360714285714
0.244950541024	0.260233918129	180	133	3	0	101	0.359430604982
0.244974108212	0.259259259259	180	134	3	0	102	0.36170212766
0.245620087076	0.259259259259	181	134	3	0	102	0.360424028269
0.245884956509	0.260233918129	182	134	3	0	102	0.359154929577
0.246280081366	0.259259259259	182	135	3	0	103	0.361403508772
0.249208548982	0.25828460039	182	136	3	0	104	0.363636363636
0.253158027589	0.25828460039	182	137	3	0	104	0.363636363636
0.253979788944	0.259259259259	183	137	3	0	104	0.362369337979
0.254310181149	0.259259259259	183	138	3	0	104	0.362369337979
0.256676765352	0.25828460039	183	139	3	0	105	0.364583333333
0.257082465581	0.259259259259	184	139	3	0	105	0.363321799308
0.257231758557	0.259259259259	184	140	3	0	105	0.363321799308
0.26163640536	0.259259259259	184	141	3	0	105	0.363321799308
0.262058885356	0.259259259259	185	141	3	0	105	0.362068965517
0.262413110237	0.25730994152	185	142	3	0	107	0.366438356164
0.264925532051	0.256335282651	185	143	3	0	108	0.368600682594
0.266688206598	0.254385964912	185	144	3	0	110	0.372881355932
0.267893964361	0.253411306043	185	145	3	0	111	0.375
0.268613856684	0.253411306043	185	146	3	0	111	0.375
0.268624790785	0.252436647173	186	146	3	0	111	0.373737373737
0.268759058311	0.252436647173	186	147	3	0	111	0.373737373737
0.269482950487	0.253411306043	187	147	3	0	111	0.372483221477
0.270083282309	0.254385964912	188	147	3	0	111	0.371237458194
0.270512928041	0.254385964912	188	148	3	0	111	0.371237458194
0.270761228181	0.254385964912	188	149	3	0	111	0.371237458194
0.272330917604	0.254385964912	189	149	3	0	111	0.37
0.272538324514	0.253411306043	189	150	3	0	112	0.372093023256
0.273892869917	0.254385964912	190	150	3	0	112	0.370860927152
0.274323146782	0.253411306043	191	150	3	0	112	0.369636963696
0.274342319424	0.254385964912	192	150	3	0	112	0.368421052632
0.274874307439	0.251461988304	192	151	3	0	115	0.374592833876
0.27624647784	0.252436647173	193	151	3	0	115	0.373376623377
0.276774804408	0.253411306043	194	151	3	0	115	0.37216828479
0.278160418763	0.253411306043	194	152	3	0	115	0.37216828479
0.278605750953	0.254385964912	195	152	3	0	115	0.370967741935
0.278628730607	0.255360623782	196	152	3	0	115	0.369774919614
0.279562479671	0.254385964912	196	153	3	0	116	0.371794871795
0.282707533536	0.255360623782	197	153	3	0	116	0.370607028754
0.285583853486	0.255360623782	198	153	3	0	116	0.369426751592
0.285730517081	0.253411306043	198	154	3	0	118	0.373417721519
0.285759574353	0.254385964912	199	154	3	0	118	0.372239747634
0.287137303432	0.253411306043	200	154	3	0	118	0.37106918239
0.288982067711	0.253411306043	200	155	3	0	118	0.37106918239
0.290164122488	0.254385964912	201	155	3	0	118	0.369905956113
0.291362532153	0.255360623782	202	155	3	0	118	0.36875
0.291548397099	0.256335282651	203	155	3	0	118	0.367601246106
0.291814137398	0.255360623782	203	156	3	0	119	0.369565217391
0.29301093639	0.255360623782	203	157	3	0	119	0.369565217391
0.295684094439	0.254385964912	203	158	3	0	120	0.371517027864
0.297266624662	0.253411306043	203	159	3	0	121	0.373456790123
0.297617991938	0.254385964912	204	159	3	0	121	0.372307692308
0.297618950439	0.253411306043	204	160	3	0	122	0.374233128834
0.297979358284	0.254385964912	205	160	3	0	122	0.373088685015
0.299395507207	0.255360623782	206	160	3	0	122	0.371951219512
0.299662272304	0.256335282651	207	160	3	0	122	0.370820668693
0.299818584776	0.256335282651	207	161	3	0	122	0.370820668693
0.301824581935	0.25730994152	208	161	3	0	122	0.369696969697
0.302528811132	0.25828460039	209	161	3	0	122	0.368580060423
0.303241009111	0.25828460039	209	162	3	0	122	0.368580060423
0.30351996937	0.259259259259	210	162	3	0	122	0.367469879518
0.303625519173	0.25828460039	210	163	3	0	123	0.369369369369
0.304544365043	0.259259259259	211	163	3	0	123	0.368263473054
0.30520256234	0.25828460039	211	164	3	0	124	0.370149253731
0.307637780505	0.25730994152	211	165	3	0	125	0.372023809524
0.307662818467	0.25730994152	211	166	3	0	125	0.372023809524
0.307858775407	0.255360623782	211	167	3	0	127	0.37573964497
0.307907461275	0.252436647173	211	168	3	0	130	0.381231671554
0.308387752887	0.252436647173	211	169	3	0	130	0.381231671554
0.309584990047	0.253411306043	212	169	3	0	130	0.380116959064
0.309697700269	0.252436647173	212	170	3	0	131	0.381924198251
0.310621631903	0.253411306043	213	170	3	0	131	0.380813953488
0.312361263137	0.253411306043	213	171	3	0	131	0.380813953488
0.312365507735	0.253411306043	213	172	3	0	131	0.380813953488
0.313854836564	0.252436647173	214	172	3	0	131	0.379710144928
0.31434313455	0.252436647173	215	172	3	0	131	0.378612716763
0.314506455014	0.253411306043	216	172	3	0	131	0.377521613833
0.314782070579	0.254385964912	217	172	3	0	131	0.376436781609
0.316175162045	0.253411306043	218	172	3	0	131	0.375358166189
0.316212484725	0.253411306043	219	172	3	0	131	0.374285714286
0.317247622746	0.254385964912	220	172	3	0	131	0.373219373219
0.319657410504	0.255360623782	221	172	3	0	131	0.372159090909
0.319745032143	0.254385964912	221	173	3	0	132	0.373937677054
0.320062462893	0.255360623782	222	173	3	0	132	0.372881355932
0.320211058505	0.256335282651	223	173	3	0	132	0.371830985915
0.320411021834	0.25730994152	224	173	3	0	132	0.370786516854
0.320793590392	0.25828460039	225	173	3	0	132	0.36974789916
0.321057142222	0.25828460039	225	174	3	0	132	0.36974789916
0.321644847841	0.25828460039	225	175	3	0	132	0.36974789916
0.321660357049	0.259259259259	226	175	3	0	132	0.368715083799
0.32200789958	0.25828460039	226	176	3	0	133	0.370473537604
0.322412909378	0.259259259259	227	176	3	0	133	0.369444444444
0.323509842508	0.260233918129	228	176	3	0	133	0.368421052632
0.323831869886	0.260233918129	229	176	3	0	133	0.367403314917
0.324673795559	0.261208576998	230	176	3	0	133	0.366391184573
0.324952553051	0.262183235867	231	176	3	0	133	0.365384615385
0.32697846349	0.261208576998	231	177	3	0	134	0.367123287671
0.332062748631	0.262183235867	232	177	3	0	134	0.366120218579
0.333443379731	0.263157894737	233	177	3	0	134	0.365122615804
0.334890157175	0.263157894737	233	178	3	0	134	0.365122615804
0.336220656294	0.264132553606	234	178	3	0	134	0.364130434783
0.337177212704	0.265107212476	235	178	3	0	134	0.363143631436
0.338113730844	0.263157894737	235	179	3	0	136	0.366576819407
0.339027401827	0.262183235867	235	180	3	0	137	0.368279569892
0.339110528725	0.261208576998	236	180	3	0	137	0.367292225201
0.340705201927	0.262183235867	237	180	3	0	137	0.366310160428
0.341046361641	0.263157894737	238	180	3	0	137	0.365333333333
0.343200956564	0.264132553606	239	180	3	0	137	0.364361702128
0.344893404544	0.265107212476	240	180	3	0	137	0.363395225464
0.345032443086	0.266081871345	241	180	3	0	137	0.362433862434
0.345067978814	0.267056530214	242	180	3	0	137	0.361477572559
0.345384036779	0.268031189084	243	180	3	0	137	0.360526315789
0.346599939964	0.266081871345	243	181	3	0	139	0.36387434555
0.346803701118	0.267056530214	244	181	3	0	139	0.362924281984
0.346917105082	0.268031189084	245	181	3	0	139	0.361979166667
0.348004017198	0.269005847953	246	181	3	0	139	0.361038961039
0.348420066336	0.269005847953	246	182	3	0	139	0.361038961039
0.350043717176	0.267056530214	246	183	3	0	141	0.364341085271
0.350069901836	0.267056530214	247	183	3	0	141	0.363402061856
0.350174737272	0.268031189084	248	183	3	0	141	0.362467866324
0.350663126446	0.267056530214	248	184	3	0	142	0.364102564103
0.350700396616	0.268031189084	249	184	3	0	142	0.363171355499
0.350867807393	0.269005847953	250	184	3	0	142	0.362244897959
0.351302039022	0.268031189084	251	184	3	0	142	0.361323155216
0.351913098042	0.269005847953	252	184	3	0	142	0.360406091371
0.352591903102	0.269980506823	253	184	3	0	142	0.359493670886
0.354208080385	0.270955165692	254	184	3	0	142	0.358585858586
0.354769603843	0.271929824561	255	184	3	0	142	0.357682619647
0.357399942624	0.272904483431	256	184	3	0	142	0.356783919598
0.358597239757	0.272904483431	256	185	3	0	142	0.356783919598
0.358777421748	0.272904483431	256	186	3	0	142	0.356783919598
0.35910625071	0.2738791423	257	186	3	0	142	0.355889724311
0.359577829154	0.272904483431	257	187	3	0	143	0.3575
0.360026541929	0.271929824561	257	188	3	0	144	0.359102244389
0.361167129473	0.272904483431	258	188	3	0	144	0.358208955224
0.363050735569	0.2738791423	259	188	3	0	144	0.357320099256
0.364133274517	0.271929824561	259	189	3	0	146	0.36049382716
0.364792466605	0.270955165692	260	189	3	0	146	0.35960591133
0.364832693467	0.271929824561	261	189	3	0	146	0.358722358722
0.365218237536	0.272904483431	262	189	3	0	146	0.357843137255
0.365459025001	0.2738791423	263	189	3	0	146	0.356968215159
0.36693024998	0.272904483431	263	190	3	0	147	0.358536585366
0.366951948794	0.2738791423	264	190	3	0	147	0.357664233577
0.368507798195	0.272904483431	265	190	3	0	147	0.356796116505
0.368823849691	0.272904483431	265	191	3	0	147	0.356796116505
0.368950416231	0.272904483431	265	192	3	0	147	0.356796116505
0.369307303588	0.272904483431	265	193	3	0	147	0.356796116505
0.370100573615	0.272904483431	265	194	3	0	147	0.356796116505
0.370542242578	0.272904483431	266	194	3	0	147	0.35593220339
0.370709231919	0.272904483431	266	195	3	0	147	0.35593220339
0.372393788837	0.271929824561	267	195	3	0	147	0.355072463768
0.372640412833	0.270955165692	267	196	3	0	148	0.356626506024
0.373620751439	0.270955165692	268	196	3	0	148	0.355769230769
0.375046605939	0.269980506823	268	197	3	0	149	0.357314148681
0.377506157	0.269005847953	268	198	3	0	150	0.358851674641
0.377811114207	0.269980506823	269	198	3	0	150	0.35799522673
0.380986076699	0.270955165692	270	198	3	0	150	0.357142857143
0.381069561835	0.271929824561	271	198	3	0	150	0.356294536817
0.384038330504	0.269980506823	271	199	3	0	152	0.359338061466
0.384382519791	0.270955165692	272	199	3	0	152	0.358490566038
0.384779551443	0.271929824561	273	199	3	0	152	0.357647058824
0.385915424566	0.271929824561	273	200	3	0	152	0.357647058824
0.386054945267	0.269980506823	273	201	3	0	154	0.360655737705
0.386533447795	0.270955165692	274	201	3	0	154	0.359813084112
0.388491961562	0.271929824561	275	201	3	0	154	0.358974358974
0.388598632888	0.272904483431	276	201	3	0	154	0.358139534884
0.38970050435	0.2738791423	277	201	3	0	154	0.357308584687
0.390600970207	0.271929824561	277	202	3	0	156	0.360277136259
0.390656477502	0.270955165692	277	203	3	0	157	0.361751152074
0.391151584146	0.271929824561	278	203	3	0	157	0.36091954023
0.393575182097	0.272904483431	279	203	3	0	157	0.360091743119
0.393638669297	0.2738791423	280	203	3	0	157	0.359267734554
0.394050991423	0.2738791423	280	204	3	0	157	0.359267734554
0.39457610499	0.2738791423	281	204	3	0	157	0.358447488584
0.395574019617	0.27485380117	282	204	3	0	157	0.357630979499
0.395838714806	0.275828460039	283	204	3	0	157	0.356818181818
0.399164997346	0.275828460039	283	205	3	0	157	0.356818181818
0.39940636913	0.276803118908	284	205	3	0	157	0.356009070295
0.400945655746	0.277777777778	285	205	3	0	157	0.35520361991
0.401874237198	0.275828460039	285	206	3	0	159	0.358108108108
0.402755742497	0.276803118908	286	206	3	0	159	0.357303370787
0.403593102681	0.276803118908	287	206	3	0	159	0.356502242152
0.403854872066	0.276803118908	287	207	3	0	159	0.356502242152
0.405523340799	0.27485380117	287	208	3	0	161	0.359375
0.4066343787	0.27485380117	288	208	3	0	161	0.358574610245
0.406783585854	0.275828460039	289	208	3	0	161	0.357777777778
0.407821057793	0.276803118908	290	208	3	0	161	0.356984478936
0.409485848388	0.277777777778	291	208	3	0	161	0.356194690265
0.409652450467	0.278752436647	292	208	3	0	161	0.355408388521
0.409778935009	0.279727095517	293	208	3	0	161	0.354625550661
0.409781720097	0.277777777778	293	209	3	0	163	0.357456140351
0.411829063923	0.278752436647	294	209	3	0	163	0.356673960613
0.412154168943	0.279727095517	295	209	3	0	163	0.355895196507
0.41366752299	0.278752436647	295	210	3	0	164	0.357298474946
0.415217890938	0.278752436647	295	211	3	0	164	0.357298474946
0.415302945746	0.277777777778	296	211	3	0	164	0.35652173913
0.420204457197	0.278752436647	297	211	3	0	164	0.355748373102
0.42067020861	0.278752436647	297	212	3	0	164	0.355748373102
0.420938303064	0.277777777778	297	213	3	0	165	0.357142857143
0.421328902014	0.278752436647	298	213	3	0	165	0.356371490281
0.421521508989	0.277777777778	298	214	3	0	166	0.35775862069
0.422237588626	0.275828460039	298	215	3	0	168	0.360515021459
0.422356256112	0.276803118908	299	215	3	0	168	0.359743040685
0.422880362144	0.275828460039	299	216	3	0	169	0.361111111111
0.423536920567	0.2738791423	299	217	3	0	171	0.363829787234
0.424071601898	0.2738791423	299	218	3	0	171	0.363829787234
0.424972207922	0.2738791423	299	219	3	0	171	0.363829787234
0.42505943985	0.271929824561	299	220	3	0	173	0.366525423729
0.42554275459	0.271929824561	300	220	3	0	173	0.365750528541
0.425873105996	0.271929824561	301	220	3	0	173	0.364978902954
0.426702464067	0.270955165692	302	220	3	0	173	0.364210526316
0.427170655209	0.270955165692	303	220	3	0	173	0.363445378151
0.42787153062	0.271929824561	304	220	3	0	173	0.362683438155
0.428928877523	0.271929824561	305	220	3	0	173	0.361924686192
0.428988121712	0.270955165692	306	220	3	0	173	0.361169102296
0.429307641938	0.270955165692	306	221	3	0	173	0.361169102296
0.429736949374	0.269980506823	307	221	3	0	173	0.360416666667
0.430230082846	0.270955165692	308	221	3	0	173	0.359667359667
0.431449159741	0.270955165692	309	221	3	0	173	0.358921161826
0.433267155771	0.271929824561	310	221	3	0	173	0.35817805383
0.434378925055	0.272904483431	311	221	3	0	173	0.357438016529
0.436088461902	0.272904483431	312	221	3	0	173	0.356701030928
0.436123622874	0.2738791423	313	221	3	0	173	0.355967078189
0.436398622173	0.2738791423	314	221	3	0	173	0.35523613963
0.436713542544	0.27485380117	315	221	3	0	173	0.354508196721
0.437048832179	0.275828460039	316	221	3	0	173	0.353783231084
0.438590849222	0.275828460039	316	222	3	0	173	0.353783231084
0.438853787492	0.276803118908	317	222	3	0	173	0.35306122449
0.439495875471	0.275828460039	318	222	3	0	173	0.352342158859
0.439555443914	0.276803118908	319	222	3	0	173	0.35162601626
0.440839030375	0.275828460039	319	223	3	0	174	0.352941176471
0.440907035837	0.275828460039	320	223	3	0	174	0.352226720648
0.442021436303	0.27485380117	320	224	3	0	175	0.353535353535
0.442314296041	0.2738791423	320	225	3	0	176	0.354838709677
0.442518560247	0.27485380117	321	225	3	0	176	0.354124748491
0.442999960417	0.275828460039	322	225	3	0	176	0.353413654618
0.44372665132	0.276803118908	323	225	3	0	176	0.352705410822
0.443850678003	0.277777777778	324	225	3	0	176	0.352
0.443875511591	0.276803118908	324	226	3	0	177	0.353293413174
0.443889692931	0.276803118908	324	227	3	0	177	0.353293413174
0.443902139059	0.277777777778	325	227	3	0	177	0.352589641434
0.44431838457	0.278752436647	326	227	3	0	177	0.351888667992
0.444361090667	0.278752436647	327	227	3	0	177	0.35119047619
0.44598975206	0.279727095517	328	227	3	0	177	0.350495049505
0.447266097134	0.277777777778	328	228	3	0	179	0.353057199211
0.448535773432	0.278752436647	329	228	3	0	179	0.352362204724
0.449734356687	0.277777777778	329	229	3	0	180	0.353634577603
0.452543553536	0.278752436647	330	229	3	0	180	0.352941176471
0.452650908995	0.279727095517	331	229	3	0	180	0.352250489237
0.453384652643	0.277777777778	331	230	3	0	182	0.35477582846
0.453771495914	0.278752436647	332	230	3	0	182	0.354085603113
0.453882399977	0.279727095517	333	230	3	0	182	0.353398058252
0.454106947997	0.279727095517	333	231	3	0	182	0.353398058252
0.454233107852	0.277777777778	333	232	3	0	184	0.355899419729
0.454330357496	0.278752436647	334	232	3	0	184	0.355212355212
0.454788950645	0.278752436647	334	233	3	0	184	0.355212355212
0.455063707123	0.279727095517	335	233	3	0	184	0.354527938343
0.45611437309	0.280701754386	336	233	3	0	184	0.353846153846
0.456463782944	0.280701754386	336	234	3	0	184	0.353846153846
0.456527863028	0.281676413255	337	234	3	0	184	0.353166986564
0.456710876396	0.282651072125	338	234	3	0	184	0.352490421456
0.457925720116	0.283625730994	339	234	3	0	184	0.351816443595
0.458185992546	0.284600389864	340	234	3	0	184	0.351145038168
0.458667204024	0.282651072125	340	235	3	0	186	0.3536121673
0.459536152187	0.280701754386	340	236	3	0	188	0.356060606061
0.459767818996	0.281676413255	341	236	3	0	188	0.355387523629
0.460704438469	0.279727095517	341	237	3	0	190	0.357815442561
0.461972437824	0.280701754386	342	237	3	0	190	0.357142857143
0.463358507189	0.281676413255	343	237	3	0	190	0.356472795497
0.46488071446	0.281676413255	343	238	3	0	190	0.356472795497
0.465293951718	0.282651072125	344	238	3	0	190	0.355805243446
0.466259026274	0.283625730994	345	238	3	0	190	0.355140186916
0.466859254667	0.281676413255	345	239	3	0	192	0.357541899441
0.467563863177	0.281676413255	345	240	3	0	192	0.357541899441
0.468040128215	0.282651072125	346	240	3	0	192	0.35687732342
0.468520127729	0.283625730994	347	240	3	0	192	0.356215213358
0.469483873365	0.284600389864	348	240	3	0	192	0.355555555556
0.470610898906	0.284600389864	349	240	3	0	192	0.354898336414
0.472140384981	0.284600389864	350	240	3	0	192	0.354243542435
0.472810898531	0.285575048733	351	240	3	0	192	0.353591160221
0.472972177111	0.286549707602	352	240	3	0	192	0.352941176471
0.477211850771	0.287524366472	353	240	3	0	192	0.352293577982
0.477561026231	0.288499025341	354	240	3	0	192	0.351648351648
0.48048923728	0.289473684211	355	240	3	0	192	0.351005484461
0.480727473842	0.29044834308	356	240	3	0	192	0.350364963504
0.482233374298	0.291423001949	357	240	3	0	192	0.349726775956
0.482348112005	0.292397660819	358	240	3	0	192	0.349090909091
0.4825993644	0.293372319688	359	240	3	0	192	0.348457350272
0.484297785433	0.294346978558	360	240	3	0	192	0.347826086957
0.485665404538	0.293372319688	360	241	3	0	193	0.349005424955
0.486472994488	0.292397660819	360	242	3	0	194	0.350180505415
0.486565655444	0.292397660819	361	242	3	0	194	0.34954954955
0.48980298029	0.291423001949	362	242	3	0	194	0.348920863309
0.491366143843	0.292397660819	363	242	3	0	194	0.34829443447
0.492730593719	0.289473684211	363	243	3	0	197	0.351785714286
0.495798260542	0.29044834308	364	243	3	0	197	0.351158645276
0.496458012588	0.29044834308	365	243	3	0	197	0.350533807829
0.497074074498	0.291423001949	366	243	3	0	197	0.349911190053
0.498424844385	0.292397660819	367	243	3	0	197	0.349290780142
0.499275931355	0.29044834308	367	244	3	0	199	0.351590106007
0.499896260046	0.287524366472	367	245	3	0	202	0.355008787346
0.501825567129	0.287524366472	367	246	3	0	202	0.355008787346
0.502691508364	0.288499025341	368	246	3	0	202	0.354385964912
0.502916909375	0.289473684211	369	246	3	0	202	0.353765323993
0.504008795042	0.288499025341	369	247	3	0	203	0.354895104895
0.504074239214	0.289473684211	370	247	3	0	203	0.35427574171
0.506573417665	0.29044834308	371	247	3	0	203	0.353658536585
0.507365027779	0.29044834308	372	247	3	0	203	0.353043478261
0.50892072833	0.29044834308	372	248	3	0	203	0.353043478261
0.509237787676	0.29044834308	373	248	3	0	203	0.352430555556
0.50996515186	0.291423001949	374	248	3	0	203	0.351819757366
0.510728826724	0.29044834308	374	249	3	0	204	0.352941176471
0.5118380529	0.29044834308	374	250	3	0	204	0.352941176471
0.512215103677	0.29044834308	374	251	3	0	204	0.352941176471
0.512301961597	0.291423001949	375	251	3	0	204	0.352331606218
0.513013215004	0.292397660819	376	251	3	0	204	0.351724137931
0.514158145777	0.293372319688	377	251	3	0	204	0.351118760757
0.515118320256	0.294346978558	378	251	3	0	204	0.350515463918
0.517981243042	0.294346978558	378	252	3	0	204	0.350515463918
0.518360859637	0.295321637427	379	252	3	0	204	0.349914236707
0.519340443966	0.296296296296	380	252	3	0	204	0.349315068493
0.523146018344	0.296296296296	380	253	3	0	204	0.349315068493
0.524917140768	0.295321637427	380	254	3	0	205	0.350427350427
0.525633254104	0.296296296296	381	254	3	0	205	0.349829351536
0.525791388567	0.295321637427	381	255	3	0	206	0.350936967632
0.525954901023	0.295321637427	381	256	3	0	206	0.350936967632
0.528730385068	0.296296296296	382	256	3	0	206	0.350340136054
