# time 	 divergence 	 # of mutations 	 # IGC chances 	 IGC length 	 # IGC failures 	 Changes due to IGC  	 % change due to IGC 
0.0	0.310752688172	0	0	0	0	0	0.0
4.62590030116e-05	0.309677419355	1	0	0	0	0	0.0
0.00138346154154	0.310752688172	2	0	0	0	0	0.0
0.00175996534903	0.311827956989	3	0	0	0	0	0.0
0.00197567002153	0.311827956989	3	1	3	0	0	0.0
0.00466627501078	0.311827956989	4	1	3	0	0	0.0
0.00502847306506	0.311827956989	4	2	3	0	0	0.0
0.00567724089675	0.312903225806	5	2	3	0	0	0.0
0.00716705590426	0.312903225806	5	3	3	0	0	0.0
0.0089709166709	0.312903225806	5	4	3	0	0	0.0
0.0106973136816	0.313978494624	6	4	3	0	0	0.0
0.0113765407561	0.315053763441	7	4	3	0	0	0.0
0.0121273764265	0.316129032258	8	4	3	0	0	0.0
0.0125787323306	0.315053763441	8	5	3	0	1	0.111111111111
0.0144499708137	0.315053763441	9	5	3	0	1	0.1
0.0156446225534	0.315053763441	10	5	3	0	1	0.0909090909091
0.0162631438942	0.311827956989	10	6	3	0	4	0.285714285714
0.018155741872	0.311827956989	11	6	3	0	4	0.266666666667
0.0201392865717	0.311827956989	11	7	3	0	4	0.266666666667
0.0206774451662	0.312903225806	12	7	3	0	4	0.25
0.0210432087653	0.313978494624	13	7	3	0	4	0.235294117647
0.0224237720557	0.313978494624	14	7	3	0	4	0.222222222222
0.0249906410759	0.315053763441	15	7	3	0	4	0.210526315789
0.0251380001534	0.315053763441	16	7	3	0	4	0.2
0.0301004558133	0.315053763441	16	8	3	0	4	0.2
0.0301526509682	0.315053763441	17	8	3	0	4	0.190476190476
0.0315945416364	0.316129032258	18	8	3	0	4	0.181818181818
0.0316547681616	0.316129032258	19	8	3	0	4	0.173913043478
0.0325593105733	0.316129032258	20	8	3	0	4	0.166666666667
0.0336246405601	0.316129032258	20	9	3	0	4	0.166666666667
0.0364424902748	0.316129032258	21	9	3	0	4	0.16
0.036731250738	0.315053763441	21	10	3	0	5	0.192307692308
0.0368907474097	0.316129032258	22	10	3	0	5	0.185185185185
0.0392501342611	0.317204301075	23	10	3	0	5	0.178571428571
0.0401721740633	0.318279569892	24	10	3	0	5	0.172413793103
0.0406401601427	0.31935483871	25	10	3	0	5	0.166666666667
0.0417481177731	0.317204301075	25	11	3	0	7	0.21875
0.0418443384227	0.316129032258	26	11	3	0	7	0.212121212121
0.0435293840016	0.316129032258	27	11	3	0	7	0.205882352941
0.0450141175962	0.317204301075	28	11	3	0	7	0.2
0.0452497788913	0.317204301075	29	11	3	0	7	0.194444444444
0.0456915175668	0.318279569892	30	11	3	0	7	0.189189189189
0.0458908402826	0.31935483871	31	11	3	0	7	0.184210526316
0.0460274608929	0.317204301075	31	12	3	0	9	0.225
0.0464620843826	0.316129032258	32	12	3	0	9	0.219512195122
0.0471040340904	0.317204301075	33	12	3	0	9	0.214285714286
0.0471326396362	0.316129032258	33	13	3	0	10	0.232558139535
0.0491114312433	0.316129032258	34	13	3	0	10	0.227272727273
0.04938796005	0.316129032258	34	14	3	0	10	0.227272727273
0.0508008136796	0.313978494624	34	15	3	0	12	0.260869565217
0.0509253160906	0.315053763441	35	15	3	0	12	0.255319148936
0.0533160414489	0.316129032258	36	15	3	0	12	0.25
0.0543103091631	0.315053763441	37	15	3	0	12	0.244897959184
0.055805393946	0.315053763441	38	15	3	0	12	0.24
0.0574030567296	0.313978494624	39	15	3	0	12	0.235294117647
0.0580909019366	0.313978494624	39	16	3	0	12	0.235294117647
0.0619624230041	0.313978494624	40	16	3	0	12	0.230769230769
0.0623395232386	0.312903225806	40	17	3	0	13	0.245283018868
0.0628467085005	0.313978494624	41	17	3	0	13	0.240740740741
0.0640175931823	0.313978494624	42	17	3	0	13	0.236363636364
0.0662748351544	0.312903225806	42	18	3	0	14	0.25
0.0665539792201	0.313978494624	43	18	3	0	14	0.245614035088
0.0682634733608	0.313978494624	44	18	3	0	14	0.241379310345
0.0705502324571	0.312903225806	45	18	3	0	14	0.237288135593
0.0708678458866	0.313978494624	46	18	3	0	14	0.233333333333
0.0708945432193	0.313978494624	46	19	3	0	14	0.233333333333
0.0716376198987	0.311827956989	46	20	3	0	16	0.258064516129
0.0764388840211	0.312903225806	47	20	3	0	16	0.253968253968
0.0764601532991	0.312903225806	48	20	3	0	16	0.25
0.0765405837428	0.313978494624	49	20	3	0	16	0.246153846154
0.0768767907151	0.315053763441	50	20	3	0	16	0.242424242424
0.0773549118094	0.315053763441	50	21	3	0	16	0.242424242424
0.078420343219	0.315053763441	50	22	3	0	16	0.242424242424
0.0798484075128	0.316129032258	51	22	3	0	16	0.238805970149
0.0815767386335	0.316129032258	51	23	3	0	16	0.238805970149
0.0824289321843	0.315053763441	52	23	3	0	16	0.235294117647
0.0827150395416	0.316129032258	53	23	3	0	16	0.231884057971
0.084945794758	0.315053763441	53	24	3	0	17	0.242857142857
0.0857673923777	0.312903225806	53	25	3	0	19	0.263888888889
0.0867929856479	0.312903225806	53	26	3	0	19	0.263888888889
0.0878840687454	0.311827956989	53	27	3	0	20	0.27397260274
0.0884224280839	0.312903225806	54	27	3	0	20	0.27027027027
0.0884822232991	0.313978494624	55	27	3	0	20	0.266666666667
0.0885379018383	0.312903225806	55	28	3	0	21	0.276315789474
0.0886546730228	0.313978494624	56	28	3	0	21	0.272727272727
0.0900753429841	0.313978494624	56	29	3	0	21	0.272727272727
0.0900992345034	0.315053763441	57	29	3	0	21	0.269230769231
0.0903327356449	0.316129032258	58	29	3	0	21	0.26582278481
0.0906793470122	0.317204301075	59	29	3	0	21	0.2625
0.0907697329485	0.318279569892	60	29	3	0	21	0.259259259259
0.0912880684966	0.31935483871	61	29	3	0	21	0.256097560976
0.0916553281059	0.318279569892	61	30	3	0	22	0.265060240964
0.091658730809	0.317204301075	61	31	3	0	23	0.27380952381
0.0917781424961	0.318279569892	62	31	3	0	23	0.270588235294
0.0928907302115	0.318279569892	62	32	3	0	23	0.270588235294
0.0929138509688	0.318279569892	62	33	3	0	23	0.270588235294
0.0948494449903	0.315053763441	62	34	3	0	26	0.295454545455
0.0964397853481	0.315053763441	63	34	3	0	26	0.292134831461
0.0970183149875	0.316129032258	64	34	3	0	26	0.288888888889
0.0970631606288	0.317204301075	65	34	3	0	26	0.285714285714
0.0982995869201	0.318279569892	66	34	3	0	26	0.282608695652
0.0984615082332	0.318279569892	67	34	3	0	26	0.279569892473
0.0988111947052	0.31935483871	68	34	3	0	26	0.276595744681
0.0991782840004	0.320430107527	69	34	3	0	26	0.273684210526
0.0992595550789	0.31935483871	70	34	3	0	26	0.270833333333
0.100050461938	0.317204301075	70	35	3	0	28	0.285714285714
0.100540619406	0.317204301075	71	35	3	0	28	0.282828282828
0.101943009618	0.318279569892	72	35	3	0	28	0.28
0.102942845749	0.31935483871	73	35	3	0	28	0.277227722772
0.103946011413	0.320430107527	74	35	3	0	28	0.274509803922
0.104306033938	0.320430107527	75	35	3	0	28	0.271844660194
0.105877248032	0.321505376344	76	35	3	0	28	0.269230769231
0.106464706162	0.321505376344	77	35	3	0	28	0.266666666667
0.109489376874	0.320430107527	77	36	3	0	29	0.27358490566
0.110094976939	0.321505376344	78	36	3	0	29	0.271028037383
0.111632043568	0.322580645161	79	36	3	0	29	0.268518518519
0.114741457235	0.321505376344	80	36	3	0	29	0.266055045872
0.117420409465	0.320430107527	80	37	3	0	30	0.272727272727
0.119726435058	0.321505376344	81	37	3	0	30	0.27027027027
0.120138984677	0.321505376344	82	37	3	0	30	0.267857142857
0.120500715365	0.320430107527	82	38	3	0	31	0.274336283186
0.121844100863	0.321505376344	83	38	3	0	31	0.271929824561
0.122166593527	0.322580645161	84	38	3	0	31	0.269565217391
0.122597950893	0.31935483871	84	39	3	0	34	0.28813559322
0.122996313415	0.31935483871	85	39	3	0	34	0.285714285714
0.124175163562	0.317204301075	85	40	3	0	36	0.297520661157
0.125316513187	0.318279569892	86	40	3	0	36	0.295081967213
0.126341718316	0.317204301075	87	40	3	0	36	0.292682926829
0.12746318052	0.316129032258	87	41	3	0	37	0.298387096774
0.1282869085	0.315053763441	88	41	3	0	37	0.296
0.129368611678	0.313978494624	89	41	3	0	37	0.293650793651
0.129860660418	0.313978494624	90	41	3	0	37	0.291338582677
0.131546668093	0.315053763441	91	41	3	0	37	0.2890625
0.133309339253	0.312903225806	91	42	3	0	39	0.3
0.133594209918	0.313978494624	92	42	3	0	39	0.297709923664
0.134305373857	0.315053763441	93	42	3	0	39	0.295454545455
0.13440614896	0.316129032258	94	42	3	0	39	0.293233082707
0.13522298952	0.315053763441	95	42	3	0	39	0.291044776119
0.135422041095	0.316129032258	96	42	3	0	39	0.288888888889
0.1364660372	0.316129032258	97	42	3	0	39	0.286764705882
0.137678217713	0.316129032258	97	43	3	0	39	0.286764705882
0.139196700117	0.317204301075	98	43	3	0	39	0.284671532847
0.140209670484	0.317204301075	98	44	3	0	39	0.284671532847
0.142972728077	0.317204301075	99	44	3	0	39	0.282608695652
0.144788649531	0.318279569892	100	44	3	0	39	0.280575539568
0.145528137835	0.31935483871	101	44	3	0	39	0.278571428571
0.14726013974	0.31935483871	101	45	3	0	39	0.278571428571
0.148186897217	0.320430107527	102	45	3	0	39	0.276595744681
0.151497942522	0.321505376344	103	45	3	0	39	0.274647887324
0.15230560755	0.321505376344	104	45	3	0	39	0.272727272727
0.152770240456	0.321505376344	105	45	3	0	39	0.270833333333
0.153283621644	0.320430107527	105	46	3	0	40	0.275862068966
0.154791445948	0.320430107527	105	47	3	0	40	0.275862068966
0.155118938371	0.321505376344	106	47	3	0	40	0.27397260274
0.156187568946	0.322580645161	107	47	3	0	40	0.272108843537
0.156345422839	0.323655913978	108	47	3	0	40	0.27027027027
0.15783972146	0.324731182796	109	47	3	0	40	0.268456375839
0.158255203964	0.324731182796	110	47	3	0	40	0.266666666667
0.159090379496	0.324731182796	111	47	3	0	40	0.264900662252
0.15932989558	0.325806451613	112	47	3	0	40	0.263157894737
0.159849120653	0.325806451613	113	47	3	0	40	0.261437908497
0.1614598387	0.32688172043	114	47	3	0	40	0.25974025974
0.161472787136	0.327956989247	115	47	3	0	40	0.258064516129
0.161599870294	0.329032258065	116	47	3	0	40	0.25641025641
0.162955489118	0.329032258065	116	48	3	0	40	0.25641025641
0.163449511276	0.330107526882	117	48	3	0	40	0.254777070064
0.164281217494	0.331182795699	118	48	3	0	40	0.253164556962
0.164475707909	0.332258064516	119	48	3	0	40	0.251572327044
0.165663295988	0.330107526882	119	49	3	0	42	0.260869565217
0.168980700972	0.329032258065	120	49	3	0	42	0.259259259259
0.170319267488	0.330107526882	121	49	3	0	42	0.257668711656
0.170530175322	0.331182795699	122	49	3	0	42	0.256097560976
0.172148624021	0.332258064516	123	49	3	0	42	0.254545454545
0.173404310646	0.333333333333	124	49	3	0	42	0.253012048193
0.173739775014	0.333333333333	125	49	3	0	42	0.251497005988
0.174202882548	0.332258064516	126	49	3	0	42	0.25
0.175597540042	0.333333333333	127	49	3	0	42	0.248520710059
0.176100098032	0.334408602151	128	49	3	0	42	0.247058823529
0.176822620307	0.335483870968	129	49	3	0	42	0.245614035088
0.17683322408	0.336559139785	130	49	3	0	42	0.244186046512
0.178351110294	0.335483870968	130	50	3	0	43	0.248554913295
0.179597959668	0.335483870968	131	50	3	0	43	0.247126436782
0.181356768991	0.334408602151	131	51	3	0	44	0.251428571429
0.181373780706	0.334408602151	131	52	3	0	44	0.251428571429
0.181706221867	0.333333333333	131	53	3	0	45	0.255681818182
0.182099715591	0.333333333333	132	53	3	0	45	0.254237288136
0.182468407822	0.332258064516	133	53	3	0	45	0.252808988764
0.183896111657	0.331182795699	133	54	3	0	46	0.256983240223
0.185168949833	0.332258064516	134	54	3	0	46	0.255555555556
0.18647127741	0.332258064516	134	55	3	0	46	0.255555555556
0.190514150436	0.331182795699	134	56	3	0	47	0.259668508287
0.190737521085	0.332258064516	135	56	3	0	47	0.258241758242
0.191097237469	0.333333333333	136	56	3	0	47	0.256830601093
0.191232621005	0.330107526882	136	57	3	0	50	0.268817204301
0.195445802909	0.331182795699	137	57	3	0	50	0.267379679144
0.198516219388	0.331182795699	138	57	3	0	50	0.265957446809
0.200300444724	0.332258064516	139	57	3	0	50	0.26455026455
0.20032085251	0.333333333333	140	57	3	0	50	0.263157894737
0.201903240118	0.334408602151	141	57	3	0	50	0.261780104712
0.204391256985	0.333333333333	142	57	3	0	50	0.260416666667
0.205473504858	0.333333333333	142	58	3	0	50	0.260416666667
0.206670869304	0.333333333333	142	59	3	0	50	0.260416666667
0.207583679472	0.334408602151	143	59	3	0	50	0.259067357513
0.207786488476	0.334408602151	143	60	3	0	50	0.259067357513
0.207955751647	0.335483870968	144	60	3	0	50	0.257731958763
0.208991961307	0.336559139785	145	60	3	0	50	0.25641025641
0.209097760188	0.335483870968	146	60	3	0	50	0.255102040816
0.209528762688	0.336559139785	147	60	3	0	50	0.253807106599
0.210269013028	0.337634408602	148	60	3	0	50	0.252525252525
0.210637779028	0.336559139785	148	61	3	0	51	0.256281407035
0.211364260998	0.336559139785	149	61	3	0	51	0.255
0.211712342872	0.337634408602	150	61	3	0	51	0.253731343284
0.213155924896	0.336559139785	150	62	3	0	52	0.257425742574
0.213460627209	0.334408602151	150	63	3	0	54	0.264705882353
0.213636837168	0.335483870968	151	63	3	0	54	0.263414634146
0.213662040833	0.332258064516	151	64	3	0	57	0.274038461538
0.214188233107	0.333333333333	152	64	3	0	57	0.272727272727
0.214286516722	0.332258064516	152	65	3	0	58	0.27619047619
0.215699156734	0.332258064516	152	66	3	0	58	0.27619047619
0.217928893369	0.332258064516	152	67	3	0	58	0.27619047619
0.218177055177	0.331182795699	152	68	3	0	59	0.279620853081
0.218950516108	0.330107526882	152	69	3	0	60	0.283018867925
0.222132678591	0.329032258065	152	70	3	0	61	0.286384976526
0.222704242758	0.32688172043	152	71	3	0	63	0.293023255814
0.22322095726	0.327956989247	153	71	3	0	63	0.291666666667
0.225645132268	0.32688172043	153	72	3	0	64	0.294930875576
0.225841508011	0.325806451613	154	72	3	0	64	0.293577981651
0.233731069415	0.32688172043	155	72	3	0	64	0.292237442922
0.236771235068	0.324731182796	155	73	3	0	66	0.298642533937
0.237058232417	0.325806451613	156	73	3	0	66	0.297297297297
0.237243473648	0.32688172043	157	73	3	0	66	0.295964125561
0.237472075122	0.32688172043	158	73	3	0	66	0.294642857143
0.237807343848	0.327956989247	159	73	3	0	66	0.293333333333
0.237883046856	0.329032258065	160	73	3	0	66	0.29203539823
0.238420140132	0.329032258065	160	74	3	0	66	0.29203539823
0.239405349014	0.330107526882	161	74	3	0	66	0.290748898678
0.245041700404	0.32688172043	161	75	3	0	69	0.3
0.246929838776	0.327956989247	162	75	3	0	69	0.298701298701
0.246976068031	0.327956989247	162	76	3	0	69	0.298701298701
0.2470972699	0.325806451613	162	77	3	0	71	0.304721030043
0.247605494094	0.325806451613	163	77	3	0	71	0.303418803419
0.248340232154	0.325806451613	163	78	3	0	71	0.303418803419
0.249672423976	0.324731182796	163	79	3	0	72	0.306382978723
0.24993819581	0.324731182796	164	79	3	0	72	0.305084745763
0.249944306266	0.322580645161	164	80	3	0	74	0.310924369748
0.252190856213	0.322580645161	164	81	3	0	74	0.310924369748
0.254060044037	0.322580645161	164	82	3	0	74	0.310924369748
0.254093470799	0.322580645161	165	82	3	0	74	0.309623430962
0.256680712835	0.322580645161	166	82	3	0	74	0.308333333333
0.258035500878	0.321505376344	167	82	3	0	74	0.307053941909
0.258327009008	0.322580645161	168	82	3	0	74	0.305785123967
0.259309025334	0.322580645161	168	83	3	0	74	0.305785123967
0.260775096026	0.321505376344	169	83	3	0	74	0.304526748971
0.26217483447	0.320430107527	170	83	3	0	74	0.303278688525
0.263551419978	0.321505376344	171	83	3	0	74	0.302040816327
0.264729378877	0.320430107527	172	83	3	0	74	0.30081300813
0.265029009811	0.321505376344	173	83	3	0	74	0.2995951417
0.267584766077	0.321505376344	174	83	3	0	74	0.298387096774
0.269260003203	0.322580645161	175	83	3	0	74	0.29718875502
0.271396675738	0.322580645161	175	84	3	0	74	0.29718875502
0.272542211872	0.323655913978	176	84	3	0	74	0.296
0.273247676331	0.323655913978	177	84	3	0	74	0.294820717131
0.274674194404	0.324731182796	178	84	3	0	74	0.293650793651
0.276017238248	0.324731182796	179	84	3	0	74	0.292490118577
0.276168736766	0.325806451613	180	84	3	0	74	0.291338582677
0.277920925391	0.32688172043	181	84	3	0	74	0.290196078431
0.278192145366	0.327956989247	182	84	3	0	74	0.2890625
0.279340846921	0.329032258065	183	84	3	0	74	0.287937743191
0.27939422857	0.329032258065	183	85	3	0	74	0.287937743191
0.282320649975	0.329032258065	184	85	3	0	74	0.286821705426
0.28302149783	0.32688172043	184	86	3	0	76	0.292307692308
0.28320798456	0.325806451613	184	87	3	0	77	0.295019157088
0.283267927361	0.32688172043	185	87	3	0	77	0.293893129771
0.285115314303	0.327956989247	186	87	3	0	77	0.292775665399
0.287831768027	0.325806451613	186	88	3	0	79	0.298113207547
0.289493226321	0.323655913978	186	89	3	0	81	0.303370786517
0.290620002062	0.324731182796	187	89	3	0	81	0.30223880597
0.29095334198	0.323655913978	187	90	3	0	82	0.304832713755
0.291048607136	0.323655913978	187	91	3	0	82	0.304832713755
0.29139005353	0.322580645161	188	91	3	0	82	0.303703703704
0.291401224487	0.321505376344	188	92	3	0	83	0.306273062731
0.292439920363	0.321505376344	188	93	3	0	83	0.306273062731
0.293565697696	0.322580645161	189	93	3	0	83	0.305147058824
0.295477398048	0.320430107527	189	94	3	0	85	0.310218978102
0.296319058013	0.31935483871	189	95	3	0	86	0.312727272727
0.296679669969	0.318279569892	189	96	3	0	87	0.315217391304
0.300106232828	0.31935483871	190	96	3	0	87	0.314079422383
0.300424941026	0.320430107527	191	96	3	0	87	0.312949640288
0.300985663006	0.320430107527	192	96	3	0	87	0.311827956989
0.301019482238	0.321505376344	193	96	3	0	87	0.310714285714
0.301222881043	0.321505376344	193	97	3	0	87	0.310714285714
0.301255190919	0.322580645161	194	97	3	0	87	0.309608540925
0.304036740502	0.322580645161	195	97	3	0	87	0.308510638298
0.30591945691	0.321505376344	196	97	3	0	87	0.3074204947
0.306259590466	0.321505376344	196	98	3	0	87	0.3074204947
0.306399471165	0.321505376344	197	98	3	0	87	0.306338028169
0.308106645681	0.322580645161	198	98	3	0	87	0.305263157895
0.309165481732	0.322580645161	198	99	3	0	87	0.305263157895
0.311596806991	0.321505376344	199	99	3	0	87	0.304195804196
0.311607636152	0.322580645161	200	99	3	0	87	0.303135888502
0.311972746469	0.323655913978	201	99	3	0	87	0.302083333333
0.315951185914	0.324731182796	202	99	3	0	87	0.301038062284
0.316585132449	0.325806451613	203	99	3	0	87	0.3
0.318002918239	0.323655913978	203	100	3	0	89	0.304794520548
0.319335564117	0.321505376344	203	101	3	0	91	0.309523809524
0.322184334438	0.322580645161	204	101	3	0	91	0.308474576271
0.322189750412	0.323655913978	205	101	3	0	91	0.307432432432
0.322670822091	0.324731182796	206	101	3	0	91	0.306397306397
0.322956345172	0.325806451613	207	101	3	0	91	0.305369127517
0.327804097135	0.32688172043	208	101	3	0	91	0.304347826087
0.328905725552	0.32688172043	208	102	3	0	91	0.304347826087
0.32895354861	0.324731182796	208	103	3	0	93	0.308970099668
0.329973915019	0.322580645161	208	104	3	0	95	0.313531353135
0.330929400941	0.322580645161	209	104	3	0	95	0.3125
0.331030531328	0.320430107527	209	105	3	0	97	0.316993464052
0.331782957305	0.321505376344	210	105	3	0	97	0.315960912052
0.339605622612	0.322580645161	211	105	3	0	97	0.314935064935
0.339699733583	0.323655913978	212	105	3	0	97	0.313915857605
0.339709153631	0.323655913978	212	106	3	0	97	0.313915857605
0.341399045437	0.322580645161	213	106	3	0	97	0.312903225806
0.341767996383	0.321505376344	214	106	3	0	97	0.311897106109
0.34250044286	0.322580645161	215	106	3	0	97	0.310897435897
0.342751742988	0.323655913978	216	106	3	0	97	0.309904153355
0.343366738472	0.323655913978	216	107	3	0	97	0.309904153355
0.343562891327	0.321505376344	216	108	3	0	99	0.314285714286
0.34420135259	0.322580645161	217	108	3	0	99	0.313291139241
0.346822305676	0.323655913978	218	108	3	0	99	0.312302839117
0.347000839353	0.321505376344	218	109	3	0	101	0.316614420063
0.348557522867	0.322580645161	219	109	3	0	101	0.315625
0.348676187336	0.323655913978	220	109	3	0	101	0.314641744548
0.348993615616	0.323655913978	221	109	3	0	101	0.313664596273
0.349918758593	0.324731182796	222	109	3	0	101	0.312693498452
0.351723838305	0.324731182796	223	109	3	0	101	0.311728395062
0.353684300903	0.323655913978	224	109	3	0	101	0.310769230769
0.355023411676	0.323655913978	225	109	3	0	101	0.30981595092
0.35709187952	0.323655913978	225	110	3	0	101	0.30981595092
0.357112313338	0.321505376344	225	111	3	0	103	0.314024390244
0.35998633461	0.322580645161	226	111	3	0	103	0.313069908815
0.360176226729	0.320430107527	226	112	3	0	105	0.317220543807
0.361085882961	0.320430107527	226	113	3	0	105	0.317220543807
0.361872580035	0.321505376344	227	113	3	0	105	0.316265060241
0.363600820024	0.318279569892	227	114	3	0	108	0.322388059701
0.370276674139	0.317204301075	227	115	3	0	109	0.324404761905
0.371429034876	0.317204301075	228	115	3	0	109	0.323442136499
0.373569784072	0.318279569892	229	115	3	0	109	0.322485207101
0.374110487537	0.31935483871	230	115	3	0	109	0.321533923304
0.374891533047	0.31935483871	230	116	3	0	109	0.321533923304
0.374972637333	0.31935483871	230	117	3	0	109	0.321533923304
0.37528778889	0.320430107527	231	117	3	0	109	0.320588235294
0.376019848687	0.31935483871	231	118	3	0	110	0.322580645161
0.377011597483	0.31935483871	231	119	3	0	110	0.322580645161
0.377798993915	0.316129032258	231	120	3	0	113	0.328488372093
0.378753203521	0.312903225806	231	121	3	0	116	0.334293948127
0.379466641413	0.312903225806	232	121	3	0	116	0.333333333333
0.380245888272	0.313978494624	233	121	3	0	116	0.332378223496
0.38160622658	0.313978494624	234	121	3	0	116	0.331428571429
0.382081161288	0.311827956989	234	122	3	0	118	0.335227272727
0.382335246792	0.311827956989	235	122	3	0	118	0.334277620397
0.382681965793	0.312903225806	236	122	3	0	118	0.333333333333
0.382957371757	0.312903225806	237	122	3	0	118	0.332394366197
0.384014759321	0.313978494624	238	122	3	0	118	0.331460674157
0.387331322593	0.313978494624	239	122	3	0	118	0.330532212885
0.387538255831	0.310752688172	239	123	3	0	121	0.336111111111
0.38862699947	0.311827956989	240	123	3	0	121	0.335180055402
0.388694138001	0.310752688172	241	123	3	0	121	0.334254143646
0.389644744743	0.310752688172	241	124	3	0	121	0.334254143646
0.389920172811	0.309677419355	242	124	3	0	121	0.333333333333
0.391506699111	0.310752688172	243	124	3	0	121	0.332417582418
0.392105448133	0.311827956989	244	124	3	0	121	0.331506849315
0.392938489402	0.310752688172	245	124	3	0	121	0.330601092896
0.39315969676	0.311827956989	246	124	3	0	121	0.32970027248
0.394001587334	0.311827956989	246	125	3	0	121	0.32970027248
0.395545023155	0.311827956989	246	126	3	0	121	0.32970027248
0.396265997331	0.312903225806	247	126	3	0	121	0.328804347826
0.397973541644	0.309677419355	247	127	3	0	124	0.33423180593
0.398505437067	0.308602150538	247	128	3	0	125	0.336021505376
0.403378957672	0.30752688172	247	129	3	0	126	0.337801608579
0.403514840285	0.306451612903	248	129	3	0	126	0.336898395722
0.403599161577	0.306451612903	248	130	3	0	126	0.336898395722
0.403949586465	0.306451612903	248	131	3	0	126	0.336898395722
0.405880218906	0.30752688172	249	131	3	0	126	0.336
0.40610536152	0.30752688172	249	132	3	0	126	0.336
0.406347648314	0.306451612903	249	133	3	0	127	0.337765957447
0.408712942358	0.305376344086	250	133	3	0	127	0.336870026525
0.409607514353	0.303225806452	250	134	3	0	129	0.34036939314
0.409829855301	0.302150537634	251	134	3	0	129	0.339473684211
0.409933801985	0.3	251	135	3	0	131	0.342931937173
0.410907491121	0.301075268817	252	135	3	0	131	0.342036553525
0.41245448226	0.301075268817	253	135	3	0	131	0.341145833333
0.414937782028	0.302150537634	254	135	3	0	131	0.34025974026
0.414997379557	0.3	254	136	3	0	133	0.343669250646
0.416079370235	0.298924731183	254	137	3	0	134	0.345360824742
0.416349903201	0.3	255	137	3	0	134	0.344473007712
0.416689058308	0.301075268817	256	137	3	0	134	0.34358974359
0.418025437673	0.302150537634	257	137	3	0	134	0.342710997442
0.418646745031	0.301075268817	257	138	3	0	135	0.344387755102
0.420112226376	0.302150537634	258	138	3	0	135	0.343511450382
0.420453174293	0.302150537634	258	139	3	0	135	0.343511450382
0.421792637619	0.301075268817	259	139	3	0	135	0.342639593909
0.422744827694	0.3	260	139	3	0	135	0.341772151899
0.423055962258	0.301075268817	261	139	3	0	135	0.340909090909
0.423393191951	0.3	262	139	3	0	135	0.340050377834
0.425827727613	0.298924731183	262	140	3	0	136	0.341708542714
0.42600631075	0.298924731183	262	141	3	0	136	0.341708542714
0.426341641124	0.298924731183	262	142	3	0	136	0.341708542714
0.426562678317	0.297849462366	263	142	3	0	136	0.340852130326
0.426598239167	0.298924731183	264	142	3	0	136	0.34
0.426735234875	0.296774193548	264	143	3	0	138	0.34328358209
0.428158674921	0.297849462366	265	143	3	0	138	0.342431761787
0.430165341986	0.298924731183	266	143	3	0	138	0.341584158416
0.430394718594	0.298924731183	266	144	3	0	138	0.341584158416
0.430397752679	0.298924731183	267	144	3	0	138	0.340740740741
0.431724435551	0.298924731183	267	145	3	0	138	0.340740740741
0.434159435851	0.297849462366	267	146	3	0	139	0.34236453202
0.434996775293	0.295698924731	267	147	3	0	141	0.345588235294
0.435683982835	0.295698924731	267	148	3	0	141	0.345588235294
0.436590223949	0.296774193548	268	148	3	0	141	0.344743276284
0.439092717406	0.297849462366	269	148	3	0	141	0.343902439024
0.441203805128	0.298924731183	270	148	3	0	141	0.343065693431
0.442467591387	0.296774193548	270	149	3	0	143	0.346246973366
0.44841318709	0.297849462366	271	149	3	0	143	0.345410628019
0.448455516536	0.298924731183	272	149	3	0	143	0.344578313253
0.448558729904	0.296774193548	272	150	3	0	145	0.347721822542
0.448961620856	0.297849462366	273	150	3	0	145	0.346889952153
0.449027839045	0.298924731183	274	150	3	0	145	0.346062052506
0.450300496728	0.3	275	150	3	0	145	0.345238095238
0.451102639472	0.3	275	151	3	0	145	0.345238095238
0.451276997981	0.301075268817	276	151	3	0	145	0.344418052257
0.451700807448	0.302150537634	277	151	3	0	145	0.343601895735
0.452820714882	0.301075268817	278	151	3	0	145	0.342789598109
0.455367427248	0.302150537634	279	151	3	0	145	0.341981132075
0.45652590692	0.303225806452	280	151	3	0	145	0.341176470588
0.459055642618	0.301075268817	280	152	3	0	147	0.344262295082
0.460502010839	0.298924731183	280	153	3	0	149	0.347319347319
0.461741874902	0.3	281	153	3	0	149	0.346511627907
0.461841991018	0.3	281	154	3	0	149	0.346511627907
0.462774548275	0.301075268817	282	154	3	0	149	0.345707656613
0.463601371947	0.302150537634	283	154	3	0	149	0.344907407407
0.465256388737	0.302150537634	283	155	3	0	149	0.344907407407
0.4656263732	0.302150537634	283	156	3	0	149	0.344907407407
0.466165272412	0.303225806452	284	156	3	0	149	0.344110854503
0.466681846951	0.303225806452	285	156	3	0	149	0.34331797235
0.466867297892	0.304301075269	286	156	3	0	149	0.342528735632
0.470612355843	0.304301075269	287	156	3	0	149	0.341743119266
0.473333939304	0.304301075269	288	156	3	0	149	0.340961098398
0.47345779855	0.305376344086	289	156	3	0	149	0.340182648402
0.473740883344	0.306451612903	290	156	3	0	149	0.339407744875
0.474660651634	0.306451612903	291	156	3	0	149	0.338636363636
0.476829065674	0.305376344086	292	156	3	0	149	0.337868480726
0.477797081486	0.304301075269	292	157	3	0	150	0.339366515837
0.478649426803	0.305376344086	293	157	3	0	150	0.338600451467
0.479711431118	0.304301075269	293	158	3	0	151	0.34009009009
0.480166464441	0.305376344086	294	158	3	0	151	0.339325842697
0.481032566213	0.306451612903	295	158	3	0	151	0.338565022422
0.481229797637	0.30752688172	296	158	3	0	151	0.337807606264
0.482047228305	0.30752688172	296	159	3	0	151	0.337807606264
0.482665580892	0.308602150538	297	159	3	0	151	0.337053571429
0.483338358221	0.309677419355	298	159	3	0	151	0.336302895323
0.487419591135	0.310752688172	299	159	3	0	151	0.335555555556
0.487525197421	0.311827956989	300	159	3	0	151	0.334811529933
0.488963837178	0.312903225806	301	159	3	0	151	0.33407079646
0.4894927298	0.313978494624	302	159	3	0	151	0.333333333333
0.49036357182	0.315053763441	303	159	3	0	151	0.332599118943
0.49124221009	0.311827956989	303	160	3	0	154	0.336980306346
0.491378842181	0.312903225806	304	160	3	0	154	0.336244541485
0.491414473315	0.312903225806	305	160	3	0	154	0.335511982571
0.494584778991	0.313978494624	306	160	3	0	154	0.334782608696
0.495016171181	0.312903225806	307	160	3	0	154	0.334056399132
0.495919879918	0.312903225806	307	161	3	0	154	0.334056399132
