# time 	 divergence 	 # of mutations 	 # IGC chances 	 IGC length 	 # IGC failures 	 Changes due to IGC  	 % change due to IGC 
0.0	0.569200779727	0	0	0	0	0	0.0
0.000762076714174	0.570175438596	1	0	0	0	0	0.0
0.00165970434451	0.569200779727	2	0	0	0	0	0.0
0.00297682799963	0.570175438596	3	0	0	0	0	0.0
0.00674463685646	0.570175438596	4	0	0	0	0	0.0
0.00740588439471	0.570175438596	5	0	0	0	0	0.0
0.00914430338306	0.571150097466	6	0	0	0	0	0.0
0.00927307884176	0.571150097466	7	0	0	0	0	0.0
0.0105124049262	0.571150097466	8	0	0	0	0	0.0
0.0164123699043	0.570175438596	9	0	0	0	0	0.0
0.0185340420742	0.571150097466	10	0	0	0	0	0.0
0.0210202535695	0.570175438596	11	0	0	0	0	0.0
0.0217876430824	0.571150097466	12	0	0	0	0	0.0
0.0222286526581	0.571150097466	13	0	0	0	0	0.0
0.0226819758273	0.572124756335	14	0	0	0	0	0.0
0.022742696315	0.573099415205	15	0	0	0	0	0.0
0.0238208347765	0.572124756335	16	0	0	0	0	0.0
0.0245857515382	0.573099415205	17	0	0	0	0	0.0
0.0277097270482	0.574074074074	18	0	0	0	0	0.0
0.0290881408696	0.575048732943	19	0	0	0	0	0.0
0.0305301332599	0.576023391813	20	0	0	0	0	0.0
0.0323069762023	0.576998050682	21	0	0	0	0	0.0
0.0344698788172	0.576998050682	22	0	0	0	0	0.0
0.0356443904791	0.576998050682	23	0	0	0	0	0.0
0.036645414004	0.576998050682	24	0	0	0	0	0.0
0.0368684675479	0.576023391813	25	0	0	0	0	0.0
0.0419392174658	0.576998050682	26	0	0	0	0	0.0
0.0425786679648	0.577972709552	27	0	0	0	0	0.0
0.0427930911893	0.577972709552	28	0	0	0	0	0.0
0.0428300409616	0.578947368421	29	0	0	0	0	0.0
0.0428463236416	0.578947368421	30	0	0	0	0	0.0
0.0446119592442	0.57992202729	31	0	0	0	0	0.0
0.0449276533175	0.57992202729	32	0	0	0	0	0.0
0.0455572016015	0.58089668616	33	0	0	0	0	0.0
0.0485398066512	0.58089668616	34	0	0	0	0	0.0
0.04857852373	0.57992202729	35	0	0	0	0	0.0
0.0487490358862	0.57992202729	36	0	0	0	0	0.0
0.0505494524313	0.578947368421	37	0	0	0	0	0.0
0.0505566179785	0.577972709552	38	0	0	0	0	0.0
0.050768091415	0.577972709552	39	0	0	0	0	0.0
0.0513920973592	0.578947368421	40	0	0	0	0	0.0
0.0516701983866	0.57992202729	41	0	0	0	0	0.0
0.0522431177831	0.58089668616	42	0	0	0	0	0.0
0.0528607655698	0.58089668616	43	0	0	0	0	0.0
0.0530609405231	0.57992202729	44	0	0	0	0	0.0
0.0532767089631	0.58089668616	45	0	0	0	0	0.0
0.0533862015826	0.573099415205	45	1	15	0	8	0.150943396226
0.0535115726967	0.573099415205	46	1	15	0	8	0.148148148148
0.054173068591	0.572124756335	47	1	15	0	8	0.145454545455
0.057187093649	0.573099415205	48	1	15	0	8	0.142857142857
0.0586124044329	0.574074074074	49	1	15	0	8	0.140350877193
0.0601596465939	0.575048732943	50	1	15	0	8	0.137931034483
0.0621737992056	0.575048732943	51	1	15	0	8	0.135593220339
0.0628436124238	0.575048732943	52	1	15	0	8	0.133333333333
0.0631540621213	0.575048732943	53	1	15	0	8	0.131147540984
0.0645110218423	0.575048732943	54	1	15	0	8	0.129032258065
0.0650057390042	0.574074074074	55	1	15	0	8	0.126984126984
0.0661448449908	0.574074074074	56	1	15	0	8	0.125
0.068068333831	0.574074074074	57	1	15	0	8	0.123076923077
0.0704651487239	0.574074074074	58	1	15	0	8	0.121212121212
0.0731535439747	0.575048732943	59	1	15	0	8	0.119402985075
0.073917459399	0.576023391813	60	1	15	0	8	0.117647058824
0.0742508431458	0.576023391813	61	1	15	0	8	0.115942028986
0.0747953941257	0.576998050682	62	1	15	0	8	0.114285714286
0.0751071611371	0.576998050682	63	1	15	0	8	0.112676056338
0.076151835623	0.577972709552	64	1	15	0	8	0.111111111111
0.0766128885107	0.578947368421	65	1	15	0	8	0.109589041096
0.0790897013153	0.578947368421	66	1	15	0	8	0.108108108108
0.0851978378309	0.578947368421	67	1	15	0	8	0.106666666667
0.0854623804818	0.578947368421	68	1	15	0	8	0.105263157895
0.0898750325146	0.578947368421	69	1	15	0	8	0.103896103896
0.0909758749087	0.578947368421	70	1	15	0	8	0.102564102564
0.0911128039979	0.577972709552	71	1	15	0	8	0.101265822785
0.09338421385	0.578947368421	72	1	15	0	8	0.1
0.0981206502269	0.577972709552	73	1	15	0	8	0.0987654320988
0.101679902457	0.577972709552	74	1	15	0	8	0.0975609756098
0.103742253735	0.577972709552	75	1	15	0	8	0.0963855421687
0.10586785325	0.578947368421	76	1	15	0	8	0.0952380952381
0.107519016087	0.57992202729	77	1	15	0	8	0.0941176470588
0.110785315809	0.57992202729	78	1	15	0	8	0.093023255814
0.113153104457	0.578947368421	79	1	15	0	8	0.0919540229885
0.114172701663	0.57992202729	80	1	15	0	8	0.0909090909091
0.118898028498	0.578947368421	81	1	15	0	8	0.0898876404494
0.121637636704	0.57992202729	82	1	15	0	8	0.0888888888889
0.122714407255	0.58089668616	83	1	15	0	8	0.0879120879121
0.124679613316	0.58089668616	84	1	15	0	8	0.0869565217391
0.124818751265	0.58089668616	85	1	15	0	8	0.0860215053763
0.125326478347	0.581871345029	86	1	15	0	8	0.0851063829787
0.125881955373	0.581871345029	87	1	15	0	8	0.0842105263158
0.127509458137	0.582846003899	88	1	15	0	8	0.0833333333333
0.127846211442	0.583820662768	89	1	15	0	8	0.0824742268041
0.128155545813	0.584795321637	90	1	15	0	8	0.0816326530612
0.128913057128	0.585769980507	91	1	15	0	8	0.0808080808081
0.129562822666	0.586744639376	92	1	15	0	8	0.08
0.130965663713	0.586744639376	93	1	15	0	8	0.0792079207921
0.131177954322	0.587719298246	94	1	15	0	8	0.078431372549
0.1312333532	0.588693957115	95	1	15	0	8	0.0776699029126
0.131959606226	0.588693957115	96	1	15	0	8	0.0769230769231
0.132015695909	0.587719298246	97	1	15	0	8	0.0761904761905
0.1346848784	0.577972709552	97	2	12	0	18	0.15652173913
0.135982470714	0.577972709552	98	2	12	0	18	0.155172413793
0.137232875047	0.577972709552	99	2	12	0	18	0.153846153846
0.137883387208	0.578947368421	100	2	12	0	18	0.152542372881
0.139863106503	0.57992202729	101	2	12	0	18	0.151260504202
0.141183524352	0.58089668616	102	2	12	0	18	0.15
0.143344840696	0.581871345029	103	2	12	0	18	0.148760330579
0.146759316776	0.581871345029	104	2	12	0	18	0.147540983607
0.147061038611	0.581871345029	105	2	12	0	18	0.146341463415
0.147199510954	0.58089668616	106	2	12	0	18	0.145161290323
0.14772852797	0.581871345029	107	2	12	0	18	0.144
0.147831207006	0.581871345029	108	2	12	0	18	0.142857142857
0.149381363805	0.581871345029	109	2	12	0	18	0.141732283465
0.150941605484	0.581871345029	110	2	12	0	18	0.140625
0.151905263144	0.58089668616	111	2	12	0	18	0.139534883721
0.154529117403	0.581871345029	112	2	12	0	18	0.138461538462
0.154581081836	0.581871345029	113	2	12	0	18	0.137404580153
0.157119244928	0.582846003899	114	2	12	0	18	0.136363636364
0.157312289831	0.583820662768	115	2	12	0	18	0.135338345865
0.157696343122	0.582846003899	116	2	12	0	18	0.134328358209
0.158814969934	0.583820662768	117	2	12	0	18	0.133333333333
0.160552201582	0.584795321637	118	2	12	0	18	0.132352941176
0.164462997656	0.585769980507	119	2	12	0	18	0.131386861314
0.165487550286	0.584795321637	120	2	12	0	18	0.130434782609
0.16678601418	0.583820662768	121	2	12	0	18	0.129496402878
0.167729631679	0.583820662768	122	2	12	0	18	0.128571428571
0.171174783203	0.583820662768	123	2	12	0	18	0.127659574468
0.171490896018	0.583820662768	124	2	12	0	18	0.12676056338
0.17192358217	0.583820662768	125	2	12	0	18	0.125874125874
0.173664408225	0.584795321637	126	2	12	0	18	0.125
0.175811403094	0.584795321637	127	2	12	0	18	0.124137931034
0.177116131773	0.583820662768	128	2	12	0	18	0.123287671233
0.178709853366	0.584795321637	129	2	12	0	18	0.122448979592
0.181656360871	0.585769980507	130	2	12	0	18	0.121621621622
0.182133109338	0.586744639376	131	2	12	0	18	0.120805369128
0.18291418212	0.587719298246	132	2	12	0	18	0.12
0.183467808017	0.588693957115	133	2	12	0	18	0.119205298013
0.187945342231	0.588693957115	134	2	12	0	18	0.118421052632
0.188047425477	0.588693957115	135	2	12	0	18	0.117647058824
0.189805697094	0.588693957115	136	2	12	0	18	0.116883116883
0.190396818879	0.589668615984	137	2	12	0	18	0.116129032258
0.192134807162	0.589668615984	138	2	12	0	18	0.115384615385
0.19495448043	0.588693957115	139	2	12	0	18	0.114649681529
0.195721855322	0.588693957115	140	2	12	0	18	0.113924050633
0.196113656256	0.584795321637	140	3	6	0	22	0.135802469136
0.196232253581	0.585769980507	141	3	6	0	22	0.134969325153
0.197612469782	0.576023391813	141	4	18	0	32	0.184971098266
0.198870793692	0.576998050682	142	4	18	0	32	0.183908045977
0.199650841651	0.576998050682	143	4	18	0	32	0.182857142857
0.200053058032	0.576998050682	144	4	18	0	32	0.181818181818
0.200577097595	0.577972709552	145	4	18	0	32	0.180790960452
0.200973865207	0.577972709552	146	4	18	0	32	0.179775280899
0.202947395071	0.578947368421	147	4	18	0	32	0.178770949721
0.203044395441	0.57992202729	148	4	18	0	32	0.177777777778
0.204343994983	0.58089668616	149	4	18	0	32	0.17679558011
0.205456568607	0.58089668616	150	4	18	0	32	0.175824175824
0.208127704723	0.58089668616	151	4	18	0	32	0.174863387978
0.209434674419	0.58089668616	152	4	18	0	32	0.173913043478
0.21265046384	0.58089668616	153	4	18	0	32	0.172972972973
0.217718025496	0.581871345029	154	4	18	0	32	0.172043010753
0.219272314684	0.581871345029	155	4	18	0	32	0.171122994652
0.219773084766	0.58089668616	156	4	18	0	32	0.170212765957
0.219827529753	0.581871345029	157	4	18	0	32	0.169312169312
0.220299767003	0.581871345029	158	4	18	0	32	0.168421052632
0.220595248689	0.578947368421	158	5	12	0	35	0.181347150259
0.220738701666	0.578947368421	159	5	12	0	35	0.180412371134
0.221142959568	0.57992202729	160	5	12	0	35	0.179487179487
0.221583953619	0.57992202729	161	5	12	0	35	0.178571428571
0.221640806262	0.578947368421	162	5	12	0	35	0.177664974619
0.222350769685	0.578947368421	163	5	12	0	35	0.176767676768
0.222838160009	0.577972709552	164	5	12	0	35	0.175879396985
0.229974093195	0.577972709552	165	5	12	0	35	0.175
0.231013160031	0.576998050682	166	5	12	0	35	0.174129353234
0.232868349334	0.576023391813	167	5	12	0	35	0.173267326733
0.234075655772	0.575048732943	168	5	12	0	35	0.172413793103
0.234860071954	0.576023391813	169	5	12	0	35	0.171568627451
0.23492807702	0.576023391813	170	5	12	0	35	0.170731707317
0.236190934698	0.576023391813	171	5	12	0	35	0.169902912621
0.23620724183	0.575048732943	172	5	12	0	35	0.169082125604
0.237165358866	0.576023391813	173	5	12	0	35	0.168269230769
0.237356445266	0.575048732943	174	5	12	0	35	0.167464114833
0.237956486569	0.575048732943	175	5	12	0	35	0.166666666667
0.242397460073	0.575048732943	176	5	12	0	35	0.165876777251
0.243717328016	0.576023391813	177	5	12	0	35	0.165094339623
0.244455630414	0.576023391813	178	5	12	0	35	0.164319248826
0.245185490102	0.575048732943	179	5	12	0	35	0.163551401869
0.247154790236	0.576023391813	180	5	12	0	35	0.162790697674
0.248695904607	0.576998050682	181	5	12	0	35	0.162037037037
0.249187153199	0.576023391813	182	5	12	0	35	0.161290322581
0.249661089123	0.576023391813	183	5	12	0	35	0.160550458716
0.252392000394	0.576023391813	184	5	12	0	35	0.159817351598
0.253421404424	0.576998050682	185	5	12	0	35	0.159090909091
0.255881133256	0.576998050682	186	5	12	0	35	0.158371040724
0.256799345078	0.576023391813	187	5	12	0	35	0.157657657658
0.257933789602	0.576998050682	188	5	12	0	35	0.156950672646
0.258094865245	0.577972709552	189	5	12	0	35	0.15625
0.262635305095	0.577972709552	190	5	12	0	35	0.155555555556
0.263574299342	0.578947368421	191	5	12	0	35	0.154867256637
0.264560602749	0.577972709552	192	5	12	0	35	0.154185022026
0.265668218087	0.578947368421	193	5	12	0	35	0.15350877193
0.269776534206	0.578947368421	194	5	12	0	35	0.152838427948
0.270292594318	0.577972709552	195	5	12	0	35	0.152173913043
0.271493535846	0.578947368421	196	5	12	0	35	0.151515151515
0.271591564445	0.57992202729	197	5	12	0	35	0.150862068966
0.2734773935	0.58089668616	198	5	12	0	35	0.150214592275
0.273837050175	0.58089668616	199	5	12	0	35	0.149572649573
0.275070182482	0.581871345029	200	5	12	0	35	0.148936170213
0.277001529713	0.582846003899	201	5	12	0	35	0.148305084746
0.279362781752	0.583820662768	202	5	12	0	35	0.147679324895
0.280416722781	0.584795321637	203	5	12	0	35	0.147058823529
0.282774283851	0.584795321637	204	5	12	0	35	0.146443514644
0.284667122475	0.583820662768	205	5	12	0	35	0.145833333333
0.284753900087	0.583820662768	206	5	12	0	35	0.145228215768
0.285156989407	0.584795321637	207	5	12	0	35	0.144628099174
0.285211913766	0.585769980507	208	5	12	0	35	0.144032921811
0.286043511071	0.586744639376	209	5	12	0	35	0.143442622951
0.286105165624	0.587719298246	210	5	12	0	35	0.142857142857
0.287186420787	0.587719298246	211	5	12	0	35	0.142276422764
0.287578830155	0.588693957115	212	5	12	0	35	0.141700404858
0.287695430912	0.589668615984	213	5	12	0	35	0.141129032258
0.289758597411	0.589668615984	214	5	12	0	35	0.140562248996
0.291853905407	0.588693957115	215	5	12	0	35	0.14
0.292084635098	0.589668615984	216	5	12	0	35	0.139442231076
0.2935024285	0.588693957115	217	5	12	0	35	0.138888888889
0.294048929694	0.588693957115	218	5	12	0	35	0.138339920949
0.294653075141	0.587719298246	219	5	12	0	35	0.137795275591
0.295183767006	0.588693957115	220	5	12	0	35	0.137254901961
0.296879141933	0.589668615984	221	5	12	0	35	0.13671875
0.297667862805	0.588693957115	222	5	12	0	35	0.136186770428
0.297695426452	0.588693957115	223	5	12	0	35	0.135658914729
0.298148982457	0.587719298246	224	5	12	0	35	0.135135135135
0.299236321583	0.588693957115	225	5	12	0	35	0.134615384615
0.300452446228	0.589668615984	226	5	12	0	35	0.134099616858
0.301588856924	0.589668615984	227	5	12	0	35	0.13358778626
0.303187774293	0.590643274854	228	5	12	0	35	0.133079847909
0.311075592252	0.589668615984	229	5	12	0	35	0.132575757576
0.311087600066	0.589668615984	230	5	12	0	35	0.132075471698
0.311318376817	0.589668615984	231	5	12	0	35	0.131578947368
0.311405591316	0.589668615984	232	5	12	0	35	0.131086142322
0.312360936767	0.590643274854	233	5	12	0	35	0.130597014925
0.315320744302	0.591617933723	234	5	12	0	35	0.130111524164
0.316042733255	0.592592592593	235	5	12	0	35	0.12962962963
0.31614753475	0.592592592593	236	5	12	0	35	0.129151291513
0.317592284733	0.592592592593	237	5	12	0	35	0.128676470588
0.317979005604	0.592592592593	238	5	12	0	35	0.128205128205
0.318045802179	0.592592592593	239	5	12	0	35	0.127737226277
0.318606484126	0.591617933723	240	5	12	0	35	0.127272727273
0.320403563615	0.592592592593	241	5	12	0	35	0.126811594203
0.32051791756	0.592592592593	242	5	12	0	35	0.126353790614
0.322778823877	0.593567251462	243	5	12	0	35	0.125899280576
0.323031980011	0.594541910331	244	5	12	0	35	0.125448028674
0.32323601764	0.594541910331	245	5	12	0	35	0.125
0.324528269812	0.595516569201	246	5	12	0	35	0.124555160142
0.325629399308	0.59649122807	247	5	12	0	35	0.124113475177
0.327539922999	0.59649122807	248	5	12	0	35	0.123674911661
0.329641097309	0.59649122807	249	5	12	0	35	0.12323943662
0.334907593485	0.59746588694	250	5	12	0	35	0.122807017544
0.335494490974	0.59649122807	251	5	12	0	35	0.122377622378
0.335781193086	0.59746588694	252	5	12	0	35	0.121951219512
0.338427876994	0.595516569201	252	6	3	0	37	0.128027681661
0.339722377941	0.594541910331	253	6	3	0	37	0.127586206897
0.341005309323	0.595516569201	254	6	3	0	37	0.127147766323
0.341576454485	0.59649122807	255	6	3	0	37	0.126712328767
0.342976985345	0.595516569201	256	6	3	0	37	0.126279863481
0.343831972181	0.594541910331	257	6	3	0	37	0.125850340136
0.345278208801	0.593567251462	258	6	3	0	37	0.125423728814
0.345530227956	0.593567251462	259	6	3	0	37	0.125
0.347402432696	0.594541910331	260	6	3	0	37	0.124579124579
0.349677631005	0.595516569201	261	6	3	0	37	0.124161073826
0.349724355908	0.595516569201	262	6	3	0	37	0.123745819398
0.350266348184	0.595516569201	263	6	3	0	37	0.123333333333
0.352926441842	0.595516569201	264	6	3	0	37	0.12292358804
0.354017067521	0.594541910331	265	6	3	0	37	0.122516556291
0.355503650198	0.595516569201	266	6	3	0	37	0.122112211221
0.358249090885	0.594541910331	267	6	3	0	37	0.121710526316
0.358449111752	0.594541910331	268	6	3	0	37	0.12131147541
0.36114693218	0.594541910331	269	6	3	0	37	0.12091503268
