# time 	 divergence 	 # of mutations 	 # IGC chances 	 IGC length 	 # IGC failures 	 Changes due to IGC  	 % change due to IGC 
0.0	0.160215053763	0	0	0	0	0	0.0
0.000128799038462	0.159139784946	1	0	0	0	0	0.0
0.00409949324615	0.160215053763	2	0	0	0	0	0.0
0.00788628647783	0.161290322581	3	0	0	0	0	0.0
0.00868108515945	0.162365591398	4	0	0	0	0	0.0
0.00915030237144	0.162365591398	5	0	0	0	0	0.0
0.0139851892625	0.163440860215	6	0	0	0	0	0.0
0.0143759859935	0.164516129032	7	0	0	0	0	0.0
0.0146005200411	0.165591397849	8	0	0	0	0	0.0
0.0159690171995	0.165591397849	9	0	0	0	0	0.0
0.0168907663601	0.166666666667	10	0	0	0	0	0.0
0.0180848796796	0.167741935484	11	0	0	0	0	0.0
0.0182349798448	0.166666666667	12	0	0	0	0	0.0
0.019918519898	0.167741935484	13	0	0	0	0	0.0
0.0203326357571	0.168817204301	14	0	0	0	0	0.0
0.0231724218169	0.169892473118	15	0	0	0	0	0.0
0.0238358612031	0.169892473118	16	0	0	0	0	0.0
0.0244213108696	0.170967741935	17	0	0	0	0	0.0
0.0298188484673	0.170967741935	18	0	0	0	0	0.0
0.0307354371665	0.172043010753	19	0	0	0	0	0.0
0.0316668175781	0.17311827957	20	0	0	0	0	0.0
0.0340742399127	0.174193548387	21	0	0	0	0	0.0
0.0350949502451	0.175268817204	22	0	0	0	0	0.0
0.0371639192997	0.176344086022	23	0	0	0	0	0.0
0.0411607147202	0.175268817204	24	0	0	0	0	0.0
0.0434767913857	0.176344086022	25	0	0	0	0	0.0
0.0439141511214	0.177419354839	26	0	0	0	0	0.0
0.0459781286845	0.178494623656	27	0	0	0	0	0.0
0.0462954429191	0.179569892473	28	0	0	0	0	0.0
0.0470024290556	0.178494623656	29	0	0	0	0	0.0
0.0478431156967	0.179569892473	30	0	0	0	0	0.0
0.0486152927052	0.18064516129	31	0	0	0	0	0.0
0.0505242202113	0.181720430108	32	0	0	0	0	0.0
0.0529945680537	0.182795698925	33	0	0	0	0	0.0
0.0530852136852	0.183870967742	34	0	0	0	0	0.0
0.0549868293627	0.183870967742	35	0	0	0	0	0.0
0.0554060624037	0.184946236559	36	0	0	0	0	0.0
0.0560735925923	0.186021505376	37	0	0	0	0	0.0
0.0576057225097	0.187096774194	38	0	0	0	0	0.0
0.0607430504871	0.188172043011	39	0	0	0	0	0.0
0.0610675358659	0.189247311828	40	0	0	0	0	0.0
0.0620296852104	0.189247311828	41	0	0	0	0	0.0
0.0620466984229	0.190322580645	42	0	0	0	0	0.0
0.0624452490253	0.190322580645	43	0	0	0	0	0.0
0.0624581683585	0.191397849462	44	0	0	0	0	0.0
0.0644728651516	0.19247311828	45	0	0	0	0	0.0
0.0663588966065	0.193548387097	46	0	0	0	0	0.0
0.0723282197869	0.194623655914	47	0	0	0	0	0.0
0.0732381154817	0.194623655914	48	0	0	0	0	0.0
0.0742988159644	0.148387096774	48	1	231	0	43	0.472527472527
0.0771245782127	0.12688172043	48	2	153	0	63	0.567567567568
0.0773950219385	0.127956989247	49	2	153	0	63	0.5625
0.0775020278082	0.127956989247	49	3	36	0	63	0.5625
0.0779505031746	0.129032258065	50	3	36	0	63	0.557522123894
0.0780594487797	0.130107526882	51	3	36	0	63	0.552631578947
0.080589954757	0.131182795699	52	3	36	0	63	0.547826086957
0.086393678936	0.132258064516	53	3	36	0	63	0.543103448276
0.0882631803088	0.133333333333	54	3	36	0	63	0.538461538462
0.0900208957508	0.134408602151	55	3	36	0	63	0.533898305085
0.0913051155442	0.135483870968	56	3	36	0	63	0.529411764706
0.0922642752622	0.136559139785	57	3	36	0	63	0.525
0.0923638973506	0.135483870968	58	3	36	0	63	0.520661157025
0.0924506126617	0.136559139785	59	3	36	0	63	0.516393442623
0.0937568709352	0.132258064516	59	4	30	0	67	0.531746031746
0.0944843163408	0.133333333333	60	4	30	0	67	0.527559055118
0.0966546657404	0.134408602151	61	4	30	0	67	0.5234375
0.0970424939441	0.135483870968	62	4	30	0	67	0.519379844961
0.0988280414816	0.136559139785	63	4	30	0	67	0.515384615385
0.101356131815	0.137634408602	64	4	30	0	67	0.511450381679
0.10182009487	0.136559139785	65	4	30	0	67	0.507575757576
0.102157061681	0.137634408602	66	4	30	0	67	0.503759398496
0.111267584719	0.138709677419	67	4	30	0	67	0.5
0.111955706245	0.139784946237	68	4	30	0	67	0.496296296296
0.112542418619	0.138709677419	69	4	30	0	67	0.492647058824
0.116996462834	0.139784946237	70	4	30	0	67	0.489051094891
0.117754921864	0.140860215054	71	4	30	0	67	0.485507246377
0.117830057947	0.141935483871	72	4	30	0	67	0.482014388489
0.118791670022	0.140860215054	73	4	30	0	67	0.478571428571
0.118831213452	0.141935483871	74	4	30	0	67	0.475177304965
0.121834225666	0.143010752688	75	4	30	0	67	0.471830985915
0.122530516148	0.144086021505	76	4	30	0	67	0.468531468531
0.122693852533	0.143010752688	77	4	30	0	67	0.465277777778
0.1243665558	0.144086021505	78	4	30	0	67	0.462068965517
0.129340306248	0.145161290323	79	4	30	0	67	0.458904109589
0.130932780024	0.14623655914	80	4	30	0	67	0.455782312925
0.131092268159	0.147311827957	81	4	30	0	67	0.452702702703
0.131300777075	0.143010752688	81	5	51	0	71	0.467105263158
0.132293299114	0.144086021505	82	5	51	0	71	0.464052287582
0.13396924987	0.143010752688	83	5	51	0	71	0.461038961039
0.137222803959	0.144086021505	84	5	51	0	71	0.458064516129
0.141293827771	0.145161290323	85	5	51	0	71	0.455128205128
0.141939699324	0.14623655914	86	5	51	0	71	0.452229299363
0.142611302232	0.147311827957	87	5	51	0	71	0.449367088608
0.142646071881	0.14623655914	88	5	51	0	71	0.446540880503
0.146033487104	0.145161290323	89	5	51	0	71	0.44375
0.146053808882	0.14623655914	90	5	51	0	71	0.44099378882
0.146364632156	0.147311827957	91	5	51	0	71	0.438271604938
0.148789549999	0.148387096774	92	5	51	0	71	0.435582822086
0.148862002723	0.147311827957	93	5	51	0	71	0.432926829268
0.148897512306	0.148387096774	94	5	51	0	71	0.430303030303
0.15151849808	0.149462365591	95	5	51	0	71	0.427710843373
0.15510848945	0.144086021505	95	6	9	0	76	0.444444444444
0.156188708993	0.145161290323	96	6	9	0	76	0.441860465116
0.156895210591	0.14623655914	97	6	9	0	76	0.439306358382
0.157492304824	0.147311827957	98	6	9	0	76	0.436781609195
0.158717663366	0.148387096774	99	6	9	0	76	0.434285714286
0.158870968976	0.149462365591	100	6	9	0	76	0.431818181818
0.159673250886	0.150537634409	101	6	9	0	76	0.429378531073
0.162320833289	0.149462365591	102	6	9	0	76	0.426966292135
0.162329783857	0.150537634409	103	6	9	0	76	0.424581005587
0.162339876754	0.151612903226	104	6	9	0	76	0.422222222222
0.163909626288	0.152688172043	105	6	9	0	76	0.419889502762
0.164270442842	0.15376344086	106	6	9	0	76	0.417582417582
0.166569841014	0.154838709677	107	6	9	0	76	0.415300546448
0.167259280101	0.155913978495	108	6	9	0	76	0.413043478261
0.170858954782	0.156989247312	109	6	9	0	76	0.410810810811
0.172134057018	0.158064516129	110	6	9	0	76	0.408602150538
0.173211581811	0.159139784946	111	6	9	0	76	0.406417112299
0.174043452145	0.160215053763	112	6	9	0	76	0.404255319149
0.17525619144	0.161290322581	113	6	9	0	76	0.402116402116
0.17592023167	0.162365591398	114	6	9	0	76	0.4
0.176397281032	0.163440860215	115	6	9	0	76	0.397905759162
0.176642977503	0.164516129032	116	6	9	0	76	0.395833333333
0.176670165191	0.165591397849	117	6	9	0	76	0.39378238342
0.178646936352	0.166666666667	118	6	9	0	76	0.39175257732
0.178808713839	0.166666666667	119	6	9	0	76	0.389743589744
0.18282281109	0.167741935484	120	6	9	0	76	0.387755102041
0.183092100072	0.168817204301	121	6	9	0	76	0.38578680203
0.183669079378	0.169892473118	122	6	9	0	76	0.383838383838
0.185148055957	0.170967741935	123	6	9	0	76	0.381909547739
0.185643416256	0.172043010753	124	6	9	0	76	0.38
0.185683829041	0.17311827957	125	6	9	0	76	0.378109452736
0.186748235264	0.174193548387	126	6	9	0	76	0.376237623762
