# time 	 divergence 	 # of mutations 	 # IGC chances 	 IGC length 	 # IGC failures 	 Changes due to IGC  	 % change due to IGC 
0.0	0.0245398773006	0	0	0	0	0	0.0
0.000187285478922	0.0245398773006	0	1	3	0	0	0.0
0.000200472421327	0.0224948875256	0	2	3	0	1	1.0
0.000355213949568	0.0224948875256	0	3	3	0	1	1.0
0.000421371700831	0.0204498977505	0	4	3	0	2	1.0
0.000647048517904	0.0204498977505	0	5	3	0	2	1.0
0.00100721997959	0.0204498977505	0	6	3	0	2	1.0
0.00102859837964	0.0224948875256	1	6	3	0	2	0.666666666667
0.00112100535185	0.0224948875256	1	7	3	0	2	0.666666666667
0.00125119725324	0.0224948875256	1	8	3	0	2	0.666666666667
0.00149569551687	0.0224948875256	1	9	3	0	2	0.666666666667
0.00154289902204	0.0224948875256	1	10	3	0	2	0.666666666667
0.00158598444409	0.0224948875256	1	11	3	0	2	0.666666666667
0.00160407492434	0.0224948875256	1	12	3	0	2	0.666666666667
0.00169691606165	0.0224948875256	1	13	3	0	2	0.666666666667
0.00207111820573	0.0224948875256	1	14	3	0	2	0.666666666667
0.0020778143666	0.0224948875256	1	15	3	0	2	0.666666666667
0.00234052568585	0.0224948875256	1	16	3	0	2	0.666666666667
0.00275096237075	0.0224948875256	1	17	3	0	2	0.666666666667
0.00278113453732	0.0224948875256	1	18	3	0	2	0.666666666667
0.0029684966696	0.0224948875256	1	19	3	0	2	0.666666666667
0.00308799848701	0.0204498977505	1	20	3	0	3	0.75
0.00329537910192	0.0204498977505	1	21	3	0	3	0.75
0.00379572157931	0.0204498977505	1	22	3	0	3	0.75
0.00393544497135	0.0204498977505	1	23	3	0	3	0.75
0.00410963640355	0.0204498977505	1	24	3	0	3	0.75
0.00439966098112	0.0204498977505	1	25	3	0	3	0.75
0.00457349148169	0.0204498977505	1	26	3	0	3	0.75
0.004662061365	0.0204498977505	1	27	3	0	3	0.75
0.00488355686077	0.0204498977505	1	28	3	0	3	0.75
0.00496894066609	0.0204498977505	1	29	3	0	3	0.75
0.00501292087913	0.0204498977505	1	30	3	0	3	0.75
0.00517421071278	0.0204498977505	1	31	3	0	3	0.75
0.00523644046873	0.0204498977505	1	32	3	0	3	0.75
0.00525641912894	0.0204498977505	1	33	3	0	3	0.75
0.00526113054233	0.0204498977505	1	34	3	0	3	0.75
0.00561622291681	0.0224948875256	2	34	3	0	3	0.6
0.00588902622832	0.0224948875256	2	35	3	0	3	0.6
0.00623773349832	0.0224948875256	2	36	3	0	3	0.6
0.00634137353474	0.0224948875256	2	37	3	0	3	0.6
0.00637420360419	0.0224948875256	2	38	3	0	3	0.6
0.00648306057392	0.0224948875256	2	39	3	0	3	0.6
0.00650377448148	0.0224948875256	2	40	3	0	3	0.6
0.00726070242421	0.0224948875256	2	41	3	0	3	0.6
0.00731058285561	0.0245398773006	3	41	3	0	3	0.5
0.00800835687173	0.0245398773006	3	42	3	0	3	0.5
0.00801487077271	0.0245398773006	3	43	3	0	3	0.5
0.00802188426287	0.0245398773006	3	44	3	0	3	0.5
0.00808753588435	0.0245398773006	3	45	3	0	3	0.5
0.00824666494034	0.0265848670757	4	45	3	0	3	0.428571428571
0.00839571584693	0.0265848670757	4	46	3	0	3	0.428571428571
0.0084694389547	0.0265848670757	4	47	3	0	3	0.428571428571
0.008545303072	0.0265848670757	4	48	3	0	3	0.428571428571
0.00865754647879	0.0265848670757	4	49	3	0	3	0.428571428571
0.00874681169795	0.0265848670757	4	50	3	0	3	0.428571428571
0.0087548576346	0.0265848670757	4	51	3	0	3	0.428571428571
0.00888357522358	0.0265848670757	4	52	3	0	3	0.428571428571
0.00891601337488	0.0265848670757	4	53	3	0	3	0.428571428571
0.00895738689019	0.0265848670757	4	54	3	0	3	0.428571428571
0.00903956175122	0.0265848670757	4	55	3	0	3	0.428571428571
0.00913221836604	0.0265848670757	4	56	3	0	3	0.428571428571
0.00919872508959	0.0265848670757	4	57	3	0	3	0.428571428571
0.00922550948708	0.0265848670757	4	58	3	0	3	0.428571428571
0.00945188180429	0.0265848670757	4	59	3	0	3	0.428571428571
0.00948319029338	0.0224948875256	4	60	3	0	5	0.555555555556
0.00986284447952	0.0224948875256	4	61	3	0	5	0.555555555556
0.0100961762876	0.0224948875256	4	62	3	0	5	0.555555555556
0.0101340846149	0.0224948875256	4	63	3	0	5	0.555555555556
0.0101386693032	0.0245398773006	5	63	3	0	5	0.5
0.0101565032183	0.0245398773006	5	64	3	0	5	0.5
0.0103175975017	0.0245398773006	5	65	3	0	5	0.5
0.0104867859007	0.0245398773006	5	66	3	0	5	0.5
0.0106460910844	0.0245398773006	5	67	3	0	5	0.5
0.0106522066857	0.0245398773006	5	68	3	0	5	0.5
0.0107579793573	0.0245398773006	5	69	3	0	5	0.5
0.0109037604418	0.0245398773006	5	70	3	0	5	0.5
0.0110901124801	0.0245398773006	5	71	3	0	5	0.5
0.0114732877929	0.0245398773006	5	72	3	0	5	0.5
0.0116219637507	0.0245398773006	5	73	3	0	5	0.5
0.0117283046625	0.0245398773006	5	74	3	0	5	0.5
0.0120400040659	0.0245398773006	5	75	3	0	5	0.5
0.0121982592575	0.0245398773006	5	76	3	0	5	0.5
0.0124067797483	0.0245398773006	5	77	3	0	5	0.5
0.0125671869315	0.0245398773006	5	78	3	0	5	0.5
0.012672297705	0.0245398773006	5	79	3	0	5	0.5
0.0128423359325	0.0245398773006	5	80	3	0	5	0.5
0.0131250151176	0.0245398773006	5	81	3	0	5	0.5
0.0131953611476	0.0245398773006	5	82	3	0	5	0.5
0.0132100044059	0.0245398773006	5	83	3	0	5	0.5
0.0132676603418	0.0245398773006	5	84	3	0	5	0.5
0.0132908951333	0.0224948875256	5	85	3	0	6	0.545454545455
0.0132985564473	0.0224948875256	5	86	3	0	6	0.545454545455
0.0134040158402	0.0224948875256	5	87	3	0	6	0.545454545455
0.0134082950044	0.0224948875256	5	88	3	0	6	0.545454545455
0.0139886151184	0.0224948875256	5	89	3	0	6	0.545454545455
0.0143229972518	0.0224948875256	5	90	3	0	6	0.545454545455
0.0144140862448	0.0224948875256	5	91	3	0	6	0.545454545455
0.0147043595956	0.0224948875256	5	92	3	0	6	0.545454545455
0.0147369442428	0.0224948875256	5	93	3	0	6	0.545454545455
0.0148798126289	0.0224948875256	5	94	3	0	6	0.545454545455
0.0149465542622	0.0224948875256	5	95	3	0	6	0.545454545455
0.0153628482	0.0224948875256	5	96	3	0	6	0.545454545455
0.0155460159289	0.0245398773006	6	96	3	0	6	0.5
0.0156481653181	0.0245398773006	6	97	3	0	6	0.5
0.0162844377706	0.0245398773006	6	98	3	0	6	0.5
0.01639518189	0.0245398773006	6	99	3	0	6	0.5
0.0164584144261	0.0265848670757	7	99	3	0	6	0.461538461538
0.0165574287005	0.0245398773006	7	100	3	0	7	0.5
0.0166245829929	0.0224948875256	7	101	3	0	8	0.533333333333
0.017004457881	0.0224948875256	7	102	3	0	8	0.533333333333
0.0171121794927	0.0224948875256	7	103	3	0	8	0.533333333333
0.0174104787795	0.0224948875256	7	104	3	0	8	0.533333333333
0.0174415364451	0.0224948875256	7	105	3	0	8	0.533333333333
0.0177259849803	0.0224948875256	7	106	3	0	8	0.533333333333
0.017735059832	0.0224948875256	7	107	3	0	8	0.533333333333
0.0177718287267	0.0224948875256	7	108	3	0	8	0.533333333333
0.0178323430185	0.0224948875256	7	109	3	0	8	0.533333333333
0.018030875878	0.0224948875256	7	110	3	0	8	0.533333333333
0.0180954173592	0.0224948875256	7	111	3	0	8	0.533333333333
0.0181364220662	0.0224948875256	7	112	3	0	8	0.533333333333
0.0181893453364	0.0224948875256	7	113	3	0	8	0.533333333333
0.0183963447759	0.0224948875256	7	114	3	0	8	0.533333333333
0.0185841602809	0.0224948875256	7	115	3	0	8	0.533333333333
0.0186469721171	0.0224948875256	7	116	3	0	8	0.533333333333
0.0188457342719	0.0204498977505	7	117	3	0	9	0.5625
0.018918781106	0.0204498977505	7	118	3	0	9	0.5625
0.0189387948044	0.0204498977505	7	119	3	0	9	0.5625
0.0190975575948	0.0204498977505	7	120	3	0	9	0.5625
0.0191976416792	0.0204498977505	7	121	3	0	9	0.5625
0.0194419722284	0.0204498977505	7	122	3	0	9	0.5625
0.0196609359284	0.0204498977505	7	123	3	0	9	0.5625
0.0197418420431	0.0184049079755	7	124	3	0	10	0.588235294118
0.0197999158198	0.0184049079755	7	125	3	0	10	0.588235294118
0.019814430058	0.0184049079755	7	126	3	0	10	0.588235294118
0.0198279794956	0.0184049079755	7	127	3	0	10	0.588235294118
0.0198535710732	0.0184049079755	7	128	3	0	10	0.588235294118
0.0201408895099	0.0184049079755	7	129	3	0	10	0.588235294118
0.0201867420691	0.0184049079755	7	130	3	0	10	0.588235294118
0.0202144388791	0.0184049079755	7	131	3	0	10	0.588235294118
0.0202877494956	0.0184049079755	7	132	3	0	10	0.588235294118
0.0203968389613	0.0184049079755	7	133	3	0	10	0.588235294118
0.0205416921019	0.0184049079755	7	134	3	0	10	0.588235294118
0.0210330602869	0.0184049079755	7	135	3	0	10	0.588235294118
0.0211634164073	0.0184049079755	7	136	3	0	10	0.588235294118
0.0213987960434	0.0184049079755	7	137	3	0	10	0.588235294118
0.0214039842068	0.0184049079755	7	138	3	0	10	0.588235294118
0.0214407693571	0.0184049079755	7	139	3	0	10	0.588235294118
0.0214762831643	0.0184049079755	7	140	3	0	10	0.588235294118
0.0215447598539	0.0184049079755	7	141	3	0	10	0.588235294118
0.021570546913	0.0184049079755	7	142	3	0	10	0.588235294118
0.0215932389291	0.0184049079755	7	143	3	0	10	0.588235294118
0.0216771824498	0.0184049079755	7	144	3	0	10	0.588235294118
0.0218236126498	0.0184049079755	7	145	3	0	10	0.588235294118
0.0218612385047	0.0184049079755	7	146	3	0	10	0.588235294118
0.022223540409	0.0184049079755	7	147	3	0	10	0.588235294118
0.0224140105018	0.0184049079755	7	148	3	0	10	0.588235294118
0.0224416011918	0.0184049079755	7	149	3	0	10	0.588235294118
0.0226573438695	0.0184049079755	7	150	3	0	10	0.588235294118
0.0226713121148	0.0184049079755	7	151	3	0	10	0.588235294118
0.0227129454078	0.0184049079755	7	152	3	0	10	0.588235294118
0.0228949088124	0.0184049079755	7	153	3	0	10	0.588235294118
0.0232374218127	0.0184049079755	7	154	3	0	10	0.588235294118
0.0233970904615	0.0184049079755	7	155	3	0	10	0.588235294118
0.0235560588865	0.0184049079755	7	156	3	0	10	0.588235294118
0.0236286556609	0.0184049079755	7	157	3	0	10	0.588235294118
0.0236482157987	0.0184049079755	7	158	3	0	10	0.588235294118
0.0240404418044	0.0184049079755	7	159	3	0	10	0.588235294118
0.024355643775	0.0184049079755	7	160	3	0	10	0.588235294118
0.0245726719657	0.0184049079755	7	161	3	0	10	0.588235294118
0.024582035729	0.0184049079755	7	162	3	0	10	0.588235294118
0.0245893630103	0.0184049079755	7	163	3	0	10	0.588235294118
0.0248066148214	0.0184049079755	7	164	3	0	10	0.588235294118
