# time 	 divergence 	 # of mutations 	 # IGC chances 	 IGC length 	 # IGC failures 	 Changes due to IGC  	 % change due to IGC 
0.0	0.572124756335	0	0	0	0	0	0.0
0.00011931767923	0.572124756335	1	0	0	0	0	0.0
0.00119901844953	0.573099415205	2	0	0	0	0	0.0
0.00214161123207	0.573099415205	3	0	0	0	0	0.0
0.00239621690366	0.574074074074	4	0	0	0	0	0.0
0.00375992587696	0.573099415205	5	0	0	0	0	0.0
0.00417001382301	0.572124756335	6	0	0	0	0	0.0
0.00426558455837	0.573099415205	7	0	0	0	0	0.0
0.00532395235029	0.574074074074	8	0	0	0	0	0.0
0.00709456896003	0.573099415205	9	0	0	0	0	0.0
0.00790920547218	0.573099415205	10	0	0	0	0	0.0
0.00814220209412	0.571150097466	10	1	3	0	2	0.166666666667
0.00864765896196	0.570175438596	11	1	3	0	2	0.153846153846
0.00876012022378	0.570175438596	12	1	3	0	2	0.142857142857
0.00944763870944	0.570175438596	13	1	3	0	2	0.133333333333
0.00950798581097	0.571150097466	14	1	3	0	2	0.125
0.0109396577878	0.572124756335	15	1	3	0	2	0.117647058824
0.0114103346849	0.571150097466	16	1	3	0	2	0.111111111111
0.0118215747415	0.568226120858	16	2	3	0	5	0.238095238095
0.0139680000266	0.569200779727	17	2	3	0	5	0.227272727273
0.0162481036802	0.570175438596	18	2	3	0	5	0.217391304348
0.0172501174607	0.571150097466	19	2	3	0	5	0.208333333333
0.0177409800075	0.572124756335	20	2	3	0	5	0.2
0.0179182485122	0.573099415205	21	2	3	0	5	0.192307692308
0.0183415502725	0.574074074074	22	2	3	0	5	0.185185185185
0.0192482006197	0.573099415205	23	2	3	0	5	0.178571428571
0.0208269115628	0.573099415205	24	2	3	0	5	0.172413793103
0.0269883678843	0.574074074074	25	2	3	0	5	0.166666666667
0.0284633724043	0.575048732943	26	2	3	0	5	0.161290322581
0.0292959591014	0.576023391813	27	2	3	0	5	0.15625
0.0311360776053	0.575048732943	28	2	3	0	5	0.151515151515
0.0312351001278	0.575048732943	29	2	3	0	5	0.147058823529
0.0314685778932	0.575048732943	30	2	3	0	5	0.142857142857
0.033685439335	0.574074074074	31	2	3	0	5	0.138888888889
0.0350762138337	0.574074074074	32	2	3	0	5	0.135135135135
0.0357967199064	0.575048732943	33	2	3	0	5	0.131578947368
0.0380261501889	0.574074074074	34	2	3	0	5	0.128205128205
0.0385796091978	0.573099415205	35	2	3	0	5	0.125
0.03982031365	0.572124756335	36	2	3	0	5	0.121951219512
0.0419804545518	0.572124756335	36	3	3	0	5	0.121951219512
0.0462784793494	0.572124756335	37	3	3	0	5	0.119047619048
0.0464514083204	0.572124756335	38	3	3	0	5	0.116279069767
0.0465291816113	0.571150097466	39	3	3	0	5	0.113636363636
0.0474925045395	0.571150097466	40	3	3	0	5	0.111111111111
0.0527353393956	0.571150097466	41	3	3	0	5	0.108695652174
0.053902850386	0.571150097466	42	3	3	0	5	0.106382978723
0.054043156794	0.570175438596	43	3	3	0	5	0.104166666667
0.0551277225517	0.570175438596	44	3	3	0	5	0.102040816327
0.0573658870192	0.571150097466	45	3	3	0	5	0.1
0.0582507799291	0.571150097466	46	3	3	0	5	0.0980392156863
0.0635018613826	0.572124756335	47	3	3	0	5	0.0961538461538
0.0644425125494	0.573099415205	48	3	3	0	5	0.0943396226415
0.0652730817668	0.573099415205	49	3	3	0	5	0.0925925925926
0.066513386281	0.572124756335	50	3	3	0	5	0.0909090909091
0.0681712584571	0.573099415205	51	3	3	0	5	0.0892857142857
0.0698600973576	0.572124756335	52	3	3	0	5	0.0877192982456
0.0704856164238	0.573099415205	53	3	3	0	5	0.0862068965517
0.0705902466915	0.573099415205	54	3	3	0	5	0.0847457627119
0.0711688073578	0.571150097466	54	4	3	0	7	0.114754098361
0.0717165204287	0.570175438596	55	4	3	0	7	0.112903225806
0.0730565899987	0.570175438596	56	4	3	0	7	0.111111111111
0.0750611324732	0.571150097466	57	4	3	0	7	0.109375
0.0769199907824	0.572124756335	58	4	3	0	7	0.107692307692
0.0769394068457	0.571150097466	58	5	3	0	8	0.121212121212
0.0775129775149	0.571150097466	59	5	3	0	8	0.119402985075
0.0777361373698	0.571150097466	60	5	3	0	8	0.117647058824
0.0782980731314	0.571150097466	61	5	3	0	8	0.115942028986
0.0789157666406	0.570175438596	62	5	3	0	8	0.114285714286
0.079233903591	0.571150097466	63	5	3	0	8	0.112676056338
0.0797489840537	0.572124756335	64	5	3	0	8	0.111111111111
0.0837816962196	0.572124756335	64	6	3	0	8	0.111111111111
0.0846127471423	0.573099415205	65	6	3	0	8	0.109589041096
0.0865670080553	0.572124756335	66	6	3	0	8	0.108108108108
0.0880327546555	0.573099415205	67	6	3	0	8	0.106666666667
0.0917311741351	0.573099415205	68	6	3	0	8	0.105263157895
0.0926766705592	0.574074074074	69	6	3	0	8	0.103896103896
0.0932368619523	0.575048732943	70	6	3	0	8	0.102564102564
0.0932584331031	0.576023391813	71	6	3	0	8	0.101265822785
0.100770335277	0.576023391813	72	6	3	0	8	0.1
0.101057704938	0.576998050682	73	6	3	0	8	0.0987654320988
0.101504774739	0.577972709552	74	6	3	0	8	0.0975609756098
0.102864175146	0.576998050682	75	6	3	0	8	0.0963855421687
0.103644282732	0.576998050682	76	6	3	0	8	0.0952380952381
0.103786003973	0.577972709552	77	6	3	0	8	0.0941176470588
0.105609668103	0.577972709552	78	6	3	0	8	0.093023255814
0.107124310701	0.577972709552	79	6	3	0	8	0.0919540229885
0.109435525891	0.576998050682	80	6	3	0	8	0.0909090909091
0.114254302433	0.576998050682	81	6	3	0	8	0.0898876404494
0.115492393366	0.576023391813	82	6	3	0	8	0.0888888888889
0.117018898813	0.574074074074	82	7	3	0	10	0.108695652174
0.117470234191	0.573099415205	83	7	3	0	10	0.10752688172
0.118649275942	0.573099415205	84	7	3	0	10	0.106382978723
0.120500078542	0.573099415205	85	7	3	0	10	0.105263157895
0.121177451425	0.573099415205	86	7	3	0	10	0.104166666667
0.121364486436	0.572124756335	87	7	3	0	10	0.103092783505
0.121531736421	0.572124756335	88	7	3	0	10	0.102040816327
0.127275151424	0.570175438596	88	8	3	0	12	0.12
0.127812086694	0.569200779727	89	8	3	0	12	0.118811881188
0.132602350967	0.569200779727	89	9	3	0	12	0.118811881188
0.13387771753	0.569200779727	90	9	3	0	12	0.117647058824
0.134857256967	0.570175438596	91	9	3	0	12	0.116504854369
0.137437462604	0.569200779727	92	9	3	0	12	0.115384615385
0.138115047904	0.570175438596	93	9	3	0	12	0.114285714286
0.141351493963	0.570175438596	94	9	3	0	12	0.11320754717
0.142064880052	0.570175438596	95	9	3	0	12	0.11214953271
0.143929112957	0.570175438596	96	9	3	0	12	0.111111111111
0.146245699378	0.570175438596	97	9	3	0	12	0.110091743119
0.149285162118	0.570175438596	97	10	3	0	12	0.110091743119
0.149305146643	0.571150097466	98	10	3	0	12	0.109090909091
0.149987211882	0.571150097466	99	10	3	0	12	0.108108108108
0.154648145763	0.570175438596	99	11	3	0	13	0.116071428571
0.155318115449	0.571150097466	100	11	3	0	13	0.115044247788
0.156817670731	0.570175438596	100	12	3	0	14	0.122807017544
0.158279475145	0.568226120858	100	13	3	0	16	0.137931034483
0.160036067395	0.568226120858	101	13	3	0	16	0.136752136752
0.161327166324	0.569200779727	102	13	3	0	16	0.135593220339
0.161685674449	0.570175438596	103	13	3	0	16	0.134453781513
0.162004082299	0.569200779727	104	13	3	0	16	0.133333333333
0.162164180762	0.569200779727	105	13	3	0	16	0.132231404959
0.163373311462	0.570175438596	106	13	3	0	16	0.131147540984
0.163502242295	0.570175438596	106	14	3	0	16	0.131147540984
0.163556889365	0.569200779727	106	15	3	0	17	0.138211382114
0.165467139665	0.569200779727	107	15	3	0	17	0.137096774194
0.16657267679	0.568226120858	108	15	3	0	17	0.136
0.16769589426	0.568226120858	109	15	3	0	17	0.134920634921
0.168754298518	0.568226120858	110	15	3	0	17	0.133858267717
0.169520289926	0.568226120858	111	15	3	0	17	0.1328125
0.170509719844	0.569200779727	112	15	3	0	17	0.131782945736
0.172434475606	0.570175438596	113	15	3	0	17	0.130769230769
0.175108050116	0.569200779727	114	15	3	0	17	0.129770992366
0.175807611314	0.569200779727	115	15	3	0	17	0.128787878788
0.177670867201	0.569200779727	116	15	3	0	17	0.127819548872
0.177910631645	0.570175438596	117	15	3	0	17	0.126865671642
0.178687504646	0.571150097466	118	15	3	0	17	0.125925925926
0.180668338978	0.572124756335	119	15	3	0	17	0.125
0.182121963744	0.573099415205	120	15	3	0	17	0.124087591241
0.182529481693	0.573099415205	121	15	3	0	17	0.123188405797
0.182619135637	0.573099415205	122	15	3	0	17	0.122302158273
0.183565002167	0.574074074074	123	15	3	0	17	0.121428571429
0.185181445039	0.573099415205	124	15	3	0	17	0.120567375887
0.187226834146	0.571150097466	124	16	3	0	19	0.132867132867
0.187858024633	0.571150097466	125	16	3	0	19	0.131944444444
0.192883254284	0.571150097466	126	16	3	0	19	0.131034482759
0.195651797895	0.571150097466	127	16	3	0	19	0.130136986301
0.195981549049	0.570175438596	128	16	3	0	19	0.12925170068
0.196504595384	0.570175438596	129	16	3	0	19	0.128378378378
0.197327919308	0.570175438596	130	16	3	0	19	0.127516778523
0.20198438841	0.570175438596	131	16	3	0	19	0.126666666667
0.202210067116	0.571150097466	132	16	3	0	19	0.12582781457
0.202679357564	0.570175438596	133	16	3	0	19	0.125
0.203297102349	0.571150097466	134	16	3	0	19	0.124183006536
0.207539320351	0.571150097466	135	16	3	0	19	0.123376623377
0.207677437905	0.571150097466	136	16	3	0	19	0.122580645161
0.207793131738	0.571150097466	137	16	3	0	19	0.121794871795
