# time 	 divergence 	 # of mutations 	 # IGC chances 	 IGC length 	 # IGC failures 	 Changes due to IGC  	 % change due to IGC 
0.0	0.424731182796	0	0	0	0	0	0.0
0.000106388607452	0.424731182796	1	0	0	0	0	0.0
0.000905217217534	0.424731182796	2	0	0	0	0	0.0
0.00235340910291	0.422580645161	2	1	6	0	2	0.5
0.00293403673662	0.422580645161	3	1	6	0	2	0.4
0.00323970620131	0.421505376344	4	1	6	0	2	0.333333333333
0.00342221768766	0.422580645161	5	1	6	0	2	0.285714285714
0.00455979315536	0.422580645161	6	1	6	0	2	0.25
0.00869671870278	0.423655913978	7	1	6	0	2	0.222222222222
0.0094259096488	0.423655913978	8	1	6	0	2	0.2
0.0111113170675	0.424731182796	9	1	6	0	2	0.181818181818
0.0143694965268	0.424731182796	10	1	6	0	2	0.166666666667
0.0174632439245	0.424731182796	11	1	6	0	2	0.153846153846
0.017668673507	0.423655913978	12	1	6	0	2	0.142857142857
0.0179423915225	0.422580645161	13	1	6	0	2	0.133333333333
0.0179801202376	0.422580645161	14	1	6	0	2	0.125
0.0211665089187	0.423655913978	15	1	6	0	2	0.117647058824
0.0212059285456	0.424731182796	16	1	6	0	2	0.111111111111
0.0214663380882	0.425806451613	17	1	6	0	2	0.105263157895
0.0228055756463	0.425806451613	18	1	6	0	2	0.1
0.0289058988038	0.42688172043	19	1	6	0	2	0.0952380952381
0.0305832822076	0.427956989247	20	1	6	0	2	0.0909090909091
0.0321864012189	0.429032258065	21	1	6	0	2	0.0869565217391
0.0322235461485	0.429032258065	22	1	6	0	2	0.0833333333333
0.033761447801	0.430107526882	23	1	6	0	2	0.08
0.0356984073888	0.431182795699	24	1	6	0	2	0.0769230769231
0.0364917901328	0.430107526882	25	1	6	0	2	0.0740740740741
0.0380164255108	0.429032258065	26	1	6	0	2	0.0714285714286
0.0382975706387	0.427956989247	27	1	6	0	2	0.0689655172414
0.0398973327047	0.427956989247	28	1	6	0	2	0.0666666666667
0.0411839872926	0.429032258065	29	1	6	0	2	0.0645161290323
0.0452264992747	0.430107526882	30	1	6	0	2	0.0625
0.0463811342631	0.430107526882	31	1	6	0	2	0.0606060606061
0.0468006487375	0.431182795699	32	1	6	0	2	0.0588235294118
0.046898636193	0.432258064516	33	1	6	0	2	0.0571428571429
0.0484013418145	0.432258064516	34	1	6	0	2	0.0555555555556
0.0498500548295	0.432258064516	35	1	6	0	2	0.0540540540541
0.0499218310285	0.432258064516	36	1	6	0	2	0.0526315789474
0.0506181690029	0.432258064516	37	1	6	0	2	0.0512820512821
0.0550928566372	0.432258064516	38	1	6	0	2	0.05
0.0570247413386	0.433333333333	39	1	6	0	2	0.0487804878049
0.0610091720071	0.432258064516	40	1	6	0	2	0.047619047619
0.0621638924158	0.433333333333	41	1	6	0	2	0.046511627907
0.0639207861235	0.433333333333	42	1	6	0	2	0.0454545454545
0.0690131737002	0.434408602151	43	1	6	0	2	0.0444444444444
0.0698274356466	0.435483870968	44	1	6	0	2	0.0434782608696
0.070061592962	0.436559139785	45	1	6	0	2	0.0425531914894
0.0701074188663	0.436559139785	46	1	6	0	2	0.0416666666667
0.0712581181906	0.436559139785	47	1	6	0	2	0.0408163265306
0.0712822695869	0.436559139785	48	1	6	0	2	0.04
0.07174713452	0.437634408602	49	1	6	0	2	0.0392156862745
0.07189803756	0.437634408602	50	1	6	0	2	0.0384615384615
0.0734641458848	0.437634408602	51	1	6	0	2	0.0377358490566
0.0783568283638	0.438709677419	52	1	6	0	2	0.037037037037
0.0794445747712	0.438709677419	53	1	6	0	2	0.0363636363636
0.079844396357	0.439784946237	54	1	6	0	2	0.0357142857143
0.0809777114824	0.440860215054	55	1	6	0	2	0.0350877192982
0.0819989159461	0.440860215054	56	1	6	0	2	0.0344827586207
0.0820845559704	0.441935483871	57	1	6	0	2	0.0338983050847
0.0863604857463	0.441935483871	58	1	6	0	2	0.0333333333333
0.0883234345556	0.440860215054	59	1	6	0	2	0.0327868852459
0.0922941462246	0.439784946237	60	1	6	0	2	0.0322580645161
0.0935819302149	0.438709677419	61	1	6	0	2	0.031746031746
0.0944274083666	0.438709677419	62	1	6	0	2	0.03125
0.0965312832216	0.439784946237	63	1	6	0	2	0.0307692307692
0.0971323761898	0.438709677419	64	1	6	0	2	0.030303030303
0.0979131223373	0.438709677419	65	1	6	0	2	0.0298507462687
0.0979932369954	0.437634408602	66	1	6	0	2	0.0294117647059
0.100828675841	0.436559139785	67	1	6	0	2	0.0289855072464
0.101696213346	0.437634408602	68	1	6	0	2	0.0285714285714
0.10607576661	0.437634408602	69	1	6	0	2	0.0281690140845
0.107152773539	0.438709677419	70	1	6	0	2	0.0277777777778
0.10764226498	0.438709677419	71	1	6	0	2	0.027397260274
0.108535390793	0.438709677419	72	1	6	0	2	0.027027027027
0.109576737638	0.439784946237	73	1	6	0	2	0.0266666666667
0.110923183207	0.439784946237	74	1	6	0	2	0.0263157894737
0.113838852138	0.439784946237	75	1	6	0	2	0.025974025974
0.114294950364	0.439784946237	76	1	6	0	2	0.025641025641
0.115243368712	0.438709677419	77	1	6	0	2	0.0253164556962
0.115818120018	0.439784946237	78	1	6	0	2	0.025
0.11662211423	0.440860215054	79	1	6	0	2	0.0246913580247
0.117452008588	0.440860215054	80	1	6	0	2	0.0243902439024
0.117931145917	0.441935483871	81	1	6	0	2	0.0240963855422
0.119016946852	0.443010752688	82	1	6	0	2	0.0238095238095
0.119943659461	0.444086021505	83	1	6	0	2	0.0235294117647
0.123630087628	0.445161290323	84	1	6	0	2	0.0232558139535
0.123951960763	0.44623655914	85	1	6	0	2	0.0229885057471
0.12454872158	0.447311827957	86	1	6	0	2	0.0227272727273
0.126897766302	0.448387096774	87	1	6	0	2	0.0224719101124
0.127117596196	0.449462365591	88	1	6	0	2	0.0222222222222
0.127152214733	0.450537634409	89	1	6	0	2	0.021978021978
0.129092153008	0.451612903226	90	1	6	0	2	0.0217391304348
0.129669307275	0.450537634409	91	1	6	0	2	0.0215053763441
0.132379703514	0.449462365591	92	1	6	0	2	0.0212765957447
0.135044391193	0.448387096774	93	1	6	0	2	0.0210526315789
0.136964892415	0.449462365591	94	1	6	0	2	0.0208333333333
0.137457945658	0.450537634409	95	1	6	0	2	0.020618556701
0.137473546612	0.450537634409	96	1	6	0	2	0.0204081632653
0.137917812808	0.451612903226	97	1	6	0	2	0.020202020202
0.138183691762	0.452688172043	98	1	6	0	2	0.02
0.141159213015	0.452688172043	99	1	6	0	2	0.019801980198
0.14323671023	0.452688172043	100	1	6	0	2	0.0196078431373
0.145055569779	0.45376344086	101	1	6	0	2	0.0194174757282
0.146332615315	0.454838709677	102	1	6	0	2	0.0192307692308
0.146403139899	0.455913978495	103	1	6	0	2	0.0190476190476
0.146753941355	0.456989247312	104	1	6	0	2	0.0188679245283
0.152546053206	0.458064516129	105	1	6	0	2	0.018691588785
0.157838007565	0.458064516129	106	1	6	0	2	0.0185185185185
0.160941228289	0.459139784946	107	1	6	0	2	0.0183486238532
0.164108499045	0.460215053763	108	1	6	0	2	0.0181818181818
0.164971927273	0.460215053763	109	1	6	0	2	0.018018018018
0.165676784039	0.437634408602	109	2	42	0	23	0.174242424242
0.167422549242	0.436559139785	110	2	42	0	23	0.172932330827
0.167484245424	0.437634408602	111	2	42	0	23	0.171641791045
0.167662038374	0.436559139785	112	2	42	0	23	0.17037037037
0.168514540907	0.436559139785	113	2	42	0	23	0.169117647059
0.168784528775	0.437634408602	114	2	42	0	23	0.167883211679
0.169046707715	0.438709677419	115	2	42	0	23	0.166666666667
0.170515950061	0.437634408602	116	2	42	0	23	0.165467625899
0.174227307328	0.438709677419	117	2	42	0	23	0.164285714286
0.180459876873	0.439784946237	118	2	42	0	23	0.163120567376
0.180530232177	0.440860215054	119	2	42	0	23	0.161971830986
0.181963393149	0.441935483871	120	2	42	0	23	0.160839160839
0.184522177903	0.440860215054	121	2	42	0	23	0.159722222222
0.186987199416	0.440860215054	122	2	42	0	23	0.158620689655
0.187956598109	0.441935483871	123	2	42	0	23	0.157534246575
