# time 	 divergence 	 # of mutations 	 # IGC chances 	 IGC length 	 # IGC failures 	 Changes due to IGC  	 % change due to IGC 
0.0	0.646198830409	0	0	0	0	0	0.0
0.0015875297309	0.64522417154	1	0	0	0	0	0.0
0.00353424050282	0.646198830409	2	0	0	0	0	0.0
0.00424420118492	0.64522417154	3	0	0	0	0	0.0
0.00425759313984	0.644249512671	4	0	0	0	0	0.0
0.0058500319149	0.643274853801	5	0	0	0	0	0.0
0.00688715151785	0.644249512671	6	0	0	0	0	0.0
0.00739325240193	0.644249512671	7	0	0	0	0	0.0
0.00753057969797	0.64522417154	8	0	0	0	0	0.0
0.00760233630296	0.644249512671	9	0	0	0	0	0.0
0.0089824912942	0.644249512671	10	0	0	0	0	0.0
0.0100715347763	0.644249512671	11	0	0	0	0	0.0
0.0102846058145	0.644249512671	12	0	0	0	0	0.0
0.0105434501097	0.644249512671	13	0	0	0	0	0.0
0.0122407223053	0.644249512671	14	0	0	0	0	0.0
0.0139252932012	0.644249512671	15	0	0	0	0	0.0
0.0147918400277	0.643274853801	16	0	0	0	0	0.0
0.0151823547679	0.644249512671	17	0	0	0	0	0.0
0.0173036351901	0.644249512671	18	0	0	0	0	0.0
0.0179384557172	0.644249512671	19	0	0	0	0	0.0
0.0179473492897	0.64522417154	20	0	0	0	0	0.0
0.0201375234036	0.64522417154	21	0	0	0	0	0.0
0.0209470487867	0.64522417154	22	0	0	0	0	0.0
0.0211204659233	0.644249512671	23	0	0	0	0	0.0
0.0222420504077	0.64522417154	24	0	0	0	0	0.0
0.0225293906021	0.646198830409	25	0	0	0	0	0.0
0.0230188394484	0.646198830409	26	0	0	0	0	0.0
0.0234149482334	0.647173489279	27	0	0	0	0	0.0
0.0255684292628	0.647173489279	28	0	0	0	0	0.0
0.0262536302002	0.647173489279	29	0	0	0	0	0.0
0.0319041872254	0.647173489279	30	0	0	0	0	0.0
0.033371004468	0.647173489279	31	0	0	0	0	0.0
0.0336310724967	0.648148148148	32	0	0	0	0	0.0
0.0344935241746	0.649122807018	33	0	0	0	0	0.0
0.0362492082449	0.650097465887	34	0	0	0	0	0.0
0.0373495436377	0.649122807018	35	0	0	0	0	0.0
0.0377197203312	0.649122807018	36	0	0	0	0	0.0
0.0378373630237	0.649122807018	37	0	0	0	0	0.0
0.0406816427073	0.650097465887	38	0	0	0	0	0.0
0.0425288953105	0.650097465887	39	0	0	0	0	0.0
0.0434731014402	0.649122807018	40	0	0	0	0	0.0
0.0441218034279	0.649122807018	41	0	0	0	0	0.0
0.044679243229	0.650097465887	42	0	0	0	0	0.0
0.0467109773198	0.650097465887	43	0	0	0	0	0.0
0.0470273953533	0.650097465887	44	0	0	0	0	0.0
0.0479948621212	0.649122807018	45	0	0	0	0	0.0
0.0493978059518	0.649122807018	46	0	0	0	0	0.0
0.0525563273771	0.650097465887	47	0	0	0	0	0.0
0.053608949154	0.651072124756	48	0	0	0	0	0.0
0.0537632319189	0.650097465887	49	0	0	0	0	0.0
0.0547812498814	0.651072124756	50	0	0	0	0	0.0
0.0557675397645	0.652046783626	51	0	0	0	0	0.0
0.0568778289493	0.651072124756	52	0	0	0	0	0.0
0.058840809805	0.650097465887	53	0	0	0	0	0.0
0.0618476454624	0.649122807018	54	0	0	0	0	0.0
0.0651941441191	0.650097465887	55	0	0	0	0	0.0
0.0664013735726	0.650097465887	56	0	0	0	0	0.0
0.0691175653776	0.651072124756	57	0	0	0	0	0.0
0.0698080648941	0.651072124756	58	0	0	0	0	0.0
0.0706165131698	0.651072124756	59	0	0	0	0	0.0
0.073261869679	0.651072124756	60	0	0	0	0	0.0
0.0735066680665	0.651072124756	61	0	0	0	0	0.0
0.0751992859745	0.650097465887	62	0	0	0	0	0.0
0.076651218187	0.651072124756	63	0	0	0	0	0.0
