# time 	 divergence 	 # of mutations 	 # IGC chances 	 IGC length 	 # IGC failures 	 Changes due to IGC  	 % change due to IGC 
0.0	0.308602150538	0	0	0	0	0	0.0
0.00154637772687	0.309677419355	1	0	0	0	0	0.0
0.00315416987323	0.308602150538	2	0	0	0	0	0.0
0.0036189943378	0.309677419355	3	0	0	0	0	0.0
0.0058248602262	0.310752688172	4	0	0	0	0	0.0
0.00609370166158	0.311827956989	5	0	0	0	0	0.0
0.00635666226097	0.312903225806	6	0	0	0	0	0.0
0.00785619230415	0.312903225806	7	0	0	0	0	0.0
0.00949065891073	0.312903225806	8	0	0	0	0	0.0
0.0115130665449	0.312903225806	9	0	0	0	0	0.0
0.0126350321238	0.312903225806	10	0	0	0	0	0.0
0.0150452701767	0.311827956989	11	0	0	0	0	0.0
0.0152993772462	0.312903225806	12	0	0	0	0	0.0
0.0158516253032	0.312903225806	13	0	0	0	0	0.0
0.0163544221718	0.313978494624	14	0	0	0	0	0.0
0.0167806709736	0.313978494624	15	0	0	0	0	0.0
0.0174670977038	0.313978494624	16	0	0	0	0	0.0
0.0175608486202	0.312903225806	17	0	0	0	0	0.0
0.018717058403	0.313978494624	18	0	0	0	0	0.0
0.0210809516737	0.315053763441	19	0	0	0	0	0.0
0.0211783237402	0.316129032258	20	0	0	0	0	0.0
0.021979408309	0.316129032258	21	0	0	0	0	0.0
0.02223284317	0.317204301075	22	0	0	0	0	0.0
0.0236931939144	0.318279569892	23	0	0	0	0	0.0
0.0247727743882	0.318279569892	24	0	0	0	0	0.0
0.0256500208702	0.31935483871	25	0	0	0	0	0.0
0.027601043348	0.320430107527	26	0	0	0	0	0.0
0.0289744550374	0.31935483871	27	0	0	0	0	0.0
0.0294289021035	0.320430107527	28	0	0	0	0	0.0
0.0296809948463	0.320430107527	29	0	0	0	0	0.0
0.0311991456726	0.321505376344	30	0	0	0	0	0.0
0.0335911557975	0.320430107527	31	0	0	0	0	0.0
0.0341090499385	0.321505376344	32	0	0	0	0	0.0
0.0342832007946	0.322580645161	33	0	0	0	0	0.0
0.0349058308271	0.323655913978	34	0	0	0	0	0.0
0.0396265325759	0.323655913978	35	0	0	0	0	0.0
0.047924059607	0.324731182796	36	0	0	0	0	0.0
0.0498391278989	0.324731182796	37	0	0	0	0	0.0
0.0519186961846	0.325806451613	38	0	0	0	0	0.0
0.0521002346481	0.325806451613	39	0	0	0	0	0.0
0.0530782317871	0.325806451613	40	0	0	0	0	0.0
0.0551623885019	0.32688172043	41	0	0	0	0	0.0
0.0561887177109	0.327956989247	42	0	0	0	0	0.0
0.0564888448307	0.329032258065	43	0	0	0	0	0.0
0.0605769276441	0.330107526882	44	0	0	0	0	0.0
0.0623597222433	0.331182795699	45	0	0	0	0	0.0
0.0684136355739	0.332258064516	46	0	0	0	0	0.0
0.0723325960971	0.331182795699	47	0	0	0	0	0.0
0.0744630171848	0.332258064516	48	0	0	0	0	0.0
0.0752857169041	0.333333333333	49	0	0	0	0	0.0
0.0755800239321	0.332258064516	50	0	0	0	0	0.0
0.0756176672671	0.333333333333	51	0	0	0	0	0.0
0.0759616929573	0.334408602151	52	0	0	0	0	0.0
0.0764607521587	0.335483870968	53	0	0	0	0	0.0
0.0768315466032	0.335483870968	54	0	0	0	0	0.0
0.0794990455628	0.336559139785	55	0	0	0	0	0.0
0.0829611994544	0.336559139785	56	0	0	0	0	0.0
0.0845671454147	0.337634408602	57	0	0	0	0	0.0
0.0847363981735	0.338709677419	58	0	0	0	0	0.0
0.0854460513662	0.339784946237	59	0	0	0	0	0.0
0.0861936968769	0.340860215054	60	0	0	0	0	0.0
0.0866542365699	0.340860215054	61	0	0	0	0	0.0
0.0869959633683	0.341935483871	62	0	0	0	0	0.0
0.0891378658106	0.340860215054	63	0	0	0	0	0.0
0.0913759742089	0.341935483871	64	0	0	0	0	0.0
0.0943725103115	0.341935483871	65	0	0	0	0	0.0
0.0952314933397	0.343010752688	66	0	0	0	0	0.0
0.0987960272761	0.343010752688	67	0	0	0	0	0.0
0.101309927666	0.341935483871	68	0	0	0	0	0.0
0.112923838682	0.343010752688	69	0	0	0	0	0.0
0.112963268802	0.344086021505	70	0	0	0	0	0.0
0.113646363078	0.345161290323	71	0	0	0	0	0.0
0.113740505967	0.345161290323	72	0	0	0	0	0.0
0.118097132261	0.34623655914	73	0	0	0	0	0.0
0.122562157903	0.34623655914	74	0	0	0	0	0.0
0.12336634765	0.347311827957	75	0	0	0	0	0.0
0.124740847972	0.348387096774	76	0	0	0	0	0.0
0.12543029439	0.349462365591	77	0	0	0	0	0.0
0.125666862071	0.349462365591	78	0	0	0	0	0.0
0.128233928734	0.350537634409	79	0	0	0	0	0.0
0.13036665871	0.351612903226	80	0	0	0	0	0.0
0.131217533234	0.351612903226	81	0	0	0	0	0.0
0.133086243843	0.352688172043	82	0	0	0	0	0.0
0.136741886974	0.352688172043	83	0	0	0	0	0.0
0.139782455249	0.35376344086	84	0	0	0	0	0.0
0.140526482758	0.354838709677	85	0	0	0	0	0.0
0.142765689028	0.35376344086	86	0	0	0	0	0.0
0.143657485148	0.354838709677	87	0	0	0	0	0.0
0.144471237365	0.355913978495	88	0	0	0	0	0.0
0.145029104664	0.355913978495	89	0	0	0	0	0.0
0.145700432447	0.355913978495	90	0	0	0	0	0.0
0.148986754231	0.356989247312	91	0	0	0	0	0.0
0.150239654661	0.355913978495	92	0	0	0	0	0.0
0.150357472331	0.355913978495	93	0	0	0	0	0.0
0.150709882562	0.356989247312	94	0	0	0	0	0.0
0.151550610096	0.358064516129	95	0	0	0	0	0.0
0.154304930721	0.356989247312	96	0	0	0	0	0.0
0.154878630437	0.358064516129	97	0	0	0	0	0.0
0.155441965823	0.356989247312	98	0	0	0	0	0.0
0.155571733921	0.358064516129	99	0	0	0	0	0.0
0.157048846531	0.359139784946	100	0	0	0	0	0.0
0.159606010816	0.360215053763	101	0	0	0	0	0.0
0.159684974632	0.361290322581	102	0	0	0	0	0.0
0.160589757057	0.360215053763	103	0	0	0	0	0.0
0.160711800486	0.361290322581	104	0	0	0	0	0.0
0.162361649281	0.361290322581	105	0	0	0	0	0.0
0.163056497323	0.362365591398	106	0	0	0	0	0.0
0.163718204607	0.363440860215	107	0	0	0	0	0.0
0.16433964378	0.364516129032	108	0	0	0	0	0.0
0.165419383587	0.365591397849	109	0	0	0	0	0.0
0.166068721089	0.365591397849	110	0	0	0	0	0.0
0.16611669911	0.366666666667	111	0	0	0	0	0.0
0.167671155976	0.366666666667	112	0	0	0	0	0.0
0.168116810108	0.366666666667	113	0	0	0	0	0.0
0.170379341531	0.365591397849	114	0	0	0	0	0.0
0.173029496621	0.364516129032	115	0	0	0	0	0.0
0.174962635235	0.363440860215	116	0	0	0	0	0.0
0.175763751557	0.364516129032	117	0	0	0	0	0.0
0.177442833011	0.365591397849	118	0	0	0	0	0.0
0.180981486281	0.365591397849	119	0	0	0	0	0.0
0.183950896753	0.364516129032	120	0	0	0	0	0.0
0.184354278925	0.365591397849	121	0	0	0	0	0.0
0.18628658338	0.366666666667	122	0	0	0	0	0.0
0.18668438591	0.367741935484	123	0	0	0	0	0.0
0.1912092868	0.368817204301	124	0	0	0	0	0.0
0.193507970132	0.368817204301	125	0	0	0	0	0.0
0.194815395891	0.369892473118	126	0	0	0	0	0.0
0.195198403831	0.370967741935	127	0	0	0	0	0.0
0.196665354723	0.372043010753	128	0	0	0	0	0.0
0.197478341421	0.37311827957	129	0	0	0	0	0.0
0.19941666259	0.374193548387	130	0	0	0	0	0.0
0.200266181238	0.374193548387	131	0	0	0	0	0.0
0.201301806487	0.374193548387	132	0	0	0	0	0.0
0.202272757845	0.374193548387	133	0	0	0	0	0.0
0.206135599916	0.375268817204	134	0	0	0	0	0.0
0.209021503219	0.376344086022	135	0	0	0	0	0.0
0.211331911107	0.377419354839	136	0	0	0	0	0.0
0.212558999764	0.378494623656	137	0	0	0	0	0.0
0.212938778699	0.377419354839	138	0	0	0	0	0.0
0.213507571963	0.378494623656	139	0	0	0	0	0.0
0.215121467756	0.378494623656	140	0	0	0	0	0.0
0.216690749711	0.379569892473	141	0	0	0	0	0.0
0.217824567884	0.379569892473	142	0	0	0	0	0.0
0.219251657762	0.379569892473	143	0	0	0	0	0.0
0.222554014518	0.38064516129	144	0	0	0	0	0.0
0.22355069861	0.381720430108	145	0	0	0	0	0.0
0.223679424739	0.381720430108	146	0	0	0	0	0.0
0.223919720535	0.382795698925	147	0	0	0	0	0.0
0.225012839466	0.383870967742	148	0	0	0	0	0.0
0.225136989777	0.384946236559	149	0	0	0	0	0.0
0.226214810786	0.386021505376	150	0	0	0	0	0.0
0.232935496632	0.387096774194	151	0	0	0	0	0.0
0.236274487866	0.388172043011	152	0	0	0	0	0.0
0.240022162751	0.388172043011	153	0	0	0	0	0.0
0.240087527876	0.388172043011	154	0	0	0	0	0.0
0.242887699998	0.389247311828	155	0	0	0	0	0.0
0.244246301741	0.389247311828	156	0	0	0	0	0.0
0.245544900787	0.390322580645	157	0	0	0	0	0.0
0.248276787628	0.391397849462	158	0	0	0	0	0.0
0.248650575214	0.39247311828	159	0	0	0	0	0.0
0.252540982934	0.391397849462	160	0	0	0	0	0.0
0.252717309379	0.391397849462	161	0	0	0	0	0.0
0.253048054239	0.39247311828	162	0	0	0	0	0.0
0.254134995018	0.39247311828	163	0	0	0	0	0.0
0.255494635192	0.393548387097	164	0	0	0	0	0.0
0.25553180599	0.394623655914	165	0	0	0	0	0.0
0.257151527234	0.394623655914	166	0	0	0	0	0.0
0.258010277977	0.393548387097	167	0	0	0	0	0.0
0.258035109128	0.39247311828	168	0	0	0	0	0.0
0.259214650009	0.393548387097	169	0	0	0	0	0.0
0.25954769521	0.394623655914	170	0	0	0	0	0.0
0.264230811313	0.393548387097	171	0	0	0	0	0.0
0.264794498741	0.393548387097	172	0	0	0	0	0.0
0.266564017929	0.393548387097	173	0	0	0	0	0.0
0.26745678721	0.393548387097	174	0	0	0	0	0.0
0.269976619095	0.394623655914	175	0	0	0	0	0.0
0.272172800551	0.395698924731	176	0	0	0	0	0.0
0.272720976719	0.396774193548	177	0	0	0	0	0.0
0.273295949883	0.397849462366	178	0	0	0	0	0.0
0.276942446568	0.397849462366	179	0	0	0	0	0.0
0.277770288208	0.398924731183	180	0	0	0	0	0.0
0.278708461088	0.398924731183	181	0	0	0	0	0.0
0.281739353953	0.397849462366	182	0	0	0	0	0.0
0.282136729783	0.396774193548	183	0	0	0	0	0.0
0.286334198089	0.397849462366	184	0	0	0	0	0.0
0.28778598759	0.396774193548	185	0	0	0	0	0.0
0.287863170079	0.395698924731	186	0	0	0	0	0.0
0.287868251543	0.396774193548	187	0	0	0	0	0.0
0.288487079178	0.397849462366	188	0	0	0	0	0.0
0.289742889066	0.398924731183	189	0	0	0	0	0.0
0.290390958837	0.4	190	0	0	0	0	0.0
0.296032222157	0.401075268817	191	0	0	0	0	0.0
0.298889132881	0.402150537634	192	0	0	0	0	0.0
0.299270936795	0.403225806452	193	0	0	0	0	0.0
0.304787460677	0.404301075269	194	0	0	0	0	0.0
0.306700684704	0.405376344086	195	0	0	0	0	0.0
0.307504284211	0.405376344086	196	0	0	0	0	0.0
0.309162605788	0.404301075269	197	0	0	0	0	0.0
0.313053716777	0.405376344086	198	0	0	0	0	0.0
0.3150196876	0.406451612903	199	0	0	0	0	0.0
0.318172521976	0.40752688172	200	0	0	0	0	0.0
0.319684370362	0.408602150538	201	0	0	0	0	0.0
0.319730452062	0.40752688172	202	0	0	0	0	0.0
0.319898014977	0.40752688172	203	0	0	0	0	0.0
0.321722606203	0.408602150538	204	0	0	0	0	0.0
0.322103551538	0.40752688172	205	0	0	0	0	0.0
0.325166610932	0.408602150538	206	0	0	0	0	0.0
0.326379706092	0.409677419355	207	0	0	0	0	0.0
0.328456697451	0.410752688172	208	0	0	0	0	0.0
0.329081659916	0.410752688172	209	0	0	0	0	0.0
0.330108539023	0.410752688172	210	0	0	0	0	0.0
0.3316328374	0.411827956989	211	0	0	0	0	0.0
0.336905893832	0.411827956989	212	0	0	0	0	0.0
0.337133794856	0.410752688172	213	0	0	0	0	0.0
0.33726336331	0.411827956989	214	0	0	0	0	0.0
0.337955995913	0.412903225806	215	0	0	0	0	0.0
0.33880266374	0.413978494624	216	0	0	0	0	0.0
0.34068170277	0.412903225806	217	0	0	0	0	0.0
0.343165772703	0.413978494624	218	0	0	0	0	0.0
0.345309192765	0.413978494624	219	0	0	0	0	0.0
0.346021982354	0.415053763441	220	0	0	0	0	0.0
0.34615209515	0.413978494624	221	0	0	0	0	0.0
0.349124857803	0.415053763441	222	0	0	0	0	0.0
0.355261453148	0.413978494624	223	0	0	0	0	0.0
0.3567951447	0.415053763441	224	0	0	0	0	0.0
0.359948266115	0.416129032258	225	0	0	0	0	0.0
0.360354813043	0.417204301075	226	0	0	0	0	0.0
0.361592397127	0.418279569892	227	0	0	0	0	0.0
0.363997953078	0.41935483871	228	0	0	0	0	0.0
0.368944789926	0.420430107527	229	0	0	0	0	0.0
0.369515439904	0.41935483871	230	0	0	0	0	0.0
0.370958550769	0.420430107527	231	0	0	0	0	0.0
0.371153738277	0.421505376344	232	0	0	0	0	0.0
0.372058197413	0.422580645161	233	0	0	0	0	0.0
0.372535970135	0.423655913978	234	0	0	0	0	0.0
0.373765988459	0.424731182796	235	0	0	0	0	0.0
0.376150723771	0.423655913978	236	0	0	0	0	0.0
0.377765657915	0.424731182796	237	0	0	0	0	0.0
0.377769933395	0.425806451613	238	0	0	0	0	0.0
0.378076052991	0.425806451613	239	0	0	0	0	0.0
0.378258305282	0.42688172043	240	0	0	0	0	0.0
0.379090615593	0.427956989247	241	0	0	0	0	0.0
0.381031922605	0.429032258065	242	0	0	0	0	0.0
0.381398623602	0.427956989247	243	0	0	0	0	0.0
0.382300347231	0.42688172043	244	0	0	0	0	0.0
0.385868702096	0.425806451613	245	0	0	0	0	0.0
0.389077148165	0.42688172043	246	0	0	0	0	0.0
0.389146697812	0.427956989247	247	0	0	0	0	0.0
0.389724641759	0.427956989247	248	0	0	0	0	0.0
0.389775202895	0.427956989247	249	0	0	0	0	0.0
0.390163539774	0.429032258065	250	0	0	0	0	0.0
0.390173744953	0.427956989247	251	0	0	0	0	0.0
0.39415644639	0.429032258065	252	0	0	0	0	0.0
0.397105406258	0.430107526882	253	0	0	0	0	0.0
0.397172540493	0.431182795699	254	0	0	0	0	0.0
0.399596882981	0.430107526882	255	0	0	0	0	0.0
0.406438961133	0.431182795699	256	0	0	0	0	0.0
0.409345267387	0.430107526882	257	0	0	0	0	0.0
0.409883781991	0.431182795699	258	0	0	0	0	0.0
0.412007970283	0.430107526882	259	0	0	0	0	0.0
0.4125161048	0.430107526882	260	0	0	0	0	0.0
0.413295895513	0.431182795699	261	0	0	0	0	0.0
0.413852821975	0.430107526882	262	0	0	0	0	0.0
0.416932482812	0.431182795699	263	0	0	0	0	0.0
0.41979250662	0.432258064516	264	0	0	0	0	0.0
0.422256368205	0.433333333333	265	0	0	0	0	0.0
0.422761678716	0.433333333333	266	0	0	0	0	0.0
0.423239181228	0.434408602151	267	0	0	0	0	0.0
0.424061640865	0.435483870968	268	0	0	0	0	0.0
0.425386306305	0.434408602151	269	0	0	0	0	0.0
0.426904953591	0.435483870968	270	0	0	0	0	0.0
0.430094467841	0.436559139785	271	0	0	0	0	0.0
0.431296116505	0.435483870968	272	0	0	0	0	0.0
0.433395506756	0.436559139785	273	0	0	0	0	0.0
0.4353192771	0.437634408602	274	0	0	0	0	0.0
0.435329431987	0.437634408602	275	0	0	0	0	0.0
0.436535472268	0.437634408602	276	0	0	0	0	0.0
0.43798587487	0.438709677419	277	0	0	0	0	0.0
0.437994522493	0.438709677419	278	0	0	0	0	0.0
0.439826102268	0.439784946237	279	0	0	0	0	0.0
0.442439648671	0.438709677419	280	0	0	0	0	0.0
0.44963841773	0.437634408602	281	0	0	0	0	0.0
0.453063518531	0.436559139785	282	0	0	0	0	0.0
0.454128559312	0.437634408602	283	0	0	0	0	0.0
0.455502920254	0.438709677419	284	0	0	0	0	0.0
0.456224886113	0.437634408602	285	0	0	0	0	0.0
0.457974039929	0.436559139785	286	0	0	0	0	0.0
0.461731650949	0.437634408602	287	0	0	0	0	0.0
0.462175074541	0.438709677419	288	0	0	0	0	0.0
0.466101007982	0.439784946237	289	0	0	0	0	0.0
0.466546237658	0.440860215054	290	0	0	0	0	0.0
0.466833022969	0.441935483871	291	0	0	0	0	0.0
0.468712527814	0.441935483871	292	0	0	0	0	0.0
0.469518069955	0.443010752688	293	0	0	0	0	0.0
0.472314634859	0.443010752688	294	0	0	0	0	0.0
0.473355793223	0.444086021505	295	0	0	0	0	0.0
0.473404221212	0.445161290323	296	0	0	0	0	0.0
0.47385784704	0.445161290323	297	0	0	0	0	0.0
0.478459258954	0.44623655914	298	0	0	0	0	0.0
0.483803957009	0.44623655914	299	0	0	0	0	0.0
0.485491891663	0.447311827957	300	0	0	0	0	0.0
0.48553239343	0.44623655914	301	0	0	0	0	0.0
0.487123907124	0.447311827957	302	0	0	0	0	0.0
0.490294510426	0.448387096774	303	0	0	0	0	0.0
0.490709054663	0.449462365591	304	0	0	0	0	0.0
0.490964861604	0.450537634409	305	0	0	0	0	0.0
0.492752942116	0.449462365591	306	0	0	0	0	0.0
0.502939514275	0.449462365591	307	0	0	0	0	0.0
0.504169041605	0.449462365591	308	0	0	0	0	0.0
0.50673311811	0.450537634409	309	0	0	0	0	0.0
0.50803380046	0.449462365591	310	0	0	0	0	0.0
0.508279219865	0.450537634409	311	0	0	0	0	0.0
0.509189779106	0.451612903226	312	0	0	0	0	0.0
0.510385027885	0.451612903226	313	0	0	0	0	0.0
0.511821156997	0.450537634409	314	0	0	0	0	0.0
0.515147550377	0.451612903226	315	0	0	0	0	0.0
0.516596407184	0.452688172043	316	0	0	0	0	0.0
0.516792668111	0.451612903226	317	0	0	0	0	0.0
0.5173298436	0.451612903226	318	0	0	0	0	0.0
0.517356075936	0.452688172043	319	0	0	0	0	0.0
0.518102355989	0.452688172043	320	0	0	0	0	0.0
0.522146942654	0.45376344086	321	0	0	0	0	0.0
0.522294537395	0.45376344086	322	0	0	0	0	0.0
0.523182883205	0.452688172043	323	0	0	0	0	0.0
0.5237295902	0.45376344086	324	0	0	0	0	0.0
0.52406311403	0.45376344086	325	0	0	0	0	0.0
0.525113143137	0.452688172043	326	0	0	0	0	0.0
0.525198545903	0.451612903226	327	0	0	0	0	0.0
0.525621899485	0.451612903226	328	0	0	0	0	0.0
0.525779883903	0.452688172043	329	0	0	0	0	0.0
0.527174617075	0.452688172043	330	0	0	0	0	0.0
0.52821789042	0.452688172043	331	0	0	0	0	0.0
0.530711968322	0.45376344086	332	0	0	0	0	0.0
0.531597780861	0.454838709677	333	0	0	0	0	0.0
0.531819378616	0.455913978495	334	0	0	0	0	0.0
0.533673993734	0.456989247312	335	0	0	0	0	0.0
0.534089409195	0.456989247312	336	0	0	0	0	0.0
0.534369776977	0.455913978495	337	0	0	0	0	0.0
0.534485624575	0.456989247312	338	0	0	0	0	0.0
0.537340699554	0.458064516129	339	0	0	0	0	0.0
0.540012306675	0.459139784946	340	0	0	0	0	0.0
0.540392400351	0.460215053763	341	0	0	0	0	0.0
0.541147034489	0.461290322581	342	0	0	0	0	0.0
0.541156867126	0.460215053763	343	0	0	0	0	0.0
0.541490746884	0.459139784946	344	0	0	0	0	0.0
0.541996378365	0.459139784946	345	0	0	0	0	0.0
0.543489833096	0.459139784946	346	0	0	0	0	0.0
0.543760055504	0.459139784946	347	0	0	0	0	0.0
0.543906764989	0.459139784946	348	0	0	0	0	0.0
0.553202362728	0.460215053763	349	0	0	0	0	0.0
0.555615912399	0.461290322581	350	0	0	0	0	0.0
0.555901386726	0.462365591398	351	0	0	0	0	0.0
0.557581202145	0.462365591398	352	0	0	0	0	0.0
0.5578308762	0.462365591398	353	0	0	0	0	0.0
0.55795139259	0.463440860215	354	0	0	0	0	0.0
0.558881597966	0.462365591398	355	0	0	0	0	0.0
0.562177221393	0.462365591398	356	0	0	0	0	0.0
0.563548102603	0.462365591398	357	0	0	0	0	0.0
0.563604250429	0.461290322581	358	0	0	0	0	0.0
0.565879317946	0.460215053763	359	0	0	0	0	0.0
0.567357102838	0.459139784946	360	0	0	0	0	0.0
0.567670521363	0.459139784946	361	0	0	0	0	0.0
0.569834310465	0.460215053763	362	0	0	0	0	0.0
0.569962012802	0.461290322581	363	0	0	0	0	0.0
0.570929381677	0.461290322581	364	0	0	0	0	0.0
0.571179442788	0.460215053763	365	0	0	0	0	0.0
0.573477416661	0.460215053763	366	0	0	0	0	0.0
0.575040659117	0.461290322581	367	0	0	0	0	0.0
0.575272698705	0.462365591398	368	0	0	0	0	0.0
0.576153536257	0.461290322581	369	0	0	0	0	0.0
0.578834371226	0.460215053763	370	0	0	0	0	0.0
0.580473151715	0.459139784946	371	0	0	0	0	0.0
0.580698729475	0.458064516129	372	0	0	0	0	0.0
0.582201513155	0.458064516129	373	0	0	0	0	0.0
0.582643388563	0.458064516129	374	0	0	0	0	0.0
0.588288679527	0.458064516129	375	0	0	0	0	0.0
0.591019711495	0.458064516129	376	0	0	0	0	0.0
0.596540833619	0.459139784946	377	0	0	0	0	0.0
0.599815633658	0.460215053763	378	0	0	0	0	0.0
0.600935615184	0.461290322581	379	0	0	0	0	0.0
0.603345381863	0.462365591398	380	0	0	0	0	0.0
0.604074474704	0.462365591398	381	0	0	0	0	0.0
0.604641051552	0.463440860215	382	0	0	0	0	0.0
0.614346834725	0.463440860215	383	0	0	0	0	0.0
0.61490015901	0.464516129032	384	0	0	0	0	0.0
0.617585582848	0.464516129032	385	0	0	0	0	0.0
0.617632418972	0.465591397849	386	0	0	0	0	0.0
0.618144845313	0.465591397849	387	0	0	0	0	0.0
0.618803293815	0.465591397849	388	0	0	0	0	0.0
0.624539948125	0.466666666667	389	0	0	0	0	0.0
0.624727559731	0.466666666667	390	0	0	0	0	0.0
0.625291199462	0.465591397849	391	0	0	0	0	0.0
0.626285724468	0.465591397849	392	0	0	0	0	0.0
0.628264814955	0.464516129032	393	0	0	0	0	0.0
0.628849287429	0.463440860215	394	0	0	0	0	0.0
0.632894316618	0.462365591398	395	0	0	0	0	0.0
0.634157924215	0.463440860215	396	0	0	0	0	0.0
0.637712861139	0.464516129032	397	0	0	0	0	0.0
0.638012469776	0.464516129032	398	0	0	0	0	0.0
