# time 	 divergence 	 # of mutations 	 # IGC chances 	 IGC length 	 # IGC failures 	 Changes due to IGC  	 % change due to IGC 
0.0	0.323108384458	0	0	0	0	0	0.0
0.000958374495856	0.325153374233	1	0	0	0	0	0.0
0.00244906739644	0.327198364008	2	0	0	0	0	0.0
0.011011001408	0.327198364008	3	0	0	0	0	0.0
0.0143550265702	0.329243353783	4	0	0	0	0	0.0
0.0154264694857	0.331288343558	5	0	0	0	0	0.0
0.02724735733	0.331288343558	6	0	0	0	0	0.0
0.0281920813978	0.333333333333	7	0	0	0	0	0.0
0.0290898004967	0.335378323108	8	0	0	0	0	0.0
0.0326428419732	0.333333333333	9	0	0	0	0	0.0
0.0371256885275	0.335378323108	10	0	0	0	0	0.0
0.0383537476558	0.337423312883	11	0	0	0	0	0.0
0.0402738521669	0.339468302658	12	0	0	0	0	0.0
0.040609244137	0.341513292434	13	0	0	0	0	0.0
0.0431990558088	0.343558282209	14	0	0	0	0	0.0
0.0452237753949	0.345603271984	15	0	0	0	0	0.0
0.0467427734603	0.347648261759	16	0	0	0	0	0.0
0.05121464344	0.345603271984	17	0	0	0	0	0.0
0.051325414106	0.347648261759	18	0	0	0	0	0.0
0.0537362971773	0.349693251534	19	0	0	0	0	0.0
0.0570432600921	0.351738241309	20	0	0	0	0	0.0
