# time 	 divergence 	 # of mutations 	 # IGC chances 	 IGC length 	 # IGC failures 	 Changes due to IGC  	 % change due to IGC 
0.0	0.376344086022	0	0	0	0	0	0.0
0.000441613929849	0.377419354839	1	0	0	0	0	0.0
0.00110224862852	0.377419354839	2	0	0	0	0	0.0
0.00224714038477	0.378494623656	3	0	0	0	0	0.0
0.00228193520414	0.379569892473	4	0	0	0	0	0.0
0.00273000334882	0.38064516129	5	0	0	0	0	0.0
0.00313146445893	0.381720430108	6	0	0	0	0	0.0
0.00343015371832	0.381720430108	7	0	0	0	0	0.0
0.00381732619125	0.382795698925	8	0	0	0	0	0.0
0.00401135377444	0.382795698925	9	0	0	0	0	0.0
0.004610689121	0.381720430108	10	0	0	0	0	0.0
0.00522145758131	0.38064516129	10	1	3	0	1	0.0909090909091
0.00527317394723	0.379569892473	11	1	3	0	1	0.0833333333333
0.0102935327574	0.378494623656	11	2	3	0	2	0.153846153846
0.0107306288093	0.379569892473	12	2	3	0	2	0.142857142857
0.0122603436259	0.378494623656	13	2	3	0	2	0.133333333333
0.0124937425842	0.379569892473	14	2	3	0	2	0.125
0.0126821520428	0.378494623656	15	2	3	0	2	0.117647058824
0.013292122673	0.379569892473	16	2	3	0	2	0.111111111111
0.0149953522786	0.377419354839	16	3	3	0	4	0.2
0.0177744672402	0.378494623656	17	3	3	0	4	0.190476190476
0.0179388920673	0.379569892473	18	3	3	0	4	0.181818181818
0.0184422852983	0.38064516129	19	3	3	0	4	0.173913043478
0.0185068439151	0.381720430108	20	3	3	0	4	0.166666666667
0.0189759673206	0.38064516129	21	3	3	0	4	0.16
0.0191396621465	0.379569892473	22	3	3	0	4	0.153846153846
0.0225353606291	0.379569892473	23	3	3	0	4	0.148148148148
0.0228689570323	0.379569892473	23	4	3	0	4	0.148148148148
0.0230559294932	0.38064516129	24	4	3	0	4	0.142857142857
0.0240862560809	0.381720430108	25	4	3	0	4	0.137931034483
0.0247184380439	0.382795698925	26	4	3	0	4	0.133333333333
0.024785602177	0.383870967742	27	4	3	0	4	0.129032258065
0.0259995130595	0.384946236559	28	4	3	0	4	0.125
0.0272681821244	0.383870967742	29	4	3	0	4	0.121212121212
0.0279344471884	0.382795698925	30	4	3	0	4	0.117647058824
0.0290819526326	0.382795698925	31	4	3	0	4	0.114285714286
0.0304531733264	0.383870967742	32	4	3	0	4	0.111111111111
0.031866759656	0.384946236559	33	4	3	0	4	0.108108108108
0.0322872248418	0.384946236559	34	4	3	0	4	0.105263157895
0.032946135465	0.386021505376	35	4	3	0	4	0.102564102564
0.0339068318143	0.387096774194	36	4	3	0	4	0.1
0.0350699984843	0.388172043011	37	4	3	0	4	0.0975609756098
0.0355727584476	0.387096774194	37	5	3	0	5	0.119047619048
0.0361773164384	0.387096774194	38	5	3	0	5	0.116279069767
0.0380347891036	0.386021505376	39	5	3	0	5	0.113636363636
0.0411983683166	0.387096774194	40	5	3	0	5	0.111111111111
0.0417847247254	0.386021505376	41	5	3	0	5	0.108695652174
0.041820331598	0.386021505376	41	6	3	0	5	0.108695652174
0.0434496293827	0.387096774194	42	6	3	0	5	0.106382978723
0.0439966923223	0.388172043011	43	6	3	0	5	0.104166666667
0.0442458932433	0.387096774194	43	7	3	0	6	0.122448979592
0.044992662307	0.386021505376	44	7	3	0	6	0.12
0.0461011757263	0.384946236559	45	7	3	0	6	0.117647058824
0.0481109023392	0.383870967742	45	8	3	0	7	0.134615384615
0.0483186267597	0.384946236559	46	8	3	0	7	0.132075471698
0.0509960733716	0.386021505376	47	8	3	0	7	0.12962962963
0.0564548315329	0.384946236559	48	8	3	0	7	0.127272727273
0.0566033393816	0.382795698925	48	9	3	0	9	0.157894736842
0.0584700352781	0.382795698925	48	10	3	0	9	0.157894736842
0.0586733418334	0.383870967742	49	10	3	0	9	0.155172413793
0.0608494783318	0.384946236559	50	10	3	0	9	0.152542372881
0.0612537205859	0.386021505376	51	10	3	0	9	0.15
0.0629243023401	0.387096774194	52	10	3	0	9	0.147540983607
0.0630046048007	0.384946236559	52	11	3	0	11	0.174603174603
0.0632371800523	0.386021505376	53	11	3	0	11	0.171875
0.0636963544717	0.384946236559	54	11	3	0	11	0.169230769231
0.064574922655	0.383870967742	54	12	3	0	12	0.181818181818
0.0651819131494	0.382795698925	55	12	3	0	12	0.179104477612
0.0659582932488	0.383870967742	56	12	3	0	12	0.176470588235
0.0660307356967	0.382795698925	56	13	3	0	13	0.188405797101
0.066754397173	0.381720430108	57	13	3	0	13	0.185714285714
0.0669874080222	0.38064516129	58	13	3	0	13	0.183098591549
0.0691725614132	0.379569892473	58	14	3	0	14	0.194444444444
0.0693569388796	0.38064516129	59	14	3	0	14	0.191780821918
0.0700299539464	0.381720430108	60	14	3	0	14	0.189189189189
0.071980678627	0.382795698925	61	14	3	0	14	0.186666666667
0.0724331939652	0.383870967742	62	14	3	0	14	0.184210526316
0.0728118447763	0.383870967742	63	14	3	0	14	0.181818181818
0.0735361567608	0.382795698925	64	14	3	0	14	0.179487179487
0.073807198734	0.382795698925	64	15	3	0	14	0.179487179487
0.0738822903896	0.383870967742	65	15	3	0	14	0.177215189873
0.0742044179979	0.383870967742	66	15	3	0	14	0.175
0.0746293434196	0.382795698925	66	16	3	0	15	0.185185185185
0.0746614982667	0.381720430108	67	16	3	0	15	0.182926829268
0.0763264067432	0.381720430108	68	16	3	0	15	0.180722891566
0.0773686341507	0.38064516129	68	17	3	0	16	0.190476190476
0.0780269180157	0.379569892473	68	18	3	0	17	0.2
0.0824382119904	0.38064516129	69	18	3	0	17	0.197674418605
0.0841436558706	0.381720430108	70	18	3	0	17	0.195402298851
0.0849810763937	0.381720430108	71	18	3	0	17	0.193181818182
0.086285678764	0.382795698925	72	18	3	0	17	0.191011235955
0.0900597753996	0.382795698925	73	18	3	0	17	0.188888888889
0.0908714794906	0.382795698925	74	18	3	0	17	0.186813186813
0.097089738971	0.38064516129	74	19	3	0	19	0.204301075269
0.0975787891978	0.38064516129	75	19	3	0	19	0.202127659574
0.09813038466	0.381720430108	76	19	3	0	19	0.2
0.10152074467	0.38064516129	76	20	3	0	20	0.208333333333
0.103535527195	0.38064516129	76	21	3	0	20	0.208333333333
0.103566384833	0.381720430108	77	21	3	0	20	0.20618556701
0.10469115363	0.382795698925	78	21	3	0	20	0.204081632653
0.106926224357	0.381720430108	79	21	3	0	20	0.20202020202
0.110687212516	0.381720430108	80	21	3	0	20	0.2
0.110922380668	0.38064516129	81	21	3	0	20	0.19801980198
0.111054046567	0.379569892473	82	21	3	0	20	0.196078431373
0.11239604829	0.38064516129	83	21	3	0	20	0.194174757282
0.114907867176	0.381720430108	84	21	3	0	20	0.192307692308
0.11494095964	0.382795698925	85	21	3	0	20	0.190476190476
0.115563739836	0.383870967742	86	21	3	0	20	0.188679245283
0.119005344888	0.382795698925	86	22	3	0	21	0.196261682243
0.119966953406	0.383870967742	87	22	3	0	21	0.194444444444
0.123307137515	0.384946236559	88	22	3	0	21	0.192660550459
0.123566090037	0.383870967742	89	22	3	0	21	0.190909090909
0.125931643231	0.382795698925	90	22	3	0	21	0.189189189189
0.126403452207	0.383870967742	91	22	3	0	21	0.1875
0.126624544619	0.383870967742	92	22	3	0	21	0.185840707965
0.127627969978	0.384946236559	93	22	3	0	21	0.184210526316
0.130435514351	0.384946236559	94	22	3	0	21	0.182608695652
0.136508016239	0.386021505376	95	22	3	0	21	0.181034482759
0.138827840687	0.386021505376	95	23	3	0	21	0.181034482759
0.141468489918	0.387096774194	96	23	3	0	21	0.179487179487
0.142144845984	0.388172043011	97	23	3	0	21	0.177966101695
0.143385399104	0.389247311828	98	23	3	0	21	0.176470588235
0.143398033266	0.387096774194	98	24	3	0	23	0.190082644628
0.145263780997	0.387096774194	98	25	3	0	23	0.190082644628
0.14764945421	0.388172043011	99	25	3	0	23	0.188524590164
0.147661469236	0.387096774194	100	25	3	0	23	0.186991869919
0.147845584886	0.388172043011	101	25	3	0	23	0.185483870968
0.148065170849	0.387096774194	102	25	3	0	23	0.184
0.14809503725	0.387096774194	102	26	3	0	23	0.184
0.149193667521	0.388172043011	103	26	3	0	23	0.18253968254
0.149634909677	0.389247311828	104	26	3	0	23	0.181102362205
0.151348838697	0.388172043011	104	27	3	0	24	0.1875
0.157564861914	0.388172043011	105	27	3	0	24	0.186046511628
0.157971181462	0.389247311828	106	27	3	0	24	0.184615384615
0.160620336351	0.390322580645	107	27	3	0	24	0.18320610687
0.161539320361	0.390322580645	108	27	3	0	24	0.181818181818
0.164215364033	0.390322580645	109	27	3	0	24	0.18045112782
0.16546836363	0.389247311828	110	27	3	0	24	0.179104477612
0.165776778616	0.390322580645	111	27	3	0	24	0.177777777778
0.167162560267	0.390322580645	112	27	3	0	24	0.176470588235
0.169217113599	0.391397849462	113	27	3	0	24	0.175182481752
0.169477826931	0.39247311828	114	27	3	0	24	0.173913043478
0.174521531808	0.39247311828	114	28	3	0	24	0.173913043478
0.176093044149	0.391397849462	114	29	3	0	25	0.179856115108
0.176497988712	0.389247311828	114	30	3	0	27	0.191489361702
0.177372943298	0.390322580645	115	30	3	0	27	0.19014084507
0.180458437527	0.391397849462	116	30	3	0	27	0.188811188811
0.185830695225	0.391397849462	117	30	3	0	27	0.1875
0.18614702766	0.39247311828	118	30	3	0	27	0.186206896552
0.18671030803	0.393548387097	119	30	3	0	27	0.184931506849
0.186715175646	0.394623655914	120	30	3	0	27	0.183673469388
0.187878805816	0.393548387097	121	30	3	0	27	0.182432432432
0.188432806366	0.393548387097	122	30	3	0	27	0.181208053691
0.191675082304	0.394623655914	123	30	3	0	27	0.18
0.191699265106	0.395698924731	124	30	3	0	27	0.17880794702
0.192733783721	0.395698924731	125	30	3	0	27	0.177631578947
0.192983054841	0.395698924731	125	31	3	0	27	0.177631578947
0.195645990132	0.395698924731	126	31	3	0	27	0.176470588235
0.198163683296	0.395698924731	127	31	3	0	27	0.175324675325
0.200865606822	0.396774193548	128	31	3	0	27	0.174193548387
0.201809382322	0.396774193548	129	31	3	0	27	0.173076923077
0.20467244315	0.396774193548	130	31	3	0	27	0.171974522293
0.206298032323	0.397849462366	131	31	3	0	27	0.170886075949
0.208279755569	0.398924731183	132	31	3	0	27	0.169811320755
0.21095613685	0.397849462366	133	31	3	0	27	0.16875
0.211120494187	0.397849462366	133	32	3	0	27	0.16875
0.212060442304	0.397849462366	134	32	3	0	27	0.167701863354
0.21367069167	0.398924731183	135	32	3	0	27	0.166666666667
0.214224082767	0.397849462366	135	33	3	0	28	0.171779141104
0.21511425597	0.398924731183	136	33	3	0	28	0.170731707317
0.217247008135	0.397849462366	137	33	3	0	28	0.169696969697
0.218386061818	0.397849462366	138	33	3	0	28	0.168674698795
0.21844402055	0.396774193548	139	33	3	0	28	0.167664670659
0.218756188453	0.395698924731	140	33	3	0	28	0.166666666667
0.220312267993	0.39247311828	140	34	3	0	31	0.181286549708
0.222913553377	0.393548387097	141	34	3	0	31	0.18023255814
0.223298612845	0.394623655914	142	34	3	0	31	0.179190751445
0.223529846983	0.395698924731	143	34	3	0	31	0.17816091954
0.224962233889	0.393548387097	143	35	3	0	33	0.1875
0.227348628819	0.394623655914	144	35	3	0	33	0.186440677966
0.229707790277	0.395698924731	145	35	3	0	33	0.185393258427
0.230375779793	0.395698924731	146	35	3	0	33	0.184357541899
0.234139091227	0.394623655914	146	36	3	0	34	0.188888888889
0.235660026676	0.394623655914	147	36	3	0	34	0.187845303867
0.243380159535	0.393548387097	147	37	3	0	35	0.192307692308
0.244022726339	0.394623655914	148	37	3	0	35	0.191256830601
0.245244207124	0.391397849462	148	38	3	0	38	0.204301075269
0.245898707388	0.390322580645	149	38	3	0	38	0.20320855615
0.246271869916	0.389247311828	150	38	3	0	38	0.202127659574
0.246733441426	0.388172043011	151	38	3	0	38	0.201058201058
0.247045010478	0.389247311828	152	38	3	0	38	0.2
0.25046604791	0.389247311828	153	38	3	0	38	0.198952879581
0.251921045803	0.388172043011	154	38	3	0	38	0.197916666667
0.25435820762	0.387096774194	154	39	3	0	39	0.20207253886
0.255395712668	0.387096774194	155	39	3	0	39	0.201030927835
0.256052302033	0.387096774194	156	39	3	0	39	0.2
0.257564822908	0.388172043011	157	39	3	0	39	0.198979591837
0.257680940894	0.387096774194	158	39	3	0	39	0.197969543147
0.260463455706	0.388172043011	159	39	3	0	39	0.19696969697
0.264770014419	0.388172043011	160	39	3	0	39	0.195979899497
0.266390813296	0.389247311828	161	39	3	0	39	0.195
0.26639877077	0.390322580645	162	39	3	0	39	0.194029850746
0.271109615924	0.390322580645	163	39	3	0	39	0.193069306931
0.271166835067	0.390322580645	164	39	3	0	39	0.192118226601
0.274482476344	0.391397849462	165	39	3	0	39	0.191176470588
0.275183716761	0.389247311828	165	40	3	0	41	0.199029126214
0.276540207368	0.390322580645	166	40	3	0	41	0.19806763285
0.277578473306	0.390322580645	167	40	3	0	41	0.197115384615
0.277792591606	0.389247311828	168	40	3	0	41	0.196172248804
0.278839648713	0.389247311828	169	40	3	0	41	0.195238095238
0.280780836421	0.388172043011	170	40	3	0	41	0.194312796209
0.281280449309	0.389247311828	171	40	3	0	41	0.193396226415
0.282588329993	0.390322580645	172	40	3	0	41	0.192488262911
0.282758842358	0.389247311828	172	41	3	0	42	0.196261682243
0.283403935855	0.390322580645	173	41	3	0	42	0.195348837209
0.286541154939	0.390322580645	174	41	3	0	42	0.194444444444
0.287203666143	0.389247311828	175	41	3	0	42	0.193548387097
0.288180967251	0.388172043011	176	41	3	0	42	0.192660550459
0.29221026736	0.387096774194	177	41	3	0	42	0.191780821918
0.292561430937	0.388172043011	178	41	3	0	42	0.190909090909
0.293442748127	0.387096774194	178	42	3	0	43	0.194570135747
0.293809841083	0.386021505376	179	42	3	0	43	0.193693693694
0.29489307487	0.384946236559	180	42	3	0	43	0.192825112108
0.295471974623	0.386021505376	181	42	3	0	43	0.191964285714
0.296983734602	0.386021505376	182	42	3	0	43	0.191111111111
0.30155639952	0.386021505376	183	42	3	0	43	0.190265486726
0.302320041806	0.386021505376	184	42	3	0	43	0.189427312775
0.302839284984	0.387096774194	185	42	3	0	43	0.188596491228
0.303118874836	0.388172043011	186	42	3	0	43	0.187772925764
0.3038794024	0.388172043011	186	43	3	0	43	0.187772925764
0.305293761052	0.389247311828	187	43	3	0	43	0.186956521739
0.306054520122	0.389247311828	188	43	3	0	43	0.186147186147
0.306408037748	0.389247311828	189	43	3	0	43	0.185344827586
0.308641043381	0.390322580645	190	43	3	0	43	0.184549356223
0.308761325306	0.389247311828	191	43	3	0	43	0.183760683761
0.309033297274	0.390322580645	192	43	3	0	43	0.182978723404
0.310235432785	0.391397849462	193	43	3	0	43	0.182203389831
0.312139899978	0.39247311828	194	43	3	0	43	0.181434599156
0.313698269513	0.39247311828	194	44	3	0	43	0.181434599156
