# time 	 divergence 	 # of mutations 	 # IGC chances 	 IGC length 	 # IGC failures 	 Changes due to IGC  	 % change due to IGC 
0.0	0.403225806452	0	0	0	0	0	0.0
0.000508715014365	0.403225806452	1	0	0	0	0	0.0
0.00110624187098	0.404301075269	2	0	0	0	0	0.0
0.00316498908064	0.405376344086	3	0	0	0	0	0.0
0.00663170531623	0.405376344086	4	0	0	0	0	0.0
0.00814107122908	0.405376344086	5	0	0	0	0	0.0
0.0082140610538	0.406451612903	6	0	0	0	0	0.0
0.00852236891381	0.40752688172	7	0	0	0	0	0.0
0.00904758748724	0.406451612903	8	0	0	0	0	0.0
0.00972283326794	0.406451612903	9	0	0	0	0	0.0
0.0108751820059	0.406451612903	10	0	0	0	0	0.0
0.0113469876501	0.405376344086	11	0	0	0	0	0.0
0.0129026506578	0.406451612903	12	0	0	0	0	0.0
0.0145969404878	0.40752688172	13	0	0	0	0	0.0
0.0150390332009	0.40752688172	14	0	0	0	0	0.0
0.0176094468705	0.406451612903	15	0	0	0	0	0.0
0.0196834639079	0.40752688172	16	0	0	0	0	0.0
0.0215165836413	0.408602150538	17	0	0	0	0	0.0
0.0232806450272	0.409677419355	18	0	0	0	0	0.0
0.03318401537	0.410752688172	19	0	0	0	0	0.0
0.0381005077083	0.411827956989	20	0	0	0	0	0.0
0.0384595864376	0.412903225806	21	0	0	0	0	0.0
0.0387733980827	0.413978494624	22	0	0	0	0	0.0
0.0396352577131	0.415053763441	23	0	0	0	0	0.0
0.0405409800648	0.416129032258	24	0	0	0	0	0.0
0.0406355853241	0.416129032258	25	0	0	0	0	0.0
0.0424491307662	0.417204301075	26	0	0	0	0	0.0
0.0462612411066	0.417204301075	27	0	0	0	0	0.0
0.0466726914345	0.416129032258	28	0	0	0	0	0.0
0.0484862097872	0.415053763441	29	0	0	0	0	0.0
0.0485483446456	0.413978494624	30	0	0	0	0	0.0
0.0486288236629	0.413978494624	31	0	0	0	0	0.0
0.0517803717783	0.412903225806	32	0	0	0	0	0.0
0.0520459559958	0.413978494624	33	0	0	0	0	0.0
0.0529202305657	0.415053763441	34	0	0	0	0	0.0
0.054193141107	0.416129032258	35	0	0	0	0	0.0
0.0548975277974	0.415053763441	36	0	0	0	0	0.0
0.0568224533966	0.416129032258	37	0	0	0	0	0.0
0.0597611900754	0.416129032258	38	0	0	0	0	0.0
0.060998523629	0.415053763441	39	0	0	0	0	0.0
0.0621319311333	0.416129032258	40	0	0	0	0	0.0
0.0622008870144	0.416129032258	41	0	0	0	0	0.0
0.0645846948118	0.416129032258	42	0	0	0	0	0.0
0.0649864510824	0.417204301075	43	0	0	0	0	0.0
0.065161284309	0.417204301075	44	0	0	0	0	0.0
0.0653455078288	0.416129032258	45	0	0	0	0	0.0
0.0658438967965	0.416129032258	46	0	0	0	0	0.0
0.0667834794446	0.417204301075	47	0	0	0	0	0.0
0.0668174884927	0.416129032258	48	0	0	0	0	0.0
0.07362239457	0.417204301075	49	0	0	0	0	0.0
0.074803361309	0.417204301075	50	0	0	0	0	0.0
0.0748072810493	0.416129032258	51	0	0	0	0	0.0
0.0753398733747	0.416129032258	52	0	0	0	0	0.0
0.0754407833127	0.415053763441	53	0	0	0	0	0.0
0.07729183426	0.416129032258	54	0	0	0	0	0.0
0.0777512720907	0.417204301075	55	0	0	0	0	0.0
0.0790143201586	0.418279569892	56	0	0	0	0	0.0
0.0806128632187	0.41935483871	57	0	0	0	0	0.0
0.0867500423481	0.420430107527	58	0	0	0	0	0.0
0.0891884724656	0.421505376344	59	0	0	0	0	0.0
0.0895031226014	0.420430107527	60	0	0	0	0	0.0
0.0922229997829	0.420430107527	61	0	0	0	0	0.0
0.0949230905825	0.420430107527	62	0	0	0	0	0.0
0.0959618438451	0.421505376344	63	0	0	0	0	0.0
0.0971431676202	0.421505376344	64	0	0	0	0	0.0
0.101139912742	0.420430107527	65	0	0	0	0	0.0
0.107799127091	0.420430107527	66	0	0	0	0	0.0
0.112451049919	0.41935483871	67	0	0	0	0	0.0
0.112709187413	0.41935483871	68	0	0	0	0	0.0
0.113323646764	0.420430107527	69	0	0	0	0	0.0
0.113679276631	0.41935483871	70	0	0	0	0	0.0
0.114528670874	0.420430107527	71	0	0	0	0	0.0
0.115480483619	0.421505376344	72	0	0	0	0	0.0
0.115561289364	0.421505376344	73	0	0	0	0	0.0
0.11868327928	0.422580645161	74	0	0	0	0	0.0
0.119999620714	0.422580645161	75	0	0	0	0	0.0
0.121776663698	0.423655913978	76	0	0	0	0	0.0
0.123122019162	0.424731182796	77	0	0	0	0	0.0
0.124782486822	0.425806451613	78	0	0	0	0	0.0
0.125102747703	0.425806451613	79	0	0	0	0	0.0
0.130212812975	0.42688172043	80	0	0	0	0	0.0
0.133320990042	0.427956989247	81	0	0	0	0	0.0
0.133365700699	0.429032258065	82	0	0	0	0	0.0
0.133556881357	0.427956989247	83	0	0	0	0	0.0
0.135426684849	0.429032258065	84	0	0	0	0	0.0
0.135529092483	0.430107526882	85	0	0	0	0	0.0
0.136753333303	0.431182795699	86	0	0	0	0	0.0
0.13713376216	0.431182795699	87	0	0	0	0	0.0
0.137722455031	0.432258064516	88	0	0	0	0	0.0
0.137744870842	0.432258064516	89	0	0	0	0	0.0
0.140037405636	0.433333333333	90	0	0	0	0	0.0
0.142275949721	0.434408602151	91	0	0	0	0	0.0
0.144661142055	0.433333333333	92	0	0	0	0	0.0
