# time 	 divergence 	 # of mutations 	 # IGC chances 	 IGC length 	 # IGC failures 	 Changes due to IGC  	 % change due to IGC 
0.0	0.18609406953	0	0	0	0	0	0.0
0.00517496986275	0.188139059305	1	0	0	0	0	0.0
0.00579344941842	0.19018404908	2	0	0	0	0	0.0
0.0059712589348	0.192229038855	3	0	0	0	0	0.0
0.00774400133773	0.19427402863	4	0	0	0	0	0.0
0.00819345160215	0.196319018405	5	0	0	0	0	0.0
0.00965410894985	0.19427402863	6	0	0	0	0	0.0
0.0140069016694	0.196319018405	7	0	0	0	0	0.0
0.0148921495334	0.19427402863	8	0	0	0	0	0.0
0.0193663394415	0.19427402863	9	0	0	0	0	0.0
0.025851756492	0.19427402863	10	0	0	0	0	0.0
0.0267299863139	0.192229038855	11	0	0	0	0	0.0
0.0290587955381	0.19427402863	12	0	0	0	0	0.0
0.0298081970684	0.196319018405	13	0	0	0	0	0.0
0.0347801388184	0.19836400818	14	0	0	0	0	0.0
0.0362141811246	0.200408997955	15	0	0	0	0	0.0
0.0367394267275	0.20245398773	16	0	0	0	0	0.0
0.0408917481521	0.204498977505	17	0	0	0	0	0.0
0.0409329436663	0.20654396728	18	0	0	0	0	0.0
0.0433341045246	0.208588957055	19	0	0	0	0	0.0
0.0477878855879	0.20654396728	20	0	0	0	0	0.0
0.0489961542665	0.116564417178	20	1	201	0	44	0.6875
0.0517982057866	0.118609406953	21	1	201	0	44	0.676923076923
0.0536570297855	0.120654396728	22	1	201	0	44	0.666666666667
0.0537822367472	0.122699386503	23	1	201	0	44	0.65671641791
0.0582301676122	0.124744376278	24	1	201	0	44	0.647058823529
0.0587719353328	0.124744376278	25	1	201	0	44	0.63768115942
0.065292106257	0.124744376278	26	1	201	0	44	0.628571428571
0.0676201007964	0.126789366053	27	1	201	0	44	0.619718309859
0.0769187367306	0.128834355828	28	1	201	0	44	0.611111111111
0.0771593093977	0.130879345603	29	1	201	0	44	0.602739726027
0.0786845962439	0.132924335378	30	1	201	0	44	0.594594594595
0.085310497929	0.130879345603	31	1	201	0	44	0.586666666667
0.0856589983802	0.132924335378	32	1	201	0	44	0.578947368421
0.0859831845694	0.134969325153	33	1	201	0	44	0.571428571429
0.0871506582604	0.137014314928	34	1	201	0	44	0.564102564103
0.0944235146182	0.139059304703	35	1	201	0	44	0.556962025316
0.096088892936	0.141104294479	36	1	201	0	44	0.55
0.0975705391208	0.0961145194274	36	2	228	0	66	0.647058823529
0.0985317442343	0.0981595092025	37	2	228	0	66	0.640776699029
0.101262962932	0.100204498978	38	2	228	0	66	0.634615384615
0.105048507513	0.102249488753	39	2	228	0	66	0.628571428571
0.107195907186	0.104294478528	40	2	228	0	66	0.622641509434
0.107856037958	0.102249488753	41	2	228	0	66	0.616822429907
0.109755373263	0.102249488753	41	3	9	0	66	0.616822429907
0.110857360289	0.102249488753	42	3	9	0	66	0.611111111111
0.114842483743	0.104294478528	43	3	9	0	66	0.605504587156
0.12179070509	0.102249488753	44	3	9	0	66	0.6
0.123028344417	0.104294478528	45	3	9	0	66	0.594594594595
0.124450839828	0.102249488753	46	3	9	0	66	0.589285714286
0.125631011039	0.104294478528	47	3	9	0	66	0.58407079646
0.127343622508	0.106339468303	48	3	9	0	66	0.578947368421
0.127793935187	0.108384458078	49	3	9	0	66	0.573913043478
0.129240863217	0.110429447853	50	3	9	0	66	0.568965517241
0.130917616479	0.112474437628	51	3	9	0	66	0.564102564103
0.13194994966	0.114519427403	52	3	9	0	66	0.559322033898
0.13562222064	0.116564417178	53	3	9	0	66	0.554621848739
0.137518451149	0.118609406953	54	3	9	0	66	0.55
0.139872369452	0.120654396728	55	3	9	0	66	0.545454545455
0.140497373587	0.122699386503	56	3	9	0	66	0.540983606557
0.144429656884	0.124744376278	57	3	9	0	66	0.536585365854
0.155591157039	0.126789366053	58	3	9	0	66	0.532258064516
0.157945031343	0.128834355828	59	3	9	0	66	0.528
0.158105467313	0.126789366053	60	3	9	0	66	0.52380952381
0.158410316713	0.124744376278	61	3	9	0	66	0.51968503937
0.159115800186	0.126789366053	62	3	9	0	66	0.515625
0.159187021428	0.128834355828	63	3	9	0	66	0.511627906977
0.164624677168	0.130879345603	64	3	9	0	66	0.507692307692
0.16778832809	0.132924335378	65	3	9	0	66	0.503816793893
