# time 	 divergence 	 # of mutations 	 # IGC chances 	 IGC length 	 # IGC failures 	 Changes due to IGC  	 % change due to IGC 
0.0	0.0235042735043	0	0	0	0	0	0.0
0.000649279375075	0.0213675213675	0	1	3	0	1	1.0
0.000993978312169	0.0213675213675	0	2	6	0	1	1.0
0.00147922452909	0.0213675213675	0	3	3	0	1	1.0
0.00394195776943	0.0235042735043	1	3	3	0	1	0.5
0.00467894477794	0.0235042735043	1	4	3	0	1	0.5
0.00494697982365	0.0235042735043	2	4	3	0	1	0.333333333333
0.00655887699175	0.0235042735043	2	5	18	0	1	0.333333333333
0.00661026097631	0.0213675213675	2	6	6	0	2	0.5
0.00729807584633	0.0235042735043	3	6	6	0	2	0.4
0.00926149888945	0.0235042735043	3	7	3	0	2	0.4
0.0101196862399	0.025641025641	4	7	3	0	2	0.333333333333
0.0102647006611	0.025641025641	4	8	12	0	2	0.333333333333
0.0102833730659	0.0235042735043	4	9	9	0	3	0.428571428571
0.0104953122185	0.0235042735043	4	10	3	0	3	0.428571428571
0.0119176621604	0.025641025641	5	10	3	0	3	0.375
0.0125938961327	0.025641025641	5	11	3	0	3	0.375
0.0132039034579	0.025641025641	5	12	21	0	3	0.375
0.0140846731621	0.025641025641	5	13	9	0	3	0.375
0.0141048169118	0.025641025641	5	14	9	0	3	0.375
