# time 	 divergence 	 # of mutations 	 # IGC chances 	 IGC length 	 # IGC failures 	 Changes due to IGC  	 % change due to IGC 
0.0	0.0299145299145	0	0	0	0	0	0.0
0.000442486821819	0.0299145299145	0	1	15	0	0	0.0
0.000665421361613	0.0299145299145	0	2	6	0	0	0.0
0.00185630952276	0.0235042735043	0	3	27	0	3	1.0
0.00221476935688	0.0235042735043	0	4	18	0	3	1.0
0.00385207926118	0.0235042735043	0	5	24	0	3	1.0
0.00507558268083	0.0235042735043	0	6	3	0	3	1.0
0.00606155320076	0.0235042735043	0	7	15	0	3	1.0
0.00648178533727	0.0235042735043	0	8	9	0	3	1.0
0.00665308001514	0.0235042735043	0	9	21	0	3	1.0
0.00702627039388	0.0235042735043	0	10	3	0	3	1.0
0.00758985377242	0.0213675213675	0	11	6	0	4	1.0
0.00783626031649	0.0213675213675	0	12	6	0	4	1.0
0.00792496553247	0.0213675213675	0	13	3	0	4	1.0
0.00956927838786	0.0213675213675	0	14	3	0	4	1.0
0.0103675273912	0.0213675213675	0	15	3	0	4	1.0
0.0103842381241	0.0213675213675	0	16	3	0	4	1.0
0.0106218962059	0.0213675213675	0	17	6	0	4	1.0
0.0109308469769	0.0213675213675	0	18	6	0	4	1.0
