# time 	 divergence 	 # of mutations 	 # IGC chances 	 IGC length 	 # IGC failures 	 Changes due to IGC  	 % change due to IGC 
0.0	0.122699386503	0	0	0	0	0	0.0
0.00124421545459	0.124744376278	1	0	0	0	0	0.0
0.00894768783226	0.126789366053	2	0	0	0	0	0.0
0.00990100635938	0.128834355828	3	0	0	0	0	0.0
0.0144853705488	0.130879345603	4	0	0	0	0	0.0
0.0152049786793	0.128834355828	5	0	0	0	0	0.0
0.0156795160566	0.130879345603	6	0	0	0	0	0.0
0.016868104146	0.132924335378	7	0	0	0	0	0.0
0.0185759589824	0.128834355828	7	1	3	0	2	0.222222222222
0.0194836951705	0.130879345603	8	1	3	0	2	0.2
0.0251108547392	0.132924335378	9	1	3	0	2	0.181818181818
0.0278443352659	0.134969325153	10	1	3	0	2	0.166666666667
0.0298628440547	0.137014314928	11	1	3	0	2	0.153846153846
0.0299535290617	0.134969325153	12	1	3	0	2	0.142857142857
0.0321650839973	0.137014314928	13	1	3	0	2	0.133333333333
0.032936361291	0.139059304703	14	1	3	0	2	0.125
0.0432979026658	0.139059304703	15	1	3	0	2	0.117647058824
0.0502967220878	0.139059304703	15	2	9	0	2	0.117647058824
0.0516693248449	0.141104294479	16	2	9	0	2	0.111111111111
0.0546953503715	0.143149284254	17	2	9	0	2	0.105263157895
