# time 	 divergence 	 # of mutations 	 # IGC chances 	 IGC length 	 # IGC failures 	 Changes due to IGC  	 % change due to IGC 
0.0	0.0	0	0	0	0	0	0.0
0.00572926340993	0.0	0	1	9	0	0	0.0
0.00607432271951	0.00213675213675	1	1	9	0	0	0.0
0.00731231494731	0.0042735042735	2	1	9	0	0	0.0
0.00790944177954	0.0042735042735	2	2	3	0	0	0.0
0.0079229802801	0.00641025641026	3	2	3	0	0	0.0
0.0090014133146	0.00854700854701	4	2	3	0	0	0.0
0.0128857684492	0.0106837606838	5	2	3	0	0	0.0
0.0130100638572	0.0106837606838	5	3	6	0	0	0.0
0.0139612926647	0.0128205128205	6	3	6	0	0	0.0
0.0146074423975	0.0149572649573	7	3	6	0	0	0.0
0.0192093544274	0.017094017094	8	3	6	0	0	0.0
0.0222599177133	0.0192307692308	9	3	6	0	0	0.0
0.022612618044	0.0213675213675	10	3	6	0	0	0.0
0.0264373057814	0.0235042735043	11	3	6	0	0	0.0
0.0280737124619	0.025641025641	12	3	6	0	0	0.0
0.0321967174506	0.0277777777778	13	3	6	0	0	0.0
0.0338182338823	0.0299145299145	14	3	6	0	0	0.0
0.0339094962073	0.0320512820513	15	3	6	0	0	0.0
0.0471690754022	0.034188034188	16	3	6	0	0	0.0
0.0479773138499	0.0363247863248	17	3	6	0	0	0.0
0.0494853887384	0.0384615384615	18	3	6	0	0	0.0
0.0524907519567	0.0405982905983	19	3	6	0	0	0.0
0.0565616301884	0.042735042735	20	3	6	0	0	0.0
0.0591189021883	0.0448717948718	21	3	6	0	0	0.0
0.0594017589519	0.0470085470085	22	3	6	0	0	0.0
0.061504766534	0.0470085470085	22	4	3	0	0	0.0
0.0657673252847	0.0491452991453	23	4	3	0	0	0.0
0.06644697244	0.0491452991453	23	5	6	0	0	0.0
0.0684741479603	0.0470085470085	23	6	15	0	1	0.0416666666667
0.0703863756847	0.0491452991453	24	6	15	0	1	0.04
0.0714632811485	0.0512820512821	25	6	15	0	1	0.0384615384615
0.0720691242632	0.0534188034188	26	6	15	0	1	0.037037037037
0.0745307071926	0.0512820512821	26	7	9	0	2	0.0714285714286
0.0753272142748	0.0512820512821	26	8	3	0	2	0.0714285714286
0.0764841288784	0.0534188034188	27	8	3	0	2	0.0689655172414
0.0781003052034	0.0534188034188	27	9	3	0	2	0.0689655172414
0.0794941112764	0.0534188034188	28	9	3	0	2	0.0666666666667
0.0811719145641	0.0555555555556	29	9	3	0	2	0.0645161290323
0.0842063959208	0.0576923076923	30	9	3	0	2	0.0625
0.0896624272651	0.0598290598291	31	9	3	0	2	0.0606060606061
0.0923689127177	0.0619658119658	32	9	3	0	2	0.0588235294118
0.0973526189982	0.0641025641026	33	9	3	0	2	0.0571428571429
0.101564257504	0.0662393162393	34	9	3	0	2	0.0555555555556
0.101757808331	0.0662393162393	34	10	3	0	2	0.0555555555556
0.105997164014	0.0662393162393	34	11	15	0	2	0.0555555555556
0.109098411932	0.0683760683761	35	11	15	0	2	0.0540540540541
0.11616697191	0.0705128205128	36	11	15	0	2	0.0526315789474
0.12036251628	0.0726495726496	37	11	15	0	2	0.0512820512821
0.122580550105	0.0747863247863	38	11	15	0	2	0.05
0.124775809838	0.0769230769231	39	11	15	0	2	0.0487804878049
0.125327636498	0.0769230769231	39	12	6	0	2	0.0487804878049
0.125482640802	0.0790598290598	40	12	6	0	2	0.047619047619
0.126395573455	0.0790598290598	40	13	15	0	2	0.047619047619
0.130049121883	0.0811965811966	41	13	15	0	2	0.046511627907
0.130464603052	0.0811965811966	42	13	15	0	2	0.0454545454545
0.139683476592	0.0811965811966	42	14	15	0	2	0.0454545454545
0.140674930181	0.0833333333333	43	14	15	0	2	0.0444444444444
0.144047949412	0.0854700854701	44	14	15	0	2	0.0434782608696
0.148511398345	0.0876068376068	45	14	15	0	2	0.0425531914894
0.151118631977	0.0897435897436	46	14	15	0	2	0.0416666666667
0.160214975957	0.0897435897436	46	15	9	0	2	0.0416666666667
0.162838318769	0.0918803418803	47	15	9	0	2	0.0408163265306
0.163629541058	0.0940170940171	48	15	9	0	2	0.04
0.165310603536	0.0961538461538	49	15	9	0	2	0.0392156862745
0.169594432339	0.0982905982906	50	15	9	0	2	0.0384615384615
0.170649073578	0.100427350427	51	15	9	0	2	0.0377358490566
