# time 	 divergence 	 # of mutations 	 # IGC chances 	 IGC length 	 # IGC failures 	 Changes due to IGC  	 % change due to IGC 
0.0	0.0363247863248	0	0	0	0	0	0.0
0.000347349864054	0.0363247863248	0	1	3	0	0	0.0
0.000811623439084	0.0363247863248	0	2	3	0	0	0.0
0.00163276044161	0.0363247863248	0	3	3	0	0	0.0
0.00166742383848	0.0384615384615	1	3	3	0	0	0.0
0.00171422510185	0.0384615384615	1	4	3	0	0	0.0
0.00208600718733	0.0384615384615	1	5	3	0	0	0.0
0.00225593859645	0.0384615384615	1	6	3	0	0	0.0
0.00283409401553	0.0405982905983	2	6	3	0	0	0.0
0.00353517223612	0.042735042735	3	6	3	0	0	0.0
0.00355535086538	0.042735042735	3	7	3	0	0	0.0
0.00385638966884	0.042735042735	3	8	3	0	0	0.0
0.00393424383064	0.042735042735	3	9	3	0	0	0.0
0.00412663777944	0.042735042735	3	10	3	0	0	0.0
0.00417509116545	0.042735042735	3	11	3	0	0	0.0
0.00497988428877	0.042735042735	3	12	3	0	0	0.0
0.00562214731125	0.042735042735	3	13	3	0	0	0.0
0.005810063449	0.0405982905983	3	14	3	0	1	0.25
0.00606945845916	0.0405982905983	3	15	3	0	1	0.25
0.00629097088874	0.0405982905983	3	16	3	0	1	0.25
0.00662338901832	0.0384615384615	3	17	3	0	2	0.4
0.0070965421988	0.0384615384615	3	18	3	0	2	0.4
0.00763644587894	0.0405982905983	4	18	3	0	2	0.333333333333
0.00781078695088	0.0405982905983	4	19	3	0	2	0.333333333333
0.00813716095359	0.0405982905983	4	20	3	0	2	0.333333333333
0.00814185631778	0.0405982905983	4	21	3	0	2	0.333333333333
0.00822241297572	0.0405982905983	4	22	3	0	2	0.333333333333
0.00831962932933	0.0405982905983	4	23	3	0	2	0.333333333333
0.00856351845323	0.0405982905983	4	24	3	0	2	0.333333333333
0.00964685453908	0.0405982905983	4	25	3	0	2	0.333333333333
0.0101313800004	0.0405982905983	4	26	3	0	2	0.333333333333
0.0102384364226	0.0384615384615	4	27	3	0	3	0.428571428571
0.0103541757622	0.0384615384615	4	28	3	0	3	0.428571428571
0.0103632146301	0.0384615384615	4	29	3	0	3	0.428571428571
0.0107503939385	0.0384615384615	4	30	3	0	3	0.428571428571
0.0108217894943	0.0384615384615	4	31	3	0	3	0.428571428571
0.0108903639944	0.0384615384615	4	32	3	0	3	0.428571428571
0.0112370975308	0.0384615384615	4	33	3	0	3	0.428571428571
0.0114348563972	0.0384615384615	4	34	3	0	3	0.428571428571
0.0115367742762	0.0405982905983	5	34	3	0	3	0.375
0.0116413245505	0.042735042735	6	34	3	0	3	0.333333333333
0.0123299462956	0.042735042735	6	35	3	0	3	0.333333333333
0.0131706153906	0.042735042735	6	36	3	0	3	0.333333333333
0.0133208914743	0.042735042735	6	37	3	0	3	0.333333333333
0.0137858587922	0.042735042735	6	38	3	0	3	0.333333333333
0.0139768872713	0.042735042735	6	39	3	0	3	0.333333333333
0.0151482729672	0.042735042735	6	40	3	0	3	0.333333333333
0.0155147443318	0.042735042735	6	41	3	0	3	0.333333333333
0.0160270226153	0.042735042735	6	42	3	0	3	0.333333333333
0.0160974535889	0.042735042735	6	43	3	0	3	0.333333333333
0.0170501348253	0.042735042735	6	44	3	0	3	0.333333333333
0.0173487285939	0.042735042735	6	45	3	0	3	0.333333333333
0.0174467376972	0.0448717948718	7	45	3	0	3	0.3
0.0174500345491	0.0470085470085	8	45	3	0	3	0.272727272727
0.0175625424166	0.0470085470085	8	46	3	0	3	0.272727272727
0.0178134110126	0.0448717948718	8	47	3	0	4	0.333333333333
0.0178346848376	0.0448717948718	8	48	3	0	4	0.333333333333
0.0181922415382	0.0470085470085	9	48	3	0	4	0.307692307692
0.0182394030237	0.0470085470085	9	49	3	0	4	0.307692307692
0.0184040034271	0.0470085470085	9	50	3	0	4	0.307692307692
0.0185269509935	0.0470085470085	9	51	3	0	4	0.307692307692
0.0188240635422	0.0470085470085	9	52	3	0	4	0.307692307692
0.0194239557801	0.0470085470085	9	53	3	0	4	0.307692307692
0.0195277822904	0.0470085470085	9	54	3	0	4	0.307692307692
0.0202972937952	0.0470085470085	9	55	3	0	4	0.307692307692
0.0204729059212	0.0470085470085	9	56	3	0	4	0.307692307692
0.0207232034682	0.0470085470085	9	57	3	0	4	0.307692307692
0.0207604083991	0.0470085470085	9	58	3	0	4	0.307692307692
0.0211508263672	0.0470085470085	9	59	3	0	4	0.307692307692
0.0214361820618	0.0470085470085	9	60	3	0	4	0.307692307692
0.0215914411963	0.0470085470085	9	61	3	0	4	0.307692307692
0.0218160592627	0.0470085470085	9	62	3	0	4	0.307692307692
0.0221545463613	0.0470085470085	9	63	3	0	4	0.307692307692
0.0222763047679	0.0491452991453	10	63	3	0	4	0.285714285714
0.0222766155427	0.0491452991453	10	64	3	0	4	0.285714285714
0.0230977763136	0.0491452991453	10	65	3	0	4	0.285714285714
0.0234726035598	0.0491452991453	10	66	3	0	4	0.285714285714
0.0239670917997	0.0491452991453	10	67	3	0	4	0.285714285714
0.0242158290896	0.0491452991453	10	68	3	0	4	0.285714285714
0.0243909856879	0.0491452991453	10	69	3	0	4	0.285714285714
0.0244422503102	0.0491452991453	10	70	3	0	4	0.285714285714
0.0248487789387	0.0491452991453	10	71	3	0	4	0.285714285714
0.0256732699125	0.0491452991453	10	72	3	0	4	0.285714285714
0.0260454020184	0.0491452991453	10	73	3	0	4	0.285714285714
0.0270387259572	0.0491452991453	10	74	3	0	4	0.285714285714
0.0270879443408	0.0491452991453	10	75	3	0	4	0.285714285714
0.0271034280751	0.0491452991453	10	76	3	0	4	0.285714285714
0.0272851113538	0.0491452991453	10	77	3	0	4	0.285714285714
0.0275311209346	0.0491452991453	10	78	3	0	4	0.285714285714
0.0275535675438	0.0491452991453	10	79	3	0	4	0.285714285714
0.0275876654733	0.0470085470085	10	80	3	0	5	0.333333333333
0.0280301216585	0.0470085470085	10	81	3	0	5	0.333333333333
0.0283994794829	0.0470085470085	10	82	3	0	5	0.333333333333
0.0292510833624	0.0470085470085	10	83	3	0	5	0.333333333333
0.0298674224788	0.0470085470085	10	84	3	0	5	0.333333333333
0.0305312665638	0.0470085470085	10	85	3	0	5	0.333333333333
0.0315826596777	0.0448717948718	10	86	3	0	6	0.375
0.0318863714842	0.0448717948718	10	87	3	0	6	0.375
0.0322575056849	0.0470085470085	11	87	3	0	6	0.352941176471
0.0328164637555	0.0491452991453	12	87	3	0	6	0.333333333333
0.0328617276175	0.0491452991453	12	88	3	0	6	0.333333333333
0.0330903120018	0.0491452991453	12	89	3	0	6	0.333333333333
0.0336492270983	0.0491452991453	12	90	3	0	6	0.333333333333
0.0336510446766	0.0470085470085	12	91	3	0	7	0.368421052632
0.0337992710676	0.0470085470085	12	92	3	0	7	0.368421052632
0.0338363234492	0.0491452991453	13	92	3	0	7	0.35
0.0339621967536	0.0491452991453	13	93	3	0	7	0.35
0.0339763374107	0.0491452991453	13	94	3	0	7	0.35
0.0347176306994	0.0491452991453	13	95	3	0	7	0.35
0.0349505598722	0.0470085470085	13	96	3	0	8	0.380952380952
0.0350440102266	0.0470085470085	13	97	3	0	8	0.380952380952
0.0350873056407	0.0470085470085	13	98	3	0	8	0.380952380952
0.0354726879955	0.0448717948718	13	99	3	0	9	0.409090909091
0.0357553862813	0.0470085470085	14	99	3	0	9	0.391304347826
0.0362012211574	0.0470085470085	14	100	3	0	9	0.391304347826
0.0363472755783	0.0470085470085	14	101	3	0	9	0.391304347826
0.0364400276287	0.0470085470085	14	102	3	0	9	0.391304347826
0.0370965847872	0.0470085470085	14	103	3	0	9	0.391304347826
0.0373212510783	0.0470085470085	14	104	3	0	9	0.391304347826
0.0375151364065	0.0491452991453	15	104	3	0	9	0.375
0.0376385248524	0.0491452991453	15	105	3	0	9	0.375
0.0378381888832	0.0491452991453	15	106	3	0	9	0.375
0.0378744970872	0.0470085470085	15	107	3	0	10	0.4
0.0385806734362	0.0470085470085	15	108	3	0	10	0.4
0.0387338097598	0.0491452991453	16	108	3	0	10	0.384615384615
0.0388220339326	0.0491452991453	16	109	3	0	10	0.384615384615
0.0390038752985	0.0470085470085	16	110	3	0	11	0.407407407407
0.0396313854639	0.0470085470085	16	111	3	0	11	0.407407407407
0.0397384720489	0.0448717948718	16	112	3	0	12	0.428571428571
0.0398025141068	0.0448717948718	16	113	3	0	12	0.428571428571
0.040042983118	0.0448717948718	16	114	3	0	12	0.428571428571
0.0401128234907	0.0448717948718	16	115	3	0	12	0.428571428571
0.0401884975018	0.0448717948718	16	116	3	0	12	0.428571428571
0.0405261531513	0.0448717948718	16	117	3	0	12	0.428571428571
0.0406908806382	0.0470085470085	17	117	3	0	12	0.413793103448
0.040809536657	0.0448717948718	17	118	3	0	13	0.433333333333
0.0410543674856	0.0448717948718	17	119	3	0	13	0.433333333333
0.0414965057257	0.0448717948718	17	120	3	0	13	0.433333333333
0.0417565313984	0.0448717948718	17	121	3	0	13	0.433333333333
0.0418186384383	0.0448717948718	17	122	3	0	13	0.433333333333
0.0420037852047	0.0470085470085	18	122	3	0	13	0.41935483871
0.0429479932835	0.0470085470085	18	123	3	0	13	0.41935483871
0.0430323795317	0.0448717948718	18	124	3	0	14	0.4375
0.0430838664563	0.0448717948718	18	125	3	0	14	0.4375
0.0431560147209	0.0448717948718	18	126	3	0	14	0.4375
0.0432841586265	0.0448717948718	18	127	3	0	14	0.4375
0.0434555404404	0.0448717948718	18	128	3	0	14	0.4375
0.0435011578108	0.0448717948718	18	129	3	0	14	0.4375
0.0437149537995	0.0448717948718	18	130	3	0	14	0.4375
0.043916167754	0.042735042735	18	131	3	0	15	0.454545454545
0.0439806926519	0.042735042735	18	132	3	0	15	0.454545454545
0.0444809840051	0.042735042735	18	133	3	0	15	0.454545454545
0.0447170131511	0.0405982905983	18	134	3	0	16	0.470588235294
0.0448508263162	0.0405982905983	18	135	3	0	16	0.470588235294
0.0456814141911	0.042735042735	19	135	3	0	16	0.457142857143
0.0460763487546	0.042735042735	19	136	3	0	16	0.457142857143
0.0464176742392	0.042735042735	19	137	3	0	16	0.457142857143
0.0465595279528	0.042735042735	19	138	3	0	16	0.457142857143
0.0466616937547	0.042735042735	19	139	3	0	16	0.457142857143
0.0466655507361	0.042735042735	19	140	3	0	16	0.457142857143
0.0467812873934	0.0405982905983	19	141	3	0	17	0.472222222222
0.0475532414581	0.042735042735	20	141	3	0	17	0.459459459459
0.0475980060121	0.042735042735	20	142	3	0	17	0.459459459459
0.0477070419064	0.042735042735	20	143	3	0	17	0.459459459459
0.0479333911567	0.042735042735	20	144	3	0	17	0.459459459459
0.0481571442729	0.042735042735	20	145	3	0	17	0.459459459459
0.0483935315186	0.042735042735	20	146	3	0	17	0.459459459459
0.0488312666836	0.0405982905983	20	147	3	0	18	0.473684210526
0.0488386866653	0.0405982905983	20	148	3	0	18	0.473684210526
0.0489671111057	0.042735042735	21	148	3	0	18	0.461538461538
0.0490537578673	0.042735042735	21	149	3	0	18	0.461538461538
0.0491329276667	0.042735042735	21	150	3	0	18	0.461538461538
0.0496232125148	0.042735042735	21	151	3	0	18	0.461538461538
0.0498933067856	0.042735042735	21	152	3	0	18	0.461538461538
0.0505989783639	0.0448717948718	22	152	3	0	18	0.45
0.0512756199935	0.0448717948718	22	153	3	0	18	0.45
0.0514853304069	0.0470085470085	23	153	3	0	18	0.439024390244
0.0519985173795	0.0470085470085	23	154	3	0	18	0.439024390244
0.052113493817	0.0491452991453	24	154	3	0	18	0.428571428571
0.0521726478966	0.0491452991453	24	155	3	0	18	0.428571428571
0.0524821820767	0.0491452991453	24	156	3	0	18	0.428571428571
0.0526789249759	0.0470085470085	24	157	3	0	19	0.441860465116
0.0528333862263	0.0470085470085	24	158	3	0	19	0.441860465116
0.0532336526098	0.0470085470085	25	158	3	0	19	0.431818181818
0.0535738697337	0.0470085470085	25	159	3	0	19	0.431818181818
0.0537153728959	0.0470085470085	25	160	3	0	19	0.431818181818
0.0544935886338	0.0470085470085	25	161	3	0	19	0.431818181818
0.0549421517412	0.0470085470085	25	162	3	0	19	0.431818181818
0.0554196569784	0.0470085470085	25	163	3	0	19	0.431818181818
0.0555969251064	0.0470085470085	25	164	3	0	19	0.431818181818
0.055853628148	0.0470085470085	25	165	3	0	19	0.431818181818
0.0560453790773	0.0470085470085	25	166	3	0	19	0.431818181818
0.0565155740123	0.0470085470085	25	167	3	0	19	0.431818181818
0.0567623754843	0.0470085470085	25	168	3	0	19	0.431818181818
0.0570099558619	0.0491452991453	26	168	3	0	19	0.422222222222
0.0571098005913	0.0491452991453	26	169	3	0	19	0.422222222222
0.0575193784986	0.0491452991453	26	170	3	0	19	0.422222222222
0.0575959621702	0.0491452991453	26	171	3	0	19	0.422222222222
0.0578053435149	0.0491452991453	26	172	3	0	19	0.422222222222
0.0580146443775	0.0491452991453	26	173	3	0	19	0.422222222222
0.0586753690581	0.0491452991453	26	174	3	0	19	0.422222222222
0.0587907939876	0.0491452991453	26	175	3	0	19	0.422222222222
0.0588753215558	0.0491452991453	26	176	3	0	19	0.422222222222
0.0589377261137	0.0491452991453	26	177	3	0	19	0.422222222222
0.0593168367456	0.0491452991453	26	178	3	0	19	0.422222222222
0.0601655069767	0.0491452991453	26	179	3	0	19	0.422222222222
0.0602676512719	0.0491452991453	26	180	3	0	19	0.422222222222
0.0607131884003	0.0491452991453	26	181	3	0	19	0.422222222222
0.0608482542318	0.0470085470085	26	182	3	0	20	0.434782608696
0.0608746936836	0.0448717948718	26	183	3	0	21	0.446808510638
0.0609777376226	0.042735042735	26	184	3	0	22	0.458333333333
0.0610961987541	0.0448717948718	27	184	3	0	22	0.448979591837
0.061399563126	0.0448717948718	27	185	3	0	22	0.448979591837
0.0621164454442	0.0448717948718	27	186	3	0	22	0.448979591837
0.062275246288	0.0470085470085	28	186	3	0	22	0.44
0.0626755894321	0.0448717948718	28	187	3	0	23	0.450980392157
0.0633471450211	0.0448717948718	28	188	3	0	23	0.450980392157
0.0634462456518	0.0448717948718	28	189	3	0	23	0.450980392157
0.0636380471033	0.042735042735	28	190	3	0	24	0.461538461538
0.0643641521617	0.042735042735	28	191	3	0	24	0.461538461538
0.0643805039623	0.042735042735	28	192	3	0	24	0.461538461538
0.0644994624436	0.042735042735	28	193	3	0	24	0.461538461538
0.0654569383678	0.042735042735	28	194	3	0	24	0.461538461538
0.0657222471589	0.0405982905983	28	195	3	0	25	0.471698113208
0.0657579857632	0.0405982905983	28	196	3	0	25	0.471698113208
0.0659718591515	0.0384615384615	28	197	3	0	26	0.481481481481
0.0672618686961	0.0363247863248	28	198	3	0	27	0.490909090909
0.0674662585516	0.0363247863248	28	199	3	0	27	0.490909090909
0.0677104641759	0.0384615384615	29	199	3	0	27	0.482142857143
0.0681373385238	0.0384615384615	29	200	3	0	27	0.482142857143
0.0682480583434	0.0384615384615	29	201	3	0	27	0.482142857143
0.0686526410846	0.0405982905983	30	201	3	0	27	0.473684210526
0.0689210185559	0.0405982905983	30	202	3	0	27	0.473684210526
0.0689962980742	0.0405982905983	30	203	3	0	27	0.473684210526
0.0692062981277	0.0405982905983	30	204	3	0	27	0.473684210526
0.0697092783888	0.0405982905983	30	205	3	0	27	0.473684210526
0.071153894539	0.0384615384615	30	206	3	0	28	0.48275862069
0.0713916897237	0.0384615384615	30	207	3	0	28	0.48275862069
0.0714497686672	0.0363247863248	30	208	3	0	29	0.491525423729
0.0714767206866	0.0363247863248	30	209	3	0	29	0.491525423729
0.0714850437694	0.0363247863248	30	210	3	0	29	0.491525423729
0.07161421706	0.0363247863248	30	211	3	0	29	0.491525423729
0.0716944783959	0.0363247863248	30	212	3	0	29	0.491525423729
0.0721283729507	0.0363247863248	30	213	3	0	29	0.491525423729
0.0722605789473	0.0363247863248	30	214	3	0	29	0.491525423729
0.0722809066673	0.034188034188	30	215	3	0	30	0.5
0.0740925955414	0.034188034188	30	216	3	0	30	0.5
0.0742451664831	0.0363247863248	31	216	3	0	30	0.491803278689
0.0746653523442	0.0363247863248	31	217	3	0	30	0.491803278689
0.0748609147898	0.0363247863248	31	218	3	0	30	0.491803278689
0.0764933982056	0.0363247863248	31	219	3	0	30	0.491803278689
0.0766159204537	0.0363247863248	31	220	3	0	30	0.491803278689
0.0768243050124	0.0363247863248	31	221	3	0	30	0.491803278689
0.076851924869	0.0363247863248	31	222	3	0	30	0.491803278689
0.0773795257266	0.0363247863248	31	223	3	0	30	0.491803278689
0.0774571925489	0.0363247863248	31	224	3	0	30	0.491803278689
0.0776167074811	0.034188034188	31	225	3	0	31	0.5
0.0778151363357	0.034188034188	31	226	3	0	31	0.5
0.0779010671227	0.034188034188	31	227	3	0	31	0.5
0.0780431168042	0.034188034188	31	228	3	0	31	0.5
0.0780850265334	0.034188034188	31	229	3	0	31	0.5
0.0783202768681	0.0363247863248	32	229	3	0	31	0.492063492063
0.07863996156	0.0363247863248	32	230	3	0	31	0.492063492063
0.0787055475572	0.034188034188	32	231	3	0	32	0.5
0.0789074187352	0.0363247863248	33	231	3	0	32	0.492307692308
0.0791426769816	0.0384615384615	34	231	3	0	32	0.484848484848
0.0793762890395	0.0384615384615	34	232	3	0	32	0.484848484848
0.0795615414942	0.0384615384615	34	233	3	0	32	0.484848484848
0.0800332915886	0.0405982905983	35	233	3	0	32	0.477611940299
0.0800751435994	0.0405982905983	35	234	3	0	32	0.477611940299
0.0800781757823	0.0405982905983	35	235	3	0	32	0.477611940299
0.0803455421456	0.0405982905983	35	236	3	0	32	0.477611940299
0.0804050193201	0.0405982905983	35	237	3	0	32	0.477611940299
0.080532726414	0.0405982905983	35	238	3	0	32	0.477611940299
0.0808363298936	0.0384615384615	35	239	3	0	33	0.485294117647
0.0811119509022	0.0384615384615	35	240	3	0	33	0.485294117647
0.0820438072593	0.0384615384615	35	241	3	0	33	0.485294117647
0.0821051433785	0.0384615384615	35	242	3	0	33	0.485294117647
0.0826396764341	0.0384615384615	35	243	3	0	33	0.485294117647
0.0829742881813	0.0384615384615	35	244	3	0	33	0.485294117647
0.0831018598462	0.0384615384615	35	245	3	0	33	0.485294117647
0.0836299334175	0.0384615384615	35	246	3	0	33	0.485294117647
0.0839905035329	0.0384615384615	35	247	3	0	33	0.485294117647
0.084228457989	0.0384615384615	35	248	3	0	33	0.485294117647
0.0842399401658	0.0363247863248	35	249	3	0	34	0.492753623188
0.0843450855345	0.0363247863248	35	250	3	0	34	0.492753623188
0.0844050422623	0.0384615384615	36	250	3	0	34	0.485714285714
0.0844313973247	0.0384615384615	36	251	3	0	34	0.485714285714
0.0844635665668	0.0384615384615	36	252	3	0	34	0.485714285714
0.0851579760308	0.0384615384615	36	253	3	0	34	0.485714285714
0.0859245106675	0.0384615384615	36	254	3	0	34	0.485714285714
0.0859620759928	0.0384615384615	36	255	3	0	34	0.485714285714
0.0862463006367	0.0384615384615	36	256	3	0	34	0.485714285714
0.0867236162422	0.0384615384615	36	257	3	0	34	0.485714285714
0.0867469054383	0.0384615384615	36	258	3	0	34	0.485714285714
0.0876953598504	0.0405982905983	37	258	3	0	34	0.478873239437
0.0881505778129	0.0405982905983	37	259	3	0	34	0.478873239437
0.0889709623197	0.0405982905983	37	260	3	0	34	0.478873239437
0.0895017360291	0.042735042735	38	260	3	0	34	0.472222222222
0.089517977242	0.042735042735	38	261	3	0	34	0.472222222222
0.0895512927283	0.042735042735	38	262	3	0	34	0.472222222222
