# time 	 divergence 	 # of mutations 	 # IGC chances 	 IGC length 	 # IGC failures 	 Changes due to IGC  	 % change due to IGC 
0.0	0.395698924731	0	0	0	0	0	0.0
0.00478145926901	0.394623655914	1	0	0	0	0	0.0
0.00517316644948	0.394623655914	2	0	0	0	0	0.0
0.00519792656245	0.390322580645	2	1	12	0	4	0.666666666667
0.00574571281662	0.390322580645	3	1	12	0	4	0.571428571429
0.0110549442458	0.390322580645	4	1	12	0	4	0.5
0.0131990196096	0.390322580645	5	1	12	0	4	0.444444444444
0.0146709699145	0.389247311828	5	2	3	0	5	0.5
0.0156314404972	0.390322580645	6	2	3	0	5	0.454545454545
0.0175748426525	0.390322580645	7	2	3	0	5	0.416666666667
0.0178195471141	0.390322580645	8	2	3	0	5	0.384615384615
0.0202142991218	0.376344086022	8	3	27	0	18	0.692307692308
0.0205844057976	0.375268817204	9	3	27	0	18	0.666666666667
0.02212439372	0.376344086022	10	3	27	0	18	0.642857142857
0.0237170238957	0.377419354839	11	3	27	0	18	0.620689655172
0.0250124975128	0.366666666667	11	4	18	0	28	0.717948717949
0.0252252419718	0.367741935484	12	4	18	0	28	0.7
0.0261126546561	0.368817204301	13	4	18	0	28	0.682926829268
0.0272789902292	0.369892473118	14	4	18	0	28	0.666666666667
0.0287062367632	0.369892473118	15	4	18	0	28	0.651162790698
0.0331429760069	0.370967741935	16	4	18	0	28	0.636363636364
0.0362364370284	0.370967741935	17	4	18	0	28	0.622222222222
0.0377702268509	0.365591397849	17	5	21	0	33	0.66
0.0404261301752	0.364516129032	18	5	21	0	33	0.647058823529
0.0431941292411	0.365591397849	19	5	21	0	33	0.634615384615
0.0459347678094	0.364516129032	20	5	21	0	33	0.622641509434
0.0461759253834	0.365591397849	21	5	21	0	33	0.611111111111
0.0465058969701	0.366666666667	22	5	21	0	33	0.6
0.051770566236	0.367741935484	23	5	21	0	33	0.589285714286
0.0588236411399	0.367741935484	24	5	21	0	33	0.578947368421
0.059478169149	0.368817204301	25	5	21	0	33	0.568965517241
0.0621509395393	0.368817204301	26	5	21	0	33	0.559322033898
0.0621725090584	0.369892473118	27	5	21	0	33	0.55
0.0622347923687	0.370967741935	28	5	21	0	33	0.540983606557
0.0632099100303	0.372043010753	29	5	21	0	33	0.532258064516
0.0639934019826	0.370967741935	30	5	21	0	33	0.52380952381
0.0645594910356	0.372043010753	31	5	21	0	33	0.515625
0.0672324777969	0.37311827957	32	5	21	0	33	0.507692307692
0.0712416736013	0.374193548387	33	5	21	0	33	0.5
0.0717135515016	0.375268817204	34	5	21	0	33	0.492537313433
