# time 	 divergence 	 # of mutations 	 # IGC chances 	 IGC length 	 # IGC failures 	 Changes due to IGC  	 % change due to IGC 
0.0	0.223196881092	0	0	0	0	0	0.0
2.88747938852e-06	0.224171539961	1	0	0	0	0	0.0
5.90661569752e-05	0.223196881092	1	1	3	0	1	0.5
0.000359009047824	0.222222222222	2	1	3	0	1	0.333333333333
0.000381296416376	0.222222222222	2	2	3	0	1	0.333333333333
0.00110684023037	0.223196881092	3	2	3	0	1	0.25
0.00121855205222	0.224171539961	4	2	3	0	1	0.2
0.0017234466861	0.223196881092	4	3	3	0	2	0.333333333333
0.00330236214898	0.223196881092	5	3	3	0	2	0.285714285714
0.00378377387966	0.221247563353	5	4	3	0	4	0.444444444444
0.00590089251464	0.221247563353	5	5	3	0	4	0.444444444444
0.00656490402296	0.221247563353	6	5	3	0	4	0.4
0.00785677411333	0.221247563353	6	6	3	0	4	0.4
0.0102546811408	0.220272904483	6	7	3	0	5	0.454545454545
0.0109143253321	0.221247563353	7	7	3	0	5	0.416666666667
0.0109490214616	0.221247563353	7	8	3	0	5	0.416666666667
0.0121710186702	0.220272904483	7	9	3	0	6	0.461538461538
0.014108878606	0.219298245614	7	10	3	0	7	0.5
0.0145866853067	0.220272904483	8	10	3	0	7	0.466666666667
0.0151406975314	0.220272904483	8	11	3	0	7	0.466666666667
0.0153683210854	0.221247563353	9	11	3	0	7	0.4375
0.0153999226797	0.221247563353	9	12	3	0	7	0.4375
0.0157719218437	0.218323586745	9	13	3	0	10	0.526315789474
0.0167738611934	0.217348927875	9	14	3	0	11	0.55
0.0170441149244	0.217348927875	9	15	3	0	11	0.55
0.0170675973573	0.218323586745	10	15	3	0	11	0.52380952381
0.0181659792618	0.219298245614	11	15	3	0	11	0.5
0.0183433448444	0.220272904483	12	15	3	0	11	0.478260869565
0.0184114290642	0.221247563353	13	15	3	0	11	0.458333333333
0.0189059580852	0.221247563353	14	15	3	0	11	0.44
0.0200564576779	0.222222222222	15	15	3	0	11	0.423076923077
0.0208182011222	0.223196881092	16	15	3	0	11	0.407407407407
0.0215474546296	0.224171539961	17	15	3	0	11	0.392857142857
0.0215990215502	0.22514619883	18	15	3	0	11	0.379310344828
0.0223071346287	0.22514619883	18	16	3	0	11	0.379310344828
0.0230184730717	0.22514619883	19	16	3	0	11	0.366666666667
0.0233618417309	0.224171539961	19	17	3	0	12	0.387096774194
0.0238526175686	0.223196881092	19	18	3	0	13	0.40625
0.0239950960061	0.224171539961	20	18	3	0	13	0.393939393939
0.0242009609817	0.22514619883	21	18	3	0	13	0.382352941176
0.0249596152329	0.224171539961	21	19	3	0	14	0.4
0.0250095482151	0.223196881092	22	19	3	0	14	0.388888888889
0.025946272047	0.223196881092	22	20	3	0	14	0.388888888889
0.0260200473971	0.223196881092	22	21	3	0	14	0.388888888889
0.0276112484336	0.223196881092	22	22	3	0	14	0.388888888889
0.0279317495858	0.223196881092	23	22	3	0	14	0.378378378378
0.0287166933075	0.224171539961	24	22	3	0	14	0.368421052632
0.0293175586845	0.224171539961	24	23	3	0	14	0.368421052632
0.0314385691813	0.22514619883	25	23	3	0	14	0.358974358974
0.0318585245485	0.22514619883	26	23	3	0	14	0.35
0.032338537779	0.2261208577	27	23	3	0	14	0.341463414634
0.0351828806063	0.227095516569	28	23	3	0	14	0.333333333333
0.0373447684963	0.2261208577	28	24	3	0	15	0.348837209302
0.0375104409689	0.227095516569	29	24	3	0	15	0.340909090909
0.0393865050712	0.227095516569	29	25	3	0	15	0.340909090909
0.039763304369	0.2261208577	30	25	3	0	15	0.333333333333
0.0404867021415	0.2261208577	30	26	3	0	15	0.333333333333
0.0408080891086	0.227095516569	31	26	3	0	15	0.326086956522
0.0415442600311	0.228070175439	32	26	3	0	15	0.31914893617
0.0415941101311	0.228070175439	33	26	3	0	15	0.3125
0.0417485572653	0.229044834308	34	26	3	0	15	0.30612244898
0.0426986937908	0.229044834308	34	27	3	0	15	0.30612244898
0.0430881521601	0.230019493177	35	27	3	0	15	0.3
0.0434313516601	0.230994152047	36	27	3	0	15	0.294117647059
0.0434616510299	0.231968810916	37	27	3	0	15	0.288461538462
0.0437170068482	0.232943469786	38	27	3	0	15	0.283018867925
0.0442638986004	0.232943469786	38	28	3	0	15	0.283018867925
0.0445775311493	0.232943469786	38	29	3	0	15	0.283018867925
0.0449559119046	0.230994152047	38	30	3	0	17	0.309090909091
0.0451921624913	0.230994152047	39	30	3	0	17	0.303571428571
0.045322862924	0.231968810916	40	30	3	0	17	0.298245614035
0.0455870866264	0.232943469786	41	30	3	0	17	0.293103448276
0.0459788672068	0.230994152047	41	31	3	0	19	0.316666666667
0.0465404014019	0.230994152047	42	31	3	0	19	0.311475409836
0.0466398229451	0.231968810916	43	31	3	0	19	0.306451612903
0.0481648721756	0.232943469786	44	31	3	0	19	0.301587301587
0.0482187724765	0.233918128655	45	31	3	0	19	0.296875
0.049536775357	0.233918128655	46	31	3	0	19	0.292307692308
0.0512226547301	0.234892787524	47	31	3	0	19	0.287878787879
0.0525277240144	0.235867446394	48	31	3	0	19	0.283582089552
0.0533677304522	0.235867446394	48	32	3	0	19	0.283582089552
0.0542401446349	0.234892787524	49	32	3	0	19	0.279411764706
0.0548604414627	0.232943469786	49	33	3	0	21	0.3
0.05756558374	0.232943469786	49	34	3	0	21	0.3
0.0592054285022	0.231968810916	50	34	3	0	21	0.295774647887
0.0592493046643	0.232943469786	51	34	3	0	21	0.291666666667
0.0602107037051	0.233918128655	52	34	3	0	21	0.287671232877
0.0604075690023	0.233918128655	52	35	3	0	21	0.287671232877
0.060858275353	0.233918128655	52	36	3	0	21	0.287671232877
0.0611162004532	0.232943469786	52	37	3	0	22	0.297297297297
0.0620775373262	0.232943469786	52	38	3	0	22	0.297297297297
0.0623961424347	0.233918128655	53	38	3	0	22	0.293333333333
0.0635695781296	0.233918128655	53	39	3	0	22	0.293333333333
0.063912030088	0.233918128655	53	40	3	0	22	0.293333333333
0.0640165501362	0.234892787524	54	40	3	0	22	0.289473684211
0.065711877026	0.234892787524	54	41	3	0	22	0.289473684211
0.0657234088275	0.235867446394	55	41	3	0	22	0.285714285714
0.0694150104247	0.235867446394	55	42	3	0	22	0.285714285714
0.0695608162728	0.235867446394	56	42	3	0	22	0.282051282051
0.0705494930981	0.236842105263	57	42	3	0	22	0.278481012658
0.0707330207265	0.236842105263	57	43	3	0	22	0.278481012658
0.0710611223182	0.237816764133	58	43	3	0	22	0.275
0.0729104880343	0.236842105263	58	44	3	0	23	0.283950617284
0.0737122580104	0.237816764133	59	44	3	0	23	0.280487804878
0.0742779625459	0.236842105263	59	45	3	0	24	0.289156626506
0.0745761628647	0.237816764133	60	45	3	0	24	0.285714285714
0.0760928439235	0.237816764133	60	46	3	0	24	0.285714285714
0.0761599257997	0.236842105263	60	47	3	0	25	0.294117647059
0.0763284676072	0.235867446394	60	48	3	0	26	0.302325581395
0.0766643501686	0.235867446394	60	49	3	0	26	0.302325581395
0.0768370465188	0.235867446394	60	50	3	0	26	0.302325581395
0.0787051770744	0.235867446394	60	51	3	0	26	0.302325581395
0.0787083552991	0.236842105263	61	51	3	0	26	0.298850574713
0.0789728896987	0.233918128655	61	52	3	0	29	0.322222222222
0.0790867083521	0.234892787524	62	52	3	0	29	0.318681318681
0.0797164601898	0.235867446394	63	52	3	0	29	0.315217391304
0.0797896453183	0.235867446394	63	53	3	0	29	0.315217391304
0.0804454892981	0.234892787524	63	54	3	0	30	0.322580645161
0.0812760686187	0.233918128655	63	55	3	0	31	0.329787234043
0.0818401831477	0.232943469786	63	56	3	0	32	0.336842105263
0.0834143907191	0.233918128655	64	56	3	0	32	0.333333333333
0.083457322823	0.234892787524	65	56	3	0	32	0.329896907216
0.0844900868276	0.234892787524	66	56	3	0	32	0.326530612245
0.0866652523264	0.231968810916	66	57	3	0	35	0.346534653465
0.0871997791998	0.232943469786	67	57	3	0	35	0.343137254902
0.0878580785042	0.233918128655	68	57	3	0	35	0.339805825243
0.0884922805016	0.234892787524	69	57	3	0	35	0.336538461538
0.0891834715636	0.235867446394	70	57	3	0	35	0.333333333333
0.0897172640128	0.235867446394	70	58	3	0	35	0.333333333333
0.0928439421049	0.235867446394	71	58	3	0	35	0.330188679245
0.0928714628126	0.234892787524	71	59	3	0	36	0.336448598131
0.0947804398251	0.234892787524	71	60	3	0	36	0.336448598131
0.094843015704	0.235867446394	72	60	3	0	36	0.333333333333
0.0965898973684	0.236842105263	73	60	3	0	36	0.330275229358
0.0973106550541	0.233918128655	73	61	3	0	39	0.348214285714
0.0978719862399	0.233918128655	74	61	3	0	39	0.345132743363
0.0980517551714	0.233918128655	74	62	3	0	39	0.345132743363
0.0986597341987	0.232943469786	74	63	3	0	40	0.350877192982
0.0993065648405	0.233918128655	75	63	3	0	40	0.347826086957
0.102192348252	0.231968810916	75	64	3	0	42	0.358974358974
0.102499668597	0.232943469786	76	64	3	0	42	0.35593220339
0.103279751438	0.233918128655	77	64	3	0	42	0.352941176471
0.103509103226	0.234892787524	78	64	3	0	42	0.35
0.103693037519	0.233918128655	78	65	3	0	43	0.355371900826
0.104082284901	0.234892787524	79	65	3	0	43	0.352459016393
0.104997412926	0.233918128655	79	66	3	0	44	0.357723577236
0.105353344974	0.233918128655	79	67	3	0	44	0.357723577236
0.106131004121	0.232943469786	80	67	3	0	44	0.354838709677
0.106988386603	0.233918128655	81	67	3	0	44	0.352
0.107440313391	0.232943469786	81	68	3	0	45	0.357142857143
0.108466447678	0.233918128655	82	68	3	0	45	0.354330708661
0.108957310545	0.232943469786	82	69	3	0	46	0.359375
0.109550495501	0.232943469786	82	70	3	0	46	0.359375
0.109932199238	0.230994152047	82	71	3	0	48	0.369230769231
0.110006165134	0.231968810916	83	71	3	0	48	0.36641221374
0.111365856281	0.232943469786	84	71	3	0	48	0.363636363636
0.113197624783	0.230994152047	84	72	3	0	50	0.373134328358
0.113623694914	0.231968810916	85	72	3	0	50	0.37037037037
0.115344360106	0.231968810916	86	72	3	0	50	0.367647058824
0.116520708247	0.230994152047	87	72	3	0	50	0.36496350365
0.117529241755	0.229044834308	87	73	3	0	52	0.374100719424
0.118797251701	0.229044834308	87	74	3	0	52	0.374100719424
0.12239925156	0.230019493177	88	74	3	0	52	0.371428571429
0.12261446752	0.230994152047	89	74	3	0	52	0.368794326241
0.123396293083	0.230994152047	89	75	3	0	52	0.368794326241
0.12376471971	0.231968810916	90	75	3	0	52	0.366197183099
0.12423537614	0.230994152047	90	76	3	0	53	0.370629370629
0.124836237922	0.231968810916	91	76	3	0	53	0.368055555556
0.125288538423	0.230019493177	91	77	3	0	55	0.376712328767
0.125299702662	0.230994152047	92	77	3	0	55	0.374149659864
0.126092914606	0.230994152047	92	78	3	0	55	0.374149659864
0.126610936351	0.231968810916	93	78	3	0	55	0.371621621622
0.127286269025	0.230994152047	93	79	3	0	56	0.375838926174
0.127638865438	0.230994152047	93	80	3	0	56	0.375838926174
0.12802484777	0.230994152047	94	80	3	0	56	0.373333333333
0.130035087056	0.229044834308	94	81	3	0	58	0.381578947368
0.132325667648	0.229044834308	94	82	3	0	58	0.381578947368
0.133008730547	0.227095516569	94	83	3	0	60	0.38961038961
0.133899197704	0.2261208577	94	84	3	0	61	0.393548387097
0.135177950493	0.227095516569	95	84	3	0	61	0.391025641026
0.135181148496	0.227095516569	96	84	3	0	61	0.388535031847
0.136067164424	0.228070175439	97	84	3	0	61	0.386075949367
0.136724370141	0.229044834308	98	84	3	0	61	0.383647798742
0.137156094111	0.229044834308	98	85	3	0	61	0.383647798742
0.137391598766	0.230019493177	99	85	3	0	61	0.38125
0.137786475883	0.230019493177	99	86	3	0	61	0.38125
0.138016719141	0.229044834308	99	87	3	0	62	0.385093167702
0.138569446909	0.230019493177	100	87	3	0	62	0.382716049383
0.138589946863	0.230019493177	100	88	3	0	62	0.382716049383
0.138998512219	0.230994152047	101	88	3	0	62	0.38036809816
0.139549284546	0.231968810916	102	88	3	0	62	0.378048780488
0.14010734662	0.232943469786	103	88	3	0	62	0.375757575758
0.140819623483	0.233918128655	104	88	3	0	62	0.373493975904
0.140828829158	0.232943469786	104	89	3	0	63	0.377245508982
0.140913115744	0.233918128655	105	89	3	0	63	0.375
0.141641369559	0.233918128655	105	90	3	0	63	0.375
0.142929528187	0.234892787524	106	90	3	0	63	0.372781065089
0.144952558556	0.233918128655	106	91	3	0	64	0.376470588235
0.145996160423	0.233918128655	106	92	3	0	64	0.376470588235
0.146322184465	0.234892787524	107	92	3	0	64	0.374269005848
0.148396936991	0.234892787524	108	92	3	0	64	0.372093023256
0.148868434145	0.234892787524	108	93	3	0	64	0.372093023256
0.149545046806	0.233918128655	108	94	3	0	65	0.375722543353
0.149667472293	0.232943469786	108	95	3	0	66	0.379310344828
0.149673777372	0.232943469786	109	95	3	0	66	0.377142857143
0.149875235851	0.230994152047	109	96	3	0	68	0.38418079096
0.15023713678	0.229044834308	109	97	3	0	70	0.391061452514
0.151340513826	0.228070175439	109	98	3	0	71	0.394444444444
0.151709998795	0.22514619883	109	99	3	0	74	0.404371584699
0.151890812074	0.224171539961	109	100	3	0	75	0.407608695652
0.152982967056	0.224171539961	110	100	3	0	75	0.405405405405
0.154242161363	0.224171539961	110	101	3	0	75	0.405405405405
0.155261550083	0.223196881092	110	102	3	0	76	0.408602150538
0.155380238859	0.221247563353	110	103	3	0	78	0.414893617021
0.15869165898	0.221247563353	110	104	3	0	78	0.414893617021
0.159170180959	0.222222222222	111	104	3	0	78	0.412698412698
0.160052694985	0.222222222222	111	105	3	0	78	0.412698412698
0.160765794688	0.222222222222	111	106	3	0	78	0.412698412698
0.161979014312	0.222222222222	111	107	3	0	78	0.412698412698
0.162193786056	0.223196881092	112	107	3	0	78	0.410526315789
0.162477815516	0.224171539961	113	107	3	0	78	0.408376963351
0.162746064899	0.223196881092	113	108	3	0	79	0.411458333333
0.163476757768	0.221247563353	113	109	3	0	81	0.417525773196
0.163784389016	0.220272904483	113	110	3	0	82	0.420512820513
0.163800427482	0.219298245614	113	111	3	0	83	0.423469387755
0.163923584625	0.217348927875	113	112	3	0	85	0.429292929293
0.164176810338	0.217348927875	113	113	3	0	85	0.429292929293
0.164619603397	0.218323586745	114	113	3	0	85	0.427135678392
0.166220961343	0.219298245614	115	113	3	0	85	0.425
0.166299252413	0.220272904483	116	113	3	0	85	0.422885572139
0.166590497303	0.221247563353	117	113	3	0	85	0.420792079208
0.166713614017	0.222222222222	118	113	3	0	85	0.418719211823
0.167982382964	0.222222222222	118	114	3	0	85	0.418719211823
0.168809674434	0.221247563353	118	115	3	0	86	0.421568627451
0.172860390952	0.220272904483	118	116	3	0	87	0.424390243902
0.173274504524	0.219298245614	118	117	3	0	88	0.427184466019
0.173671319945	0.217348927875	118	118	3	0	90	0.432692307692
0.174435947012	0.217348927875	118	119	3	0	90	0.432692307692
0.176749753907	0.217348927875	118	120	3	0	90	0.432692307692
0.176909455174	0.217348927875	118	121	3	0	90	0.432692307692
0.177466518011	0.216374269006	118	122	3	0	91	0.435406698565
0.177579972942	0.216374269006	118	123	3	0	91	0.435406698565
0.177860199553	0.217348927875	119	123	3	0	91	0.433333333333
0.1780488383	0.217348927875	119	124	3	0	91	0.433333333333
0.1783914327	0.217348927875	119	125	3	0	91	0.433333333333
0.179051308571	0.217348927875	119	126	3	0	91	0.433333333333
0.180412669581	0.218323586745	120	126	3	0	91	0.431279620853
0.183649818812	0.219298245614	121	126	3	0	91	0.429245283019
0.183787322815	0.220272904483	122	126	3	0	91	0.427230046948
0.185261794136	0.221247563353	123	126	3	0	91	0.42523364486
0.185935646533	0.221247563353	123	127	3	0	91	0.42523364486
0.186289593522	0.221247563353	123	128	3	0	91	0.42523364486
0.186484236672	0.222222222222	124	128	3	0	91	0.423255813953
0.187077722987	0.221247563353	124	129	3	0	92	0.425925925926
0.187819109039	0.222222222222	125	129	3	0	92	0.423963133641
0.188701302004	0.222222222222	125	130	3	0	92	0.423963133641
0.188787888634	0.222222222222	126	130	3	0	92	0.422018348624
0.18903599194	0.220272904483	126	131	3	0	94	0.427272727273
0.190355675979	0.218323586745	126	132	3	0	96	0.432432432432
0.190629880868	0.219298245614	127	132	3	0	96	0.430493273543
0.191160051253	0.220272904483	128	132	3	0	96	0.428571428571
0.192150127422	0.221247563353	129	132	3	0	96	0.426666666667
0.192270999768	0.221247563353	129	133	3	0	96	0.426666666667
0.19234814836	0.222222222222	130	133	3	0	96	0.424778761062
0.192574826317	0.223196881092	131	133	3	0	96	0.422907488987
0.193374502702	0.224171539961	132	133	3	0	96	0.421052631579
0.196198391707	0.22514619883	133	133	3	0	96	0.419213973799
0.196212992431	0.224171539961	133	134	3	0	97	0.421739130435
0.19653681655	0.224171539961	134	134	3	0	97	0.419913419913
0.198342543568	0.22514619883	135	134	3	0	97	0.418103448276
0.200290438266	0.223196881092	135	135	3	0	99	0.423076923077
0.200349823331	0.223196881092	135	136	3	0	99	0.423076923077
0.201571931797	0.222222222222	136	136	3	0	99	0.421276595745
0.201982736843	0.223196881092	137	136	3	0	99	0.419491525424
0.201985084467	0.223196881092	137	137	3	0	99	0.419491525424
0.202237523751	0.222222222222	138	137	3	0	99	0.417721518987
0.203153260111	0.221247563353	138	138	3	0	100	0.420168067227
0.203364830773	0.220272904483	138	139	3	0	101	0.422594142259
0.205108671754	0.220272904483	138	140	3	0	101	0.422594142259
0.206772231766	0.219298245614	138	141	3	0	102	0.425
0.207008565091	0.220272904483	139	141	3	0	102	0.423236514523
0.20703136566	0.221247563353	140	141	3	0	102	0.421487603306
0.20761852724	0.221247563353	140	142	3	0	102	0.421487603306
0.20783570513	0.221247563353	140	143	3	0	102	0.421487603306
0.208211369472	0.222222222222	141	143	3	0	102	0.41975308642
0.208769491157	0.222222222222	142	143	3	0	102	0.418032786885
0.209274314887	0.222222222222	143	143	3	0	102	0.416326530612
0.213676646692	0.222222222222	143	144	3	0	102	0.416326530612
0.214392755802	0.223196881092	144	144	3	0	102	0.414634146341
0.215415418109	0.221247563353	144	145	3	0	104	0.41935483871
0.216857786115	0.222222222222	145	145	3	0	104	0.417670682731
0.217060608997	0.223196881092	146	145	3	0	104	0.416
0.217860821711	0.222222222222	147	145	3	0	104	0.414342629482
0.219910403127	0.222222222222	147	146	3	0	104	0.414342629482
0.220477183496	0.222222222222	147	147	3	0	104	0.414342629482
0.22167526866	0.219298245614	147	148	3	0	107	0.42125984252
0.222055014187	0.218323586745	147	149	3	0	108	0.423529411765
0.222061341392	0.217348927875	148	149	3	0	108	0.421875
0.222529978367	0.217348927875	148	150	3	0	108	0.421875
0.222616013851	0.217348927875	148	151	3	0	108	0.421875
0.223162642874	0.217348927875	148	152	3	0	108	0.421875
0.225227569061	0.216374269006	148	153	3	0	109	0.424124513619
0.226810788653	0.217348927875	149	153	3	0	109	0.422480620155
0.227798843063	0.218323586745	150	153	3	0	109	0.420849420849
0.227811805489	0.218323586745	150	154	3	0	109	0.420849420849
0.227906191191	0.219298245614	151	154	3	0	109	0.419230769231
0.228427004358	0.220272904483	152	154	3	0	109	0.417624521073
0.230510649557	0.220272904483	152	155	3	0	109	0.417624521073
0.231626076965	0.220272904483	152	156	3	0	109	0.417624521073
0.23267968041	0.221247563353	153	156	3	0	109	0.416030534351
0.232713357998	0.222222222222	154	156	3	0	109	0.414448669202
0.232879553271	0.223196881092	155	156	3	0	109	0.412878787879
0.232918879229	0.224171539961	156	156	3	0	109	0.411320754717
0.233312248275	0.224171539961	156	157	3	0	109	0.411320754717
0.233340824108	0.223196881092	156	158	3	0	110	0.413533834586
0.233383713437	0.223196881092	156	159	3	0	110	0.413533834586
0.23422280318	0.224171539961	157	159	3	0	110	0.411985018727
0.235494027964	0.224171539961	157	160	3	0	110	0.411985018727
0.235540929125	0.223196881092	158	160	3	0	110	0.410447761194
0.235940941524	0.221247563353	158	161	3	0	112	0.414814814815
0.238161776064	0.222222222222	159	161	3	0	112	0.413284132841
0.238501580533	0.222222222222	159	162	3	0	112	0.413284132841
0.238650352566	0.222222222222	159	163	3	0	112	0.413284132841
0.239315855209	0.221247563353	159	164	3	0	113	0.415441176471
0.239412473148	0.219298245614	159	165	3	0	115	0.419708029197
0.240739852475	0.220272904483	160	165	3	0	115	0.418181818182
0.240816017016	0.220272904483	160	166	3	0	115	0.418181818182
0.241563330263	0.220272904483	160	167	3	0	115	0.418181818182
0.242079756093	0.221247563353	161	167	3	0	115	0.416666666667
0.242264646121	0.222222222222	162	167	3	0	115	0.415162454874
0.243022969478	0.223196881092	163	167	3	0	115	0.413669064748
0.244289530343	0.223196881092	163	168	3	0	115	0.413669064748
0.244473530047	0.222222222222	164	168	3	0	115	0.412186379928
0.245288573639	0.220272904483	164	169	3	0	117	0.416370106762
0.245300072418	0.220272904483	165	169	3	0	117	0.414893617021
0.245869077718	0.221247563353	166	169	3	0	117	0.413427561837
0.245931787931	0.222222222222	167	169	3	0	117	0.411971830986
0.246583380078	0.222222222222	167	170	3	0	117	0.411971830986
0.247899213415	0.222222222222	167	171	3	0	117	0.411971830986
0.248388053816	0.223196881092	168	171	3	0	117	0.410526315789
0.248447529346	0.222222222222	169	171	3	0	117	0.409090909091
0.249180239611	0.222222222222	169	172	3	0	117	0.409090909091
0.24941779408	0.220272904483	169	173	3	0	119	0.413194444444
0.249439751053	0.221247563353	170	173	3	0	119	0.411764705882
0.250871796004	0.222222222222	171	173	3	0	119	0.410344827586
0.25240242887	0.222222222222	171	174	3	0	119	0.410344827586
0.253634359319	0.222222222222	171	175	3	0	119	0.410344827586
0.253828443888	0.223196881092	172	175	3	0	119	0.408934707904
0.255169663415	0.223196881092	172	176	3	0	119	0.408934707904
0.256167390432	0.223196881092	172	177	3	0	119	0.408934707904
0.256932219012	0.224171539961	173	177	3	0	119	0.407534246575
0.257802435404	0.22514619883	174	177	3	0	119	0.40614334471
0.25804702877	0.22514619883	174	178	3	0	119	0.40614334471
0.258244739348	0.223196881092	174	179	3	0	121	0.410169491525
0.25885061401	0.222222222222	174	180	3	0	122	0.412162162162
0.259677718724	0.222222222222	174	181	3	0	122	0.412162162162
0.262188238643	0.222222222222	174	182	3	0	122	0.412162162162
0.263788481488	0.223196881092	175	182	3	0	122	0.410774410774
0.263864656609	0.224171539961	176	182	3	0	122	0.409395973154
0.264448511541	0.222222222222	176	183	3	0	124	0.413333333333
0.265140946073	0.223196881092	177	183	3	0	124	0.41196013289
0.265518666298	0.223196881092	177	184	3	0	124	0.41196013289
0.265538665725	0.222222222222	177	185	3	0	125	0.413907284768
0.266334052247	0.223196881092	178	185	3	0	125	0.412541254125
0.266499495493	0.223196881092	178	186	3	0	125	0.412541254125
0.266529401887	0.224171539961	179	186	3	0	125	0.411184210526
0.266680394456	0.224171539961	179	187	3	0	125	0.411184210526
0.267927480802	0.22514619883	180	187	3	0	125	0.409836065574
0.269396883839	0.22514619883	181	187	3	0	125	0.408496732026
0.270359281943	0.2261208577	182	187	3	0	125	0.407166123779
0.270422162306	0.2261208577	182	188	3	0	125	0.407166123779
0.271586876175	0.227095516569	183	188	3	0	125	0.405844155844
0.271982108576	0.227095516569	183	189	3	0	125	0.405844155844
0.272779538932	0.227095516569	183	190	3	0	125	0.405844155844
0.2730269727	0.228070175439	184	190	3	0	125	0.404530744337
0.273696205031	0.227095516569	184	191	3	0	126	0.406451612903
0.274820188149	0.2261208577	184	192	3	0	127	0.408360128617
0.275280145081	0.2261208577	184	193	3	0	127	0.408360128617
0.276776196934	0.227095516569	185	193	3	0	127	0.407051282051
0.277096067195	0.227095516569	185	194	3	0	127	0.407051282051
0.27838369619	0.227095516569	186	194	3	0	127	0.405750798722
0.278894062426	0.228070175439	187	194	3	0	127	0.404458598726
0.279349069805	0.227095516569	187	195	3	0	128	0.406349206349
0.280721725266	0.227095516569	187	196	3	0	128	0.406349206349
0.28307512642	0.228070175439	188	196	3	0	128	0.405063291139
0.283373629741	0.229044834308	189	196	3	0	128	0.403785488959
0.284366939103	0.230019493177	190	196	3	0	128	0.40251572327
0.284753256165	0.229044834308	190	197	3	0	129	0.404388714734
0.28564352775	0.229044834308	190	198	3	0	129	0.404388714734
0.286247678009	0.229044834308	190	199	3	0	129	0.404388714734
0.286410640833	0.230019493177	191	199	3	0	129	0.403125
0.287583853187	0.229044834308	191	200	3	0	130	0.404984423676
0.28809854513	0.230019493177	192	200	3	0	130	0.403726708075
0.288440196636	0.230019493177	192	201	3	0	130	0.403726708075
0.289170089895	0.230019493177	192	202	3	0	130	0.403726708075
0.289669650834	0.230994152047	193	202	3	0	130	0.402476780186
0.290061620783	0.230994152047	194	202	3	0	130	0.401234567901
0.290534703762	0.230994152047	194	203	3	0	130	0.401234567901
0.291546161636	0.231968810916	195	203	3	0	130	0.4
0.291763836	0.230994152047	195	204	3	0	131	0.401840490798
0.294713033634	0.231968810916	196	204	3	0	131	0.400611620795
0.29472908827	0.231968810916	196	205	3	0	131	0.400611620795
0.296528880838	0.230994152047	196	206	3	0	132	0.40243902439
0.296599924011	0.230019493177	197	206	3	0	132	0.401215805471
0.296710222966	0.230994152047	198	206	3	0	132	0.4
0.297647162305	0.230994152047	198	207	3	0	132	0.4
0.297968986321	0.230994152047	198	208	3	0	132	0.4
0.298242306476	0.230994152047	198	209	3	0	132	0.4
0.299193497625	0.231968810916	199	209	3	0	132	0.398791540785
0.29979513875	0.231968810916	199	210	3	0	132	0.398791540785
0.300925149809	0.232943469786	200	210	3	0	132	0.397590361446
0.301052656301	0.233918128655	201	210	3	0	132	0.396396396396
0.302158999685	0.234892787524	202	210	3	0	132	0.395209580838
0.302317729403	0.235867446394	203	210	3	0	132	0.394029850746
0.302936188932	0.234892787524	204	210	3	0	132	0.392857142857
0.303219453147	0.235867446394	205	210	3	0	132	0.391691394659
0.303255453036	0.235867446394	206	210	3	0	132	0.390532544379
0.303879029068	0.235867446394	206	211	3	0	132	0.390532544379
0.304592169159	0.235867446394	207	211	3	0	132	0.389380530973
0.304869351582	0.236842105263	208	211	3	0	132	0.388235294118
0.305407532537	0.235867446394	209	211	3	0	132	0.387096774194
0.305636543409	0.236842105263	210	211	3	0	132	0.385964912281
0.305915588063	0.235867446394	211	211	3	0	132	0.384839650146
0.305943713861	0.236842105263	212	211	3	0	132	0.383720930233
0.306668454302	0.237816764133	213	211	3	0	132	0.382608695652
0.307257520923	0.237816764133	214	211	3	0	132	0.381502890173
0.307385063832	0.238791423002	215	211	3	0	132	0.380403458213
0.308072921803	0.236842105263	215	212	3	0	134	0.383954154728
0.309258813543	0.237816764133	216	212	3	0	134	0.382857142857
0.309617308065	0.236842105263	216	213	3	0	135	0.384615384615
0.312063352018	0.237816764133	217	213	3	0	135	0.383522727273
0.312491995858	0.237816764133	218	213	3	0	135	0.382436260623
0.313550148294	0.237816764133	218	214	3	0	135	0.382436260623
0.314273153514	0.238791423002	219	214	3	0	135	0.381355932203
0.314613222574	0.238791423002	219	215	3	0	135	0.381355932203
0.315176031184	0.239766081871	220	215	3	0	135	0.380281690141
0.315360832022	0.238791423002	220	216	3	0	136	0.38202247191
0.316031763232	0.237816764133	220	217	3	0	137	0.383753501401
0.316736861649	0.238791423002	221	217	3	0	137	0.382681564246
0.317368330715	0.236842105263	221	218	3	0	139	0.386111111111
0.318639806154	0.235867446394	221	219	3	0	140	0.387811634349
0.318842818755	0.234892787524	221	220	3	0	141	0.389502762431
0.32178178923	0.235867446394	222	220	3	0	141	0.388429752066
0.325542726322	0.235867446394	222	221	3	0	141	0.388429752066
0.325633622896	0.234892787524	222	222	3	0	142	0.39010989011
0.32651241438	0.232943469786	222	223	3	0	144	0.393442622951
0.327656199727	0.230994152047	222	224	3	0	146	0.396739130435
0.327695859136	0.230019493177	223	224	3	0	146	0.39566395664
0.32784636862	0.230994152047	224	224	3	0	146	0.394594594595
0.328108487346	0.230019493177	224	225	3	0	147	0.396226415094
0.328275989185	0.230019493177	224	226	3	0	147	0.396226415094
0.329027964884	0.229044834308	224	227	3	0	148	0.397849462366
0.329759350257	0.228070175439	224	228	3	0	149	0.399463806971
0.3308334037	0.228070175439	224	229	3	0	149	0.399463806971
0.333057257225	0.228070175439	225	229	3	0	149	0.398395721925
0.334526312535	0.229044834308	226	229	3	0	149	0.397333333333
0.335229750908	0.230019493177	227	229	3	0	149	0.396276595745
0.335978795215	0.229044834308	227	230	3	0	150	0.397877984085
0.3379084697	0.229044834308	227	231	3	0	150	0.397877984085
0.339367631332	0.228070175439	227	232	3	0	151	0.399470899471
0.339908844162	0.228070175439	227	233	3	0	151	0.399470899471
0.339940337232	0.229044834308	228	233	3	0	151	0.398416886544
0.340087951808	0.229044834308	228	234	3	0	151	0.398416886544
0.340811608738	0.229044834308	228	235	3	0	151	0.398416886544
0.341693552711	0.230019493177	229	235	3	0	151	0.397368421053
0.344336436333	0.229044834308	229	236	3	0	152	0.398950131234
0.346365716643	0.229044834308	230	236	3	0	152	0.397905759162
0.346765063985	0.230019493177	231	236	3	0	152	0.396866840731
0.347986894986	0.230994152047	232	236	3	0	152	0.395833333333
0.348166425441	0.231968810916	233	236	3	0	152	0.394805194805
0.348777075165	0.232943469786	234	236	3	0	152	0.39378238342
0.350031721702	0.233918128655	235	236	3	0	152	0.392764857881
0.350338445322	0.230994152047	235	237	3	0	155	0.397435897436
0.350372583898	0.230994152047	235	238	3	0	155	0.397435897436
0.35135052093	0.231968810916	236	238	3	0	155	0.39641943734
0.351581087781	0.232943469786	237	238	3	0	155	0.395408163265
0.352648424593	0.230994152047	237	239	3	0	157	0.39847715736
0.352866483614	0.231968810916	238	239	3	0	157	0.39746835443
0.353229803218	0.232943469786	239	239	3	0	157	0.396464646465
0.353379829891	0.233918128655	240	239	3	0	157	0.395465994962
0.353932664295	0.233918128655	240	240	3	0	157	0.395465994962
0.354049694988	0.233918128655	240	241	3	0	157	0.395465994962
0.354964624599	0.234892787524	241	241	3	0	157	0.394472361809
0.355116872574	0.234892787524	241	242	3	0	157	0.394472361809
0.35556094739	0.235867446394	242	242	3	0	157	0.393483709273
0.355701449606	0.236842105263	243	242	3	0	157	0.3925
0.357017654625	0.237816764133	244	242	3	0	157	0.391521197007
0.357115966565	0.238791423002	245	242	3	0	157	0.390547263682
0.357247771962	0.239766081871	246	242	3	0	157	0.389578163772
0.357801453649	0.238791423002	246	243	3	0	158	0.391089108911
0.357841943039	0.239766081871	247	243	3	0	158	0.39012345679
0.358567480703	0.240740740741	248	243	3	0	158	0.389162561576
0.360611302333	0.240740740741	248	244	3	0	158	0.389162561576
0.360799025782	0.238791423002	248	245	3	0	160	0.392156862745
0.36142877653	0.239766081871	249	245	3	0	160	0.39119804401
0.361666244035	0.239766081871	249	246	3	0	160	0.39119804401
0.361878073285	0.237816764133	249	247	3	0	162	0.394160583942
0.362753083258	0.236842105263	249	248	3	0	163	0.395631067961
0.363239958154	0.235867446394	249	249	3	0	164	0.397094430993
0.36327851221	0.235867446394	249	250	3	0	164	0.397094430993
0.363335178712	0.234892787524	249	251	3	0	165	0.398550724638
0.364034486283	0.233918128655	249	252	3	0	166	0.4
0.364800689224	0.232943469786	249	253	3	0	167	0.401442307692
0.365228576902	0.233918128655	250	253	3	0	167	0.400479616307
0.366764656945	0.234892787524	251	253	3	0	167	0.3995215311
0.367591996794	0.235867446394	252	253	3	0	167	0.398568019093
0.367995487841	0.234892787524	252	254	3	0	168	0.4
0.368840141279	0.234892787524	253	254	3	0	168	0.399049881235
0.369732818022	0.233918128655	253	255	3	0	169	0.400473933649
0.370296821381	0.234892787524	254	255	3	0	169	0.399527186761
0.370696354881	0.234892787524	254	256	3	0	169	0.399527186761
0.371485464553	0.235867446394	255	256	3	0	169	0.39858490566
0.373439052321	0.233918128655	255	257	3	0	171	0.401408450704
0.373582254499	0.232943469786	255	258	3	0	172	0.40281030445
0.373998762037	0.233918128655	256	258	3	0	172	0.401869158879
0.374281946071	0.233918128655	256	259	3	0	172	0.401869158879
0.376057945505	0.234892787524	257	259	3	0	172	0.400932400932
0.376464960152	0.235867446394	258	259	3	0	172	0.4
0.377757501802	0.236842105263	259	259	3	0	172	0.399071925754
0.379442803659	0.237816764133	260	259	3	0	172	0.398148148148
0.38104104548	0.238791423002	261	259	3	0	172	0.397228637413
0.381099744923	0.239766081871	262	259	3	0	172	0.396313364055
0.382828471449	0.238791423002	262	260	3	0	173	0.397701149425
0.383864627637	0.238791423002	262	261	3	0	173	0.397701149425
0.384844218068	0.238791423002	263	261	3	0	173	0.396788990826
0.384888971282	0.239766081871	264	261	3	0	173	0.395881006865
0.38496345139	0.240740740741	265	261	3	0	173	0.39497716895
0.384999490977	0.238791423002	265	262	3	0	175	0.397727272727
0.385516741058	0.238791423002	265	263	3	0	175	0.397727272727
0.385536440319	0.238791423002	265	264	3	0	175	0.397727272727
0.386984358308	0.237816764133	265	265	3	0	176	0.399092970522
0.387049980588	0.238791423002	266	265	3	0	176	0.398190045249
0.388361288802	0.239766081871	267	265	3	0	176	0.397291196388
0.388632568386	0.238791423002	267	266	3	0	177	0.398648648649
0.389992243209	0.239766081871	268	266	3	0	177	0.397752808989
0.391684755115	0.240740740741	269	266	3	0	177	0.396860986547
0.391865864049	0.24171539961	270	266	3	0	177	0.395973154362
0.391882482804	0.24171539961	271	266	3	0	177	0.395089285714
0.395021502865	0.240740740741	271	267	3	0	178	0.396436525612
0.39699165935	0.239766081871	271	268	3	0	179	0.397777777778
0.397331867183	0.240740740741	272	268	3	0	179	0.39689578714
0.398646517622	0.238791423002	272	269	3	0	181	0.399558498896
0.398710656472	0.237816764133	272	270	3	0	182	0.400881057269
0.398892316225	0.238791423002	273	270	3	0	182	0.4
0.399483078498	0.238791423002	273	271	3	0	182	0.4
0.401067882325	0.236842105263	273	272	3	0	184	0.402625820569
0.402111085893	0.235867446394	273	273	3	0	185	0.403930131004
0.402297077819	0.234892787524	273	274	3	0	186	0.40522875817
0.403264087868	0.235867446394	274	274	3	0	186	0.404347826087
0.40515400869	0.234892787524	274	275	3	0	187	0.405639913232
0.407095789934	0.234892787524	274	276	3	0	187	0.405639913232
0.40711102526	0.231968810916	274	277	3	0	190	0.409482758621
0.408147017635	0.232943469786	275	277	3	0	190	0.408602150538
0.409528291277	0.233918128655	276	277	3	0	190	0.407725321888
0.409563321008	0.233918128655	276	278	3	0	190	0.407725321888
0.411482051338	0.232943469786	276	279	3	0	191	0.408993576017
0.411490556548	0.233918128655	277	279	3	0	191	0.40811965812
0.411778784227	0.232943469786	277	280	3	0	192	0.409381663113
0.412119767281	0.231968810916	277	281	3	0	193	0.410638297872
0.412380766807	0.232943469786	278	281	3	0	193	0.409766454352
0.4150075688	0.232943469786	278	282	3	0	193	0.409766454352
0.41527161465	0.230994152047	278	283	3	0	195	0.412262156448
0.415357922781	0.231968810916	279	283	3	0	195	0.411392405063
0.416138064065	0.232943469786	280	283	3	0	195	0.410526315789
0.416828244247	0.232943469786	280	284	3	0	195	0.410526315789
0.417112205878	0.232943469786	280	285	3	0	195	0.410526315789
0.417217787375	0.233918128655	281	285	3	0	195	0.409663865546
0.417422550299	0.234892787524	282	285	3	0	195	0.408805031447
0.418049761812	0.233918128655	282	286	3	0	196	0.410041841004
0.418136275553	0.234892787524	283	286	3	0	196	0.409185803758
0.418432176375	0.232943469786	283	287	3	0	198	0.411642411642
0.418981911693	0.230994152047	283	288	3	0	200	0.414078674948
0.420176918301	0.230019493177	283	289	3	0	201	0.415289256198
0.42112418476	0.230019493177	284	289	3	0	201	0.414432989691
0.421340654577	0.229044834308	284	290	3	0	202	0.415637860082
0.421352853151	0.230019493177	285	290	3	0	202	0.414784394251
0.423787275222	0.230994152047	286	290	3	0	202	0.41393442623
0.424140152941	0.230994152047	286	291	3	0	202	0.41393442623
0.424201921611	0.230994152047	287	291	3	0	202	0.41308793456
0.424606819954	0.230994152047	287	292	3	0	202	0.41308793456
0.425045396483	0.230019493177	288	292	3	0	202	0.412244897959
0.427103088362	0.230019493177	288	293	3	0	202	0.412244897959
0.428359447614	0.230019493177	288	294	3	0	202	0.412244897959
0.429124171137	0.230994152047	289	294	3	0	202	0.411405295316
0.433912830306	0.231968810916	290	294	3	0	202	0.410569105691
0.433985764647	0.231968810916	290	295	3	0	202	0.410569105691
0.434233177351	0.230994152047	290	296	3	0	203	0.411764705882
0.434338635063	0.229044834308	290	297	3	0	205	0.414141414141
0.435458512152	0.229044834308	290	298	3	0	205	0.414141414141
0.437546038516	0.230019493177	291	298	3	0	205	0.413306451613
0.438585173081	0.229044834308	291	299	3	0	206	0.414486921529
0.439207472497	0.229044834308	291	300	3	0	206	0.414486921529
0.439592380394	0.229044834308	291	301	3	0	206	0.414486921529
0.439815582923	0.227095516569	291	302	3	0	208	0.416833667335
0.441642376984	0.228070175439	292	302	3	0	208	0.416
0.443338814655	0.227095516569	293	302	3	0	208	0.415169660679
0.443443756126	0.2261208577	293	303	3	0	209	0.416334661355
0.44429911929	0.227095516569	294	303	3	0	209	0.41550695825
0.447191141041	0.224171539961	294	304	3	0	212	0.418972332016
0.447297504144	0.22514619883	295	304	3	0	212	0.418145956607
0.447390827802	0.22514619883	295	305	3	0	212	0.418145956607
0.449751734984	0.224171539961	296	305	3	0	212	0.417322834646
0.452888892178	0.222222222222	296	306	3	0	214	0.419607843137
0.453090966136	0.221247563353	296	307	3	0	215	0.420743639922
0.453424628002	0.220272904483	296	308	3	0	216	0.421875
0.45348595767	0.219298245614	296	309	3	0	217	0.423001949318
0.454236222609	0.220272904483	297	309	3	0	217	0.422178988327
0.456447808532	0.220272904483	298	309	3	0	217	0.421359223301
0.456832180864	0.218323586745	298	310	3	0	219	0.423597678917
0.456926461601	0.219298245614	299	310	3	0	219	0.42277992278
0.457257278239	0.220272904483	300	310	3	0	219	0.421965317919
0.45781901391	0.221247563353	301	310	3	0	219	0.421153846154
0.459140640509	0.221247563353	302	310	3	0	219	0.420345489443
0.459273618216	0.222222222222	303	310	3	0	219	0.419540229885
0.461527757523	0.222222222222	304	310	3	0	219	0.418738049713
0.46274969108	0.223196881092	305	310	3	0	219	0.417938931298
0.464283632802	0.224171539961	306	310	3	0	219	0.417142857143
0.464615440402	0.222222222222	306	311	3	0	221	0.41935483871
0.465678711993	0.219298245614	306	312	3	0	224	0.422641509434
0.466259482179	0.217348927875	306	313	3	0	226	0.424812030075
0.466589041417	0.217348927875	307	313	3	0	226	0.424015009381
0.466775925589	0.217348927875	307	314	3	0	226	0.424015009381
0.467184752684	0.215399610136	307	315	3	0	228	0.426168224299
0.468000244695	0.216374269006	308	315	3	0	228	0.425373134328
0.468403356052	0.215399610136	309	315	3	0	228	0.424581005587
0.470226897923	0.216374269006	310	315	3	0	228	0.423791821561
0.470871250598	0.216374269006	310	316	3	0	228	0.423791821561
0.471532199885	0.216374269006	311	316	3	0	228	0.423005565863
0.472324043301	0.216374269006	311	317	3	0	228	0.423005565863
0.474171954	0.217348927875	312	317	3	0	228	0.422222222222
0.475439990941	0.217348927875	312	318	3	0	228	0.422222222222
0.475536460844	0.218323586745	313	318	3	0	228	0.421441774492
0.475868174962	0.219298245614	314	318	3	0	228	0.420664206642
0.476917244077	0.220272904483	315	318	3	0	228	0.419889502762
0.483615352687	0.221247563353	316	318	3	0	228	0.419117647059
0.483750200337	0.220272904483	316	319	3	0	229	0.420183486239
0.48506464993	0.221247563353	317	319	3	0	229	0.419413919414
0.485898539653	0.219298245614	317	320	3	0	231	0.421532846715
0.486292456265	0.219298245614	317	321	3	0	231	0.421532846715
0.48645301907	0.219298245614	317	322	3	0	231	0.421532846715
0.487879316635	0.218323586745	317	323	3	0	232	0.422586520947
0.488058811758	0.217348927875	317	324	3	0	233	0.423636363636
0.488617988986	0.218323586745	318	324	3	0	233	0.422867513612
0.49015317786	0.219298245614	319	324	3	0	233	0.422101449275
0.491995529274	0.217348927875	319	325	3	0	235	0.424187725632
0.492738259827	0.215399610136	319	326	3	0	237	0.426258992806
0.492990423764	0.214424951267	319	327	3	0	238	0.427289048474
0.494086227394	0.215399610136	320	327	3	0	238	0.426523297491
0.494308254958	0.215399610136	320	328	3	0	238	0.426523297491
0.494883366856	0.214424951267	320	329	3	0	239	0.427549194991
0.495055903323	0.213450292398	320	330	3	0	240	0.428571428571
0.49576812166	0.212475633528	320	331	3	0	241	0.429590017825
0.496984828711	0.211500974659	320	332	3	0	242	0.430604982206
0.497095812893	0.211500974659	320	333	3	0	242	0.430604982206
0.497991300458	0.210526315789	320	334	3	0	243	0.43161634103
0.498855765738	0.210526315789	320	335	3	0	243	0.43161634103
0.500423621788	0.20955165692	320	336	3	0	244	0.432624113475
0.5013784126	0.208576998051	321	336	3	0	244	0.43185840708
0.501659189776	0.208576998051	321	337	3	0	244	0.43185840708
0.501825028867	0.20955165692	322	337	3	0	244	0.43109540636
0.502781591782	0.210526315789	323	337	3	0	244	0.430335097002
0.503604064513	0.20955165692	323	338	3	0	245	0.431338028169
0.504257322824	0.210526315789	324	338	3	0	245	0.430579964851
0.504260298139	0.211500974659	325	338	3	0	245	0.429824561404
0.505132139474	0.212475633528	326	338	3	0	245	0.429071803853
0.505270526297	0.211500974659	326	339	3	0	246	0.43006993007
0.505728748722	0.210526315789	326	340	3	0	247	0.431064572426
0.506440316959	0.210526315789	326	341	3	0	247	0.431064572426
0.508702188494	0.211500974659	327	341	3	0	247	0.43031358885
0.509520032382	0.212475633528	328	341	3	0	247	0.429565217391
0.511484093254	0.212475633528	328	342	3	0	247	0.429565217391
0.512161723618	0.210526315789	328	343	3	0	249	0.431542461005
0.513101884103	0.210526315789	328	344	3	0	249	0.431542461005
0.513346992109	0.211500974659	329	344	3	0	249	0.430795847751
0.513742409549	0.211500974659	330	344	3	0	249	0.430051813472
0.515103130385	0.210526315789	330	345	3	0	250	0.431034482759
0.515298751573	0.211500974659	331	345	3	0	250	0.430292598967
0.516789287078	0.210526315789	331	346	3	0	251	0.431271477663
0.517158612407	0.211500974659	332	346	3	0	251	0.430531732419
0.51742422141	0.212475633528	333	346	3	0	251	0.429794520548
0.518534456904	0.211500974659	333	347	3	0	252	0.430769230769
0.518911040233	0.212475633528	334	347	3	0	252	0.430034129693
0.518915152855	0.212475633528	335	347	3	0	252	0.42930153322
0.519017323986	0.213450292398	336	347	3	0	252	0.428571428571
0.520288784345	0.212475633528	336	348	3	0	253	0.429541595925
0.520709997061	0.213450292398	337	348	3	0	253	0.428813559322
0.521154506259	0.214424951267	338	348	3	0	253	0.428087986464
0.521376275055	0.214424951267	338	349	3	0	253	0.428087986464
0.522409091276	0.215399610136	339	349	3	0	253	0.427364864865
0.522494943509	0.216374269006	340	349	3	0	253	0.426644182125
0.52302418867	0.217348927875	341	349	3	0	253	0.425925925926
0.523334798032	0.218323586745	342	349	3	0	253	0.425210084034
0.524760250841	0.218323586745	342	350	3	0	253	0.425210084034
0.525124769172	0.217348927875	342	351	3	0	254	0.426174496644
0.525299872981	0.217348927875	342	352	3	0	254	0.426174496644
0.526753139741	0.217348927875	342	353	3	0	254	0.426174496644
0.527046980701	0.217348927875	343	353	3	0	254	0.425460636516
0.52913160627	0.218323586745	344	353	3	0	254	0.42474916388
0.529668965073	0.216374269006	344	354	3	0	256	0.426666666667
0.529761467233	0.217348927875	345	354	3	0	256	0.425956738769
0.530335720599	0.216374269006	345	355	3	0	257	0.426910299003
0.530349017685	0.216374269006	345	356	3	0	257	0.426910299003
0.530560245033	0.216374269006	345	357	3	0	257	0.426910299003
0.530624077971	0.217348927875	346	357	3	0	257	0.426202321725
0.531301047837	0.218323586745	347	357	3	0	257	0.425496688742
0.531483138378	0.217348927875	347	358	3	0	258	0.426446280992
0.531974338457	0.216374269006	347	359	3	0	259	0.427392739274
0.532718381675	0.215399610136	347	360	3	0	260	0.428336079077
0.533162626449	0.215399610136	348	360	3	0	260	0.427631578947
0.533873993885	0.214424951267	348	361	3	0	261	0.428571428571
0.535315420918	0.214424951267	348	362	3	0	261	0.428571428571
0.537310516751	0.215399610136	349	362	3	0	261	0.427868852459
0.538359414888	0.216374269006	350	362	3	0	261	0.427168576105
0.538719960407	0.217348927875	351	362	3	0	261	0.426470588235
0.539232870822	0.217348927875	351	363	3	0	261	0.426470588235
0.540887312485	0.217348927875	351	364	3	0	261	0.426470588235
0.540915366366	0.217348927875	351	365	3	0	261	0.426470588235
0.541993416404	0.216374269006	351	366	3	0	262	0.427406199021
0.542334165443	0.217348927875	352	366	3	0	262	0.42671009772
0.54317905125	0.215399610136	352	367	3	0	264	0.428571428571
0.543437595107	0.216374269006	353	367	3	0	264	0.427876823339
0.544390493494	0.217348927875	354	367	3	0	264	0.427184466019
0.544788704942	0.216374269006	354	368	3	0	265	0.428109854604
0.545272395423	0.217348927875	355	368	3	0	265	0.427419354839
0.54534467977	0.217348927875	355	369	3	0	265	0.427419354839
0.546203713558	0.217348927875	355	370	3	0	265	0.427419354839
0.546717988579	0.217348927875	355	371	3	0	265	0.427419354839
0.546746884684	0.217348927875	355	372	3	0	265	0.427419354839
0.547646673406	0.218323586745	356	372	3	0	265	0.426731078905
0.54875880292	0.218323586745	356	373	3	0	265	0.426731078905
0.549198825834	0.219298245614	357	373	3	0	265	0.426045016077
0.549770336571	0.219298245614	357	374	3	0	265	0.426045016077
0.549855822801	0.218323586745	357	375	3	0	266	0.426966292135
0.549891442593	0.219298245614	358	375	3	0	266	0.426282051282
0.551319478283	0.220272904483	359	375	3	0	266	0.4256
0.552663434454	0.221247563353	360	375	3	0	266	0.424920127796
0.553440386744	0.222222222222	361	375	3	0	266	0.424242424242
0.554171411869	0.220272904483	361	376	3	0	268	0.426073131955
0.554318356143	0.220272904483	361	377	3	0	268	0.426073131955
0.55533762773	0.221247563353	362	377	3	0	268	0.425396825397
0.555830216621	0.220272904483	362	378	3	0	269	0.426307448494
0.5559914775	0.220272904483	362	379	3	0	269	0.426307448494
0.557482914398	0.221247563353	363	379	3	0	269	0.425632911392
0.558817457282	0.221247563353	363	380	3	0	269	0.425632911392
0.56070543759	0.219298245614	363	381	3	0	271	0.427444794953
0.56084683757	0.217348927875	363	382	3	0	273	0.429245283019
0.561568725818	0.218323586745	364	382	3	0	273	0.428571428571
0.561738278046	0.219298245614	365	382	3	0	273	0.42789968652
0.562610159526	0.218323586745	365	383	3	0	274	0.428794992175
0.562801215119	0.219298245614	366	383	3	0	274	0.428125
0.563109125535	0.219298245614	366	384	3	0	274	0.428125
0.565522522932	0.219298245614	366	385	3	0	274	0.428125
0.565572639018	0.220272904483	367	385	3	0	274	0.427457098284
0.566201025982	0.219298245614	367	386	3	0	275	0.428348909657
0.566809377173	0.219298245614	367	387	3	0	275	0.428348909657
0.566858939883	0.219298245614	367	388	3	0	275	0.428348909657
0.570302213804	0.218323586745	368	388	3	0	275	0.42768273717
0.571888310162	0.218323586745	369	388	3	0	275	0.42701863354
0.572893211341	0.219298245614	370	388	3	0	275	0.426356589147
0.574043268991	0.218323586745	370	389	3	0	276	0.427244582043
0.574131607433	0.218323586745	370	390	3	0	276	0.427244582043
0.574965135571	0.218323586745	370	391	3	0	276	0.427244582043
0.575356899143	0.218323586745	370	392	3	0	276	0.427244582043
0.575870296297	0.219298245614	371	392	3	0	276	0.42658423493
0.578201321332	0.218323586745	371	393	3	0	277	0.427469135802
0.578899716755	0.218323586745	372	393	3	0	277	0.426810477658
0.578944175135	0.218323586745	372	394	3	0	277	0.426810477658
0.580421762301	0.219298245614	373	394	3	0	277	0.426153846154
0.581994619989	0.220272904483	374	394	3	0	277	0.425499231951
0.582888531969	0.220272904483	375	394	3	0	277	0.424846625767
0.583077553139	0.220272904483	376	394	3	0	277	0.424196018377
0.583124430688	0.221247563353	377	394	3	0	277	0.423547400612
0.583384166426	0.219298245614	377	395	3	0	279	0.425304878049
0.583577508743	0.220272904483	378	395	3	0	279	0.424657534247
0.584394651553	0.221247563353	379	395	3	0	279	0.424012158055
0.585101588372	0.219298245614	379	396	3	0	281	0.425757575758
0.585478772745	0.220272904483	380	396	3	0	281	0.425113464448
0.585701372549	0.220272904483	380	397	3	0	281	0.425113464448
0.586588577914	0.220272904483	380	398	3	0	281	0.425113464448
0.586698985304	0.218323586745	380	399	3	0	283	0.426847662142
0.586863718634	0.217348927875	380	400	3	0	284	0.427710843373
0.587312781453	0.217348927875	380	401	3	0	284	0.427710843373
0.587546424256	0.218323586745	381	401	3	0	284	0.427067669173
0.589727917348	0.216374269006	381	402	3	0	286	0.428785607196
0.590013987426	0.216374269006	381	403	3	0	286	0.428785607196
0.590738374351	0.217348927875	382	403	3	0	286	0.428143712575
0.59118660156	0.218323586745	383	403	3	0	286	0.427503736921
0.591577505801	0.217348927875	383	404	3	0	287	0.428358208955
0.592096384339	0.218323586745	384	404	3	0	287	0.427719821162
0.592372470484	0.219298245614	385	404	3	0	287	0.427083333333
0.593750852882	0.220272904483	386	404	3	0	287	0.426448736999
0.595028989386	0.219298245614	387	404	3	0	287	0.425816023739
0.595452486646	0.220272904483	388	404	3	0	287	0.425185185185
0.596081290673	0.221247563353	389	404	3	0	287	0.424556213018
0.596819183098	0.222222222222	390	404	3	0	287	0.423929098966
0.597281218423	0.222222222222	390	405	3	0	287	0.423929098966
0.598170755702	0.220272904483	390	406	3	0	289	0.425625920471
0.598506072941	0.221247563353	391	406	3	0	289	0.425
0.600081938104	0.222222222222	392	406	3	0	289	0.424375917768
0.600835437257	0.221247563353	392	407	3	0	290	0.425219941349
0.60198298315	0.221247563353	392	408	3	0	290	0.425219941349
0.602098268246	0.219298245614	392	409	3	0	292	0.426900584795
0.603102484976	0.219298245614	392	410	3	0	292	0.426900584795
0.603437315883	0.219298245614	392	411	3	0	292	0.426900584795
0.604113651537	0.219298245614	392	412	3	0	292	0.426900584795
0.604474612303	0.220272904483	393	412	3	0	292	0.426277372263
0.604757860189	0.220272904483	393	413	3	0	292	0.426277372263
0.605067794948	0.220272904483	393	414	3	0	292	0.426277372263
0.608282064879	0.219298245614	393	415	3	0	293	0.427113702624
0.610508433711	0.219298245614	393	416	3	0	293	0.427113702624
0.611082467339	0.217348927875	393	417	3	0	295	0.428779069767
0.611246953629	0.218323586745	394	417	3	0	295	0.428156748911
0.612216661045	0.219298245614	395	417	3	0	295	0.427536231884
0.613334421042	0.218323586745	395	418	3	0	296	0.428364688857
0.613841084556	0.219298245614	396	418	3	0	296	0.42774566474
0.614927325541	0.220272904483	397	418	3	0	296	0.427128427128
0.614981259952	0.221247563353	398	418	3	0	296	0.4265129683
0.615231977349	0.220272904483	398	419	3	0	297	0.427338129496
0.615718187108	0.221247563353	399	419	3	0	297	0.426724137931
0.616239911707	0.220272904483	399	420	3	0	298	0.427546628407
0.617159483074	0.219298245614	400	420	3	0	298	0.426934097421
0.617543658265	0.220272904483	401	420	3	0	298	0.426323319027
0.617612656498	0.219298245614	401	421	3	0	299	0.427142857143
0.619160914171	0.219298245614	401	422	3	0	299	0.427142857143
0.619581949039	0.219298245614	401	423	3	0	299	0.427142857143
0.620284172055	0.220272904483	402	423	3	0	299	0.426533523538
0.620292602659	0.220272904483	402	424	3	0	299	0.426533523538
0.620584387073	0.219298245614	402	425	3	0	300	0.42735042735
0.62126344282	0.220272904483	403	425	3	0	300	0.426742532006
0.621476614876	0.218323586745	403	426	3	0	302	0.428368794326
0.621529280547	0.219298245614	404	426	3	0	302	0.42776203966
0.622920072039	0.219298245614	405	426	3	0	302	0.427157001414
0.62294724344	0.219298245614	406	426	3	0	302	0.426553672316
0.622979265464	0.218323586745	406	427	3	0	303	0.42736248237
0.623296450462	0.216374269006	406	428	3	0	305	0.428973277075
0.623669782535	0.216374269006	407	428	3	0	305	0.428370786517
0.623778267887	0.217348927875	408	428	3	0	305	0.427769985975
0.627338666505	0.218323586745	409	428	3	0	305	0.427170868347
0.627491456668	0.218323586745	409	429	3	0	305	0.427170868347
0.627690883474	0.219298245614	410	429	3	0	305	0.426573426573
0.627749227403	0.220272904483	411	429	3	0	305	0.425977653631
0.628161012171	0.219298245614	411	430	3	0	306	0.426778242678
0.630712958375	0.219298245614	411	431	3	0	306	0.426778242678
0.631113737992	0.220272904483	412	431	3	0	306	0.426183844011
0.631281163462	0.221247563353	413	431	3	0	306	0.425591098748
0.631778246075	0.220272904483	414	431	3	0	306	0.425
0.632284447371	0.221247563353	415	431	3	0	306	0.424410540915
0.63345144212	0.221247563353	415	432	3	0	306	0.424410540915
0.633799589501	0.220272904483	416	432	3	0	306	0.423822714681
0.634118045394	0.219298245614	417	432	3	0	306	0.423236514523
0.634569495033	0.220272904483	418	432	3	0	306	0.422651933702
0.634902575644	0.221247563353	419	432	3	0	306	0.422068965517
0.635079362879	0.221247563353	419	433	3	0	306	0.422068965517
0.635814701872	0.222222222222	420	433	3	0	306	0.421487603306
0.636303421542	0.221247563353	420	434	3	0	307	0.422283356259
0.636497886523	0.221247563353	420	435	3	0	307	0.422283356259
0.63654341134	0.221247563353	420	436	3	0	307	0.422283356259
0.637616520776	0.222222222222	421	436	3	0	307	0.421703296703
0.63883990509	0.220272904483	421	437	3	0	309	0.423287671233
0.640128261681	0.220272904483	421	438	3	0	309	0.423287671233
0.641497801889	0.221247563353	422	438	3	0	309	0.422708618331
0.64366617199	0.219298245614	422	439	3	0	311	0.424283765348
0.644060696161	0.220272904483	423	439	3	0	311	0.423705722071
0.644070338014	0.221247563353	424	439	3	0	311	0.423129251701
0.646773067777	0.221247563353	424	440	3	0	311	0.423129251701
0.647093643267	0.222222222222	425	440	3	0	311	0.422554347826
0.651853613992	0.222222222222	426	440	3	0	311	0.421981004071
0.653316145755	0.223196881092	427	440	3	0	311	0.421409214092
0.653748967294	0.222222222222	427	441	3	0	312	0.422192151556
0.655248203138	0.222222222222	427	442	3	0	312	0.422192151556
0.655552639821	0.221247563353	428	442	3	0	312	0.421621621622
0.656294932397	0.220272904483	428	443	3	0	313	0.422402159244
0.65641116397	0.219298245614	428	444	3	0	314	0.423180592992
0.656671541686	0.218323586745	428	445	3	0	315	0.423956931359
0.656832553536	0.216374269006	428	446	3	0	317	0.425503355705
0.657364642592	0.216374269006	429	446	3	0	317	0.424932975871
0.658096134415	0.215399610136	429	447	3	0	318	0.425702811245
0.658263588357	0.215399610136	429	448	3	0	318	0.425702811245
0.658457404034	0.213450292398	429	449	3	0	320	0.427236315087
0.658731904121	0.214424951267	430	449	3	0	320	0.426666666667
0.659213321741	0.211500974659	430	450	3	0	323	0.428950863214
0.660142073983	0.211500974659	430	451	3	0	323	0.428950863214
0.660230780146	0.212475633528	431	451	3	0	323	0.428381962865
0.660416884323	0.212475633528	431	452	3	0	323	0.428381962865
0.660828312889	0.211500974659	432	452	3	0	323	0.427814569536
0.660897160631	0.211500974659	432	453	3	0	323	0.427814569536
0.660982958402	0.212475633528	433	453	3	0	323	0.427248677249
0.663596741068	0.212475633528	433	454	3	0	323	0.427248677249
0.663814817881	0.210526315789	433	455	3	0	325	0.428759894459
0.665158066704	0.210526315789	433	456	3	0	325	0.428759894459
0.665554678457	0.210526315789	433	457	3	0	325	0.428759894459
0.66627870519	0.20955165692	434	457	3	0	325	0.428194993412
0.666493703983	0.210526315789	435	457	3	0	325	0.427631578947
0.666748126841	0.20955165692	435	458	3	0	326	0.42838370565
0.667485165463	0.208576998051	435	459	3	0	327	0.429133858268
0.668008865057	0.208576998051	436	459	3	0	327	0.428571428571
0.668899702651	0.207602339181	436	460	3	0	328	0.429319371728
0.66938808248	0.208576998051	437	460	3	0	328	0.428758169935
0.669526863096	0.20955165692	438	460	3	0	328	0.42819843342
0.670728987129	0.210526315789	439	460	3	0	328	0.427640156454
0.671152739032	0.211500974659	440	460	3	0	328	0.427083333333
0.672523278136	0.211500974659	440	461	3	0	328	0.427083333333
0.672652835451	0.211500974659	441	461	3	0	328	0.426527958388
0.673126701945	0.211500974659	442	461	3	0	328	0.425974025974
0.673599969515	0.211500974659	443	461	3	0	328	0.42542153048
0.675258011462	0.20955165692	443	462	3	0	330	0.426908150065
0.676328824327	0.208576998051	443	463	3	0	331	0.427648578811
0.676821521027	0.20955165692	444	463	3	0	331	0.427096774194
0.677601427961	0.210526315789	445	463	3	0	331	0.426546391753
0.677967692731	0.211500974659	446	463	3	0	331	0.425997425997
0.679059078895	0.212475633528	447	463	3	0	331	0.425449871465
0.67906338262	0.210526315789	447	464	3	0	333	0.426923076923
0.679471951102	0.211500974659	448	464	3	0	333	0.426376440461
0.679861412271	0.211500974659	449	464	3	0	333	0.425831202046
0.68026517736	0.210526315789	449	465	3	0	334	0.42656449553
0.680960292896	0.211500974659	450	465	3	0	334	0.426020408163
0.681494324314	0.212475633528	451	465	3	0	334	0.425477707006
0.683874842698	0.210526315789	451	466	3	0	336	0.426937738247
0.684248615932	0.210526315789	451	467	3	0	336	0.426937738247
0.68447625408	0.20955165692	451	468	3	0	337	0.427664974619
0.685030215433	0.210526315789	452	468	3	0	337	0.427122940431
0.685173813681	0.210526315789	452	469	3	0	337	0.427122940431
0.686184478501	0.208576998051	452	470	3	0	339	0.428571428571
0.68779238335	0.20955165692	453	470	3	0	339	0.42803030303
0.688390974287	0.210526315789	454	470	3	0	339	0.427490542245
0.689884048598	0.20955165692	454	471	3	0	340	0.428211586902
