# time 	 divergence 	 # of mutations 	 # IGC chances 	 IGC length 	 # IGC failures 	 Changes due to IGC  	 % change due to IGC 
0.0	0.124744376278	0	0	0	0	0	0.0
0.00038874577155	0.124744376278	0	1	12	0	0	0.0
0.00150581862653	0.126789366053	1	1	12	0	0	0.0
0.00306017074004	0.128834355828	2	1	12	0	0	0.0
0.00419348650204	0.130879345603	3	1	12	0	0	0.0
0.00537677979359	0.132924335378	4	1	12	0	0	0.0
0.00659284254388	0.134969325153	5	1	12	0	0	0.0
0.0072548127661	0.137014314928	6	1	12	0	0	0.0
0.0102320813575	0.139059304703	7	1	12	0	0	0.0
0.0139610326947	0.141104294479	8	1	12	0	0	0.0
0.0144428954076	0.143149284254	9	1	12	0	0	0.0
0.0198118258656	0.145194274029	10	1	12	0	0	0.0
0.0206771933521	0.147239263804	11	1	12	0	0	0.0
0.0223544445489	0.149284253579	12	1	12	0	0	0.0
0.0271881061165	0.151329243354	13	1	12	0	0	0.0
0.0280462058604	0.153374233129	14	1	12	0	0	0.0
0.0321555519167	0.155419222904	15	1	12	0	0	0.0
0.0332800337443	0.157464212679	16	1	12	0	0	0.0
0.0368780067276	0.159509202454	17	1	12	0	0	0.0
0.0373337426428	0.157464212679	18	1	12	0	0	0.0
0.0376085253841	0.159509202454	19	1	12	0	0	0.0
0.0420758465712	0.161554192229	20	1	12	0	0	0.0
0.0463278716327	0.163599182004	21	1	12	0	0	0.0
0.0512201445043	0.165644171779	22	1	12	0	0	0.0
0.0578690101833	0.167689161554	23	1	12	0	0	0.0
