# time 	 divergence 	 # of mutations 	 # IGC chances 	 IGC length 	 # IGC failures 	 Changes due to IGC  	 % change due to IGC 
0.0	0.216129032258	0	0	0	0	0	0.0
0.00116336283958	0.215053763441	1	0	0	0	0	0.0
0.00211719206207	0.216129032258	2	0	0	0	0	0.0
0.00275039189955	0.217204301075	3	0	0	0	0	0.0
0.00541215181614	0.218279569892	4	0	0	0	0	0.0
0.00564932977291	0.217204301075	4	1	3	0	1	0.2
0.00617209001377	0.216129032258	4	2	3	0	2	0.333333333333
0.00637101175063	0.216129032258	4	3	3	0	2	0.333333333333
0.00672278415117	0.217204301075	5	3	3	0	2	0.285714285714
0.0071853745638	0.218279569892	6	3	3	0	2	0.25
0.00724469382515	0.21935483871	7	3	3	0	2	0.222222222222
0.00807039561582	0.218279569892	8	3	3	0	2	0.2
0.00822398297688	0.218279569892	8	4	3	0	2	0.2
0.00929619691054	0.217204301075	8	5	3	0	3	0.272727272727
0.00938806516597	0.215053763441	8	6	3	0	5	0.384615384615
0.00952658882449	0.215053763441	8	7	3	0	5	0.384615384615
0.0101079572758	0.215053763441	8	8	3	0	5	0.384615384615
0.0102252212332	0.216129032258	9	8	3	0	5	0.357142857143
0.0102483629439	0.217204301075	10	8	3	0	5	0.333333333333
0.0106413274013	0.217204301075	10	9	3	0	5	0.333333333333
0.0115577856226	0.218279569892	11	9	3	0	5	0.3125
0.0127984787798	0.216129032258	11	10	3	0	7	0.388888888889
0.0139825034934	0.216129032258	11	11	3	0	7	0.388888888889
0.0141427552506	0.216129032258	11	12	3	0	7	0.388888888889
0.0145898647616	0.215053763441	12	12	3	0	7	0.368421052632
0.0147851458989	0.215053763441	12	13	3	0	7	0.368421052632
0.0172856411306	0.212903225806	12	14	3	0	9	0.428571428571
0.0175595569912	0.212903225806	13	14	3	0	9	0.409090909091
0.018671239546	0.212903225806	13	15	3	0	9	0.409090909091
0.01907003964	0.212903225806	13	16	3	0	9	0.409090909091
0.019293157884	0.211827956989	13	17	3	0	10	0.434782608696
0.0195949048955	0.212903225806	14	17	3	0	10	0.416666666667
0.0202326576447	0.212903225806	14	18	3	0	10	0.416666666667
0.0218890772919	0.213978494624	15	18	3	0	10	0.4
0.0219792523034	0.212903225806	15	19	3	0	11	0.423076923077
0.022113824959	0.213978494624	16	19	3	0	11	0.407407407407
0.0242632469801	0.213978494624	16	20	3	0	11	0.407407407407
0.0242838625847	0.215053763441	17	20	3	0	11	0.392857142857
0.024800852817	0.216129032258	18	20	3	0	11	0.379310344828
0.0249013397702	0.216129032258	18	21	3	0	11	0.379310344828
0.0249292723577	0.216129032258	18	22	3	0	11	0.379310344828
0.025004410227	0.215053763441	19	22	3	0	11	0.366666666667
0.0269318736545	0.215053763441	20	22	3	0	11	0.354838709677
0.0271858369151	0.215053763441	20	23	3	0	11	0.354838709677
0.0275520497282	0.216129032258	21	23	3	0	11	0.34375
0.0276505877582	0.216129032258	21	24	3	0	11	0.34375
0.0281740424545	0.212903225806	21	25	3	0	14	0.4
0.0285164350618	0.212903225806	21	26	3	0	14	0.4
0.0298389974071	0.212903225806	21	27	3	0	14	0.4
0.0306740504998	0.213978494624	22	27	3	0	14	0.388888888889
0.0322501498735	0.211827956989	22	28	3	0	16	0.421052631579
0.0361578136105	0.211827956989	23	28	3	0	16	0.410256410256
0.0373114693389	0.209677419355	23	29	3	0	18	0.439024390244
0.0382409241361	0.209677419355	24	29	3	0	18	0.428571428571
0.0382601405746	0.209677419355	24	30	3	0	18	0.428571428571
0.0389965083338	0.208602150538	24	31	3	0	19	0.441860465116
0.0411634331681	0.208602150538	24	32	3	0	19	0.441860465116
0.0425145569726	0.208602150538	24	33	3	0	19	0.441860465116
0.0437142770299	0.20752688172	24	34	3	0	20	0.454545454545
0.0440899593822	0.208602150538	25	34	3	0	20	0.444444444444
0.0446106362829	0.206451612903	25	35	3	0	22	0.468085106383
0.0456869603591	0.205376344086	25	36	3	0	23	0.479166666667
0.0465679746552	0.206451612903	26	36	3	0	23	0.469387755102
0.0471407379178	0.206451612903	26	37	3	0	23	0.469387755102
0.0484197199088	0.206451612903	26	38	3	0	23	0.469387755102
0.048902931128	0.204301075269	26	39	3	0	25	0.490196078431
0.049251669936	0.204301075269	26	40	3	0	25	0.490196078431
0.0495510007384	0.204301075269	26	41	3	0	25	0.490196078431
0.0501275830156	0.204301075269	26	42	3	0	25	0.490196078431
0.0502082244906	0.204301075269	26	43	3	0	25	0.490196078431
0.0523407707214	0.202150537634	26	44	3	0	27	0.509433962264
0.0542619225057	0.2	26	45	3	0	29	0.527272727273
0.0570532248648	0.2	26	46	3	0	29	0.527272727273
0.0576812533086	0.198924731183	26	47	3	0	30	0.535714285714
0.0589619170045	0.198924731183	26	48	3	0	30	0.535714285714
0.0590333932958	0.2	27	48	3	0	30	0.526315789474
0.0590476513767	0.198924731183	27	49	3	0	31	0.534482758621
0.0591890925991	0.2	28	49	3	0	31	0.525423728814
0.0593487182115	0.198924731183	29	49	3	0	31	0.516666666667
0.0598310919984	0.197849462366	29	50	3	0	32	0.524590163934
0.061126946624	0.198924731183	30	50	3	0	32	0.516129032258
0.0619688444662	0.196774193548	30	51	3	0	34	0.53125
0.0634956448015	0.196774193548	30	52	3	0	34	0.53125
0.0635644806713	0.194623655914	30	53	3	0	36	0.545454545455
0.0643364989752	0.195698924731	31	53	3	0	36	0.537313432836
0.0644682639279	0.196774193548	32	53	3	0	36	0.529411764706
0.0652482390887	0.196774193548	33	53	3	0	36	0.521739130435
0.0654042985161	0.197849462366	34	53	3	0	36	0.514285714286
0.0656955130508	0.197849462366	34	54	3	0	36	0.514285714286
0.0659286931715	0.198924731183	35	54	3	0	36	0.507042253521
0.0659979682727	0.198924731183	35	55	3	0	36	0.507042253521
0.0664494730906	0.2	36	55	3	0	36	0.5
0.0669050826536	0.2	36	56	3	0	36	0.5
0.0678968024358	0.201075268817	37	56	3	0	36	0.493150684932
0.0693436732681	0.2	38	56	3	0	36	0.486486486486
0.0708526891149	0.198924731183	38	57	3	0	37	0.493333333333
0.071715466218	0.2	39	57	3	0	37	0.486842105263
0.0736888828554	0.201075268817	40	57	3	0	37	0.480519480519
0.0741523881891	0.2	40	58	3	0	38	0.487179487179
0.0741997135449	0.2	41	58	3	0	38	0.481012658228
0.0771943902833	0.198924731183	41	59	3	0	39	0.4875
0.0786209626306	0.197849462366	41	60	3	0	40	0.493827160494
0.078713281314	0.195698924731	41	61	3	0	42	0.506024096386
0.079541447628	0.194623655914	41	62	3	0	43	0.511904761905
0.0795518703978	0.194623655914	41	63	3	0	43	0.511904761905
0.0803656198064	0.194623655914	41	64	3	0	43	0.511904761905
0.0825080299339	0.195698924731	42	64	3	0	43	0.505882352941
0.0840244789862	0.19247311828	42	65	3	0	46	0.522727272727
0.0844665389364	0.193548387097	43	65	3	0	46	0.516853932584
0.0846279886363	0.193548387097	44	65	3	0	46	0.511111111111
0.0858963268038	0.193548387097	44	66	3	0	46	0.511111111111
0.0862679123479	0.19247311828	44	67	3	0	47	0.516483516484
0.0876889325122	0.193548387097	45	67	3	0	47	0.510869565217
0.0888667123767	0.193548387097	45	68	3	0	47	0.510869565217
0.0893117554478	0.19247311828	45	69	3	0	48	0.516129032258
0.0900407259002	0.193548387097	46	69	3	0	48	0.510638297872
0.0904586219306	0.193548387097	47	69	3	0	48	0.505263157895
0.0905847380566	0.194623655914	48	69	3	0	48	0.5
0.0913412387909	0.19247311828	48	70	3	0	50	0.510204081633
0.0919166745601	0.19247311828	48	71	3	0	50	0.510204081633
0.0921851396076	0.19247311828	49	71	3	0	50	0.505050505051
0.0927991202984	0.191397849462	49	72	3	0	51	0.51
0.0931485935921	0.19247311828	50	72	3	0	51	0.50495049505
0.0933548950714	0.193548387097	51	72	3	0	51	0.5
0.0964464044168	0.194623655914	52	72	3	0	51	0.495145631068
0.0970341920321	0.195698924731	53	72	3	0	51	0.490384615385
0.0988041135382	0.195698924731	53	73	3	0	51	0.490384615385
0.0996323457868	0.196774193548	54	73	3	0	51	0.485714285714
0.101168809619	0.197849462366	55	73	3	0	51	0.481132075472
0.10129901546	0.197849462366	55	74	3	0	51	0.481132075472
0.101597145059	0.197849462366	55	75	3	0	51	0.481132075472
0.10374579287	0.197849462366	55	76	3	0	51	0.481132075472
0.103820809311	0.198924731183	56	76	3	0	51	0.476635514019
0.103951589978	0.198924731183	56	77	3	0	51	0.476635514019
0.104350804613	0.198924731183	56	78	3	0	51	0.476635514019
0.10471758103	0.197849462366	57	78	3	0	51	0.472222222222
0.104895151135	0.196774193548	58	78	3	0	51	0.467889908257
0.10697371345	0.197849462366	59	78	3	0	51	0.463636363636
0.10929949811	0.195698924731	59	79	3	0	53	0.473214285714
0.109939827925	0.195698924731	59	80	3	0	53	0.473214285714
0.110041186725	0.195698924731	60	80	3	0	53	0.469026548673
0.110626110508	0.196774193548	61	80	3	0	53	0.464912280702
0.111327748751	0.196774193548	62	80	3	0	53	0.460869565217
0.11140894392	0.196774193548	63	80	3	0	53	0.456896551724
0.111541025638	0.194623655914	63	81	3	0	55	0.466101694915
0.112874453228	0.195698924731	64	81	3	0	55	0.46218487395
0.11358403959	0.195698924731	64	82	3	0	55	0.46218487395
0.11505671452	0.196774193548	65	82	3	0	55	0.458333333333
0.115268882263	0.197849462366	66	82	3	0	55	0.454545454545
0.117422839865	0.198924731183	67	82	3	0	55	0.450819672131
0.118084147798	0.2	68	82	3	0	55	0.447154471545
0.11942520834	0.201075268817	69	82	3	0	55	0.443548387097
0.119640359596	0.201075268817	69	83	3	0	55	0.443548387097
0.12004885734	0.2	69	84	3	0	56	0.448
0.121525243811	0.197849462366	69	85	3	0	58	0.456692913386
0.121574513346	0.197849462366	69	86	3	0	58	0.456692913386
0.122137757475	0.198924731183	70	86	3	0	58	0.453125
0.122419555908	0.198924731183	70	87	3	0	58	0.453125
0.123028909198	0.2	71	87	3	0	58	0.449612403101
0.12337803726	0.2	71	88	3	0	58	0.449612403101
0.123610903542	0.198924731183	71	89	3	0	59	0.453846153846
0.123782048254	0.2	72	89	3	0	59	0.450381679389
0.125036251365	0.201075268817	73	89	3	0	59	0.44696969697
0.125052653814	0.202150537634	74	89	3	0	59	0.443609022556
0.125300947611	0.203225806452	75	89	3	0	59	0.440298507463
0.126649770767	0.203225806452	75	90	3	0	59	0.440298507463
0.12787477916	0.204301075269	76	90	3	0	59	0.437037037037
0.128061476672	0.203225806452	77	90	3	0	59	0.433823529412
0.130463650777	0.202150537634	77	91	3	0	60	0.43795620438
0.13186941779	0.202150537634	77	92	3	0	60	0.43795620438
0.133857663974	0.203225806452	78	92	3	0	60	0.434782608696
0.135434628844	0.203225806452	78	93	3	0	60	0.434782608696
0.137182157569	0.204301075269	79	93	3	0	60	0.431654676259
0.14046404835	0.203225806452	79	94	3	0	61	0.435714285714
0.141023481078	0.204301075269	80	94	3	0	61	0.432624113475
0.141800002087	0.202150537634	80	95	3	0	63	0.440559440559
0.142278863312	0.201075268817	80	96	3	0	64	0.444444444444
0.144422823975	0.201075268817	80	97	3	0	64	0.444444444444
0.145830818617	0.198924731183	80	98	3	0	66	0.452054794521
0.146200281316	0.2	81	98	3	0	66	0.448979591837
0.146276995819	0.2	82	98	3	0	66	0.445945945946
0.146398777342	0.2	82	99	3	0	66	0.445945945946
0.146708552126	0.198924731183	82	100	3	0	67	0.44966442953
0.146887729109	0.198924731183	82	101	3	0	67	0.44966442953
0.147948935934	0.2	83	101	3	0	67	0.446666666667
0.14845663927	0.2	84	101	3	0	67	0.443708609272
0.14857371402	0.2	84	102	3	0	67	0.443708609272
0.149240259501	0.201075268817	85	102	3	0	67	0.440789473684
0.150058338734	0.202150537634	86	102	3	0	67	0.437908496732
0.150594948605	0.202150537634	86	103	3	0	67	0.437908496732
0.150604778881	0.202150537634	86	104	3	0	67	0.437908496732
0.1510763629	0.202150537634	86	105	3	0	67	0.437908496732
0.151383121234	0.203225806452	87	105	3	0	67	0.435064935065
0.1515911091	0.203225806452	87	106	3	0	67	0.435064935065
0.151941223691	0.203225806452	88	106	3	0	67	0.432258064516
0.152719122803	0.201075268817	88	107	3	0	69	0.43949044586
0.153741147538	0.202150537634	89	107	3	0	69	0.436708860759
0.154550348474	0.202150537634	89	108	3	0	69	0.436708860759
0.15489746669	0.203225806452	90	108	3	0	69	0.433962264151
0.156616948344	0.201075268817	90	109	3	0	71	0.44099378882
0.15684701044	0.201075268817	90	110	3	0	71	0.44099378882
0.159782406662	0.202150537634	91	110	3	0	71	0.438271604938
0.160007597199	0.203225806452	92	110	3	0	71	0.435582822086
0.162418908092	0.202150537634	93	110	3	0	71	0.432926829268
0.162426898176	0.203225806452	94	110	3	0	71	0.430303030303
0.16285533177	0.202150537634	95	110	3	0	71	0.427710843373
0.163081249934	0.203225806452	96	110	3	0	71	0.425149700599
0.16319002934	0.202150537634	96	111	3	0	72	0.428571428571
0.164507491285	0.202150537634	96	112	3	0	72	0.428571428571
0.165238464149	0.201075268817	97	112	3	0	72	0.426035502959
0.166015975791	0.2	97	113	3	0	73	0.429411764706
0.168058135044	0.2	97	114	3	0	73	0.429411764706
0.168953974815	0.198924731183	97	115	3	0	74	0.432748538012
0.169150740337	0.198924731183	97	116	3	0	74	0.432748538012
0.170595794164	0.2	98	116	3	0	74	0.43023255814
0.172186105899	0.2	99	116	3	0	74	0.42774566474
0.172423567544	0.2	99	117	3	0	74	0.42774566474
0.173010008949	0.2	100	117	3	0	74	0.425287356322
0.174057668447	0.201075268817	101	117	3	0	74	0.422857142857
0.175694845218	0.202150537634	102	117	3	0	74	0.420454545455
0.178804262405	0.201075268817	102	118	3	0	75	0.423728813559
0.179273855347	0.201075268817	103	118	3	0	75	0.421348314607
0.179361031811	0.201075268817	104	118	3	0	75	0.418994413408
0.180620810063	0.202150537634	105	118	3	0	75	0.416666666667
0.181742873081	0.203225806452	106	118	3	0	75	0.414364640884
0.181745931224	0.204301075269	107	118	3	0	75	0.412087912088
0.181974417107	0.202150537634	107	119	3	0	77	0.41847826087
0.182340040498	0.202150537634	107	120	3	0	77	0.41847826087
0.182491560525	0.203225806452	108	120	3	0	77	0.416216216216
0.184597154476	0.204301075269	109	120	3	0	77	0.413978494624
0.184786966119	0.204301075269	110	120	3	0	77	0.411764705882
0.184861534004	0.205376344086	111	120	3	0	77	0.409574468085
0.1873970214	0.205376344086	111	121	3	0	77	0.409574468085
0.188695814226	0.204301075269	111	122	3	0	78	0.412698412698
0.188708880394	0.204301075269	111	123	3	0	78	0.412698412698
0.189102325609	0.205376344086	112	123	3	0	78	0.410526315789
0.189125059018	0.206451612903	113	123	3	0	78	0.408376963351
0.189504715293	0.20752688172	114	123	3	0	78	0.40625
0.189549334289	0.206451612903	114	124	3	0	79	0.40932642487
0.189652199545	0.205376344086	114	125	3	0	80	0.412371134021
0.190414863116	0.204301075269	115	125	3	0	80	0.410256410256
0.190800789222	0.205376344086	116	125	3	0	80	0.408163265306
0.191109143735	0.206451612903	117	125	3	0	80	0.406091370558
0.192055019804	0.205376344086	117	126	3	0	81	0.409090909091
0.192119647673	0.206451612903	118	126	3	0	81	0.407035175879
0.19304886388	0.20752688172	119	126	3	0	81	0.405
0.193061258785	0.206451612903	119	127	3	0	82	0.407960199005
0.193406113285	0.20752688172	120	127	3	0	82	0.405940594059
0.198024944763	0.208602150538	121	127	3	0	82	0.4039408867
0.200046599109	0.208602150538	121	128	3	0	82	0.4039408867
0.200676571406	0.20752688172	121	129	3	0	83	0.406862745098
0.201024512402	0.206451612903	121	130	3	0	84	0.409756097561
0.202172046131	0.205376344086	121	131	3	0	85	0.412621359223
0.202505491841	0.206451612903	122	131	3	0	85	0.410628019324
0.202651200447	0.206451612903	122	132	3	0	85	0.410628019324
0.204063485497	0.206451612903	122	133	3	0	85	0.410628019324
0.204680066308	0.206451612903	122	134	3	0	85	0.410628019324
0.205191265772	0.206451612903	123	134	3	0	85	0.408653846154
0.206170581427	0.206451612903	123	135	3	0	85	0.408653846154
0.208799649034	0.204301075269	123	136	3	0	87	0.414285714286
0.20927474974	0.205376344086	124	136	3	0	87	0.412322274882
0.210788971477	0.204301075269	124	137	3	0	88	0.415094339623
0.212153131658	0.204301075269	124	138	3	0	88	0.415094339623
0.213373695295	0.205376344086	125	138	3	0	88	0.413145539906
0.213969834119	0.205376344086	125	139	3	0	88	0.413145539906
0.214028591679	0.206451612903	126	139	3	0	88	0.411214953271
0.214518913961	0.20752688172	127	139	3	0	88	0.409302325581
0.214820049461	0.206451612903	127	140	3	0	89	0.412037037037
0.217959097455	0.206451612903	127	141	3	0	89	0.412037037037
0.218508621183	0.20752688172	128	141	3	0	89	0.410138248848
0.218973864599	0.20752688172	128	142	3	0	89	0.410138248848
0.220082767681	0.20752688172	128	143	3	0	89	0.410138248848
0.220197327183	0.208602150538	129	143	3	0	89	0.408256880734
0.220704953739	0.208602150538	129	144	3	0	89	0.408256880734
0.221258676008	0.20752688172	129	145	3	0	90	0.41095890411
0.222626496778	0.208602150538	130	145	3	0	90	0.409090909091
0.222705920393	0.20752688172	130	146	3	0	91	0.411764705882
0.223209760358	0.206451612903	130	147	3	0	92	0.414414414414
0.223228644237	0.20752688172	131	147	3	0	92	0.412556053812
0.22364918782	0.208602150538	132	147	3	0	92	0.410714285714
0.224595364746	0.209677419355	133	147	3	0	92	0.408888888889
0.225370340239	0.210752688172	134	147	3	0	92	0.407079646018
0.225475744673	0.211827956989	135	147	3	0	92	0.405286343612
0.226211979585	0.210752688172	135	148	3	0	93	0.407894736842
0.226577993122	0.210752688172	135	149	3	0	93	0.407894736842
0.226938962728	0.210752688172	136	149	3	0	93	0.406113537118
0.226944588833	0.208602150538	136	150	3	0	95	0.411255411255
0.227041036445	0.209677419355	137	150	3	0	95	0.409482758621
0.227492494256	0.210752688172	138	150	3	0	95	0.407725321888
0.228245894226	0.211827956989	139	150	3	0	95	0.405982905983
0.229994422242	0.211827956989	139	151	3	0	95	0.405982905983
0.231505794441	0.209677419355	139	152	3	0	97	0.411016949153
0.234407931695	0.208602150538	139	153	3	0	98	0.413502109705
0.234739694811	0.20752688172	139	154	3	0	99	0.415966386555
0.235297577276	0.20752688172	139	155	3	0	99	0.415966386555
0.236675090498	0.208602150538	140	155	3	0	99	0.414225941423
0.237637535615	0.209677419355	141	155	3	0	99	0.4125
0.237906392983	0.20752688172	141	156	3	0	101	0.417355371901
0.24024029914	0.206451612903	141	157	3	0	102	0.41975308642
0.241372075366	0.206451612903	141	158	3	0	102	0.41975308642
0.24178199292	0.206451612903	141	159	3	0	102	0.41975308642
0.242338017593	0.205376344086	141	160	3	0	103	0.422131147541
0.244796654401	0.205376344086	141	161	3	0	103	0.422131147541
0.245037450803	0.206451612903	142	161	3	0	103	0.420408163265
0.245087626997	0.206451612903	143	161	3	0	103	0.418699186992
0.245758270925	0.206451612903	143	162	3	0	103	0.418699186992
0.246183774421	0.206451612903	143	163	3	0	103	0.418699186992
0.24668345214	0.20752688172	144	163	3	0	103	0.417004048583
0.247009045331	0.206451612903	144	164	3	0	104	0.41935483871
0.247013334161	0.206451612903	144	165	3	0	104	0.41935483871
0.248367890752	0.205376344086	144	166	3	0	105	0.421686746988
0.249176595071	0.204301075269	144	167	3	0	106	0.424
0.250070050915	0.205376344086	145	167	3	0	106	0.422310756972
0.25060993615	0.205376344086	146	167	3	0	106	0.420634920635
0.250709241832	0.204301075269	147	167	3	0	106	0.418972332016
0.250801823167	0.203225806452	147	168	3	0	107	0.42125984252
0.25283506086	0.203225806452	147	169	3	0	107	0.42125984252
0.25526733356	0.203225806452	147	170	3	0	107	0.42125984252
0.255577420327	0.201075268817	147	171	3	0	109	0.42578125
0.255663155684	0.201075268817	147	172	3	0	109	0.42578125
0.257804326705	0.2	147	173	3	0	110	0.428015564202
0.257941784859	0.2	148	173	3	0	110	0.426356589147
0.258379620723	0.2	148	174	3	0	110	0.426356589147
0.258394169638	0.201075268817	149	174	3	0	110	0.42471042471
0.261729597757	0.201075268817	149	175	3	0	110	0.42471042471
0.262483795685	0.2	149	176	3	0	111	0.426923076923
0.264703990675	0.201075268817	150	176	3	0	111	0.425287356322
0.266083018622	0.202150537634	151	176	3	0	111	0.423664122137
0.267112685127	0.2	151	177	3	0	113	0.42803030303
0.268113190927	0.2	151	178	3	0	113	0.42803030303
0.269189811762	0.2	151	179	3	0	113	0.42803030303
0.270074047152	0.201075268817	152	179	3	0	113	0.42641509434
0.270948712269	0.202150537634	153	179	3	0	113	0.424812030075
0.272758216668	0.203225806452	154	179	3	0	113	0.423220973783
0.274365924507	0.202150537634	154	180	3	0	114	0.425373134328
0.277187954055	0.203225806452	155	180	3	0	114	0.423791821561
0.277775897656	0.204301075269	156	180	3	0	114	0.422222222222
0.27796841376	0.203225806452	157	180	3	0	114	0.420664206642
0.279103532086	0.203225806452	157	181	3	0	114	0.420664206642
0.280786486554	0.204301075269	158	181	3	0	114	0.419117647059
0.282222298695	0.205376344086	159	181	3	0	114	0.417582417582
0.282969168926	0.205376344086	159	182	3	0	114	0.417582417582
0.284941283467	0.206451612903	160	182	3	0	114	0.416058394161
0.285399235804	0.206451612903	160	183	3	0	114	0.416058394161
0.285477737478	0.205376344086	161	183	3	0	114	0.414545454545
0.285711607398	0.205376344086	161	184	3	0	114	0.414545454545
0.286576401446	0.204301075269	161	185	3	0	115	0.416666666667
0.287153130435	0.204301075269	161	186	3	0	115	0.416666666667
0.288514242303	0.204301075269	161	187	3	0	115	0.416666666667
0.292375384773	0.204301075269	161	188	3	0	115	0.416666666667
0.29249360257	0.204301075269	161	189	3	0	115	0.416666666667
0.292822929085	0.205376344086	162	189	3	0	115	0.415162454874
0.292971986624	0.204301075269	162	190	3	0	116	0.41726618705
0.293446754752	0.204301075269	163	190	3	0	116	0.415770609319
0.294767584777	0.204301075269	163	191	3	0	116	0.415770609319
0.295169547051	0.204301075269	163	192	3	0	116	0.415770609319
0.295242563687	0.205376344086	164	192	3	0	116	0.414285714286
0.295680988281	0.205376344086	164	193	3	0	116	0.414285714286
0.296404908985	0.206451612903	165	193	3	0	116	0.4128113879
0.296473005515	0.206451612903	165	194	3	0	116	0.4128113879
0.297765554657	0.204301075269	165	195	3	0	118	0.416961130742
0.300217742955	0.203225806452	165	196	3	0	119	0.419014084507
0.304358939747	0.204301075269	166	196	3	0	119	0.417543859649
0.305184316057	0.203225806452	166	197	3	0	120	0.41958041958
0.305304250528	0.204301075269	167	197	3	0	120	0.418118466899
0.306248369598	0.204301075269	168	197	3	0	120	0.416666666667
0.306783443195	0.204301075269	168	198	3	0	120	0.416666666667
0.307170673424	0.204301075269	169	198	3	0	120	0.415224913495
0.307837940648	0.205376344086	170	198	3	0	120	0.413793103448
0.308968899457	0.204301075269	171	198	3	0	120	0.412371134021
0.309235701017	0.204301075269	172	198	3	0	120	0.41095890411
0.310031506134	0.205376344086	173	198	3	0	120	0.409556313993
0.310647354409	0.205376344086	173	199	3	0	120	0.409556313993
0.311157629005	0.206451612903	174	199	3	0	120	0.408163265306
0.311864950271	0.206451612903	174	200	3	0	120	0.408163265306
0.312407894321	0.206451612903	174	201	3	0	120	0.408163265306
0.312680322878	0.20752688172	175	201	3	0	120	0.406779661017
0.313207628061	0.208602150538	176	201	3	0	120	0.405405405405
0.3141810345	0.206451612903	176	202	3	0	122	0.409395973154
0.314601613054	0.206451612903	177	202	3	0	122	0.408026755853
0.315775184323	0.205376344086	178	202	3	0	122	0.406666666667
0.316257736129	0.206451612903	179	202	3	0	122	0.405315614618
0.316525155738	0.20752688172	180	202	3	0	122	0.403973509934
0.31705491889	0.206451612903	180	203	3	0	123	0.405940594059
0.317535376167	0.206451612903	181	203	3	0	123	0.404605263158
0.317680193326	0.206451612903	181	204	3	0	123	0.404605263158
0.318318363351	0.205376344086	182	204	3	0	123	0.403278688525
0.318617941371	0.206451612903	183	204	3	0	123	0.401960784314
0.319360525918	0.206451612903	183	205	3	0	123	0.401960784314
0.319365914971	0.20752688172	184	205	3	0	123	0.400651465798
0.319664857015	0.208602150538	185	205	3	0	123	0.399350649351
0.32253497254	0.208602150538	185	206	3	0	123	0.399350649351
0.323244373903	0.206451612903	185	207	3	0	125	0.403225806452
0.323397097079	0.204301075269	185	208	3	0	127	0.407051282051
0.325296268294	0.205376344086	186	208	3	0	127	0.405750798722
0.326063773822	0.205376344086	186	209	3	0	127	0.405750798722
0.326334225268	0.205376344086	186	210	3	0	127	0.405750798722
0.326800272634	0.205376344086	186	211	3	0	127	0.405750798722
0.327426166752	0.206451612903	187	211	3	0	127	0.404458598726
0.329538353774	0.20752688172	188	211	3	0	127	0.403174603175
0.330944208518	0.208602150538	189	211	3	0	127	0.401898734177
0.331249666121	0.209677419355	190	211	3	0	127	0.400630914826
0.331791935364	0.208602150538	191	211	3	0	127	0.399371069182
0.331904746418	0.206451612903	191	212	3	0	129	0.403125
0.332699619693	0.20752688172	192	212	3	0	129	0.401869158879
0.332955001765	0.208602150538	193	212	3	0	129	0.400621118012
0.335826090986	0.209677419355	194	212	3	0	129	0.399380804954
0.335851174198	0.210752688172	195	212	3	0	129	0.398148148148
0.335875768953	0.210752688172	196	212	3	0	129	0.396923076923
0.336420742965	0.209677419355	196	213	3	0	130	0.398773006135
0.336835626699	0.209677419355	196	214	3	0	130	0.398773006135
0.337107851606	0.208602150538	196	215	3	0	131	0.400611620795
0.337391986401	0.208602150538	196	216	3	0	131	0.400611620795
0.337939341693	0.209677419355	197	216	3	0	131	0.399390243902
0.337969659462	0.210752688172	198	216	3	0	131	0.398176291793
0.338390965626	0.209677419355	198	217	3	0	132	0.4
0.338517420286	0.209677419355	199	217	3	0	132	0.398791540785
0.341461876726	0.210752688172	200	217	3	0	132	0.397590361446
0.34246099659	0.211827956989	201	217	3	0	132	0.396396396396
0.342488770535	0.210752688172	202	217	3	0	132	0.395209580838
0.343934502484	0.211827956989	203	217	3	0	132	0.394029850746
0.344984174006	0.212903225806	204	217	3	0	132	0.392857142857
0.345952918509	0.213978494624	205	217	3	0	132	0.391691394659
0.346837354789	0.213978494624	205	218	3	0	132	0.391691394659
0.347357174541	0.213978494624	205	219	3	0	132	0.391691394659
0.347395426362	0.215053763441	206	219	3	0	132	0.390532544379
0.348856598566	0.215053763441	206	220	3	0	132	0.390532544379
0.350277115036	0.213978494624	206	221	3	0	133	0.392330383481
0.350417103658	0.215053763441	207	221	3	0	133	0.391176470588
0.354149676376	0.213978494624	207	222	3	0	134	0.392961876833
0.354218119134	0.211827956989	207	223	3	0	136	0.396501457726
0.35674142712	0.212903225806	208	223	3	0	136	0.395348837209
0.357683428921	0.213978494624	209	223	3	0	136	0.394202898551
0.358951022359	0.215053763441	210	223	3	0	136	0.393063583815
0.360384755331	0.215053763441	210	224	3	0	136	0.393063583815
0.360954025839	0.215053763441	211	224	3	0	136	0.391930835735
0.361007078378	0.215053763441	211	225	3	0	136	0.391930835735
0.362191369064	0.213978494624	211	226	3	0	137	0.39367816092
0.362777029096	0.215053763441	212	226	3	0	137	0.392550143266
0.36368694931	0.216129032258	213	226	3	0	137	0.391428571429
0.364073433055	0.215053763441	213	227	3	0	138	0.393162393162
0.364610860554	0.213978494624	213	228	3	0	139	0.394886363636
0.364857592859	0.215053763441	214	228	3	0	139	0.393767705382
0.366016525919	0.216129032258	215	228	3	0	139	0.392655367232
0.36857283853	0.215053763441	215	229	3	0	140	0.394366197183
0.368702612168	0.215053763441	215	230	3	0	140	0.394366197183
0.36927131076	0.216129032258	216	230	3	0	140	0.393258426966
0.36940592245	0.216129032258	216	231	3	0	140	0.393258426966
0.369653385203	0.215053763441	216	232	3	0	141	0.394957983193
0.370259983935	0.216129032258	217	232	3	0	141	0.393854748603
0.371459629585	0.217204301075	218	232	3	0	141	0.392757660167
0.372075235369	0.217204301075	218	233	3	0	141	0.392757660167
0.372719193653	0.216129032258	219	233	3	0	141	0.391666666667
0.372989499009	0.216129032258	219	234	3	0	141	0.391666666667
0.373096110385	0.217204301075	220	234	3	0	141	0.390581717452
0.373484350539	0.218279569892	221	234	3	0	141	0.389502762431
0.373612902736	0.21935483871	222	234	3	0	141	0.388429752066
0.37378786282	0.218279569892	222	235	3	0	142	0.39010989011
0.375477221421	0.218279569892	222	236	3	0	142	0.39010989011
0.375921451209	0.217204301075	223	236	3	0	142	0.38904109589
0.37668743462	0.218279569892	224	236	3	0	142	0.387978142077
0.380003951371	0.21935483871	225	236	3	0	142	0.386920980926
0.38137302781	0.21935483871	225	237	3	0	142	0.386920980926
0.382822872863	0.220430107527	226	237	3	0	142	0.385869565217
0.383419999669	0.221505376344	227	237	3	0	142	0.384823848238
0.387848811784	0.221505376344	227	238	3	0	142	0.384823848238
0.38940871468	0.221505376344	227	239	3	0	142	0.384823848238
0.389797667177	0.21935483871	227	240	3	0	144	0.388140161725
0.390284211385	0.218279569892	228	240	3	0	144	0.387096774194
0.391185370959	0.21935483871	229	240	3	0	144	0.386058981233
0.3933982033	0.21935483871	230	240	3	0	144	0.385026737968
0.394422236872	0.220430107527	231	240	3	0	144	0.384
0.395174311575	0.220430107527	231	241	3	0	144	0.384
0.395225346811	0.221505376344	232	241	3	0	144	0.382978723404
0.395585633475	0.220430107527	232	242	3	0	145	0.384615384615
0.39737536776	0.221505376344	233	242	3	0	145	0.383597883598
0.397431946501	0.222580645161	234	242	3	0	145	0.382585751979
0.397699638461	0.222580645161	234	243	3	0	145	0.382585751979
0.397942701201	0.222580645161	234	244	3	0	145	0.382585751979
0.400637808134	0.222580645161	234	245	3	0	145	0.382585751979
0.400645647763	0.223655913978	235	245	3	0	145	0.381578947368
0.401671891685	0.224731182796	236	245	3	0	145	0.380577427822
0.403159342371	0.223655913978	237	245	3	0	145	0.379581151832
0.404077296724	0.222580645161	237	246	3	0	146	0.381201044386
0.406686984667	0.223655913978	238	246	3	0	146	0.380208333333
0.40702942674	0.223655913978	238	247	3	0	146	0.380208333333
0.407209124121	0.224731182796	239	247	3	0	146	0.379220779221
0.407323100369	0.225806451613	240	247	3	0	146	0.378238341969
0.407437519767	0.225806451613	240	248	3	0	146	0.378238341969
0.409484386301	0.22688172043	241	248	3	0	146	0.377260981912
0.410931313785	0.224731182796	241	249	3	0	148	0.380462724936
0.41314782359	0.223655913978	241	250	3	0	149	0.382051282051
0.413368188999	0.222580645161	241	251	3	0	150	0.383631713555
0.413536240732	0.223655913978	242	251	3	0	150	0.382653061224
0.413604269837	0.222580645161	242	252	3	0	151	0.384223918575
0.414228186024	0.222580645161	242	253	3	0	151	0.384223918575
0.415000403202	0.223655913978	243	253	3	0	151	0.383248730964
0.415265946299	0.223655913978	243	254	3	0	151	0.383248730964
0.41563659951	0.223655913978	243	255	3	0	151	0.383248730964
0.415666205887	0.223655913978	243	256	3	0	151	0.383248730964
0.416446838796	0.224731182796	244	256	3	0	151	0.382278481013
0.417045770312	0.225806451613	245	256	3	0	151	0.381313131313
0.418256216727	0.224731182796	246	256	3	0	151	0.380352644836
0.418865108243	0.225806451613	247	256	3	0	151	0.379396984925
0.419152703859	0.224731182796	247	257	3	0	152	0.380952380952
0.42077848609	0.224731182796	248	257	3	0	152	0.38
0.421418910536	0.224731182796	248	258	3	0	152	0.38
0.421482083064	0.224731182796	248	259	3	0	152	0.38
0.421520154946	0.223655913978	249	259	3	0	152	0.379052369077
0.421909476497	0.222580645161	249	260	3	0	153	0.380597014925
0.422737299331	0.222580645161	250	260	3	0	153	0.379652605459
0.423126814494	0.221505376344	250	261	3	0	154	0.381188118812
0.424349599206	0.221505376344	250	262	3	0	154	0.381188118812
0.424800247251	0.221505376344	251	262	3	0	154	0.38024691358
0.425385713991	0.21935483871	251	263	3	0	156	0.383292383292
0.4254005297	0.218279569892	251	264	3	0	157	0.384803921569
0.425565416453	0.218279569892	251	265	3	0	157	0.384803921569
0.42558792636	0.218279569892	251	266	3	0	157	0.384803921569
0.426872272954	0.218279569892	252	266	3	0	157	0.383863080685
0.427910491014	0.217204301075	253	266	3	0	157	0.382926829268
