# time 	 divergence 	 # of mutations 	 # IGC chances 	 IGC length 	 # IGC failures 	 Changes due to IGC  	 % change due to IGC 
0.0	0.465886939571	0	0	0	0	0	0.0
0.00078761934662	0.464912280702	1	0	0	0	0	0.0
0.000874458301974	0.464912280702	2	0	0	0	0	0.0
0.0016219625671	0.464912280702	3	0	0	0	0	0.0
0.00380922690793	0.463937621832	4	0	0	0	0	0.0
0.00401035704027	0.464912280702	5	0	0	0	0	0.0
0.00512260902228	0.463937621832	6	0	0	0	0	0.0
0.00527359544022	0.459064327485	6	1	9	0	5	0.454545454545
0.00648720320551	0.459064327485	7	1	9	0	5	0.416666666667
0.00799398430531	0.460038986355	8	1	9	0	5	0.384615384615
0.0100703222201	0.460038986355	9	1	9	0	5	0.357142857143
0.0104884662974	0.460038986355	10	1	9	0	5	0.333333333333
0.0131869484298	0.461013645224	11	1	9	0	5	0.3125
0.0132921780858	0.461013645224	12	1	9	0	5	0.294117647059
0.0160073736121	0.460038986355	13	1	9	0	5	0.277777777778
0.0175783472266	0.459064327485	14	1	9	0	5	0.263157894737
0.0177222262877	0.460038986355	15	1	9	0	5	0.25
0.0178386423484	0.458089668616	15	2	3	0	7	0.318181818182
0.018197210867	0.458089668616	16	2	3	0	7	0.304347826087
0.0187590100821	0.459064327485	17	2	3	0	7	0.291666666667
0.0188831638484	0.460038986355	18	2	3	0	7	0.28
0.0205491871695	0.460038986355	19	2	3	0	7	0.269230769231
0.0213896731707	0.461013645224	20	2	3	0	7	0.259259259259
0.0224795784773	0.461988304094	21	2	3	0	7	0.25
0.0262841842207	0.461988304094	22	2	3	0	7	0.241379310345
0.0263787816186	0.461988304094	23	2	3	0	7	0.233333333333
0.0289825896587	0.461988304094	24	2	3	0	7	0.225806451613
0.03013094501	0.462962962963	25	2	3	0	7	0.21875
0.0307398128332	0.462962962963	26	2	3	0	7	0.212121212121
0.0354450533296	0.463937621832	27	2	3	0	7	0.205882352941
0.0354637609703	0.464912280702	28	2	3	0	7	0.2
0.0356045506659	0.465886939571	29	2	3	0	7	0.194444444444
0.0372012871191	0.466861598441	30	2	3	0	7	0.189189189189
0.0420256237306	0.46783625731	31	2	3	0	7	0.184210526316
0.0437240437443	0.46783625731	32	2	3	0	7	0.179487179487
0.0438139277391	0.466861598441	33	2	3	0	7	0.175
0.044163285421	0.46783625731	34	2	3	0	7	0.170731707317
0.0476883024985	0.468810916179	35	2	3	0	7	0.166666666667
0.0479327054926	0.469785575049	36	2	3	0	7	0.162790697674
0.0482734180466	0.470760233918	37	2	3	0	7	0.159090909091
0.0485367275789	0.471734892788	38	2	3	0	7	0.155555555556
0.0499349092345	0.470760233918	39	2	3	0	7	0.152173913043
0.0515398546093	0.470760233918	40	2	3	0	7	0.148936170213
0.0528761152812	0.466861598441	40	3	6	0	11	0.21568627451
0.053057896744	0.46783625731	41	3	6	0	11	0.211538461538
0.0533844135547	0.468810916179	42	3	6	0	11	0.207547169811
0.0551538532131	0.469785575049	43	3	6	0	11	0.203703703704
0.0574884540733	0.470760233918	44	3	6	0	11	0.2
0.0591723096674	0.471734892788	45	3	6	0	11	0.196428571429
0.0601417911008	0.471734892788	46	3	6	0	11	0.19298245614
0.0611486025489	0.472709551657	47	3	6	0	11	0.189655172414
0.0617292303339	0.473684210526	48	3	6	0	11	0.186440677966
0.0627481950996	0.46783625731	48	4	15	0	17	0.261538461538
0.0668126307915	0.468810916179	49	4	15	0	17	0.257575757576
0.0674223645646	0.469785575049	50	4	15	0	17	0.253731343284
0.0676848137429	0.470760233918	51	4	15	0	17	0.25
0.0684588216881	0.471734892788	52	4	15	0	17	0.246376811594
0.068714675701	0.471734892788	53	4	15	0	17	0.242857142857
0.0698617413688	0.472709551657	54	4	15	0	17	0.239436619718
0.071888516771	0.473684210526	55	4	15	0	17	0.236111111111
0.0726864613978	0.474658869396	56	4	15	0	17	0.232876712329
0.0739294552113	0.475633528265	57	4	15	0	17	0.22972972973
0.0749803646167	0.476608187135	58	4	15	0	17	0.226666666667
0.0759291272176	0.477582846004	59	4	15	0	17	0.223684210526
0.075942299309	0.478557504873	60	4	15	0	17	0.220779220779
0.0790783068978	0.478557504873	61	4	15	0	17	0.217948717949
0.0792871835353	0.477582846004	62	4	15	0	17	0.215189873418
0.0794225491335	0.476608187135	63	4	15	0	17	0.2125
0.0798144434067	0.476608187135	64	4	15	0	17	0.20987654321
0.0798621068578	0.475633528265	65	4	15	0	17	0.207317073171
0.0804113380114	0.462962962963	65	5	21	0	30	0.315789473684
0.0828766702458	0.463937621832	66	5	21	0	30	0.3125
0.084716052831	0.462962962963	67	5	21	0	30	0.309278350515
0.0858516730108	0.463937621832	68	5	21	0	30	0.30612244898
0.0888290845789	0.464912280702	69	5	21	0	30	0.30303030303
0.0895211726509	0.464912280702	70	5	21	0	30	0.3
0.0898791083774	0.465886939571	71	5	21	0	30	0.29702970297
0.0905809227579	0.466861598441	72	5	21	0	30	0.294117647059
0.0908034759852	0.46783625731	73	5	21	0	30	0.291262135922
0.0910098026022	0.468810916179	74	5	21	0	30	0.288461538462
0.0913865501768	0.469785575049	75	5	21	0	30	0.285714285714
0.0942363757119	0.470760233918	76	5	21	0	30	0.283018867925
0.0972824303653	0.469785575049	77	5	21	0	30	0.280373831776
0.0986007342046	0.468810916179	78	5	21	0	30	0.277777777778
0.0992347413958	0.468810916179	79	5	21	0	30	0.275229357798
0.101684179647	0.469785575049	80	5	21	0	30	0.272727272727
0.10225516412	0.470760233918	81	5	21	0	30	0.27027027027
0.102398882922	0.470760233918	82	5	21	0	30	0.267857142857
0.106420625838	0.470760233918	83	5	21	0	30	0.265486725664
0.107879671393	0.469785575049	84	5	21	0	30	0.263157894737
0.108244397154	0.468810916179	85	5	21	0	30	0.260869565217
0.108475319555	0.468810916179	86	5	21	0	30	0.258620689655
0.109517732107	0.468810916179	87	5	21	0	30	0.25641025641
0.110126072393	0.469785575049	88	5	21	0	30	0.254237288136
0.111977960251	0.470760233918	89	5	21	0	30	0.252100840336
0.112651553036	0.469785575049	90	5	21	0	30	0.25
0.113339186503	0.468810916179	91	5	21	0	30	0.247933884298
0.113883345138	0.469785575049	92	5	21	0	30	0.245901639344
0.115671199636	0.470760233918	93	5	21	0	30	0.243902439024
0.121219870876	0.469785575049	94	5	21	0	30	0.241935483871
0.122672095526	0.470760233918	95	5	21	0	30	0.24
0.123419021458	0.470760233918	95	6	3	0	30	0.24
0.12409679805	0.471734892788	96	6	3	0	30	0.238095238095
0.124339484935	0.466861598441	96	7	9	0	35	0.267175572519
0.127000835665	0.466861598441	97	7	9	0	35	0.265151515152
0.132433993955	0.46783625731	98	7	9	0	35	0.263157894737
0.132456163486	0.466861598441	99	7	9	0	35	0.261194029851
0.132726102421	0.466861598441	100	7	9	0	35	0.259259259259
0.132785254868	0.465886939571	101	7	9	0	35	0.257352941176
0.134130905007	0.464912280702	102	7	9	0	35	0.255474452555
0.13540352527	0.465886939571	103	7	9	0	35	0.253623188406
0.135846036202	0.466861598441	104	7	9	0	35	0.251798561151
0.136671335328	0.46783625731	105	7	9	0	35	0.25
0.13784135144	0.468810916179	106	7	9	0	35	0.248226950355
0.139570594314	0.468810916179	107	7	9	0	35	0.246478873239
0.14061278752	0.468810916179	108	7	9	0	35	0.244755244755
0.141405315217	0.468810916179	109	7	9	0	35	0.243055555556
0.142337988334	0.466861598441	109	8	3	0	37	0.253424657534
0.142582577137	0.46783625731	110	8	3	0	37	0.251700680272
0.14328205282	0.466861598441	111	8	3	0	37	0.25
0.144491805006	0.46783625731	112	8	3	0	37	0.248322147651
0.146572802375	0.468810916179	113	8	3	0	37	0.246666666667
0.149669221775	0.468810916179	114	8	3	0	37	0.245033112583
0.15053914864	0.469785575049	115	8	3	0	37	0.243421052632
0.152292342807	0.469785575049	116	8	3	0	37	0.241830065359
0.155530896807	0.469785575049	117	8	3	0	37	0.24025974026
0.155748953252	0.470760233918	118	8	3	0	37	0.238709677419
0.15632787439	0.470760233918	119	8	3	0	37	0.237179487179
0.158149519033	0.469785575049	120	8	3	0	37	0.235668789809
0.159793560054	0.470760233918	121	8	3	0	37	0.23417721519
0.174560172759	0.469785575049	122	8	3	0	37	0.232704402516
0.175726446072	0.469785575049	123	8	3	0	37	0.23125
0.176208514773	0.469785575049	124	8	3	0	37	0.229813664596
0.176936804092	0.470760233918	125	8	3	0	37	0.228395061728
0.177054630897	0.470760233918	126	8	3	0	37	0.226993865031
0.177378155832	0.471734892788	127	8	3	0	37	0.225609756098
0.180722898786	0.472709551657	128	8	3	0	37	0.224242424242
0.183850969975	0.471734892788	129	8	3	0	37	0.222891566265
0.184280488472	0.471734892788	130	8	3	0	37	0.221556886228
0.185044865171	0.471734892788	131	8	3	0	37	0.220238095238
0.185296308346	0.471734892788	132	8	3	0	37	0.218934911243
0.187098995084	0.471734892788	133	8	3	0	37	0.217647058824
0.18742597867	0.472709551657	134	8	3	0	37	0.216374269006
0.18803003202	0.473684210526	135	8	3	0	37	0.21511627907
0.188656505556	0.474658869396	136	8	3	0	37	0.21387283237
0.19023104175	0.475633528265	137	8	3	0	37	0.212643678161
0.19463031807	0.476608187135	138	8	3	0	37	0.211428571429
0.195405036997	0.477582846004	139	8	3	0	37	0.210227272727
0.196014787242	0.478557504873	140	8	3	0	37	0.209039548023
0.198411674063	0.477582846004	141	8	3	0	37	0.207865168539
0.199503799948	0.478557504873	142	8	3	0	37	0.206703910615
0.205211683087	0.478557504873	143	8	3	0	37	0.205555555556
0.205636760924	0.479532163743	144	8	3	0	37	0.204419889503
0.205684785459	0.480506822612	145	8	3	0	37	0.203296703297
0.205977738124	0.480506822612	146	8	3	0	37	0.20218579235
0.206373999284	0.479532163743	147	8	3	0	37	0.201086956522
0.207664250549	0.479532163743	148	8	3	0	37	0.2
0.208827857568	0.478557504873	149	8	3	0	37	0.198924731183
0.208918427222	0.478557504873	150	8	3	0	37	0.197860962567
0.208928827543	0.479532163743	151	8	3	0	37	0.196808510638
0.210728104207	0.480506822612	152	8	3	0	37	0.195767195767
0.211052074911	0.479532163743	153	8	3	0	37	0.194736842105
0.212838791252	0.480506822612	154	8	3	0	37	0.193717277487
0.214677688536	0.480506822612	155	8	3	0	37	0.192708333333
0.214701241379	0.481481481481	156	8	3	0	37	0.19170984456
0.21474050946	0.482456140351	157	8	3	0	37	0.190721649485
0.215262727801	0.477582846004	157	9	12	0	42	0.211055276382
0.216524925074	0.478557504873	158	9	12	0	42	0.21
0.218687407796	0.479532163743	159	9	12	0	42	0.208955223881
0.218966026272	0.476608187135	159	10	9	0	45	0.220588235294
0.219153653717	0.477582846004	160	10	9	0	45	0.219512195122
0.219999956595	0.477582846004	161	10	9	0	45	0.218446601942
0.221654519065	0.477582846004	162	10	9	0	45	0.217391304348
0.222396018492	0.477582846004	163	10	9	0	45	0.216346153846
0.222943486193	0.476608187135	164	10	9	0	45	0.215311004785
0.22321878621	0.477582846004	165	10	9	0	45	0.214285714286
0.22505192974	0.476608187135	166	10	9	0	45	0.21327014218
0.225862788392	0.475633528265	167	10	9	0	45	0.212264150943
0.226181700995	0.474658869396	168	10	9	0	45	0.211267605634
0.2263202923	0.475633528265	169	10	9	0	45	0.210280373832
0.229449405312	0.474658869396	170	10	9	0	45	0.209302325581
0.232331226892	0.475633528265	171	10	9	0	45	0.208333333333
0.233570140625	0.475633528265	172	10	9	0	45	0.207373271889
0.23696987992	0.476608187135	173	10	9	0	45	0.206422018349
0.239649536731	0.476608187135	174	10	9	0	45	0.205479452055
0.240381448451	0.477582846004	175	10	9	0	45	0.204545454545
0.241659838183	0.478557504873	176	10	9	0	45	0.203619909502
0.24214332718	0.479532163743	177	10	9	0	45	0.202702702703
0.242915643519	0.479532163743	178	10	9	0	45	0.201793721973
0.243360206688	0.480506822612	179	10	9	0	45	0.200892857143
0.2471676148	0.476608187135	179	11	6	0	49	0.214912280702
0.249299556255	0.476608187135	180	11	6	0	49	0.213973799127
0.24977513466	0.477582846004	181	11	6	0	49	0.213043478261
0.25203558741	0.477582846004	182	11	6	0	49	0.212121212121
0.252243156819	0.478557504873	183	11	6	0	49	0.211206896552
0.252486979339	0.478557504873	184	11	6	0	49	0.210300429185
0.25434751267	0.479532163743	185	11	6	0	49	0.209401709402
0.258639142609	0.480506822612	186	11	6	0	49	0.208510638298
0.259272854536	0.481481481481	187	11	6	0	49	0.207627118644
0.260158030188	0.481481481481	188	11	6	0	49	0.206751054852
0.261459002375	0.481481481481	189	11	6	0	49	0.205882352941
0.263821261224	0.482456140351	190	11	6	0	49	0.205020920502
0.265542733156	0.481481481481	191	11	6	0	49	0.204166666667
0.266286464646	0.482456140351	192	11	6	0	49	0.203319502075
0.266616060795	0.48343079922	193	11	6	0	49	0.202479338843
0.269042389863	0.481481481481	193	12	6	0	51	0.209016393443
0.269695367269	0.482456140351	194	12	6	0	51	0.208163265306
0.270546506394	0.482456140351	195	12	6	0	51	0.207317073171
0.271004488612	0.48343079922	196	12	6	0	51	0.206477732794
0.271155252935	0.48440545809	197	12	6	0	51	0.20564516129
0.275052721634	0.48440545809	198	12	6	0	51	0.204819277108
