# time 	 divergence 	 # of mutations 	 # IGC chances 	 IGC length 	 # IGC failures 	 Changes due to IGC  	 % change due to IGC 
0.0	0.170967741935	0	0	0	0	0	0.0
0.00198756526271	0.170967741935	1	0	0	0	0	0.0
0.00273457244646	0.170967741935	2	0	0	0	0	0.0
0.00358750559957	0.172043010753	3	0	0	0	0	0.0
0.00474208483599	0.17311827957	4	0	0	0	0	0.0
0.0077147357982	0.174193548387	5	0	0	0	0	0.0
0.00906363804954	0.172043010753	5	1	6	0	2	0.285714285714
0.0102854302498	0.17311827957	6	1	6	0	2	0.25
0.0103149774875	0.174193548387	7	1	6	0	2	0.222222222222
0.0105661302821	0.175268817204	8	1	6	0	2	0.2
0.0115563828194	0.17311827957	8	2	3	0	4	0.333333333333
0.0120831598273	0.174193548387	9	2	3	0	4	0.307692307692
0.0137661078615	0.175268817204	10	2	3	0	4	0.285714285714
0.0149268986057	0.176344086022	11	2	3	0	4	0.266666666667
0.0152746172435	0.177419354839	12	2	3	0	4	0.25
0.0158725849838	0.178494623656	13	2	3	0	4	0.235294117647
0.0175997675728	0.177419354839	14	2	3	0	4	0.222222222222
0.0183155023656	0.176344086022	14	3	9	0	5	0.263157894737
0.0188118284049	0.175268817204	15	3	9	0	5	0.25
0.0197033135818	0.175268817204	16	3	9	0	5	0.238095238095
0.0200395434386	0.175268817204	17	3	9	0	5	0.227272727273
0.0222370393491	0.172043010753	17	4	12	0	8	0.32
0.0226824537097	0.17311827957	18	4	12	0	8	0.307692307692
0.0251014108031	0.169892473118	18	5	15	0	11	0.379310344828
0.0257340270165	0.170967741935	19	5	15	0	11	0.366666666667
0.0292945149443	0.170967741935	19	6	3	0	11	0.366666666667
0.0299587655634	0.172043010753	20	6	3	0	11	0.354838709677
0.0310590625278	0.17311827957	21	6	3	0	11	0.34375
0.0335830140062	0.174193548387	22	6	3	0	11	0.333333333333
0.0343020148948	0.175268817204	23	6	3	0	11	0.323529411765
0.0361919962177	0.175268817204	23	7	9	0	11	0.323529411765
0.0375654350711	0.175268817204	23	8	3	0	11	0.323529411765
0.0380359707337	0.176344086022	24	8	3	0	11	0.314285714286
0.0381435684847	0.177419354839	25	8	3	0	11	0.305555555556
0.0383205370242	0.178494623656	26	8	3	0	11	0.297297297297
0.0440243538731	0.179569892473	27	8	3	0	11	0.289473684211
0.0445926506552	0.175268817204	27	9	33	0	15	0.357142857143
0.0460330009276	0.176344086022	28	9	33	0	15	0.348837209302
0.0469720382281	0.177419354839	29	9	33	0	15	0.340909090909
0.047099377811	0.178494623656	30	9	33	0	15	0.333333333333
0.0486558650699	0.179569892473	31	9	33	0	15	0.326086956522
0.0487956400887	0.18064516129	32	9	33	0	15	0.31914893617
0.0494473161932	0.181720430108	33	9	33	0	15	0.3125
0.0509711834798	0.18064516129	33	10	3	0	16	0.326530612245
0.0511673732788	0.181720430108	34	10	3	0	16	0.32
0.0518998480346	0.181720430108	34	11	9	0	16	0.32
0.0526025800056	0.182795698925	35	11	9	0	16	0.313725490196
0.053067429362	0.18064516129	35	12	6	0	18	0.339622641509
0.0576821102383	0.181720430108	36	12	6	0	18	0.333333333333
0.0579496902589	0.18064516129	36	13	3	0	19	0.345454545455
0.0588295662174	0.181720430108	37	13	3	0	19	0.339285714286
0.0593179018655	0.18064516129	38	13	3	0	19	0.333333333333
0.0601450419662	0.179569892473	39	13	3	0	19	0.327586206897
0.0603665857227	0.178494623656	39	14	15	0	20	0.338983050847
0.0613368419151	0.179569892473	40	14	15	0	20	0.333333333333
0.0614983465314	0.18064516129	41	14	15	0	20	0.327868852459
0.0630323191033	0.179569892473	42	14	15	0	20	0.322580645161
0.0635894833984	0.18064516129	43	14	15	0	20	0.31746031746
0.06370794449	0.179569892473	43	15	3	0	21	0.328125
0.0638839970768	0.165591397849	43	16	51	0	34	0.441558441558
0.0655591013306	0.165591397849	43	17	3	0	34	0.441558441558
0.0678721913991	0.165591397849	43	18	3	0	34	0.441558441558
0.0680656744664	0.165591397849	44	18	3	0	34	0.435897435897
0.0690879600665	0.165591397849	44	19	3	0	34	0.435897435897
0.0737036985014	0.166666666667	45	19	3	0	34	0.430379746835
0.0747130086321	0.167741935484	46	19	3	0	34	0.425
0.0747968428588	0.168817204301	47	19	3	0	34	0.41975308642
0.0751973110437	0.169892473118	48	19	3	0	34	0.414634146341
0.0756231659974	0.170967741935	49	19	3	0	34	0.409638554217
0.0775336080845	0.172043010753	50	19	3	0	34	0.404761904762
0.0790784725824	0.172043010753	50	20	3	0	34	0.404761904762
0.0791831521005	0.17311827957	51	20	3	0	34	0.4
0.0805746196227	0.17311827957	52	20	3	0	34	0.395348837209
0.082446370116	0.172043010753	53	20	3	0	34	0.390804597701
0.0843073843779	0.17311827957	54	20	3	0	34	0.386363636364
0.0869119195143	0.17311827957	55	20	3	0	34	0.38202247191
0.0870104920649	0.174193548387	56	20	3	0	34	0.377777777778
0.0870190783189	0.174193548387	57	20	3	0	34	0.373626373626
0.0873211413416	0.175268817204	58	20	3	0	34	0.369565217391
0.0885412129148	0.176344086022	59	20	3	0	34	0.365591397849
0.0895553420193	0.177419354839	60	20	3	0	34	0.36170212766
0.089998074828	0.177419354839	61	20	3	0	34	0.357894736842
0.0915811576708	0.178494623656	62	20	3	0	34	0.354166666667
0.0935232301573	0.179569892473	63	20	3	0	34	0.350515463918
0.0941291525187	0.18064516129	64	20	3	0	34	0.34693877551
0.0960006589722	0.181720430108	65	20	3	0	34	0.343434343434
0.0963229447013	0.181720430108	65	21	3	0	34	0.343434343434
0.0996691006939	0.182795698925	66	21	3	0	34	0.34
0.0998265307668	0.182795698925	67	21	3	0	34	0.336633663366
0.100979927713	0.18064516129	67	22	6	0	36	0.349514563107
0.101349122993	0.179569892473	68	22	6	0	36	0.346153846154
0.102612282984	0.179569892473	69	22	6	0	36	0.342857142857
0.104117842045	0.18064516129	70	22	6	0	36	0.339622641509
0.105093701434	0.18064516129	71	22	6	0	36	0.336448598131
0.107316255365	0.175268817204	71	23	12	0	41	0.366071428571
0.108244956632	0.176344086022	72	23	12	0	41	0.362831858407
0.108653564832	0.177419354839	73	23	12	0	41	0.359649122807
0.108998010102	0.176344086022	74	23	12	0	41	0.35652173913
0.109456275242	0.175268817204	75	23	12	0	41	0.353448275862
0.109777552461	0.175268817204	75	24	3	0	41	0.353448275862
0.110677641927	0.176344086022	76	24	3	0	41	0.350427350427
0.114627160143	0.177419354839	77	24	3	0	41	0.347457627119
0.114994220168	0.177419354839	78	24	3	0	41	0.344537815126
0.115604506996	0.177419354839	79	24	3	0	41	0.341666666667
0.115759175935	0.178494623656	80	24	3	0	41	0.338842975207
0.117152970853	0.175268817204	80	25	15	0	44	0.354838709677
0.118355845206	0.174193548387	80	26	6	0	45	0.36
0.12057562933	0.170967741935	80	27	15	0	48	0.375
0.121456672	0.172043010753	81	27	15	0	48	0.372093023256
0.122017880889	0.172043010753	81	28	3	0	48	0.372093023256
0.123906933307	0.172043010753	82	28	3	0	48	0.369230769231
0.125591627643	0.172043010753	83	28	3	0	48	0.36641221374
0.129317599195	0.17311827957	84	28	3	0	48	0.363636363636
0.131752545181	0.170967741935	84	29	6	0	50	0.373134328358
0.133264346305	0.170967741935	84	30	3	0	50	0.373134328358
0.133388553017	0.172043010753	85	30	3	0	50	0.37037037037
0.134600889161	0.172043010753	86	30	3	0	50	0.367647058824
0.139039042524	0.17311827957	87	30	3	0	50	0.36496350365
0.139134731249	0.174193548387	88	30	3	0	50	0.36231884058
0.140331984925	0.175268817204	89	30	3	0	50	0.359712230216
0.141357151725	0.176344086022	90	30	3	0	50	0.357142857143
0.141474000155	0.177419354839	91	30	3	0	50	0.354609929078
0.141813111922	0.176344086022	91	31	9	0	51	0.359154929577
0.141901898266	0.170967741935	91	32	15	0	56	0.380952380952
0.144029788468	0.172043010753	92	32	15	0	56	0.378378378378
0.144230324986	0.17311827957	93	32	15	0	56	0.375838926174
0.145585396258	0.174193548387	94	32	15	0	56	0.373333333333
0.147970650355	0.175268817204	95	32	15	0	56	0.370860927152
0.148049172422	0.176344086022	96	32	15	0	56	0.368421052632
0.148668459252	0.177419354839	97	32	15	0	56	0.366013071895
0.148867113139	0.177419354839	98	32	15	0	56	0.363636363636
0.149973937378	0.178494623656	99	32	15	0	56	0.361290322581
0.150677655602	0.179569892473	100	32	15	0	56	0.358974358974
0.151170397774	0.18064516129	101	32	15	0	56	0.356687898089
0.151683714772	0.181720430108	102	32	15	0	56	0.354430379747
0.152381591859	0.182795698925	103	32	15	0	56	0.352201257862
0.153259753836	0.183870967742	104	32	15	0	56	0.35
0.154474138282	0.184946236559	105	32	15	0	56	0.347826086957
0.156086703413	0.186021505376	106	32	15	0	56	0.345679012346
0.156255556285	0.184946236559	107	32	15	0	56	0.343558282209
0.156519882229	0.184946236559	108	32	15	0	56	0.341463414634
0.156997883913	0.186021505376	109	32	15	0	56	0.339393939394
0.157376412785	0.183870967742	109	33	3	0	58	0.347305389222
0.161016579514	0.184946236559	110	33	3	0	58	0.345238095238
0.161865937093	0.186021505376	111	33	3	0	58	0.343195266272
0.162761714351	0.187096774194	112	33	3	0	58	0.341176470588
0.16381326744	0.188172043011	113	33	3	0	58	0.33918128655
0.163919604568	0.189247311828	114	33	3	0	58	0.337209302326
0.164708702903	0.189247311828	115	33	3	0	58	0.335260115607
0.165435068269	0.190322580645	116	33	3	0	58	0.333333333333
0.166721503502	0.188172043011	116	34	12	0	60	0.340909090909
0.167231281349	0.189247311828	117	34	12	0	60	0.338983050847
0.167403490827	0.188172043011	118	34	12	0	60	0.337078651685
0.168371865441	0.189247311828	119	34	12	0	60	0.335195530726
0.16901766499	0.190322580645	120	34	12	0	60	0.333333333333
0.170635782278	0.189247311828	120	35	3	0	61	0.337016574586
0.171283864299	0.190322580645	121	35	3	0	61	0.335164835165
0.172025626649	0.191397849462	122	35	3	0	61	0.333333333333
0.17253221074	0.19247311828	123	35	3	0	61	0.33152173913
0.173042912534	0.193548387097	124	35	3	0	61	0.32972972973
0.176769988051	0.194623655914	125	35	3	0	61	0.327956989247
0.177614912653	0.188172043011	125	36	30	0	67	0.348958333333
0.178350807564	0.189247311828	126	36	30	0	67	0.347150259067
0.180509152573	0.189247311828	127	36	30	0	67	0.345360824742
0.183338277953	0.190322580645	128	36	30	0	67	0.34358974359
0.185611289628	0.191397849462	129	36	30	0	67	0.341836734694
0.187216967405	0.19247311828	130	36	30	0	67	0.340101522843
0.187508951175	0.193548387097	131	36	30	0	67	0.338383838384
0.188425670822	0.194623655914	132	36	30	0	67	0.336683417085
0.189789380181	0.194623655914	133	36	30	0	67	0.335
0.190462733395	0.195698924731	134	36	30	0	67	0.333333333333
0.190626291555	0.196774193548	135	36	30	0	67	0.331683168317
0.192337694372	0.197849462366	136	36	30	0	67	0.330049261084
0.192579501032	0.198924731183	137	36	30	0	67	0.328431372549
0.193271855909	0.2	138	36	30	0	67	0.326829268293
0.194270272852	0.198924731183	139	36	30	0	67	0.325242718447
0.19555905239	0.2	140	36	30	0	67	0.323671497585
0.195937566543	0.201075268817	141	36	30	0	67	0.322115384615
0.196821866951	0.202150537634	142	36	30	0	67	0.320574162679
0.198973838843	0.202150537634	143	36	30	0	67	0.319047619048
0.202880486205	0.202150537634	144	36	30	0	67	0.317535545024
0.203577142865	0.190322580645	144	37	36	0	78	0.351351351351
0.204997748218	0.191397849462	145	37	36	0	78	0.349775784753
0.206171874453	0.19247311828	146	37	36	0	78	0.348214285714
0.206597523389	0.193548387097	147	37	36	0	78	0.346666666667
0.208091091891	0.193548387097	148	37	36	0	78	0.345132743363
0.210898463356	0.194623655914	149	37	36	0	78	0.343612334802
0.214052784559	0.195698924731	150	37	36	0	78	0.342105263158
0.215793465004	0.196774193548	151	37	36	0	78	0.340611353712
0.216428742349	0.197849462366	152	37	36	0	78	0.339130434783
0.216663469768	0.197849462366	152	38	3	0	78	0.339130434783
0.217677149348	0.198924731183	153	38	3	0	78	0.337662337662
0.2179344838	0.2	154	38	3	0	78	0.336206896552
0.218241199941	0.201075268817	155	38	3	0	78	0.334763948498
0.22182846368	0.202150537634	156	38	3	0	78	0.333333333333
0.222488397465	0.203225806452	157	38	3	0	78	0.331914893617
0.22418711752	0.204301075269	158	38	3	0	78	0.330508474576
0.225447682222	0.204301075269	158	39	6	0	78	0.330508474576
0.225566326148	0.205376344086	159	39	6	0	78	0.329113924051
0.227271797205	0.205376344086	159	40	9	0	78	0.329113924051
0.230005866717	0.206451612903	160	40	9	0	78	0.327731092437
0.230797333252	0.20752688172	161	40	9	0	78	0.326359832636
0.234321639301	0.206451612903	162	40	9	0	78	0.325
0.239734478222	0.202150537634	162	41	12	0	82	0.33606557377
0.243204732545	0.203225806452	163	41	12	0	82	0.334693877551
0.244920794024	0.204301075269	164	41	12	0	82	0.333333333333
0.245060419296	0.201075268817	164	42	3	0	85	0.341365461847
0.245530186293	0.202150537634	165	42	3	0	85	0.34
0.246829637464	0.202150537634	165	43	9	0	85	0.34
0.247942371031	0.202150537634	165	44	6	0	85	0.34
0.248084605727	0.203225806452	166	44	6	0	85	0.338645418327
0.251052942361	0.202150537634	166	45	9	0	86	0.34126984127
0.251429091679	0.202150537634	167	45	9	0	86	0.339920948617
0.252119795626	0.198924731183	167	46	15	0	89	0.34765625
0.252652392104	0.2	168	46	15	0	89	0.346303501946
0.253025153971	0.197849462366	168	47	6	0	91	0.351351351351
0.253788219301	0.198924731183	169	47	6	0	91	0.35
0.25477718499	0.197849462366	170	47	6	0	91	0.348659003831
0.254932880537	0.197849462366	170	48	9	0	91	0.348659003831
0.255467412731	0.197849462366	171	48	9	0	91	0.347328244275
0.256154182943	0.198924731183	172	48	9	0	91	0.346007604563
0.256444809031	0.2	173	48	9	0	91	0.344696969697
0.256813393643	0.201075268817	174	48	9	0	91	0.343396226415
0.260425444513	0.202150537634	175	48	9	0	91	0.342105263158
0.262155709753	0.203225806452	176	48	9	0	91	0.340823970037
0.264536888945	0.204301075269	177	48	9	0	91	0.339552238806
0.266709019708	0.205376344086	178	48	9	0	91	0.338289962825
0.266790304552	0.2	178	49	6	0	96	0.350364963504
0.269312541419	0.201075268817	179	49	6	0	96	0.349090909091
0.269374526902	0.202150537634	180	49	6	0	96	0.347826086957
0.270050678114	0.201075268817	181	49	6	0	96	0.346570397112
0.270665769332	0.202150537634	182	49	6	0	96	0.345323741007
0.270919987208	0.201075268817	183	49	6	0	96	0.344086021505
0.271567571709	0.201075268817	184	49	6	0	96	0.342857142857
0.273106273774	0.202150537634	185	49	6	0	96	0.341637010676
0.273781049046	0.201075268817	186	49	6	0	96	0.340425531915
0.274481129411	0.202150537634	187	49	6	0	96	0.339222614841
0.276812629982	0.2	187	50	6	0	98	0.343859649123
0.277135951024	0.2	188	50	6	0	98	0.342657342657
0.278687529239	0.201075268817	189	50	6	0	98	0.341463414634
0.279952869237	0.202150537634	190	50	6	0	98	0.340277777778
0.280430889135	0.203225806452	191	50	6	0	98	0.339100346021
0.282112112462	0.204301075269	192	50	6	0	98	0.337931034483
0.282975708848	0.205376344086	193	50	6	0	98	0.33676975945
0.284476525259	0.205376344086	193	51	3	0	98	0.33676975945
0.284608233975	0.206451612903	194	51	3	0	98	0.335616438356
0.285070611438	0.20752688172	195	51	3	0	98	0.334470989761
0.289905939768	0.208602150538	196	51	3	0	98	0.333333333333
0.292128234061	0.208602150538	197	51	3	0	98	0.332203389831
0.292308536647	0.209677419355	198	51	3	0	98	0.331081081081
0.293352918378	0.210752688172	199	51	3	0	98	0.329966329966
0.294029008001	0.20752688172	199	52	24	0	101	0.336666666667
0.296025816938	0.208602150538	200	52	24	0	101	0.335548172757
0.296695740949	0.209677419355	201	52	24	0	101	0.334437086093
0.298139028706	0.210752688172	202	52	24	0	101	0.333333333333
0.299852340182	0.209677419355	202	53	3	0	102	0.335526315789
0.300060434014	0.209677419355	203	53	3	0	102	0.334426229508
0.300298757951	0.210752688172	204	53	3	0	102	0.333333333333
0.302685519473	0.209677419355	205	53	3	0	102	0.332247557003
0.305168348741	0.210752688172	206	53	3	0	102	0.331168831169
0.306835724254	0.211827956989	207	53	3	0	102	0.330097087379
0.307423775502	0.212903225806	208	53	3	0	102	0.329032258065
0.307720181359	0.213978494624	209	53	3	0	102	0.327974276527
0.308590964808	0.215053763441	210	53	3	0	102	0.326923076923
0.311584814675	0.216129032258	211	53	3	0	102	0.325878594249
0.311851190737	0.215053763441	212	53	3	0	102	0.324840764331
0.313111249369	0.216129032258	213	53	3	0	102	0.32380952381
0.314404452	0.212903225806	213	54	15	0	105	0.330188679245
0.314593985606	0.212903225806	214	54	15	0	105	0.329153605016
0.315368021468	0.213978494624	215	54	15	0	105	0.328125
0.316370187813	0.215053763441	216	54	15	0	105	0.327102803738
