# time 	 divergence 	 # of mutations 	 # IGC chances 	 IGC length 	 # IGC failures 	 Changes due to IGC  	 % change due to IGC 
0.0	0.17311827957	0	0	0	0	0	0.0
0.00278091454925	0.174193548387	1	0	0	0	0	0.0
0.008266958295	0.141935483871	1	1	93	0	30	0.967741935484
0.0121683555509	0.143010752688	2	1	93	0	30	0.9375
0.012989883345	0.144086021505	3	1	93	0	30	0.909090909091
0.0137587649808	0.143010752688	4	1	93	0	30	0.882352941176
0.0143337795735	0.143010752688	5	1	93	0	30	0.857142857143
0.0206297902672	0.144086021505	6	1	93	0	30	0.833333333333
0.0215985167297	0.145161290323	7	1	93	0	30	0.810810810811
0.0238656229775	0.14623655914	8	1	93	0	30	0.789473684211
0.0243798146528	0.147311827957	9	1	93	0	30	0.769230769231
0.0246800008796	0.148387096774	10	1	93	0	30	0.75
0.0252845427636	0.149462365591	11	1	93	0	30	0.731707317073
0.0263932341927	0.150537634409	12	1	93	0	30	0.714285714286
0.0282855783276	0.151612903226	13	1	93	0	30	0.697674418605
0.0290807606447	0.152688172043	14	1	93	0	30	0.681818181818
0.0307220861705	0.15376344086	15	1	93	0	30	0.666666666667
0.0308066116469	0.154838709677	16	1	93	0	30	0.652173913043
0.0308958798021	0.155913978495	17	1	93	0	30	0.63829787234
0.0314224906106	0.156989247312	18	1	93	0	30	0.625
0.0317004259296	0.158064516129	19	1	93	0	30	0.612244897959
0.0360419459141	0.158064516129	20	1	93	0	30	0.6
0.0378760302524	0.159139784946	21	1	93	0	30	0.588235294118
0.038124119318	0.159139784946	22	1	93	0	30	0.576923076923
0.0385723973479	0.159139784946	23	1	93	0	30	0.566037735849
0.0394673298334	0.159139784946	24	1	93	0	30	0.555555555556
0.0396807996262	0.160215053763	25	1	93	0	30	0.545454545455
0.0402158727221	0.160215053763	26	1	93	0	30	0.535714285714
0.041663492166	0.159139784946	27	1	93	0	30	0.526315789474
0.0420141693406	0.159139784946	28	1	93	0	30	0.51724137931
0.0420613026788	0.160215053763	29	1	93	0	30	0.508474576271
0.0447649270315	0.161290322581	30	1	93	0	30	0.5
0.0448278018629	0.162365591398	31	1	93	0	30	0.491803278689
0.0465404770784	0.161290322581	32	1	93	0	30	0.483870967742
0.0474158797061	0.162365591398	33	1	93	0	30	0.47619047619
0.0482687920739	0.163440860215	34	1	93	0	30	0.46875
0.0508435950108	0.164516129032	35	1	93	0	30	0.461538461538
0.0511509726915	0.165591397849	36	1	93	0	30	0.454545454545
0.0552555807595	0.164516129032	37	1	93	0	30	0.44776119403
0.055369793231	0.165591397849	38	1	93	0	30	0.441176470588
0.0559524260416	0.166666666667	39	1	93	0	30	0.434782608696
0.0569317563142	0.166666666667	40	1	93	0	30	0.428571428571
0.0600357711078	0.167741935484	41	1	93	0	30	0.422535211268
0.0609476314861	0.168817204301	42	1	93	0	30	0.416666666667
0.0611782283061	0.169892473118	43	1	93	0	30	0.41095890411
0.0615587913099	0.170967741935	44	1	93	0	30	0.405405405405
0.0619582009486	0.172043010753	45	1	93	0	30	0.4
0.0623449286125	0.17311827957	46	1	93	0	30	0.394736842105
0.0632776469299	0.174193548387	47	1	93	0	30	0.38961038961
0.0638435391273	0.175268817204	48	1	93	0	30	0.384615384615
0.0644531333893	0.176344086022	49	1	93	0	30	0.379746835443
0.0671662337708	0.177419354839	50	1	93	0	30	0.375
0.0678283816643	0.178494623656	51	1	93	0	30	0.37037037037
0.0678426809515	0.178494623656	52	1	93	0	30	0.365853658537
0.0685409965207	0.179569892473	53	1	93	0	30	0.361445783133
0.0697540463789	0.18064516129	54	1	93	0	30	0.357142857143
0.0706309394191	0.181720430108	55	1	93	0	30	0.352941176471
0.0727131671147	0.182795698925	56	1	93	0	30	0.348837209302
0.0738748654126	0.183870967742	57	1	93	0	30	0.344827586207
0.0739287820212	0.182795698925	58	1	93	0	30	0.340909090909
0.074257168248	0.183870967742	59	1	93	0	30	0.337078651685
0.0752322243232	0.184946236559	60	1	93	0	30	0.333333333333
0.0762536471485	0.186021505376	61	1	93	0	30	0.32967032967
0.0786345765124	0.186021505376	62	1	93	0	30	0.326086956522
0.0794001521974	0.184946236559	63	1	93	0	30	0.322580645161
0.0807169924585	0.186021505376	64	1	93	0	30	0.31914893617
0.0847469170431	0.186021505376	65	1	93	0	30	0.315789473684
0.0847536479458	0.187096774194	66	1	93	0	30	0.3125
0.08827793741	0.188172043011	67	1	93	0	30	0.309278350515
0.0907195950333	0.189247311828	68	1	93	0	30	0.30612244898
0.0961610726095	0.187096774194	68	2	24	0	32	0.32
0.0967433732895	0.188172043011	69	2	24	0	32	0.316831683168
0.0971087242686	0.189247311828	70	2	24	0	32	0.313725490196
0.0972408213228	0.190322580645	71	2	24	0	32	0.31067961165
0.0979241030423	0.191397849462	72	2	24	0	32	0.307692307692
0.0998752202439	0.19247311828	73	2	24	0	32	0.304761904762
0.10134476058	0.193548387097	74	2	24	0	32	0.301886792453
0.102394629194	0.193548387097	75	2	24	0	32	0.299065420561
0.106265708316	0.194623655914	76	2	24	0	32	0.296296296296
0.107456099304	0.195698924731	77	2	24	0	32	0.293577981651
0.109656124754	0.196774193548	78	2	24	0	32	0.290909090909
0.114113584142	0.197849462366	79	2	24	0	32	0.288288288288
0.114990012867	0.196774193548	80	2	24	0	32	0.285714285714
0.115083025854	0.197849462366	81	2	24	0	32	0.283185840708
0.115321951079	0.198924731183	82	2	24	0	32	0.280701754386
0.116128998109	0.198924731183	83	2	24	0	32	0.278260869565
0.116423267049	0.198924731183	84	2	24	0	32	0.275862068966
0.118465448445	0.2	85	2	24	0	32	0.273504273504
0.119114394169	0.2	86	2	24	0	32	0.271186440678
0.121687395793	0.2	87	2	24	0	32	0.268907563025
0.123841816717	0.198924731183	88	2	24	0	32	0.266666666667
0.126285705859	0.2	89	2	24	0	32	0.264462809917
0.129992950585	0.201075268817	90	2	24	0	32	0.262295081967
0.134176880794	0.202150537634	91	2	24	0	32	0.260162601626
0.134271835669	0.203225806452	92	2	24	0	32	0.258064516129
0.135311947487	0.194623655914	92	3	45	0	40	0.30303030303
0.136570132685	0.195698924731	93	3	45	0	40	0.300751879699
0.137014630781	0.196774193548	94	3	45	0	40	0.298507462687
0.137074274937	0.196774193548	95	3	45	0	40	0.296296296296
0.137368176792	0.197849462366	96	3	45	0	40	0.294117647059
0.139322101734	0.198924731183	97	3	45	0	40	0.29197080292
0.140254736498	0.2	98	3	45	0	40	0.289855072464
0.140538123566	0.201075268817	99	3	45	0	40	0.287769784173
0.140697531397	0.202150537634	100	3	45	0	40	0.285714285714
0.140717326593	0.203225806452	101	3	45	0	40	0.283687943262
0.141120120222	0.204301075269	102	3	45	0	40	0.281690140845
0.14789775029	0.202150537634	102	4	15	0	42	0.291666666667
0.14859636163	0.202150537634	103	4	15	0	42	0.289655172414
0.149324530509	0.203225806452	104	4	15	0	42	0.287671232877
0.156172787417	0.204301075269	105	4	15	0	42	0.285714285714
0.156563938971	0.205376344086	106	4	15	0	42	0.283783783784
0.157602402221	0.205376344086	107	4	15	0	42	0.281879194631
0.159002363023	0.206451612903	108	4	15	0	42	0.28
0.159828125755	0.205376344086	109	4	15	0	42	0.278145695364
0.160629638498	0.206451612903	110	4	15	0	42	0.276315789474
0.160666509953	0.20752688172	111	4	15	0	42	0.274509803922
0.160675201485	0.208602150538	112	4	15	0	42	0.272727272727
0.161263961413	0.209677419355	113	4	15	0	42	0.270967741935
0.162287619559	0.209677419355	114	4	15	0	42	0.269230769231
0.163225566971	0.210752688172	115	4	15	0	42	0.267515923567
0.16323366323	0.211827956989	116	4	15	0	42	0.26582278481
0.163371205367	0.212903225806	117	4	15	0	42	0.264150943396
0.164169706196	0.213978494624	118	4	15	0	42	0.2625
0.167151775735	0.215053763441	119	4	15	0	42	0.260869565217
0.169736083462	0.215053763441	120	4	15	0	42	0.259259259259
0.171286801685	0.216129032258	121	4	15	0	42	0.257668711656
0.172407772523	0.217204301075	122	4	15	0	42	0.256097560976
0.173685428884	0.218279569892	123	4	15	0	42	0.254545454545
0.174816408776	0.21935483871	124	4	15	0	42	0.253012048193
0.175022700576	0.220430107527	125	4	15	0	42	0.251497005988
0.175199005218	0.221505376344	126	4	15	0	42	0.25
0.176530768407	0.222580645161	127	4	15	0	42	0.248520710059
0.17708062876	0.221505376344	128	4	15	0	42	0.247058823529
0.177438333022	0.221505376344	129	4	15	0	42	0.245614035088
0.179698089186	0.220430107527	130	4	15	0	42	0.244186046512
0.185843333334	0.221505376344	131	4	15	0	42	0.242774566474
0.187340691562	0.222580645161	132	4	15	0	42	0.241379310345
0.187638491507	0.209677419355	132	5	69	0	54	0.290322580645
0.19087531983	0.210752688172	133	5	69	0	54	0.288770053476
0.191472170935	0.210752688172	134	5	69	0	54	0.287234042553
0.196279759039	0.211827956989	135	5	69	0	54	0.285714285714
0.196657498575	0.212903225806	136	5	69	0	54	0.284210526316
0.197627008911	0.213978494624	137	5	69	0	54	0.282722513089
0.199257995887	0.19247311828	137	6	111	0	74	0.350710900474
0.201505201454	0.19247311828	138	6	111	0	74	0.349056603774
0.201511802109	0.19247311828	139	6	111	0	74	0.347417840376
0.201636551908	0.193548387097	140	6	111	0	74	0.345794392523
0.205801691551	0.194623655914	141	6	111	0	74	0.344186046512
0.207871524615	0.193548387097	142	6	111	0	74	0.342592592593
0.20979640241	0.194623655914	143	6	111	0	74	0.341013824885
0.210016812211	0.195698924731	144	6	111	0	74	0.339449541284
0.210038129837	0.195698924731	145	6	111	0	74	0.337899543379
0.210140049583	0.196774193548	146	6	111	0	74	0.336363636364
0.210494672023	0.195698924731	147	6	111	0	74	0.334841628959
0.210523700874	0.196774193548	148	6	111	0	74	0.333333333333
0.210914276551	0.197849462366	149	6	111	0	74	0.331838565022
0.211389949691	0.19247311828	149	7	36	0	79	0.34649122807
0.211999271976	0.19247311828	150	7	36	0	79	0.344978165939
0.21257358011	0.193548387097	151	7	36	0	79	0.34347826087
0.213017222205	0.194623655914	152	7	36	0	79	0.341991341991
0.213082813438	0.195698924731	153	7	36	0	79	0.340517241379
0.214256275341	0.195698924731	154	7	36	0	79	0.339055793991
0.214867010123	0.196774193548	155	7	36	0	79	0.337606837607
0.215788975349	0.196774193548	156	7	36	0	79	0.336170212766
0.219311072556	0.197849462366	157	7	36	0	79	0.334745762712
0.220553586227	0.198924731183	158	7	36	0	79	0.333333333333
0.221076068506	0.2	159	7	36	0	79	0.331932773109
0.221132824198	0.2	160	7	36	0	79	0.330543933054
0.22271407719	0.201075268817	161	7	36	0	79	0.329166666667
0.223626039463	0.202150537634	162	7	36	0	79	0.327800829876
0.224649245063	0.203225806452	163	7	36	0	79	0.326446280992
0.224790442026	0.202150537634	164	7	36	0	79	0.325102880658
0.224956882161	0.203225806452	165	7	36	0	79	0.323770491803
0.225061507104	0.204301075269	166	7	36	0	79	0.322448979592
0.225349521692	0.205376344086	167	7	36	0	79	0.321138211382
0.229816476721	0.206451612903	168	7	36	0	79	0.31983805668
0.230859770913	0.20752688172	169	7	36	0	79	0.318548387097
0.231592491104	0.208602150538	170	7	36	0	79	0.317269076305
0.23313001722	0.208602150538	171	7	36	0	79	0.316
0.236826362035	0.193548387097	171	8	60	0	93	0.352272727273
0.237848834741	0.194623655914	172	8	60	0	93	0.350943396226
0.23866981407	0.195698924731	173	8	60	0	93	0.34962406015
0.240577588735	0.194623655914	174	8	60	0	93	0.348314606742
0.245173669135	0.195698924731	175	8	60	0	93	0.347014925373
0.245236417332	0.195698924731	176	8	60	0	93	0.345724907063
0.247644326893	0.196774193548	177	8	60	0	93	0.344444444444
0.248950935343	0.197849462366	178	8	60	0	93	0.343173431734
0.249040509075	0.196774193548	179	8	60	0	93	0.341911764706
0.249549011732	0.197849462366	180	8	60	0	93	0.340659340659
0.249927432095	0.198924731183	181	8	60	0	93	0.339416058394
0.253362961536	0.2	182	8	60	0	93	0.338181818182
0.254843929189	0.198924731183	183	8	60	0	93	0.336956521739
0.256228166463	0.2	184	8	60	0	93	0.335740072202
0.256971427255	0.201075268817	185	8	60	0	93	0.334532374101
0.259194843186	0.202150537634	186	8	60	0	93	0.333333333333
0.259924242604	0.202150537634	187	8	60	0	93	0.332142857143
0.260160452379	0.203225806452	188	8	60	0	93	0.330960854093
0.263086557416	0.204301075269	189	8	60	0	93	0.329787234043
0.265924045511	0.204301075269	190	8	60	0	93	0.328621908127
0.266012342752	0.204301075269	191	8	60	0	93	0.327464788732
0.266888319967	0.205376344086	192	8	60	0	93	0.326315789474
0.270715045506	0.206451612903	193	8	60	0	93	0.325174825175
0.271953326879	0.20752688172	194	8	60	0	93	0.324041811847
0.27287435335	0.208602150538	195	8	60	0	93	0.322916666667
0.280309431054	0.202150537634	195	9	45	0	99	0.336734693878
0.281343200399	0.203225806452	196	9	45	0	99	0.335593220339
0.283935109111	0.204301075269	197	9	45	0	99	0.334459459459
0.28470067231	0.204301075269	198	9	45	0	99	0.333333333333
0.285446489955	0.205376344086	199	9	45	0	99	0.332214765101
0.2867037447	0.206451612903	200	9	45	0	99	0.33110367893
0.289753178784	0.20752688172	201	9	45	0	99	0.33
0.289832144352	0.208602150538	202	9	45	0	99	0.328903654485
0.293105758769	0.209677419355	203	9	45	0	99	0.327814569536
0.293132286393	0.210752688172	204	9	45	0	99	0.326732673267
0.29462971414	0.208602150538	204	10	21	0	101	0.331147540984
0.294728029398	0.209677419355	205	10	21	0	101	0.330065359477
0.295278303743	0.209677419355	206	10	21	0	101	0.328990228013
0.297454558446	0.208602150538	207	10	21	0	101	0.327922077922
0.297651685402	0.209677419355	208	10	21	0	101	0.326860841424
0.298175723573	0.208602150538	209	10	21	0	101	0.325806451613
0.301987019694	0.20752688172	210	10	21	0	101	0.324758842444
0.302443038092	0.208602150538	211	10	21	0	101	0.323717948718
0.30417959719	0.208602150538	211	11	3	0	101	0.323717948718
0.304436858471	0.208602150538	212	11	3	0	101	0.32268370607
0.304996437577	0.208602150538	213	11	3	0	101	0.321656050955
0.305030027677	0.209677419355	214	11	3	0	101	0.320634920635
0.305856765562	0.210752688172	215	11	3	0	101	0.319620253165
0.307716463736	0.211827956989	216	11	3	0	101	0.318611987382
0.307937315077	0.212903225806	217	11	3	0	101	0.317610062893
0.308636471053	0.212903225806	218	11	3	0	101	0.316614420063
0.31089987083	0.213978494624	219	11	3	0	101	0.315625
0.313463847441	0.215053763441	220	11	3	0	101	0.314641744548
0.313982252781	0.216129032258	221	11	3	0	101	0.313664596273
0.318015011055	0.217204301075	222	11	3	0	101	0.312693498452
0.322670644929	0.218279569892	223	11	3	0	101	0.311728395062
0.322677788738	0.217204301075	224	11	3	0	101	0.310769230769
0.323625163349	0.218279569892	225	11	3	0	101	0.30981595092
0.325415018461	0.217204301075	226	11	3	0	101	0.308868501529
0.327022286904	0.216129032258	227	11	3	0	101	0.307926829268
0.327429608444	0.216129032258	228	11	3	0	101	0.306990881459
0.328427027908	0.217204301075	229	11	3	0	101	0.306060606061
0.329930884469	0.218279569892	230	11	3	0	101	0.305135951662
0.331865178452	0.21935483871	231	11	3	0	101	0.30421686747
0.333174605341	0.21935483871	232	11	3	0	101	0.303303303303
0.335313873017	0.218279569892	233	11	3	0	101	0.302395209581
0.336280533442	0.21935483871	234	11	3	0	101	0.301492537313
0.337502399068	0.220430107527	235	11	3	0	101	0.300595238095
0.337528513231	0.220430107527	236	11	3	0	101	0.299703264095
0.337640253685	0.221505376344	237	11	3	0	101	0.298816568047
0.337848014073	0.222580645161	238	11	3	0	101	0.297935103245
0.338251434422	0.223655913978	239	11	3	0	101	0.297058823529
0.341569655204	0.223655913978	240	11	3	0	101	0.296187683284
0.343022675305	0.220430107527	240	12	9	0	104	0.302325581395
0.344398024102	0.221505376344	241	12	9	0	104	0.301449275362
0.346324051142	0.222580645161	242	12	9	0	104	0.300578034682
0.348101360274	0.223655913978	243	12	9	0	104	0.299711815562
0.349832978391	0.224731182796	244	12	9	0	104	0.298850574713
0.354384732924	0.225806451613	245	12	9	0	104	0.297994269341
0.356866186051	0.22688172043	246	12	9	0	104	0.297142857143
0.358823409539	0.22688172043	247	12	9	0	104	0.296296296296
0.359249118061	0.227956989247	248	12	9	0	104	0.295454545455
0.360551187485	0.229032258065	249	12	9	0	104	0.294617563739
0.362751210837	0.230107526882	250	12	9	0	104	0.293785310734
0.363418643482	0.231182795699	251	12	9	0	104	0.292957746479
0.367978195521	0.230107526882	252	12	9	0	104	0.292134831461
0.373368760213	0.229032258065	253	12	9	0	104	0.291316526611
0.373728494526	0.229032258065	254	12	9	0	104	0.290502793296
0.373784427584	0.230107526882	255	12	9	0	104	0.289693593315
0.37527026386	0.231182795699	256	12	9	0	104	0.288888888889
0.376613385332	0.232258064516	257	12	9	0	104	0.288088642659
0.376675641674	0.221505376344	257	13	24	0	114	0.307277628032
0.377764043054	0.208602150538	257	14	51	0	126	0.328981723238
0.381898679485	0.209677419355	258	14	51	0	126	0.328125
0.384194118681	0.210752688172	259	14	51	0	126	0.327272727273
0.385356830257	0.210752688172	260	14	51	0	126	0.326424870466
0.388752615214	0.211827956989	261	14	51	0	126	0.325581395349
0.389367735939	0.212903225806	262	14	51	0	126	0.324742268041
0.391364890704	0.211827956989	263	14	51	0	126	0.323907455013
0.392193873666	0.211827956989	264	14	51	0	126	0.323076923077
0.393509405354	0.212903225806	265	14	51	0	126	0.322250639386
0.395137442935	0.213978494624	266	14	51	0	126	0.321428571429
0.395732754737	0.215053763441	267	14	51	0	126	0.320610687023
0.398519086329	0.209677419355	267	15	51	0	131	0.329145728643
0.399008053985	0.209677419355	267	16	12	0	131	0.329145728643
0.40225122482	0.209677419355	268	16	12	0	131	0.328320802005
0.402571504144	0.209677419355	269	16	12	0	131	0.3275
0.404885422136	0.210752688172	270	16	12	0	131	0.326683291771
0.406873942137	0.211827956989	271	16	12	0	131	0.325870646766
0.407056595959	0.212903225806	272	16	12	0	131	0.325062034739
0.408391914791	0.213978494624	273	16	12	0	131	0.324257425743
0.409872081223	0.215053763441	274	16	12	0	131	0.323456790123
0.412081791295	0.216129032258	275	16	12	0	131	0.322660098522
0.412708543588	0.179569892473	275	17	168	0	165	0.375
0.413482096886	0.18064516129	276	17	168	0	165	0.374149659864
0.416116000269	0.181720430108	277	17	168	0	165	0.373303167421
0.416790348212	0.182795698925	278	17	168	0	165	0.372460496614
0.41817912313	0.183870967742	279	17	168	0	165	0.371621621622
0.418478648161	0.184946236559	280	17	168	0	165	0.370786516854
0.419488572245	0.186021505376	281	17	168	0	165	0.369955156951
0.419631710714	0.187096774194	282	17	168	0	165	0.369127516779
0.425127272879	0.188172043011	283	17	168	0	165	0.368303571429
0.427104709941	0.189247311828	284	17	168	0	165	0.367483296214
0.427525360551	0.190322580645	285	17	168	0	165	0.366666666667
0.429757037781	0.191397849462	286	17	168	0	165	0.365853658537
0.429999348472	0.162365591398	286	18	141	0	192	0.401673640167
0.432194076332	0.163440860215	287	18	141	0	192	0.400835073069
0.434358201827	0.164516129032	288	18	141	0	192	0.4
0.438205041038	0.165591397849	289	18	141	0	192	0.399168399168
0.445951506931	0.166666666667	290	18	141	0	192	0.398340248963
0.447711102494	0.167741935484	291	18	141	0	192	0.39751552795
0.44806002918	0.168817204301	292	18	141	0	192	0.396694214876
0.448536409321	0.168817204301	293	18	141	0	192	0.39587628866
0.449341625925	0.169892473118	294	18	141	0	192	0.395061728395
0.450093466048	0.169892473118	295	18	141	0	192	0.394250513347
0.450149262365	0.170967741935	296	18	141	0	192	0.393442622951
0.456159627867	0.172043010753	297	18	141	0	192	0.39263803681
0.459130468819	0.17311827957	298	18	141	0	192	0.391836734694
0.459210364072	0.172043010753	299	18	141	0	192	0.391038696538
0.463313483947	0.172043010753	300	18	141	0	192	0.390243902439
