# time 	 divergence 	 # of mutations 	 # IGC chances 	 IGC length 	 # IGC failures 	 Changes due to IGC  	 % change due to IGC 
0.0	0.264132553606	0	0	0	0	0	0.0
0.00330837243879	0.262183235867	0	1	12	0	2	1.0
0.00445896025864	0.261208576998	0	2	3	0	3	1.0
0.00583383495357	0.262183235867	1	2	3	0	3	0.75
0.00951389096264	0.263157894737	2	2	3	0	3	0.6
0.0099048054799	0.264132553606	3	2	3	0	3	0.5
0.0122155775317	0.263157894737	4	2	3	0	3	0.428571428571
0.0137309652294	0.264132553606	5	2	3	0	3	0.375
0.0138225508146	0.265107212476	6	2	3	0	3	0.333333333333
0.0138281136866	0.266081871345	7	2	3	0	3	0.3
0.0140754351397	0.267056530214	8	2	3	0	3	0.272727272727
0.0188691744863	0.268031189084	9	2	3	0	3	0.25
0.0192919339261	0.269005847953	10	2	3	0	3	0.230769230769
0.0194719533913	0.265107212476	10	3	27	0	7	0.411764705882
0.0202210302593	0.261208576998	10	4	12	0	11	0.52380952381
0.0204793348923	0.260233918129	10	5	3	0	12	0.545454545455
0.0220010847683	0.260233918129	10	6	9	0	12	0.545454545455
0.0230694137291	0.260233918129	11	6	9	0	12	0.521739130435
0.025244696646	0.25828460039	11	7	3	0	14	0.56
0.025569592065	0.259259259259	12	7	3	0	14	0.538461538462
0.0256902754837	0.260233918129	13	7	3	0	14	0.518518518519
0.0286829106747	0.261208576998	14	7	3	0	14	0.5
0.0289027373649	0.262183235867	15	7	3	0	14	0.48275862069
0.0289180316225	0.263157894737	16	7	3	0	14	0.466666666667
0.0290957913896	0.262183235867	17	7	3	0	14	0.451612903226
0.0294751178788	0.25828460039	17	8	12	0	18	0.514285714286
0.0294805642347	0.259259259259	18	8	12	0	18	0.5
0.0297532485936	0.260233918129	19	8	12	0	18	0.486486486486
0.0313653762625	0.261208576998	20	8	12	0	18	0.473684210526
0.0316929624463	0.261208576998	20	9	12	0	18	0.473684210526
0.0323593285023	0.262183235867	21	9	12	0	18	0.461538461538
0.0325365452056	0.262183235867	22	9	12	0	18	0.45
0.0327490546889	0.263157894737	23	9	12	0	18	0.439024390244
0.0385379287514	0.259259259259	23	10	12	0	22	0.488888888889
0.0393827357045	0.260233918129	24	10	12	0	22	0.478260869565
0.0394172899433	0.261208576998	25	10	12	0	22	0.468085106383
0.0396326146952	0.262183235867	26	10	12	0	22	0.458333333333
0.039726549984	0.263157894737	27	10	12	0	22	0.448979591837
0.0398333487936	0.264132553606	28	10	12	0	22	0.44
0.0402726742822	0.263157894737	29	10	12	0	22	0.43137254902
0.0415853640801	0.263157894737	30	10	12	0	22	0.423076923077
0.043002679419	0.264132553606	31	10	12	0	22	0.415094339623
0.0431150040485	0.265107212476	32	10	12	0	22	0.407407407407
0.0431720643314	0.264132553606	33	10	12	0	22	0.4
0.0445147512388	0.265107212476	34	10	12	0	22	0.392857142857
0.0463706167635	0.266081871345	35	10	12	0	22	0.385964912281
0.0473916404057	0.266081871345	36	10	12	0	22	0.379310344828
0.0479863152812	0.267056530214	37	10	12	0	22	0.372881355932
0.0480989058503	0.268031189084	38	10	12	0	22	0.366666666667
0.051251336631	0.269005847953	39	10	12	0	22	0.360655737705
0.0523782359489	0.269980506823	40	10	12	0	22	0.354838709677
0.0525729289877	0.267056530214	40	11	12	0	25	0.384615384615
0.0526027635757	0.266081871345	41	11	12	0	25	0.378787878788
0.0552972643012	0.262183235867	41	12	9	0	29	0.414285714286
0.0558066645563	0.261208576998	41	13	3	0	30	0.422535211268
0.0567427668572	0.261208576998	42	13	3	0	30	0.416666666667
0.0603249897104	0.262183235867	43	13	3	0	30	0.41095890411
0.0631947660089	0.263157894737	44	13	3	0	30	0.405405405405
0.0640274946483	0.260233918129	44	14	15	0	33	0.428571428571
0.0642364363587	0.251461988304	44	15	21	0	42	0.488372093023
0.0645370590213	0.251461988304	44	16	15	0	42	0.488372093023
0.0655731954203	0.252436647173	45	16	15	0	42	0.48275862069
0.0669071255722	0.252436647173	46	16	15	0	42	0.477272727273
0.0671251642394	0.253411306043	47	16	15	0	42	0.47191011236
0.0674754918972	0.253411306043	48	16	15	0	42	0.466666666667
0.0682645889249	0.250487329435	48	17	21	0	45	0.483870967742
0.0683081652471	0.248538011696	48	18	27	0	47	0.494736842105
0.0694509069895	0.249512670565	49	18	27	0	47	0.489583333333
0.0697996425449	0.248538011696	50	18	27	0	47	0.484536082474
0.073642926293	0.249512670565	51	18	27	0	47	0.479591836735
0.0736747077701	0.248538011696	52	18	27	0	47	0.474747474747
0.0762603835529	0.249512670565	53	18	27	0	47	0.47
0.0765458223908	0.250487329435	54	18	27	0	47	0.465346534653
0.0770229579577	0.251461988304	55	18	27	0	47	0.460784313725
0.0789566231446	0.252436647173	56	18	27	0	47	0.456310679612
0.0789777388946	0.253411306043	57	18	27	0	47	0.451923076923
0.0803053265104	0.253411306043	58	18	27	0	47	0.447619047619
0.0813941464986	0.24171539961	58	19	30	0	59	0.504273504274
0.0820800110023	0.24171539961	59	19	30	0	59	0.5
0.0829258328825	0.24269005848	60	19	30	0	59	0.495798319328
0.0834762070863	0.24171539961	61	19	30	0	59	0.491666666667
0.0849136427994	0.24269005848	62	19	30	0	59	0.487603305785
0.0863352899285	0.243664717349	63	19	30	0	59	0.483606557377
0.086680419902	0.240740740741	63	20	6	0	62	0.496
0.0870056643685	0.24171539961	64	20	6	0	62	0.492063492063
0.0880696848719	0.24269005848	65	20	6	0	62	0.488188976378
0.0898927564694	0.243664717349	66	20	6	0	62	0.484375
0.0899830207227	0.243664717349	67	20	6	0	62	0.480620155039
0.0902306760745	0.244639376218	68	20	6	0	62	0.476923076923
0.0929480200527	0.245614035088	69	20	6	0	62	0.473282442748
0.0938304067667	0.244639376218	70	20	6	0	62	0.469696969697
0.0962281074121	0.245614035088	71	20	6	0	62	0.466165413534
0.0974839040977	0.246588693957	72	20	6	0	62	0.462686567164
0.0976561445518	0.245614035088	72	21	3	0	63	0.466666666667
0.0983322990614	0.245614035088	73	21	3	0	63	0.463235294118
0.100250770892	0.234892787524	73	22	27	0	74	0.503401360544
0.101165094773	0.235867446394	74	22	27	0	74	0.5
0.102008867216	0.235867446394	75	22	27	0	74	0.496644295302
0.103002571125	0.236842105263	76	22	27	0	74	0.493333333333
0.10318286836	0.237816764133	77	22	27	0	74	0.490066225166
0.104541924561	0.237816764133	78	22	27	0	74	0.486842105263
0.104649297828	0.234892787524	78	23	6	0	77	0.496774193548
0.108868709047	0.235867446394	79	23	6	0	77	0.49358974359
0.113019748548	0.235867446394	80	23	6	0	77	0.490445859873
0.1146414007	0.236842105263	81	23	6	0	77	0.487341772152
0.118409579407	0.230994152047	81	24	6	0	83	0.506097560976
0.121326892183	0.230994152047	82	24	6	0	83	0.50303030303
0.122725228449	0.231968810916	83	24	6	0	83	0.5
0.125630000149	0.232943469786	84	24	6	0	83	0.497005988024
0.127372904805	0.233918128655	85	24	6	0	83	0.494047619048
0.127534182969	0.232943469786	86	24	6	0	83	0.491124260355
0.128411184678	0.233918128655	87	24	6	0	83	0.488235294118
0.130223868186	0.232943469786	88	24	6	0	83	0.485380116959
0.131229638979	0.232943469786	89	24	6	0	83	0.482558139535
0.131325694494	0.233918128655	90	24	6	0	83	0.479768786127
0.132098402961	0.234892787524	91	24	6	0	83	0.477011494253
0.132127557313	0.235867446394	92	24	6	0	83	0.474285714286
0.132991947735	0.236842105263	93	24	6	0	83	0.471590909091
0.133265398531	0.237816764133	94	24	6	0	83	0.468926553672
0.135524618855	0.238791423002	95	24	6	0	83	0.466292134831
0.13691366187	0.238791423002	96	24	6	0	83	0.463687150838
0.138684206083	0.239766081871	97	24	6	0	83	0.461111111111
0.141093822132	0.239766081871	98	24	6	0	83	0.458563535912
0.141364161466	0.240740740741	99	24	6	0	83	0.456043956044
0.141903494404	0.240740740741	100	24	6	0	83	0.453551912568
0.143977094024	0.24171539961	101	24	6	0	83	0.451086956522
0.14652856359	0.24269005848	102	24	6	0	83	0.448648648649
0.146746129085	0.243664717349	103	24	6	0	83	0.44623655914
0.147584323895	0.244639376218	104	24	6	0	83	0.44385026738
0.149312306901	0.245614035088	105	24	6	0	83	0.441489361702
0.152116949868	0.246588693957	106	24	6	0	83	0.439153439153
0.153364447275	0.247563352827	107	24	6	0	83	0.436842105263
0.154798550013	0.248538011696	108	24	6	0	83	0.434554973822
0.15620477243	0.249512670565	109	24	6	0	83	0.432291666667
0.157195217647	0.248538011696	110	24	6	0	83	0.430051813472
0.157679656096	0.249512670565	111	24	6	0	83	0.427835051546
0.159170018635	0.248538011696	112	24	6	0	83	0.425641025641
0.159219036434	0.247563352827	113	24	6	0	83	0.423469387755
0.160821672479	0.246588693957	113	25	6	0	84	0.426395939086
0.16235075005	0.245614035088	114	25	6	0	84	0.424242424242
0.163352307887	0.246588693957	115	25	6	0	84	0.422110552764
0.165167284101	0.247563352827	116	25	6	0	84	0.42
0.165239646429	0.245614035088	116	26	15	0	86	0.425742574257
0.166255912806	0.245614035088	117	26	15	0	86	0.423645320197
0.166875582699	0.24269005848	117	27	18	0	89	0.432038834951
0.167035732621	0.24269005848	118	27	18	0	89	0.429951690821
0.167100236814	0.24171539961	119	27	18	0	89	0.427884615385
0.16783495615	0.24171539961	120	27	18	0	89	0.425837320574
0.167968240355	0.240740740741	121	27	18	0	89	0.42380952381
0.169394761272	0.24171539961	122	27	18	0	89	0.421800947867
0.170138024171	0.24269005848	123	27	18	0	89	0.419811320755
0.170646304588	0.24269005848	124	27	18	0	89	0.417840375587
0.172222989478	0.24171539961	125	27	18	0	89	0.415887850467
0.174486518113	0.24269005848	126	27	18	0	89	0.413953488372
0.174853227107	0.243664717349	127	27	18	0	89	0.412037037037
0.175797685733	0.243664717349	128	27	18	0	89	0.410138248848
0.178607480885	0.244639376218	129	27	18	0	89	0.408256880734
0.178687230872	0.240740740741	129	28	15	0	93	0.418918918919
0.179448568617	0.239766081871	129	29	6	0	94	0.421524663677
0.180221777364	0.240740740741	130	29	6	0	94	0.419642857143
0.180230327259	0.24171539961	131	29	6	0	94	0.417777777778
0.180535980319	0.24171539961	132	29	6	0	94	0.41592920354
0.180554748706	0.236842105263	132	30	9	0	99	0.428571428571
0.182518467952	0.237816764133	133	30	9	0	99	0.426724137931
0.182660344149	0.237816764133	133	31	6	0	99	0.426724137931
0.182855438567	0.238791423002	134	31	6	0	99	0.424892703863
0.183976972771	0.239766081871	135	31	6	0	99	0.423076923077
0.185097960865	0.238791423002	135	32	9	0	100	0.425531914894
0.185257127128	0.239766081871	136	32	9	0	100	0.423728813559
0.185586254878	0.240740740741	137	32	9	0	100	0.42194092827
0.186841043896	0.24171539961	138	32	9	0	100	0.420168067227
0.18722807751	0.24269005848	139	32	9	0	100	0.418410041841
0.188782990697	0.24269005848	140	32	9	0	100	0.416666666667
0.189046637252	0.243664717349	141	32	9	0	100	0.414937759336
0.189361898593	0.244639376218	142	32	9	0	100	0.413223140496
0.189762346532	0.245614035088	143	32	9	0	100	0.411522633745
0.190092860274	0.245614035088	143	33	6	0	100	0.411522633745
0.192626666987	0.246588693957	144	33	6	0	100	0.409836065574
0.19316802572	0.247563352827	145	33	6	0	100	0.408163265306
0.193299972839	0.248538011696	146	33	6	0	100	0.406504065041
0.193384505929	0.247563352827	146	34	3	0	101	0.408906882591
0.19454011452	0.248538011696	147	34	3	0	101	0.407258064516
0.195836893672	0.249512670565	148	34	3	0	101	0.40562248996
0.196044034469	0.250487329435	149	34	3	0	101	0.404
0.196207623384	0.251461988304	150	34	3	0	101	0.402390438247
0.196399206481	0.252436647173	151	34	3	0	101	0.400793650794
0.196897673903	0.252436647173	152	34	3	0	101	0.399209486166
0.197123309491	0.246588693957	152	35	21	0	107	0.413127413127
0.197230531178	0.246588693957	152	36	3	0	107	0.413127413127
0.197829792475	0.247563352827	153	36	3	0	107	0.411538461538
0.198239152608	0.248538011696	154	36	3	0	107	0.409961685824
0.200470998225	0.249512670565	155	36	3	0	107	0.408396946565
0.202170484527	0.247563352827	155	37	21	0	109	0.412878787879
0.202583123255	0.247563352827	156	37	21	0	109	0.411320754717
0.204010491219	0.248538011696	157	37	21	0	109	0.40977443609
0.204996390616	0.249512670565	158	37	21	0	109	0.408239700375
0.205477076909	0.250487329435	159	37	21	0	109	0.40671641791
0.206020803224	0.251461988304	160	37	21	0	109	0.405204460967
0.209469356199	0.252436647173	161	37	21	0	109	0.403703703704
0.211109903311	0.252436647173	162	37	21	0	109	0.40221402214
0.21172361259	0.251461988304	163	37	21	0	109	0.400735294118
0.211948155026	0.252436647173	164	37	21	0	109	0.399267399267
0.212124350134	0.253411306043	165	37	21	0	109	0.397810218978
0.212498700117	0.254385964912	166	37	21	0	109	0.396363636364
0.213741105387	0.255360623782	167	37	21	0	109	0.394927536232
0.21497502234	0.252436647173	167	38	12	0	112	0.401433691756
0.217584525395	0.253411306043	168	38	12	0	112	0.4
0.217872447197	0.254385964912	169	38	12	0	112	0.398576512456
0.219292722834	0.255360623782	170	38	12	0	112	0.397163120567
0.21958740799	0.256335282651	171	38	12	0	112	0.395759717314
0.220877233186	0.256335282651	171	39	3	0	112	0.395759717314
0.223244293672	0.25730994152	172	39	3	0	112	0.394366197183
0.223454945968	0.25828460039	173	39	3	0	112	0.39298245614
0.223727681162	0.25828460039	174	39	3	0	112	0.391608391608
0.223793290642	0.25730994152	175	39	3	0	112	0.390243902439
0.225192386078	0.25828460039	176	39	3	0	112	0.388888888889
0.225376677527	0.259259259259	177	39	3	0	112	0.387543252595
0.225542707428	0.260233918129	178	39	3	0	112	0.386206896552
0.226029852644	0.253411306043	178	40	21	0	119	0.400673400673
0.226935900976	0.253411306043	179	40	21	0	119	0.39932885906
0.22819875412	0.254385964912	180	40	21	0	119	0.397993311037
0.228252365877	0.255360623782	181	40	21	0	119	0.396666666667
0.228361361338	0.253411306043	181	41	12	0	121	0.400662251656
0.232998049857	0.254385964912	182	41	12	0	121	0.399339933993
0.23454102152	0.255360623782	183	41	12	0	121	0.398026315789
0.236471014659	0.256335282651	184	41	12	0	121	0.396721311475
0.236901045727	0.25730994152	185	41	12	0	121	0.395424836601
0.23757034593	0.25828460039	186	41	12	0	121	0.394136807818
0.240625052702	0.259259259259	187	41	12	0	121	0.392857142857
0.240877590719	0.260233918129	188	41	12	0	121	0.391585760518
0.241430254651	0.260233918129	189	41	12	0	121	0.390322580645
0.242901465682	0.261208576998	190	41	12	0	121	0.389067524116
0.243088994919	0.262183235867	191	41	12	0	121	0.387820512821
0.243432240171	0.263157894737	192	41	12	0	121	0.386581469649
0.245151530263	0.262183235867	193	41	12	0	121	0.385350318471
0.246638321549	0.263157894737	194	41	12	0	121	0.384126984127
0.246937665553	0.264132553606	195	41	12	0	121	0.382911392405
0.250837706216	0.265107212476	196	41	12	0	121	0.381703470032
0.25328031718	0.266081871345	197	41	12	0	121	0.380503144654
0.255336685355	0.266081871345	198	41	12	0	121	0.379310344828
0.256159410538	0.267056530214	199	41	12	0	121	0.378125
0.258215251131	0.268031189084	200	41	12	0	121	0.376947040498
0.259970507336	0.269005847953	201	41	12	0	121	0.375776397516
0.260462570271	0.269980506823	202	41	12	0	121	0.374613003096
0.261172094993	0.270955165692	203	41	12	0	121	0.373456790123
0.262126664831	0.271929824561	204	41	12	0	121	0.372307692308
0.263389178484	0.272904483431	205	41	12	0	121	0.371165644172
0.263554263691	0.272904483431	206	41	12	0	121	0.37003058104
0.264605166588	0.267056530214	206	42	24	0	127	0.381381381381
0.265705404356	0.268031189084	207	42	24	0	127	0.380239520958
0.266457752861	0.269005847953	208	42	24	0	127	0.379104477612
0.269529149538	0.269980506823	209	42	24	0	127	0.377976190476
0.270830747965	0.270955165692	210	42	24	0	127	0.376854599407
0.275138123654	0.269980506823	211	42	24	0	127	0.37573964497
0.275471632354	0.269980506823	212	42	24	0	127	0.374631268437
0.276993011934	0.269005847953	213	42	24	0	127	0.373529411765
0.277819412829	0.269980506823	214	42	24	0	127	0.372434017595
0.278352971702	0.269980506823	215	42	24	0	127	0.37134502924
0.279980872058	0.270955165692	216	42	24	0	127	0.370262390671
0.280904203915	0.271929824561	217	42	24	0	127	0.369186046512
0.282869701542	0.270955165692	218	42	24	0	127	0.368115942029
0.283235519469	0.271929824561	219	42	24	0	127	0.367052023121
0.283399579579	0.272904483431	220	42	24	0	127	0.365994236311
0.287772903064	0.272904483431	221	42	24	0	127	0.364942528736
0.288296700088	0.2738791423	222	42	24	0	127	0.363896848138
0.288375108307	0.27485380117	223	42	24	0	127	0.362857142857
0.288763476277	0.2738791423	224	42	24	0	127	0.361823361823
0.291767970952	0.272904483431	224	43	3	0	128	0.363636363636
0.291948867562	0.2738791423	225	43	3	0	128	0.362606232295
0.293496409894	0.2738791423	225	44	15	0	128	0.362606232295
0.294486049536	0.27485380117	226	44	15	0	128	0.361581920904
0.29622081026	0.27485380117	227	44	15	0	128	0.360563380282
0.297989819136	0.275828460039	228	44	15	0	128	0.359550561798
0.300065275867	0.275828460039	228	45	3	0	128	0.359550561798
0.300211243545	0.275828460039	229	45	3	0	128	0.358543417367
0.300990605749	0.276803118908	230	45	3	0	128	0.357541899441
0.301011138414	0.276803118908	231	45	3	0	128	0.356545961003
0.301473015821	0.277777777778	232	45	3	0	128	0.355555555556
0.301611292657	0.278752436647	233	45	3	0	128	0.354570637119
0.303580359052	0.276803118908	233	46	3	0	130	0.358126721763
0.304566129539	0.277777777778	234	46	3	0	130	0.357142857143
0.30619511357	0.278752436647	235	46	3	0	130	0.356164383562
0.307093896383	0.279727095517	236	46	3	0	130	0.355191256831
0.307227622787	0.275828460039	236	47	27	0	134	0.362162162162
0.308168483197	0.276803118908	237	47	27	0	134	0.361185983827
0.30830454711	0.268031189084	237	48	24	0	143	0.376315789474
0.309244911044	0.269005847953	238	48	24	0	143	0.37532808399
0.31058969318	0.262183235867	238	49	27	0	150	0.386597938144
0.31248541221	0.260233918129	238	50	12	0	152	0.389743589744
0.312487509167	0.261208576998	239	50	12	0	152	0.388746803069
0.314982647979	0.262183235867	240	50	12	0	152	0.387755102041
0.316442284303	0.263157894737	241	50	12	0	152	0.386768447837
0.316895665833	0.264132553606	242	50	12	0	152	0.38578680203
0.318416611842	0.265107212476	243	50	12	0	152	0.384810126582
0.318571408914	0.266081871345	244	50	12	0	152	0.383838383838
0.320255885801	0.267056530214	245	50	12	0	152	0.382871536524
0.323059173529	0.268031189084	246	50	12	0	152	0.381909547739
0.323897698158	0.268031189084	247	50	12	0	152	0.380952380952
0.327008609832	0.269005847953	248	50	12	0	152	0.38
0.327657736809	0.269005847953	248	51	12	0	152	0.38
0.32837765032	0.269980506823	249	51	12	0	152	0.379052369077
0.329042375587	0.269005847953	250	51	12	0	152	0.378109452736
0.330632413734	0.269980506823	251	51	12	0	152	0.377171215881
0.331258483559	0.269980506823	252	51	12	0	152	0.376237623762
0.331612714019	0.267056530214	252	52	9	0	155	0.380835380835
0.33322333079	0.268031189084	253	52	9	0	155	0.379901960784
0.334782946025	0.269005847953	254	52	9	0	155	0.378973105134
0.335297931664	0.269980506823	255	52	9	0	155	0.378048780488
0.337346327993	0.270955165692	256	52	9	0	155	0.377128953771
0.337417464643	0.270955165692	257	52	9	0	155	0.376213592233
0.339096846902	0.271929824561	258	52	9	0	155	0.375302663438
0.339781417041	0.270955165692	259	52	9	0	155	0.374396135266
0.341982888165	0.269980506823	259	53	9	0	156	0.375903614458
0.342856167369	0.269005847953	260	53	9	0	156	0.375
0.34294805628	0.264132553606	260	54	21	0	161	0.38242280285
0.343322889609	0.265107212476	261	54	21	0	161	0.381516587678
0.343794814985	0.266081871345	262	54	21	0	161	0.38061465721
0.347098559863	0.267056530214	263	54	21	0	161	0.379716981132
0.348847943601	0.268031189084	264	54	21	0	161	0.378823529412
0.350346563557	0.269005847953	265	54	21	0	161	0.3779342723
0.351424100575	0.269980506823	266	54	21	0	161	0.377049180328
0.353354197427	0.269980506823	267	54	21	0	161	0.376168224299
0.354724265502	0.261208576998	267	55	24	0	170	0.389016018307
0.355558634017	0.262183235867	268	55	24	0	170	0.388127853881
0.356939579282	0.260233918129	268	56	3	0	172	0.390909090909
0.35946988974	0.261208576998	269	56	3	0	172	0.390022675737
0.360935934415	0.261208576998	270	56	3	0	172	0.389140271493
0.361016298513	0.262183235867	271	56	3	0	172	0.388261851016
0.362466287846	0.263157894737	272	56	3	0	172	0.387387387387
0.364500790712	0.255360623782	272	57	18	0	180	0.398230088496
0.364744170032	0.256335282651	273	57	18	0	180	0.397350993377
0.364842689255	0.256335282651	274	57	18	0	180	0.396475770925
