# time 	 divergence 	 # of mutations 	 # IGC chances 	 IGC length 	 # IGC failures 	 Changes due to IGC  	 % change due to IGC 
0.0	0.24623655914	0	0	0	0	0	0.0
0.00158025755777	0.247311827957	1	0	0	0	0	0.0
0.00218688001719	0.248387096774	2	0	0	0	0	0.0
0.00388799715879	0.247311827957	3	0	0	0	0	0.0
0.00428728716165	0.248387096774	4	0	0	0	0	0.0
0.0075233864038	0.247311827957	5	0	0	0	0	0.0
0.00902924664528	0.248387096774	6	0	0	0	0	0.0
0.010081344691	0.249462365591	7	0	0	0	0	0.0
0.0134637282243	0.250537634409	8	0	0	0	0	0.0
0.0142521969198	0.251612903226	9	0	0	0	0	0.0
0.0153003818385	0.252688172043	10	0	0	0	0	0.0
0.0178570109904	0.25376344086	11	0	0	0	0	0.0
0.0179024991895	0.254838709677	12	0	0	0	0	0.0
0.0190907476856	0.255913978495	13	0	0	0	0	0.0
0.0199039317387	0.256989247312	14	0	0	0	0	0.0
0.020641131497	0.258064516129	15	0	0	0	0	0.0
0.0215449040972	0.247311827957	15	1	15	0	10	0.4
0.0220380579754	0.24623655914	16	1	15	0	10	0.384615384615
0.0232141423118	0.244086021505	16	2	3	0	12	0.428571428571
0.0237029276879	0.245161290323	17	2	3	0	12	0.413793103448
0.0240088870054	0.24623655914	18	2	3	0	12	0.4
0.0245214745372	0.247311827957	19	2	3	0	12	0.387096774194
0.0261949125751	0.24623655914	20	2	3	0	12	0.375
0.0264369856513	0.247311827957	21	2	3	0	12	0.363636363636
0.028079585426	0.248387096774	22	2	3	0	12	0.352941176471
0.0292181282647	0.247311827957	23	2	3	0	12	0.342857142857
0.0292622910971	0.247311827957	23	3	3	0	12	0.342857142857
0.030608488086	0.24623655914	24	3	3	0	12	0.333333333333
0.0308620429861	0.247311827957	25	3	3	0	12	0.324324324324
0.0313606128649	0.247311827957	26	3	3	0	12	0.315789473684
0.0315947385002	0.248387096774	27	3	3	0	12	0.307692307692
0.0342663732782	0.249462365591	28	3	3	0	12	0.3
0.0364740879415	0.250537634409	29	3	3	0	12	0.292682926829
0.0367993665452	0.251612903226	30	3	3	0	12	0.285714285714
0.0370479279881	0.252688172043	31	3	3	0	12	0.279069767442
0.03737239289	0.25376344086	32	3	3	0	12	0.272727272727
0.0379148859233	0.252688172043	33	3	3	0	12	0.266666666667
0.0395206519819	0.25376344086	34	3	3	0	12	0.260869565217
0.0402930924481	0.254838709677	35	3	3	0	12	0.255319148936
0.0405630445085	0.255913978495	36	3	3	0	12	0.25
0.04296970584	0.254838709677	37	3	3	0	12	0.244897959184
0.044623975141	0.252688172043	37	4	9	0	14	0.274509803922
0.045297903057	0.251612903226	38	4	9	0	14	0.269230769231
0.0494627743267	0.250537634409	38	5	9	0	15	0.283018867925
0.0513982746849	0.251612903226	39	5	9	0	15	0.277777777778
0.0521494032634	0.252688172043	40	5	9	0	15	0.272727272727
0.0522373663966	0.25376344086	41	5	9	0	15	0.267857142857
0.0538411398338	0.25376344086	41	6	3	0	15	0.267857142857
0.0538412565163	0.254838709677	42	6	3	0	15	0.263157894737
0.0540907573891	0.25376344086	43	6	3	0	15	0.258620689655
0.0549666775833	0.254838709677	44	6	3	0	15	0.254237288136
0.0577695284129	0.254838709677	45	6	3	0	15	0.25
0.06018276116	0.255913978495	46	6	3	0	15	0.245901639344
0.0607941034011	0.256989247312	47	6	3	0	15	0.241935483871
0.0633248071681	0.258064516129	48	6	3	0	15	0.238095238095
0.0636218447763	0.259139784946	49	6	3	0	15	0.234375
0.066825313875	0.259139784946	49	7	6	0	15	0.234375
0.0736273704695	0.260215053763	50	7	6	0	15	0.230769230769
0.0759575320155	0.259139784946	51	7	6	0	15	0.227272727273
0.076095260763	0.260215053763	52	7	6	0	15	0.223880597015
0.0761925695161	0.260215053763	53	7	6	0	15	0.220588235294
0.0776034722514	0.261290322581	54	7	6	0	15	0.217391304348
0.0801360756438	0.262365591398	55	7	6	0	15	0.214285714286
0.0803752448478	0.263440860215	56	7	6	0	15	0.211267605634
0.0805061976173	0.264516129032	57	7	6	0	15	0.208333333333
0.0815909061017	0.265591397849	58	7	6	0	15	0.205479452055
0.0832597598361	0.264516129032	58	8	3	0	16	0.216216216216
0.083658637067	0.265591397849	59	8	3	0	16	0.213333333333
0.0840131072193	0.266666666667	60	8	3	0	16	0.210526315789
0.0849614644155	0.267741935484	61	8	3	0	16	0.207792207792
0.0892392658198	0.266666666667	61	9	6	0	17	0.217948717949
0.0895125512077	0.267741935484	62	9	6	0	17	0.215189873418
0.0895631106234	0.268817204301	63	9	6	0	17	0.2125
0.0895719406884	0.267741935484	64	9	6	0	17	0.20987654321
0.0917476251825	0.266666666667	64	10	3	0	18	0.219512195122
0.0918079042523	0.265591397849	64	11	6	0	19	0.228915662651
0.0937430633097	0.266666666667	65	11	6	0	19	0.22619047619
0.0942783063641	0.267741935484	66	11	6	0	19	0.223529411765
0.0965776755155	0.266666666667	67	11	6	0	19	0.220930232558
0.0987324422185	0.267741935484	68	11	6	0	19	0.218390804598
0.100997153958	0.268817204301	69	11	6	0	19	0.215909090909
0.101571576474	0.266666666667	69	12	27	0	21	0.233333333333
0.103154197845	0.267741935484	70	12	27	0	21	0.230769230769
0.104502018604	0.265591397849	70	13	3	0	23	0.247311827957
0.106355781595	0.266666666667	71	13	3	0	23	0.244680851064
0.108638100456	0.267741935484	72	13	3	0	23	0.242105263158
0.110358790511	0.266666666667	73	13	3	0	23	0.239583333333
0.110486468448	0.267741935484	74	13	3	0	23	0.237113402062
0.111828450299	0.268817204301	75	13	3	0	23	0.234693877551
0.111887918611	0.269892473118	76	13	3	0	23	0.232323232323
0.112697303291	0.270967741935	77	13	3	0	23	0.23
0.114642665016	0.269892473118	78	13	3	0	23	0.227722772277
0.115752420024	0.269892473118	79	13	3	0	23	0.225490196078
0.116239069865	0.269892473118	79	14	3	0	23	0.225490196078
0.116381060944	0.270967741935	80	14	3	0	23	0.223300970874
0.119946627419	0.272043010753	81	14	3	0	23	0.221153846154
0.120272125065	0.272043010753	82	14	3	0	23	0.219047619048
0.12072507241	0.266666666667	82	15	24	0	28	0.254545454545
0.121876881018	0.267741935484	83	15	24	0	28	0.252252252252
0.122412144766	0.267741935484	83	16	6	0	28	0.252252252252
0.125795773677	0.268817204301	84	16	6	0	28	0.25
0.126009905688	0.269892473118	85	16	6	0	28	0.247787610619
0.128050282332	0.266666666667	85	17	6	0	31	0.26724137931
0.129635084682	0.265591397849	86	17	6	0	31	0.264957264957
0.131040384785	0.266666666667	87	17	6	0	31	0.262711864407
0.132727868285	0.267741935484	88	17	6	0	31	0.260504201681
0.134522760364	0.266666666667	89	17	6	0	31	0.258333333333
0.134823181831	0.254838709677	89	18	66	0	42	0.320610687023
0.136417675921	0.255913978495	90	18	66	0	42	0.318181818182
0.138033431002	0.256989247312	91	18	66	0	42	0.315789473684
0.138197724573	0.258064516129	92	18	66	0	42	0.313432835821
0.13840496526	0.259139784946	93	18	66	0	42	0.311111111111
0.139399769879	0.260215053763	94	18	66	0	42	0.308823529412
0.141051946657	0.261290322581	95	18	66	0	42	0.306569343066
0.141783243828	0.262365591398	96	18	66	0	42	0.304347826087
0.144260952135	0.263440860215	97	18	66	0	42	0.302158273381
0.14429601969	0.263440860215	98	18	66	0	42	0.3
0.144800313342	0.263440860215	99	18	66	0	42	0.297872340426
0.144892457431	0.264516129032	100	18	66	0	42	0.295774647887
0.146042665864	0.263440860215	101	18	66	0	42	0.293706293706
0.150150721575	0.264516129032	102	18	66	0	42	0.291666666667
0.150873538909	0.265591397849	103	18	66	0	42	0.289655172414
0.151229481377	0.266666666667	104	18	66	0	42	0.287671232877
0.152888713065	0.266666666667	105	18	66	0	42	0.285714285714
0.152980837544	0.265591397849	105	19	3	0	43	0.290540540541
0.153082613161	0.265591397849	106	19	3	0	43	0.288590604027
0.153844510895	0.264516129032	107	19	3	0	43	0.286666666667
0.15464272508	0.264516129032	108	19	3	0	43	0.284768211921
0.156097528817	0.265591397849	109	19	3	0	43	0.282894736842
0.156727019372	0.266666666667	110	19	3	0	43	0.281045751634
0.157582512725	0.267741935484	111	19	3	0	43	0.279220779221
0.158458460108	0.268817204301	112	19	3	0	43	0.277419354839
0.160112327036	0.268817204301	113	19	3	0	43	0.275641025641
0.160152258223	0.267741935484	114	19	3	0	43	0.273885350318
0.160295099227	0.268817204301	115	19	3	0	43	0.272151898734
0.160552354695	0.269892473118	116	19	3	0	43	0.270440251572
0.160571870362	0.269892473118	117	19	3	0	43	0.26875
0.161745822574	0.270967741935	118	19	3	0	43	0.267080745342
0.16249740886	0.270967741935	119	19	3	0	43	0.265432098765
0.163232558097	0.272043010753	120	19	3	0	43	0.263803680982
0.163625216862	0.27311827957	121	19	3	0	43	0.262195121951
0.164143458682	0.274193548387	122	19	3	0	43	0.260606060606
0.164328823215	0.27311827957	123	19	3	0	43	0.259036144578
0.167718574715	0.272043010753	123	20	3	0	44	0.263473053892
0.169064374237	0.27311827957	124	20	3	0	44	0.261904761905
0.170469390586	0.274193548387	125	20	3	0	44	0.260355029586
0.171391943558	0.275268817204	126	20	3	0	44	0.258823529412
0.172213146846	0.276344086022	127	20	3	0	44	0.25730994152
0.172945555075	0.277419354839	128	20	3	0	44	0.255813953488
0.174853779925	0.277419354839	129	20	3	0	44	0.254335260116
0.176627497193	0.278494623656	130	20	3	0	44	0.252873563218
0.179326986233	0.279569892473	131	20	3	0	44	0.251428571429
0.179410209034	0.279569892473	131	21	3	0	44	0.251428571429
0.182924182909	0.278494623656	132	21	3	0	44	0.25
0.187132940699	0.278494623656	133	21	3	0	44	0.248587570621
0.187551197136	0.279569892473	134	21	3	0	44	0.247191011236
0.188949972016	0.28064516129	135	21	3	0	44	0.245810055866
0.191004406544	0.28064516129	135	22	3	0	44	0.245810055866
0.191252531691	0.281720430108	136	22	3	0	44	0.244444444444
0.193273664597	0.282795698925	137	22	3	0	44	0.243093922652
0.195116668146	0.283870967742	138	22	3	0	44	0.241758241758
0.195648408132	0.284946236559	139	22	3	0	44	0.24043715847
0.197098365227	0.286021505376	140	22	3	0	44	0.239130434783
0.197958384318	0.281720430108	140	23	9	0	48	0.255319148936
0.198155034134	0.28064516129	141	23	9	0	48	0.253968253968
0.20018917726	0.275268817204	141	24	12	0	53	0.273195876289
0.204056324001	0.276344086022	142	24	12	0	53	0.271794871795
0.204389723621	0.277419354839	143	24	12	0	53	0.270408163265
0.205015754193	0.278494623656	144	24	12	0	53	0.269035532995
0.205857011615	0.279569892473	145	24	12	0	53	0.267676767677
0.20809781674	0.28064516129	146	24	12	0	53	0.266331658291
0.209226819355	0.281720430108	147	24	12	0	53	0.265
0.209300841201	0.281720430108	148	24	12	0	53	0.26368159204
0.210307334178	0.281720430108	148	25	12	0	53	0.26368159204
0.212180947123	0.282795698925	149	25	12	0	53	0.262376237624
0.214365700668	0.281720430108	150	25	12	0	53	0.261083743842
0.217371637495	0.275268817204	150	26	12	0	59	0.282296650718
0.218954033812	0.276344086022	151	26	12	0	59	0.280952380952
0.22006370558	0.277419354839	152	26	12	0	59	0.279620853081
0.221172557152	0.278494623656	153	26	12	0	59	0.278301886792
0.22237493463	0.277419354839	154	26	12	0	59	0.276995305164
0.223203731289	0.277419354839	155	26	12	0	59	0.275700934579
0.226461339511	0.278494623656	156	26	12	0	59	0.274418604651
0.226681255737	0.276344086022	156	27	15	0	61	0.281105990783
0.228689714342	0.276344086022	157	27	15	0	61	0.279816513761
0.229315070824	0.276344086022	158	27	15	0	61	0.278538812785
0.229391272625	0.275268817204	159	27	15	0	61	0.277272727273
0.230404769376	0.276344086022	160	27	15	0	61	0.276018099548
0.232000137159	0.276344086022	161	27	15	0	61	0.274774774775
0.232458173882	0.275268817204	162	27	15	0	61	0.273542600897
0.232856806125	0.276344086022	163	27	15	0	61	0.272321428571
0.235716837322	0.270967741935	163	28	12	0	66	0.288209606987
0.23581008893	0.270967741935	164	28	12	0	66	0.286956521739
0.23689977421	0.272043010753	165	28	12	0	66	0.285714285714
0.237010055027	0.27311827957	166	28	12	0	66	0.284482758621
0.238293978082	0.274193548387	167	28	12	0	66	0.283261802575
0.238875684876	0.274193548387	168	28	12	0	66	0.282051282051
0.23890705346	0.274193548387	169	28	12	0	66	0.28085106383
0.239125379951	0.275268817204	170	28	12	0	66	0.279661016949
0.24155263087	0.270967741935	170	29	9	0	70	0.291666666667
0.2438999584	0.270967741935	171	29	9	0	70	0.290456431535
0.245788313665	0.272043010753	172	29	9	0	70	0.289256198347
0.246371301558	0.272043010753	173	29	9	0	70	0.288065843621
0.246541608774	0.27311827957	174	29	9	0	70	0.286885245902
0.246635106808	0.274193548387	175	29	9	0	70	0.285714285714
0.248017758038	0.275268817204	176	29	9	0	70	0.284552845528
0.248408221967	0.275268817204	177	29	9	0	70	0.283400809717
0.249328283487	0.274193548387	178	29	9	0	70	0.282258064516
0.251333349316	0.275268817204	179	29	9	0	70	0.281124497992
0.253167831066	0.269892473118	179	30	27	0	75	0.295275590551
0.257371853115	0.269892473118	180	30	27	0	75	0.294117647059
0.257776590565	0.267741935484	180	31	12	0	77	0.299610894942
0.257888770141	0.268817204301	181	31	12	0	77	0.298449612403
0.25919022574	0.268817204301	182	31	12	0	77	0.297297297297
0.259948215017	0.269892473118	183	31	12	0	77	0.296153846154
0.260364541056	0.270967741935	184	31	12	0	77	0.295019157088
0.260967081137	0.269892473118	185	31	12	0	77	0.293893129771
0.262273525131	0.270967741935	186	31	12	0	77	0.292775665399
0.263169594256	0.272043010753	187	31	12	0	77	0.291666666667
0.263495037711	0.272043010753	188	31	12	0	77	0.290566037736
0.263920368714	0.27311827957	189	31	12	0	77	0.289473684211
0.264446285688	0.272043010753	189	32	24	0	78	0.292134831461
0.264899274571	0.27311827957	190	32	24	0	78	0.291044776119
0.264935562412	0.27311827957	191	32	24	0	78	0.289962825279
0.267308304413	0.27311827957	192	32	24	0	78	0.288888888889
0.267883486492	0.269892473118	192	33	9	0	81	0.296703296703
0.268021613045	0.268817204301	193	33	9	0	81	0.295620437956
0.2682924372	0.269892473118	194	33	9	0	81	0.294545454545
0.268406737194	0.270967741935	195	33	9	0	81	0.29347826087
0.26865411421	0.269892473118	196	33	9	0	81	0.292418772563
0.269672536383	0.269892473118	196	34	3	0	81	0.292418772563
0.271154505443	0.270967741935	197	34	3	0	81	0.291366906475
0.27258775051	0.270967741935	198	34	3	0	81	0.290322580645
0.274523995521	0.269892473118	199	34	3	0	81	0.289285714286
0.276260781859	0.270967741935	200	34	3	0	81	0.288256227758
0.276775725629	0.272043010753	201	34	3	0	81	0.287234042553
0.278235598108	0.27311827957	202	34	3	0	81	0.286219081272
0.279386349285	0.274193548387	203	34	3	0	81	0.285211267606
0.280350633096	0.275268817204	204	34	3	0	81	0.284210526316
0.284438195265	0.276344086022	205	34	3	0	81	0.283216783217
0.290566027964	0.276344086022	206	34	3	0	81	0.282229965157
0.291243060084	0.276344086022	207	34	3	0	81	0.28125
0.294677766705	0.277419354839	208	34	3	0	81	0.280276816609
0.295655194235	0.278494623656	209	34	3	0	81	0.279310344828
0.297620047448	0.279569892473	210	34	3	0	81	0.278350515464
0.298734686195	0.278494623656	210	35	9	0	82	0.280821917808
0.299427314819	0.278494623656	211	35	9	0	82	0.279863481229
0.299505264276	0.279569892473	212	35	9	0	82	0.278911564626
0.302230449181	0.279569892473	213	35	9	0	82	0.277966101695
0.305743298205	0.279569892473	214	35	9	0	82	0.277027027027
0.311425726962	0.278494623656	215	35	9	0	82	0.276094276094
0.312460121329	0.278494623656	216	35	9	0	82	0.275167785235
0.313235080225	0.279569892473	217	35	9	0	82	0.274247491639
