# time 	 divergence 	 # of mutations 	 # IGC chances 	 IGC length 	 # IGC failures 	 Changes due to IGC  	 % change due to IGC 
0.0	0.0235042735043	0	0	0	0	0	0.0
0.000174221627318	0.0235042735043	0	1	3	0	0	0.0
0.000870880151416	0.0235042735043	0	2	3	0	0	0.0
0.000946884395061	0.0235042735043	0	3	3	0	0	0.0
0.0012254647727	0.0235042735043	0	4	3	0	0	0.0
0.00130476677526	0.0235042735043	0	5	3	0	0	0.0
0.00156722380365	0.025641025641	1	5	3	0	0	0.0
0.00195359039418	0.0277777777778	2	5	3	0	0	0.0
0.00195540318494	0.0277777777778	2	6	3	0	0	0.0
0.0020057167444	0.0277777777778	2	7	3	0	0	0.0
0.00221837126378	0.025641025641	2	8	3	0	1	0.333333333333
0.00258328573174	0.025641025641	2	9	3	0	1	0.333333333333
0.00282042870345	0.025641025641	2	10	3	0	1	0.333333333333
0.00312784226158	0.025641025641	2	11	3	0	1	0.333333333333
0.0031760026614	0.025641025641	2	12	3	0	1	0.333333333333
0.00341289050029	0.0235042735043	2	13	3	0	2	0.5
0.00360132129858	0.0235042735043	2	14	3	0	2	0.5
0.0036868661663	0.0235042735043	2	15	3	0	2	0.5
0.00406956676855	0.0213675213675	2	16	3	0	3	0.6
0.00413823696017	0.0213675213675	2	17	3	0	3	0.6
0.00434254672019	0.0213675213675	2	18	3	0	3	0.6
0.00478945765453	0.0213675213675	2	19	3	0	3	0.6
0.00511245782521	0.0213675213675	2	20	3	0	3	0.6
0.00542767472021	0.0235042735043	3	20	3	0	3	0.5
0.00652048420181	0.0235042735043	3	21	3	0	3	0.5
0.00678192403389	0.0235042735043	3	22	3	0	3	0.5
0.00704209401101	0.0213675213675	3	23	3	0	4	0.571428571429
0.00758387383505	0.0213675213675	3	24	3	0	4	0.571428571429
0.00786193198108	0.0213675213675	3	25	3	0	4	0.571428571429
0.00806454375203	0.0213675213675	3	26	3	0	4	0.571428571429
0.00835596493518	0.0213675213675	3	27	3	0	4	0.571428571429
0.00852694521352	0.0213675213675	3	28	3	0	4	0.571428571429
0.00876494209347	0.0192307692308	3	29	3	0	5	0.625
0.00902019854662	0.0192307692308	3	30	3	0	5	0.625
