# time 	 divergence 	 # of mutations 	 # IGC chances 	 IGC length 	 # IGC failures 	 Changes due to IGC  	 % change due to IGC 
0.0	0.239784946237	0	0	0	0	0	0.0
0.00113350183124	0.240860215054	1	0	0	0	0	0.0
0.00190103349048	0.240860215054	1	1	3	0	0	0.0
0.00224562265533	0.239784946237	1	2	3	0	1	0.5
0.00330174527482	0.240860215054	2	2	3	0	1	0.333333333333
0.00391137208063	0.238709677419	2	3	3	0	3	0.6
0.00392721407569	0.239784946237	3	3	3	0	3	0.5
0.00450250239547	0.239784946237	3	4	3	0	3	0.5
0.00455446940043	0.240860215054	4	4	3	0	3	0.428571428571
0.00473461347818	0.240860215054	5	4	3	0	3	0.375
0.00564308776126	0.239784946237	6	4	3	0	3	0.333333333333
0.00699327475468	0.237634408602	6	5	3	0	5	0.454545454545
0.00786235315184	0.237634408602	7	5	3	0	5	0.416666666667
0.00858177793025	0.236559139785	8	5	3	0	5	0.384615384615
0.00887490208564	0.235483870968	9	5	3	0	5	0.357142857143
0.00922561501486	0.236559139785	10	5	3	0	5	0.333333333333
0.00931207934922	0.236559139785	10	6	3	0	5	0.333333333333
0.00932323962035	0.236559139785	11	6	3	0	5	0.3125
0.00960115791069	0.235483870968	12	6	3	0	5	0.294117647059
0.0111438067909	0.236559139785	13	6	3	0	5	0.277777777778
0.0119399697498	0.236559139785	13	7	3	0	5	0.277777777778
0.0127899622468	0.237634408602	14	7	3	0	5	0.263157894737
0.0130421887249	0.238709677419	15	7	3	0	5	0.25
0.0135771514469	0.238709677419	15	8	3	0	5	0.25
0.0157656109817	0.239784946237	16	8	3	0	5	0.238095238095
0.0162020735337	0.239784946237	16	9	3	0	5	0.238095238095
0.0195616407891	0.240860215054	17	9	3	0	5	0.227272727273
0.0214448495015	0.241935483871	18	9	3	0	5	0.217391304348
0.0216269148477	0.240860215054	19	9	3	0	5	0.208333333333
0.0226815820312	0.241935483871	20	9	3	0	5	0.2
0.0230974766753	0.243010752688	21	9	3	0	5	0.192307692308
0.0233861717704	0.244086021505	22	9	3	0	5	0.185185185185
0.0234458258759	0.243010752688	22	10	3	0	6	0.214285714286
0.0244718950253	0.244086021505	23	10	3	0	6	0.206896551724
0.0280633845553	0.243010752688	24	10	3	0	6	0.2
0.028431167213	0.241935483871	25	10	3	0	6	0.193548387097
0.028988678573	0.240860215054	25	11	3	0	7	0.21875
0.0305482331804	0.240860215054	25	12	3	0	7	0.21875
0.0322294142989	0.241935483871	26	12	3	0	7	0.212121212121
0.0327763947813	0.243010752688	27	12	3	0	7	0.205882352941
0.0333430809	0.241935483871	27	13	3	0	8	0.228571428571
0.0351477599104	0.243010752688	28	13	3	0	8	0.222222222222
0.0354639094367	0.244086021505	29	13	3	0	8	0.216216216216
0.0372554009126	0.245161290323	30	13	3	0	8	0.210526315789
0.0373343624498	0.24623655914	31	13	3	0	8	0.205128205128
0.0403074008128	0.245161290323	31	14	3	0	9	0.225
0.0409012396349	0.244086021505	32	14	3	0	9	0.219512195122
0.0409895116965	0.244086021505	32	15	3	0	9	0.219512195122
0.0410538951731	0.245161290323	33	15	3	0	9	0.214285714286
0.0422567685338	0.243010752688	33	16	3	0	11	0.25
0.042360638637	0.241935483871	33	17	3	0	12	0.266666666667
0.0434331913081	0.240860215054	33	18	3	0	13	0.282608695652
0.0435222120732	0.238709677419	33	19	3	0	15	0.3125
0.0475197812132	0.239784946237	34	19	3	0	15	0.30612244898
0.0480769788973	0.239784946237	34	20	3	0	15	0.30612244898
0.0492476281536	0.239784946237	34	21	3	0	15	0.30612244898
0.0503528294564	0.238709677419	35	21	3	0	15	0.3
0.0520108398014	0.236559139785	35	22	3	0	17	0.326923076923
0.0541593699491	0.237634408602	36	22	3	0	17	0.320754716981
0.055007968098	0.237634408602	36	23	3	0	17	0.320754716981
0.0552358061644	0.237634408602	36	24	3	0	17	0.320754716981
0.0564902035243	0.236559139785	36	25	3	0	18	0.333333333333
0.0570228313203	0.237634408602	37	25	3	0	18	0.327272727273
0.0577741415108	0.237634408602	37	26	3	0	18	0.327272727273
0.0581295105893	0.235483870968	37	27	3	0	20	0.350877192982
0.0582775085968	0.236559139785	38	27	3	0	20	0.344827586207
0.0587754795483	0.236559139785	38	28	3	0	20	0.344827586207
0.0588730934118	0.237634408602	39	28	3	0	20	0.338983050847
0.0618906920704	0.236559139785	39	29	3	0	21	0.35
0.0633734517856	0.236559139785	40	29	3	0	21	0.344262295082
0.0639826683528	0.235483870968	40	30	3	0	22	0.354838709677
0.0640887745193	0.234408602151	40	31	3	0	23	0.365079365079
0.0642984020146	0.234408602151	40	32	3	0	23	0.365079365079
0.0643978437036	0.235483870968	41	32	3	0	23	0.359375
0.0645754671515	0.235483870968	42	32	3	0	23	0.353846153846
0.0650248887075	0.236559139785	43	32	3	0	23	0.348484848485
0.0673578116554	0.237634408602	44	32	3	0	23	0.34328358209
0.0676695363016	0.238709677419	45	32	3	0	23	0.338235294118
0.068929727309	0.238709677419	45	33	3	0	23	0.338235294118
0.0727467853951	0.238709677419	45	34	3	0	23	0.338235294118
0.0731544080046	0.239784946237	46	34	3	0	23	0.333333333333
0.0736683072134	0.239784946237	46	35	3	0	23	0.333333333333
0.0787567825966	0.236559139785	46	36	3	0	26	0.361111111111
0.079021864742	0.235483870968	46	37	3	0	27	0.369863013699
0.0803122033061	0.232258064516	46	38	3	0	30	0.394736842105
0.0829978499042	0.233333333333	47	38	3	0	30	0.38961038961
0.0834561051023	0.234408602151	48	38	3	0	30	0.384615384615
0.0839950630723	0.234408602151	48	39	3	0	30	0.384615384615
0.0843627950681	0.235483870968	49	39	3	0	30	0.379746835443
0.085173604111	0.235483870968	49	40	3	0	30	0.379746835443
0.0859650858248	0.236559139785	50	40	3	0	30	0.375
0.0882922340423	0.237634408602	51	40	3	0	30	0.37037037037
0.0890706161152	0.238709677419	52	40	3	0	30	0.365853658537
0.0895028817083	0.237634408602	53	40	3	0	30	0.361445783133
0.0900457465657	0.235483870968	53	41	3	0	32	0.376470588235
0.0936527830323	0.236559139785	54	41	3	0	32	0.372093023256
0.0949525410608	0.235483870968	54	42	3	0	33	0.379310344828
0.0955854667251	0.236559139785	55	42	3	0	33	0.375
0.0962434096056	0.237634408602	56	42	3	0	33	0.370786516854
0.0976587083353	0.234408602151	56	43	3	0	36	0.391304347826
0.098230698395	0.235483870968	57	43	3	0	36	0.387096774194
0.100289154516	0.235483870968	58	43	3	0	36	0.382978723404
0.100425718513	0.236559139785	59	43	3	0	36	0.378947368421
0.100830446729	0.237634408602	60	43	3	0	36	0.375
0.101453705153	0.237634408602	61	43	3	0	36	0.371134020619
0.103311407207	0.237634408602	61	44	3	0	36	0.371134020619
0.10379250353	0.238709677419	62	44	3	0	36	0.367346938776
0.103952039431	0.238709677419	62	45	3	0	36	0.367346938776
0.105143900128	0.239784946237	63	45	3	0	36	0.363636363636
0.106179857286	0.240860215054	64	45	3	0	36	0.36
0.107790527313	0.241935483871	65	45	3	0	36	0.356435643564
0.109185468892	0.243010752688	66	45	3	0	36	0.352941176471
0.109584403292	0.241935483871	66	46	3	0	37	0.359223300971
0.10991865339	0.240860215054	66	47	3	0	38	0.365384615385
0.110600760453	0.240860215054	66	48	3	0	38	0.365384615385
0.111970384648	0.239784946237	66	49	3	0	39	0.371428571429
0.112732090824	0.240860215054	67	49	3	0	39	0.367924528302
0.115894809697	0.239784946237	68	49	3	0	39	0.364485981308
0.115904158477	0.240860215054	69	49	3	0	39	0.361111111111
0.116731624361	0.237634408602	69	50	3	0	42	0.378378378378
0.116798398078	0.234408602151	69	51	3	0	45	0.394736842105
0.11994624521	0.234408602151	70	51	3	0	45	0.391304347826
0.120202093909	0.233333333333	70	52	3	0	46	0.396551724138
0.120958823178	0.233333333333	70	53	3	0	46	0.396551724138
0.121730482237	0.233333333333	71	53	3	0	46	0.393162393162
0.125864567425	0.232258064516	71	54	3	0	47	0.398305084746
0.126497850234	0.233333333333	72	54	3	0	47	0.394957983193
0.127471368597	0.233333333333	72	55	3	0	47	0.394957983193
0.129063099559	0.233333333333	72	56	3	0	47	0.394957983193
0.130225493449	0.233333333333	72	57	3	0	47	0.394957983193
0.130980164862	0.234408602151	73	57	3	0	47	0.391666666667
0.13251711203	0.235483870968	74	57	3	0	47	0.388429752066
0.133473710457	0.234408602151	75	57	3	0	47	0.385245901639
0.135941575078	0.234408602151	76	57	3	0	47	0.382113821138
0.138706120489	0.234408602151	76	58	3	0	47	0.382113821138
0.139647800187	0.234408602151	77	58	3	0	47	0.379032258065
0.142723305592	0.233333333333	77	59	3	0	48	0.384
0.143137160701	0.232258064516	77	60	3	0	49	0.388888888889
0.146436864394	0.232258064516	78	60	3	0	49	0.385826771654
0.14720151666	0.232258064516	78	61	3	0	49	0.385826771654
0.14788622341	0.232258064516	78	62	3	0	49	0.385826771654
0.147956801976	0.233333333333	79	62	3	0	49	0.3828125
0.149241784383	0.234408602151	80	62	3	0	49	0.37984496124
0.149467980828	0.235483870968	81	62	3	0	49	0.376923076923
0.150409118622	0.236559139785	82	62	3	0	49	0.374045801527
0.150972652354	0.237634408602	83	62	3	0	49	0.371212121212
0.151539059886	0.236559139785	83	63	3	0	50	0.375939849624
0.151733155861	0.237634408602	84	63	3	0	50	0.373134328358
0.151904131042	0.238709677419	85	63	3	0	50	0.37037037037
0.153803066271	0.237634408602	85	64	3	0	51	0.375
0.154087426041	0.236559139785	86	64	3	0	51	0.372262773723
0.154684524946	0.235483870968	86	65	3	0	52	0.376811594203
0.15592453936	0.234408602151	86	66	3	0	53	0.381294964029
0.156590450233	0.235483870968	87	66	3	0	53	0.378571428571
0.158183994196	0.235483870968	87	67	3	0	53	0.378571428571
0.159258306217	0.236559139785	88	67	3	0	53	0.375886524823
0.16105551865	0.237634408602	89	67	3	0	53	0.37323943662
0.162037838918	0.238709677419	90	67	3	0	53	0.370629370629
0.163623216564	0.237634408602	90	68	3	0	54	0.375
0.164904213561	0.237634408602	90	69	3	0	54	0.375
0.166311386092	0.237634408602	90	70	3	0	54	0.375
0.172560793759	0.237634408602	91	70	3	0	54	0.372413793103
0.172722501355	0.238709677419	92	70	3	0	54	0.369863013699
0.173037088592	0.237634408602	92	71	3	0	55	0.374149659864
0.173443365245	0.236559139785	92	72	3	0	56	0.378378378378
0.173648054597	0.236559139785	92	73	3	0	56	0.378378378378
0.173824165085	0.237634408602	93	73	3	0	56	0.375838926174
0.176485557804	0.237634408602	94	73	3	0	56	0.373333333333
0.176832532414	0.235483870968	94	74	3	0	58	0.381578947368
0.177829433899	0.236559139785	95	74	3	0	58	0.37908496732
0.178194601403	0.235483870968	96	74	3	0	58	0.376623376623
0.178914741896	0.235483870968	96	75	3	0	58	0.376623376623
0.181931474246	0.236559139785	97	75	3	0	58	0.374193548387
0.182024978993	0.237634408602	98	75	3	0	58	0.371794871795
0.182184997335	0.238709677419	99	75	3	0	58	0.369426751592
0.182354767471	0.239784946237	100	75	3	0	58	0.367088607595
0.184534839443	0.240860215054	101	75	3	0	58	0.364779874214
0.184792426666	0.241935483871	102	75	3	0	58	0.3625
0.185188673407	0.243010752688	103	75	3	0	58	0.360248447205
0.185461671071	0.244086021505	104	75	3	0	58	0.358024691358
0.186081666795	0.244086021505	105	75	3	0	58	0.355828220859
0.186494087411	0.243010752688	105	76	3	0	59	0.359756097561
0.186849657045	0.243010752688	105	77	3	0	59	0.359756097561
0.187114501627	0.244086021505	106	77	3	0	59	0.357575757576
0.188407719228	0.244086021505	106	78	3	0	59	0.357575757576
0.190803339974	0.245161290323	107	78	3	0	59	0.355421686747
0.191941673888	0.24623655914	108	78	3	0	59	0.353293413174
0.19234631008	0.247311827957	109	78	3	0	59	0.35119047619
0.192407177147	0.247311827957	110	78	3	0	59	0.349112426036
0.192727333516	0.245161290323	110	79	3	0	61	0.356725146199
0.193294568285	0.24623655914	111	79	3	0	61	0.354651162791
0.193352317471	0.24623655914	112	79	3	0	61	0.352601156069
0.196130492576	0.247311827957	113	79	3	0	61	0.350574712644
0.19910218028	0.245161290323	113	80	3	0	63	0.357954545455
0.199463566012	0.24623655914	114	80	3	0	63	0.35593220339
0.199907691883	0.24623655914	114	81	3	0	63	0.35593220339
0.200669095897	0.247311827957	115	81	3	0	63	0.35393258427
0.201321652969	0.24623655914	115	82	3	0	64	0.357541899441
