# time 	 divergence 	 # of mutations 	 # IGC chances 	 IGC length 	 # IGC failures 	 Changes due to IGC  	 % change due to IGC 
0.0	0.081799591002	0	0	0	0	0	0.0
0.00682379367736	0.0838445807771	1	0	0	0	0	0.0
0.0110151533478	0.0858895705521	2	0	0	0	0	0.0
0.0113052194861	0.0838445807771	3	0	0	0	0	0.0
0.0163082707883	0.0858895705521	4	0	0	0	0	0.0
0.0188123375742	0.0879345603272	5	0	0	0	0	0.0
0.0212552024887	0.079754601227	5	1	66	0	4	0.444444444444
0.0214167031879	0.081799591002	6	1	66	0	4	0.4
0.0273083197213	0.0838445807771	7	1	66	0	4	0.363636363636
0.0274136245174	0.0838445807771	7	2	54	0	4	0.363636363636
0.0328546286966	0.0858895705521	8	2	54	0	4	0.333333333333
0.0333176909619	0.0879345603272	9	2	54	0	4	0.307692307692
0.0346522512447	0.0899795501022	10	2	54	0	4	0.285714285714
0.0371523906995	0.0920245398773	11	2	54	0	4	0.266666666667
0.0495249931782	0.0879345603272	11	3	30	0	6	0.352941176471
0.0538368494167	0.0899795501022	12	3	30	0	6	0.333333333333
0.0581612399516	0.0920245398773	13	3	30	0	6	0.315789473684
0.0586067342309	0.0940695296524	14	3	30	0	6	0.3
0.0631466534089	0.0961145194274	15	3	30	0	6	0.285714285714
0.0687118452044	0.0981595092025	16	3	30	0	6	0.272727272727
0.0688240680213	0.100204498978	17	3	30	0	6	0.260869565217
0.0732489611477	0.0981595092025	18	3	30	0	6	0.25
0.0736952467935	0.100204498978	19	3	30	0	6	0.24
0.0752615270179	0.102249488753	20	3	30	0	6	0.230769230769
0.0755030448728	0.104294478528	21	3	30	0	6	0.222222222222
0.0758485991829	0.106339468303	22	3	30	0	6	0.214285714286
0.0805967954131	0.108384458078	23	3	30	0	6	0.206896551724
0.0806063706718	0.110429447853	24	3	30	0	6	0.2
0.082199921307	0.112474437628	25	3	30	0	6	0.193548387097
0.082348859329	0.112474437628	25	4	3	0	6	0.193548387097
0.0823495363988	0.112474437628	25	5	12	0	6	0.193548387097
0.0823613222162	0.110429447853	26	5	12	0	6	0.1875
0.0911298787801	0.112474437628	27	5	12	0	6	0.181818181818
0.095620178974	0.114519427403	28	5	12	0	6	0.176470588235
0.096067942429	0.116564417178	29	5	12	0	6	0.171428571429
0.0966478313914	0.118609406953	30	5	12	0	6	0.166666666667
0.109060351275	0.120654396728	31	5	12	0	6	0.162162162162
0.109756087104	0.122699386503	32	5	12	0	6	0.157894736842
0.110153689074	0.124744376278	33	5	12	0	6	0.153846153846
0.111141777013	0.122699386503	34	5	12	0	6	0.15
0.111523314024	0.124744376278	35	5	12	0	6	0.146341463415
0.113950405082	0.126789366053	36	5	12	0	6	0.142857142857
0.114485879079	0.128834355828	37	5	12	0	6	0.139534883721
0.114833831942	0.130879345603	38	5	12	0	6	0.136363636364
0.118829696786	0.132924335378	39	5	12	0	6	0.133333333333
0.125236786405	0.134969325153	40	5	12	0	6	0.130434782609
0.130395762095	0.137014314928	41	5	12	0	6	0.127659574468
0.133846354223	0.118609406953	41	6	126	0	15	0.267857142857
0.133999599238	0.120654396728	42	6	126	0	15	0.263157894737
0.1355951641	0.122699386503	43	6	126	0	15	0.258620689655
0.137771701459	0.124744376278	44	6	126	0	15	0.254237288136
0.141187012127	0.124744376278	45	6	126	0	15	0.25
0.146438419101	0.126789366053	46	6	126	0	15	0.245901639344
0.148357370395	0.128834355828	47	6	126	0	15	0.241935483871
0.152523652127	0.120654396728	47	7	27	0	19	0.287878787879
0.15271513816	0.122699386503	48	7	27	0	19	0.283582089552
0.164107128008	0.100204498978	48	8	51	0	30	0.384615384615
0.164587459422	0.102249488753	49	8	51	0	30	0.379746835443
0.16852841549	0.102249488753	50	8	51	0	30	0.375
0.170083892002	0.104294478528	51	8	51	0	30	0.37037037037
0.170152040902	0.106339468303	52	8	51	0	30	0.365853658537
0.170746123824	0.108384458078	53	8	51	0	30	0.361445783133
0.172687147342	0.106339468303	54	8	51	0	30	0.357142857143
0.173008697401	0.108384458078	55	8	51	0	30	0.352941176471
0.174833818158	0.110429447853	56	8	51	0	30	0.348837209302
0.175194671552	0.112474437628	57	8	51	0	30	0.344827586207
0.18118961038	0.108384458078	57	9	99	0	32	0.359550561798
0.183579509937	0.110429447853	58	9	99	0	32	0.355555555556
0.188201653471	0.112474437628	59	9	99	0	32	0.351648351648
0.197229220887	0.114519427403	60	9	99	0	32	0.347826086957
0.198734447659	0.116564417178	61	9	99	0	32	0.344086021505
0.19886468556	0.118609406953	62	9	99	0	32	0.340425531915
0.20500276689	0.118609406953	63	9	99	0	32	0.336842105263
0.206049857972	0.120654396728	64	9	99	0	32	0.333333333333
