# time 	 divergence 	 # of mutations 	 # IGC chances 	 IGC length 	 # IGC failures 	 Changes due to IGC  	 % change due to IGC 
0.0	0.0555555555556	0	0	0	0	0	0.0
0.00117902401072	0.0576923076923	1	0	0	0	0	0.0
0.00217388895176	0.0598290598291	2	0	0	0	0	0.0
0.00352274766654	0.0619658119658	3	0	0	0	0	0.0
0.00412300141881	0.0641025641026	4	0	0	0	0	0.0
0.00515724790095	0.0619658119658	4	1	24	0	1	0.2
0.00528481725639	0.0619658119658	4	2	6	0	1	0.2
0.0060824139415	0.0619658119658	4	3	9	0	1	0.2
0.00677209817866	0.0598290598291	4	4	21	0	2	0.333333333333
0.00781420998918	0.0598290598291	4	5	3	0	2	0.333333333333
0.00820471560089	0.0598290598291	5	5	3	0	2	0.285714285714
0.0107828176879	0.0598290598291	5	6	12	0	2	0.285714285714
0.0131709221246	0.0598290598291	5	7	3	0	2	0.285714285714
0.0143514185801	0.0598290598291	5	8	12	0	2	0.285714285714
0.0145529589314	0.0576923076923	5	9	3	0	3	0.375
0.0147205519469	0.0555555555556	5	10	12	0	4	0.444444444444
0.0151557029187	0.0534188034188	5	11	6	0	5	0.5
0.0162690106524	0.0534188034188	5	12	3	0	5	0.5
0.0171166063401	0.0555555555556	6	12	3	0	5	0.454545454545
0.0172200607021	0.0576923076923	7	12	3	0	5	0.416666666667
0.0172652583024	0.0598290598291	8	12	3	0	5	0.384615384615
0.0194975772822	0.0576923076923	8	13	15	0	6	0.428571428571
0.0195398591838	0.0576923076923	8	14	3	0	6	0.428571428571
0.0217513972074	0.0534188034188	8	15	42	0	8	0.5
0.0221562675482	0.0555555555556	9	15	42	0	8	0.470588235294
0.0236297054619	0.0576923076923	10	15	42	0	8	0.444444444444
0.0236892512356	0.0512820512821	10	16	18	0	11	0.52380952381
0.0240847566562	0.0534188034188	11	16	18	0	11	0.5
0.0247858824759	0.0491452991453	11	17	9	0	13	0.541666666667
0.0276699331813	0.0470085470085	11	18	18	0	14	0.56
0.028711467243	0.0491452991453	12	18	18	0	14	0.538461538462
0.0296011114379	0.0491452991453	12	19	9	0	14	0.538461538462
0.0297603583738	0.0512820512821	13	19	9	0	14	0.518518518519
0.0298853032071	0.0491452991453	13	20	3	0	15	0.535714285714
0.031245502503	0.0491452991453	13	21	9	0	15	0.535714285714
0.0340636893283	0.0491452991453	13	22	9	0	15	0.535714285714
0.0343001383595	0.0491452991453	13	23	3	0	15	0.535714285714
0.034400461653	0.0491452991453	13	24	3	0	15	0.535714285714
0.0356377415577	0.0491452991453	13	25	9	0	15	0.535714285714
0.03646027422	0.0512820512821	14	25	9	0	15	0.51724137931
0.0378062535881	0.0512820512821	14	26	9	0	15	0.51724137931
0.0390590082355	0.0512820512821	14	27	6	0	15	0.51724137931
0.0395141747434	0.0491452991453	14	28	9	0	16	0.533333333333
0.039557048944	0.0491452991453	14	29	12	0	16	0.533333333333
0.040531475728	0.0491452991453	14	30	6	0	16	0.533333333333
0.0420330764869	0.0470085470085	14	31	54	0	17	0.548387096774
0.0429774281124	0.0470085470085	14	32	6	0	17	0.548387096774
0.0438325167804	0.0470085470085	14	33	15	0	17	0.548387096774
0.0459383881607	0.0491452991453	15	33	15	0	17	0.53125
0.048332804426	0.0491452991453	15	34	6	0	17	0.53125
0.0487515685307	0.0491452991453	15	35	3	0	17	0.53125
0.0506417221049	0.0512820512821	16	35	3	0	17	0.515151515152
0.0508903034755	0.0534188034188	17	35	3	0	17	0.5
0.0517567776638	0.0470085470085	17	36	6	0	20	0.540540540541
0.0525450475002	0.042735042735	17	37	24	0	22	0.564102564103
0.0526575873639	0.0405982905983	17	38	30	0	23	0.575
0.0528226428628	0.0405982905983	17	39	3	0	23	0.575
0.054582351117	0.0405982905983	17	40	3	0	23	0.575
0.0550813606838	0.0363247863248	17	41	12	0	25	0.595238095238
0.0570362788667	0.0363247863248	17	42	3	0	25	0.595238095238
0.057190907729	0.0384615384615	18	42	3	0	25	0.581395348837
0.0572664777412	0.0384615384615	18	43	6	0	25	0.581395348837
0.0581582894957	0.0384615384615	18	44	3	0	25	0.581395348837
0.0590082270022	0.0405982905983	19	44	3	0	25	0.568181818182
0.060078931379	0.0363247863248	19	45	24	0	27	0.586956521739
0.0611853561458	0.0384615384615	20	45	24	0	27	0.574468085106
0.0624173759955	0.0384615384615	20	46	3	0	27	0.574468085106
0.0666151714961	0.0384615384615	20	47	6	0	27	0.574468085106
0.0671771064657	0.0405982905983	21	47	6	0	27	0.5625
0.0675405644873	0.0405982905983	21	48	3	0	27	0.5625
0.0676264301397	0.042735042735	22	48	3	0	27	0.551020408163
0.0705453629277	0.042735042735	22	49	15	0	27	0.551020408163
0.0724124338922	0.0448717948718	23	49	15	0	27	0.54
0.0726971296578	0.042735042735	23	50	15	0	28	0.549019607843
0.073267942802	0.0405982905983	23	51	9	0	29	0.557692307692
0.0734003205875	0.0405982905983	23	52	3	0	29	0.557692307692
0.0741300076096	0.0405982905983	23	53	3	0	29	0.557692307692
0.0764963200634	0.042735042735	24	53	3	0	29	0.547169811321
0.0769269297843	0.042735042735	24	54	33	0	29	0.547169811321
0.0771200407809	0.042735042735	24	55	6	0	29	0.547169811321
0.0796368814728	0.0384615384615	24	56	3	0	31	0.563636363636
0.0799987813772	0.0384615384615	24	57	3	0	31	0.563636363636
0.0819505682182	0.0384615384615	24	58	9	0	31	0.563636363636
0.0821710937412	0.0363247863248	24	59	12	0	32	0.571428571429
0.0822571129553	0.034188034188	24	60	6	0	33	0.578947368421
0.0829308015846	0.034188034188	24	61	12	0	33	0.578947368421
0.0849645384604	0.0363247863248	25	61	12	0	33	0.568965517241
0.0857373910719	0.034188034188	25	62	27	0	34	0.576271186441
0.0858566586395	0.0320512820513	25	63	12	0	35	0.583333333333
0.0870935610074	0.0320512820513	25	64	9	0	35	0.583333333333
0.0876660802419	0.034188034188	26	64	9	0	35	0.573770491803
0.0879393749486	0.034188034188	26	65	3	0	35	0.573770491803
0.0883016862012	0.0363247863248	27	65	3	0	35	0.564516129032
0.090594220686	0.0363247863248	27	66	6	0	35	0.564516129032
0.0906047378957	0.0384615384615	28	66	6	0	35	0.555555555556
0.0906256840852	0.0384615384615	28	67	15	0	35	0.555555555556
0.0934824499451	0.0384615384615	28	68	6	0	35	0.555555555556
0.0969324780683	0.0363247863248	28	69	33	0	36	0.5625
0.0984273324825	0.0384615384615	29	69	33	0	36	0.553846153846
0.102119154855	0.0405982905983	30	69	33	0	36	0.545454545455
0.10313003447	0.0405982905983	30	70	6	0	36	0.545454545455
0.103215392893	0.042735042735	31	70	6	0	36	0.537313432836
0.103808830959	0.042735042735	31	71	9	0	36	0.537313432836
0.105572983246	0.042735042735	31	72	6	0	36	0.537313432836
0.106973937267	0.0448717948718	32	72	6	0	36	0.529411764706
0.107126107025	0.0470085470085	33	72	6	0	36	0.521739130435
0.111761729599	0.0491452991453	34	72	6	0	36	0.514285714286
0.112718168801	0.0512820512821	35	72	6	0	36	0.507042253521
0.114803190633	0.0534188034188	36	72	6	0	36	0.5
0.116141894772	0.0534188034188	36	73	6	0	36	0.5
0.119272468806	0.0534188034188	36	74	3	0	36	0.5
0.119472562743	0.0534188034188	36	75	15	0	36	0.5
0.120015865492	0.0534188034188	36	76	3	0	36	0.5
0.121400543052	0.0555555555556	37	76	3	0	36	0.493150684932
0.121561557878	0.0555555555556	37	77	6	0	36	0.493150684932
0.123513629756	0.0534188034188	37	78	12	0	37	0.5
0.123568795445	0.0555555555556	38	78	12	0	37	0.493333333333
0.125265824625	0.0555555555556	38	79	3	0	37	0.493333333333
0.127192454395	0.0576923076923	39	79	3	0	37	0.486842105263
0.127518805401	0.0555555555556	39	80	15	0	38	0.493506493506
0.132951378311	0.0491452991453	39	81	30	0	41	0.5125
0.133691632467	0.0491452991453	39	82	9	0	41	0.5125
0.134149682358	0.0491452991453	39	83	6	0	41	0.5125
0.134767510645	0.0491452991453	39	84	3	0	41	0.5125
0.136608438341	0.0491452991453	39	85	18	0	41	0.5125
0.137373521546	0.0491452991453	39	86	6	0	41	0.5125
0.141468793312	0.0470085470085	39	87	6	0	42	0.518518518519
0.141672186271	0.0491452991453	40	87	6	0	42	0.512195121951
0.144262047292	0.0491452991453	40	88	12	0	42	0.512195121951
