# time 	 divergence 	 # of mutations 	 # IGC chances 	 IGC length 	 # IGC failures 	 Changes due to IGC  	 % change due to IGC 
0.0	0.0245398773006	0	0	0	0	0	0.0
0.00237853476296	0.0265848670757	1	0	0	0	0	0.0
0.00320745063485	0.0265848670757	1	1	63	0	0	0.0
0.00531199145014	0.0265848670757	1	2	57	0	0	0.0
0.00594512175981	0.0286298568507	2	2	57	0	0	0.0
0.00954647755152	0.0265848670757	3	2	57	0	0	0.0
0.0116750289734	0.0286298568507	4	2	57	0	0	0.0
0.0124622109358	0.0306748466258	5	2	57	0	0	0.0
0.0129031428663	0.0327198364008	6	2	57	0	0	0.0
0.0235188904767	0.0347648261759	7	2	57	0	0	0.0
0.0242298062197	0.0327198364008	7	3	12	0	1	0.125
0.0273978777688	0.0347648261759	8	3	12	0	1	0.111111111111
0.028685532817	0.0347648261759	8	4	27	0	1	0.111111111111
0.0305809195121	0.0368098159509	9	4	27	0	1	0.1
0.0332335017008	0.0368098159509	9	5	18	0	1	0.1
0.0339268458483	0.038854805726	10	5	18	0	1	0.0909090909091
0.0342322424857	0.040899795501	11	5	18	0	1	0.0833333333333
0.0378661447787	0.038854805726	11	6	45	0	2	0.153846153846
0.0389087495077	0.040899795501	12	6	45	0	2	0.142857142857
0.0397602360812	0.0429447852761	13	6	45	0	2	0.133333333333
0.042909881844	0.0449897750511	14	6	45	0	2	0.125
0.0435471827642	0.0449897750511	14	7	24	0	2	0.125
0.043840448774	0.0429447852761	14	8	15	0	3	0.176470588235
0.0447287986976	0.0327198364008	14	9	96	0	8	0.363636363636
0.0451666969532	0.0347648261759	15	9	96	0	8	0.347826086957
0.0470410048145	0.0306748466258	15	10	33	0	10	0.4
0.0481428184684	0.0184049079755	15	11	135	0	16	0.516129032258
0.0512364963132	0.0204498977505	16	11	135	0	16	0.5
0.051270082001	0.0224948875256	17	11	135	0	16	0.484848484848
0.0515895408369	0.0245398773006	18	11	135	0	16	0.470588235294
0.0529416621868	0.0265848670757	19	11	135	0	16	0.457142857143
0.0530151933354	0.0245398773006	19	12	132	0	17	0.472222222222
0.0546908768174	0.0265848670757	20	12	132	0	17	0.459459459459
0.0548685821025	0.0265848670757	21	12	132	0	17	0.447368421053
0.0561497373568	0.0286298568507	22	12	132	0	17	0.435897435897
