# time 	 divergence 	 # of mutations 	 # IGC chances 	 IGC length 	 # IGC failures 	 Changes due to IGC  	 % change due to IGC 
0.0	0.216129032258	0	0	0	0	0	0.0
0.00184567891543	0.213978494624	0	1	15	0	2	1.0
0.00264669113818	0.211827956989	0	2	9	0	4	1.0
0.00359974149293	0.211827956989	1	2	9	0	4	0.8
0.00366268823698	0.212903225806	2	2	9	0	4	0.666666666667
0.00644196937396	0.213978494624	3	2	9	0	4	0.571428571429
0.00678821661101	0.215053763441	4	2	9	0	4	0.5
0.00737240704606	0.215053763441	5	2	9	0	4	0.444444444444
0.00933982989237	0.216129032258	6	2	9	0	4	0.4
0.00963188742484	0.217204301075	7	2	9	0	4	0.363636363636
0.0101948527609	0.215053763441	7	3	30	0	6	0.461538461538
0.0109209108598	0.215053763441	8	3	30	0	6	0.428571428571
0.0110273303662	0.216129032258	9	3	30	0	6	0.4
0.0110408000891	0.217204301075	10	3	30	0	6	0.375
0.0150835150155	0.218279569892	11	3	30	0	6	0.352941176471
0.0163246201689	0.218279569892	11	4	6	0	6	0.352941176471
0.020321439392	0.217204301075	11	5	3	0	7	0.388888888889
0.0209041132655	0.218279569892	12	5	3	0	7	0.368421052632
0.0240909173439	0.21935483871	13	5	3	0	7	0.35
0.0269427626053	0.220430107527	14	5	3	0	7	0.333333333333
0.0275049462455	0.21935483871	14	6	12	0	8	0.363636363636
0.0279024556792	0.218279569892	14	7	3	0	9	0.391304347826
0.0292465778043	0.208602150538	14	8	54	0	18	0.5625
0.0297913900054	0.209677419355	15	8	54	0	18	0.545454545455
0.0305222809531	0.209677419355	16	8	54	0	18	0.529411764706
0.030640812813	0.210752688172	17	8	54	0	18	0.514285714286
0.0344922528157	0.209677419355	18	8	54	0	18	0.5
0.0346538958056	0.210752688172	19	8	54	0	18	0.486486486486
0.0347834976846	0.211827956989	20	8	54	0	18	0.473684210526
0.0349896573141	0.211827956989	20	9	3	0	18	0.473684210526
0.0360020349185	0.212903225806	21	9	3	0	18	0.461538461538
0.0380125814531	0.213978494624	22	9	3	0	18	0.45
0.0401548132999	0.215053763441	23	9	3	0	18	0.439024390244
0.0404161801529	0.216129032258	24	9	3	0	18	0.428571428571
0.0406394594725	0.216129032258	25	9	3	0	18	0.418604651163
0.0414557662966	0.217204301075	26	9	3	0	18	0.409090909091
0.0416391489013	0.218279569892	27	9	3	0	18	0.4
0.0423402333819	0.21935483871	28	9	3	0	18	0.391304347826
0.0424907677781	0.21935483871	29	9	3	0	18	0.382978723404
0.0453105758739	0.220430107527	30	9	3	0	18	0.375
0.0474386440819	0.21935483871	31	9	3	0	18	0.367346938776
0.0479941500137	0.218279569892	31	10	3	0	19	0.38
0.0482161852953	0.217204301075	32	10	3	0	19	0.372549019608
0.0491973775663	0.216129032258	33	10	3	0	19	0.365384615385
0.0493576006985	0.217204301075	34	10	3	0	19	0.358490566038
0.0497173533299	0.218279569892	35	10	3	0	19	0.351851851852
0.0510628552938	0.216129032258	35	11	3	0	21	0.375
0.0515139954403	0.215053763441	35	12	6	0	22	0.385964912281
0.0515906491138	0.209677419355	35	13	9	0	27	0.435483870968
0.060733657026	0.210752688172	36	13	9	0	27	0.428571428571
0.062838845326	0.211827956989	37	13	9	0	27	0.421875
0.0633156554278	0.212903225806	38	13	9	0	27	0.415384615385
0.0645109571568	0.213978494624	39	13	9	0	27	0.409090909091
0.0655989985712	0.215053763441	40	13	9	0	27	0.402985074627
0.0671135778221	0.216129032258	41	13	9	0	27	0.397058823529
0.0674798124168	0.216129032258	42	13	9	0	27	0.391304347826
0.0677107685262	0.217204301075	43	13	9	0	27	0.385714285714
0.0678147381647	0.216129032258	44	13	9	0	27	0.380281690141
0.0694396113166	0.216129032258	44	14	6	0	27	0.380281690141
0.0720419493981	0.217204301075	45	14	6	0	27	0.375
0.072074316424	0.218279569892	46	14	6	0	27	0.369863013699
0.0731243303752	0.21935483871	47	14	6	0	27	0.364864864865
0.0737095143709	0.220430107527	48	14	6	0	27	0.36
0.0756436720766	0.221505376344	49	14	6	0	27	0.355263157895
0.076677363438	0.218279569892	49	15	18	0	30	0.379746835443
0.0786474864077	0.21935483871	50	15	18	0	30	0.375
0.0801799051494	0.220430107527	51	15	18	0	30	0.37037037037
0.0808758199645	0.21935483871	52	15	18	0	30	0.365853658537
0.083191757895	0.218279569892	53	15	18	0	30	0.361445783133
0.0832299981305	0.218279569892	53	16	3	0	30	0.361445783133
0.0852593113383	0.218279569892	54	16	3	0	30	0.357142857143
0.0881090721224	0.21935483871	55	16	3	0	30	0.352941176471
0.0902032957728	0.220430107527	56	16	3	0	30	0.348837209302
0.091885446281	0.21935483871	57	16	3	0	30	0.344827586207
0.0926971021679	0.220430107527	58	16	3	0	30	0.340909090909
0.0940432885821	0.217204301075	58	17	9	0	33	0.362637362637
0.0946664249129	0.216129032258	58	18	3	0	34	0.369565217391
0.0951200932773	0.217204301075	59	18	3	0	34	0.365591397849
0.0955862867088	0.217204301075	60	18	3	0	34	0.36170212766
0.0971602462867	0.217204301075	60	19	6	0	34	0.36170212766
0.097518756716	0.217204301075	61	19	6	0	34	0.357894736842
0.098194825954	0.213978494624	61	20	24	0	37	0.377551020408
0.0998414285159	0.205376344086	61	21	9	0	45	0.424528301887
0.100815054853	0.205376344086	62	21	9	0	45	0.420560747664
0.10173804121	0.206451612903	63	21	9	0	45	0.416666666667
0.102249869207	0.20752688172	64	21	9	0	45	0.412844036697
0.105457577717	0.208602150538	65	21	9	0	45	0.409090909091
0.105966534394	0.20752688172	66	21	9	0	45	0.405405405405
0.107504441301	0.208602150538	67	21	9	0	45	0.401785714286
0.109272559702	0.209677419355	68	21	9	0	45	0.398230088496
0.110036210099	0.209677419355	69	21	9	0	45	0.394736842105
0.112396231908	0.208602150538	70	21	9	0	45	0.391304347826
0.113127225061	0.209677419355	71	21	9	0	45	0.387931034483
0.116280744899	0.210752688172	72	21	9	0	45	0.384615384615
0.119167308209	0.211827956989	73	21	9	0	45	0.381355932203
0.119993913773	0.212903225806	74	21	9	0	45	0.378151260504
0.120912029853	0.213978494624	75	21	9	0	45	0.375
0.123431557237	0.215053763441	76	21	9	0	45	0.371900826446
0.124008178731	0.215053763441	76	22	9	0	45	0.371900826446
0.124988381928	0.216129032258	77	22	9	0	45	0.368852459016
0.127980775785	0.217204301075	78	22	9	0	45	0.365853658537
0.129152344866	0.218279569892	79	22	9	0	45	0.362903225806
0.1332001427	0.218279569892	80	22	9	0	45	0.36
0.133647900901	0.21935483871	81	22	9	0	45	0.357142857143
0.134067359177	0.220430107527	82	22	9	0	45	0.354330708661
0.134535255762	0.221505376344	83	22	9	0	45	0.3515625
0.138165291918	0.220430107527	83	23	9	0	46	0.356589147287
0.139782299781	0.221505376344	84	23	9	0	46	0.353846153846
0.140664008968	0.21935483871	84	24	3	0	48	0.363636363636
0.14314758235	0.220430107527	85	24	3	0	48	0.360902255639
0.147570371335	0.221505376344	86	24	3	0	48	0.358208955224
0.14889205955	0.222580645161	87	24	3	0	48	0.355555555556
0.149127307754	0.223655913978	88	24	3	0	48	0.352941176471
0.152054963305	0.223655913978	89	24	3	0	48	0.350364963504
0.152238563679	0.223655913978	89	25	3	0	48	0.350364963504
0.152360646779	0.222580645161	90	25	3	0	48	0.347826086957
0.152893836984	0.223655913978	91	25	3	0	48	0.345323741007
0.154054379266	0.224731182796	92	25	3	0	48	0.342857142857
0.154575124482	0.224731182796	93	25	3	0	48	0.340425531915
0.154921299113	0.224731182796	93	26	3	0	48	0.340425531915
0.155043471006	0.225806451613	94	26	3	0	48	0.338028169014
0.155542851671	0.22688172043	95	26	3	0	48	0.335664335664
0.15668021727	0.227956989247	96	26	3	0	48	0.333333333333
0.157130431981	0.227956989247	97	26	3	0	48	0.331034482759
0.159792082754	0.225806451613	97	27	3	0	50	0.340136054422
0.161209929407	0.225806451613	97	28	3	0	50	0.340136054422
0.164490016662	0.22688172043	98	28	3	0	50	0.337837837838
0.164829077046	0.22688172043	98	29	3	0	50	0.337837837838
0.165624946415	0.22688172043	99	29	3	0	50	0.335570469799
0.16763517688	0.22688172043	100	29	3	0	50	0.333333333333
0.169967285717	0.225806451613	101	29	3	0	50	0.331125827815
0.172619154932	0.224731182796	101	30	3	0	51	0.335526315789
0.1739163456	0.224731182796	101	31	6	0	51	0.335526315789
0.174340198419	0.225806451613	102	31	6	0	51	0.333333333333
0.174787665348	0.22688172043	103	31	6	0	51	0.331168831169
0.17602010058	0.227956989247	104	31	6	0	51	0.329032258065
0.176373988364	0.22688172043	104	32	6	0	52	0.333333333333
0.176759140942	0.220430107527	104	33	15	0	58	0.358024691358
0.177353009481	0.217204301075	104	34	15	0	61	0.369696969697
0.177545014286	0.218279569892	105	34	15	0	61	0.367469879518
0.177899129964	0.21935483871	106	34	15	0	61	0.365269461078
0.178462297783	0.217204301075	106	35	15	0	63	0.372781065089
0.1814510986	0.218279569892	107	35	15	0	63	0.370588235294
0.181477544263	0.21935483871	108	35	15	0	63	0.368421052632
0.181682199489	0.21935483871	109	35	15	0	63	0.366279069767
0.18485100479	0.220430107527	110	35	15	0	63	0.364161849711
0.186291101525	0.221505376344	111	35	15	0	63	0.362068965517
0.187299458167	0.220430107527	112	35	15	0	63	0.36
0.19099674716	0.221505376344	113	35	15	0	63	0.357954545455
0.191824392569	0.221505376344	114	35	15	0	63	0.35593220339
0.19214445116	0.221505376344	114	36	9	0	63	0.35593220339
0.193392188241	0.222580645161	115	36	9	0	63	0.35393258427
0.193509595465	0.215053763441	115	37	15	0	70	0.378378378378
0.193769620082	0.213978494624	116	37	15	0	70	0.376344086022
0.19534867382	0.215053763441	117	37	15	0	70	0.374331550802
0.198578981459	0.216129032258	118	37	15	0	70	0.372340425532
0.199354058072	0.217204301075	119	37	15	0	70	0.37037037037
0.200415475502	0.218279569892	120	37	15	0	70	0.368421052632
0.20086195658	0.217204301075	121	37	15	0	70	0.366492146597
0.20562641741	0.216129032258	122	37	15	0	70	0.364583333333
0.205736361396	0.216129032258	122	38	6	0	70	0.364583333333
0.206471291229	0.217204301075	123	38	6	0	70	0.362694300518
0.207786053456	0.218279569892	124	38	6	0	70	0.360824742268
0.207999137038	0.21935483871	125	38	6	0	70	0.358974358974
0.208742510828	0.218279569892	126	38	6	0	70	0.357142857143
0.212629961848	0.213978494624	126	39	12	0	74	0.37
0.212988466465	0.2	126	40	54	0	87	0.408450704225
0.21518473229	0.201075268817	127	40	54	0	87	0.406542056075
0.21585088224	0.197849462366	127	41	21	0	90	0.414746543779
0.219358203183	0.197849462366	128	41	21	0	90	0.412844036697
0.219358936598	0.197849462366	129	41	21	0	90	0.41095890411
0.220407460148	0.197849462366	129	42	3	0	90	0.41095890411
0.221384704303	0.197849462366	129	43	3	0	90	0.41095890411
0.221718077357	0.197849462366	129	44	3	0	90	0.41095890411
0.222045678127	0.196774193548	129	45	6	0	91	0.413636363636
0.224723361627	0.194623655914	129	46	18	0	93	0.418918918919
0.225334304122	0.195698924731	130	46	18	0	93	0.417040358744
0.226954762995	0.196774193548	131	46	18	0	93	0.415178571429
0.227393272479	0.196774193548	131	47	3	0	93	0.415178571429
0.227809375793	0.197849462366	132	47	3	0	93	0.413333333333
0.228877462733	0.195698924731	132	48	21	0	95	0.418502202643
0.230326491517	0.196774193548	133	48	21	0	95	0.416666666667
0.230434928138	0.197849462366	134	48	21	0	95	0.414847161572
0.230911222561	0.198924731183	135	48	21	0	95	0.413043478261
0.231479001663	0.196774193548	135	49	12	0	97	0.418103448276
0.232727368287	0.197849462366	136	49	12	0	97	0.416309012876
0.234573788031	0.194623655914	136	50	9	0	100	0.423728813559
0.235918271966	0.194623655914	137	50	9	0	100	0.42194092827
0.237225434006	0.194623655914	137	51	3	0	100	0.42194092827
0.237414353001	0.195698924731	138	51	3	0	100	0.420168067227
0.237559175884	0.196774193548	139	51	3	0	100	0.418410041841
0.238075777181	0.196774193548	139	52	3	0	100	0.418410041841
0.238507858816	0.196774193548	139	53	9	0	100	0.418410041841
0.238580566006	0.196774193548	140	53	9	0	100	0.416666666667
0.241425970086	0.197849462366	141	53	9	0	100	0.414937759336
0.24424389605	0.198924731183	142	53	9	0	100	0.413223140496
0.244777197589	0.2	143	53	9	0	100	0.411522633745
0.246079040674	0.201075268817	144	53	9	0	100	0.409836065574
0.246599082341	0.198924731183	144	54	3	0	102	0.414634146341
0.247849132997	0.196774193548	144	55	15	0	104	0.41935483871
0.2504950656	0.195698924731	144	56	6	0	105	0.421686746988
0.251116586556	0.196774193548	145	56	6	0	105	0.42
0.25236532404	0.197849462366	146	56	6	0	105	0.418326693227
0.253251474936	0.197849462366	147	56	6	0	105	0.416666666667
0.253766041188	0.198924731183	148	56	6	0	105	0.415019762846
0.254336592311	0.198924731183	148	57	3	0	105	0.415019762846
0.254738141011	0.198924731183	148	58	6	0	105	0.415019762846
0.258416562377	0.186021505376	148	59	30	0	117	0.441509433962
0.261118684119	0.186021505376	149	59	30	0	117	0.43984962406
0.261722314655	0.187096774194	150	59	30	0	117	0.438202247191
0.262060603803	0.188172043011	151	59	30	0	117	0.436567164179
0.26367411221	0.189247311828	152	59	30	0	117	0.434944237918
0.266455760376	0.190322580645	153	59	30	0	117	0.433333333333
0.267260694436	0.191397849462	154	59	30	0	117	0.431734317343
0.268234027393	0.191397849462	154	60	3	0	117	0.431734317343
0.268637419014	0.19247311828	155	60	3	0	117	0.430147058824
0.26951461289	0.193548387097	156	60	3	0	117	0.428571428571
0.269892012964	0.193548387097	156	61	9	0	117	0.428571428571
0.270721235025	0.194623655914	157	61	9	0	117	0.42700729927
0.273548609388	0.195698924731	158	61	9	0	117	0.425454545455
0.273617937664	0.196774193548	159	61	9	0	117	0.423913043478
0.273824527387	0.197849462366	160	61	9	0	117	0.42238267148
0.275161823744	0.198924731183	161	61	9	0	117	0.420863309353
0.275359618416	0.197849462366	161	62	3	0	118	0.4229390681
0.275980592813	0.198924731183	162	62	3	0	118	0.421428571429
0.276463746414	0.198924731183	162	63	3	0	118	0.421428571429
0.277620219681	0.2	163	63	3	0	118	0.419928825623
0.278326888711	0.201075268817	164	63	3	0	118	0.418439716312
0.283270858585	0.201075268817	164	64	27	0	118	0.418439716312
0.285084575374	0.202150537634	165	64	27	0	118	0.416961130742
0.285483388495	0.203225806452	166	64	27	0	118	0.415492957746
0.286863131442	0.202150537634	167	64	27	0	118	0.414035087719
0.286958535669	0.203225806452	168	64	27	0	118	0.412587412587
0.286980851938	0.204301075269	169	64	27	0	118	0.411149825784
0.28770731081	0.204301075269	170	64	27	0	118	0.409722222222
0.288522801153	0.204301075269	170	65	3	0	118	0.409722222222
0.289078352311	0.204301075269	170	66	3	0	118	0.409722222222
0.29017271306	0.205376344086	171	66	3	0	118	0.40830449827
0.290338521748	0.203225806452	171	67	12	0	120	0.412371134021
0.291613514907	0.202150537634	172	67	12	0	120	0.41095890411
0.293057355288	0.203225806452	173	67	12	0	120	0.409556313993
0.293579712577	0.204301075269	174	67	12	0	120	0.408163265306
0.293727931135	0.205376344086	175	67	12	0	120	0.406779661017
0.293858156488	0.206451612903	176	67	12	0	120	0.405405405405
0.295466396166	0.206451612903	177	67	12	0	120	0.40404040404
0.296021760031	0.20752688172	178	67	12	0	120	0.402684563758
0.296160044918	0.20752688172	178	68	3	0	120	0.402684563758
0.298217547213	0.208602150538	179	68	3	0	120	0.401337792642
0.299887409151	0.209677419355	180	68	3	0	120	0.4
0.300812865454	0.208602150538	181	68	3	0	120	0.398671096346
0.302144364848	0.206451612903	181	69	9	0	122	0.402640264026
0.302911783054	0.20752688172	182	69	9	0	122	0.401315789474
0.303140836033	0.208602150538	183	69	9	0	122	0.4
0.303522968716	0.209677419355	184	69	9	0	122	0.398692810458
0.303559879023	0.208602150538	185	69	9	0	122	0.397394136808
0.303946554721	0.209677419355	186	69	9	0	122	0.396103896104
0.310080737794	0.208602150538	186	70	6	0	123	0.398058252427
0.310451822857	0.209677419355	187	70	6	0	123	0.396774193548
0.311741669441	0.208602150538	187	71	6	0	124	0.398713826367
0.313588150968	0.209677419355	188	71	6	0	124	0.397435897436
0.314375191573	0.208602150538	189	71	6	0	124	0.396166134185
0.314686998956	0.208602150538	189	72	6	0	124	0.396166134185
0.315536263399	0.208602150538	190	72	6	0	124	0.394904458599
0.315646544044	0.208602150538	190	73	3	0	124	0.394904458599
0.315975195641	0.209677419355	191	73	3	0	124	0.393650793651
0.316100293805	0.209677419355	192	73	3	0	124	0.392405063291
0.318296003867	0.210752688172	193	73	3	0	124	0.391167192429
0.320487002813	0.210752688172	194	73	3	0	124	0.389937106918
0.321809719598	0.211827956989	195	73	3	0	124	0.388714733542
0.324488227429	0.212903225806	196	73	3	0	124	0.3875
0.324607821551	0.213978494624	197	73	3	0	124	0.386292834891
0.324621810783	0.215053763441	198	73	3	0	124	0.385093167702
0.324677486702	0.20752688172	198	74	9	0	131	0.398176291793
0.327355493317	0.208602150538	199	74	9	0	131	0.39696969697
0.329719055921	0.209677419355	200	74	9	0	131	0.395770392749
0.330675916486	0.209677419355	201	74	9	0	131	0.394578313253
0.330950020325	0.209677419355	201	75	9	0	131	0.394578313253
0.33640618103	0.210752688172	202	75	9	0	131	0.393393393393
0.337322278565	0.211827956989	203	75	9	0	131	0.392215568862
0.337786098926	0.20752688172	203	76	27	0	135	0.399408284024
0.338249721707	0.20752688172	204	76	27	0	135	0.398230088496
0.339114811216	0.208602150538	205	76	27	0	135	0.397058823529
0.339523363798	0.209677419355	206	76	27	0	135	0.395894428152
0.339846942338	0.209677419355	206	77	9	0	135	0.395894428152
0.341204427464	0.20752688172	206	78	21	0	137	0.399416909621
0.342824445444	0.20752688172	206	79	3	0	137	0.399416909621
0.343171590804	0.208602150538	207	79	3	0	137	0.398255813953
0.344043804746	0.209677419355	208	79	3	0	137	0.397101449275
0.345050699045	0.208602150538	208	80	3	0	138	0.398843930636
0.347064371427	0.209677419355	209	80	3	0	138	0.397694524496
0.347425046739	0.210752688172	210	80	3	0	138	0.396551724138
0.348089671308	0.211827956989	211	80	3	0	138	0.395415472779
0.349384237722	0.210752688172	211	81	3	0	139	0.397142857143
0.350602883804	0.196774193548	211	82	30	0	152	0.418732782369
0.35068080777	0.196774193548	211	83	3	0	152	0.418732782369
0.353306398598	0.191397849462	211	84	6	0	157	0.426630434783
0.353518483696	0.189247311828	211	85	15	0	159	0.42972972973
0.354353098152	0.189247311828	212	85	15	0	159	0.428571428571
0.354784052306	0.190322580645	213	85	15	0	159	0.427419354839
0.35620453	0.188172043011	213	86	12	0	161	0.430481283422
0.357441407233	0.189247311828	214	86	12	0	161	0.429333333333
0.359107091388	0.190322580645	215	86	12	0	161	0.428191489362
0.360332889141	0.191397849462	216	86	12	0	161	0.427055702918
0.360694315649	0.19247311828	217	86	12	0	161	0.425925925926
0.361517037603	0.193548387097	218	86	12	0	161	0.424802110818
0.362161517866	0.184946236559	218	87	33	0	169	0.43669250646
0.362776622582	0.186021505376	219	87	33	0	169	0.435567010309
0.363824954621	0.186021505376	219	88	9	0	169	0.435567010309
0.364525972382	0.187096774194	220	88	9	0	169	0.434447300771
0.365096220666	0.187096774194	221	88	9	0	169	0.433333333333
0.365720367862	0.188172043011	222	88	9	0	169	0.432225063939
0.366572523802	0.186021505376	222	89	12	0	171	0.435114503817
0.36794656816	0.187096774194	223	89	12	0	171	0.434010152284
0.368326036019	0.188172043011	224	89	12	0	171	0.432911392405
0.368355347519	0.187096774194	224	90	6	0	172	0.434343434343
0.368566967348	0.186021505376	224	91	3	0	173	0.435768261965
0.368936525363	0.181720430108	224	92	18	0	177	0.441396508728
0.369280381902	0.182795698925	225	92	18	0	177	0.440298507463
0.369773593521	0.183870967742	226	92	18	0	177	0.439205955335
0.371123878848	0.184946236559	227	92	18	0	177	0.438118811881
0.371576804676	0.184946236559	228	92	18	0	177	0.437037037037
0.371703078809	0.186021505376	229	92	18	0	177	0.435960591133
0.372607366857	0.187096774194	230	92	18	0	177	0.434889434889
0.373662033598	0.188172043011	231	92	18	0	177	0.433823529412
0.375720483969	0.189247311828	232	92	18	0	177	0.432762836186
0.376250112835	0.190322580645	233	92	18	0	177	0.431707317073
0.37743454606	0.191397849462	234	92	18	0	177	0.430656934307
0.377554244803	0.190322580645	235	92	18	0	177	0.429611650485
0.378054997512	0.188172043011	235	93	3	0	179	0.432367149758
0.378721301031	0.189247311828	236	93	3	0	179	0.431325301205
0.379195383785	0.188172043011	236	94	6	0	180	0.432692307692
0.379460003816	0.188172043011	237	94	6	0	180	0.431654676259
0.380584652861	0.186021505376	237	95	21	0	182	0.434367541766
0.382086735647	0.187096774194	238	95	21	0	182	0.433333333333
0.383805660694	0.188172043011	239	95	21	0	182	0.432304038005
0.386411806904	0.187096774194	239	96	3	0	183	0.4336492891
0.387256118862	0.188172043011	240	96	3	0	183	0.432624113475
0.388756241686	0.188172043011	240	97	3	0	183	0.432624113475
0.389425684093	0.184946236559	240	98	9	0	186	0.43661971831
0.389570710749	0.183870967742	240	99	12	0	187	0.43793911007
0.3917876578	0.184946236559	241	99	12	0	187	0.43691588785
0.392035678511	0.177419354839	241	100	21	0	194	0.445977011494
0.394386235575	0.178494623656	242	100	21	0	194	0.44495412844
0.395087703738	0.178494623656	242	101	3	0	194	0.44495412844
0.397748156635	0.179569892473	243	101	3	0	194	0.443935926773
0.397882391547	0.18064516129	244	101	3	0	194	0.442922374429
0.399299373108	0.181720430108	245	101	3	0	194	0.441913439636
0.399509737087	0.182795698925	246	101	3	0	194	0.440909090909
0.40135169672	0.183870967742	247	101	3	0	194	0.439909297052
0.404842903235	0.184946236559	248	101	3	0	194	0.438914027149
0.405056852757	0.186021505376	249	101	3	0	194	0.437923250564
0.406312565955	0.184946236559	249	102	9	0	195	0.439189189189
0.407464698435	0.183870967742	250	102	9	0	195	0.438202247191
0.407623911962	0.182795698925	250	103	6	0	196	0.439461883408
0.41033957249	0.181720430108	251	103	6	0	196	0.438478747204
0.411034612959	0.182795698925	252	103	6	0	196	0.4375
0.411285295033	0.183870967742	253	103	6	0	196	0.436525612472
0.411973016724	0.184946236559	254	103	6	0	196	0.435555555556
0.412298235139	0.184946236559	255	103	6	0	196	0.434589800443
0.413627918584	0.186021505376	256	103	6	0	196	0.433628318584
0.41374315125	0.187096774194	257	103	6	0	196	0.432671081678
0.414148572303	0.188172043011	258	103	6	0	196	0.431718061674
0.418003949525	0.189247311828	259	103	6	0	196	0.430769230769
0.419895740566	0.190322580645	260	103	6	0	196	0.429824561404
0.420508475005	0.191397849462	261	103	6	0	196	0.428884026258
0.422435604059	0.188172043011	261	104	21	0	199	0.432608695652
0.423014426486	0.189247311828	262	104	21	0	199	0.431670281996
0.426066969437	0.190322580645	263	104	21	0	199	0.430735930736
0.426458683516	0.191397849462	264	104	21	0	199	0.429805615551
0.426997468959	0.19247311828	265	104	21	0	199	0.428879310345
0.427922210547	0.193548387097	266	104	21	0	199	0.427956989247
0.430259474049	0.194623655914	267	104	21	0	199	0.427038626609
0.431110257201	0.195698924731	268	104	21	0	199	0.426124197002
0.434864582836	0.196774193548	269	104	21	0	199	0.425213675214
0.437676425121	0.197849462366	270	104	21	0	199	0.424307036247
0.438333442795	0.197849462366	271	104	21	0	199	0.423404255319
0.439260044118	0.198924731183	272	104	21	0	199	0.422505307856
0.439399980769	0.2	273	104	21	0	199	0.421610169492
0.442722213087	0.201075268817	274	104	21	0	199	0.420718816068
0.443258392335	0.202150537634	275	104	21	0	199	0.419831223629
0.447578274907	0.202150537634	275	105	6	0	199	0.419831223629
0.44797569015	0.203225806452	276	105	6	0	199	0.418947368421
0.449621075419	0.203225806452	277	105	6	0	199	0.418067226891
0.450424653907	0.204301075269	278	105	6	0	199	0.417190775681
0.453736937393	0.203225806452	279	105	6	0	199	0.416317991632
0.454333328388	0.204301075269	280	105	6	0	199	0.415448851775
0.456262866107	0.204301075269	281	105	6	0	199	0.414583333333
0.457163331668	0.202150537634	281	106	9	0	201	0.417012448133
0.457265343622	0.203225806452	282	106	9	0	201	0.416149068323
0.457534715218	0.202150537634	282	107	3	0	202	0.417355371901
0.457703489117	0.202150537634	283	107	3	0	202	0.416494845361
0.461054781295	0.201075268817	283	108	6	0	203	0.417695473251
0.464277422117	0.202150537634	284	108	6	0	203	0.416837782341
0.465647849812	0.203225806452	285	108	6	0	203	0.415983606557
0.466618616432	0.204301075269	286	108	6	0	203	0.415132924335
0.466651903157	0.203225806452	287	108	6	0	203	0.414285714286
0.46800849029	0.201075268817	287	109	9	0	205	0.416666666667
0.469374332683	0.2	287	110	15	0	206	0.41784989858
0.469571896401	0.201075268817	288	110	15	0	206	0.417004048583
0.46991657091	0.202150537634	289	110	15	0	206	0.416161616162
0.470043580419	0.198924731183	289	111	27	0	209	0.419678714859
0.471751043693	0.198924731183	289	112	18	0	209	0.419678714859
0.472932357814	0.2	290	112	18	0	209	0.418837675351
0.474990238288	0.201075268817	291	112	18	0	209	0.418
0.476768478987	0.196774193548	291	113	12	0	213	0.422619047619
0.480519986059	0.197849462366	292	113	12	0	213	0.421782178218
0.482767178062	0.197849462366	292	114	3	0	213	0.421782178218
0.483278872935	0.198924731183	293	114	3	0	213	0.420948616601
0.483461271048	0.2	294	114	3	0	213	0.420118343195
0.484466633685	0.198924731183	295	114	3	0	213	0.419291338583
0.484835977136	0.2	296	114	3	0	213	0.418467583497
0.489033779572	0.2	297	114	3	0	213	0.417647058824
0.491948148752	0.201075268817	298	114	3	0	213	0.416829745597
0.49526513227	0.201075268817	299	114	3	0	213	0.416015625
0.496306554311	0.201075268817	300	114	3	0	213	0.415204678363
0.496388048215	0.2	301	114	3	0	213	0.41439688716
0.497283350317	0.201075268817	302	114	3	0	213	0.41359223301
0.49743992585	0.2	303	114	3	0	213	0.412790697674
0.497447800501	0.201075268817	304	114	3	0	213	0.411992263056
0.497667610255	0.202150537634	305	114	3	0	213	0.411196911197
0.497829109331	0.2	305	115	9	0	215	0.413461538462
0.498070562573	0.198924731183	306	115	9	0	215	0.412667946257
0.499830594675	0.2	307	115	9	0	215	0.411877394636
0.5004918423	0.198924731183	307	116	6	0	216	0.413001912046
0.501410698716	0.197849462366	307	117	3	0	217	0.414122137405
0.501889196604	0.198924731183	308	117	3	0	217	0.413333333333
0.501892480166	0.2	309	117	3	0	217	0.412547528517
0.503041629732	0.201075268817	310	117	3	0	217	0.411764705882
0.503412656169	0.201075268817	311	117	3	0	217	0.410984848485
0.503696883236	0.202150537634	312	117	3	0	217	0.410207939509
0.50419200944	0.203225806452	313	117	3	0	217	0.409433962264
0.504945730246	0.204301075269	314	117	3	0	217	0.408662900188
0.507150780212	0.205376344086	315	117	3	0	217	0.407894736842
0.509488144537	0.2	315	118	21	0	222	0.413407821229
0.509493184201	0.201075268817	316	118	21	0	222	0.412639405204
0.510558082004	0.202150537634	317	118	21	0	222	0.411873840445
0.515797461139	0.202150537634	318	118	21	0	222	0.411111111111
0.517299223854	0.203225806452	319	118	21	0	222	0.410351201479
0.517482175866	0.204301075269	320	118	21	0	222	0.409594095941
0.52231278372	0.205376344086	321	118	21	0	222	0.408839779006
0.523188713235	0.206451612903	322	118	21	0	222	0.408088235294
0.524533229394	0.20752688172	323	118	21	0	222	0.407339449541
0.525652269147	0.208602150538	324	118	21	0	222	0.406593406593
0.527553251597	0.20752688172	325	118	21	0	222	0.405850091408
0.528600374322	0.208602150538	326	118	21	0	222	0.405109489051
0.534972834728	0.209677419355	327	118	21	0	222	0.404371584699
0.53497325159	0.210752688172	328	118	21	0	222	0.403636363636
0.535074823393	0.211827956989	329	118	21	0	222	0.402903811252
0.539313045898	0.210752688172	329	119	30	0	223	0.403985507246
0.539370339305	0.210752688172	330	119	30	0	223	0.403254972875
0.540133292804	0.210752688172	330	120	3	0	223	0.403254972875
0.543181887829	0.210752688172	331	120	3	0	223	0.402527075812
0.545859341911	0.211827956989	332	120	3	0	223	0.401801801802
0.546109610585	0.211827956989	332	121	9	0	223	0.401801801802
0.547662566367	0.212903225806	333	121	9	0	223	0.401079136691
0.548575195836	0.213978494624	334	121	9	0	223	0.400359066427
0.548885032725	0.215053763441	335	121	9	0	223	0.399641577061
0.550134740488	0.216129032258	336	121	9	0	223	0.398926654741
0.550230403963	0.217204301075	337	121	9	0	223	0.398214285714
0.551751489551	0.216129032258	337	122	9	0	224	0.399286987522
0.552590319648	0.217204301075	338	122	9	0	224	0.398576512456
0.553022088363	0.218279569892	339	122	9	0	224	0.397868561279
0.553943372535	0.217204301075	340	122	9	0	224	0.397163120567
0.554109116352	0.218279569892	341	122	9	0	224	0.396460176991
0.555474196433	0.21935483871	342	122	9	0	224	0.395759717314
0.555878278682	0.218279569892	342	123	6	0	225	0.396825396825
0.557313766835	0.217204301075	343	123	6	0	225	0.396126760563
0.557785766379	0.218279569892	344	123	6	0	225	0.395430579965
0.56090624502	0.21935483871	345	123	6	0	225	0.394736842105
0.562829139456	0.220430107527	346	123	6	0	225	0.394045534151
0.563513041429	0.221505376344	347	123	6	0	225	0.393356643357
0.564299043202	0.221505376344	348	123	6	0	225	0.392670157068
0.564753731218	0.221505376344	348	124	3	0	225	0.392670157068
0.565460398456	0.222580645161	349	124	3	0	225	0.391986062718
0.570422492033	0.223655913978	350	124	3	0	225	0.391304347826
0.570616247694	0.224731182796	351	124	3	0	225	0.390625
0.572916176969	0.221505376344	351	125	3	0	228	0.39378238342
0.573096536458	0.221505376344	352	125	3	0	228	0.393103448276
0.574654300286	0.222580645161	353	125	3	0	228	0.392426850258
0.576585046874	0.221505376344	354	125	3	0	228	0.39175257732
0.578115538504	0.222580645161	355	125	3	0	228	0.391080617496
0.579566767388	0.223655913978	356	125	3	0	228	0.390410958904
0.579975807786	0.224731182796	357	125	3	0	228	0.389743589744
0.581111727264	0.223655913978	358	125	3	0	228	0.389078498294
0.581624406461	0.224731182796	359	125	3	0	228	0.388415672913
0.583349453527	0.225806451613	360	125	3	0	228	0.387755102041
0.583807754973	0.210752688172	360	126	36	0	242	0.401993355482
0.584056239491	0.211827956989	361	126	36	0	242	0.401326699834
0.588566394634	0.212903225806	362	126	36	0	242	0.400662251656
0.589111398517	0.213978494624	363	126	36	0	242	0.4
0.595669535185	0.215053763441	364	126	36	0	242	0.399339933993
0.599401996104	0.216129032258	365	126	36	0	242	0.398682042834
0.600034806288	0.212903225806	365	127	9	0	245	0.401639344262
0.603474316142	0.213978494624	366	127	9	0	245	0.400981996727
0.603962795923	0.215053763441	367	127	9	0	245	0.400326797386
0.607844565294	0.216129032258	368	127	9	0	245	0.399673735726
0.609233763918	0.217204301075	369	127	9	0	245	0.399022801303
0.612132177991	0.218279569892	370	127	9	0	245	0.39837398374
0.612886243105	0.216129032258	370	128	21	0	247	0.400324149109
0.61369194238	0.215053763441	370	129	6	0	248	0.401294498382
0.613753760733	0.211827956989	370	130	15	0	251	0.404186795491
0.613823228723	0.212903225806	371	130	15	0	251	0.403536977492
0.615467611957	0.211827956989	372	130	15	0	251	0.402889245586
0.616080541849	0.209677419355	372	131	12	0	253	0.4048
0.61805206684	0.210752688172	373	131	12	0	253	0.404153354633
0.61805741754	0.211827956989	374	131	12	0	253	0.40350877193
0.619829174815	0.210752688172	374	132	3	0	254	0.404458598726
0.621713199727	0.210752688172	374	133	6	0	254	0.404458598726
0.622455371453	0.202150537634	374	134	12	0	262	0.411949685535
0.622504384611	0.202150537634	375	134	12	0	262	0.411302982732
0.622747770177	0.201075268817	376	134	12	0	262	0.41065830721
0.623444012332	0.201075268817	376	135	3	0	262	0.41065830721
0.623478755678	0.202150537634	377	135	3	0	262	0.410015649452
0.625951726186	0.203225806452	378	135	3	0	262	0.409375
0.626536817286	0.204301075269	379	135	3	0	262	0.408736349454
0.626693360276	0.205376344086	380	135	3	0	262	0.408099688474
0.627256012957	0.206451612903	381	135	3	0	262	0.407465007776
0.628076107983	0.20752688172	382	135	3	0	262	0.406832298137
0.628114300025	0.208602150538	383	135	3	0	262	0.406201550388
0.628256855745	0.20752688172	384	135	3	0	262	0.405572755418
0.6284898541	0.208602150538	385	135	3	0	262	0.404945904173
0.6294771152	0.208602150538	386	135	3	0	262	0.404320987654
0.631016782893	0.208602150538	387	135	3	0	262	0.403697996918
0.631151644963	0.209677419355	388	135	3	0	262	0.403076923077
0.631992583238	0.209677419355	389	135	3	0	262	0.402457757296
0.634258513647	0.210752688172	390	135	3	0	262	0.401840490798
0.636210621166	0.211827956989	391	135	3	0	262	0.401225114855
0.636866712169	0.20752688172	391	136	12	0	266	0.404870624049
0.637401488155	0.20752688172	392	136	12	0	266	0.404255319149
0.638266062042	0.208602150538	393	136	12	0	266	0.403641881639
0.642140873561	0.209677419355	394	136	12	0	266	0.40303030303
0.642517800254	0.208602150538	395	136	12	0	266	0.402420574887
0.642775166441	0.20752688172	396	136	12	0	266	0.401812688822
0.643365917238	0.203225806452	396	137	6	0	270	0.405405405405
0.643417400899	0.204301075269	397	137	6	0	270	0.404797601199
0.644807599168	0.191397849462	397	138	30	0	282	0.415316642121
0.647375032322	0.191397849462	398	138	30	0	282	0.414705882353
0.65026315746	0.19247311828	399	138	30	0	282	0.4140969163
0.650562980067	0.191397849462	400	138	30	0	282	0.41348973607
0.650634804873	0.190322580645	400	139	9	0	283	0.414348462665
0.652812074959	0.191397849462	401	139	9	0	283	0.413742690058
0.654636328511	0.190322580645	402	139	9	0	283	0.413138686131
0.654805895794	0.189247311828	402	140	6	0	284	0.413994169096
0.656467045511	0.190322580645	403	140	6	0	284	0.413391557496
0.656725395022	0.191397849462	404	140	6	0	284	0.412790697674
0.657621082675	0.19247311828	405	140	6	0	284	0.412191582003
0.658526579405	0.191397849462	406	140	6	0	284	0.411594202899
0.658634631617	0.19247311828	407	140	6	0	284	0.410998552822
0.658727876993	0.193548387097	408	140	6	0	284	0.410404624277
0.659380444508	0.194623655914	409	140	6	0	284	0.409812409812
0.660634002784	0.186021505376	409	141	21	0	292	0.416547788873
0.660886018286	0.184946236559	410	141	21	0	292	0.415954415954
0.661035900279	0.184946236559	411	141	21	0	292	0.415362731152
0.661923351485	0.183870967742	411	142	6	0	293	0.416193181818
0.662373730096	0.184946236559	412	142	6	0	293	0.415602836879
0.663149989084	0.186021505376	413	142	6	0	293	0.415014164306
0.663357848773	0.187096774194	414	142	6	0	293	0.414427157001
