# time 	 divergence 	 # of mutations 	 # IGC chances 	 IGC length 	 # IGC failures 	 Changes due to IGC  	 % change due to IGC 
0.0	0.210752688172	0	0	0	0	0	0.0
0.00221279281414	0.210752688172	0	1	3	0	0	0.0
0.00269262880964	0.211827956989	1	1	3	0	0	0.0
0.00314596876484	0.212903225806	2	1	3	0	0	0.0
0.00404689617255	0.212903225806	3	1	3	0	0	0.0
0.00491071902889	0.211827956989	3	2	3	0	1	0.25
0.00534808474963	0.210752688172	3	3	3	0	2	0.4
0.00692719855252	0.210752688172	3	4	3	0	2	0.4
0.00700669982095	0.209677419355	4	4	3	0	2	0.333333333333
0.0075397592165	0.208602150538	5	4	3	0	2	0.285714285714
0.0081080442112	0.209677419355	6	4	3	0	2	0.25
0.00900451618567	0.210752688172	7	4	3	0	2	0.222222222222
0.00990063417428	0.210752688172	7	5	3	0	2	0.222222222222
0.0111670947329	0.211827956989	8	5	3	0	2	0.2
0.0116386714971	0.212903225806	9	5	3	0	2	0.181818181818
0.011993028213	0.213978494624	10	5	3	0	2	0.166666666667
0.0121437191584	0.213978494624	11	5	3	0	2	0.153846153846
0.0123019446586	0.212903225806	12	5	3	0	2	0.142857142857
0.0148297172356	0.213978494624	13	5	3	0	2	0.133333333333
0.0151185212347	0.213978494624	14	5	3	0	2	0.125
0.0151406192937	0.213978494624	14	6	3	0	2	0.125
0.0154644374716	0.215053763441	15	6	3	0	2	0.117647058824
0.0174801672486	0.213978494624	15	7	3	0	3	0.166666666667
0.0180642497087	0.215053763441	16	7	3	0	3	0.157894736842
0.0196273660016	0.216129032258	17	7	3	0	3	0.15
0.0204143494836	0.217204301075	18	7	3	0	3	0.142857142857
0.0207863150618	0.216129032258	18	8	3	0	4	0.181818181818
0.0215611245559	0.216129032258	18	9	3	0	4	0.181818181818
0.0215935181293	0.217204301075	19	9	3	0	4	0.173913043478
0.0216398593205	0.216129032258	20	9	3	0	4	0.166666666667
0.0224811523677	0.217204301075	21	9	3	0	4	0.16
0.0234588838046	0.216129032258	21	10	3	0	5	0.192307692308
0.0236630171628	0.217204301075	22	10	3	0	5	0.185185185185
0.0244253496807	0.218279569892	23	10	3	0	5	0.178571428571
0.0269311266958	0.217204301075	24	10	3	0	5	0.172413793103
0.0276328406531	0.216129032258	24	11	3	0	6	0.2
0.02803813242	0.216129032258	25	11	3	0	6	0.193548387097
0.0281661382419	0.215053763441	25	12	3	0	7	0.21875
0.0293504927634	0.215053763441	26	12	3	0	7	0.212121212121
0.0295346793018	0.215053763441	26	13	3	0	7	0.212121212121
0.0320517117802	0.213978494624	26	14	3	0	8	0.235294117647
0.0326403494844	0.213978494624	27	14	3	0	8	0.228571428571
0.0342912669691	0.212903225806	27	15	3	0	9	0.25
0.0361718502125	0.213978494624	28	15	3	0	9	0.243243243243
0.0371848782592	0.213978494624	28	16	3	0	9	0.243243243243
0.0387424411976	0.212903225806	29	16	3	0	9	0.236842105263
0.0414508707549	0.211827956989	29	17	3	0	10	0.25641025641
0.0421805395287	0.212903225806	30	17	3	0	10	0.25
0.0430907052363	0.213978494624	31	17	3	0	10	0.243902439024
0.0433805775151	0.215053763441	32	17	3	0	10	0.238095238095
0.0437626346457	0.215053763441	32	18	3	0	10	0.238095238095
0.0443428743728	0.216129032258	33	18	3	0	10	0.232558139535
0.045162587376	0.215053763441	33	19	3	0	11	0.25
0.0474917423718	0.216129032258	34	19	3	0	11	0.244444444444
0.0482551371921	0.215053763441	34	20	3	0	12	0.260869565217
0.0485866579432	0.216129032258	35	20	3	0	12	0.255319148936
0.0493450643573	0.217204301075	36	20	3	0	12	0.25
0.04972334305	0.217204301075	36	21	3	0	12	0.25
0.050786590875	0.217204301075	36	22	3	0	12	0.25
0.0511104181269	0.213978494624	36	23	3	0	15	0.294117647059
0.0511802355447	0.215053763441	37	23	3	0	15	0.288461538462
0.0515323551048	0.213978494624	37	24	3	0	16	0.301886792453
0.051827298626	0.215053763441	38	24	3	0	16	0.296296296296
0.0525330497905	0.216129032258	39	24	3	0	16	0.290909090909
0.0546738485585	0.217204301075	40	24	3	0	16	0.285714285714
0.0557767192416	0.218279569892	41	24	3	0	16	0.280701754386
0.0561571434763	0.217204301075	41	25	3	0	17	0.293103448276
0.05757555446	0.218279569892	42	25	3	0	17	0.28813559322
0.0588521400678	0.217204301075	43	25	3	0	17	0.283333333333
0.0598169078735	0.218279569892	44	25	3	0	17	0.27868852459
0.0603184700957	0.21935483871	45	25	3	0	17	0.274193548387
0.0620893611739	0.21935483871	45	26	3	0	17	0.274193548387
0.0634009860273	0.220430107527	46	26	3	0	17	0.269841269841
0.0641886099824	0.21935483871	47	26	3	0	17	0.265625
0.0655035197476	0.218279569892	48	26	3	0	17	0.261538461538
0.0670468814633	0.21935483871	49	26	3	0	17	0.257575757576
0.0686487568667	0.220430107527	50	26	3	0	17	0.253731343284
0.0688019916044	0.21935483871	50	27	3	0	18	0.264705882353
0.0700690631044	0.218279569892	50	28	3	0	19	0.275362318841
0.0712213869601	0.21935483871	51	28	3	0	19	0.271428571429
0.0714298159878	0.220430107527	52	28	3	0	19	0.267605633803
0.0717832179986	0.221505376344	53	28	3	0	19	0.263888888889
0.07203230523	0.222580645161	54	28	3	0	19	0.260273972603
0.0739479247863	0.221505376344	54	29	3	0	20	0.27027027027
0.0777882775075	0.222580645161	55	29	3	0	20	0.266666666667
0.0781873813065	0.221505376344	56	29	3	0	20	0.263157894737
0.0798768817254	0.221505376344	57	29	3	0	20	0.25974025974
0.0808463966149	0.221505376344	58	29	3	0	20	0.25641025641
0.0809960557163	0.221505376344	58	30	3	0	20	0.25641025641
0.0810912714248	0.220430107527	58	31	3	0	21	0.26582278481
0.0832535478012	0.220430107527	58	32	3	0	21	0.26582278481
0.0847906256965	0.21935483871	58	33	3	0	22	0.275
0.0851746861097	0.220430107527	59	33	3	0	22	0.271604938272
0.0852448892151	0.221505376344	60	33	3	0	22	0.268292682927
0.0892816909129	0.220430107527	61	33	3	0	22	0.265060240964
0.0895624880141	0.221505376344	62	33	3	0	22	0.261904761905
0.0899061752502	0.222580645161	63	33	3	0	22	0.258823529412
0.092319943796	0.222580645161	64	33	3	0	22	0.255813953488
0.0927073497537	0.220430107527	64	34	3	0	24	0.272727272727
0.0950431515118	0.221505376344	65	34	3	0	24	0.269662921348
0.0960382923981	0.220430107527	65	35	3	0	25	0.277777777778
0.0966713009885	0.221505376344	66	35	3	0	25	0.274725274725
0.0982529711391	0.222580645161	67	35	3	0	25	0.271739130435
0.0993546436391	0.221505376344	67	36	3	0	26	0.279569892473
0.10090222391	0.222580645161	68	36	3	0	26	0.276595744681
0.101457640241	0.223655913978	69	36	3	0	26	0.273684210526
0.10391340652	0.224731182796	70	36	3	0	26	0.270833333333
0.10515297526	0.222580645161	70	37	3	0	28	0.285714285714
0.105672939133	0.221505376344	70	38	3	0	29	0.292929292929
0.10899719104	0.221505376344	70	39	3	0	29	0.292929292929
0.109479071501	0.221505376344	70	40	3	0	29	0.292929292929
0.110936451517	0.221505376344	71	40	3	0	29	0.29
0.111219208086	0.222580645161	72	40	3	0	29	0.287128712871
0.112403149449	0.223655913978	73	40	3	0	29	0.28431372549
0.112589261556	0.222580645161	74	40	3	0	29	0.281553398058
0.112817624589	0.222580645161	74	41	3	0	29	0.281553398058
0.115053574945	0.223655913978	75	41	3	0	29	0.278846153846
0.115441611964	0.223655913978	75	42	3	0	29	0.278846153846
0.115880220961	0.224731182796	76	42	3	0	29	0.27619047619
0.116811367453	0.224731182796	77	42	3	0	29	0.27358490566
0.116973464074	0.225806451613	78	42	3	0	29	0.271028037383
0.117763084388	0.22688172043	79	42	3	0	29	0.268518518519
0.117845402179	0.227956989247	80	42	3	0	29	0.266055045872
0.118123019962	0.227956989247	80	43	3	0	29	0.266055045872
0.119626665107	0.22688172043	81	43	3	0	29	0.263636363636
0.119725237106	0.227956989247	82	43	3	0	29	0.261261261261
0.120576725036	0.227956989247	83	43	3	0	29	0.258928571429
0.121134921602	0.22688172043	84	43	3	0	29	0.256637168142
0.121298994766	0.227956989247	85	43	3	0	29	0.254385964912
0.121329027182	0.227956989247	85	44	3	0	29	0.254385964912
0.12186540189	0.229032258065	86	44	3	0	29	0.252173913043
0.122014952568	0.229032258065	86	45	3	0	29	0.252173913043
0.124545549798	0.229032258065	86	46	3	0	29	0.252173913043
0.126205281941	0.230107526882	87	46	3	0	29	0.25
0.126345270716	0.231182795699	88	46	3	0	29	0.247863247863
0.127063048511	0.231182795699	89	46	3	0	29	0.245762711864
0.129109378913	0.232258064516	90	46	3	0	29	0.243697478992
0.129283876262	0.231182795699	90	47	3	0	30	0.25
0.129878444044	0.231182795699	91	47	3	0	30	0.247933884298
0.132382055813	0.231182795699	91	48	3	0	30	0.247933884298
0.132996136603	0.231182795699	91	49	3	0	30	0.247933884298
0.133487059636	0.232258064516	92	49	3	0	30	0.245901639344
0.13481369579	0.233333333333	93	49	3	0	30	0.243902439024
0.137398580941	0.232258064516	93	50	3	0	31	0.25
0.137424610469	0.233333333333	94	50	3	0	31	0.248
0.137568430351	0.232258064516	95	50	3	0	31	0.246031746032
0.137666977751	0.232258064516	96	50	3	0	31	0.244094488189
0.138703148621	0.232258064516	96	51	3	0	31	0.244094488189
0.141772465349	0.231182795699	96	52	3	0	32	0.25
0.142408148663	0.232258064516	97	52	3	0	32	0.248062015504
0.142537178701	0.233333333333	98	52	3	0	32	0.246153846154
0.142794687471	0.233333333333	98	53	3	0	32	0.246153846154
0.14555029602	0.233333333333	98	54	3	0	32	0.246153846154
0.145946487677	0.234408602151	99	54	3	0	32	0.24427480916
0.149128477975	0.234408602151	100	54	3	0	32	0.242424242424
0.150219684258	0.234408602151	100	55	3	0	32	0.242424242424
0.150775030727	0.235483870968	101	55	3	0	32	0.240601503759
0.151878178754	0.236559139785	102	55	3	0	32	0.238805970149
0.152256657524	0.236559139785	102	56	3	0	32	0.238805970149
0.155105713741	0.236559139785	102	57	3	0	32	0.238805970149
0.155921426996	0.237634408602	103	57	3	0	32	0.237037037037
0.155955996727	0.238709677419	104	57	3	0	32	0.235294117647
0.157445395645	0.237634408602	104	58	3	0	33	0.240875912409
0.157609202702	0.236559139785	105	58	3	0	33	0.239130434783
0.157683760969	0.237634408602	106	58	3	0	33	0.237410071942
0.158305932268	0.238709677419	107	58	3	0	33	0.235714285714
0.159471272004	0.239784946237	108	58	3	0	33	0.234042553191
0.162213100549	0.238709677419	109	58	3	0	33	0.232394366197
0.164115639085	0.237634408602	109	59	3	0	34	0.237762237762
0.16487553537	0.238709677419	110	59	3	0	34	0.236111111111
0.166520768709	0.238709677419	110	60	3	0	34	0.236111111111
0.166939543599	0.237634408602	110	61	3	0	35	0.241379310345
0.167664340058	0.237634408602	111	61	3	0	35	0.239726027397
0.167731570155	0.238709677419	112	61	3	0	35	0.238095238095
0.169249966548	0.238709677419	113	61	3	0	35	0.236486486486
0.170326551061	0.239784946237	114	61	3	0	35	0.234899328859
0.170784214896	0.240860215054	115	61	3	0	35	0.233333333333
0.170829895322	0.240860215054	116	61	3	0	35	0.23178807947
0.172161942766	0.241935483871	117	61	3	0	35	0.230263157895
0.17258907009	0.240860215054	118	61	3	0	35	0.228758169935
0.174547557022	0.241935483871	119	61	3	0	35	0.227272727273
0.176915617064	0.240860215054	119	62	3	0	36	0.232258064516
0.176944072006	0.240860215054	119	63	3	0	36	0.232258064516
0.177728717291	0.240860215054	120	63	3	0	36	0.230769230769
0.178576813231	0.239784946237	120	64	3	0	37	0.235668789809
0.179648929884	0.238709677419	121	64	3	0	37	0.23417721519
0.182674035599	0.239784946237	122	64	3	0	37	0.232704402516
0.182708456227	0.239784946237	122	65	3	0	37	0.232704402516
0.183114375865	0.238709677419	123	65	3	0	37	0.23125
0.183752726166	0.239784946237	124	65	3	0	37	0.229813664596
0.185793714566	0.238709677419	124	66	3	0	38	0.234567901235
0.185805090345	0.237634408602	124	67	3	0	39	0.239263803681
0.186530184648	0.237634408602	124	68	3	0	39	0.239263803681
0.186578087039	0.235483870968	124	69	3	0	41	0.248484848485
0.189643821462	0.233333333333	124	70	3	0	43	0.25748502994
0.19144268248	0.234408602151	125	70	3	0	43	0.255952380952
0.192592259385	0.234408602151	126	70	3	0	43	0.254437869822
0.195579302335	0.234408602151	126	71	3	0	43	0.254437869822
0.195589424508	0.234408602151	126	72	3	0	43	0.254437869822
0.19786690163	0.235483870968	127	72	3	0	43	0.252941176471
0.198710854202	0.233333333333	127	73	3	0	45	0.261627906977
0.199416498327	0.234408602151	128	73	3	0	45	0.260115606936
0.199877865655	0.235483870968	129	73	3	0	45	0.258620689655
0.201197124425	0.234408602151	129	74	3	0	46	0.262857142857
0.204023634293	0.234408602151	129	75	3	0	46	0.262857142857
0.20463142371	0.233333333333	129	76	3	0	47	0.267045454545
0.20590997212	0.233333333333	129	77	3	0	47	0.267045454545
0.206812375207	0.234408602151	130	77	3	0	47	0.265536723164
0.209406427984	0.231182795699	130	78	3	0	50	0.277777777778
0.209452452151	0.232258064516	131	78	3	0	50	0.276243093923
0.212752898442	0.232258064516	132	78	3	0	50	0.274725274725
0.212951133916	0.233333333333	133	78	3	0	50	0.273224043716
0.213139553091	0.232258064516	134	78	3	0	50	0.271739130435
0.213195379848	0.231182795699	134	79	3	0	51	0.275675675676
0.213884288806	0.232258064516	135	79	3	0	51	0.274193548387
0.214261232016	0.233333333333	136	79	3	0	51	0.272727272727
0.215885925624	0.234408602151	137	79	3	0	51	0.271276595745
0.216456358546	0.235483870968	138	79	3	0	51	0.269841269841
0.217697055555	0.233333333333	138	80	3	0	53	0.277486910995
0.220719730627	0.232258064516	138	81	3	0	54	0.28125
0.22090264304	0.233333333333	139	81	3	0	54	0.279792746114
0.222788145068	0.234408602151	140	81	3	0	54	0.278350515464
0.225130114531	0.235483870968	141	81	3	0	54	0.276923076923
0.225510228475	0.235483870968	141	82	3	0	54	0.276923076923
0.22690382268	0.236559139785	142	82	3	0	54	0.275510204082
0.227201982712	0.235483870968	142	83	3	0	55	0.279187817259
0.228152069098	0.236559139785	143	83	3	0	55	0.277777777778
0.22930914866	0.237634408602	144	83	3	0	55	0.276381909548
0.230317886235	0.235483870968	144	84	3	0	57	0.283582089552
0.231705840494	0.233333333333	144	85	3	0	59	0.290640394089
0.231998781432	0.233333333333	144	86	3	0	59	0.290640394089
0.232625144877	0.234408602151	145	86	3	0	59	0.289215686275
0.235475784672	0.233333333333	145	87	3	0	60	0.292682926829
0.236355431569	0.231182795699	145	88	3	0	62	0.299516908213
0.236837231058	0.232258064516	146	88	3	0	62	0.298076923077
0.237859939498	0.232258064516	147	88	3	0	62	0.296650717703
0.239231537972	0.233333333333	148	88	3	0	62	0.295238095238
0.239349821789	0.231182795699	148	89	3	0	64	0.301886792453
0.239380182544	0.230107526882	148	90	3	0	65	0.305164319249
0.240520032023	0.229032258065	148	91	3	0	66	0.308411214953
0.241046204167	0.227956989247	148	92	3	0	67	0.311627906977
0.241496269163	0.229032258065	149	92	3	0	67	0.310185185185
0.242432786565	0.230107526882	150	92	3	0	67	0.308755760369
0.243595957317	0.230107526882	150	93	3	0	67	0.308755760369
0.24362703316	0.227956989247	150	94	3	0	69	0.315068493151
0.243938106376	0.229032258065	151	94	3	0	69	0.313636363636
0.244787141744	0.229032258065	151	95	3	0	69	0.313636363636
0.24575397489	0.229032258065	151	96	3	0	69	0.313636363636
0.246194329113	0.227956989247	152	96	3	0	69	0.31221719457
0.246788788313	0.229032258065	153	96	3	0	69	0.310810810811
0.247051007395	0.229032258065	154	96	3	0	69	0.309417040359
0.247153322839	0.229032258065	154	97	3	0	69	0.309417040359
0.247967025463	0.229032258065	154	98	3	0	69	0.309417040359
0.249990595362	0.229032258065	154	99	3	0	69	0.309417040359
0.252079399988	0.227956989247	155	99	3	0	69	0.308035714286
0.25245778296	0.229032258065	156	99	3	0	69	0.306666666667
0.253603590734	0.230107526882	157	99	3	0	69	0.305309734513
0.253906895003	0.231182795699	158	99	3	0	69	0.303964757709
0.25403226162	0.232258064516	159	99	3	0	69	0.302631578947
0.254815218847	0.233333333333	160	99	3	0	69	0.301310043668
0.256077055966	0.234408602151	161	99	3	0	69	0.3
0.256237530969	0.235483870968	162	99	3	0	69	0.298701298701
0.256349544472	0.234408602151	162	100	3	0	70	0.301724137931
0.256522013767	0.232258064516	162	101	3	0	72	0.307692307692
0.256564917739	0.232258064516	162	102	3	0	72	0.307692307692
0.257908567626	0.231182795699	162	103	3	0	73	0.310638297872
0.258282595836	0.231182795699	162	104	3	0	73	0.310638297872
0.26103495863	0.232258064516	163	104	3	0	73	0.309322033898
0.261758766254	0.233333333333	164	104	3	0	73	0.308016877637
0.263710359977	0.232258064516	165	104	3	0	73	0.306722689076
0.265542159895	0.233333333333	166	104	3	0	73	0.305439330544
0.266694114845	0.234408602151	167	104	3	0	73	0.304166666667
0.266869566501	0.235483870968	168	104	3	0	73	0.302904564315
0.268280843952	0.234408602151	168	105	3	0	74	0.305785123967
0.27041984064	0.235483870968	169	105	3	0	74	0.304526748971
0.270654337539	0.235483870968	169	106	3	0	74	0.304526748971
0.272083700768	0.234408602151	169	107	3	0	75	0.30737704918
0.272803124236	0.234408602151	169	108	3	0	75	0.30737704918
0.273465309593	0.233333333333	170	108	3	0	75	0.30612244898
0.274274798107	0.234408602151	171	108	3	0	75	0.30487804878
0.27621080199	0.233333333333	171	109	3	0	76	0.307692307692
0.278576415046	0.232258064516	172	109	3	0	76	0.306451612903
0.279155699554	0.233333333333	173	109	3	0	76	0.305220883534
0.279210884407	0.232258064516	173	110	3	0	77	0.308
0.27996016688	0.232258064516	173	111	3	0	77	0.308
0.283128683899	0.232258064516	173	112	3	0	77	0.308
0.28508653889	0.233333333333	174	112	3	0	77	0.306772908367
0.285165639862	0.234408602151	175	112	3	0	77	0.305555555556
0.286966105259	0.234408602151	175	113	3	0	77	0.305555555556
0.287026082406	0.234408602151	175	114	3	0	77	0.305555555556
0.287083899888	0.233333333333	175	115	3	0	78	0.308300395257
0.288418929779	0.233333333333	175	116	3	0	78	0.308300395257
0.290033007857	0.234408602151	176	116	3	0	78	0.307086614173
0.290290354188	0.234408602151	177	116	3	0	78	0.305882352941
0.290372168242	0.233333333333	177	117	3	0	79	0.30859375
0.291055202398	0.234408602151	178	117	3	0	79	0.307392996109
0.292372504668	0.233333333333	179	117	3	0	79	0.306201550388
0.292550381321	0.234408602151	180	117	3	0	79	0.305019305019
0.293277921024	0.235483870968	181	117	3	0	79	0.303846153846
0.293441168289	0.236559139785	182	117	3	0	79	0.302681992337
0.29349579291	0.236559139785	182	118	3	0	79	0.302681992337
0.293568038028	0.236559139785	182	119	3	0	79	0.302681992337
0.294433520876	0.236559139785	183	119	3	0	79	0.301526717557
0.296204529161	0.237634408602	184	119	3	0	79	0.300380228137
0.296969892633	0.236559139785	184	120	3	0	80	0.30303030303
0.301202895532	0.236559139785	184	121	3	0	80	0.30303030303
0.301341894253	0.237634408602	185	121	3	0	80	0.301886792453
0.30148157555	0.238709677419	186	121	3	0	80	0.300751879699
0.301652515911	0.238709677419	187	121	3	0	80	0.299625468165
0.3019165047	0.238709677419	187	122	3	0	80	0.299625468165
0.302155212746	0.239784946237	188	122	3	0	80	0.298507462687
0.302365510039	0.240860215054	189	122	3	0	80	0.297397769517
0.302890140771	0.241935483871	190	122	3	0	80	0.296296296296
0.303140611669	0.240860215054	190	123	3	0	81	0.29889298893
0.303296488106	0.241935483871	191	123	3	0	81	0.297794117647
0.306187480325	0.240860215054	191	124	3	0	82	0.300366300366
0.307227417128	0.239784946237	191	125	3	0	83	0.302919708029
0.307843743948	0.240860215054	192	125	3	0	83	0.301818181818
0.308189070318	0.240860215054	192	126	3	0	83	0.301818181818
0.30908581776	0.239784946237	193	126	3	0	83	0.300724637681
0.309741211215	0.240860215054	194	126	3	0	83	0.29963898917
0.310540258732	0.238709677419	194	127	3	0	85	0.304659498208
0.312734994935	0.238709677419	195	127	3	0	85	0.303571428571
0.314679338874	0.238709677419	195	128	3	0	85	0.303571428571
0.318100362224	0.238709677419	195	129	3	0	85	0.303571428571
0.319937787497	0.238709677419	196	129	3	0	85	0.302491103203
0.322125331403	0.237634408602	196	130	3	0	86	0.304964539007
0.322637210955	0.238709677419	197	130	3	0	86	0.303886925795
0.323355330781	0.238709677419	198	130	3	0	86	0.302816901408
0.325234687646	0.237634408602	198	131	3	0	87	0.305263157895
0.325518711979	0.238709677419	199	131	3	0	87	0.304195804196
0.329198316015	0.237634408602	199	132	3	0	88	0.306620209059
0.329497733977	0.236559139785	199	133	3	0	89	0.309027777778
0.330046514968	0.235483870968	199	134	3	0	90	0.311418685121
0.330376407089	0.235483870968	199	135	3	0	90	0.311418685121
0.3310801642	0.236559139785	200	135	3	0	90	0.310344827586
0.331917382437	0.233333333333	200	136	3	0	93	0.317406143345
0.331952279437	0.233333333333	201	136	3	0	93	0.316326530612
0.332202948426	0.232258064516	201	137	3	0	94	0.318644067797
0.335774002829	0.231182795699	201	138	3	0	95	0.320945945946
0.337250209755	0.230107526882	202	138	3	0	95	0.319865319865
0.337894087646	0.229032258065	202	139	3	0	96	0.322147651007
0.339781006309	0.230107526882	203	139	3	0	96	0.321070234114
0.340288267082	0.229032258065	204	139	3	0	96	0.32
0.341004481164	0.227956989247	205	139	3	0	96	0.318936877076
0.342046216403	0.229032258065	206	139	3	0	96	0.317880794702
0.342129235953	0.227956989247	206	140	3	0	97	0.320132013201
0.34243660857	0.22688172043	207	140	3	0	97	0.319078947368
0.343387578306	0.22688172043	207	141	3	0	97	0.319078947368
0.344214858936	0.225806451613	207	142	3	0	98	0.32131147541
0.344647674939	0.22688172043	208	142	3	0	98	0.320261437908
0.345356763753	0.227956989247	209	142	3	0	98	0.319218241042
0.347807909	0.229032258065	210	142	3	0	98	0.318181818182
0.34985433419	0.229032258065	211	142	3	0	98	0.31715210356
0.352463245802	0.229032258065	212	142	3	0	98	0.316129032258
0.3530946329	0.227956989247	212	143	3	0	99	0.318327974277
0.35340754701	0.22688172043	212	144	3	0	100	0.320512820513
0.354062056572	0.224731182796	212	145	3	0	102	0.324840764331
0.356781450701	0.225806451613	213	145	3	0	102	0.32380952381
0.357201964276	0.224731182796	213	146	3	0	103	0.325949367089
0.357673571648	0.224731182796	213	147	3	0	103	0.325949367089
0.357956916557	0.222580645161	213	148	3	0	105	0.330188679245
0.357978146054	0.221505376344	213	149	3	0	106	0.332288401254
0.359191102179	0.21935483871	213	150	3	0	108	0.336448598131
0.361648767513	0.220430107527	214	150	3	0	108	0.335403726708
0.361862824601	0.220430107527	214	151	3	0	108	0.335403726708
0.368362585522	0.221505376344	215	151	3	0	108	0.334365325077
0.368520329931	0.222580645161	216	151	3	0	108	0.333333333333
0.370524502581	0.222580645161	216	152	3	0	108	0.333333333333
0.371379636118	0.222580645161	216	153	3	0	108	0.333333333333
0.37197744711	0.222580645161	217	153	3	0	108	0.332307692308
0.372431983147	0.223655913978	218	153	3	0	108	0.331288343558
0.372710946094	0.224731182796	219	153	3	0	108	0.330275229358
0.373895248177	0.225806451613	220	153	3	0	108	0.329268292683
0.374347510753	0.224731182796	220	154	3	0	109	0.331306990881
0.376808793312	0.225806451613	221	154	3	0	109	0.330303030303
0.379211913601	0.22688172043	222	154	3	0	109	0.329305135952
0.380930920186	0.227956989247	223	154	3	0	109	0.328313253012
0.380969477954	0.229032258065	224	154	3	0	109	0.327327327327
0.381606760613	0.230107526882	225	154	3	0	109	0.326347305389
0.382610919783	0.227956989247	225	155	3	0	111	0.330357142857
0.383134204986	0.227956989247	225	156	3	0	111	0.330357142857
0.383763982988	0.227956989247	225	157	3	0	111	0.330357142857
0.384194563316	0.227956989247	225	158	3	0	111	0.330357142857
0.387030335178	0.22688172043	225	159	3	0	112	0.33234421365
0.387274036546	0.22688172043	225	160	3	0	112	0.33234421365
0.391540856231	0.227956989247	226	160	3	0	112	0.331360946746
0.392353139831	0.229032258065	227	160	3	0	112	0.330383480826
0.392813513316	0.22688172043	227	161	3	0	114	0.33431085044
0.39425535723	0.225806451613	227	162	3	0	115	0.336257309942
0.394271742371	0.22688172043	228	162	3	0	115	0.33527696793
0.395000282209	0.22688172043	228	163	3	0	115	0.33527696793
0.395140432115	0.225806451613	229	163	3	0	115	0.334302325581
0.395580176366	0.22688172043	230	163	3	0	115	0.333333333333
0.397617706893	0.22688172043	230	164	3	0	115	0.333333333333
0.397841235366	0.227956989247	231	164	3	0	115	0.332369942197
0.398954431356	0.225806451613	231	165	3	0	117	0.336206896552
0.40072916452	0.22688172043	232	165	3	0	117	0.335243553009
0.402712619552	0.225806451613	233	165	3	0	117	0.334285714286
0.403842485367	0.225806451613	233	166	3	0	117	0.334285714286
0.406455567672	0.22688172043	234	166	3	0	117	0.333333333333
0.408691100925	0.224731182796	234	167	3	0	119	0.337110481586
0.408981943944	0.224731182796	235	167	3	0	119	0.33615819209
0.409762549498	0.225806451613	236	167	3	0	119	0.335211267606
0.415006760626	0.22688172043	237	167	3	0	119	0.334269662921
0.415509640344	0.22688172043	238	167	3	0	119	0.333333333333
0.415639514319	0.225806451613	239	167	3	0	119	0.332402234637
0.415941028125	0.22688172043	240	167	3	0	119	0.33147632312
0.416271139628	0.22688172043	240	168	3	0	119	0.33147632312
0.417705867538	0.227956989247	241	168	3	0	119	0.330555555556
0.417965160676	0.227956989247	241	169	3	0	119	0.330555555556
0.418699803425	0.229032258065	242	169	3	0	119	0.329639889197
0.419004932043	0.229032258065	242	170	3	0	119	0.329639889197
0.419891332208	0.230107526882	243	170	3	0	119	0.328729281768
0.421414287881	0.231182795699	244	170	3	0	119	0.32782369146
0.421671195451	0.232258064516	245	170	3	0	119	0.326923076923
0.422803166602	0.231182795699	246	170	3	0	119	0.32602739726
0.423722646983	0.230107526882	246	171	3	0	120	0.327868852459
0.42443024973	0.231182795699	247	171	3	0	120	0.326975476839
0.424509962488	0.231182795699	248	171	3	0	120	0.326086956522
0.4247712499	0.230107526882	248	172	3	0	121	0.327913279133
0.425460195398	0.230107526882	248	173	3	0	121	0.327913279133
0.426795761235	0.227956989247	248	174	3	0	123	0.33153638814
0.427671942588	0.229032258065	249	174	3	0	123	0.33064516129
0.428036574275	0.229032258065	249	175	3	0	123	0.33064516129
0.428351039455	0.229032258065	249	176	3	0	123	0.33064516129
0.430258858536	0.230107526882	250	176	3	0	123	0.329758713137
0.431446253564	0.230107526882	250	177	3	0	123	0.329758713137
0.431509602603	0.230107526882	250	178	3	0	123	0.329758713137
0.432098338863	0.227956989247	250	179	3	0	125	0.333333333333
0.432124218474	0.229032258065	251	179	3	0	125	0.332446808511
0.432832417878	0.230107526882	252	179	3	0	125	0.331564986737
0.433384482757	0.230107526882	252	180	3	0	125	0.331564986737
0.43488182754	0.231182795699	253	180	3	0	125	0.330687830688
0.435131250553	0.230107526882	254	180	3	0	125	0.32981530343
0.437330559108	0.230107526882	254	181	3	0	125	0.32981530343
0.440067358216	0.231182795699	255	181	3	0	125	0.328947368421
0.440385825897	0.231182795699	255	182	3	0	125	0.328947368421
0.442447348328	0.230107526882	255	183	3	0	126	0.330708661417
0.44349792678	0.231182795699	256	183	3	0	126	0.329842931937
0.444283034847	0.231182795699	257	183	3	0	126	0.328981723238
0.446053742591	0.232258064516	258	183	3	0	126	0.328125
0.447699080289	0.233333333333	259	183	3	0	126	0.327272727273
0.447725348784	0.233333333333	260	183	3	0	126	0.326424870466
0.447969960486	0.234408602151	261	183	3	0	126	0.325581395349
0.449488762776	0.233333333333	261	184	3	0	127	0.327319587629
0.450724855833	0.233333333333	261	185	3	0	127	0.327319587629
0.451515873458	0.232258064516	262	185	3	0	127	0.3264781491
0.451714227845	0.233333333333	263	185	3	0	127	0.325641025641
0.45185101746	0.232258064516	263	186	3	0	128	0.3273657289
0.452153447226	0.231182795699	263	187	3	0	129	0.329081632653
0.453524886223	0.231182795699	263	188	3	0	129	0.329081632653
0.453923987121	0.231182795699	263	189	3	0	129	0.329081632653
0.4543723091	0.230107526882	264	189	3	0	129	0.328244274809
0.455095621165	0.231182795699	265	189	3	0	129	0.327411167513
0.455321053432	0.232258064516	266	189	3	0	129	0.326582278481
0.45542186533	0.233333333333	267	189	3	0	129	0.325757575758
0.457533293637	0.234408602151	268	189	3	0	129	0.324937027708
0.457590061998	0.234408602151	268	190	3	0	129	0.324937027708
0.457635295409	0.233333333333	268	191	3	0	130	0.326633165829
0.461294067426	0.232258064516	268	192	3	0	131	0.328320802005
0.466270307284	0.233333333333	269	192	3	0	131	0.3275
0.466661360171	0.232258064516	269	193	3	0	132	0.329177057357
0.468232784524	0.230107526882	269	194	3	0	134	0.332506203474
0.469462219949	0.230107526882	269	195	3	0	134	0.332506203474
0.470310859962	0.230107526882	269	196	3	0	134	0.332506203474
0.470881605155	0.231182795699	270	196	3	0	134	0.331683168317
0.471268165405	0.232258064516	271	196	3	0	134	0.330864197531
0.472642732685	0.232258064516	271	197	3	0	134	0.330864197531
0.473451543599	0.232258064516	271	198	3	0	134	0.330864197531
0.474160851698	0.233333333333	272	198	3	0	134	0.330049261084
0.476199713987	0.234408602151	273	198	3	0	134	0.329238329238
0.47695040578	0.234408602151	273	199	3	0	134	0.329238329238
0.478068471441	0.235483870968	274	199	3	0	134	0.328431372549
0.478514711576	0.235483870968	274	200	3	0	134	0.328431372549
0.478811243586	0.235483870968	274	201	3	0	134	0.328431372549
0.480282925108	0.234408602151	275	201	3	0	134	0.327628361858
0.481158641011	0.233333333333	275	202	3	0	135	0.329268292683
0.481800804937	0.234408602151	276	202	3	0	135	0.328467153285
0.481839680432	0.235483870968	277	202	3	0	135	0.327669902913
0.483163103265	0.234408602151	278	202	3	0	135	0.326876513317
0.485371668555	0.234408602151	278	203	3	0	135	0.326876513317
0.486804593522	0.235483870968	279	203	3	0	135	0.326086956522
0.487033772403	0.235483870968	279	204	3	0	135	0.326086956522
0.488207898086	0.235483870968	279	205	3	0	135	0.326086956522
0.48857400434	0.236559139785	280	205	3	0	135	0.325301204819
0.489318387284	0.236559139785	281	205	3	0	135	0.324519230769
0.489520912344	0.235483870968	282	205	3	0	135	0.323741007194
0.489549419637	0.236559139785	283	205	3	0	135	0.322966507177
0.490077802587	0.236559139785	283	206	3	0	135	0.322966507177
0.490921624046	0.237634408602	284	206	3	0	135	0.322195704057
0.49675210144	0.238709677419	285	206	3	0	135	0.321428571429
0.49680978924	0.238709677419	286	206	3	0	135	0.320665083135
0.498048529383	0.239784946237	287	206	3	0	135	0.31990521327
0.498199831818	0.240860215054	288	206	3	0	135	0.31914893617
0.498702283026	0.240860215054	289	206	3	0	135	0.318396226415
0.499130345688	0.241935483871	290	206	3	0	135	0.317647058824
0.500318156981	0.243010752688	291	206	3	0	135	0.316901408451
0.501043689699	0.243010752688	291	207	3	0	135	0.316901408451
0.50162512435	0.244086021505	292	207	3	0	135	0.316159250585
0.50170100975	0.244086021505	292	208	3	0	135	0.316159250585
0.502050578622	0.245161290323	293	208	3	0	135	0.315420560748
0.502932365493	0.243010752688	293	209	3	0	137	0.318604651163
0.503086455305	0.243010752688	293	210	3	0	137	0.318604651163
0.503129245005	0.241935483871	293	211	3	0	138	0.320185614849
0.504589622677	0.240860215054	293	212	3	0	139	0.321759259259
0.505189380043	0.241935483871	294	212	3	0	139	0.321016166282
0.50612071172	0.243010752688	295	212	3	0	139	0.320276497696
0.506587605813	0.243010752688	295	213	3	0	139	0.320276497696
0.510523079673	0.243010752688	295	214	3	0	139	0.320276497696
0.511974199243	0.241935483871	295	215	3	0	140	0.32183908046
0.512674076202	0.241935483871	295	216	3	0	140	0.32183908046
0.514260734532	0.243010752688	296	216	3	0	140	0.321100917431
0.514906508087	0.244086021505	297	216	3	0	140	0.320366132723
0.515172435115	0.245161290323	298	216	3	0	140	0.319634703196
0.51517630634	0.245161290323	299	216	3	0	140	0.318906605923
0.515736069473	0.243010752688	299	217	3	0	142	0.321995464853
0.517086614602	0.243010752688	299	218	3	0	142	0.321995464853
0.517112347678	0.241935483871	299	219	3	0	143	0.323529411765
0.517599983897	0.243010752688	300	219	3	0	143	0.322799097065
0.518823085578	0.244086021505	301	219	3	0	143	0.322072072072
0.519492333633	0.243010752688	301	220	3	0	144	0.323595505618
0.519693524599	0.244086021505	302	220	3	0	144	0.322869955157
0.520593464711	0.244086021505	302	221	3	0	144	0.322869955157
0.52114859876	0.245161290323	303	221	3	0	144	0.322147651007
0.52171829506	0.24623655914	304	221	3	0	144	0.321428571429
0.522523887387	0.245161290323	305	221	3	0	144	0.320712694878
0.525271777891	0.245161290323	305	222	3	0	144	0.320712694878
0.526615841008	0.24623655914	306	222	3	0	144	0.32
0.527352438281	0.247311827957	307	222	3	0	144	0.319290465632
0.527538209574	0.247311827957	307	223	3	0	144	0.319290465632
0.527753853422	0.247311827957	307	224	3	0	144	0.319290465632
0.528850977652	0.245161290323	307	225	3	0	146	0.32229580574
0.530212528122	0.244086021505	307	226	3	0	147	0.323788546256
0.531688040997	0.245161290323	308	226	3	0	147	0.323076923077
0.532479402687	0.24623655914	309	226	3	0	147	0.322368421053
0.532870877967	0.247311827957	310	226	3	0	147	0.321663019694
0.533742686034	0.247311827957	310	227	3	0	147	0.321663019694
0.533840339364	0.248387096774	311	227	3	0	147	0.32096069869
0.534386239519	0.249462365591	312	227	3	0	147	0.320261437908
0.535122190583	0.248387096774	312	228	3	0	148	0.321739130435
0.535898382171	0.248387096774	312	229	3	0	148	0.321739130435
0.537248219834	0.247311827957	313	229	3	0	148	0.321041214751
0.538208346938	0.247311827957	314	229	3	0	148	0.320346320346
0.538286311345	0.247311827957	315	229	3	0	148	0.319654427646
0.538295838619	0.248387096774	316	229	3	0	148	0.318965517241
0.539110054956	0.247311827957	317	229	3	0	148	0.318279569892
0.539566770758	0.247311827957	318	229	3	0	148	0.317596566524
0.540089659723	0.24623655914	319	229	3	0	148	0.316916488223
0.54036764726	0.247311827957	320	229	3	0	148	0.316239316239
0.542458128824	0.24623655914	320	230	3	0	149	0.317697228145
0.543663577572	0.245161290323	320	231	3	0	150	0.31914893617
0.544278618307	0.245161290323	320	232	3	0	150	0.31914893617
0.545493515869	0.245161290323	321	232	3	0	150	0.31847133758
0.546514082405	0.24623655914	322	232	3	0	150	0.317796610169
0.546934602426	0.244086021505	322	233	3	0	152	0.320675105485
0.547957242777	0.245161290323	323	233	3	0	152	0.32
0.548122501971	0.243010752688	323	234	3	0	154	0.32285115304
0.552612689885	0.243010752688	324	234	3	0	154	0.322175732218
0.55543063406	0.244086021505	325	234	3	0	154	0.321503131524
0.555492933785	0.245161290323	326	234	3	0	154	0.320833333333
0.557837465365	0.243010752688	326	235	3	0	156	0.323651452282
0.559405790529	0.244086021505	327	235	3	0	156	0.32298136646
0.559755465176	0.245161290323	328	235	3	0	156	0.322314049587
0.560560432263	0.24623655914	329	235	3	0	156	0.321649484536
0.560860559864	0.245161290323	329	236	3	0	157	0.32304526749
0.562053775896	0.243010752688	329	237	3	0	159	0.325819672131
0.563230077864	0.241935483871	329	238	3	0	160	0.327198364008
0.564201027828	0.243010752688	330	238	3	0	160	0.326530612245
0.565087943805	0.241935483871	330	239	3	0	161	0.327902240326
0.567137830897	0.243010752688	331	239	3	0	161	0.327235772358
0.567932085568	0.244086021505	332	239	3	0	161	0.326572008114
0.568148099315	0.245161290323	333	239	3	0	161	0.325910931174
0.568393250576	0.243010752688	333	240	3	0	163	0.328629032258
0.568564578589	0.243010752688	334	240	3	0	163	0.327967806841
0.569401075916	0.244086021505	335	240	3	0	163	0.327309236948
0.569514384852	0.245161290323	336	240	3	0	163	0.326653306613
0.571035835053	0.244086021505	336	241	3	0	164	0.328
0.57107997237	0.245161290323	337	241	3	0	164	0.327345309381
0.573692514623	0.244086021505	338	241	3	0	164	0.326693227092
0.574974743681	0.245161290323	339	241	3	0	164	0.326043737575
0.578670013225	0.24623655914	340	241	3	0	164	0.325396825397
0.578978227356	0.24623655914	340	242	3	0	164	0.325396825397
0.581453601072	0.247311827957	341	242	3	0	164	0.324752475248
0.581661635342	0.24623655914	341	243	3	0	165	0.326086956522
0.583629126272	0.245161290323	341	244	3	0	166	0.32741617357
0.586674365485	0.244086021505	341	245	3	0	167	0.32874015748
0.586726461728	0.244086021505	341	246	3	0	167	0.32874015748
0.588514177368	0.243010752688	341	247	3	0	168	0.330058939096
0.588582592462	0.243010752688	341	248	3	0	168	0.330058939096
0.588637460569	0.244086021505	342	248	3	0	168	0.329411764706
0.589833731214	0.244086021505	342	249	3	0	168	0.329411764706
0.590180469464	0.244086021505	343	249	3	0	168	0.328767123288
0.591099401375	0.243010752688	344	249	3	0	168	0.328125
0.591573477249	0.244086021505	345	249	3	0	168	0.327485380117
0.592957982706	0.244086021505	345	250	3	0	168	0.327485380117
0.59367947623	0.244086021505	346	250	3	0	168	0.326848249027
0.594222877706	0.244086021505	346	251	3	0	168	0.326848249027
0.594400253686	0.245161290323	347	251	3	0	168	0.326213592233
0.594899339002	0.245161290323	347	252	3	0	168	0.326213592233
0.595347516051	0.243010752688	347	253	3	0	170	0.328820116054
0.595860315936	0.244086021505	348	253	3	0	170	0.328185328185
0.598733710475	0.245161290323	349	253	3	0	170	0.327552986513
0.598788093261	0.243010752688	349	254	3	0	172	0.330134357006
0.599685028027	0.243010752688	350	254	3	0	172	0.329501915709
0.600043129484	0.244086021505	351	254	3	0	172	0.328871892925
0.602622021868	0.245161290323	352	254	3	0	172	0.328244274809
0.602916388662	0.24623655914	353	254	3	0	172	0.327619047619
0.603094018791	0.247311827957	354	254	3	0	172	0.326996197719
0.605657481679	0.248387096774	355	254	3	0	172	0.326375711575
0.607274662408	0.247311827957	356	254	3	0	172	0.325757575758
0.609113679471	0.247311827957	356	255	3	0	172	0.325757575758
0.609374974376	0.24623655914	356	256	3	0	173	0.327032136106
0.610801324556	0.247311827957	357	256	3	0	173	0.32641509434
0.612657866908	0.247311827957	357	257	3	0	173	0.32641509434
0.612913796226	0.247311827957	357	258	3	0	173	0.32641509434
0.613462270129	0.24623655914	357	259	3	0	174	0.327683615819
0.613491846667	0.24623655914	357	260	3	0	174	0.327683615819
0.61671010903	0.24623655914	357	261	3	0	174	0.327683615819
0.619000245573	0.247311827957	358	261	3	0	174	0.327067669173
0.621722760392	0.248387096774	359	261	3	0	174	0.326454033771
0.621782687058	0.248387096774	359	262	3	0	174	0.326454033771
0.622708566033	0.249462365591	360	262	3	0	174	0.325842696629
0.62273576324	0.250537634409	361	262	3	0	174	0.32523364486
0.623659901049	0.250537634409	361	263	3	0	174	0.32523364486
0.624279260867	0.249462365591	361	264	3	0	175	0.326492537313
0.62780897377	0.250537634409	362	264	3	0	175	0.325884543762
0.628084630449	0.249462365591	362	265	3	0	176	0.327137546468
0.629189556933	0.250537634409	363	265	3	0	176	0.326530612245
0.630128770546	0.251612903226	364	265	3	0	176	0.325925925926
0.633998327403	0.252688172043	365	265	3	0	176	0.325323475046
0.634519129475	0.250537634409	365	266	3	0	178	0.327808471455
0.635215107156	0.250537634409	365	267	3	0	178	0.327808471455
0.635422841479	0.249462365591	366	267	3	0	178	0.327205882353
0.635777395166	0.248387096774	367	267	3	0	178	0.326605504587
0.636870979904	0.249462365591	368	267	3	0	178	0.326007326007
0.637848917073	0.249462365591	369	267	3	0	178	0.325411334552
