# time 	 divergence 	 # of mutations 	 # IGC chances 	 IGC length 	 # IGC failures 	 Changes due to IGC  	 % change due to IGC 
0.0	0.388172043011	0	0	0	0	0	0.0
0.00113202284822	0.387096774194	1	0	0	0	0	0.0
0.00202819219386	0.387096774194	2	0	0	0	0	0.0
0.00774346598902	0.387096774194	3	0	0	0	0	0.0
0.00846712914144	0.388172043011	4	0	0	0	0	0.0
0.010248905165	0.389247311828	5	0	0	0	0	0.0
0.0170472859983	0.389247311828	6	0	0	0	0	0.0
0.0172767139553	0.390322580645	7	0	0	0	0	0.0
0.0183743761215	0.391397849462	8	0	0	0	0	0.0
0.0242196020634	0.391397849462	9	0	0	0	0	0.0
0.0242293592131	0.39247311828	10	0	0	0	0	0.0
0.0285647450378	0.393548387097	11	0	0	0	0	0.0
0.0290714433732	0.393548387097	12	0	0	0	0	0.0
0.0297662863919	0.393548387097	13	0	0	0	0	0.0
0.0327556598059	0.394623655914	14	0	0	0	0	0.0
0.0340656106385	0.395698924731	15	0	0	0	0	0.0
0.0354147898799	0.396774193548	16	0	0	0	0	0.0
0.0368369883555	0.397849462366	17	0	0	0	0	0.0
0.040798860539	0.398924731183	18	0	0	0	0	0.0
0.0409094172062	0.398924731183	19	0	0	0	0	0.0
0.043240330501	0.398924731183	20	0	0	0	0	0.0
0.0450195213292	0.398924731183	21	0	0	0	0	0.0
0.0465780229674	0.398924731183	22	0	0	0	0	0.0
0.0469531778974	0.398924731183	23	0	0	0	0	0.0
0.0488053375815	0.398924731183	24	0	0	0	0	0.0
0.0503693072454	0.4	25	0	0	0	0	0.0
0.0520507852056	0.4	26	0	0	0	0	0.0
0.0545248428792	0.401075268817	27	0	0	0	0	0.0
0.0573945852058	0.402150537634	28	0	0	0	0	0.0
0.0579841462593	0.403225806452	29	0	0	0	0	0.0
0.0601141738118	0.403225806452	30	0	0	0	0	0.0
0.065208290591	0.403225806452	31	0	0	0	0	0.0
0.067086459453	0.403225806452	32	0	0	0	0	0.0
0.0750554611641	0.404301075269	33	0	0	0	0	0.0
0.0756187967908	0.405376344086	34	0	0	0	0	0.0
0.076284689924	0.405376344086	35	0	0	0	0	0.0
0.076818212547	0.406451612903	36	0	0	0	0	0.0
0.0779961476124	0.406451612903	37	0	0	0	0	0.0
0.0790926892988	0.40752688172	38	0	0	0	0	0.0
0.0816390049392	0.408602150538	39	0	0	0	0	0.0
0.0833393955095	0.409677419355	40	0	0	0	0	0.0
0.0845126912971	0.408602150538	41	0	0	0	0	0.0
0.0854019131641	0.409677419355	42	0	0	0	0	0.0
0.0854950172239	0.410752688172	43	0	0	0	0	0.0
0.0859087615274	0.409677419355	44	0	0	0	0	0.0
0.086036433684	0.410752688172	45	0	0	0	0	0.0
0.0885691203188	0.410752688172	46	0	0	0	0	0.0
0.0931397125369	0.409677419355	47	0	0	0	0	0.0
0.0931929307825	0.410752688172	48	0	0	0	0	0.0
0.0959364476004	0.347311827957	48	1	108	0	59	0.551401869159
0.0988309352299	0.348387096774	49	1	108	0	59	0.546296296296
0.100521802532	0.349462365591	50	1	108	0	59	0.54128440367
0.102841740169	0.349462365591	51	1	108	0	59	0.536363636364
0.102919563183	0.349462365591	52	1	108	0	59	0.531531531532
0.103674928152	0.350537634409	53	1	108	0	59	0.526785714286
0.1037674594	0.351612903226	54	1	108	0	59	0.522123893805
0.104150364822	0.352688172043	55	1	108	0	59	0.517543859649
0.104523622763	0.35376344086	56	1	108	0	59	0.513043478261
0.107131419157	0.352688172043	57	1	108	0	59	0.508620689655
0.107226782629	0.35376344086	58	1	108	0	59	0.504273504274
0.11049589867	0.35376344086	59	1	108	0	59	0.5
0.110971066239	0.354838709677	60	1	108	0	59	0.495798319328
0.116164273547	0.355913978495	61	1	108	0	59	0.491666666667
0.116209225852	0.356989247312	62	1	108	0	59	0.487603305785
0.117845299975	0.358064516129	63	1	108	0	59	0.483606557377
0.119508934693	0.358064516129	64	1	108	0	59	0.479674796748
0.11994126941	0.359139784946	65	1	108	0	59	0.475806451613
0.120883734643	0.360215053763	66	1	108	0	59	0.472
0.121755585716	0.360215053763	67	1	108	0	59	0.468253968254
0.124003786225	0.361290322581	68	1	108	0	59	0.464566929134
0.125410867148	0.360215053763	69	1	108	0	59	0.4609375
0.125635534233	0.359139784946	70	1	108	0	59	0.457364341085
0.127173672129	0.360215053763	71	1	108	0	59	0.453846153846
0.127820128456	0.361290322581	72	1	108	0	59	0.450381679389
0.131035532145	0.362365591398	73	1	108	0	59	0.44696969697
0.13357995259	0.361290322581	74	1	108	0	59	0.443609022556
0.13551975644	0.361290322581	75	1	108	0	59	0.440298507463
0.137626147443	0.360215053763	76	1	108	0	59	0.437037037037
0.137906200694	0.359139784946	77	1	108	0	59	0.433823529412
0.141750271915	0.359139784946	78	1	108	0	59	0.430656934307
0.1430921073	0.360215053763	79	1	108	0	59	0.427536231884
