# time 	 divergence 	 # of mutations 	 # IGC chances 	 IGC length 	 # IGC failures 	 Changes due to IGC  	 % change due to IGC 
0.0	0.0149572649573	0	0	0	0	0	0.0
0.00188645588111	0.017094017094	1	0	0	0	0	0.0
0.00278840603068	0.0192307692308	2	0	0	0	0	0.0
0.0029373746647	0.0213675213675	3	0	0	0	0	0.0
0.00403989274969	0.0235042735043	4	0	0	0	0	0.0
0.00471036862045	0.025641025641	5	0	0	0	0	0.0
0.00481738777672	0.025641025641	5	1	36	0	0	0.0
0.00525015700185	0.0277777777778	6	1	36	0	0	0.0
0.00704319575804	0.0299145299145	7	1	36	0	0	0.0
0.0070839882443	0.0320512820513	8	1	36	0	0	0.0
0.00795459191279	0.034188034188	9	1	36	0	0	0.0
0.00874426702475	0.0213675213675	9	2	135	0	6	0.4
0.0124485420064	0.0213675213675	9	3	3	0	6	0.4
0.0125046847215	0.0213675213675	10	3	3	0	6	0.375
0.0132545221057	0.0149572649573	10	4	84	0	9	0.473684210526
0.0138908720503	0.0149572649573	10	5	36	0	9	0.473684210526
0.013995513103	0.0128205128205	10	6	21	0	10	0.5
0.0142378264151	0.0106837606838	10	7	30	0	11	0.52380952381
0.0166155478298	0.0106837606838	10	8	30	0	11	0.52380952381
0.0185582777553	0.0128205128205	11	8	30	0	11	0.5
0.0196535292298	0.0128205128205	11	9	6	0	11	0.5
0.0211847988723	0.0128205128205	11	10	39	0	11	0.5
0.0217393851442	0.0106837606838	11	11	27	0	12	0.521739130435
0.0220000515554	0.0128205128205	12	11	27	0	12	0.5
0.0240433787499	0.0128205128205	12	12	63	0	12	0.5
0.0240898146005	0.0149572649573	13	12	63	0	12	0.48
0.0266126637001	0.017094017094	14	12	63	0	12	0.461538461538
0.0281128530012	0.017094017094	14	13	42	0	12	0.461538461538
0.0288534421329	0.00641025641026	14	14	102	0	17	0.548387096774
0.0294567032357	0.00854700854701	15	14	102	0	17	0.53125
0.0326653746072	0.0106837606838	16	14	102	0	17	0.515151515152
0.0330712740021	0.0106837606838	16	15	30	0	17	0.515151515152
0.0332990959654	0.0042735042735	16	16	66	0	20	0.555555555556
