# time 	 divergence 	 # of mutations 	 # IGC chances 	 IGC length 	 # IGC failures 	 Changes due to IGC  	 % change due to IGC 
0.0	0.0	0	0	0	0	0	0.0
0.0071438778755	0.00213675213675	1	0	0	0	0	0.0
0.0112332812121	0.0042735042735	2	0	0	0	0	0.0
0.0131451438992	0.00641025641026	3	0	0	0	0	0.0
0.0202210263018	0.00854700854701	4	0	0	0	0	0.0
0.0202734571213	0.0106837606838	5	0	0	0	0	0.0
0.0213126584046	0.0128205128205	6	0	0	0	0	0.0
0.0237199082177	0.0149572649573	7	0	0	0	0	0.0
0.0242387996851	0.017094017094	8	0	0	0	0	0.0
0.0268011781314	0.0192307692308	9	0	0	0	0	0.0
0.032244944483	0.0213675213675	10	0	0	0	0	0.0
0.0354583303613	0.0235042735043	11	0	0	0	0	0.0
0.037174216617	0.025641025641	12	0	0	0	0	0.0
0.0400746728658	0.0277777777778	13	0	0	0	0	0.0
0.0416942728413	0.0299145299145	14	0	0	0	0	0.0
0.0448670350121	0.0320512820513	15	0	0	0	0	0.0
0.044891301025	0.034188034188	16	0	0	0	0	0.0
0.0566396168879	0.0363247863248	17	0	0	0	0	0.0
0.056861073671	0.0320512820513	17	1	45	0	2	0.105263157895
0.0574451548317	0.034188034188	18	1	45	0	2	0.1
0.0632280792627	0.0363247863248	19	1	45	0	2	0.0952380952381
0.0670510817099	0.0384615384615	20	1	45	0	2	0.0909090909091
0.067278232972	0.0405982905983	21	1	45	0	2	0.0869565217391
0.0754791813381	0.042735042735	22	1	45	0	2	0.0833333333333
0.0758885306828	0.0448717948718	23	1	45	0	2	0.08
0.0782605953442	0.0470085470085	24	1	45	0	2	0.0769230769231
0.0786873799452	0.0491452991453	25	1	45	0	2	0.0740740740741
0.0809118848716	0.0512820512821	26	1	45	0	2	0.0714285714286
0.0834429099995	0.0534188034188	27	1	45	0	2	0.0689655172414
0.0857063400557	0.0555555555556	28	1	45	0	2	0.0666666666667
0.0884158890261	0.0576923076923	29	1	45	0	2	0.0645161290323
0.0924350831709	0.0598290598291	30	1	45	0	2	0.0625
0.100156862869	0.0512820512821	30	2	87	0	6	0.166666666667
0.105762526064	0.0534188034188	31	2	87	0	6	0.162162162162
0.108772813395	0.0555555555556	32	2	87	0	6	0.157894736842
0.109526691467	0.0576923076923	33	2	87	0	6	0.153846153846
0.110245845983	0.0598290598291	34	2	87	0	6	0.15
0.110845429763	0.0619658119658	35	2	87	0	6	0.146341463415
0.112757550556	0.0641025641026	36	2	87	0	6	0.142857142857
0.124553861535	0.0662393162393	37	2	87	0	6	0.139534883721
0.128921270848	0.0683760683761	38	2	87	0	6	0.136363636364
0.134292391363	0.0705128205128	39	2	87	0	6	0.133333333333
0.135472378497	0.0726495726496	40	2	87	0	6	0.130434782609
0.14076328554	0.0747863247863	41	2	87	0	6	0.127659574468
0.145131309555	0.0769230769231	42	2	87	0	6	0.125
0.146680231773	0.0790598290598	43	2	87	0	6	0.122448979592
0.150460812663	0.0811965811966	44	2	87	0	6	0.12
0.150847241303	0.0833333333333	45	2	87	0	6	0.117647058824
0.151263545491	0.0854700854701	46	2	87	0	6	0.115384615385
0.158802740086	0.0876068376068	47	2	87	0	6	0.11320754717
0.158864617664	0.0876068376068	48	2	87	0	6	0.111111111111
0.162772197841	0.0876068376068	49	2	87	0	6	0.109090909091
0.164343342021	0.0897435897436	50	2	87	0	6	0.107142857143
0.167565933767	0.0876068376068	50	3	21	0	7	0.122807017544
0.170105423383	0.0897435897436	51	3	21	0	7	0.120689655172
0.171550414251	0.0918803418803	52	3	21	0	7	0.118644067797
