# time 	 divergence 	 # of mutations 	 # IGC chances 	 IGC length 	 # IGC failures 	 Changes due to IGC  	 % change due to IGC 
0.0	0.497076023392	0	0	0	0	0	0.0
0.00534995526129	0.498050682261	1	0	0	0	0	0.0
0.00751566819856	0.498050682261	2	0	0	0	0	0.0
0.00753237738602	0.498050682261	3	0	0	0	0	0.0
0.0100947447806	0.497076023392	3	1	3	0	1	0.25
0.0147239112987	0.498050682261	4	1	3	0	1	0.2
0.0154239151027	0.499025341131	5	1	3	0	1	0.166666666667
0.015574116485	0.498050682261	6	1	3	0	1	0.142857142857
0.0159346073574	0.499025341131	7	1	3	0	1	0.125
0.0201853441007	0.499025341131	8	1	3	0	1	0.111111111111
0.0210069891929	0.499025341131	9	1	3	0	1	0.1
0.0214906917395	0.5	10	1	3	0	1	0.0909090909091
0.0219148514916	0.5	11	1	3	0	1	0.0833333333333
0.0229405783333	0.499025341131	12	1	3	0	1	0.0769230769231
0.0229755225356	0.498050682261	13	1	3	0	1	0.0714285714286
0.0241877704377	0.499025341131	14	1	3	0	1	0.0666666666667
0.0243175219007	0.5	15	1	3	0	1	0.0625
0.0252304933741	0.500974658869	16	1	3	0	1	0.0588235294118
0.0316947526633	0.5	17	1	3	0	1	0.0555555555556
0.0330079792021	0.500974658869	18	1	3	0	1	0.0526315789474
0.0330850560541	0.501949317739	19	1	3	0	1	0.05
0.0343720642087	0.500974658869	20	1	3	0	1	0.047619047619
0.0367951300171	0.500974658869	21	1	3	0	1	0.0454545454545
0.0368077639126	0.501949317739	22	1	3	0	1	0.0434782608696
0.0387499200802	0.502923976608	23	1	3	0	1	0.0416666666667
0.0408945042464	0.501949317739	24	1	3	0	1	0.04
0.0425609886141	0.502923976608	25	1	3	0	1	0.0384615384615
0.0429259772961	0.503898635478	26	1	3	0	1	0.037037037037
0.0431486601153	0.502923976608	27	1	3	0	1	0.0357142857143
0.0434508908842	0.503898635478	28	1	3	0	1	0.0344827586207
0.0436720091906	0.504873294347	29	1	3	0	1	0.0333333333333
0.0464407650346	0.501949317739	29	2	3	0	4	0.121212121212
0.0471261031941	0.502923976608	30	2	3	0	4	0.117647058824
0.0483700769329	0.502923976608	31	2	3	0	4	0.114285714286
0.0485067302835	0.503898635478	32	2	3	0	4	0.111111111111
0.0502309829654	0.504873294347	33	2	3	0	4	0.108108108108
0.0512484821603	0.505847953216	34	2	3	0	4	0.105263157895
0.0557203650341	0.504873294347	35	2	3	0	4	0.102564102564
0.0577513046646	0.505847953216	36	2	3	0	4	0.1
0.0579479127997	0.505847953216	36	3	3	0	4	0.1
0.0584809057606	0.504873294347	37	3	3	0	4	0.0975609756098
0.0591102896817	0.505847953216	38	3	3	0	4	0.0952380952381
0.060048605946	0.505847953216	38	4	3	0	4	0.0952380952381
0.0614229867003	0.506822612086	39	4	3	0	4	0.093023255814
0.0634819292365	0.505847953216	40	4	3	0	4	0.0909090909091
0.0659726373684	0.506822612086	41	4	3	0	4	0.0888888888889
0.0683709654003	0.507797270955	42	4	3	0	4	0.0869565217391
0.0689611772178	0.508771929825	43	4	3	0	4	0.0851063829787
0.0691824563046	0.509746588694	44	4	3	0	4	0.0833333333333
0.0693990697454	0.510721247563	45	4	3	0	4	0.0816326530612
0.0694748042842	0.510721247563	46	4	3	0	4	0.08
0.0698891883594	0.509746588694	47	4	3	0	4	0.078431372549
0.0701711116266	0.510721247563	48	4	3	0	4	0.0769230769231
0.0759502445435	0.509746588694	48	5	3	0	5	0.0943396226415
0.0759617437954	0.508771929825	49	5	3	0	5	0.0925925925926
0.0773289018405	0.509746588694	50	5	3	0	5	0.0909090909091
0.0782190898568	0.509746588694	51	5	3	0	5	0.0892857142857
0.0786534599343	0.508771929825	52	5	3	0	5	0.0877192982456
0.0787713243222	0.507797270955	53	5	3	0	5	0.0862068965517
0.0788329215471	0.508771929825	54	5	3	0	5	0.0847457627119
0.0800176618853	0.508771929825	55	5	3	0	5	0.0833333333333
0.0809524641539	0.509746588694	56	5	3	0	5	0.0819672131148
0.0811353529944	0.508771929825	57	5	3	0	5	0.0806451612903
0.081357549905	0.509746588694	58	5	3	0	5	0.0793650793651
0.0828146391176	0.510721247563	59	5	3	0	5	0.078125
0.0842605129858	0.510721247563	59	6	3	0	5	0.078125
0.08586677028	0.510721247563	60	6	3	0	5	0.0769230769231
0.0858810907775	0.510721247563	61	6	3	0	5	0.0757575757576
0.0890549493123	0.510721247563	62	6	3	0	5	0.0746268656716
0.0891178305611	0.511695906433	63	6	3	0	5	0.0735294117647
0.0898943491715	0.512670565302	64	6	3	0	5	0.0724637681159
0.0899027693189	0.511695906433	65	6	3	0	5	0.0714285714286
0.0906272938661	0.511695906433	66	6	3	0	5	0.0704225352113
0.0917269106813	0.512670565302	67	6	3	0	5	0.0694444444444
0.0918852181172	0.512670565302	68	6	3	0	5	0.0684931506849
0.0927363340018	0.511695906433	69	6	3	0	5	0.0675675675676
0.0952468684348	0.510721247563	70	6	3	0	5	0.0666666666667
0.0955194255452	0.509746588694	71	6	3	0	5	0.0657894736842
0.0965500398962	0.508771929825	72	6	3	0	5	0.0649350649351
0.0974397044552	0.509746588694	73	6	3	0	5	0.0641025641026
0.0990410124891	0.507797270955	73	7	3	0	7	0.0875
0.0992215403751	0.508771929825	74	7	3	0	7	0.0864197530864
0.100393685355	0.509746588694	75	7	3	0	7	0.0853658536585
0.102710636938	0.508771929825	76	7	3	0	7	0.0843373493976
0.103192550135	0.508771929825	76	8	3	0	7	0.0843373493976
0.103473758709	0.509746588694	77	8	3	0	7	0.0833333333333
0.104558087067	0.509746588694	78	8	3	0	7	0.0823529411765
0.105657935921	0.509746588694	79	8	3	0	7	0.0813953488372
0.106246264812	0.510721247563	80	8	3	0	7	0.0804597701149
0.108296363893	0.510721247563	81	8	3	0	7	0.0795454545455
0.108299130589	0.511695906433	82	8	3	0	7	0.0786516853933
0.109702676375	0.512670565302	83	8	3	0	7	0.0777777777778
0.110636130188	0.512670565302	84	8	3	0	7	0.0769230769231
0.111480160265	0.512670565302	85	8	3	0	7	0.0760869565217
0.112945565368	0.512670565302	86	8	3	0	7	0.0752688172043
0.113465572588	0.511695906433	87	8	3	0	7	0.0744680851064
0.113610144281	0.512670565302	88	8	3	0	7	0.0736842105263
0.116121073186	0.512670565302	89	8	3	0	7	0.0729166666667
0.117324495099	0.511695906433	90	8	3	0	7	0.0721649484536
0.117499833195	0.510721247563	91	8	3	0	7	0.0714285714286
0.11767307274	0.511695906433	92	8	3	0	7	0.0707070707071
0.117912739664	0.512670565302	93	8	3	0	7	0.07
0.119882540785	0.511695906433	94	8	3	0	7	0.0693069306931
0.119882611623	0.512670565302	95	8	3	0	7	0.0686274509804
0.120203046974	0.512670565302	96	8	3	0	7	0.0679611650485
0.121789132977	0.510721247563	96	9	3	0	9	0.0857142857143
0.124663018562	0.511695906433	97	9	3	0	9	0.0849056603774
0.125699973699	0.510721247563	98	9	3	0	9	0.0841121495327
0.128032789031	0.510721247563	99	9	3	0	9	0.0833333333333
0.128625842307	0.510721247563	100	9	3	0	9	0.0825688073394
0.129320142805	0.511695906433	101	9	3	0	9	0.0818181818182
0.13159045184	0.511695906433	102	9	3	0	9	0.0810810810811
0.131800560756	0.511695906433	103	9	3	0	9	0.0803571428571
0.133253439756	0.511695906433	104	9	3	0	9	0.0796460176991
0.134499772984	0.511695906433	105	9	3	0	9	0.0789473684211
0.138181865418	0.509746588694	105	10	3	0	11	0.0948275862069
0.138277035791	0.510721247563	106	10	3	0	11	0.0940170940171
0.139599843609	0.510721247563	107	10	3	0	11	0.0932203389831
0.139960336519	0.511695906433	108	10	3	0	11	0.0924369747899
0.141977357539	0.512670565302	109	10	3	0	11	0.0916666666667
0.142888623937	0.513645224172	110	10	3	0	11	0.0909090909091
0.145092352438	0.511695906433	110	11	3	0	13	0.105691056911
0.147346026125	0.512670565302	111	11	3	0	13	0.104838709677
0.147516616619	0.513645224172	112	11	3	0	13	0.104
0.147732530696	0.514619883041	113	11	3	0	13	0.103174603175
0.14786650019	0.514619883041	114	11	3	0	13	0.102362204724
0.14795218779	0.513645224172	114	12	3	0	14	0.109375
0.148541963789	0.513645224172	115	12	3	0	14	0.108527131783
0.149169491991	0.512670565302	116	12	3	0	14	0.107692307692
0.149309465881	0.513645224172	117	12	3	0	14	0.106870229008
0.149830781771	0.512670565302	117	13	3	0	15	0.113636363636
0.151080312127	0.512670565302	118	13	3	0	15	0.112781954887
0.151358476516	0.512670565302	119	13	3	0	15	0.111940298507
0.151929929619	0.513645224172	120	13	3	0	15	0.111111111111
0.15195106651	0.514619883041	121	13	3	0	15	0.110294117647
0.152265462917	0.513645224172	122	13	3	0	15	0.109489051095
0.153237616672	0.513645224172	123	13	3	0	15	0.108695652174
0.153833143689	0.513645224172	124	13	3	0	15	0.107913669065
0.15407502346	0.513645224172	125	13	3	0	15	0.107142857143
0.158269541662	0.514619883041	126	13	3	0	15	0.106382978723
0.158660997712	0.51559454191	127	13	3	0	15	0.105633802817
0.160928235369	0.51559454191	128	13	3	0	15	0.104895104895
0.162204490381	0.51656920078	129	13	3	0	15	0.104166666667
0.163274464259	0.517543859649	130	13	3	0	15	0.103448275862
0.163591497468	0.518518518519	131	13	3	0	15	0.102739726027
0.164523379529	0.519493177388	132	13	3	0	15	0.102040816327
0.165959182224	0.518518518519	133	13	3	0	15	0.101351351351
0.166927207582	0.517543859649	134	13	3	0	15	0.10067114094
0.167848548179	0.517543859649	135	13	3	0	15	0.1
0.169196576848	0.518518518519	136	13	3	0	15	0.0993377483444
0.171840213347	0.519493177388	137	13	3	0	15	0.0986842105263
0.172009365121	0.519493177388	138	13	3	0	15	0.0980392156863
0.176343286325	0.520467836257	139	13	3	0	15	0.0974025974026
0.176643947089	0.520467836257	140	13	3	0	15	0.0967741935484
0.177389288488	0.520467836257	141	13	3	0	15	0.0961538461538
0.179087978804	0.521442495127	142	13	3	0	15	0.0955414012739
0.180184414585	0.519493177388	142	14	3	0	17	0.106918238994
0.180654529105	0.520467836257	143	14	3	0	17	0.10625
0.181525087094	0.520467836257	144	14	3	0	17	0.105590062112
0.182451009088	0.521442495127	145	14	3	0	17	0.104938271605
0.182998767947	0.521442495127	146	14	3	0	17	0.104294478528
0.184031920492	0.520467836257	147	14	3	0	17	0.103658536585
0.184085895736	0.519493177388	148	14	3	0	17	0.10303030303
0.18659575542	0.518518518519	149	14	3	0	17	0.102409638554
0.186853851514	0.519493177388	150	14	3	0	17	0.101796407186
0.187491799023	0.51656920078	150	15	3	0	20	0.117647058824
0.18770587637	0.517543859649	151	15	3	0	20	0.116959064327
0.190287283368	0.51656920078	151	16	3	0	21	0.122093023256
0.190733628717	0.51559454191	151	17	3	0	22	0.127167630058
0.193032388257	0.51559454191	152	17	3	0	22	0.126436781609
0.194116687564	0.51656920078	153	17	3	0	22	0.125714285714
0.194888612242	0.517543859649	154	17	3	0	22	0.125
0.196668768057	0.517543859649	155	17	3	0	22	0.124293785311
0.196717936838	0.51656920078	156	17	3	0	22	0.123595505618
0.19781941529	0.51559454191	157	17	3	0	22	0.122905027933
0.199513637919	0.514619883041	158	17	3	0	22	0.122222222222
0.200378394166	0.514619883041	159	17	3	0	22	0.121546961326
0.200793044645	0.512670565302	159	18	3	0	24	0.131147540984
0.202809660322	0.512670565302	160	18	3	0	24	0.130434782609
0.203137158034	0.513645224172	161	18	3	0	24	0.12972972973
0.206360714258	0.514619883041	162	18	3	0	24	0.129032258065
0.206378934054	0.51559454191	163	18	3	0	24	0.128342245989
0.20846257504	0.514619883041	164	18	3	0	24	0.127659574468
0.210900362655	0.51559454191	165	18	3	0	24	0.126984126984
0.210913876673	0.51656920078	166	18	3	0	24	0.126315789474
0.211393038065	0.517543859649	167	18	3	0	24	0.125654450262
0.211484781451	0.518518518519	168	18	3	0	24	0.125
0.213167856575	0.517543859649	168	19	3	0	25	0.129533678756
0.214325668492	0.518518518519	169	19	3	0	25	0.128865979381
0.217735002078	0.517543859649	170	19	3	0	25	0.128205128205
0.218302826351	0.51559454191	170	20	3	0	27	0.137055837563
0.219006144959	0.51656920078	171	20	3	0	27	0.136363636364
0.219070736417	0.513645224172	171	21	3	0	30	0.149253731343
0.22145172995	0.513645224172	172	21	3	0	30	0.148514851485
0.221937071733	0.514619883041	173	21	3	0	30	0.147783251232
0.222593894866	0.51559454191	174	21	3	0	30	0.147058823529
0.223064519004	0.514619883041	175	21	3	0	30	0.146341463415
0.223732666726	0.514619883041	176	21	3	0	30	0.145631067961
0.224958497645	0.51559454191	177	21	3	0	30	0.144927536232
0.228106856139	0.514619883041	178	21	3	0	30	0.144230769231
0.228589838132	0.514619883041	179	21	3	0	30	0.143540669856
0.229745321837	0.513645224172	180	21	3	0	30	0.142857142857
0.232431379922	0.513645224172	181	21	3	0	30	0.142180094787
0.232978297963	0.514619883041	182	21	3	0	30	0.141509433962
0.233251237363	0.51559454191	183	21	3	0	30	0.140845070423
0.235588408348	0.514619883041	183	22	3	0	31	0.144859813084
0.235667852833	0.514619883041	184	22	3	0	31	0.144186046512
0.236068820802	0.513645224172	185	22	3	0	31	0.143518518519
0.238397552055	0.512670565302	186	22	3	0	31	0.142857142857
0.240255809324	0.512670565302	187	22	3	0	31	0.142201834862
0.241160546514	0.513645224172	188	22	3	0	31	0.141552511416
0.242814856569	0.513645224172	189	22	3	0	31	0.140909090909
0.24294960656	0.510721247563	189	23	3	0	34	0.152466367713
0.243353992622	0.509746588694	190	23	3	0	34	0.151785714286
0.244797376509	0.510721247563	191	23	3	0	34	0.151111111111
0.247322970911	0.510721247563	192	23	3	0	34	0.150442477876
0.248848273581	0.509746588694	193	23	3	0	34	0.149779735683
0.250078622268	0.509746588694	194	23	3	0	34	0.149122807018
0.252956660055	0.510721247563	195	23	3	0	34	0.148471615721
0.253061129881	0.510721247563	195	24	3	0	34	0.148471615721
0.253915648551	0.510721247563	196	24	3	0	34	0.147826086957
0.255149665235	0.511695906433	197	24	3	0	34	0.147186147186
0.257915726197	0.510721247563	198	24	3	0	34	0.146551724138
0.259668116736	0.508771929825	198	25	3	0	36	0.153846153846
0.261658094911	0.505847953216	198	26	3	0	39	0.164556962025
0.262646373516	0.504873294347	199	26	3	0	39	0.163865546218
0.262703090661	0.503898635478	200	26	3	0	39	0.163179916318
0.264244152172	0.504873294347	201	26	3	0	39	0.1625
0.264619421216	0.503898635478	202	26	3	0	39	0.161825726141
0.264999383428	0.504873294347	203	26	3	0	39	0.161157024793
0.267486863034	0.503898635478	204	26	3	0	39	0.16049382716
0.267934819668	0.501949317739	204	27	3	0	41	0.167346938776
0.270413838708	0.501949317739	205	27	3	0	41	0.166666666667
0.273805894362	0.502923976608	206	27	3	0	41	0.165991902834
0.273931473607	0.502923976608	207	27	3	0	41	0.165322580645
0.276880298759	0.5	207	28	3	0	44	0.175298804781
0.27730196326	0.5	208	28	3	0	44	0.174603174603
0.278314831904	0.498050682261	208	29	3	0	46	0.181102362205
0.280373855809	0.498050682261	209	29	3	0	46	0.180392156863
0.281332716266	0.499025341131	210	29	3	0	46	0.1796875
0.281527794148	0.499025341131	211	29	3	0	46	0.178988326848
0.28160922817	0.5	212	29	3	0	46	0.178294573643
0.281829660389	0.5	213	29	3	0	46	0.177606177606
0.281874858544	0.500974658869	214	29	3	0	46	0.176923076923
0.283796869656	0.5	215	29	3	0	46	0.176245210728
0.288873053294	0.499025341131	216	29	3	0	46	0.175572519084
0.289931623682	0.5	217	29	3	0	46	0.174904942966
0.290114463612	0.500974658869	218	29	3	0	46	0.174242424242
0.291544210708	0.501949317739	219	29	3	0	46	0.17358490566
0.293227754853	0.5	219	30	3	0	48	0.179775280899
0.294541731394	0.5	220	30	3	0	48	0.179104477612
0.295172157365	0.498050682261	220	31	3	0	50	0.185185185185
0.296554344803	0.499025341131	221	31	3	0	50	0.184501845018
0.296765450907	0.496101364522	221	32	3	0	53	0.193430656934
0.298774211723	0.494152046784	221	33	3	0	55	0.199275362319
0.299071472568	0.493177387914	222	33	3	0	55	0.198555956679
0.301874368066	0.494152046784	223	33	3	0	55	0.197841726619
0.302086910317	0.494152046784	224	33	3	0	55	0.197132616487
0.303325180505	0.495126705653	225	33	3	0	55	0.196428571429
0.303536802947	0.496101364522	226	33	3	0	55	0.195729537367
0.306230245427	0.495126705653	227	33	3	0	55	0.195035460993
0.308252832031	0.496101364522	228	33	3	0	55	0.194346289753
0.310032290002	0.496101364522	229	33	3	0	55	0.193661971831
0.310069464912	0.497076023392	230	33	3	0	55	0.19298245614
0.313094858377	0.496101364522	231	33	3	0	55	0.192307692308
0.318812245443	0.497076023392	232	33	3	0	55	0.191637630662
0.320789734346	0.496101364522	233	33	3	0	55	0.190972222222
0.320812075518	0.496101364522	234	33	3	0	55	0.190311418685
0.320911783849	0.496101364522	235	33	3	0	55	0.189655172414
0.321390396887	0.496101364522	235	34	3	0	55	0.189655172414
0.321789980013	0.495126705653	236	34	3	0	55	0.189003436426
0.324389159461	0.494152046784	237	34	3	0	55	0.188356164384
0.324602760848	0.495126705653	238	34	3	0	55	0.18771331058
0.324627912629	0.496101364522	239	34	3	0	55	0.187074829932
0.325952182843	0.495126705653	239	35	3	0	56	0.189830508475
0.326258972717	0.495126705653	240	35	3	0	56	0.189189189189
0.331617301866	0.496101364522	241	35	3	0	56	0.188552188552
0.331930337702	0.495126705653	242	35	3	0	56	0.187919463087
0.332865386231	0.496101364522	243	35	3	0	56	0.1872909699
0.332925201493	0.495126705653	244	35	3	0	56	0.186666666667
0.33475504998	0.494152046784	244	36	3	0	57	0.189368770764
0.335134518692	0.494152046784	245	36	3	0	57	0.188741721854
0.335545357194	0.495126705653	246	36	3	0	57	0.188118811881
0.335876947413	0.496101364522	247	36	3	0	57	0.1875
0.336232275057	0.495126705653	248	36	3	0	57	0.186885245902
0.336609069422	0.495126705653	249	36	3	0	57	0.186274509804
0.337513938078	0.495126705653	250	36	3	0	57	0.185667752443
0.338205924544	0.494152046784	251	36	3	0	57	0.185064935065
0.339104158022	0.495126705653	252	36	3	0	57	0.184466019417
0.340820671411	0.496101364522	253	36	3	0	57	0.183870967742
0.341342347766	0.497076023392	254	36	3	0	57	0.183279742765
0.341686183942	0.496101364522	254	37	3	0	58	0.185897435897
0.342859867613	0.496101364522	255	37	3	0	58	0.185303514377
0.343140695568	0.497076023392	256	37	3	0	58	0.184713375796
0.343333083823	0.497076023392	257	37	3	0	58	0.184126984127
0.344817733274	0.497076023392	258	37	3	0	58	0.183544303797
0.345883037126	0.498050682261	259	37	3	0	58	0.182965299685
0.349437294641	0.498050682261	259	38	3	0	58	0.182965299685
0.356272998469	0.499025341131	260	38	3	0	58	0.182389937107
0.361227868923	0.5	261	38	3	0	58	0.181818181818
0.361523260934	0.5	262	38	3	0	58	0.18125
0.361537668523	0.500974658869	263	38	3	0	58	0.180685358255
0.361956471559	0.499025341131	263	39	3	0	60	0.185758513932
0.362598296694	0.5	264	39	3	0	60	0.185185185185
0.363262367175	0.5	265	39	3	0	60	0.184615384615
0.369460001873	0.500974658869	266	39	3	0	60	0.184049079755
0.370166237365	0.501949317739	267	39	3	0	60	0.183486238532
0.371542287858	0.499025341131	267	40	3	0	63	0.190909090909
0.372348531952	0.499025341131	268	40	3	0	63	0.190332326284
0.372491278152	0.499025341131	269	40	3	0	63	0.189759036145
0.373253083551	0.498050682261	270	40	3	0	63	0.189189189189
0.373645677854	0.499025341131	271	40	3	0	63	0.188622754491
0.378976539043	0.5	272	40	3	0	63	0.188059701493
0.379563499277	0.5	273	40	3	0	63	0.1875
0.380509723246	0.498050682261	273	41	3	0	65	0.192307692308
0.380766700481	0.499025341131	274	41	3	0	65	0.191740412979
0.381694861091	0.5	275	41	3	0	65	0.191176470588
0.381880617707	0.500974658869	276	41	3	0	65	0.190615835777
0.382498163578	0.501949317739	277	41	3	0	65	0.190058479532
0.382643734367	0.502923976608	278	41	3	0	65	0.189504373178
0.383407374109	0.503898635478	279	41	3	0	65	0.188953488372
0.383479566415	0.503898635478	280	41	3	0	65	0.188405797101
0.384061619508	0.503898635478	281	41	3	0	65	0.187861271676
0.388414107241	0.504873294347	282	41	3	0	65	0.187319884726
0.389117877342	0.503898635478	283	41	3	0	65	0.186781609195
0.390606558483	0.503898635478	284	41	3	0	65	0.186246418338
0.390759383447	0.503898635478	285	41	3	0	65	0.185714285714
0.392224084205	0.503898635478	286	41	3	0	65	0.185185185185
0.39355494507	0.503898635478	287	41	3	0	65	0.184659090909
0.394309988084	0.503898635478	288	41	3	0	65	0.184135977337
0.394444379934	0.504873294347	289	41	3	0	65	0.183615819209
0.395605330321	0.505847953216	290	41	3	0	65	0.183098591549
0.395703605744	0.506822612086	291	41	3	0	65	0.182584269663
0.395949112019	0.507797270955	292	41	3	0	65	0.182072829132
0.39640245246	0.507797270955	293	41	3	0	65	0.18156424581
0.39917020806	0.508771929825	294	41	3	0	65	0.181058495822
0.401522623946	0.508771929825	295	41	3	0	65	0.180555555556
0.403700837248	0.508771929825	296	41	3	0	65	0.180055401662
0.404200658376	0.508771929825	297	41	3	0	65	0.17955801105
0.405613572672	0.509746588694	298	41	3	0	65	0.179063360882
0.407262160274	0.510721247563	299	41	3	0	65	0.178571428571
0.408013086246	0.510721247563	300	41	3	0	65	0.178082191781
0.408975688813	0.510721247563	301	41	3	0	65	0.177595628415
0.410094594382	0.510721247563	302	41	3	0	65	0.177111716621
0.411402553542	0.510721247563	303	41	3	0	65	0.176630434783
0.413903349067	0.511695906433	304	41	3	0	65	0.176151761518
0.413996462027	0.512670565302	305	41	3	0	65	0.175675675676
0.414389007602	0.512670565302	306	41	3	0	65	0.175202156334
0.414416615936	0.513645224172	307	41	3	0	65	0.174731182796
0.414544102934	0.512670565302	308	41	3	0	65	0.174262734584
0.414764065584	0.512670565302	309	41	3	0	65	0.173796791444
0.417709177929	0.512670565302	310	41	3	0	65	0.173333333333
0.418492075559	0.510721247563	310	42	3	0	67	0.177718832891
0.41915068507	0.510721247563	310	43	3	0	67	0.177718832891
0.419768383471	0.511695906433	311	43	3	0	67	0.177248677249
0.421362410127	0.511695906433	312	43	3	0	67	0.176781002639
0.423838559678	0.508771929825	312	44	3	0	70	0.183246073298
0.424315382464	0.507797270955	313	44	3	0	70	0.182767624021
0.424719485553	0.508771929825	314	44	3	0	70	0.182291666667
0.426236135191	0.509746588694	315	44	3	0	70	0.181818181818
0.427073643143	0.508771929825	316	44	3	0	70	0.181347150259
0.429216187778	0.509746588694	317	44	3	0	70	0.180878552972
0.43059276773	0.510721247563	318	44	3	0	70	0.180412371134
0.432460374584	0.508771929825	318	45	3	0	72	0.184615384615
0.435137826652	0.509746588694	319	45	3	0	72	0.184143222506
0.437510279168	0.510721247563	320	45	3	0	72	0.183673469388
0.437577027646	0.510721247563	321	45	3	0	72	0.18320610687
0.43886494203	0.510721247563	322	45	3	0	72	0.182741116751
0.440070067276	0.510721247563	323	45	3	0	72	0.182278481013
0.443002175012	0.511695906433	324	45	3	0	72	0.181818181818
0.44340046822	0.511695906433	325	45	3	0	72	0.181360201511
0.443675524188	0.510721247563	326	45	3	0	72	0.180904522613
0.443918914287	0.511695906433	327	45	3	0	72	0.18045112782
