# time 	 divergence 	 # of mutations 	 # IGC chances 	 IGC length 	 # IGC failures 	 Changes due to IGC  	 % change due to IGC 
0.0	0.269938650307	0	0	0	0	0	0.0
0.00091570933823	0.271983640082	1	0	0	0	0	0.0
0.00506916574695	0.274028629857	2	0	0	0	0	0.0
0.00901644186523	0.276073619632	3	0	0	0	0	0.0
0.0151035568155	0.278118609407	4	0	0	0	0	0.0
0.0166580369758	0.276073619632	5	0	0	0	0	0.0
0.0168572798661	0.278118609407	6	0	0	0	0	0.0
0.0189093316321	0.278118609407	7	0	0	0	0	0.0
0.0191027334615	0.276073619632	7	1	3	0	1	0.125
0.022422571596	0.274028629857	8	1	3	0	1	0.111111111111
0.0250606288323	0.276073619632	9	1	3	0	1	0.1
0.0353248639779	0.274028629857	9	2	3	0	2	0.181818181818
0.0375397726231	0.276073619632	10	2	3	0	2	0.166666666667
0.0379595448961	0.274028629857	11	2	3	0	2	0.153846153846
0.0389776343005	0.271983640082	12	2	3	0	2	0.142857142857
0.0402030286959	0.274028629857	13	2	3	0	2	0.133333333333
0.0466029238918	0.271983640082	14	2	3	0	2	0.125
0.0509109174141	0.274028629857	15	2	3	0	2	0.117647058824
0.0545394132309	0.276073619632	16	2	3	0	2	0.111111111111
0.0549703812589	0.276073619632	17	2	3	0	2	0.105263157895
