# time 	 divergence 	 # of mutations 	 # IGC chances 	 IGC length 	 # IGC failures 	 Changes due to IGC  	 % change due to IGC 
0.0	0.017094017094	0	0	0	0	0	0.0
9.78328554934e-05	0.017094017094	0	1	3	0	0	0.0
0.000475317419268	0.017094017094	0	2	3	0	0	0.0
0.000830993893762	0.017094017094	0	3	3	0	0	0.0
0.000863026058194	0.017094017094	0	4	3	0	0	0.0
0.000990044384631	0.017094017094	0	5	3	0	0	0.0
0.00105682189478	0.017094017094	0	6	3	0	0	0.0
0.00108081347902	0.017094017094	1	6	3	0	0	0.0
0.00113847141679	0.017094017094	1	7	3	0	0	0.0
0.00131282797291	0.017094017094	1	8	3	0	0	0.0
0.0013640492247	0.017094017094	1	9	3	0	0	0.0
0.00147792809116	0.017094017094	1	10	3	0	0	0.0
0.00178777572233	0.017094017094	1	11	3	0	0	0.0
0.00189562536395	0.017094017094	1	12	3	0	0	0.0
0.00199186326042	0.017094017094	1	13	3	0	0	0.0
0.00214537394563	0.017094017094	1	14	3	0	0	0.0
0.00216051221121	0.0192307692308	2	14	3	0	0	0.0
0.00216664890852	0.0192307692308	2	15	3	0	0	0.0
0.00236582923326	0.0192307692308	2	16	3	0	0	0.0
0.00252760750273	0.0192307692308	2	17	3	0	0	0.0
0.00282937001448	0.0192307692308	2	18	3	0	0	0.0
0.0029107824492	0.0192307692308	2	19	3	0	0	0.0
0.00298843577283	0.0192307692308	2	20	3	0	0	0.0
0.00328549377142	0.0192307692308	2	21	3	0	0	0.0
0.00329545491265	0.0192307692308	2	22	3	0	0	0.0
0.00330631084857	0.0192307692308	2	23	3	0	0	0.0
0.00339057835444	0.0192307692308	2	24	3	0	0	0.0
0.00340127869728	0.0213675213675	3	24	3	0	0	0.0
0.00342761937113	0.0213675213675	3	25	3	0	0	0.0
0.00368621902922	0.0213675213675	3	26	3	0	0	0.0
0.0040415838655	0.0235042735043	4	26	3	0	0	0.0
0.00408155804459	0.025641025641	5	26	3	0	0	0.0
0.0041252527753	0.025641025641	5	27	3	0	0	0.0
0.00416629269354	0.025641025641	5	28	3	0	0	0.0
0.00422518630897	0.025641025641	5	29	3	0	0	0.0
0.00458288117553	0.025641025641	5	30	3	0	0	0.0
0.00486564402329	0.025641025641	5	31	3	0	0	0.0
0.00514256043066	0.025641025641	5	32	3	0	0	0.0
0.00538131229289	0.025641025641	5	33	3	0	0	0.0
0.00546948646152	0.025641025641	5	34	3	0	0	0.0
0.0054997587665	0.025641025641	5	35	3	0	0	0.0
0.00558075782989	0.025641025641	5	36	3	0	0	0.0
0.00563832815899	0.025641025641	5	37	3	0	0	0.0
0.00577056294495	0.025641025641	5	38	3	0	0	0.0
0.00595168843076	0.025641025641	5	39	3	0	0	0.0
0.00606971210871	0.025641025641	5	40	3	0	0	0.0
0.00616639948475	0.025641025641	5	41	3	0	0	0.0
0.0062861551292	0.025641025641	5	42	3	0	0	0.0
0.00639451967383	0.025641025641	5	43	3	0	0	0.0
0.00642547183975	0.0277777777778	6	43	3	0	0	0.0
0.00648958277421	0.0299145299145	7	43	3	0	0	0.0
0.00659330060923	0.0299145299145	7	44	3	0	0	0.0
0.00664173871953	0.0299145299145	7	45	3	0	0	0.0
0.00684664574996	0.0299145299145	7	46	3	0	0	0.0
0.00702777132612	0.0299145299145	7	47	3	0	0	0.0
0.00711485576986	0.0299145299145	7	48	3	0	0	0.0
0.00718296945086	0.0299145299145	7	49	3	0	0	0.0
0.00749433981912	0.0299145299145	7	50	3	0	0	0.0
0.00767594472773	0.0299145299145	7	51	3	0	0	0.0
0.00775238579781	0.0320512820513	8	51	3	0	0	0.0
