# time 	 divergence 	 # of mutations 	 # IGC chances 	 IGC length 	 # IGC failures 	 Changes due to IGC  	 % change due to IGC 
0.0	0.0213675213675	0	0	0	0	0	0.0
0.000233908543253	0.0213675213675	0	1	3	0	0	0.0
0.000486604108333	0.0213675213675	0	2	3	0	0	0.0
0.000587607393368	0.0213675213675	0	3	3	0	0	0.0
0.000682512179121	0.0213675213675	0	4	3	0	0	0.0
0.00083202292112	0.0213675213675	0	5	3	0	0	0.0
0.000858389943395	0.0213675213675	0	6	3	0	0	0.0
0.000936159914079	0.0213675213675	0	7	3	0	0	0.0
0.00100564920937	0.0213675213675	0	8	3	0	0	0.0
0.00104765539107	0.0213675213675	0	9	3	0	0	0.0
0.00107842679705	0.0213675213675	0	10	3	0	0	0.0
0.00112148070478	0.0213675213675	0	11	3	0	0	0.0
0.00132083864268	0.0213675213675	0	12	3	0	0	0.0
0.00156732296592	0.0213675213675	0	13	3	0	0	0.0
0.00178160752656	0.0213675213675	0	14	3	0	0	0.0
0.00228018922169	0.0213675213675	0	15	3	0	0	0.0
0.00229076545194	0.0213675213675	0	16	3	0	0	0.0
0.00247520460493	0.0213675213675	0	17	3	0	0	0.0
0.0028030054269	0.0213675213675	0	18	3	0	0	0.0
0.00288457410321	0.0213675213675	0	19	3	0	0	0.0
0.00345448172383	0.0213675213675	0	20	3	0	0	0.0
0.00366131900057	0.0213675213675	0	21	3	0	0	0.0
0.00385997082288	0.0213675213675	0	22	3	0	0	0.0
0.00392046984159	0.0213675213675	0	23	3	0	0	0.0
0.00398039212198	0.0213675213675	0	24	3	0	0	0.0
0.00407736175707	0.0213675213675	0	25	3	0	0	0.0
0.00410743413553	0.0213675213675	0	26	3	0	0	0.0
0.00444256694507	0.0213675213675	0	27	3	0	0	0.0
0.00459736387018	0.0213675213675	0	28	3	0	0	0.0
0.00478513853531	0.0213675213675	0	29	3	0	0	0.0
0.00498938864366	0.0213675213675	0	30	3	0	0	0.0
0.0050630430642	0.0213675213675	0	31	3	0	0	0.0
0.00552060718637	0.0213675213675	0	32	3	0	0	0.0
0.00567037177748	0.0213675213675	0	33	3	0	0	0.0
0.00593096024686	0.0213675213675	0	34	3	0	0	0.0
0.00653952483065	0.0213675213675	0	35	3	0	0	0.0
0.00655324442797	0.0213675213675	0	36	3	0	0	0.0
0.00659238302354	0.0213675213675	0	37	3	0	0	0.0
0.00668572679898	0.0213675213675	0	38	3	0	0	0.0
0.00679236464685	0.0213675213675	0	39	3	0	0	0.0
0.00692802097275	0.0213675213675	0	40	3	0	0	0.0
0.00702363820891	0.0213675213675	0	41	3	0	0	0.0
0.00722967640328	0.0213675213675	0	42	3	0	0	0.0
0.00747944307189	0.0213675213675	0	43	3	0	0	0.0
0.0075059008564	0.0213675213675	0	44	3	0	0	0.0
0.00766787463858	0.0213675213675	0	45	3	0	0	0.0
0.00773702714158	0.0213675213675	0	46	3	0	0	0.0
0.00797039431434	0.0213675213675	0	47	3	0	0	0.0
0.0081303425284	0.0213675213675	0	48	3	0	0	0.0
0.00835267973025	0.0213675213675	0	49	3	0	0	0.0
0.00835280292833	0.0213675213675	0	50	3	0	0	0.0
0.00839890389242	0.0213675213675	0	51	3	0	0	0.0
0.00870692222733	0.0213675213675	0	52	3	0	0	0.0
0.0087354162193	0.0213675213675	0	53	3	0	0	0.0
0.00896517327212	0.0213675213675	0	54	3	0	0	0.0
0.0089675134078	0.0213675213675	0	55	3	0	0	0.0
0.00896859511364	0.0213675213675	0	56	3	0	0	0.0
0.00903283563971	0.0213675213675	0	57	3	0	0	0.0
0.00905851429018	0.0192307692308	0	58	3	0	1	1.0
