# time 	 divergence 	 # of mutations 	 # IGC chances 	 IGC length 	 # IGC failures 	 Changes due to IGC  	 % change due to IGC 
0.0	0.0122699386503	0	0	0	0	0	0.0
0.000283885860438	0.0143149284254	1	0	0	0	0	0.0
0.00228682865983	0.0163599182004	2	0	0	0	0	0.0
0.00336798964843	0.0184049079755	3	0	0	0	0	0.0
0.0117579780006	0.0204498977505	4	0	0	0	0	0.0
0.0179950395594	0.0224948875256	5	0	0	0	0	0.0
0.0270984184478	0.0245398773006	6	0	0	0	0	0.0
0.0272507297329	0.0265848670757	7	0	0	0	0	0.0
0.0272956019931	0.0286298568507	8	0	0	0	0	0.0
0.0300097385517	0.0306748466258	9	0	0	0	0	0.0
0.0311897944133	0.0327198364008	10	0	0	0	0	0.0
0.031280522833	0.0347648261759	11	0	0	0	0	0.0
0.0364303465872	0.0368098159509	12	0	0	0	0	0.0
0.0389616913953	0.038854805726	13	0	0	0	0	0.0
0.0470004695976	0.040899795501	14	0	0	0	0	0.0
0.0515402755048	0.0429447852761	15	0	0	0	0	0.0
0.0520664329776	0.0449897750511	16	0	0	0	0	0.0
0.0526068615802	0.0470347648262	17	0	0	0	0	0.0
0.0591885965776	0.0449897750511	18	0	0	0	0	0.0
0.0603075349039	0.0470347648262	19	0	0	0	0	0.0
0.0647303899332	0.0490797546012	20	0	0	0	0	0.0
0.0663635430223	0.0511247443763	21	0	0	0	0	0.0
0.0674301527818	0.0531697341513	22	0	0	0	0	0.0
0.0683621688935	0.0552147239264	23	0	0	0	0	0.0
0.0714268993093	0.0531697341513	24	0	0	0	0	0.0
0.0737645337668	0.0531697341513	24	1	6	0	0	0.0
0.074844080199	0.0552147239264	25	1	6	0	0	0.0
0.0771845854668	0.0552147239264	26	1	6	0	0	0.0
0.0870109789147	0.0572597137014	27	1	6	0	0	0.0
0.0908779131106	0.0552147239264	28	1	6	0	0	0.0
0.0909965414476	0.0572597137014	29	1	6	0	0	0.0
0.0910957845418	0.0593047034765	30	1	6	0	0	0.0
0.0914113926646	0.0613496932515	31	1	6	0	0	0.0
0.0929455286456	0.0613496932515	32	1	6	0	0	0.0
0.0932431605816	0.0470347648262	32	2	123	0	7	0.179487179487
0.0951903564315	0.0490797546012	33	2	123	0	7	0.175
0.0961931836021	0.0511247443763	34	2	123	0	7	0.170731707317
0.0978736977563	0.0531697341513	35	2	123	0	7	0.166666666667
0.0999319831349	0.0552147239264	36	2	123	0	7	0.162790697674
0.100266725594	0.0572597137014	37	2	123	0	7	0.159090909091
0.100881614951	0.0593047034765	38	2	123	0	7	0.155555555556
0.102356272687	0.0613496932515	39	2	123	0	7	0.152173913043
0.10268723678	0.0633946830266	40	2	123	0	7	0.148936170213
0.105568775215	0.0654396728016	41	2	123	0	7	0.145833333333
0.108452829754	0.0674846625767	42	2	123	0	7	0.142857142857
0.108536682148	0.0695296523517	43	2	123	0	7	0.14
0.10947771329	0.0715746421268	44	2	123	0	7	0.137254901961
0.110680189314	0.0736196319018	45	2	123	0	7	0.134615384615
0.111580311228	0.0756646216769	46	2	123	0	7	0.132075471698
0.127854668485	0.0777096114519	47	2	123	0	7	0.12962962963
0.129085314314	0.079754601227	48	2	123	0	7	0.127272727273
0.132073311272	0.081799591002	49	2	123	0	7	0.125
0.133643021592	0.0838445807771	50	2	123	0	7	0.122807017544
0.141401926629	0.081799591002	51	2	123	0	7	0.120689655172
0.142178970583	0.0838445807771	52	2	123	0	7	0.118644067797
0.145752510478	0.081799591002	53	2	123	0	7	0.116666666667
0.146437410744	0.0838445807771	54	2	123	0	7	0.114754098361
0.150816256406	0.0858895705521	55	2	123	0	7	0.112903225806
0.152495391479	0.0879345603272	56	2	123	0	7	0.111111111111
0.153733334856	0.0899795501022	57	2	123	0	7	0.109375
0.154115341497	0.0920245398773	58	2	123	0	7	0.107692307692
0.159655910435	0.0940695296524	59	2	123	0	7	0.106060606061
0.162252354691	0.0961145194274	60	2	123	0	7	0.10447761194
0.164721189763	0.0981595092025	61	2	123	0	7	0.102941176471
0.166066356923	0.0899795501022	61	3	72	0	11	0.152777777778
0.168473630705	0.0920245398773	62	3	72	0	11	0.150684931507
0.168633197677	0.0899795501022	63	3	72	0	11	0.148648648649
0.168715584793	0.0920245398773	64	3	72	0	11	0.146666666667
0.181807542033	0.0940695296524	65	3	72	0	11	0.144736842105
0.182011509965	0.0961145194274	66	3	72	0	11	0.142857142857
0.187410517028	0.0981595092025	67	3	72	0	11	0.141025641026
0.187456074755	0.0981595092025	67	4	42	0	11	0.141025641026
0.187702798466	0.100204498978	68	4	42	0	11	0.139240506329
0.188657993903	0.102249488753	69	4	42	0	11	0.1375
0.1905589704	0.104294478528	70	4	42	0	11	0.135802469136
0.197195582453	0.106339468303	71	4	42	0	11	0.134146341463
0.198544146239	0.108384458078	72	4	42	0	11	0.132530120482
0.20858765053	0.110429447853	73	4	42	0	11	0.130952380952
0.213134249526	0.112474437628	74	4	42	0	11	0.129411764706
