# time 	 divergence 	 # of mutations 	 # IGC chances 	 IGC length 	 # IGC failures 	 Changes due to IGC  	 % change due to IGC 
0.0	0.126068376068	0	0	0	0	0	0.0
0.000553047599783	0.128205128205	1	0	0	0	0	0.0
0.00255737203864	0.130341880342	2	0	0	0	0	0.0
0.00309127821187	0.132478632479	3	0	0	0	0	0.0
0.00491831744142	0.134615384615	4	0	0	0	0	0.0
0.00607347980885	0.136752136752	5	0	0	0	0	0.0
0.0102147888065	0.138888888889	6	0	0	0	0	0.0
0.0108904380396	0.138888888889	7	0	0	0	0	0.0
0.011382582674	0.141025641026	8	0	0	0	0	0.0
0.0117752008915	0.141025641026	9	0	0	0	0	0.0
0.0142929045015	0.143162393162	10	0	0	0	0	0.0
0.0178648342269	0.143162393162	11	0	0	0	0	0.0
0.0212319258106	0.141025641026	12	0	0	0	0	0.0
0.0320561625551	0.143162393162	13	0	0	0	0	0.0
0.0357403994781	0.145299145299	14	0	0	0	0	0.0
0.0416051824772	0.147435897436	15	0	0	0	0	0.0
0.0472000992397	0.145299145299	16	0	0	0	0	0.0
0.0487906513149	0.147435897436	17	0	0	0	0	0.0
0.0525143721498	0.149572649573	18	0	0	0	0	0.0
0.055630901641	0.151709401709	19	0	0	0	0	0.0
0.0567368755814	0.153846153846	20	0	0	0	0	0.0
0.0616392324106	0.155982905983	21	0	0	0	0	0.0
0.0638920860166	0.15811965812	22	0	0	0	0	0.0
0.0674189341707	0.160256410256	23	0	0	0	0	0.0
0.0710447336135	0.162393162393	24	0	0	0	0	0.0
0.0725056507462	0.16452991453	25	0	0	0	0	0.0
0.0739593831606	0.166666666667	26	0	0	0	0	0.0
0.073976891447	0.168803418803	27	0	0	0	0	0.0
0.0746309737107	0.17094017094	28	0	0	0	0	0.0
0.0780775497508	0.173076923077	29	0	0	0	0	0.0
0.0790794365829	0.175213675214	30	0	0	0	0	0.0
