# time 	 divergence 	 # of mutations 	 # IGC chances 	 IGC length 	 # IGC failures 	 Changes due to IGC  	 % change due to IGC 
0.0	0.227956989247	0	0	0	0	0	0.0
0.00109171248358	0.229032258065	1	0	0	0	0	0.0
0.00254515128347	0.230107526882	2	0	0	0	0	0.0
0.00452477711542	0.231182795699	3	0	0	0	0	0.0
0.00485721068253	0.231182795699	4	0	0	0	0	0.0
0.00541059792544	0.230107526882	5	0	0	0	0	0.0
0.00561039798176	0.230107526882	6	0	0	0	0	0.0
0.00867711338319	0.227956989247	6	1	9	0	2	0.25
0.0109408705907	0.22688172043	7	1	9	0	2	0.222222222222
0.0112506148297	0.222580645161	7	2	27	0	6	0.461538461538
0.0118404284242	0.21935483871	7	3	9	0	9	0.5625
0.0120634633079	0.218279569892	8	3	9	0	9	0.529411764706
0.0121513529227	0.217204301075	9	3	9	0	9	0.5
0.0146086522726	0.218279569892	10	3	9	0	9	0.473684210526
0.015722065455	0.217204301075	11	3	9	0	9	0.45
0.0186454503002	0.217204301075	12	3	9	0	9	0.428571428571
0.01865664062	0.218279569892	13	3	9	0	9	0.409090909091
0.0188752252751	0.21935483871	14	3	9	0	9	0.391304347826
0.0193801181258	0.218279569892	14	4	6	0	10	0.416666666667
0.0198838198874	0.21935483871	15	4	6	0	10	0.4
0.0209519814259	0.218279569892	15	5	6	0	11	0.423076923077
0.0212280704398	0.21935483871	16	5	6	0	11	0.407407407407
0.0251104936321	0.220430107527	17	5	6	0	11	0.392857142857
0.0255780635706	0.221505376344	18	5	6	0	11	0.379310344828
0.0270462507038	0.221505376344	19	5	6	0	11	0.366666666667
0.0277872949286	0.222580645161	20	5	6	0	11	0.354838709677
0.0298788741955	0.223655913978	21	5	6	0	11	0.34375
0.0317019030886	0.224731182796	22	5	6	0	11	0.333333333333
0.0321564778937	0.225806451613	23	5	6	0	11	0.323529411765
0.0326334577635	0.22688172043	24	5	6	0	11	0.314285714286
0.0356584978952	0.22688172043	25	5	6	0	11	0.305555555556
0.0363452664414	0.227956989247	26	5	6	0	11	0.297297297297
0.0371236798705	0.227956989247	27	5	6	0	11	0.289473684211
0.0396383923361	0.229032258065	28	5	6	0	11	0.282051282051
0.0399682047317	0.229032258065	29	5	6	0	11	0.275
0.0434531296571	0.230107526882	30	5	6	0	11	0.268292682927
0.0446573654101	0.231182795699	31	5	6	0	11	0.261904761905
0.0447213981643	0.232258064516	32	5	6	0	11	0.255813953488
0.0447256143702	0.232258064516	33	5	6	0	11	0.25
0.0452390144228	0.233333333333	34	5	6	0	11	0.244444444444
0.0462809258166	0.233333333333	35	5	6	0	11	0.239130434783
0.0468185525477	0.234408602151	36	5	6	0	11	0.234042553191
0.0514984801077	0.235483870968	37	5	6	0	11	0.229166666667
0.053868439962	0.236559139785	38	5	6	0	11	0.224489795918
0.0541851210728	0.237634408602	39	5	6	0	11	0.22
0.0587607454508	0.237634408602	40	5	6	0	11	0.21568627451
0.0603472425615	0.238709677419	41	5	6	0	11	0.211538461538
0.0610135715282	0.239784946237	42	5	6	0	11	0.207547169811
0.0623890242328	0.240860215054	43	5	6	0	11	0.203703703704
0.0656146794013	0.241935483871	44	5	6	0	11	0.2
0.0672435650951	0.240860215054	45	5	6	0	11	0.196428571429
0.0698548903951	0.234408602151	45	6	21	0	17	0.274193548387
0.0709266748824	0.234408602151	46	6	21	0	17	0.269841269841
0.0725095631819	0.233333333333	47	6	21	0	17	0.265625
0.0739878840526	0.233333333333	48	6	21	0	17	0.261538461538
0.0765344537764	0.232258064516	49	6	21	0	17	0.257575757576
0.0808214146569	0.231182795699	50	6	21	0	17	0.253731343284
0.083773991067	0.225806451613	50	7	12	0	22	0.305555555556
0.0843475118729	0.224731182796	50	8	6	0	23	0.315068493151
0.0863334868006	0.223655913978	51	8	6	0	23	0.310810810811
0.0865744002375	0.224731182796	52	8	6	0	23	0.306666666667
0.0892173258546	0.225806451613	53	8	6	0	23	0.302631578947
0.0897963930284	0.22688172043	54	8	6	0	23	0.298701298701
0.0922186418813	0.227956989247	55	8	6	0	23	0.294871794872
0.0948748587924	0.229032258065	56	8	6	0	23	0.291139240506
0.0958995040679	0.227956989247	57	8	6	0	23	0.2875
0.0973730571574	0.229032258065	58	8	6	0	23	0.283950617284
0.0982763424552	0.224731182796	58	9	12	0	27	0.317647058824
0.0989776911705	0.223655913978	59	9	12	0	27	0.313953488372
0.100535146082	0.224731182796	60	9	12	0	27	0.310344827586
0.102594635782	0.225806451613	61	9	12	0	27	0.306818181818
0.104372557069	0.22688172043	62	9	12	0	27	0.303370786517
0.104963969546	0.227956989247	63	9	12	0	27	0.3
0.105071899872	0.227956989247	64	9	12	0	27	0.296703296703
0.107537534815	0.227956989247	65	9	12	0	27	0.29347826087
0.112627006934	0.227956989247	66	9	12	0	27	0.290322580645
0.11389895048	0.229032258065	67	9	12	0	27	0.287234042553
0.116513507039	0.227956989247	68	9	12	0	27	0.284210526316
0.116850510553	0.225806451613	68	10	6	0	29	0.298969072165
0.117482986688	0.22688172043	69	10	6	0	29	0.295918367347
0.118015021528	0.227956989247	70	10	6	0	29	0.292929292929
0.119181672226	0.22688172043	70	11	6	0	30	0.3
0.121073417923	0.227956989247	71	11	6	0	30	0.29702970297
0.121244001162	0.229032258065	72	11	6	0	30	0.294117647059
0.122702034318	0.230107526882	73	11	6	0	30	0.291262135922
0.124801207803	0.230107526882	73	12	3	0	30	0.291262135922
0.126167864117	0.230107526882	74	12	3	0	30	0.288461538462
0.126869003042	0.229032258065	75	12	3	0	30	0.285714285714
0.12782869705	0.230107526882	76	12	3	0	30	0.283018867925
0.130699140352	0.231182795699	77	12	3	0	30	0.280373831776
0.131605104772	0.232258064516	78	12	3	0	30	0.277777777778
0.132289468671	0.232258064516	79	12	3	0	30	0.275229357798
0.134304489317	0.233333333333	80	12	3	0	30	0.272727272727
0.13971536298	0.231182795699	80	13	6	0	32	0.285714285714
0.140405210367	0.232258064516	81	13	6	0	32	0.283185840708
0.142013616828	0.232258064516	81	14	6	0	32	0.283185840708
0.14343767238	0.232258064516	82	14	6	0	32	0.280701754386
0.144415636555	0.233333333333	83	14	6	0	32	0.278260869565
0.145153626913	0.233333333333	83	15	3	0	32	0.278260869565
0.145866415171	0.234408602151	84	15	3	0	32	0.275862068966
0.147121233738	0.234408602151	85	15	3	0	32	0.273504273504
0.148187290489	0.234408602151	86	15	3	0	32	0.271186440678
0.148787383567	0.233333333333	87	15	3	0	32	0.268907563025
0.149320924112	0.234408602151	88	15	3	0	32	0.266666666667
0.150797664221	0.235483870968	89	15	3	0	32	0.264462809917
0.151834684285	0.236559139785	90	15	3	0	32	0.262295081967
0.15309218473	0.237634408602	91	15	3	0	32	0.260162601626
0.155665434757	0.237634408602	92	15	3	0	32	0.258064516129
0.155933542805	0.237634408602	93	15	3	0	32	0.256
0.158044563064	0.238709677419	94	15	3	0	32	0.253968253968
0.158857912372	0.229032258065	94	16	18	0	41	0.303703703704
0.161831366222	0.227956989247	94	17	6	0	42	0.308823529412
0.162276890994	0.22688172043	95	17	6	0	42	0.306569343066
0.16403428688	0.22688172043	95	18	3	0	42	0.306569343066
0.164692735105	0.227956989247	96	18	3	0	42	0.304347826087
0.166329876914	0.229032258065	97	18	3	0	42	0.302158273381
0.166566563769	0.230107526882	98	18	3	0	42	0.3
0.167129692771	0.229032258065	98	19	6	0	43	0.304964539007
0.167559909835	0.230107526882	99	19	6	0	43	0.302816901408
0.167744543395	0.229032258065	99	20	12	0	44	0.307692307692
0.168905353675	0.230107526882	100	20	12	0	44	0.305555555556
0.171296592558	0.227956989247	100	21	3	0	46	0.315068493151
0.171691947599	0.224731182796	100	22	9	0	49	0.328859060403
0.173590743911	0.224731182796	101	22	9	0	49	0.326666666667
0.173768083129	0.225806451613	102	22	9	0	49	0.324503311258
0.175364722967	0.225806451613	103	22	9	0	49	0.322368421053
0.179414400183	0.221505376344	103	23	18	0	53	0.339743589744
0.181446034368	0.220430107527	103	24	3	0	54	0.343949044586
0.181685055793	0.221505376344	104	24	3	0	54	0.341772151899
0.18546345841	0.222580645161	105	24	3	0	54	0.339622641509
0.189363798761	0.223655913978	106	24	3	0	54	0.3375
0.190554747967	0.223655913978	107	24	3	0	54	0.335403726708
0.193635586328	0.221505376344	107	25	6	0	56	0.343558282209
0.194834753293	0.220430107527	108	25	6	0	56	0.341463414634
0.19484190277	0.220430107527	109	25	6	0	56	0.339393939394
0.196355813171	0.21935483871	110	25	6	0	56	0.33734939759
0.198516465712	0.220430107527	111	25	6	0	56	0.335329341317
0.204469752509	0.220430107527	112	25	6	0	56	0.333333333333
0.207301191291	0.221505376344	113	25	6	0	56	0.331360946746
0.208182339961	0.222580645161	114	25	6	0	56	0.329411764706
0.209319444198	0.222580645161	114	26	3	0	56	0.329411764706
0.214066966733	0.223655913978	115	26	3	0	56	0.327485380117
0.214539834445	0.224731182796	116	26	3	0	56	0.325581395349
0.215247249868	0.220430107527	116	27	9	0	60	0.340909090909
0.21558666107	0.220430107527	117	27	9	0	60	0.338983050847
0.216307223883	0.215053763441	117	28	15	0	65	0.357142857143
0.216551601329	0.216129032258	118	28	15	0	65	0.355191256831
0.217218822547	0.215053763441	119	28	15	0	65	0.353260869565
0.219516595965	0.213978494624	120	28	15	0	65	0.351351351351
0.220813240622	0.215053763441	121	28	15	0	65	0.349462365591
0.221436281215	0.209677419355	121	29	18	0	70	0.366492146597
0.223746923641	0.209677419355	122	29	18	0	70	0.364583333333
0.224607359807	0.206451612903	122	30	18	0	73	0.374358974359
0.225753077207	0.20752688172	123	30	18	0	73	0.372448979592
0.226841823001	0.208602150538	124	30	18	0	73	0.370558375635
0.2273006726	0.206451612903	124	31	12	0	75	0.376884422111
0.229401454211	0.206451612903	125	31	12	0	75	0.375
0.230412210036	0.20752688172	126	31	12	0	75	0.373134328358
0.233148715816	0.208602150538	127	31	12	0	75	0.371287128713
0.233748630163	0.204301075269	127	32	12	0	79	0.383495145631
0.234596539469	0.205376344086	128	32	12	0	79	0.381642512077
0.234825157331	0.206451612903	129	32	12	0	79	0.379807692308
0.239302741266	0.20752688172	130	32	12	0	79	0.377990430622
0.239833907768	0.208602150538	131	32	12	0	79	0.37619047619
0.241520362117	0.209677419355	132	32	12	0	79	0.374407582938
0.243188215652	0.210752688172	133	32	12	0	79	0.372641509434
0.243279187281	0.211827956989	134	32	12	0	79	0.370892018779
0.244398990304	0.210752688172	134	33	3	0	80	0.373831775701
0.2454731956	0.211827956989	135	33	3	0	80	0.372093023256
0.245675814468	0.212903225806	136	33	3	0	80	0.37037037037
0.246427328071	0.213978494624	137	33	3	0	80	0.36866359447
0.247413881867	0.213978494624	138	33	3	0	80	0.366972477064
0.24859939769	0.210752688172	138	34	6	0	83	0.37556561086
0.249910221975	0.210752688172	138	35	3	0	83	0.37556561086
0.250907589392	0.211827956989	139	35	3	0	83	0.373873873874
0.250933002969	0.212903225806	140	35	3	0	83	0.372197309417
0.251678819462	0.213978494624	141	35	3	0	83	0.370535714286
0.252210905873	0.215053763441	142	35	3	0	83	0.368888888889
0.254128416103	0.216129032258	143	35	3	0	83	0.367256637168
0.258394997889	0.217204301075	144	35	3	0	83	0.36563876652
0.260890206403	0.218279569892	145	35	3	0	83	0.364035087719
0.262450821886	0.218279569892	146	35	3	0	83	0.362445414847
0.266143043792	0.21935483871	147	35	3	0	83	0.360869565217
0.26715786758	0.220430107527	148	35	3	0	83	0.359307359307
0.267706059296	0.221505376344	149	35	3	0	83	0.35775862069
0.268091185769	0.222580645161	150	35	3	0	83	0.356223175966
0.268245877365	0.223655913978	151	35	3	0	83	0.354700854701
0.269354722435	0.220430107527	151	36	18	0	86	0.362869198312
0.269807824868	0.220430107527	152	36	18	0	86	0.361344537815
0.269900784543	0.220430107527	153	36	18	0	86	0.359832635983
0.271977145594	0.221505376344	154	36	18	0	86	0.358333333333
0.272478130782	0.220430107527	155	36	18	0	86	0.356846473029
0.275111361621	0.220430107527	156	36	18	0	86	0.355371900826
0.277456459199	0.218279569892	156	37	6	0	88	0.360655737705
0.278988350662	0.21935483871	157	37	6	0	88	0.359183673469
0.279331439793	0.21935483871	158	37	6	0	88	0.357723577236
0.27956300668	0.220430107527	159	37	6	0	88	0.356275303644
0.279658689679	0.220430107527	160	37	6	0	88	0.354838709677
0.282017069043	0.221505376344	161	37	6	0	88	0.353413654618
0.284223702716	0.222580645161	162	37	6	0	88	0.352
0.284537673981	0.223655913978	163	37	6	0	88	0.350597609562
0.285161059462	0.224731182796	164	37	6	0	88	0.349206349206
0.285169182958	0.225806451613	165	37	6	0	88	0.347826086957
0.285444969722	0.222580645161	165	38	15	0	91	0.35546875
0.288589621993	0.223655913978	166	38	15	0	91	0.354085603113
0.289044143288	0.224731182796	167	38	15	0	91	0.352713178295
0.294009235396	0.224731182796	168	38	15	0	91	0.351351351351
0.295211419278	0.225806451613	169	38	15	0	91	0.35
0.295740110666	0.224731182796	169	39	9	0	92	0.352490421456
0.296173412802	0.225806451613	170	39	9	0	92	0.351145038168
0.299866854268	0.22688172043	171	39	9	0	92	0.349809885932
0.303233772492	0.227956989247	172	39	9	0	92	0.348484848485
0.303331793857	0.225806451613	172	40	6	0	94	0.353383458647
0.304471311882	0.223655913978	172	41	6	0	96	0.358208955224
0.304570682769	0.222580645161	173	41	6	0	96	0.35687732342
0.305337726102	0.222580645161	174	41	6	0	96	0.355555555556
0.308056029119	0.223655913978	175	41	6	0	96	0.354243542435
0.309186694329	0.223655913978	176	41	6	0	96	0.352941176471
0.309233024625	0.224731182796	177	41	6	0	96	0.351648351648
0.311110139732	0.223655913978	177	42	18	0	97	0.35401459854
0.312890485029	0.223655913978	178	42	18	0	97	0.352727272727
0.314454631769	0.224731182796	179	42	18	0	97	0.351449275362
0.315593250105	0.225806451613	180	42	18	0	97	0.350180505415
0.3191497843	0.22688172043	181	42	18	0	97	0.348920863309
0.319477173376	0.227956989247	182	42	18	0	97	0.347670250896
0.32066823842	0.229032258065	183	42	18	0	97	0.346428571429
0.321858209426	0.230107526882	184	42	18	0	97	0.345195729537
0.32376565439	0.229032258065	185	42	18	0	97	0.343971631206
0.324926303696	0.230107526882	186	42	18	0	97	0.342756183746
0.325022121155	0.229032258065	187	42	18	0	97	0.341549295775
0.326094055112	0.230107526882	188	42	18	0	97	0.340350877193
0.327325628552	0.230107526882	189	42	18	0	97	0.339160839161
0.32809349132	0.231182795699	190	42	18	0	97	0.337979094077
0.329185761446	0.232258064516	191	42	18	0	97	0.336805555556
0.329815758311	0.233333333333	192	42	18	0	97	0.335640138408
0.331297180239	0.227956989247	192	43	18	0	102	0.34693877551
0.333238692764	0.229032258065	193	43	18	0	102	0.345762711864
0.334338875188	0.230107526882	194	43	18	0	102	0.344594594595
0.335004340501	0.231182795699	195	43	18	0	102	0.343434343434
0.337312697433	0.232258064516	196	43	18	0	102	0.342281879195
0.33786778226	0.231182795699	196	44	18	0	103	0.344481605351
0.339316108457	0.231182795699	197	44	18	0	103	0.343333333333
0.339655787027	0.231182795699	198	44	18	0	103	0.34219269103
0.340237665754	0.232258064516	199	44	18	0	103	0.341059602649
0.342333280053	0.233333333333	200	44	18	0	103	0.339933993399
0.342572003083	0.232258064516	201	44	18	0	103	0.338815789474
0.343295079279	0.232258064516	202	44	18	0	103	0.337704918033
0.344477956103	0.233333333333	203	44	18	0	103	0.33660130719
0.344600327824	0.234408602151	204	44	18	0	103	0.335504885993
0.346452213035	0.233333333333	205	44	18	0	103	0.334415584416
0.350887818609	0.234408602151	206	44	18	0	103	0.333333333333
0.35098339512	0.233333333333	207	44	18	0	103	0.332258064516
0.351427119493	0.234408602151	208	44	18	0	103	0.331189710611
0.351603602202	0.232258064516	208	45	9	0	105	0.335463258786
0.3532340778	0.225806451613	208	46	9	0	111	0.347962382445
0.355760780786	0.22688172043	209	46	9	0	111	0.346875
0.358657387622	0.223655913978	209	47	6	0	114	0.352941176471
0.358705853319	0.222580645161	209	48	6	0	115	0.354938271605
0.361549355056	0.223655913978	210	48	6	0	115	0.353846153846
0.363699679823	0.224731182796	211	48	6	0	115	0.352760736196
0.365843612989	0.225806451613	212	48	6	0	115	0.351681957187
0.371621717433	0.225806451613	213	48	6	0	115	0.350609756098
0.374004887115	0.225806451613	214	48	6	0	115	0.349544072948
0.374375456485	0.224731182796	215	48	6	0	115	0.348484848485
0.375456920299	0.225806451613	216	48	6	0	115	0.347432024169
0.375903926342	0.221505376344	216	49	30	0	119	0.355223880597
0.376053580039	0.222580645161	217	49	30	0	119	0.354166666667
0.378572567507	0.223655913978	218	49	30	0	119	0.353115727003
0.378712519654	0.223655913978	218	50	6	0	119	0.353115727003
0.380329818365	0.224731182796	219	50	6	0	119	0.352071005917
0.385227826015	0.225806451613	220	50	6	0	119	0.351032448378
0.387175129132	0.225806451613	221	50	6	0	119	0.35
0.38843998954	0.22688172043	222	50	6	0	119	0.348973607038
0.388456033099	0.227956989247	223	50	6	0	119	0.347953216374
0.389371970841	0.227956989247	224	50	6	0	119	0.34693877551
0.389396104055	0.229032258065	225	50	6	0	119	0.345930232558
0.389889799949	0.222580645161	225	51	27	0	125	0.357142857143
0.393637095072	0.223655913978	226	51	27	0	125	0.356125356125
0.393915498716	0.224731182796	227	51	27	0	125	0.355113636364
0.396449263798	0.223655913978	228	51	27	0	125	0.354107648725
0.397474659213	0.224731182796	229	51	27	0	125	0.353107344633
0.397475143598	0.224731182796	229	52	3	0	125	0.353107344633
0.397700500614	0.225806451613	230	52	3	0	125	0.352112676056
0.401993483488	0.224731182796	230	53	3	0	126	0.35393258427
0.402587693327	0.225806451613	231	53	3	0	126	0.352941176471
0.406990684142	0.22688172043	232	53	3	0	126	0.351955307263
0.407113624656	0.227956989247	233	53	3	0	126	0.350974930362
0.407953372868	0.229032258065	234	53	3	0	126	0.35
0.408487158696	0.230107526882	235	53	3	0	126	0.349030470914
0.409344487923	0.231182795699	236	53	3	0	126	0.348066298343
0.410826519335	0.232258064516	237	53	3	0	126	0.347107438017
0.413895210544	0.233333333333	238	53	3	0	126	0.346153846154
0.414568674089	0.232258064516	239	53	3	0	126	0.345205479452
0.417939448282	0.233333333333	240	53	3	0	126	0.344262295082
0.418097460238	0.233333333333	241	53	3	0	126	0.343324250681
0.41950846144	0.232258064516	242	53	3	0	126	0.342391304348
0.420271740916	0.231182795699	243	53	3	0	126	0.341463414634
0.420601285902	0.232258064516	244	53	3	0	126	0.340540540541
0.42286751358	0.233333333333	245	53	3	0	126	0.339622641509
0.423272830176	0.232258064516	246	53	3	0	126	0.338709677419
0.423555812471	0.233333333333	247	53	3	0	126	0.337801608579
0.423633884665	0.233333333333	248	53	3	0	126	0.336898395722
0.42394003914	0.232258064516	248	54	24	0	127	0.338666666667
0.424624947817	0.231182795699	248	55	6	0	128	0.340425531915
0.425050400269	0.230107526882	249	55	6	0	128	0.339522546419
0.426396927126	0.231182795699	250	55	6	0	128	0.338624338624
0.428523302255	0.231182795699	251	55	6	0	128	0.337730870712
0.429683087116	0.231182795699	252	55	6	0	128	0.336842105263
0.429762656042	0.225806451613	252	56	9	0	133	0.345454545455
0.429853127818	0.22688172043	253	56	9	0	133	0.344559585492
0.4355545201	0.225806451613	253	57	9	0	134	0.346253229974
0.437145812076	0.225806451613	253	58	3	0	134	0.346253229974
0.438898887089	0.22688172043	254	58	3	0	134	0.345360824742
0.438948309361	0.227956989247	255	58	3	0	134	0.344473007712
0.439234089833	0.22688172043	256	58	3	0	134	0.34358974359
0.440100121328	0.227956989247	257	58	3	0	134	0.342710997442
0.441387326805	0.22688172043	258	58	3	0	134	0.341836734694
0.444218500975	0.227956989247	259	58	3	0	134	0.34096692112
0.445680069869	0.227956989247	259	59	9	0	134	0.34096692112
0.446058155941	0.229032258065	260	59	9	0	134	0.340101522843
0.446953208361	0.230107526882	261	59	9	0	134	0.339240506329
0.447824136244	0.231182795699	262	59	9	0	134	0.338383838384
0.449435074234	0.229032258065	262	60	9	0	136	0.341708542714
0.450717808197	0.230107526882	263	60	9	0	136	0.340852130326
0.454879903805	0.229032258065	264	60	9	0	136	0.34
0.462189512035	0.230107526882	265	60	9	0	136	0.339152119701
0.462748985762	0.221505376344	265	61	21	0	144	0.352078239609
0.464382423972	0.221505376344	265	62	3	0	144	0.352078239609
0.465600661083	0.220430107527	265	63	3	0	145	0.353658536585
0.468111144029	0.221505376344	266	63	3	0	145	0.352798053528
0.468543425431	0.222580645161	267	63	3	0	145	0.351941747573
0.470043098214	0.223655913978	268	63	3	0	145	0.351089588378
0.471134602421	0.224731182796	269	63	3	0	145	0.350241545894
0.471659489088	0.225806451613	270	63	3	0	145	0.349397590361
0.472637020521	0.224731182796	271	63	3	0	145	0.348557692308
0.474396074163	0.224731182796	272	63	3	0	145	0.347721822542
0.477498665072	0.225806451613	273	63	3	0	145	0.346889952153
0.479274973213	0.22688172043	274	63	3	0	145	0.346062052506
0.481668507963	0.223655913978	274	64	9	0	148	0.350710900474
0.483052486191	0.224731182796	275	64	9	0	148	0.34988179669
0.484418202913	0.225806451613	276	64	9	0	148	0.349056603774
0.485730962348	0.22688172043	277	64	9	0	148	0.348235294118
0.485895713562	0.227956989247	278	64	9	0	148	0.347417840376
0.487502589604	0.229032258065	279	64	9	0	148	0.346604215457
0.488012089874	0.229032258065	280	64	9	0	148	0.345794392523
0.492132751883	0.22688172043	280	65	9	0	150	0.348837209302
0.49316139669	0.225806451613	280	66	3	0	151	0.350348027842
0.494213534633	0.225806451613	281	66	3	0	151	0.349537037037
0.494503738351	0.22688172043	282	66	3	0	151	0.348729792148
0.494762976089	0.227956989247	283	66	3	0	151	0.347926267281
0.496675675458	0.229032258065	284	66	3	0	151	0.347126436782
0.499350082303	0.230107526882	285	66	3	0	151	0.346330275229
0.499868832063	0.231182795699	286	66	3	0	151	0.345537757437
0.500075842903	0.232258064516	287	66	3	0	151	0.344748858447
0.503349715874	0.233333333333	288	66	3	0	151	0.343963553531
0.505435916409	0.234408602151	289	66	3	0	151	0.343181818182
0.50780364918	0.235483870968	290	66	3	0	151	0.342403628118
0.508317857829	0.236559139785	291	66	3	0	151	0.341628959276
0.510014349626	0.237634408602	292	66	3	0	151	0.34085778781
0.512644718951	0.238709677419	293	66	3	0	151	0.34009009009
0.513539557373	0.239784946237	294	66	3	0	151	0.339325842697
0.515723010899	0.238709677419	295	66	3	0	151	0.338565022422
0.516700817935	0.239784946237	296	66	3	0	151	0.337807606264
0.51813781504	0.240860215054	297	66	3	0	151	0.337053571429
0.521879971344	0.241935483871	298	66	3	0	151	0.336302895323
0.523366582803	0.240860215054	299	66	3	0	151	0.335555555556
0.526520043452	0.240860215054	299	67	3	0	151	0.335555555556
0.528671245916	0.240860215054	300	67	3	0	151	0.334811529933
0.530318753941	0.240860215054	300	68	9	0	151	0.334811529933
0.530886499662	0.241935483871	301	68	9	0	151	0.33407079646
0.531188586779	0.240860215054	302	68	9	0	151	0.333333333333
0.532457667777	0.238709677419	302	69	3	0	153	0.336263736264
0.533499514199	0.239784946237	303	69	3	0	153	0.335526315789
0.533569235088	0.240860215054	304	69	3	0	153	0.334792122538
0.534462763929	0.238709677419	304	70	27	0	155	0.337690631808
0.535797976816	0.239784946237	305	70	27	0	155	0.336956521739
0.536732789661	0.238709677419	306	70	27	0	155	0.336225596529
0.537763378433	0.239784946237	307	70	27	0	155	0.335497835498
0.544084104231	0.238709677419	308	70	27	0	155	0.334773218143
0.544667369274	0.239784946237	309	70	27	0	155	0.334051724138
0.545107918713	0.240860215054	310	70	27	0	155	0.333333333333
0.545848080798	0.240860215054	311	70	27	0	155	0.332618025751
0.545916837878	0.239784946237	312	70	27	0	155	0.331905781585
0.546268556149	0.238709677419	313	70	27	0	155	0.331196581197
0.547770148435	0.239784946237	314	70	27	0	155	0.330490405117
0.549102306402	0.239784946237	315	70	27	0	155	0.329787234043
0.550048789149	0.240860215054	316	70	27	0	155	0.329087048832
0.550746880875	0.241935483871	317	70	27	0	155	0.328389830508
0.5509242054	0.240860215054	317	71	15	0	156	0.329809725159
0.55311455357	0.240860215054	318	71	15	0	156	0.329113924051
0.554274477395	0.241935483871	319	71	15	0	156	0.328421052632
0.554602892136	0.243010752688	320	71	15	0	156	0.327731092437
0.555564164176	0.244086021505	321	71	15	0	156	0.327044025157
0.557100793844	0.245161290323	322	71	15	0	156	0.326359832636
0.559560371807	0.24623655914	323	71	15	0	156	0.325678496868
0.560602052035	0.247311827957	324	71	15	0	156	0.325
0.560670028584	0.248387096774	325	71	15	0	156	0.324324324324
0.560728621294	0.24623655914	325	72	3	0	158	0.327122153209
0.561034670084	0.247311827957	326	72	3	0	158	0.326446280992
0.562797814474	0.247311827957	327	72	3	0	158	0.325773195876
0.563319482286	0.245161290323	327	73	3	0	160	0.328542094456
0.56338478273	0.24623655914	328	73	3	0	160	0.327868852459
0.56347564459	0.24623655914	329	73	3	0	160	0.327198364008
0.565903797283	0.247311827957	330	73	3	0	160	0.326530612245
0.566217925594	0.24623655914	331	73	3	0	160	0.325865580448
0.567339613608	0.247311827957	332	73	3	0	160	0.325203252033
0.567615819153	0.244086021505	332	74	12	0	163	0.329292929293
0.56775284118	0.245161290323	333	74	12	0	163	0.328629032258
0.569189341171	0.244086021505	334	74	12	0	163	0.327967806841
0.569503040748	0.244086021505	335	74	12	0	163	0.327309236948
0.571336369831	0.243010752688	335	75	6	0	164	0.328657314629
0.572158591349	0.236559139785	335	76	30	0	170	0.336633663366
0.572874594947	0.234408602151	335	77	9	0	172	0.339250493097
0.573137738303	0.232258064516	335	78	3	0	174	0.34184675835
0.578575889694	0.233333333333	336	78	3	0	174	0.341176470588
0.57902891416	0.234408602151	337	78	3	0	174	0.340508806262
0.581783994417	0.234408602151	337	79	3	0	174	0.340508806262
0.58245554813	0.234408602151	337	80	6	0	174	0.340508806262
0.584465621204	0.235483870968	338	80	6	0	174	0.33984375
0.585123537684	0.233333333333	338	81	24	0	176	0.342412451362
0.586284739545	0.233333333333	339	81	24	0	176	0.341747572816
0.586479336841	0.234408602151	340	81	24	0	176	0.341085271318
0.587145363396	0.235483870968	341	81	24	0	176	0.340425531915
0.588060307045	0.236559139785	342	81	24	0	176	0.339768339768
0.591058846556	0.237634408602	343	81	24	0	176	0.339113680154
0.592588811478	0.238709677419	344	81	24	0	176	0.338461538462
0.597091323253	0.239784946237	345	81	24	0	176	0.337811900192
0.597788937826	0.238709677419	345	82	3	0	177	0.33908045977
0.598111269271	0.239784946237	346	82	3	0	177	0.338432122371
0.600277662215	0.238709677419	347	82	3	0	177	0.337786259542
0.605263741592	0.239784946237	348	82	3	0	177	0.337142857143
0.608688494004	0.240860215054	349	82	3	0	177	0.336501901141
0.610755475559	0.241935483871	350	82	3	0	177	0.335863377609
0.611720389697	0.243010752688	351	82	3	0	177	0.335227272727
0.612593655409	0.244086021505	352	82	3	0	177	0.334593572779
0.612803648339	0.245161290323	353	82	3	0	177	0.333962264151
0.612978119425	0.240860215054	353	83	21	0	181	0.338951310861
0.613902391134	0.237634408602	353	84	3	0	184	0.342644320298
0.614081591711	0.237634408602	353	85	3	0	184	0.342644320298
0.615894464736	0.238709677419	354	85	3	0	184	0.342007434944
0.619439484044	0.238709677419	355	85	3	0	184	0.341372912801
0.623275095072	0.238709677419	355	86	3	0	184	0.341372912801
0.62622598486	0.235483870968	355	87	3	0	187	0.345018450185
0.627208850514	0.236559139785	356	87	3	0	187	0.34438305709
0.628738566356	0.232258064516	356	88	18	0	191	0.349177330896
0.629654577197	0.233333333333	357	88	18	0	191	0.348540145985
0.631252938903	0.234408602151	358	88	18	0	191	0.347905282332
0.632819128247	0.232258064516	358	89	6	0	193	0.350272232305
0.633169717543	0.232258064516	359	89	6	0	193	0.349637681159
0.633582640583	0.232258064516	360	89	6	0	193	0.349005424955
0.634116485186	0.233333333333	361	89	6	0	193	0.348375451264
0.636975870504	0.234408602151	362	89	6	0	193	0.347747747748
