# time 	 divergence 	 # of mutations 	 # IGC chances 	 IGC length 	 # IGC failures 	 Changes due to IGC  	 % change due to IGC 
0.0	0.33820662768	0	0	0	0	0	0.0
0.000622937155373	0.336257309942	0	1	3	0	2	1.0
0.000696566212402	0.336257309942	1	1	3	0	2	0.666666666667
0.00130057599161	0.333333333333	1	2	3	0	5	0.833333333333
0.00202713492198	0.333333333333	2	2	3	0	5	0.714285714286
0.00234099709788	0.332358674464	2	3	3	0	6	0.75
0.00304446338277	0.333333333333	3	3	3	0	6	0.666666666667
0.0050562078581	0.331384015595	3	4	3	0	8	0.727272727273
0.00515705894973	0.332358674464	4	4	3	0	8	0.666666666667
0.00535485723988	0.332358674464	4	5	3	0	8	0.666666666667
0.00541503486583	0.333333333333	5	5	3	0	8	0.615384615385
0.00706350811636	0.333333333333	5	6	3	0	8	0.615384615385
0.00758151650647	0.333333333333	5	7	3	0	8	0.615384615385
0.00912431774217	0.334307992203	6	7	3	0	8	0.571428571429
0.00923456973742	0.335282651072	7	7	3	0	8	0.533333333333
0.00934733355019	0.336257309942	8	7	3	0	8	0.5
0.00996498932817	0.337231968811	9	7	3	0	8	0.470588235294
0.0100878338439	0.336257309942	10	7	3	0	8	0.444444444444
0.0109595014046	0.336257309942	10	8	3	0	8	0.444444444444
0.01201272653	0.335282651072	10	9	3	0	9	0.473684210526
0.0121473120056	0.336257309942	11	9	3	0	9	0.45
0.0122920768609	0.337231968811	12	9	3	0	9	0.428571428571
0.0145633747898	0.33820662768	13	9	3	0	9	0.409090909091
0.0147402521623	0.33918128655	14	9	3	0	9	0.391304347826
0.0158826682802	0.340155945419	15	9	3	0	9	0.375
0.0161076791988	0.341130604288	16	9	3	0	9	0.36
0.0175312851227	0.341130604288	17	9	3	0	9	0.346153846154
0.0185319714002	0.342105263158	18	9	3	0	9	0.333333333333
0.0188291855835	0.341130604288	19	9	3	0	9	0.321428571429
0.0199134072718	0.342105263158	20	9	3	0	9	0.310344827586
0.0204851935068	0.341130604288	20	10	3	0	10	0.333333333333
0.0210888767923	0.340155945419	20	11	3	0	11	0.354838709677
0.0235681593168	0.340155945419	21	11	3	0	11	0.34375
0.0237796726478	0.341130604288	22	11	3	0	11	0.333333333333
0.0255317250866	0.341130604288	23	11	3	0	11	0.323529411765
0.028984476625	0.342105263158	24	11	3	0	11	0.314285714286
0.0293976255678	0.340155945419	24	12	3	0	13	0.351351351351
0.0299038989923	0.341130604288	25	12	3	0	13	0.342105263158
0.0306772972665	0.340155945419	25	13	3	0	14	0.358974358974
0.0322342589043	0.33918128655	26	13	3	0	14	0.35
0.0333130365082	0.33918128655	26	14	3	0	14	0.35
0.0352045308905	0.340155945419	27	14	3	0	14	0.341463414634
0.0354449308449	0.341130604288	28	14	3	0	14	0.333333333333
0.0355672553483	0.342105263158	29	14	3	0	14	0.325581395349
0.0361164416284	0.342105263158	30	14	3	0	14	0.318181818182
0.0363811311439	0.343079922027	31	14	3	0	14	0.311111111111
0.0371327291644	0.344054580897	32	14	3	0	14	0.304347826087
0.0374238247049	0.343079922027	32	15	3	0	15	0.31914893617
0.0374762193168	0.344054580897	33	15	3	0	15	0.3125
0.0383909367131	0.345029239766	34	15	3	0	15	0.30612244898
0.0396034989057	0.346003898635	35	15	3	0	15	0.3
0.0434994103848	0.346003898635	36	15	3	0	15	0.294117647059
0.0445202341636	0.346978557505	37	15	3	0	15	0.288461538462
0.0447374190629	0.346978557505	37	16	3	0	15	0.288461538462
0.0450733039319	0.346003898635	38	16	3	0	15	0.283018867925
0.0462126319675	0.346003898635	39	16	3	0	15	0.277777777778
0.0474092969285	0.346978557505	40	16	3	0	15	0.272727272727
0.047807514328	0.345029239766	40	17	3	0	17	0.298245614035
0.0479352871855	0.346003898635	41	17	3	0	17	0.293103448276
0.0480612445723	0.346003898635	41	18	3	0	17	0.293103448276
0.049555805505	0.346978557505	42	18	3	0	17	0.28813559322
0.0509001263128	0.347953216374	43	18	3	0	17	0.283333333333
0.0516510329751	0.348927875244	44	18	3	0	17	0.27868852459
0.0521039754207	0.347953216374	44	19	3	0	18	0.290322580645
0.0553123835535	0.347953216374	45	19	3	0	18	0.285714285714
0.0553643224236	0.347953216374	46	19	3	0	18	0.28125
0.0557519633696	0.346978557505	46	20	3	0	19	0.292307692308
0.0561081276673	0.346003898635	46	21	3	0	20	0.30303030303
0.0569637751062	0.346003898635	46	22	3	0	20	0.30303030303
0.0571712706246	0.346978557505	47	22	3	0	20	0.298507462687
0.0579795157217	0.346978557505	47	23	3	0	20	0.298507462687
0.0589804324933	0.346978557505	48	23	3	0	20	0.294117647059
0.0603978331368	0.347953216374	49	23	3	0	20	0.289855072464
0.061303631575	0.347953216374	50	23	3	0	20	0.285714285714
0.06192437787	0.348927875244	51	23	3	0	20	0.281690140845
0.0623437532669	0.346978557505	51	24	3	0	22	0.301369863014
0.0639398467107	0.346978557505	51	25	3	0	22	0.301369863014
0.0664115360809	0.346003898635	51	26	3	0	23	0.310810810811
0.0673029644184	0.346978557505	52	26	3	0	23	0.306666666667
0.067333770618	0.346978557505	53	26	3	0	23	0.302631578947
0.0707741917845	0.346978557505	53	27	3	0	23	0.302631578947
0.0710370557834	0.346003898635	53	28	3	0	24	0.311688311688
0.0710781443359	0.346003898635	53	29	3	0	24	0.311688311688
0.0713682125793	0.346978557505	54	29	3	0	24	0.307692307692
0.0719240751982	0.346978557505	55	29	3	0	24	0.303797468354
0.0722150979291	0.346003898635	56	29	3	0	24	0.3
0.0739196553577	0.344054580897	56	30	3	0	26	0.317073170732
0.0751095522714	0.344054580897	56	31	3	0	26	0.317073170732
0.0755809482242	0.345029239766	57	31	3	0	26	0.313253012048
0.0776203844656	0.346003898635	58	31	3	0	26	0.309523809524
0.0778635362018	0.344054580897	58	32	3	0	28	0.325581395349
0.0787941661601	0.345029239766	59	32	3	0	28	0.32183908046
0.0790486649437	0.344054580897	59	33	3	0	29	0.329545454545
0.0804065290219	0.344054580897	59	34	3	0	29	0.329545454545
0.0805057634477	0.344054580897	60	34	3	0	29	0.325842696629
0.0808990335014	0.341130604288	60	35	3	0	32	0.347826086957
0.0825157059944	0.342105263158	61	35	3	0	32	0.344086021505
0.0845559504677	0.342105263158	62	35	3	0	32	0.340425531915
0.0852522512101	0.341130604288	62	36	3	0	33	0.347368421053
0.0890470710634	0.342105263158	63	36	3	0	33	0.34375
0.0891311912608	0.343079922027	64	36	3	0	33	0.340206185567
0.0900667459421	0.342105263158	65	36	3	0	33	0.336734693878
0.0906715171621	0.342105263158	66	36	3	0	33	0.333333333333
0.0908900080054	0.341130604288	66	37	3	0	34	0.34
0.0910337340656	0.341130604288	66	38	3	0	34	0.34
0.0911184669004	0.341130604288	67	38	3	0	34	0.336633663366
0.0925253472126	0.340155945419	68	38	3	0	34	0.333333333333
0.0937332318813	0.341130604288	69	38	3	0	34	0.330097087379
0.0939972064863	0.341130604288	70	38	3	0	34	0.326923076923
0.0946319083837	0.341130604288	71	38	3	0	34	0.32380952381
0.0948552380258	0.342105263158	72	38	3	0	34	0.320754716981
0.0948980012784	0.343079922027	73	38	3	0	34	0.317757009346
0.096435357148	0.343079922027	74	38	3	0	34	0.314814814815
0.097059814807	0.343079922027	74	39	3	0	34	0.314814814815
0.0975311922874	0.343079922027	74	40	3	0	34	0.314814814815
0.0987476881883	0.344054580897	75	40	3	0	34	0.311926605505
0.100069270717	0.342105263158	75	41	3	0	36	0.324324324324
0.101383547735	0.341130604288	76	41	3	0	36	0.321428571429
0.102943940906	0.342105263158	77	41	3	0	36	0.318584070796
0.103375626157	0.341130604288	77	42	3	0	37	0.324561403509
0.104595929228	0.341130604288	78	42	3	0	37	0.321739130435
0.105740499044	0.341130604288	78	43	3	0	37	0.321739130435
0.106201407068	0.342105263158	79	43	3	0	37	0.318965517241
0.106300983529	0.343079922027	80	43	3	0	37	0.316239316239
0.106726058558	0.344054580897	81	43	3	0	37	0.313559322034
0.107273319344	0.344054580897	82	43	3	0	37	0.310924369748
0.107914653332	0.345029239766	83	43	3	0	37	0.308333333333
0.11080692729	0.345029239766	84	43	3	0	37	0.305785123967
0.112049941368	0.346003898635	85	43	3	0	37	0.303278688525
0.113817446246	0.346003898635	85	44	3	0	37	0.303278688525
0.11715122516	0.346978557505	86	44	3	0	37	0.30081300813
0.117167763951	0.347953216374	87	44	3	0	37	0.298387096774
0.117210212988	0.347953216374	87	45	3	0	37	0.298387096774
0.11783671172	0.348927875244	88	45	3	0	37	0.296
0.118048565131	0.348927875244	88	46	3	0	37	0.296
0.118375741915	0.346978557505	88	47	3	0	39	0.307086614173
0.118491192331	0.344054580897	88	48	3	0	42	0.323076923077
0.11854351757	0.341130604288	88	49	3	0	45	0.338345864662
0.12042391176	0.342105263158	89	49	3	0	45	0.335820895522
0.122796437834	0.343079922027	90	49	3	0	45	0.333333333333
0.125154884404	0.343079922027	91	49	3	0	45	0.330882352941
0.125699216499	0.344054580897	92	49	3	0	45	0.328467153285
0.125949624725	0.345029239766	93	49	3	0	45	0.326086956522
0.127373282871	0.343079922027	93	50	3	0	47	0.335714285714
0.127515136198	0.342105263158	94	50	3	0	47	0.333333333333
0.130115602859	0.342105263158	95	50	3	0	47	0.330985915493
0.13232199015	0.343079922027	96	50	3	0	47	0.328671328671
0.132454293972	0.344054580897	97	50	3	0	47	0.326388888889
0.133887911287	0.344054580897	97	51	3	0	47	0.326388888889
0.135106267229	0.344054580897	98	51	3	0	47	0.324137931034
0.135498961531	0.344054580897	98	52	3	0	47	0.324137931034
0.135641062041	0.342105263158	98	53	3	0	49	0.333333333333
