# time 	 divergence 	 # of mutations 	 # IGC chances 	 IGC length 	 # IGC failures 	 Changes due to IGC  	 % change due to IGC 
0.0	0.327485380117	0	0	0	0	0	0.0
0.00125967792494	0.324561403509	0	1	3	0	3	1.0
0.0017790029558	0.325536062378	1	1	3	0	3	0.75
0.00411324411118	0.324561403509	2	1	3	0	3	0.6
0.00451142857244	0.324561403509	3	1	3	0	3	0.5
0.00508493843493	0.324561403509	4	1	3	0	3	0.428571428571
0.00744947826286	0.323586744639	4	2	3	0	4	0.5
0.00860838645973	0.324561403509	5	2	3	0	4	0.444444444444
0.00879654638442	0.325536062378	6	2	3	0	4	0.4
0.00888471937597	0.325536062378	7	2	3	0	4	0.363636363636
0.0106028427177	0.325536062378	8	2	3	0	4	0.333333333333
0.01074929523	0.326510721248	9	2	3	0	4	0.307692307692
0.0114123023495	0.327485380117	10	2	3	0	4	0.285714285714
0.0114630521852	0.328460038986	11	2	3	0	4	0.266666666667
0.0117762397969	0.328460038986	11	3	3	0	4	0.266666666667
0.0121675990262	0.329434697856	12	3	3	0	4	0.25
0.0133202287978	0.330409356725	13	3	3	0	4	0.235294117647
0.0156549362832	0.329434697856	13	4	3	0	5	0.277777777778
0.0179254989605	0.330409356725	14	4	3	0	5	0.263157894737
0.0182228004137	0.330409356725	15	4	3	0	5	0.25
0.0184086822014	0.329434697856	15	5	3	0	6	0.285714285714
0.0189932124295	0.328460038986	15	6	3	0	7	0.318181818182
0.0201607941754	0.327485380117	15	7	3	0	8	0.347826086957
0.0223363039587	0.328460038986	16	7	3	0	8	0.333333333333
0.0242854805758	0.326510721248	16	8	3	0	10	0.384615384615
0.0245958389524	0.327485380117	17	8	3	0	10	0.37037037037
0.0268806570441	0.327485380117	18	8	3	0	10	0.357142857143
0.0297656685757	0.327485380117	19	8	3	0	10	0.344827586207
