# time 	 divergence 	 # of mutations 	 # IGC chances 	 IGC length 	 # IGC failures 	 Changes due to IGC  	 % change due to IGC 
0.0	0.436559139785	0	0	0	0	0	0.0
0.00313910419356	0.435483870968	0	1	3	0	1	1.0
0.00336578590601	0.433333333333	0	2	3	0	3	1.0
0.00594981495946	0.433333333333	0	3	3	0	3	1.0
0.0062241978257	0.434408602151	1	3	3	0	3	0.75
0.00674429966968	0.435483870968	2	3	3	0	3	0.6
0.00691297036448	0.434408602151	3	3	3	0	3	0.5
0.00778359109259	0.433333333333	4	3	3	0	3	0.428571428571
0.00798098869133	0.434408602151	5	3	3	0	3	0.375
0.00968223262798	0.435483870968	6	3	3	0	3	0.333333333333
0.0158619970996	0.434408602151	7	3	3	0	3	0.3
0.0168576654144	0.434408602151	8	3	3	0	3	0.272727272727
0.018764400844	0.433333333333	9	3	3	0	3	0.25
0.0201534965214	0.434408602151	10	3	3	0	3	0.230769230769
0.0216962090222	0.434408602151	11	3	3	0	3	0.214285714286
0.0219793155718	0.434408602151	12	3	3	0	3	0.2
0.0239313431905	0.435483870968	13	3	3	0	3	0.1875
0.0285617856285	0.434408602151	14	3	3	0	3	0.176470588235
0.0294253597665	0.434408602151	15	3	3	0	3	0.166666666667
0.0300893613964	0.435483870968	16	3	3	0	3	0.157894736842
0.0307189512246	0.436559139785	17	3	3	0	3	0.15
0.035557900695	0.437634408602	18	3	3	0	3	0.142857142857
0.0384101426989	0.438709677419	19	3	3	0	3	0.136363636364
0.0390265131435	0.438709677419	20	3	3	0	3	0.130434782609
0.0407457928251	0.439784946237	21	3	3	0	3	0.125
0.0422455542015	0.439784946237	22	3	3	0	3	0.12
0.0460395872911	0.439784946237	23	3	3	0	3	0.115384615385
0.0476385189795	0.438709677419	24	3	3	0	3	0.111111111111
0.0494435371148	0.439784946237	25	3	3	0	3	0.107142857143
0.0506144924215	0.438709677419	26	3	3	0	3	0.103448275862
0.0514992423347	0.437634408602	27	3	3	0	3	0.1
0.0527065292432	0.438709677419	28	3	3	0	3	0.0967741935484
0.0538385192872	0.439784946237	29	3	3	0	3	0.09375
0.0556211380418	0.440860215054	30	3	3	0	3	0.0909090909091
0.0558099701827	0.441935483871	31	3	3	0	3	0.0882352941176
0.0570780869171	0.441935483871	32	3	3	0	3	0.0857142857143
0.0574771144614	0.439784946237	32	4	3	0	5	0.135135135135
0.0575577233167	0.440860215054	33	4	3	0	5	0.131578947368
0.058021151991	0.441935483871	34	4	3	0	5	0.128205128205
0.059572340392	0.441935483871	35	4	3	0	5	0.125
0.0609103259996	0.443010752688	36	4	3	0	5	0.121951219512
0.0619101491883	0.443010752688	37	4	3	0	5	0.119047619048
0.0627947739398	0.444086021505	38	4	3	0	5	0.116279069767
0.0641493101198	0.444086021505	39	4	3	0	5	0.113636363636
0.0659331959375	0.443010752688	40	4	3	0	5	0.111111111111
0.0685550390483	0.441935483871	41	4	3	0	5	0.108695652174
0.0686442428184	0.443010752688	42	4	3	0	5	0.106382978723
0.0687651308052	0.444086021505	43	4	3	0	5	0.104166666667
0.0718172267023	0.445161290323	44	4	3	0	5	0.102040816327
0.0789739291832	0.44623655914	45	4	3	0	5	0.1
0.0794820823773	0.447311827957	46	4	3	0	5	0.0980392156863
0.0810981500433	0.444086021505	46	5	3	0	8	0.148148148148
0.0838144215824	0.440860215054	46	6	3	0	11	0.19298245614
0.0846237208132	0.441935483871	47	6	3	0	11	0.189655172414
0.0855703502999	0.443010752688	48	6	3	0	11	0.186440677966
0.0858538778812	0.443010752688	49	6	3	0	11	0.183333333333
0.0881468827682	0.443010752688	50	6	3	0	11	0.180327868852
0.0884188878614	0.441935483871	51	6	3	0	11	0.177419354839
0.0887639559345	0.440860215054	52	6	3	0	11	0.174603174603
0.0890296732646	0.441935483871	53	6	3	0	11	0.171875
0.0908275413342	0.440860215054	54	6	3	0	11	0.169230769231
0.0916329535717	0.437634408602	54	7	3	0	14	0.205882352941
0.0934058794792	0.436559139785	55	7	3	0	14	0.202898550725
0.0949162897646	0.435483870968	56	7	3	0	14	0.2
0.0979240409595	0.434408602151	57	7	3	0	14	0.197183098592
0.0985496340131	0.435483870968	58	7	3	0	14	0.194444444444
0.100607303264	0.436559139785	59	7	3	0	14	0.191780821918
0.101748086388	0.435483870968	60	7	3	0	14	0.189189189189
0.101927003496	0.435483870968	61	7	3	0	14	0.186666666667
0.102862952501	0.436559139785	62	7	3	0	14	0.184210526316
0.103963144214	0.437634408602	63	7	3	0	14	0.181818181818
0.10412239658	0.437634408602	64	7	3	0	14	0.179487179487
0.105053412637	0.437634408602	65	7	3	0	14	0.177215189873
0.105670921635	0.435483870968	65	8	3	0	16	0.197530864198
0.106302006778	0.435483870968	66	8	3	0	16	0.19512195122
0.107339446731	0.435483870968	67	8	3	0	16	0.192771084337
0.112069199603	0.436559139785	68	8	3	0	16	0.190476190476
0.113629294535	0.434408602151	68	9	3	0	18	0.209302325581
0.113671798048	0.435483870968	69	9	3	0	18	0.206896551724
0.116720215819	0.436559139785	70	9	3	0	18	0.204545454545
0.116726683587	0.436559139785	71	9	3	0	18	0.202247191011
0.11702444613	0.436559139785	72	9	3	0	18	0.2
0.117288697224	0.437634408602	73	9	3	0	18	0.197802197802
0.11740113373	0.436559139785	74	9	3	0	18	0.195652173913
0.117561175178	0.436559139785	75	9	3	0	18	0.193548387097
0.118380398552	0.437634408602	76	9	3	0	18	0.191489361702
0.119829581906	0.437634408602	77	9	3	0	18	0.189473684211
0.121144892133	0.438709677419	78	9	3	0	18	0.1875
0.123602951891	0.439784946237	79	9	3	0	18	0.185567010309
0.127135082092	0.439784946237	80	9	3	0	18	0.183673469388
0.12734027624	0.440860215054	81	9	3	0	18	0.181818181818
0.127912143198	0.441935483871	82	9	3	0	18	0.18
0.129483791731	0.443010752688	83	9	3	0	18	0.178217821782
0.129569492146	0.443010752688	84	9	3	0	18	0.176470588235
0.131092072292	0.443010752688	85	9	3	0	18	0.174757281553
0.133070274995	0.444086021505	86	9	3	0	18	0.173076923077
0.133758636457	0.444086021505	87	9	3	0	18	0.171428571429
0.135895051522	0.445161290323	88	9	3	0	18	0.169811320755
0.136879337719	0.441935483871	88	10	3	0	21	0.192660550459
0.137801933812	0.443010752688	89	10	3	0	21	0.190909090909
0.139435407366	0.444086021505	90	10	3	0	21	0.189189189189
0.140573954889	0.445161290323	91	10	3	0	21	0.1875
0.141063996831	0.445161290323	91	11	3	0	21	0.1875
0.141122460967	0.445161290323	92	11	3	0	21	0.185840707965
0.142157696324	0.44623655914	93	11	3	0	21	0.184210526316
0.145042679528	0.44623655914	93	12	3	0	21	0.184210526316
0.145835090105	0.447311827957	94	12	3	0	21	0.182608695652
0.150240646946	0.447311827957	95	12	3	0	21	0.181034482759
0.151593569032	0.44623655914	96	12	3	0	21	0.179487179487
0.151663836467	0.445161290323	97	12	3	0	21	0.177966101695
0.152056407505	0.445161290323	98	12	3	0	21	0.176470588235
0.155680172025	0.445161290323	99	12	3	0	21	0.175
0.156628239207	0.444086021505	100	12	3	0	21	0.173553719008
0.15861178024	0.445161290323	101	12	3	0	21	0.172131147541
0.158712031671	0.445161290323	102	12	3	0	21	0.170731707317
0.159949520587	0.444086021505	103	12	3	0	21	0.16935483871
0.160194159717	0.444086021505	104	12	3	0	21	0.168
0.161476374963	0.443010752688	104	13	3	0	22	0.174603174603
0.162058991775	0.444086021505	105	13	3	0	22	0.173228346457
0.162231761712	0.443010752688	106	13	3	0	22	0.171875
0.162631235783	0.443010752688	107	13	3	0	22	0.170542635659
0.16444399572	0.444086021505	108	13	3	0	22	0.169230769231
0.168609340699	0.445161290323	109	13	3	0	22	0.167938931298
0.168729123081	0.445161290323	110	13	3	0	22	0.166666666667
0.171041968051	0.44623655914	111	13	3	0	22	0.165413533835
0.171070638501	0.447311827957	112	13	3	0	22	0.164179104478
0.174762976731	0.445161290323	112	14	3	0	24	0.176470588235
0.175552452165	0.445161290323	113	14	3	0	24	0.175182481752
0.176317255646	0.44623655914	114	14	3	0	24	0.173913043478
0.176876857732	0.445161290323	115	14	3	0	24	0.172661870504
0.177800273027	0.445161290323	116	14	3	0	24	0.171428571429
0.178971903476	0.445161290323	117	14	3	0	24	0.170212765957
0.179465844147	0.445161290323	117	15	3	0	24	0.170212765957
0.17963819034	0.445161290323	118	15	3	0	24	0.169014084507
0.179966596397	0.445161290323	119	15	3	0	24	0.167832167832
0.180105719397	0.444086021505	119	16	3	0	25	0.173611111111
0.180618747314	0.444086021505	120	16	3	0	25	0.172413793103
0.181272864922	0.445161290323	121	16	3	0	25	0.171232876712
0.181453961718	0.445161290323	122	16	3	0	25	0.170068027211
0.181487695756	0.44623655914	123	16	3	0	25	0.168918918919
0.182598877218	0.445161290323	124	16	3	0	25	0.167785234899
0.183035599649	0.44623655914	125	16	3	0	25	0.166666666667
0.184760805767	0.447311827957	126	16	3	0	25	0.165562913907
0.186003036619	0.448387096774	127	16	3	0	25	0.164473684211
0.186631513253	0.448387096774	128	16	3	0	25	0.16339869281
0.187594242253	0.449462365591	129	16	3	0	25	0.162337662338
0.187706578046	0.449462365591	130	16	3	0	25	0.161290322581
0.192049987525	0.449462365591	131	16	3	0	25	0.160256410256
0.195948057413	0.448387096774	132	16	3	0	25	0.15923566879
0.199093657573	0.449462365591	133	16	3	0	25	0.158227848101
0.199147600264	0.449462365591	134	16	3	0	25	0.157232704403
0.199225650701	0.448387096774	135	16	3	0	25	0.15625
0.199856884733	0.447311827957	135	17	3	0	26	0.16149068323
0.202281048735	0.44623655914	136	17	3	0	26	0.16049382716
0.202365648244	0.447311827957	137	17	3	0	26	0.159509202454
0.204457488395	0.448387096774	138	17	3	0	26	0.158536585366
0.204777351292	0.449462365591	139	17	3	0	26	0.157575757576
0.20808903161	0.449462365591	140	17	3	0	26	0.156626506024
0.213196859487	0.449462365591	141	17	3	0	26	0.155688622754
0.215376837681	0.450537634409	142	17	3	0	26	0.154761904762
0.216516444643	0.450537634409	143	17	3	0	26	0.153846153846
0.216911727845	0.451612903226	144	17	3	0	26	0.152941176471
0.217000447296	0.452688172043	145	17	3	0	26	0.152046783626
0.220329352116	0.451612903226	146	17	3	0	26	0.151162790698
0.221507564003	0.452688172043	147	17	3	0	26	0.150289017341
0.228100515006	0.451612903226	148	17	3	0	26	0.149425287356
0.228522293819	0.452688172043	149	17	3	0	26	0.148571428571
0.233485749625	0.45376344086	150	17	3	0	26	0.147727272727
0.234608793064	0.454838709677	151	17	3	0	26	0.146892655367
0.236612223475	0.454838709677	152	17	3	0	26	0.14606741573
0.237021066153	0.455913978495	153	17	3	0	26	0.145251396648
0.239524798203	0.455913978495	154	17	3	0	26	0.144444444444
0.241170376322	0.45376344086	154	18	3	0	28	0.153846153846
0.242534475079	0.454838709677	155	18	3	0	28	0.153005464481
0.243371136837	0.455913978495	156	18	3	0	28	0.152173913043
0.243715822073	0.456989247312	157	18	3	0	28	0.151351351351
0.24424240795	0.456989247312	158	18	3	0	28	0.150537634409
0.245753005716	0.458064516129	159	18	3	0	28	0.149732620321
0.246536427404	0.459139784946	160	18	3	0	28	0.148936170213
0.246679954276	0.458064516129	161	18	3	0	28	0.148148148148
0.246683938407	0.459139784946	162	18	3	0	28	0.147368421053
0.247579086116	0.459139784946	163	18	3	0	28	0.146596858639
0.252928475247	0.458064516129	164	18	3	0	28	0.145833333333
0.25374950046	0.458064516129	165	18	3	0	28	0.145077720207
0.255009614558	0.458064516129	166	18	3	0	28	0.144329896907
0.259648437917	0.456989247312	166	19	3	0	29	0.148717948718
0.260269989477	0.458064516129	167	19	3	0	29	0.147959183673
0.262062686813	0.459139784946	168	19	3	0	29	0.147208121827
0.263261886328	0.460215053763	169	19	3	0	29	0.146464646465
0.263282990977	0.459139784946	170	19	3	0	29	0.145728643216
0.264491678152	0.458064516129	170	20	3	0	30	0.15
0.264892843254	0.459139784946	171	20	3	0	30	0.149253731343
0.265421648247	0.460215053763	172	20	3	0	30	0.148514851485
0.265625459852	0.460215053763	173	20	3	0	30	0.147783251232
0.267766524376	0.459139784946	174	20	3	0	30	0.147058823529
0.269436774117	0.460215053763	175	20	3	0	30	0.146341463415
0.274116994341	0.461290322581	176	20	3	0	30	0.145631067961
0.27412411428	0.460215053763	177	20	3	0	30	0.144927536232
0.275071571116	0.459139784946	178	20	3	0	30	0.144230769231
0.275384913998	0.458064516129	178	21	3	0	31	0.148325358852
0.275482273726	0.458064516129	179	21	3	0	31	0.147619047619
0.275506896369	0.456989247312	180	21	3	0	31	0.14691943128
0.278797911549	0.456989247312	181	21	3	0	31	0.146226415094
0.279980676639	0.455913978495	182	21	3	0	31	0.145539906103
0.28009631302	0.456989247312	183	21	3	0	31	0.144859813084
0.281796937402	0.458064516129	184	21	3	0	31	0.144186046512
0.28299013998	0.458064516129	185	21	3	0	31	0.143518518519
0.283890494904	0.459139784946	186	21	3	0	31	0.142857142857
0.284725442009	0.458064516129	187	21	3	0	31	0.142201834862
0.285158227135	0.458064516129	188	21	3	0	31	0.141552511416
0.286664620397	0.456989247312	189	21	3	0	31	0.140909090909
0.288359331215	0.456989247312	190	21	3	0	31	0.140271493213
0.288361819837	0.455913978495	191	21	3	0	31	0.13963963964
0.291067946508	0.454838709677	192	21	3	0	31	0.139013452915
0.291721664873	0.452688172043	192	22	3	0	33	0.146666666667
0.297932008303	0.45376344086	193	22	3	0	33	0.146017699115
0.29839398664	0.45376344086	193	23	3	0	33	0.146017699115
0.300669361546	0.45376344086	194	23	3	0	33	0.145374449339
0.302529096941	0.454838709677	195	23	3	0	33	0.144736842105
0.30532243907	0.45376344086	196	23	3	0	33	0.144104803493
0.305364097377	0.45376344086	197	23	3	0	33	0.14347826087
0.30615620094	0.45376344086	198	23	3	0	33	0.142857142857
0.307117299624	0.452688172043	199	23	3	0	33	0.14224137931
0.307562797878	0.452688172043	200	23	3	0	33	0.141630901288
0.3081401727	0.451612903226	200	24	3	0	34	0.145299145299
0.309360766734	0.451612903226	201	24	3	0	34	0.144680851064
0.309717169856	0.449462365591	201	25	3	0	36	0.151898734177
0.312106105852	0.448387096774	202	25	3	0	36	0.151260504202
0.312178535806	0.449462365591	203	25	3	0	36	0.150627615063
0.312462651324	0.450537634409	204	25	3	0	36	0.15
0.312834287316	0.451612903226	205	25	3	0	36	0.149377593361
0.313263227452	0.450537634409	205	26	3	0	37	0.152892561983
0.313558231554	0.451612903226	206	26	3	0	37	0.152263374486
0.318559286693	0.451612903226	207	26	3	0	37	0.151639344262
0.320731237487	0.451612903226	208	26	3	0	37	0.151020408163
0.320741378996	0.452688172043	209	26	3	0	37	0.150406504065
0.320754892915	0.452688172043	210	26	3	0	37	0.14979757085
0.325008295316	0.451612903226	210	27	3	0	38	0.153225806452
0.327967267287	0.452688172043	211	27	3	0	38	0.152610441767
0.328759842591	0.452688172043	212	27	3	0	38	0.152
0.328919527509	0.451612903226	213	27	3	0	38	0.151394422311
0.330382867931	0.451612903226	214	27	3	0	38	0.150793650794
0.330831446028	0.449462365591	214	28	3	0	40	0.157480314961
0.331535963089	0.450537634409	215	28	3	0	40	0.156862745098
0.332400390064	0.451612903226	216	28	3	0	40	0.15625
0.334700000459	0.452688172043	217	28	3	0	40	0.155642023346
0.335073773656	0.45376344086	218	28	3	0	40	0.15503875969
0.336730444279	0.45376344086	219	28	3	0	40	0.15444015444
0.337849820246	0.45376344086	220	28	3	0	40	0.153846153846
0.339208935843	0.454838709677	221	28	3	0	40	0.153256704981
0.33959430521	0.45376344086	222	28	3	0	40	0.152671755725
0.340512465326	0.45376344086	223	28	3	0	40	0.152091254753
0.34367901797	0.45376344086	224	28	3	0	40	0.151515151515
0.34634442547	0.454838709677	225	28	3	0	40	0.150943396226
0.347132232865	0.455913978495	226	28	3	0	40	0.15037593985
0.351557428514	0.456989247312	227	28	3	0	40	0.149812734082
0.351875117494	0.458064516129	228	28	3	0	40	0.149253731343
0.353492294579	0.458064516129	229	28	3	0	40	0.148698884758
0.353979713835	0.458064516129	230	28	3	0	40	0.148148148148
0.354311387814	0.456989247312	231	28	3	0	40	0.147601476015
0.35582702449	0.456989247312	232	28	3	0	40	0.147058823529
0.358346159358	0.458064516129	233	28	3	0	40	0.14652014652
0.358351727542	0.459139784946	234	28	3	0	40	0.14598540146
0.358608924051	0.460215053763	235	28	3	0	40	0.145454545455
0.358671426552	0.461290322581	236	28	3	0	40	0.144927536232
0.359608163626	0.460215053763	236	29	3	0	41	0.148014440433
0.361587351954	0.460215053763	237	29	3	0	41	0.147482014388
0.361610023649	0.461290322581	238	29	3	0	41	0.146953405018
0.361744386783	0.462365591398	239	29	3	0	41	0.146428571429
0.364398236035	0.463440860215	240	29	3	0	41	0.14590747331
0.36490133597	0.464516129032	241	29	3	0	41	0.145390070922
0.367024862208	0.464516129032	242	29	3	0	41	0.144876325088
0.369236902378	0.465591397849	243	29	3	0	41	0.144366197183
0.369911130261	0.466666666667	244	29	3	0	41	0.143859649123
0.372071344293	0.465591397849	245	29	3	0	41	0.143356643357
0.372862867759	0.465591397849	246	29	3	0	41	0.142857142857
0.373464872996	0.465591397849	247	29	3	0	41	0.142361111111
0.373502924459	0.464516129032	248	29	3	0	41	0.141868512111
0.377025709568	0.462365591398	248	30	3	0	43	0.147766323024
0.379188089311	0.462365591398	249	30	3	0	43	0.147260273973
0.382597679815	0.461290322581	249	31	3	0	44	0.150170648464
0.384017118862	0.460215053763	250	31	3	0	44	0.149659863946
0.386142216292	0.460215053763	251	31	3	0	44	0.149152542373
0.386495925928	0.459139784946	252	31	3	0	44	0.148648648649
0.386794280594	0.458064516129	253	31	3	0	44	0.148148148148
0.388715809368	0.459139784946	254	31	3	0	44	0.147651006711
0.389132516993	0.459139784946	255	31	3	0	44	0.147157190635
0.390552429163	0.458064516129	255	32	3	0	45	0.15
0.39402850548	0.456989247312	256	32	3	0	45	0.14950166113
0.39538085305	0.456989247312	257	32	3	0	45	0.149006622517
0.395474941468	0.458064516129	258	32	3	0	45	0.148514851485
0.395517895589	0.456989247312	258	33	3	0	46	0.151315789474
0.396572158719	0.455913978495	259	33	3	0	46	0.150819672131
0.397514848858	0.454838709677	260	33	3	0	46	0.150326797386
0.397873330289	0.455913978495	261	33	3	0	46	0.14983713355
0.402692319089	0.455913978495	262	33	3	0	46	0.149350649351
0.404883742029	0.455913978495	263	33	3	0	46	0.148867313916
0.407954109723	0.455913978495	264	33	3	0	46	0.148387096774
0.409668185384	0.455913978495	265	33	3	0	46	0.147909967846
0.412978319288	0.456989247312	266	33	3	0	46	0.147435897436
0.416706704007	0.458064516129	267	33	3	0	46	0.14696485623
0.419369675302	0.458064516129	268	33	3	0	46	0.146496815287
0.421324025683	0.459139784946	269	33	3	0	46	0.146031746032
0.422996601603	0.458064516129	270	33	3	0	46	0.145569620253
0.423072644722	0.459139784946	271	33	3	0	46	0.145110410095
0.423281867726	0.458064516129	272	33	3	0	46	0.14465408805
0.423873445128	0.459139784946	273	33	3	0	46	0.144200626959
0.42388399263	0.458064516129	274	33	3	0	46	0.14375
0.424223252008	0.459139784946	275	33	3	0	46	0.143302180685
0.42677289866	0.460215053763	276	33	3	0	46	0.142857142857
0.428700279822	0.459139784946	277	33	3	0	46	0.142414860681
0.430970370437	0.460215053763	278	33	3	0	46	0.141975308642
0.431129651945	0.461290322581	279	33	3	0	46	0.141538461538
0.431282141031	0.460215053763	280	33	3	0	46	0.141104294479
0.43261478971	0.459139784946	281	33	3	0	46	0.140672782875
0.434605656554	0.460215053763	282	33	3	0	46	0.140243902439
0.434737901289	0.461290322581	283	33	3	0	46	0.139817629179
0.435895622354	0.460215053763	284	33	3	0	46	0.139393939394
0.438294222343	0.460215053763	285	33	3	0	46	0.138972809668
0.438491064745	0.461290322581	286	33	3	0	46	0.138554216867
0.439768493144	0.461290322581	286	34	3	0	46	0.138554216867
0.443706633942	0.462365591398	287	34	3	0	46	0.138138138138
0.446684631476	0.462365591398	288	34	3	0	46	0.137724550898
0.448429068035	0.462365591398	289	34	3	0	46	0.137313432836
0.452559698471	0.463440860215	290	34	3	0	46	0.136904761905
0.454112898714	0.464516129032	291	34	3	0	46	0.13649851632
0.454663113242	0.464516129032	292	34	3	0	46	0.136094674556
0.4549322309	0.463440860215	293	34	3	0	46	0.135693215339
0.455558256881	0.463440860215	294	34	3	0	46	0.135294117647
0.459557599934	0.463440860215	295	34	3	0	46	0.134897360704
0.463326161946	0.461290322581	295	35	3	0	48	0.139941690962
0.463487291414	0.461290322581	296	35	3	0	48	0.139534883721
0.464809253759	0.462365591398	297	35	3	0	48	0.139130434783
0.466683921913	0.461290322581	298	35	3	0	48	0.138728323699
0.467414954907	0.460215053763	299	35	3	0	48	0.138328530259
0.468337820373	0.460215053763	300	35	3	0	48	0.137931034483
0.469439274422	0.460215053763	301	35	3	0	48	0.137535816619
0.469635050775	0.460215053763	302	35	3	0	48	0.137142857143
0.470034536476	0.460215053763	303	35	3	0	48	0.136752136752
0.470995941706	0.461290322581	304	35	3	0	48	0.136363636364
0.471329425345	0.460215053763	305	35	3	0	48	0.13597733711
0.471417886559	0.461290322581	306	35	3	0	48	0.135593220339
0.472582906149	0.460215053763	307	35	3	0	48	0.135211267606
0.473762178669	0.460215053763	308	35	3	0	48	0.134831460674
0.47485042578	0.460215053763	309	35	3	0	48	0.134453781513
0.477038749346	0.460215053763	310	35	3	0	48	0.134078212291
0.478948072424	0.461290322581	311	35	3	0	48	0.133704735376
0.479078306212	0.462365591398	312	35	3	0	48	0.133333333333
0.48228810555	0.462365591398	313	35	3	0	48	0.13296398892
0.48318675318	0.463440860215	314	35	3	0	48	0.132596685083
0.483656524781	0.464516129032	315	35	3	0	48	0.132231404959
0.485302302732	0.463440860215	316	35	3	0	48	0.131868131868
0.485435878253	0.464516129032	317	35	3	0	48	0.131506849315
0.485686320835	0.464516129032	318	35	3	0	48	0.131147540984
0.492007465365	0.465591397849	319	35	3	0	48	0.130790190736
0.492561347192	0.466666666667	320	35	3	0	48	0.130434782609
0.492958371939	0.467741935484	321	35	3	0	48	0.130081300813
0.493890727074	0.468817204301	322	35	3	0	48	0.12972972973
