# time 	 divergence 	 # of mutations 	 # IGC chances 	 IGC length 	 # IGC failures 	 Changes due to IGC  	 % change due to IGC 
0.0	0.143149284254	0	0	0	0	0	0.0
0.00129626136757	0.145194274029	1	0	0	0	0	0.0
0.00449922986457	0.147239263804	2	0	0	0	0	0.0
0.00502232764124	0.149284253579	3	0	0	0	0	0.0
0.00561273100749	0.151329243354	4	0	0	0	0	0.0
0.0117477180647	0.153374233129	5	0	0	0	0	0.0
0.0124407944697	0.155419222904	6	0	0	0	0	0.0
0.0129732729735	0.153374233129	7	0	0	0	0	0.0
0.0324551443818	0.153374233129	8	0	0	0	0	0.0
0.0451794113504	0.151329243354	9	0	0	0	0	0.0
0.0485135938065	0.153374233129	10	0	0	0	0	0.0
0.0494936983297	0.151329243354	11	0	0	0	0	0.0
0.0511567405664	0.153374233129	12	0	0	0	0	0.0
0.0545019567549	0.102249488753	12	1	111	0	25	0.675675675676
0.0559769878452	0.104294478528	13	1	111	0	25	0.657894736842
0.0577429797543	0.106339468303	14	1	111	0	25	0.641025641026
0.0579121409909	0.104294478528	15	1	111	0	25	0.625
0.0623798076268	0.106339468303	16	1	111	0	25	0.609756097561
0.0692391776626	0.108384458078	17	1	111	0	25	0.595238095238
0.0702525795457	0.108384458078	18	1	111	0	25	0.581395348837
0.0740537870081	0.110429447853	19	1	111	0	25	0.568181818182
0.0773191504618	0.108384458078	20	1	111	0	25	0.555555555556
0.077394819307	0.0695296523517	20	2	108	0	44	0.6875
0.077510200323	0.0715746421268	21	2	108	0	44	0.676923076923
0.0799787444375	0.0736196319018	22	2	108	0	44	0.666666666667
0.0814353204762	0.0715746421268	23	2	108	0	44	0.65671641791
0.0827295862998	0.0736196319018	24	2	108	0	44	0.647058823529
