# time 	 divergence 	 # of mutations 	 # IGC chances 	 IGC length 	 # IGC failures 	 Changes due to IGC  	 % change due to IGC 
0.0	0.376344086022	0	0	0	0	0	0.0
0.000106648089085	0.376344086022	1	0	0	0	0	0.0
0.00173702430079	0.375268817204	2	0	0	0	0	0.0
0.00481605581829	0.376344086022	3	0	0	0	0	0.0
0.00510255964422	0.377419354839	4	0	0	0	0	0.0
0.00525180886312	0.378494623656	5	0	0	0	0	0.0
0.00525548624713	0.379569892473	6	0	0	0	0	0.0
0.00581346683718	0.378494623656	7	0	0	0	0	0.0
0.00699571064441	0.378494623656	8	0	0	0	0	0.0
0.00906128181788	0.379569892473	9	0	0	0	0	0.0
0.00994981673462	0.379569892473	10	0	0	0	0	0.0
0.0123501706008	0.379569892473	11	0	0	0	0	0.0
0.0130182430923	0.378494623656	12	0	0	0	0	0.0
0.0135537634806	0.379569892473	13	0	0	0	0	0.0
0.015532482341	0.38064516129	14	0	0	0	0	0.0
0.0181016448967	0.381720430108	15	0	0	0	0	0.0
0.0186390290459	0.38064516129	16	0	0	0	0	0.0
0.0186844555874	0.381720430108	17	0	0	0	0	0.0
0.0191985532319	0.38064516129	18	0	0	0	0	0.0
0.020162893769	0.381720430108	19	0	0	0	0	0.0
0.0203057117358	0.377419354839	19	1	9	0	4	0.173913043478
0.0210084834378	0.378494623656	20	1	9	0	4	0.166666666667
0.0224099946643	0.377419354839	21	1	9	0	4	0.16
0.0258435342995	0.378494623656	22	1	9	0	4	0.153846153846
0.0264903250889	0.377419354839	23	1	9	0	4	0.148148148148
0.0271801459185	0.378494623656	24	1	9	0	4	0.142857142857
0.0279543821121	0.379569892473	25	1	9	0	4	0.137931034483
0.0303885766571	0.38064516129	26	1	9	0	4	0.133333333333
0.0303937747022	0.381720430108	27	1	9	0	4	0.129032258065
0.0322943914485	0.382795698925	28	1	9	0	4	0.125
0.033209789755	0.383870967742	29	1	9	0	4	0.121212121212
0.0333853416783	0.384946236559	30	1	9	0	4	0.117647058824
0.0345610372625	0.386021505376	31	1	9	0	4	0.114285714286
0.0345927768591	0.384946236559	32	1	9	0	4	0.111111111111
0.0359059378583	0.386021505376	33	1	9	0	4	0.108108108108
0.0360717075708	0.387096774194	34	1	9	0	4	0.105263157895
0.0387460437128	0.386021505376	35	1	9	0	4	0.102564102564
0.0389138323706	0.387096774194	36	1	9	0	4	0.1
0.0390058587979	0.388172043011	37	1	9	0	4	0.0975609756098
0.0394096419471	0.388172043011	38	1	9	0	4	0.0952380952381
0.0405570712077	0.387096774194	39	1	9	0	4	0.093023255814
0.042273072081	0.386021505376	40	1	9	0	4	0.0909090909091
0.0440915969978	0.387096774194	41	1	9	0	4	0.0888888888889
0.0457028433994	0.388172043011	42	1	9	0	4	0.0869565217391
0.0462008671962	0.387096774194	43	1	9	0	4	0.0851063829787
0.046838415882	0.387096774194	44	1	9	0	4	0.0833333333333
0.0479171832536	0.386021505376	45	1	9	0	4	0.0816326530612
0.0489414966685	0.386021505376	46	1	9	0	4	0.08
0.0513887267451	0.387096774194	47	1	9	0	4	0.078431372549
0.052342797973	0.387096774194	48	1	9	0	4	0.0769230769231
0.0530376910331	0.388172043011	49	1	9	0	4	0.0754716981132
0.0572256710119	0.388172043011	50	1	9	0	4	0.0740740740741
0.0575487225612	0.387096774194	51	1	9	0	4	0.0727272727273
0.0577395787795	0.386021505376	52	1	9	0	4	0.0714285714286
0.0588157013707	0.386021505376	53	1	9	0	4	0.0701754385965
0.0595076493046	0.386021505376	54	1	9	0	4	0.0689655172414
0.061110299936	0.387096774194	55	1	9	0	4	0.0677966101695
0.0622008030733	0.388172043011	56	1	9	0	4	0.0666666666667
0.0661814717186	0.387096774194	57	1	9	0	4	0.0655737704918
0.0680181691167	0.388172043011	58	1	9	0	4	0.0645161290323
0.0717138991265	0.388172043011	59	1	9	0	4	0.0634920634921
0.0723012513595	0.388172043011	60	1	9	0	4	0.0625
0.0755679613932	0.389247311828	61	1	9	0	4	0.0615384615385
0.0762762583699	0.389247311828	62	1	9	0	4	0.0606060606061
0.0780489083067	0.390322580645	63	1	9	0	4	0.0597014925373
0.0787202963189	0.391397849462	64	1	9	0	4	0.0588235294118
0.078897700776	0.39247311828	65	1	9	0	4	0.0579710144928
0.0818951499461	0.393548387097	66	1	9	0	4	0.0571428571429
0.0868211952757	0.393548387097	67	1	9	0	4	0.056338028169
0.0894781946159	0.394623655914	68	1	9	0	4	0.0555555555556
0.0960250832425	0.395698924731	69	1	9	0	4	0.0547945205479
0.0977198746926	0.395698924731	70	1	9	0	4	0.0540540540541
0.0978236187797	0.396774193548	71	1	9	0	4	0.0533333333333
0.0981812467517	0.395698924731	72	1	9	0	4	0.0526315789474
0.100446314855	0.396774193548	73	1	9	0	4	0.0519480519481
0.100488322605	0.395698924731	74	1	9	0	4	0.0512820512821
0.10136614082	0.396774193548	75	1	9	0	4	0.0506329113924
0.103206503264	0.396774193548	76	1	9	0	4	0.05
0.108019190704	0.396774193548	77	1	9	0	4	0.0493827160494
0.111971754306	0.397849462366	78	1	9	0	4	0.0487804878049
0.112582260762	0.396774193548	79	1	9	0	4	0.0481927710843
0.113270937679	0.397849462366	80	1	9	0	4	0.047619047619
0.114619253536	0.397849462366	81	1	9	0	4	0.0470588235294
0.1186107828	0.398924731183	82	1	9	0	4	0.046511627907
0.119936565252	0.4	83	1	9	0	4	0.0459770114943
0.120150062536	0.401075268817	84	1	9	0	4	0.0454545454545
0.121509027434	0.401075268817	85	1	9	0	4	0.0449438202247
0.124112528787	0.402150537634	86	1	9	0	4	0.0444444444444
0.126153115058	0.403225806452	87	1	9	0	4	0.043956043956
0.126423440985	0.402150537634	88	1	9	0	4	0.0434782608696
0.1266516298	0.403225806452	89	1	9	0	4	0.0430107526882
0.128819363451	0.403225806452	90	1	9	0	4	0.0425531914894
0.130329120383	0.402150537634	91	1	9	0	4	0.0421052631579
0.134459996383	0.403225806452	92	1	9	0	4	0.0416666666667
0.135275413281	0.403225806452	93	1	9	0	4	0.0412371134021
0.135657241624	0.403225806452	94	1	9	0	4	0.0408163265306
0.139568211679	0.403225806452	95	1	9	0	4	0.040404040404
0.143291150249	0.404301075269	96	1	9	0	4	0.04
0.143311282941	0.405376344086	97	1	9	0	4	0.039603960396
0.143356106326	0.404301075269	98	1	9	0	4	0.0392156862745
0.149004469663	0.404301075269	99	1	9	0	4	0.0388349514563
0.149847000702	0.405376344086	100	1	9	0	4	0.0384615384615
0.152817411643	0.404301075269	101	1	9	0	4	0.0380952380952
0.156963523015	0.403225806452	102	1	9	0	4	0.0377358490566
0.157048027723	0.403225806452	103	1	9	0	4	0.0373831775701
0.158933885152	0.403225806452	104	1	9	0	4	0.037037037037
0.159259397642	0.404301075269	105	1	9	0	4	0.0366972477064
0.160925488303	0.404301075269	106	1	9	0	4	0.0363636363636
0.163710070219	0.404301075269	107	1	9	0	4	0.036036036036
0.164240756466	0.404301075269	108	1	9	0	4	0.0357142857143
0.166300950814	0.404301075269	109	1	9	0	4	0.0353982300885
0.168543898008	0.403225806452	110	1	9	0	4	0.0350877192982
0.168921083273	0.402150537634	111	1	9	0	4	0.0347826086957
0.170358260862	0.402150537634	112	1	9	0	4	0.0344827586207
0.171531066418	0.401075268817	113	1	9	0	4	0.034188034188
0.171772116939	0.402150537634	114	1	9	0	4	0.0338983050847
0.173723424387	0.403225806452	115	1	9	0	4	0.0336134453782
0.17532602671	0.404301075269	116	1	9	0	4	0.0333333333333
0.175856327093	0.404301075269	117	1	9	0	4	0.0330578512397
0.178917174948	0.404301075269	118	1	9	0	4	0.0327868852459
0.178975515214	0.404301075269	119	1	9	0	4	0.0325203252033
0.180251307074	0.405376344086	120	1	9	0	4	0.0322580645161
0.183601696491	0.406451612903	121	1	9	0	4	0.032
0.184352751024	0.405376344086	122	1	9	0	4	0.031746031746
0.185218039441	0.406451612903	123	1	9	0	4	0.0314960629921
0.185262921113	0.40752688172	124	1	9	0	4	0.03125
0.188953716242	0.408602150538	125	1	9	0	4	0.031007751938
0.189212725404	0.409677419355	126	1	9	0	4	0.0307692307692
0.189793644803	0.410752688172	127	1	9	0	4	0.030534351145
0.193206705381	0.411827956989	128	1	9	0	4	0.030303030303
0.198902936352	0.412903225806	129	1	9	0	4	0.0300751879699
0.199390613167	0.411827956989	130	1	9	0	4	0.0298507462687
0.204401989488	0.412903225806	131	1	9	0	4	0.0296296296296
0.20520231738	0.413978494624	132	1	9	0	4	0.0294117647059
0.205654519749	0.415053763441	133	1	9	0	4	0.029197080292
0.207779717478	0.413978494624	134	1	9	0	4	0.0289855072464
0.208416560086	0.415053763441	135	1	9	0	4	0.0287769784173
0.210318099778	0.415053763441	136	1	9	0	4	0.0285714285714
0.213079433988	0.416129032258	137	1	9	0	4	0.0283687943262
0.213904496075	0.416129032258	138	1	9	0	4	0.0281690140845
0.214614061652	0.416129032258	139	1	9	0	4	0.027972027972
0.215604606737	0.417204301075	140	1	9	0	4	0.0277777777778
0.220894887117	0.417204301075	141	1	9	0	4	0.0275862068966
0.222088421579	0.418279569892	142	1	9	0	4	0.027397260274
0.223028102977	0.41935483871	143	1	9	0	4	0.0272108843537
0.223477489546	0.418279569892	144	1	9	0	4	0.027027027027
0.225736903712	0.418279569892	145	1	9	0	4	0.0268456375839
0.226367732283	0.41935483871	146	1	9	0	4	0.0266666666667
0.229287452677	0.420430107527	147	1	9	0	4	0.0264900662252
0.231184732934	0.420430107527	148	1	9	0	4	0.0263157894737
0.232896041992	0.421505376344	149	1	9	0	4	0.0261437908497
0.232921630045	0.421505376344	150	1	9	0	4	0.025974025974
0.234091796707	0.422580645161	151	1	9	0	4	0.0258064516129
0.236387953272	0.421505376344	152	1	9	0	4	0.025641025641
0.238514371575	0.420430107527	153	1	9	0	4	0.0254777070064
0.242189957981	0.41935483871	154	1	9	0	4	0.0253164556962
0.242288644509	0.418279569892	155	1	9	0	4	0.0251572327044
0.242429975283	0.41935483871	156	1	9	0	4	0.025
0.245388367875	0.420430107527	157	1	9	0	4	0.0248447204969
0.246233152671	0.421505376344	158	1	9	0	4	0.0246913580247
0.246279907788	0.421505376344	159	1	9	0	4	0.0245398773006
0.246388275815	0.421505376344	160	1	9	0	4	0.0243902439024
0.246463021531	0.420430107527	161	1	9	0	4	0.0242424242424
0.247071190474	0.41935483871	162	1	9	0	4	0.0240963855422
0.247154078112	0.420430107527	163	1	9	0	4	0.0239520958084
0.248706327901	0.421505376344	164	1	9	0	4	0.0238095238095
0.249532947693	0.422580645161	165	1	9	0	4	0.0236686390533
0.249543518102	0.423655913978	166	1	9	0	4	0.0235294117647
0.250156061186	0.424731182796	167	1	9	0	4	0.0233918128655
0.251669619632	0.425806451613	168	1	9	0	4	0.0232558139535
0.253962297523	0.42688172043	169	1	9	0	4	0.0231213872832
0.255002927216	0.42688172043	170	1	9	0	4	0.0229885057471
0.255557789405	0.427956989247	171	1	9	0	4	0.0228571428571
0.259912981472	0.42688172043	172	1	9	0	4	0.0227272727273
0.260409668421	0.427956989247	173	1	9	0	4	0.0225988700565
0.260964313216	0.42688172043	174	1	9	0	4	0.0224719101124
0.261548990366	0.427956989247	175	1	9	0	4	0.0223463687151
0.263544748801	0.427956989247	176	1	9	0	4	0.0222222222222
0.264956432493	0.427956989247	177	1	9	0	4	0.0220994475138
0.265757564847	0.427956989247	178	1	9	0	4	0.021978021978
0.266075572011	0.429032258065	179	1	9	0	4	0.0218579234973
0.266455417807	0.430107526882	180	1	9	0	4	0.0217391304348
0.267454398516	0.430107526882	181	1	9	0	4	0.0216216216216
0.274928731425	0.429032258065	182	1	9	0	4	0.0215053763441
0.275903794493	0.429032258065	183	1	9	0	4	0.0213903743316
0.27674824835	0.430107526882	184	1	9	0	4	0.0212765957447
0.278318512504	0.430107526882	185	1	9	0	4	0.021164021164
0.279028159637	0.429032258065	186	1	9	0	4	0.0210526315789
0.281106337715	0.429032258065	187	1	9	0	4	0.020942408377
0.282542595819	0.430107526882	188	1	9	0	4	0.0208333333333
0.28831445488	0.431182795699	189	1	9	0	4	0.020725388601
0.291116396804	0.430107526882	190	1	9	0	4	0.020618556701
0.291566316203	0.431182795699	191	1	9	0	4	0.0205128205128
0.291996084084	0.430107526882	192	1	9	0	4	0.0204081632653
0.292718352355	0.431182795699	193	1	9	0	4	0.0203045685279
0.296418390124	0.432258064516	194	1	9	0	4	0.020202020202
0.297197040636	0.433333333333	195	1	9	0	4	0.0201005025126
0.299910518139	0.434408602151	196	1	9	0	4	0.02
0.300379244197	0.434408602151	197	1	9	0	4	0.0199004975124
0.306656298945	0.434408602151	198	1	9	0	4	0.019801980198
0.307909221458	0.433333333333	199	1	9	0	4	0.0197044334975
0.309419462623	0.432258064516	200	1	9	0	4	0.0196078431373
0.310746168744	0.433333333333	201	1	9	0	4	0.019512195122
0.311518254654	0.432258064516	202	1	9	0	4	0.0194174757282
0.31411925572	0.433333333333	203	1	9	0	4	0.0193236714976
0.315491784763	0.433333333333	204	1	9	0	4	0.0192307692308
0.316879281547	0.432258064516	205	1	9	0	4	0.0191387559809
0.31826285315	0.433333333333	206	1	9	0	4	0.0190476190476
0.319701332129	0.433333333333	207	1	9	0	4	0.0189573459716
0.320874703497	0.434408602151	208	1	9	0	4	0.0188679245283
0.322908008078	0.433333333333	209	1	9	0	4	0.018779342723
0.324235120888	0.432258064516	210	1	9	0	4	0.018691588785
0.326662799326	0.433333333333	211	1	9	0	4	0.0186046511628
0.326900904975	0.433333333333	212	1	9	0	4	0.0185185185185
0.327295074051	0.434408602151	213	1	9	0	4	0.0184331797235
0.328287078307	0.433333333333	214	1	9	0	4	0.0183486238532
0.328895860324	0.434408602151	215	1	9	0	4	0.0182648401826
0.330987305659	0.433333333333	216	1	9	0	4	0.0181818181818
0.33130831092	0.434408602151	217	1	9	0	4	0.0180995475113
0.331622594109	0.435483870968	218	1	9	0	4	0.018018018018
0.332946137	0.434408602151	219	1	9	0	4	0.0179372197309
0.333722955007	0.434408602151	220	1	9	0	4	0.0178571428571
0.335195439452	0.435483870968	221	1	9	0	4	0.0177777777778
0.339896941836	0.436559139785	222	1	9	0	4	0.0176991150442
0.340953442845	0.435483870968	223	1	9	0	4	0.0176211453744
0.343696906907	0.435483870968	224	1	9	0	4	0.0175438596491
0.344041024828	0.436559139785	225	1	9	0	4	0.0174672489083
0.3450992263	0.437634408602	226	1	9	0	4	0.0173913043478
0.345221501189	0.437634408602	227	1	9	0	4	0.017316017316
0.349884364765	0.438709677419	228	1	9	0	4	0.0172413793103
0.350245213813	0.438709677419	229	1	9	0	4	0.0171673819742
0.352874001006	0.438709677419	230	1	9	0	4	0.017094017094
0.353514844727	0.438709677419	231	1	9	0	4	0.0170212765957
0.354255022174	0.439784946237	232	1	9	0	4	0.0169491525424
0.354489479495	0.438709677419	233	1	9	0	4	0.0168776371308
0.35793686375	0.437634408602	234	1	9	0	4	0.0168067226891
0.358729250595	0.437634408602	235	1	9	0	4	0.0167364016736
0.359240992517	0.437634408602	236	1	9	0	4	0.0166666666667
0.363368848502	0.438709677419	237	1	9	0	4	0.0165975103734
0.372890088887	0.439784946237	238	1	9	0	4	0.0165289256198
0.37741681411	0.438709677419	239	1	9	0	4	0.0164609053498
0.37790966306	0.438709677419	240	1	9	0	4	0.016393442623
0.378399395896	0.439784946237	241	1	9	0	4	0.0163265306122
0.380504035876	0.440860215054	242	1	9	0	4	0.0162601626016
0.381199457587	0.441935483871	243	1	9	0	4	0.0161943319838
0.38362594371	0.440860215054	244	1	9	0	4	0.0161290322581
0.385673469146	0.440860215054	245	1	9	0	4	0.0160642570281
0.386103367263	0.441935483871	246	1	9	0	4	0.016
0.386344322842	0.441935483871	247	1	9	0	4	0.0159362549801
0.387340666672	0.440860215054	248	1	9	0	4	0.015873015873
0.388194107709	0.440860215054	249	1	9	0	4	0.0158102766798
0.388932685372	0.440860215054	250	1	9	0	4	0.0157480314961
0.389599292191	0.440860215054	251	1	9	0	4	0.0156862745098
0.390215462914	0.439784946237	252	1	9	0	4	0.015625
0.394694366345	0.440860215054	253	1	9	0	4	0.0155642023346
0.395620592	0.441935483871	254	1	9	0	4	0.015503875969
0.396495786312	0.441935483871	255	1	9	0	4	0.015444015444
0.397746662116	0.440860215054	256	1	9	0	4	0.0153846153846
0.399725770033	0.439784946237	257	1	9	0	4	0.0153256704981
0.405099260678	0.439784946237	258	1	9	0	4	0.0152671755725
0.405849509648	0.440860215054	259	1	9	0	4	0.0152091254753
0.408803965153	0.440860215054	260	1	9	0	4	0.0151515151515
0.409936214919	0.440860215054	261	1	9	0	4	0.0150943396226
0.40999440692	0.439784946237	262	1	9	0	4	0.015037593985
0.413638342921	0.439784946237	263	1	9	0	4	0.0149812734082
0.414467176389	0.440860215054	264	1	9	0	4	0.0149253731343
0.416198177884	0.441935483871	265	1	9	0	4	0.0148698884758
0.419893115481	0.441935483871	266	1	9	0	4	0.0148148148148
0.420024480688	0.441935483871	267	1	9	0	4	0.0147601476015
0.420087247822	0.443010752688	268	1	9	0	4	0.0147058823529
0.420506194351	0.444086021505	269	1	9	0	4	0.014652014652
0.421859343502	0.445161290323	270	1	9	0	4	0.014598540146
0.426194104202	0.445161290323	271	1	9	0	4	0.0145454545455
0.426847108344	0.44623655914	272	1	9	0	4	0.0144927536232
0.427682857601	0.447311827957	273	1	9	0	4	0.014440433213
0.428163823694	0.448387096774	274	1	9	0	4	0.0143884892086
0.429445059573	0.448387096774	275	1	9	0	4	0.0143369175627
0.42978603797	0.449462365591	276	1	9	0	4	0.0142857142857
0.433784315536	0.449462365591	277	1	9	0	4	0.0142348754448
0.433866036352	0.450537634409	278	1	9	0	4	0.0141843971631
0.435038786546	0.449462365591	279	1	9	0	4	0.0141342756184
0.43747869912	0.450537634409	280	1	9	0	4	0.0140845070423
0.438604145758	0.451612903226	281	1	9	0	4	0.0140350877193
0.440617922658	0.452688172043	282	1	9	0	4	0.013986013986
0.441074456436	0.45376344086	283	1	9	0	4	0.01393728223
0.442856410496	0.45376344086	284	1	9	0	4	0.0138888888889
0.443576828041	0.45376344086	285	1	9	0	4	0.0138408304498
0.445458949627	0.452688172043	286	1	9	0	4	0.0137931034483
0.445817550273	0.452688172043	287	1	9	0	4	0.0137457044674
0.446688502372	0.45376344086	288	1	9	0	4	0.013698630137
0.448031740781	0.454838709677	289	1	9	0	4	0.0136518771331
0.448577647825	0.454838709677	290	1	9	0	4	0.0136054421769
0.448723998193	0.455913978495	291	1	9	0	4	0.0135593220339
0.448796810519	0.455913978495	292	1	9	0	4	0.0135135135135
0.448819039021	0.456989247312	293	1	9	0	4	0.013468013468
0.449918343889	0.456989247312	294	1	9	0	4	0.0134228187919
0.450467120457	0.456989247312	295	1	9	0	4	0.0133779264214
0.453617502976	0.455913978495	296	1	9	0	4	0.0133333333333
0.454901135896	0.454838709677	297	1	9	0	4	0.0132890365449
0.456408206515	0.454838709677	298	1	9	0	4	0.0132450331126
0.456747782214	0.454838709677	299	1	9	0	4	0.013201320132
0.462221864905	0.45376344086	300	1	9	0	4	0.0131578947368
0.463185620439	0.454838709677	301	1	9	0	4	0.0131147540984
0.466008181876	0.455913978495	302	1	9	0	4	0.0130718954248
0.46885338023	0.454838709677	303	1	9	0	4	0.0130293159609
0.47207376652	0.454838709677	304	1	9	0	4	0.012987012987
0.473418685446	0.455913978495	305	1	9	0	4	0.0129449838188
0.475732015892	0.456989247312	306	1	9	0	4	0.0129032258065
0.477027971043	0.456989247312	307	1	9	0	4	0.0128617363344
0.477784254266	0.456989247312	308	1	9	0	4	0.0128205128205
0.478702788562	0.458064516129	309	1	9	0	4	0.0127795527157
0.478746025064	0.459139784946	310	1	9	0	4	0.0127388535032
0.480960408061	0.460215053763	311	1	9	0	4	0.0126984126984
0.482714222373	0.459139784946	312	1	9	0	4	0.0126582278481
0.483398321586	0.460215053763	313	1	9	0	4	0.01261829653
0.483562864408	0.460215053763	314	1	9	0	4	0.0125786163522
0.484900170149	0.461290322581	315	1	9	0	4	0.012539184953
0.487159627961	0.462365591398	316	1	9	0	4	0.0125
0.487376484466	0.463440860215	317	1	9	0	4	0.01246105919
0.48768927562	0.464516129032	318	1	9	0	4	0.0124223602484
0.488827807153	0.465591397849	319	1	9	0	4	0.0123839009288
0.488881345536	0.465591397849	320	1	9	0	4	0.0123456790123
0.489925781111	0.464516129032	321	1	9	0	4	0.0123076923077
0.491263818572	0.463440860215	322	1	9	0	4	0.0122699386503
0.491692925547	0.464516129032	323	1	9	0	4	0.0122324159021
0.492566059159	0.465591397849	324	1	9	0	4	0.0121951219512
0.493206854708	0.465591397849	325	1	9	0	4	0.0121580547112
0.495444696229	0.466666666667	326	1	9	0	4	0.0121212121212
0.495682476754	0.467741935484	327	1	9	0	4	0.012084592145
0.495740198492	0.467741935484	328	1	9	0	4	0.0120481927711
0.498710087905	0.466666666667	329	1	9	0	4	0.012012012012
0.499692824947	0.465591397849	330	1	9	0	4	0.0119760479042
0.50153720794	0.465591397849	331	1	9	0	4	0.0119402985075
0.502019174162	0.466666666667	332	1	9	0	4	0.0119047619048
0.506616558296	0.466666666667	333	1	9	0	4	0.0118694362018
0.507419248711	0.465591397849	334	1	9	0	4	0.0118343195266
0.507758591538	0.466666666667	335	1	9	0	4	0.0117994100295
0.50975686174	0.467741935484	336	1	9	0	4	0.0117647058824
0.511180413354	0.468817204301	337	1	9	0	4	0.0117302052786
0.514333276934	0.469892473118	338	1	9	0	4	0.0116959064327
0.514733465144	0.469892473118	339	1	9	0	4	0.0116618075802
0.515707491232	0.468817204301	340	1	9	0	4	0.0116279069767
0.517005387407	0.469892473118	341	1	9	0	4	0.0115942028986
0.517680244096	0.469892473118	342	1	9	0	4	0.0115606936416
0.520694857665	0.469892473118	343	1	9	0	4	0.0115273775216
0.520808200196	0.470967741935	344	1	9	0	4	0.0114942528736
0.521040170408	0.472043010753	345	1	9	0	4	0.0114613180516
0.522123603275	0.47311827957	346	1	9	0	4	0.0114285714286
0.524967460102	0.474193548387	347	1	9	0	4	0.011396011396
0.529936151185	0.47311827957	348	1	9	0	4	0.0113636363636
0.530678272837	0.474193548387	349	1	9	0	4	0.0113314447592
0.53154933542	0.474193548387	350	1	9	0	4	0.0112994350282
0.532881230143	0.474193548387	351	1	9	0	4	0.0112676056338
0.533400394691	0.474193548387	352	1	9	0	4	0.0112359550562
0.533698368166	0.47311827957	353	1	9	0	4	0.0112044817927
0.534721799394	0.474193548387	354	1	9	0	4	0.0111731843575
0.535915957748	0.474193548387	355	1	9	0	4	0.0111420612813
0.538188339471	0.474193548387	356	1	9	0	4	0.0111111111111
0.539221498333	0.475268817204	357	1	9	0	4	0.01108033241
0.540632353414	0.476344086022	358	1	9	0	4	0.0110497237569
0.541622716868	0.475268817204	359	1	9	0	4	0.0110192837466
0.541773047351	0.475268817204	360	1	9	0	4	0.010989010989
0.541858578113	0.476344086022	361	1	9	0	4	0.0109589041096
0.542040305268	0.476344086022	362	1	9	0	4	0.0109289617486
0.543491129983	0.477419354839	363	1	9	0	4	0.0108991825613
0.543731841007	0.477419354839	364	1	9	0	4	0.0108695652174
0.545596541532	0.478494623656	365	1	9	0	4	0.0108401084011
0.546774576567	0.479569892473	366	1	9	0	4	0.0108108108108
0.548572051878	0.479569892473	367	1	9	0	4	0.010781671159
0.54999310898	0.479569892473	368	1	9	0	4	0.010752688172
0.551129449448	0.478494623656	369	1	9	0	4	0.0107238605898
0.552323619953	0.479569892473	370	1	9	0	4	0.0106951871658
0.552628224501	0.48064516129	371	1	9	0	4	0.0106666666667
0.554020440638	0.481720430108	372	1	9	0	4	0.0106382978723
0.558519603248	0.481720430108	373	1	9	0	4	0.0106100795756
0.560649583858	0.482795698925	374	1	9	0	4	0.010582010582
0.560974172106	0.481720430108	375	1	9	0	4	0.0105540897098
0.562358228028	0.482795698925	376	1	9	0	4	0.0105263157895
0.56308701495	0.482795698925	377	1	9	0	4	0.010498687664
0.567345331803	0.482795698925	378	1	9	0	4	0.0104712041885
0.56797593465	0.483870967742	379	1	9	0	4	0.0104438642298
0.568135256776	0.484946236559	380	1	9	0	4	0.0104166666667
0.570420905134	0.484946236559	381	1	9	0	4	0.0103896103896
0.572450312173	0.484946236559	382	1	9	0	4	0.0103626943005
0.573865971111	0.484946236559	383	1	9	0	4	0.0103359173127
0.575449130761	0.486021505376	384	1	9	0	4	0.0103092783505
0.576724465144	0.486021505376	385	1	9	0	4	0.0102827763496
0.576907331757	0.486021505376	386	1	9	0	4	0.0102564102564
0.578539606305	0.487096774194	387	1	9	0	4	0.0102301790281
0.5817882444	0.488172043011	388	1	9	0	4	0.0102040816327
0.581821601931	0.487096774194	389	1	9	0	4	0.0101781170483
0.581874155336	0.486021505376	390	1	9	0	4	0.010152284264
0.583983484889	0.484946236559	391	1	9	0	4	0.0101265822785
0.58427094061	0.486021505376	392	1	9	0	4	0.010101010101
0.585320016605	0.487096774194	393	1	9	0	4	0.0100755667506
0.58950836952	0.487096774194	394	1	9	0	4	0.0100502512563
0.589865073701	0.488172043011	395	1	9	0	4	0.0100250626566
0.590230165162	0.488172043011	396	1	9	0	4	0.01
0.590749152636	0.487096774194	397	1	9	0	4	0.00997506234414
0.591530836646	0.488172043011	398	1	9	0	4	0.00995024875622
0.593627627691	0.487096774194	399	1	9	0	4	0.00992555831266
0.59645980182	0.488172043011	400	1	9	0	4	0.00990099009901
0.602277897951	0.488172043011	401	1	9	0	4	0.00987654320988
0.602644458802	0.488172043011	402	1	9	0	4	0.00985221674877
0.602746966275	0.489247311828	403	1	9	0	4	0.00982800982801
0.604209961147	0.488172043011	404	1	9	0	4	0.00980392156863
0.606957495248	0.489247311828	405	1	9	0	4	0.00977995110024
0.607076037951	0.490322580645	406	1	9	0	4	0.00975609756098
0.609989904595	0.491397849462	407	1	9	0	4	0.00973236009732
0.612094273113	0.49247311828	408	1	9	0	4	0.00970873786408
0.61240144852	0.493548387097	409	1	9	0	4	0.00968523002421
0.6135838042	0.493548387097	410	1	9	0	4	0.00966183574879
0.61550864004	0.49247311828	411	1	9	0	4	0.00963855421687
0.617000050319	0.491397849462	412	1	9	0	4	0.00961538461538
0.618185454031	0.491397849462	413	1	9	0	4	0.00959232613909
0.619138058556	0.490322580645	414	1	9	0	4	0.00956937799043
0.619262189673	0.490322580645	415	1	9	0	4	0.00954653937947
0.619538206952	0.491397849462	416	1	9	0	4	0.00952380952381
0.621797282722	0.490322580645	417	1	9	0	4	0.00950118764846
0.622121374306	0.489247311828	418	1	9	0	4	0.00947867298578
0.622268367841	0.489247311828	419	1	9	0	4	0.00945626477541
0.624310265572	0.488172043011	420	1	9	0	4	0.00943396226415
0.624347700754	0.488172043011	421	1	9	0	4	0.00941176470588
0.628481202769	0.488172043011	422	1	9	0	4	0.0093896713615
0.629849739693	0.489247311828	423	1	9	0	4	0.00936768149883
0.630672885704	0.488172043011	424	1	9	0	4	0.00934579439252
0.635606922113	0.489247311828	425	1	9	0	4	0.00932400932401
0.636302128418	0.488172043011	426	1	9	0	4	0.0093023255814
0.636502007913	0.489247311828	427	1	9	0	4	0.0092807424594
0.639185857314	0.489247311828	428	1	9	0	4	0.00925925925926
0.641164032778	0.489247311828	429	1	9	0	4	0.00923787528868
0.641497959813	0.490322580645	430	1	9	0	4	0.00921658986175
0.643276519869	0.491397849462	431	1	9	0	4	0.00919540229885
0.64538795887	0.490322580645	432	1	9	0	4	0.00917431192661
0.655159380361	0.491397849462	433	1	9	0	4	0.0091533180778
0.65894697625	0.491397849462	434	1	9	0	4	0.00913242009132
