# time 	 divergence 	 # of mutations 	 # IGC chances 	 IGC length 	 # IGC failures 	 Changes due to IGC  	 % change due to IGC 
0.0	0.304093567251	0	0	0	0	0	0.0
3.1748514377e-05	0.304093567251	1	0	0	0	0	0.0
0.000162968966174	0.305068226121	2	0	0	0	0	0.0
0.000914910997749	0.305068226121	3	0	0	0	0	0.0
0.00204452491461	0.30604288499	4	0	0	0	0	0.0
0.00479726639841	0.30701754386	5	0	0	0	0	0.0
0.00497219332326	0.307992202729	6	0	0	0	0	0.0
0.00633697108741	0.307992202729	7	0	0	0	0	0.0
0.00732178567011	0.307992202729	8	0	0	0	0	0.0
0.0115867450832	0.308966861598	9	0	0	0	0	0.0
0.0121805706341	0.308966861598	10	0	0	0	0	0.0
0.0146181657454	0.308966861598	11	0	0	0	0	0.0
0.0152200311922	0.309941520468	12	0	0	0	0	0.0
0.0157969351203	0.310916179337	13	0	0	0	0	0.0
0.0181719220057	0.310916179337	14	0	0	0	0	0.0
0.0194972525202	0.311890838207	15	0	0	0	0	0.0
0.0204761703372	0.312865497076	16	0	0	0	0	0.0
0.0209514296701	0.30604288499	16	1	21	0	7	0.304347826087
0.022257626119	0.30701754386	17	1	21	0	7	0.291666666667
0.0231804984358	0.307992202729	18	1	21	0	7	0.28
0.0233750165848	0.308966861598	19	1	21	0	7	0.269230769231
0.0234389204905	0.309941520468	20	1	21	0	7	0.259259259259
0.0238816466016	0.308966861598	21	1	21	0	7	0.25
0.0251327108813	0.307992202729	22	1	21	0	7	0.241379310345
0.0264953268402	0.30701754386	23	1	21	0	7	0.233333333333
0.0283493773656	0.30701754386	23	2	3	0	7	0.233333333333
0.0302786835934	0.307992202729	24	2	3	0	7	0.225806451613
0.0308674836949	0.308966861598	25	2	3	0	7	0.21875
0.0330183162373	0.304093567251	25	3	30	0	12	0.324324324324
0.033461147512	0.305068226121	26	3	30	0	12	0.315789473684
0.0339299556643	0.305068226121	27	3	30	0	12	0.307692307692
0.0357942864792	0.304093567251	28	3	30	0	12	0.3
0.0360490966201	0.304093567251	29	3	30	0	12	0.292682926829
0.0364477619076	0.304093567251	30	3	30	0	12	0.285714285714
0.0369449707725	0.305068226121	31	3	30	0	12	0.279069767442
0.0387005396666	0.30604288499	32	3	30	0	12	0.272727272727
0.0421950731249	0.30604288499	33	3	30	0	12	0.266666666667
0.0455750515379	0.30701754386	34	3	30	0	12	0.260869565217
0.0459840231179	0.30701754386	35	3	30	0	12	0.255319148936
0.0465080028011	0.30701754386	36	3	30	0	12	0.25
0.0466463960295	0.307992202729	37	3	30	0	12	0.244897959184
0.0484936033952	0.307992202729	37	4	9	0	12	0.244897959184
0.0508598298966	0.308966861598	38	4	9	0	12	0.24
0.0509225795374	0.308966861598	39	4	9	0	12	0.235294117647
0.0514220938503	0.309941520468	40	4	9	0	12	0.230769230769
0.0519796820339	0.310916179337	41	4	9	0	12	0.22641509434
0.0538310632017	0.311890838207	42	4	9	0	12	0.222222222222
0.0547663661074	0.311890838207	43	4	9	0	12	0.218181818182
0.0596111675762	0.311890838207	44	4	9	0	12	0.214285714286
0.061242707383	0.312865497076	45	4	9	0	12	0.210526315789
0.0621584311202	0.312865497076	46	4	9	0	12	0.206896551724
0.0625484471292	0.313840155945	47	4	9	0	12	0.203389830508
0.0636548079607	0.314814814815	48	4	9	0	12	0.2
0.0651544049714	0.315789473684	49	4	9	0	12	0.196721311475
0.0671420346802	0.314814814815	50	4	9	0	12	0.193548387097
0.0673436328543	0.315789473684	51	4	9	0	12	0.190476190476
0.0755114434602	0.316764132554	52	4	9	0	12	0.1875
0.0757649306837	0.30604288499	52	5	21	0	23	0.306666666667
0.0762364059986	0.305068226121	52	6	3	0	24	0.315789473684
0.0769518721827	0.30604288499	53	6	3	0	24	0.311688311688
0.0771858600928	0.30701754386	54	6	3	0	24	0.307692307692
0.0804902042918	0.307992202729	55	6	3	0	24	0.303797468354
0.081844878295	0.308966861598	56	6	3	0	24	0.3
0.0845779830149	0.309941520468	57	6	3	0	24	0.296296296296
0.0850768865492	0.310916179337	58	6	3	0	24	0.292682926829
0.085368542641	0.311890838207	59	6	3	0	24	0.289156626506
0.0855695374742	0.309941520468	59	7	9	0	26	0.305882352941
0.0869320698692	0.309941520468	60	7	9	0	26	0.302325581395
0.0878601196909	0.310916179337	61	7	9	0	26	0.298850574713
0.0923556584792	0.309941520468	62	7	9	0	26	0.295454545455
0.0965227279732	0.310916179337	63	7	9	0	26	0.292134831461
0.0968638039932	0.311890838207	64	7	9	0	26	0.288888888889
0.0982828240108	0.311890838207	65	7	9	0	26	0.285714285714
0.103550952079	0.312865497076	66	7	9	0	26	0.282608695652
0.104394098848	0.312865497076	67	7	9	0	26	0.279569892473
0.104804128756	0.313840155945	68	7	9	0	26	0.276595744681
0.107952351178	0.309941520468	68	8	9	0	30	0.30612244898
0.109603039815	0.307992202729	68	9	6	0	32	0.32
0.110483209118	0.308966861598	69	9	6	0	32	0.316831683168
0.11242950164	0.308966861598	70	9	6	0	32	0.313725490196
0.11260754233	0.307992202729	71	9	6	0	32	0.31067961165
0.11301920141	0.307992202729	72	9	6	0	32	0.307692307692
0.115023986637	0.30701754386	73	9	6	0	32	0.304761904762
0.115679686399	0.30701754386	74	9	6	0	32	0.301886792453
0.115886474218	0.307992202729	75	9	6	0	32	0.299065420561
0.11644283462	0.308966861598	76	9	6	0	32	0.296296296296
0.116793850856	0.309941520468	77	9	6	0	32	0.293577981651
0.118100233449	0.310916179337	78	9	6	0	32	0.290909090909
0.118359684724	0.311890838207	79	9	6	0	32	0.288288288288
0.119279980764	0.310916179337	79	10	15	0	33	0.294642857143
0.122455641212	0.307992202729	79	11	9	0	36	0.313043478261
0.123344331836	0.308966861598	80	11	9	0	36	0.310344827586
0.123467128663	0.309941520468	81	11	9	0	36	0.307692307692
0.12368608515	0.309941520468	82	11	9	0	36	0.305084745763
0.124236384643	0.310916179337	83	11	9	0	36	0.302521008403
0.124494015832	0.311890838207	84	11	9	0	36	0.3
0.125509283884	0.311890838207	85	11	9	0	36	0.297520661157
0.125699779022	0.310916179337	86	11	9	0	36	0.295081967213
0.127052285815	0.311890838207	87	11	9	0	36	0.292682926829
0.129078310185	0.312865497076	88	11	9	0	36	0.290322580645
0.129858369682	0.311890838207	89	11	9	0	36	0.288
0.139154032222	0.312865497076	90	11	9	0	36	0.285714285714
0.140121899247	0.313840155945	91	11	9	0	36	0.283464566929
0.140641449348	0.314814814815	92	11	9	0	36	0.28125
0.141213881994	0.314814814815	92	12	6	0	36	0.28125
0.141671332983	0.315789473684	93	12	6	0	36	0.279069767442
0.141985714442	0.314814814815	93	13	3	0	37	0.284615384615
0.14320447083	0.315789473684	94	13	3	0	37	0.282442748092
0.145362856112	0.316764132554	95	13	3	0	37	0.280303030303
0.146052770223	0.317738791423	96	13	3	0	37	0.278195488722
0.147286992932	0.318713450292	97	13	3	0	37	0.276119402985
0.151644428651	0.319688109162	98	13	3	0	37	0.274074074074
0.15169569492	0.320662768031	99	13	3	0	37	0.272058823529
0.152221140712	0.320662768031	100	13	3	0	37	0.270072992701
0.153034745269	0.321637426901	101	13	3	0	37	0.268115942029
0.153678702219	0.321637426901	102	13	3	0	37	0.26618705036
0.153941389721	0.320662768031	103	13	3	0	37	0.264285714286
0.154042390079	0.320662768031	104	13	3	0	37	0.262411347518
0.155119309543	0.321637426901	105	13	3	0	37	0.260563380282
0.156584320575	0.321637426901	105	14	3	0	37	0.260563380282
0.157937379613	0.32261208577	106	14	3	0	37	0.258741258741
0.161021414664	0.323586744639	107	14	3	0	37	0.256944444444
0.163766885745	0.323586744639	108	14	3	0	37	0.255172413793
0.163802979441	0.324561403509	109	14	3	0	37	0.253424657534
0.164081867593	0.323586744639	109	15	3	0	38	0.258503401361
0.165910775798	0.323586744639	110	15	3	0	38	0.256756756757
0.166455514494	0.323586744639	111	15	3	0	38	0.255033557047
0.167355161766	0.324561403509	112	15	3	0	38	0.253333333333
0.167618171959	0.325536062378	113	15	3	0	38	0.251655629139
0.168116847755	0.326510721248	114	15	3	0	38	0.25
0.171822444811	0.327485380117	115	15	3	0	38	0.248366013072
0.175756097149	0.328460038986	116	15	3	0	38	0.246753246753
0.177637075008	0.329434697856	117	15	3	0	38	0.245161290323
0.178741652186	0.330409356725	118	15	3	0	38	0.24358974359
0.178945625644	0.331384015595	119	15	3	0	38	0.242038216561
0.180020654523	0.332358674464	120	15	3	0	38	0.240506329114
0.182024643102	0.333333333333	121	15	3	0	38	0.238993710692
0.18221274184	0.334307992203	122	15	3	0	38	0.2375
0.185766554665	0.334307992203	123	15	3	0	38	0.23602484472
0.187373252321	0.335282651072	124	15	3	0	38	0.234567901235
0.187517707827	0.335282651072	125	15	3	0	38	0.233128834356
0.189508752006	0.335282651072	126	15	3	0	38	0.231707317073
0.19039762952	0.336257309942	127	15	3	0	38	0.230303030303
0.191136773961	0.337231968811	128	15	3	0	38	0.228915662651
0.192330211019	0.332358674464	128	16	12	0	43	0.251461988304
0.192501418045	0.332358674464	129	16	12	0	43	0.25
0.192516650693	0.333333333333	130	16	12	0	43	0.248554913295
0.193035222203	0.334307992203	131	16	12	0	43	0.247126436782
0.194118360013	0.335282651072	132	16	12	0	43	0.245714285714
0.19447815894	0.335282651072	133	16	12	0	43	0.244318181818
0.195867366233	0.336257309942	134	16	12	0	43	0.242937853107
0.196443532978	0.337231968811	135	16	12	0	43	0.241573033708
0.197186281567	0.33820662768	136	16	12	0	43	0.240223463687
0.198985467946	0.33918128655	137	16	12	0	43	0.238888888889
0.199957098686	0.340155945419	138	16	12	0	43	0.237569060773
0.202974828344	0.341130604288	139	16	12	0	43	0.236263736264
0.204274111124	0.340155945419	140	16	12	0	43	0.234972677596
0.204503894365	0.33918128655	141	16	12	0	43	0.233695652174
0.20549501597	0.33820662768	142	16	12	0	43	0.232432432432
0.205811280207	0.33918128655	143	16	12	0	43	0.231182795699
0.210301967847	0.33918128655	143	17	12	0	43	0.231182795699
0.211062791217	0.337231968811	143	18	18	0	45	0.239361702128
0.211315571752	0.337231968811	143	19	15	0	45	0.239361702128
0.21551779518	0.33820662768	144	19	15	0	45	0.238095238095
0.216543707204	0.33918128655	145	19	15	0	45	0.236842105263
0.217181479366	0.340155945419	146	19	15	0	45	0.235602094241
0.217831565977	0.341130604288	147	19	15	0	45	0.234375
0.218643193007	0.342105263158	148	19	15	0	45	0.233160621762
0.219674127883	0.343079922027	149	19	15	0	45	0.231958762887
0.220063652734	0.344054580897	150	19	15	0	45	0.230769230769
0.220629915218	0.344054580897	151	19	15	0	45	0.229591836735
0.222415122038	0.345029239766	152	19	15	0	45	0.228426395939
0.223467758678	0.344054580897	153	19	15	0	45	0.227272727273
0.22435098416	0.345029239766	154	19	15	0	45	0.226130653266
0.229467475636	0.345029239766	155	19	15	0	45	0.225
0.230959376159	0.346003898635	156	19	15	0	45	0.223880597015
0.23112065692	0.346003898635	157	19	15	0	45	0.222772277228
0.231699074877	0.345029239766	158	19	15	0	45	0.221674876847
0.234925490253	0.346003898635	159	19	15	0	45	0.220588235294
0.236481700834	0.346978557505	160	19	15	0	45	0.219512195122
0.236490227471	0.347953216374	161	19	15	0	45	0.218446601942
0.237609145889	0.347953216374	162	19	15	0	45	0.217391304348
0.239104727452	0.348927875244	163	19	15	0	45	0.216346153846
0.240546599489	0.347953216374	164	19	15	0	45	0.215311004785
0.243330163422	0.348927875244	165	19	15	0	45	0.214285714286
0.243614321836	0.347953216374	166	19	15	0	45	0.21327014218
0.243920448695	0.347953216374	167	19	15	0	45	0.212264150943
0.244683776408	0.348927875244	168	19	15	0	45	0.211267605634
0.246549061098	0.348927875244	169	19	15	0	45	0.210280373832
0.247171537936	0.349902534113	170	19	15	0	45	0.209302325581
0.247877884496	0.350877192982	171	19	15	0	45	0.208333333333
0.249722819463	0.351851851852	172	19	15	0	45	0.207373271889
0.252177951348	0.351851851852	173	19	15	0	45	0.206422018349
0.254477923599	0.351851851852	174	19	15	0	45	0.205479452055
0.256040732103	0.350877192982	175	19	15	0	45	0.204545454545
0.25695725627	0.350877192982	175	20	6	0	45	0.204545454545
0.258260594812	0.351851851852	176	20	6	0	45	0.203619909502
0.25837263811	0.351851851852	177	20	6	0	45	0.202702702703
0.261030545151	0.350877192982	178	20	6	0	45	0.201793721973
0.261104186227	0.349902534113	178	21	3	0	46	0.205357142857
0.262611089943	0.345029239766	178	22	9	0	51	0.222707423581
0.262908767422	0.345029239766	179	22	9	0	51	0.221739130435
0.263068851408	0.344054580897	180	22	9	0	51	0.220779220779
0.26321867603	0.344054580897	181	22	9	0	51	0.219827586207
0.265538031507	0.341130604288	181	23	15	0	54	0.229787234043
0.267689364085	0.327485380117	181	24	33	0	68	0.273092369478
0.268516043495	0.328460038986	182	24	33	0	68	0.272
0.268941627892	0.328460038986	183	24	33	0	68	0.270916334661
0.269187360094	0.323586744639	183	25	15	0	73	0.28515625
0.270219631864	0.324561403509	184	25	15	0	73	0.284046692607
0.274689950075	0.323586744639	185	25	15	0	73	0.282945736434
0.275628569101	0.313840155945	185	26	15	0	83	0.309701492537
0.277350489691	0.313840155945	186	26	15	0	83	0.308550185874
0.281047382037	0.314814814815	187	26	15	0	83	0.307407407407
0.281060642404	0.314814814815	188	26	15	0	83	0.306273062731
0.281600092973	0.315789473684	189	26	15	0	83	0.305147058824
0.284126678343	0.316764132554	190	26	15	0	83	0.304029304029
0.284314199707	0.315789473684	191	26	15	0	83	0.302919708029
0.284947291855	0.315789473684	192	26	15	0	83	0.301818181818
0.285125612842	0.315789473684	193	26	15	0	83	0.300724637681
0.285842498555	0.316764132554	194	26	15	0	83	0.29963898917
0.286964852837	0.317738791423	195	26	15	0	83	0.298561151079
0.287714753133	0.299220272904	195	27	57	0	102	0.343434343434
0.289539713709	0.300194931774	196	27	57	0	102	0.342281879195
0.289983109061	0.301169590643	197	27	57	0	102	0.341137123746
0.290687584218	0.300194931774	198	27	57	0	102	0.34
0.295610826286	0.301169590643	199	27	57	0	102	0.338870431894
0.295808774248	0.300194931774	200	27	57	0	102	0.337748344371
0.295958029554	0.300194931774	201	27	57	0	102	0.336633663366
0.296341687081	0.299220272904	202	27	57	0	102	0.335526315789
0.298649868258	0.297270955166	202	28	6	0	104	0.339869281046
0.301379044121	0.298245614035	203	28	6	0	104	0.338762214984
0.301387105696	0.298245614035	204	28	6	0	104	0.337662337662
0.302349562191	0.298245614035	204	29	12	0	104	0.337662337662
0.302589855953	0.299220272904	205	29	12	0	104	0.336569579288
0.306076080443	0.300194931774	206	29	12	0	104	0.335483870968
0.30668664032	0.301169590643	207	29	12	0	104	0.334405144695
0.307725629242	0.302144249513	208	29	12	0	104	0.333333333333
0.310000324817	0.302144249513	209	29	12	0	104	0.332268370607
0.31141117918	0.302144249513	210	29	12	0	104	0.331210191083
0.312868784487	0.302144249513	211	29	12	0	104	0.330158730159
0.312940555901	0.303118908382	212	29	12	0	104	0.329113924051
0.315214486857	0.304093567251	213	29	12	0	104	0.328075709779
0.320645416096	0.305068226121	214	29	12	0	104	0.327044025157
0.320870389088	0.305068226121	215	29	12	0	104	0.326018808777
0.321030935534	0.30604288499	216	29	12	0	104	0.325
0.32189178771	0.30701754386	217	29	12	0	104	0.323987538941
0.322345030343	0.30701754386	218	29	12	0	104	0.32298136646
0.323981793305	0.30701754386	219	29	12	0	104	0.321981424149
0.325929044635	0.307992202729	220	29	12	0	104	0.320987654321
0.329066541326	0.307992202729	220	30	3	0	104	0.320987654321
0.329244432287	0.307992202729	221	30	3	0	104	0.32
0.330042898033	0.308966861598	222	30	3	0	104	0.319018404908
0.330716382409	0.309941520468	223	30	3	0	104	0.318042813456
0.331538994432	0.310916179337	224	30	3	0	104	0.317073170732
0.331729603994	0.311890838207	225	30	3	0	104	0.316109422492
0.333098760443	0.312865497076	226	30	3	0	104	0.315151515152
0.334433231784	0.311890838207	227	30	3	0	104	0.31419939577
0.340756780061	0.311890838207	227	31	6	0	104	0.31419939577
0.341013270453	0.312865497076	228	31	6	0	104	0.313253012048
0.343411449033	0.310916179337	228	32	12	0	106	0.317365269461
0.343518422638	0.310916179337	229	32	12	0	106	0.316417910448
0.343682200861	0.311890838207	230	32	12	0	106	0.315476190476
0.343890027846	0.309941520468	230	33	9	0	108	0.319526627219
0.345022403505	0.310916179337	231	33	9	0	108	0.318584070796
0.345197144557	0.309941520468	232	33	9	0	108	0.317647058824
0.35249501979	0.309941520468	233	33	9	0	108	0.316715542522
0.353406879622	0.310916179337	234	33	9	0	108	0.315789473684
0.35426813922	0.310916179337	235	33	9	0	108	0.314868804665
0.355315159515	0.311890838207	236	33	9	0	108	0.313953488372
0.355611176521	0.309941520468	236	34	9	0	110	0.317919075145
0.355815705411	0.310916179337	237	34	9	0	110	0.317002881844
0.357110522339	0.311890838207	238	34	9	0	110	0.316091954023
0.35720236662	0.312865497076	239	34	9	0	110	0.315186246418
0.357775847037	0.312865497076	240	34	9	0	110	0.314285714286
0.359206608479	0.313840155945	241	34	9	0	110	0.31339031339
0.359517411857	0.314814814815	242	34	9	0	110	0.3125
0.361903458447	0.314814814815	243	34	9	0	110	0.311614730878
0.362788021809	0.310916179337	243	35	6	0	114	0.319327731092
0.364529377738	0.309941520468	244	35	6	0	114	0.31843575419
0.36559263171	0.308966861598	245	35	6	0	114	0.317548746518
0.366051854782	0.305068226121	245	36	12	0	118	0.325068870523
0.366211225408	0.305068226121	246	36	12	0	118	0.324175824176
0.366368085803	0.303118908382	246	37	6	0	120	0.327868852459
0.36668500389	0.303118908382	247	37	6	0	120	0.326975476839
0.366723977078	0.303118908382	248	37	6	0	120	0.326086956522
0.367673590887	0.304093567251	249	37	6	0	120	0.325203252033
0.368136689162	0.305068226121	250	37	6	0	120	0.324324324324
0.370521533557	0.305068226121	251	37	6	0	120	0.323450134771
0.370534070007	0.30604288499	252	37	6	0	120	0.322580645161
0.372159635338	0.30701754386	253	37	6	0	120	0.321715817694
0.374085153289	0.307992202729	254	37	6	0	120	0.320855614973
0.374476934076	0.305068226121	254	38	9	0	123	0.32625994695
0.375284034996	0.30604288499	255	38	9	0	123	0.325396825397
0.376081921519	0.30604288499	256	38	9	0	123	0.324538258575
0.376255465009	0.30604288499	257	38	9	0	123	0.323684210526
0.377337802741	0.297270955166	257	39	30	0	132	0.339331619537
0.37864898822	0.298245614035	258	39	30	0	132	0.338461538462
0.378962505981	0.299220272904	259	39	30	0	132	0.337595907928
0.379260749446	0.297270955166	259	40	3	0	134	0.34096692112
0.379390497611	0.298245614035	260	40	3	0	134	0.340101522843
0.380566338028	0.298245614035	261	40	3	0	134	0.339240506329
0.382492283524	0.29044834308	261	41	12	0	142	0.352357320099
0.3840133478	0.291423001949	262	41	12	0	142	0.351485148515
0.385923104033	0.292397660819	263	41	12	0	142	0.350617283951
0.38934360625	0.292397660819	264	41	12	0	142	0.349753694581
0.389647039275	0.291423001949	265	41	12	0	142	0.348894348894
0.389843692486	0.291423001949	266	41	12	0	142	0.348039215686
0.392237939392	0.292397660819	267	41	12	0	142	0.347188264059
0.392819493242	0.293372319688	268	41	12	0	142	0.346341463415
0.393465832894	0.292397660819	269	41	12	0	142	0.345498783455
0.39637279961	0.291423001949	270	41	12	0	142	0.344660194175
0.397144010157	0.291423001949	271	41	12	0	142	0.34382566586
0.399590888135	0.292397660819	272	41	12	0	142	0.342995169082
0.400057171703	0.292397660819	273	41	12	0	142	0.342168674699
0.401750643208	0.292397660819	274	41	12	0	142	0.341346153846
0.403569469646	0.293372319688	275	41	12	0	142	0.340527577938
0.403841059356	0.294346978558	276	41	12	0	142	0.33971291866
0.407271558249	0.295321637427	277	41	12	0	142	0.338902147971
0.407433988457	0.294346978558	278	41	12	0	142	0.338095238095
0.409613166408	0.295321637427	279	41	12	0	142	0.33729216152
0.409678262968	0.294346978558	280	41	12	0	142	0.336492890995
0.412643076097	0.295321637427	281	41	12	0	142	0.335697399527
0.412871636987	0.295321637427	282	41	12	0	142	0.334905660377
0.413388512758	0.295321637427	283	41	12	0	142	0.334117647059
0.414182968241	0.294346978558	284	41	12	0	142	0.333333333333
0.415377924964	0.295321637427	285	41	12	0	142	0.332552693208
0.415782680919	0.294346978558	285	42	3	0	143	0.334112149533
0.415800649633	0.294346978558	286	42	3	0	143	0.333333333333
0.420100435551	0.295321637427	287	42	3	0	143	0.332558139535
0.420406779117	0.296296296296	288	42	3	0	143	0.331786542923
0.420487788075	0.297270955166	289	42	3	0	143	0.331018518519
0.42052417241	0.293372319688	289	43	6	0	147	0.337155963303
0.420866748072	0.293372319688	290	43	6	0	147	0.336384439359
0.421130120906	0.294346978558	291	43	6	0	147	0.335616438356
0.422463023559	0.293372319688	292	43	6	0	147	0.334851936219
0.423036552229	0.294346978558	293	43	6	0	147	0.334090909091
0.423647787358	0.295321637427	294	43	6	0	147	0.333333333333
0.426629707225	0.294346978558	295	43	6	0	147	0.33257918552
0.426812844777	0.295321637427	296	43	6	0	147	0.331828442438
0.427198312708	0.296296296296	297	43	6	0	147	0.331081081081
0.428257488151	0.297270955166	298	43	6	0	147	0.330337078652
0.428736624253	0.296296296296	298	44	3	0	148	0.331838565022
0.42994545291	0.297270955166	299	44	3	0	148	0.331096196868
0.432519036147	0.298245614035	300	44	3	0	148	0.330357142857
0.432536022675	0.299220272904	301	44	3	0	148	0.329621380846
0.433399952208	0.300194931774	302	44	3	0	148	0.328888888889
0.433654995103	0.301169590643	303	44	3	0	148	0.328159645233
0.434757712981	0.302144249513	304	44	3	0	148	0.327433628319
0.436343471499	0.303118908382	305	44	3	0	148	0.326710816777
0.438266395399	0.304093567251	306	44	3	0	148	0.325991189427
0.439494953094	0.304093567251	307	44	3	0	148	0.325274725275
0.441016090517	0.303118908382	308	44	3	0	148	0.324561403509
0.441584646164	0.304093567251	309	44	3	0	148	0.323851203501
0.442506120292	0.305068226121	310	44	3	0	148	0.323144104803
0.442893596172	0.305068226121	311	44	3	0	148	0.322440087146
0.445846340191	0.30604288499	312	44	3	0	148	0.321739130435
0.446417124136	0.30604288499	313	44	3	0	148	0.321041214751
0.446862581309	0.30701754386	314	44	3	0	148	0.320346320346
0.447180754072	0.307992202729	315	44	3	0	148	0.319654427646
0.449279934301	0.308966861598	316	44	3	0	148	0.318965517241
0.451335100843	0.309941520468	317	44	3	0	148	0.318279569892
0.451386057234	0.309941520468	318	44	3	0	148	0.317596566524
0.451729265904	0.310916179337	319	44	3	0	148	0.316916488223
0.45430541828	0.311890838207	320	44	3	0	148	0.316239316239
0.455254312115	0.311890838207	321	44	3	0	148	0.315565031983
0.457332303558	0.312865497076	322	44	3	0	148	0.314893617021
0.457484210319	0.313840155945	323	44	3	0	148	0.314225053079
0.459889817563	0.314814814815	324	44	3	0	148	0.313559322034
0.461325784349	0.313840155945	325	44	3	0	148	0.31289640592
0.462943524998	0.314814814815	326	44	3	0	148	0.31223628692
0.462950120717	0.315789473684	327	44	3	0	148	0.311578947368
0.464028603771	0.316764132554	328	44	3	0	148	0.310924369748
0.464279085008	0.317738791423	329	44	3	0	148	0.310272536688
0.46731158806	0.318713450292	330	44	3	0	148	0.309623430962
0.467650391462	0.318713450292	331	44	3	0	148	0.308977035491
0.469512813233	0.318713450292	332	44	3	0	148	0.308333333333
0.470744080191	0.319688109162	333	44	3	0	148	0.307692307692
0.472551968765	0.320662768031	334	44	3	0	148	0.307053941909
0.472768817166	0.321637426901	335	44	3	0	148	0.306418219462
0.473433011901	0.32261208577	336	44	3	0	148	0.305785123967
0.473717396366	0.321637426901	337	44	3	0	148	0.305154639175
0.475392305737	0.318713450292	337	45	9	0	151	0.309426229508
0.476211464991	0.319688109162	338	45	9	0	151	0.308793456033
0.478272392119	0.320662768031	339	45	9	0	151	0.308163265306
0.482346242308	0.320662768031	340	45	9	0	151	0.307535641548
0.483150166125	0.321637426901	341	45	9	0	151	0.306910569106
0.486121447883	0.32261208577	342	45	9	0	151	0.306288032454
0.488746819626	0.323586744639	343	45	9	0	151	0.305668016194
0.490215286701	0.32261208577	344	45	9	0	151	0.305050505051
0.490494682515	0.323586744639	345	45	9	0	151	0.304435483871
0.490656372993	0.324561403509	346	45	9	0	151	0.303822937626
0.492255513289	0.325536062378	347	45	9	0	151	0.303212851406
0.493489879547	0.326510721248	348	45	9	0	151	0.302605210421
0.493590398547	0.316764132554	348	46	24	0	161	0.316306483301
0.49373584051	0.317738791423	349	46	24	0	161	0.31568627451
0.493837002984	0.318713450292	350	46	24	0	161	0.315068493151
0.495437253385	0.318713450292	351	46	24	0	161	0.314453125
0.49550537769	0.319688109162	352	46	24	0	161	0.313840155945
0.496542997641	0.317738791423	352	47	9	0	163	0.316504854369
0.497693898152	0.316764132554	352	48	9	0	164	0.317829457364
0.498794388731	0.317738791423	353	48	9	0	164	0.317214700193
0.499667871731	0.317738791423	354	48	9	0	164	0.316602316602
0.500978892387	0.317738791423	354	49	3	0	164	0.316602316602
0.502324509518	0.318713450292	355	49	3	0	164	0.315992292871
0.504647018329	0.319688109162	356	49	3	0	164	0.315384615385
0.505017787154	0.317738791423	356	50	3	0	166	0.318007662835
0.505383447805	0.318713450292	357	50	3	0	166	0.317399617591
0.507923879519	0.319688109162	358	50	3	0	166	0.31679389313
0.50902127506	0.320662768031	359	50	3	0	166	0.31619047619
0.5093407568	0.320662768031	360	50	3	0	166	0.315589353612
0.511921906558	0.319688109162	361	50	3	0	166	0.314990512334
0.513025017937	0.319688109162	362	50	3	0	166	0.314393939394
0.514645537152	0.319688109162	362	51	6	0	166	0.314393939394
0.515310417764	0.320662768031	363	51	6	0	166	0.313799621928
0.515437392852	0.317738791423	363	52	6	0	169	0.317669172932
0.51544914371	0.318713450292	364	52	6	0	169	0.317073170732
0.520527066136	0.312865497076	364	53	12	0	175	0.324675324675
0.521257138028	0.313840155945	365	53	12	0	175	0.324074074074
0.525554547863	0.314814814815	366	53	12	0	175	0.323475046211
0.525740127465	0.313840155945	367	53	12	0	175	0.322878228782
0.525986846358	0.314814814815	368	53	12	0	175	0.322283609576
0.526332576785	0.313840155945	369	53	12	0	175	0.321691176471
0.527254027092	0.314814814815	370	53	12	0	175	0.321100917431
0.527395912659	0.314814814815	371	53	12	0	175	0.320512820513
0.527881583437	0.313840155945	372	53	12	0	175	0.319926873857
0.527981150419	0.314814814815	373	53	12	0	175	0.319343065693
0.527991964996	0.315789473684	374	53	12	0	175	0.318761384335
0.529438537311	0.316764132554	375	53	12	0	175	0.318181818182
0.529689271058	0.313840155945	375	54	18	0	178	0.321880650995
0.530735714434	0.314814814815	376	54	18	0	178	0.321299638989
0.530962454112	0.313840155945	376	55	3	0	179	0.322522522523
0.532241390504	0.314814814815	377	55	3	0	179	0.321942446043
0.532577756134	0.313840155945	378	55	3	0	179	0.321364452424
0.536476121159	0.314814814815	379	55	3	0	179	0.320788530466
0.536543248142	0.315789473684	380	55	3	0	179	0.320214669052
0.537150260007	0.316764132554	381	55	3	0	179	0.319642857143
0.537648003313	0.317738791423	382	55	3	0	179	0.319073083779
0.537868164576	0.318713450292	383	55	3	0	179	0.318505338078
0.538450792734	0.319688109162	384	55	3	0	179	0.317939609236
0.538457942187	0.319688109162	385	55	3	0	179	0.317375886525
0.540271933239	0.318713450292	385	56	12	0	180	0.318584070796
0.541888538082	0.317738791423	385	57	3	0	181	0.319787985866
0.542015218051	0.318713450292	386	57	3	0	181	0.319223985891
0.543106087386	0.319688109162	387	57	3	0	181	0.318661971831
0.546655648798	0.316764132554	387	58	9	0	184	0.322241681261
0.550255653304	0.317738791423	388	58	9	0	184	0.321678321678
0.551124579324	0.318713450292	389	58	9	0	184	0.321116928447
0.551446284252	0.319688109162	390	58	9	0	184	0.320557491289
0.552385605878	0.319688109162	390	59	3	0	184	0.320557491289
0.552708148488	0.320662768031	391	59	3	0	184	0.32
0.552771836129	0.321637426901	392	59	3	0	184	0.319444444444
0.554041169302	0.315789473684	392	60	9	0	190	0.3264604811
0.554228313897	0.314814814815	393	60	9	0	190	0.32590051458
0.555740138297	0.315789473684	394	60	9	0	190	0.325342465753
0.556790469907	0.315789473684	395	60	9	0	190	0.324786324786
0.557818146644	0.314814814815	396	60	9	0	190	0.324232081911
0.558012659821	0.315789473684	397	60	9	0	190	0.323679727428
0.560850472128	0.314814814815	398	60	9	0	190	0.323129251701
0.561760139109	0.315789473684	399	60	9	0	190	0.322580645161
0.562440525084	0.314814814815	399	61	3	0	191	0.323728813559
0.562482424121	0.315789473684	400	61	3	0	191	0.323181049069
0.563110589161	0.316764132554	401	61	3	0	191	0.322635135135
0.566543916923	0.317738791423	402	61	3	0	191	0.322091062395
0.566817463996	0.316764132554	403	61	3	0	191	0.321548821549
0.568220741758	0.316764132554	404	61	3	0	191	0.321008403361
0.569108488503	0.317738791423	405	61	3	0	191	0.320469798658
0.569330176137	0.318713450292	406	61	3	0	191	0.319932998325
0.570856728985	0.319688109162	407	61	3	0	191	0.319397993311
0.574692600908	0.320662768031	408	61	3	0	191	0.318864774624
0.574999958014	0.318713450292	408	62	12	0	193	0.321131447587
0.576645923617	0.307992202729	408	63	18	0	204	0.333333333333
0.576775935078	0.308966861598	409	63	18	0	204	0.332789559543
0.577537930983	0.309941520468	410	63	18	0	204	0.332247557003
0.5782549871	0.309941520468	411	63	18	0	204	0.331707317073
0.578311713031	0.310916179337	412	63	18	0	204	0.331168831169
0.581390814195	0.311890838207	413	63	18	0	204	0.330632090762
0.584519128247	0.312865497076	414	63	18	0	204	0.330097087379
0.589873816273	0.313840155945	415	63	18	0	204	0.329563812601
0.595214948453	0.312865497076	416	63	18	0	204	0.329032258065
0.595258184182	0.313840155945	417	63	18	0	204	0.328502415459
0.600160426708	0.314814814815	418	63	18	0	204	0.327974276527
0.60114293013	0.315789473684	419	63	18	0	204	0.327447833066
0.601180057005	0.314814814815	420	63	18	0	204	0.326923076923
0.601479198648	0.308966861598	420	64	9	0	210	0.333333333333
0.601607986002	0.309941520468	421	64	9	0	210	0.332805071315
0.602852038967	0.309941520468	422	64	9	0	210	0.332278481013
0.604017522784	0.310916179337	423	64	9	0	210	0.331753554502
0.604594464921	0.309941520468	424	64	9	0	210	0.331230283912
0.606172168851	0.310916179337	425	64	9	0	210	0.330708661417
0.610174796267	0.309941520468	425	65	3	0	211	0.331761006289
0.610387019608	0.309941520468	426	65	3	0	211	0.331240188383
0.610843666532	0.310916179337	427	65	3	0	211	0.330721003135
0.612557575418	0.311890838207	428	65	3	0	211	0.330203442879
0.615323363088	0.308966861598	428	66	6	0	214	0.333333333333
0.619813836043	0.309941520468	429	66	6	0	214	0.332814930016
0.620740865632	0.310916179337	430	66	6	0	214	0.332298136646
0.62124829603	0.309941520468	431	66	6	0	214	0.331782945736
0.622931843072	0.310916179337	432	66	6	0	214	0.331269349845
0.624090751104	0.311890838207	433	66	6	0	214	0.330757341577
0.625417867688	0.312865497076	434	66	6	0	214	0.33024691358
0.626717531421	0.313840155945	435	66	6	0	214	0.329738058552
0.627340367713	0.314814814815	436	66	6	0	214	0.329230769231
0.627757824847	0.315789473684	437	66	6	0	214	0.328725038402
0.629079921246	0.316764132554	438	66	6	0	214	0.328220858896
0.631783588032	0.315789473684	439	66	6	0	214	0.327718223583
0.632455870995	0.316764132554	440	66	6	0	214	0.327217125382
0.633037623566	0.317738791423	441	66	6	0	214	0.326717557252
0.634647854555	0.315789473684	441	67	3	0	216	0.328767123288
0.634811555874	0.316764132554	442	67	3	0	216	0.328267477204
0.636685063613	0.317738791423	443	67	3	0	216	0.327769347496
0.637244826445	0.317738791423	444	67	3	0	216	0.327272727273
0.638216191302	0.316764132554	445	67	3	0	216	0.326777609682
0.638387649991	0.317738791423	446	67	3	0	216	0.326283987915
0.63846884283	0.317738791423	447	67	3	0	216	0.325791855204
0.638500573471	0.318713450292	448	67	3	0	216	0.325301204819
0.639652754411	0.319688109162	449	67	3	0	216	0.324812030075
0.649098860892	0.319688109162	450	67	3	0	216	0.324324324324
0.650675357665	0.320662768031	451	67	3	0	216	0.32383808096
0.655977884846	0.319688109162	452	67	3	0	216	0.323353293413
0.656339358356	0.320662768031	453	67	3	0	216	0.322869955157
0.657774113321	0.319688109162	454	67	3	0	216	0.322388059701
0.658156087503	0.320662768031	455	67	3	0	216	0.321907600596
0.658901120111	0.321637426901	456	67	3	0	216	0.321428571429
0.66233377071	0.32261208577	457	67	3	0	216	0.320950965825
0.665378834376	0.323586744639	458	67	3	0	216	0.320474777448
0.665830851046	0.324561403509	459	67	3	0	216	0.32
0.665944683137	0.325536062378	460	67	3	0	216	0.319526627219
0.667222589305	0.325536062378	460	68	3	0	216	0.319526627219
0.667456899466	0.326510721248	461	68	3	0	216	0.31905465288
0.670655240641	0.327485380117	462	68	3	0	216	0.318584070796
0.670663482243	0.326510721248	463	68	3	0	216	0.318114874816
0.671595701501	0.327485380117	464	68	3	0	216	0.317647058824
0.673463501822	0.327485380117	465	68	3	0	216	0.31718061674
0.674020449529	0.326510721248	466	68	3	0	216	0.316715542522
0.67461526428	0.325536062378	466	69	6	0	217	0.317715959004
0.674636786385	0.325536062378	466	70	3	0	217	0.317715959004
0.6765240343	0.326510721248	467	70	3	0	217	0.317251461988
0.67677185824	0.326510721248	468	70	3	0	217	0.316788321168
0.677493211813	0.326510721248	469	70	3	0	217	0.316326530612
0.679142174559	0.327485380117	470	70	3	0	217	0.315866084425
0.681158377192	0.328460038986	471	70	3	0	217	0.315406976744
0.681208760659	0.329434697856	472	70	3	0	217	0.314949201742
0.683021559738	0.330409356725	473	70	3	0	217	0.314492753623
0.683228211247	0.323586744639	473	71	9	0	224	0.32137733142
0.68454444971	0.324561403509	474	71	9	0	224	0.320916905444
0.685156320518	0.32261208577	474	72	9	0	226	0.322857142857
0.685873744696	0.32261208577	475	72	9	0	226	0.32239657632
0.686841583215	0.323586744639	476	72	9	0	226	0.321937321937
0.68807555155	0.32261208577	477	72	9	0	226	0.321479374111
0.68886541418	0.323586744639	478	72	9	0	226	0.321022727273
0.69021578797	0.324561403509	479	72	9	0	226	0.320567375887
0.693515560255	0.324561403509	479	73	6	0	226	0.320567375887
0.693589072984	0.314814814815	479	74	30	0	236	0.33006993007
0.694516711778	0.314814814815	480	74	30	0	236	0.329608938547
0.695353985044	0.315789473684	481	74	30	0	236	0.329149232915
0.695378829175	0.315789473684	482	74	30	0	236	0.328690807799
0.696778385013	0.316764132554	483	74	30	0	236	0.328233657858
0.697677222095	0.317738791423	484	74	30	0	236	0.327777777778
0.699716430049	0.318713450292	485	74	30	0	236	0.327323162275
0.704633573549	0.317738791423	485	75	3	0	237	0.328254847645
0.705312615971	0.318713450292	486	75	3	0	237	0.327800829876
0.705969718642	0.318713450292	487	75	3	0	237	0.327348066298
0.706599955107	0.319688109162	488	75	3	0	237	0.326896551724
0.709584092694	0.319688109162	489	75	3	0	237	0.326446280992
