# time 	 divergence 	 # of mutations 	 # IGC chances 	 IGC length 	 # IGC failures 	 Changes due to IGC  	 % change due to IGC 
0.0	0.352688172043	0	0	0	0	0	0.0
0.000342374210094	0.35376344086	1	0	0	0	0	0.0
0.00225396165817	0.35376344086	2	0	0	0	0	0.0
0.00304306112272	0.354838709677	3	0	0	0	0	0.0
0.00322660038024	0.355913978495	4	0	0	0	0	0.0
0.00724443605693	0.354838709677	5	0	0	0	0	0.0
0.012000341053	0.354838709677	6	0	0	0	0	0.0
0.0122698985019	0.355913978495	7	0	0	0	0	0.0
0.0135269451031	0.356989247312	8	0	0	0	0	0.0
0.0141228343959	0.358064516129	9	0	0	0	0	0.0
0.0176412099061	0.358064516129	10	0	0	0	0	0.0
0.0179209561995	0.356989247312	11	0	0	0	0	0.0
0.0179803655622	0.358064516129	12	0	0	0	0	0.0
0.0213605755172	0.359139784946	13	0	0	0	0	0.0
0.0218092655911	0.360215053763	14	0	0	0	0	0.0
0.0237723557601	0.361290322581	15	0	0	0	0	0.0
0.0238823109037	0.360215053763	16	0	0	0	0	0.0
0.0239964388375	0.359139784946	17	0	0	0	0	0.0
0.0250341044228	0.360215053763	18	0	0	0	0	0.0
0.0265664398103	0.361290322581	19	0	0	0	0	0.0
0.0282822155126	0.362365591398	20	0	0	0	0	0.0
0.0301649943962	0.362365591398	21	0	0	0	0	0.0
0.0309753721558	0.361290322581	22	0	0	0	0	0.0
0.0391438485496	0.362365591398	23	0	0	0	0	0.0
0.0400708234387	0.361290322581	24	0	0	0	0	0.0
0.0406131259148	0.360215053763	25	0	0	0	0	0.0
0.0427139314714	0.361290322581	26	0	0	0	0	0.0
0.0439616544183	0.361290322581	27	0	0	0	0	0.0
0.045912727464	0.361290322581	28	0	0	0	0	0.0
0.0460388303292	0.360215053763	29	0	0	0	0	0.0
0.0464407504305	0.361290322581	30	0	0	0	0	0.0
0.0465169432146	0.362365591398	31	0	0	0	0	0.0
0.0479784524158	0.362365591398	32	0	0	0	0	0.0
0.0487382672281	0.363440860215	33	0	0	0	0	0.0
0.0493290529447	0.363440860215	34	0	0	0	0	0.0
0.0495508826737	0.364516129032	35	0	0	0	0	0.0
0.0501448155342	0.363440860215	36	0	0	0	0	0.0
0.050752430225	0.364516129032	37	0	0	0	0	0.0
0.0516576834115	0.365591397849	38	0	0	0	0	0.0
0.0516872726975	0.365591397849	39	0	0	0	0	0.0
0.0537132384589	0.365591397849	40	0	0	0	0	0.0
0.05850809499	0.364516129032	41	0	0	0	0	0.0
0.0604146260774	0.365591397849	42	0	0	0	0	0.0
0.061030219535	0.364516129032	43	0	0	0	0	0.0
0.0615458958454	0.363440860215	44	0	0	0	0	0.0
0.0634722044877	0.364516129032	45	0	0	0	0	0.0
0.0647238156551	0.365591397849	46	0	0	0	0	0.0
0.0658919549208	0.365591397849	47	0	0	0	0	0.0
0.0675260041734	0.364516129032	48	0	0	0	0	0.0
0.0679274116972	0.363440860215	49	0	0	0	0	0.0
0.068661429169	0.364516129032	50	0	0	0	0	0.0
0.0696263128894	0.365591397849	51	0	0	0	0	0.0
0.0697789458293	0.366666666667	52	0	0	0	0	0.0
0.0746634114929	0.366666666667	53	0	0	0	0	0.0
0.0751836522266	0.365591397849	54	0	0	0	0	0.0
0.0764894772115	0.366666666667	55	0	0	0	0	0.0
0.0770554110347	0.367741935484	56	0	0	0	0	0.0
0.0773522132762	0.367741935484	57	0	0	0	0	0.0
0.0780989013614	0.366666666667	58	0	0	0	0	0.0
0.079928541578	0.367741935484	59	0	0	0	0	0.0
0.0809093952672	0.368817204301	60	0	0	0	0	0.0
0.0812860991842	0.369892473118	61	0	0	0	0	0.0
0.0836542690665	0.370967741935	62	0	0	0	0	0.0
0.085501660191	0.372043010753	63	0	0	0	0	0.0
0.0858976257476	0.37311827957	64	0	0	0	0	0.0
0.0858980212938	0.37311827957	65	0	0	0	0	0.0
0.0913861611709	0.374193548387	66	0	0	0	0	0.0
0.095302871852	0.375268817204	67	0	0	0	0	0.0
0.0957658679948	0.375268817204	68	0	0	0	0	0.0
0.0966002552377	0.376344086022	69	0	0	0	0	0.0
0.0992216861871	0.376344086022	70	0	0	0	0	0.0
0.105999342571	0.375268817204	71	0	0	0	0	0.0
0.109314739652	0.376344086022	72	0	0	0	0	0.0
0.111136244906	0.376344086022	73	0	0	0	0	0.0
0.111327038717	0.377419354839	74	0	0	0	0	0.0
0.111418328437	0.377419354839	75	0	0	0	0	0.0
0.113243055522	0.378494623656	76	0	0	0	0	0.0
0.113968733979	0.379569892473	77	0	0	0	0	0.0
0.118986886041	0.38064516129	78	0	0	0	0	0.0
0.119499085111	0.381720430108	79	0	0	0	0	0.0
0.120405817788	0.38064516129	80	0	0	0	0	0.0
0.123189945272	0.38064516129	81	0	0	0	0	0.0
0.124974466059	0.379569892473	82	0	0	0	0	0.0
0.125637819071	0.378494623656	83	0	0	0	0	0.0
0.128076198485	0.377419354839	84	0	0	0	0	0.0
0.131035774818	0.378494623656	85	0	0	0	0	0.0
0.131108765329	0.379569892473	86	0	0	0	0	0.0
0.131676044326	0.38064516129	87	0	0	0	0	0.0
0.13220815632	0.381720430108	88	0	0	0	0	0.0
0.132949743774	0.382795698925	89	0	0	0	0	0.0
0.133791380778	0.383870967742	90	0	0	0	0	0.0
0.139528166023	0.384946236559	91	0	0	0	0	0.0
0.148212237149	0.386021505376	92	0	0	0	0	0.0
0.14957610161	0.387096774194	93	0	0	0	0	0.0
0.150104124944	0.386021505376	94	0	0	0	0	0.0
0.150267544602	0.387096774194	95	0	0	0	0	0.0
0.152396348114	0.387096774194	96	0	0	0	0	0.0
0.154885167776	0.388172043011	97	0	0	0	0	0.0
0.156648587543	0.388172043011	98	0	0	0	0	0.0
0.156758765808	0.387096774194	99	0	0	0	0	0.0
0.157564341084	0.387096774194	100	0	0	0	0	0.0
0.159035353795	0.386021505376	101	0	0	0	0	0.0
0.15907014105	0.386021505376	102	0	0	0	0	0.0
0.163067366454	0.386021505376	103	0	0	0	0	0.0
0.165530676374	0.387096774194	104	0	0	0	0	0.0
0.17212516887	0.386021505376	105	0	0	0	0	0.0
0.17540956899	0.387096774194	106	0	0	0	0	0.0
0.177284053239	0.388172043011	107	0	0	0	0	0.0
0.177904398395	0.388172043011	108	0	0	0	0	0.0
0.178713106991	0.389247311828	109	0	0	0	0	0.0
0.180820726928	0.390322580645	110	0	0	0	0	0.0
0.182727489198	0.391397849462	111	0	0	0	0	0.0
0.184668569936	0.39247311828	112	0	0	0	0	0.0
0.184763059917	0.393548387097	113	0	0	0	0	0.0
0.185238631781	0.393548387097	114	0	0	0	0	0.0
0.196482421382	0.39247311828	115	0	0	0	0	0.0
0.196507431013	0.39247311828	116	0	0	0	0	0.0
0.196805712925	0.393548387097	117	0	0	0	0	0.0
0.197223249744	0.393548387097	118	0	0	0	0	0.0
0.199408381333	0.393548387097	119	0	0	0	0	0.0
0.199554064129	0.394623655914	120	0	0	0	0	0.0
0.199872935896	0.393548387097	121	0	0	0	0	0.0
0.200035994171	0.394623655914	122	0	0	0	0	0.0
0.201523987431	0.394623655914	123	0	0	0	0	0.0
0.201567520192	0.394623655914	124	0	0	0	0	0.0
0.202028268118	0.395698924731	125	0	0	0	0	0.0
0.203638104228	0.396774193548	126	0	0	0	0	0.0
0.204788602682	0.397849462366	127	0	0	0	0	0.0
0.20597517776	0.396774193548	128	0	0	0	0	0.0
0.208293089607	0.397849462366	129	0	0	0	0	0.0
0.208908480848	0.398924731183	130	0	0	0	0	0.0
0.210080929589	0.4	131	0	0	0	0	0.0
0.210204870727	0.401075268817	132	0	0	0	0	0.0
0.211945500269	0.402150537634	133	0	0	0	0	0.0
0.212688824934	0.403225806452	134	0	0	0	0	0.0
0.214255679318	0.403225806452	135	0	0	0	0	0.0
0.215005563114	0.402150537634	136	0	0	0	0	0.0
0.219475754534	0.402150537634	137	0	0	0	0	0.0
0.221181466801	0.402150537634	138	0	0	0	0	0.0
0.222261808174	0.403225806452	139	0	0	0	0	0.0
0.222758630824	0.403225806452	140	0	0	0	0	0.0
0.224969448531	0.403225806452	141	0	0	0	0	0.0
0.226060764393	0.404301075269	142	0	0	0	0	0.0
0.226439529015	0.405376344086	143	0	0	0	0	0.0
0.230119553088	0.406451612903	144	0	0	0	0	0.0
0.232539435225	0.40752688172	145	0	0	0	0	0.0
0.233288332464	0.408602150538	146	0	0	0	0	0.0
0.235780178599	0.40752688172	147	0	0	0	0	0.0
0.235862227956	0.40752688172	148	0	0	0	0	0.0
0.241303697247	0.406451612903	149	0	0	0	0	0.0
0.243031718936	0.40752688172	150	0	0	0	0	0.0
0.24580419178	0.408602150538	151	0	0	0	0	0.0
0.245970785824	0.40752688172	152	0	0	0	0	0.0
0.248926911263	0.406451612903	153	0	0	0	0	0.0
0.25021140905	0.405376344086	154	0	0	0	0	0.0
0.251359290932	0.405376344086	155	0	0	0	0	0.0
0.253486861172	0.405376344086	156	0	0	0	0	0.0
0.254409515138	0.406451612903	157	0	0	0	0	0.0
0.256402641626	0.40752688172	158	0	0	0	0	0.0
0.258884303614	0.408602150538	159	0	0	0	0	0.0
0.260650197825	0.409677419355	160	0	0	0	0	0.0
0.270713403801	0.410752688172	161	0	0	0	0	0.0
0.276995949165	0.411827956989	162	0	0	0	0	0.0
0.280040395552	0.412903225806	163	0	0	0	0	0.0
0.281309456679	0.412903225806	164	0	0	0	0	0.0
0.28276471495	0.413978494624	165	0	0	0	0	0.0
0.283121693289	0.415053763441	166	0	0	0	0	0.0
0.284318878973	0.415053763441	167	0	0	0	0	0.0
0.291496189163	0.416129032258	168	0	0	0	0	0.0
0.292697424387	0.416129032258	169	0	0	0	0	0.0
0.293144664095	0.417204301075	170	0	0	0	0	0.0
0.293242767328	0.418279569892	171	0	0	0	0	0.0
0.297233301599	0.418279569892	172	0	0	0	0	0.0
0.297295614469	0.417204301075	173	0	0	0	0	0.0
0.297519677061	0.418279569892	174	0	0	0	0	0.0
0.298225758321	0.417204301075	175	0	0	0	0	0.0
0.298447708558	0.418279569892	176	0	0	0	0	0.0
0.299267818975	0.41935483871	177	0	0	0	0	0.0
0.300205695232	0.41935483871	178	0	0	0	0	0.0
0.302341852654	0.41935483871	179	0	0	0	0	0.0
0.302989887931	0.418279569892	180	0	0	0	0	0.0
0.3056859003	0.41935483871	181	0	0	0	0	0.0
0.30616014514	0.420430107527	182	0	0	0	0	0.0
0.3076684495	0.420430107527	183	0	0	0	0	0.0
0.310395132268	0.41935483871	184	0	0	0	0	0.0
0.311552529008	0.420430107527	185	0	0	0	0	0.0
0.311619927142	0.420430107527	186	0	0	0	0	0.0
0.314209478873	0.421505376344	187	0	0	0	0	0.0
0.315191575776	0.422580645161	188	0	0	0	0	0.0
0.319207349265	0.421505376344	189	0	0	0	0	0.0
0.321815478567	0.420430107527	190	0	0	0	0	0.0
0.324708396271	0.421505376344	191	0	0	0	0	0.0
0.326455517737	0.420430107527	192	0	0	0	0	0.0
0.326762594411	0.420430107527	193	0	0	0	0	0.0
0.32682043505	0.421505376344	194	0	0	0	0	0.0
0.327856035554	0.422580645161	195	0	0	0	0	0.0
0.328221655431	0.421505376344	196	0	0	0	0	0.0
0.335915185721	0.421505376344	197	0	0	0	0	0.0
0.336142349512	0.422580645161	198	0	0	0	0	0.0
0.336355292678	0.421505376344	199	0	0	0	0	0.0
0.336561772021	0.421505376344	200	0	0	0	0	0.0
0.337795428852	0.421505376344	201	0	0	0	0	0.0
0.338501000304	0.422580645161	202	0	0	0	0	0.0
0.343047121709	0.423655913978	203	0	0	0	0	0.0
0.34570045604	0.390322580645	203	1	60	0	31	0.132478632479
0.345804274896	0.390322580645	204	1	60	0	31	0.131914893617
0.348129888166	0.391397849462	205	1	60	0	31	0.131355932203
0.354963163864	0.39247311828	206	1	60	0	31	0.130801687764
0.355358187611	0.391397849462	207	1	60	0	31	0.13025210084
0.356035590679	0.39247311828	208	1	60	0	31	0.129707112971
0.359047410254	0.393548387097	209	1	60	0	31	0.129166666667
0.360201084067	0.394623655914	210	1	60	0	31	0.128630705394
0.362854865134	0.394623655914	211	1	60	0	31	0.128099173554
0.365898075047	0.395698924731	212	1	60	0	31	0.127572016461
0.365973035772	0.396774193548	213	1	60	0	31	0.127049180328
0.36912005898	0.397849462366	214	1	60	0	31	0.126530612245
0.36952080502	0.398924731183	215	1	60	0	31	0.126016260163
0.370126387678	0.398924731183	216	1	60	0	31	0.125506072874
0.370371692412	0.397849462366	217	1	60	0	31	0.125
0.371669635704	0.396774193548	218	1	60	0	31	0.124497991968
0.372558021643	0.397849462366	219	1	60	0	31	0.124
0.372815976352	0.398924731183	220	1	60	0	31	0.123505976096
0.373418518831	0.397849462366	221	1	60	0	31	0.123015873016
0.373566959617	0.398924731183	222	1	60	0	31	0.122529644269
0.374074384616	0.4	223	1	60	0	31	0.122047244094
0.375653929828	0.4	224	1	60	0	31	0.121568627451
0.376869883821	0.401075268817	225	1	60	0	31	0.12109375
0.38034676424	0.402150537634	226	1	60	0	31	0.120622568093
0.381996074986	0.402150537634	227	1	60	0	31	0.12015503876
0.385454727208	0.403225806452	228	1	60	0	31	0.119691119691
0.386553009163	0.403225806452	229	1	60	0	31	0.119230769231
0.387429097903	0.404301075269	230	1	60	0	31	0.11877394636
0.394919341634	0.405376344086	231	1	60	0	31	0.118320610687
0.395624034731	0.405376344086	232	1	60	0	31	0.117870722433
0.396016650749	0.404301075269	233	1	60	0	31	0.117424242424
0.396437074433	0.405376344086	234	1	60	0	31	0.116981132075
0.397455880416	0.405376344086	235	1	60	0	31	0.116541353383
0.39805462934	0.405376344086	236	1	60	0	31	0.116104868914
0.398520207124	0.405376344086	237	1	60	0	31	0.115671641791
0.398834443961	0.404301075269	238	1	60	0	31	0.115241635688
0.403524826986	0.405376344086	239	1	60	0	31	0.114814814815
0.403974994987	0.405376344086	240	1	60	0	31	0.114391143911
0.404550491298	0.405376344086	241	1	60	0	31	0.113970588235
0.405908198907	0.404301075269	242	1	60	0	31	0.113553113553
0.406944396794	0.405376344086	243	1	60	0	31	0.113138686131
0.409146855642	0.405376344086	244	1	60	0	31	0.112727272727
0.409548781441	0.404301075269	245	1	60	0	31	0.11231884058
0.410395379885	0.404301075269	246	1	60	0	31	0.111913357401
0.41233486309	0.404301075269	247	1	60	0	31	0.111510791367
0.414745688323	0.404301075269	248	1	60	0	31	0.111111111111
0.415373924112	0.404301075269	249	1	60	0	31	0.110714285714
0.41883730606	0.404301075269	250	1	60	0	31	0.110320284698
0.419666088994	0.405376344086	251	1	60	0	31	0.109929078014
0.421311660945	0.406451612903	252	1	60	0	31	0.109540636042
0.424535384117	0.406451612903	253	1	60	0	31	0.109154929577
0.425352959408	0.40752688172	254	1	60	0	31	0.108771929825
0.425403737693	0.40752688172	255	1	60	0	31	0.108391608392
0.425877377631	0.408602150538	256	1	60	0	31	0.108013937282
0.42610970782	0.409677419355	257	1	60	0	31	0.107638888889
0.426434605865	0.409677419355	258	1	60	0	31	0.107266435986
0.428554976219	0.409677419355	259	1	60	0	31	0.106896551724
0.430917338016	0.410752688172	260	1	60	0	31	0.106529209622
0.435984120052	0.411827956989	261	1	60	0	31	0.106164383562
0.439717070921	0.412903225806	262	1	60	0	31	0.105802047782
0.440199232242	0.413978494624	263	1	60	0	31	0.105442176871
0.441262933088	0.413978494624	264	1	60	0	31	0.105084745763
0.44497435618	0.412903225806	265	1	60	0	31	0.10472972973
0.445925367001	0.413978494624	266	1	60	0	31	0.104377104377
0.452371482972	0.415053763441	267	1	60	0	31	0.104026845638
0.452420709058	0.413978494624	268	1	60	0	31	0.103678929766
0.453086240964	0.413978494624	269	1	60	0	31	0.103333333333
0.453438604713	0.412903225806	270	1	60	0	31	0.102990033223
0.454833934338	0.413978494624	271	1	60	0	31	0.102649006623
0.455175349052	0.415053763441	272	1	60	0	31	0.102310231023
0.459246026443	0.415053763441	273	1	60	0	31	0.101973684211
0.462900560883	0.416129032258	274	1	60	0	31	0.101639344262
0.465432987197	0.417204301075	275	1	60	0	31	0.101307189542
0.467304057872	0.418279569892	276	1	60	0	31	0.100977198697
0.468700657136	0.41935483871	277	1	60	0	31	0.100649350649
0.469238171194	0.420430107527	278	1	60	0	31	0.100323624595
0.474888110359	0.211827956989	278	2	450	0	225	0.44731610338
0.474942216188	0.211827956989	279	2	450	0	225	0.446428571429
0.475690974705	0.212903225806	280	2	450	0	225	0.445544554455
0.47917529737	0.213978494624	281	2	450	0	225	0.444664031621
0.480988054219	0.215053763441	282	2	450	0	225	0.443786982249
0.482656455308	0.213978494624	283	2	450	0	225	0.442913385827
0.482999565575	0.215053763441	284	2	450	0	225	0.442043222004
0.483309904477	0.216129032258	285	2	450	0	225	0.441176470588
0.484743196457	0.217204301075	286	2	450	0	225	0.440313111546
0.486301135995	0.218279569892	287	2	450	0	225	0.439453125
0.48979346271	0.21935483871	288	2	450	0	225	0.438596491228
0.489916165901	0.220430107527	289	2	450	0	225	0.437743190661
0.49201527948	0.221505376344	290	2	450	0	225	0.436893203883
0.494076325549	0.222580645161	291	2	450	0	225	0.436046511628
0.497364537361	0.223655913978	292	2	450	0	225	0.435203094778
0.497569382419	0.224731182796	293	2	450	0	225	0.434362934363
0.497969239509	0.223655913978	294	2	450	0	225	0.433526011561
0.499039633274	0.224731182796	295	2	450	0	225	0.432692307692
0.501084979904	0.225806451613	296	2	450	0	225	0.431861804223
0.502916566319	0.22688172043	297	2	450	0	225	0.431034482759
0.504434544189	0.227956989247	298	2	450	0	225	0.430210325048
0.505080945856	0.227956989247	299	2	450	0	225	0.429389312977
0.506841926847	0.229032258065	300	2	450	0	225	0.428571428571
0.507772465697	0.230107526882	301	2	450	0	225	0.427756653992
0.508117533694	0.231182795699	302	2	450	0	225	0.426944971537
0.508441526286	0.232258064516	303	2	450	0	225	0.426136363636
0.509210208224	0.232258064516	304	2	450	0	225	0.425330812854
0.509388492113	0.233333333333	305	2	450	0	225	0.424528301887
0.509795936911	0.234408602151	306	2	450	0	225	0.423728813559
0.509943412043	0.235483870968	307	2	450	0	225	0.422932330827
0.51083416658	0.236559139785	308	2	450	0	225	0.422138836773
0.511127703414	0.237634408602	309	2	450	0	225	0.421348314607
0.51271430168	0.237634408602	310	2	450	0	225	0.420560747664
0.515397060938	0.238709677419	311	2	450	0	225	0.419776119403
0.515869288617	0.239784946237	312	2	450	0	225	0.418994413408
0.517926874691	0.240860215054	313	2	450	0	225	0.418215613383
0.518261250925	0.241935483871	314	2	450	0	225	0.417439703154
0.519690387433	0.243010752688	315	2	450	0	225	0.416666666667
0.521062218002	0.229032258065	315	3	345	0	238	0.430379746835
0.521508071817	0.230107526882	316	3	345	0	238	0.429602888087
0.525235942646	0.231182795699	317	3	345	0	238	0.428828828829
0.525895928663	0.232258064516	318	3	345	0	238	0.428057553957
0.530152917749	0.233333333333	319	3	345	0	238	0.427289048474
0.532743589607	0.232258064516	320	3	345	0	238	0.426523297491
0.533105863154	0.233333333333	321	3	345	0	238	0.425760286225
0.534059661888	0.234408602151	322	3	345	0	238	0.425
0.535234376994	0.235483870968	323	3	345	0	238	0.424242424242
0.53584853397	0.234408602151	324	3	345	0	238	0.423487544484
0.536139557905	0.235483870968	325	3	345	0	238	0.422735346359
0.538001011789	0.236559139785	326	3	345	0	238	0.421985815603
0.538243051764	0.237634408602	327	3	345	0	238	0.421238938053
0.543611451761	0.238709677419	328	3	345	0	238	0.420494699647
0.54401428778	0.238709677419	329	3	345	0	238	0.41975308642
0.546193732984	0.239784946237	330	3	345	0	238	0.419014084507
0.546504037574	0.239784946237	331	3	345	0	238	0.418277680141
0.548874589176	0.239784946237	332	3	345	0	238	0.417543859649
0.549105042449	0.239784946237	333	3	345	0	238	0.416812609457
0.549967553754	0.240860215054	334	3	345	0	238	0.416083916084
0.550317311019	0.241935483871	335	3	345	0	238	0.415357766143
0.552182417984	0.241935483871	336	3	345	0	238	0.414634146341
0.55326419886	0.243010752688	337	3	345	0	238	0.413913043478
0.554098253489	0.244086021505	338	3	345	0	238	0.413194444444
0.55676552422	0.245161290323	339	3	345	0	238	0.412478336222
0.556926373127	0.24623655914	340	3	345	0	238	0.411764705882
0.559279301157	0.245161290323	341	3	345	0	238	0.411053540587
0.562743232827	0.24623655914	342	3	345	0	238	0.410344827586
0.56293232311	0.247311827957	343	3	345	0	238	0.409638554217
0.564950023653	0.248387096774	344	3	345	0	238	0.408934707904
0.567931329643	0.249462365591	345	3	345	0	238	0.408233276158
0.568630829196	0.250537634409	346	3	345	0	238	0.407534246575
0.569067126007	0.251612903226	347	3	345	0	238	0.406837606838
0.571581863062	0.252688172043	348	3	345	0	238	0.40614334471
0.5762762466	0.25376344086	349	3	345	0	238	0.405451448041
0.580303868374	0.252688172043	350	3	345	0	238	0.404761904762
0.580475104073	0.252688172043	351	3	345	0	238	0.404074702886
0.581686465125	0.25376344086	352	3	345	0	238	0.403389830508
0.582788307077	0.254838709677	353	3	345	0	238	0.402707275804
0.583000151486	0.25376344086	354	3	345	0	238	0.402027027027
0.584103905227	0.254838709677	355	3	345	0	238	0.401349072513
0.585338964125	0.255913978495	356	3	345	0	238	0.400673400673
0.586313716362	0.256989247312	357	3	345	0	238	0.4
0.586968368142	0.256989247312	358	3	345	0	238	0.39932885906
0.587443738777	0.256989247312	359	3	345	0	238	0.398659966499
0.588239886568	0.258064516129	360	3	345	0	238	0.397993311037
0.590707266897	0.258064516129	361	3	345	0	238	0.397328881469
0.591844976429	0.258064516129	362	3	345	0	238	0.396666666667
0.592886204164	0.259139784946	363	3	345	0	238	0.396006655574
0.595261151189	0.260215053763	364	3	345	0	238	0.395348837209
0.5970688936	0.260215053763	365	3	345	0	238	0.394693200663
0.600549849603	0.259139784946	366	3	345	0	238	0.394039735099
0.603123941538	0.260215053763	367	3	345	0	238	0.393388429752
0.606832095088	0.261290322581	368	3	345	0	238	0.392739273927
0.6076699528	0.262365591398	369	3	345	0	238	0.392092257002
0.609814436014	0.263440860215	370	3	345	0	238	0.391447368421
0.610004826528	0.264516129032	371	3	345	0	238	0.390804597701
0.613085946977	0.265591397849	372	3	345	0	238	0.390163934426
0.620668651063	0.266666666667	373	3	345	0	238	0.389525368249
0.624126168632	0.267741935484	374	3	345	0	238	0.388888888889
0.624723805174	0.267741935484	375	3	345	0	238	0.388254486134
0.626141751713	0.268817204301	376	3	345	0	238	0.387622149837
0.626823816754	0.269892473118	377	3	345	0	238	0.386991869919
0.629298599295	0.270967741935	378	3	345	0	238	0.386363636364
0.630232457448	0.269892473118	379	3	345	0	238	0.385737439222
0.631553500821	0.270967741935	380	3	345	0	238	0.385113268608
0.631754209643	0.270967741935	381	3	345	0	238	0.384491114701
0.632415683642	0.272043010753	382	3	345	0	238	0.383870967742
0.633151841521	0.27311827957	383	3	345	0	238	0.383252818035
0.635592706041	0.272043010753	384	3	345	0	238	0.382636655949
