# time 	 divergence 	 # of mutations 	 # IGC chances 	 IGC length 	 # IGC failures 	 Changes due to IGC  	 % change due to IGC 
0.0	0.025641025641	0	0	0	0	0	0.0
0.000844737342639	0.025641025641	0	1	36	0	0	0.0
0.00209957810536	0.0277777777778	1	1	36	0	0	0.0
0.00228424244603	0.0235042735043	1	2	3	0	2	0.666666666667
0.00245231674984	0.0213675213675	1	3	21	0	3	0.75
0.00278558975928	0.0213675213675	1	4	6	0	3	0.75
0.00323319540585	0.0235042735043	2	4	6	0	3	0.6
0.00555398700847	0.0235042735043	2	5	3	0	3	0.6
0.00601249725113	0.025641025641	3	5	3	0	3	0.5
0.00616957215646	0.025641025641	3	6	3	0	3	0.5
0.00667368259525	0.0277777777778	4	6	3	0	3	0.428571428571
0.00704219095125	0.025641025641	4	7	39	0	4	0.5
0.00706785745239	0.025641025641	4	8	9	0	4	0.5
0.00813316638458	0.025641025641	4	9	6	0	4	0.5
0.00814596682969	0.025641025641	4	10	12	0	4	0.5
0.0136164574224	0.0277777777778	5	10	12	0	4	0.444444444444
0.0141377115024	0.025641025641	5	11	9	0	5	0.5
0.0170114187808	0.025641025641	5	12	3	0	5	0.5
0.0170405531472	0.025641025641	5	13	21	0	5	0.5
0.0175767070016	0.025641025641	5	14	6	0	5	0.5
0.0179727686267	0.0277777777778	6	14	6	0	5	0.454545454545
0.0183447327771	0.0277777777778	6	15	15	0	5	0.454545454545
0.0183896437827	0.0277777777778	6	16	3	0	5	0.454545454545
0.0190924704967	0.0277777777778	6	17	27	0	5	0.454545454545
0.0217584857322	0.0299145299145	7	17	27	0	5	0.416666666667
0.0221926017923	0.0299145299145	7	18	9	0	5	0.416666666667
0.0227700376631	0.025641025641	7	19	15	0	7	0.5
0.0233632699591	0.0277777777778	8	19	15	0	7	0.466666666667
0.0236407259839	0.0299145299145	9	19	15	0	7	0.4375
0.0254743727214	0.0299145299145	9	20	12	0	7	0.4375
0.0255701472173	0.0277777777778	9	21	24	0	8	0.470588235294
0.0257546912119	0.0277777777778	9	22	3	0	8	0.470588235294
0.0263713046446	0.025641025641	9	23	21	0	9	0.5
0.0268605514396	0.0277777777778	10	23	21	0	9	0.473684210526
0.0277488379264	0.0277777777778	10	24	3	0	9	0.473684210526
0.0278750398321	0.0277777777778	10	25	3	0	9	0.473684210526
0.0291760320248	0.0277777777778	10	26	3	0	9	0.473684210526
0.0303248048894	0.0277777777778	10	27	24	0	9	0.473684210526
0.0316289200918	0.0277777777778	10	28	18	0	9	0.473684210526
0.0329900164735	0.0277777777778	10	29	39	0	9	0.473684210526
0.0331623275245	0.0277777777778	10	30	27	0	9	0.473684210526
0.033530198891	0.0277777777778	10	31	3	0	9	0.473684210526
0.0366645254115	0.0299145299145	11	31	3	0	9	0.45
0.0370914843893	0.0299145299145	11	32	3	0	9	0.45
0.0374763828944	0.0299145299145	11	33	12	0	9	0.45
0.0375679401209	0.0299145299145	11	34	3	0	9	0.45
0.0376099738906	0.0320512820513	12	34	3	0	9	0.428571428571
0.0376904686947	0.0320512820513	12	35	6	0	9	0.428571428571
