# time 	 divergence 	 # of mutations 	 # IGC chances 	 IGC length 	 # IGC failures 	 Changes due to IGC  	 % change due to IGC 
0.0	0.208576998051	0	0	0	0	0	0.0
0.00140924504013	0.208576998051	0	1	3	0	0	0.0
0.00187068030507	0.20955165692	1	1	3	0	0	0.0
0.00300880398671	0.210526315789	2	1	3	0	0	0.0
0.0033496901454	0.210526315789	2	2	3	0	0	0.0
0.00370377808064	0.208576998051	2	3	3	0	2	0.5
0.00385777944097	0.20955165692	3	3	3	0	2	0.4
0.00395762658308	0.207602339181	3	4	3	0	4	0.571428571429
0.00404767921612	0.207602339181	3	5	3	0	4	0.571428571429
0.00419243189823	0.208576998051	4	5	3	0	4	0.5
0.00493247317471	0.20955165692	5	5	3	0	4	0.444444444444
0.00686561695448	0.207602339181	5	6	3	0	6	0.545454545455
0.00736921090136	0.207602339181	6	6	3	0	6	0.5
0.00745284982474	0.208576998051	7	6	3	0	6	0.461538461538
0.00857697163147	0.20955165692	8	6	3	0	6	0.428571428571
0.00925523522226	0.210526315789	9	6	3	0	6	0.4
0.00929808091679	0.211500974659	10	6	3	0	6	0.375
0.00938261047957	0.212475633528	11	6	3	0	6	0.352941176471
0.0100536654987	0.213450292398	12	6	3	0	6	0.333333333333
0.0110775561418	0.214424951267	13	6	3	0	6	0.315789473684
0.0117464477022	0.215399610136	14	6	3	0	6	0.3
0.0124923014328	0.215399610136	14	7	3	0	6	0.3
0.013118930127	0.216374269006	15	7	3	0	6	0.285714285714
0.0136292244974	0.215399610136	16	7	3	0	6	0.272727272727
0.0147654353636	0.215399610136	16	8	3	0	6	0.272727272727
0.0159163921324	0.216374269006	17	8	3	0	6	0.260869565217
0.0159824898814	0.217348927875	18	8	3	0	6	0.25
0.016246256448	0.216374269006	19	8	3	0	6	0.24
0.0167515201067	0.215399610136	20	8	3	0	6	0.230769230769
0.0172075684826	0.215399610136	21	8	3	0	6	0.222222222222
0.0190315216709	0.214424951267	21	9	3	0	7	0.25
0.0197932697053	0.213450292398	21	10	3	0	8	0.275862068966
0.0206808880264	0.213450292398	21	11	3	0	8	0.275862068966
0.0210291435083	0.213450292398	21	12	3	0	8	0.275862068966
0.0211350037147	0.214424951267	22	12	3	0	8	0.266666666667
0.021811562737	0.214424951267	23	12	3	0	8	0.258064516129
0.0223692633123	0.215399610136	24	12	3	0	8	0.25
0.0232447277528	0.216374269006	25	12	3	0	8	0.242424242424
0.0237216513825	0.217348927875	26	12	3	0	8	0.235294117647
0.0237883861152	0.217348927875	26	13	3	0	8	0.235294117647
0.024148733881	0.218323586745	27	13	3	0	8	0.228571428571
0.0245579708574	0.218323586745	28	13	3	0	8	0.222222222222
0.0245969007093	0.218323586745	28	14	3	0	8	0.222222222222
0.0249168794368	0.217348927875	28	15	3	0	9	0.243243243243
0.0255818043623	0.217348927875	28	16	3	0	9	0.243243243243
0.0266015237152	0.215399610136	28	17	3	0	11	0.282051282051
0.0269123945167	0.216374269006	29	17	3	0	11	0.275
0.0273047669463	0.216374269006	29	18	3	0	11	0.275
0.0273313751687	0.216374269006	29	19	3	0	11	0.275
0.027956301449	0.216374269006	29	20	3	0	11	0.275
0.0282475354876	0.215399610136	30	20	3	0	11	0.268292682927
0.0284833670223	0.215399610136	30	21	3	0	11	0.268292682927
0.0292167754701	0.213450292398	30	22	3	0	13	0.302325581395
0.0294607404314	0.214424951267	31	22	3	0	13	0.295454545455
0.0295561413524	0.215399610136	32	22	3	0	13	0.288888888889
0.0299748656751	0.215399610136	32	23	3	0	13	0.288888888889
0.0300908202409	0.215399610136	32	24	3	0	13	0.288888888889
0.0310511465883	0.215399610136	32	25	3	0	13	0.288888888889
0.0310931513292	0.216374269006	33	25	3	0	13	0.282608695652
0.0320666286033	0.215399610136	33	26	3	0	14	0.297872340426
0.0345783479174	0.215399610136	33	27	3	0	14	0.297872340426
0.0349888641065	0.214424951267	33	28	3	0	15	0.3125
0.036401881236	0.215399610136	34	28	3	0	15	0.30612244898
0.0365358943336	0.216374269006	35	28	3	0	15	0.3
0.0374040809438	0.217348927875	36	28	3	0	15	0.294117647059
0.0379156572483	0.218323586745	37	28	3	0	15	0.288461538462
0.0380811412177	0.217348927875	37	29	3	0	16	0.301886792453
0.0382678726059	0.216374269006	37	30	3	0	17	0.314814814815
0.0395071736197	0.216374269006	37	31	3	0	17	0.314814814815
0.0404463472383	0.213450292398	37	32	3	0	20	0.350877192982
0.0409750259883	0.214424951267	38	32	3	0	20	0.344827586207
0.0412436720447	0.214424951267	38	33	3	0	20	0.344827586207
0.0412941004532	0.213450292398	38	34	3	0	21	0.35593220339
0.0423353012899	0.212475633528	38	35	3	0	22	0.366666666667
0.0428802783958	0.213450292398	39	35	3	0	22	0.360655737705
0.043205758297	0.212475633528	39	36	3	0	23	0.370967741935
0.0434480867695	0.212475633528	39	37	3	0	23	0.370967741935
0.0434545772951	0.213450292398	40	37	3	0	23	0.365079365079
0.0445196786058	0.214424951267	41	37	3	0	23	0.359375
0.0460631268691	0.215399610136	42	37	3	0	23	0.353846153846
0.0460659169231	0.215399610136	42	38	3	0	23	0.353846153846
0.0475525741555	0.215399610136	42	39	3	0	23	0.353846153846
0.0475822191604	0.215399610136	42	40	3	0	23	0.353846153846
0.0489615668763	0.215399610136	43	40	3	0	23	0.348484848485
0.0490315406927	0.214424951267	43	41	3	0	24	0.358208955224
0.0500374729721	0.214424951267	44	41	3	0	24	0.352941176471
0.0500971831707	0.213450292398	44	42	3	0	25	0.36231884058
0.0511962064652	0.214424951267	45	42	3	0	25	0.357142857143
0.0519121772347	0.213450292398	45	43	3	0	26	0.366197183099
0.0525832552518	0.212475633528	46	43	3	0	26	0.361111111111
0.0530045173506	0.212475633528	47	43	3	0	26	0.356164383562
0.0531157677257	0.210526315789	47	44	3	0	28	0.373333333333
0.0541719348985	0.211500974659	48	44	3	0	28	0.368421052632
0.0542569691021	0.212475633528	49	44	3	0	28	0.363636363636
0.0542616750331	0.213450292398	50	44	3	0	28	0.358974358974
0.0546141142768	0.213450292398	50	45	3	0	28	0.358974358974
0.0547652003022	0.211500974659	50	46	3	0	30	0.375
0.0549681713163	0.212475633528	51	46	3	0	30	0.37037037037
0.0563173863054	0.211500974659	51	47	3	0	31	0.378048780488
0.0570921829365	0.212475633528	52	47	3	0	31	0.373493975904
0.0579152543269	0.212475633528	52	48	3	0	31	0.373493975904
0.0580665919996	0.213450292398	53	48	3	0	31	0.369047619048
0.0582785924252	0.214424951267	54	48	3	0	31	0.364705882353
0.0593006768812	0.214424951267	54	49	3	0	31	0.364705882353
0.0594377266447	0.214424951267	54	50	3	0	31	0.364705882353
0.0609250067993	0.213450292398	55	50	3	0	31	0.360465116279
0.0616392667502	0.213450292398	55	51	3	0	31	0.360465116279
0.0623814573789	0.213450292398	55	52	3	0	31	0.360465116279
0.0626234342303	0.214424951267	56	52	3	0	31	0.35632183908
0.0626708694769	0.214424951267	57	52	3	0	31	0.352272727273
0.0634979471574	0.215399610136	58	52	3	0	31	0.348314606742
0.0636057891103	0.214424951267	58	53	3	0	32	0.355555555556
0.0642911943888	0.215399610136	59	53	3	0	32	0.351648351648
0.0649601111299	0.216374269006	60	53	3	0	32	0.347826086957
0.0671953833291	0.217348927875	61	53	3	0	32	0.344086021505
0.0678630442082	0.218323586745	62	53	3	0	32	0.340425531915
0.0679243020843	0.217348927875	63	53	3	0	32	0.336842105263
0.0691409817418	0.216374269006	63	54	3	0	33	0.34375
0.0691909220048	0.216374269006	63	55	3	0	33	0.34375
0.0692017469258	0.217348927875	64	55	3	0	33	0.340206185567
0.071268571443	0.217348927875	64	56	3	0	33	0.340206185567
0.0721013051492	0.218323586745	65	56	3	0	33	0.336734693878
0.0721841404959	0.219298245614	66	56	3	0	33	0.333333333333
0.0722778470545	0.220272904483	67	56	3	0	33	0.33
0.0734998020752	0.219298245614	67	57	3	0	34	0.336633663366
0.0738140411115	0.219298245614	67	58	3	0	34	0.336633663366
0.0745797444706	0.218323586745	67	59	3	0	35	0.343137254902
0.0747174452294	0.217348927875	67	60	3	0	36	0.349514563107
0.0764102400006	0.215399610136	67	61	3	0	38	0.361904761905
0.077215543343	0.215399610136	67	62	3	0	38	0.361904761905
0.077825465355	0.214424951267	67	63	3	0	39	0.367924528302
0.0783078083842	0.214424951267	67	64	3	0	39	0.367924528302
0.0793109936048	0.214424951267	67	65	3	0	39	0.367924528302
0.0796928604526	0.214424951267	67	66	3	0	39	0.367924528302
0.0799981450306	0.212475633528	67	67	3	0	41	0.37962962963
