# time 	 divergence 	 # of mutations 	 # IGC chances 	 IGC length 	 # IGC failures 	 Changes due to IGC  	 % change due to IGC 
0.0	0.288172043011	0	0	0	0	0	0.0
0.00206979747093	0.289247311828	1	0	0	0	0	0.0
0.00231161189329	0.264516129032	1	1	39	0	23	0.958333333333
0.00242522892354	0.264516129032	2	1	39	0	23	0.92
0.00412892938782	0.264516129032	3	1	39	0	23	0.884615384615
0.00460008334767	0.265591397849	4	1	39	0	23	0.851851851852
0.00547996322297	0.264516129032	4	2	6	0	24	0.857142857143
0.00606390902717	0.265591397849	5	2	6	0	24	0.827586206897
0.00662720468777	0.266666666667	6	2	6	0	24	0.8
0.00696794074993	0.265591397849	7	2	6	0	24	0.774193548387
0.00751302875061	0.264516129032	8	2	6	0	24	0.75
0.00774732175817	0.264516129032	9	2	6	0	24	0.727272727273
0.00877330393041	0.265591397849	10	2	6	0	24	0.705882352941
0.0103260148662	0.264516129032	11	2	6	0	24	0.685714285714
0.0147527903644	0.265591397849	12	2	6	0	24	0.666666666667
0.0169276712427	0.266666666667	13	2	6	0	24	0.648648648649
0.0212108926197	0.266666666667	14	2	6	0	24	0.631578947368
0.0263658495625	0.267741935484	15	2	6	0	24	0.615384615385
0.0269376554981	0.268817204301	16	2	6	0	24	0.6
0.0274315520149	0.269892473118	17	2	6	0	24	0.585365853659
0.0284107648828	0.270967741935	18	2	6	0	24	0.571428571429
0.0285581673764	0.272043010753	19	2	6	0	24	0.558139534884
0.0289108098768	0.272043010753	20	2	6	0	24	0.545454545455
0.0303941634604	0.27311827957	21	2	6	0	24	0.533333333333
0.0305585254882	0.236559139785	21	3	162	0	58	0.73417721519
0.0309755524299	0.237634408602	22	3	162	0	58	0.725
0.0319806401233	0.238709677419	23	3	162	0	58	0.716049382716
0.0321262042043	0.239784946237	24	3	162	0	58	0.707317073171
0.0328773735876	0.240860215054	25	3	162	0	58	0.698795180723
0.0390194571821	0.241935483871	26	3	162	0	58	0.690476190476
0.0392532227792	0.243010752688	27	3	162	0	58	0.682352941176
0.0403343340573	0.241935483871	28	3	162	0	58	0.674418604651
0.0419033030234	0.243010752688	29	3	162	0	58	0.666666666667
0.0456401459941	0.243010752688	30	3	162	0	58	0.659090909091
0.0474705197057	0.244086021505	31	3	162	0	58	0.651685393258
0.0491770768353	0.245161290323	32	3	162	0	58	0.644444444444
0.0494421760414	0.24623655914	33	3	162	0	58	0.637362637363
0.0497264926796	0.247311827957	34	3	162	0	58	0.630434782609
0.0545340327565	0.247311827957	35	3	162	0	58	0.623655913978
0.0572380890558	0.248387096774	36	3	162	0	58	0.617021276596
0.0587564856663	0.249462365591	37	3	162	0	58	0.610526315789
0.0591880723766	0.250537634409	38	3	162	0	58	0.604166666667
0.0609684582791	0.249462365591	39	3	162	0	58	0.59793814433
0.0634521184307	0.250537634409	40	3	162	0	58	0.591836734694
0.0648257888541	0.251612903226	41	3	162	0	58	0.585858585859
0.0669984121168	0.251612903226	42	3	162	0	58	0.58
0.0685208940847	0.252688172043	43	3	162	0	58	0.574257425743
0.0729379770388	0.252688172043	44	3	162	0	58	0.56862745098
0.0737509071856	0.251612903226	45	3	162	0	58	0.563106796117
0.0739295922043	0.252688172043	46	3	162	0	58	0.557692307692
0.0752877189975	0.252688172043	47	3	162	0	58	0.552380952381
0.0771699604021	0.25376344086	48	3	162	0	58	0.547169811321
0.0781828296833	0.252688172043	49	3	162	0	58	0.542056074766
0.0868473274136	0.25376344086	50	3	162	0	58	0.537037037037
0.0870248769111	0.254838709677	51	3	162	0	58	0.532110091743
0.0894598657998	0.255913978495	52	3	162	0	58	0.527272727273
0.0911481984041	0.256989247312	53	3	162	0	58	0.522522522523
0.0916323272918	0.258064516129	54	3	162	0	58	0.517857142857
0.094640518963	0.259139784946	55	3	162	0	58	0.513274336283
0.102498132062	0.260215053763	56	3	162	0	58	0.508771929825
0.103857877176	0.261290322581	57	3	162	0	58	0.504347826087
0.105680197289	0.262365591398	58	3	162	0	58	0.5
0.106143574477	0.261290322581	59	3	162	0	58	0.495726495726
0.107601140438	0.262365591398	60	3	162	0	58	0.491525423729
0.109020411763	0.261290322581	61	3	162	0	58	0.487394957983
0.110610992991	0.260215053763	62	3	162	0	58	0.483333333333
0.110880203752	0.261290322581	63	3	162	0	58	0.479338842975
0.114117968333	0.262365591398	64	3	162	0	58	0.475409836066
0.114390373928	0.263440860215	65	3	162	0	58	0.471544715447
0.117356855035	0.263440860215	66	3	162	0	58	0.467741935484
0.121318521613	0.262365591398	67	3	162	0	58	0.464
0.122990829082	0.263440860215	68	3	162	0	58	0.460317460317
0.123593282307	0.264516129032	69	3	162	0	58	0.456692913386
0.125082053634	0.263440860215	70	3	162	0	58	0.453125
0.12843414594	0.262365591398	71	3	162	0	58	0.449612403101
0.128718954684	0.263440860215	72	3	162	0	58	0.446153846154
0.131486398639	0.263440860215	73	3	162	0	58	0.442748091603
0.1316198709	0.263440860215	74	3	162	0	58	0.439393939394
0.132083354704	0.264516129032	75	3	162	0	58	0.436090225564
0.133323999332	0.263440860215	76	3	162	0	58	0.432835820896
0.135355574234	0.264516129032	77	3	162	0	58	0.42962962963
0.138874332485	0.265591397849	78	3	162	0	58	0.426470588235
0.140934916291	0.216129032258	78	4	156	0	104	0.571428571429
0.141185766203	0.217204301075	79	4	156	0	104	0.568306010929
0.141754938193	0.218279569892	80	4	156	0	104	0.565217391304
0.142431817921	0.21935483871	81	4	156	0	104	0.562162162162
0.145558945408	0.220430107527	82	4	156	0	104	0.559139784946
