# time 	 divergence 	 # of mutations 	 # IGC chances 	 IGC length 	 # IGC failures 	 Changes due to IGC  	 % change due to IGC 
0.0	0.11306042885	0	0	0	0	0	0.0
0.00125790136873	0.114035087719	1	0	0	0	0	0.0
0.00225871675202	0.115009746589	2	0	0	0	0	0.0
0.00429169651834	0.115984405458	3	0	0	0	0	0.0
0.0062129154516	0.116959064327	4	0	0	0	0	0.0
0.0098224458392	0.117933723197	5	0	0	0	0	0.0
0.0105046561557	0.118908382066	6	0	0	0	0	0.0
0.0117276606844	0.119883040936	7	0	0	0	0	0.0
0.0119984866958	0.120857699805	8	0	0	0	0	0.0
0.0161325501718	0.121832358674	9	0	0	0	0	0.0
0.0171151881219	0.122807017544	10	0	0	0	0	0.0
0.0171858201963	0.123781676413	11	0	0	0	0	0.0
0.0179043933741	0.124756335283	12	0	0	0	0	0.0
0.0198971300232	0.125730994152	13	0	0	0	0	0.0
0.0208387489631	0.126705653021	14	0	0	0	0	0.0
0.0218040416851	0.127680311891	15	0	0	0	0	0.0
0.0224065422543	0.12865497076	16	0	0	0	0	0.0
0.0244159917057	0.12962962963	17	0	0	0	0	0.0
0.0252358042984	0.130604288499	18	0	0	0	0	0.0
0.0268769648873	0.130604288499	19	0	0	0	0	0.0
0.0271230981141	0.131578947368	20	0	0	0	0	0.0
0.0360010307933	0.132553606238	21	0	0	0	0	0.0
0.0413509047475	0.133528265107	22	0	0	0	0	0.0
0.0419141930519	0.133528265107	23	0	0	0	0	0.0
0.0440038827479	0.134502923977	24	0	0	0	0	0.0
0.0444971396734	0.133528265107	25	0	0	0	0	0.0
0.0447257263325	0.134502923977	26	0	0	0	0	0.0
0.0533443781746	0.135477582846	27	0	0	0	0	0.0
0.0534157417586	0.0	27	1	1026	0	139	0.83734939759
0.0552534502473	0.000974658869396	28	1	1026	0	139	0.832335329341
0.0578828985739	0.00194931773879	29	1	1026	0	139	0.827380952381
0.0595203013581	0.00292397660819	30	1	1026	0	139	0.822485207101
0.0603210688451	0.00389863547758	31	1	1026	0	139	0.817647058824
0.061731233923	0.00487329434698	32	1	1026	0	139	0.812865497076
0.0629972674021	0.00584795321637	33	1	1026	0	139	0.808139534884
0.0636777230111	0.00682261208577	34	1	1026	0	139	0.803468208092
0.067032798989	0.00779727095517	35	1	1026	0	139	0.798850574713
0.0677714033224	0.00877192982456	36	1	1026	0	139	0.794285714286
0.0711445776391	0.00194931773879	36	2	939	0	146	0.802197802198
0.0733903953433	0.00292397660819	37	2	939	0	146	0.79781420765
0.073449918396	0.00389863547758	38	2	939	0	146	0.79347826087
0.0747296867914	0.00487329434698	39	2	939	0	146	0.789189189189
0.0795115712407	0.00584795321637	40	2	939	0	146	0.784946236559
0.0802747052821	0.00682261208577	41	2	939	0	146	0.780748663102
0.0826049865697	0.00779727095517	42	2	939	0	146	0.776595744681
0.0831456562313	0.00877192982456	43	2	939	0	146	0.772486772487
0.0836934142176	0.00974658869396	44	2	939	0	146	0.768421052632
0.0847631606991	0.0107212475634	45	2	939	0	146	0.764397905759
0.0847975765891	0.0116959064327	46	2	939	0	146	0.760416666667
0.0849248288364	0.0126705653021	47	2	939	0	146	0.756476683938
0.0854659439149	0.0136452241715	48	2	939	0	146	0.752577319588
0.0859114661119	0.0146198830409	49	2	939	0	146	0.748717948718
0.0865098078646	0.0155945419103	50	2	939	0	146	0.744897959184
0.0899676608655	0.0165692007797	51	2	939	0	146	0.741116751269
0.0906580163018	0.0175438596491	52	2	939	0	146	0.737373737374
0.0909878052594	0.0185185185185	53	2	939	0	146	0.733668341709
0.0914519058315	0.0194931773879	54	2	939	0	146	0.73
0.0916147810471	0.0204678362573	55	2	939	0	146	0.726368159204
0.0952652785753	0.0214424951267	56	2	939	0	146	0.722772277228
0.0958176229547	0.0224171539961	57	2	939	0	146	0.71921182266
0.0961367780807	0.0233918128655	58	2	939	0	146	0.71568627451
0.0961951769936	0.0243664717349	59	2	939	0	146	0.712195121951
0.096286849103	0.0253411306043	60	2	939	0	146	0.708737864078
0.0973577598567	0.0263157894737	61	2	939	0	146	0.705314009662
0.100225938028	0.0272904483431	62	2	939	0	146	0.701923076923
0.101761967667	0.0282651072125	63	2	939	0	146	0.698564593301
0.104063261218	0.0292397660819	64	2	939	0	146	0.695238095238
0.105882984152	0.0302144249513	65	2	939	0	146	0.691943127962
0.107717553772	0.0311890838207	66	2	939	0	146	0.688679245283
0.110501373041	0.0321637426901	67	2	939	0	146	0.68544600939
0.111961941361	0.0331384015595	68	2	939	0	146	0.682242990654
0.112824163978	0.0341130604288	69	2	939	0	146	0.679069767442
0.11311239246	0.0350877192982	70	2	939	0	146	0.675925925926
0.115576931435	0.0360623781676	71	2	939	0	146	0.672811059908
0.116519581816	0.037037037037	72	2	939	0	146	0.669724770642
0.116592031617	0.0380116959064	73	2	939	0	146	0.666666666667
0.116616496026	0.0389863547758	74	2	939	0	146	0.663636363636
0.117530472661	0.0399610136452	75	2	939	0	146	0.660633484163
0.117826949124	0.0409356725146	76	2	939	0	146	0.657657657658
0.120285003905	0.041910331384	77	2	939	0	146	0.654708520179
0.120538824026	0.0428849902534	78	2	939	0	146	0.651785714286
0.124174782696	0.0438596491228	79	2	939	0	146	0.648888888889
0.124579955219	0.0448343079922	80	2	939	0	146	0.646017699115
0.127617447853	0.0458089668616	81	2	939	0	146	0.643171806167
0.128083950068	0.046783625731	82	2	939	0	146	0.640350877193
0.128832201896	0.0477582846004	83	2	939	0	146	0.637554585153
0.129293811023	0.0487329434698	84	2	939	0	146	0.634782608696
0.129768877958	0.0497076023392	85	2	939	0	146	0.632034632035
0.131119441234	0.0487329434698	86	2	939	0	146	0.629310344828
0.131656216446	0.0497076023392	87	2	939	0	146	0.62660944206
0.133837206854	0.0506822612086	88	2	939	0	146	0.623931623932
0.134140029785	0.051656920078	89	2	939	0	146	0.621276595745
0.13986179127	0.0526315789474	90	2	939	0	146	0.618644067797
0.142810800709	0.0536062378168	91	2	939	0	146	0.616033755274
0.145457971874	0.0526315789474	92	2	939	0	146	0.613445378151
0.149742963107	0.0536062378168	93	2	939	0	146	0.610878661088
0.150486614471	0.0545808966862	94	2	939	0	146	0.608333333333
0.150628938235	0.0555555555556	95	2	939	0	146	0.605809128631
0.152194588658	0.056530214425	96	2	939	0	146	0.603305785124
0.152926761886	0.056530214425	97	2	939	0	146	0.600823045267
0.152970870542	0.0575048732943	98	2	939	0	146	0.598360655738
0.15361834725	0.0584795321637	99	2	939	0	146	0.595918367347
0.15367620519	0.0594541910331	100	2	939	0	146	0.593495934959
0.153732047377	0.0604288499025	101	2	939	0	146	0.591093117409
0.154003761608	0.0614035087719	102	2	939	0	146	0.588709677419
0.154078461605	0.0623781676413	103	2	939	0	146	0.586345381526
0.154109129261	0.0633528265107	104	2	939	0	146	0.584
0.155208944727	0.0643274853801	105	2	939	0	146	0.581673306773
0.158876723985	0.0633528265107	106	2	939	0	146	0.579365079365
0.159180437477	0.0643274853801	107	2	939	0	146	0.577075098814
0.15934791032	0.0653021442495	108	2	939	0	146	0.574803149606
0.16056743171	0.0662768031189	109	2	939	0	146	0.572549019608
0.161408052474	0.0672514619883	110	2	939	0	146	0.5703125
0.162131548819	0.0682261208577	111	2	939	0	146	0.568093385214
0.165693187381	0.0692007797271	112	2	939	0	146	0.565891472868
0.168553024868	0.0692007797271	113	2	939	0	146	0.563706563707
0.16868186043	0.0701754385965	114	2	939	0	146	0.561538461538
0.171076916361	0.0711500974659	115	2	939	0	146	0.55938697318
0.171476946955	0.0721247563353	116	2	939	0	146	0.557251908397
0.173282752454	0.0730994152047	117	2	939	0	146	0.555133079848
0.1733699925	0.0740740740741	118	2	939	0	146	0.55303030303
0.173948836791	0.0750487329435	119	2	939	0	146	0.550943396226
0.174219102096	0.0760233918129	120	2	939	0	146	0.548872180451
0.174678950828	0.0769980506823	121	2	939	0	146	0.546816479401
0.176579546289	0.0779727095517	122	2	939	0	146	0.544776119403
0.178458901726	0.0789473684211	123	2	939	0	146	0.542750929368
0.178573270891	0.0799220272904	124	2	939	0	146	0.540740740741
0.179946364156	0.0808966861598	125	2	939	0	146	0.538745387454
0.180161183632	0.0818713450292	126	2	939	0	146	0.536764705882
0.181511689323	0.0818713450292	127	2	939	0	146	0.534798534799
0.185113321998	0.0828460038986	128	2	939	0	146	0.532846715328
0.188318978058	0.083820662768	129	2	939	0	146	0.530909090909
0.189458576004	0.0847953216374	130	2	939	0	146	0.528985507246
0.189519644586	0.083820662768	131	2	939	0	146	0.527075812274
0.189842274981	0.0847953216374	132	2	939	0	146	0.525179856115
0.190612567229	0.0857699805068	133	2	939	0	146	0.523297491039
0.194972605486	0.0867446393762	134	2	939	0	146	0.521428571429
0.19523951853	0.0877192982456	135	2	939	0	146	0.519572953737
0.20146378614	0.088693957115	136	2	939	0	146	0.517730496454
0.205318008325	0.088693957115	137	2	939	0	146	0.515901060071
0.205735071381	0.0877192982456	138	2	939	0	146	0.514084507042
0.206130148526	0.088693957115	139	2	939	0	146	0.512280701754
0.20634621806	0.0896686159844	140	2	939	0	146	0.51048951049
0.206945161739	0.0906432748538	141	2	939	0	146	0.508710801394
0.207152485231	0.0916179337232	142	2	939	0	146	0.506944444444
0.209195327297	0.0925925925926	143	2	939	0	146	0.505190311419
0.209707332602	0.093567251462	144	2	939	0	146	0.503448275862
0.209949371051	0.0945419103314	145	2	939	0	146	0.501718213058
0.210613011865	0.0955165692008	146	2	939	0	146	0.5
0.214051331393	0.0964912280702	147	2	939	0	146	0.498293515358
0.215852941217	0.0974658869396	148	2	939	0	146	0.496598639456
0.217751393706	0.098440545809	149	2	939	0	146	0.494915254237
0.217822439269	0.0994152046784	150	2	939	0	146	0.493243243243
0.218540627647	0.098440545809	151	2	939	0	146	0.491582491582
0.219225926666	0.0994152046784	152	2	939	0	146	0.489932885906
0.219414977254	0.100389863548	153	2	939	0	146	0.488294314381
0.221441163923	0.101364522417	154	2	939	0	146	0.486666666667
0.223882588682	0.101364522417	155	2	939	0	146	0.485049833887
0.226160854702	0.102339181287	156	2	939	0	146	0.483443708609
0.2267283266	0.103313840156	157	2	939	0	146	0.481848184818
0.227340216197	0.104288499025	158	2	939	0	146	0.480263157895
0.2294148436	0.105263157895	159	2	939	0	146	0.47868852459
0.23406111989	0.106237816764	160	2	939	0	146	0.477124183007
0.23424833595	0.107212475634	161	2	939	0	146	0.475570032573
0.234285075643	0.108187134503	162	2	939	0	146	0.474025974026
0.234991712871	0.109161793372	163	2	939	0	146	0.472491909385
0.235233207318	0.108187134503	164	2	939	0	146	0.470967741935
0.235372502544	0.109161793372	165	2	939	0	146	0.469453376206
0.236016273271	0.110136452242	166	2	939	0	146	0.467948717949
0.237533240181	0.111111111111	167	2	939	0	146	0.466453674121
0.237893549509	0.112085769981	168	2	939	0	146	0.464968152866
0.239401938445	0.11306042885	169	2	939	0	146	0.463492063492
0.241155442912	0.114035087719	170	2	939	0	146	0.462025316456
0.241998397437	0.114035087719	171	2	939	0	146	0.460567823344
0.243591662491	0.115009746589	172	2	939	0	146	0.459119496855
0.244480910108	0.115984405458	173	2	939	0	146	0.457680250784
0.249025066582	0.116959064327	174	2	939	0	146	0.45625
0.249470402695	0.117933723197	175	2	939	0	146	0.454828660436
0.251195871811	0.118908382066	176	2	939	0	146	0.453416149068
0.251449510829	0.119883040936	177	2	939	0	146	0.452012383901
0.252905427962	0.120857699805	178	2	939	0	146	0.450617283951
0.255990148221	0.121832358674	179	2	939	0	146	0.449230769231
0.261279561373	0.122807017544	180	2	939	0	146	0.447852760736
0.262934689729	0.123781676413	181	2	939	0	146	0.446483180428
0.263748206413	0.124756335283	182	2	939	0	146	0.44512195122
0.26480908422	0.123781676413	183	2	939	0	146	0.44376899696
0.267221474112	0.124756335283	184	2	939	0	146	0.442424242424
0.269605734452	0.125730994152	185	2	939	0	146	0.441087613293
0.269624517161	0.124756335283	186	2	939	0	146	0.439759036145
0.270916951219	0.125730994152	187	2	939	0	146	0.438438438438
0.271084862317	0.126705653021	188	2	939	0	146	0.437125748503
0.27465863071	0.127680311891	189	2	939	0	146	0.435820895522
0.275527071416	0.127680311891	190	2	939	0	146	0.434523809524
0.275792682158	0.12865497076	191	2	939	0	146	0.433234421365
0.277295958962	0.12962962963	192	2	939	0	146	0.431952662722
0.278662900074	0.12962962963	193	2	939	0	146	0.430678466077
0.279289174551	0.130604288499	194	2	939	0	146	0.429411764706
0.281538005124	0.131578947368	195	2	939	0	146	0.428152492669
0.285171307239	0.132553606238	196	2	939	0	146	0.426900584795
0.287107705826	0.133528265107	197	2	939	0	146	0.425655976676
0.288081564539	0.134502923977	198	2	939	0	146	0.424418604651
0.288526019068	0.135477582846	199	2	939	0	146	0.423188405797
0.288815672405	0.136452241715	200	2	939	0	146	0.421965317919
0.290310567881	0.136452241715	201	2	939	0	146	0.420749279539
0.291886659115	0.135477582846	202	2	939	0	146	0.419540229885
0.293501600312	0.136452241715	203	2	939	0	146	0.418338108883
0.295498848893	0.137426900585	204	2	939	0	146	0.417142857143
0.296468654885	0.138401559454	205	2	939	0	146	0.415954415954
0.296514418358	0.135477582846	205	3	15	0	149	0.420903954802
0.297814130782	0.136452241715	206	3	15	0	149	0.419718309859
0.299750792585	0.137426900585	207	3	15	0	149	0.418539325843
0.300834163796	0.138401559454	208	3	15	0	149	0.417366946779
0.302628112703	0.139376218324	209	3	15	0	149	0.416201117318
0.310139705358	0.140350877193	210	3	15	0	149	0.41504178273
0.31121770514	0.141325536062	211	3	15	0	149	0.413888888889
0.312078297414	0.142300194932	212	3	15	0	149	0.412742382271
0.312598811948	0.143274853801	213	3	15	0	149	0.411602209945
0.317153242415	0.142300194932	214	3	15	0	149	0.410468319559
0.317829972679	0.143274853801	215	3	15	0	149	0.409340659341
0.319702939009	0.144249512671	216	3	15	0	149	0.408219178082
0.321707739369	0.14522417154	217	3	15	0	149	0.407103825137
0.323520700551	0.144249512671	218	3	15	0	149	0.405994550409
0.326255038539	0.116959064327	218	4	135	0	177	0.448101265823
0.328827148804	0.117933723197	219	4	135	0	177	0.44696969697
0.331096760104	0.118908382066	220	4	135	0	177	0.445843828715
0.331233668131	0.119883040936	221	4	135	0	177	0.44472361809
0.335176441865	0.120857699805	222	4	135	0	177	0.443609022556
0.335465264994	0.120857699805	223	4	135	0	177	0.4425
0.337555115356	0.121832358674	224	4	135	0	177	0.441396508728
0.338244300742	0.122807017544	225	4	135	0	177	0.440298507463
0.338448065673	0.123781676413	226	4	135	0	177	0.439205955335
0.338555151875	0.124756335283	227	4	135	0	177	0.438118811881
0.338901219777	0.125730994152	228	4	135	0	177	0.437037037037
0.339621685741	0.126705653021	229	4	135	0	177	0.435960591133
0.340354176589	0.127680311891	230	4	135	0	177	0.434889434889
0.340573985079	0.12865497076	231	4	135	0	177	0.433823529412
0.34376257427	0.12962962963	232	4	135	0	177	0.432762836186
0.344300838735	0.130604288499	233	4	135	0	177	0.431707317073
0.346020943185	0.12962962963	234	4	135	0	177	0.430656934307
0.346188009623	0.130604288499	235	4	135	0	177	0.429611650485
0.348183382221	0.0760233918129	235	5	318	0	233	0.497863247863
0.34838438525	0.0769980506823	236	5	318	0	233	0.496801705757
0.34877344159	0.0779727095517	237	5	318	0	233	0.495744680851
0.353189046635	0.0789473684211	238	5	318	0	233	0.494692144374
0.353314190602	0.0799220272904	239	5	318	0	233	0.493644067797
0.354633601598	0.0808966861598	240	5	318	0	233	0.492600422833
0.355310259096	0.0818713450292	241	5	318	0	233	0.491561181435
0.356041597473	0.0828460038986	242	5	318	0	233	0.490526315789
0.360527020261	0.0828460038986	243	5	318	0	233	0.489495798319
0.360625558573	0.083820662768	244	5	318	0	233	0.488469601677
0.360680482765	0.0847953216374	245	5	318	0	233	0.487447698745
0.363573835524	0.0857699805068	246	5	318	0	233	0.48643006263
0.364643501181	0.0867446393762	247	5	318	0	233	0.485416666667
0.364679360875	0.0877192982456	248	5	318	0	233	0.484407484407
0.368464354345	0.088693957115	249	5	318	0	233	0.483402489627
0.369609805984	0.0896686159844	250	5	318	0	233	0.482401656315
0.369796367602	0.0906432748538	251	5	318	0	233	0.481404958678
0.372290012229	0.0906432748538	252	5	318	0	233	0.480412371134
0.372337038623	0.0916179337232	253	5	318	0	233	0.479423868313
0.375497534357	0.0925925925926	254	5	318	0	233	0.478439425051
0.377881863708	0.093567251462	255	5	318	0	233	0.477459016393
0.383995349706	0.0945419103314	256	5	318	0	233	0.476482617587
0.386431721346	0.0955165692008	257	5	318	0	233	0.475510204082
0.386528239143	0.0964912280702	258	5	318	0	233	0.474541751527
0.386542539548	0.0974658869396	259	5	318	0	233	0.473577235772
0.388026571716	0.098440545809	260	5	318	0	233	0.47261663286
0.388793319124	0.0994152046784	261	5	318	0	233	0.471659919028
0.389291120457	0.098440545809	262	5	318	0	233	0.470707070707
0.39190792849	0.0994152046784	263	5	318	0	233	0.469758064516
0.393895855301	0.100389863548	264	5	318	0	233	0.468812877264
0.394163699753	0.101364522417	265	5	318	0	233	0.467871485944
0.394579108623	0.102339181287	266	5	318	0	233	0.466933867735
0.397320592397	0.101364522417	267	5	318	0	233	0.466
0.399792747502	0.0925925925926	267	6	246	0	242	0.475442043222
0.400041247334	0.093567251462	268	6	246	0	242	0.474509803922
0.401488657664	0.0945419103314	269	6	246	0	242	0.473581213307
0.402168007667	0.0955165692008	270	6	246	0	242	0.47265625
0.406189601476	0.0964912280702	271	6	246	0	242	0.471734892788
0.407434560148	0.0974658869396	272	6	246	0	242	0.470817120623
0.407481954887	0.098440545809	273	6	246	0	242	0.469902912621
0.408740470547	0.0994152046784	274	6	246	0	242	0.468992248062
0.411319342103	0.100389863548	275	6	246	0	242	0.468085106383
0.411326771072	0.101364522417	276	6	246	0	242	0.467181467181
0.413775936548	0.102339181287	277	6	246	0	242	0.466281310212
0.414795080075	0.103313840156	278	6	246	0	242	0.465384615385
0.414889549579	0.104288499025	279	6	246	0	242	0.464491362764
0.422066961594	0.105263157895	280	6	246	0	242	0.463601532567
0.427358254161	0.106237816764	281	6	246	0	242	0.462715105163
0.427730244593	0.107212475634	282	6	246	0	242	0.461832061069
0.428391533934	0.108187134503	283	6	246	0	242	0.460952380952
0.429505138096	0.109161793372	284	6	246	0	242	0.460076045627
0.432258768511	0.110136452242	285	6	246	0	242	0.459203036053
0.433640249087	0.111111111111	286	6	246	0	242	0.458333333333
0.435987806142	0.112085769981	287	6	246	0	242	0.457466918715
0.436641496612	0.11306042885	288	6	246	0	242	0.456603773585
0.439035842023	0.114035087719	289	6	246	0	242	0.455743879473
0.440427016804	0.115009746589	290	6	246	0	242	0.454887218045
0.443413882306	0.115984405458	291	6	246	0	242	0.454033771107
0.444286849109	0.116959064327	292	6	246	0	242	0.453183520599
0.445929628446	0.117933723197	293	6	246	0	242	0.452336448598
0.450853307738	0.118908382066	294	6	246	0	242	0.451492537313
0.451305612528	0.119883040936	295	6	246	0	242	0.450651769088
0.452913728427	0.120857699805	296	6	246	0	242	0.449814126394
0.453293316575	0.121832358674	297	6	246	0	242	0.448979591837
0.453961645605	0.122807017544	298	6	246	0	242	0.448148148148
0.454678556135	0.123781676413	299	6	246	0	242	0.447319778189
0.455293079763	0.124756335283	300	6	246	0	242	0.446494464945
0.455527517685	0.125730994152	301	6	246	0	242	0.445672191529
0.456438889055	0.126705653021	302	6	246	0	242	0.444852941176
0.456446008657	0.127680311891	303	6	246	0	242	0.444036697248
0.456648759875	0.12865497076	304	6	246	0	242	0.443223443223
0.464942867687	0.12962962963	305	6	246	0	242	0.442413162706
0.470259638124	0.130604288499	306	6	246	0	242	0.441605839416
0.471698856821	0.131578947368	307	6	246	0	242	0.440801457195
0.472171715026	0.132553606238	308	6	246	0	242	0.44
0.474246625661	0.133528265107	309	6	246	0	242	0.439201451906
0.477583265902	0.134502923977	310	6	246	0	242	0.438405797101
0.480536953698	0.135477582846	311	6	246	0	242	0.437613019892
0.482779305481	0.136452241715	312	6	246	0	242	0.436823104693
0.483721985571	0.137426900585	313	6	246	0	242	0.436036036036
0.48388457896	0.138401559454	314	6	246	0	242	0.435251798561
0.484466578439	0.139376218324	315	6	246	0	242	0.43447037702
0.4859459237	0.140350877193	316	6	246	0	242	0.433691756272
0.486019668453	0.141325536062	317	6	246	0	242	0.432915921288
0.486666580528	0.142300194932	318	6	246	0	242	0.432142857143
0.487118755562	0.143274853801	319	6	246	0	242	0.43137254902
0.48806358381	0.144249512671	320	6	246	0	242	0.430604982206
0.489812071849	0.14522417154	321	6	246	0	242	0.429840142096
0.491541101875	0.146198830409	322	6	246	0	242	0.429078014184
0.49204739563	0.147173489279	323	6	246	0	242	0.428318584071
0.496733112387	0.148148148148	324	6	246	0	242	0.427561837456
0.498216930309	0.149122807018	325	6	246	0	242	0.426807760141
0.499751718763	0.149122807018	326	6	246	0	242	0.426056338028
0.500680826061	0.150097465887	327	6	246	0	242	0.425307557118
0.501586124475	0.151072124756	328	6	246	0	242	0.424561403509
0.502299188036	0.152046783626	329	6	246	0	242	0.423817863398
0.502862897506	0.153021442495	330	6	246	0	242	0.423076923077
0.503535156309	0.153996101365	331	6	246	0	242	0.422338568935
0.504000241991	0.154970760234	332	6	246	0	242	0.421602787456
0.505426637757	0.155945419103	333	6	246	0	242	0.420869565217
0.506020742712	0.156920077973	334	6	246	0	242	0.420138888889
0.510587946053	0.157894736842	335	6	246	0	242	0.419410745234
0.511023025259	0.158869395712	336	6	246	0	242	0.418685121107
0.513558198432	0.159844054581	337	6	246	0	242	0.417962003454
0.514629463695	0.16081871345	338	6	246	0	242	0.41724137931
0.515321353641	0.16179337232	339	6	246	0	242	0.4165232358
0.515383106912	0.162768031189	340	6	246	0	242	0.415807560137
0.517395263032	0.163742690058	341	6	246	0	242	0.415094339623
0.517719337647	0.162768031189	342	6	246	0	242	0.414383561644
0.519388024111	0.163742690058	343	6	246	0	242	0.413675213675
0.521916822801	0.164717348928	344	6	246	0	242	0.412969283276
0.522410925243	0.164717348928	345	6	246	0	242	0.412265758092
0.523257298951	0.165692007797	346	6	246	0	242	0.41156462585
0.523647192451	0.165692007797	347	6	246	0	242	0.410865874363
0.528645976467	0.166666666667	348	6	246	0	242	0.410169491525
0.528743084342	0.167641325536	349	6	246	0	242	0.409475465313
0.529011076218	0.168615984405	350	6	246	0	242	0.408783783784
0.529780188473	0.169590643275	351	6	246	0	242	0.408094435076
0.535671758024	0.170565302144	352	6	246	0	242	0.407407407407
0.535962462547	0.171539961014	353	6	246	0	242	0.406722689076
0.536332516386	0.172514619883	354	6	246	0	242	0.406040268456
0.537135981773	0.173489278752	355	6	246	0	242	0.405360134003
0.541844944848	0.173489278752	356	6	246	0	242	0.404682274247
0.543146225617	0.174463937622	357	6	246	0	242	0.404006677796
0.54332173387	0.175438596491	358	6	246	0	242	0.403333333333
0.544231678073	0.176413255361	359	6	246	0	242	0.402662229617
0.547724570656	0.17738791423	360	6	246	0	242	0.401993355482
0.549547640844	0.178362573099	361	6	246	0	242	0.401326699834
0.553234107708	0.179337231969	362	6	246	0	242	0.400662251656
0.55494694053	0.180311890838	363	6	246	0	242	0.4
0.556817164036	0.181286549708	364	6	246	0	242	0.399339933993
0.558503063559	0.182261208577	365	6	246	0	242	0.398682042834
0.559438002226	0.183235867446	366	6	246	0	242	0.398026315789
0.561280608202	0.184210526316	367	6	246	0	242	0.3973727422
0.564683664249	0.185185185185	368	6	246	0	242	0.396721311475
0.564925714333	0.186159844055	369	6	246	0	242	0.396072013093
0.569335179632	0.187134502924	370	6	246	0	242	0.395424836601
0.569440456532	0.187134502924	371	6	246	0	242	0.394779771615
0.569691308994	0.188109161793	372	6	246	0	242	0.394136807818
0.570105530498	0.189083820663	373	6	246	0	242	0.393495934959
0.576347746994	0.190058479532	374	6	246	0	242	0.392857142857
0.57654902748	0.191033138402	375	6	246	0	242	0.392220421394
0.579295488254	0.192007797271	376	6	246	0	242	0.391585760518
0.581497310633	0.19298245614	377	6	246	0	242	0.390953150242
0.583014696834	0.19395711501	378	6	246	0	242	0.390322580645
0.585745772082	0.19395711501	379	6	246	0	242	0.389694041868
0.587801839524	0.194931773879	380	6	246	0	242	0.389067524116
0.587846915859	0.195906432749	381	6	246	0	242	0.388443017657
0.588696497941	0.196881091618	382	6	246	0	242	0.387820512821
0.588919137046	0.197855750487	383	6	246	0	242	0.3872
0.5899751059	0.198830409357	384	6	246	0	242	0.386581469649
0.590659268682	0.199805068226	385	6	246	0	242	0.385964912281
0.591974757318	0.200779727096	386	6	246	0	242	0.385350318471
0.594160526947	0.201754385965	387	6	246	0	242	0.384737678855
0.600325892391	0.202729044834	388	6	246	0	242	0.384126984127
0.601047269144	0.203703703704	389	6	246	0	242	0.38351822504
0.601345004408	0.204678362573	390	6	246	0	242	0.382911392405
0.601606061933	0.205653021442	391	6	246	0	242	0.382306477093
0.603958259927	0.206627680312	392	6	246	0	242	0.381703470032
0.605553501195	0.206627680312	393	6	246	0	242	0.381102362205
0.605776869892	0.206627680312	394	6	246	0	242	0.380503144654
0.60644185004	0.206627680312	395	6	246	0	242	0.379905808477
0.606457562114	0.207602339181	396	6	246	0	242	0.379310344828
0.607752114273	0.208576998051	397	6	246	0	242	0.378716744914
0.60780404998	0.20955165692	398	6	246	0	242	0.378125
0.614570591639	0.210526315789	399	6	246	0	242	0.377535101404
0.621985505212	0.211500974659	400	6	246	0	242	0.376947040498
0.622370078224	0.212475633528	401	6	246	0	242	0.376360808709
0.626772159093	0.213450292398	402	6	246	0	242	0.375776397516
0.627166514547	0.214424951267	403	6	246	0	242	0.37519379845
0.627836092273	0.213450292398	404	6	246	0	242	0.374613003096
0.62810361108	0.214424951267	405	6	246	0	242	0.374034003091
0.628973557958	0.215399610136	406	6	246	0	242	0.373456790123
0.630777941497	0.216374269006	407	6	246	0	242	0.372881355932
0.630877186319	0.215399610136	408	6	246	0	242	0.372307692308
0.632967873129	0.216374269006	409	6	246	0	242	0.371735791091
0.633215223237	0.217348927875	410	6	246	0	242	0.371165644172
0.635972390472	0.218323586745	411	6	246	0	242	0.370597243492
0.637172110273	0.219298245614	412	6	246	0	242	0.37003058104
0.637532630339	0.220272904483	413	6	246	0	242	0.369465648855
0.639728841612	0.221247563353	414	6	246	0	242	0.368902439024
0.642850284078	0.221247563353	415	6	246	0	242	0.368340943683
0.642987034478	0.221247563353	416	6	246	0	242	0.367781155015
0.645814754002	0.221247563353	417	6	246	0	242	0.36722306525
0.649356151822	0.220272904483	418	6	246	0	242	0.366666666667
0.650245109216	0.221247563353	419	6	246	0	242	0.366111951589
0.656363603149	0.222222222222	420	6	246	0	242	0.365558912387
0.657068014151	0.222222222222	421	6	246	0	242	0.365007541478
0.658263111148	0.222222222222	422	6	246	0	242	0.364457831325
0.658569473606	0.221247563353	423	6	246	0	242	0.363909774436
0.659408746001	0.222222222222	424	6	246	0	242	0.363363363363
0.659538884629	0.222222222222	425	6	246	0	242	0.362818590705
0.660427565734	0.223196881092	426	6	246	0	242	0.362275449102
0.662731776104	0.224171539961	427	6	246	0	242	0.361733931241
0.663383110782	0.22514619883	428	6	246	0	242	0.361194029851
0.664197931561	0.2261208577	429	6	246	0	242	0.360655737705
0.66486605063	0.227095516569	430	6	246	0	242	0.360119047619
0.666648517266	0.2261208577	431	6	246	0	242	0.359583952452
0.666666200526	0.227095516569	432	6	246	0	242	0.359050445104
0.667073148632	0.228070175439	433	6	246	0	242	0.358518518519
