# time 	 divergence 	 # of mutations 	 # IGC chances 	 IGC length 	 # IGC failures 	 Changes due to IGC  	 % change due to IGC 
0.0	0.198830409357	0	0	0	0	0	0.0
0.00196493176626	0.199805068226	1	0	0	0	0	0.0
0.00434379769328	0.200779727096	2	0	0	0	0	0.0
0.00525099471087	0.200779727096	3	0	0	0	0	0.0
0.00568160767151	0.201754385965	4	0	0	0	0	0.0
0.00668117752228	0.201754385965	5	0	0	0	0	0.0
0.00779668852333	0.202729044834	6	0	0	0	0	0.0
0.00800363684232	0.203703703704	7	0	0	0	0	0.0
0.013505103695	0.204678362573	8	0	0	0	0	0.0
0.0138300078298	0.205653021442	9	0	0	0	0	0.0
0.0140877977084	0.206627680312	10	0	0	0	0	0.0
0.0146259883897	0.205653021442	11	0	0	0	0	0.0
0.0152570292978	0.206627680312	12	0	0	0	0	0.0
0.0176851352812	0.205653021442	13	0	0	0	0	0.0
0.0188582344329	0.205653021442	14	0	0	0	0	0.0
0.022512973565	0.206627680312	15	0	0	0	0	0.0
0.0262835199997	0.207602339181	16	0	0	0	0	0.0
0.031035996188	0.208576998051	17	0	0	0	0	0.0
0.031094982936	0.20955165692	18	0	0	0	0	0.0
0.0317850516981	0.210526315789	19	0	0	0	0	0.0
0.0348422261307	0.211500974659	20	0	0	0	0	0.0
0.0352826407956	0.212475633528	21	0	0	0	0	0.0
0.037727533309	0.213450292398	22	0	0	0	0	0.0
0.0392108206356	0.214424951267	23	0	0	0	0	0.0
0.0433532031664	0.215399610136	24	0	0	0	0	0.0
0.0434050852541	0.216374269006	25	0	0	0	0	0.0
0.0446145078629	0.217348927875	26	0	0	0	0	0.0
0.0463984080335	0.218323586745	27	0	0	0	0	0.0
0.0540702892476	0.219298245614	28	0	0	0	0	0.0
0.0546290964496	0.220272904483	29	0	0	0	0	0.0
0.0553056777673	0.220272904483	30	0	0	0	0	0.0
0.0558896883013	0.220272904483	31	0	0	0	0	0.0
0.0576917300204	0.219298245614	32	0	0	0	0	0.0
0.062237156865	0.218323586745	33	0	0	0	0	0.0
0.0644433947109	0.219298245614	34	0	0	0	0	0.0
0.0663357807066	0.220272904483	35	0	0	0	0	0.0
0.0668275967109	0.221247563353	36	0	0	0	0	0.0
0.0672466600144	0.221247563353	37	0	0	0	0	0.0
0.0686322646941	0.222222222222	38	0	0	0	0	0.0
0.0706670559323	0.223196881092	39	0	0	0	0	0.0
0.0716521841584	0.223196881092	40	0	0	0	0	0.0
0.0726650654616	0.224171539961	41	0	0	0	0	0.0
0.0730372272265	0.22514619883	42	0	0	0	0	0.0
0.0742632999816	0.224171539961	43	0	0	0	0	0.0
0.0755866561682	0.22514619883	44	0	0	0	0	0.0
0.0756529266062	0.2261208577	45	0	0	0	0	0.0
0.0783159713235	0.2261208577	46	0	0	0	0	0.0
0.0786908783785	0.227095516569	47	0	0	0	0	0.0
0.0789468218189	0.228070175439	48	0	0	0	0	0.0
0.0794613380295	0.227095516569	49	0	0	0	0	0.0
0.079740002681	0.227095516569	50	0	0	0	0	0.0
0.080282280921	0.228070175439	51	0	0	0	0	0.0
0.0806025734722	0.229044834308	52	0	0	0	0	0.0
0.0807237275223	0.230019493177	53	0	0	0	0	0.0
0.0812467941572	0.230994152047	54	0	0	0	0	0.0
0.0822295922271	0.231968810916	55	0	0	0	0	0.0
0.0825617489058	0.232943469786	56	0	0	0	0	0.0
0.0839902131854	0.232943469786	57	0	0	0	0	0.0
0.0846012304548	0.233918128655	58	0	0	0	0	0.0
0.0855020222379	0.234892787524	59	0	0	0	0	0.0
0.086950053969	0.234892787524	60	0	0	0	0	0.0
0.0877266695335	0.235867446394	61	0	0	0	0	0.0
0.089130212165	0.235867446394	62	0	0	0	0	0.0
0.0894929995311	0.236842105263	63	0	0	0	0	0.0
0.0909910208831	0.237816764133	64	0	0	0	0	0.0
0.0915617684505	0.238791423002	65	0	0	0	0	0.0
0.0943622583004	0.239766081871	66	0	0	0	0	0.0
0.0946990591015	0.240740740741	67	0	0	0	0	0.0
0.0970475029523	0.240740740741	68	0	0	0	0	0.0
0.101150509459	0.240740740741	69	0	0	0	0	0.0
0.10184844475	0.24171539961	70	0	0	0	0	0.0
0.104515850202	0.24269005848	71	0	0	0	0	0.0
0.105767648434	0.243664717349	72	0	0	0	0	0.0
0.106292818611	0.243664717349	73	0	0	0	0	0.0
0.106545490694	0.244639376218	74	0	0	0	0	0.0
0.107621676243	0.245614035088	75	0	0	0	0	0.0
0.109896193877	0.246588693957	76	0	0	0	0	0.0
0.111897035202	0.246588693957	77	0	0	0	0	0.0
0.112385270964	0.245614035088	78	0	0	0	0	0.0
0.113076953087	0.246588693957	79	0	0	0	0	0.0
0.114147696065	0.247563352827	80	0	0	0	0	0.0
0.115128517279	0.248538011696	81	0	0	0	0	0.0
0.115980452834	0.249512670565	82	0	0	0	0	0.0
0.117082525703	0.249512670565	83	0	0	0	0	0.0
0.12098730707	0.250487329435	84	0	0	0	0	0.0
0.122683598438	0.251461988304	85	0	0	0	0	0.0
0.12776251659	0.251461988304	86	0	0	0	0	0.0
0.135646478742	0.252436647173	87	0	0	0	0	0.0
0.135904707184	0.253411306043	88	0	0	0	0	0.0
0.136682265285	0.254385964912	89	0	0	0	0	0.0
0.139218512956	0.255360623782	90	0	0	0	0	0.0
0.139689273754	0.256335282651	91	0	0	0	0	0.0
0.139879339692	0.25730994152	92	0	0	0	0	0.0
0.140734477202	0.25828460039	93	0	0	0	0	0.0
0.144099043103	0.259259259259	94	0	0	0	0	0.0
0.144103659351	0.260233918129	95	0	0	0	0	0.0
0.148361531342	0.261208576998	96	0	0	0	0	0.0
0.148870920988	0.262183235867	97	0	0	0	0	0.0
0.149011892812	0.262183235867	98	0	0	0	0	0.0
0.149576726244	0.263157894737	99	0	0	0	0	0.0
0.151087436415	0.264132553606	100	0	0	0	0	0.0
0.151479593859	0.265107212476	101	0	0	0	0	0.0
0.151988908604	0.266081871345	102	0	0	0	0	0.0
0.152410257268	0.266081871345	103	0	0	0	0	0.0
0.152881900548	0.267056530214	104	0	0	0	0	0.0
0.153531015614	0.268031189084	105	0	0	0	0	0.0
0.155665698459	0.269005847953	106	0	0	0	0	0.0
0.156887711754	0.269980506823	107	0	0	0	0	0.0
0.158904827562	0.269980506823	108	0	0	0	0	0.0
0.161265564165	0.269005847953	109	0	0	0	0	0.0
0.161698453555	0.269980506823	110	0	0	0	0	0.0
0.162153192519	0.269980506823	111	0	0	0	0	0.0
0.162215429941	0.270955165692	112	0	0	0	0	0.0
0.162993582114	0.271929824561	113	0	0	0	0	0.0
0.163231369777	0.270955165692	114	0	0	0	0	0.0
0.166656640717	0.270955165692	115	0	0	0	0	0.0
0.16752479355	0.271929824561	116	0	0	0	0	0.0
0.167592085144	0.271929824561	117	0	0	0	0	0.0
0.171775176573	0.272904483431	118	0	0	0	0	0.0
0.173408410573	0.2738791423	119	0	0	0	0	0.0
0.173438761247	0.27485380117	120	0	0	0	0	0.0
0.174080914969	0.27485380117	121	0	0	0	0	0.0
0.17650121707	0.275828460039	122	0	0	0	0	0.0
0.176507201155	0.27485380117	123	0	0	0	0	0.0
0.177594760698	0.275828460039	124	0	0	0	0	0.0
0.178113299629	0.276803118908	125	0	0	0	0	0.0
0.181393892689	0.277777777778	126	0	0	0	0	0.0
0.184233921387	0.278752436647	127	0	0	0	0	0.0
0.195183613308	0.279727095517	128	0	0	0	0	0.0
0.198577804518	0.280701754386	129	0	0	0	0	0.0
0.199674725851	0.281676413255	130	0	0	0	0	0.0
0.201248283238	0.282651072125	131	0	0	0	0	0.0
0.202906523969	0.283625730994	132	0	0	0	0	0.0
0.204672769792	0.283625730994	133	0	0	0	0	0.0
0.204872497208	0.284600389864	134	0	0	0	0	0.0
0.207706290476	0.285575048733	135	0	0	0	0	0.0
0.208208654503	0.286549707602	136	0	0	0	0	0.0
0.208973049808	0.287524366472	137	0	0	0	0	0.0
