# time 	 divergence 	 # of mutations 	 # IGC chances 	 IGC length 	 # IGC failures 	 Changes due to IGC  	 % change due to IGC 
0.0	0.433333333333	0	0	0	0	0	0.0
0.000409468603147	0.432258064516	1	0	0	0	0	0.0
0.00239931590504	0.431182795699	2	0	0	0	0	0.0
0.00248566273873	0.430107526882	3	0	0	0	0	0.0
0.0028075029147	0.431182795699	4	0	0	0	0	0.0
0.00418597088763	0.432258064516	5	0	0	0	0	0.0
0.00519734126325	0.432258064516	6	0	0	0	0	0.0
0.00575627063488	0.431182795699	7	0	0	0	0	0.0
0.00604219176701	0.430107526882	8	0	0	0	0	0.0
0.00651947925975	0.431182795699	9	0	0	0	0	0.0
0.00664278253314	0.431182795699	10	0	0	0	0	0.0
0.00688035507686	0.432258064516	11	0	0	0	0	0.0
0.00946802540371	0.433333333333	12	0	0	0	0	0.0
0.0160057913875	0.434408602151	13	0	0	0	0	0.0
0.0160984090677	0.433333333333	14	0	0	0	0	0.0
0.0161017368458	0.433333333333	15	0	0	0	0	0.0
0.0168174909268	0.434408602151	16	0	0	0	0	0.0
0.0192442798655	0.388172043011	16	1	69	0	43	0.728813559322
0.0201365110724	0.389247311828	17	1	69	0	43	0.716666666667
0.0205594758055	0.388172043011	18	1	69	0	43	0.704918032787
0.0224243012556	0.389247311828	19	1	69	0	43	0.693548387097
0.0260995815962	0.390322580645	20	1	69	0	43	0.68253968254
0.0262870978	0.390322580645	21	1	69	0	43	0.671875
0.0268198586101	0.389247311828	22	1	69	0	43	0.661538461538
0.0272492892406	0.390322580645	23	1	69	0	43	0.651515151515
0.0277845054994	0.391397849462	24	1	69	0	43	0.641791044776
0.0331049239853	0.39247311828	25	1	69	0	43	0.632352941176
0.0346915490668	0.393548387097	26	1	69	0	43	0.623188405797
0.0358022237544	0.394623655914	27	1	69	0	43	0.614285714286
0.0366752555573	0.393548387097	28	1	69	0	43	0.605633802817
0.0369065645123	0.394623655914	29	1	69	0	43	0.597222222222
0.0376778006774	0.395698924731	30	1	69	0	43	0.58904109589
0.0432257830078	0.395698924731	31	1	69	0	43	0.581081081081
0.0459574531738	0.396774193548	32	1	69	0	43	0.573333333333
0.0461739136791	0.396774193548	33	1	69	0	43	0.565789473684
0.046846318901	0.396774193548	34	1	69	0	43	0.558441558442
0.0505649916468	0.396774193548	35	1	69	0	43	0.551282051282
0.0534743710473	0.397849462366	36	1	69	0	43	0.544303797468
0.0550993415671	0.397849462366	37	1	69	0	43	0.5375
0.0600433973338	0.398924731183	38	1	69	0	43	0.530864197531
0.0622605401489	0.4	39	1	69	0	43	0.524390243902
0.0669400700391	0.4	40	1	69	0	43	0.518072289157
0.0674245103021	0.398924731183	41	1	69	0	43	0.511904761905
0.0689337816146	0.398924731183	42	1	69	0	43	0.505882352941
0.0711002764724	0.398924731183	43	1	69	0	43	0.5
0.0715853038079	0.398924731183	44	1	69	0	43	0.494252873563
0.0749123103399	0.4	45	1	69	0	43	0.488636363636
0.0848444157291	0.4	46	1	69	0	43	0.483146067416
0.0923047060956	0.4	47	1	69	0	43	0.477777777778
0.0927807204012	0.401075268817	48	1	69	0	43	0.472527472527
0.0936141558863	0.4	49	1	69	0	43	0.467391304348
0.0942612421054	0.401075268817	50	1	69	0	43	0.462365591398
0.0955968797185	0.4	51	1	69	0	43	0.457446808511
0.0963594799925	0.398924731183	52	1	69	0	43	0.452631578947
0.0985917728385	0.4	53	1	69	0	43	0.447916666667
0.112266710542	0.401075268817	54	1	69	0	43	0.443298969072
0.113132242049	0.402150537634	55	1	69	0	43	0.438775510204
0.113195109663	0.402150537634	56	1	69	0	43	0.434343434343
0.113730849976	0.402150537634	57	1	69	0	43	0.43
0.114400611585	0.402150537634	58	1	69	0	43	0.425742574257
0.1150049387	0.402150537634	59	1	69	0	43	0.421568627451
0.116633620217	0.403225806452	60	1	69	0	43	0.417475728155
0.117888047706	0.404301075269	61	1	69	0	43	0.413461538462
0.119063751447	0.405376344086	62	1	69	0	43	0.409523809524
0.124008276801	0.405376344086	63	1	69	0	43	0.405660377358
0.124434147756	0.406451612903	64	1	69	0	43	0.401869158879
0.125271522397	0.40752688172	65	1	69	0	43	0.398148148148
0.126634450402	0.408602150538	66	1	69	0	43	0.394495412844
0.127341768582	0.409677419355	67	1	69	0	43	0.390909090909
0.127402808765	0.408602150538	68	1	69	0	43	0.387387387387
0.132659696847	0.409677419355	69	1	69	0	43	0.383928571429
0.135630083339	0.409677419355	70	1	69	0	43	0.380530973451
0.138956249534	0.410752688172	71	1	69	0	43	0.377192982456
0.14278158529	0.411827956989	72	1	69	0	43	0.373913043478
0.144186924007	0.411827956989	73	1	69	0	43	0.370689655172
0.145106214324	0.412903225806	74	1	69	0	43	0.367521367521
0.147109943864	0.411827956989	75	1	69	0	43	0.364406779661
0.147260265946	0.412903225806	76	1	69	0	43	0.361344537815
0.148882782419	0.413978494624	77	1	69	0	43	0.358333333333
0.152260226996	0.413978494624	78	1	69	0	43	0.355371900826
0.153122840567	0.415053763441	79	1	69	0	43	0.352459016393
0.15711131484	0.416129032258	80	1	69	0	43	0.349593495935
0.160711551361	0.417204301075	81	1	69	0	43	0.346774193548
0.160806097878	0.416129032258	82	1	69	0	43	0.344
0.160983594368	0.417204301075	83	1	69	0	43	0.34126984127
0.162462046592	0.418279569892	84	1	69	0	43	0.338582677165
0.164950477012	0.41935483871	85	1	69	0	43	0.3359375
0.168980084904	0.420430107527	86	1	69	0	43	0.333333333333
0.169827334361	0.421505376344	87	1	69	0	43	0.330769230769
0.170237430174	0.422580645161	88	1	69	0	43	0.328244274809
0.171995895957	0.423655913978	89	1	69	0	43	0.325757575758
0.174307216158	0.423655913978	90	1	69	0	43	0.323308270677
0.175667125807	0.424731182796	91	1	69	0	43	0.320895522388
0.176425650168	0.425806451613	92	1	69	0	43	0.318518518519
0.180490085251	0.42688172043	93	1	69	0	43	0.316176470588
0.181157347734	0.427956989247	94	1	69	0	43	0.313868613139
0.186583047624	0.427956989247	95	1	69	0	43	0.311594202899
0.189745550614	0.429032258065	96	1	69	0	43	0.309352517986
0.193777651738	0.430107526882	97	1	69	0	43	0.307142857143
0.194333009985	0.430107526882	98	1	69	0	43	0.304964539007
0.194513254993	0.431182795699	99	1	69	0	43	0.302816901408
0.196245394265	0.431182795699	100	1	69	0	43	0.300699300699
0.19801750023	0.431182795699	101	1	69	0	43	0.298611111111
0.198339577688	0.432258064516	102	1	69	0	43	0.296551724138
0.203339226621	0.433333333333	103	1	69	0	43	0.294520547945
