# time 	 divergence 	 # of mutations 	 # IGC chances 	 IGC length 	 # IGC failures 	 Changes due to IGC  	 % change due to IGC 
0.0	0.363547758285	0	0	0	0	0	0.0
0.000460583391552	0.364522417154	1	0	0	0	0	0.0
0.00149757358481	0.363547758285	2	0	0	0	0	0.0
0.00235765778986	0.364522417154	3	0	0	0	0	0.0
0.00282453101543	0.364522417154	4	0	0	0	0	0.0
0.00392910892626	0.365497076023	5	0	0	0	0	0.0
0.00452009155869	0.366471734893	6	0	0	0	0	0.0
0.00462853119429	0.367446393762	7	0	0	0	0	0.0
0.00481543030927	0.368421052632	8	0	0	0	0	0.0
0.00583275245017	0.369395711501	9	0	0	0	0	0.0
0.00847346691349	0.369395711501	10	0	0	0	0	0.0
0.00863376682549	0.37037037037	11	0	0	0	0	0.0
0.00873440000035	0.37134502924	12	0	0	0	0	0.0
0.00942374407871	0.372319688109	13	0	0	0	0	0.0
0.00977711388966	0.373294346979	14	0	0	0	0	0.0
0.0109111715307	0.374269005848	15	0	0	0	0	0.0
0.0120291530989	0.375243664717	16	0	0	0	0	0.0
0.0121777153573	0.376218323587	17	0	0	0	0	0.0
0.012702307944	0.377192982456	18	0	0	0	0	0.0
0.0136442371698	0.376218323587	19	0	0	0	0	0.0
0.0151105712019	0.376218323587	20	0	0	0	0	0.0
0.0155299091455	0.377192982456	21	0	0	0	0	0.0
0.0170812412367	0.378167641326	22	0	0	0	0	0.0
0.0173495595854	0.379142300195	23	0	0	0	0	0.0
0.0175563895817	0.380116959064	24	0	0	0	0	0.0
0.018323646192	0.381091617934	25	0	0	0	0	0.0
0.0214157105218	0.382066276803	26	0	0	0	0	0.0
0.0221357038701	0.382066276803	27	0	0	0	0	0.0
0.0229362632362	0.383040935673	28	0	0	0	0	0.0
0.0236154437587	0.382066276803	29	0	0	0	0	0.0
0.0260832452701	0.383040935673	30	0	0	0	0	0.0
0.0285387170633	0.384015594542	31	0	0	0	0	0.0
0.0287440819434	0.378167641326	31	1	36	0	6	0.162162162162
0.0289368110117	0.379142300195	32	1	36	0	6	0.157894736842
0.0331455927864	0.378167641326	33	1	36	0	6	0.153846153846
0.0333872408899	0.378167641326	34	1	36	0	6	0.15
0.0348634022991	0.379142300195	35	1	36	0	6	0.146341463415
0.0379742484621	0.380116959064	36	1	36	0	6	0.142857142857
0.0380190210034	0.381091617934	37	1	36	0	6	0.139534883721
0.0385596265401	0.380116959064	38	1	36	0	6	0.136363636364
0.0408363289605	0.380116959064	39	1	36	0	6	0.133333333333
0.0409628516843	0.380116959064	40	1	36	0	6	0.130434782609
0.0443658427281	0.381091617934	41	1	36	0	6	0.127659574468
0.0458974141637	0.381091617934	42	1	36	0	6	0.125
0.0523229672721	0.381091617934	43	1	36	0	6	0.122448979592
0.054606569944	0.381091617934	44	1	36	0	6	0.12
0.0555487447773	0.380116959064	45	1	36	0	6	0.117647058824
0.0556871298116	0.381091617934	46	1	36	0	6	0.115384615385
0.0569940275211	0.382066276803	47	1	36	0	6	0.11320754717
0.0593666498805	0.383040935673	48	1	36	0	6	0.111111111111
0.0609168208505	0.384015594542	49	1	36	0	6	0.109090909091
0.0618312737619	0.384990253411	50	1	36	0	6	0.107142857143
0.0636140528157	0.385964912281	51	1	36	0	6	0.105263157895
0.0638484747872	0.38693957115	52	1	36	0	6	0.103448275862
0.0663665339432	0.385964912281	53	1	36	0	6	0.101694915254
0.0663754631792	0.38693957115	54	1	36	0	6	0.1
0.0664981883201	0.387914230019	55	1	36	0	6	0.0983606557377
0.0674612671761	0.388888888889	56	1	36	0	6	0.0967741935484
0.0687076365288	0.388888888889	57	1	36	0	6	0.0952380952381
0.0687550640846	0.389863547758	58	1	36	0	6	0.09375
0.0721719786918	0.390838206628	59	1	36	0	6	0.0923076923077
0.0761185119099	0.391812865497	60	1	36	0	6	0.0909090909091
0.0771948425434	0.392787524366	61	1	36	0	6	0.089552238806
0.0812892933033	0.392787524366	62	1	36	0	6	0.0882352941176
0.0813597051819	0.393762183236	63	1	36	0	6	0.0869565217391
0.0833087757481	0.393762183236	64	1	36	0	6	0.0857142857143
0.0863927509054	0.392787524366	65	1	36	0	6	0.0845070422535
0.0894254369949	0.392787524366	66	1	36	0	6	0.0833333333333
0.090897997001	0.391812865497	67	1	36	0	6	0.0821917808219
0.0934266564614	0.391812865497	68	1	36	0	6	0.0810810810811
0.0947059762307	0.392787524366	69	1	36	0	6	0.08
0.0956064005608	0.393762183236	70	1	36	0	6	0.0789473684211
0.102118936514	0.393762183236	71	1	36	0	6	0.0779220779221
0.112321440779	0.394736842105	72	1	36	0	6	0.0769230769231
0.112572859828	0.393762183236	73	1	36	0	6	0.0759493670886
0.115028653031	0.394736842105	74	1	36	0	6	0.075
0.115876524022	0.395711500975	75	1	36	0	6	0.0740740740741
0.116362004977	0.396686159844	76	1	36	0	6	0.0731707317073
0.118967604618	0.397660818713	77	1	36	0	6	0.0722891566265
0.119902667302	0.397660818713	78	1	36	0	6	0.0714285714286
0.120971854652	0.398635477583	79	1	36	0	6	0.0705882352941
0.122007801228	0.398635477583	80	1	36	0	6	0.0697674418605
0.127235071796	0.399610136452	81	1	36	0	6	0.0689655172414
0.130894743488	0.399610136452	82	1	36	0	6	0.0681818181818
0.132271479914	0.399610136452	83	1	36	0	6	0.0674157303371
0.133205817883	0.400584795322	84	1	36	0	6	0.0666666666667
0.133531142515	0.401559454191	85	1	36	0	6	0.0659340659341
0.133773278625	0.401559454191	86	1	36	0	6	0.0652173913043
0.133937617924	0.40253411306	87	1	36	0	6	0.0645161290323
0.135841642242	0.40350877193	88	1	36	0	6	0.063829787234
0.13723535306	0.404483430799	89	1	36	0	6	0.0631578947368
0.137626702833	0.405458089669	90	1	36	0	6	0.0625
0.140365239282	0.406432748538	91	1	36	0	6	0.0618556701031
0.140795872477	0.406432748538	92	1	36	0	6	0.0612244897959
0.143076156489	0.406432748538	93	1	36	0	6	0.0606060606061
0.144167322987	0.407407407407	94	1	36	0	6	0.06
0.146338567805	0.408382066277	95	1	36	0	6	0.0594059405941
0.146682498805	0.409356725146	96	1	36	0	6	0.0588235294118
0.147883251466	0.410331384016	97	1	36	0	6	0.0582524271845
0.151577032924	0.410331384016	98	1	36	0	6	0.0576923076923
0.151785827778	0.410331384016	99	1	36	0	6	0.0571428571429
0.151843110782	0.410331384016	100	1	36	0	6	0.0566037735849
0.158722400155	0.410331384016	101	1	36	0	6	0.0560747663551
0.160761554293	0.410331384016	102	1	36	0	6	0.0555555555556
0.161914382543	0.411306042885	103	1	36	0	6	0.0550458715596
0.165910270389	0.412280701754	104	1	36	0	6	0.0545454545455
0.167211227723	0.413255360624	105	1	36	0	6	0.0540540540541
0.172079325284	0.414230019493	106	1	36	0	6	0.0535714285714
0.176719626956	0.415204678363	107	1	36	0	6	0.0530973451327
0.176886122261	0.416179337232	108	1	36	0	6	0.0526315789474
0.180965102926	0.417153996101	109	1	36	0	6	0.0521739130435
0.181589040932	0.417153996101	110	1	36	0	6	0.051724137931
0.18372652153	0.418128654971	111	1	36	0	6	0.0512820512821
0.187297359603	0.41910331384	112	1	36	0	6	0.0508474576271
0.18888536043	0.42007797271	113	1	36	0	6	0.0504201680672
0.189296762457	0.41910331384	114	1	36	0	6	0.05
0.189636872824	0.418128654971	115	1	36	0	6	0.0495867768595
0.191027308583	0.41910331384	116	1	36	0	6	0.0491803278689
0.191635640761	0.41910331384	117	1	36	0	6	0.0487804878049
0.191874814759	0.42007797271	118	1	36	0	6	0.0483870967742
0.194968669482	0.42007797271	119	1	36	0	6	0.048
0.195903474263	0.421052631579	120	1	36	0	6	0.047619047619
0.197163794797	0.422027290448	121	1	36	0	6	0.0472440944882
0.197700491522	0.423001949318	122	1	36	0	6	0.046875
0.199355883351	0.423976608187	123	1	36	0	6	0.046511627907
0.203232937981	0.423976608187	124	1	36	0	6	0.0461538461538
0.206060094907	0.423976608187	125	1	36	0	6	0.0458015267176
0.206465492809	0.424951267057	126	1	36	0	6	0.0454545454545
0.206599332036	0.425925925926	127	1	36	0	6	0.0451127819549
0.207558205273	0.424951267057	128	1	36	0	6	0.044776119403
0.207791647007	0.425925925926	129	1	36	0	6	0.0444444444444
0.210510190169	0.425925925926	130	1	36	0	6	0.0441176470588
0.21106791462	0.425925925926	131	1	36	0	6	0.043795620438
0.211299150232	0.426900584795	132	1	36	0	6	0.0434782608696
0.211951591944	0.426900584795	133	1	36	0	6	0.0431654676259
0.214077113555	0.425925925926	134	1	36	0	6	0.0428571428571
0.214876343638	0.426900584795	135	1	36	0	6	0.0425531914894
0.219425473231	0.427875243665	136	1	36	0	6	0.0422535211268
0.219589218624	0.428849902534	137	1	36	0	6	0.041958041958
0.222142464136	0.429824561404	138	1	36	0	6	0.0416666666667
0.226826001028	0.429824561404	139	1	36	0	6	0.0413793103448
0.227186036416	0.428849902534	140	1	36	0	6	0.041095890411
0.229822822417	0.429824561404	141	1	36	0	6	0.0408163265306
0.232913592624	0.430799220273	142	1	36	0	6	0.0405405405405
0.234211630201	0.430799220273	143	1	36	0	6	0.0402684563758
0.234981378785	0.431773879142	144	1	36	0	6	0.04
0.235872337031	0.432748538012	145	1	36	0	6	0.0397350993377
0.238378644777	0.432748538012	146	1	36	0	6	0.0394736842105
0.239825522801	0.433723196881	147	1	36	0	6	0.0392156862745
0.240048713298	0.432748538012	148	1	36	0	6	0.038961038961
0.240225448619	0.432748538012	149	1	36	0	6	0.0387096774194
0.241367989474	0.433723196881	150	1	36	0	6	0.0384615384615
0.242570710288	0.433723196881	151	1	36	0	6	0.0382165605096
0.243624163953	0.43469785575	152	1	36	0	6	0.0379746835443
0.243793909573	0.43567251462	153	1	36	0	6	0.0377358490566
0.244359893078	0.436647173489	154	1	36	0	6	0.0375
0.245284991128	0.43567251462	155	1	36	0	6	0.0372670807453
0.24813691617	0.43567251462	156	1	36	0	6	0.037037037037
0.250897527786	0.436647173489	157	1	36	0	6	0.0368098159509
0.251255571405	0.437621832359	158	1	36	0	6	0.0365853658537
0.251712619007	0.438596491228	159	1	36	0	6	0.0363636363636
0.252448813236	0.439571150097	160	1	36	0	6	0.0361445783133
0.252871156293	0.440545808967	161	1	36	0	6	0.0359281437126
0.253176877663	0.440545808967	162	1	36	0	6	0.0357142857143
0.254211372284	0.441520467836	163	1	36	0	6	0.0355029585799
0.2554549078	0.441520467836	164	1	36	0	6	0.0352941176471
0.257712572323	0.442495126706	165	1	36	0	6	0.0350877192982
0.258209030993	0.441520467836	166	1	36	0	6	0.0348837209302
0.25980078042	0.442495126706	167	1	36	0	6	0.0346820809249
0.260335164899	0.442495126706	168	1	36	0	6	0.0344827586207
0.261043412517	0.443469785575	169	1	36	0	6	0.0342857142857
0.262832866516	0.443469785575	170	1	36	0	6	0.0340909090909
0.265983240776	0.443469785575	171	1	36	0	6	0.0338983050847
0.266581465684	0.443469785575	172	1	36	0	6	0.0337078651685
0.271852322362	0.444444444444	173	1	36	0	6	0.0335195530726
0.272284263942	0.443469785575	174	1	36	0	6	0.0333333333333
0.273376513743	0.443469785575	175	1	36	0	6	0.0331491712707
0.27401819696	0.442495126706	176	1	36	0	6	0.032967032967
0.274165416866	0.441520467836	177	1	36	0	6	0.0327868852459
0.275236934494	0.442495126706	178	1	36	0	6	0.0326086956522
0.275453233837	0.441520467836	179	1	36	0	6	0.0324324324324
0.277491693414	0.441520467836	180	1	36	0	6	0.0322580645161
0.27893306226	0.442495126706	181	1	36	0	6	0.0320855614973
0.280637373608	0.442495126706	182	1	36	0	6	0.031914893617
0.280662695844	0.441520467836	183	1	36	0	6	0.031746031746
0.282037082521	0.442495126706	184	1	36	0	6	0.0315789473684
0.282492828011	0.442495126706	185	1	36	0	6	0.0314136125654
0.283177725837	0.442495126706	186	1	36	0	6	0.03125
0.283470736751	0.443469785575	187	1	36	0	6	0.0310880829016
0.284320173647	0.442495126706	188	1	36	0	6	0.0309278350515
0.284618309464	0.442495126706	189	1	36	0	6	0.0307692307692
0.285281898572	0.442495126706	190	1	36	0	6	0.030612244898
0.285512686299	0.443469785575	191	1	36	0	6	0.0304568527919
0.287547179647	0.443469785575	192	1	36	0	6	0.030303030303
0.291656025885	0.444444444444	193	1	36	0	6	0.0301507537688
0.293621139551	0.444444444444	194	1	36	0	6	0.03
0.29463237035	0.443469785575	195	1	36	0	6	0.0298507462687
0.294757697487	0.444444444444	196	1	36	0	6	0.029702970297
0.295748483658	0.445419103314	197	1	36	0	6	0.0295566502463
0.29928536444	0.444444444444	198	1	36	0	6	0.0294117647059
0.302875287171	0.443469785575	199	1	36	0	6	0.0292682926829
0.303233267422	0.444444444444	200	1	36	0	6	0.0291262135922
0.304663300964	0.444444444444	201	1	36	0	6	0.0289855072464
0.304705740438	0.444444444444	202	1	36	0	6	0.0288461538462
0.307457814556	0.445419103314	203	1	36	0	6	0.0287081339713
0.307704351439	0.446393762183	204	1	36	0	6	0.0285714285714
0.307943386032	0.446393762183	205	1	36	0	6	0.0284360189573
0.315887756403	0.446393762183	206	1	36	0	6	0.0283018867925
0.319569723535	0.447368421053	207	1	36	0	6	0.0281690140845
0.319605710283	0.446393762183	208	1	36	0	6	0.0280373831776
0.321220630866	0.447368421053	209	1	36	0	6	0.0279069767442
0.32187577507	0.446393762183	210	1	36	0	6	0.0277777777778
0.322207091338	0.445419103314	211	1	36	0	6	0.0276497695853
0.324205870309	0.446393762183	212	1	36	0	6	0.0275229357798
0.325999932505	0.446393762183	213	1	36	0	6	0.027397260274
0.326430021218	0.447368421053	214	1	36	0	6	0.0272727272727
0.327183644249	0.446393762183	215	1	36	0	6	0.027149321267
0.327797681843	0.447368421053	216	1	36	0	6	0.027027027027
0.329017409217	0.446393762183	217	1	36	0	6	0.0269058295964
0.329197738728	0.447368421053	218	1	36	0	6	0.0267857142857
0.329632748495	0.448343079922	219	1	36	0	6	0.0266666666667
0.329774814028	0.449317738791	220	1	36	0	6	0.0265486725664
0.329983561903	0.450292397661	221	1	36	0	6	0.0264317180617
0.331580544968	0.45126705653	222	1	36	0	6	0.0263157894737
0.333215643233	0.4522417154	223	1	36	0	6	0.0262008733624
0.337568302096	0.4522417154	224	1	36	0	6	0.0260869565217
0.338376689731	0.4522417154	225	1	36	0	6	0.025974025974
0.338637000261	0.4522417154	226	1	36	0	6	0.0258620689655
0.340722177722	0.453216374269	227	1	36	0	6	0.0257510729614
0.341127766371	0.4522417154	228	1	36	0	6	0.025641025641
0.343989260414	0.453216374269	229	1	36	0	6	0.0255319148936
0.344935491831	0.454191033138	230	1	36	0	6	0.0254237288136
0.347074608597	0.454191033138	231	1	36	0	6	0.0253164556962
0.348644056888	0.454191033138	232	1	36	0	6	0.0252100840336
0.350689004524	0.454191033138	233	1	36	0	6	0.0251046025105
0.351058955108	0.454191033138	234	1	36	0	6	0.025
0.353365546262	0.454191033138	235	1	36	0	6	0.0248962655602
0.355601494999	0.455165692008	236	1	36	0	6	0.0247933884298
0.356080751692	0.456140350877	237	1	36	0	6	0.0246913580247
0.35895394249	0.457115009747	238	1	36	0	6	0.0245901639344
0.359505502208	0.458089668616	239	1	36	0	6	0.0244897959184
0.360903364738	0.365497076023	239	2	300	0	101	0.297058823529
0.362106093538	0.366471734893	240	2	300	0	101	0.296187683284
0.362531761709	0.367446393762	241	2	300	0	101	0.295321637427
0.364006509574	0.368421052632	242	2	300	0	101	0.294460641399
0.364518214257	0.368421052632	243	2	300	0	101	0.293604651163
0.365485776975	0.369395711501	244	2	300	0	101	0.292753623188
0.370932793451	0.37037037037	245	2	300	0	101	0.291907514451
0.373800853216	0.369395711501	246	2	300	0	101	0.291066282421
0.376371165536	0.369395711501	247	2	300	0	101	0.290229885057
0.378311227425	0.37037037037	248	2	300	0	101	0.289398280802
0.381073575535	0.37134502924	249	2	300	0	101	0.288571428571
0.381305301922	0.372319688109	250	2	300	0	101	0.287749287749
0.382174585007	0.373294346979	251	2	300	0	101	0.286931818182
0.382393162069	0.374269005848	252	2	300	0	101	0.28611898017
0.383532158159	0.375243664717	253	2	300	0	101	0.285310734463
0.383626817712	0.376218323587	254	2	300	0	101	0.284507042254
0.383796001179	0.377192982456	255	2	300	0	101	0.283707865169
0.385295605004	0.378167641326	256	2	300	0	101	0.282913165266
0.386761464096	0.379142300195	257	2	300	0	101	0.282122905028
0.387087896635	0.380116959064	258	2	300	0	101	0.281337047354
0.393797148378	0.381091617934	259	2	300	0	101	0.280555555556
0.394873422895	0.380116959064	260	2	300	0	101	0.279778393352
0.39523046293	0.381091617934	261	2	300	0	101	0.279005524862
0.395605760519	0.381091617934	262	2	300	0	101	0.278236914601
0.39902606585	0.382066276803	263	2	300	0	101	0.277472527473
0.399038424603	0.383040935673	264	2	300	0	101	0.276712328767
0.401505042895	0.382066276803	265	2	300	0	101	0.275956284153
0.402138852553	0.383040935673	266	2	300	0	101	0.275204359673
0.408131166128	0.384015594542	267	2	300	0	101	0.274456521739
0.40959362336	0.383040935673	268	2	300	0	101	0.273712737127
0.411284977569	0.383040935673	269	2	300	0	101	0.272972972973
0.412395723204	0.384015594542	270	2	300	0	101	0.272237196765
0.413499041204	0.383040935673	271	2	300	0	101	0.271505376344
0.417716939312	0.384015594542	272	2	300	0	101	0.270777479893
0.418277946319	0.384015594542	273	2	300	0	101	0.270053475936
0.419847781149	0.383040935673	274	2	300	0	101	0.269333333333
0.420153506882	0.382066276803	275	2	300	0	101	0.268617021277
0.420432208474	0.383040935673	276	2	300	0	101	0.267904509284
0.423228393762	0.384015594542	277	2	300	0	101	0.267195767196
0.427948245233	0.384990253411	278	2	300	0	101	0.266490765172
0.428383837849	0.384990253411	279	2	300	0	101	0.265789473684
0.432032784763	0.385964912281	280	2	300	0	101	0.265091863517
0.433245023118	0.384990253411	281	2	300	0	101	0.264397905759
0.434116510751	0.384990253411	282	2	300	0	101	0.263707571802
0.435057425017	0.384015594542	283	2	300	0	101	0.263020833333
0.440826855554	0.383040935673	284	2	300	0	101	0.262337662338
0.441286831806	0.382066276803	285	2	300	0	101	0.261658031088
0.441577073271	0.383040935673	286	2	300	0	101	0.260981912145
0.442538051866	0.382066276803	287	2	300	0	101	0.260309278351
0.44324546471	0.383040935673	288	2	300	0	101	0.259640102828
0.444239874744	0.384015594542	289	2	300	0	101	0.258974358974
0.445189081023	0.384015594542	290	2	300	0	101	0.25831202046
0.445548767275	0.384990253411	291	2	300	0	101	0.257653061224
0.446315452052	0.385964912281	292	2	300	0	101	0.256997455471
0.446372368649	0.384990253411	293	2	300	0	101	0.256345177665
0.446430259123	0.385964912281	294	2	300	0	101	0.255696202532
0.447004258097	0.38693957115	295	2	300	0	101	0.255050505051
0.448120376551	0.387914230019	296	2	300	0	101	0.254408060453
0.449443433336	0.388888888889	297	2	300	0	101	0.253768844221
0.451268400605	0.388888888889	298	2	300	0	101	0.25313283208
0.451517023408	0.388888888889	299	2	300	0	101	0.2525
0.451568461853	0.389863547758	300	2	300	0	101	0.25187032419
0.455588559845	0.388888888889	301	2	300	0	101	0.251243781095
0.456374471171	0.389863547758	302	2	300	0	101	0.250620347395
0.457942367383	0.390838206628	303	2	300	0	101	0.25
0.45926367118	0.391812865497	304	2	300	0	101	0.249382716049
0.464486321331	0.390838206628	305	2	300	0	101	0.248768472906
0.466193585148	0.391812865497	306	2	300	0	101	0.248157248157
0.467979786577	0.392787524366	307	2	300	0	101	0.247549019608
0.468004838265	0.393762183236	308	2	300	0	101	0.246943765281
0.471054896278	0.394736842105	309	2	300	0	101	0.246341463415
0.472307778696	0.395711500975	310	2	300	0	101	0.245742092457
0.473313259357	0.396686159844	311	2	300	0	101	0.245145631068
0.477064795804	0.397660818713	312	2	300	0	101	0.244552058111
0.477382051129	0.397660818713	313	2	300	0	101	0.243961352657
0.479598640515	0.398635477583	314	2	300	0	101	0.243373493976
0.481062638456	0.398635477583	315	2	300	0	101	0.242788461538
0.481108369472	0.398635477583	316	2	300	0	101	0.242206235012
0.481552101923	0.399610136452	317	2	300	0	101	0.241626794258
0.481871167156	0.398635477583	318	2	300	0	101	0.241050119332
0.482333479346	0.399610136452	319	2	300	0	101	0.240476190476
0.483848773492	0.399610136452	320	2	300	0	101	0.239904988124
0.484890847191	0.400584795322	321	2	300	0	101	0.239336492891
0.485353106438	0.401559454191	322	2	300	0	101	0.238770685579
0.485938140387	0.401559454191	323	2	300	0	101	0.23820754717
0.487033810936	0.400584795322	324	2	300	0	101	0.237647058824
0.487862700163	0.401559454191	325	2	300	0	101	0.237089201878
0.488794182338	0.401559454191	326	2	300	0	101	0.236533957845
0.488866964669	0.401559454191	327	2	300	0	101	0.235981308411
0.489101890968	0.40253411306	328	2	300	0	101	0.235431235431
0.491600268437	0.40350877193	329	2	300	0	101	0.23488372093
0.492232714949	0.40253411306	330	2	300	0	101	0.2343387471
0.495586306116	0.40253411306	331	2	300	0	101	0.233796296296
0.496673553188	0.40350877193	332	2	300	0	101	0.233256351039
0.497413408575	0.404483430799	333	2	300	0	101	0.232718894009
0.498403380915	0.405458089669	334	2	300	0	101	0.232183908046
0.501297148775	0.405458089669	335	2	300	0	101	0.231651376147
0.502790515433	0.406432748538	336	2	300	0	101	0.231121281465
0.504003531859	0.407407407407	337	2	300	0	101	0.230593607306
0.510168172408	0.407407407407	338	2	300	0	101	0.23006833713
0.514094327132	0.408382066277	339	2	300	0	101	0.229545454545
0.516680325145	0.407407407407	340	2	300	0	101	0.229024943311
0.520624287357	0.408382066277	341	2	300	0	101	0.22850678733
0.521106232252	0.408382066277	342	2	300	0	101	0.227990970655
0.526737811111	0.409356725146	343	2	300	0	101	0.227477477477
0.526757091801	0.409356725146	344	2	300	0	101	0.226966292135
0.526778772358	0.410331384016	345	2	300	0	101	0.226457399103
0.527087575396	0.410331384016	346	2	300	0	101	0.225950782998
0.527200167182	0.411306042885	347	2	300	0	101	0.225446428571
0.528562982477	0.412280701754	348	2	300	0	101	0.224944320713
