# time 	 divergence 	 # of mutations 	 # IGC chances 	 IGC length 	 # IGC failures 	 Changes due to IGC  	 % change due to IGC 
0.0	0.679337231969	0	0	0	0	0	0.0
0.00297862329735	0.679337231969	1	0	0	0	0	0.0
0.00358502300144	0.680311890838	2	0	0	0	0	0.0
0.00583371703278	0.679337231969	3	0	0	0	0	0.0
0.0104596925087	0.680311890838	4	0	0	0	0	0.0
0.01311854926	0.681286549708	5	0	0	0	0	0.0
0.0145976651409	0.681286549708	6	0	0	0	0	0.0
0.0158105200796	0.680311890838	7	0	0	0	0	0.0
0.0166114831306	0.681286549708	8	0	0	0	0	0.0
0.017583782237	0.682261208577	9	0	0	0	0	0.0
0.0192343523722	0.681286549708	10	0	0	0	0	0.0
0.0198915144698	0.681286549708	11	0	0	0	0	0.0
0.0215724232424	0.681286549708	12	0	0	0	0	0.0
0.0241085044525	0.682261208577	13	0	0	0	0	0.0
0.0261037764274	0.682261208577	14	0	0	0	0	0.0
0.0261507936606	0.682261208577	15	0	0	0	0	0.0
0.026922684096	0.683235867446	16	0	0	0	0	0.0
0.0290355178496	0.682261208577	17	0	0	0	0	0.0
0.0300955902831	0.681286549708	18	0	0	0	0	0.0
0.0306763755959	0.681286549708	19	0	0	0	0	0.0
0.0314916689824	0.681286549708	20	0	0	0	0	0.0
0.0330045153054	0.681286549708	21	0	0	0	0	0.0
0.0360924749385	0.681286549708	22	0	0	0	0	0.0
0.0388462680121	0.681286549708	23	0	0	0	0	0.0
0.0399251299874	0.682261208577	24	0	0	0	0	0.0
0.0421894989605	0.683235867446	25	0	0	0	0	0.0
0.0435807240792	0.684210526316	26	0	0	0	0	0.0
0.0437163139183	0.683235867446	27	0	0	0	0	0.0
0.0437592623153	0.684210526316	28	0	0	0	0	0.0
0.045658970674	0.684210526316	29	0	0	0	0	0.0
0.0457332243131	0.684210526316	30	0	0	0	0	0.0
0.0525959954235	0.684210526316	31	0	0	0	0	0.0
0.0530131094874	0.685185185185	32	0	0	0	0	0.0
