# time 	 divergence 	 # of mutations 	 # IGC chances 	 IGC length 	 # IGC failures 	 Changes due to IGC  	 % change due to IGC 
0.0	0.231083844581	0	0	0	0	0	0.0
0.00484193128885	0.229038854806	0	1	3	0	1	1.0
0.00508458607389	0.226993865031	0	2	3	0	2	1.0
0.00742541665443	0.226993865031	0	3	3	0	2	1.0
0.00884347127485	0.229038854806	1	3	3	0	2	0.666666666667
0.00915009317577	0.229038854806	2	3	3	0	2	0.5
0.0107123500827	0.231083844581	3	3	3	0	2	0.4
0.0116855457345	0.233128834356	4	3	3	0	2	0.333333333333
0.0126286558004	0.235173824131	5	3	3	0	2	0.285714285714
0.0161036938535	0.233128834356	5	4	3	0	3	0.375
0.0174589103947	0.235173824131	6	4	3	0	3	0.333333333333
0.0212416812901	0.235173824131	6	5	3	0	3	0.333333333333
0.0220280075034	0.237218813906	7	5	3	0	3	0.3
0.0227329765341	0.235173824131	8	5	3	0	3	0.272727272727
0.0242539070313	0.231083844581	8	6	3	0	5	0.384615384615
0.0255539615668	0.229038854806	9	6	3	0	5	0.357142857143
0.0293433684304	0.231083844581	10	6	3	0	5	0.333333333333
0.0305934409972	0.231083844581	11	6	3	0	5	0.3125
0.034956472699	0.229038854806	11	7	3	0	6	0.352941176471
0.0367479049331	0.224948875256	11	8	3	0	8	0.421052631579
0.0395637970536	0.224948875256	11	9	3	0	8	0.421052631579
0.0435206669526	0.222903885481	12	9	3	0	8	0.4
0.0438249362376	0.224948875256	13	9	3	0	8	0.380952380952
0.0443423392642	0.226993865031	14	9	3	0	8	0.363636363636
0.048658504129	0.229038854806	15	9	3	0	8	0.347826086957
0.0490274499594	0.226993865031	16	9	3	0	8	0.333333333333
0.0512272578906	0.226993865031	17	9	3	0	8	0.32
0.0544682603853	0.226993865031	17	10	3	0	8	0.32
0.0547420424703	0.224948875256	17	11	3	0	9	0.346153846154
