# time 	 divergence 	 # of mutations 	 # IGC chances 	 IGC length 	 # IGC failures 	 Changes due to IGC  	 % change due to IGC 
0.0	0.470760233918	0	0	0	0	0	0.0
0.00227449347209	0.471734892788	1	0	0	0	0	0.0
0.00368624673941	0.470760233918	2	0	0	0	0	0.0
0.00430571179286	0.471734892788	3	0	0	0	0	0.0
0.00701090816139	0.470760233918	4	0	0	0	0	0.0
0.00728830721212	0.470760233918	5	0	0	0	0	0.0
0.00735625269626	0.470760233918	6	0	0	0	0	0.0
0.0126009410407	0.471734892788	7	0	0	0	0	0.0
0.0126198806509	0.471734892788	8	0	0	0	0	0.0
0.0126511094615	0.470760233918	9	0	0	0	0	0.0
0.013000368859	0.471734892788	10	0	0	0	0	0.0
0.0151176171979	0.471734892788	11	0	0	0	0	0.0
0.0189166205715	0.472709551657	12	0	0	0	0	0.0
0.019454566805	0.473684210526	13	0	0	0	0	0.0
0.0200492593171	0.474658869396	14	0	0	0	0	0.0
0.0206172251978	0.475633528265	15	0	0	0	0	0.0
0.0226751158065	0.475633528265	16	0	0	0	0	0.0
0.0236965881083	0.476608187135	17	0	0	0	0	0.0
0.0241931329781	0.476608187135	18	0	0	0	0	0.0
0.0253620275596	0.477582846004	19	0	0	0	0	0.0
0.0261101339222	0.478557504873	20	0	0	0	0	0.0
0.0266832637474	0.479532163743	21	0	0	0	0	0.0
0.0270725750606	0.479532163743	22	0	0	0	0	0.0
0.0278627462786	0.478557504873	23	0	0	0	0	0.0
0.0298283427115	0.479532163743	24	0	0	0	0	0.0
0.0298377973786	0.479532163743	25	0	0	0	0	0.0
0.0313847847585	0.480506822612	26	0	0	0	0	0.0
0.0320230722224	0.481481481481	27	0	0	0	0	0.0
0.0336149792989	0.476608187135	27	1	6	0	5	0.15625
0.0375902646475	0.476608187135	28	1	6	0	5	0.151515151515
0.0385376396589	0.476608187135	29	1	6	0	5	0.147058823529
0.043284246165	0.477582846004	30	1	6	0	5	0.142857142857
0.0437871358089	0.478557504873	31	1	6	0	5	0.138888888889
0.0437927341027	0.479532163743	32	1	6	0	5	0.135135135135
0.0442797273712	0.480506822612	33	1	6	0	5	0.131578947368
0.0448511988683	0.480506822612	34	1	6	0	5	0.128205128205
0.0462758370971	0.481481481481	35	1	6	0	5	0.125
0.0468648299459	0.482456140351	36	1	6	0	5	0.121951219512
0.046911460961	0.48343079922	37	1	6	0	5	0.119047619048
0.0504258208794	0.48343079922	38	1	6	0	5	0.116279069767
0.0531320144723	0.48440545809	39	1	6	0	5	0.113636363636
0.0565246101551	0.485380116959	40	1	6	0	5	0.111111111111
0.0572282987738	0.486354775828	41	1	6	0	5	0.108695652174
0.057442256002	0.487329434698	42	1	6	0	5	0.106382978723
0.0591795425271	0.48440545809	42	2	3	0	8	0.16
0.0603484419928	0.48343079922	43	2	3	0	8	0.156862745098
0.0603763849639	0.48440545809	44	2	3	0	8	0.153846153846
0.061054662916	0.48440545809	45	2	3	0	8	0.150943396226
0.0616311442554	0.485380116959	46	2	3	0	8	0.148148148148
0.0644410130308	0.486354775828	47	2	3	0	8	0.145454545455
0.0646080800548	0.485380116959	48	2	3	0	8	0.142857142857
0.0680542774881	0.485380116959	49	2	3	0	8	0.140350877193
0.0690764872239	0.48440545809	50	2	3	0	8	0.137931034483
0.0716557672805	0.48440545809	51	2	3	0	8	0.135593220339
0.0774940208927	0.485380116959	52	2	3	0	8	0.133333333333
0.0815095291927	0.486354775828	53	2	3	0	8	0.131147540984
0.0816630842521	0.485380116959	54	2	3	0	8	0.129032258065
0.0820030389953	0.486354775828	55	2	3	0	8	0.126984126984
0.0833103012961	0.487329434698	56	2	3	0	8	0.125
0.0869077324755	0.488304093567	57	2	3	0	8	0.123076923077
0.0888284552946	0.488304093567	58	2	3	0	8	0.121212121212
0.0896257491593	0.489278752437	59	2	3	0	8	0.119402985075
0.0899928165398	0.490253411306	60	2	3	0	8	0.117647058824
0.0904663287209	0.489278752437	61	2	3	0	8	0.115942028986
0.0912524932547	0.490253411306	62	2	3	0	8	0.114285714286
0.0934685020588	0.489278752437	63	2	3	0	8	0.112676056338
0.0951348595396	0.490253411306	64	2	3	0	8	0.111111111111
0.0966714708847	0.490253411306	64	3	3	0	8	0.111111111111
0.0984259045744	0.491228070175	65	3	3	0	8	0.109589041096
0.0992161801036	0.492202729045	66	3	3	0	8	0.108108108108
0.0996402276183	0.493177387914	67	3	3	0	8	0.106666666667
0.100510437919	0.494152046784	68	3	3	0	8	0.105263157895
0.100919430067	0.495126705653	69	3	3	0	8	0.103896103896
0.101701844654	0.496101364522	70	3	3	0	8	0.102564102564
0.10395172547	0.486354775828	70	4	15	0	18	0.204545454545
0.104309044115	0.486354775828	71	4	15	0	18	0.202247191011
0.105079431842	0.487329434698	72	4	15	0	18	0.2
0.106139685115	0.486354775828	73	4	15	0	18	0.197802197802
0.106547352769	0.487329434698	74	4	15	0	18	0.195652173913
0.106601001247	0.488304093567	75	4	15	0	18	0.193548387097
0.107867676936	0.488304093567	76	4	15	0	18	0.191489361702
0.110604251787	0.489278752437	77	4	15	0	18	0.189473684211
0.114002834548	0.490253411306	78	4	15	0	18	0.1875
0.114057079806	0.491228070175	79	4	15	0	18	0.185567010309
0.114387220763	0.490253411306	80	4	15	0	18	0.183673469388
0.120202785025	0.490253411306	81	4	15	0	18	0.181818181818
0.120586764394	0.491228070175	82	4	15	0	18	0.18
0.122529794106	0.492202729045	83	4	15	0	18	0.178217821782
0.122858989678	0.492202729045	84	4	15	0	18	0.176470588235
0.123320098013	0.493177387914	85	4	15	0	18	0.174757281553
0.125738866045	0.494152046784	86	4	15	0	18	0.173076923077
0.125877815107	0.495126705653	87	4	15	0	18	0.171428571429
0.127772538723	0.495126705653	88	4	15	0	18	0.169811320755
0.128993272798	0.495126705653	89	4	15	0	18	0.168224299065
0.130830260097	0.496101364522	90	4	15	0	18	0.166666666667
0.131920968393	0.497076023392	91	4	15	0	18	0.165137614679
0.132197377927	0.498050682261	92	4	15	0	18	0.163636363636
0.13331889626	0.499025341131	93	4	15	0	18	0.162162162162
0.13492625028	0.499025341131	94	4	15	0	18	0.160714285714
0.135765730167	0.498050682261	95	4	15	0	18	0.159292035398
0.135849386892	0.499025341131	96	4	15	0	18	0.157894736842
0.13636338508	0.498050682261	97	4	15	0	18	0.15652173913
0.137175714804	0.497076023392	97	5	3	0	19	0.163793103448
0.13788787578	0.498050682261	98	5	3	0	19	0.162393162393
0.138670814957	0.498050682261	99	5	3	0	19	0.161016949153
0.139653371162	0.498050682261	100	5	3	0	19	0.159663865546
0.141161191818	0.497076023392	101	5	3	0	19	0.158333333333
0.142977069248	0.498050682261	102	5	3	0	19	0.157024793388
0.143710205308	0.497076023392	103	5	3	0	19	0.155737704918
0.144219837354	0.496101364522	104	5	3	0	19	0.154471544715
0.14427823781	0.497076023392	105	5	3	0	19	0.153225806452
0.144783401862	0.498050682261	106	5	3	0	19	0.152
0.145570160183	0.497076023392	107	5	3	0	19	0.150793650794
0.146155692941	0.497076023392	108	5	3	0	19	0.149606299213
0.147648182642	0.496101364522	109	5	3	0	19	0.1484375
0.148683169124	0.497076023392	110	5	3	0	19	0.147286821705
0.148918482806	0.496101364522	111	5	3	0	19	0.146153846154
0.149815707382	0.497076023392	112	5	3	0	19	0.145038167939
0.151771681289	0.498050682261	113	5	3	0	19	0.143939393939
0.153234612023	0.499025341131	114	5	3	0	19	0.142857142857
