# time 	 divergence 	 # of mutations 	 # IGC chances 	 IGC length 	 # IGC failures 	 Changes due to IGC  	 % change due to IGC 
0.0	0.182261208577	0	0	0	0	0	0.0
0.000790282990772	0.183235867446	1	0	0	0	0	0.0
0.00266716833335	0.184210526316	2	0	0	0	0	0.0
0.00739261757371	0.185185185185	3	0	0	0	0	0.0
0.00943132720771	0.186159844055	4	0	0	0	0	0.0
0.0112118998521	0.179337231969	4	1	174	0	7	0.636363636364
0.0121410369648	0.180311890838	5	1	174	0	7	0.583333333333
0.0122806476058	0.181286549708	6	1	174	0	7	0.538461538462
0.0135442457318	0.182261208577	7	1	174	0	7	0.5
0.0156043720446	0.183235867446	8	1	174	0	7	0.466666666667
0.0175225973916	0.184210526316	9	1	174	0	7	0.4375
0.0180101104959	0.184210526316	10	1	174	0	7	0.411764705882
0.0185554512348	0.185185185185	11	1	174	0	7	0.388888888889
0.020521373362	0.185185185185	12	1	174	0	7	0.368421052632
0.0227883567578	0.185185185185	13	1	174	0	7	0.35
0.0238702731869	0.186159844055	14	1	174	0	7	0.333333333333
0.0243799510859	0.187134502924	15	1	174	0	7	0.318181818182
0.0245861537169	0.188109161793	16	1	174	0	7	0.304347826087
0.0261861863324	0.187134502924	17	1	174	0	7	0.291666666667
0.0278177225317	0.187134502924	18	1	174	0	7	0.28
0.0284717014579	0.187134502924	19	1	174	0	7	0.269230769231
0.030515391206	0.188109161793	20	1	174	0	7	0.259259259259
0.0314419702549	0.189083820663	21	1	174	0	7	0.25
0.031642053521	0.190058479532	22	1	174	0	7	0.241379310345
0.0323618472553	0.191033138402	23	1	174	0	7	0.233333333333
0.0330620838145	0.192007797271	24	1	174	0	7	0.225806451613
0.0351535754982	0.19298245614	25	1	174	0	7	0.21875
0.0408053811334	0.192007797271	26	1	174	0	7	0.212121212121
0.0415925395511	0.19298245614	27	1	174	0	7	0.205882352941
0.0424447317485	0.19298245614	28	1	174	0	7	0.2
0.0433381103936	0.19395711501	29	1	174	0	7	0.194444444444
0.0453612435311	0.194931773879	30	1	174	0	7	0.189189189189
0.0487225965342	0.195906432749	31	1	174	0	7	0.184210526316
0.0490328864418	0.196881091618	32	1	174	0	7	0.179487179487
0.0497511647673	0.196881091618	33	1	174	0	7	0.175
0.0513922035099	0.197855750487	34	1	174	0	7	0.170731707317
0.0532857893063	0.198830409357	35	1	174	0	7	0.166666666667
0.0538369521928	0.199805068226	36	1	174	0	7	0.162790697674
0.0543462483418	0.198830409357	37	1	174	0	7	0.159090909091
0.0545807750887	0.199805068226	38	1	174	0	7	0.155555555556
0.0557385102685	0.14522417154	38	2	156	0	63	0.623762376238
0.0599396958268	0.146198830409	39	2	156	0	63	0.617647058824
0.0672845857922	0.147173489279	40	2	156	0	63	0.611650485437
0.0677874695981	0.147173489279	41	2	156	0	63	0.605769230769
0.0680765493891	0.148148148148	42	2	156	0	63	0.6
0.0726932259579	0.147173489279	43	2	156	0	63	0.594339622642
0.072888733984	0.148148148148	44	2	156	0	63	0.588785046729
0.0743318477347	0.148148148148	45	2	156	0	63	0.583333333333
0.0751503172818	0.149122807018	46	2	156	0	63	0.577981651376
0.0761608721104	0.150097465887	47	2	156	0	63	0.572727272727
0.0773389792401	0.151072124756	48	2	156	0	63	0.567567567568
0.0775859339882	0.151072124756	49	2	156	0	63	0.5625
