# time 	 divergence 	 # of mutations 	 # IGC chances 	 IGC length 	 # IGC failures 	 Changes due to IGC  	 % change due to IGC 
0.0	0.0	0	0	0	0	0	0.0
0.000369685156893	0.0010752688172	1	0	0	0	0	0.0
0.00987647512198	0.00215053763441	2	0	0	0	0	0.0
0.0104118103386	0.00322580645161	3	0	0	0	0	0.0
0.0108988468299	0.00430107526882	4	0	0	0	0	0.0
0.0141514125934	0.00537634408602	5	0	0	0	0	0.0
0.0158619726266	0.00645161290323	6	0	0	0	0	0.0
0.016131177241	0.00752688172043	7	0	0	0	0	0.0
0.0178760648159	0.00860215053763	8	0	0	0	0	0.0
0.0196403648413	0.00967741935484	9	0	0	0	0	0.0
0.0208100022385	0.010752688172	10	0	0	0	0	0.0
0.0220323685821	0.0118279569892	11	0	0	0	0	0.0
0.0224934352931	0.0129032258065	12	0	0	0	0	0.0
0.0229506356414	0.0139784946237	13	0	0	0	0	0.0
0.0243199535372	0.0150537634409	14	0	0	0	0	0.0
0.0244986815889	0.0161290322581	15	0	0	0	0	0.0
0.0259639087802	0.0172043010753	16	0	0	0	0	0.0
0.0260498552532	0.0182795698925	17	0	0	0	0	0.0
0.0267116398996	0.0193548387097	18	0	0	0	0	0.0
0.0296051105354	0.0204301075269	19	0	0	0	0	0.0
0.031183632239	0.0204301075269	19	1	12	0	0	0.0
0.0313731408501	0.0215053763441	20	1	12	0	0	0.0
0.0318547294655	0.0225806451613	21	1	12	0	0	0.0
0.0319887340748	0.0236559139785	22	1	12	0	0	0.0
0.0330397437474	0.0247311827957	23	1	12	0	0	0.0
0.0390256383968	0.0258064516129	24	1	12	0	0	0.0
0.0399836377345	0.0268817204301	25	1	12	0	0	0.0
0.0415074914831	0.0279569892473	26	1	12	0	0	0.0
0.0427854239566	0.0290322580645	27	1	12	0	0	0.0
0.0442977261173	0.0301075268817	28	1	12	0	0	0.0
0.0451078523008	0.0311827956989	29	1	12	0	0	0.0
0.0465664850157	0.0322580645161	30	1	12	0	0	0.0
0.0479454230714	0.0311827956989	31	1	12	0	0	0.0
0.0491543075742	0.0322580645161	32	1	12	0	0	0.0
0.0492842587906	0.0333333333333	33	1	12	0	0	0.0
0.053662281258	0.0344086021505	34	1	12	0	0	0.0
0.0537488071008	0.0354838709677	35	1	12	0	0	0.0
0.0544412893656	0.0365591397849	36	1	12	0	0	0.0
0.0548943376035	0.0376344086022	37	1	12	0	0	0.0
0.0552009804468	0.0387096774194	38	1	12	0	0	0.0
0.055976873113	0.0397849462366	39	1	12	0	0	0.0
0.057413943328	0.0408602150538	40	1	12	0	0	0.0
0.0574375122887	0.041935483871	41	1	12	0	0	0.0
0.0585361063615	0.0430107526882	42	1	12	0	0	0.0
0.0606577667219	0.0440860215054	43	1	12	0	0	0.0
0.0618121989166	0.0430107526882	44	1	12	0	0	0.0
0.0623817337133	0.0440860215054	45	1	12	0	0	0.0
0.0646856982961	0.0451612903226	46	1	12	0	0	0.0
0.0669645371802	0.0462365591398	47	1	12	0	0	0.0
0.0701464339663	0.047311827957	48	1	12	0	0	0.0
0.0713307013992	0.0483870967742	49	1	12	0	0	0.0
0.0725646069621	0.0494623655914	50	1	12	0	0	0.0
0.0752815573523	0.0505376344086	51	1	12	0	0	0.0
0.0769786966463	0.0516129032258	52	1	12	0	0	0.0
0.0775163521201	0.052688172043	53	1	12	0	0	0.0
0.0791349084777	0.0537634408602	54	1	12	0	0	0.0
0.0806568528772	0.0548387096774	55	1	12	0	0	0.0
0.0807456621474	0.0559139784946	56	1	12	0	0	0.0
0.0815496238253	0.0569892473118	57	1	12	0	0	0.0
0.0841399210402	0.058064516129	58	1	12	0	0	0.0
0.0843597670528	0.0591397849462	59	1	12	0	0	0.0
0.0848566243761	0.0602150537634	60	1	12	0	0	0.0
0.0867305239112	0.058064516129	60	2	30	0	2	0.0322580645161
0.0893263768804	0.0591397849462	61	2	30	0	2	0.031746031746
0.0896901782448	0.0602150537634	62	2	30	0	2	0.03125
0.0902942659796	0.0612903225806	63	2	30	0	2	0.0307692307692
0.0935990810834	0.0623655913978	64	2	30	0	2	0.030303030303
0.0941450316426	0.0634408602151	65	2	30	0	2	0.0298507462687
0.0962971882824	0.0634408602151	66	2	30	0	2	0.0294117647059
0.101515472472	0.0634408602151	67	2	30	0	2	0.0289855072464
0.105637280334	0.0645161290323	68	2	30	0	2	0.0285714285714
0.107575318039	0.0655913978495	69	2	30	0	2	0.0281690140845
0.108462678194	0.0666666666667	70	2	30	0	2	0.0277777777778
0.110253761147	0.0677419354839	71	2	30	0	2	0.027397260274
0.111485714594	0.0688172043011	72	2	30	0	2	0.027027027027
0.114119235335	0.0698924731183	73	2	30	0	2	0.0266666666667
0.116344574665	0.0709677419355	74	2	30	0	2	0.0263157894737
0.117797367834	0.0698924731183	75	2	30	0	2	0.025974025974
0.118850852885	0.0709677419355	76	2	30	0	2	0.025641025641
0.122599859464	0.0720430107527	77	2	30	0	2	0.0253164556962
0.124036775063	0.0731182795699	78	2	30	0	2	0.025
0.124714985143	0.0741935483871	79	2	30	0	2	0.0246913580247
0.126197775652	0.0752688172043	80	2	30	0	2	0.0243902439024
0.128334182988	0.0763440860215	81	2	30	0	2	0.0240963855422
0.128364326948	0.0774193548387	82	2	30	0	2	0.0238095238095
0.128950150036	0.0784946236559	83	2	30	0	2	0.0235294117647
0.130752615307	0.0795698924731	84	2	30	0	2	0.0232558139535
0.132319595168	0.0806451612903	85	2	30	0	2	0.0229885057471
0.135925652111	0.0817204301075	86	2	30	0	2	0.0227272727273
0.13852021119	0.0827956989247	87	2	30	0	2	0.0224719101124
0.140060813061	0.0838709677419	88	2	30	0	2	0.0222222222222
0.141093461438	0.0838709677419	89	2	30	0	2	0.021978021978
0.141710035812	0.0849462365591	90	2	30	0	2	0.0217391304348
0.145038492046	0.0860215053763	91	2	30	0	2	0.0215053763441
0.147693902729	0.0870967741935	92	2	30	0	2	0.0212765957447
0.149339655809	0.0881720430108	93	2	30	0	2	0.0210526315789
0.14979171918	0.0870967741935	94	2	30	0	2	0.0208333333333
0.149940669889	0.0870967741935	95	2	30	0	2	0.020618556701
0.154163398714	0.0870967741935	96	2	30	0	2	0.0204081632653
0.155014485165	0.0881720430108	97	2	30	0	2	0.020202020202
0.155465326424	0.089247311828	98	2	30	0	2	0.02
0.157864137485	0.0903225806452	99	2	30	0	2	0.019801980198
0.158801848151	0.0913978494624	100	2	30	0	2	0.0196078431373
0.16116064376	0.0924731182796	101	2	30	0	2	0.0194174757282
0.16137943883	0.0935483870968	102	2	30	0	2	0.0192307692308
0.161897871567	0.0924731182796	103	2	30	0	2	0.0190476190476
0.163025628401	0.0935483870968	104	2	30	0	2	0.0188679245283
0.16347078037	0.0935483870968	105	2	30	0	2	0.018691588785
0.166892943056	0.094623655914	106	2	30	0	2	0.0185185185185
0.167149877322	0.0956989247312	107	2	30	0	2	0.0183486238532
0.167333944573	0.0967741935484	108	2	30	0	2	0.0181818181818
0.171029560878	0.0978494623656	109	2	30	0	2	0.018018018018
0.172720396296	0.0989247311828	110	2	30	0	2	0.0178571428571
0.173866859581	0.1	111	2	30	0	2	0.0176991150442
0.175506113287	0.101075268817	112	2	30	0	2	0.0175438596491
0.176853727959	0.102150537634	113	2	30	0	2	0.0173913043478
0.178725864404	0.103225806452	114	2	30	0	2	0.0172413793103
0.179403204146	0.103225806452	115	2	30	0	2	0.017094017094
0.180174114585	0.104301075269	116	2	30	0	2	0.0169491525424
0.181904285832	0.105376344086	117	2	30	0	2	0.0168067226891
0.183982235063	0.106451612903	118	2	30	0	2	0.0166666666667
0.186830869118	0.10752688172	119	2	30	0	2	0.0165289256198
0.187383819214	0.108602150538	120	2	30	0	2	0.016393442623
0.189255750311	0.109677419355	121	2	30	0	2	0.0162601626016
0.190403184484	0.110752688172	122	2	30	0	2	0.0161290322581
0.192179199637	0.111827956989	123	2	30	0	2	0.016
0.19226229552	0.112903225806	124	2	30	0	2	0.015873015873
0.192663614352	0.113978494624	125	2	30	0	2	0.0157480314961
0.194182193587	0.115053763441	126	2	30	0	2	0.015625
0.194343766716	0.113978494624	127	2	30	0	2	0.015503875969
0.197105392195	0.115053763441	128	2	30	0	2	0.0153846153846
0.198056607685	0.115053763441	129	2	30	0	2	0.0152671755725
0.198200224774	0.116129032258	130	2	30	0	2	0.0151515151515
0.198436024304	0.117204301075	131	2	30	0	2	0.015037593985
0.20035929581	0.118279569892	132	2	30	0	2	0.0149253731343
0.20129692024	0.11935483871	133	2	30	0	2	0.0148148148148
0.201681717907	0.120430107527	134	2	30	0	2	0.0147058823529
0.203718260306	0.11935483871	135	2	30	0	2	0.014598540146
0.206583956664	0.120430107527	136	2	30	0	2	0.0144927536232
0.208888470838	0.121505376344	137	2	30	0	2	0.0143884892086
0.209345347139	0.122580645161	138	2	30	0	2	0.0142857142857
0.209515521552	0.123655913978	139	2	30	0	2	0.0141843971631
0.213179502648	0.124731182796	140	2	30	0	2	0.0140845070423
0.214492580673	0.125806451613	141	2	30	0	2	0.013986013986
0.215723365819	0.12688172043	142	2	30	0	2	0.0138888888889
0.217115332558	0.127956989247	143	2	30	0	2	0.0137931034483
0.218610539908	0.129032258065	144	2	30	0	2	0.013698630137
0.219341951176	0.130107526882	145	2	30	0	2	0.0136054421769
0.219503201279	0.131182795699	146	2	30	0	2	0.0135135135135
0.220996779255	0.132258064516	147	2	30	0	2	0.0134228187919
0.222329516219	0.133333333333	148	2	30	0	2	0.0133333333333
0.225836030688	0.134408602151	149	2	30	0	2	0.0132450331126
0.229425038855	0.135483870968	150	2	30	0	2	0.0131578947368
0.230740429794	0.136559139785	151	2	30	0	2	0.0130718954248
0.232657830012	0.137634408602	152	2	30	0	2	0.012987012987
0.234092005768	0.138709677419	153	2	30	0	2	0.0129032258065
0.236403987239	0.139784946237	154	2	30	0	2	0.0128205128205
0.237670281283	0.140860215054	155	2	30	0	2	0.0127388535032
0.238975032749	0.141935483871	156	2	30	0	2	0.0126582278481
0.239386451485	0.143010752688	157	2	30	0	2	0.0125786163522
0.244663548606	0.143010752688	158	2	30	0	2	0.0125
0.249979298392	0.144086021505	159	2	30	0	2	0.0124223602484
0.253516526556	0.145161290323	160	2	30	0	2	0.0123456790123
0.253945125153	0.14623655914	161	2	30	0	2	0.0122699386503
0.256633416523	0.145161290323	162	2	30	0	2	0.0121951219512
0.258060923889	0.14623655914	163	2	30	0	2	0.0121212121212
0.258486523728	0.147311827957	164	2	30	0	2	0.0120481927711
0.258772597295	0.148387096774	165	2	30	0	2	0.0119760479042
0.258957923078	0.149462365591	166	2	30	0	2	0.0119047619048
0.259133961276	0.150537634409	167	2	30	0	2	0.0118343195266
0.259287126284	0.151612903226	168	2	30	0	2	0.0117647058824
0.261805560248	0.150537634409	169	2	30	0	2	0.0116959064327
0.262114589228	0.151612903226	170	2	30	0	2	0.0116279069767
0.263236432543	0.152688172043	171	2	30	0	2	0.0115606936416
0.263684243552	0.15376344086	172	2	30	0	2	0.0114942528736
0.26448380072	0.154838709677	173	2	30	0	2	0.0114285714286
0.264606790927	0.155913978495	174	2	30	0	2	0.0113636363636
0.264712489404	0.155913978495	175	2	30	0	2	0.0112994350282
0.267050987953	0.156989247312	176	2	30	0	2	0.0112359550562
0.268589204854	0.155913978495	177	2	30	0	2	0.0111731843575
0.271254143644	0.156989247312	178	2	30	0	2	0.0111111111111
0.271692742232	0.158064516129	179	2	30	0	2	0.0110497237569
0.272356370208	0.158064516129	180	2	30	0	2	0.010989010989
0.272815978739	0.156989247312	181	2	30	0	2	0.0109289617486
0.273914819558	0.158064516129	182	2	30	0	2	0.0108695652174
0.278641812092	0.159139784946	183	2	30	0	2	0.0108108108108
0.278891989757	0.160215053763	184	2	30	0	2	0.010752688172
0.283013207943	0.161290322581	185	2	30	0	2	0.0106951871658
0.283583866069	0.162365591398	186	2	30	0	2	0.0106382978723
0.286436556906	0.163440860215	187	2	30	0	2	0.010582010582
0.288565360073	0.164516129032	188	2	30	0	2	0.0105263157895
0.29152251484	0.165591397849	189	2	30	0	2	0.0104712041885
0.291639216903	0.164516129032	190	2	30	0	2	0.0104166666667
0.294085470502	0.165591397849	191	2	30	0	2	0.0103626943005
0.295599014531	0.164516129032	192	2	30	0	2	0.0103092783505
0.299622710108	0.165591397849	193	2	30	0	2	0.0102564102564
0.303815585968	0.166666666667	194	2	30	0	2	0.0102040816327
0.307372177592	0.167741935484	195	2	30	0	2	0.010152284264
0.308786796052	0.168817204301	196	2	30	0	2	0.010101010101
0.309012566105	0.169892473118	197	2	30	0	2	0.0100502512563
0.314172611149	0.170967741935	198	2	30	0	2	0.01
0.314725273438	0.172043010753	199	2	30	0	2	0.00995024875622
0.31483558557	0.170967741935	200	2	30	0	2	0.00990099009901
0.316641009557	0.172043010753	201	2	30	0	2	0.00985221674877
0.316717202379	0.17311827957	202	2	30	0	2	0.00980392156863
0.320487686057	0.174193548387	203	2	30	0	2	0.00975609756098
0.323512008517	0.175268817204	204	2	30	0	2	0.00970873786408
0.323744772202	0.175268817204	205	2	30	0	2	0.00966183574879
0.324899259558	0.175268817204	206	2	30	0	2	0.00961538461538
0.326224141403	0.176344086022	207	2	30	0	2	0.00956937799043
0.334400403765	0.177419354839	208	2	30	0	2	0.00952380952381
0.33720431124	0.177419354839	209	2	30	0	2	0.00947867298578
0.338136271183	0.178494623656	210	2	30	0	2	0.00943396226415
0.338750400992	0.179569892473	211	2	30	0	2	0.0093896713615
0.347437142833	0.18064516129	212	2	30	0	2	0.00934579439252
0.347892224829	0.181720430108	213	2	30	0	2	0.0093023255814
0.348399522627	0.182795698925	214	2	30	0	2	0.00925925925926
0.350069663582	0.183870967742	215	2	30	0	2	0.00921658986175
0.350347068703	0.184946236559	216	2	30	0	2	0.00917431192661
0.350983814691	0.186021505376	217	2	30	0	2	0.00913242009132
0.35349471367	0.187096774194	218	2	30	0	2	0.00909090909091
0.356308889766	0.188172043011	219	2	30	0	2	0.00904977375566
0.358186983522	0.189247311828	220	2	30	0	2	0.00900900900901
0.358419499375	0.190322580645	221	2	30	0	2	0.00896860986547
0.361869157874	0.191397849462	222	2	30	0	2	0.00892857142857
0.362973977488	0.19247311828	223	2	30	0	2	0.00888888888889
0.363634867507	0.193548387097	224	2	30	0	2	0.00884955752212
0.364430337638	0.194623655914	225	2	30	0	2	0.00881057268722
0.36647621533	0.195698924731	226	2	30	0	2	0.00877192982456
0.370518047009	0.196774193548	227	2	30	0	2	0.00873362445415
0.371781684853	0.197849462366	228	2	30	0	2	0.00869565217391
0.372089983816	0.198924731183	229	2	30	0	2	0.00865800865801
0.374034245986	0.2	230	2	30	0	2	0.00862068965517
0.375349739171	0.2	231	2	30	0	2	0.00858369098712
0.379789795512	0.201075268817	232	2	30	0	2	0.00854700854701
0.380065153668	0.2	233	2	30	0	2	0.00851063829787
0.38346609077	0.201075268817	234	2	30	0	2	0.00847457627119
0.383993908572	0.202150537634	235	2	30	0	2	0.0084388185654
0.38634377987	0.202150537634	236	2	30	0	2	0.00840336134454
0.387366202971	0.203225806452	237	2	30	0	2	0.00836820083682
0.387393497999	0.204301075269	238	2	30	0	2	0.00833333333333
0.387668711022	0.205376344086	239	2	30	0	2	0.00829875518672
0.389171158438	0.204301075269	240	2	30	0	2	0.00826446280992
0.389246993553	0.203225806452	241	2	30	0	2	0.0082304526749
0.390193890438	0.204301075269	242	2	30	0	2	0.00819672131148
0.390473134822	0.205376344086	243	2	30	0	2	0.00816326530612
0.390655221525	0.206451612903	244	2	30	0	2	0.00813008130081
0.391088597849	0.20752688172	245	2	30	0	2	0.0080971659919
0.392678301507	0.208602150538	246	2	30	0	2	0.00806451612903
0.397986842865	0.209677419355	247	2	30	0	2	0.00803212851406
0.398212443756	0.210752688172	248	2	30	0	2	0.008
0.398461108895	0.211827956989	249	2	30	0	2	0.00796812749004
0.398794505271	0.211827956989	250	2	30	0	2	0.00793650793651
0.399452672295	0.212903225806	251	2	30	0	2	0.00790513833992
0.402368720801	0.213978494624	252	2	30	0	2	0.00787401574803
0.402374742352	0.212903225806	253	2	30	0	2	0.0078431372549
0.402994888558	0.213978494624	254	2	30	0	2	0.0078125
0.403175717505	0.213978494624	255	2	30	0	2	0.00778210116732
0.403392618393	0.212903225806	256	2	30	0	2	0.0077519379845
0.404154351076	0.213978494624	257	2	30	0	2	0.00772200772201
0.404914381269	0.215053763441	258	2	30	0	2	0.00769230769231
0.405677785115	0.216129032258	259	2	30	0	2	0.00766283524904
0.410967205841	0.217204301075	260	2	30	0	2	0.00763358778626
0.411654973531	0.218279569892	261	2	30	0	2	0.00760456273764
0.413164825848	0.21935483871	262	2	30	0	2	0.00757575757576
0.413746115119	0.220430107527	263	2	30	0	2	0.00754716981132
0.418568828406	0.21935483871	264	2	30	0	2	0.00751879699248
0.421172675645	0.220430107527	265	2	30	0	2	0.00749063670412
0.422685211956	0.21935483871	266	2	30	0	2	0.00746268656716
0.425081505865	0.220430107527	267	2	30	0	2	0.00743494423792
0.425100995632	0.221505376344	268	2	30	0	2	0.00740740740741
0.425204017121	0.222580645161	269	2	30	0	2	0.00738007380074
0.428261137323	0.221505376344	270	2	30	0	2	0.00735294117647
0.429463486087	0.222580645161	271	2	30	0	2	0.00732600732601
0.432805730158	0.221505376344	272	2	30	0	2	0.00729927007299
0.433742812929	0.222580645161	273	2	30	0	2	0.00727272727273
0.434262883681	0.222580645161	274	2	30	0	2	0.00724637681159
0.436119147128	0.223655913978	275	2	30	0	2	0.0072202166065
0.437114267247	0.224731182796	276	2	30	0	2	0.00719424460432
0.439071264671	0.225806451613	277	2	30	0	2	0.00716845878136
0.44210621936	0.22688172043	278	2	30	0	2	0.00714285714286
0.443211121931	0.227956989247	279	2	30	0	2	0.00711743772242
0.447444817925	0.229032258065	280	2	30	0	2	0.00709219858156
0.44862181876	0.230107526882	281	2	30	0	2	0.00706713780919
0.452320221493	0.231182795699	282	2	30	0	2	0.00704225352113
0.453314648066	0.231182795699	283	2	30	0	2	0.00701754385965
0.455383581349	0.231182795699	284	2	30	0	2	0.00699300699301
0.458265491753	0.232258064516	285	2	30	0	2	0.00696864111498
0.458433960049	0.233333333333	286	2	30	0	2	0.00694444444444
0.458731171691	0.233333333333	287	2	30	0	2	0.00692041522491
0.458894902509	0.234408602151	288	2	30	0	2	0.00689655172414
0.459597286548	0.235483870968	289	2	30	0	2	0.00687285223368
0.460110823181	0.236559139785	290	2	30	0	2	0.00684931506849
0.464499081389	0.236559139785	291	2	30	0	2	0.00682593856655
0.464983497953	0.237634408602	292	2	30	0	2	0.00680272108844
0.465073570111	0.237634408602	293	2	30	0	2	0.00677966101695
0.467008478803	0.238709677419	294	2	30	0	2	0.00675675675676
0.468364538677	0.238709677419	295	2	30	0	2	0.00673400673401
0.469284096286	0.239784946237	296	2	30	0	2	0.00671140939597
0.470118594893	0.240860215054	297	2	30	0	2	0.0066889632107
0.47199204885	0.239784946237	298	2	30	0	2	0.00666666666667
0.473195287178	0.240860215054	299	2	30	0	2	0.00664451827243
0.474351271748	0.241935483871	300	2	30	0	2	0.00662251655629
0.475822342234	0.243010752688	301	2	30	0	2	0.00660066006601
0.476705576739	0.241935483871	302	2	30	0	2	0.00657894736842
0.478663977007	0.240860215054	303	2	30	0	2	0.00655737704918
0.479009631846	0.239784946237	304	2	30	0	2	0.00653594771242
0.486408446264	0.240860215054	305	2	30	0	2	0.00651465798046
0.489419425993	0.241935483871	306	2	30	0	2	0.00649350649351
0.489479806356	0.243010752688	307	2	30	0	2	0.00647249190939
0.499506226805	0.244086021505	308	2	30	0	2	0.00645161290323
0.499731776368	0.245161290323	309	2	30	0	2	0.0064308681672
0.502192639558	0.24623655914	310	2	30	0	2	0.00641025641026
0.504156077527	0.247311827957	311	2	30	0	2	0.00638977635783
0.506786143928	0.248387096774	312	2	30	0	2	0.00636942675159
0.508684365923	0.249462365591	313	2	30	0	2	0.00634920634921
0.509906941137	0.249462365591	314	2	30	0	2	0.00632911392405
0.510488768185	0.250537634409	315	2	30	0	2	0.00630914826498
0.520519286327	0.251612903226	316	2	30	0	2	0.0062893081761
0.520591701182	0.252688172043	317	2	30	0	2	0.00626959247649
0.521270094839	0.25376344086	318	2	30	0	2	0.00625
0.525772213169	0.25376344086	319	2	30	0	2	0.00623052959502
0.527060640182	0.254838709677	320	2	30	0	2	0.00621118012422
0.52723340085	0.255913978495	321	2	30	0	2	0.0061919504644
0.527729409653	0.254838709677	322	2	30	0	2	0.00617283950617
0.532762151527	0.255913978495	323	2	30	0	2	0.00615384615385
0.535119611867	0.256989247312	324	2	30	0	2	0.00613496932515
0.53661926196	0.255913978495	325	2	30	0	2	0.00611620795107
0.539564863162	0.255913978495	326	2	30	0	2	0.00609756097561
0.540378893948	0.256989247312	327	2	30	0	2	0.00607902735562
0.542522313572	0.258064516129	328	2	30	0	2	0.00606060606061
0.543030842401	0.259139784946	329	2	30	0	2	0.00604229607251
0.545373517589	0.260215053763	330	2	30	0	2	0.00602409638554
0.545618461371	0.261290322581	331	2	30	0	2	0.00600600600601
0.545642492473	0.260215053763	332	2	30	0	2	0.0059880239521
0.546029002184	0.261290322581	333	2	30	0	2	0.00597014925373
0.549060589929	0.262365591398	334	2	30	0	2	0.00595238095238
0.549206697597	0.263440860215	335	2	30	0	2	0.00593471810089
0.550497975228	0.263440860215	336	2	30	0	2	0.00591715976331
0.550846913756	0.264516129032	337	2	30	0	2	0.00589970501475
0.554002551671	0.264516129032	338	2	30	0	2	0.00588235294118
0.55764292825	0.265591397849	339	2	30	0	2	0.0058651026393
0.560699835446	0.265591397849	340	2	30	0	2	0.00584795321637
0.561311930443	0.266666666667	341	2	30	0	2	0.00583090379009
0.56543643654	0.265591397849	342	2	30	0	2	0.00581395348837
0.566311214399	0.264516129032	343	2	30	0	2	0.00579710144928
0.567618005961	0.265591397849	344	2	30	0	2	0.00578034682081
0.572760083548	0.265591397849	345	2	30	0	2	0.00576368876081
0.576134729567	0.266666666667	346	2	30	0	2	0.00574712643678
0.577634033109	0.267741935484	347	2	30	0	2	0.00573065902579
0.577820494694	0.267741935484	348	2	30	0	2	0.00571428571429
0.579569868361	0.268817204301	349	2	30	0	2	0.00569800569801
0.580779041789	0.269892473118	350	2	30	0	2	0.00568181818182
0.580804780148	0.270967741935	351	2	30	0	2	0.0056657223796
0.581813868897	0.272043010753	352	2	30	0	2	0.00564971751412
0.589725696193	0.272043010753	353	2	30	0	2	0.0056338028169
0.591075669461	0.27311827957	354	2	30	0	2	0.00561797752809
0.593463243841	0.27311827957	355	2	30	0	2	0.00560224089636
0.594977108375	0.274193548387	356	2	30	0	2	0.00558659217877
0.59817971772	0.275268817204	357	2	30	0	2	0.00557103064067
0.598961680513	0.275268817204	358	2	30	0	2	0.00555555555556
0.59897915413	0.276344086022	359	2	30	0	2	0.00554016620499
0.59941855561	0.277419354839	360	2	30	0	2	0.00552486187845
0.600155436415	0.278494623656	361	2	30	0	2	0.00550964187328
0.60506116753	0.279569892473	362	2	30	0	2	0.00549450549451
0.606918448343	0.28064516129	363	2	30	0	2	0.00547945205479
0.606959669896	0.28064516129	364	2	30	0	2	0.00546448087432
0.607527431193	0.281720430108	365	2	30	0	2	0.00544959128065
0.609078234381	0.282795698925	366	2	30	0	2	0.0054347826087
0.609399184664	0.283870967742	367	2	30	0	2	0.00542005420054
0.609580329676	0.284946236559	368	2	30	0	2	0.00540540540541
0.610095374361	0.286021505376	369	2	30	0	2	0.00539083557951
0.610704586201	0.286021505376	370	2	30	0	2	0.00537634408602
0.617399968493	0.287096774194	371	2	30	0	2	0.00536193029491
0.617448900988	0.288172043011	372	2	30	0	2	0.00534759358289
0.619032971554	0.289247311828	373	2	30	0	2	0.00533333333333
0.619488680074	0.290322580645	374	2	30	0	2	0.00531914893617
0.620069177602	0.289247311828	375	2	30	0	2	0.0053050397878
0.621519798202	0.290322580645	376	2	30	0	2	0.00529100529101
0.623292969186	0.290322580645	377	2	30	0	2	0.00527704485488
0.62424465416	0.291397849462	378	2	30	0	2	0.00526315789474
0.625057523209	0.29247311828	379	2	30	0	2	0.00524934383202
0.626867011594	0.293548387097	380	2	30	0	2	0.00523560209424
0.63216758611	0.294623655914	381	2	30	0	2	0.00522193211488
0.633939313393	0.293548387097	382	2	30	0	2	0.00520833333333
0.63489392512	0.29247311828	383	2	30	0	2	0.00519480519481
0.637047342154	0.293548387097	384	2	30	0	2	0.00518134715026
0.637987468243	0.294623655914	385	2	30	0	2	0.00516795865633
0.638464520444	0.295698924731	386	2	30	0	2	0.00515463917526
0.638945297054	0.296774193548	387	2	30	0	2	0.00514138817481
0.640951988072	0.296774193548	388	2	30	0	2	0.00512820512821
0.642079338455	0.297849462366	389	2	30	0	2	0.00511508951407
0.645320750143	0.298924731183	390	2	30	0	2	0.00510204081633
0.646464847822	0.298924731183	391	2	30	0	2	0.00508905852417
0.650282447629	0.3	392	2	30	0	2	0.00507614213198
0.657457490728	0.301075268817	393	2	30	0	2	0.00506329113924
0.659677924906	0.301075268817	394	2	30	0	2	0.00505050505051
0.660014994117	0.302150537634	395	2	30	0	2	0.00503778337531
0.660313714904	0.301075268817	396	2	30	0	2	0.00502512562814
0.661362431189	0.301075268817	397	2	30	0	2	0.00501253132832
0.662429095427	0.301075268817	398	2	30	0	2	0.005
0.662982361491	0.302150537634	399	2	30	0	2	0.00498753117207
0.663529789157	0.303225806452	400	2	30	0	2	0.00497512437811
0.664928671277	0.304301075269	401	2	30	0	2	0.00496277915633
0.667678984497	0.304301075269	402	2	30	0	2	0.0049504950495
0.670462293291	0.305376344086	403	2	30	0	2	0.00493827160494
0.67903506556	0.305376344086	404	2	30	0	2	0.00492610837438
0.680434616797	0.306451612903	405	2	30	0	2	0.004914004914
0.680946559901	0.305376344086	406	2	30	0	2	0.00490196078431
0.681423681226	0.306451612903	407	2	30	0	2	0.00488997555012
0.684204653842	0.306451612903	408	2	30	0	2	0.00487804878049
0.684440569305	0.305376344086	409	2	30	0	2	0.00486618004866
0.686085199204	0.305376344086	410	2	30	0	2	0.00485436893204
0.686105514923	0.306451612903	411	2	30	0	2	0.00484261501211
0.68721838406	0.30752688172	412	2	30	0	2	0.0048309178744
0.688026952292	0.306451612903	413	2	30	0	2	0.00481927710843
0.689595430557	0.305376344086	414	2	30	0	2	0.00480769230769
0.691465881395	0.306451612903	415	2	30	0	2	0.00479616306954
0.691797973737	0.305376344086	416	2	30	0	2	0.00478468899522
0.691858987362	0.305376344086	417	2	30	0	2	0.00477326968974
0.693359751857	0.306451612903	418	2	30	0	2	0.0047619047619
0.696805905297	0.30752688172	419	2	30	0	2	0.00475059382423
0.69953312361	0.30752688172	420	2	30	0	2	0.00473933649289
0.699592841424	0.308602150538	421	2	30	0	2	0.00472813238771
0.70021853908	0.30752688172	422	2	30	0	2	0.00471698113208
0.701176725921	0.306451612903	423	2	30	0	2	0.00470588235294
0.702471670044	0.30752688172	424	2	30	0	2	0.00469483568075
0.705035486671	0.30752688172	425	2	30	0	2	0.00468384074941
0.705128806336	0.306451612903	426	2	30	0	2	0.00467289719626
0.707942216904	0.306451612903	427	2	30	0	2	0.004662004662
0.709149209277	0.30752688172	428	2	30	0	2	0.0046511627907
0.709383375914	0.30752688172	429	2	30	0	2	0.0046403712297
0.710921589187	0.308602150538	430	2	30	0	2	0.00462962962963
0.716870208338	0.309677419355	431	2	30	0	2	0.00461893764434
0.717590579288	0.310752688172	432	2	30	0	2	0.00460829493088
0.719736049253	0.311827956989	433	2	30	0	2	0.00459770114943
0.720176321257	0.311827956989	434	2	30	0	2	0.0045871559633
0.725858584231	0.312903225806	435	2	30	0	2	0.0045766590389
0.726549505276	0.313978494624	436	2	30	0	2	0.00456621004566
0.727874808024	0.315053763441	437	2	30	0	2	0.00455580865604
0.729555109723	0.313978494624	438	2	30	0	2	0.00454545454545
0.731824755512	0.315053763441	439	2	30	0	2	0.00453514739229
0.732350372053	0.316129032258	440	2	30	0	2	0.00452488687783
0.734580365217	0.317204301075	441	2	30	0	2	0.00451467268623
0.735425340701	0.318279569892	442	2	30	0	2	0.0045045045045
0.737273756279	0.317204301075	443	2	30	0	2	0.00449438202247
0.737842909764	0.316129032258	444	2	30	0	2	0.00448430493274
0.738517549343	0.317204301075	445	2	30	0	2	0.00447427293065
0.738822885642	0.318279569892	446	2	30	0	2	0.00446428571429
0.740070414993	0.318279569892	447	2	30	0	2	0.00445434298441
0.741036061552	0.31935483871	448	2	30	0	2	0.00444444444444
0.741755811772	0.320430107527	449	2	30	0	2	0.00443458980044
0.74221623695	0.320430107527	450	2	30	0	2	0.00442477876106
0.743994666247	0.321505376344	451	2	30	0	2	0.00441501103753
0.744448949412	0.320430107527	452	2	30	0	2	0.00440528634361
0.745882994055	0.321505376344	453	2	30	0	2	0.0043956043956
0.748307605782	0.321505376344	454	2	30	0	2	0.00438596491228
0.753167665555	0.322580645161	455	2	30	0	2	0.00437636761488
0.75347122088	0.323655913978	456	2	30	0	2	0.00436681222707
0.753754453388	0.324731182796	457	2	30	0	2	0.00435729847495
0.75458860336	0.324731182796	458	2	30	0	2	0.00434782608696
0.755843672988	0.325806451613	459	2	30	0	2	0.00433839479393
0.761256186203	0.32688172043	460	2	30	0	2	0.004329004329
0.761490840196	0.325806451613	461	2	30	0	2	0.00431965442765
0.763058604808	0.325806451613	462	2	30	0	2	0.00431034482759
0.76588041683	0.325806451613	463	2	30	0	2	0.00430107526882
0.767273329777	0.32688172043	464	2	30	0	2	0.00429184549356
0.768317396176	0.327956989247	465	2	30	0	2	0.00428265524625
0.768616214428	0.327956989247	466	2	30	0	2	0.0042735042735
0.770399109265	0.329032258065	467	2	30	0	2	0.00426439232409
0.771571591385	0.330107526882	468	2	30	0	2	0.00425531914894
0.773042935548	0.331182795699	469	2	30	0	2	0.00424628450106
0.773111132517	0.332258064516	470	2	30	0	2	0.00423728813559
0.774532246872	0.332258064516	471	2	30	0	2	0.00422832980973
0.774827251383	0.333333333333	472	2	30	0	2	0.0042194092827
0.778308596258	0.334408602151	473	2	30	0	2	0.00421052631579
0.780446663134	0.335483870968	474	2	30	0	2	0.00420168067227
0.781643354749	0.336559139785	475	2	30	0	2	0.0041928721174
0.781877514049	0.337634408602	476	2	30	0	2	0.00418410041841
0.783454968037	0.338709677419	477	2	30	0	2	0.00417536534447
0.783755046835	0.339784946237	478	2	30	0	2	0.00416666666667
0.783984396549	0.339784946237	479	2	30	0	2	0.004158004158
0.791748977008	0.340860215054	480	2	30	0	2	0.00414937759336
0.793196470957	0.340860215054	481	2	30	0	2	0.00414078674948
0.796773251865	0.341935483871	482	2	30	0	2	0.00413223140496
0.797839831194	0.343010752688	483	2	30	0	2	0.00412371134021
0.800766311717	0.344086021505	484	2	30	0	2	0.00411522633745
0.80077245586	0.343010752688	485	2	30	0	2	0.0041067761807
0.801569781974	0.344086021505	486	2	30	0	2	0.00409836065574
0.801831888754	0.345161290323	487	2	30	0	2	0.0040899795501
0.806130910752	0.34623655914	488	2	30	0	2	0.00408163265306
0.807500304423	0.34623655914	489	2	30	0	2	0.0040733197556
