# time 	 divergence 	 # of mutations 	 # IGC chances 	 IGC length 	 # IGC failures 	 Changes due to IGC  	 % change due to IGC 
0.0	0.465591397849	0	0	0	0	0	0.0
0.000188276175341	0.465591397849	1	0	0	0	0	0.0
0.00081187583265	0.464516129032	2	0	0	0	0	0.0
0.00127705092848	0.464516129032	3	0	0	0	0	0.0
0.00133872289443	0.465591397849	4	0	0	0	0	0.0
0.00153457873941	0.465591397849	5	0	0	0	0	0.0
0.00228448723131	0.466666666667	6	0	0	0	0	0.0
0.00348133938832	0.467741935484	7	0	0	0	0	0.0
0.00745014275862	0.467741935484	8	0	0	0	0	0.0
0.0104725459537	0.468817204301	9	0	0	0	0	0.0
0.0105996206277	0.469892473118	10	0	0	0	0	0.0
0.0158849658304	0.470967741935	11	0	0	0	0	0.0
0.0175432454568	0.469892473118	12	0	0	0	0	0.0
0.0178808564117	0.470967741935	13	0	0	0	0	0.0
0.0199703949314	0.472043010753	14	0	0	0	0	0.0
0.0203862107768	0.472043010753	15	0	0	0	0	0.0
0.0209553411509	0.472043010753	16	0	0	0	0	0.0
0.0226744042176	0.472043010753	17	0	0	0	0	0.0
0.0228776101631	0.47311827957	18	0	0	0	0	0.0
0.0245560161039	0.474193548387	19	0	0	0	0	0.0
0.0249042932832	0.475268817204	20	0	0	0	0	0.0
0.0303621577546	0.475268817204	21	0	0	0	0	0.0
0.03048990905	0.476344086022	22	0	0	0	0	0.0
0.0317181840773	0.477419354839	23	0	0	0	0	0.0
0.0350207257954	0.477419354839	24	0	0	0	0	0.0
0.0353929072006	0.478494623656	25	0	0	0	0	0.0
0.0356304585919	0.477419354839	26	0	0	0	0	0.0
0.0360961095635	0.478494623656	27	0	0	0	0	0.0
0.036220864984	0.478494623656	28	0	0	0	0	0.0
0.0374010713565	0.479569892473	29	0	0	0	0	0.0
0.0389615403865	0.48064516129	30	0	0	0	0	0.0
0.0414138967942	0.48064516129	31	0	0	0	0	0.0
0.043103078562	0.479569892473	32	0	0	0	0	0.0
0.0438431372622	0.479569892473	33	0	0	0	0	0.0
0.0446685177602	0.479569892473	34	0	0	0	0	0.0
0.0451320897587	0.48064516129	35	0	0	0	0	0.0
0.0508134073387	0.479569892473	36	0	0	0	0	0.0
0.0521414725418	0.48064516129	37	0	0	0	0	0.0
0.0545433402516	0.479569892473	38	0	0	0	0	0.0
0.0561144934438	0.479569892473	39	0	0	0	0	0.0
0.0561764557736	0.48064516129	40	0	0	0	0	0.0
0.0576450562397	0.481720430108	41	0	0	0	0	0.0
0.0586869183083	0.482795698925	42	0	0	0	0	0.0
0.0605233848857	0.483870967742	43	0	0	0	0	0.0
0.0631828129119	0.484946236559	44	0	0	0	0	0.0
0.0664954028478	0.484946236559	45	0	0	0	0	0.0
0.0670763504871	0.486021505376	46	0	0	0	0	0.0
0.0672619242833	0.486021505376	47	0	0	0	0	0.0
0.0706193686149	0.486021505376	48	0	0	0	0	0.0
0.0747807231857	0.487096774194	49	0	0	0	0	0.0
0.0751432504012	0.487096774194	50	0	0	0	0	0.0
0.0751909204322	0.486021505376	51	0	0	0	0	0.0
0.0752177915656	0.484946236559	52	0	0	0	0	0.0
0.075627233276	0.486021505376	53	0	0	0	0	0.0
0.0827363752634	0.487096774194	54	0	0	0	0	0.0
0.0863088039464	0.488172043011	55	0	0	0	0	0.0
0.0872796548285	0.489247311828	56	0	0	0	0	0.0
0.0896454959586	0.490322580645	57	0	0	0	0	0.0
0.0916666637337	0.491397849462	58	0	0	0	0	0.0
0.0920572108731	0.49247311828	59	0	0	0	0	0.0
0.0948915224523	0.491397849462	60	0	0	0	0	0.0
0.0956800114245	0.491397849462	61	0	0	0	0	0.0
0.0956867869547	0.491397849462	62	0	0	0	0	0.0
0.0963810879893	0.491397849462	63	0	0	0	0	0.0
0.0964919696746	0.491397849462	64	0	0	0	0	0.0
0.0975869389955	0.490322580645	65	0	0	0	0	0.0
0.0986871903426	0.491397849462	66	0	0	0	0	0.0
0.0988209359487	0.49247311828	67	0	0	0	0	0.0
0.0995469461176	0.493548387097	68	0	0	0	0	0.0
0.100678141457	0.493548387097	69	0	0	0	0	0.0
0.100823322475	0.494623655914	70	0	0	0	0	0.0
0.106325668202	0.494623655914	71	0	0	0	0	0.0
0.108684833012	0.495698924731	72	0	0	0	0	0.0
0.108868536716	0.496774193548	73	0	0	0	0	0.0
0.109370826753	0.497849462366	74	0	0	0	0	0.0
0.111680890646	0.498924731183	75	0	0	0	0	0.0
0.113681134316	0.497849462366	76	0	0	0	0	0.0
0.116949721792	0.497849462366	77	0	0	0	0	0.0
0.120942892361	0.497849462366	78	0	0	0	0	0.0
0.121540643907	0.496774193548	79	0	0	0	0	0.0
0.122395708652	0.496774193548	80	0	0	0	0	0.0
0.122785924903	0.497849462366	81	0	0	0	0	0.0
0.124153931499	0.496774193548	82	0	0	0	0	0.0
0.126961242804	0.497849462366	83	0	0	0	0	0.0
0.127176252726	0.497849462366	84	0	0	0	0	0.0
0.128604019528	0.496774193548	85	0	0	0	0	0.0
0.130575338874	0.497849462366	86	0	0	0	0	0.0
0.130705694707	0.497849462366	87	0	0	0	0	0.0
0.133419086857	0.497849462366	88	0	0	0	0	0.0
0.13347173174	0.497849462366	89	0	0	0	0	0.0
0.135651693222	0.498924731183	90	0	0	0	0	0.0
0.135828662867	0.497849462366	91	0	0	0	0	0.0
0.136389855928	0.497849462366	92	0	0	0	0	0.0
0.137835951578	0.496774193548	93	0	0	0	0	0.0
0.140355854692	0.497849462366	94	0	0	0	0	0.0
0.141154677125	0.498924731183	95	0	0	0	0	0.0
0.142417679173	0.5	96	0	0	0	0	0.0
0.142876068933	0.5	97	0	0	0	0	0.0
0.144096720001	0.5	98	0	0	0	0	0.0
0.144988539326	0.498924731183	99	0	0	0	0	0.0
0.14867914911	0.498924731183	100	0	0	0	0	0.0
0.151318263216	0.498924731183	101	0	0	0	0	0.0
0.152069091404	0.5	102	0	0	0	0	0.0
0.152384890089	0.5	103	0	0	0	0	0.0
0.1528870334	0.5	104	0	0	0	0	0.0
0.154023632885	0.501075268817	105	0	0	0	0	0.0
0.15544060168	0.501075268817	106	0	0	0	0	0.0
0.156024499342	0.5	107	0	0	0	0	0.0
0.156766311594	0.501075268817	108	0	0	0	0	0.0
0.158748034138	0.501075268817	109	0	0	0	0	0.0
0.161979137419	0.502150537634	110	0	0	0	0	0.0
0.162587223972	0.503225806452	111	0	0	0	0	0.0
0.163375066943	0.503225806452	112	0	0	0	0	0.0
0.164795529864	0.503225806452	113	0	0	0	0	0.0
0.167248593689	0.504301075269	114	0	0	0	0	0.0
0.168026060091	0.505376344086	115	0	0	0	0	0.0
0.168506500718	0.504301075269	116	0	0	0	0	0.0
0.168905484889	0.504301075269	117	0	0	0	0	0.0
0.170157356009	0.504301075269	118	0	0	0	0	0.0
0.173268891506	0.504301075269	119	0	0	0	0	0.0
0.177251671183	0.505376344086	120	0	0	0	0	0.0
0.177377748033	0.504301075269	121	0	0	0	0	0.0
0.178972105863	0.504301075269	122	0	0	0	0	0.0
0.181180544646	0.505376344086	123	0	0	0	0	0.0
0.183070366447	0.504301075269	124	0	0	0	0	0.0
0.185400457431	0.505376344086	125	0	0	0	0	0.0
0.185794020341	0.505376344086	126	0	0	0	0	0.0
0.190747636235	0.504301075269	127	0	0	0	0	0.0
0.192378935836	0.504301075269	128	0	0	0	0	0.0
0.19414858465	0.504301075269	129	0	0	0	0	0.0
0.198677637096	0.505376344086	130	0	0	0	0	0.0
0.19944103772	0.506451612903	131	0	0	0	0	0.0
0.200155373822	0.506451612903	132	0	0	0	0	0.0
0.20039189249	0.50752688172	133	0	0	0	0	0.0
0.200547989513	0.508602150538	134	0	0	0	0	0.0
0.204669704717	0.509677419355	135	0	0	0	0	0.0
0.205945281482	0.509677419355	136	0	0	0	0	0.0
0.206321091662	0.509677419355	137	0	0	0	0	0.0
0.207870154372	0.510752688172	138	0	0	0	0	0.0
0.208175844817	0.509677419355	139	0	0	0	0	0.0
0.210523003997	0.510752688172	140	0	0	0	0	0.0
0.217028365452	0.511827956989	141	0	0	0	0	0.0
0.217878096547	0.512903225806	142	0	0	0	0	0.0
0.218041710972	0.512903225806	143	0	0	0	0	0.0
0.218599063886	0.513978494624	144	0	0	0	0	0.0
0.222004448027	0.512903225806	145	0	0	0	0	0.0
0.223068053747	0.511827956989	146	0	0	0	0	0.0
0.224154042998	0.512903225806	147	0	0	0	0	0.0
0.224410347006	0.512903225806	148	0	0	0	0	0.0
0.225838893082	0.513978494624	149	0	0	0	0	0.0
0.230971697807	0.515053763441	150	0	0	0	0	0.0
0.232788322117	0.513978494624	151	0	0	0	0	0.0
0.233489635365	0.515053763441	152	0	0	0	0	0.0
0.237345157446	0.516129032258	153	0	0	0	0	0.0
0.237565664696	0.516129032258	154	0	0	0	0	0.0
0.238075224066	0.516129032258	155	0	0	0	0	0.0
0.239932074138	0.517204301075	156	0	0	0	0	0.0
0.244037795585	0.518279569892	157	0	0	0	0	0.0
0.245679560762	0.518279569892	158	0	0	0	0	0.0
0.249965163006	0.517204301075	159	0	0	0	0	0.0
0.256365225221	0.518279569892	160	0	0	0	0	0.0
0.258705871819	0.517204301075	161	0	0	0	0	0.0
0.259206747389	0.517204301075	162	0	0	0	0	0.0
0.259442434657	0.516129032258	163	0	0	0	0	0.0
0.261837137775	0.516129032258	164	0	0	0	0	0.0
0.26341988307	0.516129032258	165	0	0	0	0	0.0
0.266951593351	0.517204301075	166	0	0	0	0	0.0
0.26755467045	0.518279569892	167	0	0	0	0	0.0
0.270742347261	0.51935483871	168	0	0	0	0	0.0
0.272552769923	0.518279569892	169	0	0	0	0	0.0
0.274162268755	0.517204301075	170	0	0	0	0	0.0
0.275172766167	0.517204301075	171	0	0	0	0	0.0
0.275260118551	0.518279569892	172	0	0	0	0	0.0
0.276331552387	0.51935483871	173	0	0	0	0	0.0
0.278932585574	0.520430107527	174	0	0	0	0	0.0
0.279174125947	0.521505376344	175	0	0	0	0	0.0
0.279205306752	0.521505376344	176	0	0	0	0	0.0
0.283420894301	0.520430107527	177	0	0	0	0	0.0
0.286868452592	0.520430107527	178	0	0	0	0	0.0
0.28794394948	0.51935483871	179	0	0	0	0	0.0
0.288131098318	0.518279569892	180	0	0	0	0	0.0
0.288317698662	0.517204301075	181	0	0	0	0	0.0
0.291670183959	0.517204301075	182	0	0	0	0	0.0
0.294751913673	0.517204301075	183	0	0	0	0	0.0
0.295944650794	0.518279569892	184	0	0	0	0	0.0
0.297518348366	0.518279569892	185	0	0	0	0	0.0
0.297863122184	0.51935483871	186	0	0	0	0	0.0
0.298889460064	0.51935483871	187	0	0	0	0	0.0
0.300737882267	0.520430107527	188	0	0	0	0	0.0
0.302580244077	0.521505376344	189	0	0	0	0	0.0
0.305564075874	0.520430107527	190	0	0	0	0	0.0
0.305599512487	0.521505376344	191	0	0	0	0	0.0
0.30610665361	0.521505376344	192	0	0	0	0	0.0
0.307250068126	0.521505376344	193	0	0	0	0	0.0
0.308018328241	0.496774193548	193	1	48	0	23	0.106481481481
0.309056412547	0.497849462366	194	1	48	0	23	0.10599078341
0.309447302064	0.497849462366	195	1	48	0	23	0.105504587156
0.310681760031	0.496774193548	196	1	48	0	23	0.10502283105
0.312754762642	0.496774193548	197	1	48	0	23	0.104545454545
0.315521505591	0.497849462366	198	1	48	0	23	0.10407239819
0.316833239767	0.498924731183	199	1	48	0	23	0.103603603604
0.317643968099	0.5	200	1	48	0	23	0.103139013453
0.320330049832	0.498924731183	201	1	48	0	23	0.102678571429
0.320658386405	0.498924731183	202	1	48	0	23	0.102222222222
0.323385339771	0.497849462366	203	1	48	0	23	0.101769911504
0.324647441114	0.498924731183	204	1	48	0	23	0.101321585903
0.325034470299	0.5	205	1	48	0	23	0.100877192982
0.325082670515	0.5	206	1	48	0	23	0.100436681223
0.325209910507	0.501075268817	207	1	48	0	23	0.1
0.326143023115	0.501075268817	208	1	48	0	23	0.0995670995671
0.328381522669	0.502150537634	209	1	48	0	23	0.0991379310345
0.329529863867	0.503225806452	210	1	48	0	23	0.0987124463519
0.330591041147	0.504301075269	211	1	48	0	23	0.0982905982906
0.330966083231	0.505376344086	212	1	48	0	23	0.0978723404255
0.332940790156	0.506451612903	213	1	48	0	23	0.0974576271186
0.336895624214	0.50752688172	214	1	48	0	23	0.0970464135021
0.339737416402	0.508602150538	215	1	48	0	23	0.0966386554622
0.346721547064	0.508602150538	216	1	48	0	23	0.0962343096234
0.347227619908	0.50752688172	217	1	48	0	23	0.0958333333333
0.347541866404	0.50752688172	218	1	48	0	23	0.0954356846473
0.351282828648	0.50752688172	219	1	48	0	23	0.095041322314
0.353367565749	0.508602150538	220	1	48	0	23	0.0946502057613
0.354313543328	0.509677419355	221	1	48	0	23	0.094262295082
0.3550544374	0.509677419355	222	1	48	0	23	0.0938775510204
0.356130790688	0.510752688172	223	1	48	0	23	0.0934959349593
0.356753609622	0.510752688172	224	1	48	0	23	0.0931174089069
0.357547897563	0.509677419355	225	1	48	0	23	0.0927419354839
0.359150021821	0.510752688172	226	1	48	0	23	0.0923694779116
0.35950094682	0.511827956989	227	1	48	0	23	0.092
0.361426175616	0.512903225806	228	1	48	0	23	0.0916334661355
0.362078819239	0.512903225806	229	1	48	0	23	0.0912698412698
0.365286564282	0.513978494624	230	1	48	0	23	0.0909090909091
0.366818757455	0.513978494624	231	1	48	0	23	0.0905511811024
0.366920736466	0.515053763441	232	1	48	0	23	0.0901960784314
0.373718234961	0.515053763441	233	1	48	0	23	0.08984375
0.37589996807	0.513978494624	234	1	48	0	23	0.0894941634241
0.376818696005	0.515053763441	235	1	48	0	23	0.0891472868217
0.377931401847	0.516129032258	236	1	48	0	23	0.0888030888031
0.382303921489	0.517204301075	237	1	48	0	23	0.0884615384615
0.383029666339	0.516129032258	238	1	48	0	23	0.088122605364
0.384321888592	0.516129032258	239	1	48	0	23	0.087786259542
0.384612609571	0.515053763441	240	1	48	0	23	0.0874524714829
0.384617920923	0.516129032258	241	1	48	0	23	0.0871212121212
0.389201451402	0.517204301075	242	1	48	0	23	0.0867924528302
0.389761630065	0.517204301075	243	1	48	0	23	0.0864661654135
0.391641571485	0.517204301075	244	1	48	0	23	0.0861423220974
0.392624040765	0.516129032258	245	1	48	0	23	0.0858208955224
0.401730418722	0.515053763441	246	1	48	0	23	0.0855018587361
0.403204920073	0.513978494624	247	1	48	0	23	0.0851851851852
0.403367192853	0.512903225806	248	1	48	0	23	0.0848708487085
0.404486297812	0.512903225806	249	1	48	0	23	0.0845588235294
0.406100414125	0.511827956989	250	1	48	0	23	0.0842490842491
0.406790751709	0.512903225806	251	1	48	0	23	0.0839416058394
0.411384409862	0.512903225806	252	1	48	0	23	0.0836363636364
0.413211629005	0.512903225806	253	1	48	0	23	0.0833333333333
0.413280961815	0.513978494624	254	1	48	0	23	0.0830324909747
0.413341504046	0.513978494624	255	1	48	0	23	0.0827338129496
0.416691983781	0.513978494624	256	1	48	0	23	0.0824372759857
0.417301862287	0.515053763441	257	1	48	0	23	0.0821428571429
0.417665227328	0.516129032258	258	1	48	0	23	0.0818505338078
0.418218845934	0.517204301075	259	1	48	0	23	0.0815602836879
0.421690922619	0.516129032258	260	1	48	0	23	0.0812720848057
0.423088343565	0.517204301075	261	1	48	0	23	0.080985915493
0.423125315118	0.517204301075	262	1	48	0	23	0.080701754386
0.428042368628	0.518279569892	263	1	48	0	23	0.0804195804196
0.429409335386	0.51935483871	264	1	48	0	23	0.0801393728223
0.430275964304	0.51935483871	265	1	48	0	23	0.0798611111111
0.430434800386	0.518279569892	266	1	48	0	23	0.0795847750865
0.430666420092	0.518279569892	267	1	48	0	23	0.0793103448276
0.431248241705	0.518279569892	268	1	48	0	23	0.0790378006873
0.433065257678	0.518279569892	269	1	48	0	23	0.0787671232877
0.433094057508	0.518279569892	270	1	48	0	23	0.0784982935154
0.434764990321	0.51935483871	271	1	48	0	23	0.078231292517
0.439676863678	0.520430107527	272	1	48	0	23	0.0779661016949
0.441895752118	0.520430107527	273	1	48	0	23	0.0777027027027
0.442568237143	0.51935483871	274	1	48	0	23	0.0774410774411
0.442875229894	0.520430107527	275	1	48	0	23	0.0771812080537
0.443129664172	0.51935483871	276	1	48	0	23	0.0769230769231
0.445166346525	0.520430107527	277	1	48	0	23	0.0766666666667
0.446493075792	0.520430107527	278	1	48	0	23	0.0764119601329
0.452428949052	0.51935483871	279	1	48	0	23	0.0761589403974
0.457654815746	0.520430107527	280	1	48	0	23	0.0759075907591
0.461436716798	0.520430107527	281	1	48	0	23	0.0756578947368
