# time 	 divergence 	 # of mutations 	 # IGC chances 	 IGC length 	 # IGC failures 	 Changes due to IGC  	 % change due to IGC 
0.0	0.256335282651	0	0	0	0	0	0.0
0.000124417208791	0.25730994152	1	0	0	0	0	0.0
0.000307823560406	0.25828460039	2	0	0	0	0	0.0
0.00266196622046	0.259259259259	3	0	0	0	0	0.0
0.00450997956629	0.260233918129	4	0	0	0	0	0.0
0.00495997100255	0.261208576998	5	0	0	0	0	0.0
0.00514691670664	0.260233918129	6	0	0	0	0	0.0
0.0100011620995	0.259259259259	7	0	0	0	0	0.0
0.0100226678388	0.260233918129	8	0	0	0	0	0.0
0.0107464202758	0.261208576998	9	0	0	0	0	0.0
0.0140926693632	0.262183235867	10	0	0	0	0	0.0
0.014627495758	0.263157894737	11	0	0	0	0	0.0
0.0148948290192	0.262183235867	12	0	0	0	0	0.0
0.0152498237818	0.263157894737	13	0	0	0	0	0.0
0.0159893928179	0.264132553606	14	0	0	0	0	0.0
0.0165823738226	0.265107212476	15	0	0	0	0	0.0
0.0174113425486	0.266081871345	16	0	0	0	0	0.0
0.0185002295207	0.267056530214	17	0	0	0	0	0.0
0.0190112320834	0.268031189084	18	0	0	0	0	0.0
0.0203829555395	0.269005847953	19	0	0	0	0	0.0
0.0206608027803	0.269005847953	20	0	0	0	0	0.0
0.0213053073598	0.269980506823	21	0	0	0	0	0.0
0.0215428818741	0.270955165692	22	0	0	0	0	0.0
0.023124857468	0.269980506823	23	0	0	0	0	0.0
0.0231311379659	0.269005847953	24	0	0	0	0	0.0
0.0239097088979	0.269980506823	25	0	0	0	0	0.0
0.0239613588236	0.270955165692	26	0	0	0	0	0.0
0.0262822175512	0.271929824561	27	0	0	0	0	0.0
0.026871340843	0.272904483431	28	0	0	0	0	0.0
0.0300132793931	0.2738791423	29	0	0	0	0	0.0
0.0302698674415	0.27485380117	30	0	0	0	0	0.0
0.0321508826676	0.27485380117	31	0	0	0	0	0.0
0.0332403985891	0.275828460039	32	0	0	0	0	0.0
0.0333392168352	0.276803118908	33	0	0	0	0	0.0
0.0352179615224	0.277777777778	34	0	0	0	0	0.0
0.0354820744021	0.278752436647	35	0	0	0	0	0.0
0.0355999888949	0.279727095517	36	0	0	0	0	0.0
0.0389299693779	0.280701754386	37	0	0	0	0	0.0
0.040566352242	0.280701754386	38	0	0	0	0	0.0
0.043057668041	0.25828460039	38	1	54	0	23	0.377049180328
0.0432305055643	0.259259259259	39	1	54	0	23	0.370967741935
0.0439215647956	0.260233918129	40	1	54	0	23	0.365079365079
0.0468806702695	0.259259259259	41	1	54	0	23	0.359375
0.0498664647692	0.260233918129	42	1	54	0	23	0.353846153846
0.0499805941538	0.261208576998	43	1	54	0	23	0.348484848485
0.0515972859006	0.262183235867	44	1	54	0	23	0.34328358209
0.0519090711324	0.262183235867	45	1	54	0	23	0.338235294118
0.0570531349955	0.263157894737	46	1	54	0	23	0.333333333333
0.0572712264818	0.263157894737	47	1	54	0	23	0.328571428571
0.0590047667583	0.262183235867	48	1	54	0	23	0.323943661972
0.0590791024342	0.263157894737	49	1	54	0	23	0.319444444444
0.0609330364455	0.263157894737	50	1	54	0	23	0.315068493151
0.0624418127636	0.264132553606	51	1	54	0	23	0.310810810811
0.0651502673758	0.265107212476	52	1	54	0	23	0.306666666667
0.0653858850542	0.265107212476	53	1	54	0	23	0.302631578947
0.0714991880169	0.266081871345	54	1	54	0	23	0.298701298701
0.0723893216572	0.267056530214	55	1	54	0	23	0.294871794872
0.0781769188061	0.268031189084	56	1	54	0	23	0.291139240506
0.0784239198418	0.268031189084	57	1	54	0	23	0.2875
0.0785371973889	0.269005847953	58	1	54	0	23	0.283950617284
0.0794055478675	0.269980506823	59	1	54	0	23	0.280487804878
0.0795742259257	0.269980506823	60	1	54	0	23	0.277108433735
0.0809914098043	0.270955165692	61	1	54	0	23	0.27380952381
0.0837000207737	0.271929824561	62	1	54	0	23	0.270588235294
0.0851882074334	0.272904483431	63	1	54	0	23	0.267441860465
0.0877267329346	0.2738791423	64	1	54	0	23	0.264367816092
0.089504120356	0.27485380117	65	1	54	0	23	0.261363636364
0.0898019763288	0.275828460039	66	1	54	0	23	0.258426966292
0.0938047969061	0.276803118908	67	1	54	0	23	0.255555555556
0.094402592852	0.275828460039	68	1	54	0	23	0.252747252747
0.094868172299	0.276803118908	69	1	54	0	23	0.25
0.0951428145303	0.275828460039	70	1	54	0	23	0.247311827957
0.0951643087041	0.276803118908	71	1	54	0	23	0.244680851064
0.100141478341	0.277777777778	72	1	54	0	23	0.242105263158
0.100913095192	0.277777777778	73	1	54	0	23	0.239583333333
0.101096847128	0.278752436647	74	1	54	0	23	0.237113402062
0.103389675664	0.262183235867	74	2	93	0	40	0.350877192982
0.10471456874	0.263157894737	75	2	93	0	40	0.347826086957
0.107958136259	0.264132553606	76	2	93	0	40	0.344827586207
0.109539166386	0.265107212476	77	2	93	0	40	0.34188034188
0.111193152344	0.266081871345	78	2	93	0	40	0.338983050847
0.112315178272	0.267056530214	79	2	93	0	40	0.336134453782
0.115443361268	0.268031189084	80	2	93	0	40	0.333333333333
0.116968552296	0.269005847953	81	2	93	0	40	0.330578512397
0.11771978638	0.269980506823	82	2	93	0	40	0.327868852459
0.119426782852	0.269980506823	83	2	93	0	40	0.325203252033
0.126238242588	0.266081871345	83	3	9	0	44	0.346456692913
0.128590758971	0.266081871345	84	3	9	0	44	0.34375
0.130565852284	0.267056530214	85	3	9	0	44	0.341085271318
0.131572616187	0.268031189084	86	3	9	0	44	0.338461538462
0.132669459352	0.269005847953	87	3	9	0	44	0.335877862595
0.133597009741	0.269980506823	88	3	9	0	44	0.333333333333
0.135276780979	0.270955165692	89	3	9	0	44	0.330827067669
0.135949723631	0.268031189084	89	4	27	0	47	0.345588235294
0.138538877977	0.269005847953	90	4	27	0	47	0.343065693431
0.140686741575	0.269980506823	91	4	27	0	47	0.340579710145
0.144919501064	0.270955165692	92	4	27	0	47	0.338129496403
0.146200452813	0.270955165692	93	4	27	0	47	0.335714285714
0.146363384866	0.271929824561	94	4	27	0	47	0.333333333333
0.146366292875	0.272904483431	95	4	27	0	47	0.330985915493
0.147106401841	0.2738791423	96	4	27	0	47	0.328671328671
0.148353234678	0.2738791423	97	4	27	0	47	0.326388888889
0.149877230551	0.27485380117	98	4	27	0	47	0.324137931034
0.15131199706	0.275828460039	99	4	27	0	47	0.321917808219
0.1518251367	0.25828460039	99	5	36	0	65	0.396341463415
0.152358538339	0.259259259259	100	5	36	0	65	0.393939393939
0.152719522938	0.260233918129	101	5	36	0	65	0.39156626506
0.153515142378	0.261208576998	102	5	36	0	65	0.389221556886
0.153693661199	0.262183235867	103	5	36	0	65	0.386904761905
0.1539161347	0.263157894737	104	5	36	0	65	0.384615384615
0.155974250874	0.264132553606	105	5	36	0	65	0.382352941176
0.157919816349	0.264132553606	106	5	36	0	65	0.380116959064
0.160863898226	0.263157894737	107	5	36	0	65	0.377906976744
0.161114928656	0.264132553606	108	5	36	0	65	0.375722543353
0.163918628293	0.265107212476	109	5	36	0	65	0.373563218391
0.164116789495	0.265107212476	110	5	36	0	65	0.371428571429
0.164735429016	0.266081871345	111	5	36	0	65	0.369318181818
0.168365700957	0.267056530214	112	5	36	0	65	0.367231638418
0.169998825525	0.268031189084	113	5	36	0	65	0.365168539326
0.1720803121	0.269005847953	114	5	36	0	65	0.36312849162
0.173313546665	0.269980506823	115	5	36	0	65	0.361111111111
0.173604618319	0.270955165692	116	5	36	0	65	0.359116022099
0.180353159891	0.271929824561	117	5	36	0	65	0.357142857143
0.180638390724	0.272904483431	118	5	36	0	65	0.355191256831
0.183036804137	0.2738791423	119	5	36	0	65	0.353260869565
0.183508664093	0.2738791423	120	5	36	0	65	0.351351351351
0.184538209151	0.253411306043	120	6	66	0	86	0.417475728155
0.186983330943	0.254385964912	121	6	66	0	86	0.415458937198
0.187964729441	0.255360623782	122	6	66	0	86	0.413461538462
0.188671567358	0.256335282651	123	6	66	0	86	0.411483253589
0.189165949235	0.25730994152	124	6	66	0	86	0.409523809524
0.18917001255	0.25828460039	125	6	66	0	86	0.407582938389
0.189501544674	0.259259259259	126	6	66	0	86	0.405660377358
0.191627245353	0.25828460039	127	6	66	0	86	0.403755868545
0.194078034325	0.25730994152	128	6	66	0	86	0.401869158879
0.194364462157	0.25828460039	129	6	66	0	86	0.4
0.195503074289	0.259259259259	130	6	66	0	86	0.398148148148
0.197334364337	0.260233918129	131	6	66	0	86	0.396313364055
0.199222989493	0.260233918129	132	6	66	0	86	0.394495412844
0.202887238272	0.261208576998	133	6	66	0	86	0.392694063927
0.203561368103	0.262183235867	134	6	66	0	86	0.390909090909
0.206964563628	0.261208576998	135	6	66	0	86	0.389140271493
0.210822283831	0.260233918129	136	6	66	0	86	0.387387387387
0.212822839825	0.261208576998	137	6	66	0	86	0.385650224215
0.215949392397	0.261208576998	138	6	66	0	86	0.383928571429
0.216526111244	0.262183235867	139	6	66	0	86	0.382222222222
0.217201281284	0.261208576998	140	6	66	0	86	0.380530973451
0.217586076403	0.262183235867	141	6	66	0	86	0.378854625551
0.217593758894	0.263157894737	142	6	66	0	86	0.377192982456
0.217947788503	0.264132553606	143	6	66	0	86	0.375545851528
0.218892008273	0.264132553606	144	6	66	0	86	0.373913043478
0.219669636105	0.265107212476	145	6	66	0	86	0.372294372294
0.222587152911	0.266081871345	146	6	66	0	86	0.370689655172
0.222954933396	0.267056530214	147	6	66	0	86	0.369098712446
0.223848782211	0.268031189084	148	6	66	0	86	0.367521367521
0.226253389488	0.269005847953	149	6	66	0	86	0.365957446809
0.228172305793	0.217348927875	149	7	150	0	139	0.482638888889
0.229818577741	0.216374269006	150	7	150	0	139	0.480968858131
0.229892745577	0.217348927875	151	7	150	0	139	0.479310344828
0.237343251929	0.218323586745	152	7	150	0	139	0.477663230241
0.241451182351	0.219298245614	153	7	150	0	139	0.47602739726
0.242448780022	0.220272904483	154	7	150	0	139	0.474402730375
0.244386689945	0.221247563353	155	7	150	0	139	0.472789115646
0.244748983352	0.222222222222	156	7	150	0	139	0.471186440678
0.244930532992	0.223196881092	157	7	150	0	139	0.469594594595
0.246679403461	0.223196881092	158	7	150	0	139	0.468013468013
0.247352921932	0.222222222222	159	7	150	0	139	0.46644295302
0.247948906379	0.222222222222	160	7	150	0	139	0.464882943144
0.249395600064	0.223196881092	161	7	150	0	139	0.463333333333
0.252463034114	0.224171539961	162	7	150	0	139	0.461794019934
0.252679248431	0.22514619883	163	7	150	0	139	0.460264900662
0.252770417123	0.2261208577	164	7	150	0	139	0.458745874587
0.253194422894	0.227095516569	165	7	150	0	139	0.457236842105
0.254686836302	0.228070175439	166	7	150	0	139	0.455737704918
0.255488995453	0.229044834308	167	7	150	0	139	0.454248366013
0.255618897086	0.230019493177	168	7	150	0	139	0.452768729642
0.257610660428	0.230994152047	169	7	150	0	139	0.451298701299
0.259036708953	0.230994152047	170	7	150	0	139	0.449838187702
0.259729800767	0.231968810916	171	7	150	0	139	0.448387096774
0.260672477844	0.232943469786	172	7	150	0	139	0.446945337621
0.261607851725	0.233918128655	173	7	150	0	139	0.445512820513
0.262989035242	0.234892787524	174	7	150	0	139	0.444089456869
0.263460735917	0.235867446394	175	7	150	0	139	0.442675159236
0.263929232798	0.236842105263	176	7	150	0	139	0.44126984127
0.264409978613	0.237816764133	177	7	150	0	139	0.439873417722
0.264910037846	0.237816764133	178	7	150	0	139	0.438485804416
0.265694483176	0.238791423002	179	7	150	0	139	0.437106918239
0.268962380352	0.239766081871	180	7	150	0	139	0.435736677116
0.273250855119	0.240740740741	181	7	150	0	139	0.434375
0.274309121867	0.24171539961	182	7	150	0	139	0.433021806854
0.276171288078	0.24269005848	183	7	150	0	139	0.431677018634
0.277785375838	0.243664717349	184	7	150	0	139	0.430340557276
0.284479270869	0.244639376218	185	7	150	0	139	0.429012345679
0.285667645468	0.245614035088	186	7	150	0	139	0.427692307692
0.285795111228	0.246588693957	187	7	150	0	139	0.426380368098
0.285958722827	0.247563352827	188	7	150	0	139	0.425076452599
0.29108098774	0.247563352827	189	7	150	0	139	0.423780487805
0.291183286494	0.248538011696	190	7	150	0	139	0.422492401216
0.294120793424	0.249512670565	191	7	150	0	139	0.421212121212
0.294673974394	0.250487329435	192	7	150	0	139	0.419939577039
0.295336390698	0.251461988304	193	7	150	0	139	0.418674698795
0.298210380174	0.252436647173	194	7	150	0	139	0.417417417417
0.299056271189	0.253411306043	195	7	150	0	139	0.416167664671
0.300854251697	0.254385964912	196	7	150	0	139	0.414925373134
0.301705185652	0.253411306043	197	7	150	0	139	0.41369047619
0.304187720935	0.253411306043	198	7	150	0	139	0.412462908012
0.304875674474	0.253411306043	199	7	150	0	139	0.41124260355
0.308334858025	0.254385964912	200	7	150	0	139	0.410029498525
0.30904758696	0.254385964912	201	7	150	0	139	0.408823529412
0.31192007712	0.255360623782	202	7	150	0	139	0.407624633431
0.311949057037	0.256335282651	203	7	150	0	139	0.406432748538
0.31354056883	0.25730994152	204	7	150	0	139	0.405247813411
0.313911567493	0.25730994152	205	7	150	0	139	0.404069767442
0.31470750213	0.25730994152	206	7	150	0	139	0.402898550725
0.324823544871	0.25828460039	207	7	150	0	139	0.401734104046
0.327135283329	0.25828460039	208	7	150	0	139	0.400576368876
0.329584001014	0.25828460039	209	7	150	0	139	0.399425287356
0.330372998723	0.25730994152	210	7	150	0	139	0.398280802292
0.3320410966	0.25828460039	211	7	150	0	139	0.397142857143
0.332059755837	0.259259259259	212	7	150	0	139	0.396011396011
0.334330819871	0.25828460039	213	7	150	0	139	0.394886363636
0.335436457697	0.259259259259	214	7	150	0	139	0.393767705382
0.336065843744	0.25828460039	215	7	150	0	139	0.392655367232
0.336805225047	0.259259259259	216	7	150	0	139	0.391549295775
0.337145130371	0.260233918129	217	7	150	0	139	0.390449438202
0.337512793948	0.261208576998	218	7	150	0	139	0.389355742297
0.338304665716	0.262183235867	219	7	150	0	139	0.388268156425
0.340090875846	0.263157894737	220	7	150	0	139	0.387186629526
0.340156286131	0.264132553606	221	7	150	0	139	0.386111111111
0.342776803197	0.265107212476	222	7	150	0	139	0.385041551247
0.343366623195	0.266081871345	223	7	150	0	139	0.383977900552
0.345540625638	0.267056530214	224	7	150	0	139	0.382920110193
0.347184738892	0.266081871345	225	7	150	0	139	0.381868131868
0.349750646198	0.267056530214	226	7	150	0	139	0.380821917808
0.349900344986	0.268031189084	227	7	150	0	139	0.379781420765
0.352081237236	0.267056530214	228	7	150	0	139	0.378746594005
0.355439773149	0.266081871345	229	7	150	0	139	0.377717391304
0.355546388041	0.267056530214	230	7	150	0	139	0.376693766938
0.35619158266	0.268031189084	231	7	150	0	139	0.375675675676
0.357529743607	0.269005847953	232	7	150	0	139	0.374663072776
0.358520328751	0.269005847953	233	7	150	0	139	0.373655913978
0.359001173961	0.25828460039	233	8	57	0	150	0.391644908616
0.359573266096	0.259259259259	234	8	57	0	150	0.390625
0.361245083821	0.25828460039	235	8	57	0	150	0.38961038961
0.361389274117	0.259259259259	236	8	57	0	150	0.388601036269
0.361663585183	0.260233918129	237	8	57	0	150	0.387596899225
0.362203518008	0.24171539961	237	9	54	0	169	0.416256157635
0.363025051448	0.24269005848	238	9	54	0	169	0.415233415233
0.36400270504	0.24269005848	239	9	54	0	169	0.414215686275
0.365926125395	0.243664717349	240	9	54	0	169	0.413202933985
0.366465385226	0.244639376218	241	9	54	0	169	0.412195121951
0.3686416153	0.245614035088	242	9	54	0	169	0.411192214112
0.368820598069	0.246588693957	243	9	54	0	169	0.410194174757
0.371088305484	0.247563352827	244	9	54	0	169	0.409200968523
0.372833421024	0.247563352827	245	9	54	0	169	0.408212560386
0.37452610804	0.248538011696	246	9	54	0	169	0.407228915663
0.375601593529	0.249512670565	247	9	54	0	169	0.40625
0.376451332476	0.249512670565	248	9	54	0	169	0.405275779376
0.378194241396	0.248538011696	249	9	54	0	169	0.404306220096
0.379305722187	0.248538011696	250	9	54	0	169	0.403341288783
0.381839087469	0.249512670565	251	9	54	0	169	0.402380952381
0.383595440303	0.248538011696	252	9	54	0	169	0.401425178147
0.384272093576	0.249512670565	253	9	54	0	169	0.400473933649
0.384313995854	0.248538011696	254	9	54	0	169	0.399527186761
0.384338659931	0.248538011696	255	9	54	0	169	0.39858490566
0.387102933402	0.249512670565	256	9	54	0	169	0.397647058824
0.387193087485	0.250487329435	257	9	54	0	169	0.396713615023
0.389984582206	0.251461988304	258	9	54	0	169	0.395784543326
0.391544928957	0.252436647173	259	9	54	0	169	0.394859813084
0.391804323085	0.253411306043	260	9	54	0	169	0.393939393939
0.394385528531	0.254385964912	261	9	54	0	169	0.393023255814
0.394589162311	0.254385964912	262	9	54	0	169	0.39211136891
0.395250252801	0.254385964912	263	9	54	0	169	0.391203703704
0.39912621605	0.255360623782	264	9	54	0	169	0.390300230947
0.402577057852	0.255360623782	265	9	54	0	169	0.389400921659
0.406155284747	0.250487329435	265	10	15	0	174	0.396355353075
0.407375127301	0.251461988304	266	10	15	0	174	0.395454545455
0.40751945943	0.251461988304	267	10	15	0	174	0.394557823129
0.410576886794	0.252436647173	268	10	15	0	174	0.393665158371
0.410668877029	0.253411306043	269	10	15	0	174	0.392776523702
0.411095195387	0.253411306043	270	10	15	0	174	0.391891891892
0.413795947016	0.252436647173	271	10	15	0	174	0.391011235955
0.417048021827	0.253411306043	272	10	15	0	174	0.390134529148
0.419209619404	0.254385964912	273	10	15	0	174	0.389261744966
0.420405974913	0.255360623782	274	10	15	0	174	0.388392857143
0.420864430216	0.256335282651	275	10	15	0	174	0.387527839644
0.421739368551	0.25730994152	276	10	15	0	174	0.386666666667
0.42970273508	0.25828460039	277	10	15	0	174	0.385809312639
0.429710545608	0.259259259259	278	10	15	0	174	0.384955752212
0.429917911566	0.260233918129	279	10	15	0	174	0.384105960265
0.430781461111	0.261208576998	280	10	15	0	174	0.383259911894
0.433187043959	0.262183235867	281	10	15	0	174	0.382417582418
0.433947476055	0.263157894737	282	10	15	0	174	0.381578947368
0.435314873182	0.264132553606	283	10	15	0	174	0.380743982495
0.437888994199	0.265107212476	284	10	15	0	174	0.379912663755
0.438564968121	0.266081871345	285	10	15	0	174	0.37908496732
0.439925670041	0.267056530214	286	10	15	0	174	0.378260869565
0.445656476897	0.268031189084	287	10	15	0	174	0.377440347072
0.450090072405	0.269005847953	288	10	15	0	174	0.376623376623
0.450317313861	0.269005847953	289	10	15	0	174	0.375809935205
0.451739299453	0.269980506823	290	10	15	0	174	0.375
0.453577605066	0.270955165692	291	10	15	0	174	0.374193548387
0.454082425142	0.270955165692	292	10	15	0	174	0.37339055794
0.457442009158	0.270955165692	293	10	15	0	174	0.372591006424
0.458617873268	0.271929824561	294	10	15	0	174	0.371794871795
0.460098117579	0.270955165692	295	10	15	0	174	0.371002132196
0.461742893443	0.271929824561	296	10	15	0	174	0.370212765957
0.461838196892	0.271929824561	297	10	15	0	174	0.369426751592
0.461999390061	0.272904483431	298	10	15	0	174	0.368644067797
0.462820818287	0.272904483431	299	10	15	0	174	0.367864693446
0.463195007246	0.2738791423	300	10	15	0	174	0.367088607595
0.467120752936	0.2738791423	301	10	15	0	174	0.366315789474
0.467529284805	0.2738791423	302	10	15	0	174	0.365546218487
0.467968972979	0.27485380117	303	10	15	0	174	0.364779874214
0.470533330008	0.275828460039	304	10	15	0	174	0.364016736402
0.471188837674	0.276803118908	305	10	15	0	174	0.363256784969
0.473925600401	0.275828460039	306	10	15	0	174	0.3625
0.474035274232	0.275828460039	307	10	15	0	174	0.361746361746
0.474066618505	0.276803118908	308	10	15	0	174	0.360995850622
0.476443451858	0.276803118908	309	10	15	0	174	0.360248447205
0.476697416388	0.277777777778	310	10	15	0	174	0.359504132231
0.477488161212	0.278752436647	311	10	15	0	174	0.358762886598
0.477884004788	0.279727095517	312	10	15	0	174	0.358024691358
0.481032970302	0.278752436647	313	10	15	0	174	0.357289527721
0.483448442312	0.279727095517	314	10	15	0	174	0.356557377049
0.484412301102	0.280701754386	315	10	15	0	174	0.355828220859
0.488248878641	0.281676413255	316	10	15	0	174	0.355102040816
0.489456620083	0.280701754386	317	10	15	0	174	0.354378818737
0.490317648711	0.280701754386	318	10	15	0	174	0.353658536585
0.490992952616	0.281676413255	319	10	15	0	174	0.352941176471
0.491995069838	0.280701754386	320	10	15	0	174	0.352226720648
0.4929854924	0.279727095517	321	10	15	0	174	0.351515151515
0.493424308495	0.280701754386	322	10	15	0	174	0.350806451613
0.494049091481	0.281676413255	323	10	15	0	174	0.350100603622
0.494060982924	0.282651072125	324	10	15	0	174	0.349397590361
0.495668371308	0.281676413255	325	10	15	0	174	0.34869739479
0.497897243478	0.282651072125	326	10	15	0	174	0.348
0.49839286248	0.283625730994	327	10	15	0	174	0.347305389222
0.499763676919	0.284600389864	328	10	15	0	174	0.346613545817
0.502996874199	0.285575048733	329	10	15	0	174	0.34592445328
0.505316937157	0.285575048733	330	10	15	0	174	0.345238095238
0.505531392242	0.286549707602	331	10	15	0	174	0.344554455446
0.505870754541	0.287524366472	332	10	15	0	174	0.343873517787
0.506510207352	0.288499025341	333	10	15	0	174	0.343195266272
0.507295488696	0.289473684211	334	10	15	0	174	0.342519685039
0.509890967034	0.29044834308	335	10	15	0	174	0.34184675835
0.513278744871	0.29044834308	336	10	15	0	174	0.341176470588
0.513385519621	0.291423001949	337	10	15	0	174	0.340508806262
0.516828027786	0.292397660819	338	10	15	0	174	0.33984375
0.517326118155	0.293372319688	339	10	15	0	174	0.33918128655
0.518315623567	0.294346978558	340	10	15	0	174	0.338521400778
0.518847562339	0.294346978558	341	10	15	0	174	0.33786407767
0.519414925121	0.294346978558	342	10	15	0	174	0.337209302326
0.521628934847	0.293372319688	343	10	15	0	174	0.336557059961
0.522116132182	0.294346978558	344	10	15	0	174	0.335907335907
0.525040886911	0.293372319688	345	10	15	0	174	0.335260115607
0.526141674224	0.294346978558	346	10	15	0	174	0.334615384615
0.526490169424	0.295321637427	347	10	15	0	174	0.333973128599
0.527900613196	0.296296296296	348	10	15	0	174	0.333333333333
0.528592032681	0.297270955166	349	10	15	0	174	0.332695984704
