# time 	 divergence 	 # of mutations 	 # IGC chances 	 IGC length 	 # IGC failures 	 Changes due to IGC  	 % change due to IGC 
0.0	0.175213675214	0	0	0	0	0	0.0
0.000114050101172	0.17735042735	1	0	0	0	0	0.0
0.0120648890948	0.179487179487	2	0	0	0	0	0.0
0.0121999869509	0.181623931624	3	0	0	0	0	0.0
0.0153660841051	0.181623931624	4	0	0	0	0	0.0
0.0171681742573	0.183760683761	5	0	0	0	0	0.0
0.0207497696416	0.183760683761	6	0	0	0	0	0.0
0.021472582267	0.185897435897	7	0	0	0	0	0.0
0.0227997855646	0.188034188034	8	0	0	0	0	0.0
0.025249985242	0.190170940171	9	0	0	0	0	0.0
0.0256565894532	0.192307692308	10	0	0	0	0	0.0
0.0282495531822	0.194444444444	11	0	0	0	0	0.0
0.0295109518264	0.196581196581	12	0	0	0	0	0.0
0.0304783337151	0.198717948718	13	0	0	0	0	0.0
0.0319949664985	0.200854700855	14	0	0	0	0	0.0
0.0324233077784	0.202991452991	15	0	0	0	0	0.0
0.0328782533425	0.202991452991	16	0	0	0	0	0.0
0.0347595304706	0.205128205128	17	0	0	0	0	0.0
0.0404055352047	0.207264957265	18	0	0	0	0	0.0
0.0416339923339	0.209401709402	19	0	0	0	0	0.0
0.0458409966918	0.211538461538	20	0	0	0	0	0.0
0.0464589306839	0.209401709402	21	0	0	0	0	0.0
0.0469015039669	0.211538461538	22	0	0	0	0	0.0
0.0508512507174	0.211538461538	23	0	0	0	0	0.0
0.0541970936032	0.211538461538	24	0	0	0	0	0.0
0.055240117566	0.213675213675	25	0	0	0	0	0.0
0.0570994332001	0.215811965812	26	0	0	0	0	0.0
0.0579392322812	0.217948717949	27	0	0	0	0	0.0
0.0601874945329	0.220085470085	28	0	0	0	0	0.0
0.0612180236323	0.222222222222	29	0	0	0	0	0.0
0.0629131764226	0.224358974359	30	0	0	0	0	0.0
0.0636994279495	0.226495726496	31	0	0	0	0	0.0
0.0715532392613	0.228632478632	32	0	0	0	0	0.0
0.0764374598518	0.230769230769	33	0	0	0	0	0.0
0.0817690507233	0.230769230769	34	0	0	0	0	0.0
0.0841795491432	0.232905982906	35	0	0	0	0	0.0
0.0926082370065	0.232905982906	36	0	0	0	0	0.0
0.0928938293971	0.235042735043	37	0	0	0	0	0.0
0.0954326785158	0.237179487179	38	0	0	0	0	0.0
0.102389471175	0.239316239316	39	0	0	0	0	0.0
0.102531479675	0.241452991453	40	0	0	0	0	0.0
0.10332940625	0.24358974359	41	0	0	0	0	0.0
0.109204920384	0.245726495726	42	0	0	0	0	0.0
0.110879202709	0.247863247863	43	0	0	0	0	0.0
0.111234338486	0.247863247863	44	0	0	0	0	0.0
0.114963140432	0.25	45	0	0	0	0	0.0
0.117974703573	0.252136752137	46	0	0	0	0	0.0
0.120576155071	0.254273504274	47	0	0	0	0	0.0
0.122589727454	0.25641025641	48	0	0	0	0	0.0
0.12367989017	0.258547008547	49	0	0	0	0	0.0
0.124866686632	0.258547008547	50	0	0	0	0	0.0
0.129834561745	0.260683760684	51	0	0	0	0	0.0
0.130133899838	0.262820512821	52	0	0	0	0	0.0
0.133210849188	0.264957264957	53	0	0	0	0	0.0
0.135933549267	0.267094017094	54	0	0	0	0	0.0
0.136874226089	0.24358974359	54	1	33	0	11	0.169230769231
0.138522184794	0.245726495726	55	1	33	0	11	0.166666666667
0.140782131561	0.245726495726	56	1	33	0	11	0.164179104478
0.143783124349	0.247863247863	57	1	33	0	11	0.161764705882
