# time 	 divergence 	 # of mutations 	 # IGC chances 	 IGC length 	 # IGC failures 	 Changes due to IGC  	 % change due to IGC 
0.0	0.0	0	0	0	0	0	0.0
0.00613964611871	0.0	0	1	9	0	0	0.0
0.00650942175988	0.00213675213675	1	1	9	0	0	0.0
0.00783607725295	0.0042735042735	2	1	9	0	0	0.0
0.00847597320788	0.0042735042735	2	2	33	0	0	0.0
0.00849048140158	0.00641025641026	3	2	33	0	0	0.0
0.00964616196685	0.00854700854701	4	2	33	0	0	0.0
0.0138087754387	0.0106837606838	5	2	33	0	0	0.0
0.0139419735085	0.00641025641026	5	3	210	0	2	0.285714285714
0.0149611179074	0.00854700854701	6	3	210	0	2	0.25
0.0156534042123	0.0106837606838	7	3	210	0	2	0.222222222222
0.0205838412363	0.0128205128205	8	3	210	0	2	0.2
0.0238522828467	0.0149572649573	9	3	210	0	2	0.181818181818
0.0242301641406	0.017094017094	10	3	210	0	2	0.166666666667
0.0283279215209	0.0192307692308	11	3	210	0	2	0.153846153846
0.0300812267831	0.0213675213675	12	3	210	0	2	0.142857142857
0.034498782187	0.0235042735043	13	3	210	0	2	0.133333333333
0.0362361181095	0.025641025641	14	3	210	0	2	0.125
0.0363338988426	0.0277777777778	15	3	210	0	2	0.117647058824
0.0505402198343	0.0299145299145	16	3	210	0	2	0.111111111111
0.0514061755507	0.0320512820513	17	3	210	0	2	0.105263157895
0.0530219366567	0.034188034188	18	3	210	0	2	0.1
0.0562418615373	0.0363247863248	19	3	210	0	2	0.0952380952381
0.0606034652505	0.0384615384615	20	3	210	0	2	0.0909090909091
0.0633433559631	0.0405982905983	21	3	210	0	2	0.0869565217391
0.0636464114514	0.042735042735	22	3	210	0	2	0.0833333333333
0.0658996165267	0.0299145299145	22	4	132	0	8	0.266666666667
0.0704629056036	0.0320512820513	23	4	132	0	8	0.258064516129
0.0711905048802	0.0320512820513	23	5	12	0	8	0.258064516129
0.0733607066247	0.0213675213675	23	6	111	0	13	0.361111111111
0.0754076982071	0.0235042735043	24	6	111	0	13	0.351351351351
0.0765604969257	0.025641025641	25	6	111	0	13	0.342105263158
0.0772085952077	0.0277777777778	26	6	111	0	13	0.333333333333
0.0798418598636	0.0235042735043	26	7	21	0	15	0.365853658537
0.0806938455572	0.0235042735043	26	8	9	0	15	0.365853658537
0.0819313420125	0.025641025641	27	8	9	0	15	0.357142857143
0.0836600500891	0.0213675213675	27	9	114	0	17	0.386363636364
0.0851507752692	0.0213675213675	28	9	114	0	17	0.377777777778
0.0869452007207	0.0235042735043	29	9	114	0	17	0.369565217391
0.0901906366281	0.025641025641	30	9	114	0	17	0.36170212766
0.0960259578362	0.0277777777778	31	9	114	0	17	0.354166666667
0.0989205751279	0.0299145299145	32	9	114	0	17	0.34693877551
0.104250760297	0.0320512820513	33	9	114	0	17	0.34
0.108755257	0.034188034188	34	9	114	0	17	0.333333333333
0.108962266132	0.0192307692308	34	10	84	0	24	0.413793103448
0.113497311123	0.017094017094	34	11	51	0	25	0.423728813559
0.116815358822	0.0192307692308	35	11	51	0	25	0.416666666667
0.124377810776	0.0213675213675	36	11	51	0	25	0.409836065574
0.128868085839	0.0235042735043	37	11	51	0	25	0.403225806452
0.131242690203	0.025641025641	38	11	51	0	25	0.396825396825
0.133592860732	0.0277777777778	39	11	51	0	25	0.390625
0.134183630331	0.0106837606838	39	12	174	0	33	0.458333333333
0.134349481605	0.0128205128205	40	12	174	0	33	0.452054794521
0.13532628186	0.0128205128205	40	13	48	0	33	0.452054794521
0.139235427871	0.0149572649573	41	13	48	0	33	0.445945945946
0.139679954163	0.017094017094	42	13	48	0	33	0.44
0.149536891629	0.017094017094	42	14	120	0	33	0.44
0.150596966484	0.0192307692308	43	14	120	0	33	0.434210526316
0.154203481624	0.0213675213675	44	14	120	0	33	0.428571428571
0.158973958413	0.0235042735043	45	14	120	0	33	0.423076923077
0.161761405449	0.025641025641	46	14	120	0	33	0.417721518987
0.171485835855	0.0128205128205	46	15	108	0	39	0.458823529412
