# time 	 divergence 	 # of mutations 	 # IGC chances 	 IGC length 	 # IGC failures 	 Changes due to IGC  	 % change due to IGC 
0.0	0.489278752437	0	0	0	0	0	0.0
5.02800052126e-05	0.488304093567	1	0	0	0	0	0.0
0.00447942595771	0.489278752437	2	0	0	0	0	0.0
0.00527800776546	0.490253411306	3	0	0	0	0	0.0
0.00551233731238	0.490253411306	4	0	0	0	0	0.0
0.0060548374546	0.491228070175	5	0	0	0	0	0.0
0.0067957130334	0.491228070175	6	0	0	0	0	0.0
0.00749836755852	0.491228070175	7	0	0	0	0	0.0
0.00750232345492	0.492202729045	8	0	0	0	0	0.0
0.007573496122	0.492202729045	9	0	0	0	0	0.0
0.00925718382568	0.491228070175	10	0	0	0	0	0.0
0.0102740146476	0.492202729045	11	0	0	0	0	0.0
0.0110120736685	0.493177387914	12	0	0	0	0	0.0
0.012062347502	0.494152046784	13	0	0	0	0	0.0
0.01213331715	0.494152046784	14	0	0	0	0	0.0
0.0185629441465	0.494152046784	15	0	0	0	0	0.0
0.0189846971976	0.493177387914	16	0	0	0	0	0.0
0.0222407274917	0.494152046784	17	0	0	0	0	0.0
0.0256992098516	0.495126705653	18	0	0	0	0	0.0
0.0271988163178	0.496101364522	19	0	0	0	0	0.0
0.0295613413311	0.495126705653	20	0	0	0	0	0.0
0.0303910401978	0.496101364522	21	0	0	0	0	0.0
0.0315800845939	0.497076023392	22	0	0	0	0	0.0
0.0317682437745	0.497076023392	23	0	0	0	0	0.0
0.0324726696995	0.498050682261	24	0	0	0	0	0.0
0.0325239735228	0.497076023392	25	0	0	0	0	0.0
0.033022249944	0.498050682261	26	0	0	0	0	0.0
0.0335720988276	0.497076023392	27	0	0	0	0	0.0
0.035172199449	0.498050682261	28	0	0	0	0	0.0
0.0365520886494	0.498050682261	29	0	0	0	0	0.0
0.0365934224441	0.499025341131	30	0	0	0	0	0.0
0.0379494341828	0.499025341131	31	0	0	0	0	0.0
0.0388009686796	0.5	32	0	0	0	0	0.0
0.0406490124005	0.500974658869	33	0	0	0	0	0.0
0.0443224678409	0.5	34	0	0	0	0	0.0
0.0450780396604	0.500974658869	35	0	0	0	0	0.0
0.0459749024613	0.500974658869	36	0	0	0	0	0.0
0.046884687256	0.500974658869	37	0	0	0	0	0.0
0.0479393697109	0.501949317739	38	0	0	0	0	0.0
0.0484908313582	0.502923976608	39	0	0	0	0	0.0
0.0506583443126	0.503898635478	40	0	0	0	0	0.0
0.0507941430931	0.504873294347	41	0	0	0	0	0.0
0.0581125216014	0.505847953216	42	0	0	0	0	0.0
0.0603151604107	0.504873294347	43	0	0	0	0	0.0
0.0608551925028	0.504873294347	44	0	0	0	0	0.0
0.0612336948419	0.503898635478	45	0	0	0	0	0.0
0.0614265079645	0.504873294347	46	0	0	0	0	0.0
0.0634699077169	0.505847953216	47	0	0	0	0	0.0
0.0645769183306	0.506822612086	48	0	0	0	0	0.0
0.0652093853706	0.507797270955	49	0	0	0	0	0.0
0.0659445289171	0.508771929825	50	0	0	0	0	0.0
0.0660315330435	0.509746588694	51	0	0	0	0	0.0
0.0677436559437	0.510721247563	52	0	0	0	0	0.0
0.0717312937118	0.511695906433	53	0	0	0	0	0.0
0.0737900241078	0.510721247563	54	0	0	0	0	0.0
0.0755584725718	0.510721247563	55	0	0	0	0	0.0
0.0778768763055	0.511695906433	56	0	0	0	0	0.0
0.0786368265973	0.512670565302	57	0	0	0	0	0.0
0.078994539561	0.512670565302	58	0	0	0	0	0.0
0.0792831290175	0.511695906433	59	0	0	0	0	0.0
0.0811245277209	0.511695906433	60	0	0	0	0	0.0
0.0812035117028	0.510721247563	61	0	0	0	0	0.0
0.0821156871712	0.510721247563	62	0	0	0	0	0.0
0.0871116662632	0.511695906433	63	0	0	0	0	0.0
0.0875033703103	0.512670565302	64	0	0	0	0	0.0
0.092209160781	0.511695906433	65	0	0	0	0	0.0
0.0931327838575	0.512670565302	66	0	0	0	0	0.0
0.0955667647123	0.512670565302	67	0	0	0	0	0.0
0.0962294334526	0.512670565302	68	0	0	0	0	0.0
0.0982333492588	0.511695906433	69	0	0	0	0	0.0
0.10146644191	0.510721247563	70	0	0	0	0	0.0
0.101543240942	0.510721247563	71	0	0	0	0	0.0
0.102088690998	0.510721247563	72	0	0	0	0	0.0
0.102901560592	0.511695906433	73	0	0	0	0	0.0
0.103688909523	0.511695906433	74	0	0	0	0	0.0
0.108858717184	0.511695906433	75	0	0	0	0	0.0
0.109665503364	0.512670565302	76	0	0	0	0	0.0
0.111975314482	0.513645224172	77	0	0	0	0	0.0
0.112003734709	0.512670565302	78	0	0	0	0	0.0
0.113238348765	0.513645224172	79	0	0	0	0	0.0
0.113562402212	0.514619883041	80	0	0	0	0	0.0
0.114523060678	0.514619883041	81	0	0	0	0	0.0
0.115143346213	0.514619883041	82	0	0	0	0	0.0
0.120758540632	0.51559454191	83	0	0	0	0	0.0
0.120818760471	0.51559454191	84	0	0	0	0	0.0
0.121786296583	0.51559454191	85	0	0	0	0	0.0
0.122598250599	0.51656920078	86	0	0	0	0	0.0
0.12524958536	0.517543859649	87	0	0	0	0	0.0
0.12765831353	0.517543859649	88	0	0	0	0	0.0
0.127679881914	0.518518518519	89	0	0	0	0	0.0
0.127965034271	0.518518518519	90	0	0	0	0	0.0
0.127984934903	0.519493177388	91	0	0	0	0	0.0
0.12913200079	0.520467836257	92	0	0	0	0	0.0
0.129439747062	0.520467836257	93	0	0	0	0	0.0
0.129704238358	0.519493177388	94	0	0	0	0	0.0
0.130068001967	0.520467836257	95	0	0	0	0	0.0
0.131614911414	0.519493177388	96	0	0	0	0	0.0
0.131868053307	0.520467836257	97	0	0	0	0	0.0
0.134965236537	0.521442495127	98	0	0	0	0	0.0
0.136238321747	0.522417153996	99	0	0	0	0	0.0
0.138286637221	0.522417153996	100	0	0	0	0	0.0
0.140615051756	0.430799220273	100	1	180	0	94	0.484536082474
0.141593572828	0.431773879142	101	1	180	0	94	0.482051282051
0.14247020047	0.432748538012	102	1	180	0	94	0.479591836735
0.142531877468	0.431773879142	103	1	180	0	94	0.477157360406
0.143278597545	0.432748538012	104	1	180	0	94	0.474747474747
0.145443944375	0.432748538012	105	1	180	0	94	0.472361809045
0.147263736949	0.432748538012	106	1	180	0	94	0.47
0.151106517254	0.433723196881	107	1	180	0	94	0.467661691542
0.151964245223	0.43469785575	108	1	180	0	94	0.465346534653
0.153137650342	0.43567251462	109	1	180	0	94	0.463054187192
0.153236560785	0.436647173489	110	1	180	0	94	0.460784313725
0.153269580076	0.436647173489	111	1	180	0	94	0.458536585366
0.155113931681	0.43567251462	112	1	180	0	94	0.456310679612
0.157912604097	0.436647173489	113	1	180	0	94	0.454106280193
0.158176871332	0.43567251462	114	1	180	0	94	0.451923076923
0.158391142174	0.436647173489	115	1	180	0	94	0.44976076555
0.159136980319	0.437621832359	116	1	180	0	94	0.447619047619
0.160636344466	0.438596491228	117	1	180	0	94	0.445497630332
0.161992097598	0.437621832359	118	1	180	0	94	0.443396226415
0.163035885681	0.437621832359	119	1	180	0	94	0.441314553991
0.165265493622	0.438596491228	120	1	180	0	94	0.439252336449
0.170297323479	0.437621832359	121	1	180	0	94	0.437209302326
0.170479149884	0.436647173489	122	1	180	0	94	0.435185185185
0.17063239251	0.437621832359	123	1	180	0	94	0.433179723502
0.170823191717	0.436647173489	124	1	180	0	94	0.43119266055
0.17142567719	0.437621832359	125	1	180	0	94	0.429223744292
0.171435815086	0.436647173489	126	1	180	0	94	0.427272727273
0.172191014764	0.436647173489	127	1	180	0	94	0.425339366516
0.172460804911	0.437621832359	128	1	180	0	94	0.423423423423
0.17424913541	0.436647173489	129	1	180	0	94	0.421524663677
0.174267728128	0.437621832359	130	1	180	0	94	0.419642857143
0.175059558173	0.436647173489	131	1	180	0	94	0.417777777778
0.177115706812	0.436647173489	132	1	180	0	94	0.41592920354
0.178947396982	0.43567251462	133	1	180	0	94	0.4140969163
0.179561887022	0.436647173489	134	1	180	0	94	0.412280701754
0.181228913864	0.437621832359	135	1	180	0	94	0.410480349345
0.181568900833	0.438596491228	136	1	180	0	94	0.408695652174
0.182280368098	0.438596491228	137	1	180	0	94	0.406926406926
0.185026392438	0.439571150097	138	1	180	0	94	0.405172413793
0.185608420437	0.439571150097	139	1	180	0	94	0.403433476395
0.186417475758	0.440545808967	140	1	180	0	94	0.401709401709
0.187645409416	0.441520467836	141	1	180	0	94	0.4
0.188331368582	0.442495126706	142	1	180	0	94	0.398305084746
0.190412865467	0.443469785575	143	1	180	0	94	0.396624472574
0.191260240285	0.442495126706	144	1	180	0	94	0.394957983193
0.19241526951	0.442495126706	145	1	180	0	94	0.393305439331
0.194438712962	0.441520467836	146	1	180	0	94	0.391666666667
0.198396058007	0.442495126706	147	1	180	0	94	0.390041493776
0.19863703037	0.443469785575	148	1	180	0	94	0.388429752066
0.203691870451	0.444444444444	149	1	180	0	94	0.38683127572
0.20428675793	0.445419103314	150	1	180	0	94	0.385245901639
0.204911011536	0.445419103314	151	1	180	0	94	0.383673469388
0.205644036544	0.446393762183	152	1	180	0	94	0.382113821138
0.206998629597	0.447368421053	153	1	180	0	94	0.380566801619
0.208103075307	0.447368421053	154	1	180	0	94	0.379032258065
0.209213376867	0.447368421053	155	1	180	0	94	0.377510040161
0.210324639945	0.447368421053	156	1	180	0	94	0.376
0.210391881295	0.448343079922	157	1	180	0	94	0.374501992032
0.212888913308	0.449317738791	158	1	180	0	94	0.373015873016
0.213104836732	0.450292397661	159	1	180	0	94	0.371541501976
0.215212705678	0.449317738791	160	1	180	0	94	0.370078740157
0.21946664832	0.450292397661	161	1	180	0	94	0.36862745098
0.219529891192	0.450292397661	162	1	180	0	94	0.3671875
0.219969305826	0.450292397661	163	1	180	0	94	0.365758754864
0.220709370537	0.450292397661	164	1	180	0	94	0.364341085271
0.223226151329	0.450292397661	165	1	180	0	94	0.362934362934
0.22389865211	0.45126705653	166	1	180	0	94	0.361538461538
0.224015096984	0.45126705653	167	1	180	0	94	0.360153256705
0.224579792234	0.45126705653	168	1	180	0	94	0.358778625954
0.226963254833	0.450292397661	169	1	180	0	94	0.357414448669
0.227693918319	0.45126705653	170	1	180	0	94	0.356060606061
0.228763163898	0.4522417154	171	1	180	0	94	0.354716981132
0.229581490831	0.453216374269	172	1	180	0	94	0.353383458647
0.229632006193	0.453216374269	173	1	180	0	94	0.352059925094
0.230538026096	0.454191033138	174	1	180	0	94	0.350746268657
0.232129855	0.454191033138	175	1	180	0	94	0.349442379182
0.232237409031	0.454191033138	176	1	180	0	94	0.348148148148
0.233494064968	0.453216374269	177	1	180	0	94	0.346863468635
0.234213152788	0.453216374269	178	1	180	0	94	0.345588235294
0.236212945615	0.454191033138	179	1	180	0	94	0.344322344322
0.237195330749	0.455165692008	180	1	180	0	94	0.343065693431
0.238757854084	0.456140350877	181	1	180	0	94	0.341818181818
0.242380920298	0.455165692008	182	1	180	0	94	0.340579710145
0.245691365364	0.263157894737	182	2	387	0	291	0.615221987315
0.245704553491	0.263157894737	183	2	387	0	291	0.613924050633
0.247435623071	0.263157894737	184	2	387	0	291	0.612631578947
0.247665904486	0.264132553606	185	2	387	0	291	0.611344537815
0.247992847035	0.265107212476	186	2	387	0	291	0.610062893082
0.250792356578	0.266081871345	187	2	387	0	291	0.608786610879
0.252920698304	0.267056530214	188	2	387	0	291	0.60751565762
0.255619006023	0.268031189084	189	2	387	0	291	0.60625
0.256567449416	0.267056530214	190	2	387	0	291	0.60498960499
0.259662329104	0.268031189084	191	2	387	0	291	0.603734439834
0.260653743786	0.269005847953	192	2	387	0	291	0.60248447205
0.262276682769	0.269980506823	193	2	387	0	291	0.601239669421
0.262454902059	0.270955165692	194	2	387	0	291	0.6
0.263832936092	0.271929824561	195	2	387	0	291	0.598765432099
0.264481358112	0.270955165692	196	2	387	0	291	0.597535934292
0.264956186904	0.270955165692	197	2	387	0	291	0.59631147541
0.270008788701	0.271929824561	198	2	387	0	291	0.59509202454
0.270334380199	0.272904483431	199	2	387	0	291	0.59387755102
0.277462028192	0.2738791423	200	2	387	0	291	0.59266802444
0.278203346504	0.27485380117	201	2	387	0	291	0.591463414634
0.278431809778	0.275828460039	202	2	387	0	291	0.590263691684
0.281373705288	0.27485380117	203	2	387	0	291	0.589068825911
0.28179379976	0.275828460039	204	2	387	0	291	0.587878787879
0.283318848465	0.276803118908	205	2	387	0	291	0.586693548387
0.285389015838	0.277777777778	206	2	387	0	291	0.585513078471
0.285525125281	0.278752436647	207	2	387	0	291	0.584337349398
0.291467808776	0.279727095517	208	2	387	0	291	0.583166332665
0.292066453537	0.280701754386	209	2	387	0	291	0.582
0.294658777563	0.280701754386	210	2	387	0	291	0.580838323353
0.295522359131	0.280701754386	211	2	387	0	291	0.5796812749
0.295881804074	0.280701754386	212	2	387	0	291	0.578528827038
0.297926800864	0.281676413255	213	2	387	0	291	0.577380952381
0.299638521895	0.282651072125	214	2	387	0	291	0.576237623762
0.300181845445	0.283625730994	215	2	387	0	291	0.575098814229
0.307355056799	0.284600389864	216	2	387	0	291	0.573964497041
0.313749210444	0.285575048733	217	2	387	0	291	0.572834645669
0.322568618298	0.286549707602	218	2	387	0	291	0.571709233792
0.324566430386	0.287524366472	219	2	387	0	291	0.570588235294
0.325649511359	0.286549707602	220	2	387	0	291	0.569471624266
0.326597764153	0.287524366472	221	2	387	0	291	0.568359375
0.326640563006	0.287524366472	222	2	387	0	291	0.567251461988
0.326701852719	0.288499025341	223	2	387	0	291	0.566147859922
0.32730150151	0.288499025341	224	2	387	0	291	0.565048543689
0.327477900665	0.289473684211	225	2	387	0	291	0.563953488372
0.327509431571	0.29044834308	226	2	387	0	291	0.562862669246
0.329671040119	0.289473684211	227	2	387	0	291	0.561776061776
0.330922489703	0.29044834308	228	2	387	0	291	0.560693641618
0.333760025557	0.291423001949	229	2	387	0	291	0.559615384615
0.334590270908	0.29044834308	230	2	387	0	291	0.558541266795
0.335354078339	0.289473684211	231	2	387	0	291	0.557471264368
0.336542052783	0.289473684211	232	2	387	0	291	0.556405353728
0.338994098805	0.29044834308	233	2	387	0	291	0.55534351145
0.342207824615	0.291423001949	234	2	387	0	291	0.554285714286
0.342678782097	0.292397660819	235	2	387	0	291	0.553231939163
0.342724254229	0.292397660819	236	2	387	0	291	0.552182163188
0.343201167598	0.293372319688	237	2	387	0	291	0.551136363636
0.343512346409	0.294346978558	238	2	387	0	291	0.550094517958
0.343924877798	0.293372319688	239	2	387	0	291	0.549056603774
0.343925217686	0.293372319688	240	2	387	0	291	0.54802259887
0.346601857459	0.294346978558	241	2	387	0	291	0.546992481203
0.348442653651	0.295321637427	242	2	387	0	291	0.545966228893
0.349278722255	0.296296296296	243	2	387	0	291	0.544943820225
0.349990514145	0.295321637427	244	2	387	0	291	0.543925233645
0.35007169506	0.295321637427	245	2	387	0	291	0.542910447761
0.350795048376	0.296296296296	246	2	387	0	291	0.541899441341
0.351086814935	0.297270955166	247	2	387	0	291	0.540892193309
0.351169861669	0.296296296296	248	2	387	0	291	0.539888682746
0.353468841087	0.296296296296	249	2	387	0	291	0.538888888889
0.354392134972	0.297270955166	250	2	387	0	291	0.537892791128
0.35447674973	0.298245614035	251	2	387	0	291	0.536900369004
0.358092819717	0.297270955166	252	2	387	0	291	0.53591160221
0.359637232756	0.298245614035	253	2	387	0	291	0.534926470588
0.360952447655	0.299220272904	254	2	387	0	291	0.533944954128
0.361550218125	0.300194931774	255	2	387	0	291	0.532967032967
0.362073391033	0.301169590643	256	2	387	0	291	0.531992687386
0.362707290142	0.301169590643	257	2	387	0	291	0.53102189781
0.363663708474	0.301169590643	258	2	387	0	291	0.530054644809
0.364207766515	0.301169590643	259	2	387	0	291	0.529090909091
0.364242820584	0.301169590643	260	2	387	0	291	0.528130671506
0.364861643197	0.301169590643	261	2	387	0	291	0.527173913043
0.365345893793	0.300194931774	262	2	387	0	291	0.526220614828
0.366607120834	0.301169590643	263	2	387	0	291	0.525270758123
0.368463877535	0.302144249513	264	2	387	0	291	0.524324324324
0.369678948306	0.303118908382	265	2	387	0	291	0.523381294964
0.371209872883	0.304093567251	266	2	387	0	291	0.522441651706
0.371350273741	0.305068226121	267	2	387	0	291	0.521505376344
0.371416665376	0.30604288499	268	2	387	0	291	0.520572450805
0.371952779926	0.30701754386	269	2	387	0	291	0.519642857143
0.378054345326	0.30701754386	270	2	387	0	291	0.51871657754
0.380489907853	0.30701754386	271	2	387	0	291	0.517793594306
0.380908987849	0.307992202729	272	2	387	0	291	0.516873889876
0.38199083746	0.308966861598	273	2	387	0	291	0.515957446809
0.387397919521	0.309941520468	274	2	387	0	291	0.515044247788
0.388614986535	0.310916179337	275	2	387	0	291	0.514134275618
0.391800887088	0.311890838207	276	2	387	0	291	0.513227513228
0.396775249178	0.310916179337	277	2	387	0	291	0.512323943662
0.397606861734	0.311890838207	278	2	387	0	291	0.511423550088
0.398226490666	0.312865497076	279	2	387	0	291	0.510526315789
0.402779050943	0.312865497076	280	2	387	0	291	0.509632224168
0.403220120794	0.313840155945	281	2	387	0	291	0.508741258741
0.403886767654	0.312865497076	282	2	387	0	291	0.507853403141
0.40656667897	0.313840155945	283	2	387	0	291	0.506968641115
0.409068974286	0.314814814815	284	2	387	0	291	0.506086956522
0.409091802599	0.314814814815	285	2	387	0	291	0.505208333333
0.410074171835	0.315789473684	286	2	387	0	291	0.504332755633
0.412738349819	0.316764132554	287	2	387	0	291	0.503460207612
0.413492666836	0.317738791423	288	2	387	0	291	0.502590673575
0.414037863267	0.318713450292	289	2	387	0	291	0.501724137931
0.41549251412	0.318713450292	290	2	387	0	291	0.500860585198
0.416303970402	0.319688109162	291	2	387	0	291	0.5
0.417492999308	0.319688109162	292	2	387	0	291	0.499142367067
0.418526037251	0.320662768031	293	2	387	0	291	0.498287671233
0.418527684444	0.321637426901	294	2	387	0	291	0.497435897436
0.422034964959	0.321637426901	295	2	387	0	291	0.496587030717
0.423472220213	0.32261208577	296	2	387	0	291	0.495741056218
0.424323801724	0.323586744639	297	2	387	0	291	0.494897959184
0.424857793385	0.324561403509	298	2	387	0	291	0.494057724958
0.425570630426	0.324561403509	299	2	387	0	291	0.493220338983
0.426982008256	0.325536062378	300	2	387	0	291	0.492385786802
0.428933386462	0.326510721248	301	2	387	0	291	0.491554054054
0.429190145627	0.327485380117	302	2	387	0	291	0.490725126476
0.431383862883	0.327485380117	303	2	387	0	291	0.489898989899
0.431587921333	0.328460038986	304	2	387	0	291	0.489075630252
0.432534429827	0.329434697856	305	2	387	0	291	0.488255033557
0.432763359234	0.330409356725	306	2	387	0	291	0.48743718593
0.43933748194	0.331384015595	307	2	387	0	291	0.486622073579
0.439359245223	0.332358674464	308	2	387	0	291	0.485809682805
0.442822809398	0.332358674464	309	2	387	0	291	0.485
0.445073478217	0.332358674464	310	2	387	0	291	0.484193011647
0.447932644258	0.333333333333	311	2	387	0	291	0.483388704319
0.448235890407	0.334307992203	312	2	387	0	291	0.482587064677
0.449741192178	0.335282651072	313	2	387	0	291	0.48178807947
0.452063971274	0.336257309942	314	2	387	0	291	0.480991735537
0.454320757988	0.336257309942	315	2	387	0	291	0.480198019802
0.45438070726	0.336257309942	316	2	387	0	291	0.479406919275
0.456764336596	0.336257309942	317	2	387	0	291	0.478618421053
0.457642393583	0.337231968811	318	2	387	0	291	0.477832512315
0.459377029299	0.337231968811	319	2	387	0	291	0.477049180328
0.460854598926	0.337231968811	320	2	387	0	291	0.476268412439
0.461387602697	0.337231968811	321	2	387	0	291	0.475490196078
0.463139067579	0.33820662768	322	2	387	0	291	0.47471451876
0.466088754582	0.33918128655	323	2	387	0	291	0.473941368078
0.470263192566	0.340155945419	324	2	387	0	291	0.473170731707
0.472125718077	0.340155945419	325	2	387	0	291	0.472402597403
0.472204886744	0.341130604288	326	2	387	0	291	0.471636952998
0.47264076236	0.342105263158	327	2	387	0	291	0.470873786408
0.475802607246	0.343079922027	328	2	387	0	291	0.470113085622
0.484172958891	0.344054580897	329	2	387	0	291	0.46935483871
0.484874915973	0.345029239766	330	2	387	0	291	0.468599033816
0.487898005034	0.345029239766	331	2	387	0	291	0.467845659164
0.488601132751	0.346003898635	332	2	387	0	291	0.46709470305
0.489707396754	0.346978557505	333	2	387	0	291	0.466346153846
0.489772398564	0.347953216374	334	2	387	0	291	0.4656
0.490064008846	0.348927875244	335	2	387	0	291	0.464856230032
0.490126808211	0.349902534113	336	2	387	0	291	0.464114832536
0.492869471892	0.350877192982	337	2	387	0	291	0.463375796178
0.493084930074	0.351851851852	338	2	387	0	291	0.462639109698
0.493851579016	0.352826510721	339	2	387	0	291	0.461904761905
0.494492843457	0.352826510721	340	2	387	0	291	0.46117274168
0.495709215924	0.353801169591	341	2	387	0	291	0.460443037975
0.497234205521	0.35477582846	342	2	387	0	291	0.45971563981
0.499371159221	0.355750487329	343	2	387	0	291	0.458990536278
0.499799581064	0.356725146199	344	2	387	0	291	0.458267716535
0.500640712724	0.357699805068	345	2	387	0	291	0.457547169811
0.501635692081	0.356725146199	346	2	387	0	291	0.4568288854
0.503388397245	0.355750487329	347	2	387	0	291	0.456112852665
0.504880260977	0.355750487329	348	2	387	0	291	0.455399061033
0.506383092749	0.356725146199	349	2	387	0	291	0.4546875
0.514077092105	0.357699805068	350	2	387	0	291	0.453978159126
0.515954452694	0.356725146199	351	2	387	0	291	0.453271028037
0.516588684857	0.355750487329	352	2	387	0	291	0.452566096423
0.518037887166	0.356725146199	353	2	387	0	291	0.451863354037
0.519692266591	0.357699805068	354	2	387	0	291	0.451162790698
0.520210374301	0.358674463938	355	2	387	0	291	0.450464396285
0.520379079346	0.359649122807	356	2	387	0	291	0.449768160742
0.521697884369	0.359649122807	357	2	387	0	291	0.449074074074
0.523041246652	0.359649122807	358	2	387	0	291	0.448382126348
0.526187650432	0.359649122807	359	2	387	0	291	0.447692307692
0.528251456168	0.358674463938	360	2	387	0	291	0.447004608295
0.530907347191	0.358674463938	361	2	387	0	291	0.446319018405
0.531720101224	0.357699805068	362	2	387	0	291	0.445635528331
0.532101493462	0.357699805068	363	2	387	0	291	0.44495412844
0.533007321391	0.357699805068	364	2	387	0	291	0.44427480916
0.534171798207	0.358674463938	365	2	387	0	291	0.443597560976
0.537988286777	0.359649122807	366	2	387	0	291	0.442922374429
0.539331106705	0.360623781676	367	2	387	0	291	0.442249240122
0.541385212212	0.361598440546	368	2	387	0	291	0.44157814871
0.541883738945	0.362573099415	369	2	387	0	291	0.440909090909
0.542519594232	0.363547758285	370	2	387	0	291	0.440242057489
0.542819325339	0.362573099415	371	2	387	0	291	0.439577039275
0.544028113731	0.362573099415	372	2	387	0	291	0.438914027149
0.54545376095	0.362573099415	373	2	387	0	291	0.438253012048
0.546304032741	0.361598440546	374	2	387	0	291	0.437593984962
0.549153220821	0.362573099415	375	2	387	0	291	0.436936936937
0.549372095073	0.363547758285	376	2	387	0	291	0.43628185907
0.549925270382	0.364522417154	377	2	387	0	291	0.435628742515
0.550861365492	0.365497076023	378	2	387	0	291	0.434977578475
0.552968323623	0.366471734893	379	2	387	0	291	0.434328358209
0.553104607683	0.366471734893	380	2	387	0	291	0.433681073025
0.554362731032	0.366471734893	381	2	387	0	291	0.433035714286
0.554588188965	0.367446393762	382	2	387	0	291	0.432392273403
0.554787286141	0.368421052632	383	2	387	0	291	0.43175074184
0.556166924699	0.367446393762	384	2	387	0	291	0.431111111111
0.556746985117	0.367446393762	385	2	387	0	291	0.430473372781
0.559280051456	0.368421052632	386	2	387	0	291	0.429837518464
0.560079927176	0.369395711501	387	2	387	0	291	0.429203539823
0.560561432524	0.37037037037	388	2	387	0	291	0.428571428571
0.569299458928	0.369395711501	389	2	387	0	291	0.427941176471
0.571609104616	0.37037037037	390	2	387	0	291	0.42731277533
0.572681966811	0.37134502924	391	2	387	0	291	0.426686217009
0.57439663014	0.37134502924	392	2	387	0	291	0.426061493411
0.576168507759	0.37134502924	393	2	387	0	291	0.425438596491
0.577328723695	0.372319688109	394	2	387	0	291	0.424817518248
0.578733934639	0.373294346979	395	2	387	0	291	0.424198250729
0.581176077873	0.374269005848	396	2	387	0	291	0.423580786026
0.581758019967	0.375243664717	397	2	387	0	291	0.422965116279
0.583433942913	0.376218323587	398	2	387	0	291	0.422351233672
0.584543747725	0.377192982456	399	2	387	0	291	0.421739130435
0.585659058507	0.170565302144	399	3	477	0	503	0.557649667406
0.585735621635	0.169590643275	400	3	477	0	503	0.557032115172
0.586534876019	0.170565302144	401	3	477	0	503	0.556415929204
0.586710771977	0.171539961014	402	3	477	0	503	0.555801104972
0.590045501776	0.172514619883	403	3	477	0	503	0.555187637969
0.590758632177	0.173489278752	404	3	477	0	503	0.554575523705
0.591302455212	0.174463937622	405	3	477	0	503	0.553964757709
0.594272088883	0.175438596491	406	3	477	0	503	0.553355335534
0.59751084847	0.175438596491	407	3	477	0	503	0.552747252747
0.599922434308	0.176413255361	408	3	477	0	503	0.55214050494
0.602998566758	0.17738791423	409	3	477	0	503	0.551535087719
0.609972610197	0.178362573099	410	3	477	0	503	0.550930996714
0.610094226341	0.179337231969	411	3	477	0	503	0.550328227571
0.610224771497	0.180311890838	412	3	477	0	503	0.549726775956
0.611188792054	0.181286549708	413	3	477	0	503	0.549126637555
0.613041816078	0.182261208577	414	3	477	0	503	0.54852780807
0.614215056407	0.182261208577	415	3	477	0	503	0.547930283224
0.615630498114	0.183235867446	416	3	477	0	503	0.54733405876
0.6186559121	0.184210526316	417	3	477	0	503	0.546739130435
0.619406967173	0.185185185185	418	3	477	0	503	0.546145494028
0.620584604882	0.186159844055	419	3	477	0	503	0.545553145336
0.62175942789	0.187134502924	420	3	477	0	503	0.544962080173
0.62342153569	0.188109161793	421	3	477	0	503	0.544372294372
0.633017454064	0.189083820663	422	3	477	0	503	0.543783783784
0.633200510514	0.190058479532	423	3	477	0	503	0.543196544276
0.636391479646	0.191033138402	424	3	477	0	503	0.542610571737
0.638754994693	0.192007797271	425	3	477	0	503	0.542025862069
0.63944777489	0.192007797271	426	3	477	0	503	0.541442411195
0.640513774135	0.19298245614	427	3	477	0	503	0.540860215054
0.644609909291	0.19395711501	428	3	477	0	503	0.540279269603
0.645208983857	0.194931773879	429	3	477	0	503	0.539699570815
0.646057987342	0.194931773879	430	3	477	0	503	0.539121114684
0.646381695581	0.195906432749	431	3	477	0	503	0.538543897216
0.64667027823	0.196881091618	432	3	477	0	503	0.537967914439
0.647386208441	0.197855750487	433	3	477	0	503	0.537393162393
0.650301435949	0.198830409357	434	3	477	0	503	0.53681963714
0.65030320367	0.199805068226	435	3	477	0	503	0.536247334755
0.650631774769	0.200779727096	436	3	477	0	503	0.535676251331
0.653123386275	0.201754385965	437	3	477	0	503	0.535106382979
0.654630105371	0.200779727096	438	3	477	0	503	0.534537725824
0.65561058524	0.199805068226	439	3	477	0	503	0.533970276008
0.659115551769	0.200779727096	440	3	477	0	503	0.533404029692
0.660187849165	0.201754385965	441	3	477	0	503	0.532838983051
0.660750164895	0.202729044834	442	3	477	0	503	0.532275132275
0.664155697376	0.203703703704	443	3	477	0	503	0.531712473573
0.665703394935	0.204678362573	444	3	477	0	503	0.531151003168
0.668294302018	0.204678362573	445	3	477	0	503	0.5305907173
0.668388871853	0.205653021442	446	3	477	0	503	0.530031612223
0.66945344121	0.206627680312	447	3	477	0	503	0.529473684211
0.674663574227	0.206627680312	448	3	477	0	503	0.528916929548
0.675878652922	0.207602339181	449	3	477	0	503	0.528361344538
0.678288342661	0.208576998051	450	3	477	0	503	0.527806925498
0.678669808997	0.20955165692	451	3	477	0	503	0.527253668763
0.680053485119	0.20955165692	452	3	477	0	503	0.526701570681
0.680283987789	0.210526315789	453	3	477	0	503	0.526150627615
0.681692077287	0.211500974659	454	3	477	0	503	0.525600835946
0.684175356558	0.212475633528	455	3	477	0	503	0.525052192067
0.685622796952	0.213450292398	456	3	477	0	503	0.524504692388
0.685886171918	0.214424951267	457	3	477	0	503	0.523958333333
0.686681020907	0.215399610136	458	3	477	0	503	0.523413111342
0.68678135625	0.216374269006	459	3	477	0	503	0.522869022869
0.687017070529	0.215399610136	460	3	477	0	503	0.522326064382
0.687252000378	0.216374269006	461	3	477	0	503	0.521784232365
0.689182614241	0.217348927875	462	3	477	0	503	0.521243523316
0.68940646078	0.218323586745	463	3	477	0	503	0.520703933747
0.689636439512	0.219298245614	464	3	477	0	503	0.520165460186
0.690766825556	0.220272904483	465	3	477	0	503	0.519628099174
0.691388537107	0.220272904483	466	3	477	0	503	0.519091847265
0.693088434127	0.220272904483	467	3	477	0	503	0.518556701031
0.69455413902	0.221247563353	468	3	477	0	503	0.518022657055
