# time 	 divergence 	 # of mutations 	 # IGC chances 	 IGC length 	 # IGC failures 	 Changes due to IGC  	 % change due to IGC 
0.0	0.420430107527	0	0	0	0	0	0.0
0.00476178279508	0.420430107527	1	0	0	0	0	0.0
0.00654179418365	0.420430107527	2	0	0	0	0	0.0
0.0122259420757	0.421505376344	3	0	0	0	0	0.0
0.013339263674	0.422580645161	4	0	0	0	0	0.0
0.0137505984433	0.423655913978	5	0	0	0	0	0.0
0.0140187989475	0.424731182796	6	0	0	0	0	0.0
0.0145832845188	0.425806451613	7	0	0	0	0	0.0
0.0158823707837	0.42688172043	8	0	0	0	0	0.0
0.0160909871669	0.42688172043	9	0	0	0	0	0.0
0.0174679762889	0.427956989247	10	0	0	0	0	0.0
0.0206271182564	0.42688172043	11	0	0	0	0	0.0
0.0213405627122	0.425806451613	12	0	0	0	0	0.0
0.0215490869528	0.42688172043	13	0	0	0	0	0.0
0.0216456514023	0.427956989247	14	0	0	0	0	0.0
0.0232124873997	0.427956989247	15	0	0	0	0	0.0
0.0269299035241	0.429032258065	16	0	0	0	0	0.0
0.0297532139283	0.427956989247	17	0	0	0	0	0.0
0.0311801804474	0.42688172043	18	0	0	0	0	0.0
0.0319832076242	0.425806451613	19	0	0	0	0	0.0
0.0326186924675	0.425806451613	20	0	0	0	0	0.0
0.0326366428558	0.42688172043	21	0	0	0	0	0.0
0.0332401805657	0.427956989247	22	0	0	0	0	0.0
0.0342719839015	0.42688172043	23	0	0	0	0	0.0
0.037070484904	0.42688172043	24	0	0	0	0	0.0
0.0375864996015	0.427956989247	25	0	0	0	0	0.0
0.0377174134447	0.429032258065	26	0	0	0	0	0.0
0.0378917320574	0.430107526882	27	0	0	0	0	0.0
0.0385844925701	0.431182795699	28	0	0	0	0	0.0
0.0445208059941	0.423655913978	28	1	15	0	7	0.2
0.0489015683976	0.423655913978	29	1	15	0	7	0.194444444444
0.0492062479259	0.422580645161	30	1	15	0	7	0.189189189189
0.0496276293734	0.421505376344	31	1	15	0	7	0.184210526316
0.0508075132768	0.422580645161	32	1	15	0	7	0.179487179487
0.0565846983047	0.422580645161	33	1	15	0	7	0.175
0.0569604461833	0.423655913978	34	1	15	0	7	0.170731707317
0.0571577258102	0.424731182796	35	1	15	0	7	0.166666666667
0.0572119419181	0.423655913978	36	1	15	0	7	0.162790697674
0.0594259999551	0.424731182796	37	1	15	0	7	0.159090909091
0.0596664407575	0.423655913978	38	1	15	0	7	0.155555555556
0.0631811717841	0.422580645161	39	1	15	0	7	0.152173913043
0.0639216181078	0.421505376344	40	1	15	0	7	0.148936170213
0.0684370477902	0.421505376344	41	1	15	0	7	0.145833333333
0.0728079805183	0.421505376344	42	1	15	0	7	0.142857142857
0.0746243945001	0.422580645161	43	1	15	0	7	0.14
0.0756646380528	0.423655913978	44	1	15	0	7	0.137254901961
0.0760508616613	0.423655913978	45	1	15	0	7	0.134615384615
0.0761237224656	0.423655913978	46	1	15	0	7	0.132075471698
0.076396583901	0.424731182796	47	1	15	0	7	0.12962962963
0.0779416630605	0.425806451613	48	1	15	0	7	0.127272727273
0.0787393091104	0.42688172043	49	1	15	0	7	0.125
0.0798070676483	0.42688172043	50	1	15	0	7	0.122807017544
0.081956681456	0.427956989247	51	1	15	0	7	0.120689655172
0.0822046646054	0.429032258065	52	1	15	0	7	0.118644067797
0.0828904708163	0.429032258065	53	1	15	0	7	0.116666666667
0.0829761191653	0.430107526882	54	1	15	0	7	0.114754098361
0.0859100047704	0.430107526882	55	1	15	0	7	0.112903225806
0.0869106612919	0.430107526882	56	1	15	0	7	0.111111111111
0.0885258119718	0.430107526882	57	1	15	0	7	0.109375
0.0888519593082	0.431182795699	58	1	15	0	7	0.107692307692
0.090111684066	0.431182795699	59	1	15	0	7	0.106060606061
0.0902860716767	0.430107526882	60	1	15	0	7	0.10447761194
0.0904650578968	0.431182795699	61	1	15	0	7	0.102941176471
0.0914398377666	0.432258064516	62	1	15	0	7	0.101449275362
0.0949423713762	0.433333333333	63	1	15	0	7	0.1
0.0959872011444	0.434408602151	64	1	15	0	7	0.0985915492958
0.0983226469801	0.423655913978	64	2	21	0	17	0.20987654321
0.100024022159	0.422580645161	65	2	21	0	17	0.207317073171
0.100736943024	0.421505376344	66	2	21	0	17	0.204819277108
0.100825879737	0.422580645161	67	2	21	0	17	0.202380952381
0.102472830135	0.422580645161	68	2	21	0	17	0.2
0.104424874345	0.421505376344	69	2	21	0	17	0.197674418605
0.105071126951	0.422580645161	70	2	21	0	17	0.195402298851
0.105557329639	0.423655913978	71	2	21	0	17	0.193181818182
0.107191058663	0.424731182796	72	2	21	0	17	0.191011235955
0.107434548287	0.424731182796	73	2	21	0	17	0.188888888889
0.108365510903	0.425806451613	74	2	21	0	17	0.186813186813
0.110285740561	0.42688172043	75	2	21	0	17	0.184782608696
0.110741876889	0.427956989247	76	2	21	0	17	0.182795698925
0.111605264405	0.429032258065	77	2	21	0	17	0.18085106383
0.111621850069	0.430107526882	78	2	21	0	17	0.178947368421
0.113315120711	0.42688172043	78	3	6	0	20	0.204081632653
0.115309503627	0.427956989247	79	3	6	0	20	0.20202020202
0.115396968973	0.42688172043	80	3	6	0	20	0.2
0.11786608406	0.427956989247	81	3	6	0	20	0.19801980198
0.118627477615	0.429032258065	82	3	6	0	20	0.196078431373
0.11916599022	0.429032258065	83	3	6	0	20	0.194174757282
0.119988529858	0.429032258065	84	3	6	0	20	0.192307692308
0.120680591919	0.429032258065	85	3	6	0	20	0.190476190476
0.123514517377	0.429032258065	86	3	6	0	20	0.188679245283
0.124498684761	0.427956989247	87	3	6	0	20	0.18691588785
0.126212358086	0.429032258065	88	3	6	0	20	0.185185185185
0.127713307604	0.427956989247	89	3	6	0	20	0.183486238532
0.128334801273	0.42688172043	90	3	6	0	20	0.181818181818
0.129157378674	0.425806451613	91	3	6	0	20	0.18018018018
0.133049249799	0.425806451613	92	3	6	0	20	0.178571428571
0.133845504988	0.42688172043	93	3	6	0	20	0.176991150442
0.137801692032	0.427956989247	94	3	6	0	20	0.175438596491
0.138932058053	0.429032258065	95	3	6	0	20	0.173913043478
0.141245520127	0.429032258065	96	3	6	0	20	0.172413793103
0.14220502224	0.429032258065	97	3	6	0	20	0.17094017094
0.144759074035	0.427956989247	98	3	6	0	20	0.169491525424
0.14542898207	0.427956989247	99	3	6	0	20	0.168067226891
0.145872091062	0.429032258065	100	3	6	0	20	0.166666666667
0.1490339427	0.429032258065	101	3	6	0	20	0.165289256198
0.150158221038	0.430107526882	102	3	6	0	20	0.16393442623
0.152006922357	0.429032258065	103	3	6	0	20	0.162601626016
0.16023435604	0.430107526882	104	3	6	0	20	0.161290322581
0.160585821454	0.431182795699	105	3	6	0	20	0.16
0.161793549141	0.430107526882	106	3	6	0	20	0.15873015873
0.162833593797	0.430107526882	107	3	6	0	20	0.157480314961
0.164901112267	0.431182795699	108	3	6	0	20	0.15625
0.164936431341	0.432258064516	109	3	6	0	20	0.15503875969
0.166258116455	0.432258064516	110	3	6	0	20	0.153846153846
0.168761097684	0.432258064516	111	3	6	0	20	0.152671755725
0.171940216986	0.432258064516	112	3	6	0	20	0.151515151515
0.174671530983	0.433333333333	113	3	6	0	20	0.15037593985
0.175215422652	0.433333333333	114	3	6	0	20	0.149253731343
0.178092431871	0.433333333333	115	3	6	0	20	0.148148148148
0.179703692955	0.433333333333	116	3	6	0	20	0.147058823529
0.182048787	0.433333333333	117	3	6	0	20	0.14598540146
0.182650164394	0.434408602151	118	3	6	0	20	0.144927536232
0.183312396119	0.435483870968	119	3	6	0	20	0.143884892086
0.183637384528	0.435483870968	120	3	6	0	20	0.142857142857
0.183882673024	0.434408602151	121	3	6	0	20	0.141843971631
0.183916708411	0.435483870968	122	3	6	0	20	0.140845070423
0.184836485907	0.436559139785	123	3	6	0	20	0.13986013986
0.18622439928	0.437634408602	124	3	6	0	20	0.138888888889
0.186251131111	0.437634408602	125	3	6	0	20	0.137931034483
0.18791779671	0.438709677419	126	3	6	0	20	0.13698630137
0.189401077858	0.437634408602	127	3	6	0	20	0.136054421769
0.19475762619	0.437634408602	128	3	6	0	20	0.135135135135
0.197774218203	0.436559139785	129	3	6	0	20	0.134228187919
0.19959795498	0.436559139785	130	3	6	0	20	0.133333333333
0.201896304002	0.436559139785	131	3	6	0	20	0.132450331126
0.202383444718	0.437634408602	132	3	6	0	20	0.131578947368
0.204659181261	0.437634408602	133	3	6	0	20	0.130718954248
0.205726168005	0.437634408602	134	3	6	0	20	0.12987012987
0.205783820812	0.436559139785	135	3	6	0	20	0.129032258065
0.206749776641	0.436559139785	136	3	6	0	20	0.128205128205
0.208819973827	0.435483870968	137	3	6	0	20	0.127388535032
0.2102815986	0.435483870968	138	3	6	0	20	0.126582278481
0.210432198611	0.435483870968	139	3	6	0	20	0.125786163522
0.212515734563	0.436559139785	140	3	6	0	20	0.125
0.215027956619	0.437634408602	141	3	6	0	20	0.124223602484
0.216726898266	0.436559139785	142	3	6	0	20	0.123456790123
0.216894153201	0.437634408602	143	3	6	0	20	0.122699386503
0.220504854886	0.436559139785	144	3	6	0	20	0.121951219512
0.222443394787	0.437634408602	145	3	6	0	20	0.121212121212
0.223366507746	0.438709677419	146	3	6	0	20	0.120481927711
0.223398537601	0.438709677419	147	3	6	0	20	0.119760479042
0.22363538631	0.439784946237	148	3	6	0	20	0.119047619048
0.224852526949	0.440860215054	149	3	6	0	20	0.118343195266
0.22814612371	0.441935483871	150	3	6	0	20	0.117647058824
0.228843672202	0.441935483871	151	3	6	0	20	0.116959064327
0.22902191047	0.440860215054	152	3	6	0	20	0.116279069767
0.23278760777	0.441935483871	153	3	6	0	20	0.115606936416
0.233614245773	0.443010752688	154	3	6	0	20	0.114942528736
0.235149182076	0.444086021505	155	3	6	0	20	0.114285714286
0.235518505541	0.444086021505	156	3	6	0	20	0.113636363636
0.235891789751	0.444086021505	157	3	6	0	20	0.112994350282
0.237079589907	0.445161290323	158	3	6	0	20	0.112359550562
0.238055184063	0.44623655914	159	3	6	0	20	0.111731843575
0.238760304652	0.44623655914	160	3	6	0	20	0.111111111111
0.239529304131	0.445161290323	161	3	6	0	20	0.110497237569
0.239712962683	0.44623655914	162	3	6	0	20	0.10989010989
0.240345024189	0.447311827957	163	3	6	0	20	0.109289617486
0.242020526644	0.448387096774	164	3	6	0	20	0.108695652174
0.244493242278	0.447311827957	165	3	6	0	20	0.108108108108
0.249717088899	0.448387096774	166	3	6	0	20	0.10752688172
0.252128840601	0.447311827957	167	3	6	0	20	0.106951871658
0.25229977545	0.448387096774	168	3	6	0	20	0.106382978723
0.25567028106	0.449462365591	169	3	6	0	20	0.10582010582
0.257589684294	0.449462365591	170	3	6	0	20	0.105263157895
0.257832925776	0.449462365591	171	3	6	0	20	0.104712041885
0.258349310091	0.447311827957	171	4	6	0	22	0.113989637306
0.261134296099	0.448387096774	172	4	6	0	22	0.113402061856
0.262583741069	0.449462365591	173	4	6	0	22	0.112820512821
0.262649507871	0.448387096774	174	4	6	0	22	0.112244897959
0.266772819581	0.449462365591	175	4	6	0	22	0.111675126904
0.268414434712	0.448387096774	176	4	6	0	22	0.111111111111
0.269392314945	0.449462365591	177	4	6	0	22	0.110552763819
0.269466245512	0.449462365591	178	4	6	0	22	0.11
0.269877583048	0.448387096774	179	4	6	0	22	0.109452736318
0.27039362008	0.448387096774	180	4	6	0	22	0.108910891089
0.270989081719	0.449462365591	181	4	6	0	22	0.108374384236
0.271096190981	0.449462365591	182	4	6	0	22	0.107843137255
0.272404996885	0.449462365591	183	4	6	0	22	0.107317073171
0.272861878245	0.450537634409	184	4	6	0	22	0.106796116505
0.272924516667	0.451612903226	185	4	6	0	22	0.106280193237
0.276063460187	0.451612903226	186	4	6	0	22	0.105769230769
0.277406649197	0.450537634409	187	4	6	0	22	0.105263157895
0.278905222627	0.451612903226	188	4	6	0	22	0.104761904762
0.280552340615	0.451612903226	189	4	6	0	22	0.104265402844
0.280648795829	0.452688172043	190	4	6	0	22	0.103773584906
0.282537586383	0.45376344086	191	4	6	0	22	0.103286384977
0.285233917188	0.454838709677	192	4	6	0	22	0.102803738318
0.287571001605	0.454838709677	193	4	6	0	22	0.102325581395
0.289398733185	0.454838709677	194	4	6	0	22	0.101851851852
0.290234074586	0.451612903226	194	5	6	0	25	0.114155251142
0.291379959043	0.452688172043	195	5	6	0	25	0.113636363636
0.291930285474	0.452688172043	196	5	6	0	25	0.113122171946
0.29220312953	0.45376344086	197	5	6	0	25	0.112612612613
0.292900655009	0.454838709677	198	5	6	0	25	0.112107623318
0.293495668364	0.45376344086	199	5	6	0	25	0.111607142857
0.293994734732	0.454838709677	200	5	6	0	25	0.111111111111
0.294675818979	0.45376344086	201	5	6	0	25	0.110619469027
0.295419325569	0.452688172043	202	5	6	0	25	0.11013215859
0.296688661273	0.444086021505	202	6	15	0	33	0.140425531915
0.296719139111	0.445161290323	203	6	15	0	33	0.139830508475
0.297335628758	0.44623655914	204	6	15	0	33	0.139240506329
0.298147324893	0.447311827957	205	6	15	0	33	0.138655462185
0.299260164167	0.44623655914	206	6	15	0	33	0.138075313808
0.300690625295	0.445161290323	207	6	15	0	33	0.1375
0.302051030771	0.44623655914	208	6	15	0	33	0.136929460581
0.303233469423	0.44623655914	209	6	15	0	33	0.136363636364
0.304304657085	0.447311827957	210	6	15	0	33	0.135802469136
0.306443083445	0.447311827957	211	6	15	0	33	0.135245901639
0.30665093368	0.448387096774	212	6	15	0	33	0.134693877551
0.306744823054	0.448387096774	213	6	15	0	33	0.134146341463
0.311605339733	0.449462365591	214	6	15	0	33	0.133603238866
0.313080437412	0.450537634409	215	6	15	0	33	0.133064516129
0.315152822327	0.451612903226	216	6	15	0	33	0.132530120482
0.317349611395	0.452688172043	217	6	15	0	33	0.132
0.317774571933	0.45376344086	218	6	15	0	33	0.131474103586
0.317879563426	0.452688172043	219	6	15	0	33	0.130952380952
0.322706913527	0.451612903226	220	6	15	0	33	0.130434782609
0.325150567792	0.451612903226	221	6	15	0	33	0.129921259843
0.325225587704	0.452688172043	222	6	15	0	33	0.129411764706
0.327298333703	0.45376344086	223	6	15	0	33	0.12890625
0.32870049794	0.45376344086	224	6	15	0	33	0.128404669261
0.329879778806	0.45376344086	225	6	15	0	33	0.127906976744
0.33066273271	0.454838709677	226	6	15	0	33	0.127413127413
0.331511571939	0.45376344086	227	6	15	0	33	0.126923076923
0.332110703161	0.45376344086	228	6	15	0	33	0.126436781609
0.334939810973	0.454838709677	229	6	15	0	33	0.125954198473
0.339034248262	0.455913978495	230	6	15	0	33	0.125475285171
0.340653049047	0.454838709677	231	6	15	0	33	0.125
0.341735006099	0.454838709677	232	6	15	0	33	0.124528301887
0.343100561969	0.45376344086	233	6	15	0	33	0.124060150376
0.34380306951	0.45376344086	234	6	15	0	33	0.123595505618
0.344629940606	0.454838709677	235	6	15	0	33	0.123134328358
0.345991151135	0.454838709677	236	6	15	0	33	0.122676579926
0.348520764083	0.45376344086	237	6	15	0	33	0.122222222222
0.348692768489	0.454838709677	238	6	15	0	33	0.121771217712
0.350725792484	0.455913978495	239	6	15	0	33	0.121323529412
0.35135772921	0.455913978495	240	6	15	0	33	0.120879120879
0.351898778208	0.456989247312	241	6	15	0	33	0.120437956204
0.355411316177	0.458064516129	242	6	15	0	33	0.12
0.355578059597	0.459139784946	243	6	15	0	33	0.119565217391
0.355638509093	0.459139784946	244	6	15	0	33	0.119133574007
0.358878855129	0.460215053763	245	6	15	0	33	0.118705035971
0.362828456227	0.461290322581	246	6	15	0	33	0.118279569892
0.363767851811	0.461290322581	247	6	15	0	33	0.117857142857
0.364323056552	0.462365591398	248	6	15	0	33	0.11743772242
0.368972676477	0.461290322581	249	6	15	0	33	0.117021276596
0.369609963596	0.462365591398	250	6	15	0	33	0.116607773852
0.36979788214	0.462365591398	251	6	15	0	33	0.116197183099
0.370933467474	0.463440860215	252	6	15	0	33	0.115789473684
0.371042484336	0.463440860215	253	6	15	0	33	0.115384615385
0.375468576573	0.464516129032	254	6	15	0	33	0.114982578397
0.377401508853	0.464516129032	255	6	15	0	33	0.114583333333
0.380986759695	0.464516129032	256	6	15	0	33	0.114186851211
0.381584807667	0.464516129032	257	6	15	0	33	0.113793103448
0.382897008093	0.465591397849	258	6	15	0	33	0.113402061856
0.383313711573	0.466666666667	259	6	15	0	33	0.11301369863
0.383708707422	0.466666666667	260	6	15	0	33	0.112627986348
0.384034322972	0.466666666667	261	6	15	0	33	0.112244897959
0.384514745855	0.467741935484	262	6	15	0	33	0.11186440678
0.384581119363	0.467741935484	263	6	15	0	33	0.111486486486
0.386789142686	0.467741935484	264	6	15	0	33	0.111111111111
0.387811338286	0.467741935484	265	6	15	0	33	0.110738255034
0.38913367953	0.468817204301	266	6	15	0	33	0.110367892977
0.391336339024	0.466666666667	266	7	6	0	35	0.116279069767
0.392493817329	0.467741935484	267	7	6	0	35	0.115894039735
0.397435968653	0.468817204301	268	7	6	0	35	0.115511551155
0.397509609168	0.468817204301	269	7	6	0	35	0.115131578947
0.402426576894	0.469892473118	270	7	6	0	35	0.114754098361
0.402435931584	0.469892473118	271	7	6	0	35	0.114379084967
0.4031753031	0.470967741935	272	7	6	0	35	0.114006514658
0.403688271897	0.470967741935	273	7	6	0	35	0.113636363636
0.406342540388	0.470967741935	274	7	6	0	35	0.113268608414
0.406717125584	0.470967741935	275	7	6	0	35	0.112903225806
0.407506475798	0.470967741935	276	7	6	0	35	0.112540192926
0.410410284282	0.472043010753	277	7	6	0	35	0.112179487179
0.413092360496	0.47311827957	278	7	6	0	35	0.111821086262
0.41398447378	0.474193548387	279	7	6	0	35	0.111464968153
0.416669147575	0.475268817204	280	7	6	0	35	0.111111111111
0.417713528714	0.474193548387	281	7	6	0	35	0.110759493671
0.418400145675	0.47311827957	282	7	6	0	35	0.110410094637
0.419731913432	0.474193548387	283	7	6	0	35	0.110062893082
0.42050498434	0.47311827957	284	7	6	0	35	0.109717868339
0.420630026948	0.47311827957	285	7	6	0	35	0.109375
0.422715542953	0.474193548387	286	7	6	0	35	0.109034267913
0.422926927303	0.474193548387	287	7	6	0	35	0.108695652174
0.424995832434	0.47311827957	288	7	6	0	35	0.108359133127
0.426387979134	0.472043010753	289	7	6	0	35	0.108024691358
0.426628170076	0.472043010753	290	7	6	0	35	0.107692307692
0.427012159201	0.472043010753	291	7	6	0	35	0.10736196319
0.427251886884	0.472043010753	292	7	6	0	35	0.107033639144
0.429286203589	0.472043010753	293	7	6	0	35	0.106707317073
0.429772572344	0.472043010753	294	7	6	0	35	0.106382978723
0.431417134004	0.470967741935	295	7	6	0	35	0.106060606061
0.431687476403	0.470967741935	296	7	6	0	35	0.105740181269
0.434814318631	0.472043010753	297	7	6	0	35	0.105421686747
0.438708247771	0.47311827957	298	7	6	0	35	0.105105105105
0.44028369742	0.472043010753	299	7	6	0	35	0.104790419162
0.440291633941	0.47311827957	300	7	6	0	35	0.10447761194
0.441373880148	0.472043010753	301	7	6	0	35	0.104166666667
0.4416925725	0.47311827957	302	7	6	0	35	0.103857566766
0.442226574173	0.474193548387	303	7	6	0	35	0.103550295858
0.442403600869	0.475268817204	304	7	6	0	35	0.103244837758
0.447352733636	0.475268817204	305	7	6	0	35	0.102941176471
0.449741713936	0.475268817204	306	7	6	0	35	0.102639296188
0.452866716376	0.474193548387	307	7	6	0	35	0.102339181287
0.452995473624	0.475268817204	308	7	6	0	35	0.102040816327
0.454404041591	0.476344086022	309	7	6	0	35	0.101744186047
0.455243060247	0.477419354839	310	7	6	0	35	0.101449275362
0.45823818048	0.477419354839	311	7	6	0	35	0.101156069364
0.458437716445	0.477419354839	312	7	6	0	35	0.100864553314
0.463636323527	0.478494623656	313	7	6	0	35	0.100574712644
0.463942980451	0.477419354839	314	7	6	0	35	0.100286532951
0.464532995036	0.478494623656	315	7	6	0	35	0.1
0.465190134748	0.478494623656	316	7	6	0	35	0.0997150997151
0.465375983914	0.479569892473	317	7	6	0	35	0.0994318181818
0.465672702237	0.479569892473	318	7	6	0	35	0.0991501416431
0.466348114181	0.478494623656	319	7	6	0	35	0.0988700564972
0.467453019711	0.477419354839	320	7	6	0	35	0.0985915492958
0.468039521764	0.477419354839	321	7	6	0	35	0.0983146067416
0.468746379888	0.478494623656	322	7	6	0	35	0.0980392156863
0.470873098406	0.478494623656	323	7	6	0	35	0.0977653631285
0.472277892105	0.479569892473	324	7	6	0	35	0.0974930362117
0.474083643366	0.479569892473	325	7	6	0	35	0.0972222222222
0.475377548506	0.48064516129	326	7	6	0	35	0.0969529085873
0.476525271179	0.48064516129	327	7	6	0	35	0.0966850828729
0.47852012944	0.48064516129	328	7	6	0	35	0.0964187327824
0.478689792465	0.481720430108	329	7	6	0	35	0.0961538461538
0.479126485096	0.482795698925	330	7	6	0	35	0.0958904109589
0.479182452551	0.483870967742	331	7	6	0	35	0.0956284153005
0.479268718736	0.484946236559	332	7	6	0	35	0.0953678474114
0.47958092674	0.484946236559	333	7	6	0	35	0.0951086956522
0.479730747226	0.483870967742	334	7	6	0	35	0.0948509485095
0.479999225696	0.484946236559	335	7	6	0	35	0.0945945945946
0.481685813409	0.484946236559	336	7	6	0	35	0.0943396226415
0.483760616527	0.484946236559	337	7	6	0	35	0.0940860215054
0.483945507589	0.483870967742	338	7	6	0	35	0.0938337801609
0.48493552594	0.483870967742	339	7	6	0	35	0.0935828877005
0.486888016736	0.484946236559	340	7	6	0	35	0.0933333333333
0.487474288383	0.484946236559	341	7	6	0	35	0.093085106383
0.488744205648	0.484946236559	342	7	6	0	35	0.0928381962865
0.489215211091	0.486021505376	343	7	6	0	35	0.0925925925926
0.490319139552	0.484946236559	344	7	6	0	35	0.0923482849604
0.492181169491	0.483870967742	345	7	6	0	35	0.0921052631579
0.49258167972	0.483870967742	346	7	6	0	35	0.0918635170604
0.492711994089	0.483870967742	347	7	6	0	35	0.0916230366492
0.494851188231	0.484946236559	348	7	6	0	35	0.0913838120104
0.499996449566	0.486021505376	349	7	6	0	35	0.0911458333333
0.501735802362	0.487096774194	350	7	6	0	35	0.0909090909091
0.503599936975	0.487096774194	351	7	6	0	35	0.0906735751295
0.504011891856	0.486021505376	352	7	6	0	35	0.0904392764858
0.504292601242	0.487096774194	353	7	6	0	35	0.090206185567
0.506236924625	0.486021505376	354	7	6	0	35	0.0899742930591
0.50883064693	0.487096774194	355	7	6	0	35	0.0897435897436
0.511001408725	0.487096774194	356	7	6	0	35	0.0895140664962
0.511053383702	0.488172043011	357	7	6	0	35	0.0892857142857
0.514707512755	0.488172043011	358	7	6	0	35	0.089058524173
0.514777704959	0.489247311828	359	7	6	0	35	0.0888324873096
0.51519799653	0.489247311828	360	7	6	0	35	0.0886075949367
0.515372656216	0.490322580645	361	7	6	0	35	0.0883838383838
0.52098060787	0.490322580645	362	7	6	0	35	0.088161209068
0.521241783985	0.490322580645	363	7	6	0	35	0.0879396984925
0.526025640791	0.489247311828	364	7	6	0	35	0.0877192982456
0.526365146954	0.490322580645	365	7	6	0	35	0.0875
0.529533345389	0.491397849462	366	7	6	0	35	0.0872817955112
0.532895560758	0.490322580645	367	7	6	0	35	0.0870646766169
0.532939132871	0.490322580645	368	7	6	0	35	0.0868486352357
0.533387651444	0.491397849462	369	7	6	0	35	0.0866336633663
0.533668701628	0.490322580645	370	7	6	0	35	0.0864197530864
0.534060949157	0.491397849462	371	7	6	0	35	0.0862068965517
0.5372650348	0.491397849462	372	7	6	0	35	0.0859950859951
0.538508774865	0.49247311828	373	7	6	0	35	0.0857843137255
0.542330360342	0.493548387097	374	7	6	0	35	0.0855745721271
0.545325455942	0.493548387097	375	7	6	0	35	0.0853658536585
0.546669891548	0.494623655914	376	7	6	0	35	0.0851581508516
0.547062528695	0.494623655914	377	7	6	0	35	0.0849514563107
0.547139864999	0.494623655914	378	7	6	0	35	0.0847457627119
0.547486930703	0.495698924731	379	7	6	0	35	0.0845410628019
0.547631524968	0.496774193548	380	7	6	0	35	0.0843373493976
0.550379753801	0.497849462366	381	7	6	0	35	0.0841346153846
0.553018047014	0.496774193548	382	7	6	0	35	0.083932853717
0.555834712838	0.497849462366	383	7	6	0	35	0.0837320574163
0.556398935842	0.496774193548	384	7	6	0	35	0.0835322195704
0.559536701917	0.497849462366	385	7	6	0	35	0.0833333333333
0.559940509664	0.497849462366	386	7	6	0	35	0.083135391924
0.5616968666	0.498924731183	387	7	6	0	35	0.0829383886256
0.56294027653	0.497849462366	388	7	6	0	35	0.0827423167849
0.568560012376	0.498924731183	389	7	6	0	35	0.0825471698113
0.569505211483	0.5	390	7	6	0	35	0.0823529411765
0.571276150784	0.5	391	7	6	0	35	0.0821596244131
0.571819689572	0.501075268817	392	7	6	0	35	0.0819672131148
0.572977779409	0.502150537634	393	7	6	0	35	0.0817757009346
0.578804199348	0.503225806452	394	7	6	0	35	0.0815850815851
0.580372387755	0.504301075269	395	7	6	0	35	0.0813953488372
0.580482603189	0.505376344086	396	7	6	0	35	0.0812064965197
0.581276141323	0.506451612903	397	7	6	0	35	0.0810185185185
0.585933032154	0.506451612903	398	7	6	0	35	0.080831408776
0.589971682916	0.50752688172	399	7	6	0	35	0.0806451612903
0.592084497662	0.506451612903	400	7	6	0	35	0.0804597701149
0.592461874582	0.505376344086	401	7	6	0	35	0.0802752293578
0.593589714331	0.506451612903	402	7	6	0	35	0.0800915331808
0.595133106352	0.506451612903	403	7	6	0	35	0.0799086757991
0.595459115165	0.506451612903	404	7	6	0	35	0.0797266514806
0.595899221981	0.50752688172	405	7	6	0	35	0.0795454545455
0.595907095443	0.508602150538	406	7	6	0	35	0.0793650793651
0.596079688779	0.509677419355	407	7	6	0	35	0.079185520362
0.596154436414	0.510752688172	408	7	6	0	35	0.079006772009
0.596713704661	0.510752688172	409	7	6	0	35	0.0788288288288
0.59887905514	0.511827956989	410	7	6	0	35	0.0786516853933
0.598943031183	0.511827956989	411	7	6	0	35	0.0784753363229
0.600289018095	0.512903225806	412	7	6	0	35	0.0782997762864
0.600510437293	0.512903225806	413	7	6	0	35	0.078125
0.600642689747	0.513978494624	414	7	6	0	35	0.0779510022272
0.601669208457	0.515053763441	415	7	6	0	35	0.0777777777778
0.602030066369	0.516129032258	416	7	6	0	35	0.0776053215078
0.60269112315	0.517204301075	417	7	6	0	35	0.0774336283186
0.60429536352	0.516129032258	418	7	6	0	35	0.0772626931567
0.607327821733	0.516129032258	419	7	6	0	35	0.0770925110132
0.607724217588	0.517204301075	420	7	6	0	35	0.0769230769231
0.607749293948	0.518279569892	421	7	6	0	35	0.0767543859649
0.609425510506	0.51935483871	422	7	6	0	35	0.0765864332604
0.609863935836	0.520430107527	423	7	6	0	35	0.0764192139738
0.610005518241	0.521505376344	424	7	6	0	35	0.0762527233115
0.612024040981	0.521505376344	425	7	6	0	35	0.0760869565217
0.612682773056	0.520430107527	426	7	6	0	35	0.0759219088937
0.612695658823	0.521505376344	427	7	6	0	35	0.0757575757576
0.613143473078	0.521505376344	428	7	6	0	35	0.0755939524838
0.613354595189	0.521505376344	429	7	6	0	35	0.0754310344828
0.614185188386	0.521505376344	430	7	6	0	35	0.0752688172043
0.620224660177	0.522580645161	431	7	6	0	35	0.0751072961373
0.623775885612	0.521505376344	432	7	6	0	35	0.0749464668094
0.624099596836	0.521505376344	433	7	6	0	35	0.0747863247863
0.626424228792	0.521505376344	434	7	6	0	35	0.0746268656716
0.626614568688	0.521505376344	435	7	6	0	35	0.0744680851064
0.62777530274	0.522580645161	436	7	6	0	35	0.0743099787686
0.629183077858	0.522580645161	437	7	6	0	35	0.0741525423729
0.631055595816	0.521505376344	438	7	6	0	35	0.0739957716702
0.632106931316	0.522580645161	439	7	6	0	35	0.0738396624473
0.632722367831	0.522580645161	440	7	6	0	35	0.0736842105263
0.634212932758	0.522580645161	441	7	6	0	35	0.0735294117647
0.634497470702	0.521505376344	442	7	6	0	35	0.0733752620545
0.636771637546	0.521505376344	443	7	6	0	35	0.0732217573222
0.637763211214	0.522580645161	444	7	6	0	35	0.0730688935282
0.637773172969	0.522580645161	445	7	6	0	35	0.0729166666667
0.640167694751	0.523655913978	446	7	6	0	35	0.0727650727651
0.643143121237	0.524731182796	447	7	6	0	35	0.0726141078838
0.643203253733	0.524731182796	448	7	6	0	35	0.0724637681159
0.643542172534	0.524731182796	449	7	6	0	35	0.0723140495868
0.644023195682	0.523655913978	450	7	6	0	35	0.0721649484536
0.646739066523	0.522580645161	451	7	6	0	35	0.0720164609053
0.647133026863	0.521505376344	452	7	6	0	35	0.0718685831622
0.64860990613	0.521505376344	453	7	6	0	35	0.0717213114754
0.649305364662	0.520430107527	454	7	6	0	35	0.0715746421268
0.651861032611	0.521505376344	455	7	6	0	35	0.0714285714286
0.653636229035	0.520430107527	456	7	6	0	35	0.071283095723
0.654954495152	0.521505376344	457	7	6	0	35	0.0711382113821
0.655044801017	0.521505376344	458	7	6	0	35	0.0709939148073
0.655326654155	0.522580645161	459	7	6	0	35	0.0708502024291
0.660216137215	0.522580645161	460	7	6	0	35	0.0707070707071
