# time 	 divergence 	 # of mutations 	 # IGC chances 	 IGC length 	 # IGC failures 	 Changes due to IGC  	 % change due to IGC 
0.0	0.462365591398	0	0	0	0	0	0.0
0.00429165645776	0.463440860215	1	0	0	0	0	0.0
0.00456489689154	0.464516129032	2	0	0	0	0	0.0
0.00481074872729	0.465591397849	3	0	0	0	0	0.0
0.00865867990029	0.465591397849	4	0	0	0	0	0.0
0.0104868337171	0.465591397849	5	0	0	0	0	0.0
0.0123773204029	0.464516129032	6	0	0	0	0	0.0
0.0125105203151	0.465591397849	7	0	0	0	0	0.0
0.015303577404	0.465591397849	8	0	0	0	0	0.0
0.0161974480161	0.465591397849	9	0	0	0	0	0.0
0.0197411112751	0.465591397849	10	0	0	0	0	0.0
0.0224425465909	0.465591397849	11	0	0	0	0	0.0
0.0232242503346	0.466666666667	12	0	0	0	0	0.0
0.0235751998387	0.466666666667	13	0	0	0	0	0.0
0.0244385668933	0.465591397849	14	0	0	0	0	0.0
0.0249985055794	0.465591397849	15	0	0	0	0	0.0
0.0268589194217	0.465591397849	16	0	0	0	0	0.0
0.0289921046922	0.464516129032	17	0	0	0	0	0.0
0.0309610281482	0.463440860215	18	0	0	0	0	0.0
0.0323631243782	0.463440860215	19	0	0	0	0	0.0
0.0354548633801	0.464516129032	20	0	0	0	0	0.0
0.0355778461515	0.465591397849	21	0	0	0	0	0.0
0.0364038097719	0.464516129032	22	0	0	0	0	0.0
0.0377628516189	0.443010752688	22	1	36	0	20	0.47619047619
0.038714267495	0.443010752688	23	1	36	0	20	0.46511627907
0.0395476269658	0.441935483871	24	1	36	0	20	0.454545454545
0.0424572837879	0.441935483871	25	1	36	0	20	0.444444444444
0.0428001340588	0.440860215054	26	1	36	0	20	0.434782608696
0.0428853802972	0.415053763441	26	2	33	0	44	0.628571428571
0.0429076138466	0.416129032258	27	2	33	0	44	0.619718309859
0.0447245648985	0.416129032258	28	2	33	0	44	0.611111111111
0.0477951815564	0.417204301075	29	2	33	0	44	0.602739726027
0.0491697220865	0.417204301075	30	2	33	0	44	0.594594594595
0.050685915478	0.418279569892	31	2	33	0	44	0.586666666667
0.0530041877374	0.417204301075	32	2	33	0	44	0.578947368421
0.054065027895	0.417204301075	33	2	33	0	44	0.571428571429
0.0547384384993	0.418279569892	34	2	33	0	44	0.564102564103
0.0569292410357	0.41935483871	35	2	33	0	44	0.556962025316
0.0599386052492	0.418279569892	36	2	33	0	44	0.55
0.0613155789402	0.417204301075	37	2	33	0	44	0.543209876543
0.0624806063577	0.417204301075	38	2	33	0	44	0.536585365854
0.0648751071261	0.418279569892	39	2	33	0	44	0.530120481928
0.0649408085336	0.41935483871	40	2	33	0	44	0.52380952381
0.0659815674674	0.418279569892	41	2	33	0	44	0.517647058824
0.06763424888	0.418279569892	42	2	33	0	44	0.511627906977
0.0707427571598	0.41935483871	43	2	33	0	44	0.505747126437
0.0711871110311	0.420430107527	44	2	33	0	44	0.5
0.0731396709026	0.421505376344	45	2	33	0	44	0.494382022472
0.0747223753908	0.422580645161	46	2	33	0	44	0.488888888889
0.0774788965359	0.422580645161	47	2	33	0	44	0.483516483516
0.0782674188661	0.423655913978	48	2	33	0	44	0.478260869565
0.0813232515113	0.422580645161	49	2	33	0	44	0.47311827957
0.0833256967389	0.422580645161	50	2	33	0	44	0.468085106383
0.0849290092532	0.423655913978	51	2	33	0	44	0.463157894737
0.0851854169409	0.423655913978	52	2	33	0	44	0.458333333333
0.086675938389	0.424731182796	53	2	33	0	44	0.453608247423
0.087080008571	0.423655913978	54	2	33	0	44	0.448979591837
0.0872555598886	0.422580645161	55	2	33	0	44	0.444444444444
0.0872590059496	0.423655913978	56	2	33	0	44	0.44
0.0888968972666	0.424731182796	57	2	33	0	44	0.435643564356
0.0890479865889	0.425806451613	58	2	33	0	44	0.43137254902
0.0901539314765	0.425806451613	59	2	33	0	44	0.427184466019
0.0931986706224	0.42688172043	60	2	33	0	44	0.423076923077
0.0942630667598	0.42688172043	61	2	33	0	44	0.419047619048
0.095271063332	0.427956989247	62	2	33	0	44	0.415094339623
0.0956768276386	0.429032258065	63	2	33	0	44	0.411214953271
0.096291538018	0.429032258065	64	2	33	0	44	0.407407407407
0.0972134466217	0.430107526882	65	2	33	0	44	0.403669724771
0.0978672515823	0.430107526882	66	2	33	0	44	0.4
0.0996249577667	0.431182795699	67	2	33	0	44	0.396396396396
0.10415157235	0.431182795699	68	2	33	0	44	0.392857142857
0.104223545466	0.432258064516	69	2	33	0	44	0.389380530973
0.104241178524	0.432258064516	70	2	33	0	44	0.385964912281
0.10544937272	0.431182795699	71	2	33	0	44	0.382608695652
0.107304294482	0.432258064516	72	2	33	0	44	0.379310344828
0.107815346531	0.433333333333	73	2	33	0	44	0.376068376068
0.108276871372	0.434408602151	74	2	33	0	44	0.372881355932
0.109667859482	0.433333333333	75	2	33	0	44	0.36974789916
0.110766902217	0.433333333333	76	2	33	0	44	0.366666666667
0.115036060975	0.433333333333	77	2	33	0	44	0.363636363636
0.115641077134	0.433333333333	78	2	33	0	44	0.360655737705
0.116176785633	0.433333333333	79	2	33	0	44	0.357723577236
0.119611177635	0.433333333333	80	2	33	0	44	0.354838709677
0.119688380328	0.434408602151	81	2	33	0	44	0.352
0.121151185596	0.433333333333	82	2	33	0	44	0.349206349206
0.123454828167	0.434408602151	83	2	33	0	44	0.346456692913
0.124139572397	0.435483870968	84	2	33	0	44	0.34375
0.124473079195	0.435483870968	85	2	33	0	44	0.341085271318
0.1264358715	0.435483870968	86	2	33	0	44	0.338461538462
0.127343181946	0.435483870968	87	2	33	0	44	0.335877862595
0.130221921739	0.436559139785	88	2	33	0	44	0.333333333333
0.132310290934	0.437634408602	89	2	33	0	44	0.330827067669
0.137235986584	0.438709677419	90	2	33	0	44	0.328358208955
0.13834875402	0.438709677419	91	2	33	0	44	0.325925925926
0.141093987814	0.437634408602	92	2	33	0	44	0.323529411765
0.141659120457	0.437634408602	93	2	33	0	44	0.321167883212
0.141857601524	0.437634408602	94	2	33	0	44	0.31884057971
0.143424673045	0.438709677419	95	2	33	0	44	0.31654676259
0.144751284225	0.437634408602	96	2	33	0	44	0.314285714286
0.146405753163	0.437634408602	97	2	33	0	44	0.312056737589
0.147144331248	0.438709677419	98	2	33	0	44	0.30985915493
0.148086175397	0.438709677419	99	2	33	0	44	0.307692307692
0.15132244869	0.438709677419	100	2	33	0	44	0.305555555556
0.151584049805	0.438709677419	101	2	33	0	44	0.303448275862
0.151862891455	0.438709677419	102	2	33	0	44	0.301369863014
0.153015095568	0.437634408602	103	2	33	0	44	0.299319727891
0.156581988247	0.436559139785	104	2	33	0	44	0.297297297297
0.156854624888	0.437634408602	105	2	33	0	44	0.295302013423
0.157626845397	0.438709677419	106	2	33	0	44	0.293333333333
0.157865931477	0.439784946237	107	2	33	0	44	0.291390728477
0.160110393862	0.440860215054	108	2	33	0	44	0.289473684211
0.161103255323	0.441935483871	109	2	33	0	44	0.287581699346
0.162258752493	0.441935483871	110	2	33	0	44	0.285714285714
0.16584556027	0.440860215054	111	2	33	0	44	0.283870967742
0.165896298516	0.440860215054	112	2	33	0	44	0.282051282051
0.166168576962	0.441935483871	113	2	33	0	44	0.28025477707
0.167047677727	0.441935483871	114	2	33	0	44	0.278481012658
0.167809814162	0.443010752688	115	2	33	0	44	0.276729559748
0.169695612045	0.444086021505	116	2	33	0	44	0.275
0.170389390052	0.445161290323	117	2	33	0	44	0.273291925466
0.171388204859	0.44623655914	118	2	33	0	44	0.271604938272
0.172438788851	0.44623655914	119	2	33	0	44	0.269938650307
0.178539221318	0.44623655914	120	2	33	0	44	0.268292682927
0.178587393165	0.44623655914	121	2	33	0	44	0.266666666667
0.17866448756	0.445161290323	122	2	33	0	44	0.265060240964
0.178784891613	0.44623655914	123	2	33	0	44	0.263473053892
0.181041265035	0.445161290323	124	2	33	0	44	0.261904761905
0.182316195074	0.445161290323	125	2	33	0	44	0.260355029586
0.18293880731	0.44623655914	126	2	33	0	44	0.258823529412
0.185422466439	0.44623655914	127	2	33	0	44	0.25730994152
0.188988582889	0.44623655914	128	2	33	0	44	0.255813953488
0.189189747559	0.447311827957	129	2	33	0	44	0.254335260116
0.189670480317	0.448387096774	130	2	33	0	44	0.252873563218
0.189796830826	0.449462365591	131	2	33	0	44	0.251428571429
0.190803783324	0.449462365591	132	2	33	0	44	0.25
0.192814805457	0.450537634409	133	2	33	0	44	0.248587570621
0.195617436493	0.449462365591	134	2	33	0	44	0.247191011236
0.198673019956	0.449462365591	135	2	33	0	44	0.245810055866
0.199044634051	0.449462365591	136	2	33	0	44	0.244444444444
0.199499935558	0.450537634409	137	2	33	0	44	0.243093922652
0.199945549862	0.451612903226	138	2	33	0	44	0.241758241758
0.20099834345	0.452688172043	139	2	33	0	44	0.24043715847
0.201171490812	0.45376344086	140	2	33	0	44	0.239130434783
0.203612211909	0.454838709677	141	2	33	0	44	0.237837837838
0.20817932323	0.455913978495	142	2	33	0	44	0.236559139785
0.20882414279	0.456989247312	143	2	33	0	44	0.235294117647
0.209073673146	0.456989247312	144	2	33	0	44	0.234042553191
0.210092359599	0.455913978495	145	2	33	0	44	0.232804232804
0.210575404524	0.454838709677	146	2	33	0	44	0.231578947368
0.212501953481	0.45376344086	147	2	33	0	44	0.230366492147
0.214448048244	0.454838709677	148	2	33	0	44	0.229166666667
0.214665450633	0.455913978495	149	2	33	0	44	0.227979274611
0.214761038407	0.455913978495	150	2	33	0	44	0.226804123711
0.21593702363	0.454838709677	151	2	33	0	44	0.225641025641
0.216748291196	0.455913978495	152	2	33	0	44	0.224489795918
0.217828674345	0.448387096774	152	3	9	0	51	0.251231527094
0.218160046652	0.448387096774	153	3	9	0	51	0.25
0.219086776289	0.449462365591	154	3	9	0	51	0.248780487805
0.21982222898	0.450537634409	155	3	9	0	51	0.247572815534
0.220468895743	0.451612903226	156	3	9	0	51	0.246376811594
0.220479347121	0.452688172043	157	3	9	0	51	0.245192307692
0.221378651238	0.45376344086	158	3	9	0	51	0.244019138756
0.221600754891	0.454838709677	159	3	9	0	51	0.242857142857
0.222939352636	0.455913978495	160	3	9	0	51	0.241706161137
0.22375691902	0.455913978495	161	3	9	0	51	0.240566037736
0.227352279923	0.456989247312	162	3	9	0	51	0.239436619718
0.228803161485	0.458064516129	163	3	9	0	51	0.238317757009
0.228945899308	0.459139784946	164	3	9	0	51	0.237209302326
0.22902975277	0.460215053763	165	3	9	0	51	0.236111111111
0.229143128868	0.460215053763	166	3	9	0	51	0.235023041475
0.23147369054	0.458064516129	166	4	3	0	53	0.24200913242
0.231519721401	0.459139784946	167	4	3	0	53	0.240909090909
0.232458966136	0.459139784946	168	4	3	0	53	0.239819004525
0.233012512624	0.458064516129	169	4	3	0	53	0.238738738739
0.239900782803	0.459139784946	170	4	3	0	53	0.237668161435
0.242502886573	0.460215053763	171	4	3	0	53	0.236607142857
0.243084550479	0.460215053763	172	4	3	0	53	0.235555555556
0.2487379152	0.460215053763	173	4	3	0	53	0.234513274336
0.250496152228	0.461290322581	174	4	3	0	53	0.233480176211
0.250527082081	0.462365591398	175	4	3	0	53	0.232456140351
0.250600631616	0.463440860215	176	4	3	0	53	0.231441048035
0.257857193212	0.464516129032	177	4	3	0	53	0.230434782609
0.258061563032	0.463440860215	178	4	3	0	53	0.229437229437
0.258861616392	0.464516129032	179	4	3	0	53	0.228448275862
0.259881788306	0.465591397849	180	4	3	0	53	0.227467811159
0.260272983827	0.464516129032	181	4	3	0	53	0.226495726496
0.261961693291	0.465591397849	182	4	3	0	53	0.225531914894
0.26393393308	0.466666666667	183	4	3	0	53	0.224576271186
0.264562515656	0.466666666667	184	4	3	0	53	0.223628691983
0.265361855706	0.466666666667	185	4	3	0	53	0.22268907563
0.267235292305	0.467741935484	186	4	3	0	53	0.221757322176
0.267814783264	0.467741935484	187	4	3	0	53	0.220833333333
0.268221816841	0.467741935484	188	4	3	0	53	0.219917012448
0.272255453287	0.467741935484	189	4	3	0	53	0.219008264463
0.272537179449	0.468817204301	190	4	3	0	53	0.218106995885
0.27613702243	0.469892473118	191	4	3	0	53	0.217213114754
0.277419678253	0.469892473118	192	4	3	0	53	0.216326530612
0.278435478583	0.468817204301	193	4	3	0	53	0.215447154472
0.279041252119	0.468817204301	194	4	3	0	53	0.214574898785
0.279662126707	0.467741935484	195	4	3	0	53	0.213709677419
0.280502212732	0.467741935484	196	4	3	0	53	0.212851405622
0.28128378376	0.468817204301	197	4	3	0	53	0.212
0.283758281125	0.469892473118	198	4	3	0	53	0.211155378486
0.284101424961	0.470967741935	199	4	3	0	53	0.210317460317
0.284758455365	0.472043010753	200	4	3	0	53	0.209486166008
0.28535606375	0.47311827957	201	4	3	0	53	0.208661417323
0.29498615729	0.47311827957	202	4	3	0	53	0.207843137255
0.299397794724	0.474193548387	203	4	3	0	53	0.20703125
0.299716351383	0.474193548387	204	4	3	0	53	0.206225680934
0.300600988184	0.475268817204	205	4	3	0	53	0.205426356589
0.302391249817	0.476344086022	206	4	3	0	53	0.204633204633
0.303440696677	0.477419354839	207	4	3	0	53	0.203846153846
0.305675375485	0.476344086022	208	4	3	0	53	0.2030651341
0.306099098341	0.476344086022	209	4	3	0	53	0.202290076336
0.307090074355	0.477419354839	210	4	3	0	53	0.201520912548
0.30950767271	0.476344086022	211	4	3	0	53	0.200757575758
0.310266605578	0.477419354839	212	4	3	0	53	0.2
0.317410031098	0.477419354839	213	4	3	0	53	0.199248120301
0.321788916446	0.477419354839	214	4	3	0	53	0.198501872659
0.322003900676	0.476344086022	215	4	3	0	53	0.19776119403
0.322679838315	0.475268817204	216	4	3	0	53	0.197026022305
0.322857041353	0.476344086022	217	4	3	0	53	0.196296296296
0.324405992271	0.477419354839	218	4	3	0	53	0.19557195572
0.326426933328	0.476344086022	219	4	3	0	53	0.194852941176
0.328941634117	0.476344086022	220	4	3	0	53	0.194139194139
0.331303126181	0.476344086022	221	4	3	0	53	0.193430656934
0.33624197351	0.475268817204	222	4	3	0	53	0.192727272727
0.33666519388	0.475268817204	223	4	3	0	53	0.192028985507
0.340995836133	0.474193548387	224	4	3	0	53	0.191335740072
0.341026352635	0.475268817204	225	4	3	0	53	0.190647482014
0.342193663252	0.475268817204	226	4	3	0	53	0.189964157706
0.345757678649	0.474193548387	227	4	3	0	53	0.189285714286
0.348076475815	0.47311827957	228	4	3	0	53	0.188612099644
0.348760056254	0.474193548387	229	4	3	0	53	0.187943262411
0.354684710685	0.474193548387	230	4	3	0	53	0.187279151943
0.356313002417	0.475268817204	231	4	3	0	53	0.18661971831
0.359586494283	0.476344086022	232	4	3	0	53	0.185964912281
0.360914182902	0.470967741935	232	5	9	0	58	0.2
0.360962883365	0.472043010753	233	5	9	0	58	0.199312714777
0.362471430526	0.470967741935	234	5	9	0	58	0.198630136986
0.363792600634	0.472043010753	235	5	9	0	58	0.19795221843
0.364847482112	0.472043010753	236	5	9	0	58	0.197278911565
0.365318129817	0.47311827957	237	5	9	0	58	0.196610169492
0.366840037189	0.47311827957	238	5	9	0	58	0.195945945946
0.368628780807	0.474193548387	239	5	9	0	58	0.195286195286
0.369372189892	0.472043010753	239	6	9	0	60	0.200668896321
0.370415818979	0.47311827957	240	6	9	0	60	0.2
0.370767525617	0.472043010753	241	6	9	0	60	0.199335548173
0.373545407645	0.47311827957	242	6	9	0	60	0.198675496689
0.374914363915	0.47311827957	243	6	9	0	60	0.19801980198
0.381307264927	0.472043010753	243	7	3	0	61	0.200657894737
0.381985606106	0.47311827957	244	7	3	0	61	0.2
0.383199145462	0.47311827957	245	7	3	0	61	0.199346405229
0.383968528264	0.472043010753	245	8	6	0	62	0.201954397394
0.38414605692	0.470967741935	246	8	6	0	62	0.201298701299
0.385088226375	0.472043010753	247	8	6	0	62	0.200647249191
0.386082735493	0.47311827957	248	8	6	0	62	0.2
0.38650533875	0.47311827957	249	8	6	0	62	0.199356913183
0.387442328502	0.474193548387	250	8	6	0	62	0.198717948718
0.399066771095	0.475268817204	251	8	6	0	62	0.198083067093
0.400934008713	0.476344086022	252	8	6	0	62	0.197452229299
0.405217665554	0.475268817204	253	8	6	0	62	0.196825396825
0.405904976598	0.475268817204	254	8	6	0	62	0.196202531646
0.407983000533	0.474193548387	255	8	6	0	62	0.195583596215
0.409461659978	0.475268817204	256	8	6	0	62	0.194968553459
0.410112115376	0.476344086022	257	8	6	0	62	0.194357366771
0.410457554029	0.477419354839	258	8	6	0	62	0.19375
0.412122657779	0.476344086022	259	8	6	0	62	0.193146417445
0.412347014519	0.476344086022	260	8	6	0	62	0.192546583851
0.41254030743	0.476344086022	261	8	6	0	62	0.191950464396
0.414981588843	0.477419354839	262	8	6	0	62	0.191358024691
0.416680230052	0.477419354839	263	8	6	0	62	0.190769230769
0.417561528467	0.478494623656	264	8	6	0	62	0.19018404908
0.417794366932	0.479569892473	265	8	6	0	62	0.189602446483
0.419631287648	0.479569892473	266	8	6	0	62	0.189024390244
0.420250194711	0.48064516129	267	8	6	0	62	0.188449848024
0.422112316165	0.48064516129	268	8	6	0	62	0.187878787879
0.42410299011	0.481720430108	269	8	6	0	62	0.187311178248
0.425074724028	0.481720430108	270	8	6	0	62	0.186746987952
0.425343388088	0.482795698925	271	8	6	0	62	0.186186186186
0.425721932461	0.479569892473	271	9	3	0	65	0.193452380952
0.426183325408	0.48064516129	272	9	3	0	65	0.192878338279
0.427346651421	0.479569892473	273	9	3	0	65	0.192307692308
0.427622148217	0.48064516129	274	9	3	0	65	0.191740412979
0.428464432913	0.481720430108	275	9	3	0	65	0.191176470588
0.428515492049	0.48064516129	276	9	3	0	65	0.190615835777
0.430008444647	0.48064516129	277	9	3	0	65	0.190058479532
0.430021247326	0.48064516129	278	9	3	0	65	0.189504373178
0.430506821083	0.479569892473	279	9	3	0	65	0.188953488372
0.432553740358	0.478494623656	280	9	3	0	65	0.188405797101
0.434753586401	0.478494623656	281	9	3	0	65	0.187861271676
0.437002030488	0.477419354839	282	9	3	0	65	0.187319884726
0.437024311393	0.478494623656	283	9	3	0	65	0.186781609195
0.437311091736	0.479569892473	284	9	3	0	65	0.186246418338
0.438790712844	0.48064516129	285	9	3	0	65	0.185714285714
0.439336459161	0.481720430108	286	9	3	0	65	0.185185185185
0.450692936834	0.481720430108	287	9	3	0	65	0.184659090909
0.455391104487	0.48064516129	288	9	3	0	65	0.184135977337
0.458583301268	0.479569892473	289	9	3	0	65	0.183615819209
0.462202232878	0.479569892473	290	9	3	0	65	0.183098591549
0.463431532087	0.48064516129	291	9	3	0	65	0.182584269663
0.466727456291	0.479569892473	292	9	3	0	65	0.182072829132
0.467929401693	0.48064516129	293	9	3	0	65	0.18156424581
0.469289868322	0.48064516129	294	9	3	0	65	0.181058495822
0.469729840745	0.48064516129	295	9	3	0	65	0.180555555556
0.469900934532	0.481720430108	296	9	3	0	65	0.180055401662
0.473200690372	0.482795698925	297	9	3	0	65	0.17955801105
0.473432134908	0.482795698925	298	9	3	0	65	0.179063360882
0.473809586335	0.483870967742	299	9	3	0	65	0.178571428571
0.474094370732	0.484946236559	300	9	3	0	65	0.178082191781
0.476042438918	0.486021505376	301	9	3	0	65	0.177595628415
0.476491495673	0.486021505376	302	9	3	0	65	0.177111716621
0.476493821534	0.486021505376	303	9	3	0	65	0.176630434783
0.476788956622	0.486021505376	304	9	3	0	65	0.176151761518
0.477216248669	0.487096774194	305	9	3	0	65	0.175675675676
0.477824694827	0.488172043011	306	9	3	0	65	0.175202156334
0.478463763123	0.488172043011	307	9	3	0	65	0.174731182796
0.479645870262	0.489247311828	308	9	3	0	65	0.174262734584
0.481997363804	0.489247311828	309	9	3	0	65	0.173796791444
0.482268441911	0.490322580645	310	9	3	0	65	0.173333333333
0.485750704418	0.491397849462	311	9	3	0	65	0.172872340426
0.488490360217	0.490322580645	312	9	3	0	65	0.172413793103
0.489328167234	0.489247311828	313	9	3	0	65	0.171957671958
0.489997413921	0.488172043011	314	9	3	0	65	0.171503957784
0.495733378649	0.487096774194	315	9	3	0	65	0.171052631579
