# time 	 divergence 	 # of mutations 	 # IGC chances 	 IGC length 	 # IGC failures 	 Changes due to IGC  	 % change due to IGC 
0.0	0.657894736842	0	0	0	0	0	0.0
0.00176141872333	0.657894736842	1	0	0	0	0	0.0
0.00759982162607	0.656920077973	2	0	0	0	0	0.0
0.00774776006209	0.657894736842	3	0	0	0	0	0.0
0.0121951649044	0.656920077973	4	0	0	0	0	0.0
0.0124737209597	0.656920077973	5	0	0	0	0	0.0
0.0144591220726	0.657894736842	6	0	0	0	0	0.0
0.016556733114	0.658869395712	7	0	0	0	0	0.0
0.0167152084082	0.657894736842	8	0	0	0	0	0.0
0.0180746540549	0.658869395712	9	0	0	0	0	0.0
0.0184693752451	0.658869395712	10	0	0	0	0	0.0
0.0187279584681	0.659844054581	11	0	0	0	0	0.0
0.0218297106168	0.66081871345	12	0	0	0	0	0.0
0.0254163992854	0.66179337232	13	0	0	0	0	0.0
0.0254370971916	0.662768031189	14	0	0	0	0	0.0
0.029586764906	0.663742690058	15	0	0	0	0	0.0
0.0299312418907	0.663742690058	16	0	0	0	0	0.0
0.03147736821	0.663742690058	17	0	0	0	0	0.0
0.0316999896686	0.663742690058	18	0	0	0	0	0.0
0.0323679432934	0.664717348928	19	0	0	0	0	0.0
0.0330213145587	0.665692007797	20	0	0	0	0	0.0
0.034198248378	0.665692007797	21	0	0	0	0	0.0
0.035059379794	0.664717348928	22	0	0	0	0	0.0
0.0351316588064	0.665692007797	23	0	0	0	0	0.0
0.0357802970234	0.665692007797	24	0	0	0	0	0.0
0.0367707746441	0.665692007797	25	0	0	0	0	0.0
0.0373181028953	0.664717348928	26	0	0	0	0	0.0
0.0413264569867	0.663742690058	27	0	0	0	0	0.0
0.0417307820272	0.662768031189	28	0	0	0	0	0.0
0.0447456002956	0.662768031189	29	0	0	0	0	0.0
0.0468384592308	0.663742690058	30	0	0	0	0	0.0
0.0470445549386	0.662768031189	31	0	0	0	0	0.0
0.0484302518583	0.663742690058	32	0	0	0	0	0.0
0.0485898112693	0.662768031189	33	0	0	0	0	0.0
0.049365889571	0.663742690058	34	0	0	0	0	0.0
0.0526873176502	0.663742690058	35	0	0	0	0	0.0
0.0545450051542	0.663742690058	36	0	0	0	0	0.0
0.0550045636507	0.664717348928	37	0	0	0	0	0.0
