# time 	 divergence 	 # of mutations 	 # IGC chances 	 IGC length 	 # IGC failures 	 Changes due to IGC  	 % change due to IGC 
0.0	0.0897435897436	0	0	0	0	0	0.0
0.00559749532683	0.0918803418803	1	0	0	0	0	0.0
0.0180514768595	0.0940170940171	2	0	0	0	0	0.0
0.0201844587734	0.0961538461538	3	0	0	0	0	0.0
0.029332097811	0.0982905982906	4	0	0	0	0	0.0
0.0300514463941	0.100427350427	5	0	0	0	0	0.0
0.0336929589157	0.102564102564	6	0	0	0	0	0.0
0.0347479441818	0.102564102564	6	1	9	0	0	0.0
0.0351706959186	0.102564102564	7	1	9	0	0	0.0
0.0359795648662	0.102564102564	8	1	9	0	0	0.0
0.0379683024541	0.104700854701	9	1	9	0	0	0.0
0.0429713302307	0.106837606838	10	1	9	0	0	0.0
0.0432890074855	0.106837606838	11	1	9	0	0	0.0
0.0468901422683	0.104700854701	11	2	15	0	1	0.0833333333333
0.0477991178774	0.0961538461538	11	3	48	0	5	0.3125
0.0509308063791	0.0982905982906	12	3	48	0	5	0.294117647059
0.0529081397158	0.0982905982906	13	3	48	0	5	0.277777777778
0.0709753199127	0.100427350427	14	3	48	0	5	0.263157894737
0.0771335288645	0.102564102564	15	3	48	0	5	0.25
0.0790816880114	0.104700854701	16	3	48	0	5	0.238095238095
0.0847465495067	0.106837606838	17	3	48	0	5	0.227272727273
0.088774885779	0.108974358974	18	3	48	0	5	0.217391304348
0.0890125416511	0.111111111111	19	3	48	0	5	0.208333333333
