# time 	 divergence 	 # of mutations 	 # IGC chances 	 IGC length 	 # IGC failures 	 Changes due to IGC  	 % change due to IGC 
0.0	0.365591397849	0	0	0	0	0	0.0
0.00217336131795	0.366666666667	1	0	0	0	0	0.0
0.00369701124774	0.367741935484	2	0	0	0	0	0.0
0.0047128601175	0.368817204301	3	0	0	0	0	0.0
0.0062781013562	0.368817204301	4	0	0	0	0	0.0
0.00807165537453	0.369892473118	5	0	0	0	0	0.0
0.00849221376003	0.369892473118	6	0	0	0	0	0.0
0.00923842918132	0.370967741935	7	0	0	0	0	0.0
0.0126770990479	0.370967741935	8	0	0	0	0	0.0
0.01449715257	0.372043010753	9	0	0	0	0	0.0
0.0145477928891	0.37311827957	10	0	0	0	0	0.0
0.0148417423704	0.37311827957	11	0	0	0	0	0.0
0.0195299809415	0.374193548387	12	0	0	0	0	0.0
0.0198492164471	0.375268817204	13	0	0	0	0	0.0
0.0199315797548	0.374193548387	14	0	0	0	0	0.0
0.021550998419	0.375268817204	15	0	0	0	0	0.0
0.0215641422011	0.375268817204	16	0	0	0	0	0.0
0.0237860289492	0.374193548387	17	0	0	0	0	0.0
0.0247464458818	0.374193548387	18	0	0	0	0	0.0
0.0307501346789	0.372043010753	18	1	15	0	2	0.1
0.0352353467198	0.370967741935	19	1	15	0	2	0.0952380952381
0.0376967548833	0.372043010753	20	1	15	0	2	0.0909090909091
0.0412124389479	0.37311827957	21	1	15	0	2	0.0869565217391
0.0427173913309	0.374193548387	22	1	15	0	2	0.0833333333333
0.0453641784599	0.37311827957	22	2	3	0	3	0.12
0.0457904675112	0.372043010753	23	2	3	0	3	0.115384615385
0.0459733790638	0.372043010753	24	2	3	0	3	0.111111111111
0.0493892495103	0.37311827957	25	2	3	0	3	0.107142857143
0.0501706531476	0.367741935484	25	3	12	0	8	0.242424242424
0.0519230639003	0.367741935484	26	3	12	0	8	0.235294117647
0.0525522714873	0.368817204301	27	3	12	0	8	0.228571428571
0.0553974272306	0.369892473118	28	3	12	0	8	0.222222222222
0.0558167594183	0.370967741935	29	3	12	0	8	0.216216216216
0.058596332286	0.372043010753	30	3	12	0	8	0.210526315789
0.0622626206334	0.37311827957	31	3	12	0	8	0.205128205128
0.0634609936569	0.362365591398	31	4	21	0	18	0.367346938776
0.0650810077586	0.362365591398	32	4	21	0	18	0.36
0.0665516052387	0.363440860215	33	4	21	0	18	0.352941176471
0.0684899617417	0.362365591398	34	4	21	0	18	0.346153846154
0.0705007216984	0.362365591398	35	4	21	0	18	0.339622641509
0.0729513378807	0.363440860215	36	4	21	0	18	0.333333333333
0.0745519496394	0.356989247312	36	5	12	0	24	0.4
0.0745563575547	0.358064516129	37	5	12	0	24	0.393442622951
0.0748393009354	0.356989247312	38	5	12	0	24	0.387096774194
0.0809279120328	0.358064516129	39	5	12	0	24	0.380952380952
0.0814936192558	0.359139784946	40	5	12	0	24	0.375
0.0816689840485	0.360215053763	41	5	12	0	24	0.369230769231
0.0831880557939	0.361290322581	42	5	12	0	24	0.363636363636
0.0838616659142	0.362365591398	43	5	12	0	24	0.358208955224
0.0868097061345	0.363440860215	44	5	12	0	24	0.352941176471
0.0874738946675	0.364516129032	45	5	12	0	24	0.347826086957
0.0887858756596	0.361290322581	45	6	3	0	27	0.375
0.089491380215	0.361290322581	46	6	3	0	27	0.369863013699
0.0919648304734	0.361290322581	47	6	3	0	27	0.364864864865
0.0937643372167	0.361290322581	48	6	3	0	27	0.36
0.0951119340659	0.362365591398	49	6	3	0	27	0.355263157895
0.0981120200736	0.363440860215	50	6	3	0	27	0.350649350649
0.0998266170959	0.362365591398	51	6	3	0	27	0.346153846154
0.100375762602	0.363440860215	52	6	3	0	27	0.341772151899
0.100579277945	0.363440860215	53	6	3	0	27	0.3375
0.102111511763	0.362365591398	54	6	3	0	27	0.333333333333
0.1039620493	0.363440860215	55	6	3	0	27	0.329268292683
0.104129749192	0.364516129032	56	6	3	0	27	0.325301204819
0.105125872557	0.365591397849	57	6	3	0	27	0.321428571429
0.108886238354	0.366666666667	58	6	3	0	27	0.317647058824
0.109448102389	0.366666666667	59	6	3	0	27	0.313953488372
0.111749563065	0.367741935484	60	6	3	0	27	0.310344827586
0.112320874307	0.368817204301	61	6	3	0	27	0.306818181818
0.113047871046	0.369892473118	62	6	3	0	27	0.303370786517
0.114213854433	0.368817204301	63	6	3	0	27	0.3
0.115383155056	0.367741935484	64	6	3	0	27	0.296703296703
0.116613188481	0.366666666667	65	6	3	0	27	0.29347826087
0.11670609886	0.367741935484	66	6	3	0	27	0.290322580645
0.119202372048	0.366666666667	67	6	3	0	27	0.287234042553
0.119875937108	0.365591397849	68	6	3	0	27	0.284210526316
0.12077880089	0.366666666667	69	6	3	0	27	0.28125
0.121615163244	0.367741935484	70	6	3	0	27	0.278350515464
0.123296482946	0.368817204301	71	6	3	0	27	0.275510204082
0.124595982154	0.369892473118	72	6	3	0	27	0.272727272727
0.125111678104	0.370967741935	73	6	3	0	27	0.27
0.127683673833	0.370967741935	74	6	3	0	27	0.267326732673
0.127762263078	0.369892473118	75	6	3	0	27	0.264705882353
0.135081349933	0.370967741935	76	6	3	0	27	0.26213592233
0.137885319104	0.370967741935	77	6	3	0	27	0.259615384615
0.138582601354	0.369892473118	78	6	3	0	27	0.257142857143
0.141454082854	0.370967741935	79	6	3	0	27	0.254716981132
0.143435680971	0.372043010753	80	6	3	0	27	0.252336448598
0.144703483735	0.37311827957	81	6	3	0	27	0.25
0.145260885002	0.37311827957	82	6	3	0	27	0.247706422018
0.145476618643	0.374193548387	83	6	3	0	27	0.245454545455
0.145654412346	0.37311827957	84	6	3	0	27	0.243243243243
0.149104626109	0.369892473118	84	7	12	0	30	0.263157894737
0.150519544395	0.368817204301	85	7	12	0	30	0.260869565217
0.152566953391	0.369892473118	86	7	12	0	30	0.258620689655
0.152746121789	0.370967741935	87	7	12	0	30	0.25641025641
0.155675824307	0.372043010753	88	7	12	0	30	0.254237288136
0.155871617386	0.37311827957	89	7	12	0	30	0.252100840336
0.156237657789	0.374193548387	90	7	12	0	30	0.25
0.15712223511	0.375268817204	91	7	12	0	30	0.247933884298
0.158281481898	0.376344086022	92	7	12	0	30	0.245901639344
0.164902102175	0.375268817204	93	7	12	0	30	0.243902439024
0.165273227651	0.376344086022	94	7	12	0	30	0.241935483871
0.166110709986	0.377419354839	95	7	12	0	30	0.24
0.169467367675	0.378494623656	96	7	12	0	30	0.238095238095
0.170428009137	0.379569892473	97	7	12	0	30	0.236220472441
0.175694239541	0.379569892473	98	7	12	0	30	0.234375
0.175772791127	0.379569892473	99	7	12	0	30	0.232558139535
0.176347279286	0.38064516129	100	7	12	0	30	0.230769230769
0.176814666421	0.377419354839	100	8	12	0	33	0.248120300752
0.177389576058	0.378494623656	101	8	12	0	33	0.246268656716
0.179657779178	0.374193548387	101	9	6	0	37	0.268115942029
0.180733521613	0.375268817204	102	9	6	0	37	0.26618705036
0.182086930456	0.376344086022	103	9	6	0	37	0.264285714286
0.182778560792	0.376344086022	104	9	6	0	37	0.262411347518
0.184953794079	0.377419354839	105	9	6	0	37	0.260563380282
0.186132784841	0.378494623656	106	9	6	0	37	0.258741258741
0.186340425362	0.379569892473	107	9	6	0	37	0.256944444444
0.187185577517	0.378494623656	108	9	6	0	37	0.255172413793
0.188408236245	0.378494623656	109	9	6	0	37	0.253424657534
0.188791820183	0.379569892473	110	9	6	0	37	0.251700680272
0.190966408535	0.38064516129	111	9	6	0	37	0.25
0.192265140322	0.381720430108	112	9	6	0	37	0.248322147651
0.193489040948	0.382795698925	113	9	6	0	37	0.246666666667
0.197846503563	0.383870967742	114	9	6	0	37	0.245033112583
0.206660489398	0.382795698925	115	9	6	0	37	0.243421052632
0.207279508413	0.381720430108	116	9	6	0	37	0.241830065359
0.208589617217	0.382795698925	117	9	6	0	37	0.24025974026
0.212997365921	0.383870967742	118	9	6	0	37	0.238709677419
0.21683548947	0.383870967742	119	9	6	0	37	0.237179487179
0.221515179953	0.384946236559	120	9	6	0	37	0.235668789809
0.224302100586	0.384946236559	121	9	6	0	37	0.23417721519
0.224528890969	0.384946236559	122	9	6	0	37	0.232704402516
0.224700325594	0.383870967742	123	9	6	0	37	0.23125
0.22515758456	0.383870967742	124	9	6	0	37	0.229813664596
0.226327868394	0.384946236559	125	9	6	0	37	0.228395061728
0.226403370218	0.384946236559	126	9	6	0	37	0.226993865031
0.227237138037	0.383870967742	127	9	6	0	37	0.225609756098
0.227865539927	0.384946236559	128	9	6	0	37	0.224242424242
0.230148853172	0.386021505376	129	9	6	0	37	0.222891566265
0.233295988819	0.386021505376	130	9	6	0	37	0.221556886228
0.234230566231	0.386021505376	131	9	6	0	37	0.220238095238
0.234587146933	0.387096774194	132	9	6	0	37	0.218934911243
0.235173169756	0.388172043011	133	9	6	0	37	0.217647058824
0.240072315843	0.388172043011	134	9	6	0	37	0.216374269006
0.240527589764	0.387096774194	135	9	6	0	37	0.21511627907
0.243861032119	0.386021505376	136	9	6	0	37	0.21387283237
0.244484608355	0.386021505376	137	9	6	0	37	0.212643678161
0.24493049567	0.387096774194	138	9	6	0	37	0.211428571429
0.246385981956	0.387096774194	139	9	6	0	37	0.210227272727
0.248186333979	0.388172043011	140	9	6	0	37	0.209039548023
0.25033963055	0.388172043011	141	9	6	0	37	0.207865168539
0.251969965681	0.389247311828	142	9	6	0	37	0.206703910615
0.25228224529	0.389247311828	143	9	6	0	37	0.205555555556
0.252745978474	0.390322580645	144	9	6	0	37	0.204419889503
0.253146625316	0.390322580645	145	9	6	0	37	0.203296703297
0.254097677703	0.389247311828	146	9	6	0	37	0.20218579235
0.254671135084	0.382795698925	146	10	15	0	43	0.227513227513
0.255054436067	0.382795698925	147	10	15	0	43	0.226315789474
0.255447347301	0.383870967742	148	10	15	0	43	0.225130890052
0.256125064988	0.384946236559	149	10	15	0	43	0.223958333333
0.257354132041	0.386021505376	150	10	15	0	43	0.222797927461
0.25883359587	0.387096774194	151	10	15	0	43	0.221649484536
0.259432609027	0.388172043011	152	10	15	0	43	0.220512820513
0.261003965832	0.389247311828	153	10	15	0	43	0.219387755102
0.261443707205	0.390322580645	154	10	15	0	43	0.218274111675
0.261835471226	0.391397849462	155	10	15	0	43	0.217171717172
0.262464136685	0.39247311828	156	10	15	0	43	0.21608040201
0.262526617745	0.389247311828	156	11	6	0	46	0.227722772277
0.262759863914	0.389247311828	157	11	6	0	46	0.226600985222
0.263494363702	0.390322580645	158	11	6	0	46	0.225490196078
0.264408095925	0.390322580645	159	11	6	0	46	0.224390243902
0.265293217577	0.391397849462	160	11	6	0	46	0.223300970874
0.26564211032	0.39247311828	161	11	6	0	46	0.222222222222
0.268169176586	0.393548387097	162	11	6	0	46	0.221153846154
0.271283249894	0.393548387097	163	11	6	0	46	0.22009569378
0.272889076364	0.394623655914	164	11	6	0	46	0.219047619048
0.273636374751	0.393548387097	165	11	6	0	46	0.218009478673
0.274848607237	0.394623655914	166	11	6	0	46	0.216981132075
0.276198019235	0.395698924731	167	11	6	0	46	0.215962441315
0.277026933827	0.395698924731	168	11	6	0	46	0.214953271028
0.277227964654	0.396774193548	169	11	6	0	46	0.213953488372
0.277414596522	0.396774193548	170	11	6	0	46	0.212962962963
0.2806572457	0.397849462366	171	11	6	0	46	0.21198156682
0.280752690173	0.396774193548	172	11	6	0	46	0.211009174312
0.28189765627	0.390322580645	172	12	24	0	52	0.232142857143
0.283089652206	0.390322580645	173	12	24	0	52	0.231111111111
0.283514291053	0.389247311828	173	13	3	0	53	0.234513274336
0.284525264371	0.389247311828	174	13	3	0	53	0.233480176211
0.285337441937	0.390322580645	175	13	3	0	53	0.232456140351
0.285412545551	0.390322580645	176	13	3	0	53	0.231441048035
0.286477309375	0.391397849462	177	13	3	0	53	0.230434782609
0.287154085368	0.39247311828	178	13	3	0	53	0.229437229437
0.288876832657	0.39247311828	179	13	3	0	53	0.228448275862
0.295061152119	0.393548387097	180	13	3	0	53	0.227467811159
0.296188468904	0.39247311828	180	14	3	0	54	0.230769230769
0.296841683726	0.393548387097	181	14	3	0	54	0.229787234043
0.297328423377	0.394623655914	182	14	3	0	54	0.228813559322
0.298148428775	0.395698924731	183	14	3	0	54	0.227848101266
0.298272702348	0.394623655914	184	14	3	0	54	0.226890756303
0.299107231856	0.395698924731	185	14	3	0	54	0.225941422594
0.299763203879	0.396774193548	186	14	3	0	54	0.225
0.301228969686	0.397849462366	187	14	3	0	54	0.224066390041
0.306121127512	0.398924731183	188	14	3	0	54	0.223140495868
0.307130274713	0.398924731183	189	14	3	0	54	0.222222222222
