# time 	 divergence 	 # of mutations 	 # IGC chances 	 IGC length 	 # IGC failures 	 Changes due to IGC  	 % change due to IGC 
0.0	0.530214424951	0	0	0	0	0	0.0
0.00167840619776	0.531189083821	1	0	0	0	0	0.0
0.00246961292299	0.53216374269	2	0	0	0	0	0.0
0.00470819283313	0.53216374269	3	0	0	0	0	0.0
0.00552514307351	0.533138401559	4	0	0	0	0	0.0
0.00664728361356	0.53216374269	5	0	0	0	0	0.0
0.0155871392437	0.533138401559	6	0	0	0	0	0.0
0.0156451382496	0.534113060429	7	0	0	0	0	0.0
0.0165218951253	0.535087719298	8	0	0	0	0	0.0
0.0178625991796	0.535087719298	9	0	0	0	0	0.0
0.020380023941	0.535087719298	10	0	0	0	0	0.0
0.0209709297394	0.535087719298	11	0	0	0	0	0.0
0.02242430129	0.534113060429	12	0	0	0	0	0.0
0.0238583903651	0.535087719298	13	0	0	0	0	0.0
0.0239074251078	0.534113060429	14	0	0	0	0	0.0
0.0254274150518	0.535087719298	15	0	0	0	0	0.0
0.0264490398706	0.536062378168	16	0	0	0	0	0.0
0.026619592038	0.537037037037	17	0	0	0	0	0.0
0.0279265676612	0.533138401559	17	1	6	0	4	0.190476190476
0.0289388582801	0.53216374269	18	1	6	0	4	0.181818181818
0.030879890498	0.533138401559	19	1	6	0	4	0.173913043478
0.0314523305631	0.534113060429	20	1	6	0	4	0.166666666667
0.0325511639232	0.535087719298	21	1	6	0	4	0.16
0.0365105790667	0.536062378168	22	1	6	0	4	0.153846153846
0.0375825190198	0.536062378168	23	1	6	0	4	0.148148148148
0.0410166217801	0.537037037037	24	1	6	0	4	0.142857142857
0.0411439126765	0.538011695906	25	1	6	0	4	0.137931034483
0.0414091770943	0.538011695906	26	1	6	0	4	0.133333333333
0.0416195591324	0.537037037037	27	1	6	0	4	0.129032258065
0.0423792725398	0.538011695906	28	1	6	0	4	0.125
0.0430209664263	0.538011695906	29	1	6	0	4	0.121212121212
0.0430999748931	0.538986354776	30	1	6	0	4	0.117647058824
0.0445482505973	0.539961013645	31	1	6	0	4	0.114285714286
0.0455172982558	0.539961013645	32	1	6	0	4	0.111111111111
0.0462320293276	0.540935672515	33	1	6	0	4	0.108108108108
0.046667138034	0.539961013645	34	1	6	0	4	0.105263157895
0.0481927272588	0.540935672515	35	1	6	0	4	0.102564102564
0.0488941165188	0.541910331384	36	1	6	0	4	0.1
0.0501118888947	0.540935672515	37	1	6	0	4	0.0975609756098
0.0501427468609	0.541910331384	38	1	6	0	4	0.0952380952381
0.0549022932728	0.540935672515	39	1	6	0	4	0.093023255814
0.0551679892774	0.539961013645	40	1	6	0	4	0.0909090909091
0.0553263176946	0.538986354776	41	1	6	0	4	0.0888888888889
0.0559748347738	0.538011695906	42	1	6	0	4	0.0869565217391
0.0559843937097	0.538986354776	43	1	6	0	4	0.0851063829787
0.0596832529236	0.538986354776	44	1	6	0	4	0.0833333333333
0.0608721885929	0.539961013645	45	1	6	0	4	0.0816326530612
0.061149283758	0.540935672515	46	1	6	0	4	0.08
0.0613263998305	0.539961013645	47	1	6	0	4	0.078431372549
0.0646751442653	0.538986354776	48	1	6	0	4	0.0769230769231
0.0654975846943	0.539961013645	49	1	6	0	4	0.0754716981132
0.0665794956239	0.538986354776	50	1	6	0	4	0.0740740740741
0.0669490091713	0.539961013645	51	1	6	0	4	0.0727272727273
0.0683004706648	0.539961013645	52	1	6	0	4	0.0714285714286
0.0693698619325	0.540935672515	53	1	6	0	4	0.0701754385965
0.0719143727562	0.540935672515	54	1	6	0	4	0.0689655172414
0.0734713751118	0.540935672515	55	1	6	0	4	0.0677966101695
0.0738084105772	0.541910331384	56	1	6	0	4	0.0666666666667
0.0738110089674	0.541910331384	57	1	6	0	4	0.0655737704918
0.0752301078636	0.542884990253	58	1	6	0	4	0.0645161290323
0.0763867191521	0.542884990253	59	1	6	0	4	0.0634920634921
0.0770126943764	0.541910331384	60	1	6	0	4	0.0625
0.0776871422361	0.538011695906	60	2	9	0	8	0.117647058824
0.0786929732546	0.538011695906	61	2	9	0	8	0.115942028986
0.0792232530857	0.538011695906	62	2	9	0	8	0.114285714286
0.0799533610059	0.537037037037	63	2	9	0	8	0.112676056338
0.080786684649	0.538011695906	64	2	9	0	8	0.111111111111
0.0822781058407	0.538011695906	65	2	9	0	8	0.109589041096
0.0844057957546	0.537037037037	66	2	9	0	8	0.108108108108
0.0876813926975	0.537037037037	67	2	9	0	8	0.106666666667
0.0913498504805	0.538011695906	68	2	9	0	8	0.105263157895
0.091513838728	0.538011695906	69	2	9	0	8	0.103896103896
0.091596167867	0.538011695906	70	2	9	0	8	0.102564102564
0.094542715849	0.535087719298	70	3	6	0	11	0.135802469136
0.0965083254473	0.536062378168	71	3	6	0	11	0.134146341463
0.0982365317793	0.536062378168	72	3	6	0	11	0.132530120482
0.100715314226	0.537037037037	73	3	6	0	11	0.130952380952
0.103075170873	0.535087719298	73	4	12	0	13	0.151162790698
0.103282819518	0.536062378168	74	4	12	0	13	0.149425287356
0.103843157601	0.536062378168	75	4	12	0	13	0.147727272727
0.103894281128	0.535087719298	75	5	3	0	14	0.157303370787
0.104118817156	0.534113060429	76	5	3	0	14	0.155555555556
0.106332134859	0.533138401559	77	5	3	0	14	0.153846153846
0.106774795345	0.534113060429	78	5	3	0	14	0.152173913043
0.107788027415	0.535087719298	79	5	3	0	14	0.150537634409
0.110898902325	0.535087719298	80	5	3	0	14	0.148936170213
0.111908272177	0.536062378168	81	5	3	0	14	0.147368421053
0.112729474315	0.537037037037	82	5	3	0	14	0.145833333333
0.115257789796	0.536062378168	83	5	3	0	14	0.144329896907
0.118708888698	0.537037037037	84	5	3	0	14	0.142857142857
0.120070006467	0.537037037037	85	5	3	0	14	0.141414141414
0.120332080433	0.538011695906	86	5	3	0	14	0.14
0.121239845764	0.538986354776	87	5	3	0	14	0.138613861386
0.122291263404	0.538986354776	88	5	3	0	14	0.137254901961
0.123117821081	0.539961013645	89	5	3	0	14	0.135922330097
0.127057150973	0.540935672515	90	5	3	0	14	0.134615384615
0.12926426625	0.541910331384	91	5	3	0	14	0.133333333333
0.129664348563	0.540935672515	92	5	3	0	14	0.132075471698
0.132653260659	0.541910331384	93	5	3	0	14	0.130841121495
0.133909492399	0.542884990253	94	5	3	0	14	0.12962962963
0.134982509772	0.542884990253	95	5	3	0	14	0.128440366972
0.135551541645	0.541910331384	96	5	3	0	14	0.127272727273
0.135659839291	0.542884990253	97	5	3	0	14	0.126126126126
0.139967741262	0.543859649123	98	5	3	0	14	0.125
0.139984986181	0.541910331384	98	6	3	0	16	0.140350877193
0.139990607688	0.539961013645	98	7	3	0	18	0.155172413793
0.140385220538	0.539961013645	99	7	3	0	18	0.153846153846
0.140534052798	0.540935672515	100	7	3	0	18	0.152542372881
0.142079940123	0.541910331384	101	7	3	0	18	0.151260504202
0.144521681807	0.542884990253	102	7	3	0	18	0.15
0.145296070716	0.542884990253	103	7	3	0	18	0.148760330579
0.147830831803	0.543859649123	104	7	3	0	18	0.147540983607
0.148105890641	0.543859649123	105	7	3	0	18	0.146341463415
0.149359162775	0.544834307992	106	7	3	0	18	0.145161290323
0.151101604209	0.545808966862	107	7	3	0	18	0.144
0.151245777984	0.544834307992	108	7	3	0	18	0.142857142857
0.152846114555	0.544834307992	109	7	3	0	18	0.141732283465
0.155348677645	0.544834307992	110	7	3	0	18	0.140625
0.155735948044	0.544834307992	111	7	3	0	18	0.139534883721
0.156616740182	0.544834307992	112	7	3	0	18	0.138461538462
0.156799169882	0.544834307992	113	7	3	0	18	0.137404580153
0.156895831873	0.545808966862	114	7	3	0	18	0.136363636364
0.157359961011	0.546783625731	115	7	3	0	18	0.135338345865
0.159455629054	0.546783625731	116	7	3	0	18	0.134328358209
0.160583921415	0.5477582846	117	7	3	0	18	0.133333333333
0.160843845987	0.546783625731	118	7	3	0	18	0.132352941176
0.161803231266	0.5477582846	119	7	3	0	18	0.131386861314
0.163638427012	0.54873294347	120	7	3	0	18	0.130434782609
0.16379830817	0.54873294347	121	7	3	0	18	0.129496402878
0.165178557216	0.5477582846	122	7	3	0	18	0.128571428571
0.166033088702	0.54873294347	123	7	3	0	18	0.127659574468
0.169166901472	0.54873294347	124	7	3	0	18	0.12676056338
0.169671597255	0.549707602339	125	7	3	0	18	0.125874125874
0.170100868528	0.550682261209	126	7	3	0	18	0.125
0.171201828311	0.551656920078	127	7	3	0	18	0.124137931034
0.171371470292	0.552631578947	128	7	3	0	18	0.123287671233
0.171751448102	0.553606237817	129	7	3	0	18	0.122448979592
0.173956152852	0.553606237817	130	7	3	0	18	0.121621621622
0.174281661792	0.553606237817	131	7	3	0	18	0.120805369128
0.177346370459	0.554580896686	132	7	3	0	18	0.12
0.177891187144	0.554580896686	133	7	3	0	18	0.119205298013
0.178303489615	0.553606237817	134	7	3	0	18	0.118421052632
0.180597438298	0.553606237817	135	7	3	0	18	0.117647058824
0.180976506186	0.553606237817	136	7	3	0	18	0.116883116883
0.183565336704	0.553606237817	137	7	3	0	18	0.116129032258
0.18426299254	0.553606237817	138	7	3	0	18	0.115384615385
0.184522031655	0.552631578947	139	7	3	0	18	0.114649681529
0.185563156033	0.545808966862	139	8	12	0	25	0.15243902439
0.185736297324	0.546783625731	140	8	12	0	25	0.151515151515
0.18878816128	0.546783625731	141	8	12	0	25	0.150602409639
0.189190091091	0.545808966862	142	8	12	0	25	0.149700598802
0.189611589464	0.546783625731	143	8	12	0	25	0.14880952381
0.18961851097	0.5477582846	144	8	12	0	25	0.147928994083
0.190143738332	0.54873294347	145	8	12	0	25	0.147058823529
0.190424030316	0.549707602339	146	8	12	0	25	0.146198830409
0.191952363068	0.550682261209	147	8	12	0	25	0.145348837209
0.192781750648	0.5477582846	147	9	9	0	28	0.16
0.193377750363	0.54873294347	148	9	9	0	28	0.159090909091
0.194594635174	0.549707602339	149	9	9	0	28	0.158192090395
0.194875480281	0.54873294347	150	9	9	0	28	0.157303370787
0.196731880903	0.5477582846	151	9	9	0	28	0.156424581006
0.197994930299	0.5477582846	152	9	9	0	28	0.155555555556
0.200147926803	0.5477582846	153	9	9	0	28	0.154696132597
0.201720130698	0.54873294347	154	9	9	0	28	0.153846153846
0.203414172115	0.549707602339	155	9	9	0	28	0.153005464481
0.20439036377	0.549707602339	156	9	9	0	28	0.152173913043
0.206518584438	0.549707602339	157	9	9	0	28	0.151351351351
0.208007252982	0.550682261209	158	9	9	0	28	0.150537634409
0.208250219291	0.550682261209	159	9	9	0	28	0.149732620321
0.211716126529	0.551656920078	160	9	9	0	28	0.148936170213
0.214991073327	0.552631578947	161	9	9	0	28	0.148148148148
0.215024004943	0.553606237817	162	9	9	0	28	0.147368421053
0.215186319682	0.552631578947	163	9	9	0	28	0.146596858639
0.215288896459	0.552631578947	164	9	9	0	28	0.145833333333
0.215472357079	0.551656920078	165	9	9	0	28	0.145077720207
0.216128307778	0.552631578947	166	9	9	0	28	0.144329896907
0.21729687611	0.552631578947	167	9	9	0	28	0.14358974359
0.220437630144	0.551656920078	168	9	9	0	28	0.142857142857
0.223632511798	0.552631578947	169	9	9	0	28	0.142131979695
0.223745411736	0.553606237817	170	9	9	0	28	0.141414141414
0.223754934264	0.553606237817	171	9	9	0	28	0.140703517588
0.226369892196	0.552631578947	172	9	9	0	28	0.14
0.226454671707	0.549707602339	172	10	3	0	31	0.152709359606
0.22759372324	0.54873294347	173	10	3	0	31	0.151960784314
0.228439930305	0.5477582846	174	10	3	0	31	0.151219512195
0.228580168338	0.5477582846	175	10	3	0	31	0.150485436893
0.229074011979	0.54873294347	176	10	3	0	31	0.149758454106
0.229584309103	0.549707602339	177	10	3	0	31	0.149038461538
0.230012986037	0.549707602339	178	10	3	0	31	0.148325358852
0.230231553311	0.54873294347	179	10	3	0	31	0.147619047619
0.23113126735	0.549707602339	180	10	3	0	31	0.14691943128
0.233754674151	0.549707602339	181	10	3	0	31	0.146226415094
0.23686927113	0.54873294347	182	10	3	0	31	0.145539906103
0.23806682694	0.549707602339	183	10	3	0	31	0.144859813084
0.238704051208	0.54873294347	184	10	3	0	31	0.144186046512
0.240954190253	0.549707602339	185	10	3	0	31	0.143518518519
0.242211808927	0.549707602339	186	10	3	0	31	0.142857142857
0.242761051811	0.54873294347	187	10	3	0	31	0.142201834862
0.248383466423	0.54873294347	188	10	3	0	31	0.141552511416
0.248799571509	0.54873294347	189	10	3	0	31	0.140909090909
0.25041214784	0.549707602339	190	10	3	0	31	0.140271493213
0.250990838349	0.549707602339	191	10	3	0	31	0.13963963964
0.252759233082	0.54873294347	192	10	3	0	31	0.139013452915
0.256968006422	0.549707602339	193	10	3	0	31	0.138392857143
0.257128847212	0.54873294347	194	10	3	0	31	0.137777777778
0.259449801515	0.549707602339	195	10	3	0	31	0.137168141593
0.259629729491	0.550682261209	196	10	3	0	31	0.136563876652
0.261673830028	0.550682261209	197	10	3	0	31	0.135964912281
0.264378713041	0.550682261209	198	10	3	0	31	0.135371179039
0.264412827473	0.546783625731	198	11	6	0	35	0.150214592275
0.264708511893	0.5477582846	199	11	6	0	35	0.149572649573
0.265701039708	0.546783625731	200	11	6	0	35	0.148936170213
0.266347398386	0.546783625731	201	11	6	0	35	0.148305084746
0.268264183016	0.5477582846	202	11	6	0	35	0.147679324895
0.268608059196	0.546783625731	202	12	3	0	36	0.151260504202
0.269194534806	0.545808966862	203	12	3	0	36	0.150627615063
0.271183767352	0.546783625731	204	12	3	0	36	0.15
0.271495412134	0.5477582846	205	12	3	0	36	0.149377593361
0.274703643904	0.5477582846	206	12	3	0	36	0.148760330579
0.277484251655	0.54873294347	207	12	3	0	36	0.148148148148
0.279387950176	0.5477582846	208	12	3	0	36	0.147540983607
0.279962830296	0.54873294347	209	12	3	0	36	0.14693877551
0.282373645595	0.549707602339	210	12	3	0	36	0.146341463415
0.282506902585	0.549707602339	211	12	3	0	36	0.145748987854
0.285026050489	0.550682261209	212	12	3	0	36	0.145161290323
0.286653586166	0.551656920078	213	12	3	0	36	0.144578313253
0.286800583086	0.551656920078	214	12	3	0	36	0.144
0.290515495629	0.552631578947	215	12	3	0	36	0.143426294821
0.292397349221	0.552631578947	216	12	3	0	36	0.142857142857
0.297740135835	0.552631578947	217	12	3	0	36	0.142292490119
0.298476411867	0.552631578947	218	12	3	0	36	0.141732283465
0.298593690685	0.552631578947	219	12	3	0	36	0.141176470588
0.306296042104	0.551656920078	220	12	3	0	36	0.140625
0.306310987015	0.552631578947	221	12	3	0	36	0.140077821012
0.306995544104	0.552631578947	222	12	3	0	36	0.139534883721
0.307450489058	0.552631578947	223	12	3	0	36	0.138996138996
0.307902338666	0.553606237817	224	12	3	0	36	0.138461538462
0.308415440188	0.554580896686	225	12	3	0	36	0.137931034483
0.310474128882	0.553606237817	226	12	3	0	36	0.137404580153
0.313538109164	0.554580896686	227	12	3	0	36	0.136882129278
0.31399907171	0.555555555556	228	12	3	0	36	0.136363636364
0.314209724297	0.556530214425	229	12	3	0	36	0.135849056604
0.320680477239	0.556530214425	230	12	3	0	36	0.135338345865
0.321124787945	0.556530214425	231	12	3	0	36	0.134831460674
0.323252153664	0.557504873294	232	12	3	0	36	0.134328358209
0.324086435616	0.556530214425	233	12	3	0	36	0.133828996283
0.325386144445	0.555555555556	234	12	3	0	36	0.133333333333
0.328010633248	0.555555555556	234	13	3	0	36	0.133333333333
0.328309385916	0.556530214425	235	13	3	0	36	0.132841328413
0.32859521434	0.557504873294	236	13	3	0	36	0.132352941176
0.32922897919	0.558479532164	237	13	3	0	36	0.131868131868
0.332881102345	0.559454191033	238	13	3	0	36	0.131386861314
0.33605111684	0.559454191033	239	13	3	0	36	0.130909090909
0.336454012918	0.560428849903	240	13	3	0	36	0.130434782609
0.339447008755	0.560428849903	241	13	3	0	36	0.129963898917
0.33999997261	0.559454191033	242	13	3	0	36	0.129496402878
0.340358532637	0.559454191033	243	13	3	0	36	0.129032258065
0.341775012584	0.558479532164	244	13	3	0	36	0.128571428571
0.342991723781	0.558479532164	245	13	3	0	36	0.128113879004
0.343632449429	0.557504873294	245	14	3	0	37	0.131205673759
0.346676208104	0.558479532164	246	14	3	0	37	0.13074204947
0.347217015171	0.559454191033	247	14	3	0	37	0.130281690141
0.349319339211	0.559454191033	248	14	3	0	37	0.129824561404
0.349433588878	0.559454191033	249	14	3	0	37	0.129370629371
0.349641926761	0.559454191033	250	14	3	0	37	0.128919860627
0.349856618562	0.560428849903	251	14	3	0	37	0.128472222222
0.351749850578	0.560428849903	252	14	3	0	37	0.128027681661
0.351957810087	0.560428849903	253	14	3	0	37	0.127586206897
0.352202941628	0.560428849903	254	14	3	0	37	0.127147766323
0.354124377218	0.553606237817	254	15	12	0	44	0.147651006711
0.354409618641	0.552631578947	255	15	12	0	44	0.147157190635
0.356260119101	0.553606237817	256	15	12	0	44	0.146666666667
0.357202352191	0.554580896686	257	15	12	0	44	0.146179401993
0.360858924393	0.553606237817	258	15	12	0	44	0.145695364238
0.363158234638	0.553606237817	259	15	12	0	44	0.145214521452
0.364134886994	0.554580896686	260	15	12	0	44	0.144736842105
0.364689056445	0.555555555556	261	15	12	0	44	0.144262295082
0.365469508669	0.554580896686	262	15	12	0	44	0.143790849673
0.369477506802	0.555555555556	263	15	12	0	44	0.14332247557
0.369547513356	0.555555555556	264	15	12	0	44	0.142857142857
0.370052368952	0.554580896686	265	15	12	0	44	0.142394822006
0.370753702195	0.555555555556	266	15	12	0	44	0.141935483871
0.370897390579	0.556530214425	267	15	12	0	44	0.141479099678
0.373927423197	0.556530214425	268	15	12	0	44	0.141025641026
0.377062763635	0.556530214425	269	15	12	0	44	0.140575079872
0.377993859194	0.557504873294	270	15	12	0	44	0.140127388535
0.379435810151	0.554580896686	270	16	6	0	47	0.148264984227
0.379946054488	0.553606237817	271	16	6	0	47	0.147798742138
0.380079975122	0.554580896686	272	16	6	0	47	0.147335423197
0.382574484022	0.553606237817	273	16	6	0	47	0.146875
0.383742126675	0.554580896686	274	16	6	0	47	0.146417445483
0.383924551114	0.555555555556	275	16	6	0	47	0.145962732919
0.387521571007	0.553606237817	275	17	3	0	49	0.151234567901
0.387623511801	0.554580896686	276	17	3	0	49	0.150769230769
0.387988221677	0.555555555556	277	17	3	0	49	0.150306748466
0.390184157819	0.555555555556	278	17	3	0	49	0.149847094801
0.390802530524	0.552631578947	278	18	15	0	52	0.157575757576
0.392545653339	0.551656920078	279	18	15	0	52	0.157099697885
0.395470787128	0.551656920078	280	18	15	0	52	0.156626506024
0.395835094677	0.552631578947	281	18	15	0	52	0.156156156156
0.39623546637	0.551656920078	282	18	15	0	52	0.155688622754
0.398426650902	0.551656920078	283	18	15	0	52	0.155223880597
0.398488153989	0.551656920078	284	18	15	0	52	0.154761904762
0.399125136956	0.550682261209	285	18	15	0	52	0.154302670623
0.402530622578	0.549707602339	286	18	15	0	52	0.153846153846
0.404730721619	0.549707602339	287	18	15	0	52	0.153392330383
0.405696369211	0.550682261209	288	18	15	0	52	0.152941176471
0.407993556037	0.550682261209	289	18	15	0	52	0.152492668622
0.408880772496	0.540935672515	289	19	12	0	62	0.176638176638
0.413339064412	0.540935672515	290	19	12	0	62	0.176136363636
0.414236305662	0.541910331384	291	19	12	0	62	0.175637393768
0.417300967999	0.540935672515	292	19	12	0	62	0.175141242938
0.419165089795	0.541910331384	293	19	12	0	62	0.174647887324
0.420398461546	0.540935672515	294	19	12	0	62	0.174157303371
0.421529977345	0.540935672515	295	19	12	0	62	0.173669467787
0.422304706125	0.539961013645	296	19	12	0	62	0.173184357542
0.422367553387	0.539961013645	297	19	12	0	62	0.172701949861
0.42320279761	0.540935672515	298	19	12	0	62	0.172222222222
0.423489396561	0.540935672515	299	19	12	0	62	0.171745152355
0.423985196328	0.541910331384	300	19	12	0	62	0.171270718232
0.425284212757	0.542884990253	301	19	12	0	62	0.170798898072
0.427211023309	0.542884990253	302	19	12	0	62	0.17032967033
0.429437615313	0.541910331384	303	19	12	0	62	0.169863013699
0.429602393599	0.542884990253	304	19	12	0	62	0.169398907104
0.430533667962	0.543859649123	305	19	12	0	62	0.1689373297
0.432537407996	0.544834307992	306	19	12	0	62	0.16847826087
0.432740270682	0.545808966862	307	19	12	0	62	0.168021680217
0.434541773537	0.546783625731	308	19	12	0	62	0.167567567568
0.436590818314	0.5477582846	309	19	12	0	62	0.167115902965
0.436631144329	0.54873294347	310	19	12	0	62	0.166666666667
0.437574750648	0.54873294347	311	19	12	0	62	0.166219839142
0.438779548404	0.54873294347	312	19	12	0	62	0.16577540107
0.438831170606	0.54873294347	313	19	12	0	62	0.165333333333
0.43973159299	0.54873294347	314	19	12	0	62	0.164893617021
0.441684735642	0.54873294347	314	20	3	0	62	0.164893617021
0.442267766685	0.54873294347	315	20	3	0	62	0.164456233422
0.442287299776	0.5477582846	316	20	3	0	62	0.164021164021
0.443622419843	0.54873294347	317	20	3	0	62	0.163588390501
0.444476937494	0.549707602339	318	20	3	0	62	0.163157894737
