# time 	 divergence 	 # of mutations 	 # IGC chances 	 IGC length 	 # IGC failures 	 Changes due to IGC  	 % change due to IGC 
0.0	0.25730994152	0	0	0	0	0	0.0
0.000316549074589	0.25828460039	1	0	0	0	0	0.0
0.000665867834119	0.259259259259	2	0	0	0	0	0.0
0.00170558583469	0.260233918129	3	0	0	0	0	0.0
0.001924865892	0.259259259259	4	0	0	0	0	0.0
0.00324302750747	0.259259259259	5	0	0	0	0	0.0
0.00422440139444	0.260233918129	6	0	0	0	0	0.0
0.00621124101694	0.259259259259	7	0	0	0	0	0.0
0.00645706850582	0.260233918129	8	0	0	0	0	0.0
0.0104808836144	0.261208576998	9	0	0	0	0	0.0
0.0127583035519	0.261208576998	10	0	0	0	0	0.0
0.0164184323122	0.262183235867	11	0	0	0	0	0.0
0.0184622463613	0.263157894737	12	0	0	0	0	0.0
0.0187169961112	0.264132553606	13	0	0	0	0	0.0
0.0204187255381	0.265107212476	14	0	0	0	0	0.0
0.0209853034483	0.266081871345	15	0	0	0	0	0.0
0.0212226366585	0.267056530214	16	0	0	0	0	0.0
0.0213923936306	0.268031189084	17	0	0	0	0	0.0
0.0215042314744	0.268031189084	18	0	0	0	0	0.0
0.021638950118	0.269005847953	19	0	0	0	0	0.0
0.0230124320176	0.269980506823	20	0	0	0	0	0.0
0.0240759155777	0.270955165692	21	0	0	0	0	0.0
0.0289702217833	0.271929824561	22	0	0	0	0	0.0
0.0296529139842	0.272904483431	23	0	0	0	0	0.0
0.029658268824	0.2738791423	24	0	0	0	0	0.0
0.0301055886643	0.271929824561	24	1	24	0	2	0.0769230769231
0.0309919807965	0.272904483431	25	1	24	0	2	0.0740740740741
0.0421932703887	0.2738791423	26	1	24	0	2	0.0714285714286
0.0429101878379	0.27485380117	27	1	24	0	2	0.0689655172414
0.0436060164097	0.275828460039	28	1	24	0	2	0.0666666666667
0.0463332317721	0.275828460039	29	1	24	0	2	0.0645161290323
0.0468153424905	0.276803118908	30	1	24	0	2	0.0625
0.0489156361389	0.277777777778	31	1	24	0	2	0.0606060606061
0.0496108801217	0.278752436647	32	1	24	0	2	0.0588235294118
0.0515153349852	0.279727095517	33	1	24	0	2	0.0571428571429
0.0526299900251	0.280701754386	34	1	24	0	2	0.0555555555556
0.0534949582454	0.281676413255	35	1	24	0	2	0.0540540540541
0.0536537319894	0.282651072125	36	1	24	0	2	0.0526315789474
0.0551453356706	0.282651072125	37	1	24	0	2	0.0512820512821
0.0556704667192	0.283625730994	38	1	24	0	2	0.05
0.0580574535731	0.283625730994	39	1	24	0	2	0.0487804878049
0.0610526401184	0.284600389864	40	1	24	0	2	0.047619047619
0.0677551103326	0.284600389864	41	1	24	0	2	0.046511627907
0.0685531807001	0.285575048733	42	1	24	0	2	0.0454545454545
0.0699201985238	0.286549707602	43	1	24	0	2	0.0444444444444
0.071800290559	0.287524366472	44	1	24	0	2	0.0434782608696
0.0738156187472	0.288499025341	45	1	24	0	2	0.0425531914894
0.0767033518233	0.288499025341	46	1	24	0	2	0.0416666666667
0.0772991675217	0.289473684211	47	1	24	0	2	0.0408163265306
0.0776135283212	0.29044834308	48	1	24	0	2	0.04
0.0791696858132	0.291423001949	49	1	24	0	2	0.0392156862745
0.0795000758017	0.291423001949	50	1	24	0	2	0.0384615384615
0.0815565317954	0.292397660819	51	1	24	0	2	0.0377358490566
0.0849896858608	0.293372319688	52	1	24	0	2	0.037037037037
0.0868046732068	0.293372319688	53	1	24	0	2	0.0363636363636
0.089264411773	0.293372319688	54	1	24	0	2	0.0357142857143
0.0906759326044	0.293372319688	55	1	24	0	2	0.0350877192982
0.0941310731818	0.294346978558	56	1	24	0	2	0.0344827586207
0.0946190084768	0.295321637427	57	1	24	0	2	0.0338983050847
0.0947908213107	0.296296296296	58	1	24	0	2	0.0333333333333
0.0965012704755	0.297270955166	59	1	24	0	2	0.0327868852459
0.0973337614698	0.296296296296	60	1	24	0	2	0.0322580645161
0.0979890394441	0.297270955166	61	1	24	0	2	0.031746031746
0.0980862072563	0.298245614035	62	1	24	0	2	0.03125
0.0983172716771	0.299220272904	63	1	24	0	2	0.0307692307692
0.0987078890978	0.299220272904	64	1	24	0	2	0.030303030303
0.0987705965501	0.300194931774	65	1	24	0	2	0.0298507462687
0.0992598421235	0.301169590643	66	1	24	0	2	0.0294117647059
0.0997645169137	0.301169590643	67	1	24	0	2	0.0289855072464
0.100576779737	0.302144249513	68	1	24	0	2	0.0285714285714
0.104092840216	0.303118908382	69	1	24	0	2	0.0281690140845
0.105946619409	0.304093567251	70	1	24	0	2	0.0277777777778
0.106272290533	0.305068226121	71	1	24	0	2	0.027397260274
0.107521509563	0.305068226121	72	1	24	0	2	0.027027027027
0.107806915935	0.30604288499	73	1	24	0	2	0.0266666666667
0.107953635048	0.30701754386	74	1	24	0	2	0.0263157894737
0.108282174857	0.307992202729	75	1	24	0	2	0.025974025974
0.108337998683	0.308966861598	76	1	24	0	2	0.025641025641
0.1097402312	0.309941520468	77	1	24	0	2	0.0253164556962
0.111492789799	0.310916179337	78	1	24	0	2	0.025
0.111501099617	0.311890838207	79	1	24	0	2	0.0246913580247
0.112929598936	0.312865497076	80	1	24	0	2	0.0243902439024
0.113718358793	0.313840155945	81	1	24	0	2	0.0240963855422
0.114801572038	0.314814814815	82	1	24	0	2	0.0238095238095
0.115150429902	0.315789473684	83	1	24	0	2	0.0235294117647
0.115524235339	0.316764132554	84	1	24	0	2	0.0232558139535
0.115697242662	0.317738791423	85	1	24	0	2	0.0229885057471
0.116862549825	0.318713450292	86	1	24	0	2	0.0227272727273
0.118370780428	0.318713450292	87	1	24	0	2	0.0224719101124
0.118628704437	0.319688109162	88	1	24	0	2	0.0222222222222
0.120002982904	0.319688109162	89	1	24	0	2	0.021978021978
0.120638348834	0.319688109162	90	1	24	0	2	0.0217391304348
0.12132254203	0.318713450292	91	1	24	0	2	0.0215053763441
0.123598772025	0.319688109162	92	1	24	0	2	0.0212765957447
0.124321850491	0.319688109162	93	1	24	0	2	0.0210526315789
0.124513474099	0.320662768031	94	1	24	0	2	0.0208333333333
0.126306374172	0.321637426901	95	1	24	0	2	0.020618556701
0.12646929117	0.32261208577	96	1	24	0	2	0.0204081632653
0.128034421065	0.32261208577	97	1	24	0	2	0.020202020202
0.130774511239	0.323586744639	98	1	24	0	2	0.02
0.135097977115	0.323586744639	99	1	24	0	2	0.019801980198
0.136408055746	0.324561403509	100	1	24	0	2	0.0196078431373
0.136786223179	0.325536062378	101	1	24	0	2	0.0194174757282
0.137152229791	0.326510721248	102	1	24	0	2	0.0192307692308
0.138806270637	0.327485380117	103	1	24	0	2	0.0190476190476
0.139310183404	0.328460038986	104	1	24	0	2	0.0188679245283
0.140700473178	0.329434697856	105	1	24	0	2	0.018691588785
0.143213342304	0.329434697856	106	1	24	0	2	0.0185185185185
0.14362843611	0.330409356725	107	1	24	0	2	0.0183486238532
0.143804060087	0.331384015595	108	1	24	0	2	0.0181818181818
0.144506587917	0.331384015595	109	1	24	0	2	0.018018018018
0.14502979969	0.331384015595	110	1	24	0	2	0.0178571428571
0.145355312414	0.272904483431	110	2	306	0	62	0.360465116279
0.146116711098	0.271929824561	111	2	306	0	62	0.35838150289
0.14688667995	0.271929824561	112	2	306	0	62	0.35632183908
0.150381680434	0.272904483431	113	2	306	0	62	0.354285714286
0.154204712675	0.2738791423	114	2	306	0	62	0.352272727273
0.155356274098	0.27485380117	115	2	306	0	62	0.350282485876
0.155449824013	0.275828460039	116	2	306	0	62	0.348314606742
0.155950230774	0.206627680312	116	3	195	0	133	0.534136546185
0.156873571788	0.207602339181	117	3	195	0	133	0.532
0.157147912245	0.207602339181	118	3	195	0	133	0.529880478088
0.157282271173	0.208576998051	119	3	195	0	133	0.527777777778
0.158191700929	0.20955165692	120	3	195	0	133	0.525691699605
0.162691863455	0.210526315789	121	3	195	0	133	0.523622047244
0.163058527053	0.211500974659	122	3	195	0	133	0.521568627451
0.166136141046	0.211500974659	123	3	195	0	133	0.51953125
0.167594691021	0.212475633528	124	3	195	0	133	0.517509727626
0.168562449089	0.213450292398	125	3	195	0	133	0.515503875969
0.168901687889	0.214424951267	126	3	195	0	133	0.513513513514
0.170839061274	0.215399610136	127	3	195	0	133	0.511538461538
0.176270337383	0.216374269006	128	3	195	0	133	0.509578544061
0.176663176739	0.217348927875	129	3	195	0	133	0.507633587786
0.177360550845	0.218323586745	130	3	195	0	133	0.505703422053
0.177536600644	0.219298245614	131	3	195	0	133	0.503787878788
0.178524562348	0.220272904483	132	3	195	0	133	0.501886792453
0.179647326851	0.221247563353	133	3	195	0	133	0.5
0.181348661949	0.221247563353	134	3	195	0	133	0.498127340824
0.181787509508	0.222222222222	135	3	195	0	133	0.496268656716
0.182222932233	0.222222222222	136	3	195	0	133	0.494423791822
0.182344995707	0.223196881092	137	3	195	0	133	0.492592592593
0.184502332123	0.224171539961	138	3	195	0	133	0.490774907749
0.184657942658	0.22514619883	139	3	195	0	133	0.488970588235
0.186381656474	0.2261208577	140	3	195	0	133	0.487179487179
0.186820673047	0.22514619883	141	3	195	0	133	0.485401459854
0.189524652346	0.2261208577	142	3	195	0	133	0.483636363636
0.191806258229	0.227095516569	143	3	195	0	133	0.481884057971
0.193637111057	0.228070175439	144	3	195	0	133	0.480144404332
0.193879200661	0.228070175439	145	3	195	0	133	0.478417266187
0.194447220081	0.229044834308	146	3	195	0	133	0.476702508961
0.194618993555	0.230019493177	147	3	195	0	133	0.475
0.197600298295	0.230019493177	148	3	195	0	133	0.473309608541
0.198291225398	0.230019493177	149	3	195	0	133	0.471631205674
0.204376563308	0.230994152047	150	3	195	0	133	0.469964664311
0.205543052748	0.230019493177	151	3	195	0	133	0.468309859155
0.208019457962	0.230019493177	152	3	195	0	133	0.466666666667
