# time 	 divergence 	 # of mutations 	 # IGC chances 	 IGC length 	 # IGC failures 	 Changes due to IGC  	 % change due to IGC 
0.0	0.0	0	0	0	0	0	0.0
0.00295820481945	0.0	0	1	201	0	0	0.0
0.00325025690729	0.000974658869396	1	1	201	0	0	0.0
0.00527819048856	0.00194931773879	2	1	201	0	0	0.0
0.00683528205311	0.00292397660819	3	1	201	0	0	0.0
0.00751338731611	0.00389863547758	4	1	201	0	0	0.0
0.00757736299568	0.00487329434698	5	1	201	0	0	0.0
0.00780083220316	0.00584795321637	6	1	201	0	0	0.0
0.00848147159131	0.00682261208577	7	1	201	0	0	0.0
0.00999342921419	0.00682261208577	8	1	201	0	0	0.0
0.0111168037376	0.00779727095517	9	1	201	0	0	0.0
0.0134709206308	0.00877192982456	10	1	201	0	0	0.0
0.013674750409	0.00974658869396	11	1	201	0	0	0.0
0.0154571151743	0.0107212475634	12	1	201	0	0	0.0
0.0157752798031	0.0116959064327	13	1	201	0	0	0.0
0.0163736689237	0.0126705653021	14	1	201	0	0	0.0
0.0166429931957	0.0136452241715	15	1	201	0	0	0.0
0.0166952709527	0.0126705653021	16	1	201	0	0	0.0
0.0189585367225	0.0136452241715	17	1	201	0	0	0.0
0.0196716656863	0.0146198830409	18	1	201	0	0	0.0
0.0206720273604	0.0126705653021	18	2	81	0	2	0.1
0.0213155314028	0.0136452241715	19	2	81	0	2	0.0952380952381
0.0223360043299	0.0146198830409	20	2	81	0	2	0.0909090909091
0.0223591576626	0.0155945419103	21	2	81	0	2	0.0869565217391
0.0245599693557	0.0165692007797	22	2	81	0	2	0.0833333333333
0.0255123935947	0.0175438596491	23	2	81	0	2	0.08
0.0268645407566	0.0185185185185	24	2	81	0	2	0.0769230769231
0.0292051288207	0.0194931773879	25	2	81	0	2	0.0740740740741
0.0311395592657	0.0204678362573	26	2	81	0	2	0.0714285714286
0.0323247723176	0.0214424951267	27	2	81	0	2	0.0689655172414
0.0329453535352	0.0224171539961	28	2	81	0	2	0.0666666666667
0.0334449293334	0.0233918128655	29	2	81	0	2	0.0645161290323
0.0338116794171	0.0243664717349	30	2	81	0	2	0.0625
0.0341525559834	0.0253411306043	31	2	81	0	2	0.0606060606061
0.0365627442558	0.0263157894737	32	2	81	0	2	0.0588235294118
0.0367879447035	0.0272904483431	33	2	81	0	2	0.0571428571429
0.0387379682571	0.0282651072125	34	2	81	0	2	0.0555555555556
0.0389230259121	0.0292397660819	35	2	81	0	2	0.0540540540541
0.0399888066209	0.0302144249513	36	2	81	0	2	0.0526315789474
0.0473611515133	0.0311890838207	37	2	81	0	2	0.0512820512821
0.0480180473199	0.0321637426901	38	2	81	0	2	0.05
0.0492698860298	0.0331384015595	39	2	81	0	2	0.0487804878049
0.0496561120014	0.0331384015595	39	3	9	0	2	0.0487804878049
0.0512871227136	0.0341130604288	40	3	9	0	2	0.047619047619
0.0544263101775	0.0350877192982	41	3	9	0	2	0.046511627907
0.0547308888593	0.0360623781676	42	3	9	0	2	0.0454545454545
0.0566533188757	0.037037037037	43	3	9	0	2	0.0444444444444
0.0578831782806	0.0380116959064	44	3	9	0	2	0.0434782608696
0.0596145947963	0.0389863547758	45	3	9	0	2	0.0425531914894
0.0596340791066	0.0399610136452	46	3	9	0	2	0.0416666666667
0.0603118729316	0.0409356725146	47	3	9	0	2	0.0408163265306
0.0648752580859	0.0409356725146	48	3	9	0	2	0.04
0.0655548726451	0.041910331384	49	3	9	0	2	0.0392156862745
0.0670057758443	0.0428849902534	50	3	9	0	2	0.0384615384615
0.0674958674317	0.0438596491228	51	3	9	0	2	0.0377358490566
0.0682027171038	0.0428849902534	52	3	9	0	2	0.037037037037
0.0693908227474	0.0360623781676	52	4	102	0	9	0.147540983607
0.0699803006847	0.037037037037	53	4	102	0	9	0.145161290323
0.0700299098934	0.0380116959064	54	4	102	0	9	0.142857142857
0.070500535076	0.0389863547758	55	4	102	0	9	0.140625
0.0706259549093	0.0399610136452	56	4	102	0	9	0.138461538462
0.0733099032756	0.0409356725146	57	4	102	0	9	0.136363636364
0.0736226936453	0.041910331384	58	4	102	0	9	0.134328358209
0.0751467220372	0.0428849902534	59	4	102	0	9	0.132352941176
0.0797497276781	0.0438596491228	60	4	102	0	9	0.130434782609
0.0804057343896	0.0448343079922	61	4	102	0	9	0.128571428571
0.0804298558432	0.0458089668616	62	4	102	0	9	0.12676056338
0.083960292438	0.046783625731	63	4	102	0	9	0.125
0.0856368760718	0.0477582846004	64	4	102	0	9	0.123287671233
0.0866725582091	0.0487329434698	65	4	102	0	9	0.121621621622
0.0868772863963	0.0497076023392	66	4	102	0	9	0.12
0.0873656072825	0.0506822612086	67	4	102	0	9	0.118421052632
0.0885732884219	0.0497076023392	68	4	102	0	9	0.116883116883
0.0888338439034	0.0506822612086	69	4	102	0	9	0.115384615385
0.0891534783045	0.051656920078	70	4	102	0	9	0.113924050633
0.0898590912639	0.0526315789474	71	4	102	0	9	0.1125
0.0906067444008	0.0536062378168	72	4	102	0	9	0.111111111111
0.0949374314229	0.0545808966862	73	4	102	0	9	0.109756097561
0.0981191932947	0.0555555555556	74	4	102	0	9	0.10843373494
0.10264422823	0.0545808966862	75	4	102	0	9	0.107142857143
0.103790897728	0.0555555555556	76	4	102	0	9	0.105882352941
0.105003122794	0.056530214425	77	4	102	0	9	0.104651162791
0.107053817977	0.0575048732943	78	4	102	0	9	0.103448275862
0.110809429495	0.0584795321637	79	4	102	0	9	0.102272727273
0.110812035132	0.0594541910331	80	4	102	0	9	0.101123595506
0.111289897016	0.0604288499025	81	4	102	0	9	0.1
0.113354525008	0.0614035087719	82	4	102	0	9	0.0989010989011
0.116223787699	0.0623781676413	83	4	102	0	9	0.0978260869565
0.116661082058	0.0633528265107	84	4	102	0	9	0.0967741935484
0.118282783045	0.0643274853801	85	4	102	0	9	0.0957446808511
0.12063554418	0.0653021442495	86	4	102	0	9	0.0947368421053
0.121116638056	0.0653021442495	87	4	102	0	9	0.09375
0.126549466175	0.0662768031189	88	4	102	0	9	0.0927835051546
0.126744014474	0.0672514619883	89	4	102	0	9	0.0918367346939
0.129275890401	0.0682261208577	90	4	102	0	9	0.0909090909091
0.134270371536	0.0692007797271	91	4	102	0	9	0.09
0.134983303277	0.0701754385965	92	4	102	0	9	0.0891089108911
0.135515083481	0.0711500974659	93	4	102	0	9	0.0882352941176
0.13734566559	0.0721247563353	94	4	102	0	9	0.0873786407767
0.138567618488	0.0730994152047	95	4	102	0	9	0.0865384615385
0.139907156446	0.0740740740741	96	4	102	0	9	0.0857142857143
0.140797946893	0.0750487329435	97	4	102	0	9	0.0849056603774
0.140990960913	0.0760233918129	98	4	102	0	9	0.0841121495327
0.141073172761	0.0769980506823	99	4	102	0	9	0.0833333333333
0.141416883762	0.0779727095517	100	4	102	0	9	0.0825688073394
0.142399787295	0.0789473684211	101	4	102	0	9	0.0818181818182
0.143050332433	0.0799220272904	102	4	102	0	9	0.0810810810811
0.145840489454	0.0808966861598	103	4	102	0	9	0.0803571428571
0.145864283309	0.0818713450292	104	4	102	0	9	0.0796460176991
0.14627031862	0.0828460038986	105	4	102	0	9	0.0789473684211
0.14856324064	0.083820662768	106	4	102	0	9	0.0782608695652
0.149990652852	0.0847953216374	107	4	102	0	9	0.0775862068966
0.151517618692	0.0857699805068	108	4	102	0	9	0.0769230769231
0.152730953455	0.0867446393762	109	4	102	0	9	0.0762711864407
0.153823462776	0.0877192982456	110	4	102	0	9	0.0756302521008
0.156714698409	0.088693957115	111	4	102	0	9	0.075
0.156948651504	0.0896686159844	112	4	102	0	9	0.0743801652893
0.161133610269	0.0906432748538	113	4	102	0	9	0.0737704918033
0.162826248731	0.0916179337232	114	4	102	0	9	0.0731707317073
0.163101084841	0.0916179337232	115	4	102	0	9	0.0725806451613
0.163210341424	0.0925925925926	116	4	102	0	9	0.072
0.164571956286	0.093567251462	117	4	102	0	9	0.0714285714286
0.165413135203	0.0945419103314	118	4	102	0	9	0.0708661417323
0.16566386441	0.0955165692008	119	4	102	0	9	0.0703125
0.167552202091	0.0964912280702	120	4	102	0	9	0.0697674418605
0.170425374128	0.0974658869396	121	4	102	0	9	0.0692307692308
0.174547374352	0.098440545809	122	4	102	0	9	0.0687022900763
0.17471480461	0.0994152046784	123	4	102	0	9	0.0681818181818
0.177421821871	0.100389863548	124	4	102	0	9	0.0676691729323
0.177460703382	0.101364522417	125	4	102	0	9	0.0671641791045
0.181198028995	0.0994152046784	125	5	27	0	11	0.0808823529412
0.181568349352	0.100389863548	126	5	27	0	11	0.0802919708029
0.183538409133	0.101364522417	127	5	27	0	11	0.0797101449275
0.18602807649	0.100389863548	128	5	27	0	11	0.0791366906475
0.186572246431	0.101364522417	129	5	27	0	11	0.0785714285714
0.187858816701	0.102339181287	130	5	27	0	11	0.0780141843972
0.18802964895	0.103313840156	131	5	27	0	11	0.0774647887324
0.189736160467	0.104288499025	132	5	27	0	11	0.0769230769231
0.189753040105	0.105263157895	133	5	27	0	11	0.0763888888889
0.189855449957	0.106237816764	134	5	27	0	11	0.0758620689655
0.190230526258	0.107212475634	135	5	27	0	11	0.0753424657534
0.19058373717	0.108187134503	136	5	27	0	11	0.0748299319728
0.192198934992	0.109161793372	137	5	27	0	11	0.0743243243243
0.194213007198	0.108187134503	138	5	27	0	11	0.0738255033557
0.196723982172	0.109161793372	139	5	27	0	11	0.0733333333333
0.197799454084	0.110136452242	140	5	27	0	11	0.0728476821192
0.197917075074	0.111111111111	141	5	27	0	11	0.0723684210526
0.200040311509	0.112085769981	142	5	27	0	11	0.0718954248366
0.200520367007	0.11306042885	143	5	27	0	11	0.0714285714286
0.200776502221	0.114035087719	144	5	27	0	11	0.0709677419355
0.202897439893	0.114035087719	145	5	27	0	11	0.0705128205128
0.203659156669	0.115009746589	146	5	27	0	11	0.0700636942675
0.20576710201	0.115984405458	147	5	27	0	11	0.0696202531646
0.206837042424	0.116959064327	148	5	27	0	11	0.0691823899371
0.207381878113	0.117933723197	149	5	27	0	11	0.06875
0.209201495765	0.118908382066	150	5	27	0	11	0.0683229813665
0.209232643493	0.118908382066	151	5	27	0	11	0.0679012345679
0.212549881609	0.119883040936	152	5	27	0	11	0.0674846625767
0.21326499801	0.112085769981	152	6	63	0	19	0.111111111111
0.213905676786	0.11306042885	153	6	63	0	19	0.110465116279
0.215778908153	0.114035087719	154	6	63	0	19	0.109826589595
0.218016210468	0.115009746589	155	6	63	0	19	0.109195402299
0.218471669274	0.115984405458	156	6	63	0	19	0.108571428571
0.22186693454	0.116959064327	157	6	63	0	19	0.107954545455
0.222142896587	0.117933723197	158	6	63	0	19	0.107344632768
0.222263411706	0.118908382066	159	6	63	0	19	0.106741573034
0.225614151013	0.119883040936	160	6	63	0	19	0.106145251397
0.225904421651	0.120857699805	161	6	63	0	19	0.105555555556
0.229116196217	0.121832358674	162	6	63	0	19	0.104972375691
0.229594866255	0.122807017544	163	6	63	0	19	0.104395604396
0.232148286718	0.123781676413	164	6	63	0	19	0.103825136612
0.233151376359	0.124756335283	165	6	63	0	19	0.103260869565
0.23325133994	0.125730994152	166	6	63	0	19	0.102702702703
0.235367108542	0.126705653021	167	6	63	0	19	0.102150537634
0.236588306107	0.127680311891	168	6	63	0	19	0.101604278075
0.237075962168	0.12865497076	169	6	63	0	19	0.101063829787
0.237086349202	0.12962962963	170	6	63	0	19	0.100529100529
0.238034070182	0.130604288499	171	6	63	0	19	0.1
0.239215830756	0.130604288499	172	6	63	0	19	0.0994764397906
0.239370062215	0.131578947368	173	6	63	0	19	0.0989583333333
0.241253485874	0.132553606238	174	6	63	0	19	0.0984455958549
0.242100397518	0.132553606238	175	6	63	0	19	0.0979381443299
0.246020278053	0.133528265107	176	6	63	0	19	0.0974358974359
0.247217792868	0.134502923977	177	6	63	0	19	0.0969387755102
0.247964141702	0.135477582846	178	6	63	0	19	0.0964467005076
0.253738615549	0.136452241715	179	6	63	0	19	0.0959595959596
0.254220408183	0.137426900585	180	6	63	0	19	0.0954773869347
0.254602098829	0.138401559454	181	6	63	0	19	0.095
0.25610212621	0.139376218324	182	6	63	0	19	0.0945273631841
0.256418983667	0.140350877193	183	6	63	0	19	0.0940594059406
0.256437220462	0.140350877193	184	6	63	0	19	0.0935960591133
0.258081784686	0.141325536062	185	6	63	0	19	0.093137254902
0.258382423815	0.142300194932	186	6	63	0	19	0.0926829268293
0.260414673154	0.143274853801	187	6	63	0	19	0.0922330097087
0.261169015464	0.142300194932	188	6	63	0	19	0.0917874396135
0.26145610032	0.141325536062	189	6	63	0	19	0.0913461538462
0.261896870547	0.142300194932	190	6	63	0	19	0.0909090909091
0.262526259097	0.143274853801	191	6	63	0	19	0.0904761904762
0.262674891106	0.144249512671	192	6	63	0	19	0.0900473933649
0.264946781483	0.143274853801	193	6	63	0	19	0.0896226415094
0.265209557367	0.144249512671	194	6	63	0	19	0.0892018779343
0.265233271474	0.14522417154	195	6	63	0	19	0.088785046729
0.265430385129	0.146198830409	196	6	63	0	19	0.0883720930233
0.265666207753	0.147173489279	197	6	63	0	19	0.087962962963
0.267066842439	0.146198830409	198	6	63	0	19	0.0875576036866
0.267290567553	0.147173489279	199	6	63	0	19	0.0871559633028
0.267552294466	0.148148148148	200	6	63	0	19	0.0867579908676
0.270626562135	0.149122807018	201	6	63	0	19	0.0863636363636
0.271827104796	0.150097465887	202	6	63	0	19	0.0859728506787
0.272008229403	0.151072124756	203	6	63	0	19	0.0855855855856
0.27299164186	0.152046783626	204	6	63	0	19	0.085201793722
0.273202500553	0.153021442495	205	6	63	0	19	0.0848214285714
0.273796534149	0.153996101365	206	6	63	0	19	0.0844444444444
0.27521104968	0.153996101365	207	6	63	0	19	0.0840707964602
0.275862117893	0.154970760234	208	6	63	0	19	0.0837004405286
0.276182391723	0.155945419103	209	6	63	0	19	0.0833333333333
0.2768365299	0.156920077973	210	6	63	0	19	0.0829694323144
0.276868150495	0.155945419103	211	6	63	0	19	0.0826086956522
0.278518366576	0.156920077973	212	6	63	0	19	0.0822510822511
0.284831304911	0.157894736842	213	6	63	0	19	0.0818965517241
0.28578992495	0.140350877193	213	7	135	0	37	0.148
0.28595432656	0.139376218324	214	7	135	0	37	0.147410358566
0.2878474922	0.140350877193	215	7	135	0	37	0.146825396825
0.293154194133	0.140350877193	216	7	135	0	37	0.146245059289
0.303074925906	0.141325536062	217	7	135	0	37	0.145669291339
0.303557886161	0.142300194932	218	7	135	0	37	0.145098039216
0.30520829578	0.143274853801	219	7	135	0	37	0.14453125
0.305842636947	0.144249512671	220	7	135	0	37	0.143968871595
0.308596857621	0.14522417154	221	7	135	0	37	0.143410852713
0.310315634963	0.146198830409	222	7	135	0	37	0.142857142857
0.310716217529	0.147173489279	223	7	135	0	37	0.142307692308
0.310891867377	0.148148148148	224	7	135	0	37	0.141762452107
0.310967575341	0.148148148148	225	7	135	0	37	0.141221374046
0.315678700429	0.149122807018	226	7	135	0	37	0.140684410646
0.319752117754	0.150097465887	227	7	135	0	37	0.140151515152
0.322292417348	0.151072124756	228	7	135	0	37	0.139622641509
0.322525804006	0.152046783626	229	7	135	0	37	0.139097744361
0.322691634782	0.153021442495	230	7	135	0	37	0.138576779026
0.323028490441	0.153996101365	231	7	135	0	37	0.138059701493
0.324164267615	0.154970760234	232	7	135	0	37	0.137546468401
0.324320909058	0.153996101365	233	7	135	0	37	0.137037037037
0.326019024613	0.154970760234	234	7	135	0	37	0.136531365314
0.328141299557	0.155945419103	235	7	135	0	37	0.136029411765
0.329604396731	0.155945419103	236	7	135	0	37	0.135531135531
0.33220465896	0.156920077973	237	7	135	0	37	0.13503649635
0.333035670203	0.157894736842	238	7	135	0	37	0.134545454545
0.334652887175	0.158869395712	239	7	135	0	37	0.134057971014
0.335473971067	0.158869395712	240	7	135	0	37	0.13357400722
0.335848242557	0.159844054581	241	7	135	0	37	0.13309352518
0.337096903449	0.16081871345	242	7	135	0	37	0.132616487455
0.338183203277	0.16179337232	243	7	135	0	37	0.132142857143
0.340433859921	0.162768031189	244	7	135	0	37	0.131672597865
0.34364872162	0.163742690058	245	7	135	0	37	0.131205673759
0.343818187307	0.164717348928	246	7	135	0	37	0.13074204947
0.347144515791	0.164717348928	247	7	135	0	37	0.130281690141
0.348184752127	0.165692007797	248	7	135	0	37	0.129824561404
0.351939663032	0.166666666667	249	7	135	0	37	0.129370629371
0.354912429824	0.166666666667	250	7	135	0	37	0.128919860627
0.356694371487	0.167641325536	251	7	135	0	37	0.128472222222
0.357046178642	0.166666666667	251	8	27	0	38	0.131487889273
0.357335538628	0.167641325536	252	8	27	0	38	0.131034482759
0.36072170428	0.167641325536	253	8	27	0	38	0.13058419244
0.361210548004	0.168615984405	254	8	27	0	38	0.130136986301
0.36134863407	0.169590643275	255	8	27	0	38	0.129692832765
0.36142364612	0.170565302144	256	8	27	0	38	0.12925170068
0.363167734084	0.170565302144	257	8	27	0	38	0.128813559322
0.366277731019	0.171539961014	258	8	27	0	38	0.128378378378
0.367426229669	0.172514619883	259	8	27	0	38	0.127946127946
0.369909789389	0.173489278752	260	8	27	0	38	0.127516778523
0.370592726182	0.174463937622	261	8	27	0	38	0.127090301003
0.37154999735	0.175438596491	262	8	27	0	38	0.126666666667
0.377325431385	0.176413255361	263	8	27	0	38	0.126245847176
0.382111734823	0.17738791423	264	8	27	0	38	0.12582781457
0.383439309284	0.178362573099	265	8	27	0	38	0.125412541254
0.386649022377	0.179337231969	266	8	27	0	38	0.125
0.387010502629	0.180311890838	267	8	27	0	38	0.124590163934
0.387699538631	0.181286549708	268	8	27	0	38	0.124183006536
0.389028206775	0.182261208577	269	8	27	0	38	0.123778501629
0.38911409843	0.183235867446	270	8	27	0	38	0.123376623377
0.390155729855	0.184210526316	271	8	27	0	38	0.122977346278
0.393481043443	0.185185185185	272	8	27	0	38	0.122580645161
0.393697558488	0.186159844055	273	8	27	0	38	0.122186495177
0.394298028364	0.187134502924	274	8	27	0	38	0.121794871795
0.395181464497	0.188109161793	275	8	27	0	38	0.121405750799
0.395335441699	0.189083820663	276	8	27	0	38	0.12101910828
0.39619501498	0.190058479532	277	8	27	0	38	0.120634920635
0.397195368215	0.191033138402	278	8	27	0	38	0.120253164557
0.397213230361	0.191033138402	279	8	27	0	38	0.119873817035
0.402138248784	0.191033138402	280	8	27	0	38	0.119496855346
0.403017661988	0.192007797271	281	8	27	0	38	0.119122257053
0.403527755691	0.19298245614	282	8	27	0	38	0.11875
0.407181846376	0.19395711501	283	8	27	0	38	0.118380062305
0.407559310422	0.194931773879	284	8	27	0	38	0.11801242236
0.407588727366	0.195906432749	285	8	27	0	38	0.117647058824
0.40814752101	0.196881091618	286	8	27	0	38	0.117283950617
0.408421073542	0.197855750487	287	8	27	0	38	0.116923076923
0.410304623623	0.198830409357	288	8	27	0	38	0.116564417178
0.410462920639	0.199805068226	289	8	27	0	38	0.11620795107
0.410896717794	0.200779727096	290	8	27	0	38	0.115853658537
0.412649205356	0.201754385965	291	8	27	0	38	0.115501519757
0.414918782192	0.187134502924	291	9	42	0	53	0.154069767442
0.416130462839	0.188109161793	292	9	42	0	53	0.153623188406
0.417075203027	0.189083820663	293	9	42	0	53	0.153179190751
0.417262819455	0.190058479532	294	9	42	0	53	0.152737752161
0.418795975766	0.191033138402	295	9	42	0	53	0.152298850575
0.422436998372	0.192007797271	296	9	42	0	53	0.151862464183
0.423410591625	0.19298245614	297	9	42	0	53	0.151428571429
0.42488580897	0.19395711501	298	9	42	0	53	0.150997150997
0.430239895133	0.194931773879	299	9	42	0	53	0.150568181818
0.430477352718	0.195906432749	300	9	42	0	53	0.150141643059
0.432329308327	0.196881091618	301	9	42	0	53	0.149717514124
0.432416208828	0.197855750487	302	9	42	0	53	0.149295774648
0.433018446568	0.198830409357	303	9	42	0	53	0.148876404494
0.4333063949	0.199805068226	304	9	42	0	53	0.148459383754
0.433311784405	0.200779727096	305	9	42	0	53	0.148044692737
0.434198286019	0.201754385965	306	9	42	0	53	0.147632311978
0.434519217833	0.202729044834	307	9	42	0	53	0.147222222222
0.434745395919	0.203703703704	308	9	42	0	53	0.146814404432
0.438440571535	0.204678362573	309	9	42	0	53	0.146408839779
0.440919406753	0.205653021442	310	9	42	0	53	0.146005509642
0.44267145395	0.206627680312	311	9	42	0	53	0.145604395604
0.443053204925	0.207602339181	312	9	42	0	53	0.145205479452
0.444361207668	0.208576998051	313	9	42	0	53	0.144808743169
0.446683915073	0.208576998051	314	9	42	0	53	0.144414168937
0.448999935711	0.20955165692	315	9	42	0	53	0.14402173913
0.449005888145	0.20955165692	316	9	42	0	53	0.143631436314
0.449215938306	0.208576998051	317	9	42	0	53	0.143243243243
0.455695038171	0.20955165692	318	9	42	0	53	0.142857142857
0.455842531792	0.210526315789	319	9	42	0	53	0.14247311828
0.455898124043	0.211500974659	320	9	42	0	53	0.142091152815
0.456170499779	0.212475633528	321	9	42	0	53	0.141711229947
0.457146601696	0.211500974659	322	9	42	0	53	0.141333333333
0.458931569511	0.212475633528	323	9	42	0	53	0.140957446809
0.459038722289	0.213450292398	324	9	42	0	53	0.140583554377
0.463324489895	0.214424951267	325	9	42	0	53	0.140211640212
0.464983106779	0.215399610136	326	9	42	0	53	0.139841688654
0.465182889059	0.214424951267	327	9	42	0	53	0.139473684211
0.469857728121	0.215399610136	328	9	42	0	53	0.139107611549
0.472262808253	0.216374269006	329	9	42	0	53	0.138743455497
0.474134206385	0.217348927875	330	9	42	0	53	0.138381201044
0.474790132255	0.218323586745	331	9	42	0	53	0.138020833333
0.474928399608	0.219298245614	332	9	42	0	53	0.137662337662
0.475061842353	0.220272904483	333	9	42	0	53	0.137305699482
0.475190478087	0.221247563353	334	9	42	0	53	0.136950904393
0.478052599824	0.222222222222	335	9	42	0	53	0.136597938144
0.478814615315	0.222222222222	336	9	42	0	53	0.136246786632
0.484984026033	0.223196881092	337	9	42	0	53	0.135897435897
0.487523824538	0.201754385965	337	10	90	0	75	0.182038834951
0.488860703209	0.200779727096	338	10	90	0	75	0.181598062954
0.492138919346	0.201754385965	339	10	90	0	75	0.18115942029
0.495976553982	0.202729044834	340	10	90	0	75	0.180722891566
0.496166824853	0.203703703704	341	10	90	0	75	0.180288461538
0.496774054279	0.204678362573	342	10	90	0	75	0.179856115108
0.496858777807	0.205653021442	343	10	90	0	75	0.179425837321
0.496882655015	0.204678362573	344	10	90	0	75	0.178997613365
0.498373782993	0.205653021442	345	10	90	0	75	0.178571428571
0.499692290609	0.204678362573	346	10	90	0	75	0.178147268409
0.500489138661	0.205653021442	347	10	90	0	75	0.177725118483
0.501093056613	0.206627680312	348	10	90	0	75	0.177304964539
0.501376152343	0.206627680312	349	10	90	0	75	0.176886792453
0.501493003347	0.207602339181	350	10	90	0	75	0.176470588235
0.502015664108	0.208576998051	351	10	90	0	75	0.176056338028
0.502176504918	0.20955165692	352	10	90	0	75	0.175644028103
0.50743200255	0.210526315789	353	10	90	0	75	0.17523364486
0.508307215919	0.20955165692	354	10	90	0	75	0.174825174825
0.509089208381	0.210526315789	355	10	90	0	75	0.174418604651
0.509832410832	0.211500974659	356	10	90	0	75	0.174013921114
0.511029608423	0.211500974659	357	10	90	0	75	0.173611111111
0.512342901713	0.210526315789	358	10	90	0	75	0.173210161663
0.512752196503	0.211500974659	359	10	90	0	75	0.172811059908
0.513761502661	0.212475633528	360	10	90	0	75	0.172413793103
0.516205076664	0.213450292398	361	10	90	0	75	0.172018348624
0.517238383481	0.214424951267	362	10	90	0	75	0.171624713959
0.519649885194	0.215399610136	363	10	90	0	75	0.171232876712
0.522954975513	0.216374269006	364	10	90	0	75	0.170842824601
0.526971524856	0.217348927875	365	10	90	0	75	0.170454545455
0.528000806845	0.218323586745	366	10	90	0	75	0.170068027211
0.529011473609	0.219298245614	367	10	90	0	75	0.169683257919
0.529320556524	0.220272904483	368	10	90	0	75	0.169300225734
0.530524288324	0.221247563353	369	10	90	0	75	0.168918918919
0.532528526114	0.222222222222	370	10	90	0	75	0.168539325843
0.533590574731	0.221247563353	371	10	90	0	75	0.168161434978
0.533863841864	0.222222222222	372	10	90	0	75	0.167785234899
0.535967888822	0.223196881092	373	10	90	0	75	0.167410714286
0.538806861915	0.224171539961	374	10	90	0	75	0.167037861915
0.540475672086	0.22514619883	375	10	90	0	75	0.166666666667
0.541081304059	0.2261208577	376	10	90	0	75	0.166297117517
0.543037199109	0.2261208577	377	10	90	0	75	0.16592920354
0.544369271677	0.22514619883	378	10	90	0	75	0.165562913907
0.544473961688	0.2261208577	379	10	90	0	75	0.165198237885
0.544554519266	0.227095516569	380	10	90	0	75	0.164835164835
0.545472389035	0.228070175439	381	10	90	0	75	0.164473684211
0.547278400876	0.229044834308	382	10	90	0	75	0.164113785558
0.548028104071	0.230019493177	383	10	90	0	75	0.163755458515
0.54939465315	0.230994152047	384	10	90	0	75	0.16339869281
0.549927732326	0.230019493177	385	10	90	0	75	0.163043478261
0.551535743521	0.230994152047	386	10	90	0	75	0.162689804772
0.553042038898	0.231968810916	387	10	90	0	75	0.162337662338
0.553157943154	0.232943469786	388	10	90	0	75	0.161987041037
0.553209280721	0.233918128655	389	10	90	0	75	0.161637931034
0.555246429771	0.234892787524	390	10	90	0	75	0.161290322581
0.555994516052	0.235867446394	391	10	90	0	75	0.160944206009
0.558357105344	0.236842105263	392	10	90	0	75	0.160599571734
0.562391884994	0.237816764133	393	10	90	0	75	0.160256410256
0.566805991573	0.236842105263	394	10	90	0	75	0.159914712154
0.568159921399	0.237816764133	395	10	90	0	75	0.159574468085
0.569684310367	0.238791423002	396	10	90	0	75	0.15923566879
0.57265226048	0.239766081871	397	10	90	0	75	0.158898305085
0.572966859312	0.240740740741	398	10	90	0	75	0.158562367865
0.575086590976	0.24171539961	399	10	90	0	75	0.158227848101
0.575259882002	0.24269005848	400	10	90	0	75	0.157894736842
0.576707737678	0.243664717349	401	10	90	0	75	0.15756302521
0.578753344232	0.244639376218	402	10	90	0	75	0.157232704403
0.578979626144	0.245614035088	403	10	90	0	75	0.15690376569
0.579354390081	0.246588693957	404	10	90	0	75	0.156576200418
0.579653989855	0.247563352827	405	10	90	0	75	0.15625
0.57968189674	0.248538011696	406	10	90	0	75	0.155925155925
0.580696918157	0.249512670565	407	10	90	0	75	0.155601659751
0.584111857746	0.250487329435	408	10	90	0	75	0.155279503106
0.584334793748	0.251461988304	409	10	90	0	75	0.154958677686
0.585608427852	0.252436647173	410	10	90	0	75	0.154639175258
0.589489476189	0.252436647173	411	10	90	0	75	0.154320987654
0.591011214599	0.253411306043	412	10	90	0	75	0.154004106776
0.593993289676	0.254385964912	413	10	90	0	75	0.15368852459
0.594897009591	0.255360623782	414	10	90	0	75	0.153374233129
0.59611967574	0.256335282651	415	10	90	0	75	0.15306122449
0.597054983677	0.25730994152	416	10	90	0	75	0.152749490835
0.598988120173	0.25828460039	417	10	90	0	75	0.15243902439
0.599848105271	0.259259259259	418	10	90	0	75	0.152129817444
0.600530328171	0.260233918129	419	10	90	0	75	0.151821862348
0.605726514066	0.261208576998	420	10	90	0	75	0.151515151515
0.60582393878	0.260233918129	421	10	90	0	75	0.151209677419
0.608566893399	0.261208576998	422	10	90	0	75	0.150905432596
0.610826613063	0.261208576998	423	10	90	0	75	0.150602409639
0.612061245389	0.261208576998	424	10	90	0	75	0.150300601202
0.612531264854	0.262183235867	425	10	90	0	75	0.15
0.616697786225	0.263157894737	426	10	90	0	75	0.149700598802
0.618352591183	0.262183235867	427	10	90	0	75	0.149402390438
0.620070721198	0.263157894737	428	10	90	0	75	0.149105367793
0.625535497475	0.264132553606	429	10	90	0	75	0.14880952381
0.629301467048	0.265107212476	430	10	90	0	75	0.148514851485
0.629364618663	0.266081871345	431	10	90	0	75	0.148221343874
0.630426036786	0.267056530214	432	10	90	0	75	0.147928994083
0.631732451295	0.267056530214	433	10	90	0	75	0.147637795276
0.632277451136	0.268031189084	434	10	90	0	75	0.147347740668
0.632841418901	0.269005847953	435	10	90	0	75	0.147058823529
0.633401001312	0.268031189084	436	10	90	0	75	0.146771037182
0.635101655697	0.269005847953	437	10	90	0	75	0.146484375
0.635159887795	0.269980506823	438	10	90	0	75	0.146198830409
0.63608293282	0.270955165692	439	10	90	0	75	0.145914396887
0.636193881374	0.270955165692	440	10	90	0	75	0.145631067961
0.6377266076	0.271929824561	441	10	90	0	75	0.145348837209
0.638241057153	0.272904483431	442	10	90	0	75	0.145067698259
0.639820692254	0.2738791423	443	10	90	0	75	0.144787644788
0.641745682733	0.27485380117	444	10	90	0	75	0.14450867052
0.642036836123	0.275828460039	445	10	90	0	75	0.144230769231
0.642554891073	0.275828460039	446	10	90	0	75	0.143953934741
0.64462876866	0.275828460039	447	10	90	0	75	0.14367816092
0.645911494083	0.276803118908	448	10	90	0	75	0.143403441683
0.646434907955	0.276803118908	449	10	90	0	75	0.143129770992
0.647664061641	0.276803118908	450	10	90	0	75	0.142857142857
0.648559471176	0.277777777778	451	10	90	0	75	0.142585551331
0.649971262471	0.277777777778	452	10	90	0	75	0.142314990512
0.651471576414	0.278752436647	453	10	90	0	75	0.142045454545
0.651998373235	0.279727095517	454	10	90	0	75	0.141776937618
0.652020710679	0.280701754386	455	10	90	0	75	0.141509433962
0.652111410083	0.279727095517	456	10	90	0	75	0.141242937853
0.653364545396	0.280701754386	457	10	90	0	75	0.140977443609
0.654895926076	0.280701754386	458	10	90	0	75	0.140712945591
0.657185868969	0.281676413255	459	10	90	0	75	0.140449438202
0.657226144482	0.282651072125	460	10	90	0	75	0.140186915888
0.663490970384	0.283625730994	461	10	90	0	75	0.139925373134
0.664418869441	0.284600389864	462	10	90	0	75	0.139664804469
0.664521842401	0.285575048733	463	10	90	0	75	0.139405204461
0.666682923622	0.284600389864	464	10	90	0	75	0.139146567718
0.668655400653	0.285575048733	465	10	90	0	75	0.138888888889
0.670562892885	0.286549707602	466	10	90	0	75	0.138632162662
0.672149516836	0.287524366472	467	10	90	0	75	0.138376383764
0.67536068071	0.288499025341	468	10	90	0	75	0.138121546961
0.676237197847	0.289473684211	469	10	90	0	75	0.137867647059
0.67723308323	0.29044834308	470	10	90	0	75	0.137614678899
0.679596473721	0.291423001949	471	10	90	0	75	0.137362637363
0.681343683299	0.291423001949	472	10	90	0	75	0.137111517367
0.681837763711	0.29044834308	473	10	90	0	75	0.136861313869
0.682824547052	0.272904483431	473	11	51	0	93	0.164310954064
0.685279339559	0.2738791423	474	11	51	0	93	0.164021164021
0.687642436541	0.27485380117	475	11	51	0	93	0.163732394366
0.688884095937	0.27485380117	476	11	51	0	93	0.163444639719
0.691590931057	0.275828460039	477	11	51	0	93	0.163157894737
0.693611352106	0.276803118908	478	11	51	0	93	0.162872154116
0.696543664121	0.277777777778	479	11	51	0	93	0.162587412587
0.700626782758	0.278752436647	480	11	51	0	93	0.162303664921
0.700911944501	0.277777777778	481	11	51	0	93	0.162020905923
0.704484175457	0.278752436647	482	11	51	0	93	0.161739130435
0.707398724235	0.279727095517	483	11	51	0	93	0.161458333333
0.707835154696	0.280701754386	484	11	51	0	93	0.161178509532
0.709345809356	0.279727095517	485	11	51	0	93	0.160899653979
0.709703858647	0.278752436647	486	11	51	0	93	0.160621761658
0.710075106823	0.277777777778	487	11	51	0	93	0.160344827586
0.710389158982	0.278752436647	488	11	51	0	93	0.160068846816
0.710499042165	0.279727095517	489	11	51	0	93	0.159793814433
0.710929986104	0.280701754386	490	11	51	0	93	0.159519725557
0.71277623129	0.281676413255	491	11	51	0	93	0.159246575342
0.715301329808	0.282651072125	492	11	51	0	93	0.158974358974
0.715815448773	0.283625730994	493	11	51	0	93	0.158703071672
0.716037522579	0.284600389864	494	11	51	0	93	0.158432708688
0.716576739347	0.285575048733	495	11	51	0	93	0.158163265306
0.716643111347	0.284600389864	496	11	51	0	93	0.157894736842
0.716775921274	0.284600389864	497	11	51	0	93	0.157627118644
0.720356157054	0.283625730994	498	11	51	0	93	0.157360406091
0.720739034165	0.282651072125	499	11	51	0	93	0.157094594595
0.722297226041	0.281676413255	499	12	6	0	94	0.158516020236
0.723102281447	0.282651072125	500	12	6	0	94	0.158249158249
0.723893849048	0.281676413255	501	12	6	0	94	0.157983193277
0.725507813518	0.281676413255	502	12	6	0	94	0.157718120805
0.728272540337	0.282651072125	503	12	6	0	94	0.157453936348
0.728799897014	0.283625730994	504	12	6	0	94	0.157190635452
0.729121815704	0.284600389864	505	12	6	0	94	0.156928213689
0.729838491718	0.285575048733	506	12	6	0	94	0.156666666667
0.730780155101	0.285575048733	507	12	6	0	94	0.156405990017
0.732614021764	0.286549707602	508	12	6	0	94	0.156146179402
0.733701285881	0.286549707602	509	12	6	0	94	0.155887230514
0.736547977459	0.287524366472	510	12	6	0	94	0.155629139073
0.73666811658	0.288499025341	511	12	6	0	94	0.155371900826
0.738802359725	0.289473684211	512	12	6	0	94	0.155115511551
0.740638924652	0.288499025341	513	12	6	0	94	0.154859967051
0.740990550229	0.289473684211	514	12	6	0	94	0.154605263158
0.741640210639	0.29044834308	515	12	6	0	94	0.154351395731
0.745028519551	0.291423001949	516	12	6	0	94	0.154098360656
0.74763869043	0.291423001949	517	12	6	0	94	0.153846153846
0.748184947394	0.292397660819	518	12	6	0	94	0.153594771242
0.748515591994	0.293372319688	519	12	6	0	94	0.153344208809
0.748632581994	0.294346978558	520	12	6	0	94	0.153094462541
0.749315744249	0.295321637427	521	12	6	0	94	0.152845528455
0.750978847094	0.296296296296	522	12	6	0	94	0.152597402597
0.751549181754	0.297270955166	523	12	6	0	94	0.152350081037
0.751806403231	0.298245614035	524	12	6	0	94	0.152103559871
0.75212861965	0.299220272904	525	12	6	0	94	0.151857835218
0.753394294988	0.300194931774	526	12	6	0	94	0.151612903226
0.754575013872	0.301169590643	527	12	6	0	94	0.151368760064
0.755474234351	0.300194931774	528	12	6	0	94	0.151125401929
0.75579623606	0.301169590643	529	12	6	0	94	0.15088282504
0.756277361102	0.296296296296	529	13	36	0	99	0.157643312102
0.760038534219	0.297270955166	530	13	36	0	99	0.157392686804
0.76246122269	0.296296296296	531	13	36	0	99	0.157142857143
0.762884792946	0.297270955166	532	13	36	0	99	0.156893819334
0.763173562041	0.296296296296	533	13	36	0	99	0.15664556962
0.764563709598	0.297270955166	534	13	36	0	99	0.156398104265
0.764999947974	0.298245614035	535	13	36	0	99	0.156151419558
0.768407924814	0.299220272904	536	13	36	0	99	0.155905511811
0.768697225869	0.298245614035	537	13	36	0	99	0.155660377358
0.77104577707	0.299220272904	538	13	36	0	99	0.155416012559
0.772125462778	0.300194931774	539	13	36	0	99	0.155172413793
0.773901660199	0.301169590643	540	13	36	0	99	0.154929577465
0.779583278027	0.301169590643	541	13	36	0	99	0.1546875
0.779620863288	0.302144249513	542	13	36	0	99	0.154446177847
0.779832918369	0.303118908382	543	13	36	0	99	0.154205607477
0.783986420648	0.304093567251	544	13	36	0	99	0.153965785381
0.784937581787	0.305068226121	545	13	36	0	99	0.153726708075
0.785991438506	0.305068226121	546	13	36	0	99	0.153488372093
0.785996133124	0.30604288499	547	13	36	0	99	0.153250773994
0.786958177113	0.269980506823	547	14	123	0	136	0.199121522694
0.788520028136	0.270955165692	548	14	123	0	136	0.198830409357
0.789181776095	0.271929824561	549	14	123	0	136	0.198540145985
0.789395517553	0.271929824561	550	14	123	0	136	0.198250728863
0.790116791273	0.270955165692	551	14	123	0	136	0.197962154294
0.790703946919	0.271929824561	552	14	123	0	136	0.197674418605
0.791108807819	0.272904483431	553	14	123	0	136	0.197387518142
0.791177848569	0.2738791423	554	14	123	0	136	0.197101449275
0.792735480985	0.27485380117	555	14	123	0	136	0.196816208394
0.792827122623	0.275828460039	556	14	123	0	136	0.196531791908
0.793196978844	0.27485380117	557	14	123	0	136	0.196248196248
0.795564982144	0.27485380117	558	14	123	0	136	0.195965417867
0.797179550835	0.275828460039	559	14	123	0	136	0.195683453237
0.799349763068	0.27485380117	560	14	123	0	136	0.195402298851
0.802256642826	0.275828460039	561	14	123	0	136	0.19512195122
0.802359857309	0.27485380117	562	14	123	0	136	0.194842406877
0.805614034345	0.275828460039	563	14	123	0	136	0.194563662375
0.806605699823	0.276803118908	564	14	123	0	136	0.194285714286
0.807728866374	0.277777777778	565	14	123	0	136	0.194008559201
0.808320849684	0.278752436647	566	14	123	0	136	0.193732193732
0.810796412915	0.279727095517	567	14	123	0	136	0.193456614509
0.811344266432	0.280701754386	568	14	123	0	136	0.193181818182
0.813405920352	0.281676413255	569	14	123	0	136	0.192907801418
0.813862337622	0.282651072125	570	14	123	0	136	0.192634560907
0.813877459008	0.283625730994	571	14	123	0	136	0.192362093352
0.814700928714	0.284600389864	572	14	123	0	136	0.19209039548
0.815264431565	0.285575048733	573	14	123	0	136	0.191819464034
0.816363025717	0.285575048733	574	14	123	0	136	0.191549295775
0.816756738494	0.286549707602	575	14	123	0	136	0.191279887482
0.816838331423	0.287524366472	576	14	123	0	136	0.191011235955
0.818760127326	0.288499025341	577	14	123	0	136	0.190743338008
0.820691039423	0.289473684211	578	14	123	0	136	0.190476190476
0.821757896516	0.29044834308	579	14	123	0	136	0.19020979021
0.822003615516	0.29044834308	580	14	123	0	136	0.189944134078
0.822926484177	0.291423001949	581	14	123	0	136	0.189679218968
0.824285567308	0.292397660819	582	14	123	0	136	0.189415041783
0.824943221217	0.292397660819	583	14	123	0	136	0.189151599444
0.826784466813	0.293372319688	584	14	123	0	136	0.188888888889
0.829747966943	0.270955165692	584	15	81	0	159	0.21399730821
0.831046202349	0.271929824561	585	15	81	0	159	0.213709677419
0.83310698086	0.272904483431	586	15	81	0	159	0.213422818792
0.834593892017	0.272904483431	587	15	81	0	159	0.213136729223
0.835225216123	0.2738791423	588	15	81	0	159	0.212851405622
0.837264717617	0.27485380117	589	15	81	0	159	0.21256684492
0.837896074753	0.275828460039	590	15	81	0	159	0.212283044059
0.838622134969	0.276803118908	591	15	81	0	159	0.212
0.838629082327	0.276803118908	592	15	81	0	159	0.21171770972
0.841494037389	0.277777777778	593	15	81	0	159	0.211436170213
0.842576978112	0.278752436647	594	15	81	0	159	0.211155378486
0.843980143654	0.279727095517	595	15	81	0	159	0.210875331565
0.844012590091	0.280701754386	596	15	81	0	159	0.21059602649
0.844808039599	0.280701754386	597	15	81	0	159	0.210317460317
0.846160924991	0.280701754386	598	15	81	0	159	0.210039630119
0.84680890873	0.281676413255	599	15	81	0	159	0.209762532982
0.850405190315	0.282651072125	600	15	81	0	159	0.209486166008
0.852226265038	0.283625730994	601	15	81	0	159	0.209210526316
0.852827364117	0.284600389864	602	15	81	0	159	0.208935611038
0.853332425013	0.284600389864	603	15	81	0	159	0.208661417323
0.853438356188	0.284600389864	604	15	81	0	159	0.208387942333
0.853792516908	0.285575048733	605	15	81	0	159	0.208115183246
0.856693410613	0.286549707602	606	15	81	0	159	0.207843137255
0.858702506149	0.287524366472	607	15	81	0	159	0.207571801567
0.860333286255	0.288499025341	608	15	81	0	159	0.207301173403
0.86402149568	0.288499025341	609	15	81	0	159	0.20703125
0.868626209238	0.289473684211	610	15	81	0	159	0.206762028609
0.870739259308	0.289473684211	611	15	81	0	159	0.206493506494
0.871159671341	0.29044834308	612	15	81	0	159	0.206225680934
0.87174837081	0.291423001949	613	15	81	0	159	0.205958549223
0.872615960565	0.292397660819	614	15	81	0	159	0.205692108668
0.872876283054	0.293372319688	615	15	81	0	159	0.205426356589
0.872896055786	0.293372319688	616	15	81	0	159	0.205161290323
0.873014877261	0.294346978558	617	15	81	0	159	0.204896907216
0.873508716932	0.294346978558	618	15	81	0	159	0.204633204633
0.873858486625	0.293372319688	619	15	81	0	159	0.204370179949
0.877058374803	0.294346978558	620	15	81	0	159	0.204107830552
0.878452803579	0.295321637427	621	15	81	0	159	0.203846153846
0.879658936384	0.296296296296	622	15	81	0	159	0.203585147247
0.8812072068	0.296296296296	623	15	81	0	159	0.203324808184
0.881379143168	0.297270955166	624	15	81	0	159	0.2030651341
0.882536392687	0.296296296296	625	15	81	0	159	0.202806122449
0.883408915375	0.297270955166	626	15	81	0	159	0.202547770701
0.88386374366	0.298245614035	627	15	81	0	159	0.202290076336
0.884669257313	0.299220272904	628	15	81	0	159	0.202033036849
0.884919414242	0.300194931774	629	15	81	0	159	0.201776649746
0.885245808176	0.301169590643	630	15	81	0	159	0.201520912548
0.889023403545	0.300194931774	631	15	81	0	159	0.201265822785
0.889283908449	0.301169590643	632	15	81	0	159	0.201011378003
0.889513031704	0.302144249513	633	15	81	0	159	0.200757575758
0.889644333599	0.301169590643	634	15	81	0	159	0.200504413619
0.890597872072	0.302144249513	635	15	81	0	159	0.200251889169
0.891055127712	0.303118908382	636	15	81	0	159	0.2
0.891837338691	0.304093567251	637	15	81	0	159	0.199748743719
0.892262659115	0.305068226121	638	15	81	0	159	0.199498117942
0.892839073953	0.30604288499	639	15	81	0	159	0.199248120301
0.893489256387	0.30701754386	640	15	81	0	159	0.198998748436
0.897277928627	0.307992202729	641	15	81	0	159	0.19875
0.897609446162	0.308966861598	642	15	81	0	159	0.198501872659
0.902609094859	0.309941520468	643	15	81	0	159	0.19825436409
0.902777795754	0.310916179337	644	15	81	0	159	0.19800747198
0.903866295523	0.311890838207	645	15	81	0	159	0.19776119403
0.908263254136	0.312865497076	646	15	81	0	159	0.19751552795
0.908928208177	0.311890838207	647	15	81	0	159	0.197270471464
0.909446741941	0.312865497076	648	15	81	0	159	0.197026022305
0.912045445245	0.313840155945	649	15	81	0	159	0.196782178218
0.912501082165	0.314814814815	650	15	81	0	159	0.196538936959
0.917604036669	0.313840155945	651	15	81	0	159	0.196296296296
0.919256934784	0.312865497076	652	15	81	0	159	0.196054254007
0.922755291651	0.313840155945	653	15	81	0	159	0.195812807882
0.922903198368	0.314814814815	654	15	81	0	159	0.19557195572
0.925016885575	0.313840155945	655	15	81	0	159	0.195331695332
0.926735116495	0.314814814815	656	15	81	0	159	0.19509202454
0.927297275495	0.315789473684	657	15	81	0	159	0.194852941176
0.928560822658	0.314814814815	658	15	81	0	159	0.194614443084
0.929269520252	0.315789473684	659	15	81	0	159	0.194376528117
0.929703097607	0.316764132554	660	15	81	0	159	0.194139194139
0.929736171348	0.317738791423	661	15	81	0	159	0.193902439024
0.930018590189	0.318713450292	662	15	81	0	159	0.193666260658
0.932884415054	0.318713450292	663	15	81	0	159	0.193430656934
0.933005901883	0.319688109162	664	15	81	0	159	0.193195625759
0.933108854522	0.320662768031	665	15	81	0	159	0.192961165049
0.933147019066	0.320662768031	666	15	81	0	159	0.192727272727
0.935701096141	0.321637426901	667	15	81	0	159	0.192493946731
0.93699917439	0.32261208577	668	15	81	0	159	0.192261185006
0.937770610532	0.263157894737	668	16	126	0	220	0.247747747748
0.939294305046	0.264132553606	669	16	126	0	220	0.247469066367
0.940078234857	0.265107212476	670	16	126	0	220	0.247191011236
0.941412143906	0.266081871345	671	16	126	0	220	0.246913580247
0.941516922034	0.267056530214	672	16	126	0	220	0.2466367713
0.941640821928	0.268031189084	673	16	126	0	220	0.246360582307
0.944188219505	0.267056530214	674	16	126	0	220	0.246085011186
0.944205985571	0.268031189084	675	16	126	0	220	0.245810055866
0.94441903641	0.269005847953	676	16	126	0	220	0.245535714286
0.946094389229	0.269980506823	677	16	126	0	220	0.245261984392
0.948248749513	0.270955165692	678	16	126	0	220	0.244988864143
0.950425346067	0.271929824561	679	16	126	0	220	0.244716351502
0.953408409222	0.270955165692	680	16	126	0	220	0.244444444444
0.954921909899	0.271929824561	681	16	126	0	220	0.244173140954
0.957307300716	0.272904483431	682	16	126	0	220	0.243902439024
0.957729877836	0.2738791423	683	16	126	0	220	0.243632336656
0.958259037472	0.27485380117	684	16	126	0	220	0.243362831858
0.959817774694	0.275828460039	685	16	126	0	220	0.243093922652
0.960840700712	0.276803118908	686	16	126	0	220	0.242825607064
0.96237146561	0.275828460039	687	16	126	0	220	0.242557883131
0.963213059217	0.276803118908	688	16	126	0	220	0.242290748899
0.964552568527	0.277777777778	689	16	126	0	220	0.24202420242
0.964838041815	0.277777777778	690	16	126	0	220	0.241758241758
0.967802794783	0.278752436647	691	16	126	0	220	0.241492864984
0.969595688917	0.279727095517	692	16	126	0	220	0.241228070175
0.970761604168	0.280701754386	693	16	126	0	220	0.240963855422
0.970997381826	0.281676413255	694	16	126	0	220	0.240700218818
0.971245586929	0.282651072125	695	16	126	0	220	0.24043715847
0.973429920128	0.283625730994	696	16	126	0	220	0.240174672489
0.975264072949	0.283625730994	697	16	126	0	220	0.239912758997
0.975396013542	0.284600389864	698	16	126	0	220	0.239651416122
0.97808840884	0.285575048733	699	16	126	0	220	0.239390642002
0.978598151086	0.286549707602	700	16	126	0	220	0.239130434783
0.979293824936	0.287524366472	701	16	126	0	220	0.238870792617
0.983881740296	0.287524366472	702	16	126	0	220	0.238611713666
0.984265561706	0.288499025341	703	16	126	0	220	0.2383531961
0.98484500314	0.288499025341	704	16	126	0	220	0.238095238095
0.984986680672	0.287524366472	705	16	126	0	220	0.237837837838
0.985975166411	0.287524366472	706	16	126	0	220	0.237580993521
0.987752640562	0.288499025341	707	16	126	0	220	0.237324703344
0.9881486558	0.289473684211	708	16	126	0	220	0.237068965517
0.988158443901	0.29044834308	709	16	126	0	220	0.236813778256
0.988972034304	0.291423001949	710	16	126	0	220	0.236559139785
0.989553438586	0.29044834308	711	16	126	0	220	0.236305048335
0.990043661145	0.291423001949	712	16	126	0	220	0.236051502146
0.993761800032	0.292397660819	713	16	126	0	220	0.235798499464
0.99572708242	0.293372319688	714	16	126	0	220	0.235546038544
0.995911270265	0.293372319688	715	16	126	0	220	0.235294117647
0.997249102217	0.293372319688	716	16	126	0	220	0.235042735043
0.997384883601	0.294346978558	717	16	126	0	220	0.234791889007
0.99873952656	0.294346978558	718	16	126	0	220	0.234541577825
1.00042368987	0.295321637427	719	16	126	0	220	0.234291799787
1.0014752193	0.295321637427	720	16	126	0	220	0.234042553191
1.00197147648	0.296296296296	721	16	126	0	220	0.233793836344
1.0024147915	0.297270955166	722	16	126	0	220	0.233545647558
1.00278731633	0.297270955166	723	16	126	0	220	0.233297985154
1.00428029058	0.297270955166	724	16	126	0	220	0.233050847458
1.0069568839	0.296296296296	725	16	126	0	220	0.232804232804
1.00751790096	0.297270955166	726	16	126	0	220	0.232558139535
1.01380420464	0.296296296296	727	16	126	0	220	0.232312565998
1.01761400382	0.297270955166	728	16	126	0	220	0.232067510549
1.01872902442	0.297270955166	729	16	126	0	220	0.231822971549
1.02061775203	0.298245614035	730	16	126	0	220	0.231578947368
1.02257324622	0.298245614035	731	16	126	0	220	0.231335436383
1.02768626869	0.299220272904	732	16	126	0	220	0.231092436975
1.02811367567	0.300194931774	733	16	126	0	220	0.230849947534
1.03019768237	0.300194931774	734	16	126	0	220	0.230607966457
1.03303751175	0.300194931774	735	16	126	0	220	0.230366492147
1.03580824902	0.301169590643	736	16	126	0	220	0.230125523013
1.03821930351	0.302144249513	737	16	126	0	220	0.229885057471
1.03867154484	0.303118908382	738	16	126	0	220	0.229645093946
1.03962404817	0.304093567251	739	16	126	0	220	0.229405630865
1.04123459272	0.305068226121	740	16	126	0	220	0.229166666667
1.04184879894	0.289473684211	740	17	45	0	236	0.241803278689
1.04523971211	0.29044834308	741	17	45	0	236	0.241555783009
1.04814818557	0.291423001949	742	17	45	0	236	0.241308793456
1.04855722445	0.292397660819	743	17	45	0	236	0.241062308478
1.04866095908	0.292397660819	744	17	45	0	236	0.240816326531
1.04896484752	0.293372319688	745	17	45	0	236	0.240570846075
1.05277986752	0.293372319688	746	17	45	0	236	0.24032586558
1.05296033608	0.294346978558	747	17	45	0	236	0.24008138352
1.05318013018	0.295321637427	748	17	45	0	236	0.239837398374
1.05349075812	0.296296296296	749	17	45	0	236	0.239593908629
1.0542223956	0.297270955166	750	17	45	0	236	0.239350912779
1.06063258943	0.298245614035	751	17	45	0	236	0.239108409321
1.0652837828	0.299220272904	752	17	45	0	236	0.238866396761
1.06659109492	0.300194931774	753	17	45	0	236	0.23862487361
1.06775514103	0.301169590643	754	17	45	0	236	0.238383838384
1.06828205415	0.302144249513	755	17	45	0	236	0.238143289606
1.06947627617	0.303118908382	756	17	45	0	236	0.237903225806
1.06988109776	0.304093567251	757	17	45	0	236	0.237663645519
1.0699791563	0.304093567251	758	17	45	0	236	0.237424547284
1.0707076272	0.303118908382	759	17	45	0	236	0.237185929648
1.07137845646	0.303118908382	760	17	45	0	236	0.236947791165
1.0742981687	0.304093567251	761	17	45	0	236	0.236710130391
1.07551208535	0.305068226121	762	17	45	0	236	0.236472945892
1.07674804801	0.30604288499	763	17	45	0	236	0.236236236236
1.08135616777	0.30604288499	764	17	45	0	236	0.236
1.08198991896	0.30701754386	765	17	45	0	236	0.235764235764
1.08303152122	0.307992202729	766	17	45	0	236	0.235528942116
1.08331323734	0.308966861598	767	17	45	0	236	0.235294117647
1.08488144179	0.309941520468	768	17	45	0	236	0.235059760956
1.08773616373	0.309941520468	769	17	45	0	236	0.234825870647
1.08891162043	0.309941520468	770	17	45	0	236	0.234592445328
1.08901959144	0.310916179337	771	17	45	0	236	0.234359483615
1.08910881561	0.311890838207	772	17	45	0	236	0.234126984127
1.09029674023	0.311890838207	773	17	45	0	236	0.233894945491
1.09041760171	0.312865497076	774	17	45	0	236	0.233663366337
1.09056805547	0.312865497076	775	17	45	0	236	0.233432245302
1.09089555476	0.313840155945	776	17	45	0	236	0.233201581028
1.09099066445	0.313840155945	777	17	45	0	236	0.232971372162
1.09134774499	0.313840155945	778	17	45	0	236	0.232741617357
1.09208745164	0.314814814815	779	17	45	0	236	0.232512315271
1.09815246237	0.315789473684	780	17	45	0	236	0.232283464567
1.1003195451	0.315789473684	781	17	45	0	236	0.232055063913
1.10093845099	0.316764132554	782	17	45	0	236	0.231827111984
1.10407383031	0.317738791423	783	17	45	0	236	0.231599607458
1.10481382913	0.317738791423	784	17	45	0	236	0.23137254902
1.10569881491	0.317738791423	785	17	45	0	236	0.231145935357
1.10631390598	0.317738791423	786	17	45	0	236	0.230919765166
1.10893809755	0.317738791423	787	17	45	0	236	0.230694037146
1.10893971424	0.297270955166	787	18	63	0	257	0.246168582375
1.11019005198	0.298245614035	788	18	63	0	257	0.245933014354
1.11124509835	0.299220272904	789	18	63	0	257	0.24569789675
1.1146134386	0.299220272904	790	18	63	0	257	0.245463228271
1.1151144282	0.300194931774	791	18	63	0	257	0.245229007634
1.11515747207	0.301169590643	792	18	63	0	257	0.244995233556
1.11517544491	0.300194931774	793	18	63	0	257	0.244761904762
1.11556216442	0.301169590643	794	18	63	0	257	0.244529019981
1.11710076616	0.302144249513	795	18	63	0	257	0.244296577947
1.11802779398	0.301169590643	796	18	63	0	257	0.244064577398
1.11813999788	0.301169590643	796	19	9	0	257	0.244064577398
1.11914581366	0.301169590643	797	19	9	0	257	0.243833017078
1.1195914677	0.302144249513	798	19	9	0	257	0.243601895735
1.12181425333	0.303118908382	799	19	9	0	257	0.243371212121
1.12361905509	0.302144249513	800	19	9	0	257	0.243140964995
1.12667202273	0.303118908382	801	19	9	0	257	0.242911153119
1.13239412448	0.304093567251	802	19	9	0	257	0.24268177526
1.13496180252	0.305068226121	803	19	9	0	257	0.242452830189
1.13781400035	0.304093567251	804	19	9	0	257	0.242224316682
1.13917685001	0.303118908382	805	19	9	0	257	0.241996233522
1.14060217864	0.304093567251	806	19	9	0	257	0.241768579492
1.14132750783	0.305068226121	807	19	9	0	257	0.241541353383
1.14383387545	0.305068226121	808	19	9	0	257	0.241314553991
1.1467377061	0.30604288499	809	19	9	0	257	0.241088180113
1.14922654509	0.30701754386	810	19	9	0	257	0.240862230553
1.15148268156	0.307992202729	811	19	9	0	257	0.24063670412
1.15151487493	0.307992202729	812	19	9	0	257	0.240411599626
1.15239989252	0.30701754386	813	19	9	0	257	0.240186915888
1.15307437926	0.30604288499	814	19	9	0	257	0.239962651727
1.1546966644	0.30701754386	815	19	9	0	257	0.23973880597
1.15527779156	0.307992202729	816	19	9	0	257	0.239515377446
1.15779615814	0.308966861598	817	19	9	0	257	0.239292364991
1.1582046663	0.309941520468	818	19	9	0	257	0.239069767442
1.16629998428	0.308966861598	819	19	9	0	257	0.238847583643
1.16756702451	0.309941520468	820	19	9	0	257	0.238625812442
1.16789767204	0.308966861598	821	19	9	0	257	0.23840445269
1.16818812218	0.309941520468	822	19	9	0	257	0.238183503244
1.16942229337	0.310916179337	823	19	9	0	257	0.237962962963
1.17383693333	0.310916179337	824	19	9	0	257	0.237742830712
1.1739402892	0.311890838207	825	19	9	0	257	0.23752310536
1.17406247095	0.312865497076	826	19	9	0	257	0.23730378578
1.17579700026	0.313840155945	827	19	9	0	257	0.237084870849
1.17829927964	0.314814814815	828	19	9	0	257	0.236866359447
1.17914523549	0.313840155945	829	19	9	0	257	0.23664825046
1.17935933723	0.313840155945	830	19	9	0	257	0.236430542778
1.17944864758	0.314814814815	831	19	9	0	257	0.236213235294
1.18011314683	0.313840155945	832	19	9	0	257	0.235996326905
1.18174729533	0.314814814815	833	19	9	0	257	0.235779816514
1.18749268019	0.315789473684	834	19	9	0	257	0.235563703025
1.18819867281	0.316764132554	835	19	9	0	257	0.235347985348
1.19174689251	0.316764132554	836	19	9	0	257	0.235132662397
1.1929386402	0.317738791423	837	19	9	0	257	0.23491773309
1.19671461587	0.317738791423	838	19	9	0	257	0.234703196347
1.19826661235	0.318713450292	839	19	9	0	257	0.234489051095
1.20020933259	0.317738791423	840	19	9	0	257	0.234275296263
1.20061016775	0.317738791423	841	19	9	0	257	0.234061930783
1.20104178383	0.318713450292	842	19	9	0	257	0.233848953594
1.20485817342	0.319688109162	843	19	9	0	257	0.233636363636
1.20782163688	0.319688109162	844	19	9	0	257	0.233424159855
1.20788391049	0.319688109162	845	19	9	0	257	0.233212341198
1.20879621657	0.320662768031	846	19	9	0	257	0.233000906618
1.20885802981	0.320662768031	847	19	9	0	257	0.232789855072
1.21020143277	0.320662768031	848	19	9	0	257	0.23257918552
1.21092742791	0.321637426901	849	19	9	0	257	0.232368896926
1.21263868535	0.32261208577	850	19	9	0	257	0.232158988257
1.21373412538	0.323586744639	851	19	9	0	257	0.231949458484
1.216518551	0.324561403509	852	19	9	0	257	0.231740306583
1.21841502929	0.325536062378	853	19	9	0	257	0.231531531532
1.2199982189	0.324561403509	854	19	9	0	257	0.231323132313
1.22180272557	0.325536062378	855	19	9	0	257	0.231115107914
1.22544589496	0.325536062378	856	19	9	0	257	0.230907457323
1.23009890436	0.326510721248	857	19	9	0	257	0.230700179533
1.23130833366	0.326510721248	858	19	9	0	257	0.230493273543
1.23182235859	0.327485380117	859	19	9	0	257	0.230286738351
1.23323319453	0.327485380117	860	19	9	0	257	0.230080572963
1.23360492043	0.328460038986	861	19	9	0	257	0.229874776386
1.23408144477	0.329434697856	862	19	9	0	257	0.229669347632
1.23418327784	0.330409356725	863	19	9	0	257	0.229464285714
1.23735289884	0.331384015595	864	19	9	0	257	0.229259589652
1.23796011655	0.332358674464	865	19	9	0	257	0.229055258467
1.23842859134	0.333333333333	866	19	9	0	257	0.228851291184
1.23953980416	0.332358674464	867	19	9	0	257	0.228647686833
1.24026968862	0.331384015595	868	19	9	0	257	0.228444444444
1.2414965784	0.331384015595	869	19	9	0	257	0.228241563055
1.24672323585	0.332358674464	870	19	9	0	257	0.228039041704
1.24921139411	0.332358674464	871	19	9	0	257	0.227836879433
1.24974258726	0.333333333333	872	19	9	0	257	0.227635075288
1.25102528287	0.332358674464	873	19	9	0	257	0.227433628319
1.25281968685	0.332358674464	874	19	9	0	257	0.227232537577
1.25389948732	0.312865497076	874	20	57	0	277	0.240660295395
1.25552891659	0.312865497076	875	20	57	0	277	0.240451388889
1.25555456726	0.313840155945	876	20	57	0	277	0.240242844753
1.25610961418	0.313840155945	877	20	57	0	277	0.240034662045
1.25661990281	0.314814814815	878	20	57	0	277	0.239826839827
1.25750209265	0.315789473684	879	20	57	0	277	0.239619377163
1.25887754529	0.314814814815	880	20	57	0	277	0.23941227312
1.26090684502	0.314814814815	881	20	57	0	277	0.23920552677
1.26106533282	0.315789473684	882	20	57	0	277	0.238999137187
1.26129923669	0.316764132554	883	20	57	0	277	0.238793103448
1.26289272325	0.316764132554	884	20	57	0	277	0.238587424634
1.26420350238	0.317738791423	885	20	57	0	277	0.238382099828
1.26609562442	0.317738791423	886	20	57	0	277	0.238177128117
1.26804081785	0.317738791423	887	20	57	0	277	0.237972508591
1.26823396143	0.318713450292	888	20	57	0	277	0.237768240343
1.26848109232	0.317738791423	889	20	57	0	277	0.23756432247
1.27294541801	0.318713450292	890	20	57	0	277	0.23736075407
1.27383395252	0.319688109162	891	20	57	0	277	0.237157534247
1.27436029905	0.319688109162	892	20	57	0	277	0.236954662104
1.27474764043	0.320662768031	893	20	57	0	277	0.236752136752
1.27486118065	0.321637426901	894	20	57	0	277	0.236549957301
1.27801164147	0.317738791423	894	21	15	0	281	0.23914893617
1.27809660665	0.318713450292	895	21	15	0	281	0.238945578231
1.27904275142	0.317738791423	896	21	15	0	281	0.238742565845
1.28023295142	0.317738791423	897	21	15	0	281	0.238539898132
1.28207344196	0.318713450292	898	21	15	0	281	0.238337574215
1.28449012424	0.318713450292	899	21	15	0	281	0.23813559322
1.28459524543	0.317738791423	900	21	15	0	281	0.237933954276
1.28568414466	0.318713450292	901	21	15	0	281	0.237732656514
1.28625141474	0.318713450292	902	21	15	0	281	0.23753169907
1.29009925501	0.319688109162	903	21	15	0	281	0.237331081081
1.29037081344	0.318713450292	904	21	15	0	281	0.237130801688
1.29074933131	0.319688109162	905	21	15	0	281	0.236930860034
1.29104980067	0.320662768031	906	21	15	0	281	0.236731255265
1.29131951398	0.321637426901	907	21	15	0	281	0.236531986532
1.29180889471	0.32261208577	908	21	15	0	281	0.236333052986
1.29728188226	0.323586744639	909	21	15	0	281	0.236134453782
1.30154228481	0.32261208577	910	21	15	0	281	0.235936188077
1.30426755045	0.32261208577	911	21	15	0	281	0.235738255034
1.30591331352	0.323586744639	912	21	15	0	281	0.235540653814
1.30645944692	0.324561403509	913	21	15	0	281	0.235343383585
1.30745634392	0.325536062378	914	21	15	0	281	0.235146443515
1.30821461131	0.326510721248	915	21	15	0	281	0.234949832776
1.30877194935	0.327485380117	916	21	15	0	281	0.234753550543
1.30914320061	0.328460038986	917	21	15	0	281	0.234557595993
1.31016532425	0.329434697856	918	21	15	0	281	0.234361968307
1.31081567028	0.328460038986	919	21	15	0	281	0.234166666667
1.31285388574	0.328460038986	920	21	15	0	281	0.233971690258
1.3144523262	0.328460038986	921	21	15	0	281	0.23377703827
1.31573395646	0.329434697856	922	21	15	0	281	0.233582709892
1.31588707325	0.330409356725	923	21	15	0	281	0.233388704319
1.31604011059	0.304093567251	923	22	63	0	308	0.250203086921
1.31731730881	0.305068226121	924	22	63	0	308	0.25
1.31766777953	0.30604288499	925	22	63	0	308	0.249797242498
1.31818741628	0.30604288499	926	22	63	0	308	0.249594813614
1.31837000637	0.30701754386	927	22	63	0	308	0.249392712551
1.31975482789	0.30701754386	928	22	63	0	308	0.249190938511
1.32367983944	0.307992202729	929	22	63	0	308	0.248989490703
1.32556264081	0.308966861598	930	22	63	0	308	0.248788368336
1.32619192123	0.308966861598	931	22	63	0	308	0.248587570621
1.32684309775	0.308966861598	932	22	63	0	308	0.248387096774
1.32734499911	0.309941520468	933	22	63	0	308	0.248186946011
1.32764650101	0.310916179337	934	22	63	0	308	0.247987117552
1.32814947507	0.311890838207	935	22	63	0	308	0.247787610619
1.32848278134	0.311890838207	936	22	63	0	308	0.247588424437
1.32968517259	0.312865497076	937	22	63	0	308	0.247389558233
1.33012646343	0.313840155945	938	22	63	0	308	0.247191011236
1.3324732499	0.314814814815	939	22	63	0	308	0.246992782678
1.33255808776	0.315789473684	940	22	63	0	308	0.246794871795
1.33484073371	0.316764132554	941	22	63	0	308	0.246597277822
1.34130893792	0.316764132554	942	22	63	0	308	0.2464
1.34244682702	0.317738791423	943	22	63	0	308	0.24620303757
1.34425420685	0.317738791423	944	22	63	0	308	0.246006389776
1.34551710929	0.316764132554	945	22	63	0	308	0.245810055866
1.34697709786	0.317738791423	946	22	63	0	308	0.245614035088
1.34726824835	0.318713450292	947	22	63	0	308	0.245418326693
1.34934636253	0.319688109162	948	22	63	0	308	0.245222929936
1.349695211	0.320662768031	949	22	63	0	308	0.245027844073
1.35018164108	0.321637426901	950	22	63	0	308	0.244833068362
1.35087058759	0.32261208577	951	22	63	0	308	0.244638602065
1.3526452208	0.323586744639	952	22	63	0	308	0.244444444444
1.35409001498	0.324561403509	953	22	63	0	308	0.244250594766
1.35432857028	0.325536062378	954	22	63	0	308	0.244057052298
1.35463434116	0.326510721248	955	22	63	0	308	0.24386381631
1.35472044266	0.327485380117	956	22	63	0	308	0.243670886076
1.36092281839	0.328460038986	957	22	63	0	308	0.24347826087
1.36265365359	0.329434697856	958	22	63	0	308	0.243285939968
1.36640582268	0.330409356725	959	22	63	0	308	0.243093922652
1.36755116498	0.331384015595	960	22	63	0	308	0.242902208202
1.36822701691	0.332358674464	961	22	63	0	308	0.242710795902
1.36916041653	0.331384015595	962	22	63	0	308	0.242519685039
1.37132267825	0.330409356725	963	22	63	0	308	0.242328874902
1.37214960406	0.331384015595	964	22	63	0	308	0.24213836478
1.3737243148	0.332358674464	965	22	63	0	308	0.241948153967
1.37377541576	0.333333333333	966	22	63	0	308	0.241758241758
1.37545980735	0.334307992203	967	22	63	0	308	0.241568627451
1.37763737503	0.335282651072	968	22	63	0	308	0.241379310345
1.37849841146	0.336257309942	969	22	63	0	308	0.241190289742
1.37893850222	0.337231968811	970	22	63	0	308	0.241001564945
1.37933729913	0.336257309942	971	22	63	0	308	0.240813135262
1.38048426246	0.337231968811	972	22	63	0	308	0.240625
1.38245666156	0.33820662768	973	22	63	0	308	0.24043715847
1.38398696691	0.33820662768	974	22	63	0	308	0.240249609984
1.38493201851	0.33918128655	975	22	63	0	308	0.240062353858
1.38546683392	0.340155945419	976	22	63	0	308	0.239875389408
1.38681453826	0.340155945419	977	22	63	0	308	0.239688715953
1.38971740181	0.340155945419	978	22	63	0	308	0.239502332815
1.39277853245	0.341130604288	979	22	63	0	308	0.239316239316
1.39300404557	0.342105263158	980	22	63	0	308	0.239130434783
1.39391275147	0.341130604288	981	22	63	0	308	0.238944918542
1.39429529165	0.342105263158	982	22	63	0	308	0.238759689922
1.39489470575	0.342105263158	983	22	63	0	308	0.238574748257
1.40088411638	0.342105263158	984	22	63	0	308	0.238390092879
1.40462393822	0.343079922027	985	22	63	0	308	0.238205723125
1.40616835335	0.344054580897	986	22	63	0	308	0.238021638331
1.40652476699	0.345029239766	987	22	63	0	308	0.237837837838
1.40765700101	0.346003898635	988	22	63	0	308	0.237654320988
1.40945743158	0.345029239766	989	22	63	0	308	0.237471087124
1.41185397819	0.346003898635	990	22	63	0	308	0.237288135593
1.41346113934	0.346978557505	991	22	63	0	308	0.237105465743
1.41549210422	0.347953216374	992	22	63	0	308	0.236923076923
1.41576937914	0.348927875244	993	22	63	0	308	0.236740968486
1.41622916881	0.348927875244	994	22	63	0	308	0.236559139785
1.41927183928	0.349902534113	995	22	63	0	308	0.236377590177
1.42070542529	0.350877192982	996	22	63	0	308	0.236196319018
1.42214553262	0.351851851852	997	22	63	0	308	0.23601532567
1.42288113695	0.352826510721	998	22	63	0	308	0.235834609495
1.43274766603	0.353801169591	999	22	63	0	308	0.235654169855
1.4343780608	0.35477582846	1000	22	63	0	308	0.235474006116
1.43482216355	0.35477582846	1001	22	63	0	308	0.235294117647
1.43585650828	0.355750487329	1002	22	63	0	308	0.235114503817
1.43656938883	0.35477582846	1003	22	63	0	308	0.234935163997
1.43692944992	0.355750487329	1004	22	63	0	308	0.234756097561
1.43752704608	0.35477582846	1005	22	63	0	308	0.234577303884
1.43790937072	0.355750487329	1006	22	63	0	308	0.234398782344
1.43876562296	0.356725146199	1007	22	63	0	308	0.234220532319
1.44124830995	0.357699805068	1008	22	63	0	308	0.234042553191
1.44190650086	0.356725146199	1009	22	63	0	308	0.233864844343
1.44266125561	0.355750487329	1010	22	63	0	308	0.233687405159
1.44281633356	0.355750487329	1011	22	63	0	308	0.233510235027
1.44301482602	0.356725146199	1012	22	63	0	308	0.233333333333
1.4434755709	0.355750487329	1013	22	63	0	308	0.23315669947
1.44371466281	0.356725146199	1014	22	63	0	308	0.232980332829
1.44417507101	0.356725146199	1015	22	63	0	308	0.232804232804
1.44592751442	0.357699805068	1016	22	63	0	308	0.232628398792
1.44606547863	0.357699805068	1017	22	63	0	308	0.232452830189
1.44803782102	0.358674463938	1018	22	63	0	308	0.232277526395
1.45210786142	0.357699805068	1019	22	63	0	308	0.232102486812
1.45331565058	0.358674463938	1020	22	63	0	308	0.231927710843
1.45372195752	0.358674463938	1021	22	63	0	308	0.231753197893
1.45511021252	0.353801169591	1021	23	12	0	313	0.234632683658
1.45862497208	0.35477582846	1022	23	12	0	313	0.234456928839
1.46086232649	0.33820662768	1022	24	51	0	330	0.244082840237
1.46371485911	0.33918128655	1023	24	51	0	330	0.243902439024
1.46378159706	0.335282651072	1023	25	33	0	334	0.246131171702
1.46601784318	0.335282651072	1024	25	33	0	334	0.245949926362
1.46762282394	0.336257309942	1025	25	33	0	334	0.245768947756
1.46892443871	0.337231968811	1026	25	33	0	334	0.245588235294
1.47093501588	0.337231968811	1027	25	33	0	334	0.245407788391
1.47242323713	0.33820662768	1028	25	33	0	334	0.245227606461
1.47384132121	0.33820662768	1029	25	33	0	334	0.245047688921
1.47385148701	0.33918128655	1030	25	33	0	334	0.244868035191
1.47491976098	0.33820662768	1031	25	33	0	334	0.244688644689
1.4766220767	0.334307992203	1031	26	27	0	338	0.246895544193
1.47880189475	0.335282651072	1032	26	27	0	338	0.246715328467
1.48322859356	0.336257309942	1033	26	27	0	338	0.246535375638
1.4842802195	0.337231968811	1034	26	27	0	338	0.246355685131
1.4862185487	0.337231968811	1035	26	27	0	338	0.246176256373
1.48777675434	0.336257309942	1036	26	27	0	338	0.245997088792
1.48997959736	0.335282651072	1037	26	27	0	338	0.245818181818
1.49060789153	0.336257309942	1038	26	27	0	338	0.245639534884
1.49153511796	0.337231968811	1039	26	27	0	338	0.245461147422
1.49163773867	0.33820662768	1040	26	27	0	338	0.245283018868
1.49181944218	0.33918128655	1041	26	27	0	338	0.245105148658
1.49305655523	0.340155945419	1042	26	27	0	338	0.244927536232
1.49339069501	0.341130604288	1043	26	27	0	338	0.244750181028
1.49391401981	0.341130604288	1044	26	27	0	338	0.244573082489
1.49419411507	0.342105263158	1045	26	27	0	338	0.244396240058
1.49437919755	0.341130604288	1046	26	27	0	338	0.244219653179
1.49799767779	0.341130604288	1047	26	27	0	338	0.2440433213
1.4987531018	0.341130604288	1048	26	27	0	338	0.243867243867
1.49920499574	0.340155945419	1049	26	27	0	338	0.243691420332
1.50009265034	0.340155945419	1050	26	27	0	338	0.243515850144
1.50354592325	0.33918128655	1051	26	27	0	338	0.243340532757
1.50532714787	0.340155945419	1052	26	27	0	338	0.243165467626
1.50819045164	0.341130604288	1053	26	27	0	338	0.242990654206
1.50842496293	0.342105263158	1054	26	27	0	338	0.242816091954
1.51054552629	0.341130604288	1055	26	27	0	338	0.24264178033
1.51238277432	0.342105263158	1056	26	27	0	338	0.242467718795
1.51301308217	0.342105263158	1057	26	27	0	338	0.24229390681
1.51427630822	0.342105263158	1058	26	27	0	338	0.24212034384
1.51443194592	0.343079922027	1059	26	27	0	338	0.241947029349
1.51507658556	0.344054580897	1060	26	27	0	338	0.241773962804
1.51632915339	0.345029239766	1061	26	27	0	338	0.241601143674
1.51909593548	0.346003898635	1062	26	27	0	338	0.241428571429
1.52000018705	0.345029239766	1063	26	27	0	338	0.241256245539
1.52072279245	0.345029239766	1064	26	27	0	338	0.241084165478
1.52156606657	0.346003898635	1065	26	27	0	338	0.24091233072
1.52504121731	0.346003898635	1066	26	27	0	338	0.240740740741
1.52833312875	0.346003898635	1067	26	27	0	338	0.240569395018
1.52839259667	0.346003898635	1068	26	27	0	338	0.24039829303
1.53204167634	0.346978557505	1069	26	27	0	338	0.240227434257
