# time 	 divergence 	 # of mutations 	 # IGC chances 	 IGC length 	 # IGC failures 	 Changes due to IGC  	 % change due to IGC 
0.0	0.034188034188	0	0	0	0	0	0.0
0.00168535980416	0.034188034188	0	1	3	0	0	0.0
0.00178095772255	0.034188034188	0	2	3	0	0	0.0
0.00199040839242	0.034188034188	0	3	3	0	0	0.0
0.00209290557946	0.0320512820513	0	4	3	0	1	1.0
0.00239880014607	0.0277777777778	0	5	3	0	3	1.0
0.00327012906913	0.0277777777778	0	6	3	0	3	1.0
0.00364040842077	0.025641025641	0	7	3	0	4	1.0
0.00434037672194	0.0277777777778	1	7	3	0	4	0.8
0.00447352008829	0.0277777777778	1	8	3	0	4	0.8
0.0045935140688	0.0277777777778	1	9	3	0	4	0.8
0.0050074348267	0.0277777777778	1	10	3	0	4	0.8
0.00507444904717	0.0277777777778	1	11	3	0	4	0.8
0.00510144189244	0.0277777777778	1	12	3	0	4	0.8
0.00563200411014	0.0299145299145	2	12	3	0	4	0.666666666667
0.0057683750213	0.0299145299145	2	13	3	0	4	0.666666666667
0.00582203446228	0.0299145299145	2	14	3	0	4	0.666666666667
0.00632488802744	0.0299145299145	2	15	3	0	4	0.666666666667
0.00678141936702	0.0299145299145	2	16	3	0	4	0.666666666667
0.00679646893075	0.0299145299145	2	17	3	0	4	0.666666666667
0.00687866811994	0.0299145299145	2	18	3	0	4	0.666666666667
0.00693404410393	0.0299145299145	2	19	3	0	4	0.666666666667
0.00700676359032	0.0299145299145	2	20	3	0	4	0.666666666667
0.00703520948827	0.0299145299145	2	21	3	0	4	0.666666666667
0.00723309084962	0.0299145299145	2	22	3	0	4	0.666666666667
0.00784325920971	0.0320512820513	3	22	3	0	4	0.571428571429
0.0078598503014	0.0320512820513	3	23	3	0	4	0.571428571429
0.0078663856965	0.034188034188	4	23	3	0	4	0.5
0.00818427910207	0.034188034188	4	24	3	0	4	0.5
0.00839641309343	0.0320512820513	4	25	3	0	5	0.555555555556
