# time 	 divergence 	 # of mutations 	 # IGC chances 	 IGC length 	 # IGC failures 	 Changes due to IGC  	 % change due to IGC 
0.0	0.477419354839	0	0	0	0	0	0.0
0.00236746442671	0.477419354839	1	0	0	0	0	0.0
0.00360471388904	0.477419354839	2	0	0	0	0	0.0
0.00404968609866	0.478494623656	3	0	0	0	0	0.0
0.00410347626841	0.478494623656	4	0	0	0	0	0.0
0.00496776345947	0.478494623656	5	0	0	0	0	0.0
0.00531928481072	0.478494623656	6	0	0	0	0	0.0
0.00554371448572	0.479569892473	7	0	0	0	0	0.0
0.00640948626926	0.479569892473	8	0	0	0	0	0.0
0.00655740653053	0.479569892473	9	0	0	0	0	0.0
0.00930759137623	0.48064516129	10	0	0	0	0	0.0
0.010719955272	0.481720430108	11	0	0	0	0	0.0
0.0148162850486	0.481720430108	12	0	0	0	0	0.0
0.0170119961087	0.48064516129	13	0	0	0	0	0.0
0.0175065752839	0.481720430108	14	0	0	0	0	0.0
0.0186195695502	0.481720430108	15	0	0	0	0	0.0
0.0207778991866	0.481720430108	16	0	0	0	0	0.0
0.0224041284068	0.482795698925	17	0	0	0	0	0.0
0.0256024330101	0.483870967742	18	0	0	0	0	0.0
0.026740236321	0.484946236559	19	0	0	0	0	0.0
0.0268972707019	0.483870967742	20	0	0	0	0	0.0
0.0269920068521	0.483870967742	21	0	0	0	0	0.0
0.0270234209278	0.483870967742	22	0	0	0	0	0.0
0.0271413078886	0.482795698925	23	0	0	0	0	0.0
0.0286974620162	0.482795698925	24	0	0	0	0	0.0
0.03322556474	0.482795698925	25	0	0	0	0	0.0
0.0339946115624	0.483870967742	26	0	0	0	0	0.0
0.0347489340191	0.484946236559	27	0	0	0	0	0.0
0.036867006967	0.483870967742	28	0	0	0	0	0.0
0.0376280883992	0.482795698925	29	0	0	0	0	0.0
0.0393050052355	0.482795698925	30	0	0	0	0	0.0
0.0424020915467	0.482795698925	31	0	0	0	0	0.0
0.0429456115287	0.483870967742	32	0	0	0	0	0.0
0.045261760979	0.484946236559	33	0	0	0	0	0.0
0.0456045027477	0.484946236559	34	0	0	0	0	0.0
0.048587539896	0.484946236559	35	0	0	0	0	0.0
0.0516141265118	0.486021505376	36	0	0	0	0	0.0
0.0532291714603	0.487096774194	37	0	0	0	0	0.0
0.0547577905152	0.487096774194	38	0	0	0	0	0.0
0.0576134362394	0.486021505376	39	0	0	0	0	0.0
0.0604727334214	0.487096774194	40	0	0	0	0	0.0
0.06084309609	0.488172043011	41	0	0	0	0	0.0
0.0628467853786	0.488172043011	42	0	0	0	0	0.0
0.0632853549952	0.489247311828	43	0	0	0	0	0.0
0.0660208226961	0.490322580645	44	0	0	0	0	0.0
0.0666954458985	0.490322580645	45	0	0	0	0	0.0
0.0682857097227	0.489247311828	46	0	0	0	0	0.0
0.0685796983553	0.490322580645	47	0	0	0	0	0.0
0.0697698630836	0.490322580645	48	0	0	0	0	0.0
0.0710506671134	0.491397849462	49	0	0	0	0	0.0
0.0715841891647	0.490322580645	50	0	0	0	0	0.0
0.072394592011	0.490322580645	51	0	0	0	0	0.0
0.0749801800583	0.491397849462	52	0	0	0	0	0.0
0.0762003186052	0.49247311828	53	0	0	0	0	0.0
0.07703562017	0.49247311828	54	0	0	0	0	0.0
0.0780099933819	0.491397849462	55	0	0	0	0	0.0
0.0794490143591	0.491397849462	56	0	0	0	0	0.0
0.0814182877332	0.490322580645	57	0	0	0	0	0.0
0.0830347398985	0.491397849462	58	0	0	0	0	0.0
0.0838977248357	0.490322580645	59	0	0	0	0	0.0
0.0861042240763	0.490322580645	60	0	0	0	0	0.0
0.087599027923	0.490322580645	61	0	0	0	0	0.0
0.0896617740393	0.491397849462	62	0	0	0	0	0.0
0.0934968344879	0.49247311828	63	0	0	0	0	0.0
0.0938063289897	0.491397849462	64	0	0	0	0	0.0
0.0958419862541	0.49247311828	65	0	0	0	0	0.0
0.100659536477	0.493548387097	66	0	0	0	0	0.0
0.103071298243	0.493548387097	67	0	0	0	0	0.0
0.105431477626	0.494623655914	68	0	0	0	0	0.0
0.105737420596	0.493548387097	69	0	0	0	0	0.0
0.106525750915	0.493548387097	70	0	0	0	0	0.0
0.108641498244	0.49247311828	71	0	0	0	0	0.0
0.109706853093	0.491397849462	72	0	0	0	0	0.0
0.110676642627	0.490322580645	73	0	0	0	0	0.0
0.110910136107	0.490322580645	74	0	0	0	0	0.0
0.110912393807	0.489247311828	75	0	0	0	0	0.0
0.111915198534	0.489247311828	76	0	0	0	0	0.0
0.112349002823	0.489247311828	77	0	0	0	0	0.0
0.113560065066	0.488172043011	78	0	0	0	0	0.0
0.114025419568	0.488172043011	79	0	0	0	0	0.0
0.115016837634	0.489247311828	80	0	0	0	0	0.0
0.119209380667	0.489247311828	81	0	0	0	0	0.0
0.119354356898	0.489247311828	82	0	0	0	0	0.0
0.120782724193	0.490322580645	83	0	0	0	0	0.0
0.122018326501	0.491397849462	84	0	0	0	0	0.0
0.122345808181	0.49247311828	85	0	0	0	0	0.0
0.123403355925	0.49247311828	86	0	0	0	0	0.0
0.126791217157	0.493548387097	87	0	0	0	0	0.0
0.1320394626	0.493548387097	88	0	0	0	0	0.0
0.13247703826	0.493548387097	89	0	0	0	0	0.0
0.132550333019	0.494623655914	90	0	0	0	0	0.0
0.1327918105	0.495698924731	91	0	0	0	0	0.0
0.134181546878	0.495698924731	92	0	0	0	0	0.0
0.136707440595	0.496774193548	93	0	0	0	0	0.0
0.138566070368	0.497849462366	94	0	0	0	0	0.0
0.139548035008	0.497849462366	95	0	0	0	0	0.0
0.140107381655	0.497849462366	96	0	0	0	0	0.0
0.144365990018	0.497849462366	97	0	0	0	0	0.0
0.145596286467	0.498924731183	98	0	0	0	0	0.0
0.14683810342	0.498924731183	99	0	0	0	0	0.0
0.149894698253	0.497849462366	100	0	0	0	0	0.0
0.150226279411	0.496774193548	101	0	0	0	0	0.0
0.152132532227	0.496774193548	102	0	0	0	0	0.0
0.154209291489	0.496774193548	103	0	0	0	0	0.0
0.156616686291	0.496774193548	104	0	0	0	0	0.0
0.159955204637	0.497849462366	105	0	0	0	0	0.0
0.160518697175	0.496774193548	106	0	0	0	0	0.0
0.162441690142	0.497849462366	107	0	0	0	0	0.0
0.164601877631	0.497849462366	108	0	0	0	0	0.0
0.167819718369	0.496774193548	109	0	0	0	0	0.0
0.169927473817	0.496774193548	110	0	0	0	0	0.0
0.171620327991	0.496774193548	111	0	0	0	0	0.0
0.172213919266	0.496774193548	112	0	0	0	0	0.0
0.176605389964	0.496774193548	113	0	0	0	0	0.0
0.176888884201	0.497849462366	114	0	0	0	0	0.0
0.177405687532	0.497849462366	115	0	0	0	0	0.0
0.179305338855	0.497849462366	116	0	0	0	0	0.0
0.179487820932	0.497849462366	117	0	0	0	0	0.0
0.182268867299	0.497849462366	118	0	0	0	0	0.0
0.184956903025	0.498924731183	119	0	0	0	0	0.0
0.186105791955	0.5	120	0	0	0	0	0.0
0.186562685078	0.5	121	0	0	0	0	0.0
0.189428461353	0.5	122	0	0	0	0	0.0
0.190902205099	0.501075268817	123	0	0	0	0	0.0
0.19254475941	0.5	124	0	0	0	0	0.0
0.193213026307	0.501075268817	125	0	0	0	0	0.0
0.197491864193	0.501075268817	126	0	0	0	0	0.0
0.200439295482	0.5	127	0	0	0	0	0.0
0.200888540835	0.498924731183	128	0	0	0	0	0.0
0.204967494495	0.5	129	0	0	0	0	0.0
0.213076874142	0.501075268817	130	0	0	0	0	0.0
0.213135013423	0.502150537634	131	0	0	0	0	0.0
0.214476413249	0.501075268817	132	0	0	0	0	0.0
0.216854088234	0.5	133	0	0	0	0	0.0
0.217128181636	0.5	134	0	0	0	0	0.0
0.218155675923	0.498924731183	135	0	0	0	0	0.0
0.220080028726	0.498924731183	136	0	0	0	0	0.0
0.225253986377	0.5	137	0	0	0	0	0.0
0.22814434309	0.498924731183	138	0	0	0	0	0.0
0.230272372852	0.5	139	0	0	0	0	0.0
0.230736584453	0.501075268817	140	0	0	0	0	0.0
0.233127636386	0.501075268817	141	0	0	0	0	0.0
0.237535803885	0.5	142	0	0	0	0	0.0
0.238851123454	0.5	143	0	0	0	0	0.0
0.239805034489	0.498924731183	144	0	0	0	0	0.0
0.241352124302	0.498924731183	145	0	0	0	0	0.0
0.243554133539	0.5	146	0	0	0	0	0.0
0.243724798987	0.5	147	0	0	0	0	0.0
0.2458914229	0.5	148	0	0	0	0	0.0
0.246250683348	0.501075268817	149	0	0	0	0	0.0
0.246687587996	0.5	150	0	0	0	0	0.0
0.247211041294	0.501075268817	151	0	0	0	0	0.0
0.248942055945	0.501075268817	152	0	0	0	0	0.0
0.25243389376	0.501075268817	153	0	0	0	0	0.0
0.256101287994	0.502150537634	154	0	0	0	0	0.0
0.25612859776	0.502150537634	155	0	0	0	0	0.0
0.257113430405	0.501075268817	156	0	0	0	0	0.0
0.257971849392	0.501075268817	157	0	0	0	0	0.0
