# time 	 divergence 	 # of mutations 	 # IGC chances 	 IGC length 	 # IGC failures 	 Changes due to IGC  	 % change due to IGC 
0.0	0.247563352827	0	0	0	0	0	0.0
7.79944829238e-05	0.248538011696	1	0	0	0	0	0.0
0.000520770980085	0.249512670565	2	0	0	0	0	0.0
0.000529247530024	0.250487329435	3	0	0	0	0	0.0
0.000653658617612	0.251461988304	4	0	0	0	0	0.0
0.00154680403615	0.250487329435	4	1	3	0	1	0.2
0.00170759367139	0.250487329435	5	1	3	0	1	0.166666666667
0.0020022036322	0.248538011696	5	2	3	0	3	0.375
0.00356794435561	0.247563352827	5	3	3	0	4	0.444444444444
0.00367565424126	0.247563352827	5	4	3	0	4	0.444444444444
0.00455088125708	0.248538011696	6	4	3	0	4	0.4
0.00464310401548	0.249512670565	7	4	3	0	4	0.363636363636
0.00827184173577	0.250487329435	8	4	3	0	4	0.333333333333
0.00953377531324	0.251461988304	9	4	3	0	4	0.307692307692
0.00956242827175	0.250487329435	9	5	3	0	5	0.357142857143
0.0102629362483	0.250487329435	9	6	3	0	5	0.357142857143
0.0120325833746	0.251461988304	10	6	3	0	5	0.333333333333
0.0125192644863	0.251461988304	10	7	3	0	5	0.333333333333
0.0128035258586	0.252436647173	11	7	3	0	5	0.3125
0.0130732244816	0.253411306043	12	7	3	0	5	0.294117647059
0.0151832880011	0.252436647173	12	8	3	0	6	0.333333333333
0.0157576102496	0.251461988304	12	9	3	0	7	0.368421052632
0.0160020419026	0.252436647173	13	9	3	0	7	0.35
0.0176398264684	0.253411306043	14	9	3	0	7	0.333333333333
0.0177478674421	0.254385964912	15	9	3	0	7	0.318181818182
0.020410724983	0.255360623782	16	9	3	0	7	0.304347826087
0.0217912851349	0.255360623782	17	9	3	0	7	0.291666666667
0.0221693131917	0.256335282651	18	9	3	0	7	0.28
0.022352017016	0.25730994152	19	9	3	0	7	0.269230769231
0.0227260069451	0.25828460039	20	9	3	0	7	0.259259259259
0.0245651958824	0.25828460039	20	10	3	0	7	0.259259259259
0.0247836386565	0.259259259259	21	10	3	0	7	0.25
0.0251528644543	0.25828460039	22	10	3	0	7	0.241379310345
0.0252842223594	0.259259259259	23	10	3	0	7	0.233333333333
0.0262270283208	0.260233918129	24	10	3	0	7	0.225806451613
0.027112493156	0.259259259259	25	10	3	0	7	0.21875
0.0272652628923	0.260233918129	26	10	3	0	7	0.212121212121
0.027266528345	0.260233918129	26	11	3	0	7	0.212121212121
0.0287171875412	0.260233918129	26	12	3	0	7	0.212121212121
0.0302081115992	0.260233918129	26	13	3	0	7	0.212121212121
0.0308602967703	0.261208576998	27	13	3	0	7	0.205882352941
0.0309695334102	0.261208576998	27	14	3	0	7	0.205882352941
0.0327376492409	0.262183235867	28	14	3	0	7	0.2
