# time 	 divergence 	 # of mutations 	 # IGC chances 	 IGC length 	 # IGC failures 	 Changes due to IGC  	 % change due to IGC 
0.0	0.225806451613	0	0	0	0	0	0.0
0.000306398808572	0.22688172043	1	0	0	0	0	0.0
0.00157283408871	0.227956989247	2	0	0	0	0	0.0
0.00161274855342	0.229032258065	3	0	0	0	0	0.0
0.00286911672326	0.230107526882	4	0	0	0	0	0.0
0.00614334969466	0.231182795699	5	0	0	0	0	0.0
0.00870988809466	0.231182795699	6	0	0	0	0	0.0
0.0087367791204	0.230107526882	7	0	0	0	0	0.0
0.0108477701504	0.230107526882	8	0	0	0	0	0.0
0.0110188423933	0.231182795699	9	0	0	0	0	0.0
0.0112641192514	0.232258064516	10	0	0	0	0	0.0
0.012363417766	0.233333333333	11	0	0	0	0	0.0
0.0130761712399	0.234408602151	12	0	0	0	0	0.0
0.0157215348918	0.234408602151	13	0	0	0	0	0.0
0.0167364022542	0.235483870968	14	0	0	0	0	0.0
0.0173156793479	0.236559139785	15	0	0	0	0	0.0
0.0195070449832	0.237634408602	16	0	0	0	0	0.0
0.0215839575881	0.237634408602	17	0	0	0	0	0.0
0.023309177336	0.238709677419	18	0	0	0	0	0.0
0.024228570122	0.235483870968	18	1	15	0	3	0.142857142857
0.026328134603	0.236559139785	19	1	15	0	3	0.136363636364
0.0273656683952	0.236559139785	20	1	15	0	3	0.130434782609
0.028325880228	0.236559139785	21	1	15	0	3	0.125
0.0305547766404	0.237634408602	22	1	15	0	3	0.12
0.0314401034603	0.238709677419	23	1	15	0	3	0.115384615385
0.0320300370619	0.239784946237	24	1	15	0	3	0.111111111111
0.0328853586213	0.240860215054	25	1	15	0	3	0.107142857143
0.0330392126179	0.241935483871	26	1	15	0	3	0.103448275862
0.0396366663721	0.243010752688	27	1	15	0	3	0.1
0.0409973440667	0.244086021505	28	1	15	0	3	0.0967741935484
0.0410978838818	0.245161290323	29	1	15	0	3	0.09375
0.0425711941621	0.244086021505	30	1	15	0	3	0.0909090909091
0.0428028063276	0.245161290323	31	1	15	0	3	0.0882352941176
0.0430944930366	0.245161290323	32	1	15	0	3	0.0857142857143
0.0437550554166	0.244086021505	33	1	15	0	3	0.0833333333333
0.0447002618126	0.244086021505	34	1	15	0	3	0.0810810810811
0.0448620207182	0.245161290323	35	1	15	0	3	0.0789473684211
0.0488802192018	0.24623655914	36	1	15	0	3	0.0769230769231
0.0489284107531	0.247311827957	37	1	15	0	3	0.075
0.0520161976198	0.248387096774	38	1	15	0	3	0.0731707317073
0.05291041536	0.247311827957	39	1	15	0	3	0.0714285714286
0.0544418313722	0.248387096774	40	1	15	0	3	0.0697674418605
0.0579604544706	0.249462365591	41	1	15	0	3	0.0681818181818
0.0579955562122	0.250537634409	42	1	15	0	3	0.0666666666667
0.0586120843692	0.250537634409	43	1	15	0	3	0.0652173913043
0.0586950186001	0.251612903226	44	1	15	0	3	0.063829787234
0.0593928044739	0.252688172043	45	1	15	0	3	0.0625
0.0628515882124	0.252688172043	46	1	15	0	3	0.0612244897959
0.0637977974137	0.25376344086	47	1	15	0	3	0.06
0.0653053162874	0.254838709677	48	1	15	0	3	0.0588235294118
0.0676382151286	0.25376344086	49	1	15	0	3	0.0576923076923
0.0688191286133	0.254838709677	50	1	15	0	3	0.0566037735849
0.0705766678323	0.25376344086	51	1	15	0	3	0.0555555555556
