# time 	 divergence 	 # of mutations 	 # IGC chances 	 IGC length 	 # IGC failures 	 Changes due to IGC  	 % change due to IGC 
0.0	0.108384458078	0	0	0	0	0	0.0
0.0103402538574	0.110429447853	1	0	0	0	0	0.0
0.0139846938862	0.112474437628	2	0	0	0	0	0.0
0.0162535726594	0.114519427403	3	0	0	0	0	0.0
0.0187921595191	0.116564417178	4	0	0	0	0	0.0
0.0289699779731	0.118609406953	5	0	0	0	0	0.0
0.0297736966805	0.120654396728	6	0	0	0	0	0.0
0.0305251558353	0.122699386503	7	0	0	0	0	0.0
0.0317573297248	0.124744376278	8	0	0	0	0	0.0
0.0326424026509	0.126789366053	9	0	0	0	0	0.0
0.0353399133927	0.128834355828	10	0	0	0	0	0.0
0.0374847317333	0.130879345603	11	0	0	0	0	0.0
0.0388476401198	0.132924335378	12	0	0	0	0	0.0
0.044079251243	0.134969325153	13	0	0	0	0	0.0
0.0508215645938	0.137014314928	14	0	0	0	0	0.0
0.0546893025085	0.139059304703	15	0	0	0	0	0.0
0.0572120517351	0.141104294479	16	0	0	0	0	0.0
0.0691103388587	0.143149284254	17	0	0	0	0	0.0
0.0694180822983	0.145194274029	18	0	0	0	0	0.0
0.070054807053	0.147239263804	19	0	0	0	0	0.0
0.0706795577378	0.149284253579	20	0	0	0	0	0.0
0.0711935096633	0.147239263804	21	0	0	0	0	0.0
0.0743083014237	0.149284253579	22	0	0	0	0	0.0
0.074943350685	0.151329243354	23	0	0	0	0	0.0
0.0752685423184	0.149284253579	24	0	0	0	0	0.0
0.0775119022178	0.151329243354	25	0	0	0	0	0.0
0.0797938480935	0.153374233129	26	0	0	0	0	0.0
0.0811324001573	0.155419222904	27	0	0	0	0	0.0
0.0813893168677	0.157464212679	28	0	0	0	0	0.0
0.0832991471641	0.159509202454	29	0	0	0	0	0.0
0.084681930652	0.161554192229	30	0	0	0	0	0.0
