# time 	 divergence 	 # of mutations 	 # IGC chances 	 IGC length 	 # IGC failures 	 Changes due to IGC  	 % change due to IGC 
0.0	0.296774193548	0	0	0	0	0	0.0
0.000404247236098	0.297849462366	1	0	0	0	0	0.0
0.00103066923007	0.297849462366	2	0	0	0	0	0.0
0.00251704964613	0.297849462366	3	0	0	0	0	0.0
0.00765033843883	0.296774193548	4	0	0	0	0	0.0
0.0150892344213	0.297849462366	5	0	0	0	0	0.0
0.0156148085902	0.296774193548	6	0	0	0	0	0.0
0.0218385900528	0.297849462366	7	0	0	0	0	0.0
0.0225013135591	0.298924731183	8	0	0	0	0	0.0
0.0239760892715	0.3	9	0	0	0	0	0.0
0.0261226756567	0.301075268817	10	0	0	0	0	0.0
0.0273555039443	0.302150537634	11	0	0	0	0	0.0
0.0277986904129	0.302150537634	12	0	0	0	0	0.0
0.0278389439204	0.301075268817	13	0	0	0	0	0.0
0.0279220677764	0.3	14	0	0	0	0	0.0
0.0283385087187	0.301075268817	15	0	0	0	0	0.0
0.0292152937789	0.302150537634	16	0	0	0	0	0.0
0.0298276362928	0.302150537634	17	0	0	0	0	0.0
0.0298770461811	0.303225806452	18	0	0	0	0	0.0
0.0299362384454	0.302150537634	19	0	0	0	0	0.0
0.0300055083492	0.301075268817	20	0	0	0	0	0.0
0.0305058412817	0.302150537634	21	0	0	0	0	0.0
0.0317084133914	0.303225806452	22	0	0	0	0	0.0
0.0320260082339	0.302150537634	23	0	0	0	0	0.0
0.0324235295184	0.303225806452	24	0	0	0	0	0.0
0.0376496881947	0.304301075269	25	0	0	0	0	0.0
0.0389349165754	0.304301075269	26	0	0	0	0	0.0
0.0392897463742	0.305376344086	27	0	0	0	0	0.0
0.0438603641974	0.306451612903	28	0	0	0	0	0.0
0.0470252840882	0.30752688172	29	0	0	0	0	0.0
0.0502461243009	0.30752688172	30	0	0	0	0	0.0
0.050603725894	0.308602150538	31	0	0	0	0	0.0
0.0535958102516	0.309677419355	32	0	0	0	0	0.0
0.056368391951	0.308602150538	33	0	0	0	0	0.0
0.0576247584243	0.309677419355	34	0	0	0	0	0.0
0.0607715723557	0.309677419355	35	0	0	0	0	0.0
0.0637686446036	0.309677419355	36	0	0	0	0	0.0
0.0645239159787	0.310752688172	37	0	0	0	0	0.0
0.0653193073137	0.310752688172	38	0	0	0	0	0.0
0.0663621965978	0.311827956989	39	0	0	0	0	0.0
0.0674289548279	0.311827956989	40	0	0	0	0	0.0
0.0676196613402	0.312903225806	41	0	0	0	0	0.0
0.0687314021074	0.313978494624	42	0	0	0	0	0.0
0.0712363070714	0.315053763441	43	0	0	0	0	0.0
0.0715813004217	0.315053763441	44	0	0	0	0	0.0
0.0719462102499	0.313978494624	45	0	0	0	0	0.0
0.0763675435719	0.313978494624	46	0	0	0	0	0.0
0.0774063374945	0.315053763441	47	0	0	0	0	0.0
0.0775104172389	0.315053763441	48	0	0	0	0	0.0
0.082542153798	0.316129032258	49	0	0	0	0	0.0
0.0834397752702	0.317204301075	50	0	0	0	0	0.0
0.0836301132041	0.318279569892	51	0	0	0	0	0.0
0.0859760033381	0.318279569892	52	0	0	0	0	0.0
0.0872687646671	0.31935483871	53	0	0	0	0	0.0
0.0885897925514	0.320430107527	54	0	0	0	0	0.0
0.0887529125504	0.320430107527	55	0	0	0	0	0.0
0.0917351675433	0.31935483871	56	0	0	0	0	0.0
0.0937805659496	0.31935483871	57	0	0	0	0	0.0
0.0942581952443	0.320430107527	58	0	0	0	0	0.0
0.0942851061199	0.31935483871	59	0	0	0	0	0.0
0.0956591619878	0.320430107527	60	0	0	0	0	0.0
0.0964687439274	0.321505376344	61	0	0	0	0	0.0
0.0998867122131	0.322580645161	62	0	0	0	0	0.0
0.100912055734	0.323655913978	63	0	0	0	0	0.0
0.102427524716	0.324731182796	64	0	0	0	0	0.0
0.10335016667	0.325806451613	65	0	0	0	0	0.0
0.106830984024	0.325806451613	66	0	0	0	0	0.0
0.108484665446	0.32688172043	67	0	0	0	0	0.0
0.10902822853	0.325806451613	68	0	0	0	0	0.0
0.111099153421	0.32688172043	69	0	0	0	0	0.0
0.111691866543	0.325806451613	70	0	0	0	0	0.0
0.111711935096	0.325806451613	71	0	0	0	0	0.0
0.113073924012	0.32688172043	72	0	0	0	0	0.0
0.113219320828	0.327956989247	73	0	0	0	0	0.0
0.113242840828	0.327956989247	74	0	0	0	0	0.0
0.11614589121	0.329032258065	75	0	0	0	0	0.0
0.121213939168	0.330107526882	76	0	0	0	0	0.0
0.125433026203	0.329032258065	77	0	0	0	0	0.0
0.129453436857	0.330107526882	78	0	0	0	0	0.0
0.130245525674	0.330107526882	79	0	0	0	0	0.0
0.133106466415	0.330107526882	80	0	0	0	0	0.0
0.134394839455	0.331182795699	81	0	0	0	0	0.0
0.135023511886	0.332258064516	82	0	0	0	0	0.0
0.139945866613	0.331182795699	83	0	0	0	0	0.0
0.140999768376	0.332258064516	84	0	0	0	0	0.0
0.14116276719	0.333333333333	85	0	0	0	0	0.0
0.141713397214	0.333333333333	86	0	0	0	0	0.0
0.142619401527	0.334408602151	87	0	0	0	0	0.0
0.143123218354	0.335483870968	88	0	0	0	0	0.0
0.143692434443	0.336559139785	89	0	0	0	0	0.0
0.144517110496	0.337634408602	90	0	0	0	0	0.0
0.146559946917	0.336559139785	91	0	0	0	0	0.0
0.146805602992	0.336559139785	92	0	0	0	0	0.0
0.15240522957	0.337634408602	93	0	0	0	0	0.0
0.152432774179	0.338709677419	94	0	0	0	0	0.0
0.153131600273	0.339784946237	95	0	0	0	0	0.0
0.154476709299	0.340860215054	96	0	0	0	0	0.0
0.155015850335	0.341935483871	97	0	0	0	0	0.0
0.15732978246	0.341935483871	98	0	0	0	0	0.0
0.158447322016	0.341935483871	99	0	0	0	0	0.0
0.159023888696	0.343010752688	100	0	0	0	0	0.0
0.159249990395	0.343010752688	101	0	0	0	0	0.0
0.160710489472	0.344086021505	102	0	0	0	0	0.0
0.160872633745	0.343010752688	103	0	0	0	0	0.0
0.16420617079	0.343010752688	104	0	0	0	0	0.0
0.164281125334	0.341935483871	105	0	0	0	0	0.0
0.165178138577	0.341935483871	106	0	0	0	0	0.0
0.165254786298	0.340860215054	107	0	0	0	0	0.0
0.171735193389	0.340860215054	108	0	0	0	0	0.0
0.173487089906	0.340860215054	109	0	0	0	0	0.0
0.176608542895	0.341935483871	110	0	0	0	0	0.0
0.182407977907	0.343010752688	111	0	0	0	0	0.0
0.184001164347	0.341935483871	112	0	0	0	0	0.0
0.187180059533	0.340860215054	113	0	0	0	0	0.0
0.189034507602	0.340860215054	114	0	0	0	0	0.0
0.195240109927	0.341935483871	115	0	0	0	0	0.0
0.196049045206	0.343010752688	116	0	0	0	0	0.0
0.196383221878	0.341935483871	117	0	0	0	0	0.0
0.199438822274	0.341935483871	118	0	0	0	0	0.0
0.202890756383	0.341935483871	119	0	0	0	0	0.0
0.203525308458	0.343010752688	120	0	0	0	0	0.0
0.205861902335	0.341935483871	121	0	0	0	0	0.0
0.209614194041	0.343010752688	122	0	0	0	0	0.0
0.21008376337	0.343010752688	123	0	0	0	0	0.0
0.210992880447	0.344086021505	124	0	0	0	0	0.0
0.213526091745	0.345161290323	125	0	0	0	0	0.0
0.216206932425	0.34623655914	126	0	0	0	0	0.0
0.217864139789	0.347311827957	127	0	0	0	0	0.0
0.222864860284	0.347311827957	128	0	0	0	0	0.0
0.225482299615	0.347311827957	129	0	0	0	0	0.0
0.225806779435	0.347311827957	130	0	0	0	0	0.0
0.226459350273	0.348387096774	131	0	0	0	0	0.0
0.227131219978	0.349462365591	132	0	0	0	0	0.0
0.229275629687	0.350537634409	133	0	0	0	0	0.0
0.229595757405	0.351612903226	134	0	0	0	0	0.0
0.230826928956	0.352688172043	135	0	0	0	0	0.0
0.232562403057	0.35376344086	136	0	0	0	0	0.0
0.232670324455	0.352688172043	137	0	0	0	0	0.0
0.234613996002	0.35376344086	138	0	0	0	0	0.0
0.239220190688	0.354838709677	139	0	0	0	0	0.0
0.239573867044	0.354838709677	140	0	0	0	0	0.0
0.23974259371	0.355913978495	141	0	0	0	0	0.0
0.246158016581	0.356989247312	142	0	0	0	0	0.0
0.246847935182	0.358064516129	143	0	0	0	0	0.0
0.248423628396	0.359139784946	144	0	0	0	0	0.0
0.249743860719	0.359139784946	145	0	0	0	0	0.0
0.251610112375	0.359139784946	146	0	0	0	0	0.0
0.252660780605	0.359139784946	147	0	0	0	0	0.0
0.253308254434	0.359139784946	148	0	0	0	0	0.0
0.25477798318	0.358064516129	149	0	0	0	0	0.0
0.257149893506	0.359139784946	150	0	0	0	0	0.0
0.261871815311	0.360215053763	151	0	0	0	0	0.0
0.262229865268	0.361290322581	152	0	0	0	0	0.0
0.262668366761	0.360215053763	153	0	0	0	0	0.0
0.263037689628	0.361290322581	154	0	0	0	0	0.0
0.263464280887	0.362365591398	155	0	0	0	0	0.0
0.264211945287	0.363440860215	156	0	0	0	0	0.0
0.268702038889	0.363440860215	157	0	0	0	0	0.0
0.269806532352	0.364516129032	158	0	0	0	0	0.0
0.270027751712	0.364516129032	159	0	0	0	0	0.0
0.272237761974	0.365591397849	160	0	0	0	0	0.0
0.275582985447	0.366666666667	161	0	0	0	0	0.0
0.275920356139	0.367741935484	162	0	0	0	0	0.0
0.280163163471	0.367741935484	163	0	0	0	0	0.0
0.28258693153	0.367741935484	164	0	0	0	0	0.0
0.283511731166	0.368817204301	165	0	0	0	0	0.0
0.284451893235	0.367741935484	166	0	0	0	0	0.0
0.287989798245	0.367741935484	167	0	0	0	0	0.0
0.28888014364	0.367741935484	168	0	0	0	0	0.0
0.290409370844	0.368817204301	169	0	0	0	0	0.0
0.299162862902	0.368817204301	170	0	0	0	0	0.0
0.304391502921	0.369892473118	171	0	0	0	0	0.0
0.305774390484	0.370967741935	172	0	0	0	0	0.0
0.306466829186	0.372043010753	173	0	0	0	0	0.0
0.308121120263	0.37311827957	174	0	0	0	0	0.0
0.308223634474	0.372043010753	175	0	0	0	0	0.0
0.310776609604	0.370967741935	176	0	0	0	0	0.0
0.311804462104	0.372043010753	177	0	0	0	0	0.0
0.312297235251	0.37311827957	178	0	0	0	0	0.0
0.313151694632	0.374193548387	179	0	0	0	0	0.0
0.31468430311	0.374193548387	180	0	0	0	0	0.0
0.319102410823	0.374193548387	181	0	0	0	0	0.0
0.321153782955	0.374193548387	182	0	0	0	0	0.0
0.322795554888	0.375268817204	183	0	0	0	0	0.0
0.324049708317	0.376344086022	184	0	0	0	0	0.0
0.326785535915	0.377419354839	185	0	0	0	0	0.0
0.327095990527	0.378494623656	186	0	0	0	0	0.0
0.328780149551	0.379569892473	187	0	0	0	0	0.0
0.328925760401	0.378494623656	188	0	0	0	0	0.0
0.330831780501	0.379569892473	189	0	0	0	0	0.0
0.333409722326	0.38064516129	190	0	0	0	0	0.0
0.334488369023	0.381720430108	191	0	0	0	0	0.0
0.334836894544	0.38064516129	192	0	0	0	0	0.0
0.335409971848	0.379569892473	193	0	0	0	0	0.0
0.335417297893	0.38064516129	194	0	0	0	0	0.0
0.336602706183	0.381720430108	195	0	0	0	0	0.0
0.338507356002	0.381720430108	196	0	0	0	0	0.0
0.340180749692	0.38064516129	197	0	0	0	0	0.0
0.340326760229	0.38064516129	198	0	0	0	0	0.0
0.356230558294	0.381720430108	199	0	0	0	0	0.0
0.359401097611	0.38064516129	200	0	0	0	0	0.0
0.359580428165	0.38064516129	201	0	0	0	0	0.0
0.360307403309	0.38064516129	202	0	0	0	0	0.0
0.360809861086	0.381720430108	203	0	0	0	0	0.0
0.362314539225	0.382795698925	204	0	0	0	0	0.0
0.362785683992	0.381720430108	205	0	0	0	0	0.0
0.364830695562	0.381720430108	206	0	0	0	0	0.0
0.365676383432	0.38064516129	207	0	0	0	0	0.0
0.366187673948	0.381720430108	208	0	0	0	0	0.0
0.368008043595	0.324731182796	208	1	153	0	53	0.2030651341
0.368481762124	0.324731182796	209	1	153	0	53	0.202290076336
0.373241554758	0.325806451613	210	1	153	0	53	0.201520912548
0.373960291598	0.32688172043	211	1	153	0	53	0.200757575758
0.375986149073	0.32688172043	212	1	153	0	53	0.2
0.379371083876	0.325806451613	213	1	153	0	53	0.199248120301
0.381840498031	0.325806451613	214	1	153	0	53	0.198501872659
0.382647969487	0.32688172043	215	1	153	0	53	0.19776119403
0.38375995155	0.327956989247	216	1	153	0	53	0.197026022305
0.38390136075	0.327956989247	217	1	153	0	53	0.196296296296
0.385423555467	0.327956989247	218	1	153	0	53	0.19557195572
0.38684699941	0.329032258065	219	1	153	0	53	0.194852941176
0.389161868612	0.330107526882	220	1	153	0	53	0.194139194139
0.390990410702	0.331182795699	221	1	153	0	53	0.193430656934
0.393848026163	0.332258064516	222	1	153	0	53	0.192727272727
0.39665770147	0.333333333333	223	1	153	0	53	0.192028985507
0.397893026997	0.333333333333	224	1	153	0	53	0.191335740072
0.399239868854	0.332258064516	225	1	153	0	53	0.190647482014
0.401836996257	0.333333333333	226	1	153	0	53	0.189964157706
0.401999727751	0.333333333333	227	1	153	0	53	0.189285714286
0.40203693466	0.224731182796	227	2	210	0	154	0.404199475066
0.402616524942	0.225806451613	228	2	210	0	154	0.403141361257
0.402787927895	0.22688172043	229	2	210	0	154	0.402088772846
0.402789391101	0.227956989247	230	2	210	0	154	0.401041666667
0.405009983424	0.229032258065	231	2	210	0	154	0.4
0.406757755533	0.230107526882	232	2	210	0	154	0.39896373057
0.411077728217	0.231182795699	233	2	210	0	154	0.397932816537
0.411930990147	0.230107526882	234	2	210	0	154	0.396907216495
0.413723647376	0.231182795699	235	2	210	0	154	0.39588688946
0.413951214469	0.231182795699	236	2	210	0	154	0.394871794872
0.416761822989	0.230107526882	237	2	210	0	154	0.393861892583
0.416860968022	0.231182795699	238	2	210	0	154	0.392857142857
0.416908767735	0.230107526882	239	2	210	0	154	0.391857506361
0.417022988505	0.229032258065	240	2	210	0	154	0.390862944162
0.42040002362	0.230107526882	241	2	210	0	154	0.389873417722
0.420552736627	0.231182795699	242	2	210	0	154	0.388888888889
0.420915273709	0.232258064516	243	2	210	0	154	0.387909319899
0.421301295339	0.233333333333	244	2	210	0	154	0.386934673367
0.422233989247	0.234408602151	245	2	210	0	154	0.385964912281
0.422723639693	0.233333333333	246	2	210	0	154	0.385
0.425120598881	0.232258064516	247	2	210	0	154	0.384039900249
0.42538024458	0.231182795699	248	2	210	0	154	0.383084577114
0.425850116645	0.232258064516	249	2	210	0	154	0.382133995037
0.430745214896	0.231182795699	250	2	210	0	154	0.381188118812
0.431563535931	0.232258064516	251	2	210	0	154	0.38024691358
0.431822560427	0.232258064516	252	2	210	0	154	0.379310344828
0.438255678209	0.233333333333	253	2	210	0	154	0.378378378378
0.439324784173	0.232258064516	254	2	210	0	154	0.377450980392
0.445095849483	0.233333333333	255	2	210	0	154	0.376528117359
0.447305779141	0.234408602151	256	2	210	0	154	0.375609756098
0.449558676799	0.234408602151	257	2	210	0	154	0.374695863747
0.454861275384	0.235483870968	258	2	210	0	154	0.373786407767
0.456219736002	0.236559139785	259	2	210	0	154	0.372881355932
0.458368867529	0.237634408602	260	2	210	0	154	0.371980676329
0.459640817188	0.238709677419	261	2	210	0	154	0.371084337349
0.465899947598	0.237634408602	262	2	210	0	154	0.370192307692
0.466395433702	0.237634408602	263	2	210	0	154	0.369304556355
0.468409567687	0.236559139785	264	2	210	0	154	0.368421052632
0.468442518313	0.237634408602	265	2	210	0	154	0.36754176611
0.47017117955	0.238709677419	266	2	210	0	154	0.366666666667
0.472945608281	0.237634408602	267	2	210	0	154	0.365795724466
0.47523804704	0.238709677419	268	2	210	0	154	0.364928909953
0.475548131463	0.239784946237	269	2	210	0	154	0.364066193853
0.477095228068	0.240860215054	270	2	210	0	154	0.36320754717
0.479325658684	0.241935483871	271	2	210	0	154	0.362352941176
0.479844937023	0.243010752688	272	2	210	0	154	0.361502347418
0.483887456108	0.241935483871	273	2	210	0	154	0.360655737705
0.487072508959	0.243010752688	274	2	210	0	154	0.359813084112
0.48739165782	0.243010752688	275	2	210	0	154	0.358974358974
0.491584385762	0.241935483871	276	2	210	0	154	0.358139534884
0.491881667566	0.243010752688	277	2	210	0	154	0.357308584687
0.495713782882	0.244086021505	278	2	210	0	154	0.356481481481
0.49907851404	0.245161290323	279	2	210	0	154	0.355658198614
0.501289331718	0.24623655914	280	2	210	0	154	0.354838709677
0.503276724687	0.247311827957	281	2	210	0	154	0.354022988506
0.504112249919	0.247311827957	282	2	210	0	154	0.353211009174
0.505215497211	0.247311827957	283	2	210	0	154	0.352402745995
0.506666256887	0.248387096774	284	2	210	0	154	0.351598173516
0.507780705077	0.249462365591	285	2	210	0	154	0.350797266515
0.508331357511	0.248387096774	286	2	210	0	154	0.35
0.50991049257	0.249462365591	287	2	210	0	154	0.349206349206
0.513019577246	0.250537634409	288	2	210	0	154	0.348416289593
0.513502202606	0.251612903226	289	2	210	0	154	0.34762979684
0.514827394297	0.252688172043	290	2	210	0	154	0.346846846847
0.516130242642	0.25376344086	291	2	210	0	154	0.34606741573
0.5164537066	0.25376344086	292	2	210	0	154	0.345291479821
0.520503023955	0.254838709677	293	2	210	0	154	0.34451901566
0.5208063263	0.25376344086	294	2	210	0	154	0.34375
0.521142218876	0.252688172043	295	2	210	0	154	0.3429844098
0.521774221455	0.25376344086	296	2	210	0	154	0.342222222222
0.521884074607	0.252688172043	297	2	210	0	154	0.341463414634
0.524272083643	0.25376344086	298	2	210	0	154	0.340707964602
0.526312045554	0.254838709677	299	2	210	0	154	0.33995584989
0.527007624394	0.255913978495	300	2	210	0	154	0.339207048458
0.529170646145	0.255913978495	301	2	210	0	154	0.338461538462
0.52933287189	0.256989247312	302	2	210	0	154	0.337719298246
0.529965843884	0.258064516129	303	2	210	0	154	0.336980306346
0.530948156762	0.258064516129	304	2	210	0	154	0.336244541485
0.534042752984	0.258064516129	305	2	210	0	154	0.335511982571
0.534487510389	0.259139784946	306	2	210	0	154	0.334782608696
0.536553781619	0.260215053763	307	2	210	0	154	0.334056399132
0.543841294804	0.261290322581	308	2	210	0	154	0.333333333333
0.545870191253	0.262365591398	309	2	210	0	154	0.332613390929
0.546400973832	0.263440860215	310	2	210	0	154	0.331896551724
0.546456778052	0.264516129032	311	2	210	0	154	0.331182795699
0.546524453559	0.264516129032	312	2	210	0	154	0.330472103004
0.547616030384	0.265591397849	313	2	210	0	154	0.329764453961
0.548498738219	0.266666666667	314	2	210	0	154	0.32905982906
0.548603177436	0.265591397849	315	2	210	0	154	0.328358208955
0.551104449924	0.266666666667	316	2	210	0	154	0.327659574468
0.551198241423	0.267741935484	317	2	210	0	154	0.326963906582
0.553264695217	0.268817204301	318	2	210	0	154	0.326271186441
0.554022181004	0.267741935484	319	2	210	0	154	0.325581395349
0.556033846162	0.266666666667	320	2	210	0	154	0.324894514768
0.556917338367	0.267741935484	321	2	210	0	154	0.324210526316
0.557194243714	0.268817204301	322	2	210	0	154	0.323529411765
0.557487535312	0.269892473118	323	2	210	0	154	0.32285115304
0.560693774869	0.269892473118	324	2	210	0	154	0.322175732218
0.561636241014	0.270967741935	325	2	210	0	154	0.321503131524
0.563518088479	0.269892473118	326	2	210	0	154	0.320833333333
0.563632616996	0.270967741935	327	2	210	0	154	0.320166320166
0.563692074364	0.272043010753	328	2	210	0	154	0.319502074689
0.565100150658	0.27311827957	329	2	210	0	154	0.31884057971
0.565752086538	0.27311827957	330	2	210	0	154	0.318181818182
0.568676482587	0.274193548387	331	2	210	0	154	0.317525773196
0.570376134902	0.275268817204	332	2	210	0	154	0.316872427984
0.572153995308	0.276344086022	333	2	210	0	154	0.316221765914
0.573494730897	0.275268817204	334	2	210	0	154	0.315573770492
0.573665745231	0.276344086022	335	2	210	0	154	0.314928425358
0.574558688988	0.277419354839	336	2	210	0	154	0.314285714286
0.574861741577	0.278494623656	337	2	210	0	154	0.313645621181
0.576384883248	0.277419354839	338	2	210	0	154	0.313008130081
0.578508809968	0.278494623656	339	2	210	0	154	0.312373225152
0.579824995506	0.279569892473	340	2	210	0	154	0.311740890688
0.579993848291	0.28064516129	341	2	210	0	154	0.311111111111
0.580361782784	0.281720430108	342	2	210	0	154	0.310483870968
0.581100961057	0.282795698925	343	2	210	0	154	0.30985915493
0.584086585054	0.283870967742	344	2	210	0	154	0.309236947791
0.585518586091	0.282795698925	345	2	210	0	154	0.308617234469
0.587569524941	0.283870967742	346	2	210	0	154	0.308
0.588590909088	0.284946236559	347	2	210	0	154	0.307385229541
0.590114783834	0.286021505376	348	2	210	0	154	0.306772908367
0.591782150411	0.284946236559	349	2	210	0	154	0.306163021869
0.593478503874	0.284946236559	350	2	210	0	154	0.305555555556
0.599580465212	0.286021505376	351	2	210	0	154	0.30495049505
0.60272571597	0.287096774194	352	2	210	0	154	0.304347826087
0.603362020081	0.288172043011	353	2	210	0	154	0.303747534517
0.604409520061	0.288172043011	354	2	210	0	154	0.303149606299
0.607032086086	0.289247311828	355	2	210	0	154	0.302554027505
0.608094357316	0.290322580645	356	2	210	0	154	0.301960784314
0.609235988565	0.291397849462	357	2	210	0	154	0.301369863014
0.609416647146	0.29247311828	358	2	210	0	154	0.30078125
0.610863564145	0.293548387097	359	2	210	0	154	0.300194931774
0.610888806038	0.294623655914	360	2	210	0	154	0.299610894942
0.612427506238	0.295698924731	361	2	210	0	154	0.299029126214
0.613540277354	0.296774193548	362	2	210	0	154	0.298449612403
0.615047453941	0.297849462366	363	2	210	0	154	0.297872340426
0.617523028481	0.298924731183	364	2	210	0	154	0.297297297297
0.618020002575	0.3	365	2	210	0	154	0.296724470135
0.618549629766	0.301075268817	366	2	210	0	154	0.296153846154
0.619089281787	0.3	367	2	210	0	154	0.295585412668
0.620395913868	0.3	368	2	210	0	154	0.295019157088
0.621015994095	0.3	369	2	210	0	154	0.294455066922
0.623075675007	0.301075268817	370	2	210	0	154	0.293893129771
0.623113483338	0.3	371	2	210	0	154	0.293333333333
0.623834396343	0.298924731183	372	2	210	0	154	0.292775665399
0.624850010809	0.3	373	2	210	0	154	0.292220113852
0.626076913696	0.301075268817	374	2	210	0	154	0.291666666667
0.627564885025	0.302150537634	375	2	210	0	154	0.291115311909
0.627695808602	0.303225806452	376	2	210	0	154	0.290566037736
0.628279377637	0.304301075269	377	2	210	0	154	0.290018832392
0.629299766582	0.305376344086	378	2	210	0	154	0.289473684211
0.631061515883	0.306451612903	379	2	210	0	154	0.288930581614
0.631503127432	0.306451612903	380	2	210	0	154	0.288389513109
0.632829609108	0.30752688172	381	2	210	0	154	0.28785046729
0.632961477979	0.308602150538	382	2	210	0	154	0.287313432836
0.633429250199	0.309677419355	383	2	210	0	154	0.28677839851
0.636328301894	0.310752688172	384	2	210	0	154	0.28624535316
0.636404841967	0.311827956989	385	2	210	0	154	0.285714285714
0.637114145162	0.311827956989	386	2	210	0	154	0.285185185185
0.638202296194	0.312903225806	387	2	210	0	154	0.284658040665
0.638256664338	0.311827956989	388	2	210	0	154	0.284132841328
0.638265011285	0.312903225806	389	2	210	0	154	0.283609576427
0.642091546806	0.313978494624	390	2	210	0	154	0.283088235294
0.642990391467	0.315053763441	391	2	210	0	154	0.282568807339
0.643443665789	0.316129032258	392	2	210	0	154	0.282051282051
0.645778263604	0.317204301075	393	2	210	0	154	0.281535648995
0.647563312811	0.318279569892	394	2	210	0	154	0.28102189781
0.6482998134	0.317204301075	395	2	210	0	154	0.280510018215
0.650145532122	0.318279569892	396	2	210	0	154	0.28
0.652323898196	0.318279569892	397	2	210	0	154	0.279491833031
0.652565674662	0.31935483871	398	2	210	0	154	0.278985507246
0.65268672214	0.320430107527	399	2	210	0	154	0.278481012658
0.652990442834	0.321505376344	400	2	210	0	154	0.27797833935
0.654834197564	0.322580645161	401	2	210	0	154	0.277477477477
0.656606951387	0.323655913978	402	2	210	0	154	0.276978417266
0.656928322583	0.324731182796	403	2	210	0	154	0.276481149013
0.657516632009	0.325806451613	404	2	210	0	154	0.275985663082
0.65836648926	0.32688172043	405	2	210	0	154	0.275491949911
0.658527653646	0.327956989247	406	2	210	0	154	0.275
0.660116311871	0.327956989247	407	2	210	0	154	0.274509803922
0.662085977722	0.329032258065	408	2	210	0	154	0.274021352313
0.663707284431	0.330107526882	409	2	210	0	154	0.273534635879
0.664050324135	0.331182795699	410	2	210	0	154	0.27304964539
0.665068267953	0.332258064516	411	2	210	0	154	0.272566371681
0.665117519378	0.331182795699	412	2	210	0	154	0.272084805654
0.667551602694	0.332258064516	413	2	210	0	154	0.271604938272
0.668548891552	0.333333333333	414	2	210	0	154	0.271126760563
0.671790310018	0.334408602151	415	2	210	0	154	0.27065026362
0.672252784475	0.335483870968	416	2	210	0	154	0.270175438596
0.676333061709	0.335483870968	417	2	210	0	154	0.269702276708
0.677177989592	0.335483870968	418	2	210	0	154	0.269230769231
0.678282355418	0.336559139785	419	2	210	0	154	0.268760907504
0.681464412705	0.336559139785	420	2	210	0	154	0.268292682927
0.681875928203	0.336559139785	421	2	210	0	154	0.267826086957
0.683145732505	0.335483870968	422	2	210	0	154	0.267361111111
0.683721403555	0.335483870968	423	2	210	0	154	0.266897746967
0.685570325417	0.334408602151	424	2	210	0	154	0.266435986159
0.685571701252	0.335483870968	425	2	210	0	154	0.26597582038
0.688162882992	0.335483870968	426	2	210	0	154	0.265517241379
0.688198268743	0.336559139785	427	2	210	0	154	0.265060240964
0.689194257586	0.337634408602	428	2	210	0	154	0.264604810997
0.689545818332	0.338709677419	429	2	210	0	154	0.264150943396
0.691001479626	0.338709677419	430	2	210	0	154	0.263698630137
0.69258884724	0.339784946237	431	2	210	0	154	0.263247863248
0.693349442265	0.340860215054	432	2	210	0	154	0.262798634812
0.694929377863	0.341935483871	433	2	210	0	154	0.262350936968
0.695085681482	0.341935483871	434	2	210	0	154	0.261904761905
0.696035928497	0.341935483871	435	2	210	0	154	0.261460101868
0.696846103614	0.341935483871	436	2	210	0	154	0.261016949153
0.701441829802	0.343010752688	437	2	210	0	154	0.260575296108
0.703400864668	0.344086021505	438	2	210	0	154	0.260135135135
0.703808165442	0.343010752688	439	2	210	0	154	0.259696458685
0.705988309426	0.344086021505	440	2	210	0	154	0.259259259259
0.714402135844	0.345161290323	441	2	210	0	154	0.258823529412
0.714532301776	0.345161290323	442	2	210	0	154	0.258389261745
0.717619770742	0.34623655914	443	2	210	0	154	0.257956448911
0.719760261441	0.347311827957	444	2	210	0	154	0.257525083612
0.721684169162	0.348387096774	445	2	210	0	154	0.257095158598
0.72250826404	0.348387096774	446	2	210	0	154	0.256666666667
0.723764944758	0.349462365591	447	2	210	0	154	0.256239600666
0.72458019889	0.349462365591	448	2	210	0	154	0.255813953488
0.72837749124	0.350537634409	449	2	210	0	154	0.255389718076
0.728907789426	0.350537634409	450	2	210	0	154	0.254966887417
0.729732028071	0.350537634409	451	2	210	0	154	0.254545454545
0.730827054785	0.351612903226	452	2	210	0	154	0.254125412541
0.733029889457	0.351612903226	453	2	210	0	154	0.25370675453
0.733425417558	0.350537634409	454	2	210	0	154	0.253289473684
0.733583368047	0.350537634409	455	2	210	0	154	0.252873563218
0.735003625783	0.350537634409	456	2	210	0	154	0.252459016393
0.735067908034	0.349462365591	457	2	210	0	154	0.252045826514
0.735142209603	0.350537634409	458	2	210	0	154	0.251633986928
0.741094886301	0.350537634409	459	2	210	0	154	0.251223491028
0.748747747437	0.351612903226	460	2	210	0	154	0.250814332248
0.749556799844	0.352688172043	461	2	210	0	154	0.250406504065
0.750245799006	0.35376344086	462	2	210	0	154	0.25
0.752118552579	0.35376344086	463	2	210	0	154	0.249594813614
0.752369583273	0.35376344086	464	2	210	0	154	0.249190938511
0.752454157639	0.354838709677	465	2	210	0	154	0.248788368336
0.75536159496	0.355913978495	466	2	210	0	154	0.248387096774
0.761699907936	0.355913978495	467	2	210	0	154	0.247987117552
0.764590779763	0.356989247312	468	2	210	0	154	0.247588424437
0.765381983104	0.358064516129	469	2	210	0	154	0.247191011236
0.766460780707	0.359139784946	470	2	210	0	154	0.246794871795
0.767620305657	0.358064516129	471	2	210	0	154	0.2464
0.768335961455	0.358064516129	472	2	210	0	154	0.246006389776
0.770911530898	0.359139784946	473	2	210	0	154	0.245614035088
0.772443222068	0.359139784946	474	2	210	0	154	0.245222929936
0.77301712165	0.360215053763	475	2	210	0	154	0.244833068362
0.773250460333	0.360215053763	476	2	210	0	154	0.244444444444
0.774586382685	0.361290322581	477	2	210	0	154	0.244057052298
0.775138021366	0.361290322581	478	2	210	0	154	0.243670886076
0.777242149521	0.362365591398	479	2	210	0	154	0.243285939968
0.777906892734	0.363440860215	480	2	210	0	154	0.242902208202
0.779650137387	0.364516129032	481	2	210	0	154	0.242519685039
0.780293280829	0.365591397849	482	2	210	0	154	0.24213836478
0.781437074033	0.365591397849	483	2	210	0	154	0.241758241758
0.782631682909	0.366666666667	484	2	210	0	154	0.241379310345
0.782784768187	0.366666666667	485	2	210	0	154	0.241001564945
0.784267519583	0.367741935484	486	2	210	0	154	0.240625
0.784275480589	0.367741935484	487	2	210	0	154	0.240249609984
0.785368412033	0.368817204301	488	2	210	0	154	0.239875389408
0.78736935322	0.367741935484	489	2	210	0	154	0.239502332815
0.788569850799	0.368817204301	490	2	210	0	154	0.239130434783
