# time 	 divergence 	 # of mutations 	 # IGC chances 	 IGC length 	 # IGC failures 	 Changes due to IGC  	 % change due to IGC 
0.0	0.112474437628	0	0	0	0	0	0.0
0.00777236871638	0.114519427403	1	0	0	0	0	0.0
0.0089573398144	0.116564417178	2	0	0	0	0	0.0
0.0114375298812	0.118609406953	3	0	0	0	0	0.0
0.0131971628222	0.120654396728	4	0	0	0	0	0.0
0.0150335265884	0.122699386503	5	0	0	0	0	0.0
0.0154407725858	0.124744376278	6	0	0	0	0	0.0
0.0167599751129	0.104294478528	6	1	63	0	10	0.625
0.0179389036778	0.106339468303	7	1	63	0	10	0.588235294118
0.0241147919065	0.108384458078	8	1	63	0	10	0.555555555556
0.0250524304326	0.0981595092025	8	2	108	0	15	0.652173913043
0.0285741624905	0.0961145194274	9	2	108	0	15	0.625
0.028956294051	0.0981595092025	10	2	108	0	15	0.6
0.0307192976415	0.100204498978	11	2	108	0	15	0.576923076923
0.034888578282	0.102249488753	12	2	108	0	15	0.555555555556
0.0401833699401	0.100204498978	13	2	108	0	15	0.535714285714
0.0482404509617	0.102249488753	14	2	108	0	15	0.51724137931
0.0491825421101	0.104294478528	15	2	108	0	15	0.5
0.0507812806968	0.102249488753	15	3	45	0	16	0.516129032258
0.0514867009936	0.100204498978	16	3	45	0	16	0.5
0.0550226195498	0.0961145194274	16	4	18	0	18	0.529411764706
0.0577525900542	0.0981595092025	17	4	18	0	18	0.514285714286
0.0578928841275	0.100204498978	18	4	18	0	18	0.5
0.0584665065833	0.102249488753	19	4	18	0	18	0.486486486486
0.0613413593893	0.104294478528	20	4	18	0	18	0.473684210526
0.0634423676286	0.106339468303	21	4	18	0	18	0.461538461538
0.0695187747438	0.108384458078	22	4	18	0	18	0.45
0.0724990639108	0.110429447853	23	4	18	0	18	0.439024390244
0.0750931192307	0.112474437628	24	4	18	0	18	0.428571428571
0.0764893811136	0.114519427403	25	4	18	0	18	0.418604651163
0.0837028830124	0.116564417178	26	4	18	0	18	0.409090909091
0.0859988803987	0.114519427403	27	4	18	0	18	0.4
0.0864004659859	0.116564417178	28	4	18	0	18	0.391304347826
0.0864593813538	0.118609406953	29	4	18	0	18	0.382978723404
0.0874800658484	0.120654396728	30	4	18	0	18	0.375
0.0924367045782	0.122699386503	31	4	18	0	18	0.367346938776
0.100969377986	0.120654396728	32	4	18	0	18	0.36
0.100983652783	0.122699386503	33	4	18	0	18	0.352941176471
0.104450331461	0.124744376278	34	4	18	0	18	0.346153846154
0.105088962486	0.126789366053	35	4	18	0	18	0.339622641509
0.105229716001	0.128834355828	36	4	18	0	18	0.333333333333
0.10588042741	0.130879345603	37	4	18	0	18	0.327272727273
0.109143441557	0.132924335378	38	4	18	0	18	0.321428571429
0.110291624489	0.134969325153	39	4	18	0	18	0.315789473684
0.111444806192	0.137014314928	40	4	18	0	18	0.310344827586
0.11533165265	0.139059304703	41	4	18	0	18	0.305084745763
0.120224155787	0.141104294479	42	4	18	0	18	0.3
0.121690367805	0.143149284254	43	4	18	0	18	0.295081967213
0.124504744143	0.145194274029	44	4	18	0	18	0.290322580645
0.124684467525	0.147239263804	45	4	18	0	18	0.285714285714
0.128050725786	0.149284253579	46	4	18	0	18	0.28125
0.131640681774	0.149284253579	47	4	18	0	18	0.276923076923
0.132118319951	0.151329243354	48	4	18	0	18	0.272727272727
0.132294730321	0.151329243354	49	4	18	0	18	0.268656716418
0.137052061211	0.153374233129	50	4	18	0	18	0.264705882353
0.139918543871	0.155419222904	51	4	18	0	18	0.260869565217
0.144295411571	0.153374233129	52	4	18	0	18	0.257142857143
0.147345481003	0.155419222904	53	4	18	0	18	0.253521126761
0.147498642782	0.157464212679	54	4	18	0	18	0.25
0.147870797318	0.155419222904	55	4	18	0	18	0.246575342466
0.149216735454	0.157464212679	56	4	18	0	18	0.243243243243
0.154234786594	0.159509202454	57	4	18	0	18	0.24
0.166201088843	0.161554192229	58	4	18	0	18	0.236842105263
0.166242341134	0.163599182004	59	4	18	0	18	0.233766233766
0.169750767463	0.165644171779	60	4	18	0	18	0.230769230769
0.179074545788	0.167689161554	61	4	18	0	18	0.227848101266
0.181704717805	0.167689161554	62	4	18	0	18	0.225
0.187293064577	0.169734151329	63	4	18	0	18	0.222222222222
0.187944330381	0.171779141104	64	4	18	0	18	0.219512195122
0.191584331733	0.173824130879	65	4	18	0	18	0.21686746988
0.193091270124	0.175869120654	66	4	18	0	18	0.214285714286
0.193495350893	0.173824130879	67	4	18	0	18	0.211764705882
0.19386195842	0.175869120654	68	4	18	0	18	0.209302325581
0.195129488553	0.177914110429	69	4	18	0	18	0.206896551724
0.196537383555	0.179959100204	70	4	18	0	18	0.204545454545
0.197438735131	0.18200408998	71	4	18	0	18	0.202247191011
0.19905479506	0.184049079755	72	4	18	0	18	0.2
0.199374887593	0.18609406953	73	4	18	0	18	0.197802197802
0.199716328902	0.188139059305	74	4	18	0	18	0.195652173913
0.202967587624	0.18609406953	75	4	18	0	18	0.193548387097
0.206204363333	0.184049079755	76	4	18	0	18	0.191489361702
0.207115780419	0.18609406953	77	4	18	0	18	0.189473684211
0.20757188499	0.188139059305	78	4	18	0	18	0.1875
0.208355249164	0.19018404908	79	4	18	0	18	0.185567010309
