# time 	 divergence 	 # of mutations 	 # IGC chances 	 IGC length 	 # IGC failures 	 Changes due to IGC  	 % change due to IGC 
0.0	0.0143149284254	0	0	0	0	0	0.0
0.000141066702415	0.0143149284254	0	1	18	0	0	0.0
0.0012513394809	0.0143149284254	0	2	6	0	0	0.0
0.0018077108022	0.0143149284254	0	3	3	0	0	0.0
0.00233379331075	0.0143149284254	0	4	9	0	0	0.0
0.00433008883044	0.0143149284254	0	5	3	0	0	0.0
0.00548994203083	0.0143149284254	0	6	3	0	0	0.0
0.00608354244532	0.0143149284254	0	7	3	0	0	0.0
0.0060870796269	0.0122699386503	0	8	12	0	1	1.0
0.0064092014151	0.0122699386503	0	9	3	0	1	1.0
0.00674664913235	0.0102249488753	0	10	24	0	2	1.0
0.00717494465047	0.0102249488753	0	11	3	0	2	1.0
0.00749505354551	0.0102249488753	0	12	3	0	2	1.0
0.00768751539317	0.0122699386503	1	12	3	0	2	0.666666666667
0.00769791021334	0.0122699386503	1	13	6	0	2	0.666666666667
0.00772051618748	0.0122699386503	1	14	6	0	2	0.666666666667
0.00827864275	0.0122699386503	1	15	9	0	2	0.666666666667
0.00829731242932	0.0122699386503	1	16	12	0	2	0.666666666667
0.00845776822299	0.0143149284254	2	16	12	0	2	0.5
0.00848285989129	0.0143149284254	2	17	9	0	2	0.5
0.00859197410284	0.0143149284254	2	18	3	0	2	0.5
0.00885622995757	0.0143149284254	2	19	12	0	2	0.5
0.0100393092911	0.0163599182004	3	19	12	0	2	0.4
0.0111382810829	0.0184049079755	4	19	12	0	2	0.333333333333
0.0113203253702	0.0184049079755	4	20	9	0	2	0.333333333333
0.0115439897649	0.0204498977505	5	20	9	0	2	0.285714285714
0.0117164441046	0.0204498977505	5	21	6	0	2	0.285714285714
0.0120803096921	0.0184049079755	5	22	12	0	3	0.375
0.0123000366983	0.0184049079755	5	23	6	0	3	0.375
0.0124902118302	0.0184049079755	5	24	3	0	3	0.375
0.0132609994708	0.0184049079755	5	25	3	0	3	0.375
0.0134148340668	0.0184049079755	5	26	15	0	3	0.375
0.0141633267361	0.0184049079755	5	27	6	0	3	0.375
0.0142892349058	0.0184049079755	5	28	6	0	3	0.375
0.0152855016063	0.0184049079755	5	29	3	0	3	0.375
0.0168376752381	0.0184049079755	5	30	9	0	3	0.375
0.0169578186862	0.0184049079755	5	31	9	0	3	0.375
0.0174405963556	0.0163599182004	5	32	3	0	4	0.444444444444
0.0177455360956	0.0163599182004	5	33	12	0	4	0.444444444444
0.0179904423836	0.0163599182004	5	34	3	0	4	0.444444444444
0.0181612070301	0.0163599182004	5	35	9	0	4	0.444444444444
0.0186651706368	0.0163599182004	5	36	3	0	4	0.444444444444
0.019332937065	0.0163599182004	5	37	3	0	4	0.444444444444
0.0194970406769	0.0143149284254	5	38	6	0	5	0.5
0.0196174164927	0.0163599182004	6	38	6	0	5	0.454545454545
0.0204737711543	0.0163599182004	6	39	3	0	5	0.454545454545
0.0211613025484	0.0163599182004	6	40	6	0	5	0.454545454545
0.021747388299	0.0163599182004	6	41	3	0	5	0.454545454545
0.0226475526302	0.0163599182004	6	42	6	0	5	0.454545454545
0.0230576730245	0.0163599182004	6	43	3	0	5	0.454545454545
0.0235729908246	0.0163599182004	6	44	12	0	5	0.454545454545
0.0237001352914	0.0143149284254	6	45	9	0	6	0.5
0.024192226262	0.0163599182004	7	45	9	0	6	0.461538461538
0.0243071137854	0.0163599182004	7	46	9	0	6	0.461538461538
0.0247739591094	0.0184049079755	8	46	9	0	6	0.428571428571
0.0248683047357	0.0184049079755	8	47	3	0	6	0.428571428571
0.0250525674951	0.0163599182004	8	48	18	0	7	0.466666666667
0.0258127298649	0.0143149284254	8	49	12	0	8	0.5
0.0260355713778	0.0143149284254	8	50	6	0	8	0.5
0.0272141016401	0.0143149284254	8	51	6	0	8	0.5
0.02738319094	0.0163599182004	9	51	6	0	8	0.470588235294
0.0274883479163	0.0163599182004	9	52	6	0	8	0.470588235294
0.027965939346	0.0163599182004	9	53	12	0	8	0.470588235294
0.0286936596508	0.0163599182004	9	54	3	0	8	0.470588235294
0.0293684890801	0.0143149284254	9	55	9	0	9	0.5
0.029781176001	0.0143149284254	9	56	15	0	9	0.5
0.0305082349514	0.0143149284254	9	57	6	0	9	0.5
0.0307892962307	0.0143149284254	9	58	24	0	9	0.5
0.0308506639356	0.0143149284254	9	59	3	0	9	0.5
0.0313789642188	0.0143149284254	9	60	3	0	9	0.5
0.0317347890432	0.0143149284254	9	61	12	0	9	0.5
0.0317944256988	0.0143149284254	9	62	9	0	9	0.5
0.0318062438662	0.0163599182004	10	62	9	0	9	0.473684210526
0.0318088172301	0.0163599182004	10	63	9	0	9	0.473684210526
0.031943995246	0.0163599182004	10	64	15	0	9	0.473684210526
0.0319698715744	0.0163599182004	10	65	9	0	9	0.473684210526
0.0320392889958	0.0163599182004	10	66	3	0	9	0.473684210526
0.032549374417	0.0163599182004	10	67	9	0	9	0.473684210526
0.032828922671	0.0143149284254	10	68	27	0	10	0.5
0.0331991141165	0.0143149284254	10	69	3	0	10	0.5
0.034590357526	0.0143149284254	10	70	3	0	10	0.5
0.0348870830205	0.0163599182004	11	70	3	0	10	0.47619047619
0.0353543327433	0.0163599182004	11	71	42	0	10	0.47619047619
0.0361821623322	0.0143149284254	11	72	6	0	11	0.5
0.036230896828	0.0143149284254	11	73	3	0	11	0.5
0.0368733748569	0.0143149284254	11	74	3	0	11	0.5
0.0370833425036	0.0143149284254	11	75	3	0	11	0.5
0.0376934778868	0.0143149284254	11	76	3	0	11	0.5
0.0378573121347	0.0163599182004	12	76	3	0	11	0.478260869565
0.0384380956146	0.0163599182004	12	77	3	0	11	0.478260869565
0.0396566504929	0.0163599182004	12	78	3	0	11	0.478260869565
0.0398926299424	0.0163599182004	12	79	12	0	11	0.478260869565
0.0399647474166	0.0184049079755	13	79	12	0	11	0.458333333333
0.0402057047917	0.0204498977505	14	79	12	0	11	0.44
0.0410360639945	0.0204498977505	14	80	9	0	11	0.44
0.0417262689592	0.0204498977505	14	81	3	0	11	0.44
0.0430268636572	0.0204498977505	14	82	6	0	11	0.44
0.0431576426341	0.0204498977505	14	83	6	0	11	0.44
0.0432140376252	0.0184049079755	14	84	3	0	12	0.461538461538
0.0434358797348	0.0184049079755	14	85	9	0	12	0.461538461538
0.0440718245704	0.0184049079755	14	86	3	0	12	0.461538461538
0.0443088286933	0.0184049079755	14	87	3	0	12	0.461538461538
0.0444772886676	0.0184049079755	14	88	12	0	12	0.461538461538
0.0446031159735	0.0184049079755	14	89	12	0	12	0.461538461538
0.0448765516748	0.0184049079755	14	90	3	0	12	0.461538461538
0.0456569265652	0.0184049079755	14	91	9	0	12	0.461538461538
0.0476162782812	0.0184049079755	14	92	9	0	12	0.461538461538
0.0477999723956	0.0184049079755	14	93	9	0	12	0.461538461538
0.0478996262087	0.0184049079755	14	94	3	0	12	0.461538461538
0.0484026370436	0.0184049079755	14	95	9	0	12	0.461538461538
0.04906115889	0.0163599182004	14	96	33	0	13	0.481481481481
0.0500920271122	0.0163599182004	14	97	12	0	13	0.481481481481
0.0508786504973	0.0163599182004	14	98	6	0	13	0.481481481481
0.0523206525815	0.0184049079755	15	98	6	0	13	0.464285714286
0.0523998572807	0.0184049079755	15	99	48	0	13	0.464285714286
0.0527167775765	0.0204498977505	16	99	48	0	13	0.448275862069
0.0538189647633	0.0204498977505	16	100	3	0	13	0.448275862069
0.0544949126	0.0204498977505	16	101	6	0	13	0.448275862069
0.054564782664	0.0204498977505	16	102	3	0	13	0.448275862069
0.0561056394861	0.0204498977505	16	103	6	0	13	0.448275862069
0.0572956926412	0.0204498977505	16	104	12	0	13	0.448275862069
0.0573364744628	0.0204498977505	16	105	6	0	13	0.448275862069
0.0587293009757	0.0184049079755	16	106	3	0	14	0.466666666667
0.059315849221	0.0184049079755	16	107	6	0	14	0.466666666667
0.0598367952086	0.0204498977505	17	107	6	0	14	0.451612903226
0.0600519261653	0.0184049079755	17	108	15	0	15	0.46875
0.0607986669687	0.0184049079755	17	109	3	0	15	0.46875
0.0607991922347	0.0204498977505	18	109	3	0	15	0.454545454545
0.0610010713721	0.0204498977505	18	110	6	0	15	0.454545454545
0.0613248313732	0.0224948875256	19	110	6	0	15	0.441176470588
0.0623617795946	0.0224948875256	19	111	3	0	15	0.441176470588
0.0623904966197	0.0224948875256	19	112	3	0	15	0.441176470588
0.0624597283379	0.0224948875256	19	113	3	0	15	0.441176470588
0.0635969617782	0.0224948875256	19	114	3	0	15	0.441176470588
0.0640929021331	0.0224948875256	19	115	3	0	15	0.441176470588
0.0644080198923	0.0224948875256	19	116	12	0	15	0.441176470588
0.0653699970478	0.0245398773006	20	116	12	0	15	0.428571428571
0.0660282399714	0.0245398773006	20	117	18	0	15	0.428571428571
0.0662816283594	0.0265848670757	21	117	18	0	15	0.416666666667
0.0665294734475	0.0265848670757	21	118	3	0	15	0.416666666667
0.0667437852752	0.0265848670757	21	119	9	0	15	0.416666666667
0.0667683073688	0.0286298568507	22	119	9	0	15	0.405405405405
0.0677984980688	0.0265848670757	22	120	15	0	16	0.421052631579
0.068344338021	0.0265848670757	22	121	6	0	16	0.421052631579
0.0685678313026	0.0265848670757	22	122	3	0	16	0.421052631579
0.0693818236778	0.0245398773006	22	123	27	0	17	0.435897435897
0.0694160987775	0.0204498977505	22	124	6	0	19	0.463414634146
0.0695034193954	0.0204498977505	22	125	3	0	19	0.463414634146
0.0695106474235	0.0204498977505	22	126	15	0	19	0.463414634146
0.0706342244876	0.0204498977505	22	127	3	0	19	0.463414634146
0.0707453418751	0.0184049079755	22	128	9	0	20	0.47619047619
0.0714104471773	0.0184049079755	22	129	15	0	20	0.47619047619
0.0715228221212	0.0204498977505	23	129	15	0	20	0.46511627907
0.0722055505916	0.0143149284254	23	130	30	0	23	0.5
0.0722749492737	0.0143149284254	23	131	3	0	23	0.5
0.0724994145738	0.0122699386503	23	132	9	0	24	0.510638297872
0.072594894179	0.0122699386503	23	133	3	0	24	0.510638297872
0.0726424692293	0.0122699386503	23	134	3	0	24	0.510638297872
0.0732880679181	0.0122699386503	23	135	3	0	24	0.510638297872
0.0736713913701	0.0102249488753	23	136	3	0	25	0.520833333333
0.073792205989	0.0102249488753	23	137	3	0	25	0.520833333333
0.074381771114	0.0102249488753	23	138	9	0	25	0.520833333333
0.0745346826466	0.0102249488753	23	139	6	0	25	0.520833333333
0.0747710639011	0.0102249488753	23	140	3	0	25	0.520833333333
0.0754243243428	0.0102249488753	23	141	3	0	25	0.520833333333
0.0754922565665	0.0122699386503	24	141	3	0	25	0.510204081633
0.0772799276554	0.0122699386503	24	142	6	0	25	0.510204081633
0.0773467573268	0.0122699386503	24	143	9	0	25	0.510204081633
0.0774969145329	0.0122699386503	24	144	6	0	25	0.510204081633
0.0779179145238	0.0122699386503	24	145	15	0	25	0.510204081633
0.078891135557	0.0122699386503	24	146	9	0	25	0.510204081633
0.0798100087083	0.0102249488753	24	147	9	0	26	0.52
0.0803845191857	0.0102249488753	24	148	6	0	26	0.52
0.0807808613075	0.0102249488753	24	149	6	0	26	0.52
0.0810414368196	0.0102249488753	24	150	6	0	26	0.52
0.0811415212922	0.0122699386503	25	150	6	0	26	0.509803921569
0.0813524836458	0.0122699386503	25	151	24	0	26	0.509803921569
0.0813857545294	0.0122699386503	25	152	3	0	26	0.509803921569
0.0826880888918	0.0122699386503	25	153	18	0	26	0.509803921569
0.0839374650697	0.0122699386503	25	154	24	0	26	0.509803921569
0.0849139688545	0.0122699386503	25	155	12	0	26	0.509803921569
0.0850163794596	0.0102249488753	25	156	15	0	27	0.519230769231
0.0851078711226	0.0102249488753	25	157	3	0	27	0.519230769231
