# time 	 divergence 	 # of mutations 	 # IGC chances 	 IGC length 	 # IGC failures 	 Changes due to IGC  	 % change due to IGC 
0.0	0.567251461988	0	0	0	0	0	0.0
0.00163560647407	0.566276803119	1	0	0	0	0	0.0
0.0050212842932	0.56530214425	2	0	0	0	0	0.0
0.00539163743005	0.566276803119	3	0	0	0	0	0.0
0.00609731091116	0.562378167641	3	1	6	0	4	0.571428571429
0.00941645948295	0.563352826511	4	1	6	0	4	0.5
0.0116697129831	0.563352826511	5	1	6	0	4	0.444444444444
0.0126314814847	0.563352826511	6	1	6	0	4	0.4
0.0126402454329	0.562378167641	6	2	9	0	5	0.454545454545
0.0146583413885	0.562378167641	7	2	9	0	5	0.416666666667
0.017344406376	0.562378167641	8	2	9	0	5	0.384615384615
0.0174654021175	0.558479532164	8	3	9	0	9	0.529411764706
0.0180873228941	0.559454191033	9	3	9	0	9	0.5
0.0194361762655	0.559454191033	10	3	9	0	9	0.473684210526
0.0195598850718	0.558479532164	11	3	9	0	9	0.45
0.0206372335015	0.559454191033	12	3	9	0	9	0.428571428571
0.0212761005786	0.560428849903	13	3	9	0	9	0.409090909091
0.0215058024788	0.560428849903	14	3	9	0	9	0.391304347826
0.0222617023832	0.561403508772	15	3	9	0	9	0.375
0.0222650211352	0.562378167641	16	3	9	0	9	0.36
0.025929608759	0.562378167641	17	3	9	0	9	0.346153846154
0.0263969491815	0.563352826511	18	3	9	0	9	0.333333333333
0.0265718672482	0.563352826511	19	3	9	0	9	0.321428571429
0.0278465906432	0.563352826511	20	3	9	0	9	0.310344827586
0.0281070874802	0.562378167641	21	3	9	0	9	0.3
0.0287029429538	0.562378167641	22	3	9	0	9	0.290322580645
0.0320056772741	0.563352826511	23	3	9	0	9	0.28125
0.0429003558907	0.562378167641	24	3	9	0	9	0.272727272727
0.0429496550302	0.562378167641	25	3	9	0	9	0.264705882353
0.0464601757023	0.563352826511	26	3	9	0	9	0.257142857143
0.0465928147103	0.562378167641	27	3	9	0	9	0.25
0.0521096979441	0.563352826511	28	3	9	0	9	0.243243243243
0.0524342941645	0.563352826511	29	3	9	0	9	0.236842105263
0.0532193619514	0.562378167641	30	3	9	0	9	0.230769230769
0.0553094853085	0.562378167641	31	3	9	0	9	0.225
0.0554153532269	0.561403508772	32	3	9	0	9	0.219512195122
0.0571679423697	0.561403508772	33	3	9	0	9	0.214285714286
0.0575462681909	0.562378167641	34	3	9	0	9	0.209302325581
0.0580501308007	0.563352826511	35	3	9	0	9	0.204545454545
0.0583496293532	0.560428849903	35	4	6	0	12	0.255319148936
0.0593974964997	0.561403508772	36	4	6	0	12	0.25
0.0594163086028	0.562378167641	37	4	6	0	12	0.244897959184
0.0594486464873	0.563352826511	38	4	6	0	12	0.24
0.0601772628815	0.56432748538	39	4	6	0	12	0.235294117647
0.0605050684213	0.563352826511	40	4	6	0	12	0.230769230769
0.0615931037849	0.563352826511	41	4	6	0	12	0.22641509434
0.0621277578804	0.56432748538	42	4	6	0	12	0.222222222222
0.0631167349742	0.563352826511	43	4	6	0	12	0.218181818182
0.0638192594298	0.562378167641	44	4	6	0	12	0.214285714286
0.0644962435066	0.563352826511	45	4	6	0	12	0.210526315789
0.0662007669064	0.563352826511	46	4	6	0	12	0.206896551724
0.0666724301719	0.563352826511	47	4	6	0	12	0.203389830508
0.0667847419278	0.563352826511	48	4	6	0	12	0.2
0.0686504122313	0.563352826511	49	4	6	0	12	0.196721311475
0.0690027518021	0.563352826511	50	4	6	0	12	0.193548387097
0.0711453565661	0.56432748538	51	4	6	0	12	0.190476190476
0.0714207496729	0.56530214425	52	4	6	0	12	0.1875
0.0738959903676	0.56530214425	53	4	6	0	12	0.184615384615
0.0741339761142	0.566276803119	54	4	6	0	12	0.181818181818
0.0841654632858	0.567251461988	55	4	6	0	12	0.179104477612
0.0846884105245	0.566276803119	56	4	6	0	12	0.176470588235
0.0868523831263	0.567251461988	57	4	6	0	12	0.173913043478
0.0875713374459	0.567251461988	58	4	6	0	12	0.171428571429
0.0877538344149	0.566276803119	59	4	6	0	12	0.169014084507
0.0913436826271	0.567251461988	60	4	6	0	12	0.166666666667
0.0935570952265	0.566276803119	61	4	6	0	12	0.164383561644
0.095432512009	0.567251461988	62	4	6	0	12	0.162162162162
0.0954923333611	0.566276803119	63	4	6	0	12	0.16
0.0961636829198	0.566276803119	64	4	6	0	12	0.157894736842
0.101425953167	0.567251461988	65	4	6	0	12	0.155844155844
0.102389359046	0.568226120858	66	4	6	0	12	0.153846153846
0.103334071263	0.568226120858	67	4	6	0	12	0.151898734177
0.10471872152	0.569200779727	68	4	6	0	12	0.15
0.106200827829	0.570175438596	69	4	6	0	12	0.148148148148
0.107542162284	0.571150097466	70	4	6	0	12	0.146341463415
0.107952178306	0.571150097466	71	4	6	0	12	0.144578313253
0.10904630469	0.571150097466	72	4	6	0	12	0.142857142857
0.109249516105	0.570175438596	73	4	6	0	12	0.141176470588
0.109307839527	0.569200779727	74	4	6	0	12	0.139534883721
0.110231131335	0.569200779727	75	4	6	0	12	0.137931034483
0.110448488673	0.568226120858	76	4	6	0	12	0.136363636364
0.11089118583	0.569200779727	77	4	6	0	12	0.134831460674
0.113276061245	0.569200779727	78	4	6	0	12	0.133333333333
0.116122392981	0.570175438596	79	4	6	0	12	0.131868131868
0.116166000397	0.570175438596	80	4	6	0	12	0.130434782609
0.116205717315	0.571150097466	81	4	6	0	12	0.129032258065
0.116639592875	0.571150097466	82	4	6	0	12	0.127659574468
0.116917896553	0.572124756335	83	4	6	0	12	0.126315789474
0.117343977675	0.572124756335	84	4	6	0	12	0.125
0.119184269588	0.571150097466	85	4	6	0	12	0.123711340206
0.11985621862	0.571150097466	86	4	6	0	12	0.122448979592
0.120964238828	0.572124756335	87	4	6	0	12	0.121212121212
0.121621895068	0.573099415205	88	4	6	0	12	0.12
0.122732009756	0.574074074074	89	4	6	0	12	0.118811881188
0.124296656366	0.574074074074	90	4	6	0	12	0.117647058824
0.124358896154	0.573099415205	91	4	6	0	12	0.116504854369
0.124959750512	0.572124756335	92	4	6	0	12	0.115384615385
0.12855787829	0.572124756335	93	4	6	0	12	0.114285714286
0.128590687098	0.571150097466	94	4	6	0	12	0.11320754717
0.128621366973	0.572124756335	95	4	6	0	12	0.11214953271
0.129032596206	0.573099415205	96	4	6	0	12	0.111111111111
0.132734378337	0.573099415205	97	4	6	0	12	0.110091743119
0.133425142743	0.573099415205	98	4	6	0	12	0.109090909091
0.133548111798	0.574074074074	99	4	6	0	12	0.108108108108
0.136874158941	0.575048732943	100	4	6	0	12	0.107142857143
0.13802935539	0.575048732943	101	4	6	0	12	0.106194690265
0.141049979427	0.576023391813	102	4	6	0	12	0.105263157895
0.141149141654	0.575048732943	103	4	6	0	12	0.104347826087
0.141356719261	0.576023391813	104	4	6	0	12	0.103448275862
0.143661204205	0.576998050682	105	4	6	0	12	0.102564102564
0.146287404478	0.576998050682	106	4	6	0	12	0.101694915254
0.151206256103	0.577972709552	107	4	6	0	12	0.100840336134
0.151429351936	0.577972709552	108	4	6	0	12	0.1
0.152287808553	0.578947368421	109	4	6	0	12	0.099173553719
0.153324128742	0.578947368421	110	4	6	0	12	0.0983606557377
0.153496274466	0.577972709552	111	4	6	0	12	0.0975609756098
0.155056764505	0.576998050682	112	4	6	0	12	0.0967741935484
0.158199098333	0.574074074074	112	5	12	0	15	0.11811023622
0.160788694695	0.575048732943	113	5	12	0	15	0.1171875
0.161296609577	0.575048732943	114	5	12	0	15	0.116279069767
0.162244795009	0.576023391813	115	5	12	0	15	0.115384615385
0.162534863445	0.570175438596	115	6	9	0	21	0.154411764706
0.166341859209	0.569200779727	116	6	9	0	21	0.153284671533
0.168326464444	0.568226120858	117	6	9	0	21	0.152173913043
0.169878113067	0.567251461988	118	6	9	0	21	0.151079136691
0.171483290598	0.568226120858	119	6	9	0	21	0.15
0.171935347151	0.567251461988	120	6	9	0	21	0.148936170213
0.173386429164	0.568226120858	121	6	9	0	21	0.147887323944
0.17394955451	0.568226120858	122	6	9	0	21	0.146853146853
0.174678003619	0.567251461988	123	6	9	0	21	0.145833333333
0.17482793663	0.567251461988	124	6	9	0	21	0.144827586207
0.175117547316	0.566276803119	125	6	9	0	21	0.143835616438
0.175626762699	0.566276803119	126	6	9	0	21	0.142857142857
0.178938731849	0.566276803119	127	6	9	0	21	0.141891891892
0.179074975405	0.567251461988	128	6	9	0	21	0.140939597315
0.179429470415	0.563352826511	128	7	12	0	25	0.16339869281
0.180974798726	0.562378167641	129	7	12	0	25	0.162337662338
0.181578322517	0.563352826511	130	7	12	0	25	0.161290322581
0.181887782327	0.56432748538	131	7	12	0	25	0.160256410256
0.182426595363	0.56530214425	132	7	12	0	25	0.15923566879
0.184038710152	0.566276803119	133	7	12	0	25	0.158227848101
0.185742327739	0.566276803119	134	7	12	0	25	0.157232704403
0.186322835786	0.567251461988	135	7	12	0	25	0.15625
0.187217237539	0.568226120858	136	7	12	0	25	0.155279503106
0.190325763122	0.569200779727	137	7	12	0	25	0.154320987654
0.194984698762	0.570175438596	138	7	12	0	25	0.153374233129
0.197158664561	0.571150097466	139	7	12	0	25	0.15243902439
0.198239015108	0.571150097466	140	7	12	0	25	0.151515151515
0.201278137802	0.561403508772	140	8	21	0	35	0.2
0.20144713329	0.562378167641	141	8	21	0	35	0.198863636364
0.2017900563	0.563352826511	142	8	21	0	35	0.197740112994
0.202364467054	0.56432748538	143	8	21	0	35	0.196629213483
0.202890192233	0.56432748538	144	8	21	0	35	0.195530726257
0.203490777316	0.563352826511	145	8	21	0	35	0.194444444444
0.203942694684	0.562378167641	146	8	21	0	35	0.193370165746
0.204549762227	0.562378167641	147	8	21	0	35	0.192307692308
0.204665264323	0.563352826511	148	8	21	0	35	0.191256830601
0.204802986279	0.56432748538	149	8	21	0	35	0.190217391304
0.206163279774	0.56432748538	150	8	21	0	35	0.189189189189
0.206556230997	0.56530214425	151	8	21	0	35	0.188172043011
0.20678519583	0.566276803119	152	8	21	0	35	0.187165775401
0.209671588937	0.567251461988	153	8	21	0	35	0.186170212766
0.209843576766	0.567251461988	154	8	21	0	35	0.185185185185
0.212889632814	0.568226120858	155	8	21	0	35	0.184210526316
0.214593562362	0.569200779727	156	8	21	0	35	0.183246073298
0.219358345367	0.569200779727	157	8	21	0	35	0.182291666667
0.219899389171	0.569200779727	158	8	21	0	35	0.181347150259
0.219921831679	0.568226120858	159	8	21	0	35	0.180412371134
0.220068478273	0.569200779727	160	8	21	0	35	0.179487179487
0.220231967656	0.569200779727	161	8	21	0	35	0.178571428571
0.220319737516	0.570175438596	162	8	21	0	35	0.177664974619
0.221083634022	0.570175438596	163	8	21	0	35	0.176767676768
0.221900658858	0.570175438596	164	8	21	0	35	0.175879396985
0.222052612771	0.571150097466	165	8	21	0	35	0.175
0.222643219607	0.572124756335	166	8	21	0	35	0.174129353234
0.223738170707	0.573099415205	167	8	21	0	35	0.173267326733
0.223762120302	0.574074074074	168	8	21	0	35	0.172413793103
0.225320974383	0.574074074074	169	8	21	0	35	0.171568627451
0.228079870455	0.575048732943	170	8	21	0	35	0.170731707317
0.228673365649	0.575048732943	171	8	21	0	35	0.169902912621
0.228851222291	0.575048732943	172	8	21	0	35	0.169082125604
0.229149908626	0.574074074074	173	8	21	0	35	0.168269230769
0.232250404611	0.575048732943	174	8	21	0	35	0.167464114833
0.233799527509	0.576023391813	175	8	21	0	35	0.166666666667
0.234868247151	0.576998050682	176	8	21	0	35	0.165876777251
0.235974332367	0.576023391813	177	8	21	0	35	0.165094339623
0.236973481283	0.56432748538	177	9	15	0	47	0.209821428571
0.239425223073	0.56530214425	178	9	15	0	47	0.208888888889
0.23954757214	0.566276803119	179	9	15	0	47	0.20796460177
0.240115875055	0.566276803119	180	9	15	0	47	0.20704845815
0.240785317667	0.566276803119	181	9	15	0	47	0.206140350877
0.242734268081	0.56530214425	182	9	15	0	47	0.205240174672
0.244437160877	0.566276803119	183	9	15	0	47	0.204347826087
0.245501608451	0.56432748538	183	10	15	0	49	0.211206896552
0.246316582938	0.563352826511	184	10	15	0	49	0.210300429185
0.247481018679	0.56432748538	185	10	15	0	49	0.209401709402
0.24764729727	0.56530214425	186	10	15	0	49	0.208510638298
0.24846464712	0.56530214425	187	10	15	0	49	0.207627118644
0.24968089532	0.56432748538	188	10	15	0	49	0.206751054852
0.253497568694	0.56530214425	189	10	15	0	49	0.205882352941
0.255044102169	0.56530214425	190	10	15	0	49	0.205020920502
0.255167779848	0.566276803119	191	10	15	0	49	0.204166666667
0.256302633857	0.567251461988	192	10	15	0	49	0.203319502075
0.258518261819	0.568226120858	193	10	15	0	49	0.202479338843
0.259352847647	0.568226120858	194	10	15	0	49	0.201646090535
0.261976013442	0.569200779727	195	10	15	0	49	0.200819672131
0.267560603628	0.569200779727	196	10	15	0	49	0.2
0.26762849974	0.569200779727	197	10	15	0	49	0.19918699187
0.268399820284	0.569200779727	198	10	15	0	49	0.198380566802
0.268661628241	0.570175438596	199	10	15	0	49	0.197580645161
0.269327500107	0.571150097466	200	10	15	0	49	0.196787148594
0.269802468352	0.572124756335	201	10	15	0	49	0.196
0.270445003947	0.572124756335	202	10	15	0	49	0.195219123506
0.270887485595	0.572124756335	203	10	15	0	49	0.194444444444
0.272045196357	0.573099415205	204	10	15	0	49	0.193675889328
0.27550233738	0.573099415205	205	10	15	0	49	0.192913385827
0.278955290799	0.572124756335	206	10	15	0	49	0.192156862745
0.282067048921	0.572124756335	207	10	15	0	49	0.19140625
0.282171599139	0.571150097466	208	10	15	0	49	0.190661478599
0.283368726762	0.572124756335	209	10	15	0	49	0.18992248062
0.283711960441	0.573099415205	210	10	15	0	49	0.189189189189
0.285517792246	0.573099415205	211	10	15	0	49	0.188461538462
0.286934009357	0.574074074074	212	10	15	0	49	0.187739463602
0.288349712864	0.574074074074	213	10	15	0	49	0.187022900763
0.288775700958	0.574074074074	214	10	15	0	49	0.186311787072
0.289097194186	0.574074074074	215	10	15	0	49	0.185606060606
0.289539604892	0.574074074074	216	10	15	0	49	0.184905660377
0.290099908318	0.574074074074	217	10	15	0	49	0.184210526316
0.29747481412	0.572124756335	217	11	6	0	51	0.190298507463
0.297902327176	0.573099415205	218	11	6	0	51	0.189591078067
0.298373085858	0.574074074074	219	11	6	0	51	0.188888888889
0.300129497608	0.575048732943	220	11	6	0	51	0.188191881919
0.301191401104	0.574074074074	221	11	6	0	51	0.1875
0.302309341798	0.574074074074	222	11	6	0	51	0.186813186813
0.3023385735	0.575048732943	223	11	6	0	51	0.186131386861
0.303899731111	0.575048732943	224	11	6	0	51	0.185454545455
0.304495156311	0.574074074074	225	11	6	0	51	0.184782608696
0.305034990437	0.575048732943	226	11	6	0	51	0.184115523466
0.305103354743	0.576023391813	227	11	6	0	51	0.18345323741
0.307270376597	0.575048732943	228	11	6	0	51	0.182795698925
0.307675616773	0.574074074074	229	11	6	0	51	0.182142857143
0.31067650618	0.575048732943	230	11	6	0	51	0.181494661922
0.312674439366	0.575048732943	231	11	6	0	51	0.18085106383
0.313242585052	0.576023391813	232	11	6	0	51	0.180212014134
0.315874911832	0.575048732943	233	11	6	0	51	0.179577464789
0.316044086473	0.576023391813	234	11	6	0	51	0.178947368421
0.317833233196	0.576998050682	235	11	6	0	51	0.178321678322
0.325545393765	0.576998050682	236	11	6	0	51	0.177700348432
0.327261093083	0.576998050682	237	11	6	0	51	0.177083333333
0.327424611285	0.577972709552	238	11	6	0	51	0.176470588235
0.330453864924	0.576998050682	239	11	6	0	51	0.175862068966
0.337988116142	0.576023391813	240	11	6	0	51	0.175257731959
0.338454970977	0.572124756335	240	12	9	0	55	0.186440677966
0.339497793721	0.573099415205	241	12	9	0	55	0.185810810811
0.339545102045	0.573099415205	242	12	9	0	55	0.185185185185
0.339811948615	0.573099415205	243	12	9	0	55	0.184563758389
0.340262111026	0.574074074074	244	12	9	0	55	0.183946488294
0.341636050257	0.574074074074	245	12	9	0	55	0.183333333333
0.342923220175	0.573099415205	246	12	9	0	55	0.182724252492
0.343139951028	0.574074074074	247	12	9	0	55	0.182119205298
0.343372197965	0.575048732943	248	12	9	0	55	0.181518151815
0.343594371588	0.576023391813	249	12	9	0	55	0.180921052632
0.344863257132	0.576023391813	250	12	9	0	55	0.180327868852
0.34515644874	0.576023391813	251	12	9	0	55	0.179738562092
0.346582870151	0.575048732943	252	12	9	0	55	0.179153094463
0.347033857586	0.576023391813	253	12	9	0	55	0.178571428571
0.347809113789	0.576023391813	254	12	9	0	55	0.177993527508
0.34819264419	0.576998050682	255	12	9	0	55	0.177419354839
0.348885802745	0.577972709552	256	12	9	0	55	0.176848874598
0.349340089483	0.576998050682	257	12	9	0	55	0.176282051282
0.350325386426	0.576023391813	258	12	9	0	55	0.17571884984
0.353896528689	0.576998050682	259	12	9	0	55	0.175159235669
0.354973144964	0.576023391813	260	12	9	0	55	0.174603174603
0.356860016767	0.576023391813	261	12	9	0	55	0.174050632911
0.357611175949	0.576998050682	262	12	9	0	55	0.173501577287
0.361704240883	0.576998050682	263	12	9	0	55	0.172955974843
0.364500610884	0.576023391813	264	12	9	0	55	0.172413793103
0.364678191629	0.576023391813	265	12	9	0	55	0.171875
0.36470881407	0.576998050682	266	12	9	0	55	0.171339563863
0.364852172492	0.576023391813	267	12	9	0	55	0.170807453416
0.366290292575	0.576023391813	268	12	9	0	55	0.170278637771
0.370497222962	0.575048732943	269	12	9	0	55	0.16975308642
0.37259732025	0.576023391813	270	12	9	0	55	0.169230769231
0.373008917439	0.575048732943	271	12	9	0	55	0.168711656442
0.373475674276	0.575048732943	272	12	9	0	55	0.168195718654
0.373851935208	0.576023391813	273	12	9	0	55	0.167682926829
0.37431903174	0.576023391813	274	12	9	0	55	0.16717325228
0.374935267255	0.575048732943	275	12	9	0	55	0.166666666667
0.375561949177	0.576023391813	276	12	9	0	55	0.166163141994
0.375632098802	0.576998050682	277	12	9	0	55	0.165662650602
0.376106137801	0.576998050682	278	12	9	0	55	0.165165165165
0.376619523906	0.576023391813	279	12	9	0	55	0.164670658683
0.37989965391	0.576998050682	280	12	9	0	55	0.164179104478
0.379943712429	0.577972709552	281	12	9	0	55	0.16369047619
0.381378266007	0.577972709552	282	12	9	0	55	0.163204747774
0.381972280702	0.578947368421	283	12	9	0	55	0.162721893491
0.384557718063	0.576998050682	283	13	9	0	57	0.167647058824
0.384899304507	0.576023391813	284	13	9	0	57	0.16715542522
0.387675706342	0.576023391813	285	13	9	0	57	0.166666666667
0.388039424536	0.576998050682	286	13	9	0	57	0.166180758017
0.388234508865	0.576023391813	287	13	9	0	57	0.165697674419
0.388746745471	0.576023391813	288	13	9	0	57	0.165217391304
0.388860910048	0.575048732943	289	13	9	0	57	0.164739884393
0.395702773745	0.575048732943	289	14	3	0	57	0.164739884393
0.397624540528	0.575048732943	290	14	3	0	57	0.164265129683
0.399204161991	0.576023391813	291	14	3	0	57	0.163793103448
0.399833720342	0.576023391813	292	14	3	0	57	0.163323782235
0.400391172556	0.576023391813	293	14	3	0	57	0.162857142857
0.400902073638	0.575048732943	294	14	3	0	57	0.162393162393
0.401914446745	0.574074074074	295	14	3	0	57	0.161931818182
0.403241172991	0.575048732943	296	14	3	0	57	0.161473087819
0.405696798317	0.576023391813	297	14	3	0	57	0.161016949153
0.406708319765	0.576998050682	298	14	3	0	57	0.160563380282
0.407572416299	0.577972709552	299	14	3	0	57	0.160112359551
0.409608209809	0.577972709552	300	14	3	0	57	0.159663865546
0.409884977763	0.576998050682	301	14	3	0	57	0.159217877095
0.411339073147	0.576998050682	302	14	3	0	57	0.158774373259
0.413077384145	0.576998050682	303	14	3	0	57	0.158333333333
0.414742155815	0.577972709552	304	14	3	0	57	0.157894736842
0.415911547198	0.578947368421	305	14	3	0	57	0.157458563536
0.416344793696	0.578947368421	306	14	3	0	57	0.157024793388
0.418493924318	0.57992202729	307	14	3	0	57	0.156593406593
0.420542707908	0.58089668616	308	14	3	0	57	0.156164383562
0.422795083012	0.57992202729	309	14	3	0	57	0.155737704918
0.42287805696	0.57992202729	310	14	3	0	57	0.155313351499
0.423499198451	0.57992202729	311	14	3	0	57	0.154891304348
0.423550102871	0.58089668616	312	14	3	0	57	0.154471544715
0.424589934486	0.57992202729	313	14	3	0	57	0.154054054054
0.425200417331	0.57992202729	314	14	3	0	57	0.153638814016
0.4288302372	0.57992202729	315	14	3	0	57	0.153225806452
0.432275526883	0.578947368421	316	14	3	0	57	0.152815013405
0.432842450631	0.578947368421	317	14	3	0	57	0.152406417112
0.435307850788	0.57992202729	318	14	3	0	57	0.152
0.436109579105	0.57992202729	319	14	3	0	57	0.151595744681
0.438235653125	0.57992202729	320	14	3	0	57	0.151193633952
0.438582629952	0.58089668616	321	14	3	0	57	0.150793650794
0.438915774494	0.57992202729	322	14	3	0	57	0.150395778364
