# time 	 divergence 	 # of mutations 	 # IGC chances 	 IGC length 	 # IGC failures 	 Changes due to IGC  	 % change due to IGC 
0.0	0.0363247863248	0	0	0	0	0	0.0
0.00130578485899	0.0363247863248	0	1	6	0	0	0.0
0.00209929580152	0.0363247863248	0	2	12	0	0	0.0
0.0043647416144	0.034188034188	0	3	6	0	1	1.0
0.007738695673	0.034188034188	0	4	9	0	1	1.0
0.00889344105444	0.0299145299145	0	5	18	0	3	1.0
0.0106406975428	0.0320512820513	1	5	18	0	3	0.75
0.012998890648	0.0320512820513	1	6	3	0	3	0.75
0.0133839444539	0.0299145299145	2	6	3	0	3	0.6
0.0135109766488	0.0320512820513	3	6	3	0	3	0.5
0.014344634686	0.0320512820513	3	7	3	0	3	0.5
0.0149437263176	0.0320512820513	3	8	12	0	3	0.5
0.0159711271195	0.0320512820513	3	9	21	0	3	0.5
0.0165787884645	0.034188034188	4	9	21	0	3	0.428571428571
0.0167848147048	0.034188034188	4	10	6	0	3	0.428571428571
0.017074755786	0.0363247863248	5	10	6	0	3	0.375
0.0195443432671	0.0320512820513	5	11	45	0	5	0.5
0.0211590792243	0.0320512820513	5	12	21	0	5	0.5
0.021390461476	0.034188034188	6	12	21	0	5	0.454545454545
0.0216389008819	0.0363247863248	7	12	21	0	5	0.416666666667
0.0225474391418	0.0363247863248	7	13	3	0	5	0.416666666667
0.02309037122	0.0363247863248	7	14	6	0	5	0.416666666667
0.0278139726502	0.0363247863248	7	15	3	0	5	0.416666666667
0.0284707827045	0.0363247863248	7	16	3	0	5	0.416666666667
0.0300162393367	0.0363247863248	7	17	3	0	5	0.416666666667
0.0310363877906	0.0384615384615	8	17	3	0	5	0.384615384615
0.0356380073728	0.0384615384615	8	18	6	0	5	0.384615384615
0.0366205411009	0.0384615384615	9	18	6	0	5	0.357142857143
0.0368537368575	0.034188034188	9	19	12	0	7	0.4375
0.0404061678139	0.034188034188	9	20	30	0	7	0.4375
0.0406107651403	0.034188034188	9	21	12	0	7	0.4375
0.0412617355542	0.0363247863248	10	21	12	0	7	0.411764705882
0.0416834992349	0.0363247863248	10	22	15	0	7	0.411764705882
0.0434045709592	0.034188034188	10	23	3	0	8	0.444444444444
0.0435816999286	0.034188034188	10	24	9	0	8	0.444444444444
0.0437378689099	0.034188034188	10	25	12	0	8	0.444444444444
0.0440127190006	0.0299145299145	10	26	9	0	10	0.5
0.044404482118	0.0299145299145	10	27	6	0	10	0.5
0.0452838631679	0.0299145299145	10	28	3	0	10	0.5
0.0470854770113	0.0299145299145	10	29	12	0	10	0.5
0.0473279281884	0.0299145299145	10	30	6	0	10	0.5
0.0501754471635	0.0320512820513	11	30	6	0	10	0.47619047619
0.0505098355857	0.034188034188	12	30	6	0	10	0.454545454545
0.0507703877229	0.034188034188	12	31	3	0	10	0.454545454545
0.0521612334681	0.0320512820513	13	31	3	0	10	0.434782608696
0.0572053075822	0.0320512820513	13	32	3	0	10	0.434782608696
0.057407249189	0.034188034188	14	32	3	0	10	0.416666666667
0.0599161603419	0.0363247863248	15	32	3	0	10	0.4
0.0612206518862	0.0384615384615	16	32	3	0	10	0.384615384615
0.0613693483827	0.0384615384615	16	33	6	0	10	0.384615384615
0.0647773139092	0.0363247863248	16	34	3	0	11	0.407407407407
0.0652397168461	0.0363247863248	16	35	6	0	11	0.407407407407
0.0658502538563	0.0363247863248	16	36	3	0	11	0.407407407407
0.0662552414859	0.0363247863248	16	37	3	0	11	0.407407407407
0.0680725582417	0.034188034188	16	38	6	0	12	0.428571428571
0.0681232768431	0.034188034188	16	39	9	0	12	0.428571428571
0.0742223728272	0.0363247863248	17	39	9	0	12	0.413793103448
0.0757419931087	0.0363247863248	17	40	6	0	12	0.413793103448
0.076195423734	0.0384615384615	18	40	6	0	12	0.4
0.0782503971269	0.0405982905983	19	40	6	0	12	0.387096774194
0.0787910081382	0.0405982905983	19	41	9	0	12	0.387096774194
0.0833639003581	0.0405982905983	20	41	9	0	12	0.375
0.086085503767	0.042735042735	21	41	9	0	12	0.363636363636
0.0867601634497	0.0448717948718	22	41	9	0	12	0.352941176471
0.0879561303071	0.0448717948718	22	42	9	0	12	0.352941176471
0.0928565911189	0.0470085470085	23	42	9	0	12	0.342857142857
0.0947672632889	0.042735042735	23	43	15	0	14	0.378378378378
0.0983313940802	0.042735042735	23	44	3	0	14	0.378378378378
0.100736726952	0.042735042735	23	45	3	0	14	0.378378378378
0.101623005331	0.042735042735	23	46	12	0	14	0.378378378378
0.101825692178	0.0405982905983	23	47	15	0	15	0.394736842105
0.101980747089	0.0384615384615	24	47	15	0	15	0.384615384615
0.102097030591	0.0384615384615	24	48	3	0	15	0.384615384615
0.102376130199	0.0363247863248	24	49	6	0	16	0.4
0.103474647579	0.0363247863248	24	50	3	0	16	0.4
0.104437202334	0.0384615384615	25	50	3	0	16	0.390243902439
0.105421428969	0.0384615384615	25	51	6	0	16	0.390243902439
0.108878521488	0.0384615384615	25	52	3	0	16	0.390243902439
0.109222281309	0.0384615384615	25	53	9	0	16	0.390243902439
0.110270617479	0.0405982905983	26	53	9	0	16	0.380952380952
0.110916719523	0.042735042735	27	53	9	0	16	0.372093023256
0.112629843863	0.0363247863248	27	54	36	0	19	0.413043478261
0.113139266926	0.0384615384615	28	54	36	0	19	0.404255319149
0.113709203993	0.0384615384615	28	55	12	0	19	0.404255319149
0.114353857237	0.0405982905983	29	55	12	0	19	0.395833333333
0.115779798071	0.0405982905983	29	56	3	0	19	0.395833333333
0.116373600069	0.0405982905983	29	57	6	0	19	0.395833333333
0.117335127349	0.034188034188	29	58	33	0	22	0.43137254902
0.118074305442	0.0320512820513	29	59	6	0	23	0.442307692308
0.118218625059	0.0320512820513	29	60	6	0	23	0.442307692308
0.11938078176	0.0320512820513	29	61	9	0	23	0.442307692308
0.121342410529	0.0277777777778	29	62	6	0	25	0.462962962963
0.121799010268	0.0299145299145	30	62	6	0	25	0.454545454545
0.123136432293	0.0277777777778	30	63	3	0	26	0.464285714286
0.123874423789	0.0277777777778	30	64	3	0	26	0.464285714286
0.124906546056	0.0277777777778	30	65	24	0	26	0.464285714286
0.125911506182	0.0277777777778	30	66	3	0	26	0.464285714286
0.126121358122	0.0277777777778	30	67	9	0	26	0.464285714286
0.126940813867	0.0299145299145	31	67	9	0	26	0.456140350877
0.128190491202	0.0320512820513	32	67	9	0	26	0.448275862069
0.129711822171	0.034188034188	33	67	9	0	26	0.440677966102
0.130434475769	0.0363247863248	34	67	9	0	26	0.433333333333
0.131375872541	0.0363247863248	34	68	3	0	26	0.433333333333
0.131447733765	0.0363247863248	34	69	6	0	26	0.433333333333
0.132660550089	0.0363247863248	34	70	21	0	26	0.433333333333
0.132716320746	0.0363247863248	34	71	3	0	26	0.433333333333
0.13276910032	0.0363247863248	34	72	3	0	26	0.433333333333
0.133633153513	0.0384615384615	35	72	3	0	26	0.426229508197
0.133735383052	0.034188034188	35	73	30	0	28	0.444444444444
0.134470656788	0.0363247863248	36	73	30	0	28	0.4375
0.136377904956	0.0384615384615	37	73	30	0	28	0.430769230769
0.136910098085	0.0363247863248	37	74	9	0	29	0.439393939394
0.138612964976	0.0363247863248	37	75	6	0	29	0.439393939394
0.140812169044	0.0320512820513	37	76	12	0	31	0.455882352941
0.140961743362	0.0320512820513	37	77	12	0	31	0.455882352941
0.143186615824	0.0320512820513	37	78	27	0	31	0.455882352941
0.14623054988	0.034188034188	38	78	27	0	31	0.449275362319
0.147446692056	0.0363247863248	39	78	27	0	31	0.442857142857
0.15001188565	0.0363247863248	39	79	6	0	31	0.442857142857
