# time 	 divergence 	 # of mutations 	 # IGC chances 	 IGC length 	 # IGC failures 	 Changes due to IGC  	 % change due to IGC 
0.0	0.384015594542	0	0	0	0	0	0.0
0.000850229167424	0.384990253411	1	0	0	0	0	0.0
0.00114996234109	0.384990253411	2	0	0	0	0	0.0
0.00579805208904	0.384990253411	2	1	3	0	0	0.0
0.00646486906299	0.384015594542	2	2	3	0	1	0.333333333333
0.00690926639338	0.384990253411	3	2	3	0	1	0.25
0.00698351951273	0.384990253411	4	2	3	0	1	0.2
0.00725535438764	0.385964912281	5	2	3	0	1	0.166666666667
0.00909020833652	0.385964912281	6	2	3	0	1	0.142857142857
0.0101522154438	0.384990253411	7	2	3	0	1	0.125
0.0120470966344	0.384990253411	7	3	3	0	1	0.125
0.0137999386834	0.382066276803	7	4	3	0	4	0.363636363636
0.014233117036	0.381091617934	7	5	3	0	5	0.416666666667
0.0150556470106	0.382066276803	8	5	3	0	5	0.384615384615
0.0154287512276	0.382066276803	8	6	3	0	5	0.384615384615
0.0166522671012	0.381091617934	9	6	3	0	5	0.357142857143
0.0169596601222	0.382066276803	10	6	3	0	5	0.333333333333
0.0178056949532	0.383040935673	11	6	3	0	5	0.3125
0.0178976344602	0.384015594542	12	6	3	0	5	0.294117647059
0.0181819918846	0.384015594542	12	7	3	0	5	0.294117647059
0.018408009754	0.384990253411	13	7	3	0	5	0.277777777778
0.01978952633	0.385964912281	14	7	3	0	5	0.263157894737
0.0211848521854	0.385964912281	14	8	3	0	5	0.263157894737
0.0219493632405	0.383040935673	14	9	3	0	8	0.363636363636
0.0221704882762	0.384015594542	15	9	3	0	8	0.347826086957
0.0223128080272	0.384015594542	15	10	3	0	8	0.347826086957
0.0225390070028	0.383040935673	15	11	3	0	9	0.375
0.0225741920914	0.382066276803	15	12	3	0	10	0.4
0.0234310330024	0.381091617934	15	13	3	0	11	0.423076923077
0.0241050481242	0.381091617934	16	13	3	0	11	0.407407407407
0.0242942426325	0.382066276803	17	13	3	0	11	0.392857142857
0.0245186097196	0.380116959064	17	14	3	0	13	0.433333333333
0.0257185814147	0.381091617934	18	14	3	0	13	0.41935483871
0.0273588457502	0.381091617934	18	15	3	0	13	0.41935483871
0.0275038932011	0.382066276803	19	15	3	0	13	0.40625
0.0282092298199	0.383040935673	20	15	3	0	13	0.393939393939
0.0284210545871	0.382066276803	21	15	3	0	13	0.382352941176
0.0299499618754	0.383040935673	22	15	3	0	13	0.371428571429
0.0321366506814	0.383040935673	23	15	3	0	13	0.361111111111
0.0337653465386	0.383040935673	24	15	3	0	13	0.351351351351
0.0366545138221	0.383040935673	24	16	3	0	13	0.351351351351
0.0371560921301	0.381091617934	24	17	3	0	15	0.384615384615
0.0374239728694	0.380116959064	25	17	3	0	15	0.375
0.0375247660907	0.381091617934	26	17	3	0	15	0.365853658537
0.0379325469581	0.382066276803	27	17	3	0	15	0.357142857143
0.0386794200713	0.380116959064	27	18	3	0	17	0.386363636364
0.0388603238751	0.381091617934	28	18	3	0	17	0.377777777778
0.0391679815677	0.381091617934	29	18	3	0	17	0.369565217391
0.0397419262322	0.382066276803	30	18	3	0	17	0.36170212766
0.0399362263641	0.382066276803	30	19	3	0	17	0.36170212766
0.0417280243296	0.380116959064	30	20	3	0	19	0.387755102041
0.0446074052008	0.381091617934	31	20	3	0	19	0.38
0.045861773873	0.382066276803	32	20	3	0	19	0.372549019608
0.0464120448893	0.382066276803	33	20	3	0	19	0.365384615385
0.0466761360761	0.380116959064	33	21	3	0	21	0.388888888889
0.0467776551445	0.377192982456	33	22	3	0	24	0.421052631579
0.0475770709478	0.374269005848	33	23	3	0	27	0.45
0.0482070396508	0.375243664717	34	23	3	0	27	0.44262295082
0.0486838627561	0.375243664717	34	24	3	0	27	0.44262295082
0.0490982307323	0.375243664717	34	25	3	0	27	0.44262295082
0.0503650812546	0.373294346979	34	26	3	0	29	0.460317460317
0.0510434305486	0.374269005848	35	26	3	0	29	0.453125
0.0514412452756	0.373294346979	36	26	3	0	29	0.446153846154
0.0519489132602	0.374269005848	37	26	3	0	29	0.439393939394
0.0534994581865	0.375243664717	38	26	3	0	29	0.432835820896
0.054264984437	0.373294346979	38	27	3	0	31	0.449275362319
0.0575878690546	0.374269005848	39	27	3	0	31	0.442857142857
0.0577557463849	0.373294346979	39	28	3	0	32	0.450704225352
0.0592836445143	0.373294346979	39	29	3	0	32	0.450704225352
0.0610330985029	0.37037037037	39	30	3	0	35	0.472972972973
0.061681652377	0.368421052632	39	31	3	0	37	0.486842105263
0.0625496540683	0.365497076023	39	32	3	0	40	0.506329113924
0.0631340746032	0.363547758285	39	33	3	0	42	0.518518518519
0.0659510958312	0.363547758285	40	33	3	0	42	0.512195121951
0.0687495368447	0.363547758285	41	33	3	0	42	0.506024096386
0.0695107905672	0.364522417154	42	33	3	0	42	0.5
0.0716715958813	0.365497076023	43	33	3	0	42	0.494117647059
0.0718815667314	0.364522417154	44	33	3	0	42	0.488372093023
0.0754703372428	0.365497076023	45	33	3	0	42	0.48275862069
0.0757061258918	0.363547758285	45	34	3	0	44	0.494382022472
0.0757907155248	0.362573099415	45	35	3	0	45	0.5
0.0764517193127	0.359649122807	45	36	3	0	48	0.516129032258
0.0773998237178	0.360623781676	46	36	3	0	48	0.510638297872
0.078178382838	0.361598440546	47	36	3	0	48	0.505263157895
0.0793458117354	0.361598440546	47	37	3	0	48	0.505263157895
0.0798172340368	0.360623781676	48	37	3	0	48	0.5
0.0804593332678	0.359649122807	48	38	3	0	49	0.505154639175
0.0829609814858	0.360623781676	49	38	3	0	49	0.5
0.0830143881206	0.360623781676	50	38	3	0	49	0.494949494949
0.0835961347754	0.360623781676	51	38	3	0	49	0.49
0.0839912007829	0.361598440546	52	38	3	0	49	0.485148514851
0.084230433493	0.362573099415	53	38	3	0	49	0.480392156863
0.0844118435098	0.363547758285	54	38	3	0	49	0.47572815534
0.0867235132604	0.364522417154	55	38	3	0	49	0.471153846154
0.0870482755086	0.362573099415	55	39	3	0	51	0.481132075472
0.0884371043541	0.362573099415	56	39	3	0	51	0.476635514019
0.090172747797	0.360623781676	56	40	3	0	53	0.48623853211
0.0904736827431	0.358674463938	56	41	3	0	55	0.495495495495
0.0905161419165	0.358674463938	56	42	3	0	55	0.495495495495
0.0924293913739	0.359649122807	57	42	3	0	55	0.491071428571
0.0930264566198	0.359649122807	57	43	3	0	55	0.491071428571
0.0950589009394	0.359649122807	58	43	3	0	55	0.486725663717
0.0955132007091	0.357699805068	58	44	3	0	57	0.495652173913
0.0956643810219	0.357699805068	58	45	3	0	57	0.495652173913
0.0957800842055	0.355750487329	58	46	3	0	59	0.504273504274
0.0971913295683	0.35477582846	58	47	3	0	60	0.508474576271
0.0972666687113	0.355750487329	59	47	3	0	60	0.504201680672
0.0986909086718	0.35477582846	59	48	3	0	61	0.508333333333
0.0993840758386	0.35477582846	59	49	3	0	61	0.508333333333
0.101082704564	0.353801169591	59	50	3	0	62	0.512396694215
0.101318566466	0.35477582846	60	50	3	0	62	0.508196721311
0.103923879033	0.355750487329	61	50	3	0	62	0.50406504065
0.104725980203	0.356725146199	62	50	3	0	62	0.5
0.107017294871	0.353801169591	62	51	3	0	65	0.511811023622
0.107382609571	0.353801169591	62	52	3	0	65	0.511811023622
0.109037529578	0.35477582846	63	52	3	0	65	0.5078125
0.110402710109	0.35477582846	63	53	3	0	65	0.5078125
0.111103553691	0.355750487329	64	53	3	0	65	0.503875968992
0.11290302143	0.356725146199	65	53	3	0	65	0.5
0.113439302479	0.357699805068	66	53	3	0	65	0.496183206107
0.113453533652	0.356725146199	66	54	3	0	66	0.5
0.113731472885	0.35477582846	66	55	3	0	68	0.507462686567
0.114101284922	0.355750487329	67	55	3	0	68	0.503703703704
0.114736632362	0.355750487329	68	55	3	0	68	0.5
0.114840692384	0.356725146199	69	55	3	0	68	0.496350364964
0.115653093531	0.357699805068	70	55	3	0	68	0.492753623188
0.116166604765	0.357699805068	71	55	3	0	68	0.489208633094
0.116203849505	0.357699805068	72	55	3	0	68	0.485714285714
0.117855667488	0.358674463938	73	55	3	0	68	0.482269503546
0.117939056631	0.358674463938	73	56	3	0	68	0.482269503546
0.117987684773	0.359649122807	74	56	3	0	68	0.478873239437
0.118775754308	0.356725146199	74	57	3	0	71	0.489655172414
0.118838429226	0.355750487329	75	57	3	0	71	0.486301369863
0.119619228768	0.356725146199	76	57	3	0	71	0.482993197279
0.120816367913	0.357699805068	77	57	3	0	71	0.47972972973
0.123268772675	0.358674463938	78	57	3	0	71	0.476510067114
0.123875209987	0.359649122807	79	57	3	0	71	0.473333333333
0.124184995853	0.358674463938	80	57	3	0	71	0.470198675497
0.125053848457	0.356725146199	80	58	3	0	73	0.477124183007
0.125056167117	0.356725146199	81	58	3	0	73	0.474025974026
0.128399097469	0.357699805068	82	58	3	0	73	0.470967741935
0.128642785308	0.358674463938	83	58	3	0	73	0.467948717949
0.128695998829	0.359649122807	84	58	3	0	73	0.464968152866
0.129332913057	0.360623781676	85	58	3	0	73	0.462025316456
0.130219528587	0.358674463938	85	59	3	0	75	0.46875
0.132096654237	0.359649122807	86	59	3	0	75	0.465838509317
0.132794141627	0.357699805068	86	60	3	0	77	0.472392638037
0.135616039373	0.357699805068	86	61	3	0	77	0.472392638037
0.137177592234	0.355750487329	86	62	3	0	79	0.478787878788
