# time 	 divergence 	 # of mutations 	 # IGC chances 	 IGC length 	 # IGC failures 	 Changes due to IGC  	 % change due to IGC 
0.0	0.198830409357	0	0	0	0	0	0.0
0.000310593587186	0.199805068226	1	0	0	0	0	0.0
0.00123620989877	0.200779727096	2	0	0	0	0	0.0
0.00421136694677	0.201754385965	3	0	0	0	0	0.0
0.00690630411818	0.202729044834	4	0	0	0	0	0.0
0.00973858706892	0.203703703704	5	0	0	0	0	0.0
0.0103697448015	0.204678362573	6	0	0	0	0	0.0
0.0112985144879	0.203703703704	7	0	0	0	0	0.0
0.0155900134005	0.203703703704	8	0	0	0	0	0.0
0.0157756135446	0.204678362573	9	0	0	0	0	0.0
0.0159864443032	0.205653021442	10	0	0	0	0	0.0
0.0180214987441	0.206627680312	11	0	0	0	0	0.0
0.0199724593218	0.207602339181	12	0	0	0	0	0.0
0.02116965791	0.207602339181	13	0	0	0	0	0.0
0.0216723647427	0.208576998051	14	0	0	0	0	0.0
0.0234202705815	0.20955165692	15	0	0	0	0	0.0
0.0239573943669	0.210526315789	16	0	0	0	0	0.0
0.0243485058159	0.211500974659	17	0	0	0	0	0.0
0.0249147084463	0.210526315789	18	0	0	0	0	0.0
0.0263125573255	0.211500974659	19	0	0	0	0	0.0
0.0283533696446	0.211500974659	20	0	0	0	0	0.0
0.0284443218381	0.212475633528	21	0	0	0	0	0.0
0.0305564138709	0.213450292398	22	0	0	0	0	0.0
0.0334016717776	0.212475633528	23	0	0	0	0	0.0
0.0371064783014	0.213450292398	24	0	0	0	0	0.0
0.0376642379585	0.214424951267	25	0	0	0	0	0.0
0.0381290152363	0.215399610136	26	0	0	0	0	0.0
0.0394292572563	0.216374269006	27	0	0	0	0	0.0
0.0416324124249	0.217348927875	28	0	0	0	0	0.0
0.0423944572282	0.218323586745	29	0	0	0	0	0.0
0.042512721002	0.219298245614	30	0	0	0	0	0.0
0.0425157621455	0.220272904483	31	0	0	0	0	0.0
0.0474233729071	0.221247563353	32	0	0	0	0	0.0
0.0480255191611	0.222222222222	33	0	0	0	0	0.0
0.0480292942454	0.223196881092	34	0	0	0	0	0.0
0.0507883914629	0.224171539961	35	0	0	0	0	0.0
0.0515805822461	0.22514619883	36	0	0	0	0	0.0
0.0516533380613	0.2261208577	37	0	0	0	0	0.0
0.0516952184928	0.227095516569	38	0	0	0	0	0.0
0.0536097843537	0.227095516569	39	0	0	0	0	0.0
0.0549698027741	0.228070175439	40	0	0	0	0	0.0
0.0553069421455	0.229044834308	41	0	0	0	0	0.0
0.0568095825167	0.229044834308	42	0	0	0	0	0.0
0.0574089777847	0.229044834308	43	0	0	0	0	0.0
0.0578205291244	0.208576998051	43	1	60	0	21	0.328125
0.0583642728452	0.20955165692	44	1	60	0	21	0.323076923077
0.0596650882736	0.210526315789	45	1	60	0	21	0.318181818182
0.0626881807432	0.20955165692	46	1	60	0	21	0.313432835821
0.0633037956881	0.210526315789	47	1	60	0	21	0.308823529412
0.0636109385049	0.211500974659	48	1	60	0	21	0.304347826087
0.0662419427904	0.211500974659	49	1	60	0	21	0.3
0.0686218701209	0.212475633528	50	1	60	0	21	0.295774647887
0.0710401851238	0.213450292398	51	1	60	0	21	0.291666666667
0.0714001042069	0.212475633528	52	1	60	0	21	0.287671232877
0.0732776562897	0.213450292398	53	1	60	0	21	0.283783783784
0.0742915383463	0.214424951267	54	1	60	0	21	0.28
0.0748244427305	0.215399610136	55	1	60	0	21	0.276315789474
0.0786520509527	0.216374269006	56	1	60	0	21	0.272727272727
0.0794200293826	0.217348927875	57	1	60	0	21	0.269230769231
0.0797476635411	0.216374269006	58	1	60	0	21	0.26582278481
