# time 	 divergence 	 # of mutations 	 # IGC chances 	 IGC length 	 # IGC failures 	 Changes due to IGC  	 % change due to IGC 
0.0	0.233128834356	0	0	0	0	0	0.0
0.000636370628595	0.235173824131	1	0	0	0	0	0.0
0.0056803843261	0.237218813906	2	0	0	0	0	0.0
0.00655305447701	0.239263803681	3	0	0	0	0	0.0
0.0104737264563	0.241308793456	4	0	0	0	0	0.0
0.0121796655742	0.241308793456	5	0	0	0	0	0.0
0.0125794639687	0.241308793456	6	0	0	0	0	0.0
0.0228721927674	0.243353783231	7	0	0	0	0	0.0
0.0229943859653	0.245398773006	8	0	0	0	0	0.0
0.0240286105786	0.247443762781	9	0	0	0	0	0.0
0.0318989689663	0.247443762781	10	0	0	0	0	0.0
0.0320460774355	0.245398773006	11	0	0	0	0	0.0
0.0367833897141	0.243353783231	12	0	0	0	0	0.0
0.0380129436811	0.245398773006	13	0	0	0	0	0.0
0.0488998382049	0.243353783231	14	0	0	0	0	0.0
0.0500532896942	0.243353783231	15	0	0	0	0	0.0
0.0506721354421	0.245398773006	16	0	0	0	0	0.0
0.0534569692084	0.247443762781	17	0	0	0	0	0.0
0.0561299703521	0.249488752556	18	0	0	0	0	0.0
