# time 	 divergence 	 # of mutations 	 # IGC chances 	 IGC length 	 # IGC failures 	 Changes due to IGC  	 % change due to IGC 
0.0	0.327956989247	0	0	0	0	0	0.0
0.000842568966355	0.32688172043	1	0	0	0	0	0.0
0.00233177550477	0.327956989247	2	0	0	0	0	0.0
0.00549113445065	0.327956989247	3	0	0	0	0	0.0
0.00720222364914	0.327956989247	4	0	0	0	0	0.0
0.00737599876086	0.327956989247	5	0	0	0	0	0.0
0.0122361795902	0.32688172043	6	0	0	0	0	0.0
0.0135801666681	0.327956989247	7	0	0	0	0	0.0
0.0169744881638	0.327956989247	8	0	0	0	0	0.0
0.0177436598403	0.32688172043	9	0	0	0	0	0.0
0.0210859411724	0.327956989247	10	0	0	0	0	0.0
0.0228947212783	0.327956989247	11	0	0	0	0	0.0
0.0242649617999	0.329032258065	12	0	0	0	0	0.0
0.0268831842199	0.330107526882	13	0	0	0	0	0.0
0.0276830062874	0.331182795699	14	0	0	0	0	0.0
0.0296683505254	0.332258064516	15	0	0	0	0	0.0
0.0321764161789	0.333333333333	16	0	0	0	0	0.0
0.0358893181307	0.333333333333	17	0	0	0	0	0.0
0.0367751805122	0.333333333333	18	0	0	0	0	0.0
0.0373627481967	0.334408602151	19	0	0	0	0	0.0
0.0402291043964	0.334408602151	20	0	0	0	0	0.0
0.0419118223797	0.333333333333	21	0	0	0	0	0.0
0.0435667353358	0.332258064516	22	0	0	0	0	0.0
0.0446819969548	0.333333333333	23	0	0	0	0	0.0
0.050476024388	0.333333333333	24	0	0	0	0	0.0
0.052951242452	0.333333333333	25	0	0	0	0	0.0
0.0533752056522	0.334408602151	26	0	0	0	0	0.0
0.0543493371093	0.335483870968	27	0	0	0	0	0.0
0.0543662863244	0.335483870968	28	0	0	0	0	0.0
0.0588846246028	0.336559139785	29	0	0	0	0	0.0
0.0589755456653	0.336559139785	30	0	0	0	0	0.0
0.0602951591024	0.336559139785	31	0	0	0	0	0.0
0.0606712050386	0.337634408602	32	0	0	0	0	0.0
0.0624256731802	0.337634408602	33	0	0	0	0	0.0
0.0625910830833	0.337634408602	34	0	0	0	0	0.0
0.0648514628629	0.338709677419	35	0	0	0	0	0.0
0.0682910955678	0.339784946237	36	0	0	0	0	0.0
0.0690666314745	0.340860215054	37	0	0	0	0	0.0
0.0692258770738	0.341935483871	38	0	0	0	0	0.0
0.0715553711985	0.341935483871	39	0	0	0	0	0.0
0.0716056461526	0.341935483871	40	0	0	0	0	0.0
0.0716897046737	0.341935483871	41	0	0	0	0	0.0
0.0739430666464	0.340860215054	42	0	0	0	0	0.0
0.0768223516028	0.339784946237	43	0	0	0	0	0.0
0.0771509449216	0.339784946237	44	0	0	0	0	0.0
0.0786019818509	0.340860215054	45	0	0	0	0	0.0
0.0797343639895	0.341935483871	46	0	0	0	0	0.0
0.0835589662536	0.341935483871	47	0	0	0	0	0.0
0.0865480025956	0.343010752688	48	0	0	0	0	0.0
0.088103599942	0.344086021505	49	0	0	0	0	0.0
0.0881846846155	0.344086021505	50	0	0	0	0	0.0
0.0924618554212	0.345161290323	51	0	0	0	0	0.0
0.0927923102718	0.34623655914	52	0	0	0	0	0.0
0.0938588599423	0.347311827957	53	0	0	0	0	0.0
0.0950763410302	0.34623655914	54	0	0	0	0	0.0
0.0952687692752	0.347311827957	55	0	0	0	0	0.0
0.0963604163227	0.347311827957	56	0	0	0	0	0.0
0.0974118541145	0.348387096774	57	0	0	0	0	0.0
0.0979696860735	0.348387096774	58	0	0	0	0	0.0
0.0984862660793	0.349462365591	59	0	0	0	0	0.0
0.0988689147454	0.350537634409	60	0	0	0	0	0.0
0.100266192922	0.351612903226	61	0	0	0	0	0.0
0.101233495852	0.352688172043	62	0	0	0	0	0.0
0.101593325199	0.352688172043	63	0	0	0	0	0.0
0.103686789492	0.351612903226	64	0	0	0	0	0.0
0.105180919404	0.352688172043	65	0	0	0	0	0.0
0.105252717928	0.35376344086	66	0	0	0	0	0.0
0.111092217788	0.354838709677	67	0	0	0	0	0.0
0.112578227036	0.355913978495	68	0	0	0	0	0.0
0.112677091717	0.356989247312	69	0	0	0	0	0.0
0.11401319316	0.358064516129	70	0	0	0	0	0.0
0.118189288331	0.358064516129	71	0	0	0	0	0.0
0.119097451703	0.359139784946	72	0	0	0	0	0.0
0.119878060553	0.360215053763	73	0	0	0	0	0.0
0.121589129983	0.360215053763	74	0	0	0	0	0.0
0.123744792136	0.361290322581	75	0	0	0	0	0.0
0.124896208127	0.361290322581	76	0	0	0	0	0.0
0.126081837162	0.362365591398	77	0	0	0	0	0.0
0.127906399047	0.363440860215	78	0	0	0	0	0.0
0.127944636745	0.364516129032	79	0	0	0	0	0.0
0.129481986905	0.363440860215	80	0	0	0	0	0.0
0.13062607903	0.362365591398	81	0	0	0	0	0.0
0.13070242084	0.361290322581	82	0	0	0	0	0.0
0.132067289266	0.361290322581	83	0	0	0	0	0.0
0.134444478644	0.361290322581	84	0	0	0	0	0.0
0.135314104844	0.360215053763	85	0	0	0	0	0.0
0.137111910903	0.360215053763	86	0	0	0	0	0.0
0.14121939833	0.360215053763	87	0	0	0	0	0.0
0.141275596294	0.359139784946	88	0	0	0	0	0.0
0.14235802167	0.360215053763	89	0	0	0	0	0.0
0.142367097362	0.361290322581	90	0	0	0	0	0.0
0.1455975968	0.362365591398	91	0	0	0	0	0.0
0.147570490816	0.363440860215	92	0	0	0	0	0.0
0.147941122778	0.362365591398	93	0	0	0	0	0.0
0.149250394314	0.361290322581	94	0	0	0	0	0.0
0.150309823415	0.362365591398	95	0	0	0	0	0.0
0.150564891983	0.362365591398	96	0	0	0	0	0.0
0.150817085283	0.361290322581	97	0	0	0	0	0.0
0.151208237048	0.362365591398	98	0	0	0	0	0.0
0.15156871693	0.363440860215	99	0	0	0	0	0.0
0.153075318301	0.363440860215	100	0	0	0	0	0.0
0.156573061733	0.363440860215	101	0	0	0	0	0.0
0.15860580273	0.364516129032	102	0	0	0	0	0.0
0.158699157418	0.364516129032	103	0	0	0	0	0.0
0.159822967599	0.365591397849	104	0	0	0	0	0.0
0.160066025035	0.364516129032	105	0	0	0	0	0.0
0.162295776059	0.365591397849	106	0	0	0	0	0.0
0.165237384192	0.366666666667	107	0	0	0	0	0.0
0.166715007318	0.367741935484	108	0	0	0	0	0.0
0.167860410992	0.368817204301	109	0	0	0	0	0.0
0.167946694088	0.369892473118	110	0	0	0	0	0.0
0.168644830166	0.370967741935	111	0	0	0	0	0.0
0.169088609775	0.372043010753	112	0	0	0	0	0.0
0.169138866037	0.372043010753	113	0	0	0	0	0.0
0.169820299506	0.37311827957	114	0	0	0	0	0.0
0.172819973413	0.374193548387	115	0	0	0	0	0.0
0.173936738031	0.374193548387	116	0	0	0	0	0.0
0.177895461928	0.374193548387	117	0	0	0	0	0.0
0.183532618899	0.374193548387	118	0	0	0	0	0.0
0.185717056412	0.375268817204	119	0	0	0	0	0.0
0.186095366228	0.376344086022	120	0	0	0	0	0.0
0.187953942012	0.377419354839	121	0	0	0	0	0.0
0.18847976283	0.378494623656	122	0	0	0	0	0.0
0.189634069503	0.378494623656	123	0	0	0	0	0.0
0.19180116964	0.379569892473	124	0	0	0	0	0.0
0.193663029121	0.379569892473	125	0	0	0	0	0.0
0.19366867061	0.378494623656	126	0	0	0	0	0.0
0.195598871609	0.379569892473	127	0	0	0	0	0.0
0.196582281732	0.38064516129	128	0	0	0	0	0.0
0.197860684834	0.381720430108	129	0	0	0	0	0.0
0.200537330116	0.382795698925	130	0	0	0	0	0.0
0.201133190519	0.383870967742	131	0	0	0	0	0.0
0.201339843883	0.382795698925	132	0	0	0	0	0.0
0.212289508672	0.383870967742	133	0	0	0	0	0.0
0.212458599456	0.382795698925	134	0	0	0	0	0.0
0.215899944145	0.383870967742	135	0	0	0	0	0.0
0.219292594439	0.382795698925	136	0	0	0	0	0.0
0.219671522044	0.381720430108	137	0	0	0	0	0.0
0.226377110084	0.382795698925	138	0	0	0	0	0.0
0.226424330353	0.383870967742	139	0	0	0	0	0.0
0.227315850229	0.382795698925	140	0	0	0	0	0.0
0.22903256873	0.381720430108	141	0	0	0	0	0.0
0.230174776736	0.381720430108	142	0	0	0	0	0.0
0.23144167682	0.382795698925	143	0	0	0	0	0.0
0.233584976004	0.383870967742	144	0	0	0	0	0.0
0.234734823553	0.383870967742	145	0	0	0	0	0.0
0.235367983834	0.383870967742	146	0	0	0	0	0.0
0.236141242904	0.384946236559	147	0	0	0	0	0.0
0.236762171244	0.384946236559	148	0	0	0	0	0.0
0.236764098815	0.386021505376	149	0	0	0	0	0.0
0.237015093223	0.387096774194	150	0	0	0	0	0.0
0.239421282591	0.388172043011	151	0	0	0	0	0.0
0.240651193221	0.389247311828	152	0	0	0	0	0.0
0.241605943882	0.388172043011	153	0	0	0	0	0.0
0.243175235696	0.389247311828	154	0	0	0	0	0.0
0.243704851688	0.389247311828	155	0	0	0	0	0.0
0.245305279375	0.390322580645	156	0	0	0	0	0.0
0.246815449211	0.390322580645	157	0	0	0	0	0.0
0.247412380553	0.389247311828	158	0	0	0	0	0.0
0.251584576667	0.390322580645	159	0	0	0	0	0.0
0.25280583477	0.391397849462	160	0	0	0	0	0.0
0.252968409488	0.391397849462	161	0	0	0	0	0.0
0.254479504502	0.39247311828	162	0	0	0	0	0.0
0.254562308023	0.39247311828	163	0	0	0	0	0.0
0.255526778193	0.393548387097	164	0	0	0	0	0.0
0.257890762519	0.39247311828	165	0	0	0	0	0.0
0.25952095856	0.393548387097	166	0	0	0	0	0.0
0.259884011114	0.394623655914	167	0	0	0	0	0.0
0.261193491047	0.394623655914	168	0	0	0	0	0.0
0.26163592495	0.394623655914	169	0	0	0	0	0.0
0.261956026916	0.395698924731	170	0	0	0	0	0.0
0.263558125642	0.396774193548	171	0	0	0	0	0.0
0.264625414131	0.397849462366	172	0	0	0	0	0.0
0.266337417341	0.398924731183	173	0	0	0	0	0.0
0.269422403116	0.4	174	0	0	0	0	0.0
0.274844655609	0.398924731183	175	0	0	0	0	0.0
0.275591549414	0.398924731183	176	0	0	0	0	0.0
0.275682482411	0.4	177	0	0	0	0	0.0
0.277188879293	0.398924731183	178	0	0	0	0	0.0
0.277701613031	0.4	179	0	0	0	0	0.0
0.278943455775	0.401075268817	180	0	0	0	0	0.0
0.279554661246	0.401075268817	181	0	0	0	0	0.0
0.279736504683	0.402150537634	182	0	0	0	0	0.0
0.280493225337	0.403225806452	183	0	0	0	0	0.0
0.282369770491	0.402150537634	184	0	0	0	0	0.0
0.282467477566	0.403225806452	185	0	0	0	0	0.0
0.283482194235	0.404301075269	186	0	0	0	0	0.0
0.300481277852	0.405376344086	187	0	0	0	0	0.0
0.30185598403	0.406451612903	188	0	0	0	0	0.0
0.305939016979	0.406451612903	189	0	0	0	0	0.0
0.306058139592	0.40752688172	190	0	0	0	0	0.0
0.306897342058	0.408602150538	191	0	0	0	0	0.0
0.310619833729	0.409677419355	192	0	0	0	0	0.0
0.31499214305	0.410752688172	193	0	0	0	0	0.0
0.315827146053	0.410752688172	194	0	0	0	0	0.0
0.316693501661	0.411827956989	195	0	0	0	0	0.0
0.316912561497	0.412903225806	196	0	0	0	0	0.0
0.31774500957	0.413978494624	197	0	0	0	0	0.0
0.31899545508	0.415053763441	198	0	0	0	0	0.0
0.319174163025	0.413978494624	199	0	0	0	0	0.0
0.32098241714	0.415053763441	200	0	0	0	0	0.0
0.32175362729	0.416129032258	201	0	0	0	0	0.0
0.322271458062	0.416129032258	202	0	0	0	0	0.0
0.3253705414	0.415053763441	203	0	0	0	0	0.0
0.327160080396	0.416129032258	204	0	0	0	0	0.0
0.328219153029	0.415053763441	205	0	0	0	0	0.0
0.331616484269	0.415053763441	206	0	0	0	0	0.0
0.336024072085	0.416129032258	207	0	0	0	0	0.0
0.338587705169	0.417204301075	208	0	0	0	0	0.0
0.338657535392	0.418279569892	209	0	0	0	0	0.0
0.342013476454	0.418279569892	210	0	0	0	0	0.0
0.343204222178	0.418279569892	211	0	0	0	0	0.0
0.345846151857	0.41935483871	212	0	0	0	0	0.0
0.346030406212	0.420430107527	213	0	0	0	0	0.0
0.346996266335	0.421505376344	214	0	0	0	0	0.0
0.347734020127	0.420430107527	215	0	0	0	0	0.0
0.347795426782	0.420430107527	216	0	0	0	0	0.0
0.348707262499	0.421505376344	217	0	0	0	0	0.0
0.349335494759	0.421505376344	218	0	0	0	0	0.0
0.352061141815	0.420430107527	219	0	0	0	0	0.0
0.352540534911	0.421505376344	220	0	0	0	0	0.0
0.353617969053	0.421505376344	221	0	0	0	0	0.0
0.354595381974	0.422580645161	222	0	0	0	0	0.0
0.359551781459	0.422580645161	223	0	0	0	0	0.0
0.36167990751	0.422580645161	224	0	0	0	0	0.0
0.363579371722	0.423655913978	225	0	0	0	0	0.0
0.370982986177	0.423655913978	226	0	0	0	0	0.0
0.372957556141	0.424731182796	227	0	0	0	0	0.0
0.373558410629	0.425806451613	228	0	0	0	0	0.0
0.375593609956	0.42688172043	229	0	0	0	0	0.0
0.376374687926	0.427956989247	230	0	0	0	0	0.0
0.376563639701	0.427956989247	231	0	0	0	0	0.0
0.377040384614	0.429032258065	232	0	0	0	0	0.0
0.379026585821	0.429032258065	233	0	0	0	0	0.0
0.382475637721	0.430107526882	234	0	0	0	0	0.0
0.384810136587	0.430107526882	235	0	0	0	0	0.0
0.38582913908	0.431182795699	236	0	0	0	0	0.0
0.389062788415	0.430107526882	237	0	0	0	0	0.0
0.389852450716	0.431182795699	238	0	0	0	0	0.0
0.390511021806	0.432258064516	239	0	0	0	0	0.0
0.391070429422	0.433333333333	240	0	0	0	0	0.0
0.391313526444	0.433333333333	241	0	0	0	0	0.0
0.39353054478	0.433333333333	242	0	0	0	0	0.0
0.395468063333	0.434408602151	243	0	0	0	0	0.0
0.396933874139	0.434408602151	244	0	0	0	0	0.0
0.400170706598	0.435483870968	245	0	0	0	0	0.0
0.402476944924	0.436559139785	246	0	0	0	0	0.0
0.403059258689	0.437634408602	247	0	0	0	0	0.0
0.403754798336	0.437634408602	248	0	0	0	0	0.0
0.405591277659	0.438709677419	249	0	0	0	0	0.0
0.405910480892	0.439784946237	250	0	0	0	0	0.0
0.405954160601	0.440860215054	251	0	0	0	0	0.0
0.406485667672	0.440860215054	252	0	0	0	0	0.0
0.406856839899	0.441935483871	253	0	0	0	0	0.0
0.407396293565	0.441935483871	254	0	0	0	0	0.0
0.409798117884	0.441935483871	255	0	0	0	0	0.0
0.410528261166	0.441935483871	256	0	0	0	0	0.0
0.411553531338	0.441935483871	257	0	0	0	0	0.0
0.415194098928	0.443010752688	258	0	0	0	0	0.0
0.417869710088	0.441935483871	259	0	0	0	0	0.0
0.41826946163	0.440860215054	260	0	0	0	0	0.0
0.419747808478	0.439784946237	261	0	0	0	0	0.0
0.423066781429	0.438709677419	262	0	0	0	0	0.0
0.424785241077	0.437634408602	263	0	0	0	0	0.0
0.4252417044	0.437634408602	264	0	0	0	0	0.0
0.42605299995	0.438709677419	265	0	0	0	0	0.0
0.427354746815	0.437634408602	266	0	0	0	0	0.0
0.428263096488	0.437634408602	267	0	0	0	0	0.0
0.428644403184	0.438709677419	268	0	0	0	0	0.0
0.428817400431	0.439784946237	269	0	0	0	0	0.0
0.429774360389	0.439784946237	270	0	0	0	0	0.0
0.430391556342	0.439784946237	271	0	0	0	0	0.0
0.430609405355	0.440860215054	272	0	0	0	0	0.0
0.43152573864	0.441935483871	273	0	0	0	0	0.0
0.436956091509	0.443010752688	274	0	0	0	0	0.0
0.439820841089	0.444086021505	275	0	0	0	0	0.0
0.444399838273	0.443010752688	276	0	0	0	0	0.0
0.447628771562	0.443010752688	277	0	0	0	0	0.0
0.448497623352	0.441935483871	278	0	0	0	0	0.0
0.44874610168	0.441935483871	279	0	0	0	0	0.0
0.448806459102	0.443010752688	280	0	0	0	0	0.0
0.452147596364	0.444086021505	281	0	0	0	0	0.0
0.45273884362	0.445161290323	282	0	0	0	0	0.0
0.453037922394	0.44623655914	283	0	0	0	0	0.0
0.453126386087	0.445161290323	284	0	0	0	0	0.0
0.453765148115	0.44623655914	285	0	0	0	0	0.0
0.454184435187	0.44623655914	286	0	0	0	0	0.0
0.454644216311	0.447311827957	287	0	0	0	0	0.0
0.459188203343	0.447311827957	288	0	0	0	0	0.0
0.459576075869	0.448387096774	289	0	0	0	0	0.0
0.460241151044	0.447311827957	290	0	0	0	0	0.0
0.460280128553	0.447311827957	291	0	0	0	0	0.0
0.460996137966	0.448387096774	292	0	0	0	0	0.0
0.462125751022	0.447311827957	293	0	0	0	0	0.0
0.463327452466	0.448387096774	294	0	0	0	0	0.0
0.464813831148	0.449462365591	295	0	0	0	0	0.0
0.46492062541	0.448387096774	296	0	0	0	0	0.0
0.465017547807	0.448387096774	297	0	0	0	0	0.0
0.465322486609	0.449462365591	298	0	0	0	0	0.0
0.470586707638	0.449462365591	299	0	0	0	0	0.0
0.470700274976	0.450537634409	300	0	0	0	0	0.0
0.470831144371	0.451612903226	301	0	0	0	0	0.0
0.474392044986	0.450537634409	302	0	0	0	0	0.0
0.475532847923	0.450537634409	303	0	0	0	0	0.0
0.477231280089	0.450537634409	304	0	0	0	0	0.0
0.479109564005	0.451612903226	305	0	0	0	0	0.0
0.479523977768	0.452688172043	306	0	0	0	0	0.0
0.479693359939	0.45376344086	307	0	0	0	0	0.0
0.480364791212	0.454838709677	308	0	0	0	0	0.0
0.483043591716	0.454838709677	309	0	0	0	0	0.0
0.483851437205	0.454838709677	310	0	0	0	0	0.0
0.484019721668	0.455913978495	311	0	0	0	0	0.0
0.484342546523	0.454838709677	312	0	0	0	0	0.0
0.486269234737	0.454838709677	313	0	0	0	0	0.0
0.486823319521	0.455913978495	314	0	0	0	0	0.0
0.487880370469	0.456989247312	315	0	0	0	0	0.0
0.487996053649	0.455913978495	316	0	0	0	0	0.0
0.490453752468	0.456989247312	317	0	0	0	0	0.0
0.490938240477	0.456989247312	318	0	0	0	0	0.0
0.495498525564	0.456989247312	319	0	0	0	0	0.0
0.495933874283	0.456989247312	320	0	0	0	0	0.0
0.496323230449	0.458064516129	321	0	0	0	0	0.0
0.498469056411	0.459139784946	322	0	0	0	0	0.0
0.501318762734	0.460215053763	323	0	0	0	0	0.0
0.501626834006	0.460215053763	324	0	0	0	0	0.0
0.50310399275	0.459139784946	325	0	0	0	0	0.0
0.504527887486	0.460215053763	326	0	0	0	0	0.0
0.506027130784	0.461290322581	327	0	0	0	0	0.0
0.508448041386	0.462365591398	328	0	0	0	0	0.0
0.50984703562	0.461290322581	329	0	0	0	0	0.0
0.510562720932	0.462365591398	330	0	0	0	0	0.0
0.511247806471	0.462365591398	331	0	0	0	0	0.0
0.521088451348	0.461290322581	332	0	0	0	0	0.0
0.52160963023	0.461290322581	333	0	0	0	0	0.0
0.522496286941	0.460215053763	334	0	0	0	0	0.0
0.525245647749	0.461290322581	335	0	0	0	0	0.0
0.528185553838	0.460215053763	336	0	0	0	0	0.0
0.528271984007	0.459139784946	337	0	0	0	0	0.0
0.531173948172	0.458064516129	338	0	0	0	0	0.0
0.531377734253	0.456989247312	339	0	0	0	0	0.0
0.532116891579	0.458064516129	340	0	0	0	0	0.0
0.535758434724	0.459139784946	341	0	0	0	0	0.0
0.53641177572	0.459139784946	342	0	0	0	0	0.0
0.539985057377	0.460215053763	343	0	0	0	0	0.0
0.540588624436	0.461290322581	344	0	0	0	0	0.0
0.542351334269	0.462365591398	345	0	0	0	0	0.0
0.543917270377	0.462365591398	346	0	0	0	0	0.0
0.544283046001	0.463440860215	347	0	0	0	0	0.0
0.545337489832	0.464516129032	348	0	0	0	0	0.0
0.54552017857	0.463440860215	349	0	0	0	0	0.0
0.545545410202	0.464516129032	350	0	0	0	0	0.0
0.547071579972	0.465591397849	351	0	0	0	0	0.0
0.549002893134	0.466666666667	352	0	0	0	0	0.0
0.549224549538	0.466666666667	353	0	0	0	0	0.0
0.551825166928	0.467741935484	354	0	0	0	0	0.0
0.553003796132	0.467741935484	355	0	0	0	0	0.0
0.554172514147	0.468817204301	356	0	0	0	0	0.0
0.554499398266	0.469892473118	357	0	0	0	0	0.0
0.560508564315	0.470967741935	358	0	0	0	0	0.0
0.560564897835	0.472043010753	359	0	0	0	0	0.0
0.561326563558	0.472043010753	360	0	0	0	0	0.0
0.561864140886	0.470967741935	361	0	0	0	0	0.0
0.563598662596	0.472043010753	362	0	0	0	0	0.0
0.564103702015	0.470967741935	363	0	0	0	0	0.0
0.564735440472	0.472043010753	364	0	0	0	0	0.0
0.567340543145	0.470967741935	365	0	0	0	0	0.0
0.569146616191	0.470967741935	366	0	0	0	0	0.0
0.570291404071	0.470967741935	367	0	0	0	0	0.0
0.572769168563	0.469892473118	368	0	0	0	0	0.0
0.573258863823	0.470967741935	369	0	0	0	0	0.0
0.573957606519	0.472043010753	370	0	0	0	0	0.0
0.575973946573	0.472043010753	371	0	0	0	0	0.0
0.576054663357	0.472043010753	372	0	0	0	0	0.0
0.576172364035	0.47311827957	373	0	0	0	0	0.0
0.578526897092	0.472043010753	374	0	0	0	0	0.0
0.579393150918	0.472043010753	375	0	0	0	0	0.0
0.580393858577	0.472043010753	376	0	0	0	0	0.0
0.582312081281	0.472043010753	377	0	0	0	0	0.0
0.584858528781	0.47311827957	378	0	0	0	0	0.0
0.585121576709	0.472043010753	379	0	0	0	0	0.0
0.586098781165	0.472043010753	380	0	0	0	0	0.0
0.587353980416	0.47311827957	381	0	0	0	0	0.0
0.587418227102	0.47311827957	382	0	0	0	0	0.0
0.589892387164	0.472043010753	383	0	0	0	0	0.0
0.590200786608	0.47311827957	384	0	0	0	0	0.0
0.592948917711	0.47311827957	385	0	0	0	0	0.0
0.597523256949	0.474193548387	386	0	0	0	0	0.0
0.598936674626	0.474193548387	387	0	0	0	0	0.0
0.600474095458	0.47311827957	388	0	0	0	0	0.0
0.604431318212	0.47311827957	389	0	0	0	0	0.0
0.606989741929	0.472043010753	390	0	0	0	0	0.0
0.608296489842	0.47311827957	391	0	0	0	0	0.0
0.608410922444	0.472043010753	392	0	0	0	0	0.0
0.609128497	0.472043010753	393	0	0	0	0	0.0
0.611113588227	0.472043010753	394	0	0	0	0	0.0
0.612199197686	0.470967741935	395	0	0	0	0	0.0
0.612517688489	0.470967741935	396	0	0	0	0	0.0
0.612767419723	0.469892473118	397	0	0	0	0	0.0
0.61303846587	0.469892473118	398	0	0	0	0	0.0
0.61365367524	0.469892473118	399	0	0	0	0	0.0
0.61577602935	0.470967741935	400	0	0	0	0	0.0
0.616026155594	0.472043010753	401	0	0	0	0	0.0
0.621139629625	0.47311827957	402	0	0	0	0	0.0
0.622403608944	0.472043010753	403	0	0	0	0	0.0
0.62381361959	0.472043010753	404	0	0	0	0	0.0
0.625099771681	0.47311827957	405	0	0	0	0	0.0
0.626882066098	0.474193548387	406	0	0	0	0	0.0
0.627954166699	0.474193548387	407	0	0	0	0	0.0
0.630510325298	0.47311827957	408	0	0	0	0	0.0
0.634477324854	0.47311827957	409	0	0	0	0	0.0
0.638686922761	0.474193548387	410	0	0	0	0	0.0
0.640248819047	0.475268817204	411	0	0	0	0	0.0
0.641894910064	0.475268817204	412	0	0	0	0	0.0
0.644178549204	0.475268817204	413	0	0	0	0	0.0
0.644743650512	0.476344086022	414	0	0	0	0	0.0
0.646204568884	0.477419354839	415	0	0	0	0	0.0
0.647835895361	0.478494623656	416	0	0	0	0	0.0
0.648466934149	0.478494623656	417	0	0	0	0	0.0
0.649107791125	0.479569892473	418	0	0	0	0	0.0
0.650776107939	0.48064516129	419	0	0	0	0	0.0
0.655128707856	0.48064516129	420	0	0	0	0	0.0
0.656497723896	0.48064516129	421	0	0	0	0	0.0
0.657240401084	0.481720430108	422	0	0	0	0	0.0
0.658627971808	0.482795698925	423	0	0	0	0	0.0
0.660113287332	0.481720430108	424	0	0	0	0	0.0
0.660905774143	0.482795698925	425	0	0	0	0	0.0
0.66093494628	0.482795698925	426	0	0	0	0	0.0
0.662211889191	0.481720430108	427	0	0	0	0	0.0
0.66525989178	0.482795698925	428	0	0	0	0	0.0
0.668195630016	0.483870967742	429	0	0	0	0	0.0
0.669302753786	0.483870967742	430	0	0	0	0	0.0
0.67026922054	0.484946236559	431	0	0	0	0	0.0
0.672075142618	0.486021505376	432	0	0	0	0	0.0
0.672784883457	0.486021505376	433	0	0	0	0	0.0
0.67380083694	0.486021505376	434	0	0	0	0	0.0
0.674071517444	0.487096774194	435	0	0	0	0	0.0
0.674941517831	0.486021505376	436	0	0	0	0	0.0
0.676008848029	0.486021505376	437	0	0	0	0	0.0
0.677551199172	0.486021505376	438	0	0	0	0	0.0
0.678041255132	0.487096774194	439	0	0	0	0	0.0
0.678899486528	0.487096774194	440	0	0	0	0	0.0
0.680456026563	0.487096774194	441	0	0	0	0	0.0
0.682897084472	0.487096774194	442	0	0	0	0	0.0
0.683691775862	0.487096774194	443	0	0	0	0	0.0
0.684284058025	0.488172043011	444	0	0	0	0	0.0
0.684949662204	0.488172043011	445	0	0	0	0	0.0
0.68686381938	0.488172043011	446	0	0	0	0	0.0
0.690307234593	0.489247311828	447	0	0	0	0	0.0
0.69333131937	0.490322580645	448	0	0	0	0	0.0
0.694674631277	0.491397849462	449	0	0	0	0	0.0
0.695424399425	0.491397849462	450	0	0	0	0	0.0
0.697230335694	0.49247311828	451	0	0	0	0	0.0
0.697570386382	0.493548387097	452	0	0	0	0	0.0
0.698805653825	0.494623655914	453	0	0	0	0	0.0
0.702727954481	0.494623655914	454	0	0	0	0	0.0
0.703145212664	0.494623655914	455	0	0	0	0	0.0
0.703512376779	0.495698924731	456	0	0	0	0	0.0
0.704967638911	0.494623655914	457	0	0	0	0	0.0
0.705547402261	0.493548387097	458	0	0	0	0	0.0
0.70903440054	0.49247311828	459	0	0	0	0	0.0
0.711141148718	0.49247311828	460	0	0	0	0	0.0
0.711463357371	0.493548387097	461	0	0	0	0	0.0
0.712705903386	0.493548387097	462	0	0	0	0	0.0
0.713993613658	0.493548387097	463	0	0	0	0	0.0
0.715704344461	0.493548387097	464	0	0	0	0	0.0
0.716267630006	0.494623655914	465	0	0	0	0	0.0
0.717811020992	0.495698924731	466	0	0	0	0	0.0
0.720855193575	0.495698924731	467	0	0	0	0	0.0
0.722443906096	0.495698924731	468	0	0	0	0	0.0
0.726823852639	0.495698924731	469	0	0	0	0	0.0
0.727011932295	0.495698924731	470	0	0	0	0	0.0
0.727059108096	0.495698924731	471	0	0	0	0	0.0
0.729065796395	0.495698924731	472	0	0	0	0	0.0
0.729126279111	0.495698924731	473	0	0	0	0	0.0
0.729368792921	0.494623655914	474	0	0	0	0	0.0
0.730323769929	0.495698924731	475	0	0	0	0	0.0
0.730567829276	0.496774193548	476	0	0	0	0	0.0
0.73675413315	0.496774193548	477	0	0	0	0	0.0
0.737566710699	0.496774193548	478	0	0	0	0	0.0
0.744275678569	0.496774193548	479	0	0	0	0	0.0
0.744704383932	0.495698924731	480	0	0	0	0	0.0
0.747692920214	0.495698924731	481	0	0	0	0	0.0
0.747762927224	0.496774193548	482	0	0	0	0	0.0
0.750647862284	0.497849462366	483	0	0	0	0	0.0
0.752002379594	0.497849462366	484	0	0	0	0	0.0
0.752071138167	0.498924731183	485	0	0	0	0	0.0
0.757598870186	0.498924731183	486	0	0	0	0	0.0
0.757872218226	0.5	487	0	0	0	0	0.0
0.757925124625	0.501075268817	488	0	0	0	0	0.0
0.759575041433	0.5	489	0	0	0	0	0.0
0.761584119815	0.5	490	0	0	0	0	0.0
0.762119986046	0.501075268817	491	0	0	0	0	0.0
0.763718387867	0.502150537634	492	0	0	0	0	0.0
0.766271886511	0.502150537634	493	0	0	0	0	0.0
0.767747212895	0.502150537634	494	0	0	0	0	0.0
0.769575531792	0.503225806452	495	0	0	0	0	0.0
0.77303904598	0.503225806452	496	0	0	0	0	0.0
0.7730652482	0.504301075269	497	0	0	0	0	0.0
0.77308580047	0.505376344086	498	0	0	0	0	0.0
0.773489446792	0.504301075269	499	0	0	0	0	0.0
0.77371718318	0.505376344086	500	0	0	0	0	0.0
0.775718574305	0.505376344086	501	0	0	0	0	0.0
0.775863380103	0.504301075269	502	0	0	0	0	0.0
0.777413386224	0.505376344086	503	0	0	0	0	0.0
0.779143639339	0.504301075269	504	0	0	0	0	0.0
0.78095731519	0.505376344086	505	0	0	0	0	0.0
0.781098338921	0.504301075269	506	0	0	0	0	0.0
0.785042210797	0.503225806452	507	0	0	0	0	0.0
0.785405798979	0.504301075269	508	0	0	0	0	0.0
0.785670542759	0.505376344086	509	0	0	0	0	0.0
0.789632208301	0.504301075269	510	0	0	0	0	0.0
0.790482864616	0.504301075269	511	0	0	0	0	0.0
