# time 	 divergence 	 # of mutations 	 # IGC chances 	 IGC length 	 # IGC failures 	 Changes due to IGC  	 % change due to IGC 
0.0	0.396774193548	0	0	0	0	0	0.0
0.00144101219517	0.395698924731	1	0	0	0	0	0.0
0.00172418576995	0.396774193548	2	0	0	0	0	0.0
0.00390333590601	0.361290322581	2	1	60	0	33	0.942857142857
0.00774877495542	0.362365591398	3	1	60	0	33	0.916666666667
0.00811592795401	0.363440860215	4	1	60	0	33	0.891891891892
0.00872937270842	0.363440860215	5	1	60	0	33	0.868421052632
0.00963863135165	0.362365591398	6	1	60	0	33	0.846153846154
0.0113491359123	0.363440860215	7	1	60	0	33	0.825
0.01205565799	0.363440860215	8	1	60	0	33	0.80487804878
0.013561100061	0.364516129032	9	1	60	0	33	0.785714285714
0.0137895717696	0.363440860215	10	1	60	0	33	0.767441860465
0.0146776338634	0.362365591398	11	1	60	0	33	0.75
0.0150230897084	0.363440860215	12	1	60	0	33	0.733333333333
0.0154132255329	0.364516129032	13	1	60	0	33	0.717391304348
0.0156275256895	0.365591397849	14	1	60	0	33	0.702127659574
0.016605565556	0.364516129032	15	1	60	0	33	0.6875
0.0185101272147	0.363440860215	16	1	60	0	33	0.673469387755
0.0185680481514	0.364516129032	17	1	60	0	33	0.66
0.0188752237463	0.364516129032	18	1	60	0	33	0.647058823529
0.0204711681228	0.365591397849	19	1	60	0	33	0.634615384615
0.0216672163799	0.366666666667	20	1	60	0	33	0.622641509434
0.0251593697999	0.366666666667	21	1	60	0	33	0.611111111111
0.027100363879	0.367741935484	22	1	60	0	33	0.6
0.0284590366421	0.368817204301	23	1	60	0	33	0.589285714286
0.0302255268393	0.369892473118	24	1	60	0	33	0.578947368421
0.0303533696411	0.370967741935	25	1	60	0	33	0.568965517241
0.0313650433714	0.370967741935	26	1	60	0	33	0.559322033898
0.0318191901192	0.372043010753	27	1	60	0	33	0.55
0.0335392174365	0.372043010753	28	1	60	0	33	0.540983606557
0.0369219613433	0.372043010753	29	1	60	0	33	0.532258064516
0.0380516029715	0.37311827957	30	1	60	0	33	0.52380952381
0.0384103014653	0.374193548387	31	1	60	0	33	0.515625
0.0390839925449	0.375268817204	32	1	60	0	33	0.507692307692
0.0425812199507	0.376344086022	33	1	60	0	33	0.5
0.0445686056155	0.377419354839	34	1	60	0	33	0.492537313433
0.0475214997488	0.376344086022	35	1	60	0	33	0.485294117647
0.0480593441172	0.377419354839	36	1	60	0	33	0.478260869565
0.0496539775336	0.378494623656	37	1	60	0	33	0.471428571429
0.0497172810544	0.378494623656	38	1	60	0	33	0.464788732394
0.0500497627296	0.379569892473	39	1	60	0	33	0.458333333333
0.055260305596	0.378494623656	40	1	60	0	33	0.452054794521
0.0575706473085	0.379569892473	41	1	60	0	33	0.445945945946
0.0617168443345	0.379569892473	42	1	60	0	33	0.44
0.0620270360675	0.38064516129	43	1	60	0	33	0.434210526316
0.0658408381405	0.38064516129	44	1	60	0	33	0.428571428571
0.0686497827732	0.381720430108	45	1	60	0	33	0.423076923077
0.0693491289657	0.38064516129	46	1	60	0	33	0.417721518987
0.0715765452284	0.38064516129	47	1	60	0	33	0.4125
0.0728466762745	0.381720430108	48	1	60	0	33	0.407407407407
0.0758992504191	0.382795698925	49	1	60	0	33	0.40243902439
0.0764824804117	0.383870967742	50	1	60	0	33	0.397590361446
0.0796340980694	0.382795698925	51	1	60	0	33	0.392857142857
0.0806700718711	0.383870967742	52	1	60	0	33	0.388235294118
0.0819012071489	0.382795698925	53	1	60	0	33	0.383720930233
0.0825440863759	0.382795698925	54	1	60	0	33	0.379310344828
0.0847186989395	0.383870967742	55	1	60	0	33	0.375
0.0856852153262	0.384946236559	56	1	60	0	33	0.370786516854
0.0874854902312	0.386021505376	57	1	60	0	33	0.366666666667
0.0885199955454	0.387096774194	58	1	60	0	33	0.362637362637
0.0889230242263	0.387096774194	59	1	60	0	33	0.358695652174
0.0919458703629	0.388172043011	60	1	60	0	33	0.354838709677
0.095196651827	0.388172043011	61	1	60	0	33	0.351063829787
0.0954055179434	0.388172043011	62	1	60	0	33	0.347368421053
0.0965829061547	0.387096774194	63	1	60	0	33	0.34375
0.1003695719	0.387096774194	64	1	60	0	33	0.340206185567
0.101141218478	0.386021505376	65	1	60	0	33	0.336734693878
0.104202788699	0.386021505376	66	1	60	0	33	0.333333333333
0.104534549711	0.386021505376	67	1	60	0	33	0.33
0.105397921474	0.386021505376	68	1	60	0	33	0.326732673267
0.108160756318	0.387096774194	69	1	60	0	33	0.323529411765
0.109716061838	0.387096774194	70	1	60	0	33	0.320388349515
0.110034786548	0.386021505376	71	1	60	0	33	0.317307692308
0.110856503616	0.387096774194	72	1	60	0	33	0.314285714286
0.111275616617	0.387096774194	73	1	60	0	33	0.311320754717
0.112622443472	0.388172043011	74	1	60	0	33	0.308411214953
0.113095716414	0.389247311828	75	1	60	0	33	0.305555555556
0.116397801548	0.388172043011	76	1	60	0	33	0.302752293578
0.117411802744	0.389247311828	77	1	60	0	33	0.3
0.117978487271	0.389247311828	78	1	60	0	33	0.297297297297
0.118257310523	0.390322580645	79	1	60	0	33	0.294642857143
0.118715291221	0.391397849462	80	1	60	0	33	0.29203539823
0.121047908472	0.39247311828	81	1	60	0	33	0.289473684211
0.122480986307	0.393548387097	82	1	60	0	33	0.286956521739
0.12356590851	0.39247311828	83	1	60	0	33	0.284482758621
0.127343239311	0.39247311828	84	1	60	0	33	0.282051282051
0.129938491308	0.393548387097	85	1	60	0	33	0.279661016949
0.131101292109	0.393548387097	86	1	60	0	33	0.27731092437
0.132349899704	0.394623655914	87	1	60	0	33	0.275
0.134361011797	0.395698924731	88	1	60	0	33	0.272727272727
0.1391098051	0.394623655914	89	1	60	0	33	0.270491803279
0.143913929682	0.395698924731	90	1	60	0	33	0.268292682927
0.149086692597	0.396774193548	91	1	60	0	33	0.266129032258
0.149200262186	0.395698924731	92	1	60	0	33	0.264
0.149397941112	0.396774193548	93	1	60	0	33	0.261904761905
0.151056512173	0.397849462366	94	1	60	0	33	0.259842519685
0.151125363192	0.398924731183	95	1	60	0	33	0.2578125
0.151317648268	0.4	96	1	60	0	33	0.255813953488
0.152209495045	0.4	97	1	60	0	33	0.253846153846
0.152632866979	0.4	98	1	60	0	33	0.251908396947
0.153662899876	0.401075268817	99	1	60	0	33	0.25
0.156525420839	0.402150537634	100	1	60	0	33	0.248120300752
0.157547200999	0.401075268817	101	1	60	0	33	0.246268656716
0.158495521851	0.402150537634	102	1	60	0	33	0.244444444444
0.159189054173	0.402150537634	103	1	60	0	33	0.242647058824
0.16231265869	0.401075268817	104	1	60	0	33	0.240875912409
0.162455167789	0.402150537634	105	1	60	0	33	0.239130434783
0.164553813222	0.403225806452	106	1	60	0	33	0.237410071942
0.166277362319	0.403225806452	107	1	60	0	33	0.235714285714
0.168095916011	0.403225806452	108	1	60	0	33	0.234042553191
0.16978825914	0.402150537634	109	1	60	0	33	0.232394366197
0.170235938554	0.402150537634	110	1	60	0	33	0.230769230769
0.172051103653	0.403225806452	111	1	60	0	33	0.229166666667
0.174396341224	0.402150537634	112	1	60	0	33	0.227586206897
0.176163224163	0.401075268817	113	1	60	0	33	0.22602739726
0.176839161889	0.401075268817	114	1	60	0	33	0.224489795918
0.179069654562	0.402150537634	115	1	60	0	33	0.222972972973
0.179243749693	0.403225806452	116	1	60	0	33	0.221476510067
0.180484681338	0.403225806452	117	1	60	0	33	0.22
0.180913601077	0.404301075269	118	1	60	0	33	0.218543046358
0.182341984566	0.404301075269	119	1	60	0	33	0.217105263158
0.183405745631	0.405376344086	120	1	60	0	33	0.21568627451
0.185042265651	0.406451612903	121	1	60	0	33	0.214285714286
0.186798993179	0.405376344086	122	1	60	0	33	0.212903225806
0.191938271937	0.406451612903	123	1	60	0	33	0.211538461538
0.192459968779	0.406451612903	124	1	60	0	33	0.210191082803
0.192606822678	0.40752688172	125	1	60	0	33	0.208860759494
0.197080849463	0.408602150538	126	1	60	0	33	0.207547169811
0.197147152656	0.408602150538	127	1	60	0	33	0.20625
0.199961565404	0.409677419355	128	1	60	0	33	0.204968944099
0.20054474519	0.409677419355	129	1	60	0	33	0.203703703704
0.202013860203	0.410752688172	130	1	60	0	33	0.20245398773
0.20232630406	0.411827956989	131	1	60	0	33	0.201219512195
0.20232895735	0.411827956989	132	1	60	0	33	0.2
0.203098056893	0.412903225806	133	1	60	0	33	0.198795180723
0.20356601494	0.411827956989	134	1	60	0	33	0.197604790419
0.206994272196	0.411827956989	135	1	60	0	33	0.196428571429
0.207994127449	0.411827956989	136	1	60	0	33	0.195266272189
0.208753893003	0.411827956989	137	1	60	0	33	0.194117647059
0.209452113983	0.412903225806	138	1	60	0	33	0.19298245614
0.212490895841	0.411827956989	139	1	60	0	33	0.191860465116
0.215795930313	0.412903225806	140	1	60	0	33	0.190751445087
0.218277971824	0.413978494624	141	1	60	0	33	0.189655172414
0.220462732459	0.415053763441	142	1	60	0	33	0.188571428571
0.220481672647	0.416129032258	143	1	60	0	33	0.1875
0.221078450493	0.417204301075	144	1	60	0	33	0.186440677966
0.221187988558	0.418279569892	145	1	60	0	33	0.185393258427
0.223122905693	0.418279569892	146	1	60	0	33	0.184357541899
0.227260151716	0.41935483871	147	1	60	0	33	0.183333333333
0.228362106594	0.418279569892	148	1	60	0	33	0.182320441989
0.230273210466	0.41935483871	149	1	60	0	33	0.181318681319
0.238551968138	0.41935483871	150	1	60	0	33	0.180327868852
0.241048322314	0.396774193548	150	2	33	0	54	0.264705882353
0.241932962417	0.397849462366	151	2	33	0	54	0.263414634146
0.242534368154	0.396774193548	152	2	33	0	54	0.26213592233
0.242671626423	0.395698924731	153	2	33	0	54	0.260869565217
0.243175708023	0.396774193548	154	2	33	0	54	0.259615384615
0.243255978018	0.396774193548	155	2	33	0	54	0.258373205742
0.246036493796	0.397849462366	156	2	33	0	54	0.257142857143
0.246164136525	0.398924731183	157	2	33	0	54	0.255924170616
0.249008159243	0.390322580645	157	3	48	0	62	0.283105022831
0.25203287669	0.390322580645	158	3	48	0	62	0.281818181818
0.253379521262	0.390322580645	159	3	48	0	62	0.280542986425
0.25467581289	0.391397849462	160	3	48	0	62	0.279279279279
0.257159258687	0.39247311828	161	3	48	0	62	0.27802690583
0.258173169544	0.393548387097	162	3	48	0	62	0.276785714286
0.258918547525	0.394623655914	163	3	48	0	62	0.275555555556
0.260019891132	0.395698924731	164	3	48	0	62	0.274336283186
0.263159062065	0.396774193548	165	3	48	0	62	0.273127753304
0.265337695339	0.396774193548	166	3	48	0	62	0.271929824561
0.267517949388	0.397849462366	167	3	48	0	62	0.270742358079
0.269209925448	0.396774193548	168	3	48	0	62	0.269565217391
0.269497883491	0.397849462366	169	3	48	0	62	0.268398268398
0.273068895134	0.398924731183	170	3	48	0	62	0.26724137931
0.275233534426	0.397849462366	171	3	48	0	62	0.266094420601
0.278470146422	0.397849462366	172	3	48	0	62	0.264957264957
0.280423004339	0.397849462366	173	3	48	0	62	0.263829787234
0.280567902403	0.397849462366	174	3	48	0	62	0.262711864407
0.281683279613	0.388172043011	174	4	18	0	71	0.289795918367
0.282223999418	0.389247311828	175	4	18	0	71	0.288617886179
0.28285064709	0.390322580645	176	4	18	0	71	0.287449392713
0.291581594743	0.391397849462	177	4	18	0	71	0.286290322581
0.29262968308	0.391397849462	178	4	18	0	71	0.285140562249
0.294106411966	0.39247311828	179	4	18	0	71	0.284
0.294139412832	0.393548387097	180	4	18	0	71	0.282868525896
0.298117997658	0.394623655914	181	4	18	0	71	0.281746031746
0.300884150106	0.394623655914	182	4	18	0	71	0.280632411067
0.302389198493	0.394623655914	183	4	18	0	71	0.279527559055
0.302491417243	0.395698924731	184	4	18	0	71	0.278431372549
0.30374860448	0.395698924731	185	4	18	0	71	0.27734375
0.305154838061	0.394623655914	186	4	18	0	71	0.27626459144
0.305255112648	0.393548387097	187	4	18	0	71	0.27519379845
0.307295049013	0.39247311828	188	4	18	0	71	0.274131274131
0.308069984865	0.39247311828	189	4	18	0	71	0.273076923077
0.310069204472	0.393548387097	190	4	18	0	71	0.272030651341
0.313145885712	0.393548387097	191	4	18	0	71	0.270992366412
0.31521708658	0.394623655914	192	4	18	0	71	0.269961977186
0.317406983035	0.395698924731	193	4	18	0	71	0.268939393939
0.32189783758	0.395698924731	194	4	18	0	71	0.267924528302
0.327822937138	0.394623655914	195	4	18	0	71	0.266917293233
0.330095307238	0.393548387097	196	4	18	0	71	0.265917602996
0.330912704876	0.394623655914	197	4	18	0	71	0.264925373134
0.334678838707	0.395698924731	198	4	18	0	71	0.263940520446
0.335026438305	0.395698924731	199	4	18	0	71	0.262962962963
0.335523554643	0.395698924731	200	4	18	0	71	0.261992619926
0.336187625762	0.395698924731	201	4	18	0	71	0.261029411765
0.339558468035	0.396774193548	202	4	18	0	71	0.260073260073
0.340391011588	0.397849462366	203	4	18	0	71	0.259124087591
0.341630720472	0.397849462366	204	4	18	0	71	0.258181818182
0.343350495711	0.398924731183	205	4	18	0	71	0.257246376812
0.343628243841	0.397849462366	206	4	18	0	71	0.256317689531
0.345586537039	0.398924731183	207	4	18	0	71	0.255395683453
0.347043807858	0.397849462366	208	4	18	0	71	0.254480286738
