# time 	 divergence 	 # of mutations 	 # IGC chances 	 IGC length 	 # IGC failures 	 Changes due to IGC  	 % change due to IGC 
0.0	0.202150537634	0	0	0	0	0	0.0
0.00282757442012	0.202150537634	0	1	6	0	0	0.0
0.00303258596019	0.203225806452	1	1	6	0	0	0.0
0.00409860585455	0.204301075269	2	1	6	0	0	0.0
0.00458268613709	0.205376344086	3	1	6	0	0	0.0
0.00867317781267	0.205376344086	4	1	6	0	0	0.0
0.00881665733856	0.206451612903	5	1	6	0	0	0.0
0.0214754891726	0.204301075269	5	2	3	0	2	0.285714285714
0.0226507250402	0.202150537634	5	3	6	0	4	0.444444444444
0.0248279451726	0.203225806452	6	3	6	0	4	0.4
0.0259518929214	0.201075268817	6	4	21	0	6	0.5
0.0262588521574	0.201075268817	6	5	6	0	6	0.5
0.0281661258126	0.196774193548	6	6	15	0	10	0.625
0.0283123119363	0.197849462366	7	6	15	0	10	0.588235294118
0.0289707002638	0.197849462366	8	6	15	0	10	0.555555555556
0.0309652777096	0.198924731183	9	6	15	0	10	0.526315789474
0.0310505240959	0.2	10	6	15	0	10	0.5
0.0326115457314	0.201075268817	11	6	15	0	10	0.47619047619
0.0335072513783	0.201075268817	12	6	15	0	10	0.454545454545
0.0335171857794	0.202150537634	13	6	15	0	10	0.434782608696
0.0347563522583	0.203225806452	14	6	15	0	10	0.416666666667
0.0351279452932	0.204301075269	15	6	15	0	10	0.4
0.0358671180799	0.204301075269	16	6	15	0	10	0.384615384615
0.0378447439983	0.205376344086	17	6	15	0	10	0.37037037037
0.0383348302682	0.205376344086	18	6	15	0	10	0.357142857143
0.0384940659994	0.206451612903	19	6	15	0	10	0.344827586207
0.0400806170411	0.205376344086	20	6	15	0	10	0.333333333333
0.0401890688746	0.206451612903	21	6	15	0	10	0.322580645161
0.0428172016988	0.20752688172	22	6	15	0	10	0.3125
0.0442016007567	0.208602150538	23	6	15	0	10	0.30303030303
0.0486683854314	0.209677419355	24	6	15	0	10	0.294117647059
0.0487826302629	0.209677419355	25	6	15	0	10	0.285714285714
0.0491446894949	0.210752688172	26	6	15	0	10	0.277777777778
0.0502991830881	0.210752688172	27	6	15	0	10	0.27027027027
0.0595677518391	0.210752688172	27	7	3	0	10	0.27027027027
0.0596700125463	0.211827956989	28	7	3	0	10	0.263157894737
0.060123650393	0.211827956989	28	8	3	0	10	0.263157894737
0.0602780113562	0.212903225806	29	8	3	0	10	0.25641025641
0.0615789384206	0.213978494624	30	8	3	0	10	0.25
0.0655847411663	0.210752688172	30	9	24	0	13	0.302325581395
0.0661909787841	0.209677419355	30	10	3	0	14	0.318181818182
0.0698197942072	0.209677419355	30	11	3	0	14	0.318181818182
0.0708802079331	0.210752688172	31	11	3	0	14	0.311111111111
0.0743038034896	0.211827956989	32	11	3	0	14	0.304347826087
0.0782974931546	0.212903225806	33	11	3	0	14	0.297872340426
0.0783568210442	0.213978494624	34	11	3	0	14	0.291666666667
0.078984514323	0.215053763441	35	11	3	0	14	0.285714285714
0.0790553426166	0.215053763441	36	11	3	0	14	0.28
0.0794844750758	0.211827956989	36	12	6	0	17	0.320754716981
0.0805063909838	0.206451612903	36	13	15	0	22	0.379310344828
0.0822037782927	0.20752688172	37	13	15	0	22	0.372881355932
0.0841000243873	0.208602150538	38	13	15	0	22	0.366666666667
0.0854495184545	0.209677419355	39	13	15	0	22	0.360655737705
0.0870671779501	0.205376344086	39	14	9	0	26	0.4
0.0885894979425	0.206451612903	40	14	9	0	26	0.393939393939
0.0895570414765	0.20752688172	41	14	9	0	26	0.388059701493
0.0906842129542	0.205376344086	41	15	6	0	28	0.405797101449
0.0926473891945	0.206451612903	42	15	6	0	28	0.4
0.0928797870274	0.20752688172	43	15	6	0	28	0.394366197183
0.0931286608255	0.206451612903	43	16	3	0	29	0.402777777778
0.09385759875	0.20752688172	44	16	3	0	29	0.397260273973
0.0948024196712	0.208602150538	45	16	3	0	29	0.391891891892
0.0959936557155	0.209677419355	46	16	3	0	29	0.386666666667
0.0966992251325	0.206451612903	46	17	6	0	32	0.410256410256
0.0974500003822	0.206451612903	46	18	3	0	32	0.410256410256
0.0993125379845	0.20752688172	47	18	3	0	32	0.405063291139
0.100152391114	0.208602150538	48	18	3	0	32	0.4
0.100192302492	0.209677419355	49	18	3	0	32	0.395061728395
0.101232605482	0.206451612903	49	19	9	0	35	0.416666666667
0.101933142184	0.206451612903	50	19	9	0	35	0.411764705882
0.105423426055	0.20752688172	51	19	9	0	35	0.406976744186
0.109320154767	0.206451612903	52	19	9	0	35	0.402298850575
0.110337082597	0.20752688172	53	19	9	0	35	0.397727272727
0.115278156291	0.202150537634	53	20	18	0	40	0.430107526882
0.12031177331	0.201075268817	53	21	3	0	41	0.436170212766
0.121056796897	0.202150537634	54	21	3	0	41	0.431578947368
0.121961809833	0.203225806452	55	21	3	0	41	0.427083333333
0.122317212016	0.204301075269	56	21	3	0	41	0.422680412371
0.122399425003	0.205376344086	57	21	3	0	41	0.418367346939
0.124900172958	0.206451612903	58	21	3	0	41	0.414141414141
0.125727482358	0.204301075269	58	22	3	0	43	0.425742574257
0.125782354765	0.204301075269	59	22	3	0	43	0.421568627451
0.127090471091	0.204301075269	59	23	3	0	43	0.421568627451
0.129239196855	0.205376344086	60	23	3	0	43	0.417475728155
0.129637270834	0.206451612903	61	23	3	0	43	0.413461538462
0.130287786347	0.20752688172	62	23	3	0	43	0.409523809524
0.131136436211	0.208602150538	63	23	3	0	43	0.405660377358
0.132417392979	0.208602150538	64	23	3	0	43	0.401869158879
0.132645649686	0.208602150538	65	23	3	0	43	0.398148148148
0.135281628502	0.20752688172	66	23	3	0	43	0.394495412844
0.139979835651	0.208602150538	67	23	3	0	43	0.390909090909
0.140810018416	0.209677419355	68	23	3	0	43	0.387387387387
0.140990381006	0.208602150538	68	24	6	0	44	0.392857142857
0.141707249329	0.209677419355	69	24	6	0	44	0.389380530973
0.141912323476	0.210752688172	70	24	6	0	44	0.385964912281
0.143551647069	0.211827956989	71	24	6	0	44	0.382608695652
0.144552126555	0.212903225806	72	24	6	0	44	0.379310344828
0.144562814419	0.213978494624	73	24	6	0	44	0.376068376068
0.145011277532	0.215053763441	74	24	6	0	44	0.372881355932
0.148135619988	0.215053763441	75	24	6	0	44	0.36974789916
0.149999791798	0.216129032258	76	24	6	0	44	0.366666666667
0.151302316774	0.20752688172	76	25	21	0	52	0.40625
0.153527216254	0.208602150538	77	25	21	0	52	0.403100775194
0.154907440904	0.20752688172	77	26	3	0	53	0.407692307692
0.15565581625	0.205376344086	77	27	6	0	55	0.416666666667
0.157154318309	0.202150537634	77	28	12	0	58	0.42962962963
0.158482106908	0.201075268817	77	29	3	0	59	0.433823529412
0.159886676175	0.202150537634	78	29	3	0	59	0.430656934307
0.160894569604	0.203225806452	79	29	3	0	59	0.427536231884
0.160909437618	0.202150537634	79	30	3	0	60	0.431654676259
0.161642327503	0.203225806452	80	30	3	0	60	0.428571428571
0.162162073279	0.204301075269	81	30	3	0	60	0.425531914894
0.16497851316	0.205376344086	82	30	3	0	60	0.422535211268
0.166355588896	0.206451612903	83	30	3	0	60	0.41958041958
0.166742842643	0.202150537634	83	31	12	0	64	0.43537414966
0.167302766658	0.202150537634	84	31	12	0	64	0.432432432432
0.167321214641	0.203225806452	85	31	12	0	64	0.429530201342
0.169986604604	0.202150537634	85	32	3	0	65	0.433333333333
0.171985214221	0.202150537634	86	32	3	0	65	0.430463576159
0.173001468794	0.203225806452	87	32	3	0	65	0.427631578947
0.173310001406	0.202150537634	88	32	3	0	65	0.424836601307
0.173377126393	0.202150537634	89	32	3	0	65	0.422077922078
0.174225925058	0.202150537634	90	32	3	0	65	0.41935483871
0.174423306452	0.203225806452	91	32	3	0	65	0.416666666667
0.174672431637	0.204301075269	92	32	3	0	65	0.414012738854
0.175219671953	0.205376344086	93	32	3	0	65	0.411392405063
0.17559834918	0.206451612903	94	32	3	0	65	0.408805031447
0.176206048393	0.20752688172	95	32	3	0	65	0.40625
0.17638704662	0.202150537634	95	33	27	0	70	0.424242424242
0.17682536973	0.203225806452	96	33	27	0	70	0.421686746988
0.177645984001	0.204301075269	97	33	27	0	70	0.419161676647
0.177728815761	0.205376344086	98	33	27	0	70	0.416666666667
0.177857534224	0.205376344086	98	34	3	0	70	0.416666666667
0.179823911857	0.206451612903	99	34	3	0	70	0.414201183432
0.181259900276	0.20752688172	100	34	3	0	70	0.411764705882
0.181937121302	0.208602150538	101	34	3	0	70	0.409356725146
0.184237904514	0.208602150538	102	34	3	0	70	0.406976744186
0.185659547914	0.203225806452	102	35	21	0	75	0.423728813559
0.186390320183	0.203225806452	102	36	9	0	75	0.423728813559
0.190210508874	0.204301075269	103	36	9	0	75	0.421348314607
0.191762977021	0.205376344086	104	36	9	0	75	0.418994413408
0.192771494409	0.205376344086	104	37	3	0	75	0.418994413408
0.192984501066	0.206451612903	105	37	3	0	75	0.416666666667
0.195969601954	0.194623655914	105	38	30	0	86	0.450261780105
0.1962987038	0.195698924731	106	38	30	0	86	0.447916666667
0.19655793932	0.196774193548	107	38	30	0	86	0.445595854922
0.199287049817	0.197849462366	108	38	30	0	86	0.443298969072
0.199928603572	0.198924731183	109	38	30	0	86	0.441025641026
0.200941451844	0.2	110	38	30	0	86	0.438775510204
0.202484143638	0.201075268817	111	38	30	0	86	0.43654822335
0.20319512078	0.201075268817	112	38	30	0	86	0.434343434343
0.203931024559	0.202150537634	113	38	30	0	86	0.43216080402
0.207563895034	0.203225806452	114	38	30	0	86	0.43
0.208809669325	0.202150537634	115	38	30	0	86	0.427860696517
0.208844017886	0.202150537634	116	38	30	0	86	0.425742574257
0.210798142248	0.203225806452	117	38	30	0	86	0.423645320197
0.211696637921	0.204301075269	118	38	30	0	86	0.421568627451
0.213017412111	0.205376344086	119	38	30	0	86	0.419512195122
0.213235268524	0.206451612903	120	38	30	0	86	0.417475728155
0.213286880881	0.20752688172	121	38	30	0	86	0.415458937198
0.214980998936	0.206451612903	121	39	3	0	87	0.418269230769
0.217133390855	0.20752688172	122	39	3	0	87	0.416267942584
0.217862666333	0.208602150538	123	39	3	0	87	0.414285714286
0.218661912779	0.209677419355	124	39	3	0	87	0.412322274882
0.218810008955	0.210752688172	125	39	3	0	87	0.410377358491
0.221445626465	0.211827956989	126	39	3	0	87	0.408450704225
0.222426481232	0.212903225806	127	39	3	0	87	0.406542056075
0.224759873946	0.212903225806	128	39	3	0	87	0.404651162791
0.22671659716	0.20752688172	128	40	21	0	92	0.418181818182
0.228198597235	0.208602150538	129	40	21	0	92	0.41628959276
0.230533729341	0.209677419355	130	40	21	0	92	0.414414414414
0.23151626451	0.208602150538	130	41	3	0	93	0.417040358744
0.234932902906	0.209677419355	131	41	3	0	93	0.415178571429
0.234977926858	0.210752688172	132	41	3	0	93	0.413333333333
0.237307278648	0.211827956989	133	41	3	0	93	0.411504424779
0.238945882681	0.212903225806	134	41	3	0	93	0.409691629956
0.239863717499	0.213978494624	135	41	3	0	93	0.407894736842
0.239956499704	0.215053763441	136	41	3	0	93	0.406113537118
0.242461432099	0.216129032258	137	41	3	0	93	0.404347826087
0.244676254096	0.217204301075	138	41	3	0	93	0.402597402597
0.244962309948	0.218279569892	139	41	3	0	93	0.400862068966
0.245691214112	0.21935483871	140	41	3	0	93	0.399141630901
0.248673056187	0.218279569892	141	41	3	0	93	0.397435897436
0.252713423689	0.217204301075	142	41	3	0	93	0.395744680851
0.253851505905	0.218279569892	143	41	3	0	93	0.39406779661
0.256969946005	0.21935483871	144	41	3	0	93	0.392405063291
0.257045102953	0.220430107527	145	41	3	0	93	0.390756302521
0.258166388394	0.220430107527	146	41	3	0	93	0.389121338912
0.258215500716	0.220430107527	147	41	3	0	93	0.3875
0.25833837481	0.220430107527	148	41	3	0	93	0.385892116183
0.258525556329	0.220430107527	148	42	3	0	93	0.385892116183
0.258711906093	0.221505376344	149	42	3	0	93	0.384297520661
0.261643365512	0.220430107527	150	42	3	0	93	0.382716049383
0.262963184578	0.220430107527	151	42	3	0	93	0.381147540984
0.265329643284	0.21935483871	152	42	3	0	93	0.379591836735
0.268264783601	0.220430107527	153	42	3	0	93	0.378048780488
0.268639202325	0.221505376344	154	42	3	0	93	0.376518218623
0.269368314426	0.222580645161	155	42	3	0	93	0.375
0.269524393851	0.221505376344	156	42	3	0	93	0.373493975904
0.269711442217	0.222580645161	157	42	3	0	93	0.372
0.271127802853	0.222580645161	158	42	3	0	93	0.370517928287
0.273391785749	0.221505376344	158	43	9	0	94	0.373015873016
0.273960566549	0.222580645161	159	43	9	0	94	0.371541501976
0.276448472194	0.223655913978	160	43	9	0	94	0.370078740157
0.277321300698	0.224731182796	161	43	9	0	94	0.36862745098
0.277477132738	0.223655913978	162	43	9	0	94	0.3671875
0.277685134104	0.218279569892	162	44	9	0	99	0.379310344828
0.277695846302	0.21935483871	163	44	9	0	99	0.37786259542
0.277773670697	0.21935483871	163	45	6	0	99	0.37786259542
0.27993932532	0.215053763441	163	46	24	0	103	0.387218045113
0.279946477667	0.213978494624	163	47	3	0	104	0.389513108614
0.281214505264	0.212903225806	164	47	3	0	104	0.388059701493
0.282001125295	0.213978494624	165	47	3	0	104	0.386617100372
0.282120647869	0.20752688172	165	48	18	0	110	0.4
0.282854022004	0.204301075269	165	49	9	0	113	0.406474820144
0.283121674209	0.203225806452	166	49	9	0	113	0.405017921147
0.283556802894	0.203225806452	167	49	9	0	113	0.403571428571
0.28511651734	0.2	167	50	24	0	116	0.409893992933
0.287063726253	0.201075268817	168	50	24	0	116	0.408450704225
0.287195045854	0.2	169	50	24	0	116	0.40701754386
0.288000088668	0.201075268817	170	50	24	0	116	0.405594405594
0.288321082934	0.202150537634	171	50	24	0	116	0.404181184669
0.288368543379	0.203225806452	172	50	24	0	116	0.402777777778
0.288486852418	0.203225806452	172	51	3	0	116	0.402777777778
0.289127259136	0.202150537634	172	52	18	0	117	0.404844290657
0.291312250788	0.202150537634	173	52	18	0	117	0.403448275862
0.29195776878	0.203225806452	174	52	18	0	117	0.40206185567
0.29623978882	0.202150537634	175	52	18	0	117	0.400684931507
0.297153399283	0.201075268817	176	52	18	0	117	0.399317406143
0.297956043301	0.201075268817	177	52	18	0	117	0.397959183673
0.298831281678	0.2	178	52	18	0	117	0.396610169492
0.299415310128	0.201075268817	179	52	18	0	117	0.39527027027
0.300607131601	0.202150537634	180	52	18	0	117	0.393939393939
0.300743356101	0.202150537634	181	52	18	0	117	0.392617449664
0.301069199082	0.203225806452	182	52	18	0	117	0.391304347826
0.301947604811	0.204301075269	183	52	18	0	117	0.39
0.305913942027	0.204301075269	183	53	3	0	117	0.39
0.306650442102	0.205376344086	184	53	3	0	117	0.388704318937
0.30738504135	0.204301075269	185	53	3	0	117	0.387417218543
0.310677258349	0.204301075269	185	54	3	0	117	0.387417218543
0.313247753981	0.203225806452	185	55	15	0	118	0.389438943894
0.314956181365	0.204301075269	186	55	15	0	118	0.388157894737
0.315161280891	0.205376344086	187	55	15	0	118	0.386885245902
0.316025171637	0.206451612903	188	55	15	0	118	0.385620915033
0.318537466616	0.206451612903	189	55	15	0	118	0.384364820847
0.320945131746	0.20752688172	190	55	15	0	118	0.383116883117
0.321145940018	0.205376344086	190	56	3	0	120	0.387096774194
0.321293447356	0.205376344086	191	56	3	0	120	0.385852090032
0.321956848431	0.206451612903	192	56	3	0	120	0.384615384615
0.323667272781	0.20752688172	193	56	3	0	120	0.38338658147
0.323988179607	0.20752688172	194	56	3	0	120	0.382165605096
0.324777516824	0.206451612903	194	57	15	0	121	0.384126984127
0.327182713912	0.206451612903	195	57	15	0	121	0.382911392405
0.328235730493	0.205376344086	196	57	15	0	121	0.381703470032
0.328414815676	0.206451612903	197	57	15	0	121	0.380503144654
0.328826578206	0.203225806452	197	58	6	0	124	0.386292834891
0.328923594814	0.204301075269	198	58	6	0	124	0.385093167702
0.32952072867	0.204301075269	198	59	6	0	124	0.385093167702
0.332543044029	0.205376344086	199	59	6	0	124	0.383900928793
0.334020654517	0.205376344086	199	60	3	0	124	0.383900928793
0.334447319701	0.206451612903	200	60	3	0	124	0.382716049383
0.334535389969	0.206451612903	201	60	3	0	124	0.381538461538
0.335352627194	0.205376344086	201	61	3	0	125	0.383435582822
0.335830137194	0.206451612903	202	61	3	0	125	0.382262996942
0.336777242488	0.20752688172	203	61	3	0	125	0.381097560976
0.336896888514	0.20752688172	204	61	3	0	125	0.379939209726
0.343635107009	0.202150537634	204	62	6	0	130	0.389221556886
0.344329600013	0.203225806452	205	62	6	0	130	0.388059701493
0.345658618392	0.203225806452	205	63	15	0	130	0.388059701493
0.347124761042	0.201075268817	205	64	12	0	132	0.391691394659
0.348053217333	0.202150537634	206	64	12	0	132	0.390532544379
0.351466421137	0.201075268817	206	65	3	0	133	0.392330383481
0.352900672415	0.202150537634	207	65	3	0	133	0.391176470588
0.353589937782	0.203225806452	208	65	3	0	133	0.390029325513
0.354158727479	0.202150537634	209	65	3	0	133	0.388888888889
0.354828428838	0.201075268817	210	65	3	0	133	0.387755102041
0.356798197689	0.202150537634	211	65	3	0	133	0.386627906977
0.357678508419	0.202150537634	212	65	3	0	133	0.385507246377
0.358243943047	0.202150537634	212	66	3	0	133	0.385507246377
0.358348850018	0.202150537634	212	67	3	0	133	0.385507246377
0.359636697905	0.203225806452	213	67	3	0	133	0.384393063584
0.359672669228	0.203225806452	214	67	3	0	133	0.383285302594
0.361218957435	0.203225806452	215	67	3	0	133	0.382183908046
0.361335394797	0.203225806452	216	67	3	0	133	0.381088825215
0.362162524755	0.202150537634	217	67	3	0	133	0.38
0.362327885754	0.203225806452	218	67	3	0	133	0.378917378917
0.363055568499	0.204301075269	219	67	3	0	133	0.377840909091
0.363994103432	0.205376344086	220	67	3	0	133	0.376770538244
0.366617367012	0.205376344086	221	67	3	0	133	0.375706214689
0.366939581214	0.206451612903	222	67	3	0	133	0.374647887324
0.367512228677	0.197849462366	222	68	36	0	141	0.388429752066
0.368660544287	0.198924731183	223	68	36	0	141	0.387362637363
0.368703693925	0.2	224	68	36	0	141	0.386301369863
0.368732532703	0.197849462366	224	69	15	0	143	0.389645776567
0.368992523512	0.196774193548	224	70	6	0	144	0.391304347826
0.370013739173	0.195698924731	225	70	6	0	144	0.390243902439
0.374101777625	0.196774193548	226	70	6	0	144	0.389189189189
0.377083625917	0.197849462366	227	70	6	0	144	0.388140161725
0.378364198813	0.198924731183	228	70	6	0	144	0.387096774194
0.378404312323	0.2	229	70	6	0	144	0.386058981233
0.379033542334	0.201075268817	230	70	6	0	144	0.385026737968
0.38124387758	0.202150537634	231	70	6	0	144	0.384
0.382068117425	0.203225806452	232	70	6	0	144	0.382978723404
0.383731138143	0.204301075269	233	70	6	0	144	0.381962864721
0.383759481287	0.19247311828	233	71	27	0	155	0.399484536082
0.384343837329	0.193548387097	234	71	27	0	155	0.398457583548
0.384442708005	0.194623655914	235	71	27	0	155	0.397435897436
0.384750029128	0.195698924731	236	71	27	0	155	0.39641943734
0.389052578874	0.196774193548	237	71	27	0	155	0.395408163265
0.392357174654	0.197849462366	238	71	27	0	155	0.394402035623
0.39632391664	0.196774193548	238	72	3	0	156	0.395939086294
0.397422403596	0.197849462366	239	72	3	0	156	0.394936708861
0.397553433373	0.198924731183	240	72	3	0	156	0.393939393939
0.398821409149	0.2	241	72	3	0	156	0.392947103275
0.401649682149	0.201075268817	242	72	3	0	156	0.391959798995
0.401989039659	0.202150537634	243	72	3	0	156	0.390977443609
0.402203391522	0.203225806452	244	72	3	0	156	0.39
0.403156706156	0.204301075269	245	72	3	0	156	0.389027431421
0.404067634836	0.205376344086	246	72	3	0	156	0.388059701493
0.406014538326	0.205376344086	247	72	3	0	156	0.387096774194
0.406693563534	0.206451612903	248	72	3	0	156	0.386138613861
0.407758239191	0.205376344086	249	72	3	0	156	0.385185185185
0.408231763493	0.206451612903	250	72	3	0	156	0.384236453202
0.408865753788	0.20752688172	251	72	3	0	156	0.383292383292
0.410963841425	0.208602150538	252	72	3	0	156	0.382352941176
0.411620673076	0.208602150538	253	72	3	0	156	0.38141809291
0.411681777337	0.209677419355	254	72	3	0	156	0.380487804878
0.413198896032	0.209677419355	255	72	3	0	156	0.379562043796
0.415312130589	0.208602150538	256	72	3	0	156	0.378640776699
0.416184325931	0.209677419355	257	72	3	0	156	0.377723970944
0.416347012646	0.210752688172	258	72	3	0	156	0.376811594203
0.418831272008	0.211827956989	259	72	3	0	156	0.375903614458
0.418957597228	0.211827956989	260	72	3	0	156	0.375
0.421463243395	0.211827956989	261	72	3	0	156	0.374100719424
0.425989940012	0.209677419355	261	73	6	0	158	0.377088305489
0.426830947151	0.210752688172	262	73	6	0	158	0.37619047619
0.42684205296	0.211827956989	263	73	6	0	158	0.375296912114
0.429633086658	0.212903225806	264	73	6	0	158	0.374407582938
0.430133772963	0.213978494624	265	73	6	0	158	0.373522458629
0.431777767673	0.215053763441	266	73	6	0	158	0.372641509434
0.431781684217	0.215053763441	267	73	6	0	158	0.371764705882
0.432128582694	0.215053763441	268	73	6	0	158	0.370892018779
0.43236713538	0.213978494624	269	73	6	0	158	0.370023419204
0.432941180541	0.215053763441	270	73	6	0	158	0.369158878505
0.435586643532	0.216129032258	271	73	6	0	158	0.368298368298
0.436057818541	0.217204301075	272	73	6	0	158	0.367441860465
0.44033068778	0.216129032258	273	73	6	0	158	0.366589327146
0.441352728481	0.217204301075	274	73	6	0	158	0.365740740741
0.444182356443	0.218279569892	275	73	6	0	158	0.364896073903
0.444917978568	0.21935483871	276	73	6	0	158	0.364055299539
0.445330991016	0.218279569892	276	74	9	0	159	0.365517241379
0.445574917262	0.21935483871	277	74	9	0	159	0.364678899083
0.446400384795	0.21935483871	278	74	9	0	159	0.363844393593
0.446810950694	0.220430107527	279	74	9	0	159	0.36301369863
0.447758653774	0.21935483871	279	75	3	0	160	0.364464692483
0.448920464957	0.218279569892	280	75	3	0	160	0.363636363636
0.449537875749	0.21935483871	281	75	3	0	160	0.362811791383
0.449590797309	0.21935483871	281	76	3	0	160	0.362811791383
0.450943955279	0.220430107527	282	76	3	0	160	0.361990950226
0.452614599973	0.221505376344	283	76	3	0	160	0.361173814898
0.45296310327	0.222580645161	284	76	3	0	160	0.36036036036
0.45318113308	0.221505376344	285	76	3	0	160	0.359550561798
0.45784975929	0.215053763441	285	77	15	0	166	0.368070953437
0.463123127569	0.216129032258	286	77	15	0	166	0.367256637168
0.465537748201	0.217204301075	287	77	15	0	166	0.366445916115
0.465729923222	0.216129032258	287	78	6	0	167	0.367841409692
0.465875869114	0.217204301075	288	78	6	0	167	0.367032967033
0.466150003464	0.218279569892	289	78	6	0	167	0.366228070175
0.4661842079	0.21935483871	290	78	6	0	167	0.365426695842
0.466334932099	0.220430107527	291	78	6	0	167	0.364628820961
0.466940464967	0.21935483871	292	78	6	0	167	0.363834422658
0.468703242151	0.218279569892	293	78	6	0	167	0.363043478261
0.471110748748	0.212903225806	293	79	18	0	172	0.369892473118
0.471408681419	0.212903225806	294	79	18	0	172	0.369098712446
0.472280433322	0.213978494624	295	79	18	0	172	0.368308351178
0.472901935743	0.215053763441	296	79	18	0	172	0.367521367521
0.475129090172	0.216129032258	297	79	18	0	172	0.366737739872
0.475929280085	0.217204301075	298	79	18	0	172	0.365957446809
0.477121189897	0.218279569892	299	79	18	0	172	0.365180467091
0.478107985827	0.21935483871	300	79	18	0	172	0.364406779661
0.478309134633	0.220430107527	301	79	18	0	172	0.363636363636
0.478413586523	0.221505376344	302	79	18	0	172	0.362869198312
0.479944561984	0.222580645161	303	79	18	0	172	0.362105263158
0.481405982808	0.218279569892	303	80	9	0	176	0.367432150313
0.482249861297	0.217204301075	304	80	9	0	176	0.366666666667
0.484115609598	0.218279569892	305	80	9	0	176	0.365904365904
0.487011279568	0.21935483871	306	80	9	0	176	0.365145228216
0.490470406003	0.21935483871	307	80	9	0	176	0.364389233954
0.493740029906	0.220430107527	308	80	9	0	176	0.363636363636
0.493788189757	0.21935483871	309	80	9	0	176	0.362886597938
0.493859457711	0.220430107527	310	80	9	0	176	0.362139917695
0.494408332505	0.221505376344	311	80	9	0	176	0.361396303901
0.497115449192	0.222580645161	312	80	9	0	176	0.360655737705
0.498504529964	0.221505376344	313	80	9	0	176	0.359918200409
0.499007237622	0.222580645161	314	80	9	0	176	0.359183673469
0.499616897011	0.220430107527	314	81	6	0	178	0.361788617886
0.501065021189	0.21935483871	314	82	3	0	179	0.3630831643
0.502284039221	0.217204301075	314	83	9	0	181	0.365656565657
0.504439648798	0.215053763441	314	84	3	0	183	0.368209255533
0.504721518018	0.209677419355	314	85	12	0	188	0.374501992032
0.504731938201	0.210752688172	315	85	12	0	188	0.373757455268
0.506307431615	0.211827956989	316	85	12	0	188	0.373015873016
0.506779326414	0.211827956989	317	85	12	0	188	0.372277227723
0.507332040796	0.211827956989	317	86	6	0	188	0.372277227723
0.50812894382	0.212903225806	318	86	6	0	188	0.371541501976
0.510261520261	0.210752688172	318	87	21	0	190	0.374015748031
0.510674751604	0.211827956989	319	87	21	0	190	0.373280943026
0.51183751311	0.212903225806	320	87	21	0	190	0.372549019608
0.511841716205	0.213978494624	321	87	21	0	190	0.371819960861
0.512605977385	0.211827956989	321	88	6	0	192	0.374269005848
0.513108890395	0.212903225806	322	88	6	0	192	0.373540856031
0.513216278143	0.213978494624	323	88	6	0	192	0.372815533981
0.513551095735	0.210752688172	323	89	15	0	195	0.376447876448
0.515098330244	0.210752688172	324	89	15	0	195	0.375722543353
0.515697470691	0.211827956989	325	89	15	0	195	0.375
0.516233862506	0.210752688172	326	89	15	0	195	0.374280230326
0.516944818658	0.211827956989	327	89	15	0	195	0.373563218391
0.517872336935	0.212903225806	328	89	15	0	195	0.372848948375
0.519176519851	0.212903225806	329	89	15	0	195	0.37213740458
0.520447897298	0.213978494624	330	89	15	0	195	0.371428571429
0.522014133868	0.215053763441	331	89	15	0	195	0.37072243346
0.523231503434	0.216129032258	332	89	15	0	195	0.370018975332
0.523345401219	0.217204301075	333	89	15	0	195	0.369318181818
0.523353948676	0.218279569892	334	89	15	0	195	0.368620037807
0.523356989096	0.216129032258	334	90	9	0	197	0.370998116761
0.523910337678	0.217204301075	335	90	9	0	197	0.37030075188
0.524171911269	0.218279569892	336	90	9	0	197	0.369606003752
0.525396577598	0.218279569892	337	90	9	0	197	0.368913857678
0.526723389504	0.218279569892	338	90	9	0	197	0.368224299065
0.526727520119	0.21935483871	339	90	9	0	197	0.367537313433
0.527108828467	0.220430107527	340	90	9	0	197	0.366852886406
0.527977738802	0.221505376344	341	90	9	0	197	0.366171003717
0.528977346967	0.220430107527	342	90	9	0	197	0.365491651206
0.530237657672	0.221505376344	343	90	9	0	197	0.364814814815
0.530649540261	0.222580645161	344	90	9	0	197	0.364140480591
0.532294042197	0.223655913978	345	90	9	0	197	0.363468634686
0.536760558507	0.223655913978	346	90	9	0	197	0.362799263352
0.537114438421	0.218279569892	346	91	30	0	202	0.368613138686
0.537340529412	0.21935483871	347	91	30	0	202	0.367941712204
0.537346332761	0.21935483871	347	92	3	0	202	0.367941712204
0.537713398318	0.220430107527	348	92	3	0	202	0.367272727273
0.539382547255	0.220430107527	349	92	3	0	202	0.366606170599
0.539755757271	0.221505376344	350	92	3	0	202	0.365942028986
0.540348573054	0.222580645161	351	92	3	0	202	0.365280289331
0.540874804258	0.222580645161	352	92	3	0	202	0.364620938628
0.540878592182	0.223655913978	353	92	3	0	202	0.363963963964
0.542492721351	0.224731182796	354	92	3	0	202	0.363309352518
0.546694429529	0.224731182796	355	92	3	0	202	0.362657091562
0.547031734402	0.225806451613	356	92	3	0	202	0.362007168459
0.549143328126	0.22688172043	357	92	3	0	202	0.361359570662
0.549767773946	0.227956989247	358	92	3	0	202	0.360714285714
0.550854973305	0.229032258065	359	92	3	0	202	0.360071301248
0.551424812861	0.230107526882	360	92	3	0	202	0.359430604982
0.552561225481	0.231182795699	361	92	3	0	202	0.358792184725
0.555158515568	0.232258064516	362	92	3	0	202	0.358156028369
0.555287531781	0.233333333333	363	92	3	0	202	0.357522123894
0.560242126194	0.233333333333	364	92	3	0	202	0.356890459364
0.5615466582	0.234408602151	365	92	3	0	202	0.356261022928
0.561641577413	0.230107526882	365	93	6	0	206	0.360770577933
0.56389930343	0.231182795699	366	93	6	0	206	0.36013986014
0.564478739755	0.231182795699	367	93	6	0	206	0.359511343805
0.564483748872	0.232258064516	368	93	6	0	206	0.358885017422
0.565140269196	0.233333333333	369	93	6	0	206	0.358260869565
0.56533115281	0.234408602151	370	93	6	0	206	0.357638888889
0.566157479933	0.235483870968	371	93	6	0	206	0.357019064125
0.567554400242	0.236559139785	372	93	6	0	206	0.356401384083
0.568634673343	0.232258064516	372	94	9	0	210	0.360824742268
0.571329584109	0.231182795699	373	94	9	0	210	0.360205831904
0.571640963744	0.231182795699	373	95	3	0	210	0.360205831904
0.571736475117	0.231182795699	374	95	3	0	210	0.359589041096
0.572234321672	0.232258064516	375	95	3	0	210	0.358974358974
0.576679213839	0.231182795699	375	96	3	0	211	0.360068259386
0.576695634464	0.232258064516	376	96	3	0	211	0.359454855196
0.57757635265	0.231182795699	377	96	3	0	211	0.358843537415
0.578171657876	0.232258064516	378	96	3	0	211	0.358234295416
0.57882993596	0.233333333333	379	96	3	0	211	0.357627118644
0.578972568686	0.234408602151	380	96	3	0	211	0.357021996616
0.581479522744	0.235483870968	381	96	3	0	211	0.356418918919
0.587868095206	0.233333333333	381	97	6	0	213	0.358585858586
0.590903299001	0.232258064516	381	98	3	0	214	0.359663865546
0.591606783032	0.233333333333	382	98	3	0	214	0.359060402685
0.59797416611	0.234408602151	383	98	3	0	214	0.358458961474
0.598980410117	0.235483870968	384	98	3	0	214	0.357859531773
0.599061727579	0.235483870968	385	98	3	0	214	0.357262103506
0.599778666143	0.236559139785	386	98	3	0	214	0.356666666667
0.600250123771	0.237634408602	387	98	3	0	214	0.356073211314
0.601332418433	0.237634408602	388	98	3	0	214	0.355481727575
0.602559384134	0.237634408602	388	99	3	0	214	0.355481727575
0.602635732171	0.238709677419	389	99	3	0	214	0.354892205638
0.602824787619	0.237634408602	390	99	3	0	214	0.354304635762
0.603960710445	0.237634408602	391	99	3	0	214	0.353719008264
0.604211290002	0.236559139785	392	99	3	0	214	0.353135313531
0.604353531621	0.237634408602	393	99	3	0	214	0.35255354201
0.605841873187	0.238709677419	394	99	3	0	214	0.351973684211
0.608961985936	0.236559139785	394	100	15	0	216	0.354098360656
0.609020465591	0.236559139785	394	101	3	0	216	0.354098360656
0.609448457464	0.237634408602	395	101	3	0	216	0.353518821604
0.611165985864	0.236559139785	396	101	3	0	216	0.352941176471
0.615195684992	0.237634408602	397	101	3	0	216	0.352365415987
0.615234501133	0.237634408602	398	101	3	0	216	0.351791530945
0.616300815413	0.237634408602	399	101	3	0	216	0.351219512195
0.617015733659	0.237634408602	399	102	9	0	216	0.351219512195
0.6176074103	0.233333333333	399	103	9	0	220	0.355411954766
0.618438678937	0.234408602151	400	103	9	0	220	0.354838709677
0.618622024822	0.235483870968	401	103	9	0	220	0.354267310789
0.619500653886	0.234408602151	402	103	9	0	220	0.353697749196
0.622714885953	0.235483870968	403	103	9	0	220	0.353130016051
0.625952548138	0.236559139785	404	103	9	0	220	0.352564102564
0.629152489686	0.237634408602	405	103	9	0	220	0.352
0.629674211251	0.236559139785	406	103	9	0	220	0.351437699681
0.630534547745	0.236559139785	407	103	9	0	220	0.350877192982
0.631499772099	0.236559139785	408	103	9	0	220	0.350318471338
0.631512172056	0.22688172043	408	104	21	0	229	0.359497645212
0.633922079691	0.222580645161	408	105	6	0	233	0.363494539782
0.636301851132	0.223655913978	409	105	6	0	233	0.36292834891
0.636893956577	0.224731182796	410	105	6	0	233	0.362363919129
0.639276632436	0.225806451613	411	105	6	0	233	0.361801242236
0.640653456256	0.224731182796	412	105	6	0	233	0.361240310078
0.641635068737	0.225806451613	413	105	6	0	233	0.360681114551
0.642236877226	0.22688172043	414	105	6	0	233	0.360123647604
0.642921120427	0.22688172043	415	105	6	0	233	0.359567901235
0.644976715854	0.22688172043	416	105	6	0	233	0.359013867488
0.646479100701	0.22688172043	417	105	6	0	233	0.358461538462
0.646783550755	0.22688172043	418	105	6	0	233	0.357910906298
0.648951357851	0.227956989247	419	105	6	0	233	0.35736196319
0.650254545935	0.229032258065	420	105	6	0	233	0.356814701378
0.650973848479	0.230107526882	421	105	6	0	233	0.35626911315
0.651641802243	0.223655913978	421	106	15	0	239	0.362121212121
0.652526899966	0.224731182796	422	106	15	0	239	0.361573373676
0.652960737474	0.225806451613	423	106	15	0	239	0.361027190332
0.656572140979	0.225806451613	423	107	3	0	239	0.361027190332
0.657622691107	0.22688172043	424	107	3	0	239	0.3604826546
0.657801215809	0.227956989247	425	107	3	0	239	0.359939759036
0.657982308364	0.229032258065	426	107	3	0	239	0.359398496241
0.658339649477	0.230107526882	427	107	3	0	239	0.358858858859
0.660908175104	0.231182795699	428	107	3	0	239	0.35832083958
0.661022003113	0.231182795699	429	107	3	0	239	0.357784431138
0.66153632661	0.232258064516	430	107	3	0	239	0.357249626308
0.66197058483	0.231182795699	431	107	3	0	239	0.35671641791
0.664929108707	0.230107526882	432	107	3	0	239	0.356184798808
0.66502800961	0.231182795699	433	107	3	0	239	0.355654761905
0.665493761272	0.232258064516	434	107	3	0	239	0.355126300149
0.665938251235	0.233333333333	435	107	3	0	239	0.354599406528
0.667234459814	0.234408602151	436	107	3	0	239	0.354074074074
0.667902195472	0.235483870968	437	107	3	0	239	0.353550295858
0.668768405378	0.234408602151	438	107	3	0	239	0.353028064993
0.670607889438	0.235483870968	439	107	3	0	239	0.352507374631
0.671391060419	0.231182795699	439	108	12	0	243	0.356304985337
0.674468141422	0.227956989247	439	109	12	0	246	0.359124087591
0.676584268107	0.229032258065	440	109	12	0	246	0.35860058309
0.677810003749	0.227956989247	440	110	3	0	247	0.359534206696
0.679553795465	0.22688172043	441	110	3	0	247	0.359011627907
0.683099166292	0.227956989247	442	110	3	0	247	0.358490566038
0.684967677925	0.229032258065	443	110	3	0	247	0.357971014493
0.685449962225	0.227956989247	443	111	12	0	248	0.358900144718
0.686434173283	0.222580645161	443	112	21	0	253	0.363505747126
0.688761161808	0.223655913978	444	112	21	0	253	0.362984218077
0.689534580447	0.222580645161	444	113	12	0	254	0.363896848138
0.690161935396	0.223655913978	445	113	12	0	254	0.363376251788
0.6910990136	0.21935483871	445	114	9	0	258	0.366998577525
0.691413349714	0.218279569892	445	115	3	0	259	0.367897727273
0.69147666713	0.21935483871	446	115	3	0	259	0.367375886525
0.692384871545	0.215053763441	446	116	6	0	263	0.370944992948
0.693773857491	0.208602150538	446	117	15	0	269	0.376223776224
0.694669927026	0.209677419355	447	117	15	0	269	0.375698324022
0.695684264309	0.209677419355	448	117	15	0	269	0.375174337517
0.696795564849	0.210752688172	449	117	15	0	269	0.374651810585
0.697490800759	0.210752688172	450	117	15	0	269	0.374130737135
0.698968194656	0.210752688172	451	117	15	0	269	0.373611111111
0.701286655342	0.211827956989	452	117	15	0	269	0.373092926491
0.702526976062	0.211827956989	452	118	3	0	269	0.373092926491
0.704269930957	0.212903225806	453	118	3	0	269	0.372576177285
0.704562457469	0.213978494624	454	118	3	0	269	0.372060857538
0.705052255364	0.215053763441	455	118	3	0	269	0.371546961326
0.706723225593	0.216129032258	456	118	3	0	269	0.371034482759
0.708130992888	0.217204301075	457	118	3	0	269	0.370523415978
0.709460657574	0.218279569892	458	118	3	0	269	0.370013755158
0.710235849872	0.21935483871	459	118	3	0	269	0.369505494505
0.711248580981	0.220430107527	460	118	3	0	269	0.368998628258
0.714279473818	0.220430107527	461	118	3	0	269	0.368493150685
0.718000432084	0.220430107527	462	118	3	0	269	0.367989056088
0.719539846358	0.221505376344	463	118	3	0	269	0.367486338798
0.723749224423	0.218279569892	463	119	9	0	272	0.370068027211
0.723772325968	0.21935483871	464	119	9	0	272	0.369565217391
0.72498350371	0.220430107527	465	119	9	0	272	0.369063772049
0.726101302472	0.221505376344	466	119	9	0	272	0.368563685637
0.727123970633	0.222580645161	467	119	9	0	272	0.368064952639
0.729096393136	0.221505376344	467	120	3	0	273	0.368918918919
0.729596904991	0.222580645161	468	120	3	0	273	0.368421052632
0.730502792146	0.223655913978	469	120	3	0	273	0.367924528302
0.734058527163	0.224731182796	470	120	3	0	273	0.367429340511
0.736923763107	0.224731182796	470	121	3	0	273	0.367429340511
0.737367297503	0.225806451613	471	121	3	0	273	0.366935483871
0.739999073348	0.22688172043	472	121	3	0	273	0.36644295302
0.740943049	0.223655913978	472	122	9	0	276	0.368983957219
0.741483580364	0.224731182796	473	122	9	0	276	0.368491321762
0.742934254432	0.225806451613	474	122	9	0	276	0.368
0.744593345055	0.22688172043	475	122	9	0	276	0.367509986684
0.745169432152	0.227956989247	476	122	9	0	276	0.367021276596
0.746449953742	0.229032258065	477	122	9	0	276	0.366533864542
0.746849637613	0.230107526882	478	122	9	0	276	0.366047745358
0.749193303889	0.229032258065	479	122	9	0	276	0.365562913907
0.749915167395	0.227956989247	480	122	9	0	276	0.365079365079
0.751816073258	0.229032258065	481	122	9	0	276	0.364597093791
0.755249784058	0.229032258065	482	122	9	0	276	0.364116094987
0.758843130193	0.227956989247	482	123	3	0	277	0.364953886693
0.763885037885	0.22688172043	483	123	3	0	277	0.364473684211
0.76501794392	0.22688172043	484	123	3	0	277	0.363994743758
0.765798729578	0.22688172043	485	123	3	0	277	0.363517060367
0.766472029073	0.227956989247	486	123	3	0	277	0.363040629096
0.769101609943	0.225806451613	486	124	6	0	279	0.364705882353
0.769551125329	0.224731182796	487	124	6	0	279	0.364229765013
0.770666200021	0.224731182796	487	125	3	0	279	0.364229765013
0.770750439986	0.223655913978	487	126	3	0	280	0.365058670143
0.771251662245	0.223655913978	487	127	3	0	280	0.365058670143
0.772057006518	0.222580645161	487	128	6	0	281	0.365885416667
0.772129316907	0.223655913978	488	128	6	0	281	0.365409622887
0.772247396637	0.224731182796	489	128	6	0	281	0.364935064935
0.772280019989	0.224731182796	489	129	3	0	281	0.364935064935
0.772405856787	0.224731182796	489	130	18	0	281	0.364935064935
0.772593442716	0.220430107527	489	131	6	0	285	0.368217054264
0.773219194423	0.221505376344	490	131	6	0	285	0.367741935484
0.773807237559	0.222580645161	491	131	6	0	285	0.367268041237
0.774412970785	0.220430107527	491	132	6	0	287	0.368894601542
0.776803563905	0.220430107527	492	132	6	0	287	0.368421052632
0.777176426766	0.221505376344	493	132	6	0	287	0.367948717949
0.77937650363	0.222580645161	494	132	6	0	287	0.36747759283
0.779751735032	0.223655913978	495	132	6	0	287	0.367007672634
0.780407771193	0.224731182796	496	132	6	0	287	0.366538952746
0.783406729645	0.225806451613	497	132	6	0	287	0.366071428571
0.784735227684	0.224731182796	498	132	6	0	287	0.365605095541
0.786663405986	0.224731182796	499	132	6	0	287	0.365139949109
0.788277495177	0.225806451613	500	132	6	0	287	0.364675984752
0.788909000863	0.22688172043	501	132	6	0	287	0.36421319797
0.789307080691	0.225806451613	502	132	6	0	287	0.363751584284
0.790586699377	0.22688172043	503	132	6	0	287	0.363291139241
