# time 	 divergence 	 # of mutations 	 # IGC chances 	 IGC length 	 # IGC failures 	 Changes due to IGC  	 % change due to IGC 
0.0	0.221505376344	0	0	0	0	0	0.0
0.00318623648472	0.222580645161	1	0	0	0	0	0.0
0.00479511675189	0.223655913978	2	0	0	0	0	0.0
0.00569620965572	0.224731182796	3	0	0	0	0	0.0
0.00679055148095	0.225806451613	4	0	0	0	0	0.0
0.00977839098701	0.22688172043	5	0	0	0	0	0.0
0.0131418058689	0.225806451613	5	1	12	0	1	0.166666666667
0.0155971525838	0.221505376344	5	2	27	0	5	0.5
0.0168868248123	0.221505376344	6	2	27	0	5	0.454545454545
0.0171039111898	0.222580645161	7	2	27	0	5	0.416666666667
0.0183661943748	0.223655913978	8	2	27	0	5	0.384615384615
0.0219364354216	0.223655913978	9	2	27	0	5	0.357142857143
0.0222496564839	0.224731182796	10	2	27	0	5	0.333333333333
0.0226363915867	0.224731182796	11	2	27	0	5	0.3125
0.0242712776025	0.224731182796	12	2	27	0	5	0.294117647059
0.0258747893825	0.225806451613	13	2	27	0	5	0.277777777778
0.0277414042696	0.22688172043	14	2	27	0	5	0.263157894737
0.0282075244805	0.22688172043	15	2	27	0	5	0.25
0.0296941709054	0.227956989247	16	2	27	0	5	0.238095238095
0.0321603909978	0.229032258065	17	2	27	0	5	0.227272727273
0.0331448365193	0.22688172043	17	3	3	0	7	0.291666666667
0.0334840744906	0.227956989247	18	3	3	0	7	0.28
0.0347821279791	0.227956989247	19	3	3	0	7	0.269230769231
0.0350419200627	0.227956989247	20	3	3	0	7	0.259259259259
0.0405823305109	0.229032258065	21	3	3	0	7	0.25
0.0441660156264	0.229032258065	22	3	3	0	7	0.241379310345
0.0448602180447	0.229032258065	23	3	3	0	7	0.233333333333
0.0450716806971	0.230107526882	24	3	3	0	7	0.225806451613
0.0451565064453	0.229032258065	25	3	3	0	7	0.21875
0.046856796913	0.224731182796	25	4	15	0	11	0.305555555556
0.0473626619114	0.225806451613	26	4	15	0	11	0.297297297297
0.0515675148348	0.22688172043	27	4	15	0	11	0.289473684211
0.0516590733167	0.225806451613	28	4	15	0	11	0.282051282051
0.0527236668383	0.225806451613	28	5	18	0	11	0.282051282051
0.0548567047245	0.22688172043	29	5	18	0	11	0.275
0.0549046605646	0.227956989247	30	5	18	0	11	0.268292682927
0.0555988345461	0.227956989247	30	6	3	0	11	0.268292682927
0.0562041948714	0.229032258065	31	6	3	0	11	0.261904761905
0.0571012008782	0.22688172043	31	7	3	0	13	0.295454545455
0.0610935323484	0.224731182796	31	8	3	0	15	0.326086956522
0.0625475692379	0.223655913978	32	8	3	0	15	0.31914893617
0.0633021407978	0.224731182796	33	8	3	0	15	0.3125
0.0642414694825	0.225806451613	34	8	3	0	15	0.30612244898
0.066560864099	0.225806451613	35	8	3	0	15	0.3
0.0668848541409	0.225806451613	36	8	3	0	15	0.294117647059
0.0669189597709	0.222580645161	36	9	9	0	18	0.333333333333
0.0674891952587	0.222580645161	37	9	9	0	18	0.327272727273
0.0676708031038	0.223655913978	38	9	9	0	18	0.321428571429
0.0724139332674	0.223655913978	39	9	9	0	18	0.315789473684
0.0731719552001	0.224731182796	40	9	9	0	18	0.310344827586
0.0743822484699	0.223655913978	40	10	3	0	19	0.322033898305
0.075611828394	0.223655913978	41	10	3	0	19	0.316666666667
0.0820441043398	0.21935483871	41	11	18	0	23	0.359375
0.0837247451163	0.220430107527	42	11	18	0	23	0.353846153846
0.0840382598851	0.216129032258	42	12	6	0	27	0.391304347826
0.0852252563967	0.216129032258	43	12	6	0	27	0.385714285714
0.0853121610676	0.217204301075	44	12	6	0	27	0.380281690141
0.0896900577114	0.218279569892	45	12	6	0	27	0.375
0.0908444342031	0.21935483871	46	12	6	0	27	0.369863013699
0.0926740046417	0.220430107527	47	12	6	0	27	0.364864864865
0.0933918496963	0.218279569892	47	13	6	0	29	0.381578947368
0.0993565193452	0.218279569892	47	14	21	0	29	0.381578947368
0.101654351548	0.21935483871	48	14	21	0	29	0.376623376623
0.102296629117	0.220430107527	49	14	21	0	29	0.371794871795
0.102499381186	0.220430107527	50	14	21	0	29	0.367088607595
0.106665115286	0.220430107527	51	14	21	0	29	0.3625
0.106906170763	0.221505376344	52	14	21	0	29	0.358024691358
0.109749470286	0.211827956989	52	15	36	0	38	0.422222222222
0.110974248043	0.212903225806	53	15	36	0	38	0.417582417582
0.111418625029	0.211827956989	54	15	36	0	38	0.413043478261
0.112266732698	0.212903225806	55	15	36	0	38	0.408602150538
0.112793922884	0.213978494624	56	15	36	0	38	0.404255319149
0.114746095117	0.212903225806	57	15	36	0	38	0.4
0.11606052554	0.213978494624	58	15	36	0	38	0.395833333333
0.117021325441	0.213978494624	59	15	36	0	38	0.39175257732
0.117131177151	0.215053763441	60	15	36	0	38	0.387755102041
0.117368527011	0.213978494624	61	15	36	0	38	0.383838383838
0.117467624788	0.213978494624	61	16	3	0	38	0.383838383838
0.11855978124	0.215053763441	62	16	3	0	38	0.38
0.124662752352	0.216129032258	63	16	3	0	38	0.376237623762
0.128122968958	0.217204301075	64	16	3	0	38	0.372549019608
0.128872080835	0.216129032258	65	16	3	0	38	0.368932038835
0.129006080499	0.217204301075	66	16	3	0	38	0.365384615385
0.130779278743	0.218279569892	67	16	3	0	38	0.361904761905
0.131200128287	0.217204301075	68	16	3	0	38	0.358490566038
0.131547303254	0.217204301075	68	17	6	0	38	0.358490566038
0.132388801907	0.213978494624	68	18	3	0	41	0.376146788991
0.13340290415	0.215053763441	69	18	3	0	41	0.372727272727
0.134649399698	0.216129032258	70	18	3	0	41	0.369369369369
0.134839569159	0.215053763441	71	18	3	0	41	0.366071428571
0.135612446486	0.216129032258	72	18	3	0	41	0.362831858407
0.136299481326	0.217204301075	73	18	3	0	41	0.359649122807
0.13643954413	0.218279569892	74	18	3	0	41	0.35652173913
0.136894836673	0.21935483871	75	18	3	0	41	0.353448275862
0.137459674232	0.21935483871	75	19	3	0	41	0.353448275862
0.138727116692	0.220430107527	76	19	3	0	41	0.350427350427
0.141530791745	0.221505376344	77	19	3	0	41	0.347457627119
0.142694774182	0.222580645161	78	19	3	0	41	0.344537815126
0.142807199771	0.223655913978	79	19	3	0	41	0.341666666667
0.143993829056	0.223655913978	80	19	3	0	41	0.338842975207
0.144199240215	0.224731182796	81	19	3	0	41	0.33606557377
0.145792888889	0.225806451613	82	19	3	0	41	0.333333333333
0.146396787025	0.225806451613	83	19	3	0	41	0.33064516129
0.147699020435	0.22688172043	84	19	3	0	41	0.328
0.149091508914	0.227956989247	85	19	3	0	41	0.325396825397
0.150927631473	0.229032258065	86	19	3	0	41	0.322834645669
0.151706023485	0.230107526882	87	19	3	0	41	0.3203125
0.153180812303	0.231182795699	88	19	3	0	41	0.317829457364
0.15333920844	0.232258064516	89	19	3	0	41	0.315384615385
0.153756544315	0.232258064516	89	20	3	0	41	0.315384615385
0.154253428965	0.233333333333	90	20	3	0	41	0.312977099237
0.155186313621	0.234408602151	91	20	3	0	41	0.310606060606
0.155525485293	0.235483870968	92	20	3	0	41	0.308270676692
0.155694703145	0.233333333333	92	21	9	0	43	0.318518518519
0.156166653983	0.231182795699	92	22	6	0	45	0.328467153285
0.15868245223	0.230107526882	93	22	6	0	45	0.326086956522
0.160239033225	0.231182795699	94	22	6	0	45	0.323741007194
0.161759896154	0.230107526882	95	22	6	0	45	0.321428571429
0.163410932092	0.231182795699	96	22	6	0	45	0.31914893617
0.163891226645	0.232258064516	97	22	6	0	45	0.316901408451
0.164177605959	0.232258064516	98	22	6	0	45	0.314685314685
0.164488064905	0.231182795699	98	23	3	0	46	0.319444444444
0.167936849787	0.221505376344	98	24	39	0	55	0.359477124183
0.173215783804	0.222580645161	99	24	39	0	55	0.357142857143
0.173998059716	0.222580645161	100	24	39	0	55	0.354838709677
0.175301135908	0.222580645161	101	24	39	0	55	0.352564102564
0.175865989363	0.221505376344	102	24	39	0	55	0.350318471338
0.176972456507	0.222580645161	103	24	39	0	55	0.348101265823
0.179029648742	0.222580645161	104	24	39	0	55	0.345911949686
0.179757887206	0.223655913978	105	24	39	0	55	0.34375
0.183110403027	0.223655913978	106	24	39	0	55	0.341614906832
0.183612906037	0.222580645161	107	24	39	0	55	0.33950617284
0.184169565091	0.221505376344	108	24	39	0	55	0.337423312883
0.18546082824	0.220430107527	109	24	39	0	55	0.335365853659
0.187950152033	0.221505376344	110	24	39	0	55	0.333333333333
0.189783829447	0.221505376344	110	25	3	0	55	0.333333333333
0.190503154688	0.220430107527	111	25	3	0	55	0.331325301205
0.192290624027	0.221505376344	112	25	3	0	55	0.329341317365
0.197827169692	0.222580645161	113	25	3	0	55	0.327380952381
0.198848212379	0.222580645161	114	25	3	0	55	0.325443786982
0.199418054899	0.223655913978	115	25	3	0	55	0.323529411765
0.20221624464	0.224731182796	116	25	3	0	55	0.321637426901
0.202780475851	0.224731182796	117	25	3	0	55	0.31976744186
0.202783672855	0.210752688172	117	26	33	0	68	0.367567567568
0.208356375083	0.211827956989	118	26	33	0	68	0.365591397849
0.209289347558	0.210752688172	119	26	33	0	68	0.363636363636
0.210426537367	0.210752688172	119	27	6	0	68	0.363636363636
0.211415280901	0.211827956989	120	27	6	0	68	0.36170212766
0.212674971028	0.212903225806	121	27	6	0	68	0.359788359788
0.212781408784	0.213978494624	122	27	6	0	68	0.357894736842
0.214206830579	0.213978494624	122	28	6	0	68	0.357894736842
0.214606844617	0.215053763441	123	28	6	0	68	0.356020942408
0.216034853777	0.216129032258	124	28	6	0	68	0.354166666667
0.216315541344	0.217204301075	125	28	6	0	68	0.352331606218
0.216563689939	0.217204301075	126	28	6	0	68	0.350515463918
0.217416568633	0.218279569892	127	28	6	0	68	0.348717948718
0.21784394883	0.21935483871	128	28	6	0	68	0.34693877551
0.218379797271	0.220430107527	129	28	6	0	68	0.345177664975
0.218846434094	0.218279569892	129	29	15	0	70	0.35175879397
0.219495579391	0.218279569892	130	29	15	0	70	0.35
0.219848865657	0.21935483871	131	29	15	0	70	0.348258706468
0.22076005211	0.220430107527	132	29	15	0	70	0.346534653465
0.221954899271	0.221505376344	133	29	15	0	70	0.344827586207
0.222249063179	0.222580645161	134	29	15	0	70	0.343137254902
0.2226858742	0.223655913978	135	29	15	0	70	0.341463414634
0.223933598884	0.224731182796	136	29	15	0	70	0.339805825243
0.224099684658	0.223655913978	136	30	18	0	71	0.342995169082
0.224449456598	0.222580645161	137	30	18	0	71	0.341346153846
0.224498529554	0.223655913978	138	30	18	0	71	0.33971291866
0.225771769585	0.222580645161	138	31	6	0	72	0.342857142857
0.22585708244	0.223655913978	139	31	6	0	72	0.341232227488
0.228459258623	0.224731182796	140	31	6	0	72	0.339622641509
0.231252147141	0.225806451613	141	31	6	0	72	0.338028169014
0.233043270023	0.22688172043	142	31	6	0	72	0.336448598131
0.235871196077	0.22688172043	143	31	6	0	72	0.33488372093
0.236124583498	0.22688172043	144	31	6	0	72	0.333333333333
0.236497727085	0.227956989247	145	31	6	0	72	0.331797235023
0.236733588065	0.229032258065	146	31	6	0	72	0.330275229358
0.238079730638	0.229032258065	146	32	3	0	72	0.330275229358
0.23881744573	0.229032258065	147	32	3	0	72	0.328767123288
0.238827042159	0.229032258065	148	32	3	0	72	0.327272727273
0.239343999812	0.227956989247	148	33	3	0	73	0.330316742081
0.23979669746	0.229032258065	149	33	3	0	73	0.328828828829
0.240005349942	0.230107526882	150	33	3	0	73	0.32735426009
0.241357669235	0.231182795699	151	33	3	0	73	0.325892857143
0.242471978446	0.222580645161	151	34	21	0	81	0.349137931034
0.243051092413	0.221505376344	152	34	21	0	81	0.347639484979
0.244210027878	0.222580645161	153	34	21	0	81	0.346153846154
0.244932717014	0.221505376344	153	35	30	0	82	0.348936170213
0.245237044035	0.222580645161	154	35	30	0	82	0.347457627119
0.251737072595	0.222580645161	155	35	30	0	82	0.345991561181
0.253399501481	0.223655913978	156	35	30	0	82	0.344537815126
0.253592274713	0.224731182796	157	35	30	0	82	0.34309623431
0.25482518601	0.223655913978	158	35	30	0	82	0.341666666667
0.256518027222	0.224731182796	159	35	30	0	82	0.340248962656
0.258691051028	0.224731182796	160	35	30	0	82	0.338842975207
0.259541449419	0.225806451613	161	35	30	0	82	0.337448559671
0.261472262633	0.224731182796	162	35	30	0	82	0.33606557377
0.262065857488	0.225806451613	163	35	30	0	82	0.334693877551
0.26259231095	0.22688172043	164	35	30	0	82	0.333333333333
0.266647628577	0.225806451613	165	35	30	0	82	0.331983805668
0.27054535619	0.225806451613	165	36	9	0	82	0.331983805668
0.270977282999	0.225806451613	166	36	9	0	82	0.33064516129
0.272027088601	0.22688172043	167	36	9	0	82	0.329317269076
0.272769837017	0.227956989247	168	36	9	0	82	0.328
0.274413686727	0.229032258065	169	36	9	0	82	0.326693227092
0.277238809663	0.230107526882	170	36	9	0	82	0.325396825397
0.277521301481	0.231182795699	171	36	9	0	82	0.324110671937
0.279943059415	0.230107526882	172	36	9	0	82	0.322834645669
0.281971748737	0.221505376344	172	37	27	0	90	0.343511450382
0.285929582581	0.217204301075	172	38	6	0	94	0.353383458647
0.287349449759	0.216129032258	173	38	6	0	94	0.352059925094
0.289100508177	0.217204301075	174	38	6	0	94	0.350746268657
0.290508233722	0.218279569892	175	38	6	0	94	0.349442379182
0.290826472545	0.21935483871	176	38	6	0	94	0.348148148148
0.290987485585	0.220430107527	177	38	6	0	94	0.346863468635
0.291905083293	0.221505376344	178	38	6	0	94	0.345588235294
0.293335262454	0.222580645161	179	38	6	0	94	0.344322344322
0.294107363425	0.223655913978	180	38	6	0	94	0.343065693431
0.294301713643	0.223655913978	181	38	6	0	94	0.341818181818
0.2953162231	0.224731182796	182	38	6	0	94	0.340579710145
0.295759884771	0.225806451613	183	38	6	0	94	0.339350180505
0.295782304007	0.225806451613	184	38	6	0	94	0.338129496403
0.296811096374	0.22688172043	185	38	6	0	94	0.336917562724
0.298973240305	0.220430107527	185	39	9	0	100	0.350877192982
0.299289768323	0.221505376344	186	39	9	0	100	0.34965034965
0.299676295487	0.222580645161	187	39	9	0	100	0.348432055749
0.30133431712	0.223655913978	188	39	9	0	100	0.347222222222
0.303445087728	0.224731182796	189	39	9	0	100	0.346020761246
0.303751092813	0.223655913978	190	39	9	0	100	0.344827586207
0.305048794494	0.222580645161	191	39	9	0	100	0.343642611684
0.305465911836	0.221505376344	191	40	6	0	101	0.345890410959
0.306551078996	0.215053763441	191	41	18	0	107	0.359060402685
0.309099704205	0.215053763441	191	42	3	0	107	0.359060402685
0.314975075441	0.216129032258	192	42	3	0	107	0.357859531773
0.315243655889	0.211827956989	192	43	12	0	111	0.366336633663
0.315278081648	0.212903225806	193	43	12	0	111	0.365131578947
0.316024636751	0.213978494624	194	43	12	0	111	0.36393442623
0.316275735311	0.215053763441	195	43	12	0	111	0.362745098039
0.316353443018	0.215053763441	196	43	12	0	111	0.361563517915
0.317560458565	0.213978494624	197	43	12	0	111	0.36038961039
