# time 	 divergence 	 # of mutations 	 # IGC chances 	 IGC length 	 # IGC failures 	 Changes due to IGC  	 % change due to IGC 
0.0	0.387096774194	0	0	0	0	0	0.0
0.0031889838806	0.386021505376	1	0	0	0	0	0.0
0.00391165710739	0.387096774194	2	0	0	0	0	0.0
0.00399543611257	0.388172043011	3	0	0	0	0	0.0
0.00509288713028	0.387096774194	4	0	0	0	0	0.0
0.00687699722007	0.388172043011	5	0	0	0	0	0.0
0.00936152717858	0.388172043011	6	0	0	0	0	0.0
0.0103016758374	0.389247311828	7	0	0	0	0	0.0
0.0106582572038	0.390322580645	8	0	0	0	0	0.0
0.0114767377035	0.390322580645	9	0	0	0	0	0.0
0.0121338455707	0.391397849462	10	0	0	0	0	0.0
0.0124323065632	0.391397849462	11	0	0	0	0	0.0
0.0147463239567	0.39247311828	12	0	0	0	0	0.0
0.0150523646547	0.39247311828	13	0	0	0	0	0.0
0.0176487341286	0.393548387097	14	0	0	0	0	0.0
0.0196043612865	0.394623655914	15	0	0	0	0	0.0
0.0202837025726	0.393548387097	16	0	0	0	0	0.0
0.0218975744677	0.393548387097	17	0	0	0	0	0.0
0.0219327184384	0.394623655914	18	0	0	0	0	0.0
0.0237768923148	0.393548387097	19	0	0	0	0	0.0
0.0240228286476	0.393548387097	20	0	0	0	0	0.0
0.0253261304445	0.394623655914	21	0	0	0	0	0.0
0.0267870081571	0.395698924731	22	0	0	0	0	0.0
0.0271801089801	0.395698924731	23	0	0	0	0	0.0
0.0276186417225	0.395698924731	24	0	0	0	0	0.0
0.0291365661491	0.396774193548	25	0	0	0	0	0.0
0.0330797432753	0.396774193548	26	0	0	0	0	0.0
0.033288356846	0.395698924731	27	0	0	0	0	0.0
0.0352578258129	0.395698924731	28	0	0	0	0	0.0
0.0365431861688	0.394623655914	29	0	0	0	0	0.0
0.0375535914769	0.395698924731	30	0	0	0	0	0.0
0.0380869469653	0.396774193548	31	0	0	0	0	0.0
0.0384173175867	0.397849462366	32	0	0	0	0	0.0
0.0387431449096	0.398924731183	33	0	0	0	0	0.0
0.0391650740795	0.4	34	0	0	0	0	0.0
0.0395641556055	0.398924731183	35	0	0	0	0	0.0
0.0404659629789	0.398924731183	36	0	0	0	0	0.0
0.0410935508005	0.4	37	0	0	0	0	0.0
0.0415294162772	0.401075268817	38	0	0	0	0	0.0
0.0421224823489	0.401075268817	39	0	0	0	0	0.0
0.0485165285417	0.402150537634	40	0	0	0	0	0.0
0.0496187838579	0.403225806452	41	0	0	0	0	0.0
0.0504222283669	0.404301075269	42	0	0	0	0	0.0
0.0511249404987	0.405376344086	43	0	0	0	0	0.0
0.0514619664802	0.406451612903	44	0	0	0	0	0.0
0.0514906269615	0.40752688172	45	0	0	0	0	0.0
0.0563499200832	0.408602150538	46	0	0	0	0	0.0
0.0585612131004	0.40752688172	47	0	0	0	0	0.0
0.0604084941509	0.40752688172	48	0	0	0	0	0.0
0.0609460650639	0.40752688172	49	0	0	0	0	0.0
0.0624012276022	0.408602150538	50	0	0	0	0	0.0
0.0627831170453	0.408602150538	51	0	0	0	0	0.0
0.0630549737473	0.40752688172	52	0	0	0	0	0.0
0.0639818763867	0.408602150538	53	0	0	0	0	0.0
0.0645483676386	0.409677419355	54	0	0	0	0	0.0
0.0658351875416	0.409677419355	55	0	0	0	0	0.0
0.0667879007531	0.410752688172	56	0	0	0	0	0.0
0.0688623038556	0.409677419355	57	0	0	0	0	0.0
0.0718989797579	0.410752688172	58	0	0	0	0	0.0
0.07305327807	0.411827956989	59	0	0	0	0	0.0
0.0736747150454	0.410752688172	60	0	0	0	0	0.0
0.0747364874889	0.409677419355	61	0	0	0	0	0.0
0.0819954286002	0.410752688172	62	0	0	0	0	0.0
0.0823614528667	0.411827956989	63	0	0	0	0	0.0
0.0846045281411	0.412903225806	64	0	0	0	0	0.0
0.084670199234	0.412903225806	65	0	0	0	0	0.0
0.0854834288666	0.413978494624	66	0	0	0	0	0.0
0.0868306058101	0.415053763441	67	0	0	0	0	0.0
0.0967638651129	0.415053763441	68	0	0	0	0	0.0
0.0973246219082	0.415053763441	69	0	0	0	0	0.0
0.101635084349	0.413978494624	70	0	0	0	0	0.0
0.104417265885	0.415053763441	71	0	0	0	0	0.0
0.105461819324	0.416129032258	72	0	0	0	0	0.0
0.105690181868	0.417204301075	73	0	0	0	0	0.0
0.107685264447	0.418279569892	74	0	0	0	0	0.0
0.108946938135	0.41935483871	75	0	0	0	0	0.0
0.110594945721	0.420430107527	76	0	0	0	0	0.0
0.111322361319	0.420430107527	77	0	0	0	0	0.0
0.112125465117	0.421505376344	78	0	0	0	0	0.0
0.115011951282	0.422580645161	79	0	0	0	0	0.0
0.116181527953	0.423655913978	80	0	0	0	0	0.0
0.118527273751	0.424731182796	81	0	0	0	0	0.0
0.118710535549	0.425806451613	82	0	0	0	0	0.0
0.118802092276	0.425806451613	83	0	0	0	0	0.0
0.118878750286	0.424731182796	84	0	0	0	0	0.0
0.119323913313	0.424731182796	85	0	0	0	0	0.0
0.122841226149	0.424731182796	86	0	0	0	0	0.0
0.123172855234	0.423655913978	87	0	0	0	0	0.0
0.126340050746	0.423655913978	88	0	0	0	0	0.0
0.128656021107	0.422580645161	89	0	0	0	0	0.0
0.13024399875	0.423655913978	90	0	0	0	0	0.0
0.131376996314	0.424731182796	91	0	0	0	0	0.0
0.132834254554	0.425806451613	92	0	0	0	0	0.0
0.133106984125	0.42688172043	93	0	0	0	0	0.0
0.135366283866	0.427956989247	94	0	0	0	0	0.0
0.135399725127	0.429032258065	95	0	0	0	0	0.0
0.136434317644	0.429032258065	96	0	0	0	0	0.0
0.136946220764	0.429032258065	97	0	0	0	0	0.0
0.138093818863	0.427956989247	98	0	0	0	0	0.0
0.140037712581	0.405376344086	98	1	30	0	21	0.176470588235
0.14091278352	0.404301075269	99	1	30	0	21	0.175
0.14116076141	0.405376344086	100	1	30	0	21	0.173553719008
0.14578584814	0.404301075269	101	1	30	0	21	0.172131147541
0.147336219213	0.405376344086	102	1	30	0	21	0.170731707317
0.151765176084	0.405376344086	103	1	30	0	21	0.16935483871
0.153160598525	0.406451612903	104	1	30	0	21	0.168
0.15501422643	0.40752688172	105	1	30	0	21	0.166666666667
0.155874009225	0.406451612903	106	1	30	0	21	0.165354330709
0.161506090243	0.406451612903	107	1	30	0	21	0.1640625
0.162711070903	0.40752688172	108	1	30	0	21	0.162790697674
0.162870708018	0.408602150538	109	1	30	0	21	0.161538461538
0.164291333853	0.408602150538	110	1	30	0	21	0.160305343511
0.165688598343	0.409677419355	111	1	30	0	21	0.159090909091
0.165755928358	0.410752688172	112	1	30	0	21	0.157894736842
0.166190071572	0.411827956989	113	1	30	0	21	0.15671641791
0.167192652769	0.412903225806	114	1	30	0	21	0.155555555556
0.167458872827	0.411827956989	115	1	30	0	21	0.154411764706
0.172064179693	0.411827956989	116	1	30	0	21	0.153284671533
0.173950346207	0.412903225806	117	1	30	0	21	0.152173913043
0.174664989548	0.413978494624	118	1	30	0	21	0.151079136691
0.177678710968	0.415053763441	119	1	30	0	21	0.15
0.179970058442	0.415053763441	120	1	30	0	21	0.148936170213
0.181795718379	0.416129032258	121	1	30	0	21	0.147887323944
0.181800442328	0.417204301075	122	1	30	0	21	0.146853146853
0.182881819214	0.418279569892	123	1	30	0	21	0.145833333333
0.189870430496	0.41935483871	124	1	30	0	21	0.144827586207
0.190952278577	0.420430107527	125	1	30	0	21	0.143835616438
0.192126358738	0.420430107527	126	1	30	0	21	0.142857142857
0.192159516917	0.421505376344	127	1	30	0	21	0.141891891892
0.193898967378	0.422580645161	128	1	30	0	21	0.140939597315
0.194738608635	0.423655913978	129	1	30	0	21	0.14
0.194910168277	0.424731182796	130	1	30	0	21	0.139072847682
0.197356779248	0.417204301075	130	2	18	0	28	0.177215189873
0.197573585122	0.418279569892	131	2	18	0	28	0.176100628931
0.199854764038	0.41935483871	132	2	18	0	28	0.175
0.202653234325	0.41935483871	133	2	18	0	28	0.173913043478
0.203532477906	0.41935483871	134	2	18	0	28	0.172839506173
0.203837945728	0.41935483871	135	2	18	0	28	0.171779141104
0.205582939737	0.41935483871	136	2	18	0	28	0.170731707317
0.205672251523	0.41935483871	137	2	18	0	28	0.169696969697
0.206405511988	0.420430107527	138	2	18	0	28	0.168674698795
0.206814030058	0.41935483871	139	2	18	0	28	0.167664670659
0.207337864582	0.41935483871	140	2	18	0	28	0.166666666667
0.208728970903	0.420430107527	141	2	18	0	28	0.165680473373
0.210677580071	0.421505376344	142	2	18	0	28	0.164705882353
0.211011953701	0.388172043011	142	3	54	0	59	0.293532338308
0.211964102043	0.387096774194	143	3	54	0	59	0.292079207921
0.211973757061	0.388172043011	144	3	54	0	59	0.290640394089
0.212902531416	0.388172043011	145	3	54	0	59	0.289215686275
0.216249697572	0.389247311828	146	3	54	0	59	0.287804878049
0.216721713638	0.389247311828	147	3	54	0	59	0.28640776699
0.217067523624	0.388172043011	148	3	54	0	59	0.285024154589
0.217681372397	0.387096774194	149	3	54	0	59	0.283653846154
0.221106694631	0.387096774194	150	3	54	0	59	0.282296650718
0.221879629176	0.388172043011	151	3	54	0	59	0.280952380952
0.225047337305	0.387096774194	152	3	54	0	59	0.279620853081
0.225688646536	0.388172043011	153	3	54	0	59	0.278301886792
0.22643017832	0.389247311828	154	3	54	0	59	0.276995305164
0.227220182681	0.390322580645	155	3	54	0	59	0.275700934579
0.227601447099	0.391397849462	156	3	54	0	59	0.274418604651
0.23147582768	0.39247311828	157	3	54	0	59	0.273148148148
0.233505486681	0.393548387097	158	3	54	0	59	0.271889400922
0.234587833153	0.393548387097	159	3	54	0	59	0.270642201835
0.238776914355	0.394623655914	160	3	54	0	59	0.269406392694
0.239770561576	0.395698924731	161	3	54	0	59	0.268181818182
0.241106206046	0.396774193548	162	3	54	0	59	0.266968325792
0.242206379967	0.396774193548	163	3	54	0	59	0.265765765766
0.244051782687	0.397849462366	164	3	54	0	59	0.264573991031
0.24478568223	0.397849462366	165	3	54	0	59	0.263392857143
0.24569880376	0.398924731183	166	3	54	0	59	0.262222222222
0.247619180144	0.398924731183	167	3	54	0	59	0.261061946903
0.248040952234	0.398924731183	168	3	54	0	59	0.259911894273
0.248479152733	0.398924731183	169	3	54	0	59	0.258771929825
0.249025175999	0.4	170	3	54	0	59	0.257641921397
0.250175151266	0.401075268817	171	3	54	0	59	0.25652173913
0.251042190026	0.402150537634	172	3	54	0	59	0.255411255411
0.253348543216	0.402150537634	173	3	54	0	59	0.254310344828
0.253547995265	0.403225806452	174	3	54	0	59	0.25321888412
0.253677680111	0.404301075269	175	3	54	0	59	0.252136752137
0.255572465942	0.404301075269	176	3	54	0	59	0.251063829787
0.256283966427	0.405376344086	177	3	54	0	59	0.25
0.258766877079	0.405376344086	178	3	54	0	59	0.248945147679
0.258876858946	0.405376344086	179	3	54	0	59	0.247899159664
0.262724933804	0.406451612903	180	3	54	0	59	0.246861924686
0.26298324226	0.405376344086	181	3	54	0	59	0.245833333333
0.264551408315	0.406451612903	182	3	54	0	59	0.244813278008
0.265224038994	0.40752688172	183	3	54	0	59	0.243801652893
0.265309892237	0.40752688172	184	3	54	0	59	0.242798353909
0.265833580017	0.40752688172	185	3	54	0	59	0.241803278689
0.269473928683	0.40752688172	186	3	54	0	59	0.240816326531
0.269860799542	0.406451612903	187	3	54	0	59	0.239837398374
0.270983916184	0.40752688172	188	3	54	0	59	0.238866396761
0.271164773049	0.408602150538	189	3	54	0	59	0.237903225806
0.274762078845	0.409677419355	190	3	54	0	59	0.236947791165
0.275537547717	0.410752688172	191	3	54	0	59	0.236
0.277038736823	0.410752688172	191	4	3	0	59	0.236
0.281374791509	0.411827956989	192	4	3	0	59	0.235059760956
0.281784782504	0.411827956989	193	4	3	0	59	0.234126984127
0.282199935274	0.412903225806	194	4	3	0	59	0.233201581028
0.283103346476	0.412903225806	195	4	3	0	59	0.232283464567
0.285645855496	0.411827956989	196	4	3	0	59	0.23137254902
0.287014607753	0.411827956989	197	4	3	0	59	0.23046875
0.28768088489	0.412903225806	198	4	3	0	59	0.229571984436
0.290323394505	0.413978494624	199	4	3	0	59	0.228682170543
0.2911045653	0.415053763441	200	4	3	0	59	0.227799227799
0.292161198027	0.413978494624	201	4	3	0	59	0.226923076923
0.292467448232	0.412903225806	202	4	3	0	59	0.226053639847
0.293121221377	0.413978494624	203	4	3	0	59	0.225190839695
0.29323961086	0.415053763441	204	4	3	0	59	0.22433460076
0.293942529485	0.415053763441	205	4	3	0	59	0.223484848485
0.297328753444	0.413978494624	206	4	3	0	59	0.222641509434
0.29747755818	0.412903225806	207	4	3	0	59	0.221804511278
0.3000316853	0.413978494624	208	4	3	0	59	0.220973782772
0.30098082506	0.415053763441	209	4	3	0	59	0.220149253731
0.301482969388	0.416129032258	210	4	3	0	59	0.219330855019
0.302013151556	0.417204301075	211	4	3	0	59	0.218518518519
0.302066278828	0.418279569892	212	4	3	0	59	0.217712177122
0.305079752931	0.41935483871	213	4	3	0	59	0.216911764706
0.307663398638	0.41935483871	214	4	3	0	59	0.216117216117
0.309447552533	0.41935483871	215	4	3	0	59	0.215328467153
0.310949829717	0.420430107527	216	4	3	0	59	0.214545454545
0.31227993701	0.421505376344	217	4	3	0	59	0.213768115942
0.313775588774	0.420430107527	218	4	3	0	59	0.212996389892
0.317635896023	0.421505376344	219	4	3	0	59	0.212230215827
0.320340529813	0.422580645161	220	4	3	0	59	0.21146953405
0.321923409086	0.423655913978	221	4	3	0	59	0.210714285714
0.32527913292	0.423655913978	222	4	3	0	59	0.209964412811
0.326174031899	0.424731182796	223	4	3	0	59	0.209219858156
0.326741201782	0.425806451613	224	4	3	0	59	0.208480565371
0.329449557768	0.42688172043	225	4	3	0	59	0.207746478873
0.33103810866	0.42688172043	226	4	3	0	59	0.20701754386
0.333083562501	0.427956989247	227	4	3	0	59	0.206293706294
0.334164341815	0.427956989247	228	4	3	0	59	0.205574912892
0.335389650295	0.429032258065	229	4	3	0	59	0.204861111111
0.337384579296	0.430107526882	230	4	3	0	59	0.204152249135
0.337940551499	0.431182795699	231	4	3	0	59	0.203448275862
0.34509251377	0.432258064516	232	4	3	0	59	0.202749140893
0.345452267695	0.431182795699	233	4	3	0	59	0.202054794521
0.345906227507	0.431182795699	234	4	3	0	59	0.201365187713
0.34705379278	0.430107526882	235	4	3	0	59	0.200680272109
0.348106906444	0.430107526882	236	4	3	0	59	0.2
0.348114662795	0.430107526882	237	4	3	0	59	0.199324324324
0.349106628341	0.430107526882	238	4	3	0	59	0.198653198653
0.35721472897	0.430107526882	239	4	3	0	59	0.197986577181
0.357541237017	0.431182795699	240	4	3	0	59	0.197324414716
0.358985286137	0.430107526882	241	4	3	0	59	0.196666666667
0.361063252046	0.431182795699	242	4	3	0	59	0.196013289037
0.363280102389	0.432258064516	243	4	3	0	59	0.195364238411
0.365409890556	0.431182795699	244	4	3	0	59	0.194719471947
0.365944980845	0.431182795699	245	4	3	0	59	0.194078947368
0.367724565999	0.430107526882	246	4	3	0	59	0.193442622951
0.368016265763	0.431182795699	247	4	3	0	59	0.192810457516
0.368632907509	0.432258064516	248	4	3	0	59	0.192182410423
0.37081734491	0.431182795699	249	4	3	0	59	0.191558441558
0.375081514018	0.430107526882	250	4	3	0	59	0.190938511327
0.375814113285	0.429032258065	251	4	3	0	59	0.190322580645
0.379099588714	0.429032258065	252	4	3	0	59	0.189710610932
0.380502820356	0.429032258065	253	4	3	0	59	0.189102564103
0.380544168151	0.430107526882	254	4	3	0	59	0.188498402556
0.380651911133	0.431182795699	255	4	3	0	59	0.187898089172
0.381720032965	0.431182795699	256	4	3	0	59	0.187301587302
0.384305071025	0.432258064516	257	4	3	0	59	0.186708860759
0.385077374449	0.432258064516	258	4	3	0	59	0.186119873817
0.385385074675	0.431182795699	259	4	3	0	59	0.185534591195
0.388095186304	0.432258064516	260	4	3	0	59	0.184952978056
0.389611752618	0.432258064516	261	4	3	0	59	0.184375
0.391468574877	0.432258064516	262	4	3	0	59	0.183800623053
0.395137005682	0.433333333333	263	4	3	0	59	0.183229813665
0.396977526927	0.433333333333	264	4	3	0	59	0.1826625387
0.397104178192	0.434408602151	265	4	3	0	59	0.182098765432
0.400522617942	0.435483870968	266	4	3	0	59	0.181538461538
0.401831873656	0.436559139785	267	4	3	0	59	0.180981595092
0.401841712207	0.437634408602	268	4	3	0	59	0.180428134557
0.404069819591	0.437634408602	269	4	3	0	59	0.17987804878
0.408446606261	0.438709677419	270	4	3	0	59	0.179331306991
0.408722436303	0.439784946237	271	4	3	0	59	0.178787878788
0.409001159326	0.440860215054	272	4	3	0	59	0.178247734139
0.411524394793	0.441935483871	273	4	3	0	59	0.177710843373
0.412164042091	0.443010752688	274	4	3	0	59	0.177177177177
0.413382972397	0.444086021505	275	4	3	0	59	0.176646706587
0.414395474788	0.443010752688	276	4	3	0	59	0.176119402985
0.416245558371	0.444086021505	277	4	3	0	59	0.175595238095
0.419018386469	0.444086021505	278	4	3	0	59	0.175074183976
0.419892987551	0.445161290323	279	4	3	0	59	0.174556213018
0.420530702691	0.445161290323	280	4	3	0	59	0.174041297935
0.421881699891	0.445161290323	281	4	3	0	59	0.173529411765
0.422844865476	0.444086021505	282	4	3	0	59	0.173020527859
0.424233558255	0.444086021505	283	4	3	0	59	0.172514619883
0.426722384546	0.444086021505	284	4	3	0	59	0.172011661808
0.426958058355	0.444086021505	285	4	3	0	59	0.171511627907
0.430102970509	0.444086021505	286	4	3	0	59	0.171014492754
0.430673748884	0.444086021505	287	4	3	0	59	0.170520231214
0.43254495327	0.445161290323	288	4	3	0	59	0.170028818444
0.432863679782	0.445161290323	289	4	3	0	59	0.169540229885
0.43306153925	0.44623655914	290	4	3	0	59	0.169054441261
0.434685905183	0.447311827957	291	4	3	0	59	0.168571428571
0.434953142205	0.44623655914	292	4	3	0	59	0.168091168091
0.436226523893	0.447311827957	293	4	3	0	59	0.167613636364
0.436268285401	0.412903225806	293	5	75	0	91	0.236979166667
0.439540559691	0.413978494624	294	5	75	0	91	0.236363636364
0.440073030857	0.415053763441	295	5	75	0	91	0.235751295337
0.451209394603	0.416129032258	296	5	75	0	91	0.235142118863
0.451261490247	0.416129032258	297	5	75	0	91	0.234536082474
0.452445758724	0.417204301075	298	5	75	0	91	0.233933161954
0.457289971314	0.416129032258	299	5	75	0	91	0.233333333333
0.457646921986	0.417204301075	300	5	75	0	91	0.23273657289
0.458982386736	0.417204301075	301	5	75	0	91	0.232142857143
