# time 	 divergence 	 # of mutations 	 # IGC chances 	 IGC length 	 # IGC failures 	 Changes due to IGC  	 % change due to IGC 
0.0	0.0106837606838	0	0	0	0	0	0.0
0.00196097679614	0.0128205128205	1	0	0	0	0	0.0
0.00200272805724	0.0128205128205	1	1	15	0	0	0.0
0.00320866453555	0.0128205128205	1	2	9	0	0	0.0
0.00371475270299	0.0128205128205	1	3	6	0	0	0.0
0.00416483146031	0.0128205128205	1	4	3	0	0	0.0
0.00526603324352	0.0128205128205	1	5	15	0	0	0.0
0.00541048956196	0.0128205128205	1	6	3	0	0	0.0
0.00582696565079	0.0128205128205	1	7	6	0	0	0.0
0.00590288591749	0.0128205128205	1	8	6	0	0	0.0
0.00714257814174	0.0128205128205	1	9	6	0	0	0.0
0.00723538779685	0.0149572649573	2	9	6	0	0	0.0
0.00825071676071	0.0149572649573	2	10	15	0	0	0.0
0.00844922085111	0.0149572649573	2	11	6	0	0	0.0
0.00918196534039	0.017094017094	3	11	6	0	0	0.0
0.00923190400536	0.0192307692308	4	11	6	0	0	0.0
0.0122815880692	0.0192307692308	4	12	3	0	0	0.0
0.012351122249	0.0192307692308	4	13	6	0	0	0.0
0.0131865460984	0.0192307692308	4	14	3	0	0	0.0
0.0165567461916	0.0213675213675	5	14	3	0	0	0.0
0.017146864464	0.0192307692308	5	15	6	0	1	0.166666666667
0.0179241325714	0.0192307692308	5	16	6	0	1	0.166666666667
0.0182282629613	0.0213675213675	6	16	6	0	1	0.142857142857
0.0201823804116	0.0213675213675	6	17	3	0	1	0.142857142857
0.0213989485005	0.0213675213675	6	18	6	0	1	0.142857142857
0.0219498364048	0.0235042735043	7	18	6	0	1	0.125
0.0230806146989	0.0235042735043	7	19	3	0	1	0.125
0.0234998998781	0.0235042735043	7	20	3	0	1	0.125
0.0235776938764	0.025641025641	8	20	3	0	1	0.111111111111
0.024554148163	0.0235042735043	8	21	24	0	2	0.2
0.0251444451946	0.0235042735043	8	22	9	0	2	0.2
0.0282585807147	0.0235042735043	8	23	3	0	2	0.2
0.0283536050449	0.0235042735043	8	24	9	0	2	0.2
0.0286962949343	0.025641025641	9	24	9	0	2	0.181818181818
0.028737784582	0.0277777777778	10	24	9	0	2	0.166666666667
0.0302141968194	0.0277777777778	10	25	9	0	2	0.166666666667
0.0320033296782	0.0299145299145	11	25	9	0	2	0.153846153846
0.0321362155206	0.0299145299145	11	26	12	0	2	0.153846153846
0.0337859013548	0.0299145299145	11	27	9	0	2	0.153846153846
0.0338961795296	0.0299145299145	11	28	12	0	2	0.153846153846
0.0361143697366	0.0277777777778	11	29	6	0	3	0.214285714286
0.036178156117	0.025641025641	11	30	18	0	4	0.266666666667
0.0363163413481	0.0235042735043	11	31	12	0	5	0.3125
0.0365413191858	0.0235042735043	11	32	18	0	5	0.3125
0.0370226730451	0.025641025641	12	32	18	0	5	0.294117647059
0.038608610513	0.0277777777778	13	32	18	0	5	0.277777777778
0.0401491876148	0.0277777777778	13	33	3	0	5	0.277777777778
0.0428532591967	0.0277777777778	13	34	3	0	5	0.277777777778
0.0451926880239	0.0299145299145	14	34	3	0	5	0.263157894737
0.0483146026257	0.0299145299145	14	35	3	0	5	0.263157894737
0.0485200957808	0.0320512820513	15	35	3	0	5	0.25
0.0489604147438	0.034188034188	16	35	3	0	5	0.238095238095
0.0497712282662	0.0320512820513	16	36	3	0	6	0.272727272727
0.0498357769571	0.0320512820513	16	37	3	0	6	0.272727272727
0.0498384066206	0.0299145299145	16	38	6	0	7	0.304347826087
0.0499323045768	0.0299145299145	16	39	3	0	7	0.304347826087
0.0499367394371	0.0320512820513	17	39	3	0	7	0.291666666667
0.0508726749728	0.0299145299145	17	40	9	0	8	0.32
0.0509868085413	0.0299145299145	17	41	3	0	8	0.32
0.0515293981853	0.0277777777778	17	42	3	0	9	0.346153846154
0.0518380649853	0.0299145299145	18	42	3	0	9	0.333333333333
0.051956899848	0.0277777777778	18	43	9	0	10	0.357142857143
0.0526898658507	0.0299145299145	19	43	9	0	10	0.344827586207
0.0535490979016	0.0277777777778	19	44	9	0	11	0.366666666667
0.0550449902407	0.0277777777778	19	45	6	0	11	0.366666666667
0.056451466742	0.0277777777778	19	46	3	0	11	0.366666666667
0.056583459767	0.0277777777778	19	47	9	0	11	0.366666666667
0.0569172351225	0.0277777777778	19	48	9	0	11	0.366666666667
0.0569472976895	0.025641025641	19	49	24	0	12	0.387096774194
0.0600861862866	0.0277777777778	20	49	24	0	12	0.375
0.0603068635449	0.0235042735043	20	50	18	0	14	0.411764705882
0.060593783181	0.0235042735043	20	51	6	0	14	0.411764705882
0.0607602260821	0.0235042735043	20	52	6	0	14	0.411764705882
0.060761439907	0.0213675213675	20	53	9	0	15	0.428571428571
0.0609695324673	0.0213675213675	20	54	15	0	15	0.428571428571
0.0613378068859	0.0235042735043	21	54	15	0	15	0.416666666667
0.0614228727928	0.0192307692308	21	55	21	0	17	0.447368421053
0.0620493127624	0.0192307692308	21	56	6	0	17	0.447368421053
0.0622356157333	0.0213675213675	22	56	6	0	17	0.435897435897
0.0625864486189	0.0213675213675	22	57	3	0	17	0.435897435897
0.0644088046926	0.0213675213675	22	58	9	0	17	0.435897435897
0.0656045812618	0.0213675213675	22	59	3	0	17	0.435897435897
0.0663796627115	0.0192307692308	22	60	3	0	18	0.45
0.0664276510329	0.0192307692308	22	61	3	0	18	0.45
0.0665544495248	0.0213675213675	23	61	3	0	18	0.439024390244
0.0679167132163	0.0213675213675	23	62	3	0	18	0.439024390244
0.0691591602697	0.0213675213675	23	63	6	0	18	0.439024390244
0.070145531921	0.0213675213675	23	64	15	0	18	0.439024390244
0.0705657498223	0.0213675213675	23	65	3	0	18	0.439024390244
0.0725872418657	0.017094017094	23	66	27	0	20	0.46511627907
0.0752856186704	0.0149572649573	23	67	24	0	21	0.477272727273
0.0756120072023	0.0149572649573	23	68	3	0	21	0.477272727273
0.0763795620007	0.0149572649573	23	69	3	0	21	0.477272727273
0.0768864115239	0.0149572649573	23	70	9	0	21	0.477272727273
0.0783051508992	0.0149572649573	23	71	6	0	21	0.477272727273
0.0798991521631	0.0149572649573	23	72	3	0	21	0.477272727273
0.0802483463042	0.017094017094	24	72	3	0	21	0.466666666667
0.0841171002365	0.017094017094	24	73	12	0	21	0.466666666667
0.0852134186102	0.0192307692308	25	73	12	0	21	0.45652173913
0.0876858165394	0.0213675213675	26	73	12	0	21	0.446808510638
0.0883624010266	0.0235042735043	27	73	12	0	21	0.4375
0.0885385625955	0.0235042735043	27	74	9	0	21	0.4375
0.0888417195931	0.025641025641	28	74	9	0	21	0.428571428571
0.090125935695	0.0277777777778	29	74	9	0	21	0.42
0.090418750099	0.0277777777778	29	75	18	0	21	0.42
0.0915046396444	0.0277777777778	29	76	6	0	21	0.42
0.0915625738395	0.0277777777778	29	77	6	0	21	0.42
0.0927831648226	0.0277777777778	29	78	18	0	21	0.42
0.0931505585379	0.0299145299145	30	78	18	0	21	0.411764705882
0.0934893158484	0.0299145299145	30	79	6	0	21	0.411764705882
0.0943559484966	0.0299145299145	30	80	3	0	21	0.411764705882
0.0944671687243	0.0299145299145	30	81	3	0	21	0.411764705882
0.0949425428355	0.0299145299145	30	82	3	0	21	0.411764705882
0.0952497811494	0.0299145299145	30	83	3	0	21	0.411764705882
0.0956118263605	0.0299145299145	30	84	15	0	21	0.411764705882
0.0959277459141	0.0320512820513	31	84	15	0	21	0.403846153846
0.0966633594331	0.0299145299145	31	85	6	0	22	0.415094339623
0.0987836618924	0.0299145299145	31	86	9	0	22	0.415094339623
0.0990969253031	0.0277777777778	31	87	36	0	23	0.425925925926
0.100369224334	0.0277777777778	31	88	15	0	23	0.425925925926
0.100467417808	0.0277777777778	31	89	12	0	23	0.425925925926
0.100686637928	0.025641025641	31	90	3	0	24	0.436363636364
0.102422565218	0.0277777777778	32	90	3	0	24	0.428571428571
0.104985829805	0.0299145299145	33	90	3	0	24	0.421052631579
0.106293581193	0.0277777777778	33	91	3	0	25	0.431034482759
0.107757306981	0.0277777777778	33	92	15	0	25	0.431034482759
0.10854458455	0.0277777777778	33	93	15	0	25	0.431034482759
0.108757796492	0.0299145299145	34	93	15	0	25	0.423728813559
0.10888080599	0.0299145299145	34	94	3	0	25	0.423728813559
0.109425747667	0.0299145299145	34	95	12	0	25	0.423728813559
0.109818854725	0.0320512820513	35	95	12	0	25	0.416666666667
0.111389530265	0.025641025641	35	96	12	0	28	0.444444444444
0.114860081084	0.025641025641	35	97	12	0	28	0.444444444444
0.115132209723	0.025641025641	35	98	12	0	28	0.444444444444
0.115631618193	0.0235042735043	35	99	39	0	29	0.453125
0.115942274789	0.0235042735043	35	100	6	0	29	0.453125
0.116915396158	0.0213675213675	35	101	42	0	30	0.461538461538
0.11770899592	0.0213675213675	35	102	3	0	30	0.461538461538
0.117910624283	0.0235042735043	36	102	3	0	30	0.454545454545
0.118069280541	0.0235042735043	36	103	12	0	30	0.454545454545
0.118432613831	0.0235042735043	36	104	9	0	30	0.454545454545
0.118463384004	0.025641025641	37	104	9	0	30	0.44776119403
0.118891644904	0.025641025641	37	105	6	0	30	0.44776119403
0.11996755378	0.0277777777778	38	105	6	0	30	0.441176470588
0.123909067008	0.0277777777778	38	106	6	0	30	0.441176470588
0.124360874992	0.0277777777778	38	107	3	0	30	0.441176470588
0.125519017597	0.0277777777778	38	108	6	0	30	0.441176470588
0.126395018633	0.0277777777778	38	109	33	0	30	0.441176470588
0.128648972556	0.0277777777778	38	110	6	0	30	0.441176470588
0.128798230152	0.0277777777778	38	111	21	0	30	0.441176470588
0.129696797956	0.0277777777778	38	112	33	0	30	0.441176470588
0.130858358364	0.0277777777778	38	113	6	0	30	0.441176470588
0.132845387777	0.0299145299145	39	113	6	0	30	0.434782608696
0.133537157609	0.0299145299145	39	114	9	0	30	0.434782608696
0.133583762524	0.0320512820513	40	114	9	0	30	0.428571428571
0.135883396928	0.0320512820513	40	115	18	0	30	0.428571428571
0.136489613833	0.0320512820513	40	116	3	0	30	0.428571428571
0.137118364678	0.034188034188	41	116	3	0	30	0.422535211268
0.137207036605	0.034188034188	41	117	6	0	30	0.422535211268
0.137407680881	0.034188034188	41	118	12	0	30	0.422535211268
0.138398701202	0.0363247863248	42	118	12	0	30	0.416666666667
0.138718610554	0.0384615384615	43	118	12	0	30	0.41095890411
0.13876038166	0.0384615384615	43	119	3	0	30	0.41095890411
0.139016659837	0.0384615384615	43	120	12	0	30	0.41095890411
0.139577134795	0.0384615384615	43	121	3	0	30	0.41095890411
0.141513770175	0.0384615384615	43	122	3	0	30	0.41095890411
0.141575219668	0.0384615384615	43	123	9	0	30	0.41095890411
0.142597450582	0.0405982905983	44	123	9	0	30	0.405405405405
0.143285610108	0.0405982905983	44	124	6	0	30	0.405405405405
0.14346576258	0.0384615384615	44	125	12	0	31	0.413333333333
0.143913946032	0.0384615384615	44	126	3	0	31	0.413333333333
0.143997992485	0.0384615384615	44	127	9	0	31	0.413333333333
0.144069839047	0.0384615384615	44	128	12	0	31	0.413333333333
0.144508921578	0.0384615384615	44	129	3	0	31	0.413333333333
0.144853532716	0.0384615384615	44	130	3	0	31	0.413333333333
0.146045629882	0.0384615384615	44	131	9	0	31	0.413333333333
0.146095476599	0.0384615384615	44	132	21	0	31	0.413333333333
0.148931276368	0.0384615384615	44	133	12	0	31	0.413333333333
0.149547314916	0.0384615384615	44	134	3	0	31	0.413333333333
0.150242602068	0.0384615384615	44	135	15	0	31	0.413333333333
