# time 	 divergence 	 # of mutations 	 # IGC chances 	 IGC length 	 # IGC failures 	 Changes due to IGC  	 % change due to IGC 
0.0	0.439784946237	0	0	0	0	0	0.0
0.00519566934055	0.440860215054	1	0	0	0	0	0.0
0.00625963303432	0.441935483871	2	0	0	0	0	0.0
0.00690955277602	0.443010752688	3	0	0	0	0	0.0
0.0079552822547	0.443010752688	4	0	0	0	0	0.0
0.00819763588261	0.444086021505	5	0	0	0	0	0.0
0.0116173336721	0.443010752688	6	0	0	0	0	0.0
0.0124907714378	0.441935483871	7	0	0	0	0	0.0
0.012756295847	0.443010752688	8	0	0	0	0	0.0
0.0129432514189	0.441935483871	9	0	0	0	0	0.0
0.0141097564861	0.440860215054	10	0	0	0	0	0.0
0.0156184003905	0.441935483871	11	0	0	0	0	0.0
0.0157777876105	0.441935483871	12	0	0	0	0	0.0
0.017278474323	0.443010752688	13	0	0	0	0	0.0
0.0206654699259	0.443010752688	14	0	0	0	0	0.0
0.0212590845259	0.443010752688	15	0	0	0	0	0.0
0.02391023369	0.443010752688	16	0	0	0	0	0.0
0.0255830362279	0.444086021505	17	0	0	0	0	0.0
0.0272181261142	0.443010752688	18	0	0	0	0	0.0
0.0294579157223	0.443010752688	19	0	0	0	0	0.0
0.0306014993727	0.441935483871	20	0	0	0	0	0.0
0.0310069755142	0.441935483871	21	0	0	0	0	0.0
0.0334855571971	0.443010752688	22	0	0	0	0	0.0
0.0334989962425	0.443010752688	23	0	0	0	0	0.0
0.0345914971408	0.443010752688	24	0	0	0	0	0.0
0.0363773421859	0.443010752688	25	0	0	0	0	0.0
0.0373825261642	0.444086021505	26	0	0	0	0	0.0
0.0374488398567	0.445161290323	27	0	0	0	0	0.0
0.0377554528016	0.445161290323	28	0	0	0	0	0.0
0.0403309322401	0.444086021505	29	0	0	0	0	0.0
0.0420505616033	0.445161290323	30	0	0	0	0	0.0
0.0424211221557	0.44623655914	31	0	0	0	0	0.0
0.043359024777	0.44623655914	31	1	9	0	0	0.0
0.0468535846477	0.447311827957	32	1	9	0	0	0.0
0.0525803569345	0.448387096774	33	1	9	0	0	0.0
0.0526453048525	0.447311827957	34	1	9	0	0	0.0
0.0535775434306	0.448387096774	35	1	9	0	0	0.0
0.0560747506407	0.448387096774	36	1	9	0	0	0.0
0.0562401916355	0.448387096774	37	1	9	0	0	0.0
0.0577061055981	0.449462365591	38	1	9	0	0	0.0
0.0603137772393	0.450537634409	39	1	9	0	0	0.0
0.0603165594431	0.451612903226	40	1	9	0	0	0.0
0.062387496938	0.452688172043	41	1	9	0	0	0.0
0.0631601306742	0.451612903226	42	1	9	0	0	0.0
0.0658577314917	0.452688172043	43	1	9	0	0	0.0
0.0658905635767	0.45376344086	44	1	9	0	0	0.0
0.067964243803	0.454838709677	45	1	9	0	0	0.0
0.0722584028698	0.455913978495	46	1	9	0	0	0.0
0.0749844498891	0.45376344086	46	2	3	0	2	0.0416666666667
0.0772594761563	0.452688172043	47	2	3	0	2	0.0408163265306
0.0818907681396	0.452688172043	48	2	3	0	2	0.04
0.0837003640175	0.452688172043	49	2	3	0	2	0.0392156862745
0.0855573441001	0.45376344086	50	2	3	0	2	0.0384615384615
0.0862808423211	0.454838709677	51	2	3	0	2	0.0377358490566
0.0868504496514	0.45376344086	52	2	3	0	2	0.037037037037
0.0874614287525	0.454838709677	53	2	3	0	2	0.0363636363636
0.0882252704615	0.455913978495	54	2	3	0	2	0.0357142857143
0.0893030896656	0.456989247312	55	2	3	0	2	0.0350877192982
0.0897492762727	0.456989247312	56	2	3	0	2	0.0344827586207
0.0897753676214	0.458064516129	57	2	3	0	2	0.0338983050847
0.0903688446646	0.459139784946	58	2	3	0	2	0.0333333333333
0.0922515389847	0.460215053763	59	2	3	0	2	0.0327868852459
0.092882114938	0.461290322581	60	2	3	0	2	0.0322580645161
0.0934578739517	0.460215053763	61	2	3	0	2	0.031746031746
0.0942577509271	0.461290322581	62	2	3	0	2	0.03125
0.0972135341007	0.460215053763	63	2	3	0	2	0.0307692307692
0.0972609516318	0.461290322581	64	2	3	0	2	0.030303030303
0.0973189370118	0.458064516129	64	3	3	0	5	0.0724637681159
0.0993751067513	0.459139784946	65	3	3	0	5	0.0714285714286
0.100455958482	0.459139784946	66	3	3	0	5	0.0704225352113
0.100936167441	0.459139784946	67	3	3	0	5	0.0694444444444
0.100941254745	0.460215053763	68	3	3	0	5	0.0684931506849
0.103350239321	0.461290322581	69	3	3	0	5	0.0675675675676
0.10587882531	0.461290322581	70	3	3	0	5	0.0666666666667
0.106795381074	0.462365591398	71	3	3	0	5	0.0657894736842
0.110044956383	0.463440860215	72	3	3	0	5	0.0649350649351
0.112894992954	0.463440860215	73	3	3	0	5	0.0641025641026
0.114531904047	0.463440860215	74	3	3	0	5	0.0632911392405
0.115389293502	0.462365591398	75	3	3	0	5	0.0625
0.115830050087	0.462365591398	76	3	3	0	5	0.0617283950617
0.115945270185	0.462365591398	77	3	3	0	5	0.0609756097561
0.117596287047	0.462365591398	78	3	3	0	5	0.0602409638554
0.118742395994	0.463440860215	79	3	3	0	5	0.0595238095238
0.119266543778	0.462365591398	79	4	3	0	6	0.0705882352941
0.120459212944	0.462365591398	80	4	3	0	6	0.0697674418605
0.12353217835	0.463440860215	81	4	3	0	6	0.0689655172414
0.123593046282	0.462365591398	82	4	3	0	6	0.0681818181818
0.124295936107	0.463440860215	83	4	3	0	6	0.0674157303371
0.124594896062	0.464516129032	84	4	3	0	6	0.0666666666667
0.127230765261	0.465591397849	85	4	3	0	6	0.0659340659341
0.127346788052	0.465591397849	86	4	3	0	6	0.0652173913043
0.128623092786	0.466666666667	87	4	3	0	6	0.0645161290323
0.129633796625	0.465591397849	88	4	3	0	6	0.063829787234
0.130221138329	0.465591397849	89	4	3	0	6	0.0631578947368
0.130692423688	0.465591397849	90	4	3	0	6	0.0625
0.132186185096	0.466666666667	91	4	3	0	6	0.0618556701031
0.133080833348	0.467741935484	92	4	3	0	6	0.0612244897959
0.133223859071	0.467741935484	93	4	3	0	6	0.0606060606061
0.134164266306	0.467741935484	94	4	3	0	6	0.06
0.134988949015	0.467741935484	95	4	3	0	6	0.0594059405941
0.135249631131	0.466666666667	96	4	3	0	6	0.0588235294118
0.135724507272	0.466666666667	97	4	3	0	6	0.0582524271845
0.136399692293	0.466666666667	98	4	3	0	6	0.0576923076923
0.138548028614	0.467741935484	99	4	3	0	6	0.0571428571429
0.139439434575	0.466666666667	99	5	3	0	7	0.0660377358491
0.139490756492	0.465591397849	100	5	3	0	7	0.0654205607477
0.141973629686	0.464516129032	101	5	3	0	7	0.0648148148148
0.142866445294	0.465591397849	102	5	3	0	7	0.0642201834862
