# time 	 divergence 	 # of mutations 	 # IGC chances 	 IGC length 	 # IGC failures 	 Changes due to IGC  	 % change due to IGC 
0.0	0.219298245614	0	0	0	0	0	0.0
0.00020611209398	0.218323586745	0	1	3	0	1	1.0
0.000396498232955	0.218323586745	0	2	3	0	1	1.0
0.000998673921047	0.217348927875	0	3	9	0	2	1.0
0.00185146401855	0.218323586745	1	3	9	0	2	0.666666666667
0.00238567102172	0.219298245614	2	3	9	0	2	0.5
0.00303884773231	0.220272904483	3	3	9	0	2	0.4
0.00340005977345	0.221247563353	4	3	9	0	2	0.333333333333
0.00381538318539	0.222222222222	5	3	9	0	2	0.285714285714
0.0053282924417	0.222222222222	5	4	6	0	2	0.285714285714
0.00802029862265	0.220272904483	5	5	3	0	4	0.444444444444
0.00820324248205	0.221247563353	6	5	3	0	4	0.4
0.0107237679218	0.222222222222	7	5	3	0	4	0.363636363636
0.011136681156	0.223196881092	8	5	3	0	4	0.333333333333
0.0133755227607	0.224171539961	9	5	3	0	4	0.307692307692
0.0141977549934	0.220272904483	9	6	9	0	8	0.470588235294
0.014414610121	0.221247563353	10	6	9	0	8	0.444444444444
0.0156396500073	0.222222222222	11	6	9	0	8	0.421052631579
0.0158643831058	0.223196881092	12	6	9	0	8	0.4
0.0179485420694	0.224171539961	13	6	9	0	8	0.380952380952
0.0182131435678	0.22514619883	14	6	9	0	8	0.363636363636
0.0188752883677	0.22514619883	15	6	9	0	8	0.347826086957
0.0197782566917	0.2261208577	16	6	9	0	8	0.333333333333
0.0201811396551	0.2261208577	16	7	3	0	8	0.333333333333
0.0227639059472	0.227095516569	17	7	3	0	8	0.32
0.0239937854948	0.22514619883	17	8	6	0	10	0.37037037037
0.0263066271745	0.22514619883	18	8	6	0	10	0.357142857143
0.0263756501926	0.2261208577	19	8	6	0	10	0.344827586207
0.0287995310757	0.2261208577	20	8	6	0	10	0.333333333333
0.0290799271305	0.2261208577	21	8	6	0	10	0.322580645161
0.0292422693791	0.22514619883	22	8	6	0	10	0.3125
0.0303972056198	0.2261208577	23	8	6	0	10	0.30303030303
0.031561930532	0.22514619883	23	9	12	0	11	0.323529411765
0.0334393527424	0.224171539961	24	9	12	0	11	0.314285714286
0.033541966815	0.224171539961	25	9	12	0	11	0.305555555556
0.0339142673462	0.22514619883	26	9	12	0	11	0.297297297297
0.0339890758155	0.216374269006	26	10	24	0	20	0.434782608696
0.0364045133547	0.215399610136	27	10	24	0	20	0.425531914894
0.0387881424985	0.216374269006	28	10	24	0	20	0.416666666667
0.0398935419552	0.215399610136	29	10	24	0	20	0.408163265306
0.0402693074574	0.214424951267	29	11	3	0	21	0.42
0.0406148105781	0.215399610136	30	11	3	0	21	0.411764705882
0.0418673823465	0.216374269006	31	11	3	0	21	0.403846153846
0.0426045813144	0.210526315789	31	12	12	0	27	0.465517241379
0.0454356889495	0.211500974659	32	12	12	0	27	0.457627118644
0.0456344471766	0.212475633528	33	12	12	0	27	0.45
0.0460209596033	0.211500974659	34	12	12	0	27	0.44262295082
0.0461234267153	0.211500974659	35	12	12	0	27	0.435483870968
0.046734459915	0.211500974659	36	12	12	0	27	0.428571428571
0.0468632638127	0.212475633528	37	12	12	0	27	0.421875
0.0485877043462	0.213450292398	38	12	12	0	27	0.415384615385
0.0500437009787	0.20955165692	38	13	15	0	31	0.449275362319
0.051704174832	0.207602339181	38	14	9	0	33	0.464788732394
0.0541181762742	0.206627680312	39	14	9	0	33	0.458333333333
0.0546110935487	0.206627680312	40	14	9	0	33	0.452054794521
0.0549973626327	0.207602339181	41	14	9	0	33	0.445945945946
