# time 	 divergence 	 # of mutations 	 # IGC chances 	 IGC length 	 # IGC failures 	 Changes due to IGC  	 % change due to IGC 
0.0	0.19247311828	0	0	0	0	0	0.0
0.000668320557656	0.190322580645	0	1	3	0	2	1.0
0.00174848895446	0.189247311828	0	2	3	0	3	1.0
0.00272373543838	0.188172043011	1	2	3	0	3	0.75
0.00335039513084	0.189247311828	2	2	3	0	3	0.6
0.00418796698805	0.188172043011	2	3	3	0	4	0.666666666667
0.00523334699797	0.189247311828	3	3	3	0	4	0.571428571429
0.0068523161026	0.190322580645	4	3	3	0	4	0.5
0.00758953343069	0.190322580645	4	4	3	0	4	0.5
0.00909729703283	0.189247311828	4	5	3	0	5	0.555555555556
0.00939442201229	0.190322580645	5	5	3	0	5	0.5
0.00954299170514	0.189247311828	5	6	3	0	6	0.545454545455
0.00997802691924	0.188172043011	5	7	3	0	7	0.583333333333
0.0101568423918	0.187096774194	5	8	3	0	8	0.615384615385
0.0104895672879	0.187096774194	5	9	3	0	8	0.615384615385
0.0106797111374	0.188172043011	6	9	3	0	8	0.571428571429
0.0106930793975	0.188172043011	6	10	3	0	8	0.571428571429
0.0109749668827	0.188172043011	6	11	3	0	8	0.571428571429
0.013168556649	0.188172043011	6	12	3	0	8	0.571428571429
0.0137096139611	0.187096774194	6	13	3	0	9	0.6
0.0143565880021	0.188172043011	7	13	3	0	9	0.5625
0.0160062327228	0.188172043011	7	14	3	0	9	0.5625
0.0169399776963	0.187096774194	7	15	3	0	10	0.588235294118
0.0185336428803	0.188172043011	8	15	3	0	10	0.555555555556
0.02423572867	0.188172043011	8	16	3	0	10	0.555555555556
0.0243107606965	0.189247311828	9	16	3	0	10	0.526315789474
0.0245025537278	0.189247311828	10	16	3	0	10	0.5
0.0254991207463	0.190322580645	11	16	3	0	10	0.47619047619
0.026172490363	0.190322580645	11	17	3	0	10	0.47619047619
0.0270440276537	0.191397849462	12	17	3	0	10	0.454545454545
0.027333334737	0.191397849462	12	18	3	0	10	0.454545454545
0.0275972037625	0.191397849462	12	19	3	0	10	0.454545454545
0.0279911645121	0.19247311828	13	19	3	0	10	0.434782608696
0.0281194170626	0.193548387097	14	19	3	0	10	0.416666666667
0.0284240402508	0.194623655914	15	19	3	0	10	0.4
0.0285307329997	0.195698924731	16	19	3	0	10	0.384615384615
0.0289598694971	0.194623655914	17	19	3	0	10	0.37037037037
0.0306030108627	0.195698924731	18	19	3	0	10	0.357142857143
0.0315948948178	0.194623655914	18	20	3	0	11	0.379310344828
0.0319666253363	0.194623655914	18	21	3	0	11	0.379310344828
0.033130350963	0.195698924731	19	21	3	0	11	0.366666666667
0.0337712335529	0.195698924731	19	22	3	0	11	0.366666666667
0.0338833927594	0.196774193548	20	22	3	0	11	0.354838709677
0.0347802310108	0.196774193548	20	23	3	0	11	0.354838709677
0.0348749241811	0.195698924731	20	24	3	0	12	0.375
0.0351365144673	0.194623655914	20	25	3	0	13	0.393939393939
0.036545313523	0.193548387097	20	26	3	0	14	0.411764705882
0.0376669476592	0.194623655914	21	26	3	0	14	0.4
0.0380220197281	0.195698924731	22	26	3	0	14	0.388888888889
0.0383584560986	0.194623655914	23	26	3	0	14	0.378378378378
0.0388852914097	0.191397849462	23	27	3	0	17	0.425
0.0398922711278	0.191397849462	23	28	3	0	17	0.425
0.0409796236098	0.19247311828	24	28	3	0	17	0.414634146341
0.0410939454091	0.193548387097	25	28	3	0	17	0.404761904762
0.0416558357203	0.193548387097	25	29	3	0	17	0.404761904762
0.0428854056262	0.194623655914	26	29	3	0	17	0.395348837209
0.0434438721992	0.193548387097	26	30	3	0	18	0.409090909091
0.044625295748	0.191397849462	26	31	3	0	20	0.434782608696
0.0452192151954	0.189247311828	26	32	3	0	22	0.458333333333
0.0453490791509	0.189247311828	26	33	3	0	22	0.458333333333
0.0454287394758	0.190322580645	27	33	3	0	22	0.448979591837
0.0455992981498	0.190322580645	27	34	3	0	22	0.448979591837
0.0456368159473	0.190322580645	27	35	3	0	22	0.448979591837
0.0466688834171	0.190322580645	27	36	3	0	22	0.448979591837
0.0468284148843	0.191397849462	28	36	3	0	22	0.44
0.0475249980961	0.191397849462	28	37	3	0	22	0.44
0.0480170659164	0.191397849462	28	38	3	0	22	0.44
0.0484437560724	0.191397849462	28	39	3	0	22	0.44
0.0492030221652	0.190322580645	28	40	3	0	23	0.450980392157
0.0513990777281	0.190322580645	28	41	3	0	23	0.450980392157
0.0517411109124	0.191397849462	29	41	3	0	23	0.442307692308
0.051961833388	0.191397849462	29	42	3	0	23	0.442307692308
0.0526902371714	0.19247311828	30	42	3	0	23	0.433962264151
0.0533271584362	0.193548387097	31	42	3	0	23	0.425925925926
0.0555200995224	0.19247311828	31	43	3	0	24	0.436363636364
0.0593674987062	0.191397849462	31	44	3	0	25	0.446428571429
0.0637958887279	0.190322580645	31	45	3	0	26	0.456140350877
0.0638544130317	0.191397849462	32	45	3	0	26	0.448275862069
0.0641750895934	0.189247311828	32	46	3	0	28	0.466666666667
0.0655395976004	0.190322580645	33	46	3	0	28	0.459016393443
0.0656887141685	0.190322580645	33	47	3	0	28	0.459016393443
0.0657448345582	0.190322580645	33	48	3	0	28	0.459016393443
0.0660816063249	0.189247311828	33	49	3	0	29	0.467741935484
0.0661599077458	0.188172043011	34	49	3	0	29	0.460317460317
0.0682321674441	0.184946236559	34	50	3	0	32	0.484848484848
0.0712088058204	0.186021505376	35	50	3	0	32	0.477611940299
0.0714402685991	0.186021505376	36	50	3	0	32	0.470588235294
