# time 	 divergence 	 # of mutations 	 # IGC chances 	 IGC length 	 # IGC failures 	 Changes due to IGC  	 % change due to IGC 
0.0	0.272904483431	0	0	0	0	0	0.0
0.000536678073451	0.271929824561	1	0	0	0	0	0.0
0.00124689658957	0.272904483431	2	0	0	0	0	0.0
0.0015364928117	0.2738791423	3	0	0	0	0	0.0
0.00235334750933	0.2738791423	4	0	0	0	0	0.0
0.00380850944792	0.27485380117	5	0	0	0	0	0.0
0.00623232798397	0.275828460039	6	0	0	0	0	0.0
0.00643621472218	0.275828460039	7	0	0	0	0	0.0
0.00972393241454	0.276803118908	8	0	0	0	0	0.0
0.00975448550902	0.277777777778	9	0	0	0	0	0.0
0.0105376529193	0.278752436647	10	0	0	0	0	0.0
0.0122792320389	0.278752436647	11	0	0	0	0	0.0
0.0136572986702	0.279727095517	12	0	0	0	0	0.0
0.0156790728069	0.279727095517	13	0	0	0	0	0.0
0.017159755167	0.280701754386	14	0	0	0	0	0.0
0.0172075431983	0.280701754386	15	0	0	0	0	0.0
0.0181006919617	0.281676413255	16	0	0	0	0	0.0
0.0185844926185	0.282651072125	17	0	0	0	0	0.0
0.0202307123094	0.281676413255	18	0	0	0	0	0.0
0.0205532894416	0.282651072125	19	0	0	0	0	0.0
0.0209639411324	0.283625730994	20	0	0	0	0	0.0
0.0217260510634	0.283625730994	21	0	0	0	0	0.0
0.025407925804	0.284600389864	22	0	0	0	0	0.0
0.0267438004629	0.285575048733	23	0	0	0	0	0.0
0.0288722547327	0.284600389864	24	0	0	0	0	0.0
0.0297509053809	0.285575048733	25	0	0	0	0	0.0
0.0301202617018	0.285575048733	26	0	0	0	0	0.0
0.0361980386051	0.286549707602	27	0	0	0	0	0.0
0.037758864619	0.287524366472	28	0	0	0	0	0.0
0.0395982718224	0.287524366472	29	0	0	0	0	0.0
0.0407841221449	0.286549707602	30	0	0	0	0	0.0
0.044518956118	0.287524366472	31	0	0	0	0	0.0
0.0451288270687	0.288499025341	32	0	0	0	0	0.0
0.0461524552544	0.289473684211	33	0	0	0	0	0.0
0.0498157688827	0.29044834308	34	0	0	0	0	0.0
0.0505892141275	0.291423001949	35	0	0	0	0	0.0
0.0510157779072	0.292397660819	36	0	0	0	0	0.0
0.0515712474071	0.292397660819	37	0	0	0	0	0.0
0.0521811657372	0.293372319688	38	0	0	0	0	0.0
0.0534777400197	0.294346978558	39	0	0	0	0	0.0
0.0537254140111	0.295321637427	40	0	0	0	0	0.0
0.0554816620767	0.296296296296	41	0	0	0	0	0.0
0.0572948516724	0.296296296296	42	0	0	0	0	0.0
0.0600613096682	0.297270955166	43	0	0	0	0	0.0
0.0622375319196	0.298245614035	44	0	0	0	0	0.0
0.0647309852499	0.299220272904	45	0	0	0	0	0.0
0.0666500412262	0.299220272904	46	0	0	0	0	0.0
0.0674544073804	0.299220272904	47	0	0	0	0	0.0
0.0687110074375	0.300194931774	48	0	0	0	0	0.0
0.0731761783107	0.301169590643	49	0	0	0	0	0.0
0.0741445032845	0.302144249513	50	0	0	0	0	0.0
0.0744824985072	0.302144249513	51	0	0	0	0	0.0
0.0765166908299	0.301169590643	52	0	0	0	0	0.0
0.0777393235955	0.302144249513	53	0	0	0	0	0.0
0.0777608999967	0.302144249513	54	0	0	0	0	0.0
0.0803649785206	0.301169590643	55	0	0	0	0	0.0
0.0812977205011	0.300194931774	56	0	0	0	0	0.0
0.0825945978614	0.301169590643	57	0	0	0	0	0.0
0.0829828392321	0.302144249513	58	0	0	0	0	0.0
0.0840516450712	0.302144249513	59	0	0	0	0	0.0
0.084438840948	0.303118908382	60	0	0	0	0	0.0
0.085038384435	0.304093567251	61	0	0	0	0	0.0
0.0856094807902	0.305068226121	62	0	0	0	0	0.0
0.0859023736947	0.30604288499	63	0	0	0	0	0.0
0.086653092134	0.305068226121	64	0	0	0	0	0.0
0.0867710046709	0.305068226121	65	0	0	0	0	0.0
0.0868422169054	0.30604288499	66	0	0	0	0	0.0
0.087768403377	0.30701754386	67	0	0	0	0	0.0
0.0907648983678	0.30604288499	68	0	0	0	0	0.0
0.0908669827792	0.30701754386	69	0	0	0	0	0.0
0.0909426325678	0.307992202729	70	0	0	0	0	0.0
0.0928714903426	0.30701754386	71	0	0	0	0	0.0
0.09341493527	0.307992202729	72	0	0	0	0	0.0
0.0938434060519	0.308966861598	73	0	0	0	0	0.0
0.0950449448179	0.308966861598	74	0	0	0	0	0.0
