# time 	 divergence 	 # of mutations 	 # IGC chances 	 IGC length 	 # IGC failures 	 Changes due to IGC  	 % change due to IGC 
0.0	0.479532163743	0	0	0	0	0	0.0
9.90781732695e-05	0.479532163743	1	0	0	0	0	0.0
0.000489444833351	0.478557504873	2	0	0	0	0	0.0
0.00201971405468	0.479532163743	3	0	0	0	0	0.0
0.0044215738479	0.479532163743	4	0	0	0	0	0.0
0.00804776111409	0.479532163743	5	0	0	0	0	0.0
0.00805923349418	0.479532163743	6	0	0	0	0	0.0
0.00841700576318	0.479532163743	7	0	0	0	0	0.0
0.00878676048363	0.479532163743	8	0	0	0	0	0.0
0.00910475487133	0.479532163743	9	0	0	0	0	0.0
0.01100289976	0.479532163743	10	0	0	0	0	0.0
0.0113350590639	0.480506822612	11	0	0	0	0	0.0
0.0115009822988	0.479532163743	12	0	0	0	0	0.0
0.0117280613289	0.478557504873	13	0	0	0	0	0.0
0.0121894827353	0.477582846004	14	0	0	0	0	0.0
0.0130009011087	0.477582846004	15	0	0	0	0	0.0
0.0139742776956	0.477582846004	16	0	0	0	0	0.0
0.0164058461592	0.478557504873	17	0	0	0	0	0.0
0.0169288929247	0.477582846004	18	0	0	0	0	0.0
0.0185377263935	0.478557504873	19	0	0	0	0	0.0
0.0224794804813	0.479532163743	20	0	0	0	0	0.0
0.0226152464247	0.480506822612	21	0	0	0	0	0.0
0.0280602038643	0.481481481481	22	0	0	0	0	0.0
0.0292988217476	0.481481481481	23	0	0	0	0	0.0
0.0298178997422	0.481481481481	24	0	0	0	0	0.0
0.0305383188836	0.482456140351	25	0	0	0	0	0.0
0.0312221503581	0.48343079922	26	0	0	0	0	0.0
0.0316681170035	0.482456140351	27	0	0	0	0	0.0
0.032624265574	0.48343079922	28	0	0	0	0	0.0
0.0343639773334	0.48343079922	29	0	0	0	0	0.0
0.0358823082046	0.48343079922	30	0	0	0	0	0.0
0.0365386363084	0.48440545809	31	0	0	0	0	0.0
0.038332895549	0.485380116959	32	0	0	0	0	0.0
0.0392806981548	0.486354775828	33	0	0	0	0	0.0
0.0395515863568	0.486354775828	34	0	0	0	0	0.0
0.0416427792187	0.486354775828	35	0	0	0	0	0.0
0.0419342525082	0.485380116959	36	0	0	0	0	0.0
0.0428145882122	0.486354775828	37	0	0	0	0	0.0
0.04534393581	0.487329434698	38	0	0	0	0	0.0
0.0463642538336	0.487329434698	39	0	0	0	0	0.0
0.0464943140034	0.488304093567	40	0	0	0	0	0.0
0.0477915472042	0.487329434698	41	0	0	0	0	0.0
0.0479722227131	0.488304093567	42	0	0	0	0	0.0
0.0487706311013	0.488304093567	43	0	0	0	0	0.0
0.0500906094229	0.489278752437	44	0	0	0	0	0.0
0.0502464731562	0.490253411306	45	0	0	0	0	0.0
0.0504077939471	0.491228070175	46	0	0	0	0	0.0
0.0515039380293	0.490253411306	47	0	0	0	0	0.0
0.0515504954193	0.491228070175	48	0	0	0	0	0.0
0.0528290812062	0.492202729045	49	0	0	0	0	0.0
0.05474306259	0.493177387914	50	0	0	0	0	0.0
0.0591784041638	0.494152046784	51	0	0	0	0	0.0
0.059718018009	0.495126705653	52	0	0	0	0	0.0
0.0623358268217	0.496101364522	53	0	0	0	0	0.0
0.0636039746469	0.496101364522	54	0	0	0	0	0.0
0.067771908298	0.496101364522	55	0	0	0	0	0.0
0.070588323872	0.496101364522	56	0	0	0	0	0.0
0.0743637582563	0.495126705653	57	0	0	0	0	0.0
0.07473203312	0.495126705653	58	0	0	0	0	0.0
0.0769619033241	0.495126705653	59	0	0	0	0	0.0
0.0774862087447	0.495126705653	60	0	0	0	0	0.0
0.0782212844249	0.495126705653	61	0	0	0	0	0.0
0.0801433015611	0.495126705653	62	0	0	0	0	0.0
0.0807687814013	0.494152046784	63	0	0	0	0	0.0
0.0817634646553	0.493177387914	64	0	0	0	0	0.0
0.082491035093	0.493177387914	65	0	0	0	0	0.0
0.0837027159554	0.493177387914	66	0	0	0	0	0.0
0.0848831331257	0.494152046784	67	0	0	0	0	0.0
0.0880429650215	0.495126705653	68	0	0	0	0	0.0
0.0907700447864	0.496101364522	69	0	0	0	0	0.0
0.0910559043818	0.495126705653	70	0	0	0	0	0.0
0.0912563760999	0.495126705653	71	0	0	0	0	0.0
0.0938705968206	0.495126705653	72	0	0	0	0	0.0
0.0972504707274	0.495126705653	73	0	0	0	0	0.0
0.098745580919	0.496101364522	74	0	0	0	0	0.0
0.100017480534	0.497076023392	75	0	0	0	0	0.0
0.100926524432	0.496101364522	76	0	0	0	0	0.0
0.101337301858	0.497076023392	77	0	0	0	0	0.0
0.10155807864	0.498050682261	78	0	0	0	0	0.0
0.101722044273	0.499025341131	79	0	0	0	0	0.0
0.101871038251	0.498050682261	80	0	0	0	0	0.0
0.10214720496	0.499025341131	81	0	0	0	0	0.0
0.103482813566	0.5	82	0	0	0	0	0.0
0.103763597736	0.499025341131	83	0	0	0	0	0.0
0.103820417365	0.499025341131	84	0	0	0	0	0.0
0.109725194941	0.498050682261	85	0	0	0	0	0.0
0.112833098494	0.498050682261	86	0	0	0	0	0.0
0.113403334783	0.498050682261	87	0	0	0	0	0.0
0.113859591636	0.497076023392	88	0	0	0	0	0.0
0.116056613948	0.498050682261	89	0	0	0	0	0.0
0.116540540793	0.499025341131	90	0	0	0	0	0.0
0.117222069414	0.498050682261	91	0	0	0	0	0.0
0.117725276008	0.499025341131	92	0	0	0	0	0.0
0.11857573912	0.5	93	0	0	0	0	0.0
0.120180022769	0.500974658869	94	0	0	0	0	0.0
0.122104164169	0.501949317739	95	0	0	0	0	0.0
0.123010378732	0.501949317739	96	0	0	0	0	0.0
0.123391080409	0.501949317739	97	0	0	0	0	0.0
0.123705095728	0.502923976608	98	0	0	0	0	0.0
0.125355866689	0.503898635478	99	0	0	0	0	0.0
0.126141598992	0.502923976608	100	0	0	0	0	0.0
0.126630816643	0.503898635478	101	0	0	0	0	0.0
0.128958657616	0.503898635478	102	0	0	0	0	0.0
0.129966967813	0.503898635478	103	0	0	0	0	0.0
0.130520901664	0.504873294347	104	0	0	0	0	0.0
0.134541399969	0.504873294347	105	0	0	0	0	0.0
0.135513843579	0.505847953216	106	0	0	0	0	0.0
0.138205480371	0.506822612086	107	0	0	0	0	0.0
0.138213711991	0.507797270955	108	0	0	0	0	0.0
0.142535688976	0.508771929825	109	0	0	0	0	0.0
0.142865634036	0.508771929825	110	0	0	0	0	0.0
0.143044629579	0.509746588694	111	0	0	0	0	0.0
0.143848833599	0.509746588694	112	0	0	0	0	0.0
0.145099299668	0.510721247563	113	0	0	0	0	0.0
0.147116969153	0.511695906433	114	0	0	0	0	0.0
0.149382031475	0.510721247563	115	0	0	0	0	0.0
0.150359243505	0.511695906433	116	0	0	0	0	0.0
0.150604745244	0.511695906433	117	0	0	0	0	0.0
0.150645544079	0.510721247563	118	0	0	0	0	0.0
0.150780434794	0.509746588694	119	0	0	0	0	0.0
0.151166786348	0.508771929825	120	0	0	0	0	0.0
0.155038760918	0.508771929825	121	0	0	0	0	0.0
0.155707274924	0.507797270955	122	0	0	0	0	0.0
0.155774880483	0.507797270955	123	0	0	0	0	0.0
0.156981726022	0.508771929825	124	0	0	0	0	0.0
0.157350606283	0.509746588694	125	0	0	0	0	0.0
0.157771036566	0.510721247563	126	0	0	0	0	0.0
0.159851301831	0.510721247563	127	0	0	0	0	0.0
0.162879356521	0.509746588694	128	0	0	0	0	0.0
0.164547039851	0.510721247563	129	0	0	0	0	0.0
0.165189018728	0.511695906433	130	0	0	0	0	0.0
0.16603998299	0.512670565302	131	0	0	0	0	0.0
0.16789595426	0.513645224172	132	0	0	0	0	0.0
0.168209409105	0.513645224172	133	0	0	0	0	0.0
0.169762292488	0.514619883041	134	0	0	0	0	0.0
0.17073841075	0.51559454191	135	0	0	0	0	0.0
0.172603512815	0.51656920078	136	0	0	0	0	0.0
0.174696361533	0.517543859649	137	0	0	0	0	0.0
0.178221960048	0.517543859649	138	0	0	0	0	0.0
0.178765357974	0.518518518519	139	0	0	0	0	0.0
0.179648130841	0.519493177388	140	0	0	0	0	0.0
0.180531147029	0.520467836257	141	0	0	0	0	0.0
0.181825422547	0.521442495127	142	0	0	0	0	0.0
0.182181323076	0.521442495127	143	0	0	0	0	0.0
0.182702006057	0.522417153996	144	0	0	0	0	0.0
0.183462631796	0.523391812865	145	0	0	0	0	0.0
0.184925996648	0.524366471735	146	0	0	0	0	0.0
0.186550358421	0.524366471735	147	0	0	0	0	0.0
0.187860381886	0.524366471735	148	0	0	0	0	0.0
0.189612021756	0.525341130604	149	0	0	0	0	0.0
0.190496916592	0.526315789474	150	0	0	0	0	0.0
0.190948727917	0.527290448343	151	0	0	0	0	0.0
0.194443103996	0.528265107212	152	0	0	0	0	0.0
0.19563491027	0.528265107212	153	0	0	0	0	0.0
0.195975838265	0.528265107212	154	0	0	0	0	0.0
0.197649080918	0.529239766082	155	0	0	0	0	0.0
0.199407650561	0.528265107212	156	0	0	0	0	0.0
0.204269714023	0.529239766082	157	0	0	0	0	0.0
0.207460489768	0.528265107212	158	0	0	0	0	0.0
0.208321929603	0.529239766082	159	0	0	0	0	0.0
0.208422121824	0.428849902534	159	1	189	0	103	0.393129770992
0.210606300484	0.427875243665	160	1	189	0	103	0.391634980989
0.213131730773	0.428849902534	161	1	189	0	103	0.390151515152
0.213899392618	0.429824561404	162	1	189	0	103	0.388679245283
0.214182690664	0.429824561404	163	1	189	0	103	0.387218045113
0.214599110731	0.430799220273	164	1	189	0	103	0.385767790262
0.214707017482	0.431773879142	165	1	189	0	103	0.384328358209
0.222007834131	0.432748538012	166	1	189	0	103	0.382899628253
0.222118118671	0.433723196881	167	1	189	0	103	0.381481481481
0.226765974411	0.433723196881	168	1	189	0	103	0.380073800738
0.227207232265	0.43469785575	169	1	189	0	103	0.378676470588
0.232236798148	0.43469785575	170	1	189	0	103	0.377289377289
0.234792769633	0.43567251462	171	1	189	0	103	0.375912408759
0.234979844162	0.43567251462	172	1	189	0	103	0.374545454545
0.237516107932	0.418128654971	172	2	51	0	121	0.412969283276
0.237928547086	0.418128654971	173	2	51	0	121	0.41156462585
0.242499121609	0.418128654971	174	2	51	0	121	0.410169491525
0.24403197367	0.418128654971	175	2	51	0	121	0.408783783784
0.251786159815	0.418128654971	176	2	51	0	121	0.407407407407
0.253637469461	0.418128654971	177	2	51	0	121	0.406040268456
0.255859142708	0.417153996101	178	2	51	0	121	0.404682274247
0.257246598282	0.418128654971	179	2	51	0	121	0.403333333333
0.259413350023	0.418128654971	180	2	51	0	121	0.401993355482
0.263047424273	0.418128654971	181	2	51	0	121	0.400662251656
0.263894035019	0.418128654971	182	2	51	0	121	0.399339933993
0.265393898678	0.41910331384	183	2	51	0	121	0.398026315789
0.267671784474	0.42007797271	184	2	51	0	121	0.396721311475
0.268151908426	0.42007797271	185	2	51	0	121	0.395424836601
0.268328954188	0.421052631579	186	2	51	0	121	0.394136807818
0.268435257682	0.422027290448	187	2	51	0	121	0.392857142857
0.272188726581	0.423001949318	188	2	51	0	121	0.391585760518
0.272893167223	0.423001949318	189	2	51	0	121	0.390322580645
0.273692066116	0.423001949318	190	2	51	0	121	0.389067524116
0.278955170744	0.422027290448	191	2	51	0	121	0.387820512821
0.279748792658	0.422027290448	192	2	51	0	121	0.386581469649
0.281302801162	0.421052631579	193	2	51	0	121	0.385350318471
0.282569060808	0.422027290448	194	2	51	0	121	0.384126984127
0.283312304369	0.423001949318	195	2	51	0	121	0.382911392405
0.28368363034	0.423001949318	196	2	51	0	121	0.381703470032
0.283898538398	0.423976608187	197	2	51	0	121	0.380503144654
0.283967023397	0.423976608187	198	2	51	0	121	0.379310344828
0.284762864506	0.423976608187	199	2	51	0	121	0.378125
0.294659717123	0.423976608187	200	2	51	0	121	0.376947040498
0.298831646458	0.423976608187	201	2	51	0	121	0.375776397516
0.298838628321	0.423001949318	202	2	51	0	121	0.374613003096
0.298860148775	0.423001949318	203	2	51	0	121	0.373456790123
0.299092840497	0.423001949318	204	2	51	0	121	0.372307692308
0.300406882382	0.422027290448	205	2	51	0	121	0.371165644172
0.301873520687	0.423001949318	206	2	51	0	121	0.37003058104
0.306735401473	0.422027290448	207	2	51	0	121	0.368902439024
0.307282332196	0.423001949318	208	2	51	0	121	0.367781155015
0.311414999411	0.423001949318	209	2	51	0	121	0.366666666667
0.315141951161	0.423976608187	210	2	51	0	121	0.365558912387
0.320128285897	0.423001949318	211	2	51	0	121	0.364457831325
0.322220146372	0.422027290448	212	2	51	0	121	0.363363363363
0.325032898828	0.423001949318	213	2	51	0	121	0.362275449102
0.325340664789	0.423976608187	214	2	51	0	121	0.361194029851
0.327160658085	0.423976608187	215	2	51	0	121	0.360119047619
0.329809074246	0.424951267057	216	2	51	0	121	0.359050445104
0.329960336822	0.424951267057	217	2	51	0	121	0.35798816568
0.33151895228	0.424951267057	218	2	51	0	121	0.356932153392
0.331972854805	0.425925925926	219	2	51	0	121	0.355882352941
0.332920885799	0.426900584795	220	2	51	0	121	0.354838709677
0.333192372344	0.427875243665	221	2	51	0	121	0.353801169591
0.334003204761	0.427875243665	222	2	51	0	121	0.3527696793
0.33427688242	0.428849902534	223	2	51	0	121	0.351744186047
0.335528359344	0.429824561404	224	2	51	0	121	0.350724637681
0.339366174233	0.430799220273	225	2	51	0	121	0.349710982659
0.340001170775	0.430799220273	226	2	51	0	121	0.348703170029
0.340008630929	0.431773879142	227	2	51	0	121	0.347701149425
0.340256556402	0.431773879142	228	2	51	0	121	0.34670487106
0.341810579708	0.431773879142	229	2	51	0	121	0.345714285714
0.344527994221	0.431773879142	230	2	51	0	121	0.344729344729
0.344647475683	0.432748538012	231	2	51	0	121	0.34375
0.344738532837	0.433723196881	232	2	51	0	121	0.342776203966
0.346317206818	0.433723196881	233	2	51	0	121	0.341807909605
0.347226987698	0.433723196881	234	2	51	0	121	0.340845070423
0.348647400491	0.43469785575	235	2	51	0	121	0.339887640449
0.35269569483	0.43567251462	236	2	51	0	121	0.33893557423
0.354561632156	0.43469785575	237	2	51	0	121	0.337988826816
0.35522529998	0.43469785575	238	2	51	0	121	0.33704735376
0.356811953512	0.43567251462	239	2	51	0	121	0.336111111111
0.364611822833	0.436647173489	240	2	51	0	121	0.335180055402
0.365158870475	0.437621832359	241	2	51	0	121	0.334254143646
0.365917648362	0.438596491228	242	2	51	0	121	0.333333333333
0.366114348183	0.438596491228	243	2	51	0	121	0.332417582418
0.366953481247	0.437621832359	244	2	51	0	121	0.331506849315
0.369170814558	0.436647173489	245	2	51	0	121	0.330601092896
0.369950005679	0.437621832359	246	2	51	0	121	0.32970027248
0.370215995796	0.436647173489	247	2	51	0	121	0.328804347826
0.371874589933	0.437621832359	248	2	51	0	121	0.327913279133
0.372767540768	0.436647173489	249	2	51	0	121	0.327027027027
0.375807901061	0.436647173489	250	2	51	0	121	0.326145552561
0.376959852407	0.437621832359	251	2	51	0	121	0.325268817204
0.377149543266	0.437621832359	252	2	51	0	121	0.324396782842
0.378421998167	0.437621832359	253	2	51	0	121	0.323529411765
0.380833242432	0.438596491228	254	2	51	0	121	0.322666666667
0.381027007846	0.438596491228	255	2	51	0	121	0.321808510638
0.383745752638	0.439571150097	256	2	51	0	121	0.320954907162
0.384836771234	0.440545808967	257	2	51	0	121	0.320105820106
0.385167072478	0.43469785575	257	3	24	0	127	0.330729166667
0.386607877481	0.43567251462	258	3	24	0	127	0.32987012987
0.387242586061	0.436647173489	259	3	24	0	127	0.329015544041
0.38773015806	0.436647173489	260	3	24	0	127	0.328165374677
0.388107427594	0.437621832359	261	3	24	0	127	0.327319587629
0.39054159413	0.438596491228	262	3	24	0	127	0.3264781491
0.39141786919	0.438596491228	263	3	24	0	127	0.325641025641
0.391591294263	0.439571150097	264	3	24	0	127	0.324808184143
0.392519347708	0.438596491228	265	3	24	0	127	0.323979591837
0.392681377707	0.439571150097	266	3	24	0	127	0.323155216285
0.395218927227	0.440545808967	267	3	24	0	127	0.322335025381
0.395226393984	0.440545808967	268	3	24	0	127	0.321518987342
0.395748455434	0.441520467836	269	3	24	0	127	0.320707070707
0.397009430152	0.442495126706	270	3	24	0	127	0.319899244332
0.398814792054	0.442495126706	271	3	24	0	127	0.319095477387
0.407613451077	0.443469785575	272	3	24	0	127	0.318295739348
0.407664489849	0.443469785575	273	3	24	0	127	0.3175
0.411170666134	0.444444444444	274	3	24	0	127	0.316708229426
0.411618916018	0.445419103314	275	3	24	0	127	0.31592039801
0.411881559396	0.444444444444	276	3	24	0	127	0.315136476427
0.416070184452	0.445419103314	277	3	24	0	127	0.314356435644
0.419889532248	0.446393762183	278	3	24	0	127	0.313580246914
0.419935853156	0.447368421053	279	3	24	0	127	0.312807881773
0.420344617456	0.448343079922	280	3	24	0	127	0.312039312039
0.420419468991	0.448343079922	281	3	24	0	127	0.311274509804
0.420951010692	0.449317738791	282	3	24	0	127	0.310513447433
0.421476891212	0.450292397661	283	3	24	0	127	0.309756097561
0.42599213783	0.450292397661	284	3	24	0	127	0.30900243309
0.426261356	0.450292397661	285	3	24	0	127	0.308252427184
0.428937224145	0.45126705653	286	3	24	0	127	0.307506053269
0.429809628359	0.45126705653	287	3	24	0	127	0.306763285024
0.430003511483	0.4522417154	288	3	24	0	127	0.306024096386
0.431868487511	0.45126705653	289	3	24	0	127	0.305288461538
0.432614754162	0.450292397661	290	3	24	0	127	0.304556354916
0.433209332398	0.450292397661	291	3	24	0	127	0.303827751196
0.435414633333	0.450292397661	292	3	24	0	127	0.303102625298
0.436114042577	0.45126705653	293	3	24	0	127	0.302380952381
0.436740520893	0.4522417154	294	3	24	0	127	0.301662707838
0.43796020688	0.4522417154	295	3	24	0	127	0.300947867299
0.438205365422	0.4522417154	296	3	24	0	127	0.300236406619
0.439172544787	0.453216374269	297	3	24	0	127	0.299528301887
0.441570636748	0.4522417154	298	3	24	0	127	0.298823529412
0.44279402501	0.4522417154	299	3	24	0	127	0.298122065728
0.444341206143	0.453216374269	300	3	24	0	127	0.297423887588
