# time 	 divergence 	 # of mutations 	 # IGC chances 	 IGC length 	 # IGC failures 	 Changes due to IGC  	 % change due to IGC 
0.0	0.463440860215	0	0	0	0	0	0.0
2.2645820055e-05	0.462365591398	1	0	0	0	0	0.0
0.00172425644954	0.462365591398	2	0	0	0	0	0.0
0.00319139916062	0.462365591398	3	0	0	0	0	0.0
0.00702799684963	0.461290322581	4	0	0	0	0	0.0
0.0094018713895	0.462365591398	5	0	0	0	0	0.0
0.0142843949069	0.463440860215	6	0	0	0	0	0.0
0.0147501033104	0.464516129032	7	0	0	0	0	0.0
0.0172173670478	0.464516129032	8	0	0	0	0	0.0
0.0181349214778	0.464516129032	9	0	0	0	0	0.0
0.0186070416533	0.463440860215	10	0	0	0	0	0.0
0.0194459469366	0.463440860215	11	0	0	0	0	0.0
0.0212800602333	0.463440860215	12	0	0	0	0	0.0
0.022245512873	0.462365591398	13	0	0	0	0	0.0
0.0226427606251	0.463440860215	14	0	0	0	0	0.0
0.0241391394186	0.464516129032	15	0	0	0	0	0.0
0.0247107530226	0.463440860215	16	0	0	0	0	0.0
0.0258083146696	0.462365591398	17	0	0	0	0	0.0
0.0275892283183	0.462365591398	18	0	0	0	0	0.0
0.029795818122	0.462365591398	19	0	0	0	0	0.0
0.0298477711406	0.463440860215	20	0	0	0	0	0.0
0.0321268554601	0.464516129032	21	0	0	0	0	0.0
0.0323347203998	0.465591397849	22	0	0	0	0	0.0
0.0329226676288	0.466666666667	23	0	0	0	0	0.0
0.0334335668951	0.466666666667	24	0	0	0	0	0.0
0.0341487318321	0.465591397849	25	0	0	0	0	0.0
0.0341796052319	0.465591397849	26	0	0	0	0	0.0
0.0387522092145	0.465591397849	27	0	0	0	0	0.0
0.0398161422667	0.465591397849	28	0	0	0	0	0.0
0.0407782586126	0.466666666667	29	0	0	0	0	0.0
0.0426108031527	0.465591397849	30	0	0	0	0	0.0
0.0448725483175	0.465591397849	31	0	0	0	0	0.0
0.0452483704647	0.465591397849	32	0	0	0	0	0.0
0.0455734376439	0.464516129032	33	0	0	0	0	0.0
0.0460348956168	0.465591397849	34	0	0	0	0	0.0
0.0481349236653	0.464516129032	35	0	0	0	0	0.0
0.0519817137346	0.464516129032	36	0	0	0	0	0.0
0.0521686499863	0.463440860215	37	0	0	0	0	0.0
0.0537524658819	0.464516129032	38	0	0	0	0	0.0
0.055208826812	0.462365591398	38	1	9	0	2	0.05
0.057143096298	0.463440860215	39	1	9	0	2	0.0487804878049
0.058454506279	0.463440860215	40	1	9	0	2	0.047619047619
0.0589174873572	0.464516129032	41	1	9	0	2	0.046511627907
0.0614317148002	0.464516129032	42	1	9	0	2	0.0454545454545
0.0618064942085	0.464516129032	43	1	9	0	2	0.0444444444444
0.0634547529746	0.463440860215	44	1	9	0	2	0.0434782608696
0.0644030679562	0.463440860215	45	1	9	0	2	0.0425531914894
0.0662497678446	0.463440860215	46	1	9	0	2	0.0416666666667
0.0671823452987	0.464516129032	47	1	9	0	2	0.0408163265306
0.0679422566627	0.463440860215	48	1	9	0	2	0.04
0.0683023748935	0.463440860215	49	1	9	0	2	0.0392156862745
0.0704439692436	0.463440860215	50	1	9	0	2	0.0384615384615
0.0717694726591	0.462365591398	51	1	9	0	2	0.0377358490566
0.0718403046796	0.463440860215	52	1	9	0	2	0.037037037037
0.0730696691081	0.464516129032	53	1	9	0	2	0.0363636363636
0.0758057277629	0.464516129032	54	1	9	0	2	0.0357142857143
0.0759800459356	0.463440860215	55	1	9	0	2	0.0350877192982
0.0847884502414	0.464516129032	56	1	9	0	2	0.0344827586207
0.0862651610022	0.465591397849	57	1	9	0	2	0.0338983050847
0.0886949282395	0.465591397849	58	1	9	0	2	0.0333333333333
0.0915509557798	0.465591397849	59	1	9	0	2	0.0327868852459
0.0916915953509	0.465591397849	60	1	9	0	2	0.0322580645161
0.092149136831	0.466666666667	61	1	9	0	2	0.031746031746
0.0929198941678	0.465591397849	62	1	9	0	2	0.03125
0.093111037744	0.466666666667	63	1	9	0	2	0.0307692307692
0.0936120189037	0.467741935484	64	1	9	0	2	0.030303030303
0.0936210026439	0.467741935484	65	1	9	0	2	0.0298507462687
0.0941452987737	0.467741935484	66	1	9	0	2	0.0294117647059
0.0971574481937	0.467741935484	67	1	9	0	2	0.0289855072464
0.0980384189689	0.468817204301	68	1	9	0	2	0.0285714285714
0.0989898593117	0.468817204301	69	1	9	0	2	0.0281690140845
0.100170990803	0.469892473118	70	1	9	0	2	0.0277777777778
0.101647050922	0.469892473118	71	1	9	0	2	0.027397260274
0.107181489993	0.470967741935	72	1	9	0	2	0.027027027027
0.109134520187	0.470967741935	73	1	9	0	2	0.0266666666667
0.110319729568	0.470967741935	74	1	9	0	2	0.0263157894737
0.110912368429	0.472043010753	75	1	9	0	2	0.025974025974
0.112234836737	0.47311827957	76	1	9	0	2	0.025641025641
0.112368445211	0.474193548387	77	1	9	0	2	0.0253164556962
0.113202163178	0.474193548387	78	1	9	0	2	0.025
0.113820950791	0.47311827957	79	1	9	0	2	0.0246913580247
0.114059647563	0.47311827957	80	1	9	0	2	0.0243902439024
0.117910342305	0.474193548387	81	1	9	0	2	0.0240963855422
0.118001724136	0.474193548387	82	1	9	0	2	0.0238095238095
0.118570388201	0.475268817204	83	1	9	0	2	0.0235294117647
0.119003893989	0.476344086022	84	1	9	0	2	0.0232558139535
0.123601612171	0.475268817204	85	1	9	0	2	0.0229885057471
0.124006581929	0.474193548387	86	1	9	0	2	0.0227272727273
0.124598193587	0.474193548387	87	1	9	0	2	0.0224719101124
0.128292845885	0.475268817204	88	1	9	0	2	0.0222222222222
0.128829324462	0.464516129032	88	2	15	0	12	0.12
0.128988399876	0.464516129032	89	2	15	0	12	0.118811881188
0.1307966038	0.464516129032	90	2	15	0	12	0.117647058824
0.133089804187	0.465591397849	91	2	15	0	12	0.116504854369
0.135186493062	0.466666666667	92	2	15	0	12	0.115384615385
0.135673454085	0.467741935484	93	2	15	0	12	0.114285714286
0.135737972517	0.466666666667	94	2	15	0	12	0.11320754717
0.137770373421	0.466666666667	95	2	15	0	12	0.11214953271
0.139325934624	0.466666666667	96	2	15	0	12	0.111111111111
0.139861464092	0.467741935484	97	2	15	0	12	0.110091743119
0.147153865535	0.467741935484	98	2	15	0	12	0.109090909091
0.14789971903	0.467741935484	99	2	15	0	12	0.108108108108
0.148178306544	0.467741935484	100	2	15	0	12	0.107142857143
0.148826700796	0.467741935484	101	2	15	0	12	0.106194690265
0.151878074884	0.468817204301	102	2	15	0	12	0.105263157895
0.152092906024	0.468817204301	103	2	15	0	12	0.104347826087
0.153557044828	0.467741935484	104	2	15	0	12	0.103448275862
0.154923349811	0.467741935484	105	2	15	0	12	0.102564102564
0.156268964752	0.468817204301	106	2	15	0	12	0.101694915254
0.156681960229	0.469892473118	107	2	15	0	12	0.100840336134
0.158539126204	0.469892473118	108	2	15	0	12	0.1
0.16023497588	0.468817204301	109	2	15	0	12	0.099173553719
0.160979224315	0.467741935484	110	2	15	0	12	0.0983606557377
0.1616469795	0.466666666667	111	2	15	0	12	0.0975609756098
0.165492561459	0.466666666667	112	2	15	0	12	0.0967741935484
0.166616648849	0.467741935484	113	2	15	0	12	0.096
0.16821542621	0.468817204301	114	2	15	0	12	0.0952380952381
0.169623141368	0.467741935484	115	2	15	0	12	0.0944881889764
0.17048231704	0.467741935484	116	2	15	0	12	0.09375
0.172886570955	0.468817204301	117	2	15	0	12	0.093023255814
0.173188483753	0.469892473118	118	2	15	0	12	0.0923076923077
0.173601393561	0.469892473118	119	2	15	0	12	0.0916030534351
0.175118517207	0.470967741935	120	2	15	0	12	0.0909090909091
0.175599645482	0.469892473118	121	2	15	0	12	0.0902255639098
0.183433530493	0.470967741935	122	2	15	0	12	0.089552238806
0.18510014873	0.472043010753	123	2	15	0	12	0.0888888888889
0.186261317613	0.47311827957	124	2	15	0	12	0.0882352941176
0.187695298996	0.474193548387	125	2	15	0	12	0.0875912408759
0.188612932376	0.474193548387	126	2	15	0	12	0.0869565217391
0.190112880973	0.474193548387	127	2	15	0	12	0.0863309352518
0.193784905492	0.474193548387	128	2	15	0	12	0.0857142857143
0.195850138979	0.475268817204	129	2	15	0	12	0.0851063829787
0.196235011887	0.475268817204	130	2	15	0	12	0.0845070422535
0.196747376295	0.475268817204	131	2	15	0	12	0.0839160839161
0.198815069551	0.476344086022	132	2	15	0	12	0.0833333333333
0.19936247841	0.477419354839	133	2	15	0	12	0.0827586206897
0.202272392418	0.478494623656	134	2	15	0	12	0.0821917808219
0.207411521505	0.477419354839	135	2	15	0	12	0.0816326530612
0.208916024337	0.478494623656	136	2	15	0	12	0.0810810810811
0.212450117138	0.479569892473	137	2	15	0	12	0.0805369127517
0.213050438967	0.478494623656	138	2	15	0	12	0.08
0.216087650512	0.478494623656	139	2	15	0	12	0.0794701986755
0.216102974507	0.465591397849	139	3	21	0	24	0.147239263804
0.217926914935	0.465591397849	140	3	21	0	24	0.146341463415
0.217980881018	0.465591397849	141	3	21	0	24	0.145454545455
0.218627860331	0.466666666667	142	3	21	0	24	0.144578313253
0.22244499075	0.465591397849	143	3	21	0	24	0.14371257485
0.222908123753	0.466666666667	144	3	21	0	24	0.142857142857
0.225326159721	0.467741935484	145	3	21	0	24	0.14201183432
0.227253632323	0.468817204301	146	3	21	0	24	0.141176470588
0.228016228046	0.469892473118	147	3	21	0	24	0.140350877193
0.230933344431	0.468817204301	148	3	21	0	24	0.139534883721
0.232635675633	0.467741935484	149	3	21	0	24	0.138728323699
0.234727125592	0.466666666667	150	3	21	0	24	0.137931034483
0.23491676287	0.467741935484	151	3	21	0	24	0.137142857143
0.236123557614	0.468817204301	152	3	21	0	24	0.136363636364
0.236619033605	0.469892473118	153	3	21	0	24	0.135593220339
0.237707242271	0.470967741935	154	3	21	0	24	0.134831460674
0.24027666593	0.469892473118	155	3	21	0	24	0.134078212291
0.241499501991	0.470967741935	156	3	21	0	24	0.133333333333
0.242132182206	0.472043010753	157	3	21	0	24	0.132596685083
0.242272265048	0.472043010753	158	3	21	0	24	0.131868131868
0.243128811407	0.47311827957	159	3	21	0	24	0.131147540984
0.247262572974	0.474193548387	160	3	21	0	24	0.130434782609
0.250338511337	0.475268817204	161	3	21	0	24	0.12972972973
0.254373742852	0.476344086022	162	3	21	0	24	0.129032258065
0.257573283229	0.477419354839	163	3	21	0	24	0.128342245989
0.260357950952	0.477419354839	164	3	21	0	24	0.127659574468
0.260648690881	0.476344086022	165	3	21	0	24	0.126984126984
0.261122872736	0.476344086022	166	3	21	0	24	0.126315789474
0.262523987614	0.476344086022	167	3	21	0	24	0.125654450262
0.26255446846	0.476344086022	168	3	21	0	24	0.125
0.263869528779	0.476344086022	169	3	21	0	24	0.124352331606
0.27226761794	0.475268817204	170	3	21	0	24	0.123711340206
0.273663013151	0.475268817204	171	3	21	0	24	0.123076923077
0.275215646607	0.474193548387	172	3	21	0	24	0.122448979592
0.277037296661	0.474193548387	173	3	21	0	24	0.121827411168
0.277132013923	0.474193548387	174	3	21	0	24	0.121212121212
0.277219527675	0.47311827957	175	3	21	0	24	0.120603015075
0.277654267522	0.47311827957	176	3	21	0	24	0.12
0.277812555204	0.47311827957	177	3	21	0	24	0.119402985075
0.279864986442	0.47311827957	178	3	21	0	24	0.118811881188
0.281522745188	0.472043010753	179	3	21	0	24	0.118226600985
0.281737386494	0.472043010753	180	3	21	0	24	0.117647058824
0.286932232996	0.47311827957	181	3	21	0	24	0.117073170732
0.291126485718	0.474193548387	182	3	21	0	24	0.116504854369
0.291220372015	0.47311827957	183	3	21	0	24	0.115942028986
0.291686000423	0.474193548387	184	3	21	0	24	0.115384615385
0.292315974408	0.47311827957	185	3	21	0	24	0.114832535885
0.295158551839	0.47311827957	186	3	21	0	24	0.114285714286
0.297357410672	0.472043010753	187	3	21	0	24	0.113744075829
0.297416651052	0.470967741935	188	3	21	0	24	0.11320754717
0.297770345974	0.470967741935	189	3	21	0	24	0.112676056338
0.300090106661	0.472043010753	190	3	21	0	24	0.11214953271
0.305630184419	0.47311827957	191	3	21	0	24	0.111627906977
0.306177801648	0.472043010753	192	3	21	0	24	0.111111111111
0.308032269573	0.47311827957	193	3	21	0	24	0.110599078341
0.308263827217	0.474193548387	194	3	21	0	24	0.110091743119
0.3102136349	0.474193548387	195	3	21	0	24	0.109589041096
0.314407186396	0.475268817204	196	3	21	0	24	0.109090909091
0.314474008041	0.475268817204	197	3	21	0	24	0.108597285068
0.315275268937	0.475268817204	198	3	21	0	24	0.108108108108
0.316823840318	0.475268817204	199	3	21	0	24	0.107623318386
0.319392315077	0.476344086022	200	3	21	0	24	0.107142857143
0.32063759887	0.477419354839	201	3	21	0	24	0.106666666667
0.324931595812	0.478494623656	202	3	21	0	24	0.106194690265
0.326524655524	0.479569892473	203	3	21	0	24	0.105726872247
0.330007205921	0.48064516129	204	3	21	0	24	0.105263157895
0.331766934901	0.481720430108	205	3	21	0	24	0.10480349345
0.33290405029	0.48064516129	206	3	21	0	24	0.104347826087
0.333214926251	0.481720430108	207	3	21	0	24	0.103896103896
0.333497330851	0.482795698925	208	3	21	0	24	0.103448275862
0.334778247587	0.482795698925	209	3	21	0	24	0.103004291845
0.336619350671	0.482795698925	210	3	21	0	24	0.102564102564
0.337362022932	0.483870967742	211	3	21	0	24	0.102127659574
0.337518806364	0.484946236559	212	3	21	0	24	0.101694915254
0.3378849505	0.486021505376	213	3	21	0	24	0.101265822785
0.338628368945	0.484946236559	214	3	21	0	24	0.100840336134
0.341509567383	0.486021505376	215	3	21	0	24	0.100418410042
0.343023433478	0.486021505376	216	3	21	0	24	0.1
0.343745843787	0.487096774194	217	3	21	0	24	0.0995850622407
0.344733247841	0.488172043011	218	3	21	0	24	0.099173553719
0.345024308221	0.487096774194	219	3	21	0	24	0.0987654320988
0.346256983492	0.487096774194	220	3	21	0	24	0.0983606557377
0.347158874893	0.484946236559	220	4	3	0	26	0.105691056911
0.347386135638	0.483870967742	221	4	3	0	26	0.105263157895
0.347810082625	0.484946236559	222	4	3	0	26	0.104838709677
0.349212807817	0.484946236559	223	4	3	0	26	0.104417670683
0.349540238112	0.486021505376	224	4	3	0	26	0.104
0.350080652836	0.486021505376	225	4	3	0	26	0.103585657371
0.352316760477	0.486021505376	226	4	3	0	26	0.103174603175
0.352695260419	0.486021505376	227	4	3	0	26	0.102766798419
0.352938783762	0.487096774194	228	4	3	0	26	0.102362204724
0.354557378768	0.487096774194	229	4	3	0	26	0.101960784314
0.35601296362	0.488172043011	230	4	3	0	26	0.1015625
0.356406074074	0.487096774194	231	4	3	0	26	0.101167315175
0.360398773994	0.487096774194	232	4	3	0	26	0.100775193798
0.361182245947	0.488172043011	233	4	3	0	26	0.100386100386
0.361339435272	0.489247311828	234	4	3	0	26	0.1
0.36601986836	0.488172043011	235	4	3	0	26	0.0996168582375
0.367079972125	0.489247311828	236	4	3	0	26	0.0992366412214
0.367316226239	0.490322580645	237	4	3	0	26	0.0988593155894
0.368573873367	0.491397849462	238	4	3	0	26	0.0984848484848
0.370375304248	0.49247311828	239	4	3	0	26	0.0981132075472
0.372239853302	0.491397849462	240	4	3	0	26	0.0977443609023
0.372496976054	0.491397849462	241	4	3	0	26	0.0973782771536
0.373048901426	0.491397849462	242	4	3	0	26	0.0970149253731
0.377074004124	0.49247311828	243	4	3	0	26	0.0966542750929
0.380341974513	0.493548387097	244	4	3	0	26	0.0962962962963
0.380611216619	0.494623655914	245	4	3	0	26	0.0959409594096
0.381440080358	0.495698924731	246	4	3	0	26	0.0955882352941
0.382573837656	0.494623655914	247	4	3	0	26	0.0952380952381
0.383687988095	0.493548387097	248	4	3	0	26	0.0948905109489
0.383747735203	0.49247311828	249	4	3	0	26	0.0945454545455
0.386818837592	0.491397849462	250	4	3	0	26	0.0942028985507
0.387676275704	0.490322580645	251	4	3	0	26	0.0938628158845
0.389449432219	0.490322580645	252	4	3	0	26	0.0935251798561
0.39059276021	0.490322580645	253	4	3	0	26	0.0931899641577
0.39210898715	0.491397849462	254	4	3	0	26	0.0928571428571
0.394551936953	0.491397849462	255	4	3	0	26	0.0925266903915
0.394893965843	0.491397849462	256	4	3	0	26	0.0921985815603
0.395952113891	0.491397849462	257	4	3	0	26	0.0918727915194
0.398116587022	0.49247311828	258	4	3	0	26	0.0915492957746
0.398832462401	0.49247311828	259	4	3	0	26	0.0912280701754
0.400454140633	0.493548387097	260	4	3	0	26	0.0909090909091
0.402773312923	0.49247311828	261	4	3	0	26	0.0905923344948
0.404331926356	0.493548387097	262	4	3	0	26	0.0902777777778
0.40441620881	0.493548387097	263	4	3	0	26	0.0899653979239
0.408372326471	0.494623655914	264	4	3	0	26	0.0896551724138
0.411317984107	0.494623655914	265	4	3	0	26	0.0893470790378
0.411665482244	0.495698924731	266	4	3	0	26	0.0890410958904
0.412766667359	0.495698924731	267	4	3	0	26	0.0887372013652
0.413231839973	0.496774193548	268	4	3	0	26	0.0884353741497
0.41760364968	0.496774193548	269	4	3	0	26	0.0881355932203
0.41767137346	0.496774193548	270	4	3	0	26	0.0878378378378
0.418424003498	0.497849462366	271	4	3	0	26	0.0875420875421
0.423442015544	0.497849462366	272	4	3	0	26	0.0872483221477
0.425307295125	0.497849462366	273	4	3	0	26	0.0869565217391
0.4270039802	0.498924731183	274	4	3	0	26	0.0866666666667
0.427253530281	0.498924731183	275	4	3	0	26	0.0863787375415
0.427257828818	0.5	276	4	3	0	26	0.0860927152318
0.42763897843	0.501075268817	277	4	3	0	26	0.0858085808581
0.429720514097	0.501075268817	278	4	3	0	26	0.0855263157895
0.430577535568	0.501075268817	279	4	3	0	26	0.0852459016393
0.430727614816	0.502150537634	280	4	3	0	26	0.0849673202614
0.430929518146	0.503225806452	281	4	3	0	26	0.0846905537459
0.43348973978	0.503225806452	282	4	3	0	26	0.0844155844156
0.434446090476	0.504301075269	283	4	3	0	26	0.084142394822
0.434960548876	0.504301075269	284	4	3	0	26	0.0838709677419
0.435080374026	0.505376344086	285	4	3	0	26	0.0836012861736
0.435228350736	0.504301075269	286	4	3	0	26	0.0833333333333
0.43563775555	0.505376344086	287	4	3	0	26	0.0830670926518
0.436577558697	0.505376344086	288	4	3	0	26	0.0828025477707
0.441230277351	0.506451612903	289	4	3	0	26	0.0825396825397
0.448067692071	0.50752688172	290	4	3	0	26	0.0822784810127
0.449579098163	0.506451612903	291	4	3	0	26	0.0820189274448
0.450423376151	0.50752688172	292	4	3	0	26	0.0817610062893
0.450933351936	0.506451612903	293	4	3	0	26	0.0815047021944
0.451238525301	0.50752688172	294	4	3	0	26	0.08125
0.452025452435	0.50752688172	295	4	3	0	26	0.0809968847352
0.452303145236	0.50752688172	296	4	3	0	26	0.0807453416149
0.454012289615	0.506451612903	297	4	3	0	26	0.0804953560372
0.456163316276	0.505376344086	298	4	3	0	26	0.0802469135802
0.456356787904	0.506451612903	299	4	3	0	26	0.08
0.456647254954	0.506451612903	300	4	3	0	26	0.079754601227
0.456656446442	0.505376344086	301	4	3	0	26	0.0795107033639
0.458864138597	0.504301075269	302	4	3	0	26	0.0792682926829
0.458993574677	0.504301075269	303	4	3	0	26	0.0790273556231
0.4590055354	0.503225806452	304	4	3	0	26	0.0787878787879
0.460691898086	0.503225806452	305	4	3	0	26	0.0785498489426
0.462001728421	0.503225806452	306	4	3	0	26	0.078313253012
0.463231956953	0.502150537634	307	4	3	0	26	0.0780780780781
