# time 	 divergence 	 # of mutations 	 # IGC chances 	 IGC length 	 # IGC failures 	 Changes due to IGC  	 % change due to IGC 
0.0	0.0	0	0	0	0	0	0.0
0.000389898345102	0.0010752688172	1	0	0	0	0	0.0
0.00248192701839	0.00215053763441	2	0	0	0	0	0.0
0.00387139186729	0.00322580645161	3	0	0	0	0	0.0
0.00471957056001	0.00430107526882	4	0	0	0	0	0.0
0.00881515696134	0.00537634408602	5	0	0	0	0	0.0
0.00988444596181	0.00645161290323	6	0	0	0	0	0.0
0.0100031452627	0.00645161290323	6	1	45	0	0	0.0
0.0120117315193	0.00752688172043	7	1	45	0	0	0.0
0.0121665230412	0.00860215053763	8	1	45	0	0	0.0
0.0131840523702	0.00967741935484	9	1	45	0	0	0.0
0.0144921427362	0.010752688172	10	1	45	0	0	0.0
0.016498975205	0.0118279569892	11	1	45	0	0	0.0
0.0170679104317	0.0129032258065	12	1	45	0	0	0.0
0.0171959256853	0.0139784946237	13	1	45	0	0	0.0
0.019263094487	0.0150537634409	14	1	45	0	0	0.0
0.0202591565945	0.0161290322581	15	1	45	0	0	0.0
0.0204007379454	0.0172043010753	16	1	45	0	0	0.0
0.0206267767305	0.0182795698925	17	1	45	0	0	0.0
0.0235060600464	0.0193548387097	18	1	45	0	0	0.0
0.0244417861246	0.0204301075269	19	1	45	0	0	0.0
0.0245320825978	0.0215053763441	20	1	45	0	0	0.0
0.0249983012292	0.0225806451613	21	1	45	0	0	0.0
0.0252152164447	0.0236559139785	22	1	45	0	0	0.0
0.0259493900079	0.0247311827957	23	1	45	0	0	0.0
0.0291925889319	0.0258064516129	24	1	45	0	0	0.0
0.0295707349613	0.0268817204301	25	1	45	0	0	0.0
0.0302266725089	0.0279569892473	26	1	45	0	0	0.0
0.031466632441	0.0290322580645	27	1	45	0	0	0.0
0.0326873485295	0.0301075268817	28	1	45	0	0	0.0
0.0327716019308	0.0311827956989	29	1	45	0	0	0.0
0.0353627529592	0.0322580645161	30	1	45	0	0	0.0
0.0356284378933	0.0333333333333	31	1	45	0	0	0.0
0.0395596430832	0.0344086021505	32	1	45	0	0	0.0
0.0402980126139	0.0354838709677	33	1	45	0	0	0.0
0.0409015149018	0.0365591397849	34	1	45	0	0	0.0
0.0414788642939	0.0376344086022	35	1	45	0	0	0.0
0.045242898566	0.0387096774194	36	1	45	0	0	0.0
0.0461291126993	0.0397849462366	37	1	45	0	0	0.0
0.0462590558733	0.0408602150538	38	1	45	0	0	0.0
0.0474816550273	0.041935483871	39	1	45	0	0	0.0
0.0478150234948	0.0430107526882	40	1	45	0	0	0.0
0.0490521776985	0.0440860215054	41	1	45	0	0	0.0
0.0517377214751	0.0451612903226	42	1	45	0	0	0.0
0.0534479729662	0.0462365591398	43	1	45	0	0	0.0
0.0538371501429	0.047311827957	44	1	45	0	0	0.0
0.0551119915709	0.0483870967742	45	1	45	0	0	0.0
0.056132810453	0.0494623655914	46	1	45	0	0	0.0
0.0572993839023	0.0483870967742	46	2	63	0	1	0.0212765957447
0.0579385060065	0.0494623655914	47	2	63	0	1	0.0208333333333
0.0609016511976	0.0505376344086	48	2	63	0	1	0.0204081632653
0.0611576734043	0.0516129032258	49	2	63	0	1	0.02
0.0619234164302	0.0516129032258	50	2	63	0	1	0.0196078431373
0.0620961473981	0.0505376344086	51	2	63	0	1	0.0192307692308
0.0627792084379	0.0516129032258	52	2	63	0	1	0.0188679245283
0.0636543294603	0.052688172043	53	2	63	0	1	0.0185185185185
0.0661193027394	0.0537634408602	54	2	63	0	1	0.0181818181818
0.0716663173283	0.0548387096774	55	2	63	0	1	0.0178571428571
0.0728919923273	0.0559139784946	56	2	63	0	1	0.0175438596491
0.0751186542152	0.0569892473118	57	2	63	0	1	0.0172413793103
0.076389783363	0.058064516129	58	2	63	0	1	0.0169491525424
0.0800282326005	0.0591397849462	59	2	63	0	1	0.0166666666667
0.0804446074627	0.0602150537634	60	2	63	0	1	0.016393442623
0.0829229637478	0.0569892473118	60	3	30	0	4	0.0625
0.0836359250142	0.058064516129	61	3	30	0	4	0.0615384615385
0.0838803178722	0.0591397849462	62	3	30	0	4	0.0606060606061
0.0843313579049	0.0602150537634	63	3	30	0	4	0.0597014925373
0.084404637737	0.0612903225806	64	3	30	0	4	0.0588235294118
0.0845454392453	0.0623655913978	65	3	30	0	4	0.0579710144928
0.0850440304676	0.0634408602151	66	3	30	0	4	0.0571428571429
0.0874569529989	0.0645161290323	67	3	30	0	4	0.056338028169
0.0886803700182	0.0655913978495	68	3	30	0	4	0.0555555555556
0.0888410746952	0.0666666666667	69	3	30	0	4	0.0547945205479
0.0896971893518	0.0677419354839	70	3	30	0	4	0.0540540540541
0.0907983147135	0.0688172043011	71	3	30	0	4	0.0533333333333
0.0914619358262	0.0698924731183	72	3	30	0	4	0.0526315789474
0.0931133464208	0.0709677419355	73	3	30	0	4	0.0519480519481
0.102778613048	0.0677419354839	73	4	30	0	7	0.0875
0.104138643544	0.0688172043011	74	4	30	0	7	0.0864197530864
0.104445889965	0.0698924731183	75	4	30	0	7	0.0853658536585
0.105332196388	0.0709677419355	76	4	30	0	7	0.0843373493976
0.106410050185	0.0688172043011	76	5	9	0	9	0.105882352941
0.109678520207	0.0688172043011	77	5	9	0	9	0.104651162791
0.110641250607	0.0698924731183	78	5	9	0	9	0.103448275862
0.110830703194	0.0709677419355	79	5	9	0	9	0.102272727273
0.111511672064	0.0720430107527	80	5	9	0	9	0.101123595506
0.115374930972	0.0731182795699	81	5	9	0	9	0.1
0.117315386116	0.0741935483871	82	5	9	0	9	0.0989010989011
0.118826173806	0.0752688172043	83	5	9	0	9	0.0978260869565
0.119478264388	0.0763440860215	84	5	9	0	9	0.0967741935484
0.119757768957	0.0774193548387	85	5	9	0	9	0.0957446808511
0.127154276653	0.0709677419355	85	6	33	0	15	0.15
0.127363183399	0.0688172043011	85	7	6	0	17	0.166666666667
0.1296536111	0.0698924731183	86	7	6	0	17	0.165048543689
0.129661922316	0.0709677419355	87	7	6	0	17	0.163461538462
0.130460187835	0.0720430107527	88	7	6	0	17	0.161904761905
0.13142701716	0.0731182795699	89	7	6	0	17	0.160377358491
0.131501766833	0.0741935483871	90	7	6	0	17	0.158878504673
0.132521610503	0.0752688172043	91	7	6	0	17	0.157407407407
0.132940067175	0.0763440860215	92	7	6	0	17	0.155963302752
0.133441875712	0.0774193548387	93	7	6	0	17	0.154545454545
0.141403059989	0.0784946236559	94	7	6	0	17	0.153153153153
0.14141146884	0.0795698924731	95	7	6	0	17	0.151785714286
0.141431221696	0.0806451612903	96	7	6	0	17	0.150442477876
0.144502020333	0.0817204301075	97	7	6	0	17	0.149122807018
0.146402486839	0.0827956989247	98	7	6	0	17	0.147826086957
0.150892364616	0.0827956989247	99	7	6	0	17	0.146551724138
0.154308136033	0.0827956989247	100	7	6	0	17	0.145299145299
0.156292062848	0.0838709677419	101	7	6	0	17	0.14406779661
0.156341613062	0.0849462365591	102	7	6	0	17	0.142857142857
0.156812031145	0.0860215053763	103	7	6	0	17	0.141666666667
0.158889626797	0.0870967741935	104	7	6	0	17	0.140495867769
0.158974329757	0.0881720430108	105	7	6	0	17	0.139344262295
0.160316086048	0.0881720430108	106	7	6	0	17	0.138211382114
0.162565724617	0.0881720430108	106	8	3	0	17	0.138211382114
0.164900999487	0.089247311828	107	8	3	0	17	0.137096774194
0.16564744071	0.0903225806452	108	8	3	0	17	0.136
0.167197410791	0.0913978494624	109	8	3	0	17	0.134920634921
0.169372613425	0.0913978494624	110	8	3	0	17	0.133858267717
0.169597897918	0.0763440860215	110	9	111	0	31	0.219858156028
0.171657682176	0.0774193548387	111	9	111	0	31	0.218309859155
0.171708157164	0.0784946236559	112	9	111	0	31	0.216783216783
0.174139053907	0.0795698924731	113	9	111	0	31	0.215277777778
0.176830464694	0.0806451612903	114	9	111	0	31	0.213793103448
0.180443002696	0.0817204301075	115	9	111	0	31	0.212328767123
0.182537718942	0.0784946236559	115	10	30	0	34	0.228187919463
0.182697695227	0.0795698924731	116	10	30	0	34	0.226666666667
0.18327110157	0.0806451612903	117	10	30	0	34	0.225165562914
0.186149812276	0.0795698924731	118	10	30	0	34	0.223684210526
0.186912468852	0.0795698924731	119	10	30	0	34	0.222222222222
0.187048960274	0.0806451612903	120	10	30	0	34	0.220779220779
0.188514089942	0.0817204301075	121	10	30	0	34	0.21935483871
0.190819930116	0.0827956989247	122	10	30	0	34	0.217948717949
0.191113122244	0.0827956989247	123	10	30	0	34	0.216560509554
0.192959772158	0.0838709677419	124	10	30	0	34	0.215189873418
0.193315673225	0.0838709677419	125	10	30	0	34	0.213836477987
0.193460818149	0.0838709677419	125	11	12	0	34	0.213836477987
0.194472599778	0.0849462365591	126	11	12	0	34	0.2125
0.196573285161	0.0860215053763	127	11	12	0	34	0.211180124224
0.198277433314	0.0870967741935	128	11	12	0	34	0.20987654321
0.198790795911	0.0870967741935	129	11	12	0	34	0.208588957055
0.202644150851	0.0881720430108	130	11	12	0	34	0.207317073171
0.20275552536	0.089247311828	131	11	12	0	34	0.206060606061
0.203580650155	0.0903225806452	132	11	12	0	34	0.204819277108
0.206363852032	0.0913978494624	133	11	12	0	34	0.203592814371
0.207481817324	0.0924731182796	134	11	12	0	34	0.202380952381
0.20759006742	0.0935483870968	135	11	12	0	34	0.201183431953
0.209087690623	0.094623655914	136	11	12	0	34	0.2
0.212621855472	0.0956989247312	137	11	12	0	34	0.198830409357
0.214059925844	0.0967741935484	138	11	12	0	34	0.197674418605
0.215194013873	0.0978494623656	139	11	12	0	34	0.196531791908
0.21521664315	0.0978494623656	140	11	12	0	34	0.195402298851
0.216660710117	0.0935483870968	140	12	21	0	38	0.213483146067
0.217216633716	0.094623655914	141	12	21	0	38	0.212290502793
0.217564167353	0.0935483870968	142	12	21	0	38	0.211111111111
0.218036778024	0.094623655914	143	12	21	0	38	0.209944751381
0.218909901576	0.094623655914	144	12	21	0	38	0.208791208791
0.220048694095	0.0956989247312	145	12	21	0	38	0.207650273224
0.223756194089	0.0967741935484	146	12	21	0	38	0.20652173913
0.224102413235	0.0978494623656	147	12	21	0	38	0.205405405405
0.224288109151	0.0989247311828	148	12	21	0	38	0.204301075269
0.225658934854	0.1	149	12	21	0	38	0.20320855615
0.228002832686	0.0978494623656	149	13	27	0	40	0.21164021164
0.228573162712	0.0989247311828	150	13	27	0	40	0.210526315789
0.231224517175	0.1	151	13	27	0	40	0.20942408377
0.232022217817	0.101075268817	152	13	27	0	40	0.208333333333
0.233804069811	0.102150537634	153	13	27	0	40	0.20725388601
0.234046275839	0.103225806452	154	13	27	0	40	0.20618556701
0.23527978672	0.103225806452	155	13	27	0	40	0.205128205128
0.235713584972	0.104301075269	156	13	27	0	40	0.204081632653
0.238692411804	0.105376344086	157	13	27	0	40	0.203045685279
0.240400068762	0.106451612903	158	13	27	0	40	0.20202020202
0.240429300386	0.10752688172	159	13	27	0	40	0.201005025126
0.2405268845	0.108602150538	160	13	27	0	40	0.2
0.245776174823	0.109677419355	161	13	27	0	40	0.199004975124
0.250785203467	0.110752688172	162	13	27	0	40	0.19801980198
0.252879105429	0.110752688172	163	13	27	0	40	0.197044334975
0.255520875844	0.111827956989	164	13	27	0	40	0.196078431373
0.255873598655	0.112903225806	165	13	27	0	40	0.19512195122
0.256850588375	0.113978494624	166	13	27	0	40	0.194174757282
0.256996687573	0.112903225806	166	14	12	0	41	0.19806763285
0.2571300445	0.113978494624	167	14	12	0	41	0.197115384615
0.263841556532	0.115053763441	168	14	12	0	41	0.196172248804
0.267044295678	0.116129032258	169	14	12	0	41	0.195238095238
0.267328849285	0.117204301075	170	14	12	0	41	0.194312796209
0.268184410372	0.116129032258	170	15	12	0	42	0.198113207547
0.269924660239	0.117204301075	171	15	12	0	42	0.197183098592
0.270937080568	0.118279569892	172	15	12	0	42	0.196261682243
0.271238964655	0.117204301075	172	16	6	0	43	0.2
0.271678260796	0.0978494623656	172	17	147	0	61	0.261802575107
0.272023809856	0.0989247311828	173	17	147	0	61	0.260683760684
0.274696180741	0.0989247311828	174	17	147	0	61	0.259574468085
0.277783599123	0.0989247311828	175	17	147	0	61	0.258474576271
0.279581578043	0.1	176	17	147	0	61	0.257383966245
0.279619177797	0.101075268817	177	17	147	0	61	0.256302521008
0.281674605068	0.102150537634	178	17	147	0	61	0.255230125523
0.281927749709	0.103225806452	179	17	147	0	61	0.254166666667
0.282453418774	0.102150537634	180	17	147	0	61	0.253112033195
0.2835430444	0.103225806452	181	17	147	0	61	0.252066115702
0.283662165391	0.104301075269	182	17	147	0	61	0.251028806584
0.283738339717	0.105376344086	183	17	147	0	61	0.25
0.283899693121	0.106451612903	184	17	147	0	61	0.248979591837
0.284956630875	0.10752688172	185	17	147	0	61	0.247967479675
0.285997511541	0.108602150538	186	17	147	0	61	0.246963562753
0.291203458563	0.109677419355	187	17	147	0	61	0.245967741935
0.291807260774	0.110752688172	188	17	147	0	61	0.244979919679
0.291851548057	0.111827956989	189	17	147	0	61	0.244
0.292117308898	0.112903225806	190	17	147	0	61	0.243027888446
0.292386812764	0.1	190	18	78	0	73	0.277566539924
0.292713238092	0.101075268817	191	18	78	0	73	0.276515151515
0.294881163674	0.102150537634	192	18	78	0	73	0.275471698113
0.295767522849	0.102150537634	193	18	78	0	73	0.274436090226
0.297942977942	0.103225806452	194	18	78	0	73	0.2734082397
0.298017021797	0.104301075269	195	18	78	0	73	0.272388059701
0.307363730278	0.105376344086	196	18	78	0	73	0.271375464684
0.30755809299	0.105376344086	197	18	78	0	73	0.27037037037
0.308078709995	0.105376344086	198	18	78	0	73	0.269372693727
0.308602838633	0.105376344086	199	18	78	0	73	0.268382352941
0.311189416778	0.106451612903	200	18	78	0	73	0.267399267399
0.312298195471	0.10752688172	201	18	78	0	73	0.266423357664
0.314252197401	0.108602150538	202	18	78	0	73	0.265454545455
0.317399457437	0.109677419355	203	18	78	0	73	0.264492753623
0.31820164506	0.110752688172	204	18	78	0	73	0.263537906137
0.319573948448	0.111827956989	205	18	78	0	73	0.262589928058
0.321242174941	0.112903225806	206	18	78	0	73	0.26164874552
0.322227797992	0.112903225806	207	18	78	0	73	0.260714285714
0.324098212685	0.113978494624	208	18	78	0	73	0.259786476868
0.326339195165	0.115053763441	209	18	78	0	73	0.258865248227
0.32727524984	0.116129032258	210	18	78	0	73	0.257950530035
0.327949054301	0.117204301075	211	18	78	0	73	0.257042253521
0.328205133372	0.117204301075	212	18	78	0	73	0.256140350877
0.328435118625	0.117204301075	213	18	78	0	73	0.255244755245
0.331293121925	0.118279569892	214	18	78	0	73	0.254355400697
0.333167536436	0.11935483871	215	18	78	0	73	0.253472222222
0.336883003997	0.120430107527	216	18	78	0	73	0.252595155709
0.337098071069	0.121505376344	217	18	78	0	73	0.251724137931
0.337223554797	0.122580645161	218	18	78	0	73	0.250859106529
0.338424638492	0.122580645161	219	18	78	0	73	0.25
0.339558557865	0.123655913978	220	18	78	0	73	0.249146757679
0.339950820334	0.124731182796	221	18	78	0	73	0.248299319728
0.342021732957	0.125806451613	222	18	78	0	73	0.247457627119
0.344211560903	0.12688172043	223	18	78	0	73	0.246621621622
0.346542068016	0.12688172043	224	18	78	0	73	0.245791245791
0.348687569941	0.125806451613	225	18	78	0	73	0.244966442953
0.349372626592	0.125806451613	226	18	78	0	73	0.244147157191
0.350092438354	0.12688172043	227	18	78	0	73	0.243333333333
0.35047898617	0.127956989247	228	18	78	0	73	0.242524916944
0.353844892929	0.129032258065	229	18	78	0	73	0.241721854305
0.355878561236	0.121505376344	229	19	30	0	80	0.258899676375
0.356205917711	0.122580645161	230	19	30	0	80	0.258064516129
0.356264783759	0.123655913978	231	19	30	0	80	0.257234726688
0.356888849735	0.124731182796	232	19	30	0	80	0.25641025641
0.35756088381	0.125806451613	233	19	30	0	80	0.255591054313
0.36097494378	0.12688172043	234	19	30	0	80	0.254777070064
0.362130933566	0.127956989247	235	19	30	0	80	0.253968253968
0.362296130159	0.129032258065	236	19	30	0	80	0.253164556962
0.362411336269	0.130107526882	237	19	30	0	80	0.252365930599
0.362544788375	0.12688172043	237	20	15	0	83	0.259375
0.362636740257	0.127956989247	238	20	15	0	83	0.258566978193
0.364728263378	0.129032258065	239	20	15	0	83	0.257763975155
0.365325622499	0.130107526882	240	20	15	0	83	0.256965944272
0.365351832018	0.125806451613	240	21	21	0	87	0.266055045872
0.366947947073	0.122580645161	240	22	30	0	90	0.272727272727
0.368175386212	0.123655913978	241	22	30	0	90	0.271903323263
0.371269369646	0.124731182796	242	22	30	0	90	0.271084337349
0.371763770765	0.124731182796	243	22	30	0	90	0.27027027027
0.372003817588	0.125806451613	244	22	30	0	90	0.269461077844
0.372093331509	0.12688172043	245	22	30	0	90	0.268656716418
0.372687779892	0.127956989247	246	22	30	0	90	0.267857142857
0.373370197645	0.129032258065	247	22	30	0	90	0.26706231454
0.373662924545	0.130107526882	248	22	30	0	90	0.266272189349
0.377397675525	0.131182795699	249	22	30	0	90	0.265486725664
0.378077465371	0.131182795699	250	22	30	0	90	0.264705882353
0.37837812292	0.132258064516	251	22	30	0	90	0.263929618768
0.378484649397	0.133333333333	252	22	30	0	90	0.263157894737
0.379711929261	0.134408602151	253	22	30	0	90	0.262390670554
0.379957736651	0.135483870968	254	22	30	0	90	0.261627906977
0.383135218801	0.136559139785	255	22	30	0	90	0.260869565217
0.38370860718	0.134408602151	255	23	21	0	92	0.265129682997
0.39053654046	0.134408602151	255	24	15	0	92	0.265129682997
0.394495106829	0.135483870968	256	24	15	0	92	0.264367816092
0.39581025937	0.136559139785	257	24	15	0	92	0.263610315186
0.396468928665	0.137634408602	258	24	15	0	92	0.262857142857
0.397065950146	0.137634408602	259	24	15	0	92	0.262108262108
0.397483908611	0.138709677419	260	24	15	0	92	0.261363636364
0.399428874056	0.139784946237	261	24	15	0	92	0.260623229462
0.401384057541	0.140860215054	262	24	15	0	92	0.25988700565
0.403368970664	0.134408602151	262	25	48	0	98	0.272222222222
0.403950354645	0.135483870968	263	25	48	0	98	0.271468144044
0.405362963069	0.136559139785	264	25	48	0	98	0.270718232044
0.406697639541	0.137634408602	265	25	48	0	98	0.269972451791
0.407355408688	0.138709677419	266	25	48	0	98	0.269230769231
0.408817483814	0.139784946237	267	25	48	0	98	0.268493150685
0.40885651058	0.139784946237	268	25	48	0	98	0.267759562842
0.410174884658	0.140860215054	269	25	48	0	98	0.267029972752
0.417816733995	0.141935483871	270	25	48	0	98	0.266304347826
0.419592790639	0.143010752688	271	25	48	0	98	0.265582655827
0.421266960257	0.130107526882	271	26	93	0	110	0.288713910761
0.421433442977	0.130107526882	272	26	93	0	110	0.287958115183
0.42151106316	0.131182795699	273	26	93	0	110	0.287206266319
0.422541910643	0.132258064516	274	26	93	0	110	0.286458333333
0.427028733581	0.133333333333	275	26	93	0	110	0.285714285714
0.429853438998	0.134408602151	276	26	93	0	110	0.284974093264
0.431046522453	0.134408602151	276	27	6	0	110	0.284974093264
0.432358545865	0.135483870968	277	27	6	0	110	0.284237726098
0.432773611457	0.136559139785	278	27	6	0	110	0.283505154639
0.435034548943	0.137634408602	279	27	6	0	110	0.282776349614
0.435535396185	0.138709677419	280	27	6	0	110	0.282051282051
0.437456307112	0.139784946237	281	27	6	0	110	0.281329923274
0.438610940141	0.138709677419	282	27	6	0	110	0.280612244898
0.44170078467	0.139784946237	283	27	6	0	110	0.27989821883
0.44238437356	0.140860215054	284	27	6	0	110	0.279187817259
0.443867489388	0.139784946237	285	27	6	0	110	0.278481012658
0.445712534315	0.140860215054	286	27	6	0	110	0.277777777778
0.446456305192	0.140860215054	287	27	6	0	110	0.277078085642
0.447424917015	0.141935483871	288	27	6	0	110	0.276381909548
0.449838954261	0.143010752688	289	27	6	0	110	0.275689223058
0.450027219668	0.144086021505	290	27	6	0	110	0.275
0.451514796444	0.145161290323	291	27	6	0	110	0.274314214464
0.452797260896	0.14623655914	292	27	6	0	110	0.273631840796
0.453082397328	0.134408602151	292	28	54	0	121	0.292978208232
0.455063515749	0.135483870968	293	28	54	0	121	0.292270531401
0.455351386776	0.136559139785	294	28	54	0	121	0.29156626506
0.465348991757	0.137634408602	295	28	54	0	121	0.290865384615
0.466608278437	0.138709677419	296	28	54	0	121	0.290167865707
0.467250410852	0.139784946237	297	28	54	0	121	0.289473684211
0.468143204017	0.140860215054	298	28	54	0	121	0.288782816229
0.470219583027	0.115053763441	298	29	144	0	145	0.327313769752
0.472748516735	0.113978494624	299	29	144	0	145	0.326576576577
0.478450143169	0.113978494624	300	29	144	0	145	0.325842696629
0.48034301643	0.115053763441	301	29	144	0	145	0.325112107623
0.482338316409	0.115053763441	302	29	144	0	145	0.324384787472
0.483959112663	0.116129032258	303	29	144	0	145	0.323660714286
0.484191900972	0.117204301075	304	29	144	0	145	0.32293986637
0.484562221429	0.118279569892	305	29	144	0	145	0.322222222222
0.489505582234	0.118279569892	306	29	144	0	145	0.321507760532
0.489997342412	0.118279569892	307	29	144	0	145	0.320796460177
0.490728746119	0.11935483871	308	29	144	0	145	0.320088300221
0.493174569384	0.120430107527	309	29	144	0	145	0.319383259912
0.49339663636	0.121505376344	310	29	144	0	145	0.318681318681
0.496808267701	0.122580645161	311	29	144	0	145	0.31798245614
0.499745912147	0.123655913978	312	29	144	0	145	0.317286652079
0.502275085752	0.124731182796	313	29	144	0	145	0.316593886463
0.503098517149	0.125806451613	314	29	144	0	145	0.315904139434
0.503130934144	0.12688172043	315	29	144	0	145	0.315217391304
0.504628449481	0.127956989247	316	29	144	0	145	0.31453362256
0.51004850457	0.129032258065	317	29	144	0	145	0.313852813853
0.511795197929	0.130107526882	318	29	144	0	145	0.313174946004
0.513148923606	0.131182795699	319	29	144	0	145	0.3125
0.515487039768	0.132258064516	320	29	144	0	145	0.311827956989
0.517394961877	0.133333333333	321	29	144	0	145	0.311158798283
0.517698664321	0.134408602151	322	29	144	0	145	0.310492505353
0.517831534212	0.134408602151	323	29	144	0	145	0.309829059829
0.520296940433	0.135483870968	324	29	144	0	145	0.309168443497
0.521149383733	0.136559139785	325	29	144	0	145	0.308510638298
0.522056438262	0.137634408602	326	29	144	0	145	0.307855626327
0.524479783201	0.138709677419	327	29	144	0	145	0.307203389831
0.524748731119	0.139784946237	328	29	144	0	145	0.306553911205
0.524940686192	0.140860215054	329	29	144	0	145	0.305907172996
0.526744143995	0.141935483871	330	29	144	0	145	0.305263157895
0.527021957266	0.140860215054	331	29	144	0	145	0.304621848739
0.529243653585	0.140860215054	332	29	144	0	145	0.303983228512
0.533308274196	0.141935483871	333	29	144	0	145	0.303347280335
0.533910917224	0.141935483871	334	29	144	0	145	0.302713987474
0.535776014171	0.143010752688	335	29	144	0	145	0.302083333333
0.538029935717	0.144086021505	336	29	144	0	145	0.301455301455
0.538711345564	0.134408602151	336	30	39	0	154	0.314285714286
0.538982517817	0.135483870968	337	30	39	0	154	0.313645621181
0.538994250306	0.136559139785	338	30	39	0	154	0.313008130081
0.539206065126	0.136559139785	339	30	39	0	154	0.312373225152
0.540728704324	0.137634408602	340	30	39	0	154	0.311740890688
0.542828422716	0.136559139785	341	30	39	0	154	0.311111111111
0.542886997556	0.137634408602	342	30	39	0	154	0.310483870968
0.547181023935	0.138709677419	343	30	39	0	154	0.30985915493
0.549974507913	0.139784946237	344	30	39	0	154	0.309236947791
0.550530476687	0.140860215054	345	30	39	0	154	0.308617234469
0.551348705549	0.141935483871	346	30	39	0	154	0.308
0.552280322663	0.143010752688	347	30	39	0	154	0.307385229541
0.553406036978	0.143010752688	348	30	39	0	154	0.306772908367
0.554996220002	0.144086021505	349	30	39	0	154	0.306163021869
0.55542161901	0.143010752688	350	30	39	0	154	0.305555555556
0.556468020282	0.144086021505	351	30	39	0	154	0.30495049505
0.557864205946	0.145161290323	352	30	39	0	154	0.304347826087
0.560943347529	0.14623655914	353	30	39	0	154	0.303747534517
0.562920651975	0.145161290323	354	30	39	0	154	0.303149606299
0.565440393974	0.14623655914	355	30	39	0	154	0.302554027505
0.565516819236	0.147311827957	356	30	39	0	154	0.301960784314
0.56639681796	0.148387096774	357	30	39	0	154	0.301369863014
0.566938197478	0.149462365591	358	30	39	0	154	0.30078125
0.567535175923	0.150537634409	359	30	39	0	154	0.300194931774
0.567615434933	0.149462365591	360	30	39	0	154	0.299610894942
0.571128105078	0.150537634409	361	30	39	0	154	0.299029126214
0.572400025424	0.151612903226	362	30	39	0	154	0.298449612403
0.575379897351	0.152688172043	363	30	39	0	154	0.297872340426
0.577557275239	0.15376344086	364	30	39	0	154	0.297297297297
0.577970337515	0.154838709677	365	30	39	0	154	0.296724470135
0.578469422905	0.155913978495	366	30	39	0	154	0.296153846154
0.581890844806	0.156989247312	367	30	39	0	154	0.295585412668
0.582614789556	0.158064516129	368	30	39	0	154	0.295019157088
0.58542083146	0.159139784946	369	30	39	0	154	0.294455066922
0.586284860138	0.158064516129	370	30	39	0	154	0.293893129771
0.587075232763	0.158064516129	371	30	39	0	154	0.293333333333
0.587927062539	0.159139784946	372	30	39	0	154	0.292775665399
0.588118908631	0.160215053763	373	30	39	0	154	0.292220113852
0.588248919654	0.161290322581	374	30	39	0	154	0.291666666667
0.588940614945	0.160215053763	375	30	39	0	154	0.291115311909
0.590235353539	0.160215053763	376	30	39	0	154	0.290566037736
0.592231661204	0.161290322581	377	30	39	0	154	0.290018832392
0.592428334208	0.162365591398	378	30	39	0	154	0.289473684211
0.597374388979	0.161290322581	379	30	39	0	154	0.288930581614
0.598922519279	0.162365591398	380	30	39	0	154	0.288389513109
0.599763480311	0.163440860215	381	30	39	0	154	0.28785046729
0.600034257416	0.164516129032	382	30	39	0	154	0.287313432836
0.602260853073	0.164516129032	382	31	9	0	154	0.287313432836
0.603941261919	0.165591397849	383	31	9	0	154	0.28677839851
0.604314637061	0.166666666667	384	31	9	0	154	0.28624535316
0.605222921551	0.167741935484	385	31	9	0	154	0.285714285714
0.605437570915	0.166666666667	386	31	9	0	154	0.285185185185
0.605868163832	0.167741935484	387	31	9	0	154	0.284658040665
0.606438998998	0.168817204301	388	31	9	0	154	0.284132841328
0.606545548741	0.169892473118	389	31	9	0	154	0.283609576427
0.607569348595	0.170967741935	390	31	9	0	154	0.283088235294
0.608924271375	0.172043010753	391	31	9	0	154	0.282568807339
0.611036196995	0.17311827957	392	31	9	0	154	0.282051282051
0.611072236094	0.174193548387	393	31	9	0	154	0.281535648995
0.611953431721	0.175268817204	394	31	9	0	154	0.28102189781
0.614754794095	0.176344086022	395	31	9	0	154	0.280510018215
0.61529655615	0.177419354839	396	31	9	0	154	0.28
0.616189425627	0.178494623656	397	31	9	0	154	0.279491833031
0.618377302045	0.179569892473	398	31	9	0	154	0.278985507246
0.619359233566	0.18064516129	399	31	9	0	154	0.278481012658
0.61944524735	0.181720430108	400	31	9	0	154	0.27797833935
0.620524269115	0.182795698925	401	31	9	0	154	0.277477477477
0.621046857988	0.182795698925	402	31	9	0	154	0.276978417266
0.626427375151	0.181720430108	403	31	9	0	154	0.276481149013
0.627916984534	0.182795698925	404	31	9	0	154	0.275985663082
0.627994057777	0.183870967742	405	31	9	0	154	0.275491949911
0.628624355888	0.184946236559	406	31	9	0	154	0.275
0.630316454141	0.160215053763	406	32	102	0	177	0.303602058319
0.631615054262	0.161290322581	407	32	102	0	177	0.303082191781
0.632046717566	0.162365591398	408	32	102	0	177	0.302564102564
0.635425036956	0.162365591398	409	32	102	0	177	0.30204778157
0.642769499099	0.163440860215	410	32	102	0	177	0.301533219761
0.645175500345	0.164516129032	411	32	102	0	177	0.301020408163
0.645346964832	0.165591397849	412	32	102	0	177	0.300509337861
0.646505489865	0.165591397849	413	32	102	0	177	0.3
0.648382786504	0.166666666667	414	32	102	0	177	0.299492385787
0.649404995061	0.167741935484	415	32	102	0	177	0.298986486486
0.650661499846	0.168817204301	416	32	102	0	177	0.298482293423
0.65173147361	0.168817204301	417	32	102	0	177	0.29797979798
0.651876967021	0.167741935484	418	32	102	0	177	0.297478991597
0.652076031636	0.168817204301	419	32	102	0	177	0.296979865772
0.653660234658	0.169892473118	420	32	102	0	177	0.29648241206
0.654528211915	0.170967741935	421	32	102	0	177	0.295986622074
0.655158816479	0.163440860215	421	33	27	0	184	0.304132231405
0.656921217748	0.164516129032	422	33	27	0	184	0.303630363036
0.657844019302	0.165591397849	423	33	27	0	184	0.30313014827
0.661965376498	0.165591397849	424	33	27	0	184	0.302631578947
0.666212556746	0.166666666667	425	33	27	0	184	0.302134646962
0.666736586675	0.167741935484	426	33	27	0	184	0.301639344262
0.666882414578	0.168817204301	427	33	27	0	184	0.301145662848
0.66699890949	0.169892473118	428	33	27	0	184	0.300653594771
0.667053912545	0.170967741935	429	33	27	0	184	0.300163132137
0.668045298251	0.172043010753	430	33	27	0	184	0.299674267101
0.669782963488	0.17311827957	431	33	27	0	184	0.29918699187
0.669959442162	0.174193548387	432	33	27	0	184	0.298701298701
0.670331106867	0.175268817204	433	33	27	0	184	0.298217179903
0.671277570664	0.176344086022	434	33	27	0	184	0.297734627832
0.67217141661	0.177419354839	435	33	27	0	184	0.297253634895
0.677289515532	0.178494623656	436	33	27	0	184	0.296774193548
0.678057600319	0.179569892473	437	33	27	0	184	0.296296296296
0.680133357367	0.167741935484	437	34	42	0	195	0.308544303797
0.680572151039	0.168817204301	438	34	42	0	195	0.308056872038
0.682300629041	0.169892473118	439	34	42	0	195	0.307570977918
0.686318116806	0.170967741935	440	34	42	0	195	0.307086614173
0.687459815909	0.172043010753	441	34	42	0	195	0.306603773585
0.689657507242	0.17311827957	442	34	42	0	195	0.30612244898
0.691079061703	0.174193548387	443	34	42	0	195	0.305642633229
0.691087227414	0.17311827957	444	34	42	0	195	0.305164319249
0.691435907427	0.174193548387	445	34	42	0	195	0.3046875
0.695173828536	0.175268817204	446	34	42	0	195	0.304212168487
0.69711852238	0.176344086022	447	34	42	0	195	0.303738317757
0.697581257714	0.177419354839	448	34	42	0	195	0.303265940902
0.703117305544	0.177419354839	449	34	42	0	195	0.302795031056
0.70315037172	0.178494623656	450	34	42	0	195	0.302325581395
0.704280890945	0.179569892473	451	34	42	0	195	0.301857585139
0.705966795236	0.18064516129	452	34	42	0	195	0.301391035549
0.706080945639	0.179569892473	453	34	42	0	195	0.300925925926
0.707220390616	0.18064516129	454	34	42	0	195	0.300462249615
0.707703922132	0.181720430108	455	34	42	0	195	0.3
0.711249026456	0.181720430108	456	34	42	0	195	0.299539170507
0.712614771797	0.182795698925	457	34	42	0	195	0.299079754601
0.71738031918	0.183870967742	458	34	42	0	195	0.298621745789
0.717859124159	0.184946236559	459	34	42	0	195	0.298165137615
0.718836676365	0.186021505376	460	34	42	0	195	0.297709923664
0.721370187653	0.187096774194	461	34	42	0	195	0.297256097561
0.722553576386	0.188172043011	462	34	42	0	195	0.296803652968
0.725027824193	0.189247311828	463	34	42	0	195	0.296352583587
0.730067826777	0.189247311828	464	34	42	0	195	0.295902883156
0.731127813432	0.190322580645	465	34	42	0	195	0.295454545455
0.731273349774	0.189247311828	466	34	42	0	195	0.295007564297
0.731725568464	0.190322580645	467	34	42	0	195	0.294561933535
0.733809510874	0.191397849462	468	34	42	0	195	0.294117647059
0.73534002753	0.19247311828	469	34	42	0	195	0.293674698795
0.735833980687	0.193548387097	470	34	42	0	195	0.293233082707
0.737673705937	0.193548387097	471	34	42	0	195	0.292792792793
0.738963884188	0.193548387097	472	34	42	0	195	0.292353823088
0.740384655563	0.194623655914	473	34	42	0	195	0.291916167665
0.742575931548	0.175268817204	473	35	72	0	213	0.310495626822
0.747330107814	0.176344086022	474	35	72	0	213	0.310043668122
0.750336393775	0.177419354839	475	35	72	0	213	0.309593023256
0.751375873881	0.178494623656	476	35	72	0	213	0.309143686502
0.754352722942	0.178494623656	477	35	72	0	213	0.308695652174
0.755342220955	0.179569892473	478	35	72	0	213	0.308248914616
0.755936227571	0.18064516129	479	35	72	0	213	0.307803468208
0.758037459886	0.181720430108	480	35	72	0	213	0.307359307359
0.758069271315	0.18064516129	481	35	72	0	213	0.306916426513
0.758479574503	0.18064516129	482	35	72	0	213	0.306474820144
0.760871320004	0.181720430108	483	35	72	0	213	0.306034482759
0.761793210749	0.182795698925	484	35	72	0	213	0.305595408895
0.761910325135	0.183870967742	485	35	72	0	213	0.305157593123
0.762028295227	0.182795698925	486	35	72	0	213	0.304721030043
0.762834760936	0.183870967742	487	35	72	0	213	0.304285714286
0.763057182509	0.184946236559	488	35	72	0	213	0.303851640514
0.7637378343	0.184946236559	489	35	72	0	213	0.303418803419
0.769685828046	0.186021505376	490	35	72	0	213	0.302987197724
0.769791011231	0.187096774194	491	35	72	0	213	0.302556818182
0.769978780448	0.188172043011	492	35	72	0	213	0.302127659574
0.776466177456	0.189247311828	493	35	72	0	213	0.301699716714
0.778270845788	0.190322580645	494	35	72	0	213	0.301272984441
0.779404723575	0.191397849462	495	35	72	0	213	0.300847457627
0.780279813578	0.19247311828	496	35	72	0	213	0.300423131171
0.781089166742	0.193548387097	497	35	72	0	213	0.3
0.783384608225	0.194623655914	498	35	72	0	213	0.299578059072
0.783427686965	0.188172043011	498	36	57	0	219	0.305439330544
0.785124324825	0.189247311828	499	36	57	0	219	0.305013927577
0.785782874403	0.189247311828	500	36	57	0	219	0.304589707928
0.78611674733	0.188172043011	501	36	57	0	219	0.304166666667
0.789605137297	0.189247311828	502	36	57	0	219	0.30374479889
0.790923207937	0.190322580645	503	36	57	0	219	0.303324099723
0.794157724616	0.189247311828	503	37	21	0	220	0.30428769018
0.79557076374	0.190322580645	504	37	21	0	220	0.303867403315
0.796851203553	0.191397849462	505	37	21	0	220	0.303448275862
0.798403173935	0.19247311828	506	37	21	0	220	0.30303030303
0.79843698152	0.193548387097	507	37	21	0	220	0.302613480055
0.799695759128	0.193548387097	508	37	21	0	220	0.302197802198
0.800520651584	0.193548387097	509	37	21	0	220	0.301783264746
0.802243338344	0.194623655914	510	37	21	0	220	0.301369863014
0.804173620476	0.195698924731	511	37	21	0	220	0.300957592339
0.805059364814	0.194623655914	512	37	21	0	220	0.300546448087
0.807588804216	0.195698924731	513	37	21	0	220	0.300136425648
