# time 	 divergence 	 # of mutations 	 # IGC chances 	 IGC length 	 # IGC failures 	 Changes due to IGC  	 % change due to IGC 
0.0	0.30752688172	0	0	0	0	0	0.0
0.00162449887593	0.308602150538	1	0	0	0	0	0.0
0.00245477503481	0.309677419355	2	0	0	0	0	0.0
0.00349034325041	0.310752688172	3	0	0	0	0	0.0
0.00357044630606	0.311827956989	4	0	0	0	0	0.0
0.00437730573576	0.311827956989	5	0	0	0	0	0.0
0.00513526928176	0.312903225806	6	0	0	0	0	0.0
0.00588884575326	0.311827956989	7	0	0	0	0	0.0
0.00592091803538	0.312903225806	8	0	0	0	0	0.0
0.00681232317407	0.313978494624	9	0	0	0	0	0.0
0.0134426986633	0.312903225806	10	0	0	0	0	0.0
0.0149319508865	0.311827956989	11	0	0	0	0	0.0
0.0174197266807	0.312903225806	12	0	0	0	0	0.0
0.0180489960482	0.311827956989	13	0	0	0	0	0.0
0.0215797823547	0.312903225806	14	0	0	0	0	0.0
0.0221887759271	0.313978494624	15	0	0	0	0	0.0
0.0224982955036	0.315053763441	16	0	0	0	0	0.0
0.0239854005162	0.316129032258	17	0	0	0	0	0.0
0.0242660299579	0.317204301075	18	0	0	0	0	0.0
0.0243217420572	0.318279569892	19	0	0	0	0	0.0
0.0257957414238	0.31935483871	20	0	0	0	0	0.0
0.0296126563314	0.320430107527	21	0	0	0	0	0.0
0.029898753131	0.31935483871	22	0	0	0	0	0.0
0.0306080482623	0.320430107527	23	0	0	0	0	0.0
0.0310599474886	0.31935483871	24	0	0	0	0	0.0
0.0318005469682	0.318279569892	25	0	0	0	0	0.0
0.035902465875	0.31935483871	26	0	0	0	0	0.0
0.0360581956294	0.31935483871	27	0	0	0	0	0.0
0.037391737393	0.320430107527	28	0	0	0	0	0.0
0.0379182594086	0.321505376344	29	0	0	0	0	0.0
0.0380870797452	0.322580645161	30	0	0	0	0	0.0
0.0382587983388	0.323655913978	31	0	0	0	0	0.0
0.0390759743433	0.322580645161	32	0	0	0	0	0.0
0.0411423162784	0.323655913978	33	0	0	0	0	0.0
0.0426429932528	0.324731182796	34	0	0	0	0	0.0
0.0445151053335	0.324731182796	35	0	0	0	0	0.0
0.0474238682234	0.325806451613	36	0	0	0	0	0.0
0.0507270314927	0.325806451613	37	0	0	0	0	0.0
0.0510738689166	0.325806451613	38	0	0	0	0	0.0
0.053053061206	0.324731182796	39	0	0	0	0	0.0
0.0536576824536	0.323655913978	40	0	0	0	0	0.0
0.054168333418	0.323655913978	41	0	0	0	0	0.0
0.0583176972139	0.324731182796	42	0	0	0	0	0.0
0.0617116143495	0.325806451613	43	0	0	0	0	0.0
0.0634300015259	0.32688172043	44	0	0	0	0	0.0
0.0638687548699	0.32688172043	45	0	0	0	0	0.0
0.0651133354439	0.327956989247	46	0	0	0	0	0.0
0.0660935434035	0.329032258065	47	0	0	0	0	0.0
0.0685556763692	0.327956989247	48	0	0	0	0	0.0
0.0685900482093	0.329032258065	49	0	0	0	0	0.0
0.0704767313114	0.330107526882	50	0	0	0	0	0.0
0.0706084371317	0.331182795699	51	0	0	0	0	0.0
0.0716105010274	0.332258064516	52	0	0	0	0	0.0
0.0732270363634	0.332258064516	53	0	0	0	0	0.0
0.0752625060229	0.332258064516	54	0	0	0	0	0.0
0.076012055976	0.331182795699	55	0	0	0	0	0.0
0.0788069237113	0.330107526882	56	0	0	0	0	0.0
0.0798848093501	0.331182795699	57	0	0	0	0	0.0
0.0809015046149	0.332258064516	58	0	0	0	0	0.0
0.0860310346839	0.333333333333	59	0	0	0	0	0.0
0.0883389586395	0.334408602151	60	0	0	0	0	0.0
0.0898380352925	0.333333333333	61	0	0	0	0	0.0
0.0922202870973	0.334408602151	62	0	0	0	0	0.0
0.0926409684902	0.334408602151	63	0	0	0	0	0.0
0.0931002645534	0.335483870968	64	0	0	0	0	0.0
0.0943702584484	0.335483870968	65	0	0	0	0	0.0
0.0956146051326	0.335483870968	66	0	0	0	0	0.0
0.0965282753863	0.334408602151	67	0	0	0	0	0.0
0.100370663998	0.335483870968	68	0	0	0	0	0.0
0.10280030824	0.336559139785	69	0	0	0	0	0.0
0.103496282066	0.336559139785	70	0	0	0	0	0.0
0.10455465899	0.335483870968	71	0	0	0	0	0.0
0.108062771593	0.335483870968	72	0	0	0	0	0.0
0.108945799462	0.335483870968	73	0	0	0	0	0.0
0.11178050724	0.336559139785	74	0	0	0	0	0.0
0.114301561294	0.337634408602	75	0	0	0	0	0.0
0.11433156378	0.338709677419	76	0	0	0	0	0.0
0.1148990666	0.339784946237	77	0	0	0	0	0.0
0.122721751785	0.340860215054	78	0	0	0	0	0.0
0.124100246049	0.341935483871	79	0	0	0	0	0.0
0.124188126401	0.343010752688	80	0	0	0	0	0.0
0.124256249904	0.343010752688	81	0	0	0	0	0.0
0.126001478968	0.344086021505	82	0	0	0	0	0.0
0.126658650086	0.344086021505	83	0	0	0	0	0.0
0.127383055103	0.345161290323	84	0	0	0	0	0.0
0.127615300036	0.34623655914	85	0	0	0	0	0.0
0.128236896521	0.347311827957	86	0	0	0	0	0.0
0.130041617552	0.347311827957	87	0	0	0	0	0.0
0.13750785302	0.34623655914	88	0	0	0	0	0.0
0.144250081043	0.347311827957	89	0	0	0	0	0.0
0.146875405503	0.348387096774	90	0	0	0	0	0.0
0.148638678918	0.349462365591	91	0	0	0	0	0.0
0.150837290974	0.350537634409	92	0	0	0	0	0.0
0.151409700536	0.351612903226	93	0	0	0	0	0.0
0.152021681518	0.351612903226	94	0	0	0	0	0.0
0.153938487044	0.352688172043	95	0	0	0	0	0.0
0.159069540244	0.352688172043	96	0	0	0	0	0.0
0.160922783183	0.35376344086	97	0	0	0	0	0.0
0.161078481448	0.354838709677	98	0	0	0	0	0.0
0.161814519049	0.355913978495	99	0	0	0	0	0.0
0.162086330674	0.356989247312	100	0	0	0	0	0.0
0.162259502452	0.358064516129	101	0	0	0	0	0.0
0.16338684829	0.359139784946	102	0	0	0	0	0.0
0.163964376753	0.360215053763	103	0	0	0	0	0.0
0.167880910597	0.361290322581	104	0	0	0	0	0.0
0.167966443436	0.362365591398	105	0	0	0	0	0.0
0.171752625281	0.362365591398	106	0	0	0	0	0.0
0.171987616781	0.363440860215	107	0	0	0	0	0.0
0.172227545578	0.364516129032	108	0	0	0	0	0.0
0.172896033264	0.364516129032	109	0	0	0	0	0.0
0.174706695788	0.365591397849	110	0	0	0	0	0.0
0.174894922849	0.365591397849	111	0	0	0	0	0.0
0.174943908304	0.366666666667	112	0	0	0	0	0.0
0.177091771134	0.367741935484	113	0	0	0	0	0.0
0.177159568924	0.368817204301	114	0	0	0	0	0.0
0.178202893989	0.369892473118	115	0	0	0	0	0.0
0.180056038197	0.369892473118	116	0	0	0	0	0.0
0.183498416353	0.369892473118	117	0	0	0	0	0.0
0.186555000989	0.368817204301	118	0	0	0	0	0.0
0.18742138618	0.369892473118	119	0	0	0	0	0.0
0.18809441659	0.370967741935	120	0	0	0	0	0.0
0.190030052317	0.370967741935	121	0	0	0	0	0.0
0.192737414993	0.369892473118	122	0	0	0	0	0.0
0.192999869512	0.369892473118	123	0	0	0	0	0.0
0.194497574703	0.370967741935	124	0	0	0	0	0.0
0.196753895875	0.372043010753	125	0	0	0	0	0.0
0.198111489271	0.37311827957	126	0	0	0	0	0.0
0.199506295315	0.374193548387	127	0	0	0	0	0.0
0.19954988569	0.375268817204	128	0	0	0	0	0.0
0.200281720233	0.376344086022	129	0	0	0	0	0.0
0.20113742287	0.376344086022	130	0	0	0	0	0.0
0.201156378724	0.377419354839	131	0	0	0	0	0.0
0.203282923714	0.378494623656	132	0	0	0	0	0.0
0.204861074205	0.379569892473	133	0	0	0	0	0.0
0.205192123392	0.38064516129	134	0	0	0	0	0.0
0.206055109297	0.381720430108	135	0	0	0	0	0.0
0.206151821797	0.382795698925	136	0	0	0	0	0.0
0.208489630477	0.383870967742	137	0	0	0	0	0.0
0.211763493081	0.382795698925	138	0	0	0	0	0.0
0.21337806401	0.383870967742	139	0	0	0	0	0.0
0.214768518368	0.382795698925	140	0	0	0	0	0.0
0.215120186473	0.383870967742	141	0	0	0	0	0.0
0.217570154397	0.382795698925	142	0	0	0	0	0.0
0.220252916105	0.381720430108	143	0	0	0	0	0.0
0.220374567322	0.381720430108	144	0	0	0	0	0.0
0.221359841105	0.382795698925	145	0	0	0	0	0.0
0.223548368941	0.382795698925	146	0	0	0	0	0.0
0.225439997635	0.383870967742	147	0	0	0	0	0.0
0.226059223916	0.382795698925	148	0	0	0	0	0.0
0.226606616022	0.381720430108	149	0	0	0	0	0.0
0.229191807592	0.381720430108	150	0	0	0	0	0.0
0.231742340987	0.382795698925	151	0	0	0	0	0.0
0.232535640036	0.381720430108	152	0	0	0	0	0.0
0.233932293832	0.382795698925	153	0	0	0	0	0.0
0.234644855496	0.383870967742	154	0	0	0	0	0.0
0.23519305312	0.384946236559	155	0	0	0	0	0.0
0.237046255697	0.383870967742	156	0	0	0	0	0.0
0.238251552609	0.384946236559	157	0	0	0	0	0.0
0.238499518903	0.386021505376	158	0	0	0	0	0.0
0.238731872677	0.387096774194	159	0	0	0	0	0.0
0.239072378653	0.388172043011	160	0	0	0	0	0.0
0.239865590663	0.389247311828	161	0	0	0	0	0.0
0.241006802891	0.389247311828	162	0	0	0	0	0.0
0.242589226538	0.388172043011	163	0	0	0	0	0.0
0.244665359814	0.389247311828	164	0	0	0	0	0.0
0.24480552058	0.389247311828	165	0	0	0	0	0.0
0.245865253838	0.388172043011	166	0	0	0	0	0.0
0.246892333276	0.387096774194	167	0	0	0	0	0.0
0.249506653523	0.388172043011	168	0	0	0	0	0.0
0.252599098936	0.389247311828	169	0	0	0	0	0.0
0.255157252424	0.390322580645	170	0	0	0	0	0.0
0.255407968428	0.389247311828	171	0	0	0	0	0.0
0.25563619152	0.390322580645	172	0	0	0	0	0.0
0.255762304845	0.390322580645	173	0	0	0	0	0.0
0.257396433047	0.391397849462	174	0	0	0	0	0.0
0.257886623425	0.39247311828	175	0	0	0	0	0.0
0.258158580564	0.39247311828	176	0	0	0	0	0.0
0.259563330546	0.393548387097	177	0	0	0	0	0.0
0.260564179117	0.394623655914	178	0	0	0	0	0.0
0.260886058756	0.394623655914	179	0	0	0	0	0.0
0.264693906085	0.395698924731	180	0	0	0	0	0.0
0.26479699608	0.396774193548	181	0	0	0	0	0.0
0.269148550822	0.396774193548	182	0	0	0	0	0.0
0.270790733613	0.395698924731	183	0	0	0	0	0.0
0.271355886531	0.396774193548	184	0	0	0	0	0.0
0.273196179327	0.395698924731	185	0	0	0	0	0.0
0.27370682616	0.396774193548	186	0	0	0	0	0.0
0.275348473232	0.396774193548	187	0	0	0	0	0.0
0.279892508462	0.396774193548	188	0	0	0	0	0.0
0.282854020356	0.396774193548	189	0	0	0	0	0.0
0.283457340073	0.395698924731	190	0	0	0	0	0.0
0.284267661225	0.396774193548	191	0	0	0	0	0.0
0.285126514921	0.396774193548	192	0	0	0	0	0.0
0.286271671315	0.396774193548	193	0	0	0	0	0.0
0.286632988644	0.396774193548	194	0	0	0	0	0.0
0.28689785277	0.397849462366	195	0	0	0	0	0.0
0.287263757216	0.398924731183	196	0	0	0	0	0.0
0.288016429366	0.398924731183	197	0	0	0	0	0.0
0.28865426731	0.4	198	0	0	0	0	0.0
0.297292228434	0.401075268817	199	0	0	0	0	0.0
0.298177444159	0.402150537634	200	0	0	0	0	0.0
0.298310844249	0.402150537634	201	0	0	0	0	0.0
0.298406186239	0.401075268817	202	0	0	0	0	0.0
0.29847373223	0.402150537634	203	0	0	0	0	0.0
0.298570194714	0.401075268817	204	0	0	0	0	0.0
0.298988301632	0.4	205	0	0	0	0	0.0
0.301947623919	0.401075268817	206	0	0	0	0	0.0
0.302149819193	0.402150537634	207	0	0	0	0	0.0
0.303245974531	0.401075268817	208	0	0	0	0	0.0
0.30430116771	0.402150537634	209	0	0	0	0	0.0
0.306776803987	0.403225806452	210	0	0	0	0	0.0
0.309925782415	0.404301075269	211	0	0	0	0	0.0
0.312011014405	0.404301075269	212	0	0	0	0	0.0
0.312053398602	0.404301075269	213	0	0	0	0	0.0
0.312625797744	0.405376344086	214	0	0	0	0	0.0
0.313663136289	0.405376344086	215	0	0	0	0	0.0
0.314897413479	0.406451612903	216	0	0	0	0	0.0
0.315535046455	0.405376344086	217	0	0	0	0	0.0
0.3175836661	0.406451612903	218	0	0	0	0	0.0
0.317929179255	0.40752688172	219	0	0	0	0	0.0
0.320168213561	0.408602150538	220	0	0	0	0	0.0
0.321281730453	0.40752688172	221	0	0	0	0	0.0
0.324745054686	0.40752688172	222	0	0	0	0	0.0
0.330940538119	0.406451612903	223	0	0	0	0	0.0
0.332425250747	0.40752688172	224	0	0	0	0	0.0
0.332622497346	0.408602150538	225	0	0	0	0	0.0
0.337098111233	0.408602150538	226	0	0	0	0	0.0
0.337823841633	0.40752688172	227	0	0	0	0	0.0
0.343663420064	0.408602150538	228	0	0	0	0	0.0
0.34399692799	0.409677419355	229	0	0	0	0	0.0
0.344178786946	0.410752688172	230	0	0	0	0	0.0
0.34556444192	0.410752688172	231	0	0	0	0	0.0
0.348371946043	0.410752688172	232	0	0	0	0	0.0
0.350452617984	0.411827956989	233	0	0	0	0	0.0
0.350781890878	0.411827956989	234	0	0	0	0	0.0
0.352662676102	0.411827956989	235	0	0	0	0	0.0
0.354179593279	0.412903225806	236	0	0	0	0	0.0
0.356735298295	0.411827956989	237	0	0	0	0	0.0
0.358299755947	0.412903225806	238	0	0	0	0	0.0
0.358725094719	0.413978494624	239	0	0	0	0	0.0
0.359057232717	0.415053763441	240	0	0	0	0	0.0
0.359184827447	0.416129032258	241	0	0	0	0	0.0
0.359217346633	0.416129032258	242	0	0	0	0	0.0
0.36086417048	0.415053763441	243	0	0	0	0	0.0
0.364021323199	0.416129032258	244	0	0	0	0	0.0
0.364155622704	0.416129032258	245	0	0	0	0	0.0
0.36563744968	0.415053763441	246	0	0	0	0	0.0
0.366624080046	0.416129032258	247	0	0	0	0	0.0
0.368223425178	0.417204301075	248	0	0	0	0	0.0
0.370360639902	0.416129032258	249	0	0	0	0	0.0
0.372335921015	0.417204301075	250	0	0	0	0	0.0
0.372970986669	0.418279569892	251	0	0	0	0	0.0
0.374068011398	0.41935483871	252	0	0	0	0	0.0
0.375674226223	0.420430107527	253	0	0	0	0	0.0
0.376420342813	0.421505376344	254	0	0	0	0	0.0
0.377228473443	0.420430107527	255	0	0	0	0	0.0
0.379979421186	0.421505376344	256	0	0	0	0	0.0
0.3804326144	0.422580645161	257	0	0	0	0	0.0
0.380873097633	0.423655913978	258	0	0	0	0	0.0
0.385454623276	0.424731182796	259	0	0	0	0	0.0
0.386172927614	0.423655913978	260	0	0	0	0	0.0
0.39115831743	0.424731182796	261	0	0	0	0	0.0
0.392230540964	0.425806451613	262	0	0	0	0	0.0
0.392982068259	0.424731182796	263	0	0	0	0	0.0
0.395345334283	0.425806451613	264	0	0	0	0	0.0
0.397408493121	0.424731182796	265	0	0	0	0	0.0
0.405610111223	0.425806451613	266	0	0	0	0	0.0
0.409658044775	0.42688172043	267	0	0	0	0	0.0
0.409784138431	0.425806451613	268	0	0	0	0	0.0
0.410988143432	0.42688172043	269	0	0	0	0	0.0
0.41354569425	0.42688172043	270	0	0	0	0	0.0
0.415337880922	0.42688172043	271	0	0	0	0	0.0
0.417367113629	0.42688172043	272	0	0	0	0	0.0
0.417643646854	0.427956989247	273	0	0	0	0	0.0
0.421216363541	0.42688172043	274	0	0	0	0	0.0
0.424061188604	0.427956989247	275	0	0	0	0	0.0
0.424619622792	0.42688172043	276	0	0	0	0	0.0
0.426571960521	0.427956989247	277	0	0	0	0	0.0
0.427755193951	0.427956989247	278	0	0	0	0	0.0
0.42831479578	0.427956989247	279	0	0	0	0	0.0
0.42946680243	0.427956989247	280	0	0	0	0	0.0
0.429591905739	0.429032258065	281	0	0	0	0	0.0
0.430080540307	0.430107526882	282	0	0	0	0	0.0
0.433380477688	0.431182795699	283	0	0	0	0	0.0
0.433505609937	0.432258064516	284	0	0	0	0	0.0
0.436017567287	0.433333333333	285	0	0	0	0	0.0
0.436609809967	0.433333333333	286	0	0	0	0	0.0
0.439023260426	0.433333333333	287	0	0	0	0	0.0
0.440078898601	0.434408602151	288	0	0	0	0	0.0
0.440503827072	0.435483870968	289	0	0	0	0	0.0
0.443683685936	0.434408602151	290	0	0	0	0	0.0
0.445358311912	0.435483870968	291	0	0	0	0	0.0
0.446174898699	0.436559139785	292	0	0	0	0	0.0
0.446492508137	0.437634408602	293	0	0	0	0	0.0
0.446951446439	0.438709677419	294	0	0	0	0	0.0
0.447172970357	0.439784946237	295	0	0	0	0	0.0
0.449658618027	0.438709677419	296	0	0	0	0	0.0
0.450551426624	0.439784946237	297	0	0	0	0	0.0
0.451442161931	0.438709677419	298	0	0	0	0	0.0
0.451477547748	0.437634408602	299	0	0	0	0	0.0
0.455416893962	0.437634408602	300	0	0	0	0	0.0
0.459387767751	0.438709677419	301	0	0	0	0	0.0
0.460703926916	0.437634408602	302	0	0	0	0	0.0
0.460826718137	0.437634408602	303	0	0	0	0	0.0
0.46122851135	0.436559139785	304	0	0	0	0	0.0
0.46234406658	0.435483870968	305	0	0	0	0	0.0
0.46302840353	0.436559139785	306	0	0	0	0	0.0
0.467375243388	0.435483870968	307	0	0	0	0	0.0
0.471124149093	0.436559139785	308	0	0	0	0	0.0
0.471542841069	0.435483870968	309	0	0	0	0	0.0
0.473171173626	0.436559139785	310	0	0	0	0	0.0
0.473497001472	0.437634408602	311	0	0	0	0	0.0
0.474153315462	0.437634408602	312	0	0	0	0	0.0
0.477116364863	0.436559139785	313	0	0	0	0	0.0
0.479040758675	0.437634408602	314	0	0	0	0	0.0
0.479427707519	0.438709677419	315	0	0	0	0	0.0
0.480103857555	0.439784946237	316	0	0	0	0	0.0
0.48192000669	0.440860215054	317	0	0	0	0	0.0
0.483641983334	0.440860215054	318	0	0	0	0	0.0
0.487621418432	0.441935483871	319	0	0	0	0	0.0
0.487874525	0.443010752688	320	0	0	0	0	0.0
0.488139130583	0.443010752688	321	0	0	0	0	0.0
0.490647012292	0.443010752688	322	0	0	0	0	0.0
0.490804973574	0.444086021505	323	0	0	0	0	0.0
0.493863874006	0.443010752688	324	0	0	0	0	0.0
0.494388597721	0.444086021505	325	0	0	0	0	0.0
0.494393606375	0.445161290323	326	0	0	0	0	0.0
0.494604083854	0.445161290323	327	0	0	0	0	0.0
0.494625443119	0.44623655914	328	0	0	0	0	0.0
0.495639657193	0.445161290323	329	0	0	0	0	0.0
0.497104658577	0.44623655914	330	0	0	0	0	0.0
0.497208894926	0.44623655914	331	0	0	0	0	0.0
0.499102622956	0.447311827957	332	0	0	0	0	0.0
0.501067810275	0.448387096774	333	0	0	0	0	0.0
0.504193458376	0.448387096774	334	0	0	0	0	0.0
0.504691205316	0.447311827957	335	0	0	0	0	0.0
0.505658962545	0.447311827957	336	0	0	0	0	0.0
0.506966362208	0.448387096774	337	0	0	0	0	0.0
0.507370273902	0.447311827957	338	0	0	0	0	0.0
0.508986213706	0.447311827957	339	0	0	0	0	0.0
0.511137896174	0.448387096774	340	0	0	0	0	0.0
0.511988751202	0.449462365591	341	0	0	0	0	0.0
0.512944204218	0.449462365591	342	0	0	0	0	0.0
0.514262820284	0.450537634409	343	0	0	0	0	0.0
0.516619031707	0.450537634409	344	0	0	0	0	0.0
0.516644930015	0.451612903226	345	0	0	0	0	0.0
0.517559266146	0.450537634409	346	0	0	0	0	0.0
0.520032583095	0.451612903226	347	0	0	0	0	0.0
0.520830341684	0.452688172043	348	0	0	0	0	0.0
0.522448100896	0.45376344086	349	0	0	0	0	0.0
0.523976387079	0.454838709677	350	0	0	0	0	0.0
0.524173002382	0.454838709677	351	0	0	0	0	0.0
0.525827879753	0.455913978495	352	0	0	0	0	0.0
0.527310199536	0.454838709677	353	0	0	0	0	0.0
0.530280518232	0.45376344086	354	0	0	0	0	0.0
0.531634326806	0.454838709677	355	0	0	0	0	0.0
0.532466635816	0.45376344086	356	0	0	0	0	0.0
0.535730467451	0.454838709677	357	0	0	0	0	0.0
0.536850859289	0.455913978495	358	0	0	0	0	0.0
0.537369355437	0.455913978495	359	0	0	0	0	0.0
0.537677383584	0.454838709677	360	0	0	0	0	0.0
0.541865540274	0.45376344086	361	0	0	0	0	0.0
0.546955850533	0.454838709677	362	0	0	0	0	0.0
0.547568226944	0.45376344086	363	0	0	0	0	0.0
0.552761339167	0.454838709677	364	0	0	0	0	0.0
0.553803828516	0.454838709677	365	0	0	0	0	0.0
0.558853559563	0.45376344086	366	0	0	0	0	0.0
0.559008092682	0.452688172043	367	0	0	0	0	0.0
0.559072946802	0.45376344086	368	0	0	0	0	0.0
0.561426670949	0.45376344086	369	0	0	0	0	0.0
0.56165354198	0.45376344086	370	0	0	0	0	0.0
0.563176871496	0.45376344086	371	0	0	0	0	0.0
0.565505408123	0.452688172043	372	0	0	0	0	0.0
0.565603936645	0.45376344086	373	0	0	0	0	0.0
0.567286567749	0.45376344086	374	0	0	0	0	0.0
0.568344215626	0.454838709677	375	0	0	0	0	0.0
0.570856870672	0.45376344086	376	0	0	0	0	0.0
0.571347781965	0.45376344086	377	0	0	0	0	0.0
0.572529881718	0.45376344086	378	0	0	0	0	0.0
0.572932182553	0.45376344086	379	0	0	0	0	0.0
0.576641865436	0.452688172043	380	0	0	0	0	0.0
0.57693238441	0.452688172043	381	0	0	0	0	0.0
0.577049279377	0.452688172043	382	0	0	0	0	0.0
0.578114422506	0.45376344086	383	0	0	0	0	0.0
0.578660859246	0.454838709677	384	0	0	0	0	0.0
0.57972096802	0.455913978495	385	0	0	0	0	0.0
0.579738587973	0.455913978495	386	0	0	0	0	0.0
0.581187361458	0.455913978495	387	0	0	0	0	0.0
0.58119331439	0.456989247312	388	0	0	0	0	0.0
0.582657846706	0.458064516129	389	0	0	0	0	0.0
0.582972863326	0.456989247312	390	0	0	0	0	0.0
0.585112497882	0.456989247312	391	0	0	0	0	0.0
0.588856412461	0.458064516129	392	0	0	0	0	0.0
0.589220038585	0.458064516129	393	0	0	0	0	0.0
0.590111993353	0.459139784946	394	0	0	0	0	0.0
0.59225599965	0.459139784946	395	0	0	0	0	0.0
0.593625297102	0.460215053763	396	0	0	0	0	0.0
0.593712022532	0.459139784946	397	0	0	0	0	0.0
0.597246604988	0.460215053763	398	0	0	0	0	0.0
0.599622599148	0.459139784946	399	0	0	0	0	0.0
0.600356826862	0.459139784946	400	0	0	0	0	0.0
0.602107803896	0.460215053763	401	0	0	0	0	0.0
0.604953368217	0.460215053763	402	0	0	0	0	0.0
0.607176120002	0.461290322581	403	0	0	0	0	0.0
0.609731805271	0.461290322581	404	0	0	0	0	0.0
0.611331910547	0.462365591398	405	0	0	0	0	0.0
0.612189595198	0.463440860215	406	0	0	0	0	0.0
0.613141610003	0.464516129032	407	0	0	0	0	0.0
0.613379448207	0.465591397849	408	0	0	0	0	0.0
0.613472186591	0.466666666667	409	0	0	0	0	0.0
0.615941987149	0.467741935484	410	0	0	0	0	0.0
0.616938762689	0.468817204301	411	0	0	0	0	0.0
0.618526049004	0.469892473118	412	0	0	0	0	0.0
0.62118466125	0.468817204301	413	0	0	0	0	0.0
0.621244500407	0.469892473118	414	0	0	0	0	0.0
0.624088254095	0.470967741935	415	0	0	0	0	0.0
0.630190879653	0.469892473118	416	0	0	0	0	0.0
0.631589838831	0.468817204301	417	0	0	0	0	0.0
0.633314714754	0.468817204301	418	0	0	0	0	0.0
0.633520960735	0.467741935484	419	0	0	0	0	0.0
0.634470810001	0.467741935484	420	0	0	0	0	0.0
0.634517133571	0.467741935484	421	0	0	0	0	0.0
0.639670513981	0.468817204301	422	0	0	0	0	0.0
0.640352649858	0.469892473118	423	0	0	0	0	0.0
0.643144065512	0.470967741935	424	0	0	0	0	0.0
0.643251395783	0.472043010753	425	0	0	0	0	0.0
0.644390941376	0.47311827957	426	0	0	0	0	0.0
0.645567374681	0.474193548387	427	0	0	0	0	0.0
0.646086621318	0.47311827957	428	0	0	0	0	0.0
0.646338161159	0.47311827957	429	0	0	0	0	0.0
0.646766727396	0.474193548387	430	0	0	0	0	0.0
0.647311443681	0.47311827957	431	0	0	0	0	0.0
0.648569380118	0.474193548387	432	0	0	0	0	0.0
0.653011394473	0.47311827957	433	0	0	0	0	0.0
0.65408090763	0.47311827957	434	0	0	0	0	0.0
0.655400047598	0.474193548387	435	0	0	0	0	0.0
0.657321977304	0.475268817204	436	0	0	0	0	0.0
0.658921789792	0.475268817204	437	0	0	0	0	0.0
0.659651645778	0.476344086022	438	0	0	0	0	0.0
0.660585583585	0.477419354839	439	0	0	0	0	0.0
0.660621512102	0.478494623656	440	0	0	0	0	0.0
0.66619368655	0.477419354839	441	0	0	0	0	0.0
0.666331455121	0.478494623656	442	0	0	0	0	0.0
0.666738228283	0.479569892473	443	0	0	0	0	0.0
0.667028325494	0.48064516129	444	0	0	0	0	0.0
0.667724398662	0.48064516129	445	0	0	0	0	0.0
0.668099086647	0.48064516129	446	0	0	0	0	0.0
0.668544215858	0.481720430108	447	0	0	0	0	0.0
0.668626204908	0.482795698925	448	0	0	0	0	0.0
0.670921464208	0.483870967742	449	0	0	0	0	0.0
0.672214663033	0.484946236559	450	0	0	0	0	0.0
0.673113553981	0.484946236559	451	0	0	0	0	0.0
0.674342242044	0.486021505376	452	0	0	0	0	0.0
0.677530896489	0.486021505376	453	0	0	0	0	0.0
0.678922870977	0.487096774194	454	0	0	0	0	0.0
0.680705097731	0.488172043011	455	0	0	0	0	0.0
0.68085097648	0.487096774194	456	0	0	0	0	0.0
0.681306700163	0.486021505376	457	0	0	0	0	0.0
0.684143284076	0.487096774194	458	0	0	0	0	0.0
0.686999390846	0.486021505376	459	0	0	0	0	0.0
0.687278709136	0.484946236559	460	0	0	0	0	0.0
0.687608422496	0.483870967742	461	0	0	0	0	0.0
0.692991257791	0.356989247312	461	1	216	0	118	0.203799654577
0.694212501947	0.355913978495	462	1	216	0	118	0.203448275862
0.699688063745	0.354838709677	463	1	216	0	118	0.203098106713
0.702423618987	0.354838709677	464	1	216	0	118	0.202749140893
0.703197360323	0.35376344086	465	1	216	0	118	0.202401372213
0.705493865315	0.354838709677	466	1	216	0	118	0.202054794521
0.707603702912	0.355913978495	467	1	216	0	118	0.201709401709
0.709219181375	0.356989247312	468	1	216	0	118	0.201365187713
0.710923637632	0.355913978495	469	1	216	0	118	0.201022146508
0.711245768392	0.355913978495	470	1	216	0	118	0.200680272109
0.711477069801	0.355913978495	471	1	216	0	118	0.200339558574
0.71510991497	0.356989247312	472	1	216	0	118	0.2
0.717825522679	0.358064516129	473	1	216	0	118	0.199661590525
0.720486183116	0.359139784946	474	1	216	0	118	0.199324324324
0.723025838932	0.360215053763	475	1	216	0	118	0.198988195616
0.726199289728	0.361290322581	476	1	216	0	118	0.198653198653
0.726795119446	0.362365591398	477	1	216	0	118	0.198319327731
0.727271271881	0.362365591398	478	1	216	0	118	0.197986577181
0.728678916199	0.363440860215	479	1	216	0	118	0.197654941374
0.730770740786	0.364516129032	480	1	216	0	118	0.197324414716
0.731337841241	0.364516129032	481	1	216	0	118	0.196994991653
0.731689341649	0.365591397849	482	1	216	0	118	0.196666666667
0.735269091719	0.366666666667	483	1	216	0	118	0.196339434276
0.735732305315	0.365591397849	484	1	216	0	118	0.196013289037
0.735776165839	0.366666666667	485	1	216	0	118	0.195688225539
0.740752294986	0.367741935484	486	1	216	0	118	0.195364238411
0.741682723538	0.368817204301	487	1	216	0	118	0.195041322314
0.746640335565	0.369892473118	488	1	216	0	118	0.194719471947
0.747377904477	0.370967741935	489	1	216	0	118	0.194398682043
0.747809924952	0.372043010753	490	1	216	0	118	0.194078947368
0.748042668408	0.163440860215	490	2	462	0	312	0.389027431421
0.750146285276	0.163440860215	491	2	462	0	312	0.388542963885
0.751007365845	0.164516129032	492	2	462	0	312	0.388059701493
0.752001892602	0.165591397849	493	2	462	0	312	0.387577639752
0.752506341212	0.166666666667	494	2	462	0	312	0.387096774194
0.752604884757	0.167741935484	495	2	462	0	312	0.386617100372
0.75361008554	0.168817204301	496	2	462	0	312	0.386138613861
0.754602242757	0.168817204301	497	2	462	0	312	0.38566131026
0.755358673352	0.169892473118	498	2	462	0	312	0.385185185185
0.756285967414	0.170967741935	499	2	462	0	312	0.384710234279
0.757397952806	0.172043010753	500	2	462	0	312	0.384236453202
0.759547910736	0.17311827957	501	2	462	0	312	0.383763837638
0.768568741463	0.174193548387	502	2	462	0	312	0.383292383292
0.768663159384	0.174193548387	503	2	462	0	312	0.38282208589
0.771081132536	0.175268817204	504	2	462	0	312	0.382352941176
0.771238078081	0.176344086022	505	2	462	0	312	0.38188494492
0.772273639782	0.177419354839	506	2	462	0	312	0.38141809291
0.773316528781	0.178494623656	507	2	462	0	312	0.380952380952
0.778180635753	0.179569892473	508	2	462	0	312	0.380487804878
0.778403225788	0.18064516129	509	2	462	0	312	0.380024360536
0.781199644601	0.181720430108	510	2	462	0	312	0.379562043796
0.782370472519	0.182795698925	511	2	462	0	312	0.379100850547
0.784042553154	0.183870967742	512	2	462	0	312	0.378640776699
0.785418349466	0.183870967742	513	2	462	0	312	0.378181818182
0.785794645634	0.184946236559	514	2	462	0	312	0.377723970944
0.785811143599	0.183870967742	515	2	462	0	312	0.377267230955
0.785847345086	0.184946236559	516	2	462	0	312	0.376811594203
0.786051499204	0.184946236559	517	2	462	0	312	0.376357056695
0.786794987345	0.184946236559	518	2	462	0	312	0.375903614458
