# time 	 divergence 	 # of mutations 	 # IGC chances 	 IGC length 	 # IGC failures 	 Changes due to IGC  	 % change due to IGC 
0.0	0.0081799591002	0	0	0	0	0	0.0
0.00316774203817	0.0102249488753	1	0	0	0	0	0.0
0.0034403347771	0.0122699386503	2	0	0	0	0	0.0
0.003578727135	0.0143149284254	3	0	0	0	0	0.0
0.0083436372735	0.00204498977505	3	1	396	0	6	0.666666666667
0.0085823207803	0.0040899795501	4	1	396	0	6	0.6
0.0118582007928	0.00613496932515	5	1	396	0	6	0.545454545455
0.0124962348262	0.00204498977505	5	2	399	0	8	0.615384615385
0.0135978635339	0.0	5	3	489	0	9	0.642857142857
0.0158970686631	0.0	5	4	345	0	9	0.642857142857
0.019251712956	0.00204498977505	6	4	345	0	9	0.6
0.0235640983252	0.0040899795501	7	4	345	0	9	0.5625
0.0254634020929	0.00613496932515	8	4	345	0	9	0.529411764706
0.0259642045715	0.0081799591002	9	4	345	0	9	0.5
0.031586917337	0.0102249488753	10	4	345	0	9	0.473684210526
0.0317742211878	0.0122699386503	11	4	345	0	9	0.45
0.0349445356207	0.0143149284254	12	4	345	0	9	0.428571428571
0.0366781872394	0.00613496932515	12	5	156	0	13	0.52
0.039246278735	0.0081799591002	13	5	156	0	13	0.5
0.0409141387988	0.0102249488753	14	5	156	0	13	0.481481481481
0.0414530085949	0.0122699386503	15	5	156	0	13	0.464285714286
0.0444244420135	0.0102249488753	16	5	156	0	13	0.448275862069
0.045912837991	0.0122699386503	17	5	156	0	13	0.433333333333
0.0462214092876	0.0143149284254	18	5	156	0	13	0.41935483871
0.0466119184927	0.0	18	6	453	0	20	0.526315789474
0.0467345392948	0.0	18	7	270	0	20	0.526315789474
0.0479928535579	0.00204498977505	19	7	270	0	20	0.512820512821
0.0509186334105	0.0040899795501	20	7	270	0	20	0.5
0.0521675212279	0.00613496932515	21	7	270	0	20	0.487804878049
