# time 	 divergence 	 # of mutations 	 # IGC chances 	 IGC length 	 # IGC failures 	 Changes due to IGC  	 % change due to IGC 
0.0	0.534408602151	0	0	0	0	0	0.0
0.00158480107738	0.534408602151	1	0	0	0	0	0.0
0.00398476933033	0.535483870968	2	0	0	0	0	0.0
0.00452578145776	0.534408602151	3	0	0	0	0	0.0
0.00856196823903	0.534408602151	4	0	0	0	0	0.0
0.00906696071219	0.535483870968	5	0	0	0	0	0.0
0.0113840867999	0.536559139785	6	0	0	0	0	0.0
0.012402099754	0.537634408602	7	0	0	0	0	0.0
0.0145148113827	0.537634408602	8	0	0	0	0	0.0
0.0153394374202	0.538709677419	9	0	0	0	0	0.0
0.0162737000938	0.537634408602	10	0	0	0	0	0.0
0.0171438558643	0.538709677419	11	0	0	0	0	0.0
0.0199512042998	0.538709677419	12	0	0	0	0	0.0
0.0216700339555	0.539784946237	13	0	0	0	0	0.0
0.0235829754958	0.539784946237	14	0	0	0	0	0.0
0.0245777849769	0.540860215054	15	0	0	0	0	0.0
0.0248086154051	0.541935483871	16	0	0	0	0	0.0
0.0287973107051	0.543010752688	17	0	0	0	0	0.0
0.0288992136791	0.543010752688	18	0	0	0	0	0.0
0.0291803796129	0.541935483871	19	0	0	0	0	0.0
0.0296299807627	0.541935483871	20	0	0	0	0	0.0
0.0297428171639	0.541935483871	21	0	0	0	0	0.0
0.0302189641662	0.541935483871	22	0	0	0	0	0.0
0.0318450269087	0.543010752688	23	0	0	0	0	0.0
0.0321154141342	0.543010752688	24	0	0	0	0	0.0
0.0322357506112	0.544086021505	25	0	0	0	0	0.0
0.0324620842596	0.545161290323	26	0	0	0	0	0.0
0.0332442145316	0.54623655914	27	0	0	0	0	0.0
0.0336079441931	0.547311827957	28	0	0	0	0	0.0
0.0347198372545	0.547311827957	29	0	0	0	0	0.0
0.0350525876742	0.548387096774	30	0	0	0	0	0.0
0.0359144860663	0.548387096774	31	0	0	0	0	0.0
0.037394880203	0.547311827957	32	0	0	0	0	0.0
0.0378659266624	0.548387096774	33	0	0	0	0	0.0
0.0407355410186	0.547311827957	34	0	0	0	0	0.0
0.0435865715722	0.547311827957	35	0	0	0	0	0.0
0.0454708299243	0.548387096774	36	0	0	0	0	0.0
0.0469151892842	0.548387096774	37	0	0	0	0	0.0
0.0506591077665	0.547311827957	38	0	0	0	0	0.0
0.0540102671709	0.548387096774	39	0	0	0	0	0.0
0.0571860054821	0.548387096774	40	0	0	0	0	0.0
0.0615096739216	0.549462365591	41	0	0	0	0	0.0
0.0630062812049	0.550537634409	42	0	0	0	0	0.0
0.063090312172	0.549462365591	43	0	0	0	0	0.0
0.0641986138728	0.550537634409	44	0	0	0	0	0.0
0.067599022095	0.550537634409	45	0	0	0	0	0.0
0.0683621097002	0.551612903226	46	0	0	0	0	0.0
0.0683904500407	0.552688172043	47	0	0	0	0	0.0
0.0700449966924	0.55376344086	48	0	0	0	0	0.0
0.071899725883	0.552688172043	49	0	0	0	0	0.0
0.0722936946888	0.552688172043	50	0	0	0	0	0.0
0.0752387622155	0.552688172043	51	0	0	0	0	0.0
0.0754184984696	0.552688172043	52	0	0	0	0	0.0
0.076081013705	0.55376344086	53	0	0	0	0	0.0
0.077264871568	0.55376344086	54	0	0	0	0	0.0
0.0780160986161	0.55376344086	55	0	0	0	0	0.0
0.0789702588775	0.552688172043	56	0	0	0	0	0.0
0.0803399662884	0.552688172043	57	0	0	0	0	0.0
0.0822904910591	0.551612903226	58	0	0	0	0	0.0
0.083940064392	0.551612903226	59	0	0	0	0	0.0
0.0843455828946	0.552688172043	60	0	0	0	0	0.0
0.0884544952884	0.551612903226	61	0	0	0	0	0.0
0.0903183618268	0.551612903226	62	0	0	0	0	0.0
0.0922530781844	0.551612903226	63	0	0	0	0	0.0
0.0927807090449	0.552688172043	64	0	0	0	0	0.0
0.0975624953018	0.552688172043	65	0	0	0	0	0.0
0.0982116888018	0.552688172043	66	0	0	0	0	0.0
0.0993714172889	0.55376344086	67	0	0	0	0	0.0
0.100209024445	0.554838709677	68	0	0	0	0	0.0
0.10035471731	0.555913978495	69	0	0	0	0	0.0
0.100480520366	0.555913978495	70	0	0	0	0	0.0
0.101305862718	0.555913978495	71	0	0	0	0	0.0
0.103484346139	0.554838709677	72	0	0	0	0	0.0
0.107051759388	0.555913978495	73	0	0	0	0	0.0
0.107990905457	0.556989247312	74	0	0	0	0	0.0
0.109215176572	0.558064516129	75	0	0	0	0	0.0
0.109810441103	0.556989247312	76	0	0	0	0	0.0
0.114091283872	0.556989247312	77	0	0	0	0	0.0
0.114156647184	0.556989247312	78	0	0	0	0	0.0
0.115302195458	0.558064516129	79	0	0	0	0	0.0
0.117056612551	0.559139784946	80	0	0	0	0	0.0
0.120557006891	0.558064516129	81	0	0	0	0	0.0
0.12134637793	0.559139784946	82	0	0	0	0	0.0
0.122129823472	0.559139784946	83	0	0	0	0	0.0
0.122819503134	0.558064516129	84	0	0	0	0	0.0
0.126038778599	0.559139784946	85	0	0	0	0	0.0
0.126198311185	0.559139784946	86	0	0	0	0	0.0
0.13053058054	0.560215053763	87	0	0	0	0	0.0
0.133715135636	0.561290322581	88	0	0	0	0	0.0
0.134731160082	0.560215053763	89	0	0	0	0	0.0
0.135068078811	0.561290322581	90	0	0	0	0	0.0
0.138126661714	0.562365591398	91	0	0	0	0	0.0
0.139507261545	0.562365591398	92	0	0	0	0	0.0
0.141725707947	0.561290322581	93	0	0	0	0	0.0
0.142687992318	0.560215053763	94	0	0	0	0	0.0
