# time 	 divergence 	 # of mutations 	 # IGC chances 	 IGC length 	 # IGC failures 	 Changes due to IGC  	 % change due to IGC 
0.0	0.306748466258	0	0	0	0	0	0.0
0.00208170924292	0.304703476483	1	0	0	0	0	0.0
0.00518017156859	0.306748466258	2	0	0	0	0	0.0
0.00685673296066	0.308793456033	3	0	0	0	0	0.0
0.0071960568772	0.306748466258	4	0	0	0	0	0.0
0.00824360528196	0.308793456033	5	0	0	0	0	0.0
0.00839148619869	0.310838445808	6	0	0	0	0	0.0
0.00931373941894	0.312883435583	7	0	0	0	0	0.0
0.0101928319253	0.314928425358	8	0	0	0	0	0.0
0.0107196705073	0.314928425358	9	0	0	0	0	0.0
0.0120411746663	0.314928425358	10	0	0	0	0	0.0
0.0123807461325	0.316973415133	11	0	0	0	0	0.0
0.017611427253	0.319018404908	12	0	0	0	0	0.0
0.0218851774353	0.321063394683	13	0	0	0	0	0.0
0.0270392600597	0.323108384458	14	0	0	0	0	0.0
0.0297393277031	0.274028629857	14	1	57	0	24	0.631578947368
0.0321740390071	0.271983640082	15	1	57	0	24	0.615384615385
0.0329719874339	0.274028629857	16	1	57	0	24	0.6
0.0357415622576	0.276073619632	17	1	57	0	24	0.585365853659
0.0454914098041	0.278118609407	18	1	57	0	24	0.571428571429
0.0503462223863	0.280163599182	19	1	57	0	24	0.558139534884
0.052717017617	0.280163599182	20	1	57	0	24	0.545454545455
0.0528172040358	0.278118609407	21	1	57	0	24	0.533333333333
0.0532948366802	0.280163599182	22	1	57	0	24	0.521739130435
0.0572362714856	0.278118609407	23	1	57	0	24	0.510638297872
