# time 	 divergence 	 # of mutations 	 # IGC chances 	 IGC length 	 # IGC failures 	 Changes due to IGC  	 % change due to IGC 
0.0	0.51935483871	0	0	0	0	0	0.0
0.00203264972016	0.51935483871	1	0	0	0	0	0.0
0.00330174963811	0.51935483871	2	0	0	0	0	0.0
0.00355277462294	0.520430107527	3	0	0	0	0	0.0
0.00646589870302	0.521505376344	4	0	0	0	0	0.0
0.00941093266404	0.522580645161	5	0	0	0	0	0.0
0.00962291113416	0.523655913978	6	0	0	0	0	0.0
0.0103226088114	0.524731182796	7	0	0	0	0	0.0
0.0175803580257	0.525806451613	8	0	0	0	0	0.0
0.0260166163217	0.52688172043	9	0	0	0	0	0.0
0.0274879154214	0.52688172043	10	0	0	0	0	0.0
0.0280704039235	0.527956989247	11	0	0	0	0	0.0
0.028674654153	0.529032258065	12	0	0	0	0	0.0
0.0306656988674	0.530107526882	13	0	0	0	0	0.0
0.030917581574	0.530107526882	14	0	0	0	0	0.0
0.0326619791286	0.530107526882	15	0	0	0	0	0.0
0.0334850160021	0.529032258065	16	0	0	0	0	0.0
0.0356535938451	0.527956989247	17	0	0	0	0	0.0
0.0357710892876	0.529032258065	18	0	0	0	0	0.0
0.0417797159732	0.527956989247	19	0	0	0	0	0.0
0.0449168246174	0.529032258065	20	0	0	0	0	0.0
0.04762202947	0.529032258065	21	0	0	0	0	0.0
0.0501775145507	0.527956989247	22	0	0	0	0	0.0
0.051958229574	0.527956989247	23	0	0	0	0	0.0
0.0523259057908	0.527956989247	24	0	0	0	0	0.0
0.0524878571701	0.529032258065	25	0	0	0	0	0.0
0.055313589049	0.529032258065	26	0	0	0	0	0.0
0.0569842547948	0.529032258065	27	0	0	0	0	0.0
0.0626503599915	0.530107526882	28	0	0	0	0	0.0
0.0633496382793	0.530107526882	29	0	0	0	0	0.0
0.0642156136388	0.531182795699	30	0	0	0	0	0.0
0.0659908497278	0.532258064516	31	0	0	0	0	0.0
0.066027925764	0.533333333333	32	0	0	0	0	0.0
0.0663080411304	0.532258064516	33	0	0	0	0	0.0
0.0673107061785	0.533333333333	34	0	0	0	0	0.0
0.0680583032663	0.533333333333	35	0	0	0	0	0.0
0.0684869255684	0.534408602151	36	0	0	0	0	0.0
0.0720422733448	0.535483870968	37	0	0	0	0	0.0
0.0725242443821	0.536559139785	38	0	0	0	0	0.0
0.07448981457	0.535483870968	39	0	0	0	0	0.0
0.0745111024586	0.536559139785	40	0	0	0	0	0.0
0.0746354483942	0.536559139785	41	0	0	0	0	0.0
0.0794861937504	0.537634408602	42	0	0	0	0	0.0
0.0799227961457	0.537634408602	43	0	0	0	0	0.0
0.0803740087413	0.536559139785	44	0	0	0	0	0.0
0.082594436396	0.535483870968	45	0	0	0	0	0.0
0.0847331077362	0.535483870968	46	0	0	0	0	0.0
0.0871769573098	0.535483870968	47	0	0	0	0	0.0
0.0878138612789	0.536559139785	48	0	0	0	0	0.0
0.0906361094862	0.536559139785	49	0	0	0	0	0.0
0.0944599918336	0.536559139785	50	0	0	0	0	0.0
0.0953328885484	0.537634408602	51	0	0	0	0	0.0
0.0954092573825	0.538709677419	52	0	0	0	0	0.0
0.0958295243482	0.539784946237	53	0	0	0	0	0.0
0.0974990864924	0.538709677419	54	0	0	0	0	0.0
0.105684717987	0.539784946237	55	0	0	0	0	0.0
0.105714801498	0.540860215054	56	0	0	0	0	0.0
0.106123574872	0.541935483871	57	0	0	0	0	0.0
0.106807195089	0.541935483871	58	0	0	0	0	0.0
0.108217226532	0.543010752688	59	0	0	0	0	0.0
0.110024333857	0.544086021505	60	0	0	0	0	0.0
0.111055732657	0.544086021505	61	0	0	0	0	0.0
0.11149476682	0.545161290323	62	0	0	0	0	0.0
0.116555708948	0.54623655914	63	0	0	0	0	0.0
0.117086826427	0.547311827957	64	0	0	0	0	0.0
0.117334261846	0.548387096774	65	0	0	0	0	0.0
0.117794117162	0.548387096774	66	0	0	0	0	0.0
0.118908418531	0.549462365591	67	0	0	0	0	0.0
0.121059985098	0.549462365591	68	0	0	0	0	0.0
0.121666406866	0.549462365591	69	0	0	0	0	0.0
0.122338234217	0.548387096774	70	0	0	0	0	0.0
0.123123189994	0.548387096774	71	0	0	0	0	0.0
0.123216064749	0.549462365591	72	0	0	0	0	0.0
0.125972007355	0.550537634409	73	0	0	0	0	0.0
0.126059181726	0.551612903226	74	0	0	0	0	0.0
0.126185166368	0.551612903226	75	0	0	0	0	0.0
0.12811028032	0.552688172043	76	0	0	0	0	0.0
0.130063145736	0.552688172043	77	0	0	0	0	0.0
0.131538979407	0.55376344086	78	0	0	0	0	0.0
0.13670762109	0.552688172043	79	0	0	0	0	0.0
0.138292039234	0.551612903226	80	0	0	0	0	0.0
0.13844818303	0.550537634409	81	0	0	0	0	0.0
0.145481444932	0.551612903226	82	0	0	0	0	0.0
0.145771031529	0.550537634409	83	0	0	0	0	0.0
0.146437706491	0.551612903226	84	0	0	0	0	0.0
0.14977910515	0.550537634409	85	0	0	0	0	0.0
0.150326647354	0.550537634409	86	0	0	0	0	0.0
0.150685526638	0.549462365591	87	0	0	0	0	0.0
0.152435162783	0.549462365591	88	0	0	0	0	0.0
0.152840591504	0.549462365591	89	0	0	0	0	0.0
0.155100610233	0.548387096774	90	0	0	0	0	0.0
0.158331812233	0.549462365591	91	0	0	0	0	0.0
0.158980784956	0.549462365591	92	0	0	0	0	0.0
0.160591817334	0.550537634409	93	0	0	0	0	0.0
0.162173212028	0.549462365591	94	0	0	0	0	0.0
0.162612765934	0.550537634409	95	0	0	0	0	0.0
0.162812251518	0.551612903226	96	0	0	0	0	0.0
0.162838959661	0.551612903226	97	0	0	0	0	0.0
0.16341134032	0.552688172043	98	0	0	0	0	0.0
0.166028390916	0.55376344086	99	0	0	0	0	0.0
0.174622203258	0.552688172043	100	0	0	0	0	0.0
0.175736166099	0.552688172043	101	0	0	0	0	0.0
0.177881850377	0.551612903226	102	0	0	0	0	0.0
0.178314182736	0.552688172043	103	0	0	0	0	0.0
0.178342587248	0.55376344086	104	0	0	0	0	0.0
0.179291116233	0.55376344086	105	0	0	0	0	0.0
0.18267468957	0.55376344086	106	0	0	0	0	0.0
0.182735541578	0.552688172043	107	0	0	0	0	0.0
0.183547042885	0.552688172043	108	0	0	0	0	0.0
0.184240058407	0.552688172043	109	0	0	0	0	0.0
0.184707441587	0.551612903226	110	0	0	0	0	0.0
0.187363708446	0.550537634409	111	0	0	0	0	0.0
0.187512047988	0.550537634409	112	0	0	0	0	0.0
0.189116338587	0.549462365591	113	0	0	0	0	0.0
0.189772514297	0.550537634409	114	0	0	0	0	0.0
0.189939555672	0.551612903226	115	0	0	0	0	0.0
0.190340141648	0.550537634409	116	0	0	0	0	0.0
0.193539811359	0.549462365591	117	0	0	0	0	0.0
0.193930048639	0.549462365591	118	0	0	0	0	0.0
0.19594096875	0.548387096774	119	0	0	0	0	0.0
0.202372556267	0.549462365591	120	0	0	0	0	0.0
0.203592713941	0.550537634409	121	0	0	0	0	0.0
0.20656160322	0.551612903226	122	0	0	0	0	0.0
0.206956146897	0.552688172043	123	0	0	0	0	0.0
0.207328187802	0.55376344086	124	0	0	0	0	0.0
0.207779672619	0.55376344086	125	0	0	0	0	0.0
0.21024473406	0.554838709677	126	0	0	0	0	0.0
0.212579832547	0.554838709677	127	0	0	0	0	0.0
0.213455355725	0.554838709677	128	0	0	0	0	0.0
0.214531097568	0.55376344086	129	0	0	0	0	0.0
0.217526468641	0.552688172043	130	0	0	0	0	0.0
0.217553411684	0.551612903226	131	0	0	0	0	0.0
0.219468855751	0.551612903226	132	0	0	0	0	0.0
0.220178070986	0.552688172043	133	0	0	0	0	0.0
0.222349894535	0.55376344086	134	0	0	0	0	0.0
0.223639501438	0.554838709677	135	0	0	0	0	0.0
0.224790590127	0.55376344086	136	0	0	0	0	0.0
0.2249557577	0.55376344086	137	0	0	0	0	0.0
0.227408944156	0.552688172043	138	0	0	0	0	0.0
0.229242226229	0.551612903226	139	0	0	0	0	0.0
0.232896090918	0.552688172043	140	0	0	0	0	0.0
0.235441824308	0.551612903226	141	0	0	0	0	0.0
0.238680098881	0.550537634409	142	0	0	0	0	0.0
0.238699803929	0.549462365591	143	0	0	0	0	0.0
0.238713338928	0.549462365591	144	0	0	0	0	0.0
0.239322175457	0.549462365591	145	0	0	0	0	0.0
0.241596205264	0.548387096774	146	0	0	0	0	0.0
0.241927011142	0.547311827957	147	0	0	0	0	0.0
0.246653169762	0.547311827957	148	0	0	0	0	0.0
0.248391825124	0.547311827957	149	0	0	0	0	0.0
0.248896543436	0.547311827957	150	0	0	0	0	0.0
0.250914846161	0.547311827957	151	0	0	0	0	0.0
0.25212926973	0.547311827957	152	0	0	0	0	0.0
0.253160827819	0.548387096774	153	0	0	0	0	0.0
0.254180697198	0.547311827957	154	0	0	0	0	0.0
0.255764455433	0.54623655914	155	0	0	0	0	0.0
0.256945159458	0.54623655914	156	0	0	0	0	0.0
0.257172910958	0.54623655914	157	0	0	0	0	0.0
0.257202710806	0.545161290323	158	0	0	0	0	0.0
0.261747682732	0.544086021505	159	0	0	0	0	0.0
0.269667192332	0.545161290323	160	0	0	0	0	0.0
0.271347639225	0.54623655914	161	0	0	0	0	0.0
0.272447579612	0.54623655914	162	0	0	0	0	0.0
0.272810117807	0.547311827957	163	0	0	0	0	0.0
0.273925673251	0.54623655914	164	0	0	0	0	0.0
0.27427257335	0.54623655914	165	0	0	0	0	0.0
0.275195547927	0.54623655914	166	0	0	0	0	0.0
0.276824157538	0.547311827957	167	0	0	0	0	0.0
0.279515473567	0.547311827957	168	0	0	0	0	0.0
0.280755010506	0.547311827957	169	0	0	0	0	0.0
0.282789513364	0.547311827957	170	0	0	0	0	0.0
0.285141415378	0.547311827957	171	0	0	0	0	0.0
0.285761666094	0.547311827957	172	0	0	0	0	0.0
0.2870521438	0.54623655914	173	0	0	0	0	0.0
0.287272538657	0.54623655914	174	0	0	0	0	0.0
0.288749074913	0.545161290323	175	0	0	0	0	0.0
0.292050160475	0.544086021505	176	0	0	0	0	0.0
0.295105318612	0.545161290323	177	0	0	0	0	0.0
0.295119388503	0.544086021505	178	0	0	0	0	0.0
0.296666513728	0.544086021505	179	0	0	0	0	0.0
0.301006299952	0.544086021505	180	0	0	0	0	0.0
0.302120049537	0.543010752688	181	0	0	0	0	0.0
0.305545760226	0.541935483871	182	0	0	0	0	0.0
0.305776076633	0.540860215054	183	0	0	0	0	0.0
0.305801389474	0.541935483871	184	0	0	0	0	0.0
0.309665785737	0.543010752688	185	0	0	0	0	0.0
0.311331601552	0.541935483871	186	0	0	0	0	0.0
0.312562398852	0.543010752688	187	0	0	0	0	0.0
0.313527183146	0.544086021505	188	0	0	0	0	0.0
0.317442175394	0.544086021505	189	0	0	0	0	0.0
0.319353522059	0.544086021505	190	0	0	0	0	0.0
0.321000191426	0.545161290323	191	0	0	0	0	0.0
0.321183880831	0.54623655914	192	0	0	0	0	0.0
0.3245153365	0.547311827957	193	0	0	0	0	0.0
0.325191809633	0.54623655914	194	0	0	0	0	0.0
0.325213401574	0.54623655914	195	0	0	0	0	0.0
0.325702210862	0.54623655914	196	0	0	0	0	0.0
0.326953951834	0.545161290323	197	0	0	0	0	0.0
0.328660427641	0.545161290323	198	0	0	0	0	0.0
0.329795318581	0.545161290323	199	0	0	0	0	0.0
0.330560597333	0.54623655914	200	0	0	0	0	0.0
0.333127829759	0.547311827957	201	0	0	0	0	0.0
0.333623424562	0.54623655914	202	0	0	0	0	0.0
0.334340523672	0.547311827957	203	0	0	0	0	0.0
0.336502271288	0.54623655914	204	0	0	0	0	0.0
0.33727227446	0.547311827957	205	0	0	0	0	0.0
0.344496561369	0.547311827957	206	0	0	0	0	0.0
0.345673971504	0.54623655914	207	0	0	0	0	0.0
0.345937494702	0.547311827957	208	0	0	0	0	0.0
0.3486846914	0.547311827957	209	0	0	0	0	0.0
0.349164382978	0.547311827957	210	0	0	0	0	0.0
0.35101866251	0.54623655914	211	0	0	0	0	0.0
0.352126833759	0.547311827957	212	0	0	0	0	0.0
0.354349174022	0.54623655914	213	0	0	0	0	0.0
0.355834648804	0.545161290323	214	0	0	0	0	0.0
0.357477131385	0.544086021505	215	0	0	0	0	0.0
0.35802738774	0.543010752688	216	0	0	0	0	0.0
0.359100633831	0.544086021505	217	0	0	0	0	0.0
0.360421947694	0.544086021505	218	0	0	0	0	0.0
0.361234153857	0.545161290323	219	0	0	0	0	0.0
0.365107299362	0.545161290323	220	0	0	0	0	0.0
0.371040432757	0.544086021505	221	0	0	0	0	0.0
0.372073904874	0.544086021505	222	0	0	0	0	0.0
0.374131186445	0.544086021505	223	0	0	0	0	0.0
0.377488145389	0.545161290323	224	0	0	0	0	0.0
0.379033274204	0.545161290323	225	0	0	0	0	0.0
0.379427540906	0.545161290323	226	0	0	0	0	0.0
0.38180712336	0.544086021505	227	0	0	0	0	0.0
0.383140469847	0.544086021505	228	0	0	0	0	0.0
0.384017920598	0.544086021505	229	0	0	0	0	0.0
0.386914342801	0.544086021505	230	0	0	0	0	0.0
0.387813400004	0.543010752688	231	0	0	0	0	0.0
0.388142296405	0.544086021505	232	0	0	0	0	0.0
0.393991200575	0.544086021505	233	0	0	0	0	0.0
0.394752858495	0.545161290323	234	0	0	0	0	0.0
0.394755096811	0.544086021505	235	0	0	0	0	0.0
0.395188319749	0.545161290323	236	0	0	0	0	0.0
0.396038613433	0.54623655914	237	0	0	0	0	0.0
0.396757463702	0.545161290323	238	0	0	0	0	0.0
0.399950440596	0.544086021505	239	0	0	0	0	0.0
0.401220865868	0.545161290323	240	0	0	0	0	0.0
0.405367092425	0.54623655914	241	0	0	0	0	0.0
0.405733234097	0.545161290323	242	0	0	0	0	0.0
0.406290672964	0.54623655914	243	0	0	0	0	0.0
0.408982295168	0.547311827957	244	0	0	0	0	0.0
0.411348916291	0.548387096774	245	0	0	0	0	0.0
0.422243383897	0.548387096774	246	0	0	0	0	0.0
0.422836686281	0.548387096774	247	0	0	0	0	0.0
0.426055210291	0.547311827957	248	0	0	0	0	0.0
0.426593684378	0.54623655914	249	0	0	0	0	0.0
0.428316276845	0.545161290323	250	0	0	0	0	0.0
0.428508291902	0.545161290323	251	0	0	0	0	0.0
0.428876728548	0.544086021505	252	0	0	0	0	0.0
0.42973014343	0.545161290323	253	0	0	0	0	0.0
0.4301981954	0.54623655914	254	0	0	0	0	0.0
0.43096202267	0.547311827957	255	0	0	0	0	0.0
0.431119859935	0.547311827957	256	0	0	0	0	0.0
0.431133723862	0.54623655914	257	0	0	0	0	0.0
0.432475398553	0.54623655914	258	0	0	0	0	0.0
0.432948942332	0.54623655914	259	0	0	0	0	0.0
0.437867342368	0.54623655914	260	0	0	0	0	0.0
0.447887725033	0.547311827957	261	0	0	0	0	0.0
0.449518719917	0.547311827957	262	0	0	0	0	0.0
0.45144120013	0.54623655914	263	0	0	0	0	0.0
0.454089713532	0.547311827957	264	0	0	0	0	0.0
0.455513276109	0.547311827957	265	0	0	0	0	0.0
0.45794112429	0.548387096774	266	0	0	0	0	0.0
0.458737063089	0.547311827957	267	0	0	0	0	0.0
0.459554278939	0.547311827957	268	0	0	0	0	0.0
0.459922790981	0.547311827957	269	0	0	0	0	0.0
0.46106330422	0.547311827957	270	0	0	0	0	0.0
0.461816186975	0.548387096774	271	0	0	0	0	0.0
0.463604411005	0.547311827957	272	0	0	0	0	0.0
0.469970073364	0.54623655914	273	0	0	0	0	0.0
0.471175120098	0.547311827957	274	0	0	0	0	0.0
0.475426155036	0.547311827957	275	0	0	0	0	0.0
