# time 	 divergence 	 # of mutations 	 # IGC chances 	 IGC length 	 # IGC failures 	 Changes due to IGC  	 % change due to IGC 
0.0	0.324731182796	0	0	0	0	0	0.0
0.000525648351618	0.324731182796	1	0	0	0	0	0.0
0.000692911386938	0.325806451613	2	0	0	0	0	0.0
0.00164901205224	0.32688172043	3	0	0	0	0	0.0
0.0029139447131	0.327956989247	4	0	0	0	0	0.0
0.00380835560311	0.327956989247	5	0	0	0	0	0.0
0.00614889671045	0.327956989247	6	0	0	0	0	0.0
0.00675557932827	0.329032258065	7	0	0	0	0	0.0
0.00768574566148	0.329032258065	8	0	0	0	0	0.0
0.00933834554236	0.330107526882	9	0	0	0	0	0.0
0.00937827838246	0.331182795699	10	0	0	0	0	0.0
0.0100415680144	0.330107526882	11	0	0	0	0	0.0
0.0113928815866	0.330107526882	12	0	0	0	0	0.0
0.0117402840728	0.329032258065	13	0	0	0	0	0.0
0.0140136913268	0.330107526882	14	0	0	0	0	0.0
0.0177477423509	0.330107526882	15	0	0	0	0	0.0
0.0191189842011	0.329032258065	16	0	0	0	0	0.0
0.0192237137634	0.330107526882	17	0	0	0	0	0.0
0.0200030384968	0.329032258065	18	0	0	0	0	0.0
0.0212687977861	0.329032258065	19	0	0	0	0	0.0
0.0214427044731	0.330107526882	20	0	0	0	0	0.0
0.0243976063956	0.330107526882	21	0	0	0	0	0.0
0.0252377875418	0.330107526882	22	0	0	0	0	0.0
0.0263680118414	0.331182795699	23	0	0	0	0	0.0
0.0266654581997	0.332258064516	24	0	0	0	0	0.0
0.0281252838453	0.332258064516	25	0	0	0	0	0.0
0.0320062313069	0.332258064516	26	0	0	0	0	0.0
0.0330314962977	0.333333333333	27	0	0	0	0	0.0
0.0375750554073	0.334408602151	28	0	0	0	0	0.0
0.0383315051211	0.335483870968	29	0	0	0	0	0.0
0.0404160189207	0.336559139785	30	0	0	0	0	0.0
0.0406407506938	0.335483870968	31	0	0	0	0	0.0
0.0411682678322	0.334408602151	32	0	0	0	0	0.0
0.0470582079254	0.335483870968	33	0	0	0	0	0.0
0.0494321652084	0.336559139785	34	0	0	0	0	0.0
0.0520701366847	0.337634408602	35	0	0	0	0	0.0
0.0528935297689	0.336559139785	36	0	0	0	0	0.0
0.0582886123002	0.335483870968	37	0	0	0	0	0.0
0.0586812895161	0.336559139785	38	0	0	0	0	0.0
0.0603731608539	0.336559139785	39	0	0	0	0	0.0
0.0694061861393	0.337634408602	40	0	0	0	0	0.0
0.0705990272673	0.338709677419	41	0	0	0	0	0.0
0.072962688262	0.339784946237	42	0	0	0	0	0.0
0.0737212375862	0.340860215054	43	0	0	0	0	0.0
0.0741271841435	0.339784946237	44	0	0	0	0	0.0
0.0747455526357	0.340860215054	45	0	0	0	0	0.0
0.074914049242	0.339784946237	46	0	0	0	0	0.0
0.0751610988186	0.339784946237	47	0	0	0	0	0.0
0.0757574724069	0.339784946237	48	0	0	0	0	0.0
0.0767581136135	0.340860215054	49	0	0	0	0	0.0
0.0782935462468	0.341935483871	50	0	0	0	0	0.0
0.0788758202381	0.343010752688	51	0	0	0	0	0.0
0.0800803019269	0.343010752688	52	0	0	0	0	0.0
0.0830250787175	0.343010752688	53	0	0	0	0	0.0
0.0852169283307	0.343010752688	54	0	0	0	0	0.0
0.0877414922144	0.344086021505	55	0	0	0	0	0.0
0.0892615775215	0.345161290323	56	0	0	0	0	0.0
0.0893482105466	0.345161290323	57	0	0	0	0	0.0
0.0894659047351	0.34623655914	58	0	0	0	0	0.0
0.0906307523084	0.347311827957	59	0	0	0	0	0.0
0.0925337600598	0.347311827957	60	0	0	0	0	0.0
0.0932779799715	0.348387096774	61	0	0	0	0	0.0
0.0934334010638	0.349462365591	62	0	0	0	0	0.0
0.096791168315	0.348387096774	63	0	0	0	0	0.0
0.0968842784345	0.349462365591	64	0	0	0	0	0.0
0.0990527426964	0.350537634409	65	0	0	0	0	0.0
0.100254632965	0.351612903226	66	0	0	0	0	0.0
0.1007941714	0.352688172043	67	0	0	0	0	0.0
0.106936321532	0.35376344086	68	0	0	0	0	0.0
0.109931006024	0.354838709677	69	0	0	0	0	0.0
0.111802948747	0.354838709677	70	0	0	0	0	0.0
0.112486350163	0.354838709677	71	0	0	0	0	0.0
0.112602274053	0.355913978495	72	0	0	0	0	0.0
0.116867282675	0.355913978495	73	0	0	0	0	0.0
0.11863318608	0.356989247312	74	0	0	0	0	0.0
0.119061787894	0.355913978495	75	0	0	0	0	0.0
0.119220829036	0.356989247312	76	0	0	0	0	0.0
0.120345803161	0.358064516129	77	0	0	0	0	0.0
0.120448921245	0.359139784946	78	0	0	0	0	0.0
0.120665374755	0.360215053763	79	0	0	0	0	0.0
0.121271289068	0.361290322581	80	0	0	0	0	0.0
0.121865404188	0.362365591398	81	0	0	0	0	0.0
0.122984479216	0.361290322581	82	0	0	0	0	0.0
0.122997455622	0.360215053763	83	0	0	0	0	0.0
0.123006151036	0.361290322581	84	0	0	0	0	0.0
0.128641387324	0.361290322581	85	0	0	0	0	0.0
0.128784917659	0.362365591398	86	0	0	0	0	0.0
0.129157086993	0.362365591398	87	0	0	0	0	0.0
0.130562681085	0.362365591398	88	0	0	0	0	0.0
0.131219932288	0.362365591398	89	0	0	0	0	0.0
0.131456294153	0.363440860215	90	0	0	0	0	0.0
0.134753344774	0.310752688172	90	1	171	0	49	0.352517985612
0.134944943268	0.311827956989	91	1	171	0	49	0.35
0.138626657901	0.312903225806	92	1	171	0	49	0.347517730496
0.141059873886	0.312903225806	93	1	171	0	49	0.345070422535
0.142912862006	0.313978494624	94	1	171	0	49	0.342657342657
0.143836019912	0.313978494624	95	1	171	0	49	0.340277777778
0.149323313195	0.315053763441	96	1	171	0	49	0.337931034483
0.151143613368	0.316129032258	97	1	171	0	49	0.335616438356
0.151312606744	0.317204301075	98	1	171	0	49	0.333333333333
0.152440155801	0.318279569892	99	1	171	0	49	0.331081081081
0.1561829603	0.31935483871	100	1	171	0	49	0.328859060403
0.157734644235	0.318279569892	101	1	171	0	49	0.326666666667
0.161715745701	0.317204301075	102	1	171	0	49	0.324503311258
0.161954514112	0.318279569892	103	1	171	0	49	0.322368421053
0.16403154011	0.31935483871	104	1	171	0	49	0.320261437908
0.165496067863	0.320430107527	105	1	171	0	49	0.318181818182
0.167132030847	0.321505376344	106	1	171	0	49	0.316129032258
0.169188949913	0.322580645161	107	1	171	0	49	0.314102564103
0.169576976249	0.322580645161	108	1	171	0	49	0.312101910828
0.16996669814	0.322580645161	109	1	171	0	49	0.310126582278
0.170117744387	0.323655913978	110	1	171	0	49	0.308176100629
0.17146681273	0.324731182796	111	1	171	0	49	0.30625
0.173637292788	0.324731182796	112	1	171	0	49	0.304347826087
0.177325628086	0.323655913978	113	1	171	0	49	0.302469135802
0.178727815109	0.323655913978	114	1	171	0	49	0.300613496933
0.17998343082	0.324731182796	115	1	171	0	49	0.298780487805
0.184350684876	0.325806451613	116	1	171	0	49	0.29696969697
0.185855703623	0.32688172043	117	1	171	0	49	0.295180722892
0.185969506246	0.327956989247	118	1	171	0	49	0.293413173653
0.186918132286	0.329032258065	119	1	171	0	49	0.291666666667
0.188649858295	0.330107526882	120	1	171	0	49	0.289940828402
0.188994592903	0.329032258065	121	1	171	0	49	0.288235294118
0.191496686936	0.330107526882	122	1	171	0	49	0.286549707602
0.191510194168	0.331182795699	123	1	171	0	49	0.28488372093
0.192056940246	0.331182795699	124	1	171	0	49	0.28323699422
0.192845578671	0.331182795699	125	1	171	0	49	0.281609195402
0.193404888038	0.332258064516	126	1	171	0	49	0.28
0.19452241423	0.333333333333	127	1	171	0	49	0.278409090909
0.199760784272	0.334408602151	128	1	171	0	49	0.276836158192
0.200341579886	0.335483870968	129	1	171	0	49	0.275280898876
0.200347600916	0.336559139785	130	1	171	0	49	0.27374301676
0.202178909036	0.337634408602	131	1	171	0	49	0.272222222222
0.203888682391	0.337634408602	132	1	171	0	49	0.270718232044
0.203926809163	0.338709677419	133	1	171	0	49	0.269230769231
0.209006217451	0.338709677419	134	1	171	0	49	0.267759562842
0.210593655773	0.339784946237	135	1	171	0	49	0.266304347826
0.212090788539	0.339784946237	136	1	171	0	49	0.264864864865
0.215099117769	0.340860215054	137	1	171	0	49	0.263440860215
0.215644837987	0.339784946237	138	1	171	0	49	0.262032085561
0.216934098934	0.340860215054	139	1	171	0	49	0.260638297872
0.217920619112	0.339784946237	140	1	171	0	49	0.259259259259
0.223773435936	0.340860215054	141	1	171	0	49	0.257894736842
0.22492747388	0.340860215054	142	1	171	0	49	0.256544502618
0.226671880903	0.341935483871	143	1	171	0	49	0.255208333333
0.226910868187	0.343010752688	144	1	171	0	49	0.253886010363
0.227275936041	0.343010752688	145	1	171	0	49	0.252577319588
0.227654728424	0.344086021505	146	1	171	0	49	0.251282051282
0.230167004355	0.345161290323	147	1	171	0	49	0.25
0.232104478368	0.344086021505	148	1	171	0	49	0.248730964467
0.232990679096	0.345161290323	149	1	171	0	49	0.247474747475
0.233080635625	0.34623655914	150	1	171	0	49	0.246231155779
0.235447741247	0.34623655914	151	1	171	0	49	0.245
0.238806296589	0.347311827957	152	1	171	0	49	0.243781094527
0.241793547287	0.348387096774	153	1	171	0	49	0.242574257426
0.242007720495	0.349462365591	154	1	171	0	49	0.241379310345
0.24280948898	0.349462365591	155	1	171	0	49	0.240196078431
0.243471011362	0.349462365591	156	1	171	0	49	0.239024390244
0.244208948567	0.348387096774	157	1	171	0	49	0.23786407767
0.244611346169	0.349462365591	158	1	171	0	49	0.236714975845
0.246137738432	0.349462365591	159	1	171	0	49	0.235576923077
0.247415926926	0.350537634409	160	1	171	0	49	0.234449760766
0.247767617484	0.351612903226	161	1	171	0	49	0.233333333333
0.248983271176	0.352688172043	162	1	171	0	49	0.232227488152
0.25247273761	0.35376344086	163	1	171	0	49	0.231132075472
0.255218006522	0.354838709677	164	1	171	0	49	0.230046948357
0.255433200778	0.354838709677	165	1	171	0	49	0.228971962617
0.255566864733	0.355913978495	166	1	171	0	49	0.227906976744
0.256218318258	0.355913978495	167	1	171	0	49	0.226851851852
0.257427053809	0.356989247312	168	1	171	0	49	0.225806451613
0.258523771298	0.358064516129	169	1	171	0	49	0.224770642202
0.260896935384	0.358064516129	170	1	171	0	49	0.223744292237
0.261057954088	0.359139784946	171	1	171	0	49	0.222727272727
0.264265377593	0.360215053763	172	1	171	0	49	0.221719457014
0.266192604204	0.361290322581	173	1	171	0	49	0.220720720721
0.268102134456	0.362365591398	174	1	171	0	49	0.219730941704
0.269110773474	0.362365591398	175	1	171	0	49	0.21875
0.269628198686	0.362365591398	176	1	171	0	49	0.217777777778
0.27166728839	0.361290322581	177	1	171	0	49	0.216814159292
0.273468310945	0.362365591398	178	1	171	0	49	0.215859030837
0.275168486607	0.361290322581	179	1	171	0	49	0.214912280702
0.275389905058	0.361290322581	180	1	171	0	49	0.213973799127
0.275459149443	0.362365591398	181	1	171	0	49	0.213043478261
0.275490716866	0.363440860215	182	1	171	0	49	0.212121212121
0.277361699881	0.363440860215	183	1	171	0	49	0.211206896552
0.278453311829	0.363440860215	184	1	171	0	49	0.210300429185
0.278519102059	0.364516129032	185	1	171	0	49	0.209401709402
0.279004280668	0.365591397849	186	1	171	0	49	0.208510638298
0.279256651415	0.364516129032	187	1	171	0	49	0.207627118644
0.280753014057	0.364516129032	188	1	171	0	49	0.206751054852
0.281046273649	0.364516129032	189	1	171	0	49	0.205882352941
0.28431072119	0.364516129032	190	1	171	0	49	0.205020920502
0.284312436928	0.364516129032	191	1	171	0	49	0.204166666667
0.284662713736	0.365591397849	192	1	171	0	49	0.203319502075
0.285371836689	0.365591397849	193	1	171	0	49	0.202479338843
0.287592272065	0.366666666667	194	1	171	0	49	0.201646090535
0.291394838409	0.367741935484	195	1	171	0	49	0.200819672131
0.292152528523	0.366666666667	196	1	171	0	49	0.2
0.294372090616	0.367741935484	197	1	171	0	49	0.19918699187
0.295651559335	0.367741935484	198	1	171	0	49	0.198380566802
0.295985560388	0.368817204301	199	1	171	0	49	0.197580645161
0.296657707172	0.367741935484	200	1	171	0	49	0.196787148594
0.296858239172	0.368817204301	201	1	171	0	49	0.196
0.296863293927	0.368817204301	202	1	171	0	49	0.195219123506
0.300861074564	0.369892473118	203	1	171	0	49	0.194444444444
0.302373343125	0.370967741935	204	1	171	0	49	0.193675889328
0.306505840749	0.372043010753	205	1	171	0	49	0.192913385827
0.306808579609	0.37311827957	206	1	171	0	49	0.192156862745
