# time 	 divergence 	 # of mutations 	 # IGC chances 	 IGC length 	 # IGC failures 	 Changes due to IGC  	 % change due to IGC 
0.0	0.136752136752	0	0	0	0	0	0.0
0.00107671594903	0.138888888889	1	0	0	0	0	0.0
0.00380220987688	0.141025641026	2	0	0	0	0	0.0
0.00400909988594	0.141025641026	3	0	0	0	0	0.0
0.00529491343387	0.143162393162	4	0	0	0	0	0.0
0.00557035268272	0.145299145299	5	0	0	0	0	0.0
0.00709898998027	0.147435897436	6	0	0	0	0	0.0
0.00999210139793	0.149572649573	7	0	0	0	0	0.0
0.0101087224298	0.151709401709	8	0	0	0	0	0.0
0.0106972047635	0.153846153846	9	0	0	0	0	0.0
0.0108556452421	0.153846153846	10	0	0	0	0	0.0
0.0146928761924	0.151709401709	11	0	0	0	0	0.0
0.0169438599524	0.153846153846	12	0	0	0	0	0.0
0.0170870113815	0.155982905983	13	0	0	0	0	0.0
0.0175121544403	0.155982905983	14	0	0	0	0	0.0
0.0237612942451	0.15811965812	15	0	0	0	0	0.0
0.0251349621978	0.160256410256	16	0	0	0	0	0.0
0.0256466244321	0.162393162393	17	0	0	0	0	0.0
0.0323644059825	0.16452991453	18	0	0	0	0	0.0
0.035146374814	0.166666666667	19	0	0	0	0	0.0
0.0358718234049	0.166666666667	20	0	0	0	0	0.0
