# time 	 divergence 	 # of mutations 	 # IGC chances 	 IGC length 	 # IGC failures 	 Changes due to IGC  	 % change due to IGC 
0.0	0.250487329435	0	0	0	0	0	0.0
0.000861533398886	0.250487329435	0	1	3	0	0	0.0
0.0018140507109	0.248538011696	0	2	3	0	2	1.0
0.00214330049942	0.248538011696	0	3	3	0	2	1.0
0.00216902713519	0.247563352827	0	4	3	0	3	1.0
0.0028251082477	0.246588693957	0	5	3	0	4	1.0
0.0029283109409	0.246588693957	1	5	3	0	4	0.8
0.00377145666627	0.245614035088	1	6	3	0	5	0.833333333333
0.00552881074261	0.246588693957	2	6	3	0	5	0.714285714286
0.00637175605931	0.245614035088	3	6	3	0	5	0.625
0.00729837273493	0.246588693957	4	6	3	0	5	0.555555555556
0.00776972427487	0.245614035088	4	7	3	0	6	0.6
0.0079432565886	0.24269005848	4	8	3	0	9	0.692307692308
0.0093400236723	0.240740740741	4	9	3	0	11	0.733333333333
0.0109419492302	0.24171539961	5	9	3	0	11	0.6875
0.0112054263707	0.240740740741	5	10	3	0	12	0.705882352941
0.0123664984077	0.237816764133	5	11	3	0	15	0.75
0.0124653374816	0.236842105263	5	12	3	0	16	0.761904761905
0.0128845691229	0.237816764133	6	12	3	0	16	0.727272727273
0.0130127603494	0.235867446394	6	13	3	0	18	0.75
0.0134932438315	0.236842105263	7	13	3	0	18	0.72
0.0137171502607	0.235867446394	8	13	3	0	18	0.692307692308
0.0160114939263	0.235867446394	8	14	3	0	18	0.692307692308
0.0168113567341	0.234892787524	8	15	3	0	19	0.703703703704
0.0179733886901	0.234892787524	8	16	3	0	19	0.703703703704
0.0183050454789	0.235867446394	9	16	3	0	19	0.678571428571
0.0186049315043	0.234892787524	9	17	3	0	20	0.689655172414
0.0189687310352	0.233918128655	9	18	3	0	21	0.7
0.0199843270489	0.234892787524	10	18	3	0	21	0.677419354839
0.0202430181828	0.235867446394	11	18	3	0	21	0.65625
0.0210085844355	0.235867446394	11	19	3	0	21	0.65625
0.0212357137871	0.236842105263	12	19	3	0	21	0.636363636364
0.0214503534142	0.235867446394	13	19	3	0	21	0.617647058824
0.0217422509559	0.235867446394	13	20	3	0	21	0.617647058824
0.0236290144779	0.236842105263	14	20	3	0	21	0.6
0.0239076363839	0.235867446394	14	21	3	0	22	0.611111111111
0.0239257014556	0.234892787524	14	22	3	0	23	0.621621621622
0.0256269779747	0.233918128655	14	23	3	0	24	0.631578947368
0.0257238462881	0.234892787524	15	23	3	0	24	0.615384615385
0.0263173412042	0.233918128655	15	24	3	0	25	0.625
0.0264574747614	0.231968810916	15	25	3	0	27	0.642857142857
0.026990718596	0.231968810916	15	26	3	0	27	0.642857142857
0.0269983992136	0.232943469786	16	26	3	0	27	0.627906976744
0.0274367385852	0.232943469786	16	27	3	0	27	0.627906976744
0.0282355458748	0.233918128655	17	27	3	0	27	0.613636363636
0.028308803068	0.233918128655	17	28	3	0	27	0.613636363636
0.0290203867567	0.234892787524	18	28	3	0	27	0.6
0.0292799498568	0.235867446394	19	28	3	0	27	0.586956521739
0.0294552152743	0.236842105263	20	28	3	0	27	0.574468085106
0.0304654026665	0.236842105263	21	28	3	0	27	0.5625
0.0306867493487	0.237816764133	22	28	3	0	27	0.551020408163
0.0363809480402	0.236842105263	22	29	3	0	28	0.56
0.0368651175311	0.236842105263	22	30	3	0	28	0.56
0.0379286809104	0.235867446394	22	31	3	0	29	0.56862745098
0.0409165799866	0.235867446394	22	32	3	0	29	0.56862745098
0.041706037557	0.235867446394	22	33	3	0	29	0.56862745098
0.0421342167017	0.236842105263	23	33	3	0	29	0.557692307692
0.0421737314072	0.236842105263	23	34	3	0	29	0.557692307692
0.0426298599657	0.237816764133	24	34	3	0	29	0.547169811321
0.0450041138163	0.237816764133	24	35	3	0	29	0.547169811321
0.0455094799849	0.236842105263	24	36	3	0	30	0.555555555556
0.0460349514661	0.236842105263	25	36	3	0	30	0.545454545455
0.048488439957	0.234892787524	25	37	3	0	32	0.561403508772
0.0487869049177	0.235867446394	26	37	3	0	32	0.551724137931
0.0519416527459	0.234892787524	27	37	3	0	32	0.542372881356
0.0520538760086	0.234892787524	27	38	3	0	32	0.542372881356
0.052782281174	0.234892787524	27	39	3	0	32	0.542372881356
0.0528965552625	0.234892787524	28	39	3	0	32	0.533333333333
0.0550966660275	0.234892787524	29	39	3	0	32	0.524590163934
0.05661226896	0.232943469786	29	40	3	0	34	0.539682539683
0.0570919527959	0.232943469786	29	41	3	0	34	0.539682539683
0.0577744183819	0.231968810916	29	42	3	0	35	0.546875
0.0588364693724	0.229044834308	29	43	3	0	38	0.567164179104
0.0588490281234	0.229044834308	29	44	3	0	38	0.567164179104
0.0598141128913	0.230019493177	30	44	3	0	38	0.558823529412
0.0616898511574	0.230994152047	31	44	3	0	38	0.550724637681
0.061703227253	0.229044834308	31	45	3	0	40	0.56338028169
0.0621673652721	0.230019493177	32	45	3	0	40	0.555555555556
0.0626473763372	0.230019493177	32	46	3	0	40	0.555555555556
0.0636654068831	0.229044834308	32	47	3	0	41	0.561643835616
0.0637905434656	0.228070175439	32	48	3	0	42	0.567567567568
0.0648616266741	0.229044834308	33	48	3	0	42	0.56
0.0653246900162	0.229044834308	33	49	3	0	42	0.56
0.0656027724413	0.230019493177	34	49	3	0	42	0.552631578947
0.0699119091993	0.229044834308	35	49	3	0	42	0.545454545455
0.070129141475	0.228070175439	35	50	3	0	43	0.551282051282
0.0703854399995	0.228070175439	35	51	3	0	43	0.551282051282
0.0721532767978	0.229044834308	36	51	3	0	43	0.544303797468
0.0721647080059	0.230019493177	37	51	3	0	43	0.5375
0.0723422890243	0.229044834308	37	52	3	0	44	0.543209876543
0.0744827175114	0.229044834308	37	53	3	0	44	0.543209876543
0.0747664999565	0.229044834308	37	54	3	0	44	0.543209876543
0.0754011764729	0.230019493177	38	54	3	0	44	0.536585365854
0.0761801662671	0.230019493177	38	55	3	0	44	0.536585365854
0.0767608825625	0.230019493177	38	56	3	0	44	0.536585365854
0.0775906391913	0.229044834308	38	57	3	0	45	0.542168674699
0.0799544853366	0.227095516569	38	58	3	0	47	0.552941176471
0.0799635997867	0.227095516569	39	58	3	0	47	0.546511627907
0.0802178839249	0.227095516569	39	59	3	0	47	0.546511627907
0.0831131948308	0.228070175439	40	59	3	0	47	0.540229885057
0.0835319330682	0.227095516569	40	60	3	0	48	0.545454545455
0.0840977183221	0.227095516569	40	61	3	0	48	0.545454545455
0.0860191825612	0.228070175439	41	61	3	0	48	0.539325842697
0.0869749299573	0.227095516569	41	62	3	0	49	0.544444444444
0.0869950467818	0.228070175439	42	62	3	0	49	0.538461538462
0.0876148384346	0.227095516569	42	63	3	0	50	0.54347826087
0.0880515063301	0.228070175439	43	63	3	0	50	0.537634408602
0.0882528874712	0.227095516569	43	64	3	0	51	0.542553191489
0.0886117440667	0.22514619883	43	65	3	0	53	0.552083333333
0.0886656415811	0.224171539961	44	65	3	0	53	0.546391752577
0.0897315643379	0.224171539961	44	66	3	0	53	0.546391752577
0.0909417758271	0.224171539961	44	67	3	0	53	0.546391752577
0.0924484084214	0.224171539961	44	68	3	0	53	0.546391752577
0.0926556777144	0.22514619883	45	68	3	0	53	0.540816326531
0.0940137314114	0.224171539961	46	68	3	0	53	0.535353535354
0.0956684685678	0.222222222222	46	69	3	0	55	0.544554455446
0.0957531554598	0.222222222222	47	69	3	0	55	0.539215686275
0.095795833767	0.223196881092	48	69	3	0	55	0.533980582524
0.0974177348887	0.224171539961	49	69	3	0	55	0.528846153846
0.0977571664428	0.223196881092	49	70	3	0	56	0.533333333333
0.0990387753929	0.223196881092	49	71	3	0	56	0.533333333333
0.100418344501	0.223196881092	49	72	3	0	56	0.533333333333
0.100663016452	0.224171539961	50	72	3	0	56	0.528301886792
0.101263226236	0.223196881092	51	72	3	0	56	0.523364485981
0.101468393789	0.223196881092	51	73	3	0	56	0.523364485981
0.102442732176	0.223196881092	51	74	3	0	56	0.523364485981
0.102739560654	0.222222222222	51	75	3	0	57	0.527777777778
0.102863643187	0.222222222222	51	76	3	0	57	0.527777777778
0.103382544216	0.221247563353	51	77	3	0	58	0.532110091743
0.103845325338	0.222222222222	52	77	3	0	58	0.527272727273
0.104786422743	0.222222222222	52	78	3	0	58	0.527272727273
0.107132531256	0.222222222222	53	78	3	0	58	0.522522522523
0.1074646481	0.223196881092	54	78	3	0	58	0.517857142857
0.107696757219	0.222222222222	54	79	3	0	59	0.522123893805
0.108505609574	0.223196881092	55	79	3	0	59	0.517543859649
0.109033635546	0.223196881092	55	80	3	0	59	0.517543859649
0.110268373321	0.222222222222	55	81	3	0	60	0.521739130435
0.112117984676	0.222222222222	55	82	3	0	60	0.521739130435
0.112290169242	0.220272904483	55	83	3	0	62	0.529914529915
0.112598177539	0.219298245614	55	84	3	0	63	0.533898305085
0.115279780675	0.219298245614	55	85	3	0	63	0.533898305085
0.115808894746	0.217348927875	55	86	3	0	65	0.541666666667
0.116846468063	0.215399610136	55	87	3	0	67	0.549180327869
0.11717587605	0.215399610136	55	88	3	0	67	0.549180327869
0.119318082613	0.216374269006	56	88	3	0	67	0.544715447154
0.119630861981	0.215399610136	56	89	3	0	68	0.548387096774
0.119775885913	0.216374269006	57	89	3	0	68	0.544
0.121271087612	0.216374269006	58	89	3	0	68	0.539682539683
0.121905044796	0.217348927875	59	89	3	0	68	0.535433070866
0.121963214771	0.216374269006	59	90	3	0	69	0.5390625
0.122264079604	0.217348927875	60	90	3	0	69	0.53488372093
0.122556060114	0.218323586745	61	90	3	0	69	0.530769230769
0.122786675746	0.219298245614	62	90	3	0	69	0.526717557252
0.122799968895	0.220272904483	63	90	3	0	69	0.522727272727
0.123068874778	0.220272904483	63	91	3	0	69	0.522727272727
0.12321747396	0.221247563353	64	91	3	0	69	0.518796992481
0.123476218048	0.220272904483	64	92	3	0	70	0.522388059701
0.123548910119	0.221247563353	65	92	3	0	70	0.518518518519
0.125138532725	0.222222222222	66	92	3	0	70	0.514705882353
0.126923924966	0.223196881092	67	92	3	0	70	0.510948905109
0.128531847098	0.222222222222	67	93	3	0	71	0.514492753623
0.129068283135	0.223196881092	68	93	3	0	71	0.510791366906
0.129520666424	0.224171539961	69	93	3	0	71	0.507142857143
0.130333181361	0.22514619883	70	93	3	0	71	0.503546099291
0.130537705127	0.2261208577	71	93	3	0	71	0.5
0.130642364925	0.2261208577	71	94	3	0	71	0.5
0.131169123064	0.227095516569	72	94	3	0	71	0.496503496503
0.131420626696	0.228070175439	73	94	3	0	71	0.493055555556
0.13155087896	0.228070175439	74	94	3	0	71	0.489655172414
0.131962852392	0.229044834308	75	94	3	0	71	0.486301369863
0.132468803202	0.229044834308	75	95	3	0	71	0.486301369863
0.13272995807	0.230019493177	76	95	3	0	71	0.482993197279
0.134942594615	0.230019493177	77	95	3	0	71	0.47972972973
0.135833342881	0.230019493177	77	96	3	0	71	0.47972972973
0.135939516155	0.229044834308	77	97	3	0	72	0.48322147651
0.136692066066	0.230019493177	78	97	3	0	72	0.48
0.136791253298	0.230019493177	78	98	3	0	72	0.48
0.13704564359	0.230019493177	78	99	3	0	72	0.48
0.137789196058	0.229044834308	78	100	3	0	73	0.483443708609
0.138877210448	0.230019493177	79	100	3	0	73	0.480263157895
0.139069079021	0.230994152047	80	100	3	0	73	0.477124183007
0.139316624491	0.231968810916	81	100	3	0	73	0.474025974026
0.139895767715	0.230994152047	81	101	3	0	74	0.477419354839
0.139904541672	0.231968810916	82	101	3	0	74	0.474358974359
0.140661436064	0.232943469786	83	101	3	0	74	0.471337579618
0.141443606475	0.232943469786	84	101	3	0	74	0.46835443038
0.142158339358	0.230994152047	84	102	3	0	76	0.475
0.142407672194	0.230994152047	85	102	3	0	76	0.472049689441
0.14309272219	0.229044834308	85	103	3	0	78	0.478527607362
0.143684687235	0.229044834308	85	104	3	0	78	0.478527607362
0.143714986871	0.229044834308	85	105	3	0	78	0.478527607362
0.143817291884	0.228070175439	85	106	3	0	79	0.481707317073
0.144007689479	0.228070175439	85	107	3	0	79	0.481707317073
0.145169613187	0.228070175439	85	108	3	0	79	0.481707317073
0.145554501208	0.228070175439	85	109	3	0	79	0.481707317073
0.146400231731	0.228070175439	85	110	3	0	79	0.481707317073
0.146732125651	0.227095516569	85	111	3	0	80	0.484848484848
0.147208380766	0.2261208577	85	112	3	0	81	0.487951807229
0.147491982497	0.227095516569	86	112	3	0	81	0.48502994012
0.147635700439	0.227095516569	86	113	3	0	81	0.48502994012
0.147676921029	0.2261208577	86	114	3	0	82	0.488095238095
0.147723556748	0.2261208577	86	115	3	0	82	0.488095238095
0.14787633338	0.2261208577	86	116	3	0	82	0.488095238095
0.148443647453	0.22514619883	86	117	3	0	83	0.491124260355
0.148515123916	0.2261208577	87	117	3	0	83	0.488235294118
0.148713778858	0.22514619883	87	118	3	0	84	0.491228070175
0.150648813792	0.2261208577	88	118	3	0	84	0.488372093023
0.150854986521	0.227095516569	89	118	3	0	84	0.485549132948
0.151472205745	0.227095516569	89	119	3	0	84	0.485549132948
0.151674878986	0.227095516569	89	120	3	0	84	0.485549132948
0.152142966402	0.2261208577	89	121	3	0	85	0.488505747126
0.154484121017	0.223196881092	89	122	3	0	88	0.497175141243
0.154485933109	0.222222222222	89	123	3	0	89	0.5
0.154561664368	0.221247563353	89	124	3	0	90	0.502793296089
0.1549754071	0.220272904483	89	125	3	0	91	0.505555555556
0.155049972715	0.220272904483	90	125	3	0	91	0.502762430939
0.155084903776	0.220272904483	90	126	3	0	91	0.502762430939
0.157257694417	0.221247563353	91	126	3	0	91	0.5
0.157993706368	0.222222222222	92	126	3	0	91	0.497267759563
0.159218298964	0.220272904483	92	127	3	0	93	0.502702702703
0.160277318561	0.221247563353	93	127	3	0	93	0.5
0.160501692074	0.221247563353	93	128	3	0	93	0.5
0.161983734336	0.219298245614	93	129	3	0	95	0.505319148936
0.163786802072	0.220272904483	94	129	3	0	95	0.502645502646
0.164853293634	0.221247563353	95	129	3	0	95	0.5
0.165389464632	0.222222222222	96	129	3	0	95	0.497382198953
0.166350727156	0.222222222222	96	130	3	0	95	0.497382198953
0.166877587673	0.222222222222	96	131	3	0	95	0.497382198953
0.167536425332	0.223196881092	97	131	3	0	95	0.494791666667
0.167729348076	0.223196881092	98	131	3	0	95	0.492227979275
0.167745582291	0.223196881092	98	132	3	0	95	0.492227979275
0.168449791833	0.223196881092	99	132	3	0	95	0.489690721649
0.168718760672	0.222222222222	99	133	3	0	96	0.492307692308
0.169212423187	0.223196881092	100	133	3	0	96	0.489795918367
0.170223245892	0.224171539961	101	133	3	0	96	0.48730964467
0.170587005119	0.221247563353	101	134	3	0	99	0.495
0.172530840109	0.219298245614	101	135	3	0	101	0.5
0.172898854604	0.219298245614	102	135	3	0	101	0.497536945813
0.173758391939	0.219298245614	103	135	3	0	101	0.495098039216
0.174589697361	0.218323586745	103	136	3	0	102	0.49756097561
0.175402346747	0.218323586745	104	136	3	0	102	0.495145631068
0.175423340407	0.218323586745	104	137	3	0	102	0.495145631068
0.175927500789	0.217348927875	105	137	3	0	102	0.492753623188
0.180283487724	0.218323586745	106	137	3	0	102	0.490384615385
0.181405810837	0.218323586745	106	138	3	0	102	0.490384615385
0.182439464408	0.219298245614	107	138	3	0	102	0.488038277512
0.183091951162	0.220272904483	108	138	3	0	102	0.485714285714
0.183474572024	0.220272904483	108	139	3	0	102	0.485714285714
0.184518819843	0.220272904483	108	140	3	0	102	0.485714285714
0.184920417658	0.220272904483	108	141	3	0	102	0.485714285714
0.185030413112	0.220272904483	108	142	3	0	102	0.485714285714
0.186378091124	0.219298245614	108	143	3	0	103	0.488151658768
0.188130007061	0.218323586745	108	144	3	0	104	0.490566037736
0.188271171578	0.219298245614	109	144	3	0	104	0.488262910798
0.188453374607	0.220272904483	110	144	3	0	104	0.485981308411
0.188953011188	0.221247563353	111	144	3	0	104	0.483720930233
0.189615869587	0.222222222222	112	144	3	0	104	0.481481481481
0.190838807092	0.222222222222	113	144	3	0	104	0.479262672811
0.19148425023	0.222222222222	113	145	3	0	104	0.479262672811
0.192134265729	0.222222222222	113	146	3	0	104	0.479262672811
0.192589454606	0.223196881092	114	146	3	0	104	0.477064220183
0.192830966755	0.222222222222	114	147	3	0	105	0.479452054795
0.193160795028	0.221247563353	114	148	3	0	106	0.481818181818
0.193860945224	0.222222222222	115	148	3	0	106	0.47963800905
0.194401997401	0.222222222222	115	149	3	0	106	0.47963800905
0.195108667739	0.221247563353	116	149	3	0	106	0.477477477477
0.197107942201	0.219298245614	116	150	3	0	108	0.482142857143
0.198191832978	0.218323586745	116	151	3	0	109	0.484444444444
0.198667190026	0.219298245614	117	151	3	0	109	0.482300884956
0.199108338522	0.218323586745	117	152	3	0	110	0.484581497797
0.199725677809	0.219298245614	118	152	3	0	110	0.482456140351
0.200181433174	0.219298245614	119	152	3	0	110	0.480349344978
0.200192378481	0.219298245614	119	153	3	0	110	0.480349344978
0.200539336794	0.220272904483	120	153	3	0	110	0.478260869565
0.200675075463	0.219298245614	120	154	3	0	111	0.480519480519
0.200966420403	0.218323586745	121	154	3	0	111	0.478448275862
0.202081596089	0.218323586745	121	155	3	0	111	0.478448275862
0.202281216083	0.219298245614	122	155	3	0	111	0.476394849785
0.202292588136	0.219298245614	122	156	3	0	111	0.476394849785
0.202918922276	0.220272904483	123	156	3	0	111	0.474358974359
0.20434473764	0.221247563353	124	156	3	0	111	0.472340425532
0.2049623604	0.222222222222	125	156	3	0	111	0.470338983051
0.205531092782	0.223196881092	126	156	3	0	111	0.46835443038
0.20605812108	0.223196881092	126	157	3	0	111	0.46835443038
0.208569248413	0.223196881092	126	158	3	0	111	0.46835443038
0.208846415992	0.224171539961	127	158	3	0	111	0.466386554622
0.209102970381	0.223196881092	127	159	3	0	112	0.468619246862
0.209254545661	0.221247563353	127	160	3	0	114	0.473029045643
0.209708124677	0.222222222222	128	160	3	0	114	0.471074380165
