# time 	 divergence 	 # of mutations 	 # IGC chances 	 IGC length 	 # IGC failures 	 Changes due to IGC  	 % change due to IGC 
0.0	0.522580645161	0	0	0	0	0	0.0
0.00126082128525	0.521505376344	1	0	0	0	0	0.0
0.00241915514584	0.522580645161	2	0	0	0	0	0.0
0.00409277154658	0.521505376344	3	0	0	0	0	0.0
0.0104894354434	0.522580645161	4	0	0	0	0	0.0
0.0148565821816	0.523655913978	5	0	0	0	0	0.0
0.0169218911331	0.522580645161	6	0	0	0	0	0.0
0.0169720228443	0.522580645161	7	0	0	0	0	0.0
0.019289949312	0.521505376344	8	0	0	0	0	0.0
0.0198201853535	0.521505376344	9	0	0	0	0	0.0
0.0214619644147	0.521505376344	10	0	0	0	0	0.0
0.0218067257358	0.522580645161	11	0	0	0	0	0.0
0.0242378165639	0.523655913978	12	0	0	0	0	0.0
0.0242854912277	0.524731182796	13	0	0	0	0	0.0
0.0266515304027	0.524731182796	14	0	0	0	0	0.0
0.0297892925209	0.525806451613	15	0	0	0	0	0.0
0.0304031533139	0.52688172043	16	0	0	0	0	0.0
0.0332619932768	0.52688172043	17	0	0	0	0	0.0
0.0350280781106	0.527956989247	18	0	0	0	0	0.0
0.0389294580871	0.52688172043	19	0	0	0	0	0.0
0.0405411437883	0.527956989247	20	0	0	0	0	0.0
0.040555147623	0.527956989247	21	0	0	0	0	0.0
0.0430577471215	0.527956989247	22	0	0	0	0	0.0
0.0477966646821	0.527956989247	23	0	0	0	0	0.0
0.0479478086147	0.52688172043	24	0	0	0	0	0.0
0.0492121194301	0.525806451613	25	0	0	0	0	0.0
0.0493315360239	0.525806451613	26	0	0	0	0	0.0
0.0541893334765	0.52688172043	27	0	0	0	0	0.0
0.0555721172425	0.527956989247	28	0	0	0	0	0.0
0.0588499838934	0.527956989247	29	0	0	0	0	0.0
0.0590307720145	0.527956989247	30	0	0	0	0	0.0
0.0593794297204	0.527956989247	31	0	0	0	0	0.0
0.0600392982064	0.529032258065	32	0	0	0	0	0.0
0.0615249510652	0.527956989247	33	0	0	0	0	0.0
0.0634487340092	0.529032258065	34	0	0	0	0	0.0
0.0664878680661	0.529032258065	35	0	0	0	0	0.0
0.0665610237911	0.529032258065	36	0	0	0	0	0.0
0.0671341250159	0.530107526882	37	0	0	0	0	0.0
0.0696759889506	0.531182795699	38	0	0	0	0	0.0
0.0702349031582	0.531182795699	39	0	0	0	0	0.0
0.0715747232004	0.532258064516	40	0	0	0	0	0.0
0.0746493838201	0.531182795699	41	0	0	0	0	0.0
0.0755226915116	0.532258064516	42	0	0	0	0	0.0
0.0760763389399	0.532258064516	43	0	0	0	0	0.0
0.0764784707889	0.533333333333	44	0	0	0	0	0.0
0.0787605630379	0.532258064516	45	0	0	0	0	0.0
0.0792494831783	0.533333333333	46	0	0	0	0	0.0
0.0815477781809	0.533333333333	47	0	0	0	0	0.0
0.0828480490909	0.533333333333	48	0	0	0	0	0.0
0.0831258038726	0.534408602151	49	0	0	0	0	0.0
0.0869701891048	0.535483870968	50	0	0	0	0	0.0
0.0895430920918	0.536559139785	51	0	0	0	0	0.0
0.0926020995294	0.536559139785	52	0	0	0	0	0.0
0.0940433028507	0.535483870968	53	0	0	0	0	0.0
0.095040385603	0.534408602151	54	0	0	0	0	0.0
0.0988850728671	0.535483870968	55	0	0	0	0	0.0
0.100560953403	0.534408602151	56	0	0	0	0	0.0
0.101867995941	0.535483870968	57	0	0	0	0	0.0
0.104006264788	0.534408602151	58	0	0	0	0	0.0
0.104412602851	0.535483870968	59	0	0	0	0	0.0
0.104867131802	0.536559139785	60	0	0	0	0	0.0
0.104911679894	0.535483870968	61	0	0	0	0	0.0
0.10537909661	0.534408602151	62	0	0	0	0	0.0
0.110236998105	0.535483870968	63	0	0	0	0	0.0
0.115811766374	0.535483870968	64	0	0	0	0	0.0
0.11587060823	0.536559139785	65	0	0	0	0	0.0
0.116646910777	0.536559139785	66	0	0	0	0	0.0
0.116959552085	0.535483870968	67	0	0	0	0	0.0
0.122931168221	0.536559139785	68	0	0	0	0	0.0
0.125109718945	0.537634408602	69	0	0	0	0	0.0
0.129381354794	0.537634408602	70	0	0	0	0	0.0
0.130579957638	0.537634408602	71	0	0	0	0	0.0
0.131875957042	0.537634408602	72	0	0	0	0	0.0
0.131900006389	0.536559139785	73	0	0	0	0	0.0
0.133137885153	0.536559139785	74	0	0	0	0	0.0
0.135143522753	0.537634408602	75	0	0	0	0	0.0
0.142817773464	0.537634408602	76	0	0	0	0	0.0
0.14345783917	0.538709677419	77	0	0	0	0	0.0
0.145526301657	0.537634408602	78	0	0	0	0	0.0
0.146971460658	0.538709677419	79	0	0	0	0	0.0
0.147021305046	0.538709677419	80	0	0	0	0	0.0
0.147350425865	0.539784946237	81	0	0	0	0	0.0
0.150625859402	0.539784946237	82	0	0	0	0	0.0
0.153320770832	0.538709677419	83	0	0	0	0	0.0
0.155924826178	0.538709677419	84	0	0	0	0	0.0
0.156869505609	0.537634408602	85	0	0	0	0	0.0
0.157425972438	0.537634408602	86	0	0	0	0	0.0
0.158649751955	0.537634408602	87	0	0	0	0	0.0
0.159432919443	0.537634408602	88	0	0	0	0	0.0
0.160499693494	0.537634408602	89	0	0	0	0	0.0
0.161589606463	0.538709677419	90	0	0	0	0	0.0
0.162926162487	0.539784946237	91	0	0	0	0	0.0
0.163320306052	0.539784946237	92	0	0	0	0	0.0
0.165609353175	0.539784946237	93	0	0	0	0	0.0
0.166579855919	0.540860215054	94	0	0	0	0	0.0
0.172578960292	0.540860215054	95	0	0	0	0	0.0
0.172778206583	0.541935483871	96	0	0	0	0	0.0
0.172791043031	0.541935483871	97	0	0	0	0	0.0
0.173353076731	0.541935483871	98	0	0	0	0	0.0
0.173817846145	0.541935483871	99	0	0	0	0	0.0
0.175186616254	0.540860215054	100	0	0	0	0	0.0
0.176291208336	0.539784946237	101	0	0	0	0	0.0
0.178135373816	0.539784946237	102	0	0	0	0	0.0
0.178337707212	0.538709677419	103	0	0	0	0	0.0
0.178847519085	0.538709677419	104	0	0	0	0	0.0
0.180373091771	0.539784946237	105	0	0	0	0	0.0
0.182302995516	0.540860215054	106	0	0	0	0	0.0
0.18302952027	0.541935483871	107	0	0	0	0	0.0
0.183540977176	0.543010752688	108	0	0	0	0	0.0
0.184418621774	0.543010752688	109	0	0	0	0	0.0
0.185001498083	0.544086021505	110	0	0	0	0	0.0
0.185670340851	0.543010752688	111	0	0	0	0	0.0
0.187232371973	0.544086021505	112	0	0	0	0	0.0
0.188352906218	0.545161290323	113	0	0	0	0	0.0
0.188526128839	0.545161290323	114	0	0	0	0	0.0
0.188885979546	0.544086021505	115	0	0	0	0	0.0
0.190399510239	0.544086021505	116	0	0	0	0	0.0
0.191549858929	0.544086021505	117	0	0	0	0	0.0
0.192875532536	0.544086021505	118	0	0	0	0	0.0
0.193281140681	0.544086021505	119	0	0	0	0	0.0
0.194838464558	0.544086021505	120	0	0	0	0	0.0
0.195784711308	0.545161290323	121	0	0	0	0	0.0
0.195899544454	0.544086021505	122	0	0	0	0	0.0
0.199429317567	0.543010752688	123	0	0	0	0	0.0
0.200834027577	0.544086021505	124	0	0	0	0	0.0
0.20460012833	0.543010752688	125	0	0	0	0	0.0
0.205282641631	0.541935483871	126	0	0	0	0	0.0
0.20679000181	0.543010752688	127	0	0	0	0	0.0
0.208177478667	0.543010752688	128	0	0	0	0	0.0
0.210740555979	0.544086021505	129	0	0	0	0	0.0
0.214714921381	0.544086021505	130	0	0	0	0	0.0
0.217669046734	0.545161290323	131	0	0	0	0	0.0
0.219431120207	0.544086021505	132	0	0	0	0	0.0
0.224199529542	0.545161290323	133	0	0	0	0	0.0
0.224662142558	0.54623655914	134	0	0	0	0	0.0
0.227074864048	0.547311827957	135	0	0	0	0	0.0
0.229250783274	0.548387096774	136	0	0	0	0	0.0
0.229592008208	0.548387096774	137	0	0	0	0	0.0
0.230085735563	0.548387096774	138	0	0	0	0	0.0
0.23024275081	0.549462365591	139	0	0	0	0	0.0
0.23160392167	0.550537634409	140	0	0	0	0	0.0
0.23392550691	0.550537634409	141	0	0	0	0	0.0
0.235178796477	0.550537634409	142	0	0	0	0	0.0
0.237241833715	0.550537634409	143	0	0	0	0	0.0
0.238902543087	0.551612903226	144	0	0	0	0	0.0
0.241116869159	0.550537634409	145	0	0	0	0	0.0
0.241919340985	0.550537634409	146	0	0	0	0	0.0
0.248710854472	0.550537634409	147	0	0	0	0	0.0
0.250032848519	0.550537634409	148	0	0	0	0	0.0
0.251167008092	0.550537634409	149	0	0	0	0	0.0
0.254399514497	0.549462365591	150	0	0	0	0	0.0
0.254570374647	0.549462365591	151	0	0	0	0	0.0
0.255715668679	0.548387096774	152	0	0	0	0	0.0
0.255912519779	0.548387096774	153	0	0	0	0	0.0
0.256072996182	0.548387096774	154	0	0	0	0	0.0
0.257717653973	0.549462365591	155	0	0	0	0	0.0
0.260768370719	0.550537634409	156	0	0	0	0	0.0
0.261347763427	0.551612903226	157	0	0	0	0	0.0
0.263629679857	0.552688172043	158	0	0	0	0	0.0
0.264245848491	0.552688172043	159	0	0	0	0	0.0
0.264325722136	0.552688172043	160	0	0	0	0	0.0
0.264761139851	0.55376344086	161	0	0	0	0	0.0
0.265477404844	0.552688172043	162	0	0	0	0	0.0
0.26561965931	0.552688172043	163	0	0	0	0	0.0
0.266091255159	0.55376344086	164	0	0	0	0	0.0
0.26814894943	0.552688172043	165	0	0	0	0	0.0
0.268815828256	0.551612903226	166	0	0	0	0	0.0
0.269743888788	0.551612903226	167	0	0	0	0	0.0
0.273250232413	0.551612903226	168	0	0	0	0	0.0
0.273366847949	0.552688172043	169	0	0	0	0	0.0
0.276454129402	0.55376344086	170	0	0	0	0	0.0
0.277751627815	0.552688172043	171	0	0	0	0	0.0
0.279146783045	0.552688172043	172	0	0	0	0	0.0
0.281352354229	0.552688172043	173	0	0	0	0	0.0
0.282030858706	0.552688172043	174	0	0	0	0	0.0
0.282926431182	0.55376344086	175	0	0	0	0	0.0
0.287592680096	0.554838709677	176	0	0	0	0	0.0
0.28814659274	0.55376344086	177	0	0	0	0	0.0
0.288915633725	0.554838709677	178	0	0	0	0	0.0
0.29093079714	0.554838709677	179	0	0	0	0	0.0
0.291606027247	0.554838709677	180	0	0	0	0	0.0
0.291864395961	0.555913978495	181	0	0	0	0	0.0
0.291885472849	0.556989247312	182	0	0	0	0	0.0
0.292953742136	0.558064516129	183	0	0	0	0	0.0
0.294470890224	0.559139784946	184	0	0	0	0	0.0
0.295685233887	0.560215053763	185	0	0	0	0	0.0
0.295818283757	0.559139784946	186	0	0	0	0	0.0
0.296255352102	0.560215053763	187	0	0	0	0	0.0
0.296731963335	0.560215053763	188	0	0	0	0	0.0
0.297152927779	0.559139784946	189	0	0	0	0	0.0
0.299623455144	0.559139784946	190	0	0	0	0	0.0
0.300050871785	0.559139784946	191	0	0	0	0	0.0
0.30447984325	0.558064516129	192	0	0	0	0	0.0
0.304571647566	0.556989247312	193	0	0	0	0	0.0
0.306474184686	0.558064516129	194	0	0	0	0	0.0
0.30991263272	0.559139784946	195	0	0	0	0	0.0
0.310383946175	0.559139784946	196	0	0	0	0	0.0
