# time 	 divergence 	 # of mutations 	 # IGC chances 	 IGC length 	 # IGC failures 	 Changes due to IGC  	 % change due to IGC 
0.0	0.222580645161	0	0	0	0	0	0.0
0.00190611939765	0.222580645161	1	0	0	0	0	0.0
0.0024171056962	0.221505376344	2	0	0	0	0	0.0
0.00540409756683	0.221505376344	3	0	0	0	0	0.0
0.00823707269775	0.211827956989	3	1	27	0	9	0.75
0.00979446681521	0.212903225806	4	1	27	0	9	0.692307692308
0.0103504802272	0.208602150538	4	2	12	0	13	0.764705882353
0.0107992509664	0.209677419355	5	2	12	0	13	0.722222222222
0.015028046576	0.210752688172	6	2	12	0	13	0.684210526316
0.0158373254918	0.211827956989	7	2	12	0	13	0.65
0.0158663783265	0.211827956989	8	2	12	0	13	0.619047619048
0.0169945281748	0.212903225806	9	2	12	0	13	0.590909090909
0.0171568804141	0.213978494624	10	2	12	0	13	0.565217391304
0.0176338175431	0.213978494624	11	2	12	0	13	0.541666666667
0.018078576675	0.213978494624	12	2	12	0	13	0.52
0.0182245570813	0.213978494624	13	2	12	0	13	0.5
0.0183466670999	0.213978494624	14	2	12	0	13	0.481481481481
0.0190683728582	0.212903225806	14	3	3	0	14	0.5
0.0227412584896	0.213978494624	15	3	3	0	14	0.48275862069
0.0247830635306	0.215053763441	16	3	3	0	14	0.466666666667
0.0274291418823	0.213978494624	16	4	3	0	15	0.483870967742
0.0280023110105	0.215053763441	17	4	3	0	15	0.46875
0.0283120594831	0.212903225806	17	5	3	0	17	0.5
0.0310024197379	0.213978494624	18	5	3	0	17	0.485714285714
0.031433661253	0.211827956989	18	6	15	0	19	0.513513513514
0.0324060144433	0.210752688172	19	6	15	0	19	0.5
0.0324369672575	0.208602150538	19	7	3	0	21	0.525
0.0326182165378	0.206451612903	19	8	15	0	23	0.547619047619
0.0333874786731	0.205376344086	20	8	15	0	23	0.53488372093
0.0344202086034	0.206451612903	21	8	15	0	23	0.522727272727
0.0344267031063	0.20752688172	22	8	15	0	23	0.511111111111
0.0351510780702	0.208602150538	23	8	15	0	23	0.5
0.036736357824	0.20752688172	24	8	15	0	23	0.489361702128
0.0374389341708	0.208602150538	25	8	15	0	23	0.479166666667
0.0377716452128	0.209677419355	26	8	15	0	23	0.469387755102
0.0392029322646	0.210752688172	27	8	15	0	23	0.46
0.0402433233872	0.211827956989	28	8	15	0	23	0.450980392157
0.0421188504965	0.212903225806	29	8	15	0	23	0.442307692308
0.043140570494	0.210752688172	29	9	15	0	25	0.462962962963
0.0443894924554	0.209677419355	29	10	15	0	26	0.472727272727
0.0480733003162	0.210752688172	30	10	15	0	26	0.464285714286
0.0483569610023	0.211827956989	31	10	15	0	26	0.456140350877
0.0491279756778	0.209677419355	31	11	6	0	28	0.474576271186
0.0497024238262	0.208602150538	32	11	6	0	28	0.466666666667
0.0499091903845	0.209677419355	33	11	6	0	28	0.459016393443
0.0506775816051	0.209677419355	34	11	6	0	28	0.451612903226
0.052656825009	0.206451612903	34	12	18	0	31	0.476923076923
0.0537572973438	0.20752688172	35	12	18	0	31	0.469696969697
0.0549129284482	0.206451612903	36	12	18	0	31	0.462686567164
0.0555589864482	0.20752688172	37	12	18	0	31	0.455882352941
0.055661440105	0.208602150538	38	12	18	0	31	0.449275362319
0.0556627850742	0.209677419355	39	12	18	0	31	0.442857142857
0.0564763068767	0.210752688172	40	12	18	0	31	0.43661971831
0.0579380637782	0.211827956989	41	12	18	0	31	0.430555555556
0.0582783184744	0.212903225806	42	12	18	0	31	0.424657534247
0.0605156725083	0.213978494624	43	12	18	0	31	0.418918918919
0.0607240750351	0.215053763441	44	12	18	0	31	0.413333333333
0.0622301109111	0.215053763441	45	12	18	0	31	0.407894736842
0.0659976012474	0.216129032258	46	12	18	0	31	0.402597402597
0.0711919529337	0.217204301075	47	12	18	0	31	0.397435897436
0.0732233477809	0.218279569892	48	12	18	0	31	0.392405063291
0.0739687769122	0.212903225806	48	13	12	0	36	0.428571428571
0.0743690982319	0.213978494624	49	13	12	0	36	0.423529411765
0.0751323948218	0.212903225806	50	13	12	0	36	0.418604651163
0.0754383744485	0.213978494624	51	13	12	0	36	0.413793103448
0.0768921129136	0.215053763441	52	13	12	0	36	0.409090909091
0.0783160265385	0.216129032258	53	13	12	0	36	0.404494382022
0.0801008754484	0.213978494624	53	14	12	0	38	0.417582417582
0.0810686712849	0.215053763441	54	14	12	0	38	0.413043478261
0.0813718670757	0.216129032258	55	14	12	0	38	0.408602150538
0.0836146430495	0.217204301075	56	14	12	0	38	0.404255319149
0.0852170799961	0.217204301075	57	14	12	0	38	0.4
0.0856727894571	0.218279569892	58	14	12	0	38	0.395833333333
0.0877449202337	0.21935483871	59	14	12	0	38	0.39175257732
0.0883064460289	0.220430107527	60	14	12	0	38	0.387755102041
0.0885919488883	0.220430107527	60	15	12	0	38	0.387755102041
0.0888312211375	0.221505376344	61	15	12	0	38	0.383838383838
0.0891031103632	0.221505376344	62	15	12	0	38	0.38
0.0894067086631	0.220430107527	63	15	12	0	38	0.376237623762
0.0913313914807	0.21935483871	64	15	12	0	38	0.372549019608
0.0917828174981	0.21935483871	65	15	12	0	38	0.368932038835
0.0940882361474	0.218279569892	66	15	12	0	38	0.365384615385
0.0967606241111	0.21935483871	67	15	12	0	38	0.361904761905
0.0978173136891	0.220430107527	68	15	12	0	38	0.358490566038
0.0989408171883	0.221505376344	69	15	12	0	38	0.355140186916
0.0995446074304	0.222580645161	70	15	12	0	38	0.351851851852
0.100913115535	0.222580645161	71	15	12	0	38	0.348623853211
0.103581114412	0.223655913978	72	15	12	0	38	0.345454545455
0.105762549645	0.224731182796	73	15	12	0	38	0.342342342342
0.106351997015	0.225806451613	74	15	12	0	38	0.339285714286
0.1089710471	0.22688172043	75	15	12	0	38	0.336283185841
0.10935179324	0.227956989247	76	15	12	0	38	0.333333333333
0.109599988208	0.227956989247	77	15	12	0	38	0.330434782609
0.110430345994	0.229032258065	78	15	12	0	38	0.327586206897
0.112007279187	0.230107526882	79	15	12	0	38	0.324786324786
0.113044299786	0.230107526882	80	15	12	0	38	0.322033898305
0.115959129754	0.229032258065	81	15	12	0	38	0.319327731092
0.123441442389	0.22688172043	81	16	6	0	40	0.330578512397
0.123689725883	0.22688172043	82	16	6	0	40	0.327868852459
0.125801623355	0.227956989247	83	16	6	0	40	0.325203252033
0.126894721191	0.229032258065	84	16	6	0	40	0.322580645161
0.127211085592	0.227956989247	85	16	6	0	40	0.32
0.127343634716	0.223655913978	85	17	9	0	44	0.341085271318
0.129145679198	0.224731182796	86	17	9	0	44	0.338461538462
0.129903808569	0.225806451613	87	17	9	0	44	0.335877862595
0.12994156163	0.22688172043	88	17	9	0	44	0.333333333333
0.130959934549	0.225806451613	89	17	9	0	44	0.330827067669
0.131687143874	0.225806451613	90	17	9	0	44	0.328358208955
0.132545098673	0.224731182796	91	17	9	0	44	0.325925925926
0.133651569402	0.225806451613	92	17	9	0	44	0.323529411765
0.136531465062	0.22688172043	93	17	9	0	44	0.321167883212
0.14102994963	0.224731182796	93	18	27	0	46	0.330935251799
0.141521585812	0.225806451613	94	18	27	0	46	0.328571428571
0.143787084572	0.22688172043	95	18	27	0	46	0.326241134752
0.144564671058	0.227956989247	96	18	27	0	46	0.323943661972
0.144752860898	0.227956989247	97	18	27	0	46	0.321678321678
0.146002704691	0.229032258065	98	18	27	0	46	0.319444444444
0.146011956375	0.230107526882	99	18	27	0	46	0.31724137931
0.146924702374	0.229032258065	100	18	27	0	46	0.315068493151
0.148052239699	0.229032258065	101	18	27	0	46	0.312925170068
0.152598547498	0.229032258065	102	18	27	0	46	0.310810810811
0.15435589377	0.227956989247	103	18	27	0	46	0.308724832215
0.155946870024	0.227956989247	103	19	3	0	46	0.308724832215
0.156623161729	0.227956989247	103	20	3	0	46	0.308724832215
0.159783997104	0.229032258065	104	20	3	0	46	0.306666666667
0.163660746465	0.230107526882	105	20	3	0	46	0.304635761589
0.16414033396	0.230107526882	106	20	3	0	46	0.302631578947
0.164259374586	0.229032258065	106	21	3	0	47	0.307189542484
0.165351324614	0.230107526882	107	21	3	0	47	0.305194805195
0.165838200186	0.231182795699	108	21	3	0	47	0.303225806452
0.170337004064	0.232258064516	109	21	3	0	47	0.301282051282
0.174322512848	0.233333333333	110	21	3	0	47	0.299363057325
0.17462310781	0.232258064516	111	21	3	0	47	0.29746835443
0.176024405579	0.233333333333	112	21	3	0	47	0.295597484277
0.176306390179	0.234408602151	113	21	3	0	47	0.29375
0.176478207587	0.235483870968	114	21	3	0	47	0.291925465839
0.179029811108	0.234408602151	115	21	3	0	47	0.29012345679
0.181442820433	0.235483870968	116	21	3	0	47	0.288343558282
0.182218557884	0.236559139785	117	21	3	0	47	0.286585365854
0.182719950381	0.237634408602	118	21	3	0	47	0.284848484848
0.186031858361	0.237634408602	119	21	3	0	47	0.28313253012
0.190336827351	0.236559139785	120	21	3	0	47	0.281437125749
0.190784945017	0.237634408602	121	21	3	0	47	0.279761904762
0.194709182645	0.236559139785	122	21	3	0	47	0.278106508876
0.195765355266	0.237634408602	123	21	3	0	47	0.276470588235
0.196490283931	0.238709677419	124	21	3	0	47	0.27485380117
0.197329008646	0.239784946237	125	21	3	0	47	0.273255813953
0.197659166388	0.240860215054	126	21	3	0	47	0.271676300578
0.202084508986	0.240860215054	127	21	3	0	47	0.270114942529
0.202161166266	0.237634408602	127	22	18	0	50	0.282485875706
0.202346471584	0.237634408602	128	22	18	0	50	0.280898876404
0.20247129628	0.238709677419	129	22	18	0	50	0.279329608939
0.204124246839	0.239784946237	130	22	18	0	50	0.277777777778
0.206504293376	0.238709677419	131	22	18	0	50	0.276243093923
0.207565925581	0.237634408602	132	22	18	0	50	0.274725274725
0.208060099186	0.238709677419	133	22	18	0	50	0.273224043716
0.211214901392	0.239784946237	134	22	18	0	50	0.271739130435
0.211846829421	0.240860215054	135	22	18	0	50	0.27027027027
0.212009030796	0.240860215054	136	22	18	0	50	0.268817204301
0.212096433135	0.240860215054	137	22	18	0	50	0.267379679144
0.221367203127	0.241935483871	138	22	18	0	50	0.265957446809
0.22150905556	0.240860215054	139	22	18	0	50	0.26455026455
0.222432139261	0.240860215054	140	22	18	0	50	0.263157894737
0.22316959312	0.241935483871	141	22	18	0	50	0.261780104712
0.223539264136	0.243010752688	142	22	18	0	50	0.260416666667
0.225425587025	0.241935483871	143	22	18	0	50	0.259067357513
0.225934800806	0.236559139785	143	23	18	0	55	0.277777777778
0.226548335581	0.237634408602	144	23	18	0	55	0.276381909548
0.227317091626	0.238709677419	145	23	18	0	55	0.275
0.227709599044	0.239784946237	146	23	18	0	55	0.273631840796
0.230067357177	0.236559139785	146	24	12	0	58	0.28431372549
0.230789450448	0.237634408602	147	24	12	0	58	0.282926829268
0.231058235719	0.234408602151	147	25	9	0	61	0.293269230769
0.234243306072	0.234408602151	148	25	9	0	61	0.291866028708
0.234600190345	0.235483870968	149	25	9	0	61	0.290476190476
0.236558172638	0.236559139785	150	25	9	0	61	0.289099526066
0.23659939549	0.231182795699	150	26	24	0	66	0.305555555556
0.238367173212	0.232258064516	151	26	24	0	66	0.304147465438
0.238802610056	0.233333333333	152	26	24	0	66	0.302752293578
0.241309400983	0.234408602151	153	26	24	0	66	0.301369863014
0.242319517942	0.235483870968	154	26	24	0	66	0.3
0.242525201375	0.236559139785	155	26	24	0	66	0.298642533937
0.243091894629	0.235483870968	155	27	6	0	67	0.301801801802
0.243908486421	0.236559139785	156	27	6	0	67	0.300448430493
0.245147633772	0.237634408602	157	27	6	0	67	0.299107142857
0.245720626625	0.236559139785	157	28	3	0	68	0.302222222222
0.24625825202	0.237634408602	158	28	3	0	68	0.300884955752
0.249773585107	0.238709677419	159	28	3	0	68	0.299559471366
0.251593809768	0.238709677419	159	29	3	0	68	0.299559471366
0.253201943533	0.239784946237	160	29	3	0	68	0.298245614035
0.256050068061	0.239784946237	161	29	3	0	68	0.296943231441
