# time 	 divergence 	 # of mutations 	 # IGC chances 	 IGC length 	 # IGC failures 	 Changes due to IGC  	 % change due to IGC 
0.0	0.0128205128205	0	0	0	0	0	0.0
6.67089966211e-05	0.0128205128205	0	1	15	0	0	0.0
0.000392431818039	0.0128205128205	0	2	6	0	0	0.0
0.000956532733964	0.0128205128205	0	3	9	0	0	0.0
0.00172900048444	0.0128205128205	0	4	12	0	0	0.0
0.00259543965168	0.0128205128205	0	5	9	0	0	0.0
0.00271450400691	0.0128205128205	0	6	3	0	0	0.0
0.0029554382546	0.0128205128205	0	7	9	0	0	0.0
0.00351099861825	0.0128205128205	0	8	3	0	0	0.0
0.00430958975139	0.0149572649573	1	8	3	0	0	0.0
0.00442066426365	0.0149572649573	1	9	3	0	0	0.0
0.00480790574412	0.0149572649573	1	10	3	0	0	0.0
0.00485803428792	0.0128205128205	1	11	9	0	1	0.5
0.00499944011736	0.0128205128205	1	12	15	0	1	0.5
0.00537958102071	0.0128205128205	1	13	12	0	1	0.5
0.00590833350589	0.0128205128205	1	14	6	0	1	0.5
0.00591940631568	0.0128205128205	1	15	6	0	1	0.5
0.00665275355292	0.0106837606838	1	16	12	0	2	0.666666666667
0.00699805777505	0.0106837606838	1	17	12	0	2	0.666666666667
0.00727834696889	0.0128205128205	2	17	12	0	2	0.5
0.00823140794791	0.0128205128205	2	18	21	0	2	0.5
0.00911678448061	0.0128205128205	2	19	3	0	2	0.5
0.00957707630273	0.0128205128205	2	20	24	0	2	0.5
0.00972333468136	0.0128205128205	2	21	3	0	2	0.5
0.00995444740608	0.0128205128205	2	22	3	0	2	0.5
0.0100050379367	0.0149572649573	3	22	3	0	2	0.4
0.0102639497686	0.0149572649573	3	23	6	0	2	0.4
0.0107898569594	0.0149572649573	3	24	6	0	2	0.4
0.0112296717811	0.0149572649573	3	25	12	0	2	0.4
0.0112534762179	0.00854700854701	3	26	69	0	5	0.625
0.0116667311191	0.00854700854701	3	27	3	0	5	0.625
0.0122379941208	0.00854700854701	3	28	3	0	5	0.625
0.0122494250456	0.0106837606838	4	28	3	0	5	0.555555555556
0.0139692695872	0.0106837606838	4	29	9	0	5	0.555555555556
0.0139984653115	0.0128205128205	5	29	9	0	5	0.5
0.0142950226339	0.0128205128205	5	30	24	0	5	0.5
0.0145535641394	0.0128205128205	5	31	3	0	5	0.5
0.0154058248433	0.0149572649573	6	31	3	0	5	0.454545454545
0.0164108151841	0.0149572649573	6	32	12	0	5	0.454545454545
0.0171332588622	0.017094017094	7	32	12	0	5	0.416666666667
0.0180959410165	0.017094017094	7	33	9	0	5	0.416666666667
0.0184351133292	0.017094017094	7	34	6	0	5	0.416666666667
0.0185815888787	0.017094017094	7	35	18	0	5	0.416666666667
0.0193319594298	0.017094017094	7	36	6	0	5	0.416666666667
0.0194114415197	0.017094017094	7	37	3	0	5	0.416666666667
0.0194453644214	0.017094017094	7	38	3	0	5	0.416666666667
0.019493752329	0.017094017094	7	39	15	0	5	0.416666666667
0.01950000415	0.017094017094	7	40	6	0	5	0.416666666667
0.0196150246639	0.017094017094	7	41	9	0	5	0.416666666667
0.0198185643216	0.0149572649573	7	42	12	0	6	0.461538461538
0.0200122277098	0.017094017094	8	42	12	0	6	0.428571428571
0.0201540834535	0.017094017094	8	43	15	0	6	0.428571428571
0.020338318531	0.017094017094	8	44	9	0	6	0.428571428571
