# time 	 divergence 	 # of mutations 	 # IGC chances 	 IGC length 	 # IGC failures 	 Changes due to IGC  	 % change due to IGC 
0.0	0.375268817204	0	0	0	0	0	0.0
0.00146106580153	0.376344086022	1	0	0	0	0	0.0
0.00213319256557	0.376344086022	2	0	0	0	0	0.0
0.00514874092331	0.376344086022	3	0	0	0	0	0.0
0.00601726432699	0.377419354839	4	0	0	0	0	0.0
0.00789846192825	0.378494623656	5	0	0	0	0	0.0
0.0100511419212	0.377419354839	6	0	0	0	0	0.0
0.0107494167659	0.378494623656	7	0	0	0	0	0.0
0.0163585427778	0.379569892473	8	0	0	0	0	0.0
0.0169391546507	0.38064516129	9	0	0	0	0	0.0
0.0170478757123	0.381720430108	10	0	0	0	0	0.0
0.0185111412382	0.38064516129	11	0	0	0	0	0.0
0.0193554128557	0.381720430108	12	0	0	0	0	0.0
0.0193561631678	0.38064516129	13	0	0	0	0	0.0
0.0230088332582	0.381720430108	14	0	0	0	0	0.0
0.0233217327259	0.382795698925	15	0	0	0	0	0.0
0.0254777311531	0.383870967742	16	0	0	0	0	0.0
0.0259056846541	0.382795698925	17	0	0	0	0	0.0
0.0294422851001	0.381720430108	18	0	0	0	0	0.0
0.0307230868256	0.381720430108	19	0	0	0	0	0.0
0.0307841853704	0.381720430108	20	0	0	0	0	0.0
0.0326212153122	0.381720430108	21	0	0	0	0	0.0
0.0330499864982	0.382795698925	22	0	0	0	0	0.0
0.0349416065658	0.382795698925	23	0	0	0	0	0.0
0.0354954394144	0.382795698925	24	0	0	0	0	0.0
0.0381468428722	0.381720430108	25	0	0	0	0	0.0
0.0392413709952	0.382795698925	26	0	0	0	0	0.0
0.0401767291052	0.382795698925	27	0	0	0	0	0.0
0.0415868829846	0.381720430108	28	0	0	0	0	0.0
0.0426357946768	0.382795698925	29	0	0	0	0	0.0
0.0435965252438	0.383870967742	30	0	0	0	0	0.0
0.0444416941093	0.383870967742	31	0	0	0	0	0.0
0.0448553953249	0.382795698925	32	0	0	0	0	0.0
0.0450100041039	0.382795698925	33	0	0	0	0	0.0
0.0466656170027	0.383870967742	34	0	0	0	0	0.0
0.0487870562511	0.384946236559	35	0	0	0	0	0.0
0.0512613318828	0.384946236559	36	0	0	0	0	0.0
0.0526030732948	0.386021505376	37	0	0	0	0	0.0
0.0540655312572	0.387096774194	38	0	0	0	0	0.0
0.054117191679	0.388172043011	39	0	0	0	0	0.0
0.0573931909426	0.387096774194	40	0	0	0	0	0.0
0.0586162240963	0.387096774194	41	0	0	0	0	0.0
0.0616652757552	0.388172043011	42	0	0	0	0	0.0
0.0631510965317	0.389247311828	43	0	0	0	0	0.0
0.0633275357649	0.389247311828	44	0	0	0	0	0.0
0.0634431581799	0.390322580645	45	0	0	0	0	0.0
0.0644425859111	0.389247311828	46	0	0	0	0	0.0
0.0678413467262	0.389247311828	47	0	0	0	0	0.0
0.0686066529126	0.390322580645	48	0	0	0	0	0.0
0.0688869811801	0.391397849462	49	0	0	0	0	0.0
0.0729967427236	0.39247311828	50	0	0	0	0	0.0
0.0737751454191	0.391397849462	51	0	0	0	0	0.0
0.0762369382521	0.391397849462	52	0	0	0	0	0.0
0.0810131121644	0.39247311828	53	0	0	0	0	0.0
0.0817823814491	0.393548387097	54	0	0	0	0	0.0
0.0830236538346	0.39247311828	55	0	0	0	0	0.0
0.0831414359791	0.39247311828	56	0	0	0	0	0.0
0.0840892258319	0.391397849462	57	0	0	0	0	0.0
0.0850513517919	0.39247311828	58	0	0	0	0	0.0
0.0854827158292	0.39247311828	59	0	0	0	0	0.0
0.0864032612176	0.393548387097	60	0	0	0	0	0.0
0.0921801572307	0.39247311828	61	0	0	0	0	0.0
0.0930524784084	0.393548387097	62	0	0	0	0	0.0
0.0945741524158	0.394623655914	63	0	0	0	0	0.0
0.0971563710188	0.395698924731	64	0	0	0	0	0.0
0.0998648701366	0.395698924731	65	0	0	0	0	0.0
0.102321916996	0.394623655914	66	0	0	0	0	0.0
0.103602632067	0.395698924731	67	0	0	0	0	0.0
0.106703203721	0.394623655914	68	0	0	0	0	0.0
0.107064509236	0.395698924731	69	0	0	0	0	0.0
0.109866288858	0.396774193548	70	0	0	0	0	0.0
0.111641940147	0.395698924731	71	0	0	0	0	0.0
0.118334620019	0.396774193548	72	0	0	0	0	0.0
0.11841374538	0.396774193548	73	0	0	0	0	0.0
0.122610782329	0.396774193548	74	0	0	0	0	0.0
0.12422818098	0.397849462366	75	0	0	0	0	0.0
0.126551479613	0.398924731183	76	0	0	0	0	0.0
0.127144690536	0.4	77	0	0	0	0	0.0
0.128785781012	0.398924731183	78	0	0	0	0	0.0
0.128929280907	0.398924731183	79	0	0	0	0	0.0
0.130916678259	0.397849462366	80	0	0	0	0	0.0
0.133223508134	0.397849462366	81	0	0	0	0	0.0
0.134098705146	0.398924731183	82	0	0	0	0	0.0
0.135149627037	0.4	83	0	0	0	0	0.0
0.135173122602	0.401075268817	84	0	0	0	0	0.0
0.137167167002	0.402150537634	85	0	0	0	0	0.0
0.137736513189	0.401075268817	86	0	0	0	0	0.0
0.139817278616	0.401075268817	87	0	0	0	0	0.0
0.140613031626	0.402150537634	88	0	0	0	0	0.0
0.141596736864	0.402150537634	89	0	0	0	0	0.0
0.14298571504	0.403225806452	90	0	0	0	0	0.0
0.143809501302	0.404301075269	91	0	0	0	0	0.0
0.143908220607	0.405376344086	92	0	0	0	0	0.0
0.149032361377	0.406451612903	93	0	0	0	0	0.0
0.150163800703	0.40752688172	94	0	0	0	0	0.0
0.153149364177	0.408602150538	95	0	0	0	0	0.0
0.153413013119	0.409677419355	96	0	0	0	0	0.0
0.153863173716	0.410752688172	97	0	0	0	0	0.0
0.159264626866	0.411827956989	98	0	0	0	0	0.0
0.161008314513	0.411827956989	99	0	0	0	0	0.0
0.163743785925	0.411827956989	100	0	0	0	0	0.0
0.167556359294	0.411827956989	101	0	0	0	0	0.0
0.170438900168	0.412903225806	102	0	0	0	0	0.0
0.1709650535	0.412903225806	103	0	0	0	0	0.0
0.171149912508	0.411827956989	104	0	0	0	0	0.0
0.172066271704	0.412903225806	105	0	0	0	0	0.0
0.173921258091	0.412903225806	106	0	0	0	0	0.0
0.176213922239	0.411827956989	107	0	0	0	0	0.0
0.178311633634	0.411827956989	108	0	0	0	0	0.0
0.179601378017	0.411827956989	109	0	0	0	0	0.0
0.181736121541	0.410752688172	110	0	0	0	0	0.0
0.182399276297	0.409677419355	110	1	3	0	1	0.00900900900901
0.182940251625	0.410752688172	111	1	3	0	1	0.00892857142857
0.184036613663	0.411827956989	112	1	3	0	1	0.00884955752212
0.184777393788	0.411827956989	113	1	3	0	1	0.00877192982456
0.18559485481	0.410752688172	114	1	3	0	1	0.00869565217391
0.189918539483	0.410752688172	115	1	3	0	1	0.00862068965517
0.191160516761	0.411827956989	116	1	3	0	1	0.00854700854701
0.191584963803	0.412903225806	117	1	3	0	1	0.00847457627119
0.192296544829	0.413978494624	118	1	3	0	1	0.00840336134454
0.192318036651	0.413978494624	119	1	3	0	1	0.00833333333333
0.192606779783	0.413978494624	120	1	3	0	1	0.00826446280992
0.193824907178	0.415053763441	121	1	3	0	1	0.00819672131148
0.197081770269	0.415053763441	122	1	3	0	1	0.00813008130081
0.198615969048	0.416129032258	123	1	3	0	1	0.00806451612903
0.199965296267	0.417204301075	124	1	3	0	1	0.008
0.203899371485	0.418279569892	125	1	3	0	1	0.00793650793651
0.204964781175	0.41935483871	126	1	3	0	1	0.00787401574803
0.206543762988	0.420430107527	127	1	3	0	1	0.0078125
0.207901882326	0.421505376344	128	1	3	0	1	0.0077519379845
0.20880221183	0.422580645161	129	1	3	0	1	0.00769230769231
0.211571330135	0.423655913978	130	1	3	0	1	0.00763358778626
0.212236717538	0.424731182796	131	1	3	0	1	0.00757575757576
0.212799759281	0.423655913978	132	1	3	0	1	0.00751879699248
0.21513582701	0.424731182796	133	1	3	0	1	0.00746268656716
0.215879488809	0.424731182796	134	1	3	0	1	0.00740740740741
0.216097659966	0.425806451613	135	1	3	0	1	0.00735294117647
0.216406053854	0.425806451613	136	1	3	0	1	0.00729927007299
0.217083618004	0.42688172043	137	1	3	0	1	0.00724637681159
0.217469039769	0.42688172043	138	1	3	0	1	0.00719424460432
0.217732031825	0.427956989247	139	1	3	0	1	0.00714285714286
0.218137989856	0.427956989247	140	1	3	0	1	0.00709219858156
0.221644364404	0.429032258065	141	1	3	0	1	0.00704225352113
0.221996100061	0.429032258065	142	1	3	0	1	0.00699300699301
0.222373979679	0.429032258065	143	1	3	0	1	0.00694444444444
0.225375314399	0.427956989247	144	1	3	0	1	0.00689655172414
0.226223307334	0.429032258065	145	1	3	0	1	0.00684931506849
0.226656064205	0.429032258065	146	1	3	0	1	0.00680272108844
0.227035650618	0.430107526882	147	1	3	0	1	0.00675675675676
0.23221614528	0.431182795699	148	1	3	0	1	0.00671140939597
0.234761534714	0.430107526882	149	1	3	0	1	0.00666666666667
0.235024508943	0.431182795699	150	1	3	0	1	0.00662251655629
0.236013351781	0.432258064516	151	1	3	0	1	0.00657894736842
0.239855015438	0.420430107527	151	2	18	0	12	0.0736196319018
0.242219313123	0.420430107527	152	2	18	0	12	0.0731707317073
0.244700236518	0.41935483871	153	2	18	0	12	0.0727272727273
0.244864081569	0.41935483871	154	2	18	0	12	0.0722891566265
0.245815813693	0.420430107527	155	2	18	0	12	0.0718562874251
0.2459978554	0.420430107527	156	2	18	0	12	0.0714285714286
0.248706925412	0.421505376344	157	2	18	0	12	0.0710059171598
0.249979203506	0.422580645161	158	2	18	0	12	0.0705882352941
0.250416011766	0.423655913978	159	2	18	0	12	0.0701754385965
0.250485929127	0.422580645161	160	2	18	0	12	0.0697674418605
0.25084056407	0.421505376344	161	2	18	0	12	0.0693641618497
0.251696281772	0.422580645161	162	2	18	0	12	0.0689655172414
0.252456271024	0.422580645161	163	2	18	0	12	0.0685714285714
0.258650583657	0.422580645161	164	2	18	0	12	0.0681818181818
0.259267110923	0.422580645161	165	2	18	0	12	0.0677966101695
0.260621023239	0.423655913978	166	2	18	0	12	0.0674157303371
0.261209979705	0.423655913978	167	2	18	0	12	0.0670391061453
0.262845025147	0.423655913978	168	2	18	0	12	0.0666666666667
0.26362064364	0.424731182796	169	2	18	0	12	0.0662983425414
0.263923697876	0.425806451613	170	2	18	0	12	0.0659340659341
0.263971162458	0.42688172043	171	2	18	0	12	0.0655737704918
0.265038289339	0.425806451613	172	2	18	0	12	0.0652173913043
0.267457755183	0.424731182796	173	2	18	0	12	0.0648648648649
0.267839772478	0.425806451613	174	2	18	0	12	0.0645161290323
0.268366083278	0.42688172043	175	2	18	0	12	0.0641711229947
0.269135521764	0.42688172043	176	2	18	0	12	0.063829787234
0.271839058181	0.425806451613	177	2	18	0	12	0.0634920634921
0.272309622869	0.424731182796	178	2	18	0	12	0.0631578947368
0.273972057713	0.424731182796	179	2	18	0	12	0.0628272251309
0.275358157388	0.424731182796	180	2	18	0	12	0.0625
0.277193357427	0.425806451613	181	2	18	0	12	0.0621761658031
0.28054003634	0.425806451613	182	2	18	0	12	0.0618556701031
0.282853591722	0.42688172043	183	2	18	0	12	0.0615384615385
0.283961354012	0.427956989247	184	2	18	0	12	0.0612244897959
0.28413405679	0.429032258065	185	2	18	0	12	0.0609137055838
0.284403323823	0.429032258065	186	2	18	0	12	0.0606060606061
0.284475132778	0.430107526882	187	2	18	0	12	0.0603015075377
0.289159285857	0.431182795699	188	2	18	0	12	0.06
0.29026138655	0.432258064516	189	2	18	0	12	0.0597014925373
0.290927110202	0.431182795699	190	2	18	0	12	0.0594059405941
0.29218637552	0.432258064516	191	2	18	0	12	0.0591133004926
0.294850068168	0.433333333333	192	2	18	0	12	0.0588235294118
0.297796046408	0.434408602151	193	2	18	0	12	0.0585365853659
0.29818392177	0.435483870968	194	2	18	0	12	0.0582524271845
0.29901217597	0.435483870968	195	2	18	0	12	0.0579710144928
0.299846823388	0.436559139785	196	2	18	0	12	0.0576923076923
0.301408770916	0.435483870968	197	2	18	0	12	0.0574162679426
0.302053101156	0.434408602151	198	2	18	0	12	0.0571428571429
0.302916833652	0.435483870968	199	2	18	0	12	0.0568720379147
0.304346094751	0.435483870968	200	2	18	0	12	0.0566037735849
0.304862159835	0.434408602151	201	2	18	0	12	0.056338028169
0.304992233026	0.434408602151	202	2	18	0	12	0.0560747663551
0.305937142509	0.435483870968	203	2	18	0	12	0.0558139534884
0.307549905161	0.434408602151	204	2	18	0	12	0.0555555555556
0.310777603591	0.435483870968	205	2	18	0	12	0.0552995391705
0.311789936803	0.436559139785	206	2	18	0	12	0.0550458715596
0.313336846431	0.437634408602	207	2	18	0	12	0.0547945205479
