# time 	 divergence 	 # of mutations 	 # IGC chances 	 IGC length 	 # IGC failures 	 Changes due to IGC  	 % change due to IGC 
0.0	0.0	0	0	0	0	0	0.0
0.00120284729419	0.000974658869396	1	0	0	0	0	0.0
0.00707343245064	0.00194931773879	2	0	0	0	0	0.0
0.0115063726117	0.00292397660819	3	0	0	0	0	0.0
0.0118116914478	0.00389863547758	4	0	0	0	0	0.0
0.0119124209709	0.00487329434698	5	0	0	0	0	0.0
0.0121334318344	0.00584795321637	6	0	0	0	0	0.0
0.0142617842747	0.00584795321637	6	1	87	0	0	0.0
0.0151677300235	0.00682261208577	7	1	87	0	0	0.0
0.0164592510023	0.00779727095517	8	1	87	0	0	0.0
0.0208894668255	0.00877192982456	9	1	87	0	0	0.0
0.0223026584568	0.00974658869396	10	1	87	0	0	0.0
0.0228037363678	0.0107212475634	11	1	87	0	0	0.0
0.022906320643	0.0116959064327	12	1	87	0	0	0.0
0.0233739588101	0.0126705653021	13	1	87	0	0	0.0
0.0249042699478	0.0136452241715	14	1	87	0	0	0.0
0.0253107859327	0.0146198830409	15	1	87	0	0	0.0
0.0257664394909	0.0155945419103	16	1	87	0	0	0.0
0.0259871380281	0.0165692007797	17	1	87	0	0	0.0
0.0272044520843	0.0175438596491	18	1	87	0	0	0.0
0.0303385968058	0.0185185185185	19	1	87	0	0	0.0
0.0305447064188	0.0194931773879	20	1	87	0	0	0.0
0.030830072579	0.0204678362573	21	1	87	0	0	0.0
0.0330929779192	0.0214424951267	22	1	87	0	0	0.0
0.0354172387618	0.0224171539961	23	1	87	0	0	0.0
0.0371238694428	0.0233918128655	24	1	87	0	0	0.0
0.0375180288044	0.0243664717349	25	1	87	0	0	0.0
0.0386179969468	0.0253411306043	26	1	87	0	0	0.0
0.0394064926534	0.0263157894737	27	1	87	0	0	0.0
0.0400071460704	0.0272904483431	28	1	87	0	0	0.0
0.0403259068463	0.0282651072125	29	1	87	0	0	0.0
0.041489924743	0.0292397660819	30	1	87	0	0	0.0
0.042401364663	0.0302144249513	31	1	87	0	0	0.0
0.0431663291368	0.0311890838207	32	1	87	0	0	0.0
0.0433050423912	0.0321637426901	33	1	87	0	0	0.0
0.0435661810382	0.0331384015595	34	1	87	0	0	0.0
0.0447253830271	0.0341130604288	35	1	87	0	0	0.0
0.0453858285677	0.0341130604288	36	1	87	0	0	0.0
0.0461006324953	0.0350877192982	37	1	87	0	0	0.0
0.0478939547435	0.0360623781676	38	1	87	0	0	0.0
0.0513728978344	0.037037037037	39	1	87	0	0	0.0
0.052243758869	0.0380116959064	40	1	87	0	0	0.0
0.0526039902759	0.0389863547758	41	1	87	0	0	0.0
0.0527926125125	0.0399610136452	42	1	87	0	0	0.0
0.0533840317457	0.0409356725146	43	1	87	0	0	0.0
0.0534457012611	0.041910331384	44	1	87	0	0	0.0
0.0534905679532	0.0428849902534	45	1	87	0	0	0.0
0.0538352864647	0.0438596491228	46	1	87	0	0	0.0
0.0543680241208	0.0448343079922	47	1	87	0	0	0.0
0.0544870076214	0.0458089668616	48	1	87	0	0	0.0
0.0554760765611	0.046783625731	49	1	87	0	0	0.0
0.0559152785238	0.0477582846004	50	1	87	0	0	0.0
0.0593209161623	0.0487329434698	51	1	87	0	0	0.0
0.060214151616	0.046783625731	51	2	45	0	2	0.0377358490566
0.0609206309536	0.0477582846004	52	2	45	0	2	0.037037037037
0.0620444846074	0.041910331384	52	3	75	0	8	0.133333333333
0.0628763371886	0.0428849902534	53	3	75	0	8	0.131147540984
0.0639181692623	0.0438596491228	54	3	75	0	8	0.129032258065
0.0738949596445	0.0448343079922	55	3	75	0	8	0.126984126984
0.0751027944883	0.0458089668616	56	3	75	0	8	0.125
0.0764385269664	0.0458089668616	57	3	75	0	8	0.123076923077
0.0781409721992	0.046783625731	58	3	75	0	8	0.121212121212
0.0782790917923	0.0477582846004	59	3	75	0	8	0.119402985075
0.0786278750918	0.0487329434698	60	3	75	0	8	0.117647058824
0.0794014138045	0.0497076023392	61	3	75	0	8	0.115942028986
0.0808401433583	0.0506822612086	62	3	75	0	8	0.114285714286
0.0808651482005	0.051656920078	63	3	75	0	8	0.112676056338
0.0823367934222	0.0526315789474	64	3	75	0	8	0.111111111111
0.086786245402	0.0536062378168	65	3	75	0	8	0.109589041096
0.0870571820599	0.0545808966862	66	3	75	0	8	0.108108108108
0.0880682259509	0.0555555555556	67	3	75	0	8	0.106666666667
0.089754102559	0.0536062378168	67	4	15	0	10	0.12987012987
0.0901115848967	0.0545808966862	68	4	15	0	10	0.128205128205
0.0909140008408	0.0497076023392	68	5	84	0	15	0.180722891566
0.0919474466509	0.0506822612086	69	5	84	0	15	0.178571428571
0.092926694821	0.051656920078	70	5	84	0	15	0.176470588235
0.0943873694917	0.0526315789474	71	5	84	0	15	0.174418604651
0.0961737933898	0.0536062378168	72	5	84	0	15	0.172413793103
0.0974458019091	0.0536062378168	73	5	84	0	15	0.170454545455
0.0982892360545	0.0545808966862	74	5	84	0	15	0.168539325843
0.0984173532767	0.0555555555556	75	5	84	0	15	0.166666666667
0.0990735545461	0.056530214425	76	5	84	0	15	0.164835164835
0.10297124644	0.0575048732943	77	5	84	0	15	0.163043478261
0.107698517985	0.0584795321637	78	5	84	0	15	0.161290322581
0.107894623032	0.0594541910331	79	5	84	0	15	0.159574468085
0.109437411992	0.0604288499025	80	5	84	0	15	0.157894736842
0.109760682795	0.0614035087719	81	5	84	0	15	0.15625
0.110354465197	0.0614035087719	82	5	84	0	15	0.154639175258
0.110399838714	0.0623781676413	83	5	84	0	15	0.15306122449
0.114911461135	0.0633528265107	84	5	84	0	15	0.151515151515
0.115592322504	0.0643274853801	85	5	84	0	15	0.15
0.118479155824	0.0653021442495	86	5	84	0	15	0.148514851485
0.119600078216	0.0662768031189	87	5	84	0	15	0.147058823529
0.127489808615	0.0672514619883	88	5	84	0	15	0.145631067961
0.131064671913	0.0682261208577	89	5	84	0	15	0.144230769231
0.132090235903	0.0692007797271	90	5	84	0	15	0.142857142857
0.135539900623	0.0692007797271	91	5	84	0	15	0.141509433962
0.140347915088	0.0701754385965	92	5	84	0	15	0.140186915888
0.140779509213	0.0711500974659	93	5	84	0	15	0.138888888889
0.143368605224	0.0721247563353	94	5	84	0	15	0.137614678899
0.143535193607	0.0721247563353	94	6	9	0	15	0.137614678899
0.146358626923	0.0730994152047	95	6	9	0	15	0.136363636364
0.146394544565	0.0740740740741	96	6	9	0	15	0.135135135135
0.147105748335	0.0750487329435	97	6	9	0	15	0.133928571429
0.149704634812	0.0760233918129	98	6	9	0	15	0.132743362832
0.153595457519	0.0769980506823	99	6	9	0	15	0.131578947368
0.15457443575	0.0779727095517	100	6	9	0	15	0.130434782609
0.154872936335	0.0789473684211	101	6	9	0	15	0.129310344828
0.155832219317	0.0789473684211	102	6	9	0	15	0.128205128205
0.156620196374	0.0799220272904	103	6	9	0	15	0.127118644068
0.156656822105	0.0808966861598	104	6	9	0	15	0.126050420168
0.156861915701	0.0818713450292	105	6	9	0	15	0.125
0.156919247654	0.0828460038986	106	6	9	0	15	0.123966942149
0.15749591814	0.083820662768	107	6	9	0	15	0.122950819672
0.158648189197	0.0847953216374	108	6	9	0	15	0.121951219512
0.160663975255	0.0857699805068	109	6	9	0	15	0.120967741935
0.162681549078	0.0867446393762	110	6	9	0	15	0.12
0.163647781524	0.083820662768	110	7	12	0	18	0.140625
0.165298569202	0.0847953216374	111	7	12	0	18	0.139534883721
0.166501254246	0.0857699805068	112	7	12	0	18	0.138461538462
0.16700834326	0.0867446393762	113	7	12	0	18	0.137404580153
0.168789528158	0.0877192982456	114	7	12	0	18	0.136363636364
0.168887005604	0.0867446393762	115	7	12	0	18	0.135338345865
0.170244538874	0.0877192982456	116	7	12	0	18	0.134328358209
0.170798467853	0.0877192982456	117	7	12	0	18	0.133333333333
0.175355746441	0.088693957115	118	7	12	0	18	0.132352941176
0.175375432143	0.0896686159844	119	7	12	0	18	0.131386861314
0.175835669143	0.0906432748538	120	7	12	0	18	0.130434782609
0.176762710692	0.0916179337232	121	7	12	0	18	0.129496402878
0.178183299256	0.0925925925926	122	7	12	0	18	0.128571428571
0.179695314039	0.093567251462	123	7	12	0	18	0.127659574468
0.185207925861	0.0945419103314	124	7	12	0	18	0.12676056338
0.185402630455	0.0955165692008	125	7	12	0	18	0.125874125874
0.185548325971	0.0964912280702	126	7	12	0	18	0.125
0.186530863116	0.0974658869396	127	7	12	0	18	0.124137931034
0.188062061624	0.098440545809	128	7	12	0	18	0.123287671233
0.188650208865	0.0994152046784	129	7	12	0	18	0.122448979592
0.191467645134	0.0994152046784	130	7	12	0	18	0.121621621622
0.191772125347	0.100389863548	131	7	12	0	18	0.120805369128
0.191872020769	0.101364522417	132	7	12	0	18	0.12
0.192867582887	0.102339181287	133	7	12	0	18	0.119205298013
0.192990738451	0.102339181287	134	7	12	0	18	0.118421052632
0.193706381533	0.103313840156	135	7	12	0	18	0.117647058824
0.195382396541	0.104288499025	136	7	12	0	18	0.116883116883
0.196392875562	0.105263157895	137	7	12	0	18	0.116129032258
0.197958199894	0.106237816764	138	7	12	0	18	0.115384615385
0.199044991017	0.107212475634	139	7	12	0	18	0.114649681529
0.200571905574	0.108187134503	140	7	12	0	18	0.113924050633
0.202196983066	0.109161793372	141	7	12	0	18	0.11320754717
0.203130403041	0.110136452242	142	7	12	0	18	0.1125
0.203431875168	0.111111111111	143	7	12	0	18	0.111801242236
0.204559421466	0.112085769981	144	7	12	0	18	0.111111111111
0.206986642444	0.11306042885	145	7	12	0	18	0.110429447853
0.211797688345	0.114035087719	146	7	12	0	18	0.109756097561
0.213419770287	0.115009746589	147	7	12	0	18	0.109090909091
0.21375910262	0.115984405458	148	7	12	0	18	0.10843373494
0.214206884735	0.115984405458	149	7	12	0	18	0.107784431138
0.218491398948	0.116959064327	150	7	12	0	18	0.107142857143
0.219210691426	0.117933723197	151	7	12	0	18	0.10650887574
0.219452080149	0.118908382066	152	7	12	0	18	0.105882352941
0.220437196877	0.118908382066	153	7	12	0	18	0.105263157895
0.220875325346	0.119883040936	154	7	12	0	18	0.104651162791
0.223688925199	0.120857699805	155	7	12	0	18	0.104046242775
0.223925646989	0.121832358674	156	7	12	0	18	0.103448275862
0.227805023507	0.122807017544	157	7	12	0	18	0.102857142857
0.227948981665	0.122807017544	158	7	12	0	18	0.102272727273
0.233006857445	0.11306042885	158	8	156	0	28	0.150537634409
0.233270669067	0.114035087719	159	8	156	0	28	0.149732620321
0.238277886897	0.115009746589	160	8	156	0	28	0.148936170213
0.238348885625	0.115984405458	161	8	156	0	28	0.148148148148
0.238383588289	0.116959064327	162	8	156	0	28	0.147368421053
0.238568898122	0.117933723197	163	8	156	0	28	0.146596858639
0.239885161628	0.118908382066	164	8	156	0	28	0.145833333333
0.241493060196	0.119883040936	165	8	156	0	28	0.145077720207
0.243604324472	0.118908382066	166	8	156	0	28	0.144329896907
0.244753430821	0.119883040936	167	8	156	0	28	0.14358974359
0.247794004349	0.119883040936	168	8	156	0	28	0.142857142857
0.248949199139	0.109161793372	168	9	72	0	39	0.188405797101
0.254492191334	0.108187134503	168	10	3	0	40	0.192307692308
0.255677493477	0.109161793372	169	10	3	0	40	0.191387559809
0.255942460728	0.109161793372	169	11	15	0	40	0.191387559809
0.256642145837	0.110136452242	170	11	15	0	40	0.190476190476
0.258393031658	0.111111111111	171	11	15	0	40	0.189573459716
0.258551002311	0.112085769981	172	11	15	0	40	0.188679245283
0.261717923226	0.112085769981	173	11	15	0	40	0.18779342723
0.262059426816	0.11306042885	174	11	15	0	40	0.18691588785
0.262876339938	0.11306042885	175	11	15	0	40	0.186046511628
0.263453656529	0.114035087719	176	11	15	0	40	0.185185185185
0.264710808257	0.115009746589	177	11	15	0	40	0.184331797235
0.265018039133	0.115009746589	178	11	15	0	40	0.183486238532
0.266586047045	0.115009746589	179	11	15	0	40	0.182648401826
0.268726197455	0.115984405458	180	11	15	0	40	0.181818181818
0.269337165786	0.116959064327	181	11	15	0	40	0.180995475113
0.269345955513	0.117933723197	182	11	15	0	40	0.18018018018
0.272224131049	0.117933723197	183	11	15	0	40	0.179372197309
0.272314874162	0.117933723197	184	11	15	0	40	0.178571428571
0.273071852066	0.118908382066	185	11	15	0	40	0.177777777778
0.273555212561	0.119883040936	186	11	15	0	40	0.176991150442
0.273868186937	0.119883040936	187	11	15	0	40	0.176211453744
0.27646603047	0.120857699805	188	11	15	0	40	0.175438596491
0.277130664681	0.121832358674	189	11	15	0	40	0.174672489083
0.277507459142	0.122807017544	190	11	15	0	40	0.173913043478
0.279068686584	0.123781676413	191	11	15	0	40	0.17316017316
0.280313631705	0.124756335283	192	11	15	0	40	0.172413793103
0.281093317097	0.125730994152	193	11	15	0	40	0.171673819742
0.281968043673	0.126705653021	194	11	15	0	40	0.17094017094
0.283164166846	0.127680311891	195	11	15	0	40	0.170212765957
0.284275609259	0.127680311891	196	11	15	0	40	0.169491525424
0.287874287865	0.12865497076	197	11	15	0	40	0.168776371308
0.288198033585	0.12962962963	198	11	15	0	40	0.168067226891
0.290979472941	0.130604288499	199	11	15	0	40	0.167364016736
0.292121430929	0.131578947368	200	11	15	0	40	0.166666666667
0.293254099961	0.132553606238	201	11	15	0	40	0.165975103734
0.295782470665	0.131578947368	202	11	15	0	40	0.165289256198
0.295792925085	0.132553606238	203	11	15	0	40	0.164609053498
0.297163995435	0.133528265107	204	11	15	0	40	0.16393442623
0.298523373256	0.134502923977	205	11	15	0	40	0.163265306122
0.299111449676	0.135477582846	206	11	15	0	40	0.162601626016
0.299298232082	0.135477582846	207	11	15	0	40	0.161943319838
0.299445128383	0.136452241715	208	11	15	0	40	0.161290322581
0.299708896887	0.136452241715	208	12	27	0	40	0.161290322581
0.299945375201	0.137426900585	209	12	27	0	40	0.160642570281
0.30080692529	0.138401559454	210	12	27	0	40	0.16
0.300888638003	0.139376218324	211	12	27	0	40	0.159362549801
0.301366870171	0.140350877193	212	12	27	0	40	0.15873015873
0.302057360192	0.141325536062	213	12	27	0	40	0.158102766798
0.304601609122	0.142300194932	214	12	27	0	40	0.157480314961
0.305886585306	0.143274853801	215	12	27	0	40	0.156862745098
0.307548564908	0.144249512671	216	12	27	0	40	0.15625
0.307830099182	0.143274853801	217	12	27	0	40	0.155642023346
0.308254405798	0.144249512671	218	12	27	0	40	0.15503875969
0.308749366631	0.14522417154	219	12	27	0	40	0.15444015444
0.309475387208	0.146198830409	220	12	27	0	40	0.153846153846
0.311738486135	0.147173489279	221	12	27	0	40	0.153256704981
0.311950619066	0.148148148148	222	12	27	0	40	0.152671755725
0.311992599274	0.149122807018	223	12	27	0	40	0.152091254753
0.312186043184	0.150097465887	224	12	27	0	40	0.151515151515
0.313321124687	0.151072124756	225	12	27	0	40	0.150943396226
0.313898743998	0.148148148148	225	13	15	0	43	0.160447761194
0.315225383942	0.149122807018	226	13	15	0	43	0.159851301115
0.316239603191	0.149122807018	226	14	30	0	43	0.159851301115
0.316896572071	0.150097465887	227	14	30	0	43	0.159259259259
0.321591821492	0.151072124756	228	14	30	0	43	0.158671586716
0.327798883649	0.152046783626	229	14	30	0	43	0.158088235294
0.331417615494	0.153021442495	230	14	30	0	43	0.157509157509
0.33540379167	0.153996101365	231	14	30	0	43	0.156934306569
0.336129619244	0.154970760234	232	14	30	0	43	0.156363636364
0.33969550122	0.155945419103	233	14	30	0	43	0.155797101449
0.340098040783	0.156920077973	234	14	30	0	43	0.15523465704
0.341141697469	0.157894736842	235	14	30	0	43	0.154676258993
0.34156503315	0.156920077973	236	14	30	0	43	0.154121863799
0.341931425639	0.157894736842	237	14	30	0	43	0.153571428571
0.342220458811	0.158869395712	238	14	30	0	43	0.153024911032
0.342603543329	0.138401559454	238	15	108	0	64	0.211920529801
0.342705284698	0.138401559454	239	15	108	0	64	0.211221122112
0.34368292335	0.139376218324	240	15	108	0	64	0.210526315789
0.344246525822	0.140350877193	241	15	108	0	64	0.209836065574
0.347434220476	0.141325536062	242	15	108	0	64	0.209150326797
0.349160742001	0.142300194932	243	15	108	0	64	0.208469055375
0.349214417656	0.143274853801	244	15	108	0	64	0.207792207792
0.350128137232	0.144249512671	245	15	108	0	64	0.2071197411
0.360344179725	0.14522417154	246	15	108	0	64	0.206451612903
0.361153144602	0.146198830409	247	15	108	0	64	0.20578778135
0.363011587096	0.147173489279	248	15	108	0	64	0.205128205128
0.364054364851	0.148148148148	249	15	108	0	64	0.20447284345
0.364926370265	0.149122807018	250	15	108	0	64	0.203821656051
0.366557909151	0.150097465887	251	15	108	0	64	0.203174603175
0.368553813409	0.151072124756	252	15	108	0	64	0.20253164557
0.369420354441	0.152046783626	253	15	108	0	64	0.201892744479
0.371485692629	0.153021442495	254	15	108	0	64	0.201257861635
0.374725470907	0.153996101365	255	15	108	0	64	0.200626959248
0.375143558477	0.154970760234	256	15	108	0	64	0.2
0.375209867277	0.155945419103	257	15	108	0	64	0.19937694704
0.375490914749	0.155945419103	258	15	108	0	64	0.198757763975
0.376754687915	0.149122807018	258	16	45	0	71	0.215805471125
0.377301510728	0.150097465887	259	16	45	0	71	0.215151515152
0.378086959585	0.148148148148	259	17	6	0	73	0.219879518072
0.37850435957	0.149122807018	260	17	6	0	73	0.219219219219
0.381091132213	0.150097465887	261	17	6	0	73	0.218562874251
0.382347342315	0.151072124756	262	17	6	0	73	0.217910447761
0.383275167748	0.152046783626	263	17	6	0	73	0.217261904762
0.383316870836	0.153021442495	264	17	6	0	73	0.216617210682
0.384334176405	0.153996101365	265	17	6	0	73	0.215976331361
0.384688872467	0.154970760234	266	17	6	0	73	0.215339233038
0.389455476787	0.154970760234	267	17	6	0	73	0.214705882353
0.392674236523	0.151072124756	267	18	9	0	77	0.223837209302
0.393305393312	0.152046783626	268	18	9	0	77	0.223188405797
0.39469648916	0.153021442495	269	18	9	0	77	0.222543352601
0.396468634081	0.153996101365	270	18	9	0	77	0.221902017291
0.396552749768	0.153996101365	271	18	9	0	77	0.221264367816
0.396941069677	0.154970760234	272	18	9	0	77	0.220630372493
0.398821573387	0.155945419103	273	18	9	0	77	0.22
0.400432402592	0.156920077973	274	18	9	0	77	0.219373219373
0.402937705989	0.157894736842	275	18	9	0	77	0.21875
0.404075390178	0.158869395712	276	18	9	0	77	0.218130311615
0.404385525135	0.159844054581	277	18	9	0	77	0.217514124294
0.404766819021	0.16081871345	278	18	9	0	77	0.216901408451
0.404993530877	0.16179337232	279	18	9	0	77	0.216292134831
0.405487042426	0.162768031189	280	18	9	0	77	0.21568627451
0.409534758916	0.162768031189	281	18	9	0	77	0.215083798883
0.410921394922	0.163742690058	282	18	9	0	77	0.214484679666
0.411096997122	0.162768031189	283	18	9	0	77	0.213888888889
0.411932144699	0.163742690058	284	18	9	0	77	0.213296398892
0.411940427963	0.164717348928	285	18	9	0	77	0.21270718232
0.413294774042	0.165692007797	286	18	9	0	77	0.212121212121
0.413812532427	0.166666666667	287	18	9	0	77	0.211538461538
0.415216163239	0.167641325536	288	18	9	0	77	0.21095890411
0.416237452095	0.168615984405	289	18	9	0	77	0.210382513661
0.418503106567	0.16179337232	289	19	18	0	84	0.225201072386
0.420181195858	0.162768031189	290	19	18	0	84	0.224598930481
0.421085801885	0.16179337232	291	19	18	0	84	0.224
0.421835056429	0.162768031189	292	19	18	0	84	0.223404255319
0.421886232376	0.163742690058	293	19	18	0	84	0.222811671088
0.423667974954	0.164717348928	294	19	18	0	84	0.222222222222
0.423728055032	0.165692007797	295	19	18	0	84	0.221635883905
0.424624416434	0.166666666667	296	19	18	0	84	0.221052631579
0.425265514196	0.167641325536	297	19	18	0	84	0.220472440945
0.427132270314	0.168615984405	298	19	18	0	84	0.219895287958
0.427154719909	0.169590643275	299	19	18	0	84	0.219321148825
0.428523883125	0.170565302144	300	19	18	0	84	0.21875
0.428994408817	0.169590643275	301	19	18	0	84	0.218181818182
0.430306827742	0.159844054581	301	20	18	0	94	0.237974683544
0.431442011307	0.16081871345	302	20	18	0	94	0.237373737374
0.434554255303	0.16081871345	303	20	18	0	94	0.23677581864
0.434617827054	0.16179337232	304	20	18	0	94	0.236180904523
0.434974967537	0.162768031189	305	20	18	0	94	0.235588972431
0.437605579501	0.162768031189	306	20	18	0	94	0.235
0.438355007615	0.163742690058	307	20	18	0	94	0.234413965087
0.43851396084	0.164717348928	308	20	18	0	94	0.233830845771
0.440183312563	0.165692007797	309	20	18	0	94	0.233250620347
0.44153165369	0.166666666667	310	20	18	0	94	0.232673267327
0.442696542882	0.166666666667	311	20	18	0	94	0.232098765432
0.443597935264	0.167641325536	312	20	18	0	94	0.231527093596
0.444085961088	0.168615984405	313	20	18	0	94	0.230958230958
0.444617247118	0.169590643275	314	20	18	0	94	0.230392156863
0.446840714143	0.170565302144	315	20	18	0	94	0.229828850856
0.446974691472	0.171539961014	316	20	18	0	94	0.229268292683
0.448351698283	0.172514619883	317	20	18	0	94	0.228710462287
0.449570844966	0.173489278752	318	20	18	0	94	0.228155339806
0.449991896381	0.173489278752	318	21	3	0	94	0.228155339806
0.450729782664	0.174463937622	319	21	3	0	94	0.227602905569
0.451741584354	0.175438596491	320	21	3	0	94	0.227053140097
0.453085724653	0.176413255361	321	21	3	0	94	0.226506024096
0.454579482864	0.17738791423	322	21	3	0	94	0.225961538462
0.457544913029	0.178362573099	323	21	3	0	94	0.225419664269
0.457899083476	0.164717348928	323	22	51	0	108	0.250580046404
0.458353305742	0.165692007797	324	22	51	0	108	0.25
0.458822773777	0.158869395712	324	23	42	0	115	0.261958997722
0.459685951652	0.159844054581	325	23	42	0	115	0.261363636364
0.462516164448	0.159844054581	326	23	42	0	115	0.260770975057
0.464377483092	0.16081871345	327	23	42	0	115	0.260180995475
0.464522128677	0.16179337232	328	23	42	0	115	0.259593679458
0.465397515995	0.162768031189	329	23	42	0	115	0.259009009009
0.469601417152	0.163742690058	330	23	42	0	115	0.258426966292
0.469879471378	0.164717348928	331	23	42	0	115	0.257847533632
0.470150525347	0.165692007797	332	23	42	0	115	0.257270693512
0.470610906979	0.166666666667	333	23	42	0	115	0.256696428571
0.470617027934	0.167641325536	334	23	42	0	115	0.256124721604
0.471108049198	0.168615984405	335	23	42	0	115	0.255555555556
0.47131397774	0.169590643275	336	23	42	0	115	0.254988913525
0.474441227905	0.168615984405	336	24	21	0	116	0.256637168142
0.477075423729	0.169590643275	337	24	21	0	116	0.256070640177
0.477187787632	0.170565302144	338	24	21	0	116	0.25550660793
0.479298020374	0.171539961014	339	24	21	0	116	0.254945054945
0.482766095732	0.172514619883	340	24	21	0	116	0.254385964912
0.484535609524	0.173489278752	341	24	21	0	116	0.253829321663
0.486811301802	0.174463937622	342	24	21	0	116	0.25327510917
0.489148292991	0.175438596491	343	24	21	0	116	0.252723311547
0.490074621377	0.176413255361	344	24	21	0	116	0.252173913043
0.49145703847	0.17738791423	345	24	21	0	116	0.251626898048
0.49183983859	0.178362573099	346	24	21	0	116	0.251082251082
0.492400575154	0.179337231969	347	24	21	0	116	0.250539956803
0.493802772206	0.178362573099	348	24	21	0	116	0.25
0.494845547471	0.179337231969	349	24	21	0	116	0.249462365591
0.495122266397	0.180311890838	350	24	21	0	116	0.248927038627
0.495554408014	0.180311890838	351	24	21	0	116	0.248394004283
0.496066836497	0.181286549708	352	24	21	0	116	0.247863247863
0.497022541519	0.180311890838	353	24	21	0	116	0.247334754797
0.497436156626	0.181286549708	354	24	21	0	116	0.246808510638
0.497716657668	0.182261208577	355	24	21	0	116	0.246284501062
0.498112805088	0.183235867446	356	24	21	0	116	0.245762711864
0.498224090396	0.184210526316	357	24	21	0	116	0.245243128964
0.498355374706	0.184210526316	358	24	21	0	116	0.244725738397
0.499398363134	0.185185185185	359	24	21	0	116	0.244210526316
0.500420191145	0.186159844055	360	24	21	0	116	0.243697478992
0.502491218969	0.187134502924	361	24	21	0	116	0.243186582809
0.503396772414	0.188109161793	362	24	21	0	116	0.242677824268
0.504080983335	0.188109161793	363	24	21	0	116	0.242171189979
0.505295664316	0.189083820663	364	24	21	0	116	0.241666666667
0.508246661746	0.190058479532	365	24	21	0	116	0.241164241164
0.508711492636	0.189083820663	366	24	21	0	116	0.240663900415
0.509253755779	0.190058479532	367	24	21	0	116	0.24016563147
0.510455324461	0.190058479532	368	24	21	0	116	0.239669421488
0.511072271648	0.191033138402	369	24	21	0	116	0.239175257732
0.513362288777	0.192007797271	370	24	21	0	116	0.238683127572
0.51417574288	0.192007797271	371	24	21	0	116	0.23819301848
0.520717128518	0.191033138402	372	24	21	0	116	0.237704918033
0.520852687696	0.192007797271	373	24	21	0	116	0.237218813906
0.52194126649	0.191033138402	374	24	21	0	116	0.236734693878
0.522432747188	0.192007797271	375	24	21	0	116	0.236252545825
0.524006735161	0.19298245614	376	24	21	0	116	0.235772357724
0.526093575495	0.19395711501	377	24	21	0	116	0.235294117647
0.529610699968	0.190058479532	377	25	36	0	120	0.241448692153
0.529799523387	0.191033138402	378	25	36	0	120	0.240963855422
0.530932583062	0.192007797271	379	25	36	0	120	0.240480961924
0.533335939955	0.19298245614	380	25	36	0	120	0.24
0.533551281	0.19395711501	381	25	36	0	120	0.239520958084
0.536017870733	0.194931773879	382	25	36	0	120	0.239043824701
0.536224607858	0.195906432749	383	25	36	0	120	0.238568588469
0.53661782681	0.195906432749	384	25	36	0	120	0.238095238095
0.538261554569	0.196881091618	385	25	36	0	120	0.237623762376
0.539503781248	0.197855750487	386	25	36	0	120	0.237154150198
0.539636692905	0.198830409357	387	25	36	0	120	0.236686390533
0.539828188017	0.199805068226	388	25	36	0	120	0.236220472441
0.542803779207	0.199805068226	389	25	36	0	120	0.235756385069
0.543264690496	0.200779727096	390	25	36	0	120	0.235294117647
0.544895640072	0.201754385965	391	25	36	0	120	0.234833659491
0.547684221888	0.202729044834	392	25	36	0	120	0.234375
0.549694413209	0.201754385965	393	25	36	0	120	0.233918128655
0.550632202162	0.202729044834	394	25	36	0	120	0.233463035019
0.550972971174	0.203703703704	395	25	36	0	120	0.233009708738
0.552661530494	0.204678362573	396	25	36	0	120	0.232558139535
0.552907687428	0.205653021442	397	25	36	0	120	0.232108317215
0.553107893363	0.206627680312	398	25	36	0	120	0.23166023166
0.55524864125	0.207602339181	399	25	36	0	120	0.231213872832
0.559669192868	0.208576998051	400	25	36	0	120	0.230769230769
0.560418549332	0.201754385965	400	26	21	0	127	0.240986717268
0.561301746787	0.202729044834	401	26	21	0	127	0.24053030303
0.562207904317	0.203703703704	402	26	21	0	127	0.240075614367
0.564866619843	0.204678362573	403	26	21	0	127	0.239622641509
0.566367429844	0.203703703704	403	27	3	0	128	0.241054613936
0.569225040798	0.204678362573	404	27	3	0	128	0.240601503759
0.569361615378	0.205653021442	405	27	3	0	128	0.240150093809
0.569771873223	0.206627680312	406	27	3	0	128	0.239700374532
0.570082949685	0.207602339181	407	27	3	0	128	0.239252336449
0.570543403739	0.208576998051	408	27	3	0	128	0.238805970149
0.574385120161	0.20955165692	409	27	3	0	128	0.238361266294
0.57452406748	0.210526315789	410	27	3	0	128	0.237918215613
0.577131688145	0.211500974659	411	27	3	0	128	0.237476808905
0.578554087453	0.210526315789	412	27	3	0	128	0.237037037037
0.586378516004	0.211500974659	413	27	3	0	128	0.236598890943
0.587234762157	0.212475633528	414	27	3	0	128	0.236162361624
0.587294398389	0.213450292398	415	27	3	0	128	0.235727440147
0.588157037398	0.213450292398	416	27	3	0	128	0.235294117647
0.588792220171	0.214424951267	417	27	3	0	128	0.234862385321
0.588816451849	0.215399610136	418	27	3	0	128	0.234432234432
0.589547632907	0.215399610136	419	27	3	0	128	0.234003656307
0.589798148273	0.215399610136	420	27	3	0	128	0.233576642336
0.591140406341	0.216374269006	421	27	3	0	128	0.233151183971
0.593096786718	0.217348927875	422	27	3	0	128	0.232727272727
0.595768632467	0.218323586745	423	27	3	0	128	0.232304900181
0.596661950436	0.210526315789	423	28	18	0	136	0.243291592129
0.598121447771	0.211500974659	424	28	18	0	136	0.242857142857
0.599374024858	0.212475633528	425	28	18	0	136	0.242424242424
0.602653931783	0.213450292398	426	28	18	0	136	0.241992882562
0.606364544357	0.214424951267	427	28	18	0	136	0.241563055062
0.606729214676	0.215399610136	428	28	18	0	136	0.241134751773
0.606912380999	0.216374269006	429	28	18	0	136	0.240707964602
0.608453350724	0.217348927875	430	28	18	0	136	0.240282685512
0.610929114966	0.218323586745	431	28	18	0	136	0.239858906526
0.611519588293	0.218323586745	432	28	18	0	136	0.239436619718
0.612373681745	0.219298245614	433	28	18	0	136	0.239015817223
0.612711055585	0.220272904483	434	28	18	0	136	0.238596491228
0.613884604346	0.221247563353	435	28	18	0	136	0.238178633975
0.61448791238	0.222222222222	436	28	18	0	136	0.237762237762
0.614907661051	0.223196881092	437	28	18	0	136	0.237347294939
0.615117899555	0.204678362573	437	29	93	0	155	0.261824324324
0.619468249243	0.205653021442	438	29	93	0	155	0.261382799325
0.620637420432	0.206627680312	439	29	93	0	155	0.260942760943
0.623483698448	0.207602339181	440	29	93	0	155	0.260504201681
0.626358237329	0.208576998051	441	29	93	0	155	0.260067114094
0.627547274586	0.20955165692	442	29	93	0	155	0.259631490787
0.627553136846	0.210526315789	443	29	93	0	155	0.259197324415
0.628490375102	0.211500974659	444	29	93	0	155	0.258764607679
0.628665294592	0.211500974659	445	29	93	0	155	0.258333333333
0.629015993685	0.212475633528	446	29	93	0	155	0.257903494176
0.631599329699	0.213450292398	447	29	93	0	155	0.257475083056
0.631661527191	0.214424951267	448	29	93	0	155	0.257048092869
0.631761285767	0.215399610136	449	29	93	0	155	0.256622516556
0.633874929009	0.216374269006	450	29	93	0	155	0.256198347107
0.634733240806	0.217348927875	451	29	93	0	155	0.255775577558
0.635983033284	0.217348927875	452	29	93	0	155	0.255354200988
0.639631230111	0.217348927875	453	29	93	0	155	0.254934210526
0.639952630758	0.218323586745	454	29	93	0	155	0.254515599343
0.645580692087	0.203703703704	454	30	189	0	170	0.272435897436
0.649738939996	0.204678362573	455	30	189	0	170	0.272
0.652519305344	0.205653021442	456	30	189	0	170	0.271565495208
0.652866677006	0.206627680312	457	30	189	0	170	0.271132376396
0.655395275864	0.207602339181	458	30	189	0	170	0.270700636943
0.656473142122	0.201754385965	458	31	12	0	176	0.277602523659
0.657117820206	0.202729044834	459	31	12	0	176	0.277165354331
0.660450401597	0.203703703704	460	31	12	0	176	0.276729559748
0.66068513075	0.203703703704	461	31	12	0	176	0.276295133438
0.660738148913	0.204678362573	462	31	12	0	176	0.275862068966
0.665366995603	0.205653021442	463	31	12	0	176	0.275430359937
0.666100780157	0.206627680312	464	31	12	0	176	0.275
0.666948644396	0.207602339181	465	31	12	0	176	0.274570982839
0.67016755769	0.207602339181	466	31	12	0	176	0.274143302181
0.670263685653	0.208576998051	467	31	12	0	176	0.273716951788
0.670827029149	0.208576998051	468	31	12	0	176	0.273291925466
0.673240629134	0.20955165692	469	31	12	0	176	0.272868217054
0.677393208602	0.210526315789	470	31	12	0	176	0.272445820433
0.678304438326	0.20955165692	471	31	12	0	176	0.272024729521
0.682897959764	0.210526315789	472	31	12	0	176	0.271604938272
0.683959543173	0.211500974659	473	31	12	0	176	0.271186440678
0.684658393095	0.212475633528	474	31	12	0	176	0.270769230769
0.684690800725	0.213450292398	475	31	12	0	176	0.270353302611
0.685552349539	0.214424951267	476	31	12	0	176	0.269938650307
0.686447277991	0.215399610136	477	31	12	0	176	0.269525267994
0.686908925349	0.216374269006	478	31	12	0	176	0.269113149847
0.687855898346	0.217348927875	479	31	12	0	176	0.268702290076
0.692149201138	0.218323586745	480	31	12	0	176	0.268292682927
0.696342641319	0.219298245614	481	31	12	0	176	0.267884322679
0.698025728789	0.220272904483	482	31	12	0	176	0.267477203647
0.698347528279	0.221247563353	483	31	12	0	176	0.267071320182
0.698446103009	0.222222222222	484	31	12	0	176	0.266666666667
0.698997562715	0.223196881092	485	31	12	0	176	0.266263237519
0.701330204173	0.224171539961	486	31	12	0	176	0.26586102719
0.705208987766	0.223196881092	486	32	15	0	177	0.266968325792
0.705364421348	0.224171539961	487	32	15	0	177	0.26656626506
0.707870666457	0.22514619883	488	32	15	0	177	0.266165413534
0.708680664587	0.2261208577	489	32	15	0	177	0.265765765766
0.709436274724	0.227095516569	490	32	15	0	177	0.265367316342
0.709904613491	0.228070175439	491	32	15	0	177	0.26497005988
0.710300891192	0.229044834308	492	32	15	0	177	0.264573991031
0.713516887992	0.230019493177	493	32	15	0	177	0.264179104478
0.714338712178	0.230994152047	494	32	15	0	177	0.263785394933
0.715808844588	0.231968810916	495	32	15	0	177	0.263392857143
0.716442151126	0.232943469786	496	32	15	0	177	0.263001485884
0.716915194803	0.233918128655	497	32	15	0	177	0.262611275964
0.718625498549	0.234892787524	498	32	15	0	177	0.262222222222
0.719251685634	0.233918128655	499	32	15	0	177	0.261834319527
0.720105247679	0.232943469786	500	32	15	0	177	0.261447562777
0.72124226004	0.231968810916	501	32	15	0	177	0.261061946903
0.721302060285	0.232943469786	502	32	15	0	177	0.260677466863
0.724405290257	0.231968810916	503	32	15	0	177	0.260294117647
0.725812967673	0.232943469786	504	32	15	0	177	0.259911894273
0.727766003252	0.231968810916	505	32	15	0	177	0.259530791789
0.730645227748	0.232943469786	506	32	15	0	177	0.259150805271
0.731374256549	0.233918128655	507	32	15	0	177	0.258771929825
0.732883277851	0.234892787524	508	32	15	0	177	0.258394160584
0.736505113035	0.235867446394	509	32	15	0	177	0.258017492711
0.740349600262	0.235867446394	510	32	15	0	177	0.257641921397
0.740670975319	0.236842105263	511	32	15	0	177	0.25726744186
0.74074684152	0.237816764133	512	32	15	0	177	0.256894049347
0.741855796043	0.238791423002	513	32	15	0	177	0.25652173913
0.742010239831	0.237816764133	514	32	15	0	177	0.256150506512
0.744305773699	0.238791423002	515	32	15	0	177	0.255780346821
0.749516445798	0.239766081871	516	32	15	0	177	0.255411255411
0.750905838714	0.240740740741	517	32	15	0	177	0.255043227666
0.751129864541	0.24171539961	518	32	15	0	177	0.254676258993
0.751522054722	0.24171539961	518	33	15	0	177	0.254676258993
0.752301745668	0.238791423002	518	34	27	0	180	0.25787965616
0.752532966724	0.239766081871	519	34	27	0	180	0.257510729614
0.75313607506	0.240740740741	520	34	27	0	180	0.257142857143
0.757874735673	0.24171539961	521	34	27	0	180	0.256776034237
0.759675369543	0.24171539961	522	34	27	0	180	0.25641025641
0.760080430985	0.24171539961	523	34	27	0	180	0.256045519203
0.761896157471	0.24269005848	524	34	27	0	180	0.255681818182
0.766964178841	0.243664717349	525	34	27	0	180	0.255319148936
0.767349613051	0.244639376218	526	34	27	0	180	0.254957507082
0.767991827545	0.243664717349	527	34	27	0	180	0.25459688826
0.768233119919	0.244639376218	528	34	27	0	180	0.254237288136
0.770558891302	0.245614035088	529	34	27	0	180	0.253878702398
0.770912817521	0.245614035088	530	34	27	0	180	0.253521126761
0.772009572018	0.246588693957	531	34	27	0	180	0.253164556962
0.772445635584	0.247563352827	532	34	27	0	180	0.252808988764
0.772520378681	0.246588693957	533	34	27	0	180	0.252454417952
0.774108370348	0.247563352827	534	34	27	0	180	0.252100840336
0.775226631851	0.246588693957	535	34	27	0	180	0.251748251748
0.775632635404	0.247563352827	536	34	27	0	180	0.251396648045
0.77601515356	0.248538011696	537	34	27	0	180	0.251046025105
0.77649971354	0.249512670565	538	34	27	0	180	0.25069637883
0.777059500546	0.250487329435	539	34	27	0	180	0.250347705146
0.780553975739	0.250487329435	540	34	27	0	180	0.25
0.780836586973	0.251461988304	541	34	27	0	180	0.249653259362
0.782133476339	0.252436647173	542	34	27	0	180	0.249307479224
0.783049212294	0.253411306043	543	34	27	0	180	0.248962655602
0.783948034434	0.234892787524	543	35	81	0	199	0.268194070081
0.784990885707	0.234892787524	544	35	81	0	199	0.267833109017
0.785453296115	0.235867446394	545	35	81	0	199	0.26747311828
0.785775842956	0.236842105263	546	35	81	0	199	0.26711409396
0.78617317336	0.237816764133	547	35	81	0	199	0.266756032172
0.786179537385	0.238791423002	548	35	81	0	199	0.26639892905
0.786542827177	0.238791423002	548	36	30	0	199	0.26639892905
0.789492574462	0.237816764133	549	36	30	0	199	0.266042780749
0.790306129738	0.238791423002	550	36	30	0	199	0.265687583445
0.791707943829	0.237816764133	551	36	30	0	199	0.265333333333
0.794023185566	0.236842105263	552	36	30	0	199	0.264980026631
0.794503255568	0.237816764133	553	36	30	0	199	0.264627659574
0.794842743883	0.237816764133	554	36	30	0	199	0.26427622842
0.796151709279	0.238791423002	555	36	30	0	199	0.263925729443
0.796239534468	0.239766081871	556	36	30	0	199	0.26357615894
0.797666651684	0.240740740741	557	36	30	0	199	0.263227513228
0.797929071273	0.24171539961	558	36	30	0	199	0.262879788639
0.798848816013	0.24171539961	559	36	30	0	199	0.26253298153
0.799082724482	0.24269005848	560	36	30	0	199	0.262187088274
0.799664076994	0.24269005848	561	36	30	0	199	0.261842105263
0.799993399521	0.243664717349	562	36	30	0	199	0.261498028909
0.800328734715	0.244639376218	563	36	30	0	199	0.261154855643
0.800407095979	0.245614035088	564	36	30	0	199	0.260812581913
0.801175559468	0.245614035088	565	36	30	0	199	0.260471204188
0.803552735799	0.246588693957	566	36	30	0	199	0.260130718954
0.804348988987	0.247563352827	567	36	30	0	199	0.259791122715
0.804764054415	0.248538011696	568	36	30	0	199	0.259452411995
0.805178145458	0.248538011696	569	36	30	0	199	0.259114583333
0.806733986089	0.248538011696	570	36	30	0	199	0.25877763329
0.806789358619	0.247563352827	571	36	30	0	199	0.258441558442
0.807528721509	0.248538011696	572	36	30	0	199	0.258106355383
0.808781549092	0.247563352827	573	36	30	0	199	0.257772020725
0.808825191403	0.248538011696	574	36	30	0	199	0.2574385511
0.811169308347	0.249512670565	575	36	30	0	199	0.257105943152
0.811485721741	0.250487329435	576	36	30	0	199	0.256774193548
0.813101609583	0.251461988304	577	36	30	0	199	0.256443298969
0.815944889249	0.252436647173	578	36	30	0	199	0.256113256113
0.816201678943	0.253411306043	579	36	30	0	199	0.255784061697
0.81821430056	0.253411306043	580	36	30	0	199	0.255455712452
0.818779144782	0.254385964912	581	36	30	0	199	0.255128205128
0.818901365627	0.255360623782	582	36	30	0	199	0.254801536492
0.819969214479	0.256335282651	583	36	30	0	199	0.254475703325
0.820246758728	0.255360623782	584	36	30	0	199	0.254150702427
0.820411067578	0.256335282651	585	36	30	0	199	0.253826530612
0.824090129835	0.25730994152	586	36	30	0	199	0.253503184713
0.824314616164	0.256335282651	587	36	30	0	199	0.253180661578
0.82496969031	0.25730994152	588	36	30	0	199	0.252858958069
0.825865701888	0.25828460039	589	36	30	0	199	0.252538071066
0.825924594884	0.259259259259	590	36	30	0	199	0.252217997465
0.832593880042	0.260233918129	591	36	30	0	199	0.251898734177
0.835512814607	0.261208576998	592	36	30	0	199	0.251580278129
0.835735972854	0.262183235867	593	36	30	0	199	0.251262626263
0.835974901237	0.261208576998	594	36	30	0	199	0.250945775536
0.837613370744	0.262183235867	595	36	30	0	199	0.250629722922
0.837697997593	0.263157894737	596	36	30	0	199	0.250314465409
0.8388483878	0.264132553606	597	36	30	0	199	0.25
0.839894083954	0.265107212476	598	36	30	0	199	0.249686323714
0.841356693002	0.266081871345	599	36	30	0	199	0.249373433584
0.845142177376	0.267056530214	600	36	30	0	199	0.249061326658
0.846426693285	0.268031189084	601	36	30	0	199	0.24875
0.854212068709	0.268031189084	602	36	30	0	199	0.248439450687
0.861519502479	0.269005847953	603	36	30	0	199	0.24812967581
0.861704844616	0.262183235867	603	37	30	0	206	0.254635352287
0.862662022206	0.263157894737	604	37	30	0	206	0.254320987654
0.863822733557	0.240740740741	604	38	87	0	229	0.274909963986
0.864273891031	0.24171539961	605	38	87	0	229	0.274580335731
0.86434861851	0.240740740741	606	38	87	0	229	0.274251497006
0.869203966708	0.224171539961	606	39	78	0	246	0.288732394366
0.869718297619	0.22514619883	607	39	78	0	246	0.288393903869
0.869782729632	0.22514619883	608	39	78	0	246	0.288056206089
0.871898139428	0.224171539961	608	40	6	0	247	0.288888888889
0.872342563918	0.22514619883	609	40	6	0	247	0.288551401869
0.873174514436	0.2261208577	610	40	6	0	247	0.28821470245
0.873944637579	0.227095516569	611	40	6	0	247	0.287878787879
0.87561720893	0.228070175439	612	40	6	0	247	0.287543655413
0.876335206991	0.229044834308	613	40	6	0	247	0.287209302326
0.877409025728	0.230019493177	614	40	6	0	247	0.2868757259
0.878784222311	0.230019493177	615	40	6	0	247	0.286542923434
0.878861488526	0.229044834308	616	40	6	0	247	0.286210892236
0.87958218832	0.229044834308	617	40	6	0	247	0.28587962963
0.88053996171	0.228070175439	618	40	6	0	247	0.285549132948
0.88109043298	0.229044834308	619	40	6	0	247	0.285219399538
0.881345373236	0.230019493177	620	40	6	0	247	0.284890426759
0.882551087273	0.230019493177	621	40	6	0	247	0.284562211982
0.883429389898	0.230994152047	622	40	6	0	247	0.284234752589
0.883583029673	0.230994152047	623	40	6	0	247	0.283908045977
0.883764923824	0.231968810916	624	40	6	0	247	0.283582089552
0.883931125306	0.232943469786	625	40	6	0	247	0.283256880734
0.887556007229	0.233918128655	626	40	6	0	247	0.282932416953
0.890417060871	0.234892787524	627	40	6	0	247	0.282608695652
0.892773092267	0.235867446394	628	40	6	0	247	0.282285714286
0.89307617436	0.236842105263	629	40	6	0	247	0.28196347032
0.893502267008	0.235867446394	630	40	6	0	247	0.281641961231
0.893581257687	0.235867446394	631	40	6	0	247	0.28132118451
0.896693580012	0.234892787524	632	40	6	0	247	0.281001137656
0.898471375148	0.233918128655	633	40	6	0	247	0.280681818182
0.899877589763	0.234892787524	634	40	6	0	247	0.28036322361
0.900072940628	0.235867446394	635	40	6	0	247	0.280045351474
0.901302787668	0.236842105263	636	40	6	0	247	0.27972819932
0.901357497932	0.237816764133	637	40	6	0	247	0.279411764706
0.90814926001	0.238791423002	638	40	6	0	247	0.279096045198
0.908266000946	0.239766081871	639	40	6	0	247	0.278781038375
0.908718664638	0.240740740741	640	40	6	0	247	0.278466741826
0.910301043839	0.24171539961	641	40	6	0	247	0.278153153153
0.91408758298	0.24269005848	642	40	6	0	247	0.277840269966
0.916174724753	0.243664717349	643	40	6	0	247	0.277528089888
0.91872042562	0.244639376218	644	40	6	0	247	0.27721661055
0.920266379254	0.245614035088	645	40	6	0	247	0.276905829596
0.920696117261	0.246588693957	646	40	6	0	247	0.276595744681
0.921362333982	0.247563352827	647	40	6	0	247	0.276286353468
0.92152457686	0.248538011696	648	40	6	0	247	0.275977653631
0.921658868527	0.249512670565	649	40	6	0	247	0.275669642857
0.921915759663	0.250487329435	650	40	6	0	247	0.275362318841
0.922654381132	0.251461988304	651	40	6	0	247	0.275055679287
0.924092679656	0.238791423002	651	41	69	0	260	0.285400658617
0.924294661149	0.239766081871	652	41	69	0	260	0.285087719298
0.924688628539	0.240740740741	653	41	69	0	260	0.284775465498
0.925245491101	0.239766081871	654	41	69	0	260	0.284463894967
0.925762334789	0.239766081871	655	41	69	0	260	0.284153005464
0.933863075988	0.240740740741	656	41	69	0	260	0.28384279476
0.934914510902	0.24171539961	657	41	69	0	260	0.283533260632
0.93744814277	0.24269005848	658	41	69	0	260	0.283224400871
0.937585610612	0.24269005848	659	41	69	0	260	0.282916213275
0.938603785076	0.24269005848	660	41	69	0	260	0.282608695652
0.938615742573	0.243664717349	661	41	69	0	260	0.28230184582
0.939153898631	0.214424951267	661	42	51	0	290	0.304942166141
0.940513713166	0.215399610136	662	42	51	0	290	0.304621848739
0.94132989816	0.216374269006	663	42	51	0	290	0.304302203568
0.941684590675	0.20955165692	663	43	21	0	297	0.309375
0.941805693	0.20955165692	664	43	21	0	297	0.309053069719
0.946071821951	0.208576998051	665	43	21	0	297	0.308731808732
0.947723805979	0.20955165692	666	43	21	0	297	0.308411214953
0.94789042599	0.210526315789	667	43	21	0	297	0.308091286307
0.949105821314	0.211500974659	668	43	21	0	297	0.307772020725
0.950229375518	0.212475633528	669	43	21	0	297	0.307453416149
0.95087579342	0.213450292398	670	43	21	0	297	0.307135470527
0.956732365833	0.214424951267	671	43	21	0	297	0.306818181818
0.959042943489	0.215399610136	672	43	21	0	297	0.306501547988
0.959641218939	0.216374269006	673	43	21	0	297	0.30618556701
0.961621732552	0.217348927875	674	43	21	0	297	0.305870236869
0.963424237064	0.218323586745	675	43	21	0	297	0.305555555556
0.965009325466	0.219298245614	676	43	21	0	297	0.305241521069
0.965088535982	0.220272904483	677	43	21	0	297	0.304928131417
0.965494970581	0.217348927875	677	44	12	0	300	0.307062436029
0.967050181354	0.217348927875	678	44	12	0	300	0.306748466258
0.967792547081	0.218323586745	679	44	12	0	300	0.306435137896
0.967893450895	0.219298245614	680	44	12	0	300	0.30612244898
0.968689963901	0.218323586745	681	44	12	0	300	0.305810397554
0.969565763501	0.219298245614	682	44	12	0	300	0.30549898167
0.969887887251	0.220272904483	683	44	12	0	300	0.30518819939
0.974054574649	0.221247563353	684	44	12	0	300	0.30487804878
0.97449052243	0.222222222222	685	44	12	0	300	0.304568527919
0.975937507525	0.223196881092	686	44	12	0	300	0.304259634888
0.976012572407	0.224171539961	687	44	12	0	300	0.303951367781
0.977146912337	0.22514619883	688	44	12	0	300	0.303643724696
0.977787951064	0.2261208577	689	44	12	0	300	0.303336703741
0.978952479959	0.227095516569	690	44	12	0	300	0.30303030303
0.981201600219	0.228070175439	691	44	12	0	300	0.302724520686
0.981636683874	0.229044834308	692	44	12	0	300	0.302419354839
0.981986808872	0.230019493177	693	44	12	0	300	0.302114803625
0.985431710282	0.230994152047	694	44	12	0	300	0.301810865191
0.986241868275	0.231968810916	695	44	12	0	300	0.301507537688
0.986516181047	0.232943469786	696	44	12	0	300	0.301204819277
0.988421971609	0.232943469786	697	44	12	0	300	0.300902708124
0.988799834702	0.231968810916	698	44	12	0	300	0.300601202405
0.990388905619	0.232943469786	699	44	12	0	300	0.3003003003
0.990394895366	0.233918128655	700	44	12	0	300	0.3
0.990766633838	0.234892787524	701	44	12	0	300	0.2997002997
0.994488998465	0.234892787524	702	44	12	0	300	0.299401197605
0.99628314281	0.235867446394	703	44	12	0	300	0.299102691924
0.996509671107	0.236842105263	704	44	12	0	300	0.298804780876
0.996569675061	0.237816764133	705	44	12	0	300	0.298507462687
0.996601916346	0.238791423002	706	44	12	0	300	0.298210735586
0.996827501137	0.239766081871	707	44	12	0	300	0.297914597815
0.99741935097	0.239766081871	708	44	12	0	300	0.297619047619
0.997634193856	0.240740740741	709	44	12	0	300	0.297324083251
1.00002410779	0.24171539961	710	44	12	0	300	0.29702970297
1.00007671493	0.24269005848	711	44	12	0	300	0.296735905045
1.00089250467	0.243664717349	712	44	12	0	300	0.296442687747
1.00214141355	0.244639376218	713	44	12	0	300	0.296150049358
1.00337575086	0.245614035088	714	44	12	0	300	0.295857988166
1.0037402029	0.245614035088	715	44	12	0	300	0.295566502463
1.00422398749	0.246588693957	716	44	12	0	300	0.295275590551
1.00448046741	0.247563352827	717	44	12	0	300	0.294985250737
1.01040125967	0.248538011696	718	44	12	0	300	0.294695481336
1.01107769896	0.249512670565	719	44	12	0	300	0.294406280667
1.01430498182	0.249512670565	720	44	12	0	300	0.294117647059
1.0162171736	0.250487329435	721	44	12	0	300	0.293829578844
1.01639834543	0.251461988304	722	44	12	0	300	0.293542074364
1.01686390862	0.252436647173	723	44	12	0	300	0.293255131965
1.01701484273	0.251461988304	724	44	12	0	300	0.29296875
1.01897760883	0.252436647173	725	44	12	0	300	0.292682926829
1.01929148948	0.253411306043	726	44	12	0	300	0.292397660819
1.01954590137	0.254385964912	727	44	12	0	300	0.292112950341
1.02083567001	0.255360623782	728	44	12	0	300	0.291828793774
1.02312590292	0.256335282651	729	44	12	0	300	0.291545189504
1.02543303238	0.25730994152	730	44	12	0	300	0.291262135922
1.02546674236	0.25828460039	731	44	12	0	300	0.290979631426
1.02592753722	0.25828460039	732	44	12	0	300	0.290697674419
1.02849347839	0.259259259259	733	44	12	0	300	0.290416263311
1.02851896378	0.259259259259	734	44	12	0	300	0.290135396518
1.03154878109	0.260233918129	735	44	12	0	300	0.289855072464
1.03305418069	0.261208576998	736	44	12	0	300	0.289575289575
1.03379723176	0.262183235867	737	44	12	0	300	0.289296046287
1.03467099405	0.261208576998	738	44	12	0	300	0.28901734104
1.03565147169	0.262183235867	739	44	12	0	300	0.288739172281
1.03616847393	0.251461988304	739	45	30	0	311	0.29619047619
1.03739714159	0.252436647173	740	45	30	0	311	0.295908658421
1.04055892177	0.248538011696	740	46	21	0	315	0.298578199052
1.04241578103	0.247563352827	741	46	21	0	315	0.298295454545
1.04326906597	0.247563352827	742	46	21	0	315	0.298013245033
1.04428036521	0.248538011696	743	46	21	0	315	0.297731568998
1.04454835699	0.249512670565	744	46	21	0	315	0.297450424929
1.04478945641	0.250487329435	745	46	21	0	315	0.297169811321
1.04499024545	0.251461988304	746	46	21	0	315	0.296889726673
1.04577188491	0.252436647173	747	46	21	0	315	0.296610169492
1.04651975222	0.252436647173	748	46	21	0	315	0.296331138288
1.04806169282	0.253411306043	749	46	21	0	315	0.296052631579
1.04878909113	0.247563352827	749	47	27	0	321	0.3
1.04998307962	0.248538011696	750	47	27	0	321	0.299719887955
1.05217064986	0.249512670565	751	47	27	0	321	0.299440298507
1.05242429126	0.250487329435	752	47	27	0	321	0.299161230196
1.05255361981	0.250487329435	753	47	27	0	321	0.298882681564
1.05345912491	0.251461988304	754	47	27	0	321	0.298604651163
1.05522614367	0.251461988304	755	47	27	0	321	0.298327137546
1.05619150463	0.252436647173	756	47	27	0	321	0.298050139276
1.05679885509	0.252436647173	757	47	27	0	321	0.297773654917
1.05779822289	0.252436647173	758	47	27	0	321	0.29749768304
1.06117677784	0.253411306043	759	47	27	0	321	0.297222222222
1.06190111102	0.254385964912	760	47	27	0	321	0.296947271045
1.06222414441	0.255360623782	761	47	27	0	321	0.296672828096
1.06272502311	0.256335282651	762	47	27	0	321	0.296398891967
1.06324682681	0.25730994152	763	47	27	0	321	0.296125461255
1.0632769797	0.25828460039	764	47	27	0	321	0.295852534562
1.0638093068	0.259259259259	765	47	27	0	321	0.295580110497
1.06515188216	0.260233918129	766	47	27	0	321	0.295308187672
1.06659320486	0.261208576998	767	47	27	0	321	0.295036764706
1.06757964259	0.262183235867	768	47	27	0	321	0.29476584022
1.06781667292	0.263157894737	769	47	27	0	321	0.294495412844
1.06824483891	0.264132553606	770	47	27	0	321	0.29422548121
1.06859920003	0.265107212476	771	47	27	0	321	0.293956043956
1.0695742455	0.264132553606	772	47	27	0	321	0.293687099726
1.07008105379	0.265107212476	773	47	27	0	321	0.293418647166
1.07083005877	0.266081871345	774	47	27	0	321	0.293150684932
1.07426138715	0.267056530214	775	47	27	0	321	0.292883211679
1.07652052446	0.267056530214	776	47	27	0	321	0.292616226071
1.07787682955	0.266081871345	777	47	27	0	321	0.292349726776
1.07870575656	0.267056530214	778	47	27	0	321	0.292083712466
1.08116441855	0.266081871345	779	47	27	0	321	0.291818181818
1.08138704602	0.267056530214	780	47	27	0	321	0.291553133515
1.08155701267	0.268031189084	781	47	27	0	321	0.291288566243
1.08252887233	0.269005847953	782	47	27	0	321	0.291024478694
1.0853229073	0.269005847953	783	47	27	0	321	0.290760869565
1.08832474261	0.269005847953	784	47	27	0	321	0.290497737557
1.08888587891	0.269980506823	785	47	27	0	321	0.290235081374
1.08939351822	0.270955165692	786	47	27	0	321	0.289972899729
1.09253068443	0.271929824561	787	47	27	0	321	0.289711191336
1.09363088095	0.272904483431	788	47	27	0	321	0.289449954914
1.09567661557	0.2738791423	789	47	27	0	321	0.289189189189
1.09591538236	0.260233918129	789	48	27	0	335	0.298042704626
1.09668697345	0.261208576998	790	48	27	0	335	0.297777777778
1.09806913679	0.262183235867	791	48	27	0	335	0.297513321492
1.09878315687	0.263157894737	792	48	27	0	335	0.297249334516
1.09960593308	0.264132553606	793	48	27	0	335	0.296985815603
1.10298232003	0.265107212476	794	48	27	0	335	0.296722763508
1.10304640479	0.266081871345	795	48	27	0	335	0.296460176991
1.10359354304	0.267056530214	796	48	27	0	335	0.296198054819
1.10377125541	0.267056530214	797	48	27	0	335	0.29593639576
1.10621893798	0.268031189084	798	48	27	0	335	0.295675198588
1.10657705749	0.269005847953	799	48	27	0	335	0.295414462081
1.10760218333	0.269980506823	800	48	27	0	335	0.295154185022
1.1081846239	0.270955165692	801	48	27	0	335	0.294894366197
1.10954979008	0.270955165692	802	48	27	0	335	0.294635004398
1.11195683586	0.240740740741	802	49	57	0	366	0.313356164384
1.11429307409	0.24171539961	803	49	57	0	366	0.313088109495
1.11466099346	0.24269005848	804	49	57	0	366	0.312820512821
1.1161825319	0.243664717349	805	49	57	0	366	0.312553373185
1.1176587309	0.244639376218	806	49	57	0	366	0.31228668942
1.11863721353	0.245614035088	807	49	57	0	366	0.312020460358
1.11946028364	0.239766081871	807	50	21	0	372	0.315521628499
1.11988725188	0.240740740741	808	50	21	0	372	0.315254237288
1.12171341905	0.24171539961	809	50	21	0	372	0.314987298899
1.12369618019	0.24269005848	810	50	21	0	372	0.314720812183
1.12453154201	0.24269005848	811	50	21	0	372	0.314454775993
1.12486115096	0.243664717349	812	50	21	0	372	0.314189189189
1.12562422975	0.244639376218	813	50	21	0	372	0.313924050633
1.12939913629	0.245614035088	814	50	21	0	372	0.313659359191
1.13230086893	0.245614035088	815	50	21	0	372	0.313395113732
1.13233751421	0.246588693957	816	50	21	0	372	0.313131313131
1.13302967604	0.246588693957	817	50	21	0	372	0.312867956266
1.13317246426	0.247563352827	818	50	21	0	372	0.312605042017
1.13428988971	0.248538011696	819	50	21	0	372	0.31234256927
1.13770675476	0.249512670565	820	50	21	0	372	0.312080536913
1.13774763236	0.250487329435	821	50	21	0	372	0.311818943839
1.13934504076	0.251461988304	822	50	21	0	372	0.311557788945
1.14052927168	0.252436647173	823	50	21	0	372	0.31129707113
1.14272653528	0.253411306043	824	50	21	0	372	0.311036789298
1.14294358724	0.254385964912	825	50	21	0	372	0.310776942356
1.1444996413	0.254385964912	826	50	21	0	372	0.310517529215
1.14474421882	0.255360623782	827	50	21	0	372	0.310258548791
1.14622731458	0.254385964912	828	50	21	0	372	0.31
1.14767748493	0.255360623782	829	50	21	0	372	0.309741881765
1.1523552002	0.256335282651	830	50	21	0	372	0.309484193012
1.1538946804	0.256335282651	831	50	21	0	372	0.309226932668
1.15406776111	0.25730994152	832	50	21	0	372	0.308970099668
1.15558859897	0.256335282651	833	50	21	0	372	0.308713692946
1.15788262948	0.25730994152	834	50	21	0	372	0.308457711443
1.15798561932	0.25828460039	835	50	21	0	372	0.308202154101
1.1599139562	0.25730994152	836	50	21	0	372	0.307947019868
1.16025695822	0.25828460039	837	50	21	0	372	0.307692307692
1.16371981129	0.25828460039	838	50	21	0	372	0.307438016529
1.16390154733	0.259259259259	839	50	21	0	372	0.307184145334
1.16472395748	0.260233918129	840	50	21	0	372	0.306930693069
1.16496668793	0.261208576998	841	50	21	0	372	0.306677658697
1.16678625407	0.262183235867	842	50	21	0	372	0.306425041186
1.16681129608	0.263157894737	843	50	21	0	372	0.306172839506
1.17035497273	0.264132553606	844	50	21	0	372	0.305921052632
1.17037632612	0.263157894737	845	50	21	0	372	0.30566967954
1.17252069231	0.264132553606	846	50	21	0	372	0.305418719212
1.17307144191	0.265107212476	847	50	21	0	372	0.305168170632
1.17345959307	0.266081871345	848	50	21	0	372	0.304918032787
1.17637254078	0.265107212476	849	50	21	0	372	0.304668304668
1.17688460475	0.266081871345	850	50	21	0	372	0.30441898527
1.17714374269	0.267056530214	851	50	21	0	372	0.30417007359
1.17790365235	0.266081871345	852	50	21	0	372	0.303921568627
1.17817821447	0.267056530214	853	50	21	0	372	0.303673469388
1.17879539615	0.268031189084	854	50	21	0	372	0.303425774878
1.17968814746	0.269005847953	855	50	21	0	372	0.303178484108
1.18112384707	0.269980506823	856	50	21	0	372	0.302931596091
1.18249766953	0.270955165692	857	50	21	0	372	0.302685109845
1.1832830492	0.271929824561	858	50	21	0	372	0.30243902439
1.1861473208	0.272904483431	859	50	21	0	372	0.302193338749
1.18724613074	0.2738791423	860	50	21	0	372	0.301948051948
1.19068829268	0.27485380117	861	50	21	0	372	0.301703163017
1.19838830932	0.275828460039	862	50	21	0	372	0.301458670989
1.20058111351	0.276803118908	863	50	21	0	372	0.301214574899
1.20144396113	0.277777777778	864	50	21	0	372	0.300970873786
1.20212888822	0.278752436647	865	50	21	0	372	0.300727566694
1.20254022476	0.277777777778	866	50	21	0	372	0.300484652666
1.20270466209	0.278752436647	867	50	21	0	372	0.300242130751
1.20437625798	0.278752436647	868	50	21	0	372	0.3
1.20607614957	0.279727095517	869	50	21	0	372	0.299758259468
1.2072498779	0.234892787524	869	51	159	0	418	0.324786324786
1.20958926272	0.235867446394	870	51	159	0	418	0.324534161491
1.21056789364	0.236842105263	871	51	159	0	418	0.324282389449
1.21101125571	0.207602339181	871	52	102	0	448	0.339651250948
1.21293135458	0.206627680312	872	52	102	0	448	0.339393939394
1.21570516553	0.205653021442	873	52	102	0	448	0.339137017411
1.21640944909	0.204678362573	874	52	102	0	448	0.338880484115
1.21705990161	0.205653021442	875	52	102	0	448	0.338624338624
1.21861049162	0.206627680312	876	52	102	0	448	0.33836858006
1.21886381384	0.207602339181	877	52	102	0	448	0.338113207547
1.21910143354	0.208576998051	878	52	102	0	448	0.337858220211
1.22011290807	0.207602339181	879	52	102	0	448	0.337603617182
1.2203722078	0.208576998051	880	52	102	0	448	0.33734939759
1.22123900005	0.208576998051	881	52	102	0	448	0.337095560572
1.22261667515	0.20955165692	882	52	102	0	448	0.336842105263
1.22300256674	0.210526315789	883	52	102	0	448	0.336589030804
1.2240228724	0.211500974659	884	52	102	0	448	0.336336336336
1.22511214481	0.212475633528	885	52	102	0	448	0.336084021005
1.22718086061	0.213450292398	886	52	102	0	448	0.335832083958
1.22911864542	0.214424951267	887	52	102	0	448	0.335580524345
1.23156204809	0.215399610136	888	52	102	0	448	0.335329341317
1.23253221162	0.215399610136	888	53	6	0	448	0.335329341317
1.23438369101	0.216374269006	889	53	6	0	448	0.335078534031
1.23753813892	0.216374269006	890	53	6	0	448	0.334828101644
1.2426417371	0.215399610136	891	53	6	0	448	0.334578043316
1.24320226878	0.216374269006	892	53	6	0	448	0.334328358209
1.24346359655	0.217348927875	893	53	6	0	448	0.334079045488
1.25083954431	0.218323586745	894	53	6	0	448	0.333830104322
1.25427028912	0.219298245614	895	53	6	0	448	0.333581533879
1.25491202051	0.220272904483	896	53	6	0	448	0.333333333333
1.25711371559	0.221247563353	897	53	6	0	448	0.333085501859
1.25715750149	0.222222222222	898	53	6	0	448	0.332838038633
1.258726482	0.223196881092	899	53	6	0	448	0.332590942836
1.25888484536	0.224171539961	900	53	6	0	448	0.33234421365
1.26244300599	0.22514619883	901	53	6	0	448	0.332097850259
1.26259915276	0.2261208577	902	53	6	0	448	0.331851851852
1.26272548846	0.227095516569	903	53	6	0	448	0.331606217617
1.26274228063	0.228070175439	904	53	6	0	448	0.331360946746
1.26606700347	0.228070175439	905	53	6	0	448	0.331116038433
1.26631574314	0.229044834308	906	53	6	0	448	0.330871491876
1.26746813823	0.230019493177	907	53	6	0	448	0.330627306273
1.26765519881	0.230994152047	908	53	6	0	448	0.330383480826
1.26995849405	0.231968810916	909	53	6	0	448	0.330140014738
1.27076454143	0.232943469786	910	53	6	0	448	0.329896907216
1.27228692845	0.231968810916	911	53	6	0	448	0.329654157469
1.2738666915	0.230994152047	912	53	6	0	448	0.329411764706
1.27402417122	0.231968810916	913	53	6	0	448	0.329169728141
1.27613321795	0.232943469786	914	53	6	0	448	0.32892804699
1.28112735423	0.233918128655	915	53	6	0	448	0.32868672047
1.28142321402	0.233918128655	916	53	6	0	448	0.328445747801
1.28353347393	0.234892787524	917	53	6	0	448	0.328205128205
1.283736104	0.235867446394	918	53	6	0	448	0.327964860908
1.2838783786	0.236842105263	919	53	6	0	448	0.327724945135
1.28408880921	0.237816764133	920	53	6	0	448	0.327485380117
1.28815138539	0.238791423002	921	53	6	0	448	0.327246165084
1.29091625092	0.238791423002	922	53	6	0	448	0.32700729927
1.29112044261	0.237816764133	923	53	6	0	448	0.326768781911
1.29186756481	0.238791423002	924	53	6	0	448	0.326530612245
1.29303373108	0.239766081871	925	53	6	0	448	0.326292789512
1.2932364038	0.223196881092	925	54	57	0	465	0.334532374101
1.29409234449	0.222222222222	926	54	57	0	465	0.334291876348
1.29529541342	0.223196881092	927	54	57	0	465	0.334051724138
1.29574038897	0.197855750487	927	55	99	0	491	0.346262341326
1.2958820539	0.197855750487	928	55	99	0	491	0.346018322763
1.29923016128	0.184210526316	928	56	72	0	505	0.352407536636
1.29957878973	0.183235867446	929	56	72	0	505	0.352161785216
1.30107701503	0.183235867446	930	56	72	0	505	0.351916376307
1.30195704515	0.184210526316	931	56	72	0	505	0.351671309192
1.30680266205	0.185185185185	932	56	72	0	505	0.351426583159
1.3074074222	0.184210526316	933	56	72	0	505	0.351182197497
1.30845653716	0.183235867446	934	56	72	0	505	0.350938151494
1.31185747499	0.184210526316	935	56	72	0	505	0.350694444444
1.31223159248	0.180311890838	935	57	51	0	509	0.352493074792
1.31308658522	0.181286549708	936	57	51	0	509	0.352249134948
1.31447720894	0.182261208577	937	57	51	0	509	0.352005532503
1.3158000319	0.183235867446	938	57	51	0	509	0.351762266759
1.31708261081	0.183235867446	938	58	6	0	509	0.351762266759
1.31826399733	0.184210526316	939	58	6	0	509	0.351519337017
1.31951519801	0.185185185185	940	58	6	0	509	0.351276742581
1.32326727396	0.186159844055	941	58	6	0	509	0.351034482759
1.32468487853	0.185185185185	942	58	6	0	509	0.350792556857
1.32557351099	0.185185185185	943	58	6	0	509	0.350550964187
1.32631652459	0.186159844055	944	58	6	0	509	0.350309704061
1.32765526709	0.187134502924	945	58	6	0	509	0.350068775791
1.32989203933	0.188109161793	946	58	6	0	509	0.349828178694
1.3301966293	0.189083820663	947	58	6	0	509	0.349587912088
1.33049600727	0.190058479532	948	58	6	0	509	0.349347975292
1.33206835031	0.191033138402	949	58	6	0	509	0.349108367627
1.33486349046	0.192007797271	950	58	6	0	509	0.348869088417
1.33561791983	0.19298245614	951	58	6	0	509	0.348630136986
1.3361318076	0.19395711501	952	58	6	0	509	0.348391512663
1.33660712593	0.194931773879	953	58	6	0	509	0.348153214774
1.33694017177	0.195906432749	954	58	6	0	509	0.347915242652
1.33782705265	0.196881091618	955	58	6	0	509	0.347677595628
1.33821789198	0.197855750487	956	58	6	0	509	0.347440273038
1.3393834107	0.198830409357	957	58	6	0	509	0.347203274216
1.33984595385	0.199805068226	958	58	6	0	509	0.3469665985
1.34161426452	0.200779727096	959	58	6	0	509	0.346730245232
1.34248673142	0.201754385965	960	58	6	0	509	0.346494213751
1.34308893607	0.202729044834	961	58	6	0	509	0.346258503401
1.34689168594	0.203703703704	962	58	6	0	509	0.346023113528
1.34701766378	0.204678362573	963	58	6	0	509	0.345788043478
1.34774190812	0.205653021442	964	58	6	0	509	0.3455532926
1.34810805028	0.205653021442	965	58	6	0	509	0.345318860244
1.34920724266	0.206627680312	966	58	6	0	509	0.345084745763
1.35018926875	0.206627680312	967	58	6	0	509	0.344850948509
1.35403037604	0.207602339181	968	58	6	0	509	0.34461746784
1.35562410893	0.208576998051	969	58	6	0	509	0.344384303112
1.35635249253	0.208576998051	970	58	6	0	509	0.344151453685
1.35804392704	0.20955165692	971	58	6	0	509	0.343918918919
1.35902515607	0.210526315789	972	58	6	0	509	0.343686698177
1.35921992434	0.210526315789	973	58	6	0	509	0.343454790823
1.36146068756	0.211500974659	974	58	6	0	509	0.343223196224
1.36181467349	0.211500974659	975	58	6	0	509	0.342991913747
1.36201805031	0.212475633528	976	58	6	0	509	0.342760942761
1.36232421908	0.212475633528	977	58	6	0	509	0.342530282638
1.36319132506	0.213450292398	978	58	6	0	509	0.342299932751
1.36358952186	0.214424951267	979	58	6	0	509	0.342069892473
1.36379240847	0.215399610136	980	58	6	0	509	0.341840161182
1.36550820593	0.216374269006	981	58	6	0	509	0.341610738255
1.36553324473	0.217348927875	982	58	6	0	509	0.341381623072
1.36776855221	0.218323586745	983	58	6	0	509	0.341152815013
1.37031589916	0.219298245614	984	58	6	0	509	0.340924313463
1.37233251166	0.220272904483	985	58	6	0	509	0.340696117805
1.37485078633	0.219298245614	986	58	6	0	509	0.340468227425
1.37608714146	0.217348927875	986	59	33	0	511	0.341349365397
1.37817065375	0.218323586745	987	59	33	0	511	0.341121495327
1.37950835023	0.217348927875	988	59	33	0	511	0.340893929286
1.37975972344	0.217348927875	989	59	33	0	511	0.340666666667
1.3805110982	0.218323586745	990	59	33	0	511	0.340439706862
1.38093978425	0.219298245614	991	59	33	0	511	0.340213049268
1.3826793303	0.220272904483	992	59	33	0	511	0.33998669328
1.38694588028	0.221247563353	993	59	33	0	511	0.339760638298
1.38777370255	0.222222222222	994	59	33	0	511	0.339534883721
1.38783696832	0.223196881092	995	59	33	0	511	0.339309428951
1.39041445256	0.224171539961	996	59	33	0	511	0.339084273391
1.39104447667	0.22514619883	997	59	33	0	511	0.338859416446
1.39265494943	0.22514619883	998	59	33	0	511	0.338634857522
1.39355068382	0.2261208577	999	59	33	0	511	0.338410596026
1.39429160188	0.227095516569	1000	59	33	0	511	0.33818663137
1.39600120152	0.228070175439	1001	59	33	0	511	0.337962962963
1.39845167948	0.229044834308	1002	59	33	0	511	0.337739590218
1.39954814409	0.230019493177	1003	59	33	0	511	0.33751651255
1.40377035035	0.230994152047	1004	59	33	0	511	0.337293729373
1.40629709077	0.231968810916	1005	59	33	0	511	0.337071240106
1.40886924488	0.231968810916	1006	59	33	0	511	0.336849044166
1.4090935342	0.230994152047	1007	59	33	0	511	0.336627140975
1.40941453596	0.231968810916	1008	59	33	0	511	0.336405529954
1.40967141471	0.231968810916	1009	59	33	0	511	0.336184210526
1.41114794156	0.232943469786	1010	59	33	0	511	0.335963182117
1.41151142058	0.233918128655	1011	59	33	0	511	0.335742444152
1.41272860158	0.234892787524	1012	59	33	0	511	0.33552199606
1.41327537111	0.235867446394	1013	59	33	0	511	0.33530183727
1.41362000363	0.202729044834	1013	60	90	0	545	0.349807445443
1.4169458024	0.203703703704	1014	60	90	0	545	0.349583066068
1.41740198309	0.204678362573	1015	60	90	0	545	0.349358974359
1.41788806235	0.205653021442	1016	60	90	0	545	0.349135169763
1.41794370359	0.205653021442	1017	60	90	0	545	0.348911651729
1.41851666504	0.206627680312	1018	60	90	0	545	0.348688419706
1.41855011275	0.207602339181	1019	60	90	0	545	0.348465473146
1.41958679444	0.207602339181	1020	60	90	0	545	0.348242811502
1.41964510037	0.208576998051	1021	60	90	0	545	0.348020434227
1.42091902238	0.20955165692	1022	60	90	0	545	0.347798340779
1.42122186025	0.210526315789	1023	60	90	0	545	0.347576530612
1.4221863868	0.210526315789	1024	60	90	0	545	0.347355003187
1.42282768386	0.211500974659	1025	60	90	0	545	0.347133757962
1.42380291157	0.212475633528	1026	60	90	0	545	0.346912794398
1.42422318393	0.213450292398	1027	60	90	0	545	0.346692111959
1.42568673153	0.214424951267	1028	60	90	0	545	0.346471710108
1.42589731478	0.215399610136	1029	60	90	0	545	0.34625158831
1.42651359146	0.216374269006	1030	60	90	0	545	0.346031746032
1.42733613092	0.217348927875	1031	60	90	0	545	0.345812182741
1.42917289661	0.218323586745	1032	60	90	0	545	0.345592897907
1.43157531361	0.219298245614	1033	60	90	0	545	0.345373891001
1.43229770788	0.220272904483	1034	60	90	0	545	0.345155161495
1.43404539409	0.20955165692	1034	61	39	0	556	0.349685534591
1.43409107644	0.210526315789	1035	61	39	0	556	0.349465744815
1.43527417222	0.211500974659	1036	61	39	0	556	0.349246231156
1.43628634459	0.212475633528	1037	61	39	0	556	0.349026993095
1.43696722169	0.213450292398	1038	61	39	0	556	0.348808030113
1.43829537112	0.214424951267	1039	61	39	0	556	0.348589341693
1.44209090161	0.215399610136	1040	61	39	0	556	0.348370927318
1.4444853384	0.216374269006	1041	61	39	0	556	0.348152786475
1.44567659014	0.217348927875	1042	61	39	0	556	0.347934918648
1.44819756051	0.218323586745	1043	61	39	0	556	0.347717323327
1.44838605334	0.219298245614	1044	61	39	0	556	0.3475
1.44901773872	0.220272904483	1045	61	39	0	556	0.347282948157
1.44941676838	0.221247563353	1046	61	39	0	556	0.347066167291
1.45044631874	0.220272904483	1047	61	39	0	556	0.346849656893
1.45185991779	0.221247563353	1048	61	39	0	556	0.346633416459
1.45231114366	0.222222222222	1049	61	39	0	556	0.346417445483
1.45459419256	0.223196881092	1050	61	39	0	556	0.346201743462
1.45494831347	0.224171539961	1051	61	39	0	556	0.345986309894
1.45636007762	0.224171539961	1052	61	39	0	556	0.345771144279
1.45975385863	0.22514619883	1053	61	39	0	556	0.345556246116
1.46197671099	0.2261208577	1054	61	39	0	556	0.345341614907
1.46376280201	0.2261208577	1055	61	39	0	556	0.345127250155
1.46606109806	0.2261208577	1056	61	39	0	556	0.344913151365
1.47082369541	0.227095516569	1057	61	39	0	556	0.344699318041
1.47085778014	0.228070175439	1058	61	39	0	556	0.34448574969
1.47134513033	0.220272904483	1058	62	42	0	564	0.347718865598
1.47231656267	0.219298245614	1059	62	42	0	564	0.347504621072
1.47841708899	0.211500974659	1059	63	75	0	572	0.350705088903
1.47916272189	0.212475633528	1060	63	75	0	572	0.350490196078
1.47939415203	0.213450292398	1061	63	75	0	572	0.350275566442
1.48006123667	0.214424951267	1062	63	75	0	572	0.35006119951
1.4808233473	0.215399610136	1063	63	75	0	572	0.349847094801
1.4808733152	0.215399610136	1064	63	75	0	572	0.349633251834
1.48100383237	0.216374269006	1065	63	75	0	572	0.349419670128
1.48221751902	0.217348927875	1066	63	75	0	572	0.349206349206
1.48269157197	0.218323586745	1067	63	75	0	572	0.348993288591
1.48394497296	0.219298245614	1068	63	75	0	572	0.348780487805
1.48414237679	0.220272904483	1069	63	75	0	572	0.348567946374
1.49073143821	0.220272904483	1070	63	75	0	572	0.348355663825
1.49295143916	0.221247563353	1071	63	75	0	572	0.348143639684
1.49362613601	0.222222222222	1072	63	75	0	572	0.347931873479
1.49366213881	0.223196881092	1073	63	75	0	572	0.347720364742
1.4941658242	0.224171539961	1074	63	75	0	572	0.347509113001
1.49677834039	0.22514619883	1075	63	75	0	572	0.34729811779
1.49811299441	0.2261208577	1076	63	75	0	572	0.347087378641
1.49971054066	0.227095516569	1077	63	75	0	572	0.346876895088
1.49991677241	0.228070175439	1078	63	75	0	572	0.346666666667
1.50217565319	0.229044834308	1079	63	75	0	572	0.346456692913
1.50276458175	0.230019493177	1080	63	75	0	572	0.346246973366
1.50432651652	0.230994152047	1081	63	75	0	572	0.346037507562
1.50723270552	0.231968810916	1082	63	75	0	572	0.345828295042
1.50931336513	0.232943469786	1083	63	75	0	572	0.345619335347
1.51021819103	0.233918128655	1084	63	75	0	572	0.345410628019
1.51054779339	0.234892787524	1085	63	75	0	572	0.345202172601
1.51109804624	0.235867446394	1086	63	75	0	572	0.344993968637
1.51220481107	0.235867446394	1087	63	75	0	572	0.344786015672
1.51322169215	0.236842105263	1088	63	75	0	572	0.344578313253
1.51337059272	0.236842105263	1089	63	75	0	572	0.344370860927
1.51366649753	0.237816764133	1090	63	75	0	572	0.344163658243
1.51986458467	0.238791423002	1091	63	75	0	572	0.34395670475
1.52043788707	0.228070175439	1091	64	66	0	583	0.348267622461
1.52111368026	0.227095516569	1092	64	66	0	583	0.348059701493
1.52205761645	0.227095516569	1093	64	66	0	583	0.34785202864
1.5246011162	0.228070175439	1094	64	66	0	583	0.347644603459
1.52714439443	0.229044834308	1095	64	66	0	583	0.347437425507
1.52744381647	0.230019493177	1096	64	66	0	583	0.347230494342
1.52821819771	0.230994152047	1097	64	66	0	583	0.347023809524
