# time 	 divergence 	 # of mutations 	 # IGC chances 	 IGC length 	 # IGC failures 	 Changes due to IGC  	 % change due to IGC 
0.0	0.136752136752	0	0	0	0	0	0.0
0.00077089258805	0.138888888889	1	0	0	0	0	0.0
0.00432288365915	0.136752136752	2	0	0	0	0	0.0
0.00469433787801	0.134615384615	3	0	0	0	0	0.0
0.00473078690113	0.136752136752	4	0	0	0	0	0.0
0.00531743548645	0.138888888889	5	0	0	0	0	0.0
0.00991722855839	0.141025641026	6	0	0	0	0	0.0
0.0101388679033	0.143162393162	7	0	0	0	0	0.0
0.0120993353826	0.145299145299	8	0	0	0	0	0.0
0.012629065732	0.147435897436	9	0	0	0	0	0.0
0.0174206055272	0.149572649573	10	0	0	0	0	0.0
0.0229468410478	0.151709401709	11	0	0	0	0	0.0
0.0275895615538	0.153846153846	12	0	0	0	0	0.0
0.0285192202454	0.153846153846	12	1	12	0	0	0.0
0.0295617750473	0.149572649573	12	2	12	0	2	0.142857142857
0.0355968309786	0.147435897436	12	3	3	0	3	0.2
0.0363224778158	0.143162393162	12	4	6	0	5	0.294117647059
0.0383066343418	0.143162393162	13	4	6	0	5	0.277777777778
0.0461144308935	0.143162393162	14	4	6	0	5	0.263157894737
0.0512380798402	0.143162393162	14	5	6	0	5	0.263157894737
0.0532609478567	0.145299145299	15	5	6	0	5	0.25
0.0551611977432	0.147435897436	16	5	6	0	5	0.238095238095
0.0584683179568	0.149572649573	17	5	6	0	5	0.227272727273
0.0589238569296	0.151709401709	18	5	6	0	5	0.217391304348
0.0656106260769	0.153846153846	19	5	6	0	5	0.208333333333
0.0675784187874	0.155982905983	20	5	6	0	5	0.2
0.067886651514	0.151709401709	20	6	3	0	7	0.259259259259
0.0701449979515	0.153846153846	21	6	3	0	7	0.25
0.0703753270014	0.155982905983	22	6	3	0	7	0.241379310345
0.0721632428546	0.153846153846	23	6	3	0	7	0.233333333333
0.0733695061525	0.155982905983	24	6	3	0	7	0.225806451613
0.0750090306788	0.15811965812	25	6	3	0	7	0.21875
0.0773506452687	0.15811965812	26	6	3	0	7	0.212121212121
0.0782747900148	0.160256410256	27	6	3	0	7	0.205882352941
0.0792471432997	0.153846153846	27	7	15	0	10	0.27027027027
0.0822237559315	0.153846153846	28	7	15	0	10	0.263157894737
0.085248578146	0.151709401709	28	8	9	0	11	0.282051282051
0.0880660606272	0.153846153846	29	8	9	0	11	0.275
0.0881285799855	0.145299145299	29	9	33	0	15	0.340909090909
0.0892900771164	0.147435897436	30	9	33	0	15	0.333333333333
0.0897258532461	0.149572649573	31	9	33	0	15	0.326086956522
0.0932605515821	0.151709401709	32	9	33	0	15	0.31914893617
0.0932991804406	0.153846153846	33	9	33	0	15	0.3125
0.0988833831025	0.155982905983	34	9	33	0	15	0.30612244898
0.099349059407	0.15811965812	35	9	33	0	15	0.3
0.100350869422	0.155982905983	35	10	12	0	16	0.313725490196
0.110075929932	0.15811965812	36	10	12	0	16	0.307692307692
0.111704570777	0.160256410256	37	10	12	0	16	0.301886792453
0.111871238966	0.162393162393	38	10	12	0	16	0.296296296296
0.115059316849	0.16452991453	39	10	12	0	16	0.290909090909
0.119943006715	0.162393162393	39	11	9	0	17	0.303571428571
0.121648946977	0.162393162393	40	11	9	0	17	0.298245614035
0.127192951902	0.153846153846	40	12	12	0	21	0.344262295082
0.12863360079	0.155982905983	41	12	12	0	21	0.338709677419
0.129863900993	0.15811965812	42	12	12	0	21	0.333333333333
0.132604011736	0.160256410256	43	12	12	0	21	0.328125
0.140635566977	0.162393162393	44	12	12	0	21	0.323076923077
0.143321658428	0.160256410256	45	12	12	0	21	0.318181818182
