# time 	 divergence 	 # of mutations 	 # IGC chances 	 IGC length 	 # IGC failures 	 Changes due to IGC  	 % change due to IGC 
0.0	0.5	0	0	0	0	0	0.0
0.000581088298104	0.5	1	0	0	0	0	0.0
0.00107817654821	0.5	2	0	0	0	0	0.0
0.00233098941437	0.500974658869	3	0	0	0	0	0.0
0.0028367490181	0.500974658869	4	0	0	0	0	0.0
0.00328194688042	0.501949317739	5	0	0	0	0	0.0
0.00369105027156	0.501949317739	6	0	0	0	0	0.0
0.00603124345864	0.502923976608	7	0	0	0	0	0.0
0.00749141648572	0.502923976608	8	0	0	0	0	0.0
0.00790588118641	0.502923976608	9	0	0	0	0	0.0
0.0088474164837	0.501949317739	10	0	0	0	0	0.0
0.00927747694885	0.501949317739	11	0	0	0	0	0.0
0.0124172712309	0.502923976608	12	0	0	0	0	0.0
0.0125226827624	0.502923976608	13	0	0	0	0	0.0
0.0134341088464	0.501949317739	14	0	0	0	0	0.0
0.0143213600044	0.502923976608	15	0	0	0	0	0.0
0.0144576771059	0.503898635478	16	0	0	0	0	0.0
0.0163550480437	0.502923976608	16	1	3	0	1	0.0588235294118
0.0169171436367	0.502923976608	17	1	3	0	1	0.0555555555556
0.0195813248105	0.503898635478	18	1	3	0	1	0.0526315789474
0.0199476271872	0.503898635478	19	1	3	0	1	0.05
0.0213732855087	0.504873294347	20	1	3	0	1	0.047619047619
0.0252657462602	0.505847953216	21	1	3	0	1	0.0454545454545
0.0272598661549	0.504873294347	22	1	3	0	1	0.0434782608696
0.0279299698402	0.505847953216	23	1	3	0	1	0.0416666666667
0.0281441841745	0.506822612086	24	1	3	0	1	0.04
0.0283025694119	0.507797270955	25	1	3	0	1	0.0384615384615
0.0283600112991	0.508771929825	26	1	3	0	1	0.037037037037
0.0297252932892	0.509746588694	27	1	3	0	1	0.0357142857143
0.030111638552	0.508771929825	28	1	3	0	1	0.0344827586207
0.0301719209117	0.509746588694	29	1	3	0	1	0.0333333333333
0.0357376873586	0.510721247563	30	1	3	0	1	0.0322580645161
0.0374348775948	0.510721247563	31	1	3	0	1	0.03125
0.038356649278	0.509746588694	32	1	3	0	1	0.030303030303
0.0392130018851	0.510721247563	33	1	3	0	1	0.0294117647059
0.0412542671164	0.510721247563	34	1	3	0	1	0.0285714285714
0.0417550023094	0.511695906433	35	1	3	0	1	0.0277777777778
0.0433145933461	0.512670565302	36	1	3	0	1	0.027027027027
0.0442805073611	0.511695906433	37	1	3	0	1	0.0263157894737
0.0473751070499	0.512670565302	38	1	3	0	1	0.025641025641
0.0482058713068	0.513645224172	39	1	3	0	1	0.025
0.0521075325143	0.513645224172	40	1	3	0	1	0.0243902439024
0.0525224971371	0.514619883041	41	1	3	0	1	0.0238095238095
0.0534614260192	0.513645224172	42	1	3	0	1	0.0232558139535
0.0540430332435	0.514619883041	43	1	3	0	1	0.0227272727273
0.0542766483312	0.51559454191	44	1	3	0	1	0.0222222222222
0.0543294362534	0.51656920078	45	1	3	0	1	0.0217391304348
0.0576015538308	0.51559454191	45	2	3	0	2	0.0425531914894
0.0590546512942	0.51559454191	46	2	3	0	2	0.0416666666667
0.0599735626101	0.51656920078	47	2	3	0	2	0.0408163265306
0.0604756969697	0.51559454191	48	2	3	0	2	0.04
0.0611715992004	0.514619883041	49	2	3	0	2	0.0392156862745
0.0617813605638	0.513645224172	50	2	3	0	2	0.0384615384615
0.0647552578139	0.514619883041	51	2	3	0	2	0.0377358490566
0.0657206657102	0.51559454191	52	2	3	0	2	0.037037037037
0.0664658911656	0.51559454191	53	2	3	0	2	0.0363636363636
0.0678841752872	0.51656920078	54	2	3	0	2	0.0357142857143
0.0702247725387	0.498050682261	54	3	33	0	21	0.28
0.0704027680313	0.497076023392	55	3	33	0	21	0.276315789474
0.0706464141618	0.497076023392	56	3	33	0	21	0.272727272727
0.0711669539802	0.498050682261	57	3	33	0	21	0.269230769231
0.0732130468621	0.499025341131	58	3	33	0	21	0.26582278481
0.0761030085434	0.498050682261	59	3	33	0	21	0.2625
0.0779777734563	0.497076023392	60	3	33	0	21	0.259259259259
0.07808263599	0.497076023392	61	3	33	0	21	0.256097560976
0.0811287635686	0.498050682261	62	3	33	0	21	0.253012048193
0.0817636822226	0.498050682261	63	3	33	0	21	0.25
0.0892338806817	0.498050682261	64	3	33	0	21	0.247058823529
0.0892441564168	0.498050682261	65	3	33	0	21	0.244186046512
0.090796473184	0.497076023392	66	3	33	0	21	0.241379310345
0.0921346723534	0.497076023392	67	3	33	0	21	0.238636363636
0.0930584121414	0.498050682261	68	3	33	0	21	0.23595505618
0.0935794022304	0.497076023392	68	4	3	0	22	0.244444444444
0.0985214663213	0.498050682261	69	4	3	0	22	0.241758241758
0.100722735076	0.497076023392	70	4	3	0	22	0.239130434783
0.101283264267	0.496101364522	71	4	3	0	22	0.236559139785
0.104041445009	0.497076023392	72	4	3	0	22	0.234042553191
0.104684387095	0.498050682261	73	4	3	0	22	0.231578947368
0.108549144621	0.498050682261	74	4	3	0	22	0.229166666667
0.109295368729	0.499025341131	75	4	3	0	22	0.226804123711
0.110119332421	0.5	76	4	3	0	22	0.224489795918
0.110823888273	0.499025341131	77	4	3	0	22	0.222222222222
0.110951387783	0.5	78	4	3	0	22	0.22
0.111127301405	0.486354775828	78	5	24	0	36	0.315789473684
0.111948837602	0.487329434698	79	5	24	0	36	0.313043478261
0.12041097837	0.487329434698	80	5	24	0	36	0.310344827586
0.1244780235	0.488304093567	81	5	24	0	36	0.307692307692
0.127524484966	0.488304093567	82	5	24	0	36	0.305084745763
0.129165071596	0.489278752437	83	5	24	0	36	0.302521008403
0.130644165338	0.490253411306	84	5	24	0	36	0.3
0.132820799202	0.491228070175	85	5	24	0	36	0.297520661157
0.133264822369	0.491228070175	86	5	24	0	36	0.295081967213
0.134821803042	0.492202729045	87	5	24	0	36	0.292682926829
0.135601737579	0.493177387914	88	5	24	0	36	0.290322580645
0.138016034387	0.492202729045	89	5	24	0	36	0.288
0.140862294238	0.492202729045	90	5	24	0	36	0.285714285714
0.141192639362	0.493177387914	91	5	24	0	36	0.283464566929
0.141541285837	0.491228070175	91	6	9	0	38	0.294573643411
0.1415890894	0.492202729045	92	6	9	0	38	0.292307692308
0.142748838319	0.493177387914	93	6	9	0	38	0.290076335878
0.144372153346	0.494152046784	94	6	9	0	38	0.287878787879
0.146158370332	0.494152046784	95	6	9	0	38	0.285714285714
0.146927346168	0.493177387914	96	6	9	0	38	0.283582089552
0.151228102225	0.494152046784	97	6	9	0	38	0.281481481481
0.153406853483	0.494152046784	98	6	9	0	38	0.279411764706
0.160118430072	0.494152046784	99	6	9	0	38	0.277372262774
0.160449343032	0.495126705653	100	6	9	0	38	0.275362318841
0.161421237978	0.496101364522	101	6	9	0	38	0.273381294964
0.16287865142	0.497076023392	102	6	9	0	38	0.271428571429
0.16395398272	0.497076023392	103	6	9	0	38	0.269503546099
0.165080264943	0.498050682261	104	6	9	0	38	0.267605633803
0.165652114027	0.499025341131	105	6	9	0	38	0.265734265734
0.168200216053	0.499025341131	106	6	9	0	38	0.263888888889
0.168607893445	0.499025341131	107	6	9	0	38	0.262068965517
0.168950717847	0.5	108	6	9	0	38	0.260273972603
0.169518142143	0.5	109	6	9	0	38	0.258503401361
0.169528359825	0.500974658869	110	6	9	0	38	0.256756756757
0.170504572849	0.500974658869	111	6	9	0	38	0.255033557047
0.175644100107	0.5	112	6	9	0	38	0.253333333333
0.178258573025	0.5	113	6	9	0	38	0.251655629139
0.178969521495	0.5	114	6	9	0	38	0.25
0.179821408686	0.500974658869	115	6	9	0	38	0.248366013072
0.180771747918	0.501949317739	116	6	9	0	38	0.246753246753
0.181557886577	0.502923976608	117	6	9	0	38	0.245161290323
0.181728056684	0.503898635478	118	6	9	0	38	0.24358974359
0.18180533224	0.503898635478	119	6	9	0	38	0.242038216561
0.185966515101	0.503898635478	120	6	9	0	38	0.240506329114
0.189694721739	0.504873294347	121	6	9	0	38	0.238993710692
0.190757848017	0.505847953216	122	6	9	0	38	0.2375
0.192256433546	0.506822612086	123	6	9	0	38	0.23602484472
0.193960295031	0.506822612086	124	6	9	0	38	0.234567901235
0.194893383359	0.506822612086	125	6	9	0	38	0.233128834356
0.20004101981	0.505847953216	126	6	9	0	38	0.231707317073
0.200219960489	0.506822612086	127	6	9	0	38	0.230303030303
0.202026080023	0.505847953216	128	6	9	0	38	0.228915662651
0.20238787826	0.505847953216	129	6	9	0	38	0.22754491018
0.203039945622	0.506822612086	130	6	9	0	38	0.22619047619
0.20350831948	0.506822612086	131	6	9	0	38	0.224852071006
0.204789323116	0.506822612086	132	6	9	0	38	0.223529411765
0.205693494389	0.507797270955	133	6	9	0	38	0.222222222222
0.208380092498	0.507797270955	134	6	9	0	38	0.220930232558
0.208760112389	0.507797270955	135	6	9	0	38	0.219653179191
0.212740066927	0.508771929825	136	6	9	0	38	0.218390804598
0.215084374407	0.509746588694	137	6	9	0	38	0.217142857143
0.216829301547	0.510721247563	138	6	9	0	38	0.215909090909
0.217046658944	0.511695906433	139	6	9	0	38	0.214689265537
0.218342785595	0.511695906433	140	6	9	0	38	0.213483146067
0.218565120616	0.511695906433	141	6	9	0	38	0.212290502793
0.220861876711	0.511695906433	142	6	9	0	38	0.211111111111
0.224126126913	0.512670565302	143	6	9	0	38	0.209944751381
0.224765419911	0.487329434698	143	7	42	0	64	0.309178743961
0.225436935804	0.488304093567	144	7	42	0	64	0.307692307692
0.226763013137	0.489278752437	145	7	42	0	64	0.306220095694
0.228559025027	0.490253411306	146	7	42	0	64	0.304761904762
0.229966519541	0.491228070175	147	7	42	0	64	0.303317535545
0.23296869083	0.492202729045	148	7	42	0	64	0.301886792453
0.233833143958	0.492202729045	149	7	42	0	64	0.300469483568
0.235298920302	0.491228070175	150	7	42	0	64	0.299065420561
0.238988761216	0.491228070175	151	7	42	0	64	0.297674418605
0.239944632801	0.490253411306	152	7	42	0	64	0.296296296296
0.243089429525	0.489278752437	152	8	3	0	65	0.299539170507
0.246043187102	0.490253411306	153	8	3	0	65	0.298165137615
0.246919944306	0.490253411306	154	8	3	0	65	0.296803652968
0.248708780045	0.490253411306	155	8	3	0	65	0.295454545455
0.250024406403	0.491228070175	156	8	3	0	65	0.294117647059
0.250818731812	0.491228070175	157	8	3	0	65	0.292792792793
0.25115715514	0.492202729045	158	8	3	0	65	0.291479820628
0.253000216294	0.493177387914	159	8	3	0	65	0.290178571429
0.253827121078	0.492202729045	160	8	3	0	65	0.288888888889
0.253863599443	0.491228070175	161	8	3	0	65	0.287610619469
0.257088194163	0.492202729045	162	8	3	0	65	0.286343612335
0.261680241077	0.492202729045	163	8	3	0	65	0.285087719298
0.264302661055	0.492202729045	164	8	3	0	65	0.28384279476
0.265723980234	0.491228070175	165	8	3	0	65	0.282608695652
0.265943097472	0.491228070175	166	8	3	0	65	0.281385281385
0.266348506185	0.492202729045	167	8	3	0	65	0.280172413793
0.266858667228	0.491228070175	168	8	3	0	65	0.278969957082
0.268164759636	0.491228070175	169	8	3	0	65	0.277777777778
0.268821131449	0.491228070175	170	8	3	0	65	0.276595744681
0.270807640869	0.490253411306	171	8	3	0	65	0.275423728814
0.273900711688	0.491228070175	172	8	3	0	65	0.274261603376
0.274172008563	0.491228070175	173	8	3	0	65	0.273109243697
0.276479171876	0.490253411306	174	8	3	0	65	0.271966527197
0.276824238312	0.491228070175	175	8	3	0	65	0.270833333333
0.278324241896	0.491228070175	176	8	3	0	65	0.269709543568
0.278742449342	0.491228070175	177	8	3	0	65	0.268595041322
0.280816133373	0.491228070175	178	8	3	0	65	0.267489711934
0.280899343734	0.490253411306	178	9	3	0	66	0.270491803279
0.283880752241	0.491228070175	179	9	3	0	66	0.269387755102
0.284676639185	0.490253411306	180	9	3	0	66	0.268292682927
0.284989411631	0.490253411306	181	9	3	0	66	0.267206477733
0.288492193525	0.488304093567	181	10	3	0	68	0.273092369478
0.289536522321	0.489278752437	182	10	3	0	68	0.272
0.291744865796	0.490253411306	183	10	3	0	68	0.270916334661
0.291888887679	0.491228070175	184	10	3	0	68	0.269841269841
0.294447061102	0.490253411306	185	10	3	0	68	0.268774703557
0.294502108229	0.490253411306	186	10	3	0	68	0.267716535433
0.295643172677	0.491228070175	187	10	3	0	68	0.266666666667
0.302403039671	0.492202729045	188	10	3	0	68	0.265625
0.303341898867	0.493177387914	189	10	3	0	68	0.264591439689
0.303949820476	0.493177387914	190	10	3	0	68	0.263565891473
0.306196252978	0.493177387914	191	10	3	0	68	0.262548262548
0.30656361812	0.48440545809	191	11	18	0	77	0.287313432836
0.307127556984	0.48343079922	192	11	18	0	77	0.28624535316
0.307725249474	0.48440545809	193	11	18	0	77	0.285185185185
0.316334543833	0.48343079922	194	11	18	0	77	0.284132841328
0.317040814165	0.48343079922	195	11	18	0	77	0.283088235294
0.319546413918	0.48440545809	196	11	18	0	77	0.282051282051
0.320219194731	0.485380116959	197	11	18	0	77	0.28102189781
0.324586478191	0.485380116959	198	11	18	0	77	0.28
0.324710757375	0.48440545809	199	11	18	0	77	0.278985507246
0.325347987458	0.48440545809	200	11	18	0	77	0.27797833935
0.325705344015	0.48343079922	201	11	18	0	77	0.276978417266
0.326802430188	0.48343079922	202	11	18	0	77	0.275985663082
0.32739283241	0.48343079922	203	11	18	0	77	0.275
0.32834301088	0.48440545809	204	11	18	0	77	0.274021352313
0.328509240282	0.48440545809	205	11	18	0	77	0.27304964539
0.329817645464	0.48343079922	206	11	18	0	77	0.272084805654
0.330375432089	0.482456140351	207	11	18	0	77	0.271126760563
0.330598692592	0.481481481481	208	11	18	0	77	0.270175438596
0.331804522637	0.482456140351	209	11	18	0	77	0.269230769231
0.332267022222	0.48343079922	210	11	18	0	77	0.268292682927
0.332555443119	0.48440545809	211	11	18	0	77	0.267361111111
0.332652041666	0.485380116959	212	11	18	0	77	0.266435986159
0.332697804339	0.486354775828	213	11	18	0	77	0.265517241379
0.33435895042	0.487329434698	214	11	18	0	77	0.264604810997
0.334767751785	0.487329434698	215	11	18	0	77	0.263698630137
0.336787903782	0.488304093567	216	11	18	0	77	0.262798634812
0.337650517034	0.489278752437	217	11	18	0	77	0.261904761905
0.338882874604	0.490253411306	218	11	18	0	77	0.261016949153
0.339128334013	0.490253411306	219	11	18	0	77	0.260135135135
0.34234211096	0.490253411306	220	11	18	0	77	0.259259259259
0.342663084811	0.491228070175	221	11	18	0	77	0.258389261745
0.343706802267	0.492202729045	222	11	18	0	77	0.257525083612
0.344754268713	0.492202729045	223	11	18	0	77	0.256666666667
0.345464154769	0.493177387914	224	11	18	0	77	0.255813953488
0.345782014785	0.494152046784	225	11	18	0	77	0.254966887417
0.348344777392	0.495126705653	226	11	18	0	77	0.254125412541
0.351016675396	0.496101364522	227	11	18	0	77	0.253289473684
0.35127809953	0.497076023392	228	11	18	0	77	0.252459016393
0.352296945741	0.497076023392	229	11	18	0	77	0.251633986928
0.353315362906	0.498050682261	230	11	18	0	77	0.250814332248
0.353820507994	0.498050682261	231	11	18	0	77	0.25
0.354950235969	0.498050682261	232	11	18	0	77	0.249190938511
0.356493581271	0.499025341131	233	11	18	0	77	0.248387096774
0.358002681239	0.5	234	11	18	0	77	0.247588424437
0.358915495742	0.500974658869	235	11	18	0	77	0.246794871795
0.359386652922	0.501949317739	236	11	18	0	77	0.246006389776
0.36041421433	0.502923976608	237	11	18	0	77	0.245222929936
0.362898571491	0.503898635478	238	11	18	0	77	0.244444444444
0.365180202605	0.504873294347	239	11	18	0	77	0.243670886076
0.365813485584	0.505847953216	240	11	18	0	77	0.242902208202
0.367174864172	0.506822612086	241	11	18	0	77	0.24213836478
0.367267393178	0.507797270955	242	11	18	0	77	0.241379310345
0.368161434391	0.507797270955	243	11	18	0	77	0.240625
0.368521277717	0.507797270955	244	11	18	0	77	0.239875389408
0.370470448637	0.508771929825	245	11	18	0	77	0.239130434783
0.371553022314	0.509746588694	246	11	18	0	77	0.238390092879
0.372214248383	0.510721247563	247	11	18	0	77	0.237654320988
0.374946884496	0.511695906433	248	11	18	0	77	0.236923076923
0.374951663043	0.512670565302	249	11	18	0	77	0.236196319018
0.377291995771	0.512670565302	250	11	18	0	77	0.235474006116
0.377931782074	0.512670565302	251	11	18	0	77	0.234756097561
0.38139168559	0.511695906433	252	11	18	0	77	0.234042553191
0.382549800763	0.510721247563	253	11	18	0	77	0.233333333333
0.382740040846	0.510721247563	254	11	18	0	77	0.232628398792
0.385385499063	0.509746588694	255	11	18	0	77	0.231927710843
0.386110216229	0.510721247563	256	11	18	0	77	0.231231231231
0.386138921897	0.510721247563	257	11	18	0	77	0.230538922156
0.387800875216	0.511695906433	258	11	18	0	77	0.229850746269
0.388344807537	0.510721247563	259	11	18	0	77	0.229166666667
0.390556019319	0.511695906433	260	11	18	0	77	0.228486646884
0.393000224465	0.511695906433	261	11	18	0	77	0.227810650888
0.393250281798	0.511695906433	262	11	18	0	77	0.227138643068
0.393736953578	0.512670565302	263	11	18	0	77	0.226470588235
0.394996353628	0.512670565302	264	11	18	0	77	0.225806451613
0.396479278374	0.512670565302	265	11	18	0	77	0.22514619883
0.399020910462	0.512670565302	266	11	18	0	77	0.224489795918
0.399233022814	0.513645224172	267	11	18	0	77	0.223837209302
0.401405071324	0.513645224172	268	11	18	0	77	0.223188405797
0.4036873773	0.513645224172	269	11	18	0	77	0.222543352601
0.404016417055	0.512670565302	270	11	18	0	77	0.221902017291
0.408676159906	0.513645224172	271	11	18	0	77	0.221264367816
0.409084620823	0.513645224172	272	11	18	0	77	0.220630372493
0.4119038627	0.512670565302	273	11	18	0	77	0.22
0.413216373242	0.513645224172	274	11	18	0	77	0.219373219373
0.414737273589	0.513645224172	275	11	18	0	77	0.21875
0.415704617213	0.514619883041	276	11	18	0	77	0.218130311615
0.417520788071	0.514619883041	277	11	18	0	77	0.217514124294
0.418107157416	0.514619883041	278	11	18	0	77	0.216901408451
0.420108899444	0.51559454191	279	11	18	0	77	0.216292134831
0.420739975271	0.51656920078	280	11	18	0	77	0.21568627451
0.421608654648	0.517543859649	281	11	18	0	77	0.215083798883
0.42183222451	0.517543859649	282	11	18	0	77	0.214484679666
0.424822549121	0.517543859649	283	11	18	0	77	0.213888888889
0.426015705493	0.518518518519	284	11	18	0	77	0.213296398892
0.427363967252	0.519493177388	285	11	18	0	77	0.21270718232
0.430465973362	0.519493177388	286	11	18	0	77	0.212121212121
0.430867920188	0.519493177388	287	11	18	0	77	0.211538461538
0.430930835102	0.520467836257	288	11	18	0	77	0.21095890411
0.431682917997	0.521442495127	289	11	18	0	77	0.210382513661
0.432323236795	0.520467836257	290	11	18	0	77	0.209809264305
0.432573364467	0.521442495127	291	11	18	0	77	0.209239130435
0.432735723979	0.521442495127	292	11	18	0	77	0.208672086721
0.433296172859	0.522417153996	293	11	18	0	77	0.208108108108
0.43480553787	0.520467836257	293	12	3	0	79	0.212365591398
0.435619361687	0.521442495127	294	12	3	0	79	0.211796246649
0.436464564244	0.521442495127	295	12	3	0	79	0.211229946524
0.436501089582	0.522417153996	296	12	3	0	79	0.210666666667
0.436520783534	0.522417153996	297	12	3	0	79	0.210106382979
0.439703973064	0.523391812865	298	12	3	0	79	0.209549071618
0.440557394976	0.524366471735	299	12	3	0	79	0.208994708995
0.445324541383	0.524366471735	300	12	3	0	79	0.208443271768
0.447632566715	0.525341130604	301	12	3	0	79	0.207894736842
0.447824782743	0.525341130604	302	12	3	0	79	0.207349081365
0.448518259526	0.525341130604	303	12	3	0	79	0.206806282723
0.450054695865	0.526315789474	304	12	3	0	79	0.206266318538
0.450633059953	0.526315789474	305	12	3	0	79	0.205729166667
0.451052080111	0.526315789474	306	12	3	0	79	0.205194805195
0.456881056464	0.526315789474	307	12	3	0	79	0.204663212435
0.457386969144	0.526315789474	308	12	3	0	79	0.204134366925
0.464833832181	0.521442495127	308	13	6	0	84	0.214285714286
0.466900198496	0.520467836257	309	13	6	0	84	0.213740458015
0.466997845939	0.521442495127	310	13	6	0	84	0.213197969543
0.467155746519	0.521442495127	311	13	6	0	84	0.212658227848
0.467636855018	0.522417153996	312	13	6	0	84	0.212121212121
0.468357824693	0.521442495127	313	13	6	0	84	0.211586901763
0.468747000077	0.522417153996	314	13	6	0	84	0.211055276382
0.468915792823	0.522417153996	315	13	6	0	84	0.210526315789
0.469923628032	0.522417153996	316	13	6	0	84	0.21
0.47055488482	0.521442495127	317	13	6	0	84	0.209476309227
0.470793134716	0.522417153996	318	13	6	0	84	0.208955223881
0.47213621233	0.522417153996	319	13	6	0	84	0.208436724566
0.475380179079	0.523391812865	320	13	6	0	84	0.207920792079
0.478702042574	0.524366471735	321	13	6	0	84	0.207407407407
0.483069495048	0.525341130604	322	13	6	0	84	0.206896551724
0.483147071753	0.524366471735	323	13	6	0	84	0.206388206388
0.484171098808	0.524366471735	324	13	6	0	84	0.205882352941
0.48581590627	0.524366471735	325	13	6	0	84	0.205378973105
0.485912803139	0.525341130604	326	13	6	0	84	0.20487804878
0.486715242784	0.526315789474	327	13	6	0	84	0.204379562044
0.487264816632	0.527290448343	328	13	6	0	84	0.203883495146
0.488767155054	0.528265107212	329	13	6	0	84	0.203389830508
0.490479320435	0.528265107212	330	13	6	0	84	0.202898550725
0.492808171098	0.528265107212	331	13	6	0	84	0.202409638554
0.493499957511	0.527290448343	332	13	6	0	84	0.201923076923
0.494897176383	0.528265107212	333	13	6	0	84	0.201438848921
0.495198739175	0.529239766082	334	13	6	0	84	0.200956937799
0.495492557991	0.528265107212	335	13	6	0	84	0.200477326969
0.49561450851	0.529239766082	336	13	6	0	84	0.2
0.498139250051	0.530214424951	337	13	6	0	84	0.199524940618
0.503340421828	0.531189083821	338	13	6	0	84	0.199052132701
0.503411318658	0.531189083821	339	13	6	0	84	0.198581560284
0.504359851266	0.531189083821	340	13	6	0	84	0.198113207547
0.505726720142	0.530214424951	341	13	6	0	84	0.197647058824
0.506207515126	0.531189083821	342	13	6	0	84	0.197183098592
0.506319031399	0.531189083821	343	13	6	0	84	0.196721311475
0.506996185587	0.53216374269	344	13	6	0	84	0.196261682243
0.510593944686	0.53216374269	345	13	6	0	84	0.195804195804
0.510598856653	0.53216374269	346	13	6	0	84	0.195348837209
0.512256546262	0.531189083821	347	13	6	0	84	0.194895591647
0.512360341866	0.531189083821	348	13	6	0	84	0.194444444444
0.514446786134	0.531189083821	349	13	6	0	84	0.193995381062
0.515350557524	0.531189083821	350	13	6	0	84	0.193548387097
0.51576725289	0.53216374269	351	13	6	0	84	0.193103448276
0.515795079603	0.531189083821	352	13	6	0	84	0.192660550459
0.517274144865	0.53216374269	353	13	6	0	84	0.192219679634
0.517489997833	0.53216374269	354	13	6	0	84	0.191780821918
0.518077098307	0.533138401559	355	13	6	0	84	0.191343963554
0.518638926967	0.533138401559	356	13	6	0	84	0.190909090909
0.519612869768	0.533138401559	357	13	6	0	84	0.190476190476
0.519789696602	0.533138401559	358	13	6	0	84	0.190045248869
0.51990244577	0.534113060429	359	13	6	0	84	0.189616252822
0.520967436723	0.535087719298	360	13	6	0	84	0.189189189189
0.521875214847	0.536062378168	361	13	6	0	84	0.188764044944
0.522436647176	0.536062378168	362	13	6	0	84	0.188340807175
0.522606098554	0.536062378168	363	13	6	0	84	0.187919463087
0.523250166662	0.536062378168	364	13	6	0	84	0.1875
0.523676476059	0.536062378168	365	13	6	0	84	0.187082405345
0.524240619659	0.535087719298	366	13	6	0	84	0.186666666667
0.524780453819	0.536062378168	367	13	6	0	84	0.186252771619
0.525018668417	0.536062378168	368	13	6	0	84	0.185840707965
0.527367425962	0.536062378168	369	13	6	0	84	0.185430463576
0.52754725377	0.537037037037	370	13	6	0	84	0.185022026432
0.528494260141	0.538011695906	371	13	6	0	84	0.184615384615
0.528904735448	0.538986354776	372	13	6	0	84	0.184210526316
0.530607581383	0.539961013645	373	13	6	0	84	0.183807439825
0.530943294162	0.540935672515	374	13	6	0	84	0.183406113537
0.533265024683	0.541910331384	375	13	6	0	84	0.183006535948
0.53381698208	0.536062378168	375	14	6	0	90	0.193548387097
0.535897478169	0.537037037037	376	14	6	0	90	0.19313304721
0.540263071083	0.538011695906	377	14	6	0	90	0.192719486081
0.541170778405	0.538011695906	378	14	6	0	90	0.192307692308
0.544197589187	0.538011695906	379	14	6	0	90	0.191897654584
0.545195012905	0.538986354776	380	14	6	0	90	0.191489361702
0.545256303355	0.539961013645	381	14	6	0	90	0.191082802548
0.546472837896	0.540935672515	382	14	6	0	90	0.190677966102
0.550785052371	0.541910331384	383	14	6	0	90	0.190274841438
0.551771012391	0.542884990253	384	14	6	0	90	0.189873417722
0.552798774244	0.543859649123	385	14	6	0	90	0.189473684211
0.553214682632	0.544834307992	386	14	6	0	90	0.189075630252
0.553263330437	0.545808966862	387	14	6	0	90	0.188679245283
0.553481106298	0.546783625731	388	14	6	0	90	0.188284518828
0.55425030593	0.545808966862	389	14	6	0	90	0.187891440501
0.55462765233	0.546783625731	390	14	6	0	90	0.1875
0.556164462719	0.5477582846	391	14	6	0	90	0.18711018711
0.557258804133	0.54873294347	392	14	6	0	90	0.186721991701
0.557508099488	0.549707602339	393	14	6	0	90	0.186335403727
0.560239412933	0.549707602339	394	14	6	0	90	0.185950413223
0.561399871814	0.549707602339	395	14	6	0	90	0.185567010309
0.561811903314	0.549707602339	396	14	6	0	90	0.185185185185
0.561849301946	0.549707602339	397	14	6	0	90	0.184804928131
0.564518335961	0.550682261209	398	14	6	0	90	0.184426229508
0.564886906422	0.550682261209	399	14	6	0	90	0.184049079755
0.565031658972	0.551656920078	400	14	6	0	90	0.183673469388
0.565360694406	0.552631578947	401	14	6	0	90	0.183299389002
0.565433343359	0.553606237817	402	14	6	0	90	0.182926829268
0.566939450767	0.552631578947	403	14	6	0	90	0.182555780933
0.567486632701	0.552631578947	404	14	6	0	90	0.182186234818
0.569477155186	0.552631578947	405	14	6	0	90	0.181818181818
0.572470318754	0.551656920078	406	14	6	0	90	0.181451612903
0.573245438749	0.551656920078	407	14	6	0	90	0.181086519115
0.57354761155	0.552631578947	408	14	6	0	90	0.180722891566
0.574730031815	0.553606237817	409	14	6	0	90	0.180360721443
0.57794739286	0.551656920078	409	15	3	0	92	0.183632734531
0.578274020491	0.552631578947	410	15	3	0	92	0.183266932271
0.579879086105	0.551656920078	411	15	3	0	92	0.182902584493
0.580374223065	0.552631578947	412	15	3	0	92	0.18253968254
0.582023872597	0.552631578947	413	15	3	0	92	0.182178217822
0.583270388218	0.552631578947	414	15	3	0	92	0.181818181818
0.58425195238	0.551656920078	415	15	3	0	92	0.181459566075
0.585915538213	0.551656920078	416	15	3	0	92	0.181102362205
0.588348902576	0.552631578947	417	15	3	0	92	0.180746561886
0.588601258864	0.553606237817	418	15	3	0	92	0.180392156863
0.589752395945	0.554580896686	419	15	3	0	92	0.180039138943
0.592301279163	0.555555555556	420	15	3	0	92	0.1796875
0.593487127952	0.555555555556	421	15	3	0	92	0.179337231969
0.593854052716	0.555555555556	422	15	3	0	92	0.178988326848
0.596087473993	0.556530214425	423	15	3	0	92	0.178640776699
0.597962078627	0.556530214425	424	15	3	0	92	0.178294573643
0.598946214062	0.557504873294	425	15	3	0	92	0.177949709865
0.599265527301	0.557504873294	426	15	3	0	92	0.177606177606
0.599277474938	0.558479532164	427	15	3	0	92	0.177263969171
0.60360929552	0.559454191033	428	15	3	0	92	0.176923076923
0.605861801923	0.559454191033	429	15	3	0	92	0.176583493282
0.607322531299	0.555555555556	429	16	6	0	96	0.182857142857
0.608039626012	0.555555555556	430	16	6	0	96	0.182509505703
0.608472410184	0.554580896686	431	16	6	0	96	0.182163187856
0.610451492585	0.553606237817	432	16	6	0	96	0.181818181818
0.61178104371	0.554580896686	433	16	6	0	96	0.181474480151
0.613472766438	0.553606237817	434	16	6	0	96	0.181132075472
0.613655340978	0.552631578947	435	16	6	0	96	0.180790960452
0.618070059048	0.553606237817	436	16	6	0	96	0.18045112782
0.619012514735	0.553606237817	437	16	6	0	96	0.180112570356
0.619756628285	0.553606237817	438	16	6	0	96	0.179775280899
0.62023614381	0.554580896686	439	16	6	0	96	0.179439252336
0.62294184965	0.554580896686	440	16	6	0	96	0.179104477612
0.624660840333	0.555555555556	441	16	6	0	96	0.178770949721
0.627656710349	0.556530214425	442	16	6	0	96	0.17843866171
0.629553500247	0.556530214425	443	16	6	0	96	0.178107606679
0.629995956381	0.557504873294	444	16	6	0	96	0.177777777778
0.631297651054	0.557504873294	445	16	6	0	96	0.177449168207
0.631897965534	0.557504873294	446	16	6	0	96	0.177121771218
0.635641912775	0.558479532164	447	16	6	0	96	0.17679558011
0.636965833995	0.559454191033	448	16	6	0	96	0.176470588235
0.639365576018	0.559454191033	449	16	6	0	96	0.176146788991
0.640493656315	0.560428849903	450	16	6	0	96	0.175824175824
0.642151288502	0.561403508772	451	16	6	0	96	0.17550274223
0.644660850054	0.561403508772	452	16	6	0	96	0.175182481752
0.647467040096	0.562378167641	453	16	6	0	96	0.174863387978
0.647914807571	0.563352826511	454	16	6	0	96	0.174545454545
0.64844004504	0.562378167641	455	16	6	0	96	0.174228675136
0.649727712363	0.561403508772	456	16	6	0	96	0.173913043478
0.650355566033	0.562378167641	457	16	6	0	96	0.173598553345
0.650820892309	0.563352826511	458	16	6	0	96	0.173285198556
0.650876315856	0.562378167641	459	16	6	0	96	0.172972972973
0.6529354665	0.561403508772	460	16	6	0	96	0.172661870504
0.653634142251	0.562378167641	461	16	6	0	96	0.172351885099
0.654107899565	0.561403508772	462	16	6	0	96	0.172043010753
0.655761348794	0.561403508772	463	16	6	0	96	0.171735241503
0.657604112533	0.559454191033	463	17	3	0	98	0.174688057041
0.658582270528	0.558479532164	464	17	3	0	98	0.174377224199
0.658782338677	0.559454191033	465	17	3	0	98	0.17406749556
0.659313911595	0.559454191033	466	17	3	0	98	0.173758865248
0.66675288108	0.559454191033	467	17	3	0	98	0.173451327434
0.667141912167	0.560428849903	468	17	3	0	98	0.173144876325
0.669084012502	0.560428849903	469	17	3	0	98	0.172839506173
0.669628362677	0.560428849903	470	17	3	0	98	0.172535211268
0.671841107039	0.559454191033	471	17	3	0	98	0.17223198594
0.673547070215	0.559454191033	472	17	3	0	98	0.171929824561
0.674335411103	0.560428849903	473	17	3	0	98	0.171628721541
0.685920795712	0.561403508772	474	17	3	0	98	0.171328671329
0.686414909986	0.562378167641	475	17	3	0	98	0.171029668412
0.687268338002	0.563352826511	476	17	3	0	98	0.170731707317
0.689441633266	0.56432748538	477	17	3	0	98	0.170434782609
0.689509447446	0.563352826511	478	17	3	0	98	0.170138888889
