# time 	 divergence 	 # of mutations 	 # IGC chances 	 IGC length 	 # IGC failures 	 Changes due to IGC  	 % change due to IGC 
0.0	0.0	0	0	0	0	0	0.0
0.00550808794217	0.00204498977505	1	0	0	0	0	0.0
0.0106557980451	0.0040899795501	2	0	0	0	0	0.0
0.0161780447553	0.00613496932515	3	0	0	0	0	0.0
0.0200171151905	0.0081799591002	4	0	0	0	0	0.0
0.0234383280695	0.0102249488753	5	0	0	0	0	0.0
0.0244846100039	0.0122699386503	6	0	0	0	0	0.0
0.0263324537281	0.0143149284254	7	0	0	0	0	0.0
0.0268902812947	0.0163599182004	8	0	0	0	0	0.0
0.0315910817401	0.0184049079755	9	0	0	0	0	0.0
0.0331283725442	0.0204498977505	10	0	0	0	0	0.0
0.0349390221211	0.0224948875256	11	0	0	0	0	0.0
0.0409672815936	0.0245398773006	12	0	0	0	0	0.0
0.0428864856492	0.0265848670757	13	0	0	0	0	0.0
0.0429750072719	0.0286298568507	14	0	0	0	0	0.0
0.046565705768	0.0306748466258	15	0	0	0	0	0.0
0.0476723631446	0.0327198364008	16	0	0	0	0	0.0
0.0546167674489	0.0347648261759	17	0	0	0	0	0.0
0.0553651057823	0.0368098159509	18	0	0	0	0	0.0
0.0589738020526	0.038854805726	19	0	0	0	0	0.0
0.0602874887233	0.040899795501	20	0	0	0	0	0.0
0.0609053247732	0.0429447852761	21	0	0	0	0	0.0
0.0625786625762	0.0449897750511	22	0	0	0	0	0.0
0.0627640988002	0.0470347648262	23	0	0	0	0	0.0
0.0652858022338	0.0490797546012	24	0	0	0	0	0.0
0.0697536204632	0.0511247443763	25	0	0	0	0	0.0
0.0700075819925	0.0531697341513	26	0	0	0	0	0.0
0.0742732891649	0.0552147239264	27	0	0	0	0	0.0
0.0824109093636	0.0572597137014	28	0	0	0	0	0.0
0.0922365115265	0.0593047034765	29	0	0	0	0	0.0
0.0982299526314	0.0613496932515	30	0	0	0	0	0.0
0.110034193731	0.0633946830266	31	0	0	0	0	0.0
0.113084865416	0.0654396728016	32	0	0	0	0	0.0
0.113784119216	0.0674846625767	33	0	0	0	0	0.0
0.116566881106	0.0674846625767	34	0	0	0	0	0.0
0.116641279146	0.0695296523517	35	0	0	0	0	0.0
0.116823911995	0.0715746421268	36	0	0	0	0	0.0
0.131529070171	0.0715746421268	37	0	0	0	0	0.0
0.132206518081	0.0736196319018	38	0	0	0	0	0.0
0.13934275174	0.0756646216769	39	0	0	0	0	0.0
0.141981492324	0.0777096114519	40	0	0	0	0	0.0
0.142218623529	0.079754601227	41	0	0	0	0	0.0
0.142875481257	0.081799591002	42	0	0	0	0	0.0
0.150772892624	0.0838445807771	43	0	0	0	0	0.0
0.152812825574	0.0858895705521	44	0	0	0	0	0.0
0.15378960365	0.0879345603272	45	0	0	0	0	0.0
0.158271908817	0.0899795501022	46	0	0	0	0	0.0
0.158517166499	0.0920245398773	47	0	0	0	0	0.0
0.160562679727	0.0940695296524	48	0	0	0	0	0.0
0.161663220704	0.0961145194274	49	0	0	0	0	0.0
0.165125681551	0.0981595092025	50	0	0	0	0	0.0
0.169508514573	0.100204498978	51	0	0	0	0	0.0
0.173056404228	0.102249488753	52	0	0	0	0	0.0
0.173432226435	0.104294478528	53	0	0	0	0	0.0
0.176020165305	0.106339468303	54	0	0	0	0	0.0
0.183452574153	0.108384458078	55	0	0	0	0	0.0
0.188557282066	0.110429447853	56	0	0	0	0	0.0
0.190553348349	0.112474437628	57	0	0	0	0	0.0
0.191423385683	0.114519427403	58	0	0	0	0	0.0
0.191745812009	0.116564417178	59	0	0	0	0	0.0
0.195310680103	0.118609406953	60	0	0	0	0	0.0
0.198776875479	0.120654396728	61	0	0	0	0	0.0
0.20066093191	0.122699386503	62	0	0	0	0	0.0
0.202931439897	0.124744376278	63	0	0	0	0	0.0
0.203809875523	0.124744376278	64	0	0	0	0	0.0
0.214710550767	0.126789366053	65	0	0	0	0	0.0
