# time 	 divergence 	 # of mutations 	 # IGC chances 	 IGC length 	 # IGC failures 	 Changes due to IGC  	 % change due to IGC 
0.0	0.320662768031	0	0	0	0	0	0.0
0.00144351812914	0.301169590643	0	1	42	0	20	1.0
0.00220370688331	0.302144249513	1	1	42	0	20	0.952380952381
0.0050139983752	0.303118908382	2	1	42	0	20	0.909090909091
0.00549843525565	0.303118908382	3	1	42	0	20	0.869565217391
0.00680435475725	0.304093567251	4	1	42	0	20	0.833333333333
0.00798845182523	0.303118908382	5	1	42	0	20	0.8
0.0105202135309	0.304093567251	6	1	42	0	20	0.769230769231
0.011974054727	0.299220272904	6	2	15	0	25	0.806451612903
0.0139872839057	0.300194931774	7	2	15	0	25	0.78125
0.0156246427464	0.301169590643	8	2	15	0	25	0.757575757576
0.0159327557669	0.302144249513	9	2	15	0	25	0.735294117647
0.0200790459454	0.303118908382	10	2	15	0	25	0.714285714286
0.0219132471958	0.303118908382	11	2	15	0	25	0.694444444444
0.02617695741	0.304093567251	12	2	15	0	25	0.675675675676
0.0285772329943	0.305068226121	13	2	15	0	25	0.657894736842
0.0295071290725	0.304093567251	14	2	15	0	25	0.641025641026
0.0308951940687	0.305068226121	15	2	15	0	25	0.625
0.0309177602552	0.305068226121	16	2	15	0	25	0.609756097561
0.0330564404698	0.305068226121	17	2	15	0	25	0.595238095238
0.0353035446995	0.305068226121	18	2	15	0	25	0.581395348837
0.0356725533222	0.304093567251	19	2	15	0	25	0.568181818182
0.0360054714311	0.305068226121	20	2	15	0	25	0.555555555556
0.0369230038939	0.305068226121	20	3	6	0	25	0.555555555556
0.0386402763105	0.303118908382	20	4	9	0	27	0.574468085106
0.0400007055365	0.304093567251	21	4	9	0	27	0.5625
0.0426607861719	0.305068226121	22	4	9	0	27	0.551020408163
0.0429222610116	0.30604288499	23	4	9	0	27	0.54
0.0435422548709	0.30604288499	24	4	9	0	27	0.529411764706
0.050087179651	0.30701754386	25	4	9	0	27	0.519230769231
0.0515549100651	0.30604288499	26	4	9	0	27	0.509433962264
0.0544662955658	0.30701754386	27	4	9	0	27	0.5
0.0558551810185	0.30701754386	28	4	9	0	27	0.490909090909
0.0571768279806	0.307992202729	29	4	9	0	27	0.482142857143
0.0576605439575	0.308966861598	30	4	9	0	27	0.473684210526
0.0587535124788	0.309941520468	31	4	9	0	27	0.465517241379
0.0589437237535	0.309941520468	31	5	6	0	27	0.465517241379
0.0592876270491	0.309941520468	32	5	6	0	27	0.457627118644
0.059901180861	0.310916179337	33	5	6	0	27	0.45
0.0599040868057	0.311890838207	34	5	6	0	27	0.44262295082
0.0601601072078	0.312865497076	35	5	6	0	27	0.435483870968
0.0621667419123	0.311890838207	36	5	6	0	27	0.428571428571
0.0624454596238	0.312865497076	37	5	6	0	27	0.421875
0.0629466540301	0.313840155945	38	5	6	0	27	0.415384615385
0.0633049056456	0.312865497076	39	5	6	0	27	0.409090909091
0.0644738069597	0.311890838207	40	5	6	0	27	0.402985074627
0.0690458210061	0.312865497076	41	5	6	0	27	0.397058823529
0.0718510417166	0.313840155945	42	5	6	0	27	0.391304347826
0.0730039256795	0.313840155945	43	5	6	0	27	0.385714285714
0.0735559005388	0.30701754386	43	6	18	0	34	0.441558441558
0.0738816025119	0.307992202729	44	6	18	0	34	0.435897435897
0.0763809267796	0.30701754386	45	6	18	0	34	0.430379746835
0.0768429736322	0.304093567251	45	7	6	0	37	0.451219512195
0.0769692455361	0.305068226121	46	7	6	0	37	0.44578313253
0.0777483710121	0.30604288499	47	7	6	0	37	0.440476190476
0.0789973999462	0.30701754386	48	7	6	0	37	0.435294117647
0.0811644966531	0.307992202729	49	7	6	0	37	0.43023255814
0.0829995129735	0.307992202729	50	7	6	0	37	0.425287356322
0.0861953494287	0.308966861598	51	7	6	0	37	0.420454545455
0.0871132568333	0.309941520468	52	7	6	0	37	0.415730337079
0.0881650176585	0.310916179337	53	7	6	0	37	0.411111111111
0.0899317530088	0.311890838207	54	7	6	0	37	0.406593406593
0.0921723537271	0.312865497076	55	7	6	0	37	0.402173913043
0.0969225235622	0.313840155945	56	7	6	0	37	0.397849462366
0.0970653373407	0.314814814815	57	7	6	0	37	0.393617021277
0.0991808652375	0.315789473684	58	7	6	0	37	0.389473684211
0.0996432258392	0.316764132554	59	7	6	0	37	0.385416666667
0.100724064736	0.317738791423	60	7	6	0	37	0.381443298969
0.101899946641	0.318713450292	61	7	6	0	37	0.377551020408
0.102767352007	0.318713450292	62	7	6	0	37	0.373737373737
0.103098139041	0.319688109162	63	7	6	0	37	0.37
0.103424422333	0.320662768031	64	7	6	0	37	0.366336633663
0.104030330739	0.320662768031	65	7	6	0	37	0.362745098039
0.104159250792	0.319688109162	66	7	6	0	37	0.359223300971
0.10473911156	0.319688109162	67	7	6	0	37	0.355769230769
0.104754373959	0.320662768031	68	7	6	0	37	0.352380952381
0.106943755942	0.320662768031	69	7	6	0	37	0.349056603774
0.107718112047	0.321637426901	70	7	6	0	37	0.345794392523
0.109014836511	0.32261208577	71	7	6	0	37	0.342592592593
0.110264544576	0.323586744639	72	7	6	0	37	0.339449541284
0.110618467302	0.324561403509	73	7	6	0	37	0.336363636364
0.112081815127	0.325536062378	74	7	6	0	37	0.333333333333
0.113673375044	0.326510721248	75	7	6	0	37	0.330357142857
0.116374870014	0.327485380117	76	7	6	0	37	0.327433628319
0.116748828106	0.328460038986	77	7	6	0	37	0.324561403509
0.117955390314	0.329434697856	78	7	6	0	37	0.321739130435
0.119331073335	0.330409356725	79	7	6	0	37	0.318965517241
0.11944086957	0.331384015595	80	7	6	0	37	0.316239316239
0.120905995852	0.331384015595	81	7	6	0	37	0.313559322034
0.121697856628	0.329434697856	81	8	3	0	39	0.325
0.121771660929	0.330409356725	82	8	3	0	39	0.322314049587
0.12252965557	0.330409356725	83	8	3	0	39	0.319672131148
0.12264077814	0.331384015595	84	8	3	0	39	0.317073170732
0.12529953709	0.331384015595	84	9	3	0	39	0.317073170732
0.126246075169	0.331384015595	85	9	3	0	39	0.314516129032
0.126327612484	0.330409356725	85	10	6	0	40	0.32
0.127639704389	0.331384015595	86	10	6	0	40	0.31746031746
0.128276986524	0.332358674464	87	10	6	0	40	0.314960629921
0.129484597827	0.332358674464	88	10	6	0	40	0.3125
0.130529916115	0.333333333333	89	10	6	0	40	0.31007751938
0.131968704276	0.333333333333	90	10	6	0	40	0.307692307692
0.135047590994	0.332358674464	90	11	12	0	41	0.312977099237
0.13505879608	0.333333333333	91	11	12	0	41	0.310606060606
0.136610862967	0.333333333333	92	11	12	0	41	0.308270676692
0.138128792848	0.333333333333	93	11	12	0	41	0.305970149254
0.139005053075	0.333333333333	94	11	12	0	41	0.303703703704
0.139544368596	0.332358674464	95	11	12	0	41	0.301470588235
0.139696782208	0.331384015595	96	11	12	0	41	0.299270072993
0.141089485844	0.326510721248	96	12	9	0	46	0.323943661972
0.14301880665	0.327485380117	97	12	9	0	46	0.321678321678
0.145502210808	0.319688109162	97	13	15	0	54	0.35761589404
0.14596325598	0.317738791423	97	14	3	0	56	0.366013071895
0.148481306585	0.318713450292	98	14	3	0	56	0.363636363636
0.14971157601	0.319688109162	99	14	3	0	56	0.361290322581
0.149842132248	0.320662768031	100	14	3	0	56	0.358974358974
0.151357217925	0.320662768031	101	14	3	0	56	0.356687898089
0.15168516889	0.319688109162	102	14	3	0	56	0.354430379747
0.151691650499	0.318713450292	103	14	3	0	56	0.352201257862
0.156466533313	0.319688109162	104	14	3	0	56	0.35
0.156669656516	0.320662768031	105	14	3	0	56	0.347826086957
0.157937011516	0.320662768031	106	14	3	0	56	0.345679012346
0.15892880295	0.320662768031	107	14	3	0	56	0.343558282209
0.159504886162	0.321637426901	108	14	3	0	56	0.341463414634
0.162723696357	0.32261208577	109	14	3	0	56	0.339393939394
0.162876763382	0.323586744639	110	14	3	0	56	0.33734939759
0.166669148033	0.323586744639	111	14	3	0	56	0.335329341317
0.167850819621	0.324561403509	112	14	3	0	56	0.333333333333
0.168910378345	0.325536062378	113	14	3	0	56	0.331360946746
0.171164927671	0.326510721248	114	14	3	0	56	0.329411764706
0.173496514525	0.326510721248	114	15	3	0	56	0.329411764706
0.173516749535	0.326510721248	114	16	6	0	56	0.329411764706
0.174226013553	0.327485380117	115	16	6	0	56	0.327485380117
0.175020524721	0.326510721248	115	17	9	0	57	0.331395348837
0.176415439315	0.325536062378	116	17	9	0	57	0.329479768786
0.176854761484	0.319688109162	116	18	15	0	63	0.351955307263
0.177093829805	0.320662768031	117	18	15	0	63	0.35
0.179933789715	0.315789473684	117	19	12	0	68	0.367567567568
0.180265402791	0.315789473684	118	19	12	0	68	0.365591397849
0.180616853156	0.316764132554	119	19	12	0	68	0.363636363636
0.181107670232	0.316764132554	120	19	12	0	68	0.36170212766
0.181186024967	0.317738791423	121	19	12	0	68	0.359788359788
0.182301034304	0.318713450292	122	19	12	0	68	0.357894736842
0.184726040614	0.319688109162	123	19	12	0	68	0.356020942408
0.185065166683	0.318713450292	123	20	9	0	69	0.359375
0.187327809274	0.319688109162	124	20	9	0	69	0.357512953368
0.187731556299	0.319688109162	125	20	9	0	69	0.355670103093
0.188525896915	0.320662768031	126	20	9	0	69	0.353846153846
0.188659547033	0.321637426901	127	20	9	0	69	0.352040816327
0.189202567074	0.32261208577	128	20	9	0	69	0.350253807107
0.189364583767	0.323586744639	129	20	9	0	69	0.348484848485
0.194066400396	0.32261208577	130	20	9	0	69	0.346733668342
0.19607475937	0.323586744639	131	20	9	0	69	0.345
0.196275085205	0.324561403509	132	20	9	0	69	0.34328358209
0.196767312514	0.319688109162	132	21	12	0	74	0.359223300971
0.197880977402	0.320662768031	133	21	12	0	74	0.357487922705
0.198072672709	0.320662768031	134	21	12	0	74	0.355769230769
0.202180549637	0.321637426901	135	21	12	0	74	0.354066985646
0.202623431394	0.32261208577	136	21	12	0	74	0.352380952381
0.204198323109	0.321637426901	136	22	3	0	75	0.355450236967
0.204529129841	0.321637426901	137	22	3	0	75	0.353773584906
0.2078735164	0.32261208577	138	22	3	0	75	0.352112676056
0.209478136365	0.323586744639	139	22	3	0	75	0.35046728972
0.20960913364	0.32261208577	140	22	3	0	75	0.348837209302
0.209661775776	0.323586744639	141	22	3	0	75	0.347222222222
0.209897429649	0.324561403509	142	22	3	0	75	0.345622119816
0.210235852192	0.325536062378	143	22	3	0	75	0.344036697248
0.211258160873	0.325536062378	144	22	3	0	75	0.342465753425
0.214767254784	0.325536062378	145	22	3	0	75	0.340909090909
0.215406969476	0.324561403509	146	22	3	0	75	0.339366515837
0.218309734943	0.324561403509	147	22	3	0	75	0.337837837838
0.219384554838	0.325536062378	148	22	3	0	75	0.336322869955
0.219863926205	0.326510721248	149	22	3	0	75	0.334821428571
0.220846941738	0.327485380117	150	22	3	0	75	0.333333333333
0.222125175037	0.328460038986	151	22	3	0	75	0.33185840708
0.222695040105	0.329434697856	152	22	3	0	75	0.330396475771
0.224554701855	0.330409356725	153	22	3	0	75	0.328947368421
0.226024098877	0.331384015595	154	22	3	0	75	0.327510917031
0.227102519051	0.330409356725	154	23	12	0	76	0.330434782609
0.230136612879	0.331384015595	155	23	12	0	76	0.329004329004
0.233518446532	0.332358674464	156	23	12	0	76	0.327586206897
0.234089149527	0.333333333333	157	23	12	0	76	0.326180257511
0.234230872257	0.332358674464	158	23	12	0	76	0.324786324786
0.235612945615	0.333333333333	159	23	12	0	76	0.323404255319
0.236627545579	0.333333333333	160	23	12	0	76	0.322033898305
0.237552210568	0.332358674464	161	23	12	0	76	0.320675105485
0.237668454377	0.333333333333	162	23	12	0	76	0.319327731092
0.240294135421	0.334307992203	163	23	12	0	76	0.317991631799
0.241068479552	0.335282651072	164	23	12	0	76	0.316666666667
0.241183922448	0.336257309942	165	23	12	0	76	0.315352697095
0.241347117272	0.337231968811	166	23	12	0	76	0.314049586777
0.241853242873	0.33820662768	167	23	12	0	76	0.312757201646
0.242962537419	0.33820662768	168	23	12	0	76	0.311475409836
0.243709765679	0.337231968811	169	23	12	0	76	0.310204081633
0.24525131977	0.33820662768	170	23	12	0	76	0.308943089431
0.245677943872	0.335282651072	170	24	9	0	79	0.317269076305
0.24694052586	0.334307992203	171	24	9	0	79	0.316
0.247409606554	0.335282651072	172	24	9	0	79	0.314741035857
0.247857957011	0.336257309942	173	24	9	0	79	0.313492063492
0.252338661469	0.336257309942	174	24	9	0	79	0.312252964427
0.252984145562	0.332358674464	174	25	9	0	83	0.322957198444
0.253943640909	0.332358674464	175	25	9	0	83	0.321705426357
0.255113999414	0.333333333333	176	25	9	0	83	0.320463320463
0.255882314646	0.334307992203	177	25	9	0	83	0.319230769231
0.256847200748	0.334307992203	178	25	9	0	83	0.318007662835
0.257601524619	0.333333333333	178	26	3	0	84	0.320610687023
0.2579953141	0.334307992203	179	26	3	0	84	0.319391634981
0.258545440827	0.328460038986	179	27	12	0	90	0.334572490706
0.259043763999	0.329434697856	180	27	12	0	90	0.333333333333
0.261198619151	0.329434697856	181	27	12	0	90	0.332103321033
0.26326482823	0.330409356725	182	27	12	0	90	0.330882352941
0.264190657929	0.329434697856	183	27	12	0	90	0.32967032967
0.265920265913	0.330409356725	184	27	12	0	90	0.328467153285
0.267138988315	0.329434697856	185	27	12	0	90	0.327272727273
0.267692712682	0.330409356725	186	27	12	0	90	0.326086956522
0.267994219388	0.330409356725	187	27	12	0	90	0.324909747292
0.268132556047	0.329434697856	188	27	12	0	90	0.323741007194
0.268529308608	0.330409356725	189	27	12	0	90	0.322580645161
0.270725277414	0.330409356725	190	27	12	0	90	0.321428571429
0.270811881815	0.331384015595	191	27	12	0	90	0.320284697509
0.271576729351	0.332358674464	192	27	12	0	90	0.31914893617
0.272557705288	0.333333333333	193	27	12	0	90	0.318021201413
0.277889964096	0.334307992203	194	27	12	0	90	0.316901408451
0.27826687123	0.335282651072	195	27	12	0	90	0.315789473684
0.278972393744	0.336257309942	196	27	12	0	90	0.314685314685
0.279573544078	0.332358674464	196	28	9	0	94	0.324137931034
0.280810805863	0.332358674464	197	28	9	0	94	0.323024054983
0.283194430942	0.332358674464	198	28	9	0	94	0.321917808219
0.283351251392	0.332358674464	199	28	9	0	94	0.320819112628
0.284540764041	0.333333333333	200	28	9	0	94	0.319727891156
0.285613831757	0.334307992203	201	28	9	0	94	0.318644067797
0.286917235615	0.335282651072	202	28	9	0	94	0.317567567568
0.288106644191	0.336257309942	203	28	9	0	94	0.316498316498
0.288305009018	0.337231968811	204	28	9	0	94	0.315436241611
0.291537603894	0.33820662768	205	28	9	0	94	0.314381270903
0.293936570907	0.337231968811	206	28	9	0	94	0.313333333333
0.294302355019	0.33820662768	207	28	9	0	94	0.312292358804
0.296359967902	0.33918128655	208	28	9	0	94	0.311258278146
0.300242501987	0.33918128655	209	28	9	0	94	0.310231023102
0.305289283985	0.33820662768	210	28	9	0	94	0.309210526316
0.307440369377	0.334307992203	210	29	15	0	98	0.318181818182
0.307761825109	0.324561403509	210	30	15	0	108	0.339622641509
0.308155089792	0.325536062378	211	30	15	0	108	0.33855799373
0.308859485736	0.326510721248	212	30	15	0	108	0.3375
0.308970009749	0.327485380117	213	30	15	0	108	0.336448598131
0.309418947251	0.324561403509	213	31	9	0	111	0.342592592593
0.309456864081	0.324561403509	214	31	9	0	111	0.341538461538
0.31133007081	0.321637426901	214	32	6	0	114	0.34756097561
0.313449378358	0.32261208577	215	32	6	0	114	0.346504559271
0.319563362878	0.323586744639	216	32	6	0	114	0.345454545455
0.323990731733	0.32261208577	217	32	6	0	114	0.344410876133
0.326327571585	0.323586744639	218	32	6	0	114	0.343373493976
0.327700378218	0.324561403509	219	32	6	0	114	0.342342342342
0.328113158034	0.325536062378	220	32	6	0	114	0.341317365269
0.328144202861	0.326510721248	221	32	6	0	114	0.340298507463
0.328791188928	0.327485380117	222	32	6	0	114	0.339285714286
0.331569094892	0.327485380117	223	32	6	0	114	0.338278931751
0.331913663632	0.328460038986	224	32	6	0	114	0.337278106509
0.333034756638	0.328460038986	225	32	6	0	114	0.336283185841
0.33383474787	0.329434697856	226	32	6	0	114	0.335294117647
0.334188073353	0.330409356725	227	32	6	0	114	0.33431085044
0.334418762267	0.331384015595	228	32	6	0	114	0.333333333333
0.335313468149	0.330409356725	228	33	12	0	115	0.33527696793
0.336343163677	0.329434697856	229	33	12	0	115	0.334302325581
0.338093475137	0.329434697856	230	33	12	0	115	0.333333333333
0.338457181095	0.330409356725	231	33	12	0	115	0.332369942197
0.339380359998	0.323586744639	231	34	27	0	122	0.345609065156
0.341416345707	0.324561403509	232	34	27	0	122	0.344632768362
0.342174834161	0.325536062378	233	34	27	0	122	0.343661971831
0.345185482111	0.325536062378	234	34	27	0	122	0.342696629213
0.345981808868	0.326510721248	235	34	27	0	122	0.341736694678
0.347138430239	0.326510721248	236	34	27	0	122	0.340782122905
0.347595277404	0.327485380117	237	34	27	0	122	0.339832869081
0.349156748161	0.326510721248	237	35	3	0	123	0.341666666667
0.350842278333	0.326510721248	238	35	3	0	123	0.340720221607
0.351696629926	0.327485380117	239	35	3	0	123	0.339779005525
0.352913062473	0.328460038986	240	35	3	0	123	0.338842975207
0.353447636444	0.328460038986	241	35	3	0	123	0.337912087912
0.355474541977	0.329434697856	242	35	3	0	123	0.33698630137
0.359469280812	0.330409356725	243	35	3	0	123	0.33606557377
0.360373669365	0.331384015595	244	35	3	0	123	0.33514986376
0.361365608008	0.331384015595	244	36	9	0	123	0.33514986376
0.364141875082	0.331384015595	244	37	6	0	123	0.33514986376
0.36451326043	0.332358674464	245	37	6	0	123	0.334239130435
0.366165697603	0.333333333333	246	37	6	0	123	0.333333333333
0.367153048791	0.327485380117	246	38	15	0	129	0.344
0.368144925042	0.328460038986	247	38	15	0	129	0.343085106383
0.368898552776	0.329434697856	248	38	15	0	129	0.342175066313
0.369260207426	0.330409356725	249	38	15	0	129	0.34126984127
0.36942520056	0.329434697856	249	39	12	0	130	0.343007915567
0.369507438195	0.327485380117	249	40	3	0	132	0.346456692913
0.36994691696	0.328460038986	250	40	3	0	132	0.34554973822
0.372249340839	0.320662768031	250	41	12	0	140	0.358974358974
0.372287164964	0.321637426901	251	41	12	0	140	0.358056265985
0.373027220202	0.32261208577	252	41	12	0	140	0.357142857143
0.373480737771	0.321637426901	253	41	12	0	140	0.356234096692
0.378398041973	0.32261208577	254	41	12	0	140	0.355329949239
0.378524778455	0.323586744639	255	41	12	0	140	0.354430379747
0.378710457277	0.323586744639	256	41	12	0	140	0.353535353535
0.381894662248	0.323586744639	257	41	12	0	140	0.352644836272
0.385993410254	0.32261208577	258	41	12	0	140	0.35175879397
0.386543265065	0.32261208577	259	41	12	0	140	0.350877192982
0.386729735965	0.323586744639	260	41	12	0	140	0.35
0.388532816887	0.324561403509	261	41	12	0	140	0.349127182045
0.388611029581	0.325536062378	262	41	12	0	140	0.348258706468
0.389389115334	0.326510721248	263	41	12	0	140	0.347394540943
0.394136947935	0.326510721248	264	41	12	0	140	0.346534653465
0.396256106289	0.326510721248	265	41	12	0	140	0.345679012346
0.397729571056	0.327485380117	266	41	12	0	140	0.344827586207
0.398707222256	0.328460038986	267	41	12	0	140	0.34398034398
0.398861818141	0.329434697856	268	41	12	0	140	0.343137254902
0.400804163525	0.329434697856	268	42	3	0	140	0.343137254902
0.400954392219	0.329434697856	269	42	3	0	140	0.342298288509
0.402589038075	0.330409356725	270	42	3	0	140	0.341463414634
0.405366494695	0.330409356725	271	42	3	0	140	0.340632603406
0.405528566844	0.330409356725	272	42	3	0	140	0.339805825243
0.406126030297	0.330409356725	273	42	3	0	140	0.338983050847
0.406887763792	0.331384015595	274	42	3	0	140	0.338164251208
0.408422272079	0.330409356725	275	42	3	0	140	0.33734939759
0.408703294323	0.331384015595	276	42	3	0	140	0.336538461538
0.410481668786	0.332358674464	277	42	3	0	140	0.335731414868
0.411093267763	0.333333333333	278	42	3	0	140	0.334928229665
0.411229249388	0.333333333333	279	42	3	0	140	0.334128878282
0.413819170257	0.329434697856	279	43	6	0	144	0.340425531915
0.417018806263	0.326510721248	279	44	12	0	147	0.345070422535
0.417042663251	0.327485380117	280	44	12	0	147	0.344262295082
0.418420291668	0.328460038986	281	44	12	0	147	0.343457943925
0.418510019289	0.329434697856	282	44	12	0	147	0.342657342657
0.422297467777	0.330409356725	283	44	12	0	147	0.341860465116
0.423315685424	0.331384015595	284	44	12	0	147	0.341067285383
0.425000796716	0.331384015595	285	44	12	0	147	0.340277777778
0.426198856553	0.332358674464	286	44	12	0	147	0.339491916859
0.427454965082	0.333333333333	287	44	12	0	147	0.338709677419
0.427719262537	0.334307992203	288	44	12	0	147	0.337931034483
0.42949880358	0.335282651072	289	44	12	0	147	0.337155963303
0.429707892827	0.334307992203	290	44	12	0	147	0.336384439359
0.430503126018	0.335282651072	291	44	12	0	147	0.335616438356
0.430706959891	0.334307992203	292	44	12	0	147	0.334851936219
0.431095010884	0.327485380117	292	45	12	0	154	0.345291479821
0.4321841779	0.328460038986	293	45	12	0	154	0.34451901566
0.432908001488	0.327485380117	294	45	12	0	154	0.34375
0.4338192544	0.327485380117	295	45	12	0	154	0.3429844098
0.434481682154	0.328460038986	296	45	12	0	154	0.342222222222
0.44130717033	0.328460038986	296	46	18	0	154	0.342222222222
0.443067291509	0.315789473684	296	47	39	0	167	0.360691144708
0.443772129924	0.314814814815	297	47	39	0	167	0.359913793103
0.443824404703	0.315789473684	298	47	39	0	167	0.359139784946
0.44399470731	0.316764132554	299	47	39	0	167	0.358369098712
0.44524381558	0.309941520468	299	48	24	0	174	0.367864693446
0.446062542744	0.309941520468	300	48	24	0	174	0.367088607595
0.446960615297	0.309941520468	301	48	24	0	174	0.366315789474
0.447678827258	0.310916179337	302	48	24	0	174	0.365546218487
0.451218199424	0.311890838207	303	48	24	0	174	0.364779874214
0.451571938896	0.312865497076	304	48	24	0	174	0.364016736402
0.452455956838	0.313840155945	305	48	24	0	174	0.363256784969
0.452923066736	0.314814814815	306	48	24	0	174	0.3625
0.452969755218	0.315789473684	307	48	24	0	174	0.361746361746
0.454061165706	0.316764132554	308	48	24	0	174	0.360995850622
0.455171218203	0.317738791423	309	48	24	0	174	0.360248447205
0.455948499284	0.318713450292	310	48	24	0	174	0.359504132231
0.456633025332	0.319688109162	311	48	24	0	174	0.358762886598
0.457357864841	0.319688109162	312	48	24	0	174	0.358024691358
0.459458833264	0.320662768031	313	48	24	0	174	0.357289527721
0.460079519448	0.319688109162	314	48	24	0	174	0.356557377049
0.460184011378	0.320662768031	315	48	24	0	174	0.355828220859
0.461748930226	0.321637426901	316	48	24	0	174	0.355102040816
0.466645737148	0.32261208577	317	48	24	0	174	0.354378818737
0.466730427331	0.32261208577	317	49	3	0	174	0.354378818737
0.466843544657	0.323586744639	318	49	3	0	174	0.353658536585
0.4675257173	0.323586744639	319	49	3	0	174	0.352941176471
0.470650850726	0.323586744639	320	49	3	0	174	0.352226720648
0.474231483681	0.324561403509	321	49	3	0	174	0.351515151515
0.480685398731	0.325536062378	322	49	3	0	174	0.350806451613
0.481620372935	0.326510721248	323	49	3	0	174	0.350100603622
0.482864268947	0.327485380117	324	49	3	0	174	0.349397590361
0.483660964883	0.328460038986	325	49	3	0	174	0.34869739479
0.485325821701	0.329434697856	326	49	3	0	174	0.348
0.487153391286	0.330409356725	327	49	3	0	174	0.347305389222
0.489108749673	0.331384015595	328	49	3	0	174	0.346613545817
0.489555818604	0.332358674464	329	49	3	0	174	0.34592445328
0.489994848	0.333333333333	330	49	3	0	174	0.345238095238
0.490482223331	0.334307992203	331	49	3	0	174	0.344554455446
0.494705032503	0.335282651072	332	49	3	0	174	0.343873517787
0.496504993711	0.336257309942	333	49	3	0	174	0.343195266272
0.500739426928	0.337231968811	334	49	3	0	174	0.342519685039
0.500978058248	0.337231968811	335	49	3	0	174	0.34184675835
0.502720326371	0.33820662768	336	49	3	0	174	0.341176470588
0.502743618746	0.33820662768	337	49	3	0	174	0.340508806262
0.504970662281	0.337231968811	338	49	3	0	174	0.33984375
0.508187520047	0.33820662768	339	49	3	0	174	0.33918128655
0.510019769681	0.33820662768	340	49	3	0	174	0.338521400778
0.511187312195	0.33918128655	341	49	3	0	174	0.33786407767
0.511400182309	0.340155945419	342	49	3	0	174	0.337209302326
0.511690643358	0.340155945419	343	49	3	0	174	0.336557059961
0.512163484969	0.341130604288	344	49	3	0	174	0.335907335907
0.512234716477	0.342105263158	345	49	3	0	174	0.335260115607
0.51430816644	0.343079922027	346	49	3	0	174	0.334615384615
0.515466612216	0.341130604288	346	50	12	0	176	0.337164750958
0.51916624401	0.341130604288	347	50	12	0	176	0.336520076482
0.519766959204	0.342105263158	348	50	12	0	176	0.335877862595
0.520140745434	0.341130604288	349	50	12	0	176	0.335238095238
0.530696442296	0.342105263158	350	50	12	0	176	0.334600760456
0.531684861024	0.343079922027	351	50	12	0	176	0.333965844402
0.531999135958	0.344054580897	352	50	12	0	176	0.333333333333
0.53375216242	0.342105263158	352	51	3	0	178	0.335849056604
0.534268771509	0.343079922027	353	51	3	0	178	0.335216572505
0.534299983479	0.335282651072	353	52	18	0	186	0.345083487941
0.534400521918	0.335282651072	354	52	18	0	186	0.344444444444
0.534783859079	0.336257309942	355	52	18	0	186	0.343807763401
0.53633418671	0.337231968811	356	52	18	0	186	0.343173431734
0.537427367201	0.33820662768	357	52	18	0	186	0.342541436464
0.538087334818	0.335282651072	357	53	3	0	189	0.346153846154
0.540781326412	0.336257309942	358	53	3	0	189	0.345521023766
0.541113066752	0.337231968811	359	53	3	0	189	0.344890510949
0.546206936775	0.33820662768	360	53	3	0	189	0.344262295082
0.547005441941	0.33918128655	361	53	3	0	189	0.343636363636
0.548022125562	0.33918128655	362	53	3	0	189	0.343012704174
0.548142217761	0.33918128655	363	53	3	0	189	0.342391304348
0.549132719001	0.33918128655	364	53	3	0	189	0.341772151899
0.550398891031	0.33820662768	365	53	3	0	189	0.341155234657
0.551400468347	0.33918128655	366	53	3	0	189	0.340540540541
0.552667168795	0.340155945419	367	53	3	0	189	0.339928057554
0.552841333226	0.33918128655	368	53	3	0	189	0.339317773788
0.555804083586	0.340155945419	369	53	3	0	189	0.338709677419
0.559637174492	0.341130604288	370	53	3	0	189	0.338103756708
0.560424832532	0.342105263158	371	53	3	0	189	0.3375
0.561555869271	0.342105263158	372	53	3	0	189	0.336898395722
0.561784373327	0.343079922027	373	53	3	0	189	0.336298932384
0.561860382881	0.344054580897	374	53	3	0	189	0.335701598579
0.562321245051	0.343079922027	375	53	3	0	189	0.335106382979
0.562600866456	0.344054580897	376	53	3	0	189	0.334513274336
0.564379489728	0.344054580897	377	53	3	0	189	0.333922261484
0.565811205181	0.345029239766	378	53	3	0	189	0.333333333333
0.567789564453	0.346003898635	379	53	3	0	189	0.332746478873
0.568344659486	0.345029239766	380	53	3	0	189	0.33216168717
0.568504449641	0.346003898635	381	53	3	0	189	0.331578947368
0.569797273938	0.346003898635	382	53	3	0	189	0.330998248687
0.572151451071	0.346978557505	383	53	3	0	189	0.33041958042
0.572162179979	0.342105263158	383	54	9	0	194	0.336221837088
0.572366468887	0.343079922027	384	54	9	0	194	0.335640138408
0.57420401692	0.337231968811	384	55	12	0	200	0.342465753425
0.574289689375	0.337231968811	385	55	12	0	200	0.34188034188
0.574484516665	0.33820662768	386	55	12	0	200	0.341296928328
0.574969854017	0.33918128655	387	55	12	0	200	0.340715502555
0.574984020045	0.33820662768	388	55	12	0	200	0.340136054422
0.575913593026	0.337231968811	389	55	12	0	200	0.339558573854
0.579069900069	0.33820662768	390	55	12	0	200	0.338983050847
0.581494224401	0.337231968811	391	55	12	0	200	0.338409475465
0.581907806158	0.33820662768	392	55	12	0	200	0.337837837838
0.582315421127	0.33918128655	393	55	12	0	200	0.337268128162
0.582400039553	0.335282651072	393	56	6	0	204	0.341708542714
0.583147183882	0.336257309942	394	56	6	0	204	0.341137123746
0.584396606106	0.335282651072	395	56	6	0	204	0.340567612688
0.584956827631	0.334307992203	396	56	6	0	204	0.34
0.587702679208	0.335282651072	397	56	6	0	204	0.339434276206
0.58788821349	0.336257309942	398	56	6	0	204	0.338870431894
0.588813748822	0.337231968811	399	56	6	0	204	0.338308457711
0.589177854741	0.336257309942	399	57	3	0	205	0.33940397351
0.589927970533	0.337231968811	400	57	3	0	205	0.338842975207
0.592222642159	0.33820662768	401	57	3	0	205	0.338283828383
0.59261306546	0.33820662768	402	57	3	0	205	0.337726523888
0.593848608301	0.333333333333	402	58	18	0	210	0.343137254902
0.594135298678	0.334307992203	403	58	18	0	210	0.342577487765
0.594407938106	0.335282651072	404	58	18	0	210	0.342019543974
0.594912188296	0.336257309942	405	58	18	0	210	0.341463414634
0.595191096949	0.337231968811	406	58	18	0	210	0.340909090909
0.595988915813	0.33820662768	407	58	18	0	210	0.340356564019
0.599377066454	0.33918128655	408	58	18	0	210	0.339805825243
0.602749158679	0.33918128655	409	58	18	0	210	0.339256865913
0.602796003169	0.340155945419	410	58	18	0	210	0.338709677419
0.605155551673	0.340155945419	411	58	18	0	210	0.338164251208
0.605464593382	0.340155945419	412	58	18	0	210	0.337620578778
0.605531106719	0.341130604288	413	58	18	0	210	0.337078651685
0.609288442196	0.340155945419	414	58	18	0	210	0.336538461538
0.609863012606	0.33918128655	415	58	18	0	210	0.336
0.611238720871	0.340155945419	416	58	18	0	210	0.335463258786
0.613526379508	0.341130604288	417	58	18	0	210	0.334928229665
0.614673573656	0.341130604288	418	58	18	0	210	0.334394904459
0.615008763332	0.341130604288	419	58	18	0	210	0.33386327504
0.62065490375	0.33918128655	419	59	3	0	212	0.335974643423
0.620951585601	0.340155945419	420	59	3	0	212	0.335443037975
0.621332131686	0.341130604288	421	59	3	0	212	0.334913112164
0.622750476427	0.342105263158	422	59	3	0	212	0.334384858044
0.622868743599	0.342105263158	423	59	3	0	212	0.333858267717
0.62292972973	0.343079922027	424	59	3	0	212	0.333333333333
0.623756012416	0.344054580897	425	59	3	0	212	0.332810047096
0.62527836762	0.342105263158	425	60	3	0	214	0.33489827856
0.626358872503	0.342105263158	426	60	3	0	214	0.334375
0.626638611438	0.343079922027	427	60	3	0	214	0.333853354134
0.626844456129	0.342105263158	427	61	3	0	215	0.334890965732
0.627661926564	0.343079922027	428	61	3	0	215	0.334370139969
0.627884002508	0.344054580897	429	61	3	0	215	0.333850931677
0.628527545347	0.344054580897	430	61	3	0	215	0.333333333333
0.631135341515	0.343079922027	431	61	3	0	215	0.332817337461
0.634905654897	0.344054580897	432	61	3	0	215	0.332302936631
0.63551070077	0.345029239766	433	61	3	0	215	0.331790123457
0.635549314331	0.337231968811	433	62	21	0	223	0.33993902439
0.638347857638	0.33820662768	434	62	21	0	223	0.339421613394
0.641328925593	0.33820662768	435	62	21	0	223	0.338905775076
0.643229117064	0.33918128655	436	62	21	0	223	0.338391502276
0.643277399288	0.340155945419	437	62	21	0	223	0.337878787879
0.643546236402	0.340155945419	438	62	21	0	223	0.337367624811
0.643858028105	0.340155945419	438	63	3	0	223	0.337367624811
0.643886541999	0.341130604288	439	63	3	0	223	0.336858006042
0.644510084681	0.342105263158	440	63	3	0	223	0.336349924585
0.646862520604	0.343079922027	441	63	3	0	223	0.335843373494
0.650564974668	0.344054580897	442	63	3	0	223	0.335338345865
0.651729496898	0.345029239766	443	63	3	0	223	0.334834834835
0.654015671704	0.346003898635	444	63	3	0	223	0.334332833583
0.65707208566	0.346978557505	445	63	3	0	223	0.333832335329
0.657724984171	0.347953216374	446	63	3	0	223	0.333333333333
0.660227537405	0.346978557505	447	63	3	0	223	0.332835820896
0.661821877073	0.347953216374	448	63	3	0	223	0.332339791356
0.663081133869	0.348927875244	449	63	3	0	223	0.331845238095
0.664482832082	0.347953216374	450	63	3	0	223	0.331352154532
0.665024599556	0.348927875244	451	63	3	0	223	0.330860534125
0.667562484537	0.349902534113	452	63	3	0	223	0.33037037037
0.6681587723	0.348927875244	453	63	3	0	223	0.329881656805
0.668339159145	0.349902534113	454	63	3	0	223	0.329394387001
0.670124202041	0.350877192982	455	63	3	0	223	0.328908554572
0.670562207748	0.350877192982	456	63	3	0	223	0.328424153166
0.670993899318	0.351851851852	457	63	3	0	223	0.327941176471
0.671727686151	0.352826510721	458	63	3	0	223	0.327459618209
0.675325657108	0.352826510721	459	63	3	0	223	0.326979472141
0.675565439381	0.351851851852	460	63	3	0	223	0.326500732064
0.676078944082	0.352826510721	461	63	3	0	223	0.326023391813
0.676776685022	0.353801169591	462	63	3	0	223	0.325547445255
0.679015647593	0.35477582846	463	63	3	0	223	0.325072886297
0.679556093235	0.35477582846	464	63	3	0	223	0.324599708879
0.680219397098	0.355750487329	465	63	3	0	223	0.324127906977
0.681976369002	0.35477582846	466	63	3	0	223	0.323657474601
0.682489242942	0.355750487329	467	63	3	0	223	0.323188405797
0.68250681181	0.356725146199	468	63	3	0	223	0.322720694645
0.683688339769	0.357699805068	469	63	3	0	223	0.32225433526
0.684146411201	0.358674463938	470	63	3	0	223	0.321789321789
0.684749869695	0.359649122807	471	63	3	0	223	0.321325648415
0.687322937541	0.359649122807	472	63	3	0	223	0.320863309353
0.689287587046	0.359649122807	473	63	3	0	223	0.320402298851
0.693384268196	0.360623781676	474	63	3	0	223	0.319942611191
0.694341770963	0.361598440546	475	63	3	0	223	0.319484240688
