# time 	 divergence 	 # of mutations 	 # IGC chances 	 IGC length 	 # IGC failures 	 Changes due to IGC  	 % change due to IGC 
0.0	0.245398773006	0	0	0	0	0	0.0
0.00767358597143	0.243353783231	1	0	0	0	0	0.0
0.0104294811319	0.245398773006	2	0	0	0	0	0.0
0.0119466647465	0.247443762781	3	0	0	0	0	0.0
0.0133179595067	0.249488752556	4	0	0	0	0	0.0
0.0149432340355	0.251533742331	5	0	0	0	0	0.0
0.0194369138452	0.253578732106	6	0	0	0	0	0.0
0.0214131718723	0.255623721881	7	0	0	0	0	0.0
0.0268274362253	0.257668711656	8	0	0	0	0	0.0
0.0357585815597	0.259713701431	9	0	0	0	0	0.0
0.037046726889	0.261758691207	10	0	0	0	0	0.0
0.0372664373815	0.259713701431	11	0	0	0	0	0.0
0.0378833661009	0.261758691207	12	0	0	0	0	0.0
0.0387458504812	0.263803680982	13	0	0	0	0	0.0
0.0398631267327	0.265848670757	14	0	0	0	0	0.0
0.0400321014934	0.267893660532	15	0	0	0	0	0.0
0.0410187283754	0.269938650307	16	0	0	0	0	0.0
0.0413453207221	0.271983640082	17	0	0	0	0	0.0
0.044271469069	0.274028629857	18	0	0	0	0	0.0
0.0474699093415	0.276073619632	19	0	0	0	0	0.0
0.0488052889807	0.276073619632	20	0	0	0	0	0.0
0.0506108319566	0.274028629857	21	0	0	0	0	0.0
0.0555886527773	0.276073619632	22	0	0	0	0	0.0
