# time 	 divergence 	 # of mutations 	 # IGC chances 	 IGC length 	 # IGC failures 	 Changes due to IGC  	 % change due to IGC 
0.0	0.0184049079755	0	0	0	0	0	0.0
0.00023622410902	0.0184049079755	0	1	9	0	0	0.0
0.000244233050538	0.0184049079755	0	2	3	0	0	0.0
0.00118556042961	0.0204498977505	1	2	3	0	0	0.0
0.00216591862058	0.0204498977505	1	3	21	0	0	0.0
0.00247017484105	0.0224948875256	2	3	21	0	0	0.0
0.00421123479261	0.0245398773006	3	3	21	0	0	0.0
0.00432851107025	0.0245398773006	3	4	21	0	0	0.0
0.00433607073504	0.0245398773006	3	5	3	0	0	0.0
0.00457085566645	0.0265848670757	4	5	3	0	0	0.0
0.00487207357956	0.0265848670757	4	6	3	0	0	0.0
0.00489462764399	0.0265848670757	4	7	6	0	0	0.0
0.00506878477913	0.0265848670757	4	8	3	0	0	0.0
0.00544128623724	0.0265848670757	4	9	15	0	0	0.0
0.00553529042017	0.0265848670757	4	10	12	0	0	0.0
0.0062357896247	0.0245398773006	4	11	6	0	1	0.2
0.00658476005908	0.0245398773006	4	12	3	0	1	0.2
0.00681667088034	0.0245398773006	4	13	6	0	1	0.2
0.00735202678253	0.0224948875256	4	14	15	0	2	0.333333333333
0.00795535502434	0.0224948875256	4	15	18	0	2	0.333333333333
0.00899991195572	0.0224948875256	4	16	6	0	2	0.333333333333
0.00931370445741	0.0224948875256	4	17	6	0	2	0.333333333333
0.00985182175925	0.0224948875256	4	18	6	0	2	0.333333333333
0.0109107128386	0.0224948875256	4	19	6	0	2	0.333333333333
0.0121730137544	0.0224948875256	4	20	3	0	2	0.333333333333
0.0122813254616	0.0204498977505	4	21	12	0	3	0.428571428571
0.0135883093815	0.0204498977505	4	22	9	0	3	0.428571428571
0.0138651157735	0.0204498977505	4	23	15	0	3	0.428571428571
0.0140262711261	0.0204498977505	4	24	3	0	3	0.428571428571
0.0145489085392	0.0204498977505	4	25	3	0	3	0.428571428571
0.0146086609356	0.0224948875256	5	25	3	0	3	0.375
0.0147433513904	0.0245398773006	6	25	3	0	3	0.333333333333
0.0149159804215	0.0245398773006	6	26	3	0	3	0.333333333333
0.0155147489589	0.0245398773006	6	27	6	0	3	0.333333333333
0.0157249500169	0.0245398773006	6	28	6	0	3	0.333333333333
0.0159925660807	0.0245398773006	6	29	6	0	3	0.333333333333
0.0167956448091	0.0245398773006	6	30	6	0	3	0.333333333333
0.0168908073278	0.0245398773006	6	31	12	0	3	0.333333333333
0.0180217914283	0.0245398773006	6	32	6	0	3	0.333333333333
0.0182314941044	0.0245398773006	6	33	3	0	3	0.333333333333
0.0186433484612	0.0245398773006	6	34	12	0	3	0.333333333333
0.0190124658199	0.0224948875256	6	35	9	0	4	0.4
0.0197373862953	0.0204498977505	6	36	3	0	5	0.454545454545
0.020129275101	0.0224948875256	7	36	3	0	5	0.416666666667
0.0203703944057	0.0245398773006	8	36	3	0	5	0.384615384615
0.0205407752236	0.0224948875256	8	37	24	0	6	0.428571428571
0.0211064256877	0.0224948875256	8	38	3	0	6	0.428571428571
