# time 	 divergence 	 # of mutations 	 # IGC chances 	 IGC length 	 # IGC failures 	 Changes due to IGC  	 % change due to IGC 
0.0	0.545161290323	0	0	0	0	0	0.0
0.00206818694342	0.545161290323	1	0	0	0	0	0.0
0.00313068274909	0.54623655914	2	0	0	0	0	0.0
0.00340392824881	0.54623655914	3	0	0	0	0	0.0
0.0034622128317	0.547311827957	4	0	0	0	0	0.0
0.00672094234557	0.54623655914	5	0	0	0	0	0.0
0.00812305265698	0.54623655914	6	0	0	0	0	0.0
0.00820843747363	0.545161290323	7	0	0	0	0	0.0
0.0101087455088	0.54623655914	8	0	0	0	0	0.0
0.010670842952	0.54623655914	9	0	0	0	0	0.0
0.012089131505	0.547311827957	10	0	0	0	0	0.0
0.0130315869921	0.548387096774	11	0	0	0	0	0.0
0.0134324554146	0.549462365591	12	0	0	0	0	0.0
0.0135715591384	0.550537634409	13	0	0	0	0	0.0
0.0155145658339	0.551612903226	14	0	0	0	0	0.0
0.0155540742164	0.550537634409	15	0	0	0	0	0.0
0.0155737927624	0.551612903226	16	0	0	0	0	0.0
0.0175117193712	0.550537634409	17	0	0	0	0	0.0
0.0212795365719	0.550537634409	18	0	0	0	0	0.0
0.0233218349444	0.551612903226	19	0	0	0	0	0.0
0.0254114483761	0.552688172043	20	0	0	0	0	0.0
0.0286524459439	0.552688172043	21	0	0	0	0	0.0
0.0294958615383	0.552688172043	22	0	0	0	0	0.0
0.0309319604802	0.551612903226	23	0	0	0	0	0.0
0.0311263194587	0.550537634409	24	0	0	0	0	0.0
0.0315401214224	0.551612903226	25	0	0	0	0	0.0
0.0319057479314	0.552688172043	26	0	0	0	0	0.0
0.0331921251204	0.55376344086	27	0	0	0	0	0.0
0.0334830957382	0.55376344086	28	0	0	0	0	0.0
0.0385301973621	0.554838709677	29	0	0	0	0	0.0
0.0387444666489	0.554838709677	30	0	0	0	0	0.0
0.0401894262263	0.555913978495	31	0	0	0	0	0.0
0.0428133399448	0.555913978495	32	0	0	0	0	0.0
0.0432307075227	0.555913978495	33	0	0	0	0	0.0
0.0446740215036	0.556989247312	34	0	0	0	0	0.0
0.0458710423138	0.556989247312	35	0	0	0	0	0.0
0.0460924109772	0.558064516129	36	0	0	0	0	0.0
0.0461342900156	0.559139784946	37	0	0	0	0	0.0
0.0487061352072	0.560215053763	38	0	0	0	0	0.0
0.0500027932071	0.559139784946	39	0	0	0	0	0.0
0.0505853556795	0.560215053763	40	0	0	0	0	0.0
0.0544419224793	0.561290322581	41	0	0	0	0	0.0
0.0551450357431	0.562365591398	42	0	0	0	0	0.0
0.0565966704949	0.562365591398	43	0	0	0	0	0.0
0.0571288924308	0.563440860215	44	0	0	0	0	0.0
0.0608690952455	0.564516129032	45	0	0	0	0	0.0
0.0628000252227	0.565591397849	46	0	0	0	0	0.0
0.0632433528878	0.565591397849	47	0	0	0	0	0.0
0.0679210007291	0.565591397849	48	0	0	0	0	0.0
0.0681336553524	0.565591397849	49	0	0	0	0	0.0
0.0694610907123	0.564516129032	50	0	0	0	0	0.0
0.0707705276448	0.563440860215	51	0	0	0	0	0.0
0.075173213196	0.563440860215	52	0	0	0	0	0.0
0.0760128228586	0.564516129032	53	0	0	0	0	0.0
0.0776488220041	0.565591397849	54	0	0	0	0	0.0
0.0797225515096	0.564516129032	55	0	0	0	0	0.0
0.0810707789902	0.564516129032	56	0	0	0	0	0.0
0.0814302823001	0.563440860215	57	0	0	0	0	0.0
0.0814620727877	0.563440860215	58	0	0	0	0	0.0
0.0816594572426	0.562365591398	59	0	0	0	0	0.0
0.083797599637	0.562365591398	60	0	0	0	0	0.0
0.085818231533	0.562365591398	61	0	0	0	0	0.0
0.0861188803642	0.562365591398	62	0	0	0	0	0.0
0.087392985983	0.562365591398	63	0	0	0	0	0.0
0.0876792073707	0.561290322581	64	0	0	0	0	0.0
0.0957587898066	0.562365591398	65	0	0	0	0	0.0
0.099043797498	0.563440860215	66	0	0	0	0	0.0
0.0993570425186	0.562365591398	67	0	0	0	0	0.0
0.101135711315	0.561290322581	68	0	0	0	0	0.0
0.101610874005	0.562365591398	69	0	0	0	0	0.0
0.102554755241	0.561290322581	70	0	0	0	0	0.0
0.105310647017	0.560215053763	71	0	0	0	0	0.0
0.107554885934	0.559139784946	72	0	0	0	0	0.0
0.108574635454	0.559139784946	73	0	0	0	0	0.0
0.110678562361	0.558064516129	74	0	0	0	0	0.0
0.112539925287	0.559139784946	75	0	0	0	0	0.0
0.113716822634	0.559139784946	76	0	0	0	0	0.0
0.114172603879	0.559139784946	77	0	0	0	0	0.0
0.114435573247	0.559139784946	78	0	0	0	0	0.0
0.114630693341	0.558064516129	79	0	0	0	0	0.0
0.115154852871	0.556989247312	80	0	0	0	0	0.0
0.115338368447	0.555913978495	81	0	0	0	0	0.0
0.118815497952	0.554838709677	82	0	0	0	0	0.0
0.11941891989	0.554838709677	83	0	0	0	0	0.0
0.121257602715	0.554838709677	84	0	0	0	0	0.0
0.12191159037	0.554838709677	85	0	0	0	0	0.0
0.122580739625	0.554838709677	86	0	0	0	0	0.0
