# time 	 divergence 	 # of mutations 	 # IGC chances 	 IGC length 	 # IGC failures 	 Changes due to IGC  	 % change due to IGC 
0.0	0.139059304703	0	0	0	0	0	0.0
0.000149403426511	0.139059304703	1	0	0	0	0	0.0
0.00229681137913	0.141104294479	2	0	0	0	0	0.0
0.00442557705185	0.143149284254	3	0	0	0	0	0.0
0.00462925902284	0.145194274029	4	0	0	0	0	0.0
0.00733056435692	0.147239263804	5	0	0	0	0	0.0
0.00961905719899	0.149284253579	6	0	0	0	0	0.0
0.0141693836356	0.151329243354	7	0	0	0	0	0.0
0.0213119296615	0.153374233129	8	0	0	0	0	0.0
0.0232888637683	0.155419222904	9	0	0	0	0	0.0
0.0314121903823	0.157464212679	10	0	0	0	0	0.0
0.0346571016944	0.159509202454	11	0	0	0	0	0.0
0.0415032444273	0.161554192229	12	0	0	0	0	0.0
0.0451117200843	0.163599182004	13	0	0	0	0	0.0
0.0484796055815	0.165644171779	14	0	0	0	0	0.0
0.0506642258802	0.167689161554	15	0	0	0	0	0.0
0.0567501374901	0.167689161554	16	0	0	0	0	0.0
0.0624411489801	0.169734151329	17	0	0	0	0	0.0
0.0643054495115	0.171779141104	18	0	0	0	0	0.0
0.0699169464989	0.173824130879	19	0	0	0	0	0.0
0.0737906508967	0.175869120654	20	0	0	0	0	0.0
0.0764034355045	0.177914110429	21	0	0	0	0	0.0
0.0822148944221	0.179959100204	22	0	0	0	0	0.0
0.0823084027154	0.18200408998	23	0	0	0	0	0.0
0.0845903915524	0.184049079755	24	0	0	0	0	0.0
