# time 	 divergence 	 # of mutations 	 # IGC chances 	 IGC length 	 # IGC failures 	 Changes due to IGC  	 % change due to IGC 
0.0	0.413978494624	0	0	0	0	0	0.0
0.00436800746767	0.415053763441	1	0	0	0	0	0.0
0.00492943725314	0.413978494624	2	0	0	0	0	0.0
0.00780948017148	0.415053763441	3	0	0	0	0	0.0
0.00832864033203	0.415053763441	4	0	0	0	0	0.0
0.0103477861504	0.416129032258	5	0	0	0	0	0.0
0.0126700957428	0.417204301075	6	0	0	0	0	0.0
0.0152765469172	0.417204301075	7	0	0	0	0	0.0
0.0160146554739	0.417204301075	8	0	0	0	0	0.0
0.0174511544437	0.417204301075	9	0	0	0	0	0.0
0.0182403496439	0.417204301075	10	0	0	0	0	0.0
0.0190853251634	0.417204301075	11	0	0	0	0	0.0
0.0231949496867	0.418279569892	12	0	0	0	0	0.0
0.0259375387249	0.418279569892	13	0	0	0	0	0.0
0.0263526705649	0.418279569892	14	0	0	0	0	0.0
0.0284589904178	0.41935483871	15	0	0	0	0	0.0
0.0297850030047	0.420430107527	16	0	0	0	0	0.0
0.0309293561573	0.416129032258	16	1	12	0	4	0.2
0.0311755732463	0.416129032258	17	1	12	0	4	0.190476190476
0.0327860088058	0.417204301075	18	1	12	0	4	0.181818181818
0.0336696439643	0.418279569892	19	1	12	0	4	0.173913043478
0.03887381803	0.418279569892	20	1	12	0	4	0.166666666667
0.0390129613824	0.418279569892	21	1	12	0	4	0.16
0.0410467065086	0.417204301075	22	1	12	0	4	0.153846153846
0.041272390427	0.418279569892	23	1	12	0	4	0.148148148148
0.0413747769713	0.41935483871	24	1	12	0	4	0.142857142857
0.0421358644521	0.420430107527	25	1	12	0	4	0.137931034483
0.0454643371835	0.421505376344	26	1	12	0	4	0.133333333333
0.0456416775716	0.422580645161	27	1	12	0	4	0.129032258065
0.0497700536159	0.421505376344	28	1	12	0	4	0.125
0.0509441656182	0.422580645161	29	1	12	0	4	0.121212121212
0.0510090457802	0.422580645161	30	1	12	0	4	0.117647058824
0.0520214307159	0.423655913978	31	1	12	0	4	0.114285714286
0.0530809451117	0.424731182796	32	1	12	0	4	0.111111111111
0.0536874940486	0.425806451613	33	1	12	0	4	0.108108108108
0.0554990344844	0.424731182796	34	1	12	0	4	0.105263157895
0.0638364029721	0.424731182796	35	1	12	0	4	0.102564102564
0.0667526507482	0.425806451613	36	1	12	0	4	0.1
0.0678775280787	0.425806451613	37	1	12	0	4	0.0975609756098
0.0711046931571	0.425806451613	38	1	12	0	4	0.0952380952381
0.0722805494662	0.42688172043	39	1	12	0	4	0.093023255814
0.0743164544099	0.425806451613	40	1	12	0	4	0.0909090909091
0.0751525167393	0.424731182796	41	1	12	0	4	0.0888888888889
0.0769410870901	0.425806451613	42	1	12	0	4	0.0869565217391
0.0782293193697	0.42688172043	43	1	12	0	4	0.0851063829787
0.0782473659158	0.425806451613	44	1	12	0	4	0.0833333333333
0.0791697037999	0.425806451613	45	1	12	0	4	0.0816326530612
0.0806849413585	0.425806451613	46	1	12	0	4	0.08
0.0807877643948	0.42688172043	47	1	12	0	4	0.078431372549
0.0810764077436	0.425806451613	48	1	12	0	4	0.0769230769231
0.0812891712114	0.42688172043	49	1	12	0	4	0.0754716981132
0.0900534520115	0.427956989247	50	1	12	0	4	0.0740740740741
0.0907823654726	0.427956989247	51	1	12	0	4	0.0727272727273
0.0911084384066	0.42688172043	52	1	12	0	4	0.0714285714286
0.0917393486922	0.427956989247	53	1	12	0	4	0.0701754385965
0.0930959347509	0.42688172043	54	1	12	0	4	0.0689655172414
0.0947132367646	0.427956989247	55	1	12	0	4	0.0677966101695
0.0956454781209	0.429032258065	56	1	12	0	4	0.0666666666667
0.0967006184425	0.429032258065	57	1	12	0	4	0.0655737704918
0.101252744979	0.430107526882	58	1	12	0	4	0.0645161290323
0.101273374791	0.431182795699	59	1	12	0	4	0.0634920634921
0.104074545201	0.432258064516	60	1	12	0	4	0.0625
0.1059294719	0.432258064516	61	1	12	0	4	0.0615384615385
0.107322345987	0.433333333333	62	1	12	0	4	0.0606060606061
0.108076371528	0.434408602151	63	1	12	0	4	0.0597014925373
0.112574596248	0.435483870968	64	1	12	0	4	0.0588235294118
0.11294224768	0.434408602151	65	1	12	0	4	0.0579710144928
0.113592529341	0.434408602151	66	1	12	0	4	0.0571428571429
0.114291649511	0.434408602151	67	1	12	0	4	0.056338028169
0.117646842141	0.435483870968	68	1	12	0	4	0.0555555555556
0.121609367264	0.435483870968	69	1	12	0	4	0.0547945205479
0.121782989554	0.436559139785	70	1	12	0	4	0.0540540540541
0.122552134879	0.437634408602	71	1	12	0	4	0.0533333333333
0.122858463021	0.438709677419	72	1	12	0	4	0.0526315789474
0.122965244254	0.438709677419	73	1	12	0	4	0.0519480519481
0.123725554505	0.439784946237	74	1	12	0	4	0.0512820512821
0.126599316526	0.439784946237	75	1	12	0	4	0.0506329113924
0.128001745537	0.438709677419	76	1	12	0	4	0.05
0.12883680199	0.439784946237	77	1	12	0	4	0.0493827160494
0.131726948429	0.440860215054	78	1	12	0	4	0.0487804878049
0.132215585185	0.440860215054	79	1	12	0	4	0.0481927710843
0.132680987736	0.440860215054	80	1	12	0	4	0.047619047619
0.13415353349	0.439784946237	81	1	12	0	4	0.0470588235294
0.134338184042	0.439784946237	82	1	12	0	4	0.046511627907
0.13636894623	0.439784946237	83	1	12	0	4	0.0459770114943
0.13971140642	0.440860215054	84	1	12	0	4	0.0454545454545
0.14042236018	0.440860215054	85	1	12	0	4	0.0449438202247
0.141779944671	0.439784946237	86	1	12	0	4	0.0444444444444
0.144875924074	0.439784946237	87	1	12	0	4	0.043956043956
0.149516870171	0.439784946237	88	1	12	0	4	0.0434782608696
0.15027116559	0.440860215054	89	1	12	0	4	0.0430107526882
0.150868795045	0.439784946237	90	1	12	0	4	0.0425531914894
0.15162043241	0.440860215054	91	1	12	0	4	0.0421052631579
0.152528812267	0.439784946237	92	1	12	0	4	0.0416666666667
0.154939018389	0.440860215054	93	1	12	0	4	0.0412371134021
0.154946534335	0.441935483871	94	1	12	0	4	0.0408163265306
0.157582061308	0.443010752688	95	1	12	0	4	0.040404040404
0.160750302948	0.443010752688	96	1	12	0	4	0.04
0.161580021524	0.443010752688	97	1	12	0	4	0.039603960396
0.16344895196	0.443010752688	98	1	12	0	4	0.0392156862745
0.164159997144	0.441935483871	99	1	12	0	4	0.0388349514563
0.166567453786	0.440860215054	100	1	12	0	4	0.0384615384615
0.166816820191	0.441935483871	101	1	12	0	4	0.0380952380952
0.167828961718	0.441935483871	102	1	12	0	4	0.0377358490566
0.168048276441	0.440860215054	103	1	12	0	4	0.0373831775701
0.168523514687	0.441935483871	104	1	12	0	4	0.037037037037
0.168605525613	0.443010752688	105	1	12	0	4	0.0366972477064
0.172125808351	0.441935483871	106	1	12	0	4	0.0363636363636
0.17294850757	0.443010752688	107	1	12	0	4	0.036036036036
0.173010538575	0.441935483871	108	1	12	0	4	0.0357142857143
0.174167286135	0.440860215054	109	1	12	0	4	0.0353982300885
0.176656206022	0.441935483871	110	1	12	0	4	0.0350877192982
0.177840093855	0.443010752688	111	1	12	0	4	0.0347826086957
0.17864978921	0.441935483871	112	1	12	0	4	0.0344827586207
0.17872326866	0.443010752688	113	1	12	0	4	0.034188034188
0.17945960326	0.444086021505	114	1	12	0	4	0.0338983050847
0.180078976688	0.443010752688	115	1	12	0	4	0.0336134453782
0.18059708236	0.443010752688	116	1	12	0	4	0.0333333333333
0.180777870386	0.443010752688	117	1	12	0	4	0.0330578512397
0.181871120124	0.444086021505	118	1	12	0	4	0.0327868852459
0.181965076997	0.445161290323	119	1	12	0	4	0.0325203252033
0.186543665873	0.445161290323	120	1	12	0	4	0.0322580645161
0.188994642128	0.444086021505	121	1	12	0	4	0.032
0.191319785519	0.443010752688	122	1	12	0	4	0.031746031746
0.192752585842	0.444086021505	123	1	12	0	4	0.0314960629921
0.193482236008	0.443010752688	124	1	12	0	4	0.03125
0.197777643356	0.443010752688	125	1	12	0	4	0.031007751938
0.198338444988	0.443010752688	126	1	12	0	4	0.0307692307692
0.199567143273	0.444086021505	127	1	12	0	4	0.030534351145
0.201238395239	0.444086021505	128	1	12	0	4	0.030303030303
0.201742225086	0.445161290323	129	1	12	0	4	0.0300751879699
0.203010490358	0.44623655914	130	1	12	0	4	0.0298507462687
0.203927088477	0.44623655914	131	1	12	0	4	0.0296296296296
0.205994296335	0.447311827957	132	1	12	0	4	0.0294117647059
