# time 	 divergence 	 # of mutations 	 # IGC chances 	 IGC length 	 # IGC failures 	 Changes due to IGC  	 % change due to IGC 
0.0	0.137426900585	0	0	0	0	0	0.0
0.0018675456501	0.138401559454	1	0	0	0	0	0.0
0.00288789906557	0.138401559454	2	0	0	0	0	0.0
0.0037870635637	0.139376218324	3	0	0	0	0	0.0
0.0074959455299	0.140350877193	4	0	0	0	0	0.0
0.0076902672973	0.141325536062	5	0	0	0	0	0.0
0.0102509665617	0.142300194932	6	0	0	0	0	0.0
0.0111104912982	0.143274853801	7	0	0	0	0	0.0
0.0136803582417	0.144249512671	8	0	0	0	0	0.0
0.0140746802427	0.14522417154	9	0	0	0	0	0.0
0.0142780959366	0.146198830409	10	0	0	0	0	0.0
0.0149394873083	0.147173489279	11	0	0	0	0	0.0
0.0178066301493	0.148148148148	12	0	0	0	0	0.0
0.0200353753726	0.149122807018	13	0	0	0	0	0.0
0.0205419523908	0.150097465887	14	0	0	0	0	0.0
0.0213611772828	0.151072124756	15	0	0	0	0	0.0
0.0214092648792	0.152046783626	16	0	0	0	0	0.0
0.0216858148154	0.153021442495	17	0	0	0	0	0.0
0.0221677054465	0.153996101365	18	0	0	0	0	0.0
0.0222873822787	0.154970760234	19	0	0	0	0	0.0
0.0235297848447	0.155945419103	20	0	0	0	0	0.0
0.0243861770159	0.156920077973	21	0	0	0	0	0.0
0.0244289766116	0.157894736842	22	0	0	0	0	0.0
0.0245906678791	0.158869395712	23	0	0	0	0	0.0
0.0249171273518	0.159844054581	24	0	0	0	0	0.0
0.0250830416376	0.16081871345	25	0	0	0	0	0.0
0.0253118747306	0.159844054581	26	0	0	0	0	0.0
0.0258999703804	0.16081871345	27	0	0	0	0	0.0
0.0278689963925	0.16179337232	28	0	0	0	0	0.0
0.0282393839701	0.162768031189	29	0	0	0	0	0.0
0.0306380676935	0.163742690058	30	0	0	0	0	0.0
