# time 	 divergence 	 # of mutations 	 # IGC chances 	 IGC length 	 # IGC failures 	 Changes due to IGC  	 % change due to IGC 
0.0	0.582846003899	0	0	0	0	0	0.0
2.71111529268e-05	0.583820662768	1	0	0	0	0	0.0
0.000663246217387	0.582846003899	2	0	0	0	0	0.0
0.00562913823927	0.581871345029	3	0	0	0	0	0.0
0.00713698843713	0.582846003899	4	0	0	0	0	0.0
0.00799892025559	0.583820662768	5	0	0	0	0	0.0
0.0106852567971	0.583820662768	6	0	0	0	0	0.0
0.0143499301426	0.582846003899	7	0	0	0	0	0.0
0.0162672880714	0.582846003899	8	0	0	0	0	0.0
0.0174254632725	0.582846003899	9	0	0	0	0	0.0
0.0199887482943	0.583820662768	10	0	0	0	0	0.0
0.0298499594698	0.584795321637	11	0	0	0	0	0.0
0.0313137946854	0.585769980507	12	0	0	0	0	0.0
0.031458984178	0.586744639376	13	0	0	0	0	0.0
0.0314641336667	0.587719298246	14	0	0	0	0	0.0
0.0328276957906	0.586744639376	15	0	0	0	0	0.0
0.0351732164814	0.586744639376	16	0	0	0	0	0.0
0.0381342159935	0.587719298246	17	0	0	0	0	0.0
0.0412550506096	0.587719298246	18	0	0	0	0	0.0
0.0423433898461	0.588693957115	19	0	0	0	0	0.0
0.0436041905323	0.589668615984	20	0	0	0	0	0.0
0.0456651400205	0.588693957115	21	0	0	0	0	0.0
0.0477288041289	0.588693957115	22	0	0	0	0	0.0
0.0505559054286	0.589668615984	23	0	0	0	0	0.0
0.0512251960239	0.588693957115	24	0	0	0	0	0.0
0.0523006543978	0.588693957115	25	0	0	0	0	0.0
0.0533771272792	0.587719298246	26	0	0	0	0	0.0
0.0580830711789	0.586744639376	27	0	0	0	0	0.0
0.0587784959795	0.586744639376	28	0	0	0	0	0.0
0.0596604887929	0.585769980507	29	0	0	0	0	0.0
0.0598111968941	0.586744639376	30	0	0	0	0	0.0
0.0601336215984	0.587719298246	31	0	0	0	0	0.0
0.0617383203544	0.588693957115	32	0	0	0	0	0.0
0.0634562887453	0.587719298246	33	0	0	0	0	0.0
0.0638878126588	0.587719298246	34	0	0	0	0	0.0
0.064232830239	0.587719298246	35	0	0	0	0	0.0
0.0649170736383	0.588693957115	36	0	0	0	0	0.0
0.0649578394076	0.589668615984	37	0	0	0	0	0.0
0.0654610078853	0.589668615984	38	0	0	0	0	0.0
0.0666736186883	0.590643274854	39	0	0	0	0	0.0
0.0667336889227	0.589668615984	40	0	0	0	0	0.0
0.0670483437794	0.588693957115	41	0	0	0	0	0.0
0.0677303306663	0.588693957115	42	0	0	0	0	0.0
0.0677791104326	0.588693957115	43	0	0	0	0	0.0
0.0706912376209	0.587719298246	44	0	0	0	0	0.0
0.0716998914593	0.587719298246	45	0	0	0	0	0.0
0.0733180915595	0.587719298246	46	0	0	0	0	0.0
0.0758296463645	0.587719298246	47	0	0	0	0	0.0
0.0797831937599	0.587719298246	48	0	0	0	0	0.0
0.0835557206065	0.586744639376	49	0	0	0	0	0.0
0.0850717198795	0.586744639376	50	0	0	0	0	0.0
0.0863457475947	0.586744639376	51	0	0	0	0	0.0
0.0876439603725	0.587719298246	52	0	0	0	0	0.0
0.090356643986	0.587719298246	53	0	0	0	0	0.0
