# time 	 divergence 	 # of mutations 	 # IGC chances 	 IGC length 	 # IGC failures 	 Changes due to IGC  	 % change due to IGC 
0.0	0.0449897750511	0	0	0	0	0	0.0
0.000800517257184	0.0429447852761	0	1	33	0	1	1.0
0.0025397721023	0.0449897750511	1	1	33	0	1	0.5
0.00668622844574	0.0470347648262	2	1	33	0	1	0.333333333333
0.0131884720667	0.0490797546012	3	1	33	0	1	0.25
0.0140279724391	0.0511247443763	4	1	33	0	1	0.2
0.0141610781445	0.0531697341513	5	1	33	0	1	0.166666666667
0.0147250680526	0.0552147239264	6	1	33	0	1	0.142857142857
0.0172607911376	0.0449897750511	6	2	60	0	6	0.5
0.0183574083684	0.0470347648262	7	2	60	0	6	0.461538461538
0.0199330724096	0.0	7	3	489	0	29	0.805555555556
0.0207698250558	0.00204498977505	8	3	489	0	29	0.783783783784
0.0259568165321	0.0040899795501	9	3	489	0	29	0.763157894737
0.0284745859262	0.00613496932515	10	3	489	0	29	0.74358974359
0.0303338517603	0.0081799591002	11	3	489	0	29	0.725
0.0304173804605	0.00613496932515	11	4	90	0	30	0.731707317073
0.0350735151899	0.0081799591002	12	4	90	0	30	0.714285714286
0.0377345473108	0.0102249488753	13	4	90	0	30	0.697674418605
0.0426067884741	0.0102249488753	13	5	39	0	30	0.697674418605
0.0426582174475	0.0122699386503	14	5	39	0	30	0.681818181818
0.0434244540002	0.0143149284254	15	5	39	0	30	0.666666666667
0.0447256861078	0.0163599182004	16	5	39	0	30	0.652173913043
0.0450900794807	0.0184049079755	17	5	39	0	30	0.63829787234
0.0475024345302	0.0184049079755	18	5	39	0	30	0.625
0.0489992840476	0.0204498977505	19	5	39	0	30	0.612244897959
0.0501097553634	0.0224948875256	20	5	39	0	30	0.6
0.0576325120074	0.0245398773006	21	5	39	0	30	0.588235294118
0.0581092931249	0.0265848670757	22	5	39	0	30	0.576923076923
