# time 	 divergence 	 # of mutations 	 # IGC chances 	 IGC length 	 # IGC failures 	 Changes due to IGC  	 % change due to IGC 
0.0	0.2	0	0	0	0	0	0.0
9.10901099949e-05	0.2	0	1	3	0	0	0.0
0.00284898903601	0.2	0	2	3	0	0	0.0
0.00337301144247	0.201075268817	1	2	3	0	0	0.0
0.00488291353217	0.201075268817	1	3	3	0	0	0.0
0.00587841882747	0.2	1	4	3	0	1	0.5
0.00700419593098	0.198924731183	2	4	3	0	1	0.333333333333
0.00709342288788	0.197849462366	3	4	3	0	1	0.25
0.00878398419981	0.198924731183	4	4	3	0	1	0.2
0.00927468491246	0.198924731183	4	5	3	0	1	0.2
0.0097222326223	0.197849462366	5	5	3	0	1	0.166666666667
0.00986529278473	0.198924731183	6	5	3	0	1	0.142857142857
0.00997105377266	0.197849462366	7	5	3	0	1	0.125
0.0100094201286	0.198924731183	8	5	3	0	1	0.111111111111
0.0109213902579	0.198924731183	9	5	3	0	1	0.1
0.0111793664401	0.2	10	5	3	0	1	0.0909090909091
0.0112196200052	0.201075268817	11	5	3	0	1	0.0833333333333
0.014935452521	0.202150537634	12	5	3	0	1	0.0769230769231
0.016068445141	0.203225806452	13	5	3	0	1	0.0714285714286
0.0166839101306	0.203225806452	13	6	3	0	1	0.0714285714286
0.0167595752449	0.202150537634	14	6	3	0	1	0.0666666666667
0.016857100083	0.201075268817	14	7	3	0	2	0.125
0.0190420863116	0.201075268817	15	7	3	0	2	0.117647058824
0.0207492087282	0.202150537634	16	7	3	0	2	0.111111111111
0.0224269232614	0.203225806452	17	7	3	0	2	0.105263157895
0.0237761043803	0.202150537634	17	8	3	0	3	0.15
0.0241239175131	0.202150537634	17	9	3	0	3	0.15
0.024679588953	0.203225806452	18	9	3	0	3	0.142857142857
0.0272889607195	0.202150537634	19	9	3	0	3	0.136363636364
0.0275665729791	0.202150537634	19	10	3	0	3	0.136363636364
0.0277861561468	0.201075268817	20	10	3	0	3	0.130434782609
0.0279529849969	0.202150537634	21	10	3	0	3	0.125
0.0286218710365	0.203225806452	22	10	3	0	3	0.12
0.031884546875	0.204301075269	23	10	3	0	3	0.115384615385
0.0318940791798	0.204301075269	23	11	3	0	3	0.115384615385
0.0318962069075	0.202150537634	23	12	3	0	5	0.178571428571
0.0324742427851	0.202150537634	24	12	3	0	5	0.172413793103
0.0326761181744	0.201075268817	24	13	3	0	6	0.2
0.0342923932323	0.202150537634	25	13	3	0	6	0.193548387097
0.0348266730015	0.202150537634	26	13	3	0	6	0.1875
0.0361611497557	0.202150537634	26	14	3	0	6	0.1875
0.0381502575927	0.201075268817	26	15	3	0	7	0.212121212121
0.0391646904104	0.202150537634	27	15	3	0	7	0.205882352941
0.039741555238	0.203225806452	28	15	3	0	7	0.2
0.0398864678428	0.202150537634	28	16	3	0	8	0.222222222222
0.0406271230318	0.201075268817	28	17	3	0	9	0.243243243243
0.0450848066202	0.202150537634	29	17	3	0	9	0.236842105263
0.0489307890442	0.202150537634	29	18	3	0	9	0.236842105263
0.0493184768369	0.203225806452	30	18	3	0	9	0.230769230769
0.050198401656	0.202150537634	30	19	3	0	10	0.25
0.0515679023954	0.203225806452	31	19	3	0	10	0.243902439024
0.0535018450769	0.201075268817	31	20	3	0	12	0.279069767442
0.0535539999864	0.2	31	21	3	0	13	0.295454545455
0.0545931394548	0.2	31	22	3	0	13	0.295454545455
0.0561113792824	0.201075268817	32	22	3	0	13	0.288888888889
0.0562674620316	0.201075268817	32	23	3	0	13	0.288888888889
0.0566919908788	0.198924731183	32	24	3	0	15	0.31914893617
0.0600845215142	0.198924731183	32	25	3	0	15	0.31914893617
0.0630714731418	0.197849462366	33	25	3	0	15	0.3125
0.0645001003385	0.196774193548	34	25	3	0	15	0.30612244898
0.0646341893341	0.196774193548	34	26	3	0	15	0.30612244898
0.0646551239287	0.197849462366	35	26	3	0	15	0.3
0.0653215755701	0.198924731183	36	26	3	0	15	0.294117647059
0.0706203137902	0.198924731183	36	27	3	0	15	0.294117647059
0.0733275931773	0.2	37	27	3	0	15	0.288461538462
0.0742540521438	0.201075268817	38	27	3	0	15	0.283018867925
0.0744495038528	0.2	38	28	3	0	16	0.296296296296
0.0762948274306	0.201075268817	39	28	3	0	16	0.290909090909
0.076725000204	0.201075268817	39	29	3	0	16	0.290909090909
0.0769948048213	0.2	39	30	3	0	17	0.303571428571
0.0773872165248	0.2	39	31	3	0	17	0.303571428571
0.0792781890124	0.2	40	31	3	0	17	0.298245614035
0.0802487186429	0.201075268817	41	31	3	0	17	0.293103448276
0.0820247442829	0.202150537634	42	31	3	0	17	0.28813559322
0.0826035375459	0.201075268817	42	32	3	0	18	0.3
0.0827213456409	0.2	42	33	3	0	19	0.311475409836
0.0832713162245	0.198924731183	42	34	3	0	20	0.322580645161
0.0833069562133	0.198924731183	42	35	3	0	20	0.322580645161
0.0859626846177	0.2	43	35	3	0	20	0.31746031746
0.0860550393943	0.2	44	35	3	0	20	0.3125
0.0908916241183	0.201075268817	45	35	3	0	20	0.307692307692
0.091111873292	0.202150537634	46	35	3	0	20	0.30303030303
0.0935683417352	0.202150537634	47	35	3	0	20	0.298507462687
0.0942042505863	0.202150537634	47	36	3	0	20	0.298507462687
0.0946143315183	0.203225806452	48	36	3	0	20	0.294117647059
0.0946168590556	0.203225806452	49	36	3	0	20	0.289855072464
0.0953589220945	0.203225806452	50	36	3	0	20	0.285714285714
0.0961033909961	0.204301075269	51	36	3	0	20	0.281690140845
0.0973745340169	0.205376344086	52	36	3	0	20	0.277777777778
0.0977132659235	0.204301075269	53	36	3	0	20	0.27397260274
0.102404406143	0.204301075269	53	37	3	0	20	0.27397260274
0.103570112644	0.204301075269	53	38	3	0	20	0.27397260274
0.104346967658	0.205376344086	54	38	3	0	20	0.27027027027
0.105433902622	0.206451612903	55	38	3	0	20	0.266666666667
0.106629876097	0.20752688172	56	38	3	0	20	0.263157894737
0.107144784072	0.206451612903	56	39	3	0	21	0.272727272727
0.108719877972	0.206451612903	56	40	3	0	21	0.272727272727
0.108789514896	0.206451612903	56	41	3	0	21	0.272727272727
0.111132557803	0.205376344086	56	42	3	0	22	0.282051282051
0.115626543046	0.204301075269	56	43	3	0	23	0.291139240506
0.116013460309	0.205376344086	57	43	3	0	23	0.2875
0.117966105411	0.206451612903	58	43	3	0	23	0.283950617284
0.11904890781	0.206451612903	58	44	3	0	23	0.283950617284
0.120026210655	0.205376344086	58	45	3	0	24	0.292682926829
0.121470423212	0.206451612903	59	45	3	0	24	0.289156626506
0.122153252031	0.20752688172	60	45	3	0	24	0.285714285714
0.123918404397	0.208602150538	61	45	3	0	24	0.282352941176
0.124530984818	0.20752688172	62	45	3	0	24	0.279069767442
0.125643494856	0.206451612903	62	46	3	0	25	0.287356321839
0.125873059525	0.205376344086	62	47	3	0	26	0.295454545455
0.126406546671	0.206451612903	63	47	3	0	26	0.292134831461
0.126627502243	0.205376344086	64	47	3	0	26	0.288888888889
0.126843312912	0.206451612903	65	47	3	0	26	0.285714285714
0.128047365303	0.205376344086	65	48	3	0	27	0.29347826087
0.128895825846	0.206451612903	66	48	3	0	27	0.290322580645
0.130164856355	0.205376344086	66	49	3	0	28	0.297872340426
0.130809708631	0.205376344086	66	50	3	0	28	0.297872340426
0.13138004406	0.206451612903	67	50	3	0	28	0.294736842105
0.132016494633	0.20752688172	68	50	3	0	28	0.291666666667
0.132542968732	0.20752688172	69	50	3	0	28	0.288659793814
0.132656911932	0.208602150538	70	50	3	0	28	0.285714285714
0.132708656893	0.209677419355	71	50	3	0	28	0.282828282828
0.135494567599	0.209677419355	72	50	3	0	28	0.28
0.137990639661	0.208602150538	72	51	3	0	29	0.287128712871
0.13900842078	0.209677419355	73	51	3	0	29	0.28431372549
0.139709122213	0.209677419355	73	52	3	0	29	0.28431372549
0.139908143351	0.210752688172	74	52	3	0	29	0.281553398058
0.139920583335	0.209677419355	75	52	3	0	29	0.278846153846
0.141070501671	0.209677419355	76	52	3	0	29	0.27619047619
0.141714538362	0.209677419355	76	53	3	0	29	0.27619047619
0.142159785189	0.210752688172	77	53	3	0	29	0.27358490566
0.142326807292	0.210752688172	78	53	3	0	29	0.271028037383
0.142824550817	0.210752688172	78	54	3	0	29	0.271028037383
0.143261094012	0.211827956989	79	54	3	0	29	0.268518518519
0.143574667423	0.211827956989	79	55	3	0	29	0.268518518519
0.148016876396	0.211827956989	79	56	3	0	29	0.268518518519
0.149474642402	0.212903225806	80	56	3	0	29	0.266055045872
0.150313060594	0.211827956989	80	57	3	0	30	0.272727272727
0.15049415242	0.211827956989	80	58	3	0	30	0.272727272727
0.150748537685	0.212903225806	81	58	3	0	30	0.27027027027
0.153412389568	0.209677419355	81	59	3	0	33	0.289473684211
0.153449936398	0.208602150538	81	60	3	0	34	0.295652173913
0.154342724418	0.209677419355	82	60	3	0	34	0.293103448276
0.155590017921	0.209677419355	82	61	3	0	34	0.293103448276
0.156079618637	0.209677419355	83	61	3	0	34	0.290598290598
0.156444697712	0.210752688172	84	61	3	0	34	0.28813559322
0.15681436987	0.209677419355	84	62	3	0	35	0.294117647059
0.158352484979	0.209677419355	85	62	3	0	35	0.291666666667
0.160538684652	0.208602150538	86	62	3	0	35	0.289256198347
0.160966890425	0.20752688172	86	63	3	0	36	0.295081967213
0.161416527415	0.208602150538	87	63	3	0	36	0.292682926829
0.162304162289	0.209677419355	88	63	3	0	36	0.290322580645
0.163506341155	0.210752688172	89	63	3	0	36	0.288
0.164448495752	0.211827956989	90	63	3	0	36	0.285714285714
0.166456605842	0.211827956989	90	64	3	0	36	0.285714285714
0.168347924516	0.212903225806	91	64	3	0	36	0.283464566929
0.168446667268	0.212903225806	91	65	3	0	36	0.283464566929
0.168453544801	0.213978494624	92	65	3	0	36	0.28125
0.169616938789	0.213978494624	93	65	3	0	36	0.279069767442
0.170124116665	0.215053763441	94	65	3	0	36	0.276923076923
0.171012435619	0.215053763441	94	66	3	0	36	0.276923076923
0.171341729062	0.216129032258	95	66	3	0	36	0.274809160305
0.172406539154	0.217204301075	96	66	3	0	36	0.272727272727
0.175144088486	0.217204301075	96	67	3	0	36	0.272727272727
0.177060482793	0.217204301075	97	67	3	0	36	0.270676691729
0.177926575935	0.218279569892	98	67	3	0	36	0.268656716418
0.180786466414	0.218279569892	98	68	3	0	36	0.268656716418
0.182020629963	0.21935483871	99	68	3	0	36	0.266666666667
0.182574426345	0.21935483871	100	68	3	0	36	0.264705882353
0.182598853399	0.220430107527	101	68	3	0	36	0.262773722628
0.184757816926	0.221505376344	102	68	3	0	36	0.260869565217
0.187831613822	0.222580645161	103	68	3	0	36	0.258992805755
0.18958710567	0.222580645161	103	69	3	0	36	0.258992805755
0.189644346405	0.220430107527	103	70	3	0	38	0.269503546099
0.190810954387	0.220430107527	103	71	3	0	38	0.269503546099
0.191634932853	0.220430107527	103	72	3	0	38	0.269503546099
0.191906457753	0.220430107527	103	73	3	0	38	0.269503546099
0.191961079798	0.21935483871	104	73	3	0	38	0.267605633803
0.19238384835	0.218279569892	104	74	3	0	39	0.272727272727
0.192988684464	0.21935483871	105	74	3	0	39	0.270833333333
0.193506360067	0.218279569892	105	75	3	0	40	0.275862068966
0.19456545355	0.218279569892	105	76	3	0	40	0.275862068966
0.196636479082	0.218279569892	106	76	3	0	40	0.27397260274
0.196818158237	0.21935483871	107	76	3	0	40	0.272108843537
0.198362854482	0.21935483871	107	77	3	0	40	0.272108843537
0.198596455132	0.220430107527	108	77	3	0	40	0.27027027027
0.199225740271	0.220430107527	108	78	3	0	40	0.27027027027
0.200008627177	0.221505376344	109	78	3	0	40	0.268456375839
0.200151270144	0.222580645161	110	78	3	0	40	0.266666666667
0.20122657498	0.223655913978	111	78	3	0	40	0.264900662252
0.202280979644	0.223655913978	111	79	3	0	40	0.264900662252
0.203141105949	0.224731182796	112	79	3	0	40	0.263157894737
0.203463527978	0.224731182796	112	80	3	0	40	0.263157894737
0.203987622704	0.225806451613	113	80	3	0	40	0.261437908497
0.207456247933	0.225806451613	113	81	3	0	40	0.261437908497
0.210440584961	0.224731182796	114	81	3	0	40	0.25974025974
0.210739563408	0.225806451613	115	81	3	0	40	0.258064516129
0.21220598821	0.22688172043	116	81	3	0	40	0.25641025641
0.214406303644	0.224731182796	116	82	3	0	42	0.26582278481
0.214443153267	0.225806451613	117	82	3	0	42	0.264150943396
0.21520689262	0.225806451613	117	83	3	0	42	0.264150943396
0.21686098871	0.224731182796	117	84	3	0	43	0.26875
0.218451678607	0.223655913978	117	85	3	0	44	0.273291925466
0.219266759959	0.223655913978	117	86	3	0	44	0.273291925466
0.219673654241	0.222580645161	117	87	3	0	45	0.277777777778
0.221397893047	0.222580645161	117	88	3	0	45	0.277777777778
0.221667837546	0.223655913978	118	88	3	0	45	0.276073619632
0.223677420663	0.224731182796	119	88	3	0	45	0.274390243902
0.224485721351	0.225806451613	120	88	3	0	45	0.272727272727
0.224688630283	0.225806451613	120	89	3	0	45	0.272727272727
0.225305996047	0.22688172043	121	89	3	0	45	0.271084337349
0.22625351086	0.22688172043	121	90	3	0	45	0.271084337349
0.229542980416	0.22688172043	121	91	3	0	45	0.271084337349
0.229993080658	0.227956989247	122	91	3	0	45	0.269461077844
0.232914181032	0.22688172043	122	92	3	0	46	0.27380952381
0.234012201064	0.227956989247	123	92	3	0	46	0.272189349112
0.234318771373	0.229032258065	124	92	3	0	46	0.270588235294
0.236540407881	0.230107526882	125	92	3	0	46	0.269005847953
0.236626523944	0.231182795699	126	92	3	0	46	0.267441860465
0.23674773319	0.232258064516	127	92	3	0	46	0.265895953757
0.237029435111	0.233333333333	128	92	3	0	46	0.264367816092
0.237559983577	0.234408602151	129	92	3	0	46	0.262857142857
0.239305265056	0.232258064516	129	93	3	0	48	0.271186440678
0.239442654339	0.231182795699	129	94	3	0	49	0.275280898876
0.240918884214	0.231182795699	130	94	3	0	49	0.27374301676
0.24204706273	0.231182795699	130	95	3	0	49	0.27374301676
0.24285378379	0.232258064516	131	95	3	0	49	0.272222222222
0.243163174471	0.232258064516	131	96	3	0	49	0.272222222222
0.243263989357	0.233333333333	132	96	3	0	49	0.270718232044
0.246393131834	0.233333333333	133	96	3	0	49	0.269230769231
0.246892379537	0.234408602151	134	96	3	0	49	0.267759562842
0.25043026056	0.234408602151	134	97	3	0	49	0.267759562842
0.250533661698	0.234408602151	134	98	3	0	49	0.267759562842
0.250681520726	0.233333333333	134	99	3	0	50	0.271739130435
0.252032517311	0.234408602151	135	99	3	0	50	0.27027027027
0.252609350375	0.235483870968	136	99	3	0	50	0.268817204301
0.253433429886	0.236559139785	137	99	3	0	50	0.267379679144
0.253597617081	0.236559139785	138	99	3	0	50	0.265957446809
0.25574771549	0.236559139785	138	100	3	0	50	0.265957446809
0.255982297703	0.237634408602	139	100	3	0	50	0.26455026455
0.256940774082	0.237634408602	140	100	3	0	50	0.263157894737
0.257764214892	0.236559139785	141	100	3	0	50	0.261780104712
0.259231819471	0.237634408602	142	100	3	0	50	0.260416666667
0.261651477544	0.237634408602	143	100	3	0	50	0.259067357513
0.263434960144	0.235483870968	143	101	3	0	52	0.266666666667
0.264597643137	0.235483870968	144	101	3	0	52	0.265306122449
0.266312186339	0.236559139785	145	101	3	0	52	0.263959390863
0.266970690265	0.237634408602	146	101	3	0	52	0.262626262626
0.267375010147	0.236559139785	147	101	3	0	52	0.261306532663
0.268214557677	0.236559139785	148	101	3	0	52	0.26
0.270624320872	0.235483870968	149	101	3	0	52	0.258706467662
0.270708902929	0.234408602151	149	102	3	0	53	0.262376237624
0.271816358239	0.234408602151	150	102	3	0	53	0.261083743842
0.272726674203	0.233333333333	151	102	3	0	53	0.259803921569
0.275702083515	0.234408602151	152	102	3	0	53	0.258536585366
0.276383459966	0.235483870968	153	102	3	0	53	0.257281553398
0.276474904457	0.234408602151	153	103	3	0	54	0.260869565217
0.278136770012	0.233333333333	154	103	3	0	54	0.259615384615
0.279662613749	0.232258064516	155	103	3	0	54	0.258373205742
0.280086192639	0.231182795699	155	104	3	0	55	0.261904761905
0.282837941933	0.231182795699	155	105	3	0	55	0.261904761905
0.285220018299	0.230107526882	156	105	3	0	55	0.260663507109
0.285761632825	0.230107526882	157	105	3	0	55	0.259433962264
0.285956382925	0.227956989247	157	106	3	0	57	0.266355140187
0.286523040068	0.227956989247	157	107	3	0	57	0.266355140187
0.287826452979	0.229032258065	158	107	3	0	57	0.26511627907
0.288550343538	0.229032258065	158	108	3	0	57	0.26511627907
0.289089038282	0.230107526882	159	108	3	0	57	0.263888888889
0.289592099385	0.227956989247	159	109	3	0	59	0.270642201835
0.290281477212	0.227956989247	160	109	3	0	59	0.269406392694
0.291069504364	0.227956989247	160	110	3	0	59	0.269406392694
0.291676075786	0.227956989247	160	111	3	0	59	0.269406392694
0.292103924323	0.229032258065	161	111	3	0	59	0.268181818182
0.294417731586	0.229032258065	161	112	3	0	59	0.268181818182
0.29474620286	0.230107526882	162	112	3	0	59	0.266968325792
0.294854346477	0.231182795699	163	112	3	0	59	0.265765765766
0.295316339182	0.231182795699	163	113	3	0	59	0.265765765766
0.295476747939	0.231182795699	163	114	3	0	59	0.265765765766
0.296413481623	0.230107526882	163	115	3	0	60	0.269058295964
0.296432685379	0.229032258065	163	116	3	0	61	0.272321428571
0.297156940988	0.229032258065	163	117	3	0	61	0.272321428571
0.299503965733	0.227956989247	163	118	3	0	62	0.275555555556
0.299774584307	0.227956989247	163	119	3	0	62	0.275555555556
0.301253907575	0.227956989247	163	120	3	0	62	0.275555555556
0.301570335594	0.22688172043	163	121	3	0	63	0.278761061947
0.302417176726	0.22688172043	164	121	3	0	63	0.277533039648
0.303331926343	0.225806451613	164	122	3	0	64	0.280701754386
0.303531464781	0.22688172043	165	122	3	0	64	0.279475982533
0.303719428816	0.22688172043	166	122	3	0	64	0.278260869565
0.303885535621	0.22688172043	167	122	3	0	64	0.277056277056
0.305575391661	0.227956989247	168	122	3	0	64	0.275862068966
0.306331097705	0.229032258065	169	122	3	0	64	0.274678111588
0.307815590629	0.230107526882	170	122	3	0	64	0.273504273504
0.308562933808	0.231182795699	171	122	3	0	64	0.272340425532
0.309408183814	0.232258064516	172	122	3	0	64	0.271186440678
0.310386047271	0.231182795699	172	123	3	0	65	0.274261603376
0.310658979448	0.231182795699	172	124	3	0	65	0.274261603376
0.312172985449	0.229032258065	172	125	3	0	67	0.280334728033
0.312957107674	0.227956989247	173	125	3	0	67	0.279166666667
0.314251479469	0.225806451613	173	126	3	0	69	0.285123966942
0.314588711934	0.224731182796	173	127	3	0	70	0.288065843621
0.315235159889	0.224731182796	173	128	3	0	70	0.288065843621
0.316478846324	0.224731182796	173	129	3	0	70	0.288065843621
0.317414361723	0.225806451613	174	129	3	0	70	0.286885245902
0.318354952105	0.225806451613	175	129	3	0	70	0.285714285714
0.318502190383	0.225806451613	175	130	3	0	70	0.285714285714
0.320623054539	0.22688172043	176	130	3	0	70	0.284552845528
0.321421803599	0.227956989247	177	130	3	0	70	0.283400809717
0.321443728568	0.229032258065	178	130	3	0	70	0.282258064516
0.32220292155	0.227956989247	179	130	3	0	70	0.281124497992
0.322285135436	0.22688172043	179	131	3	0	71	0.284
0.323186572149	0.227956989247	180	131	3	0	71	0.282868525896
0.32526069448	0.22688172043	180	132	3	0	72	0.285714285714
0.325710583018	0.227956989247	181	132	3	0	72	0.284584980237
0.325902982999	0.229032258065	182	132	3	0	72	0.283464566929
0.325918418856	0.230107526882	183	132	3	0	72	0.282352941176
0.326662878485	0.231182795699	184	132	3	0	72	0.28125
0.327519884237	0.232258064516	185	132	3	0	72	0.280155642023
0.327786203346	0.233333333333	186	132	3	0	72	0.279069767442
0.329105886749	0.234408602151	187	132	3	0	72	0.277992277992
0.330346908523	0.234408602151	187	133	3	0	72	0.277992277992
0.330398832791	0.235483870968	188	133	3	0	72	0.276923076923
0.331207337046	0.236559139785	189	133	3	0	72	0.275862068966
0.333211748411	0.237634408602	190	133	3	0	72	0.274809160305
0.334553105551	0.238709677419	191	133	3	0	72	0.273764258555
0.337250581924	0.238709677419	191	134	3	0	72	0.273764258555
0.337898062816	0.236559139785	191	135	3	0	74	0.279245283019
0.338095308081	0.237634408602	192	135	3	0	74	0.278195488722
0.338281906815	0.237634408602	192	136	3	0	74	0.278195488722
0.33982538099	0.238709677419	193	136	3	0	74	0.277153558052
0.339953878847	0.239784946237	194	136	3	0	74	0.276119402985
0.340417557629	0.240860215054	195	136	3	0	74	0.275092936803
0.34144512367	0.240860215054	195	137	3	0	74	0.275092936803
0.341669424163	0.241935483871	196	137	3	0	74	0.274074074074
0.342153141626	0.243010752688	197	137	3	0	74	0.273062730627
0.342358006027	0.243010752688	197	138	3	0	74	0.273062730627
0.342557554516	0.244086021505	198	138	3	0	74	0.272058823529
0.343450684388	0.243010752688	198	139	3	0	75	0.274725274725
0.346889814389	0.243010752688	199	139	3	0	75	0.273722627737
0.348006768173	0.243010752688	199	140	3	0	75	0.273722627737
0.351048349663	0.240860215054	199	141	3	0	77	0.278985507246
0.351153995186	0.240860215054	200	141	3	0	77	0.27797833935
0.351475856234	0.241935483871	201	141	3	0	77	0.276978417266
0.351958146257	0.240860215054	201	142	3	0	78	0.279569892473
0.352270829453	0.241935483871	202	142	3	0	78	0.278571428571
0.353209735946	0.243010752688	203	142	3	0	78	0.277580071174
0.354669530652	0.244086021505	204	142	3	0	78	0.276595744681
0.355259100779	0.245161290323	205	142	3	0	78	0.275618374558
0.35616775633	0.24623655914	206	142	3	0	78	0.274647887324
0.356360999744	0.24623655914	206	143	3	0	78	0.274647887324
0.356783988023	0.247311827957	207	143	3	0	78	0.273684210526
0.358900534702	0.24623655914	208	143	3	0	78	0.272727272727
0.359863764336	0.24623655914	208	144	3	0	78	0.272727272727
0.361851986238	0.245161290323	208	145	3	0	79	0.275261324042
0.361903827832	0.244086021505	208	146	3	0	80	0.277777777778
0.362331847339	0.245161290323	209	146	3	0	80	0.276816608997
0.362805130862	0.244086021505	209	147	3	0	81	0.279310344828
0.366219436212	0.244086021505	210	147	3	0	81	0.278350515464
0.370255750255	0.243010752688	210	148	3	0	82	0.280821917808
0.371883304201	0.244086021505	211	148	3	0	82	0.279863481229
0.372732392919	0.244086021505	212	148	3	0	82	0.278911564626
0.372772143567	0.243010752688	212	149	3	0	83	0.281355932203
0.373916092245	0.244086021505	213	149	3	0	83	0.280405405405
0.375473375801	0.244086021505	214	149	3	0	83	0.279461279461
0.375935932983	0.245161290323	215	149	3	0	83	0.278523489933
0.376870312146	0.24623655914	216	149	3	0	83	0.277591973244
0.377072004858	0.245161290323	216	150	3	0	84	0.28
0.379791193007	0.24623655914	217	150	3	0	84	0.279069767442
0.380041085176	0.247311827957	218	150	3	0	84	0.278145695364
0.380551168444	0.247311827957	218	151	3	0	84	0.278145695364
0.380624023814	0.24623655914	219	151	3	0	84	0.277227722772
0.380682093997	0.244086021505	219	152	3	0	86	0.281967213115
0.381671586186	0.244086021505	219	153	3	0	86	0.281967213115
0.382305986233	0.245161290323	220	153	3	0	86	0.281045751634
0.383220369572	0.244086021505	221	153	3	0	86	0.28013029316
0.383542001648	0.243010752688	221	154	3	0	87	0.282467532468
0.383699512909	0.243010752688	222	154	3	0	87	0.281553398058
0.383989420932	0.244086021505	223	154	3	0	87	0.28064516129
0.38507734186	0.243010752688	223	155	3	0	88	0.282958199357
0.385766847817	0.244086021505	224	155	3	0	88	0.282051282051
0.386020600566	0.245161290323	225	155	3	0	88	0.281150159744
0.386104971081	0.245161290323	225	156	3	0	88	0.281150159744
0.38691790471	0.244086021505	226	156	3	0	88	0.28025477707
0.387183579575	0.245161290323	227	156	3	0	88	0.279365079365
0.387952948307	0.245161290323	227	157	3	0	88	0.279365079365
0.388231801889	0.24623655914	228	157	3	0	88	0.278481012658
0.388250424506	0.247311827957	229	157	3	0	88	0.277602523659
0.389240128362	0.24623655914	229	158	3	0	89	0.279874213836
0.389398448667	0.247311827957	230	158	3	0	89	0.278996865204
0.38978261466	0.247311827957	231	158	3	0	89	0.278125
0.391692416223	0.248387096774	232	158	3	0	89	0.277258566978
0.392038476023	0.247311827957	233	158	3	0	89	0.276397515528
0.394735463327	0.248387096774	234	158	3	0	89	0.275541795666
0.395356157398	0.249462365591	235	158	3	0	89	0.274691358025
0.395850721534	0.250537634409	236	158	3	0	89	0.273846153846
0.39718981675	0.251612903226	237	158	3	0	89	0.273006134969
0.397271597066	0.252688172043	238	158	3	0	89	0.272171253823
0.397468287783	0.25376344086	239	158	3	0	89	0.271341463415
0.399352313256	0.254838709677	240	158	3	0	89	0.270516717325
0.399792225221	0.254838709677	241	158	3	0	89	0.269696969697
0.400709770716	0.254838709677	242	158	3	0	89	0.268882175227
0.401425229737	0.255913978495	243	158	3	0	89	0.268072289157
0.401934269689	0.256989247312	244	158	3	0	89	0.267267267267
0.402976718519	0.256989247312	244	159	3	0	89	0.267267267267
0.403815126446	0.258064516129	245	159	3	0	89	0.266467065868
0.405331509633	0.259139784946	246	159	3	0	89	0.265671641791
0.406012997645	0.260215053763	247	159	3	0	89	0.264880952381
0.408069569283	0.259139784946	247	160	3	0	90	0.26706231454
0.410169660623	0.259139784946	247	161	3	0	90	0.26706231454
0.410394612571	0.259139784946	247	162	3	0	90	0.26706231454
0.412125526579	0.258064516129	247	163	3	0	91	0.269230769231
0.412953941052	0.256989247312	247	164	3	0	92	0.271386430678
0.416449163298	0.258064516129	248	164	3	0	92	0.270588235294
0.417152059135	0.258064516129	248	165	3	0	92	0.270588235294
0.41985054938	0.256989247312	248	166	3	0	93	0.272727272727
0.420458934557	0.255913978495	248	167	3	0	94	0.27485380117
0.420819344648	0.255913978495	248	168	3	0	94	0.27485380117
0.420857407171	0.254838709677	248	169	3	0	95	0.276967930029
0.422441173931	0.255913978495	249	169	3	0	95	0.276162790698
0.423369738268	0.255913978495	250	169	3	0	95	0.275362318841
0.424236230455	0.254838709677	250	170	3	0	96	0.277456647399
0.42712600668	0.254838709677	251	170	3	0	96	0.276657060519
0.427786691108	0.25376344086	251	171	3	0	97	0.278735632184
0.428319691058	0.252688172043	252	171	3	0	97	0.277936962751
0.428336492637	0.252688172043	253	171	3	0	97	0.277142857143
0.428374976594	0.25376344086	254	171	3	0	97	0.276353276353
0.430839627046	0.254838709677	255	171	3	0	97	0.275568181818
0.430898424524	0.254838709677	256	171	3	0	97	0.274787535411
0.432714812733	0.255913978495	257	171	3	0	97	0.274011299435
0.432857884962	0.255913978495	257	172	3	0	97	0.274011299435
0.434562010673	0.256989247312	258	172	3	0	97	0.27323943662
0.43474895483	0.256989247312	259	172	3	0	97	0.272471910112
0.435010153576	0.25376344086	259	173	3	0	100	0.278551532033
0.435270209458	0.25376344086	259	174	3	0	100	0.278551532033
0.436048126382	0.25376344086	260	174	3	0	100	0.277777777778
0.436324322004	0.254838709677	261	174	3	0	100	0.277008310249
0.436349391224	0.252688172043	261	175	3	0	102	0.280991735537
0.437155178573	0.252688172043	261	176	3	0	102	0.280991735537
0.438133997518	0.251612903226	262	176	3	0	102	0.28021978022
0.438216022046	0.250537634409	262	177	3	0	103	0.282191780822
0.439168068214	0.249462365591	262	178	3	0	104	0.284153005464
0.439388611827	0.250537634409	263	178	3	0	104	0.283378746594
0.439437311565	0.248387096774	263	179	3	0	106	0.287262872629
0.44074485614	0.247311827957	263	180	3	0	107	0.289189189189
0.441473054139	0.245161290323	263	181	3	0	109	0.293010752688
0.441890845466	0.24623655914	264	181	3	0	109	0.292225201072
0.442037610476	0.24623655914	264	182	3	0	109	0.292225201072
0.444046178343	0.247311827957	265	182	3	0	109	0.291443850267
0.444566383499	0.24623655914	265	183	3	0	110	0.293333333333
0.444601727834	0.247311827957	266	183	3	0	110	0.292553191489
0.444767111876	0.248387096774	267	183	3	0	110	0.291777188329
0.444771448793	0.24623655914	267	184	3	0	112	0.295514511873
0.445982753689	0.24623655914	268	184	3	0	112	0.294736842105
0.446609455662	0.24623655914	268	185	3	0	112	0.294736842105
0.446698059747	0.245161290323	269	185	3	0	112	0.293963254593
0.448427836751	0.245161290323	270	185	3	0	112	0.293193717277
0.448930409401	0.245161290323	271	185	3	0	112	0.292428198433
0.448999603432	0.243010752688	271	186	3	0	114	0.296103896104
0.449924704424	0.243010752688	271	187	3	0	114	0.296103896104
0.451041380409	0.241935483871	271	188	3	0	115	0.29792746114
0.452242979205	0.241935483871	271	189	3	0	115	0.29792746114
0.454462675169	0.243010752688	272	189	3	0	115	0.297157622739
0.456126741659	0.241935483871	272	190	3	0	116	0.298969072165
0.45644350609	0.243010752688	273	190	3	0	116	0.298200514139
0.456537691955	0.244086021505	274	190	3	0	116	0.297435897436
0.457729584639	0.244086021505	274	191	3	0	116	0.297435897436
0.457975939989	0.244086021505	274	192	3	0	116	0.297435897436
0.458150472619	0.244086021505	274	193	3	0	116	0.297435897436
0.458192839614	0.244086021505	274	194	3	0	116	0.297435897436
0.459235980029	0.244086021505	275	194	3	0	116	0.296675191816
0.459617172508	0.245161290323	276	194	3	0	116	0.295918367347
0.459672518933	0.24623655914	277	194	3	0	116	0.295165394402
0.460935463726	0.24623655914	278	194	3	0	116	0.294416243655
0.46107789378	0.247311827957	279	194	3	0	116	0.293670886076
0.461658058047	0.248387096774	280	194	3	0	116	0.292929292929
0.466228269358	0.249462365591	281	194	3	0	116	0.292191435768
0.46689263501	0.250537634409	282	194	3	0	116	0.291457286432
0.467205308461	0.251612903226	283	194	3	0	116	0.290726817043
0.467719615962	0.250537634409	283	195	3	0	117	0.2925
0.467958244355	0.249462365591	284	195	3	0	117	0.291770573566
0.470158900373	0.247311827957	284	196	3	0	119	0.295285359801
0.470281393244	0.247311827957	285	196	3	0	119	0.294554455446
0.473243580643	0.247311827957	286	196	3	0	119	0.293827160494
0.473875841643	0.248387096774	287	196	3	0	119	0.293103448276
0.474374986229	0.247311827957	287	197	3	0	120	0.29484029484
0.474762148126	0.248387096774	288	197	3	0	120	0.294117647059
0.476065652282	0.247311827957	288	198	3	0	121	0.295843520782
0.477905292266	0.24623655914	288	199	3	0	122	0.29756097561
0.478138664611	0.247311827957	289	199	3	0	122	0.296836982968
0.480122432478	0.248387096774	290	199	3	0	122	0.296116504854
0.4817345359	0.248387096774	291	199	3	0	122	0.295399515738
0.482690824331	0.249462365591	292	199	3	0	122	0.294685990338
0.484439744334	0.248387096774	292	200	3	0	123	0.296385542169
0.484842136991	0.249462365591	293	200	3	0	123	0.295673076923
0.487351878585	0.249462365591	294	200	3	0	123	0.294964028777
0.48823931541	0.248387096774	294	201	3	0	124	0.296650717703
0.488785380322	0.247311827957	294	202	3	0	125	0.298329355609
0.489304566653	0.248387096774	295	202	3	0	125	0.297619047619
0.489761368869	0.245161290323	295	203	3	0	128	0.302600472813
0.49107008103	0.24623655914	296	203	3	0	128	0.301886792453
0.491882157602	0.247311827957	297	203	3	0	128	0.301176470588
0.491892807831	0.248387096774	298	203	3	0	128	0.300469483568
0.494274265326	0.249462365591	299	203	3	0	128	0.299765807963
0.494705538579	0.250537634409	300	203	3	0	128	0.299065420561
0.495856724805	0.251612903226	301	203	3	0	128	0.298368298368
0.496128984268	0.252688172043	302	203	3	0	128	0.297674418605
0.496171041444	0.25376344086	303	203	3	0	128	0.296983758701
0.496588411026	0.254838709677	304	203	3	0	128	0.296296296296
0.498054037766	0.255913978495	305	203	3	0	128	0.295612009238
0.498696809629	0.255913978495	306	203	3	0	128	0.294930875576
0.49920818236	0.255913978495	306	204	3	0	128	0.294930875576
0.500316416041	0.254838709677	306	205	3	0	129	0.296551724138
0.501276847672	0.25376344086	306	206	3	0	130	0.298165137615
0.501697871037	0.254838709677	307	206	3	0	130	0.297482837529
0.502481439133	0.254838709677	308	206	3	0	130	0.296803652968
0.503306591819	0.255913978495	309	206	3	0	130	0.296127562642
0.504477719525	0.255913978495	309	207	3	0	130	0.296127562642
0.504731408802	0.256989247312	310	207	3	0	130	0.295454545455
0.504884720723	0.256989247312	311	207	3	0	130	0.294784580499
0.505484804863	0.258064516129	312	207	3	0	130	0.294117647059
0.505522532427	0.259139784946	313	207	3	0	130	0.293453724605
0.505801882751	0.260215053763	314	207	3	0	130	0.292792792793
0.507518504576	0.261290322581	315	207	3	0	130	0.292134831461
0.507574582694	0.262365591398	316	207	3	0	130	0.291479820628
0.507688373789	0.262365591398	316	208	3	0	130	0.291479820628
0.507808653351	0.262365591398	317	208	3	0	130	0.290827740492
0.508435596514	0.261290322581	318	208	3	0	130	0.290178571429
0.509648149032	0.261290322581	319	208	3	0	130	0.289532293987
0.51072446394	0.262365591398	320	208	3	0	130	0.288888888889
0.510765422237	0.263440860215	321	208	3	0	130	0.288248337029
0.511260999482	0.262365591398	321	209	3	0	131	0.28982300885
0.5118957172	0.262365591398	321	210	3	0	131	0.28982300885
0.512270095656	0.261290322581	321	211	3	0	132	0.291390728477
0.51267244545	0.260215053763	321	212	3	0	133	0.29295154185
0.512757683905	0.260215053763	321	213	3	0	133	0.29295154185
0.513015628518	0.261290322581	322	213	3	0	133	0.292307692308
0.513235105031	0.262365591398	323	213	3	0	133	0.291666666667
0.513396119223	0.263440860215	324	213	3	0	133	0.291028446389
0.514641667742	0.262365591398	325	213	3	0	133	0.2903930131
0.514794815327	0.262365591398	326	213	3	0	133	0.289760348584
0.51621344708	0.261290322581	326	214	3	0	134	0.291304347826
0.516691902553	0.261290322581	326	215	3	0	134	0.291304347826
0.51770955292	0.260215053763	327	215	3	0	134	0.290672451193
0.518374441666	0.258064516129	327	216	3	0	136	0.29373650108
0.518600744931	0.258064516129	327	217	3	0	136	0.29373650108
0.520522256634	0.256989247312	327	218	3	0	137	0.29525862069
0.520677129811	0.258064516129	328	218	3	0	137	0.294623655914
0.52259009612	0.258064516129	328	219	3	0	137	0.294623655914
0.523710724309	0.259139784946	329	219	3	0	137	0.293991416309
0.524227322422	0.260215053763	330	219	3	0	137	0.293361884368
0.524286871237	0.258064516129	330	220	3	0	139	0.296375266525
0.528263256656	0.259139784946	331	220	3	0	139	0.295744680851
0.528405053629	0.260215053763	332	220	3	0	139	0.295116772824
0.528657389356	0.261290322581	333	220	3	0	139	0.294491525424
0.530428128514	0.261290322581	334	220	3	0	139	0.293868921776
0.532074825659	0.262365591398	335	220	3	0	139	0.293248945148
0.532369110322	0.263440860215	336	220	3	0	139	0.292631578947
0.533199852987	0.264516129032	337	220	3	0	139	0.292016806723
0.534092821309	0.265591397849	338	220	3	0	139	0.291404612159
0.534705059998	0.265591397849	338	221	3	0	139	0.291404612159
0.53544595255	0.266666666667	339	221	3	0	139	0.290794979079
0.535506005824	0.265591397849	339	222	3	0	140	0.292275574113
0.536781289715	0.264516129032	340	222	3	0	140	0.291666666667
0.539059907182	0.263440860215	340	223	3	0	141	0.293139293139
0.539531500463	0.262365591398	340	224	3	0	142	0.294605809129
0.539896495087	0.260215053763	340	225	3	0	144	0.297520661157
0.544175701992	0.259139784946	340	226	3	0	145	0.298969072165
0.544297651459	0.258064516129	341	226	3	0	145	0.298353909465
0.550299852017	0.259139784946	342	226	3	0	145	0.297741273101
0.55251969543	0.258064516129	342	227	3	0	146	0.299180327869
0.552771010531	0.256989247312	342	228	3	0	147	0.300613496933
0.553485747273	0.256989247312	343	228	3	0	147	0.3
0.554257124902	0.258064516129	344	228	3	0	147	0.299389002037
0.55461527501	0.259139784946	345	228	3	0	147	0.298780487805
0.55780824617	0.259139784946	346	228	3	0	147	0.298174442191
0.558834062269	0.260215053763	347	228	3	0	147	0.297570850202
0.560451837024	0.258064516129	347	229	3	0	149	0.300403225806
0.560749086301	0.259139784946	348	229	3	0	149	0.299798792757
0.560995594616	0.258064516129	348	230	3	0	150	0.301204819277
0.56205913882	0.258064516129	348	231	3	0	150	0.301204819277
0.562075337218	0.259139784946	349	231	3	0	150	0.300601202405
0.562544884441	0.260215053763	350	231	3	0	150	0.3
0.562856468049	0.261290322581	351	231	3	0	150	0.299401197605
0.563279820123	0.262365591398	352	231	3	0	150	0.298804780876
0.564089093176	0.263440860215	353	231	3	0	150	0.298210735586
0.567049273276	0.263440860215	354	231	3	0	150	0.297619047619
0.567682355807	0.262365591398	354	232	3	0	151	0.29900990099
0.568845472916	0.263440860215	355	232	3	0	151	0.298418972332
0.570528385025	0.263440860215	356	232	3	0	151	0.297830374753
0.571646680198	0.263440860215	357	232	3	0	151	0.297244094488
0.574334656634	0.264516129032	358	232	3	0	151	0.296660117878
0.575268297539	0.265591397849	359	232	3	0	151	0.296078431373
0.576701875922	0.265591397849	359	233	3	0	151	0.296078431373
0.577530543681	0.265591397849	359	234	3	0	151	0.296078431373
0.577962466513	0.263440860215	359	235	3	0	153	0.298828125
0.578118463067	0.264516129032	360	235	3	0	153	0.298245614035
0.578678483092	0.265591397849	361	235	3	0	153	0.29766536965
0.57932414504	0.266666666667	362	235	3	0	153	0.297087378641
0.580052105722	0.265591397849	362	236	3	0	154	0.298449612403
0.580525133241	0.264516129032	363	236	3	0	154	0.297872340426
0.580657621737	0.263440860215	363	237	3	0	155	0.299227799228
0.581239430678	0.264516129032	364	237	3	0	155	0.298651252408
0.582125650764	0.265591397849	365	237	3	0	155	0.298076923077
0.582495119304	0.266666666667	366	237	3	0	155	0.297504798464
0.582665515919	0.265591397849	366	238	3	0	156	0.298850574713
0.584483972584	0.265591397849	366	239	3	0	156	0.298850574713
0.587458863808	0.266666666667	367	239	3	0	156	0.2982791587
0.588227701759	0.266666666667	367	240	3	0	156	0.2982791587
0.588292314916	0.267741935484	368	240	3	0	156	0.297709923664
0.590131196646	0.268817204301	369	240	3	0	156	0.297142857143
0.59026193535	0.269892473118	370	240	3	0	156	0.296577946768
0.590370778652	0.268817204301	370	241	3	0	157	0.297912713472
0.592199521823	0.269892473118	371	241	3	0	157	0.297348484848
0.59233250098	0.270967741935	372	241	3	0	157	0.296786389414
0.593730908769	0.270967741935	372	242	3	0	157	0.296786389414
0.594113753154	0.269892473118	373	242	3	0	157	0.296226415094
0.594365235764	0.268817204301	373	243	3	0	158	0.297551789077
0.596039889389	0.265591397849	373	244	3	0	161	0.301498127341
0.59622472811	0.266666666667	374	244	3	0	161	0.300934579439
0.596504404739	0.265591397849	375	244	3	0	161	0.300373134328
0.596931818807	0.264516129032	375	245	3	0	162	0.301675977654
0.598811773534	0.264516129032	376	245	3	0	162	0.301115241636
0.598914326191	0.263440860215	377	245	3	0	162	0.300556586271
0.600069413581	0.264516129032	378	245	3	0	162	0.3
0.600368418484	0.265591397849	379	245	3	0	162	0.299445471349
0.600857033716	0.265591397849	379	246	3	0	162	0.299445471349
0.601841897061	0.266666666667	380	246	3	0	162	0.29889298893
0.60245630799	0.265591397849	381	246	3	0	162	0.298342541436
0.602562235799	0.265591397849	382	246	3	0	162	0.297794117647
0.602841322772	0.264516129032	382	247	3	0	163	0.299082568807
0.603062909716	0.263440860215	383	247	3	0	163	0.298534798535
0.603276306627	0.264516129032	384	247	3	0	163	0.297989031079
0.603758910971	0.263440860215	384	248	3	0	164	0.299270072993
0.604374463496	0.264516129032	385	248	3	0	164	0.298724954463
0.607056237277	0.265591397849	386	248	3	0	164	0.298181818182
0.607308226578	0.265591397849	387	248	3	0	164	0.297640653358
0.607729466033	0.266666666667	388	248	3	0	164	0.297101449275
0.609155336613	0.266666666667	388	249	3	0	164	0.297101449275
0.609937574802	0.266666666667	389	249	3	0	164	0.296564195298
0.610942143367	0.266666666667	389	250	3	0	164	0.296564195298
0.611378615357	0.264516129032	389	251	3	0	166	0.299099099099
0.611379186837	0.263440860215	389	252	3	0	167	0.30035971223
0.61160287907	0.262365591398	390	252	3	0	167	0.299820466786
0.612546982146	0.262365591398	390	253	3	0	167	0.299820466786
0.613406152952	0.263440860215	391	253	3	0	167	0.299283154122
0.613408320458	0.262365591398	392	253	3	0	167	0.298747763864
0.615402582932	0.263440860215	393	253	3	0	167	0.298214285714
0.615458440414	0.262365591398	393	254	3	0	168	0.299465240642
0.615708397446	0.263440860215	394	254	3	0	168	0.298932384342
0.616539044984	0.264516129032	395	254	3	0	168	0.298401420959
0.617454827968	0.263440860215	396	254	3	0	168	0.297872340426
0.617738182789	0.263440860215	397	254	3	0	168	0.297345132743
0.619420756189	0.264516129032	398	254	3	0	168	0.296819787986
0.620027784467	0.263440860215	398	255	3	0	169	0.298059964727
0.62036679746	0.261290322581	398	256	3	0	171	0.300527240773
0.621871541843	0.262365591398	399	256	3	0	171	0.3
0.624033597183	0.263440860215	400	256	3	0	171	0.299474605954
0.624487890003	0.264516129032	401	256	3	0	171	0.298951048951
0.624555378524	0.264516129032	402	256	3	0	171	0.298429319372
0.625133307945	0.264516129032	402	257	3	0	171	0.298429319372
0.625234931902	0.263440860215	403	257	3	0	171	0.297909407666
0.625855031448	0.264516129032	404	257	3	0	171	0.297391304348
0.627046814208	0.263440860215	404	258	3	0	172	0.298611111111
0.630972652195	0.263440860215	404	259	3	0	172	0.298611111111
0.631987570443	0.262365591398	405	259	3	0	172	0.298093587522
0.63365871508	0.262365591398	405	260	3	0	172	0.298093587522
0.634453990511	0.262365591398	406	260	3	0	172	0.297577854671
0.636200624661	0.263440860215	407	260	3	0	172	0.297063903282
0.636452161282	0.263440860215	408	260	3	0	172	0.296551724138
0.636969827445	0.264516129032	409	260	3	0	172	0.29604130809
0.637580712457	0.265591397849	410	260	3	0	172	0.295532646048
