# time 	 divergence 	 # of mutations 	 # IGC chances 	 IGC length 	 # IGC failures 	 Changes due to IGC  	 % change due to IGC 
0.0	0.337634408602	0	0	0	0	0	0.0
0.00525108552886	0.338709677419	1	0	0	0	0	0.0
0.00526926308804	0.338709677419	2	0	0	0	0	0.0
0.00718373856503	0.338709677419	3	0	0	0	0	0.0
0.0109961979341	0.339784946237	4	0	0	0	0	0.0
0.0113646273082	0.340860215054	5	0	0	0	0	0.0
0.0124637038529	0.340860215054	6	0	0	0	0	0.0
0.0126093961968	0.340860215054	7	0	0	0	0	0.0
0.017210070443	0.339784946237	8	0	0	0	0	0.0
0.017731084298	0.340860215054	9	0	0	0	0	0.0
0.0185829361301	0.341935483871	10	0	0	0	0	0.0
0.019190111298	0.343010752688	11	0	0	0	0	0.0
0.0220359827951	0.343010752688	12	0	0	0	0	0.0
0.0225332219019	0.344086021505	13	0	0	0	0	0.0
0.0247849973895	0.344086021505	14	0	0	0	0	0.0
0.0254188942414	0.345161290323	15	0	0	0	0	0.0
0.0257336508355	0.34623655914	16	0	0	0	0	0.0
0.0341375926705	0.347311827957	17	0	0	0	0	0.0
0.0357276854134	0.34623655914	18	0	0	0	0	0.0
0.0358039873319	0.345161290323	19	0	0	0	0	0.0
0.0371129794492	0.345161290323	20	0	0	0	0	0.0
0.0376234580798	0.34623655914	21	0	0	0	0	0.0
0.0405099536658	0.347311827957	22	0	0	0	0	0.0
0.0438318829241	0.34623655914	23	0	0	0	0	0.0
0.0481716632311	0.34623655914	24	0	0	0	0	0.0
0.0494095472313	0.347311827957	25	0	0	0	0	0.0
0.0516257449413	0.348387096774	26	0	0	0	0	0.0
0.0524042864692	0.349462365591	27	0	0	0	0	0.0
0.0527981568493	0.348387096774	28	0	0	0	0	0.0
0.0528332498752	0.348387096774	29	0	0	0	0	0.0
0.0554826575557	0.347311827957	30	0	0	0	0	0.0
0.0569904977177	0.348387096774	31	0	0	0	0	0.0
0.0599951980304	0.348387096774	32	0	0	0	0	0.0
0.0639072658391	0.347311827957	33	0	0	0	0	0.0
0.0659837985735	0.348387096774	34	0	0	0	0	0.0
0.0709697002051	0.349462365591	35	0	0	0	0	0.0
0.0720824737232	0.348387096774	36	0	0	0	0	0.0
0.0722693669788	0.349462365591	37	0	0	0	0	0.0
0.072918331602	0.350537634409	38	0	0	0	0	0.0
0.0745263951531	0.349462365591	39	0	0	0	0	0.0
0.0762050377929	0.350537634409	40	0	0	0	0	0.0
0.0833710804214	0.351612903226	41	0	0	0	0	0.0
0.0848932983277	0.351612903226	42	0	0	0	0	0.0
0.0854299106069	0.351612903226	43	0	0	0	0	0.0
0.0859003598472	0.351612903226	44	0	0	0	0	0.0
0.0860674362553	0.351612903226	45	0	0	0	0	0.0
0.0865845408926	0.352688172043	46	0	0	0	0	0.0
0.0880271447316	0.352688172043	47	0	0	0	0	0.0
0.0904204414117	0.35376344086	48	0	0	0	0	0.0
0.0912446196857	0.354838709677	49	0	0	0	0	0.0
0.0927657790429	0.355913978495	50	0	0	0	0	0.0
0.0966645100442	0.356989247312	51	0	0	0	0	0.0
0.098760440345	0.358064516129	52	0	0	0	0	0.0
0.100441903214	0.359139784946	53	0	0	0	0	0.0
0.101046738473	0.360215053763	54	0	0	0	0	0.0
0.10444731035	0.361290322581	55	0	0	0	0	0.0
0.107766297059	0.362365591398	56	0	0	0	0	0.0
0.108528582474	0.363440860215	57	0	0	0	0	0.0
0.109036811956	0.364516129032	58	0	0	0	0	0.0
0.110653819154	0.365591397849	59	0	0	0	0	0.0
0.111702528806	0.366666666667	60	0	0	0	0	0.0
0.111796261883	0.367741935484	61	0	0	0	0	0.0
0.11436233494	0.366666666667	62	0	0	0	0	0.0
0.114746065353	0.367741935484	63	0	0	0	0	0.0
0.115092798198	0.366666666667	64	0	0	0	0	0.0
0.116804112218	0.366666666667	65	0	0	0	0	0.0
0.117760858452	0.367741935484	66	0	0	0	0	0.0
0.118832871012	0.368817204301	67	0	0	0	0	0.0
0.122602124208	0.369892473118	68	0	0	0	0	0.0
0.123847981606	0.370967741935	69	0	0	0	0	0.0
0.129602302888	0.370967741935	70	0	0	0	0	0.0
0.131073406801	0.372043010753	71	0	0	0	0	0.0
0.132338883011	0.370967741935	72	0	0	0	0	0.0
0.133755152009	0.372043010753	73	0	0	0	0	0.0
0.133821897381	0.37311827957	74	0	0	0	0	0.0
0.134081313745	0.37311827957	75	0	0	0	0	0.0
0.134929518784	0.37311827957	76	0	0	0	0	0.0
0.135324874567	0.374193548387	77	0	0	0	0	0.0
0.135755102292	0.375268817204	78	0	0	0	0	0.0
0.13590085083	0.376344086022	79	0	0	0	0	0.0
0.136442238338	0.376344086022	80	0	0	0	0	0.0
0.136770289545	0.375268817204	81	0	0	0	0	0.0
0.139777357873	0.376344086022	82	0	0	0	0	0.0
0.140647546823	0.377419354839	83	0	0	0	0	0.0
0.141947748105	0.377419354839	84	0	0	0	0	0.0
0.144845395474	0.376344086022	85	0	0	0	0	0.0
0.146338183796	0.377419354839	86	0	0	0	0	0.0
0.14647421335	0.377419354839	87	0	0	0	0	0.0
0.148048510526	0.378494623656	88	0	0	0	0	0.0
0.14865158715	0.377419354839	89	0	0	0	0	0.0
0.14967606739	0.376344086022	90	0	0	0	0	0.0
0.150038013803	0.375268817204	91	0	0	0	0	0.0
0.150909519741	0.374193548387	92	0	0	0	0	0.0
0.152096046842	0.375268817204	93	0	0	0	0	0.0
0.152445091108	0.376344086022	94	0	0	0	0	0.0
0.152486833812	0.377419354839	95	0	0	0	0	0.0
0.153124978951	0.378494623656	96	0	0	0	0	0.0
0.156038342662	0.379569892473	97	0	0	0	0	0.0
0.156557016576	0.38064516129	98	0	0	0	0	0.0
0.158017922576	0.381720430108	99	0	0	0	0	0.0
0.158585456242	0.382795698925	100	0	0	0	0	0.0
0.160163160414	0.383870967742	101	0	0	0	0	0.0
0.160594133707	0.384946236559	102	0	0	0	0	0.0
0.161256058424	0.384946236559	103	0	0	0	0	0.0
0.161755495392	0.386021505376	104	0	0	0	0	0.0
0.16427991744	0.387096774194	105	0	0	0	0	0.0
0.165576463046	0.386021505376	106	0	0	0	0	0.0
0.166678640086	0.384946236559	107	0	0	0	0	0.0
0.170932857524	0.386021505376	108	0	0	0	0	0.0
0.172717355299	0.387096774194	109	0	0	0	0	0.0
0.173278729223	0.388172043011	110	0	0	0	0	0.0
0.17334643387	0.388172043011	111	0	0	0	0	0.0
0.173840506198	0.389247311828	112	0	0	0	0	0.0
0.175346349481	0.389247311828	113	0	0	0	0	0.0
0.178056557374	0.389247311828	114	0	0	0	0	0.0
0.179222119164	0.390322580645	115	0	0	0	0	0.0
0.179679511716	0.391397849462	116	0	0	0	0	0.0
0.18215232194	0.39247311828	117	0	0	0	0	0.0
0.185565874984	0.39247311828	118	0	0	0	0	0.0
0.18580223581	0.391397849462	119	0	0	0	0	0.0
0.192670094856	0.39247311828	120	0	0	0	0	0.0
0.19440192818	0.393548387097	121	0	0	0	0	0.0
0.19487497684	0.394623655914	122	0	0	0	0	0.0
0.198320654751	0.394623655914	123	0	0	0	0	0.0
0.202390601014	0.395698924731	124	0	0	0	0	0.0
0.203349845639	0.394623655914	125	0	0	0	0	0.0
0.204516137783	0.394623655914	126	0	0	0	0	0.0
0.204596203584	0.395698924731	127	0	0	0	0	0.0
0.204940154783	0.396774193548	128	0	0	0	0	0.0
0.205015980819	0.397849462366	129	0	0	0	0	0.0
0.205441720379	0.398924731183	130	0	0	0	0	0.0
0.213251160938	0.397849462366	131	0	0	0	0	0.0
0.214170099273	0.398924731183	132	0	0	0	0	0.0
0.216060476068	0.4	133	0	0	0	0	0.0
0.2162863973	0.377419354839	133	1	60	0	21	0.136363636364
0.21791792775	0.378494623656	134	1	60	0	21	0.135483870968
0.218595123063	0.379569892473	135	1	60	0	21	0.134615384615
0.220505668091	0.378494623656	136	1	60	0	21	0.133757961783
0.223599362188	0.379569892473	137	1	60	0	21	0.132911392405
0.229243180856	0.378494623656	138	1	60	0	21	0.132075471698
0.230206378719	0.379569892473	139	1	60	0	21	0.13125
0.230311801692	0.379569892473	140	1	60	0	21	0.130434782609
0.231449621809	0.38064516129	141	1	60	0	21	0.12962962963
0.234445942644	0.38064516129	142	1	60	0	21	0.128834355828
0.240927861097	0.381720430108	143	1	60	0	21	0.128048780488
0.242873712189	0.382795698925	144	1	60	0	21	0.127272727273
0.24306824492	0.382795698925	145	1	60	0	21	0.126506024096
0.246537958618	0.381720430108	146	1	60	0	21	0.125748502994
0.24806252669	0.382795698925	147	1	60	0	21	0.125
0.248117337143	0.383870967742	148	1	60	0	21	0.12426035503
0.25290580959	0.384946236559	149	1	60	0	21	0.123529411765
0.253842101472	0.386021505376	150	1	60	0	21	0.122807017544
0.255901348974	0.387096774194	151	1	60	0	21	0.122093023256
0.255907007442	0.388172043011	152	1	60	0	21	0.121387283237
0.258062416734	0.388172043011	153	1	60	0	21	0.120689655172
0.261595871817	0.389247311828	154	1	60	0	21	0.12
0.26493457874	0.390322580645	155	1	60	0	21	0.119318181818
0.266551489591	0.390322580645	156	1	60	0	21	0.118644067797
0.267913479199	0.390322580645	157	1	60	0	21	0.11797752809
0.268267356924	0.390322580645	158	1	60	0	21	0.117318435754
0.269398614354	0.391397849462	159	1	60	0	21	0.116666666667
0.270719537361	0.391397849462	160	1	60	0	21	0.116022099448
0.271108126313	0.39247311828	161	1	60	0	21	0.115384615385
0.271625226882	0.393548387097	162	1	60	0	21	0.114754098361
0.274587986654	0.394623655914	163	1	60	0	21	0.114130434783
0.277498518659	0.394623655914	164	1	60	0	21	0.113513513514
0.277997146495	0.394623655914	165	1	60	0	21	0.112903225806
0.278505831908	0.395698924731	166	1	60	0	21	0.112299465241
0.280899997234	0.394623655914	167	1	60	0	21	0.11170212766
0.281904883465	0.395698924731	168	1	60	0	21	0.111111111111
0.283115490095	0.396774193548	169	1	60	0	21	0.110526315789
0.283558567829	0.397849462366	170	1	60	0	21	0.109947643979
0.284591769505	0.398924731183	171	1	60	0	21	0.109375
0.285222120167	0.398924731183	172	1	60	0	21	0.108808290155
0.285619618811	0.397849462366	173	1	60	0	21	0.10824742268
0.288516993202	0.397849462366	174	1	60	0	21	0.107692307692
0.289126858944	0.398924731183	175	1	60	0	21	0.107142857143
0.292047900852	0.4	176	1	60	0	21	0.106598984772
0.293271849697	0.401075268817	177	1	60	0	21	0.106060606061
0.293458571411	0.4	178	1	60	0	21	0.105527638191
0.294260052286	0.4	179	1	60	0	21	0.105
0.294512065812	0.4	180	1	60	0	21	0.10447761194
0.295189361963	0.398924731183	181	1	60	0	21	0.10396039604
0.30044328999	0.398924731183	182	1	60	0	21	0.103448275862
0.302215754471	0.398924731183	183	1	60	0	21	0.102941176471
0.305383364635	0.4	184	1	60	0	21	0.10243902439
0.307414617361	0.401075268817	185	1	60	0	21	0.101941747573
0.307798336318	0.4	186	1	60	0	21	0.101449275362
0.313047756589	0.401075268817	187	1	60	0	21	0.100961538462
0.31391855088	0.402150537634	188	1	60	0	21	0.1004784689
0.31539737533	0.402150537634	189	1	60	0	21	0.1
0.31612260445	0.402150537634	190	1	60	0	21	0.0995260663507
0.319226752238	0.403225806452	191	1	60	0	21	0.0990566037736
0.323379641002	0.404301075269	192	1	60	0	21	0.0985915492958
0.324197311699	0.405376344086	193	1	60	0	21	0.0981308411215
0.325341143953	0.404301075269	194	1	60	0	21	0.0976744186047
0.326967979865	0.405376344086	195	1	60	0	21	0.0972222222222
0.327278017674	0.405376344086	196	1	60	0	21	0.0967741935484
0.327850575858	0.406451612903	197	1	60	0	21	0.0963302752294
0.329417018197	0.40752688172	198	1	60	0	21	0.0958904109589
0.331710663596	0.406451612903	199	1	60	0	21	0.0954545454545
0.332943249208	0.40752688172	200	1	60	0	21	0.0950226244344
0.336461295858	0.408602150538	201	1	60	0	21	0.0945945945946
0.336950070317	0.409677419355	202	1	60	0	21	0.0941704035874
0.337380894288	0.410752688172	203	1	60	0	21	0.09375
0.337983858791	0.409677419355	204	1	60	0	21	0.0933333333333
0.339225723614	0.408602150538	205	1	60	0	21	0.0929203539823
0.342146020688	0.409677419355	206	1	60	0	21	0.0925110132159
0.342175610519	0.408602150538	207	1	60	0	21	0.0921052631579
0.348062876464	0.409677419355	208	1	60	0	21	0.0917030567686
0.349729155719	0.409677419355	209	1	60	0	21	0.0913043478261
0.349954354991	0.410752688172	210	1	60	0	21	0.0909090909091
0.355416979782	0.411827956989	211	1	60	0	21	0.0905172413793
0.361334859447	0.410752688172	212	1	60	0	21	0.0901287553648
0.363487720777	0.410752688172	213	1	60	0	21	0.0897435897436
0.363539361722	0.411827956989	214	1	60	0	21	0.0893617021277
0.364040937317	0.411827956989	215	1	60	0	21	0.0889830508475
0.366409137038	0.412903225806	216	1	60	0	21	0.0886075949367
0.366956695087	0.411827956989	217	1	60	0	21	0.0882352941176
0.367667120737	0.411827956989	218	1	60	0	21	0.0878661087866
0.370274884532	0.412903225806	219	1	60	0	21	0.0875
0.371236762845	0.413978494624	220	1	60	0	21	0.0871369294606
0.371266094225	0.413978494624	221	1	60	0	21	0.0867768595041
0.372332324426	0.415053763441	222	1	60	0	21	0.0864197530864
0.372400040856	0.415053763441	223	1	60	0	21	0.0860655737705
0.373227884215	0.413978494624	224	1	60	0	21	0.0857142857143
0.373787466597	0.413978494624	225	1	60	0	21	0.0853658536585
0.37446718081	0.413978494624	226	1	60	0	21	0.085020242915
0.376280932318	0.415053763441	227	1	60	0	21	0.0846774193548
0.376492683637	0.416129032258	228	1	60	0	21	0.0843373493976
0.377278806292	0.416129032258	229	1	60	0	21	0.084
0.378654556528	0.417204301075	230	1	60	0	21	0.0836653386454
0.384362291633	0.416129032258	231	1	60	0	21	0.0833333333333
0.385834183999	0.417204301075	232	1	60	0	21	0.0830039525692
0.391491215357	0.417204301075	233	1	60	0	21	0.0826771653543
0.392059338193	0.418279569892	234	1	60	0	21	0.0823529411765
0.393285715499	0.41935483871	235	1	60	0	21	0.08203125
0.396213402975	0.41935483871	236	1	60	0	21	0.0817120622568
0.401694721648	0.420430107527	237	1	60	0	21	0.0813953488372
0.401836874705	0.421505376344	238	1	60	0	21	0.0810810810811
0.401961782654	0.422580645161	239	1	60	0	21	0.0807692307692
0.401989271039	0.423655913978	240	1	60	0	21	0.0804597701149
0.402501212399	0.423655913978	241	1	60	0	21	0.0801526717557
0.408037094081	0.423655913978	242	1	60	0	21	0.0798479087452
0.40938350133	0.423655913978	243	1	60	0	21	0.0795454545455
0.412476742512	0.422580645161	244	1	60	0	21	0.0792452830189
0.413267684557	0.421505376344	245	1	60	0	21	0.0789473684211
0.413966735708	0.422580645161	246	1	60	0	21	0.0786516853933
0.414739436198	0.423655913978	247	1	60	0	21	0.0783582089552
0.417184647587	0.423655913978	248	1	60	0	21	0.0780669144981
0.41796794921	0.422580645161	249	1	60	0	21	0.0777777777778
0.417979771102	0.422580645161	250	1	60	0	21	0.0774907749077
0.418034383178	0.422580645161	251	1	60	0	21	0.0772058823529
0.424125411579	0.423655913978	252	1	60	0	21	0.0769230769231
0.425143694437	0.424731182796	253	1	60	0	21	0.0766423357664
0.425411493126	0.425806451613	254	1	60	0	21	0.0763636363636
0.428502260092	0.42688172043	255	1	60	0	21	0.0760869565217
0.429010327984	0.425806451613	256	1	60	0	21	0.0758122743682
0.429245371635	0.421505376344	256	2	12	0	25	0.0889679715302
0.431735614029	0.420430107527	257	2	12	0	25	0.0886524822695
0.432009139435	0.420430107527	258	2	12	0	25	0.0883392226148
0.43492760637	0.41935483871	259	2	12	0	25	0.0880281690141
0.435528516625	0.420430107527	260	2	12	0	25	0.0877192982456
0.435721973966	0.41935483871	261	2	12	0	25	0.0874125874126
0.436303371024	0.420430107527	262	2	12	0	25	0.0871080139373
0.436590000637	0.421505376344	263	2	12	0	25	0.0868055555556
0.437512355589	0.422580645161	264	2	12	0	25	0.0865051903114
0.439408005496	0.421505376344	265	2	12	0	25	0.0862068965517
0.440298696139	0.421505376344	266	2	12	0	25	0.085910652921
0.441755682442	0.422580645161	267	2	12	0	25	0.0856164383562
0.444562895214	0.423655913978	268	2	12	0	25	0.0853242320819
0.44599404164	0.422580645161	269	2	12	0	25	0.0850340136054
0.446358716391	0.423655913978	270	2	12	0	25	0.0847457627119
0.449179965755	0.424731182796	271	2	12	0	25	0.0844594594595
0.454362400437	0.425806451613	272	2	12	0	25	0.0841750841751
0.455558259399	0.42688172043	273	2	12	0	25	0.0838926174497
0.456526035347	0.425806451613	274	2	12	0	25	0.0836120401338
0.456602996895	0.42688172043	275	2	12	0	25	0.0833333333333
0.458330124687	0.427956989247	276	2	12	0	25	0.0830564784053
0.459473140482	0.427956989247	277	2	12	0	25	0.0827814569536
0.460651403783	0.427956989247	278	2	12	0	25	0.0825082508251
0.462334548822	0.427956989247	279	2	12	0	25	0.0822368421053
0.462796522666	0.427956989247	280	2	12	0	25	0.0819672131148
0.464926465344	0.427956989247	281	2	12	0	25	0.0816993464052
0.46794184036	0.427956989247	282	2	12	0	25	0.0814332247557
0.472193613504	0.427956989247	283	2	12	0	25	0.0811688311688
