# time 	 divergence 	 # of mutations 	 # IGC chances 	 IGC length 	 # IGC failures 	 Changes due to IGC  	 % change due to IGC 
0.0	0.632553606238	0	0	0	0	0	0.0
0.00065077090433	0.632553606238	1	0	0	0	0	0.0
0.00091655463133	0.633528265107	2	0	0	0	0	0.0
0.00139701635512	0.632553606238	3	0	0	0	0	0.0
0.0018058592216	0.631578947368	4	0	0	0	0	0.0
0.00251571195229	0.632553606238	5	0	0	0	0	0.0
0.0034791336061	0.633528265107	6	0	0	0	0	0.0
0.00428918239419	0.633528265107	7	0	0	0	0	0.0
0.00460083700173	0.632553606238	8	0	0	0	0	0.0
0.00555955597823	0.632553606238	9	0	0	0	0	0.0
0.0060049340535	0.631578947368	10	0	0	0	0	0.0
0.00835424277159	0.632553606238	11	0	0	0	0	0.0
0.0097509015858	0.633528265107	12	0	0	0	0	0.0
0.0102220901231	0.632553606238	13	0	0	0	0	0.0
0.0182838714968	0.632553606238	14	0	0	0	0	0.0
0.0199740146996	0.633528265107	15	0	0	0	0	0.0
0.0215359424723	0.634502923977	16	0	0	0	0	0.0
0.0216379391549	0.635477582846	17	0	0	0	0	0.0
0.0235800725633	0.635477582846	18	0	0	0	0	0.0
0.0252872809331	0.636452241715	19	0	0	0	0	0.0
0.0317026760146	0.636452241715	20	0	0	0	0	0.0
0.0323039456879	0.636452241715	21	0	0	0	0	0.0
0.0325447147714	0.637426900585	22	0	0	0	0	0.0
0.0375334515167	0.638401559454	23	0	0	0	0	0.0
0.0379446163118	0.639376218324	24	0	0	0	0	0.0
0.0412355529793	0.640350877193	25	0	0	0	0	0.0
0.0414082416772	0.641325536062	26	0	0	0	0	0.0
0.0414797147828	0.641325536062	27	0	0	0	0	0.0
0.0427663615148	0.641325536062	28	0	0	0	0	0.0
0.0444143680991	0.641325536062	29	0	0	0	0	0.0
0.0482036602798	0.641325536062	30	0	0	0	0	0.0
0.0491044172055	0.640350877193	31	0	0	0	0	0.0
0.0494816755635	0.641325536062	32	0	0	0	0	0.0
0.0517038657307	0.640350877193	33	0	0	0	0	0.0
0.0518482603277	0.639376218324	34	0	0	0	0	0.0
0.0558280709458	0.639376218324	35	0	0	0	0	0.0
0.0580026302465	0.639376218324	36	0	0	0	0	0.0
0.0585243564784	0.638401559454	37	0	0	0	0	0.0
0.0596713974354	0.637426900585	38	0	0	0	0	0.0
0.0642997045776	0.637426900585	39	0	0	0	0	0.0
0.0648343957243	0.636452241715	40	0	0	0	0	0.0
0.0658160985579	0.636452241715	41	0	0	0	0	0.0
0.0681792672325	0.637426900585	42	0	0	0	0	0.0
0.0689335302687	0.638401559454	43	0	0	0	0	0.0
0.0690254051708	0.638401559454	44	0	0	0	0	0.0
0.0692077144511	0.638401559454	45	0	0	0	0	0.0
0.0724450683743	0.638401559454	46	0	0	0	0	0.0
0.0726731601971	0.637426900585	47	0	0	0	0	0.0
0.0770988685172	0.636452241715	48	0	0	0	0	0.0
0.0781083353243	0.636452241715	49	0	0	0	0	0.0
0.0793441001103	0.636452241715	50	0	0	0	0	0.0
0.0812571379044	0.635477582846	51	0	0	0	0	0.0
0.0824721456525	0.635477582846	52	0	0	0	0	0.0
0.0825594554349	0.635477582846	53	0	0	0	0	0.0
0.0832591409734	0.635477582846	54	0	0	0	0	0.0
0.0841041264241	0.635477582846	55	0	0	0	0	0.0
0.0844046919788	0.634502923977	56	0	0	0	0	0.0
0.0853379936205	0.634502923977	57	0	0	0	0	0.0
0.0858173127424	0.634502923977	58	0	0	0	0	0.0
0.0870785457785	0.635477582846	59	0	0	0	0	0.0
0.0874972171624	0.635477582846	60	0	0	0	0	0.0
0.0880490102208	0.634502923977	61	0	0	0	0	0.0
0.0881700509628	0.634502923977	62	0	0	0	0	0.0
0.0890844019771	0.634502923977	63	0	0	0	0	0.0
0.0894640978626	0.633528265107	64	0	0	0	0	0.0
0.0904320713696	0.633528265107	65	0	0	0	0	0.0
0.0912594939086	0.633528265107	66	0	0	0	0	0.0
0.0914116635913	0.633528265107	67	0	0	0	0	0.0
0.0924088384994	0.633528265107	68	0	0	0	0	0.0
0.0934260527985	0.633528265107	69	0	0	0	0	0.0
0.0947247922902	0.633528265107	70	0	0	0	0	0.0
0.0954049953399	0.633528265107	71	0	0	0	0	0.0
0.0956796416173	0.632553606238	72	0	0	0	0	0.0
0.0965440379193	0.632553606238	73	0	0	0	0	0.0
0.0980154002453	0.633528265107	74	0	0	0	0	0.0
0.0980669046736	0.634502923977	75	0	0	0	0	0.0
0.100447256277	0.634502923977	76	0	0	0	0	0.0
0.101456154017	0.635477582846	77	0	0	0	0	0.0
0.103735458863	0.634502923977	78	0	0	0	0	0.0
0.104114117055	0.635477582846	79	0	0	0	0	0.0
0.105013767461	0.636452241715	80	0	0	0	0	0.0
0.105623058587	0.635477582846	81	0	0	0	0	0.0
0.105839322899	0.635477582846	82	0	0	0	0	0.0
0.107463640966	0.634502923977	83	0	0	0	0	0.0
0.107617506885	0.633528265107	84	0	0	0	0	0.0
0.109724711083	0.632553606238	85	0	0	0	0	0.0
0.11299432174	0.632553606238	86	0	0	0	0	0.0
0.113145217878	0.633528265107	87	0	0	0	0	0.0
0.11788302798	0.634502923977	88	0	0	0	0	0.0
0.118130757487	0.635477582846	89	0	0	0	0	0.0
0.118381579777	0.634502923977	90	0	0	0	0	0.0
0.119419587621	0.634502923977	91	0	0	0	0	0.0
0.122041262124	0.633528265107	92	0	0	0	0	0.0
0.122719778478	0.632553606238	93	0	0	0	0	0.0
0.123163664922	0.633528265107	94	0	0	0	0	0.0
0.123748719025	0.632553606238	95	0	0	0	0	0.0
0.125883967947	0.632553606238	96	0	0	0	0	0.0
0.127007167458	0.633528265107	97	0	0	0	0	0.0
0.127995051509	0.633528265107	98	0	0	0	0	0.0
0.128520147464	0.633528265107	99	0	0	0	0	0.0
0.128723991178	0.634502923977	100	0	0	0	0	0.0
0.128778113763	0.634502923977	101	0	0	0	0	0.0
0.131702633788	0.634502923977	102	0	0	0	0	0.0
0.132419077483	0.635477582846	103	0	0	0	0	0.0
0.134730272822	0.634502923977	104	0	0	0	0	0.0
0.135062462485	0.633528265107	105	0	0	0	0	0.0
0.135738086804	0.633528265107	106	0	0	0	0	0.0
0.139633530926	0.634502923977	107	0	0	0	0	0.0
0.139988871144	0.634502923977	108	0	0	0	0	0.0
0.140158689379	0.635477582846	109	0	0	0	0	0.0
0.141994780512	0.634502923977	110	0	0	0	0	0.0
0.142349603218	0.635477582846	111	0	0	0	0	0.0
0.145184413293	0.635477582846	112	0	0	0	0	0.0
0.145741944426	0.635477582846	113	0	0	0	0	0.0
0.147075925013	0.635477582846	114	0	0	0	0	0.0
0.149574015785	0.636452241715	115	0	0	0	0	0.0
0.150090099317	0.636452241715	116	0	0	0	0	0.0
0.151859969271	0.636452241715	117	0	0	0	0	0.0
0.153137523038	0.637426900585	118	0	0	0	0	0.0
0.153922941253	0.638401559454	119	0	0	0	0	0.0
0.154309327872	0.638401559454	120	0	0	0	0	0.0
0.15525413628	0.639376218324	121	0	0	0	0	0.0
0.155384616227	0.639376218324	122	0	0	0	0	0.0
0.156972041872	0.639376218324	123	0	0	0	0	0.0
0.157004704483	0.639376218324	124	0	0	0	0	0.0
0.157047632204	0.638401559454	125	0	0	0	0	0.0
0.157761929647	0.639376218324	126	0	0	0	0	0.0
0.15789786615	0.640350877193	127	0	0	0	0	0.0
0.159063212624	0.641325536062	128	0	0	0	0	0.0
0.161603831768	0.641325536062	129	0	0	0	0	0.0
0.163907849038	0.642300194932	130	0	0	0	0	0.0
0.16392922419	0.642300194932	131	0	0	0	0	0.0
0.164981055985	0.641325536062	132	0	0	0	0	0.0
0.16580647332	0.642300194932	133	0	0	0	0	0.0
0.166225918641	0.643274853801	134	0	0	0	0	0.0
0.16742114952	0.642300194932	135	0	0	0	0	0.0
0.167435475961	0.642300194932	136	0	0	0	0	0.0
0.169540829522	0.643274853801	137	0	0	0	0	0.0
0.17069548973	0.643274853801	138	0	0	0	0	0.0
0.171213968601	0.644249512671	139	0	0	0	0	0.0
0.17466519617	0.643274853801	140	0	0	0	0	0.0
0.17709269945	0.643274853801	141	0	0	0	0	0.0
0.177538404196	0.644249512671	142	0	0	0	0	0.0
0.177680786286	0.64522417154	143	0	0	0	0	0.0
0.178456151126	0.646198830409	144	0	0	0	0	0.0
0.178910395655	0.647173489279	145	0	0	0	0	0.0
0.179039344375	0.647173489279	146	0	0	0	0	0.0
0.179648646133	0.647173489279	147	0	0	0	0	0.0
0.184858040854	0.648148148148	148	0	0	0	0	0.0
0.185640660524	0.647173489279	149	0	0	0	0	0.0
0.187218342404	0.647173489279	150	0	0	0	0	0.0
0.189044795129	0.646198830409	151	0	0	0	0	0.0
0.189511613886	0.647173489279	152	0	0	0	0	0.0
0.190816562898	0.646198830409	153	0	0	0	0	0.0
0.192309221703	0.647173489279	154	0	0	0	0	0.0
0.193754035736	0.647173489279	155	0	0	0	0	0.0
0.194406321436	0.647173489279	156	0	0	0	0	0.0
0.194789323665	0.648148148148	157	0	0	0	0	0.0
0.195466553788	0.649122807018	158	0	0	0	0	0.0
0.195620212434	0.648148148148	159	0	0	0	0	0.0
0.197951170551	0.647173489279	160	0	0	0	0	0.0
0.199737641695	0.647173489279	161	0	0	0	0	0.0
0.200190392432	0.648148148148	162	0	0	0	0	0.0
0.201198554546	0.649122807018	163	0	0	0	0	0.0
0.203477503891	0.650097465887	164	0	0	0	0	0.0
0.20430753769	0.649122807018	165	0	0	0	0	0.0
0.204743021639	0.650097465887	166	0	0	0	0	0.0
0.206438635096	0.651072124756	167	0	0	0	0	0.0
0.210449522644	0.652046783626	168	0	0	0	0	0.0
0.211855664057	0.652046783626	169	0	0	0	0	0.0
0.212667099397	0.651072124756	170	0	0	0	0	0.0
0.213458872799	0.650097465887	171	0	0	0	0	0.0
0.217644192798	0.649122807018	172	0	0	0	0	0.0
0.217876736434	0.649122807018	173	0	0	0	0	0.0
0.223622834747	0.649122807018	174	0	0	0	0	0.0
0.22633541988	0.649122807018	175	0	0	0	0	0.0
0.2266757275	0.650097465887	176	0	0	0	0	0.0
0.226854980294	0.649122807018	177	0	0	0	0	0.0
0.227628755594	0.648148148148	178	0	0	0	0	0.0
0.229842946946	0.649122807018	179	0	0	0	0	0.0
0.23146685788	0.648148148148	180	0	0	0	0	0.0
0.235507393702	0.649122807018	181	0	0	0	0	0.0
0.236981826813	0.650097465887	182	0	0	0	0	0.0
0.240836030881	0.650097465887	183	0	0	0	0	0.0
0.241172670251	0.651072124756	184	0	0	0	0	0.0
0.243143877626	0.652046783626	185	0	0	0	0	0.0
0.243808147077	0.653021442495	186	0	0	0	0	0.0
0.246701699539	0.653021442495	187	0	0	0	0	0.0
0.251585307176	0.652046783626	188	0	0	0	0	0.0
0.251850727712	0.651072124756	189	0	0	0	0	0.0
0.252603191786	0.652046783626	190	0	0	0	0	0.0
0.252670130942	0.653021442495	191	0	0	0	0	0.0
0.25416626987	0.653996101365	192	0	0	0	0	0.0
0.254250570158	0.654970760234	193	0	0	0	0	0.0
0.255437309218	0.654970760234	194	0	0	0	0	0.0
0.256216174804	0.653996101365	195	0	0	0	0	0.0
0.259153295461	0.654970760234	196	0	0	0	0	0.0
0.259262816969	0.655945419103	197	0	0	0	0	0.0
0.262087432793	0.655945419103	198	0	0	0	0	0.0
0.262780669415	0.655945419103	199	0	0	0	0	0.0
0.263312242999	0.655945419103	200	0	0	0	0	0.0
0.263417471699	0.655945419103	201	0	0	0	0	0.0
0.264425441291	0.655945419103	202	0	0	0	0	0.0
0.265049445297	0.654970760234	203	0	0	0	0	0.0
0.270825932606	0.653996101365	204	0	0	0	0	0.0
0.272477161179	0.653996101365	205	0	0	0	0	0.0
0.276548685806	0.653996101365	206	0	0	0	0	0.0
0.276793428123	0.653996101365	207	0	0	0	0	0.0
0.278945057901	0.653021442495	208	0	0	0	0	0.0
0.279098330787	0.652046783626	209	0	0	0	0	0.0
0.279563068708	0.652046783626	210	0	0	0	0	0.0
0.281087653993	0.653021442495	211	0	0	0	0	0.0
0.281247457855	0.653021442495	212	0	0	0	0	0.0
0.281425240406	0.652046783626	213	0	0	0	0	0.0
0.282241964548	0.651072124756	214	0	0	0	0	0.0
0.285264258903	0.652046783626	215	0	0	0	0	0.0
0.285278026256	0.652046783626	216	0	0	0	0	0.0
0.287098576829	0.651072124756	217	0	0	0	0	0.0
0.287900022341	0.651072124756	218	0	0	0	0	0.0
0.28825375717	0.652046783626	219	0	0	0	0	0.0
0.288979102733	0.653021442495	220	0	0	0	0	0.0
0.290603738429	0.653021442495	221	0	0	0	0	0.0
0.294307234678	0.653021442495	222	0	0	0	0	0.0
0.296757743344	0.653021442495	223	0	0	0	0	0.0
0.29816056442	0.653996101365	224	0	0	0	0	0.0
0.301487602977	0.653021442495	225	0	0	0	0	0.0
0.302404346913	0.653996101365	226	0	0	0	0	0.0
0.302487519169	0.653996101365	227	0	0	0	0	0.0
0.302971817246	0.653996101365	228	0	0	0	0	0.0
0.305214157254	0.653996101365	229	0	0	0	0	0.0
0.305422250036	0.654970760234	230	0	0	0	0	0.0
0.317607578833	0.654970760234	231	0	0	0	0	0.0
0.317722193056	0.655945419103	232	0	0	0	0	0.0
0.318455840373	0.655945419103	233	0	0	0	0	0.0
0.318850485542	0.656920077973	234	0	0	0	0	0.0
0.322714257232	0.657894736842	235	0	0	0	0	0.0
0.326031203824	0.657894736842	236	0	0	0	0	0.0
0.327256731526	0.657894736842	237	0	0	0	0	0.0
0.331922374156	0.656920077973	238	0	0	0	0	0.0
0.334685196472	0.656920077973	239	0	0	0	0	0.0
0.335751200391	0.656920077973	240	0	0	0	0	0.0
0.335865073939	0.657894736842	241	0	0	0	0	0.0
0.338159457906	0.658869395712	242	0	0	0	0	0.0
0.338623127251	0.659844054581	243	0	0	0	0	0.0
0.338892919127	0.66081871345	244	0	0	0	0	0.0
0.340222516102	0.659844054581	245	0	0	0	0	0.0
0.341550306175	0.659844054581	246	0	0	0	0	0.0
0.345191583355	0.659844054581	247	0	0	0	0	0.0
0.346638778465	0.658869395712	248	0	0	0	0	0.0
0.346987777061	0.657894736842	249	0	0	0	0	0.0
0.349674960088	0.657894736842	250	0	0	0	0	0.0
0.352210176737	0.657894736842	251	0	0	0	0	0.0
0.352429629812	0.656920077973	252	0	0	0	0	0.0
0.35315551544	0.656920077973	253	0	0	0	0	0.0
0.355183580413	0.657894736842	254	0	0	0	0	0.0
0.355928026933	0.658869395712	255	0	0	0	0	0.0
0.358978005641	0.657894736842	256	0	0	0	0	0.0
0.359401490658	0.658869395712	257	0	0	0	0	0.0
0.360320819562	0.658869395712	258	0	0	0	0	0.0
0.360642624667	0.657894736842	259	0	0	0	0	0.0
0.361895787005	0.657894736842	260	0	0	0	0	0.0
0.36289935529	0.656920077973	261	0	0	0	0	0.0
0.366581713213	0.657894736842	262	0	0	0	0	0.0
0.367186136676	0.657894736842	263	0	0	0	0	0.0
0.36753364268	0.657894736842	264	0	0	0	0	0.0
0.367647775915	0.657894736842	265	0	0	0	0	0.0
0.368499458703	0.658869395712	266	0	0	0	0	0.0
0.368946949689	0.658869395712	267	0	0	0	0	0.0
0.373071974568	0.658869395712	268	0	0	0	0	0.0
0.37522607757	0.658869395712	269	0	0	0	0	0.0
0.378320756264	0.659844054581	270	0	0	0	0	0.0
0.378588440332	0.659844054581	271	0	0	0	0	0.0
0.384131127293	0.658869395712	272	0	0	0	0	0.0
0.38594849122	0.659844054581	273	0	0	0	0	0.0
0.387602726569	0.659844054581	274	0	0	0	0	0.0
0.388705717354	0.659844054581	275	0	0	0	0	0.0
0.390233945478	0.658869395712	276	0	0	0	0	0.0
0.390384356286	0.658869395712	277	0	0	0	0	0.0
0.391048914823	0.659844054581	278	0	0	0	0	0.0
0.394445444926	0.66081871345	279	0	0	0	0	0.0
0.395347061677	0.659844054581	280	0	0	0	0	0.0
0.397281879227	0.659844054581	281	0	0	0	0	0.0
0.399792242845	0.659844054581	282	0	0	0	0	0.0
0.399832960921	0.66081871345	283	0	0	0	0	0.0
0.400264584207	0.659844054581	284	0	0	0	0	0.0
0.401408562008	0.659844054581	285	0	0	0	0	0.0
0.405070348187	0.658869395712	286	0	0	0	0	0.0
0.406902048634	0.657894736842	287	0	0	0	0	0.0
0.407910918437	0.656920077973	288	0	0	0	0	0.0
0.415346073276	0.657894736842	289	0	0	0	0	0.0
0.416043317732	0.656920077973	290	0	0	0	0	0.0
0.416527865798	0.655945419103	291	0	0	0	0	0.0
0.418472095213	0.656920077973	292	0	0	0	0	0.0
0.419301803649	0.655945419103	293	0	0	0	0	0.0
0.419515874349	0.655945419103	294	0	0	0	0	0.0
0.420134858285	0.654970760234	295	0	0	0	0	0.0
0.421335554494	0.654970760234	296	0	0	0	0	0.0
0.421569085766	0.654970760234	297	0	0	0	0	0.0
0.422542203823	0.653996101365	298	0	0	0	0	0.0
0.42255573055	0.653021442495	299	0	0	0	0	0.0
0.423675479625	0.653996101365	300	0	0	0	0	0.0
0.424668701925	0.654970760234	301	0	0	0	0	0.0
0.425837988848	0.654970760234	302	0	0	0	0	0.0
0.4264058279	0.653996101365	303	0	0	0	0	0.0
0.433749715055	0.653996101365	304	0	0	0	0	0.0
0.435816257703	0.653996101365	305	0	0	0	0	0.0
0.437097566269	0.653021442495	306	0	0	0	0	0.0
0.438703815668	0.653021442495	307	0	0	0	0	0.0
0.438789094637	0.653021442495	308	0	0	0	0	0.0
0.439217793822	0.653021442495	309	0	0	0	0	0.0
0.439641244538	0.653021442495	310	0	0	0	0	0.0
0.441078966535	0.653996101365	311	0	0	0	0	0.0
0.443280129511	0.653021442495	312	0	0	0	0	0.0
0.443888298551	0.653021442495	313	0	0	0	0	0.0
0.444059742398	0.653021442495	314	0	0	0	0	0.0
0.445116314939	0.653996101365	315	0	0	0	0	0.0
0.448505403696	0.654970760234	316	0	0	0	0	0.0
0.453011876042	0.654970760234	317	0	0	0	0	0.0
0.453955056372	0.655945419103	318	0	0	0	0	0.0
0.454812090607	0.654970760234	319	0	0	0	0	0.0
0.455248583237	0.655945419103	320	0	0	0	0	0.0
0.45707530185	0.655945419103	321	0	0	0	0	0.0
0.457312689936	0.654970760234	322	0	0	0	0	0.0
0.45905304048	0.654970760234	323	0	0	0	0	0.0
0.459986231712	0.655945419103	324	0	0	0	0	0.0
0.460302746103	0.655945419103	325	0	0	0	0	0.0
0.461397884557	0.654970760234	326	0	0	0	0	0.0
0.464095650314	0.655945419103	327	0	0	0	0	0.0
0.466548246768	0.655945419103	328	0	0	0	0	0.0
0.467817674269	0.655945419103	329	0	0	0	0	0.0
0.468975729889	0.654970760234	330	0	0	0	0	0.0
0.470154520642	0.655945419103	331	0	0	0	0	0.0
0.470921282626	0.655945419103	332	0	0	0	0	0.0
0.471422274104	0.656920077973	333	0	0	0	0	0.0
0.471907870133	0.657894736842	334	0	0	0	0	0.0
0.473082517504	0.656920077973	335	0	0	0	0	0.0
0.473495883261	0.657894736842	336	0	0	0	0	0.0
0.47350675359	0.658869395712	337	0	0	0	0	0.0
0.474805563035	0.657894736842	338	0	0	0	0	0.0
0.477344761937	0.657894736842	339	0	0	0	0	0.0
0.478032534747	0.657894736842	340	0	0	0	0	0.0
0.478613710234	0.656920077973	341	0	0	0	0	0.0
0.479405136503	0.656920077973	342	0	0	0	0	0.0
0.480165649054	0.656920077973	343	0	0	0	0	0.0
0.482252818484	0.656920077973	344	0	0	0	0	0.0
0.483011274773	0.657894736842	345	0	0	0	0	0.0
0.485793690636	0.657894736842	346	0	0	0	0	0.0
0.486535505461	0.657894736842	347	0	0	0	0	0.0
0.488157945587	0.658869395712	348	0	0	0	0	0.0
0.489768898534	0.659844054581	349	0	0	0	0	0.0
0.490138948576	0.66081871345	350	0	0	0	0	0.0
0.491266835473	0.66081871345	351	0	0	0	0	0.0
0.492303568828	0.659844054581	352	0	0	0	0	0.0
0.492710013049	0.66081871345	353	0	0	0	0	0.0
0.495178750921	0.66179337232	354	0	0	0	0	0.0
0.495964372992	0.66081871345	355	0	0	0	0	0.0
0.498671365185	0.66081871345	356	0	0	0	0	0.0
0.499782266514	0.66081871345	357	0	0	0	0	0.0
0.500351870129	0.66081871345	358	0	0	0	0	0.0
0.500654057222	0.66179337232	359	0	0	0	0	0.0
0.502954683054	0.662768031189	360	0	0	0	0	0.0
0.505822795286	0.662768031189	361	0	0	0	0	0.0
0.508203155197	0.66179337232	362	0	0	0	0	0.0
0.508748289555	0.66179337232	363	0	0	0	0	0.0
0.509794727624	0.66081871345	364	0	0	0	0	0.0
0.510352567821	0.66179337232	365	0	0	0	0	0.0
0.51260641437	0.662768031189	366	0	0	0	0	0.0
0.516750627301	0.662768031189	367	0	0	0	0	0.0
0.517682303422	0.663742690058	368	0	0	0	0	0.0
0.518338518308	0.664717348928	369	0	0	0	0	0.0
0.51908448282	0.665692007797	370	0	0	0	0	0.0
0.519174581204	0.666666666667	371	0	0	0	0	0.0
0.519327273964	0.665692007797	372	0	0	0	0	0.0
0.521450499669	0.666666666667	373	0	0	0	0	0.0
0.522096301771	0.667641325536	374	0	0	0	0	0.0
0.522259167509	0.666666666667	375	0	0	0	0	0.0
0.5238966372	0.665692007797	376	0	0	0	0	0.0
0.52420714105	0.665692007797	377	0	0	0	0	0.0
0.524681025645	0.666666666667	378	0	0	0	0	0.0
0.524893621817	0.666666666667	379	0	0	0	0	0.0
0.525361766216	0.666666666667	380	0	0	0	0	0.0
0.528001577409	0.666666666667	381	0	0	0	0	0.0
0.529500662353	0.665692007797	382	0	0	0	0	0.0
0.529767017828	0.666666666667	383	0	0	0	0	0.0
0.529773918439	0.666666666667	384	0	0	0	0	0.0
0.53040123909	0.666666666667	385	0	0	0	0	0.0
0.53045947194	0.667641325536	386	0	0	0	0	0.0
0.530655919766	0.668615984405	387	0	0	0	0	0.0
0.531596093094	0.669590643275	388	0	0	0	0	0.0
0.536018422349	0.669590643275	389	0	0	0	0	0.0
0.53835939955	0.670565302144	390	0	0	0	0	0.0
0.538427130674	0.670565302144	391	0	0	0	0	0.0
0.541576342181	0.669590643275	392	0	0	0	0	0.0
0.543649222932	0.669590643275	393	0	0	0	0	0.0
0.550449795599	0.669590643275	394	0	0	0	0	0.0
0.551697378358	0.669590643275	395	0	0	0	0	0.0
0.552107851001	0.669590643275	396	0	0	0	0	0.0
0.553068596685	0.669590643275	397	0	0	0	0	0.0
0.556952348105	0.668615984405	398	0	0	0	0	0.0
0.559197077757	0.667641325536	399	0	0	0	0	0.0
0.561490971743	0.668615984405	400	0	0	0	0	0.0
0.561905266899	0.669590643275	401	0	0	0	0	0.0
0.56453243025	0.669590643275	402	0	0	0	0	0.0
0.565688253277	0.669590643275	403	0	0	0	0	0.0
0.566526396122	0.669590643275	404	0	0	0	0	0.0
0.570189010129	0.669590643275	405	0	0	0	0	0.0
0.571370249455	0.668615984405	406	0	0	0	0	0.0
0.57278923683	0.667641325536	407	0	0	0	0	0.0
0.572900565401	0.667641325536	408	0	0	0	0	0.0
0.573405040569	0.667641325536	409	0	0	0	0	0.0
0.573854290682	0.667641325536	410	0	0	0	0	0.0
0.577701840326	0.668615984405	411	0	0	0	0	0.0
0.579012187776	0.668615984405	412	0	0	0	0	0.0
0.580388449389	0.668615984405	413	0	0	0	0	0.0
0.580599241238	0.668615984405	414	0	0	0	0	0.0
0.585929272115	0.669590643275	415	0	0	0	0	0.0
0.587603260005	0.669590643275	416	0	0	0	0	0.0
0.594797271011	0.669590643275	417	0	0	0	0	0.0
0.595089957619	0.669590643275	418	0	0	0	0	0.0
0.596997574832	0.670565302144	419	0	0	0	0	0.0
0.599536566741	0.671539961014	420	0	0	0	0	0.0
0.601670284201	0.671539961014	421	0	0	0	0	0.0
0.601961465573	0.670565302144	422	0	0	0	0	0.0
0.603707245497	0.670565302144	423	0	0	0	0	0.0
0.604045837944	0.671539961014	424	0	0	0	0	0.0
0.604491301543	0.671539961014	425	0	0	0	0	0.0
0.605495945823	0.671539961014	426	0	0	0	0	0.0
0.605744836352	0.671539961014	427	0	0	0	0	0.0
0.606905075441	0.672514619883	428	0	0	0	0	0.0
0.608114201348	0.672514619883	429	0	0	0	0	0.0
0.608863268444	0.672514619883	430	0	0	0	0	0.0
0.609226631485	0.673489278752	431	0	0	0	0	0.0
0.610557125906	0.672514619883	432	0	0	0	0	0.0
0.611367097571	0.671539961014	433	0	0	0	0	0.0
0.611873834077	0.670565302144	434	0	0	0	0	0.0
0.613093259123	0.671539961014	435	0	0	0	0	0.0
0.620430959096	0.670565302144	436	0	0	0	0	0.0
0.621315644756	0.669590643275	437	0	0	0	0	0.0
0.621809445867	0.669590643275	438	0	0	0	0	0.0
0.623736135509	0.669590643275	439	0	0	0	0	0.0
0.626283877178	0.670565302144	440	0	0	0	0	0.0
0.626676177142	0.669590643275	441	0	0	0	0	0.0
0.631178641277	0.669590643275	442	0	0	0	0	0.0
0.631887626112	0.669590643275	443	0	0	0	0	0.0
0.634327033896	0.669590643275	444	0	0	0	0	0.0
0.634546933025	0.669590643275	445	0	0	0	0	0.0
0.637706225528	0.669590643275	446	0	0	0	0	0.0
0.638523936932	0.668615984405	447	0	0	0	0	0.0
0.638765414768	0.669590643275	448	0	0	0	0	0.0
0.638979801225	0.668615984405	449	0	0	0	0	0.0
0.641007037222	0.668615984405	450	0	0	0	0	0.0
0.64368452448	0.669590643275	451	0	0	0	0	0.0
0.643779388996	0.670565302144	452	0	0	0	0	0.0
0.645676547328	0.669590643275	453	0	0	0	0	0.0
0.647604743888	0.670565302144	454	0	0	0	0	0.0
0.649716727392	0.670565302144	455	0	0	0	0	0.0
0.649754815124	0.670565302144	456	0	0	0	0	0.0
0.653458844767	0.669590643275	457	0	0	0	0	0.0
0.655826503651	0.668615984405	458	0	0	0	0	0.0
0.656402589045	0.668615984405	459	0	0	0	0	0.0
0.659609659126	0.669590643275	460	0	0	0	0	0.0
0.660004403864	0.669590643275	461	0	0	0	0	0.0
0.661262199809	0.670565302144	462	0	0	0	0	0.0
0.662704411296	0.671539961014	463	0	0	0	0	0.0
0.669201540212	0.671539961014	464	0	0	0	0	0.0
0.670290437607	0.670565302144	465	0	0	0	0	0.0
0.673084158931	0.669590643275	466	0	0	0	0	0.0
0.674196442729	0.669590643275	467	0	0	0	0	0.0
0.675685455448	0.670565302144	468	0	0	0	0	0.0
0.677964875142	0.670565302144	469	0	0	0	0	0.0
0.680218435716	0.670565302144	470	0	0	0	0	0.0
0.681301904061	0.669590643275	471	0	0	0	0	0.0
0.683900461797	0.669590643275	472	0	0	0	0	0.0
0.685958108108	0.670565302144	473	0	0	0	0	0.0
0.688235034385	0.671539961014	474	0	0	0	0	0.0
0.691680238943	0.670565302144	475	0	0	0	0	0.0
0.693626376387	0.671539961014	476	0	0	0	0	0.0
0.693885704603	0.672514619883	477	0	0	0	0	0.0
0.694176411889	0.672514619883	478	0	0	0	0	0.0
0.694206843119	0.673489278752	479	0	0	0	0	0.0
0.698768202584	0.674463937622	480	0	0	0	0	0.0
0.699312751548	0.674463937622	481	0	0	0	0	0.0
0.700112110927	0.674463937622	482	0	0	0	0	0.0
0.700180185646	0.673489278752	483	0	0	0	0	0.0
0.7007279228	0.673489278752	484	0	0	0	0	0.0
0.702421150172	0.672514619883	485	0	0	0	0	0.0
0.703541896615	0.672514619883	486	0	0	0	0	0.0
0.706966601776	0.672514619883	487	0	0	0	0	0.0
0.707505465192	0.673489278752	488	0	0	0	0	0.0
0.708746909582	0.673489278752	489	0	0	0	0	0.0
0.709964808161	0.673489278752	490	0	0	0	0	0.0
0.711294812946	0.674463937622	491	0	0	0	0	0.0
