# time 	 divergence 	 # of mutations 	 # IGC chances 	 IGC length 	 # IGC failures 	 Changes due to IGC  	 % change due to IGC 
0.0	0.261290322581	0	0	0	0	0	0.0
0.000797692972637	0.262365591398	1	0	0	0	0	0.0
0.00138040901001	0.262365591398	2	0	0	0	0	0.0
0.00301449899742	0.261290322581	3	0	0	0	0	0.0
0.00445495662132	0.260215053763	4	0	0	0	0	0.0
0.00449424697966	0.252688172043	4	1	12	0	7	0.636363636364
0.00465083230087	0.25376344086	5	1	12	0	7	0.583333333333
0.0053622188004	0.254838709677	6	1	12	0	7	0.538461538462
0.00729206069959	0.255913978495	7	1	12	0	7	0.5
0.00793493087716	0.256989247312	8	1	12	0	7	0.466666666667
0.00924926911707	0.258064516129	9	1	12	0	7	0.4375
0.0100210111393	0.259139784946	10	1	12	0	7	0.411764705882
0.0130260401789	0.260215053763	11	1	12	0	7	0.388888888889
0.0131615131338	0.261290322581	12	1	12	0	7	0.368421052632
0.0150680939751	0.262365591398	13	1	12	0	7	0.35
0.0163949959352	0.263440860215	14	1	12	0	7	0.333333333333
0.0202797320706	0.263440860215	15	1	12	0	7	0.318181818182
0.0212966887816	0.262365591398	16	1	12	0	7	0.304347826087
0.0213179822898	0.263440860215	17	1	12	0	7	0.291666666667
0.0214086401737	0.264516129032	18	1	12	0	7	0.28
0.0218351167728	0.265591397849	19	1	12	0	7	0.269230769231
0.0225453638561	0.266666666667	20	1	12	0	7	0.259259259259
0.0229526600349	0.267741935484	21	1	12	0	7	0.25
0.0233896921347	0.268817204301	22	1	12	0	7	0.241379310345
0.0246946617906	0.269892473118	23	1	12	0	7	0.233333333333
0.0259122562578	0.270967741935	24	1	12	0	7	0.225806451613
0.0287118616307	0.272043010753	25	1	12	0	7	0.21875
0.0295430014174	0.27311827957	26	1	12	0	7	0.212121212121
0.0315861082138	0.274193548387	27	1	12	0	7	0.205882352941
0.0322605421191	0.27311827957	28	1	12	0	7	0.2
0.0340753221625	0.27311827957	29	1	12	0	7	0.194444444444
0.0349620702802	0.274193548387	30	1	12	0	7	0.189189189189
0.0403726761208	0.275268817204	31	1	12	0	7	0.184210526316
0.0407646291174	0.276344086022	32	1	12	0	7	0.179487179487
0.0408805352146	0.276344086022	33	1	12	0	7	0.175
0.0411202754811	0.276344086022	34	1	12	0	7	0.170731707317
0.042871114153	0.277419354839	35	1	12	0	7	0.166666666667
0.0429058798752	0.278494623656	36	1	12	0	7	0.162790697674
0.0500635501708	0.279569892473	37	1	12	0	7	0.159090909091
0.0507291246353	0.28064516129	38	1	12	0	7	0.155555555556
0.0540929962091	0.281720430108	39	1	12	0	7	0.152173913043
0.0545025838373	0.28064516129	40	1	12	0	7	0.148936170213
0.0576889770945	0.281720430108	41	1	12	0	7	0.145833333333
0.0607110414056	0.281720430108	42	1	12	0	7	0.142857142857
0.0608156017997	0.282795698925	43	1	12	0	7	0.14
0.0628224604697	0.283870967742	44	1	12	0	7	0.137254901961
0.0633813334517	0.284946236559	45	1	12	0	7	0.134615384615
0.0638810899574	0.286021505376	46	1	12	0	7	0.132075471698
0.0644088994118	0.287096774194	47	1	12	0	7	0.12962962963
0.0644470326064	0.286021505376	48	1	12	0	7	0.127272727273
0.0689303368272	0.287096774194	49	1	12	0	7	0.125
0.0693414291489	0.288172043011	50	1	12	0	7	0.122807017544
0.0702691419552	0.289247311828	51	1	12	0	7	0.120689655172
0.0708683268964	0.290322580645	52	1	12	0	7	0.118644067797
0.0721103638123	0.291397849462	53	1	12	0	7	0.116666666667
0.0726734962516	0.291397849462	54	1	12	0	7	0.114754098361
0.0737746091804	0.29247311828	55	1	12	0	7	0.112903225806
0.0744943611399	0.293548387097	56	1	12	0	7	0.111111111111
0.0797702205543	0.293548387097	57	1	12	0	7	0.109375
0.0812510415055	0.294623655914	58	1	12	0	7	0.107692307692
0.0846501979198	0.295698924731	59	1	12	0	7	0.106060606061
0.0847401270282	0.295698924731	60	1	12	0	7	0.10447761194
0.0859293489707	0.295698924731	61	1	12	0	7	0.102941176471
0.0859979630653	0.296774193548	62	1	12	0	7	0.101449275362
0.0879220168589	0.297849462366	63	1	12	0	7	0.1
0.08814042286	0.298924731183	64	1	12	0	7	0.0985915492958
0.0894046091976	0.3	65	1	12	0	7	0.0972222222222
0.0909625059574	0.3	66	1	12	0	7	0.0958904109589
0.0918417198153	0.301075268817	67	1	12	0	7	0.0945945945946
0.0941158781231	0.302150537634	68	1	12	0	7	0.0933333333333
0.0944680892529	0.303225806452	69	1	12	0	7	0.0921052631579
0.0962921738033	0.304301075269	70	1	12	0	7	0.0909090909091
0.0977748691558	0.304301075269	71	1	12	0	7	0.0897435897436
0.0997706878769	0.305376344086	72	1	12	0	7	0.0886075949367
0.102811341382	0.306451612903	73	1	12	0	7	0.0875
0.103013487557	0.306451612903	74	1	12	0	7	0.0864197530864
0.103142141379	0.305376344086	75	1	12	0	7	0.0853658536585
0.10744089808	0.306451612903	76	1	12	0	7	0.0843373493976
0.110717156868	0.306451612903	77	1	12	0	7	0.0833333333333
0.112016868857	0.306451612903	78	1	12	0	7	0.0823529411765
0.115504854951	0.30752688172	79	1	12	0	7	0.0813953488372
0.116896465754	0.308602150538	80	1	12	0	7	0.0804597701149
0.11695200187	0.309677419355	81	1	12	0	7	0.0795454545455
0.120003900819	0.308602150538	82	1	12	0	7	0.0786516853933
0.123198814534	0.309677419355	83	1	12	0	7	0.0777777777778
0.123364183	0.310752688172	84	1	12	0	7	0.0769230769231
0.123610985701	0.310752688172	85	1	12	0	7	0.0760869565217
0.125564825344	0.309677419355	86	1	12	0	7	0.0752688172043
0.128813826559	0.310752688172	87	1	12	0	7	0.0744680851064
0.129245987266	0.311827956989	88	1	12	0	7	0.0736842105263
0.129334411522	0.312903225806	89	1	12	0	7	0.0729166666667
0.13089929841	0.311827956989	90	1	12	0	7	0.0721649484536
0.133534298084	0.312903225806	91	1	12	0	7	0.0714285714286
0.135009805975	0.313978494624	92	1	12	0	7	0.0707070707071
0.135265713776	0.315053763441	93	1	12	0	7	0.07
0.13801689114	0.316129032258	94	1	12	0	7	0.0693069306931
0.139532345633	0.317204301075	95	1	12	0	7	0.0686274509804
0.141416094049	0.318279569892	96	1	12	0	7	0.0679611650485
0.141770585047	0.31935483871	97	1	12	0	7	0.0673076923077
0.14310065228	0.31935483871	98	1	12	0	7	0.0666666666667
0.145212536684	0.320430107527	99	1	12	0	7	0.0660377358491
