# time 	 divergence 	 # of mutations 	 # IGC chances 	 IGC length 	 # IGC failures 	 Changes due to IGC  	 % change due to IGC 
0.0	0.282795698925	0	0	0	0	0	0.0
0.00154416675322	0.282795698925	1	0	0	0	0	0.0
0.00161502936064	0.282795698925	2	0	0	0	0	0.0
0.0021728736027	0.281720430108	3	0	0	0	0	0.0
0.00298373676846	0.279569892473	3	1	3	0	2	0.4
0.0035472328085	0.28064516129	4	1	3	0	2	0.333333333333
0.00500063501959	0.279569892473	4	2	3	0	3	0.428571428571
0.00641236592563	0.28064516129	5	2	3	0	3	0.375
0.00653780508409	0.279569892473	5	3	3	0	4	0.444444444444
0.00684014461951	0.279569892473	6	3	3	0	4	0.4
0.00825019435833	0.278494623656	6	4	3	0	5	0.454545454545
0.00870690109779	0.277419354839	6	5	3	0	6	0.5
0.0123779831509	0.276344086022	7	5	3	0	6	0.461538461538
0.0128726803437	0.277419354839	8	5	3	0	6	0.428571428571
0.0130693689988	0.278494623656	9	5	3	0	6	0.4
0.0145908362494	0.279569892473	10	5	3	0	6	0.375
0.0159553340413	0.278494623656	11	5	3	0	6	0.352941176471
0.0159563341843	0.278494623656	11	6	3	0	6	0.352941176471
0.017162112672	0.279569892473	12	6	3	0	6	0.333333333333
0.0196406897155	0.277419354839	12	7	3	0	8	0.4
0.0208468929301	0.276344086022	12	8	3	0	9	0.428571428571
0.020859516544	0.274193548387	12	9	3	0	11	0.478260869565
0.0216126447353	0.274193548387	13	9	3	0	11	0.458333333333
0.0224126333494	0.274193548387	14	9	3	0	11	0.44
0.0243391375369	0.27311827957	14	10	3	0	12	0.461538461538
0.0246883352889	0.27311827957	15	10	3	0	12	0.444444444444
0.0252432302081	0.274193548387	16	10	3	0	12	0.428571428571
0.0259962744467	0.27311827957	17	10	3	0	12	0.413793103448
0.027366447719	0.272043010753	18	10	3	0	12	0.4
0.0277211991573	0.272043010753	19	10	3	0	12	0.387096774194
0.0317205857386	0.27311827957	20	10	3	0	12	0.375
0.0320719535286	0.27311827957	21	10	3	0	12	0.363636363636
0.0329973344207	0.272043010753	21	11	3	0	13	0.382352941176
0.034980167072	0.270967741935	21	12	3	0	14	0.4
0.0358947253772	0.269892473118	22	12	3	0	14	0.388888888889
0.0365146176514	0.270967741935	23	12	3	0	14	0.378378378378
0.0369457310548	0.272043010753	24	12	3	0	14	0.368421052632
0.0372774488349	0.27311827957	25	12	3	0	14	0.358974358974
0.0377197945269	0.27311827957	26	12	3	0	14	0.35
0.039700273758	0.274193548387	27	12	3	0	14	0.341463414634
0.0443242292428	0.27311827957	27	13	3	0	15	0.357142857143
0.0447586196392	0.270967741935	27	14	3	0	17	0.386363636364
0.0451500704955	0.268817204301	27	15	3	0	19	0.413043478261
0.0463929886915	0.269892473118	28	15	3	0	19	0.404255319149
0.0492593754273	0.270967741935	29	15	3	0	19	0.395833333333
0.0508579198604	0.270967741935	30	15	3	0	19	0.387755102041
0.0521945753879	0.269892473118	31	15	3	0	19	0.38
0.0537989034492	0.268817204301	31	16	3	0	20	0.392156862745
0.0556720759182	0.268817204301	31	17	3	0	20	0.392156862745
0.0572284215361	0.269892473118	32	17	3	0	20	0.384615384615
0.0577429960738	0.269892473118	32	18	3	0	20	0.384615384615
0.0587271102793	0.269892473118	32	19	3	0	20	0.384615384615
0.0596552117581	0.270967741935	33	19	3	0	20	0.377358490566
0.0609753878007	0.270967741935	34	19	3	0	20	0.37037037037
0.0616463044921	0.269892473118	35	19	3	0	20	0.363636363636
0.0621256842136	0.266666666667	35	20	3	0	23	0.396551724138
0.0626687676816	0.266666666667	35	21	3	0	23	0.396551724138
0.063612886674	0.267741935484	36	21	3	0	23	0.389830508475
0.0649427109701	0.268817204301	37	21	3	0	23	0.383333333333
0.0681157535952	0.267741935484	37	22	3	0	24	0.393442622951
0.0700807258052	0.268817204301	38	22	3	0	24	0.387096774194
0.0705361845077	0.269892473118	39	22	3	0	24	0.380952380952
0.0713125429305	0.270967741935	40	22	3	0	24	0.375
0.0722432320317	0.272043010753	41	22	3	0	24	0.369230769231
0.0737986715928	0.27311827957	42	22	3	0	24	0.363636363636
0.0738432210126	0.274193548387	43	22	3	0	24	0.358208955224
0.0755515024838	0.274193548387	43	23	3	0	24	0.358208955224
0.0758017238222	0.27311827957	43	24	3	0	25	0.367647058824
0.0759155731982	0.274193548387	44	24	3	0	25	0.36231884058
0.0765626957931	0.27311827957	44	25	3	0	26	0.371428571429
0.0771346042274	0.272043010753	44	26	3	0	27	0.380281690141
0.0797421714652	0.27311827957	45	26	3	0	27	0.375
0.0802928579556	0.272043010753	45	27	3	0	28	0.383561643836
0.0815724598174	0.270967741935	46	27	3	0	28	0.378378378378
0.0834333203262	0.270967741935	47	27	3	0	28	0.373333333333
0.0856012809327	0.270967741935	47	28	3	0	28	0.373333333333
0.086383996583	0.270967741935	48	28	3	0	28	0.368421052632
0.0871989399026	0.272043010753	49	28	3	0	28	0.363636363636
0.0898420921034	0.272043010753	49	29	3	0	28	0.363636363636
0.0904971395593	0.272043010753	49	30	3	0	28	0.363636363636
0.0906003970169	0.27311827957	50	30	3	0	28	0.358974358974
0.092242098752	0.274193548387	51	30	3	0	28	0.354430379747
0.0928719746065	0.27311827957	52	30	3	0	28	0.35
0.0936605622045	0.269892473118	52	31	3	0	31	0.373493975904
0.0937172294215	0.269892473118	52	32	3	0	31	0.373493975904
0.0977399436546	0.270967741935	53	32	3	0	31	0.369047619048
0.0977440660929	0.272043010753	54	32	3	0	31	0.364705882353
0.0979065843222	0.272043010753	54	33	3	0	31	0.364705882353
0.0992704763364	0.27311827957	55	33	3	0	31	0.360465116279
0.09935295254	0.274193548387	56	33	3	0	31	0.35632183908
0.100504140901	0.272043010753	56	34	3	0	33	0.370786516854
0.102410029862	0.272043010753	57	34	3	0	33	0.366666666667
0.103084927729	0.270967741935	58	34	3	0	33	0.362637362637
0.103754044802	0.272043010753	59	34	3	0	33	0.358695652174
0.104368420859	0.272043010753	60	34	3	0	33	0.354838709677
0.104879214637	0.27311827957	61	34	3	0	33	0.351063829787
0.105193317849	0.27311827957	62	34	3	0	33	0.347368421053
0.105693647405	0.272043010753	63	34	3	0	33	0.34375
0.105782808675	0.27311827957	64	34	3	0	33	0.340206185567
0.107263965926	0.274193548387	65	34	3	0	33	0.336734693878
0.107433112009	0.27311827957	65	35	3	0	34	0.343434343434
0.107936205537	0.27311827957	66	35	3	0	34	0.34
0.108673933682	0.274193548387	67	35	3	0	34	0.336633663366
0.110803502148	0.274193548387	67	36	3	0	34	0.336633663366
0.110837646489	0.275268817204	68	36	3	0	34	0.333333333333
0.111240088281	0.274193548387	69	36	3	0	34	0.330097087379
0.1122033752	0.27311827957	70	36	3	0	34	0.326923076923
0.112604030984	0.274193548387	71	36	3	0	34	0.32380952381
0.112657900946	0.275268817204	72	36	3	0	34	0.320754716981
0.112717922006	0.274193548387	72	37	3	0	35	0.327102803738
0.113723610128	0.275268817204	73	37	3	0	35	0.324074074074
0.113987690066	0.274193548387	73	38	3	0	36	0.330275229358
0.114102557377	0.275268817204	74	38	3	0	36	0.327272727273
0.114241198403	0.274193548387	75	38	3	0	36	0.324324324324
0.11481549992	0.275268817204	76	38	3	0	36	0.321428571429
0.115782262029	0.275268817204	76	39	3	0	36	0.321428571429
0.11739385074	0.276344086022	77	39	3	0	36	0.318584070796
0.117543453011	0.275268817204	78	39	3	0	36	0.315789473684
0.122556338182	0.275268817204	78	40	3	0	36	0.315789473684
0.125012106375	0.274193548387	78	41	3	0	37	0.321739130435
0.127596030435	0.275268817204	79	41	3	0	37	0.318965517241
0.127977175138	0.274193548387	79	42	3	0	38	0.324786324786
0.128091777622	0.275268817204	80	42	3	0	38	0.322033898305
0.129553519819	0.274193548387	80	43	3	0	39	0.327731092437
0.132482150377	0.275268817204	81	43	3	0	39	0.325
0.133944280653	0.274193548387	82	43	3	0	39	0.322314049587
0.134503310403	0.275268817204	83	43	3	0	39	0.319672131148
0.134616956172	0.275268817204	83	44	3	0	39	0.319672131148
0.135510001305	0.275268817204	83	45	3	0	39	0.319672131148
0.13604000659	0.275268817204	84	45	3	0	39	0.317073170732
0.13639901367	0.275268817204	85	45	3	0	39	0.314516129032
0.137574461569	0.274193548387	86	45	3	0	39	0.312
0.14236091501	0.27311827957	86	46	3	0	40	0.31746031746
0.142571531546	0.27311827957	87	46	3	0	40	0.314960629921
0.142754855283	0.274193548387	88	46	3	0	40	0.3125
0.146095018119	0.275268817204	89	46	3	0	40	0.31007751938
0.147575675932	0.276344086022	90	46	3	0	40	0.307692307692
0.148030735284	0.277419354839	91	46	3	0	40	0.30534351145
0.15040609231	0.278494623656	92	46	3	0	40	0.30303030303
0.150991034202	0.278494623656	92	47	3	0	40	0.30303030303
0.154871505091	0.278494623656	92	48	3	0	40	0.30303030303
0.155006574075	0.278494623656	93	48	3	0	40	0.300751879699
0.155459821563	0.278494623656	94	48	3	0	40	0.298507462687
0.157655903477	0.278494623656	94	49	3	0	40	0.298507462687
0.159324710035	0.279569892473	95	49	3	0	40	0.296296296296
0.160650697504	0.278494623656	95	50	3	0	41	0.301470588235
0.162121113766	0.277419354839	96	50	3	0	41	0.299270072993
0.16218610397	0.276344086022	96	51	3	0	42	0.304347826087
0.163386186242	0.277419354839	97	51	3	0	42	0.302158273381
0.164587368208	0.276344086022	97	52	3	0	43	0.307142857143
0.165440737954	0.274193548387	97	53	3	0	45	0.316901408451
0.16636818308	0.274193548387	98	53	3	0	45	0.314685314685
0.166851131876	0.274193548387	99	53	3	0	45	0.3125
0.171174517193	0.272043010753	99	54	3	0	47	0.321917808219
0.172442595631	0.272043010753	99	55	3	0	47	0.321917808219
0.174562104382	0.269892473118	99	56	3	0	49	0.331081081081
0.175570019092	0.270967741935	100	56	3	0	49	0.328859060403
0.175882705734	0.272043010753	101	56	3	0	49	0.326666666667
0.176136237928	0.27311827957	102	56	3	0	49	0.324503311258
0.176575321149	0.274193548387	103	56	3	0	49	0.322368421053
0.176797703625	0.275268817204	104	56	3	0	49	0.320261437908
0.178556994109	0.276344086022	105	56	3	0	49	0.318181818182
0.179815612588	0.275268817204	106	56	3	0	49	0.316129032258
0.180971416399	0.27311827957	106	57	3	0	51	0.324840764331
0.181999711613	0.274193548387	107	57	3	0	51	0.322784810127
0.182070626828	0.274193548387	107	58	3	0	51	0.322784810127
0.182735390731	0.275268817204	108	58	3	0	51	0.320754716981
0.18367863444	0.276344086022	109	58	3	0	51	0.31875
0.183851207933	0.276344086022	110	58	3	0	51	0.316770186335
0.185581479623	0.275268817204	111	58	3	0	51	0.314814814815
0.187200948876	0.275268817204	111	59	3	0	51	0.314814814815
0.188683839469	0.275268817204	111	60	3	0	51	0.314814814815
0.191208035916	0.276344086022	112	60	3	0	51	0.312883435583
0.191750870869	0.276344086022	113	60	3	0	51	0.310975609756
0.19273053023	0.274193548387	113	61	3	0	53	0.319277108434
0.19487566895	0.275268817204	114	61	3	0	53	0.317365269461
0.195005565576	0.275268817204	114	62	3	0	53	0.317365269461
0.198862373448	0.276344086022	115	62	3	0	53	0.315476190476
0.199830591384	0.277419354839	116	62	3	0	53	0.313609467456
0.200548780024	0.277419354839	116	63	3	0	53	0.313609467456
0.200660658373	0.275268817204	116	64	3	0	55	0.321637426901
0.201414541362	0.274193548387	117	64	3	0	55	0.31976744186
0.20195874677	0.275268817204	118	64	3	0	55	0.317919075145
0.201970321123	0.276344086022	119	64	3	0	55	0.316091954023
0.202612480622	0.275268817204	119	65	3	0	56	0.32
0.203329858095	0.275268817204	119	66	3	0	56	0.32
0.203739838786	0.274193548387	120	66	3	0	56	0.318181818182
0.20429005912	0.275268817204	121	66	3	0	56	0.316384180791
0.209295648256	0.274193548387	121	67	3	0	57	0.320224719101
0.210610127626	0.275268817204	122	67	3	0	57	0.31843575419
0.210792839534	0.275268817204	123	67	3	0	57	0.316666666667
0.213673051019	0.27311827957	123	68	3	0	59	0.324175824176
0.214575108581	0.27311827957	124	68	3	0	59	0.322404371585
0.214995541953	0.274193548387	125	68	3	0	59	0.320652173913
0.216132064315	0.275268817204	126	68	3	0	59	0.318918918919
0.218014067039	0.276344086022	127	68	3	0	59	0.317204301075
0.218795524873	0.276344086022	128	68	3	0	59	0.31550802139
0.219800872513	0.275268817204	129	68	3	0	59	0.313829787234
0.220172331407	0.276344086022	130	68	3	0	59	0.312169312169
0.221020509108	0.277419354839	131	68	3	0	59	0.310526315789
0.221206386149	0.277419354839	132	68	3	0	59	0.30890052356
0.221233137376	0.278494623656	133	68	3	0	59	0.307291666667
0.223329578286	0.279569892473	134	68	3	0	59	0.305699481865
0.223456481908	0.28064516129	135	68	3	0	59	0.30412371134
0.224133498716	0.279569892473	136	68	3	0	59	0.302564102564
0.224816196537	0.28064516129	137	68	3	0	59	0.301020408163
0.225903942697	0.279569892473	138	68	3	0	59	0.299492385787
0.230517355826	0.28064516129	139	68	3	0	59	0.29797979798
0.230842153256	0.281720430108	140	68	3	0	59	0.29648241206
0.230911569921	0.28064516129	141	68	3	0	59	0.295
0.232255440977	0.279569892473	142	68	3	0	59	0.293532338308
0.232844041019	0.28064516129	143	68	3	0	59	0.292079207921
0.233083418917	0.28064516129	143	69	3	0	59	0.292079207921
0.233847944562	0.28064516129	144	69	3	0	59	0.290640394089
0.235511457271	0.281720430108	145	69	3	0	59	0.289215686275
0.235889822064	0.28064516129	145	70	3	0	60	0.292682926829
0.236622132731	0.279569892473	145	71	3	0	61	0.296116504854
0.236951856833	0.28064516129	146	71	3	0	61	0.294685990338
0.23695743087	0.281720430108	147	71	3	0	61	0.293269230769
0.237071279292	0.281720430108	147	72	3	0	61	0.293269230769
0.238120709135	0.28064516129	148	72	3	0	61	0.291866028708
0.238211832468	0.28064516129	149	72	3	0	61	0.290476190476
0.243176196925	0.279569892473	149	73	3	0	62	0.293838862559
0.24353626283	0.279569892473	150	73	3	0	62	0.292452830189
0.243567896037	0.279569892473	150	74	3	0	62	0.292452830189
0.244079306481	0.28064516129	151	74	3	0	62	0.291079812207
0.249635641798	0.279569892473	151	75	3	0	63	0.294392523364
0.249689580678	0.279569892473	151	76	3	0	63	0.294392523364
0.249980696758	0.28064516129	152	76	3	0	63	0.293023255814
0.250842630847	0.28064516129	153	76	3	0	63	0.291666666667
0.251026806723	0.278494623656	153	77	3	0	65	0.298165137615
0.251046571812	0.277419354839	154	77	3	0	65	0.296803652968
0.251380807734	0.278494623656	155	77	3	0	65	0.295454545455
0.251701888161	0.279569892473	156	77	3	0	65	0.294117647059
0.252085521888	0.279569892473	157	77	3	0	65	0.292792792793
0.252510114985	0.28064516129	158	77	3	0	65	0.291479820628
0.254187524464	0.279569892473	158	78	3	0	66	0.294642857143
0.254449952666	0.278494623656	158	79	3	0	67	0.297777777778
0.25512490243	0.277419354839	158	80	3	0	68	0.300884955752
0.256411851074	0.278494623656	159	80	3	0	68	0.299559471366
0.256994279056	0.278494623656	160	80	3	0	68	0.298245614035
0.2576648191	0.278494623656	160	81	3	0	68	0.298245614035
0.258592580903	0.279569892473	161	81	3	0	68	0.296943231441
0.259423052679	0.276344086022	161	82	3	0	71	0.306034482759
0.259692352894	0.277419354839	162	82	3	0	71	0.304721030043
0.260105837728	0.276344086022	163	82	3	0	71	0.303418803419
0.260363720094	0.277419354839	164	82	3	0	71	0.302127659574
0.264285415837	0.277419354839	165	82	3	0	71	0.300847457627
0.264474458924	0.276344086022	166	82	3	0	71	0.299578059072
0.264693338623	0.274193548387	166	83	3	0	73	0.305439330544
0.264809850402	0.27311827957	167	83	3	0	73	0.304166666667
0.267591795489	0.274193548387	168	83	3	0	73	0.302904564315
0.267722567943	0.274193548387	168	84	3	0	73	0.302904564315
0.269102600294	0.272043010753	168	85	3	0	75	0.308641975309
0.270642772595	0.27311827957	169	85	3	0	75	0.30737704918
0.274947261701	0.272043010753	170	85	3	0	75	0.30612244898
0.276629272525	0.270967741935	170	86	3	0	76	0.308943089431
0.276920990941	0.272043010753	171	86	3	0	76	0.307692307692
0.277291245307	0.27311827957	172	86	3	0	76	0.306451612903
0.277382985446	0.27311827957	173	86	3	0	76	0.305220883534
0.27999084342	0.274193548387	174	86	3	0	76	0.304
0.282237731531	0.275268817204	175	86	3	0	76	0.302788844622
0.282702960792	0.276344086022	176	86	3	0	76	0.301587301587
0.288018963947	0.276344086022	176	87	3	0	76	0.301587301587
0.290380278037	0.275268817204	176	88	3	0	77	0.304347826087
0.292676625177	0.275268817204	177	88	3	0	77	0.303149606299
0.295241669783	0.276344086022	178	88	3	0	77	0.301960784314
0.295500613777	0.277419354839	179	88	3	0	77	0.30078125
0.295778797642	0.278494623656	180	88	3	0	77	0.299610894942
0.298245034009	0.277419354839	180	89	3	0	78	0.302325581395
0.298932373422	0.278494623656	181	89	3	0	78	0.301158301158
0.299353179462	0.277419354839	181	90	3	0	79	0.303846153846
0.300430779931	0.277419354839	182	90	3	0	79	0.302681992337
0.300612478903	0.276344086022	182	91	3	0	80	0.30534351145
0.301629817381	0.27311827957	182	92	3	0	83	0.31320754717
0.303000747828	0.274193548387	183	92	3	0	83	0.312030075188
0.304180565915	0.274193548387	184	92	3	0	83	0.310861423221
0.305874528713	0.275268817204	185	92	3	0	83	0.309701492537
0.307091790659	0.275268817204	186	92	3	0	83	0.308550185874
0.307575909883	0.274193548387	187	92	3	0	83	0.307407407407
