# time 	 divergence 	 # of mutations 	 # IGC chances 	 IGC length 	 # IGC failures 	 Changes due to IGC  	 % change due to IGC 
0.0	0.297849462366	0	0	0	0	0	0.0
0.000690562308459	0.297849462366	0	1	3	0	0	0.0
0.000849088675264	0.296774193548	0	2	3	0	1	1.0
0.00252388871829	0.296774193548	1	2	3	0	1	0.5
0.00430610735022	0.295698924731	1	3	3	0	2	0.666666666667
0.00494414387535	0.296774193548	2	3	3	0	2	0.5
0.005449355202	0.294623655914	2	4	3	0	4	0.666666666667
0.00563791848109	0.294623655914	2	5	3	0	4	0.666666666667
0.00625533351544	0.294623655914	2	6	3	0	4	0.666666666667
0.00764303448779	0.293548387097	2	7	3	0	5	0.714285714286
0.00775271366587	0.294623655914	3	7	3	0	5	0.625
0.00882064436976	0.295698924731	4	7	3	0	5	0.555555555556
0.00902139842901	0.295698924731	5	7	3	0	5	0.5
0.0101672338175	0.296774193548	6	7	3	0	5	0.454545454545
0.0103527023952	0.296774193548	7	7	3	0	5	0.416666666667
0.013217004731	0.297849462366	8	7	3	0	5	0.384615384615
0.0134189756928	0.298924731183	9	7	3	0	5	0.357142857143
0.0150575371964	0.3	10	7	3	0	5	0.333333333333
0.0159143847872	0.301075268817	11	7	3	0	5	0.3125
0.0177333270814	0.301075268817	12	7	3	0	5	0.294117647059
0.0188732997937	0.302150537634	13	7	3	0	5	0.277777777778
0.0211657576196	0.303225806452	14	7	3	0	5	0.263157894737
0.0231603231314	0.304301075269	15	7	3	0	5	0.25
0.0232697124696	0.305376344086	16	7	3	0	5	0.238095238095
0.0240237802216	0.304301075269	16	8	3	0	6	0.272727272727
0.0242917788094	0.305376344086	17	8	3	0	6	0.260869565217
0.0243853532255	0.305376344086	17	9	3	0	6	0.260869565217
0.0246473724229	0.305376344086	17	10	3	0	6	0.260869565217
0.0250425550827	0.305376344086	17	11	3	0	6	0.260869565217
0.0253622741193	0.306451612903	18	11	3	0	6	0.25
0.0262150769861	0.30752688172	19	11	3	0	6	0.24
0.0276534041398	0.308602150538	20	11	3	0	6	0.230769230769
0.0292215375685	0.309677419355	21	11	3	0	6	0.222222222222
0.0300440346585	0.310752688172	22	11	3	0	6	0.214285714286
0.0301392605076	0.311827956989	23	11	3	0	6	0.206896551724
0.0316580783191	0.312903225806	24	11	3	0	6	0.2
0.0320112149318	0.311827956989	25	11	3	0	6	0.193548387097
0.0322346622769	0.310752688172	25	12	3	0	7	0.21875
0.0332956068057	0.311827956989	26	12	3	0	7	0.212121212121
0.0341910778352	0.310752688172	27	12	3	0	7	0.205882352941
0.034373036729	0.309677419355	27	13	3	0	8	0.228571428571
0.0356136327579	0.310752688172	28	13	3	0	8	0.222222222222
0.0362169419525	0.311827956989	29	13	3	0	8	0.216216216216
0.0397807993364	0.312903225806	30	13	3	0	8	0.210526315789
0.0404736142196	0.313978494624	31	13	3	0	8	0.205128205128
0.0425774593538	0.313978494624	32	13	3	0	8	0.2
0.0430912238715	0.313978494624	32	14	3	0	8	0.2
0.0435590996093	0.315053763441	33	14	3	0	8	0.19512195122
0.04453449702	0.313978494624	33	15	3	0	9	0.214285714286
0.0477426501908	0.312903225806	34	15	3	0	9	0.209302325581
0.0489769344028	0.312903225806	35	15	3	0	9	0.204545454545
0.0497263313578	0.311827956989	36	15	3	0	9	0.2
0.0523557602333	0.312903225806	37	15	3	0	9	0.195652173913
0.0542808930311	0.312903225806	38	15	3	0	9	0.191489361702
0.0545019128165	0.311827956989	38	16	3	0	10	0.208333333333
0.0555978706502	0.310752688172	38	17	3	0	11	0.224489795918
0.0575423401639	0.309677419355	38	18	3	0	12	0.24
0.057727687331	0.309677419355	38	19	3	0	12	0.24
0.0585017015892	0.310752688172	39	19	3	0	12	0.235294117647
0.0593701789449	0.308602150538	39	20	3	0	14	0.264150943396
0.0602107742757	0.30752688172	39	21	3	0	15	0.277777777778
0.0607031024699	0.308602150538	40	21	3	0	15	0.272727272727
0.0607752081834	0.308602150538	41	21	3	0	15	0.267857142857
0.0613263099713	0.308602150538	41	22	3	0	15	0.267857142857
0.0622990406277	0.308602150538	41	23	3	0	15	0.267857142857
0.0631181694372	0.308602150538	42	23	3	0	15	0.263157894737
0.0641003189635	0.308602150538	43	23	3	0	15	0.258620689655
0.0646079565948	0.309677419355	44	23	3	0	15	0.254237288136
0.0648908258841	0.308602150538	45	23	3	0	15	0.25
0.0664559336301	0.30752688172	45	24	3	0	16	0.262295081967
0.0679513194158	0.308602150538	46	24	3	0	16	0.258064516129
0.0733042861899	0.306451612903	46	25	3	0	18	0.28125
0.07333203697	0.306451612903	47	25	3	0	18	0.276923076923
0.0739485782285	0.304301075269	47	26	3	0	20	0.298507462687
0.0747037745788	0.305376344086	48	26	3	0	20	0.294117647059
0.07699886655	0.304301075269	48	27	3	0	21	0.304347826087
0.0803742231512	0.305376344086	49	27	3	0	21	0.3
0.0820789495423	0.305376344086	50	27	3	0	21	0.295774647887
0.0841657061896	0.305376344086	50	28	3	0	21	0.295774647887
0.0844349485144	0.305376344086	50	29	3	0	21	0.295774647887
0.0847736750682	0.304301075269	50	30	3	0	22	0.305555555556
0.0860223376256	0.305376344086	51	30	3	0	22	0.301369863014
0.0869407287076	0.305376344086	51	31	3	0	22	0.301369863014
0.0872756305008	0.306451612903	52	31	3	0	22	0.297297297297
0.0879500726526	0.30752688172	53	31	3	0	22	0.293333333333
0.0881558686485	0.305376344086	53	32	3	0	24	0.311688311688
0.0882172992535	0.306451612903	54	32	3	0	24	0.307692307692
0.0884778332861	0.306451612903	55	32	3	0	24	0.303797468354
0.0897602847971	0.30752688172	56	32	3	0	24	0.3
0.091039192635	0.30752688172	56	33	3	0	24	0.3
0.0913456082783	0.306451612903	56	34	3	0	25	0.308641975309
0.0924495479331	0.305376344086	57	34	3	0	25	0.30487804878
0.0958747887562	0.306451612903	58	34	3	0	25	0.301204819277
0.0981824242541	0.30752688172	59	34	3	0	25	0.297619047619
0.100682311219	0.308602150538	60	34	3	0	25	0.294117647059
0.101315613244	0.309677419355	61	34	3	0	25	0.290697674419
0.102109355966	0.310752688172	62	34	3	0	25	0.287356321839
0.103081002121	0.310752688172	63	34	3	0	25	0.284090909091
0.105418298874	0.310752688172	63	35	3	0	25	0.284090909091
0.105697507618	0.309677419355	63	36	3	0	26	0.292134831461
0.107297576504	0.309677419355	64	36	3	0	26	0.288888888889
0.10894781139	0.308602150538	65	36	3	0	26	0.285714285714
0.11090802287	0.30752688172	66	36	3	0	26	0.282608695652
0.111320307805	0.308602150538	67	36	3	0	26	0.279569892473
0.111750548397	0.308602150538	68	36	3	0	26	0.276595744681
0.112014182407	0.30752688172	69	36	3	0	26	0.273684210526
0.114929544774	0.30752688172	69	37	3	0	26	0.273684210526
0.115450568537	0.306451612903	70	37	3	0	26	0.270833333333
0.118386379723	0.306451612903	70	38	3	0	26	0.270833333333
0.119430609734	0.305376344086	71	38	3	0	26	0.268041237113
0.119577601982	0.305376344086	71	39	3	0	26	0.268041237113
0.120185151881	0.306451612903	72	39	3	0	26	0.265306122449
0.122460129901	0.30752688172	73	39	3	0	26	0.262626262626
0.122461194062	0.308602150538	74	39	3	0	26	0.26
0.123484535563	0.306451612903	74	40	3	0	28	0.274509803922
0.123625761689	0.30752688172	75	40	3	0	28	0.271844660194
0.124395541945	0.30752688172	75	41	3	0	28	0.271844660194
0.125064230484	0.30752688172	76	41	3	0	28	0.269230769231
0.128041581694	0.30752688172	77	41	3	0	28	0.266666666667
0.128620239696	0.30752688172	78	41	3	0	28	0.264150943396
0.129102839296	0.30752688172	78	42	3	0	28	0.264150943396
0.129293503896	0.308602150538	79	42	3	0	28	0.261682242991
0.130786793959	0.30752688172	80	42	3	0	28	0.259259259259
0.13115130991	0.30752688172	81	42	3	0	28	0.256880733945
0.132588155836	0.308602150538	82	42	3	0	28	0.254545454545
0.136095183416	0.308602150538	83	42	3	0	28	0.252252252252
0.136545757842	0.309677419355	84	42	3	0	28	0.25
0.137318885734	0.310752688172	85	42	3	0	28	0.247787610619
0.138051801087	0.308602150538	85	43	3	0	30	0.260869565217
0.141532301269	0.309677419355	86	43	3	0	30	0.258620689655
0.141720538462	0.309677419355	86	44	3	0	30	0.258620689655
0.14230941181	0.309677419355	87	44	3	0	30	0.25641025641
0.142667051031	0.309677419355	88	44	3	0	30	0.254237288136
0.143555114608	0.310752688172	89	44	3	0	30	0.252100840336
0.144149353291	0.308602150538	89	45	3	0	32	0.264462809917
0.145729509613	0.30752688172	90	45	3	0	32	0.262295081967
0.146040838068	0.308602150538	91	45	3	0	32	0.260162601626
0.146042739404	0.30752688172	92	45	3	0	32	0.258064516129
0.147471300581	0.306451612903	92	46	3	0	33	0.264
0.149109786143	0.305376344086	92	47	3	0	34	0.269841269841
0.149683320435	0.306451612903	93	47	3	0	34	0.267716535433
0.150938229312	0.305376344086	93	48	3	0	35	0.2734375
0.151152458368	0.305376344086	94	48	3	0	35	0.271317829457
0.151776515677	0.303225806452	94	49	3	0	37	0.282442748092
0.153952411997	0.304301075269	95	49	3	0	37	0.280303030303
0.155963253798	0.303225806452	96	49	3	0	37	0.278195488722
0.155965501422	0.304301075269	97	49	3	0	37	0.276119402985
0.156301833449	0.305376344086	98	49	3	0	37	0.274074074074
0.157091724582	0.306451612903	99	49	3	0	37	0.272058823529
0.158257163551	0.30752688172	100	49	3	0	37	0.270072992701
0.160482227185	0.305376344086	100	50	3	0	39	0.280575539568
0.160623896543	0.305376344086	100	51	3	0	39	0.280575539568
0.163199422598	0.306451612903	101	51	3	0	39	0.278571428571
0.163336120179	0.306451612903	102	51	3	0	39	0.276595744681
0.163785354319	0.30752688172	103	51	3	0	39	0.274647887324
0.164169240199	0.30752688172	104	51	3	0	39	0.272727272727
0.164342827497	0.304301075269	104	52	3	0	42	0.287671232877
0.164501425684	0.304301075269	104	53	3	0	42	0.287671232877
0.164945807859	0.303225806452	105	53	3	0	42	0.285714285714
0.167296910223	0.304301075269	106	53	3	0	42	0.283783783784
0.167590822198	0.304301075269	106	54	3	0	42	0.283783783784
0.168494451024	0.305376344086	107	54	3	0	42	0.281879194631
0.170322481486	0.305376344086	108	54	3	0	42	0.28
0.170662938383	0.306451612903	109	54	3	0	42	0.278145695364
0.171016547645	0.30752688172	110	54	3	0	42	0.276315789474
0.171462177617	0.305376344086	110	55	3	0	44	0.285714285714
0.171468770702	0.304301075269	110	56	3	0	45	0.290322580645
0.17273776903	0.304301075269	111	56	3	0	45	0.288461538462
0.172837328233	0.304301075269	111	57	3	0	45	0.288461538462
0.174328508404	0.303225806452	112	57	3	0	45	0.286624203822
0.174750529609	0.304301075269	113	57	3	0	45	0.284810126582
0.17610636322	0.301075268817	113	58	3	0	48	0.298136645963
0.17852676089	0.302150537634	114	58	3	0	48	0.296296296296
0.180944670729	0.301075268817	114	59	3	0	49	0.300613496933
0.182998030781	0.302150537634	115	59	3	0	49	0.298780487805
0.184647247459	0.303225806452	116	59	3	0	49	0.29696969697
0.186071148487	0.304301075269	117	59	3	0	49	0.295180722892
0.186186485881	0.304301075269	117	60	3	0	49	0.295180722892
0.186943752494	0.304301075269	118	60	3	0	49	0.293413173653
0.187807387624	0.303225806452	119	60	3	0	49	0.291666666667
0.190389407304	0.302150537634	119	61	3	0	50	0.295857988166
0.196192787271	0.303225806452	120	61	3	0	50	0.294117647059
0.197321740595	0.303225806452	121	61	3	0	50	0.292397660819
0.198624362012	0.304301075269	122	61	3	0	50	0.290697674419
0.19926630753	0.305376344086	123	61	3	0	50	0.28901734104
0.200403556554	0.306451612903	124	61	3	0	50	0.287356321839
0.200915502958	0.30752688172	125	61	3	0	50	0.285714285714
0.202015969563	0.306451612903	125	62	3	0	51	0.289772727273
0.202740529852	0.305376344086	126	62	3	0	51	0.28813559322
0.205753929928	0.304301075269	127	62	3	0	51	0.286516853933
0.209940285966	0.305376344086	128	62	3	0	51	0.284916201117
0.212243733918	0.305376344086	128	63	3	0	51	0.284916201117
0.212328641496	0.306451612903	129	63	3	0	51	0.283333333333
0.215246442857	0.306451612903	130	63	3	0	51	0.281767955801
0.216419996976	0.306451612903	131	63	3	0	51	0.28021978022
0.216840960563	0.306451612903	132	63	3	0	51	0.27868852459
0.217401090056	0.305376344086	132	64	3	0	52	0.282608695652
0.218246299303	0.305376344086	132	65	3	0	52	0.282608695652
0.218439197193	0.306451612903	133	65	3	0	52	0.281081081081
0.219295936853	0.306451612903	133	66	3	0	52	0.281081081081
0.223075092927	0.30752688172	134	66	3	0	52	0.279569892473
0.22381135252	0.306451612903	134	67	3	0	53	0.283422459893
0.224886530439	0.304301075269	134	68	3	0	55	0.291005291005
0.224906167927	0.303225806452	134	69	3	0	56	0.294736842105
0.226225842559	0.303225806452	135	69	3	0	56	0.293193717277
0.226245843853	0.303225806452	136	69	3	0	56	0.291666666667
0.227443907189	0.303225806452	136	70	3	0	56	0.291666666667
0.230393028685	0.302150537634	137	70	3	0	56	0.290155440415
0.232255716083	0.303225806452	138	70	3	0	56	0.288659793814
0.232697980908	0.302150537634	138	71	3	0	57	0.292307692308
0.233161082956	0.3	138	72	3	0	59	0.299492385787
0.234159665346	0.3	139	72	3	0	59	0.29797979798
0.234219203369	0.298924731183	139	73	3	0	60	0.301507537688
0.234775117948	0.3	140	73	3	0	60	0.3
0.234943505697	0.298924731183	140	74	3	0	61	0.303482587065
0.237604597873	0.3	141	74	3	0	61	0.30198019802
0.237716118507	0.301075268817	142	74	3	0	61	0.300492610837
0.238249261629	0.3	142	75	3	0	62	0.303921568627
0.238330313288	0.301075268817	143	75	3	0	62	0.30243902439
0.23834697005	0.302150537634	144	75	3	0	62	0.300970873786
0.240713347886	0.303225806452	145	75	3	0	62	0.299516908213
0.241446793668	0.304301075269	146	75	3	0	62	0.298076923077
0.243285995483	0.305376344086	147	75	3	0	62	0.296650717703
0.245440349551	0.305376344086	147	76	3	0	62	0.296650717703
0.248406807039	0.305376344086	147	77	3	0	62	0.296650717703
0.248814831237	0.306451612903	148	77	3	0	62	0.295238095238
0.249370056761	0.30752688172	149	77	3	0	62	0.293838862559
0.249580788716	0.308602150538	150	77	3	0	62	0.292452830189
0.249958878223	0.30752688172	151	77	3	0	62	0.291079812207
0.250938511056	0.308602150538	152	77	3	0	62	0.289719626168
0.252867328682	0.308602150538	153	77	3	0	62	0.288372093023
0.253646594303	0.306451612903	153	78	3	0	64	0.294930875576
0.254672668748	0.304301075269	153	79	3	0	66	0.301369863014
0.255097426097	0.305376344086	154	79	3	0	66	0.3
0.256593759786	0.306451612903	155	79	3	0	66	0.298642533937
0.256594381485	0.306451612903	156	79	3	0	66	0.297297297297
0.257149056369	0.305376344086	157	79	3	0	66	0.295964125561
0.257210006029	0.305376344086	157	80	3	0	66	0.295964125561
0.258636658058	0.306451612903	158	80	3	0	66	0.294642857143
0.259276491047	0.306451612903	159	80	3	0	66	0.293333333333
0.259298142642	0.306451612903	159	81	3	0	66	0.293333333333
0.260478708273	0.306451612903	160	81	3	0	66	0.29203539823
0.262378683326	0.30752688172	161	81	3	0	66	0.290748898678
0.263913817081	0.306451612903	161	82	3	0	67	0.293859649123
0.265286372917	0.305376344086	162	82	3	0	67	0.292576419214
0.266002715246	0.306451612903	163	82	3	0	67	0.291304347826
0.266960697326	0.306451612903	164	82	3	0	67	0.290043290043
0.268456392023	0.304301075269	164	83	3	0	69	0.296137339056
0.270813909059	0.305376344086	165	83	3	0	69	0.294871794872
0.272625140061	0.305376344086	165	84	3	0	69	0.294871794872
0.273908295957	0.306451612903	166	84	3	0	69	0.293617021277
0.276158365894	0.305376344086	166	85	3	0	70	0.296610169492
0.276907596059	0.305376344086	166	86	3	0	70	0.296610169492
0.277397337163	0.304301075269	166	87	3	0	71	0.299578059072
0.284125450288	0.303225806452	166	88	3	0	72	0.302521008403
0.286602046384	0.301075268817	166	89	3	0	74	0.308333333333
0.287964650289	0.3	166	90	3	0	75	0.311203319502
0.288244235111	0.298924731183	166	91	3	0	76	0.314049586777
0.288257863853	0.3	167	91	3	0	76	0.312757201646
0.28931553889	0.3	167	92	3	0	76	0.312757201646
0.290702414517	0.301075268817	168	92	3	0	76	0.311475409836
0.292799256391	0.301075268817	168	93	3	0	76	0.311475409836
0.293271548395	0.3	168	94	3	0	77	0.314285714286
0.294693314987	0.301075268817	169	94	3	0	77	0.313008130081
0.296472522485	0.3	169	95	3	0	78	0.315789473684
0.29748669797	0.297849462366	169	96	3	0	80	0.321285140562
0.298751838258	0.298924731183	170	96	3	0	80	0.32
0.299230473248	0.297849462366	170	97	3	0	81	0.322709163347
0.300073035317	0.298924731183	171	97	3	0	81	0.321428571429
0.302037302768	0.298924731183	172	97	3	0	81	0.320158102767
0.302268036839	0.297849462366	172	98	3	0	82	0.322834645669
0.302759193402	0.298924731183	173	98	3	0	82	0.321568627451
0.304724179617	0.3	174	98	3	0	82	0.3203125
0.304793680862	0.301075268817	175	98	3	0	82	0.31906614786
0.307208203797	0.301075268817	176	98	3	0	82	0.317829457364
0.307337748419	0.302150537634	177	98	3	0	82	0.316602316602
0.313521647882	0.298924731183	177	99	3	0	85	0.324427480916
