# time 	 divergence 	 # of mutations 	 # IGC chances 	 IGC length 	 # IGC failures 	 Changes due to IGC  	 % change due to IGC 
0.0	0.0	0	0	0	0	0	0.0
7.36250917664e-05	0.0	0	1	3	0	0	0.0
0.000101543908011	0.0	0	2	3	0	0	0.0
0.000108599197503	0.00204498977505	1	2	3	0	0	0.0
0.000396091438013	0.00204498977505	1	3	3	0	0	0.0
0.000445657290125	0.00204498977505	1	4	3	0	0	0.0
0.000494244688189	0.00204498977505	1	5	3	0	0	0.0
0.000501636083123	0.00204498977505	1	6	3	0	0	0.0
0.000558202193671	0.00204498977505	1	7	3	0	0	0.0
0.000680415263876	0.00204498977505	1	8	3	0	0	0.0
0.000757627796093	0.00204498977505	1	9	3	0	0	0.0
0.000761935047538	0.00204498977505	1	10	3	0	0	0.0
0.000943282655488	0.00204498977505	1	11	3	0	0	0.0
0.00102515450463	0.00204498977505	1	12	3	0	0	0.0
0.00106712754776	0.00204498977505	1	13	3	0	0	0.0
0.0010814581563	0.00204498977505	1	14	3	0	0	0.0
0.00117872047674	0.00204498977505	1	15	3	0	0	0.0
0.00133005208123	0.0	1	16	3	0	1	0.5
0.00140379070991	0.00204498977505	2	16	3	0	1	0.333333333333
0.00157159954423	0.00204498977505	2	17	3	0	1	0.333333333333
0.00171277880684	0.00204498977505	2	18	3	0	1	0.333333333333
0.00250123398334	0.00204498977505	2	19	3	0	1	0.333333333333
0.00252617851842	0.00204498977505	2	20	3	0	1	0.333333333333
0.00280190584899	0.00204498977505	2	21	3	0	1	0.333333333333
0.00289959891032	0.00204498977505	2	22	3	0	1	0.333333333333
0.00307832492696	0.00204498977505	2	23	3	0	1	0.333333333333
0.00332963908942	0.00204498977505	2	24	3	0	1	0.333333333333
0.00372042787984	0.00204498977505	2	25	3	0	1	0.333333333333
0.00378596258175	0.00204498977505	2	26	3	0	1	0.333333333333
0.00380278010225	0.00204498977505	2	27	3	0	1	0.333333333333
0.00382849451663	0.00204498977505	2	28	3	0	1	0.333333333333
0.00384883288075	0.00204498977505	2	29	3	0	1	0.333333333333
0.0039034578657	0.00204498977505	2	30	3	0	1	0.333333333333
0.00455273864066	0.00204498977505	2	31	3	0	1	0.333333333333
0.00493840679337	0.00204498977505	2	32	3	0	1	0.333333333333
0.00504618318638	0.00204498977505	2	33	3	0	1	0.333333333333
0.00511020669722	0.00204498977505	2	34	3	0	1	0.333333333333
0.00518767188659	0.00204498977505	2	35	3	0	1	0.333333333333
0.00520691250001	0.00204498977505	2	36	3	0	1	0.333333333333
0.00557486221505	0.00204498977505	2	37	3	0	1	0.333333333333
0.00584183105211	0.00204498977505	2	38	3	0	1	0.333333333333
0.00594868478556	0.00204498977505	2	39	3	0	1	0.333333333333
0.00604470955976	0.00204498977505	2	40	3	0	1	0.333333333333
0.00612752225252	0.00204498977505	2	41	3	0	1	0.333333333333
0.00616175779942	0.00204498977505	2	42	3	0	1	0.333333333333
0.00623120069893	0.00204498977505	2	43	3	0	1	0.333333333333
0.00628061761847	0.00204498977505	2	44	3	0	1	0.333333333333
0.00660486520945	0.00204498977505	2	45	3	0	1	0.333333333333
0.00716612655546	0.00204498977505	2	46	3	0	1	0.333333333333
0.00722011040371	0.00204498977505	2	47	3	0	1	0.333333333333
0.00734192554949	0.00204498977505	2	48	3	0	1	0.333333333333
0.007592204911	0.00204498977505	2	49	3	0	1	0.333333333333
0.00764840191086	0.00204498977505	2	50	3	0	1	0.333333333333
0.00792467811893	0.00204498977505	2	51	3	0	1	0.333333333333
0.00799598478658	0.00204498977505	2	52	3	0	1	0.333333333333
0.00801919762442	0.00204498977505	2	53	3	0	1	0.333333333333
0.00809296986341	0.00204498977505	2	54	3	0	1	0.333333333333
0.00834241161538	0.00204498977505	2	55	3	0	1	0.333333333333
0.00853683926822	0.00204498977505	2	56	3	0	1	0.333333333333
0.0087465327525	0.00204498977505	2	57	3	0	1	0.333333333333
0.00876636354504	0.00204498977505	2	58	3	0	1	0.333333333333
0.00879917507251	0.00204498977505	2	59	3	0	1	0.333333333333
0.00880839160439	0.00204498977505	2	60	3	0	1	0.333333333333
0.00886967516246	0.00204498977505	2	61	3	0	1	0.333333333333
0.00905599254127	0.00204498977505	2	62	3	0	1	0.333333333333
0.00907899735297	0.00204498977505	2	63	3	0	1	0.333333333333
0.00911433020175	0.00204498977505	2	64	3	0	1	0.333333333333
0.00966235327539	0.00204498977505	2	65	3	0	1	0.333333333333
0.00972129100147	0.00204498977505	2	66	3	0	1	0.333333333333
0.00979012110295	0.00204498977505	2	67	3	0	1	0.333333333333
0.00995488191863	0.00204498977505	2	68	3	0	1	0.333333333333
0.0100024192477	0.00204498977505	2	69	3	0	1	0.333333333333
0.0101573582455	0.00204498977505	2	70	3	0	1	0.333333333333
0.010192752329	0.00204498977505	2	71	3	0	1	0.333333333333
0.010252256254	0.00204498977505	2	72	3	0	1	0.333333333333
0.0102816962722	0.00204498977505	2	73	3	0	1	0.333333333333
0.0104077399267	0.00204498977505	2	74	3	0	1	0.333333333333
0.0105076429006	0.00204498977505	2	75	3	0	1	0.333333333333
0.0107773874804	0.00204498977505	2	76	3	0	1	0.333333333333
0.0108514768315	0.00204498977505	2	77	3	0	1	0.333333333333
0.01088724034	0.00204498977505	2	78	3	0	1	0.333333333333
0.0114508869033	0.0040899795501	3	78	3	0	1	0.25
0.0115201968527	0.0040899795501	3	79	3	0	1	0.25
0.0116903509496	0.0040899795501	3	80	3	0	1	0.25
0.0117226911799	0.0040899795501	3	81	3	0	1	0.25
0.0118287079436	0.0040899795501	3	82	3	0	1	0.25
0.0119439732951	0.0040899795501	3	83	3	0	1	0.25
0.0120538940872	0.0040899795501	3	84	3	0	1	0.25
0.0121587348939	0.0040899795501	3	85	3	0	1	0.25
0.0122533639555	0.0040899795501	3	86	3	0	1	0.25
0.012358260135	0.0040899795501	3	87	3	0	1	0.25
0.0125625172844	0.0040899795501	3	88	3	0	1	0.25
0.0126735377084	0.0040899795501	3	89	3	0	1	0.25
0.0128996919075	0.0040899795501	3	90	3	0	1	0.25
0.013307443085	0.00613496932515	4	90	3	0	1	0.2
0.01335794749	0.00613496932515	4	91	3	0	1	0.2
0.01346282925	0.00613496932515	4	92	3	0	1	0.2
0.0136253370655	0.00613496932515	4	93	3	0	1	0.2
0.0137086197655	0.00613496932515	4	94	3	0	1	0.2
0.0137452358127	0.00613496932515	4	95	3	0	1	0.2
0.0138641569106	0.00613496932515	4	96	3	0	1	0.2
0.0138772383759	0.00613496932515	4	97	3	0	1	0.2
0.0140188239782	0.0081799591002	5	97	3	0	1	0.166666666667
0.0140375160625	0.0081799591002	5	98	3	0	1	0.166666666667
0.0140858544615	0.0081799591002	5	99	3	0	1	0.166666666667
0.014135857693	0.0081799591002	5	100	3	0	1	0.166666666667
0.0142752935066	0.0081799591002	5	101	3	0	1	0.166666666667
0.0143143422434	0.0081799591002	5	102	3	0	1	0.166666666667
0.014431119199	0.0102249488753	6	102	3	0	1	0.142857142857
0.0146653053055	0.0102249488753	6	103	3	0	1	0.142857142857
0.0148073328791	0.0102249488753	6	104	3	0	1	0.142857142857
0.0148095469156	0.0102249488753	6	105	3	0	1	0.142857142857
0.0148745668044	0.0102249488753	6	106	3	0	1	0.142857142857
0.0152078160853	0.0102249488753	6	107	3	0	1	0.142857142857
0.0153400668176	0.0102249488753	6	108	3	0	1	0.142857142857
0.0155647618711	0.0102249488753	6	109	3	0	1	0.142857142857
0.0156806602324	0.0102249488753	6	110	3	0	1	0.142857142857
0.0157867688939	0.0102249488753	6	111	3	0	1	0.142857142857
0.0163988784661	0.0102249488753	6	112	3	0	1	0.142857142857
0.0166605708714	0.0102249488753	6	113	3	0	1	0.142857142857
0.0168734169618	0.0102249488753	6	114	3	0	1	0.142857142857
0.0169807311736	0.0102249488753	6	115	3	0	1	0.142857142857
0.0173387115336	0.0102249488753	6	116	3	0	1	0.142857142857
0.0173916339765	0.0102249488753	6	117	3	0	1	0.142857142857
0.0174530777911	0.0102249488753	6	118	3	0	1	0.142857142857
0.0175442069559	0.0102249488753	6	119	3	0	1	0.142857142857
0.0178411508355	0.0122699386503	7	119	3	0	1	0.125
0.0179228708276	0.0122699386503	7	120	3	0	1	0.125
0.0182168353086	0.0122699386503	7	121	3	0	1	0.125
0.0184104173341	0.0122699386503	7	122	3	0	1	0.125
0.0184154855772	0.0122699386503	7	123	3	0	1	0.125
0.0184395198297	0.0122699386503	7	124	3	0	1	0.125
0.0186562321762	0.0122699386503	7	125	3	0	1	0.125
0.0190238377959	0.0122699386503	7	126	3	0	1	0.125
0.0191453977122	0.0122699386503	7	127	3	0	1	0.125
0.0192315450061	0.0122699386503	7	128	3	0	1	0.125
0.0192511760878	0.0122699386503	7	129	3	0	1	0.125
0.0193474640642	0.0122699386503	7	130	3	0	1	0.125
0.0195571132829	0.0122699386503	7	131	3	0	1	0.125
0.0195738883918	0.0122699386503	7	132	3	0	1	0.125
0.0196830272156	0.0122699386503	7	133	3	0	1	0.125
