# time 	 divergence 	 # of mutations 	 # IGC chances 	 IGC length 	 # IGC failures 	 Changes due to IGC  	 % change due to IGC 
0.0	0.0122699386503	0	0	0	0	0	0.0
0.000728251664126	0.0122699386503	0	1	3	0	0	0.0
0.000729041004306	0.0122699386503	0	2	3	0	0	0.0
0.000788719197508	0.0122699386503	0	3	3	0	0	0.0
0.000852815956817	0.0122699386503	0	4	3	0	0	0.0
0.000887086263052	0.0102249488753	0	5	3	0	1	1.0
0.00126639588084	0.0102249488753	0	6	3	0	1	1.0
0.00138927093962	0.0102249488753	0	7	3	0	1	1.0
0.00153144159574	0.0102249488753	0	8	3	0	1	1.0
0.00157136741927	0.0102249488753	0	9	3	0	1	1.0
0.00158819369861	0.0102249488753	0	10	3	0	1	1.0
0.00174424213476	0.0102249488753	0	11	3	0	1	1.0
0.00184970379502	0.0102249488753	0	12	3	0	1	1.0
0.00187950545813	0.0102249488753	0	13	3	0	1	1.0
0.00188119422249	0.0102249488753	0	14	3	0	1	1.0
0.00227437232966	0.0102249488753	0	15	3	0	1	1.0
0.0024398850532	0.0081799591002	0	16	3	0	2	1.0
0.00249581998303	0.0081799591002	0	17	3	0	2	1.0
0.00270853664076	0.0081799591002	0	18	3	0	2	1.0
0.00271338505115	0.0081799591002	0	19	3	0	2	1.0
0.00299636474549	0.0081799591002	0	20	3	0	2	1.0
0.00300738507178	0.0081799591002	0	21	3	0	2	1.0
0.00316409739431	0.0081799591002	0	22	3	0	2	1.0
0.0032213634338	0.0081799591002	0	23	3	0	2	1.0
0.00323053124331	0.0081799591002	0	24	3	0	2	1.0
0.00339136557478	0.0081799591002	0	25	3	0	2	1.0
0.00363654396553	0.0081799591002	0	26	3	0	2	1.0
0.00368946854707	0.0081799591002	0	27	3	0	2	1.0
0.00376015585033	0.00613496932515	0	28	3	0	3	1.0
0.00386101390376	0.0081799591002	1	28	3	0	3	0.75
0.00508556942333	0.0102249488753	2	28	3	0	3	0.6
0.00508953503609	0.0122699386503	3	28	3	0	3	0.5
0.00521329176296	0.0122699386503	3	29	3	0	3	0.5
0.00535824723878	0.0122699386503	3	30	3	0	3	0.5
0.00548396676546	0.0122699386503	3	31	3	0	3	0.5
0.0056383503997	0.0122699386503	3	32	3	0	3	0.5
0.00575855075388	0.0122699386503	3	33	3	0	3	0.5
0.00617994178681	0.0122699386503	3	34	3	0	3	0.5
0.00618767031012	0.0122699386503	3	35	3	0	3	0.5
0.00649624301879	0.0122699386503	3	36	3	0	3	0.5
0.0066624836895	0.0122699386503	3	37	3	0	3	0.5
0.00722712353243	0.0122699386503	3	38	3	0	3	0.5
0.00747609211136	0.0122699386503	3	39	3	0	3	0.5
0.00775147270964	0.0122699386503	3	40	3	0	3	0.5
0.00776654348023	0.0122699386503	3	41	3	0	3	0.5
0.00782022388117	0.0122699386503	3	42	3	0	3	0.5
0.0080372308144	0.0122699386503	3	43	3	0	3	0.5
0.00804507303083	0.0122699386503	3	44	3	0	3	0.5
0.00812187595783	0.0102249488753	3	45	3	0	4	0.571428571429
0.00823818070933	0.0102249488753	3	46	3	0	4	0.571428571429
0.008717273848	0.0102249488753	3	47	3	0	4	0.571428571429
0.00874001887715	0.0102249488753	3	48	3	0	4	0.571428571429
0.00887182640054	0.0102249488753	3	49	3	0	4	0.571428571429
0.00910748862528	0.0122699386503	4	49	3	0	4	0.5
0.00915157790468	0.0122699386503	4	50	3	0	4	0.5
0.00919887540459	0.0122699386503	4	51	3	0	4	0.5
0.00937942641064	0.0122699386503	4	52	3	0	4	0.5
0.00941929782408	0.0122699386503	4	53	3	0	4	0.5
0.00951840233714	0.0122699386503	4	54	3	0	4	0.5
0.00957723564637	0.0122699386503	4	55	3	0	4	0.5
0.0100019720894	0.0122699386503	4	56	3	0	4	0.5
0.0104490384721	0.0122699386503	4	57	3	0	4	0.5
0.0106031232906	0.0122699386503	4	58	3	0	4	0.5
0.0106506515497	0.0122699386503	4	59	3	0	4	0.5
0.0107616911434	0.0122699386503	4	60	3	0	4	0.5
0.0111344894839	0.0122699386503	4	61	3	0	4	0.5
0.0112313468819	0.0122699386503	4	62	3	0	4	0.5
0.0114315388176	0.0122699386503	4	63	3	0	4	0.5
0.0116757160676	0.0122699386503	4	64	3	0	4	0.5
0.0118983685384	0.0122699386503	4	65	3	0	4	0.5
0.0122008002812	0.0122699386503	4	66	3	0	4	0.5
0.0122019878775	0.0122699386503	4	67	3	0	4	0.5
0.0124541061227	0.0122699386503	4	68	3	0	4	0.5
0.0125031079181	0.0143149284254	5	68	3	0	4	0.444444444444
0.0130138676125	0.0143149284254	5	69	3	0	4	0.444444444444
0.01314475215	0.0143149284254	5	70	3	0	4	0.444444444444
0.0135042847573	0.0143149284254	5	71	3	0	4	0.444444444444
0.0137021898511	0.0143149284254	5	72	3	0	4	0.444444444444
0.0137562807033	0.0143149284254	5	73	3	0	4	0.444444444444
0.0137996685215	0.0143149284254	5	74	3	0	4	0.444444444444
0.0139745886987	0.0143149284254	5	75	3	0	4	0.444444444444
0.0139914115453	0.0143149284254	5	76	3	0	4	0.444444444444
0.0140277200037	0.0143149284254	5	77	3	0	4	0.444444444444
0.0143456841515	0.0143149284254	5	78	3	0	4	0.444444444444
0.0144248930758	0.0143149284254	5	79	3	0	4	0.444444444444
0.014795389114	0.0163599182004	6	79	3	0	4	0.4
0.0148662984224	0.0163599182004	6	80	3	0	4	0.4
0.015115137357	0.0163599182004	6	81	3	0	4	0.4
0.0151654722002	0.0163599182004	6	82	3	0	4	0.4
0.0151966384581	0.0163599182004	6	83	3	0	4	0.4
0.0152929263979	0.0163599182004	6	84	3	0	4	0.4
0.0154835204424	0.0163599182004	6	85	3	0	4	0.4
0.0158669386595	0.0163599182004	6	86	3	0	4	0.4
0.0158729905478	0.0163599182004	6	87	3	0	4	0.4
0.0158732978007	0.0163599182004	6	88	3	0	4	0.4
0.0159379954523	0.0163599182004	6	89	3	0	4	0.4
0.0159498277735	0.0163599182004	6	90	3	0	4	0.4
0.0162522905253	0.0184049079755	7	90	3	0	4	0.363636363636
0.0165179809834	0.0184049079755	7	91	3	0	4	0.363636363636
0.0166486195423	0.0184049079755	7	92	3	0	4	0.363636363636
0.0166737169241	0.0204498977505	8	92	3	0	4	0.333333333333
0.0167777476739	0.0204498977505	8	93	3	0	4	0.333333333333
0.0167941303308	0.0184049079755	8	94	3	0	5	0.384615384615
0.0169209209813	0.0184049079755	8	95	3	0	5	0.384615384615
0.0171526886807	0.0184049079755	8	96	3	0	5	0.384615384615
0.0174489592963	0.0184049079755	8	97	3	0	5	0.384615384615
0.017476783284	0.0184049079755	8	98	3	0	5	0.384615384615
0.0177461980119	0.0184049079755	8	99	3	0	5	0.384615384615
0.017933522176	0.0184049079755	8	100	3	0	5	0.384615384615
0.0185450371993	0.0184049079755	8	101	3	0	5	0.384615384615
0.0186262894121	0.0184049079755	8	102	3	0	5	0.384615384615
0.0189485262971	0.0184049079755	8	103	3	0	5	0.384615384615
0.0191779187426	0.0184049079755	8	104	3	0	5	0.384615384615
0.0192845969181	0.0184049079755	8	105	3	0	5	0.384615384615
0.0198502632703	0.0184049079755	8	106	3	0	5	0.384615384615
0.0200720064099	0.0184049079755	8	107	3	0	5	0.384615384615
0.0201568778822	0.0163599182004	8	108	3	0	6	0.428571428571
0.0201915607402	0.0163599182004	8	109	3	0	6	0.428571428571
0.0202379056057	0.0163599182004	8	110	3	0	6	0.428571428571
0.020377079931	0.0163599182004	8	111	3	0	6	0.428571428571
0.0204016736595	0.0163599182004	8	112	3	0	6	0.428571428571
0.0205422694696	0.0163599182004	8	113	3	0	6	0.428571428571
0.0208180809695	0.0163599182004	8	114	3	0	6	0.428571428571
0.0208700438028	0.0163599182004	8	115	3	0	6	0.428571428571
0.020983178101	0.0163599182004	8	116	3	0	6	0.428571428571
0.0210523722243	0.0163599182004	8	117	3	0	6	0.428571428571
0.0211176072355	0.0163599182004	8	118	3	0	6	0.428571428571
0.0211588673286	0.0163599182004	8	119	3	0	6	0.428571428571
0.0211663365146	0.0163599182004	8	120	3	0	6	0.428571428571
0.0211978603278	0.0163599182004	8	121	3	0	6	0.428571428571
0.0212103504408	0.0163599182004	8	122	3	0	6	0.428571428571
0.0216120440918	0.0163599182004	8	123	3	0	6	0.428571428571
0.0216194668194	0.0163599182004	8	124	3	0	6	0.428571428571
0.0216505666747	0.0163599182004	8	125	3	0	6	0.428571428571
0.0217082269719	0.0184049079755	9	125	3	0	6	0.4
0.021720982903	0.0184049079755	9	126	3	0	6	0.4
0.0217248552077	0.0184049079755	9	127	3	0	6	0.4
0.0218014340251	0.0204498977505	10	127	3	0	6	0.375
0.0218022815405	0.0204498977505	10	128	3	0	6	0.375
0.0219767569678	0.0204498977505	10	129	3	0	6	0.375
0.0221106494738	0.0204498977505	10	130	3	0	6	0.375
0.0224472308858	0.0204498977505	10	131	3	0	6	0.375
0.0224661133896	0.0204498977505	10	132	3	0	6	0.375
0.0225954116669	0.0204498977505	10	133	3	0	6	0.375
0.0226239998071	0.0204498977505	10	134	3	0	6	0.375
0.0227696495701	0.0204498977505	10	135	3	0	6	0.375
0.0228703777837	0.0204498977505	10	136	3	0	6	0.375
0.0233142964126	0.0204498977505	10	137	3	0	6	0.375
0.0235464240784	0.0204498977505	10	138	3	0	6	0.375
0.0235689221923	0.0204498977505	10	139	3	0	6	0.375
0.0239883114934	0.0204498977505	10	140	3	0	6	0.375
0.0240826110183	0.0204498977505	10	141	3	0	6	0.375
0.0242037909101	0.0204498977505	10	142	3	0	6	0.375
0.0243798914497	0.0204498977505	10	143	3	0	6	0.375
0.0245259124064	0.0204498977505	10	144	3	0	6	0.375
0.0246682724583	0.0204498977505	10	145	3	0	6	0.375
0.024682337782	0.0204498977505	10	146	3	0	6	0.375
0.0246924072298	0.0204498977505	10	147	3	0	6	0.375
0.0249826042124	0.0204498977505	10	148	3	0	6	0.375
0.0250034405798	0.0204498977505	10	149	3	0	6	0.375
0.0252301695383	0.0204498977505	10	150	3	0	6	0.375
0.0253184593044	0.0204498977505	10	151	3	0	6	0.375
0.0253302755062	0.0204498977505	10	152	3	0	6	0.375
0.0253858188295	0.0204498977505	10	153	3	0	6	0.375
0.025749830404	0.0204498977505	10	154	3	0	6	0.375
0.0258630161246	0.0204498977505	10	155	3	0	6	0.375
0.0258933622884	0.0204498977505	10	156	3	0	6	0.375
0.0259992870362	0.0204498977505	10	157	3	0	6	0.375
0.0262855036749	0.0204498977505	10	158	3	0	6	0.375
0.0263965931246	0.0224948875256	11	158	3	0	6	0.352941176471
0.0264187227992	0.0224948875256	11	159	3	0	6	0.352941176471
0.02656110606	0.0224948875256	11	160	3	0	6	0.352941176471
0.0266462171164	0.0224948875256	11	161	3	0	6	0.352941176471
0.0270311609592	0.0224948875256	11	162	3	0	6	0.352941176471
0.0271702285905	0.0224948875256	11	163	3	0	6	0.352941176471
0.0273605394526	0.0224948875256	11	164	3	0	6	0.352941176471
0.0273615836461	0.0224948875256	11	165	3	0	6	0.352941176471
0.0273724203571	0.0224948875256	11	166	3	0	6	0.352941176471
0.0276793912399	0.0224948875256	11	167	3	0	6	0.352941176471
0.0281313857817	0.0224948875256	11	168	3	0	6	0.352941176471
0.0281600494846	0.0224948875256	11	169	3	0	6	0.352941176471
0.0282999793598	0.0224948875256	11	170	3	0	6	0.352941176471
0.0285042091775	0.0224948875256	11	171	3	0	6	0.352941176471
0.0289738595765	0.0224948875256	11	172	3	0	6	0.352941176471
0.028990760423	0.0224948875256	11	173	3	0	6	0.352941176471
0.0291937574778	0.0224948875256	11	174	3	0	6	0.352941176471
0.0292341460973	0.0224948875256	11	175	3	0	6	0.352941176471
0.0294118479473	0.0224948875256	11	176	3	0	6	0.352941176471
0.0295642743816	0.0224948875256	11	177	3	0	6	0.352941176471
0.029651703356	0.0224948875256	11	178	3	0	6	0.352941176471
0.0296765956649	0.0224948875256	11	179	3	0	6	0.352941176471
0.0298415410892	0.0224948875256	11	180	3	0	6	0.352941176471
0.0298785758951	0.0224948875256	11	181	3	0	6	0.352941176471
0.030452174151	0.0224948875256	11	182	3	0	6	0.352941176471
0.0304626092658	0.0245398773006	12	182	3	0	6	0.333333333333
0.0305969222454	0.0245398773006	12	183	3	0	6	0.333333333333
0.0308320144827	0.0245398773006	12	184	3	0	6	0.333333333333
0.0311640282651	0.0245398773006	12	185	3	0	6	0.333333333333
0.0312425569578	0.0224948875256	12	186	3	0	7	0.368421052632
0.0313760826678	0.0204498977505	12	187	3	0	8	0.4
0.0315835851625	0.0204498977505	12	188	3	0	8	0.4
0.0316600523643	0.0204498977505	12	189	3	0	8	0.4
0.0316604673331	0.0204498977505	12	190	3	0	8	0.4
0.0319070828087	0.0204498977505	12	191	3	0	8	0.4
0.0320373807777	0.0204498977505	12	192	3	0	8	0.4
