# time 	 divergence 	 # of mutations 	 # IGC chances 	 IGC length 	 # IGC failures 	 Changes due to IGC  	 % change due to IGC 
0.0	0.179959100204	0	0	0	0	0	0.0
0.00328305275838	0.18200408998	1	0	0	0	0	0.0
0.00436141475779	0.184049079755	2	0	0	0	0	0.0
0.00538909847457	0.177914110429	2	1	21	0	3	0.6
0.0106417228874	0.179959100204	3	1	21	0	3	0.5
0.0109178372253	0.18200408998	4	1	21	0	3	0.428571428571
0.0111740616699	0.184049079755	5	1	21	0	3	0.375
0.0120961613612	0.18609406953	6	1	21	0	3	0.333333333333
0.0178405925955	0.188139059305	7	1	21	0	3	0.3
0.0191558927085	0.188139059305	8	1	21	0	3	0.272727272727
0.0203240452241	0.188139059305	8	2	3	0	3	0.272727272727
0.021080767893	0.19018404908	9	2	3	0	3	0.25
0.0232311357184	0.192229038855	10	2	3	0	3	0.230769230769
0.0262096497268	0.18200408998	10	3	18	0	8	0.444444444444
0.0263961564108	0.184049079755	11	3	18	0	8	0.421052631579
0.027338729394	0.18609406953	12	3	18	0	8	0.4
0.0315693400717	0.188139059305	13	3	18	0	8	0.380952380952
0.0324352419521	0.18609406953	13	4	3	0	9	0.409090909091
0.032552149562	0.188139059305	14	4	3	0	9	0.391304347826
0.0350291764871	0.18200408998	14	5	15	0	12	0.461538461538
0.0397696157767	0.18200408998	14	6	6	0	12	0.461538461538
0.0423573480583	0.18200408998	14	7	3	0	12	0.461538461538
0.0434759174944	0.184049079755	15	7	3	0	12	0.444444444444
0.044405516163	0.179959100204	15	8	3	0	14	0.48275862069
0.0508969878719	0.18200408998	16	8	3	0	14	0.466666666667
0.0527683802228	0.184049079755	17	8	3	0	14	0.451612903226
0.0541731143739	0.18609406953	18	8	3	0	14	0.4375
0.0595575931889	0.188139059305	19	8	3	0	14	0.424242424242
0.0606340669638	0.19018404908	20	8	3	0	14	0.411764705882
0.0620129642241	0.192229038855	21	8	3	0	14	0.4
0.0646191431588	0.19427402863	22	8	3	0	14	0.388888888889
0.0673336315031	0.196319018405	23	8	3	0	14	0.378378378378
0.0688240673053	0.19836400818	24	8	3	0	14	0.368421052632
0.0693787704464	0.200408997955	25	8	3	0	14	0.358974358974
0.0694896396253	0.19836400818	25	9	3	0	15	0.375
0.0876336307408	0.200408997955	26	9	3	0	15	0.365853658537
0.0889974329088	0.20245398773	27	9	3	0	15	0.357142857143
0.0914792061458	0.20245398773	28	9	3	0	15	0.348837209302
0.0980673659897	0.204498977505	29	9	3	0	15	0.340909090909
0.0993387599253	0.20654396728	30	9	3	0	15	0.333333333333
0.100037606125	0.20245398773	30	10	18	0	17	0.36170212766
0.103640467463	0.200408997955	30	11	9	0	18	0.375
0.106131175034	0.200408997955	30	12	3	0	18	0.375
0.108563826249	0.200408997955	30	13	3	0	18	0.375
0.109002608872	0.200408997955	30	14	6	0	18	0.375
0.111097809746	0.184049079755	30	15	18	0	26	0.464285714286
0.112154406956	0.18609406953	31	15	18	0	26	0.456140350877
0.113696695258	0.188139059305	32	15	18	0	26	0.448275862069
0.122639699022	0.169734151329	32	16	27	0	35	0.522388059701
0.125525863704	0.169734151329	32	17	6	0	35	0.522388059701
0.127288115348	0.171779141104	33	17	6	0	35	0.514705882353
0.128600410615	0.173824130879	34	17	6	0	35	0.507246376812
0.129471037807	0.169734151329	34	18	12	0	37	0.521126760563
0.130139254627	0.171779141104	35	18	12	0	37	0.513888888889
0.132361045858	0.173824130879	36	18	12	0	37	0.506849315068
0.135066941629	0.175869120654	37	18	12	0	37	0.5
0.136441520905	0.175869120654	37	19	9	0	37	0.5
0.138612402619	0.177914110429	38	19	9	0	37	0.493333333333
0.142360975579	0.179959100204	39	19	9	0	37	0.486842105263
0.153036742997	0.177914110429	40	19	9	0	37	0.480519480519
0.157421379494	0.179959100204	41	19	9	0	37	0.474358974359
0.157928664743	0.177914110429	41	20	3	0	38	0.481012658228
0.162905747248	0.179959100204	42	20	3	0	38	0.475
0.166265441442	0.18200408998	43	20	3	0	38	0.469135802469
0.16739885009	0.184049079755	44	20	3	0	38	0.463414634146
