# time 	 divergence 	 # of mutations 	 # IGC chances 	 IGC length 	 # IGC failures 	 Changes due to IGC  	 % change due to IGC 
0.0	0.122699386503	0	0	0	0	0	0.0
0.00400951960538	0.122699386503	0	1	6	0	0	0.0
0.00448114421342	0.122699386503	1	1	6	0	0	0.0
0.00468893052207	0.118609406953	1	2	6	0	2	0.666666666667
0.0130175969746	0.116564417178	2	2	6	0	2	0.5
0.0141262319513	0.112474437628	2	3	6	0	4	0.666666666667
0.0158918156827	0.114519427403	3	3	6	0	4	0.571428571429
0.0167944419237	0.116564417178	4	3	6	0	4	0.5
0.0204677408252	0.114519427403	5	3	6	0	4	0.444444444444
0.0212482321838	0.116564417178	6	3	6	0	4	0.4
0.0220039288093	0.118609406953	7	3	6	0	4	0.363636363636
0.0225354616513	0.120654396728	8	3	6	0	4	0.333333333333
0.0242927861625	0.120654396728	8	4	6	0	4	0.333333333333
0.0249279527078	0.122699386503	9	4	6	0	4	0.307692307692
0.0259459765036	0.120654396728	9	5	6	0	5	0.357142857143
0.0285307161032	0.122699386503	10	5	6	0	5	0.333333333333
0.031210843176	0.124744376278	11	5	6	0	5	0.3125
0.0317136305251	0.122699386503	11	6	9	0	6	0.352941176471
0.0329509785867	0.120654396728	11	7	6	0	7	0.388888888889
0.0337777690411	0.122699386503	12	7	6	0	7	0.368421052632
0.0348443168985	0.120654396728	12	8	3	0	8	0.4
0.0353364553267	0.122699386503	13	8	3	0	8	0.380952380952
0.0354435759574	0.120654396728	13	9	18	0	9	0.409090909091
0.0369558604062	0.120654396728	13	10	6	0	9	0.409090909091
0.0371681933003	0.122699386503	14	10	6	0	9	0.391304347826
0.0374450357925	0.124744376278	15	10	6	0	9	0.375
0.0397725995853	0.126789366053	16	10	6	0	9	0.36
0.0426703485135	0.128834355828	17	10	6	0	9	0.346153846154
0.0443415869223	0.130879345603	18	10	6	0	9	0.333333333333
0.0451786476168	0.122699386503	18	11	12	0	13	0.41935483871
0.0462602665633	0.124744376278	19	11	12	0	13	0.40625
0.0486069543252	0.120654396728	19	12	12	0	15	0.441176470588
0.049265007085	0.112474437628	19	13	30	0	19	0.5
0.050253939827	0.114519427403	20	13	30	0	19	0.487179487179
0.0537532723521	0.116564417178	21	13	30	0	19	0.475
0.0546185425418	0.118609406953	22	13	30	0	19	0.463414634146
0.0555193796554	0.116564417178	22	14	12	0	20	0.47619047619
0.0599908343222	0.118609406953	23	14	12	0	20	0.46511627907
0.060323983933	0.114519427403	23	15	18	0	22	0.488888888889
0.0605768596874	0.116564417178	24	15	18	0	22	0.478260869565
0.0625491854984	0.118609406953	25	15	18	0	22	0.468085106383
0.0637824707989	0.116564417178	26	15	18	0	22	0.458333333333
0.0643199889532	0.118609406953	27	15	18	0	22	0.448979591837
0.0648001302042	0.116564417178	28	15	18	0	22	0.44
0.0649988173172	0.118609406953	29	15	18	0	22	0.43137254902
0.0688479857371	0.120654396728	30	15	18	0	22	0.423076923077
0.069010284773	0.120654396728	31	15	18	0	22	0.415094339623
0.0719872442819	0.122699386503	32	15	18	0	22	0.407407407407
0.0758146372886	0.124744376278	33	15	18	0	22	0.4
0.0766662982641	0.122699386503	33	16	3	0	23	0.410714285714
0.0808265432721	0.124744376278	34	16	3	0	23	0.40350877193
0.0814658384727	0.124744376278	34	17	6	0	23	0.40350877193
0.0826197949539	0.126789366053	35	17	6	0	23	0.396551724138
0.0843179762639	0.128834355828	36	17	6	0	23	0.389830508475
