# time 	 divergence 	 # of mutations 	 # IGC chances 	 IGC length 	 # IGC failures 	 Changes due to IGC  	 % change due to IGC 
0.0	0.485380116959	0	0	0	0	0	0.0
0.000334980042721	0.485380116959	1	0	0	0	0	0.0
0.00116115847055	0.48440545809	2	0	0	0	0	0.0
0.00117660286876	0.481481481481	2	1	3	0	3	0.6
0.0032510953511	0.481481481481	3	1	3	0	3	0.5
0.00384770972752	0.481481481481	4	1	3	0	3	0.428571428571
0.00685813020507	0.482456140351	5	1	3	0	3	0.375
0.00758839210819	0.481481481481	6	1	3	0	3	0.333333333333
0.0104695127547	0.480506822612	7	1	3	0	3	0.3
0.0136300072238	0.477582846004	7	2	3	0	6	0.461538461538
0.0154208595828	0.478557504873	8	2	3	0	6	0.428571428571
0.0158994478492	0.476608187135	8	3	3	0	8	0.5
0.0183973277614	0.477582846004	9	3	3	0	8	0.470588235294
0.0213329656816	0.478557504873	10	3	3	0	8	0.444444444444
0.0216279786239	0.477582846004	11	3	3	0	8	0.421052631579
0.0225152836779	0.478557504873	12	3	3	0	8	0.4
0.0251299894765	0.479532163743	13	3	3	0	8	0.380952380952
0.0264325529272	0.479532163743	14	3	3	0	8	0.363636363636
0.0274025825282	0.480506822612	15	3	3	0	8	0.347826086957
0.0283509414774	0.481481481481	16	3	3	0	8	0.333333333333
0.0288757132532	0.482456140351	17	3	3	0	8	0.32
0.0380761541811	0.48343079922	18	3	3	0	8	0.307692307692
0.0398364726352	0.48343079922	19	3	3	0	8	0.296296296296
0.0429696951374	0.48440545809	20	3	3	0	8	0.285714285714
0.043479147628	0.48343079922	21	3	3	0	8	0.275862068966
0.045752371395	0.48440545809	22	3	3	0	8	0.266666666667
0.0457862450364	0.48343079922	23	3	3	0	8	0.258064516129
0.0458473523901	0.48440545809	24	3	3	0	8	0.25
0.0521200111555	0.485380116959	25	3	3	0	8	0.242424242424
0.052705591647	0.486354775828	26	3	3	0	8	0.235294117647
0.0551395005192	0.485380116959	27	3	3	0	8	0.228571428571
0.056440844473	0.486354775828	28	3	3	0	8	0.222222222222
0.0569034530632	0.487329434698	29	3	3	0	8	0.216216216216
0.0571489955174	0.486354775828	29	4	3	0	9	0.236842105263
0.0576310990536	0.487329434698	30	4	3	0	9	0.230769230769
0.0597737597498	0.488304093567	31	4	3	0	9	0.225
0.0613851723964	0.489278752437	32	4	3	0	9	0.219512195122
0.0630132485843	0.488304093567	32	5	3	0	10	0.238095238095
0.0630250096606	0.487329434698	33	5	3	0	10	0.232558139535
0.0630951666102	0.488304093567	34	5	3	0	10	0.227272727273
0.0659182013979	0.488304093567	35	5	3	0	10	0.222222222222
0.0667750359997	0.489278752437	36	5	3	0	10	0.217391304348
0.068221569277	0.489278752437	37	5	3	0	10	0.212765957447
0.0702563398305	0.490253411306	38	5	3	0	10	0.208333333333
0.0711313102436	0.488304093567	38	6	3	0	12	0.24
0.0756484317374	0.488304093567	39	6	3	0	12	0.235294117647
0.0764847512181	0.489278752437	40	6	3	0	12	0.230769230769
0.0787172958773	0.490253411306	41	6	3	0	12	0.22641509434
0.0803151101724	0.489278752437	42	6	3	0	12	0.222222222222
0.0820835151852	0.490253411306	43	6	3	0	12	0.218181818182
0.0826333026238	0.490253411306	44	6	3	0	12	0.214285714286
0.0827620865495	0.489278752437	44	7	3	0	13	0.228070175439
0.0847390477748	0.490253411306	45	7	3	0	13	0.224137931034
0.0856905039947	0.488304093567	45	8	3	0	15	0.25
0.0870028665984	0.486354775828	45	9	3	0	17	0.274193548387
0.0873948128846	0.487329434698	46	9	3	0	17	0.269841269841
0.0876921806804	0.487329434698	47	9	3	0	17	0.265625
0.0880173633657	0.488304093567	48	9	3	0	17	0.261538461538
0.088078316142	0.488304093567	48	10	3	0	17	0.261538461538
0.0889245460876	0.489278752437	49	10	3	0	17	0.257575757576
0.0914530022505	0.488304093567	50	10	3	0	17	0.253731343284
0.0934591747554	0.489278752437	51	10	3	0	17	0.25
0.0936190652404	0.489278752437	51	11	3	0	17	0.25
0.093772795785	0.489278752437	52	11	3	0	17	0.246376811594
0.093972086844	0.487329434698	52	12	3	0	19	0.267605633803
0.0941950602356	0.488304093567	53	12	3	0	19	0.263888888889
0.0950354901881	0.488304093567	54	12	3	0	19	0.260273972603
0.0977335122692	0.489278752437	55	12	3	0	19	0.256756756757
0.0983289766	0.489278752437	56	12	3	0	19	0.253333333333
0.0990393933135	0.490253411306	57	12	3	0	19	0.25
0.100789491362	0.491228070175	58	12	3	0	19	0.246753246753
0.103925715998	0.489278752437	58	13	3	0	21	0.26582278481
0.103977552998	0.488304093567	58	14	3	0	22	0.275
0.104251309694	0.487329434698	59	14	3	0	22	0.271604938272
0.107743040774	0.488304093567	60	14	3	0	22	0.268292682927
0.108745080071	0.486354775828	60	15	3	0	24	0.285714285714
0.111483197684	0.486354775828	61	15	3	0	24	0.282352941176
0.111702905487	0.486354775828	62	15	3	0	24	0.279069767442
0.112157219333	0.486354775828	62	16	3	0	24	0.279069767442
0.113153461339	0.485380116959	63	16	3	0	24	0.275862068966
0.114510238462	0.48440545809	63	17	3	0	25	0.284090909091
0.115806781391	0.485380116959	64	17	3	0	25	0.280898876404
0.119920545607	0.485380116959	65	17	3	0	25	0.277777777778
0.123170926256	0.48343079922	65	18	3	0	27	0.29347826087
0.123869828266	0.48440545809	66	18	3	0	27	0.290322580645
0.124480575922	0.48343079922	66	19	3	0	28	0.297872340426
0.124808285496	0.481481481481	66	20	3	0	30	0.3125
0.125655502423	0.481481481481	67	20	3	0	30	0.309278350515
0.126079967094	0.482456140351	68	20	3	0	30	0.30612244898
0.127316720485	0.48343079922	69	20	3	0	30	0.30303030303
0.127443399102	0.48343079922	70	20	3	0	30	0.3
0.127465294068	0.48343079922	70	21	3	0	30	0.3
0.127476977941	0.482456140351	71	21	3	0	30	0.29702970297
0.128887375599	0.481481481481	72	21	3	0	30	0.294117647059
0.129976665384	0.480506822612	73	21	3	0	30	0.291262135922
0.133341109342	0.479532163743	74	21	3	0	30	0.288461538462
0.133354622856	0.480506822612	75	21	3	0	30	0.285714285714
0.135952225888	0.479532163743	76	21	3	0	30	0.283018867925
0.137820810443	0.480506822612	77	21	3	0	30	0.280373831776
0.139717500542	0.478557504873	77	22	3	0	32	0.293577981651
0.140427201623	0.477582846004	77	23	3	0	33	0.3
0.148043285521	0.478557504873	78	23	3	0	33	0.297297297297
0.148231067248	0.477582846004	79	23	3	0	33	0.294642857143
0.149376842392	0.478557504873	80	23	3	0	33	0.29203539823
0.152519439633	0.478557504873	80	24	3	0	33	0.29203539823
0.152971885124	0.477582846004	81	24	3	0	33	0.289473684211
0.153198939517	0.478557504873	82	24	3	0	33	0.286956521739
0.153557439112	0.478557504873	83	24	3	0	33	0.284482758621
0.154334747799	0.479532163743	84	24	3	0	33	0.282051282051
0.154410502954	0.480506822612	85	24	3	0	33	0.279661016949
0.154914026099	0.481481481481	86	24	3	0	33	0.27731092437
0.156059300471	0.482456140351	87	24	3	0	33	0.275
0.157848611479	0.48343079922	88	24	3	0	33	0.272727272727
0.158684185233	0.48343079922	89	24	3	0	33	0.270491803279
0.158701311443	0.48343079922	90	24	3	0	33	0.268292682927
0.160936606068	0.482456140351	91	24	3	0	33	0.266129032258
0.161839306967	0.48343079922	92	24	3	0	33	0.264
0.162243873163	0.48440545809	93	24	3	0	33	0.261904761905
0.162580000263	0.48440545809	94	24	3	0	33	0.259842519685
0.164480856178	0.48343079922	95	24	3	0	33	0.2578125
0.168389792758	0.48343079922	95	25	3	0	33	0.2578125
0.168792750666	0.482456140351	95	26	3	0	34	0.263565891473
0.171212048325	0.48343079922	96	26	3	0	34	0.261538461538
0.177687131467	0.48343079922	97	26	3	0	34	0.259541984733
0.177754200108	0.48343079922	97	27	3	0	34	0.259541984733
0.18260072862	0.48343079922	98	27	3	0	34	0.257575757576
0.183522155396	0.48440545809	99	27	3	0	34	0.255639097744
0.18364772631	0.485380116959	100	27	3	0	34	0.253731343284
0.184743480439	0.486354775828	101	27	3	0	34	0.251851851852
0.185368587036	0.485380116959	101	28	3	0	35	0.257352941176
0.185744545447	0.485380116959	102	28	3	0	35	0.255474452555
0.186123674857	0.485380116959	103	28	3	0	35	0.253623188406
0.186260660783	0.485380116959	104	28	3	0	35	0.251798561151
0.186800013211	0.48440545809	105	28	3	0	35	0.25
0.18731653563	0.48440545809	106	28	3	0	35	0.248226950355
0.189110324718	0.48343079922	107	28	3	0	35	0.246478873239
0.191199921495	0.48440545809	108	28	3	0	35	0.244755244755
0.192581754423	0.485380116959	109	28	3	0	35	0.243055555556
0.192850386934	0.486354775828	110	28	3	0	35	0.241379310345
0.194534201673	0.486354775828	111	28	3	0	35	0.239726027397
0.194559898031	0.485380116959	112	28	3	0	35	0.238095238095
0.194628497948	0.485380116959	113	28	3	0	35	0.236486486486
0.194861066978	0.486354775828	114	28	3	0	35	0.234899328859
0.195408961722	0.48440545809	114	29	3	0	37	0.245033112583
0.195836250307	0.48343079922	115	29	3	0	37	0.243421052632
0.195862478695	0.48343079922	116	29	3	0	37	0.241830065359
0.196710221839	0.482456140351	117	29	3	0	37	0.24025974026
0.19712510492	0.48343079922	118	29	3	0	37	0.238709677419
0.19733719257	0.48440545809	119	29	3	0	37	0.237179487179
0.201550236129	0.482456140351	119	30	3	0	39	0.246835443038
0.202357976563	0.48343079922	120	30	3	0	39	0.245283018868
0.207898929963	0.48343079922	121	30	3	0	39	0.24375
0.208366849845	0.480506822612	121	31	3	0	42	0.257668711656
0.209352483283	0.480506822612	122	31	3	0	42	0.256097560976
0.210317404973	0.480506822612	123	31	3	0	42	0.254545454545
0.213808181656	0.481481481481	124	31	3	0	42	0.253012048193
0.213919907439	0.480506822612	125	31	3	0	42	0.251497005988
0.215343781875	0.478557504873	125	32	3	0	44	0.260355029586
0.216437574579	0.479532163743	126	32	3	0	44	0.258823529412
0.21689519194	0.479532163743	127	32	3	0	44	0.25730994152
0.219387551903	0.480506822612	128	32	3	0	44	0.255813953488
0.220713446297	0.481481481481	129	32	3	0	44	0.254335260116
0.223657849567	0.482456140351	130	32	3	0	44	0.252873563218
0.224214771589	0.481481481481	131	32	3	0	44	0.251428571429
0.225657104685	0.481481481481	132	32	3	0	44	0.25
0.226556796889	0.481481481481	132	33	3	0	44	0.25
0.227460957259	0.480506822612	133	33	3	0	44	0.248587570621
0.228760890516	0.478557504873	133	34	3	0	46	0.256983240223
0.229908490295	0.478557504873	134	34	3	0	46	0.255555555556
0.230905368342	0.479532163743	135	34	3	0	46	0.254143646409
0.23173400582	0.478557504873	136	34	3	0	46	0.252747252747
0.232546912319	0.479532163743	137	34	3	0	46	0.251366120219
0.240079898232	0.478557504873	138	34	3	0	46	0.25
0.241024875755	0.477582846004	138	35	3	0	47	0.254054054054
0.242445090153	0.478557504873	139	35	3	0	47	0.252688172043
0.242927136324	0.478557504873	140	35	3	0	47	0.251336898396
0.244041442718	0.478557504873	141	35	3	0	47	0.25
0.245539142081	0.477582846004	141	36	3	0	48	0.253968253968
0.245798828651	0.476608187135	142	36	3	0	48	0.252631578947
0.246694069511	0.473684210526	142	37	3	0	51	0.264248704663
0.249663870294	0.473684210526	143	37	3	0	51	0.262886597938
0.249891523688	0.473684210526	144	37	3	0	51	0.261538461538
0.250727697777	0.473684210526	145	37	3	0	51	0.260204081633
0.25213917047	0.472709551657	146	37	3	0	51	0.258883248731
0.252449017476	0.473684210526	147	37	3	0	51	0.257575757576
0.253585559029	0.473684210526	148	37	3	0	51	0.256281407035
0.253711752532	0.474658869396	149	37	3	0	51	0.255
0.255141228242	0.474658869396	150	37	3	0	51	0.253731343284
0.257896822195	0.475633528265	151	37	3	0	51	0.252475247525
0.258150034726	0.473684210526	151	38	3	0	53	0.259803921569
0.258228050385	0.474658869396	152	38	3	0	53	0.258536585366
0.258906377858	0.474658869396	152	39	3	0	53	0.258536585366
0.259695926638	0.475633528265	153	39	3	0	53	0.257281553398
0.261362609721	0.474658869396	154	39	3	0	53	0.256038647343
0.262845004955	0.474658869396	155	39	3	0	53	0.254807692308
0.265741903933	0.474658869396	156	39	3	0	53	0.253588516746
0.266675154615	0.472709551657	156	40	3	0	55	0.260663507109
0.267281728771	0.473684210526	157	40	3	0	55	0.259433962264
0.26777230646	0.474658869396	158	40	3	0	55	0.258215962441
0.270912998841	0.473684210526	159	40	3	0	55	0.257009345794
0.2719012017	0.473684210526	160	40	3	0	55	0.255813953488
0.273814558914	0.473684210526	161	40	3	0	55	0.25462962963
0.274704708817	0.474658869396	162	40	3	0	55	0.253456221198
0.274834595585	0.474658869396	163	40	3	0	55	0.252293577982
0.276933140132	0.474658869396	163	41	3	0	55	0.252293577982
0.279452010456	0.475633528265	164	41	3	0	55	0.251141552511
0.281202845122	0.476608187135	165	41	3	0	55	0.25
0.283013694501	0.476608187135	166	41	3	0	55	0.248868778281
0.283653949319	0.476608187135	167	41	3	0	55	0.247747747748
0.288264418478	0.474658869396	167	42	3	0	57	0.254464285714
0.289989233742	0.475633528265	168	42	3	0	57	0.253333333333
0.293903605788	0.474658869396	168	43	3	0	58	0.256637168142
0.297638691149	0.473684210526	169	43	3	0	58	0.25550660793
0.297725424123	0.474658869396	170	43	3	0	58	0.254385964912
0.300610898895	0.475633528265	171	43	3	0	58	0.25327510917
0.301741424934	0.476608187135	172	43	3	0	58	0.252173913043
0.304209008063	0.473684210526	172	44	3	0	61	0.261802575107
0.305082839091	0.473684210526	173	44	3	0	61	0.260683760684
0.305944874855	0.474658869396	174	44	3	0	61	0.259574468085
0.308166018552	0.474658869396	175	44	3	0	61	0.258474576271
0.309191004338	0.474658869396	176	44	3	0	61	0.257383966245
0.309683215726	0.473684210526	177	44	3	0	61	0.256302521008
0.310192156275	0.473684210526	178	44	3	0	61	0.255230125523
0.310536192434	0.473684210526	179	44	3	0	61	0.254166666667
0.312590199584	0.474658869396	180	44	3	0	61	0.253112033195
0.316482479099	0.474658869396	181	44	3	0	61	0.252066115702
0.317214432729	0.473684210526	181	45	3	0	62	0.255144032922
0.318891653113	0.472709551657	182	45	3	0	62	0.254098360656
0.319201133371	0.473684210526	183	45	3	0	62	0.25306122449
0.322022672303	0.473684210526	184	45	3	0	62	0.252032520325
0.322241331025	0.471734892788	184	46	3	0	64	0.258064516129
0.322545274298	0.472709551657	185	46	3	0	64	0.25702811245
0.322864575014	0.472709551657	186	46	3	0	64	0.256
0.324082338602	0.471734892788	187	46	3	0	64	0.254980079681
0.324287690691	0.470760233918	188	46	3	0	64	0.253968253968
0.327015692046	0.469785575049	189	46	3	0	64	0.252964426877
0.327052978758	0.470760233918	190	46	3	0	64	0.251968503937
0.328088036101	0.470760233918	191	46	3	0	64	0.250980392157
0.330370309708	0.471734892788	192	46	3	0	64	0.25
0.331645792585	0.471734892788	193	46	3	0	64	0.249027237354
0.33240552282	0.472709551657	194	46	3	0	64	0.248062015504
0.333537916017	0.473684210526	195	46	3	0	64	0.247104247104
0.334322780581	0.474658869396	196	46	3	0	64	0.246153846154
0.33722221647	0.475633528265	197	46	3	0	64	0.245210727969
0.337720232178	0.475633528265	198	46	3	0	64	0.24427480916
0.338441361599	0.476608187135	199	46	3	0	64	0.243346007605
0.338750675582	0.474658869396	199	47	3	0	66	0.249056603774
0.339196809928	0.474658869396	200	47	3	0	66	0.248120300752
0.340495590061	0.475633528265	201	47	3	0	66	0.247191011236
0.340520656019	0.476608187135	202	47	3	0	66	0.246268656716
0.342683243498	0.474658869396	202	48	3	0	68	0.251851851852
0.342715552732	0.473684210526	202	49	3	0	69	0.254612546125
0.342975407108	0.474658869396	203	49	3	0	69	0.253676470588
0.343249519501	0.475633528265	204	49	3	0	69	0.252747252747
0.343399961593	0.476608187135	205	49	3	0	69	0.251824817518
0.343636536613	0.476608187135	206	49	3	0	69	0.250909090909
0.346264295186	0.474658869396	206	50	3	0	71	0.256317689531
0.346294921366	0.475633528265	207	50	3	0	71	0.255395683453
0.347298050977	0.474658869396	208	50	3	0	71	0.254480286738
0.351014411979	0.472709551657	208	51	3	0	73	0.259786476868
0.351257981708	0.473684210526	209	51	3	0	73	0.258865248227
0.351342317149	0.473684210526	210	51	3	0	73	0.257950530035
0.353512391515	0.474658869396	211	51	3	0	73	0.257042253521
0.355294584973	0.474658869396	212	51	3	0	73	0.256140350877
0.358378029012	0.475633528265	213	51	3	0	73	0.255244755245
0.358681804195	0.474658869396	214	51	3	0	73	0.254355400697
0.359023243294	0.475633528265	215	51	3	0	73	0.253472222222
0.359602977473	0.474658869396	216	51	3	0	73	0.252595155709
0.362106863546	0.474658869396	217	51	3	0	73	0.251724137931
0.363282318072	0.475633528265	218	51	3	0	73	0.250859106529
0.364179937885	0.475633528265	219	51	3	0	73	0.25
0.365387829119	0.475633528265	220	51	3	0	73	0.249146757679
0.365421172096	0.475633528265	221	51	3	0	73	0.248299319728
0.366173351944	0.475633528265	222	51	3	0	73	0.247457627119
0.366891193602	0.476608187135	223	51	3	0	73	0.246621621622
0.367462967431	0.475633528265	224	51	3	0	73	0.245791245791
0.368842092711	0.475633528265	225	51	3	0	73	0.244966442953
0.368887144947	0.474658869396	226	51	3	0	73	0.244147157191
0.369315971163	0.472709551657	226	52	3	0	75	0.249169435216
0.37046474029	0.472709551657	227	52	3	0	75	0.248344370861
0.374285346368	0.473684210526	228	52	3	0	75	0.247524752475
0.376055248994	0.474658869396	229	52	3	0	75	0.246710526316
0.376872827164	0.475633528265	230	52	3	0	75	0.245901639344
0.377554998284	0.476608187135	231	52	3	0	75	0.245098039216
0.379361080489	0.477582846004	232	52	3	0	75	0.244299674267
0.380406239233	0.477582846004	233	52	3	0	75	0.243506493506
0.380927949621	0.478557504873	234	52	3	0	75	0.242718446602
0.382253046926	0.479532163743	235	52	3	0	75	0.241935483871
0.383327420855	0.479532163743	236	52	3	0	75	0.24115755627
0.385853313269	0.479532163743	237	52	3	0	75	0.240384615385
0.38619580904	0.479532163743	238	52	3	0	75	0.239616613419
0.388840389479	0.478557504873	238	53	3	0	76	0.242038216561
0.391233029005	0.479532163743	239	53	3	0	76	0.24126984127
0.391433462891	0.479532163743	240	53	3	0	76	0.240506329114
0.39220134705	0.477582846004	240	54	3	0	78	0.245283018868
0.392325694017	0.477582846004	241	54	3	0	78	0.244514106583
0.39246157216	0.476608187135	242	54	3	0	78	0.24375
0.393576344354	0.475633528265	243	54	3	0	78	0.242990654206
0.394118872266	0.475633528265	244	54	3	0	78	0.242236024845
0.394813348317	0.476608187135	245	54	3	0	78	0.241486068111
0.396061711555	0.477582846004	246	54	3	0	78	0.240740740741
0.397633721334	0.478557504873	247	54	3	0	78	0.24
0.398546135538	0.477582846004	248	54	3	0	78	0.239263803681
0.398973852711	0.477582846004	249	54	3	0	78	0.238532110092
0.400647536426	0.477582846004	250	54	3	0	78	0.237804878049
0.403531199588	0.478557504873	251	54	3	0	78	0.237082066869
0.404909460359	0.479532163743	252	54	3	0	78	0.236363636364
0.406060733913	0.480506822612	253	54	3	0	78	0.235649546828
0.406366432344	0.478557504873	253	55	3	0	80	0.24024024024
0.407472514929	0.479532163743	254	55	3	0	80	0.239520958084
0.40967758253	0.480506822612	255	55	3	0	80	0.238805970149
0.409813685084	0.479532163743	256	55	3	0	80	0.238095238095
0.409861855458	0.480506822612	257	55	3	0	80	0.237388724036
0.413462061782	0.478557504873	257	56	3	0	82	0.241887905605
0.416730376235	0.479532163743	258	56	3	0	82	0.241176470588
0.417239882934	0.480506822612	259	56	3	0	82	0.240469208211
0.417826959382	0.481481481481	260	56	3	0	82	0.239766081871
0.418073850792	0.482456140351	261	56	3	0	82	0.239067055394
0.418440564897	0.481481481481	262	56	3	0	82	0.238372093023
0.419068930858	0.482456140351	263	56	3	0	82	0.23768115942
0.419977139609	0.48343079922	264	56	3	0	82	0.236994219653
0.422967357992	0.482456140351	265	56	3	0	82	0.236311239193
0.424908277596	0.48343079922	266	56	3	0	82	0.235632183908
0.426059920449	0.48343079922	267	56	3	0	82	0.234957020057
0.426817050307	0.48440545809	268	56	3	0	82	0.234285714286
0.428424328846	0.485380116959	269	56	3	0	82	0.233618233618
0.429434814469	0.486354775828	270	56	3	0	82	0.232954545455
0.431848415798	0.486354775828	271	56	3	0	82	0.232294617564
0.432629650953	0.486354775828	272	56	3	0	82	0.231638418079
0.433458673961	0.487329434698	273	56	3	0	82	0.230985915493
0.434952318397	0.487329434698	274	56	3	0	82	0.230337078652
0.437166995604	0.486354775828	275	56	3	0	82	0.229691876751
0.437593806053	0.486354775828	276	56	3	0	82	0.22905027933
0.438983944549	0.485380116959	277	56	3	0	82	0.228412256267
0.440015308812	0.48440545809	278	56	3	0	82	0.227777777778
0.440921807197	0.48343079922	279	56	3	0	82	0.227146814404
0.441283337022	0.48440545809	280	56	3	0	82	0.226519337017
0.442824151477	0.48440545809	281	56	3	0	82	0.225895316804
0.444263179093	0.485380116959	282	56	3	0	82	0.225274725275
0.444512977099	0.486354775828	283	56	3	0	82	0.224657534247
0.446874811431	0.486354775828	284	56	3	0	82	0.224043715847
0.451099418459	0.487329434698	285	56	3	0	82	0.223433242507
0.451752644461	0.487329434698	286	56	3	0	82	0.222826086957
0.452202521741	0.487329434698	287	56	3	0	82	0.222222222222
0.455184960825	0.486354775828	288	56	3	0	82	0.221621621622
0.456707555815	0.485380116959	289	56	3	0	82	0.22102425876
0.459277046491	0.486354775828	290	56	3	0	82	0.220430107527
0.460304465426	0.487329434698	291	56	3	0	82	0.219839142091
0.462230154325	0.488304093567	292	56	3	0	82	0.219251336898
0.46452901778	0.488304093567	293	56	3	0	82	0.218666666667
0.470093763662	0.489278752437	294	56	3	0	82	0.218085106383
0.470368347472	0.489278752437	295	56	3	0	82	0.2175066313
0.470853861543	0.489278752437	296	56	3	0	82	0.216931216931
0.471971092629	0.488304093567	297	56	3	0	82	0.21635883905
0.47233658379	0.489278752437	298	56	3	0	82	0.215789473684
0.473269742803	0.489278752437	299	56	3	0	82	0.215223097113
0.474413874693	0.489278752437	300	56	3	0	82	0.214659685864
0.481066835794	0.490253411306	301	56	3	0	82	0.21409921671
0.481701591937	0.491228070175	302	56	3	0	82	0.213541666667
0.482287348086	0.492202729045	303	56	3	0	82	0.212987012987
0.484927107606	0.491228070175	304	56	3	0	82	0.212435233161
0.48505582859	0.491228070175	305	56	3	0	82	0.21188630491
0.486522491766	0.491228070175	306	56	3	0	82	0.211340206186
0.487114137539	0.492202729045	307	56	3	0	82	0.210796915167
0.488250096225	0.492202729045	308	56	3	0	82	0.210256410256
0.488755548654	0.493177387914	309	56	3	0	82	0.209718670077
0.489059530772	0.494152046784	310	56	3	0	82	0.209183673469
0.489344478526	0.493177387914	311	56	3	0	82	0.208651399491
0.493309466427	0.492202729045	312	56	3	0	82	0.208121827411
0.494796525136	0.491228070175	313	56	3	0	82	0.207594936709
0.494835220955	0.492202729045	314	56	3	0	82	0.207070707071
0.49543110483	0.493177387914	315	56	3	0	82	0.206549118388
0.496132524704	0.492202729045	316	56	3	0	82	0.206030150754
0.499211345422	0.491228070175	316	57	3	0	83	0.208020050125
0.500047562478	0.491228070175	317	57	3	0	83	0.2075
0.50357796578	0.491228070175	318	57	3	0	83	0.206982543641
0.504335333179	0.490253411306	319	57	3	0	83	0.206467661692
0.505669528497	0.490253411306	320	57	3	0	83	0.205955334988
0.506916334395	0.490253411306	321	57	3	0	83	0.205445544554
0.507145951688	0.491228070175	322	57	3	0	83	0.204938271605
0.514299437453	0.490253411306	322	58	3	0	84	0.206896551724
0.515987328132	0.490253411306	323	58	3	0	84	0.206388206388
0.516094072348	0.491228070175	324	58	3	0	84	0.205882352941
0.518206890768	0.491228070175	325	58	3	0	84	0.205378973105
0.519902454446	0.490253411306	326	58	3	0	84	0.20487804878
0.520558381332	0.491228070175	327	58	3	0	84	0.204379562044
0.520705019696	0.491228070175	328	58	3	0	84	0.203883495146
0.520844506649	0.490253411306	328	59	3	0	85	0.205811138015
0.521713221174	0.489278752437	329	59	3	0	85	0.205314009662
0.523272160882	0.489278752437	329	60	3	0	85	0.205314009662
0.524726625737	0.490253411306	330	60	3	0	85	0.204819277108
