# time 	 divergence 	 # of mutations 	 # IGC chances 	 IGC length 	 # IGC failures 	 Changes due to IGC  	 % change due to IGC 
0.0	0.235483870968	0	0	0	0	0	0.0
0.000976956380429	0.236559139785	1	0	0	0	0	0.0
0.00175303503789	0.237634408602	2	0	0	0	0	0.0
0.00390937315134	0.236559139785	3	0	0	0	0	0.0
0.0062425116233	0.236559139785	4	0	0	0	0	0.0
0.0076944065293	0.237634408602	5	0	0	0	0	0.0
0.00878314371559	0.236559139785	6	0	0	0	0	0.0
0.0131598706429	0.235483870968	7	0	0	0	0	0.0
0.0165579584535	0.236559139785	8	0	0	0	0	0.0
0.0166127505833	0.235483870968	9	0	0	0	0	0.0
0.0176756045682	0.236559139785	10	0	0	0	0	0.0
0.0211604061375	0.237634408602	11	0	0	0	0	0.0
0.0234418298515	0.238709677419	12	0	0	0	0	0.0
0.0243456891132	0.229032258065	12	1	36	0	9	0.428571428571
0.0249082614813	0.230107526882	13	1	36	0	9	0.409090909091
0.0308531367607	0.231182795699	14	1	36	0	9	0.391304347826
0.033635277941	0.230107526882	15	1	36	0	9	0.375
0.0340411731631	0.229032258065	16	1	36	0	9	0.36
0.0348007701959	0.230107526882	17	1	36	0	9	0.346153846154
0.0350846168113	0.231182795699	18	1	36	0	9	0.333333333333
0.0391715783252	0.232258064516	19	1	36	0	9	0.321428571429
0.0404164556665	0.233333333333	20	1	36	0	9	0.310344827586
0.0410308985958	0.234408602151	21	1	36	0	9	0.3
0.0421999733777	0.233333333333	22	1	36	0	9	0.290322580645
0.0431103969857	0.233333333333	23	1	36	0	9	0.28125
0.0439983019906	0.234408602151	24	1	36	0	9	0.272727272727
0.0469589882114	0.234408602151	25	1	36	0	9	0.264705882353
0.0473906379604	0.235483870968	26	1	36	0	9	0.257142857143
0.0512976977664	0.236559139785	27	1	36	0	9	0.25
0.0541753588975	0.237634408602	28	1	36	0	9	0.243243243243
0.0544854452617	0.237634408602	29	1	36	0	9	0.236842105263
0.0548013320218	0.237634408602	30	1	36	0	9	0.230769230769
0.0552908059322	0.238709677419	31	1	36	0	9	0.225
0.0555739756196	0.239784946237	32	1	36	0	9	0.219512195122
0.0556220655645	0.239784946237	33	1	36	0	9	0.214285714286
0.058810757692	0.240860215054	34	1	36	0	9	0.209302325581
0.0638906475985	0.241935483871	35	1	36	0	9	0.204545454545
0.0639773911867	0.240860215054	36	1	36	0	9	0.2
0.0680926172724	0.239784946237	37	1	36	0	9	0.195652173913
0.0694894225306	0.238709677419	38	1	36	0	9	0.191489361702
0.0730895182175	0.239784946237	39	1	36	0	9	0.1875
0.0756568920312	0.240860215054	40	1	36	0	9	0.183673469388
0.0797533033138	0.241935483871	41	1	36	0	9	0.18
0.0825561393627	0.243010752688	42	1	36	0	9	0.176470588235
0.0832125361398	0.244086021505	43	1	36	0	9	0.173076923077
0.0862215009612	0.235483870968	43	2	27	0	17	0.283333333333
0.086698407609	0.236559139785	44	2	27	0	17	0.27868852459
0.0877485332926	0.237634408602	45	2	27	0	17	0.274193548387
0.0899333385593	0.236559139785	46	2	27	0	17	0.269841269841
0.0900374558476	0.237634408602	47	2	27	0	17	0.265625
0.0908486598109	0.238709677419	48	2	27	0	17	0.261538461538
0.0939965986258	0.238709677419	49	2	27	0	17	0.257575757576
0.095078366345	0.239784946237	50	2	27	0	17	0.253731343284
0.0952333597429	0.238709677419	51	2	27	0	17	0.25
0.095834161926	0.239784946237	52	2	27	0	17	0.246376811594
0.0993838846563	0.240860215054	53	2	27	0	17	0.242857142857
0.100014290517	0.239784946237	54	2	27	0	17	0.239436619718
0.100983115627	0.239784946237	55	2	27	0	17	0.236111111111
0.103133569977	0.240860215054	56	2	27	0	17	0.232876712329
0.103663848564	0.241935483871	57	2	27	0	17	0.22972972973
0.105904951359	0.241935483871	58	2	27	0	17	0.226666666667
0.1063075601	0.243010752688	59	2	27	0	17	0.223684210526
0.107683631197	0.244086021505	60	2	27	0	17	0.220779220779
0.108608236872	0.243010752688	61	2	27	0	17	0.217948717949
0.109052877671	0.244086021505	62	2	27	0	17	0.215189873418
0.109725072008	0.212903225806	62	3	93	0	46	0.425925925926
0.111834850078	0.212903225806	62	4	39	0	46	0.425925925926
0.113369477463	0.213978494624	63	4	39	0	46	0.422018348624
0.113453610587	0.215053763441	64	4	39	0	46	0.418181818182
0.113755745743	0.216129032258	65	4	39	0	46	0.414414414414
0.114453814455	0.217204301075	66	4	39	0	46	0.410714285714
0.115473945079	0.218279569892	67	4	39	0	46	0.407079646018
0.11799206649	0.218279569892	68	4	39	0	46	0.40350877193
0.119096598921	0.21935483871	69	4	39	0	46	0.4
0.121558921024	0.218279569892	70	4	39	0	46	0.396551724138
0.121975643939	0.21935483871	71	4	39	0	46	0.393162393162
0.122675325595	0.220430107527	72	4	39	0	46	0.389830508475
0.122944798798	0.21935483871	73	4	39	0	46	0.386554621849
0.123160483279	0.220430107527	74	4	39	0	46	0.383333333333
0.123513596738	0.221505376344	75	4	39	0	46	0.380165289256
0.124223166392	0.222580645161	76	4	39	0	46	0.377049180328
0.125666784618	0.223655913978	77	4	39	0	46	0.373983739837
0.125860449738	0.224731182796	78	4	39	0	46	0.370967741935
0.126641327129	0.225806451613	79	4	39	0	46	0.368
0.126947067307	0.22688172043	80	4	39	0	46	0.365079365079
0.127212316516	0.225806451613	81	4	39	0	46	0.362204724409
0.133889648626	0.22688172043	82	4	39	0	46	0.359375
0.13477288903	0.22688172043	83	4	39	0	46	0.356589147287
0.135282661702	0.22688172043	84	4	39	0	46	0.353846153846
0.141077211176	0.22688172043	85	4	39	0	46	0.351145038168
0.143648129668	0.227956989247	86	4	39	0	46	0.348484848485
0.143817232274	0.229032258065	87	4	39	0	46	0.345864661654
0.14464062074	0.229032258065	88	4	39	0	46	0.34328358209
0.147865516142	0.230107526882	89	4	39	0	46	0.340740740741
0.148004463652	0.231182795699	90	4	39	0	46	0.338235294118
0.150215560205	0.232258064516	91	4	39	0	46	0.335766423358
0.152105743859	0.233333333333	92	4	39	0	46	0.333333333333
0.152175039579	0.234408602151	93	4	39	0	46	0.330935251799
0.152817589525	0.205376344086	93	5	75	0	73	0.439759036145
0.156161622582	0.204301075269	94	5	75	0	73	0.437125748503
0.156577628601	0.205376344086	95	5	75	0	73	0.434523809524
0.158704390302	0.205376344086	96	5	75	0	73	0.431952662722
0.16138081062	0.206451612903	97	5	75	0	73	0.429411764706
0.162796839799	0.20752688172	98	5	75	0	73	0.426900584795
0.16333416382	0.208602150538	99	5	75	0	73	0.424418604651
0.167245610806	0.209677419355	100	5	75	0	73	0.421965317919
0.169078118596	0.210752688172	101	5	75	0	73	0.419540229885
0.169148511524	0.211827956989	102	5	75	0	73	0.417142857143
0.16994088163	0.212903225806	103	5	75	0	73	0.414772727273
0.170016178998	0.213978494624	104	5	75	0	73	0.412429378531
0.170043870449	0.215053763441	105	5	75	0	73	0.410112359551
0.172030324759	0.216129032258	106	5	75	0	73	0.40782122905
0.172234447087	0.217204301075	107	5	75	0	73	0.405555555556
0.172359983873	0.216129032258	108	5	75	0	73	0.403314917127
0.173801704403	0.217204301075	109	5	75	0	73	0.401098901099
0.1740125984	0.218279569892	110	5	75	0	73	0.398907103825
0.174278184118	0.21935483871	111	5	75	0	73	0.396739130435
0.174391225916	0.220430107527	112	5	75	0	73	0.394594594595
0.174619250681	0.221505376344	113	5	75	0	73	0.39247311828
0.175170989742	0.222580645161	114	5	75	0	73	0.390374331551
0.176142070818	0.223655913978	115	5	75	0	73	0.38829787234
0.176690961469	0.224731182796	116	5	75	0	73	0.386243386243
0.178598788708	0.225806451613	117	5	75	0	73	0.384210526316
0.184453316471	0.22688172043	118	5	75	0	73	0.38219895288
0.187549471295	0.227956989247	119	5	75	0	73	0.380208333333
0.188151546159	0.218279569892	119	6	84	0	82	0.407960199005
0.189598977594	0.21935483871	120	6	84	0	82	0.405940594059
0.190192455521	0.220430107527	121	6	84	0	82	0.4039408867
0.194651044647	0.221505376344	122	6	84	0	82	0.401960784314
0.19523004925	0.222580645161	123	6	84	0	82	0.4
0.19545847449	0.223655913978	124	6	84	0	82	0.398058252427
0.196599289765	0.222580645161	125	6	84	0	82	0.3961352657
0.196857305426	0.223655913978	126	6	84	0	82	0.394230769231
0.199615541671	0.224731182796	127	6	84	0	82	0.392344497608
0.202078790281	0.225806451613	128	6	84	0	82	0.390476190476
0.20246895019	0.225806451613	129	6	84	0	82	0.388625592417
0.202998929404	0.224731182796	130	6	84	0	82	0.38679245283
0.206472090832	0.225806451613	131	6	84	0	82	0.384976525822
0.208544715201	0.22688172043	132	6	84	0	82	0.383177570093
0.209027891177	0.227956989247	133	6	84	0	82	0.381395348837
0.209731462042	0.229032258065	134	6	84	0	82	0.37962962963
0.210484193987	0.230107526882	135	6	84	0	82	0.377880184332
0.211639155152	0.230107526882	136	6	84	0	82	0.376146788991
0.211793408494	0.231182795699	137	6	84	0	82	0.374429223744
0.211876121994	0.224731182796	137	7	81	0	88	0.391111111111
0.212108593072	0.225806451613	138	7	81	0	88	0.389380530973
0.213160534123	0.22688172043	139	7	81	0	88	0.387665198238
0.21342175082	0.227956989247	140	7	81	0	88	0.385964912281
0.213857845036	0.227956989247	141	7	81	0	88	0.384279475983
0.217118914094	0.229032258065	142	7	81	0	88	0.382608695652
0.21889844809	0.229032258065	143	7	81	0	88	0.380952380952
0.222680279491	0.230107526882	144	7	81	0	88	0.379310344828
0.22296132287	0.230107526882	145	7	81	0	88	0.377682403433
0.22313587048	0.230107526882	146	7	81	0	88	0.376068376068
0.223250836805	0.174193548387	146	8	114	0	140	0.48951048951
0.223501770258	0.17311827957	147	8	114	0	140	0.487804878049
0.225021450675	0.17311827957	148	8	114	0	140	0.486111111111
0.225202363237	0.174193548387	149	8	114	0	140	0.484429065744
0.225837930753	0.175268817204	150	8	114	0	140	0.48275862069
0.227816941149	0.176344086022	151	8	114	0	140	0.481099656357
0.230584893991	0.167741935484	151	9	90	0	148	0.494983277592
0.232554847411	0.168817204301	152	9	90	0	148	0.493333333333
0.232601522055	0.169892473118	153	9	90	0	148	0.491694352159
0.236598114564	0.169892473118	154	9	90	0	148	0.490066225166
0.237630571059	0.170967741935	155	9	90	0	148	0.488448844884
0.237895138333	0.172043010753	156	9	90	0	148	0.486842105263
0.240556036007	0.17311827957	157	9	90	0	148	0.485245901639
0.241934552102	0.17311827957	158	9	90	0	148	0.483660130719
0.242304331983	0.174193548387	159	9	90	0	148	0.482084690554
0.24259048989	0.175268817204	160	9	90	0	148	0.480519480519
0.244084736238	0.176344086022	161	9	90	0	148	0.478964401294
0.246546786906	0.176344086022	162	9	90	0	148	0.477419354839
0.249505545815	0.177419354839	163	9	90	0	148	0.475884244373
0.25003679816	0.170967741935	163	10	36	0	154	0.485804416404
0.250227058089	0.172043010753	164	10	36	0	154	0.48427672956
0.251793139827	0.17311827957	165	10	36	0	154	0.48275862069
0.254087068802	0.17311827957	166	10	36	0	154	0.48125
0.254702179584	0.172043010753	167	10	36	0	154	0.479750778816
0.258889039408	0.172043010753	168	10	36	0	154	0.478260869565
0.262639752639	0.170967741935	169	10	36	0	154	0.476780185759
0.267177570778	0.172043010753	170	10	36	0	154	0.475308641975
0.269543059671	0.17311827957	171	10	36	0	154	0.473846153846
0.270630894554	0.174193548387	172	10	36	0	154	0.472392638037
0.270641804749	0.17311827957	173	10	36	0	154	0.470948012232
0.272021294148	0.174193548387	174	10	36	0	154	0.469512195122
0.280174158429	0.175268817204	175	10	36	0	154	0.468085106383
0.280318379891	0.176344086022	176	10	36	0	154	0.466666666667
0.28453975368	0.175268817204	177	10	36	0	154	0.465256797583
0.286003898155	0.175268817204	178	10	36	0	154	0.463855421687
0.288229528309	0.176344086022	179	10	36	0	154	0.462462462462
0.288607521964	0.176344086022	180	10	36	0	154	0.461077844311
0.289042016145	0.177419354839	181	10	36	0	154	0.459701492537
0.289132868343	0.178494623656	182	10	36	0	154	0.458333333333
0.290563714227	0.179569892473	183	10	36	0	154	0.456973293769
0.295008771981	0.18064516129	184	10	36	0	154	0.455621301775
0.295626843155	0.181720430108	185	10	36	0	154	0.454277286136
0.296536488976	0.182795698925	186	10	36	0	154	0.452941176471
0.297539740326	0.183870967742	187	10	36	0	154	0.451612903226
0.297575550046	0.184946236559	188	10	36	0	154	0.450292397661
0.302098287389	0.184946236559	189	10	36	0	154	0.448979591837
0.302771545675	0.186021505376	190	10	36	0	154	0.447674418605
0.304152361367	0.187096774194	191	10	36	0	154	0.446376811594
0.304387451332	0.186021505376	192	10	36	0	154	0.445086705202
0.306574822491	0.187096774194	193	10	36	0	154	0.443804034582
0.309194482521	0.188172043011	194	10	36	0	154	0.442528735632
0.310872453167	0.156989247312	194	11	216	0	183	0.485411140584
0.311619667809	0.155913978495	195	11	216	0	183	0.484126984127
0.31302845438	0.156989247312	196	11	216	0	183	0.482849604222
0.313712126684	0.158064516129	197	11	216	0	183	0.481578947368
0.31471880677	0.159139784946	198	11	216	0	183	0.48031496063
0.315286754022	0.159139784946	199	11	216	0	183	0.479057591623
0.320182987255	0.159139784946	200	11	216	0	183	0.477806788512
0.323253148637	0.158064516129	201	11	216	0	183	0.4765625
0.324502302775	0.106451612903	201	12	174	0	231	0.534722222222
0.324782184715	0.10752688172	202	12	174	0	231	0.533487297921
0.32971621525	0.108602150538	203	12	174	0	231	0.532258064516
0.336925062664	0.109677419355	204	12	174	0	231	0.531034482759
0.337558790313	0.110752688172	205	12	174	0	231	0.529816513761
0.338045394976	0.111827956989	206	12	174	0	231	0.528604118993
0.338615219463	0.112903225806	207	12	174	0	231	0.527397260274
0.34136178314	0.113978494624	208	12	174	0	231	0.526195899772
0.34220157282	0.115053763441	209	12	174	0	231	0.525
0.342529181634	0.116129032258	210	12	174	0	231	0.52380952381
0.342957882702	0.117204301075	211	12	174	0	231	0.522624434389
0.343620594709	0.112903225806	211	13	165	0	235	0.526905829596
0.349436021756	0.113978494624	212	13	165	0	235	0.525727069351
0.349954083438	0.115053763441	213	13	165	0	235	0.524553571429
0.355036129358	0.116129032258	214	13	165	0	235	0.523385300668
0.35555922393	0.117204301075	215	13	165	0	235	0.522222222222
0.356213967766	0.118279569892	216	13	165	0	235	0.521064301552
0.35905871917	0.11935483871	217	13	165	0	235	0.519911504425
0.359109559626	0.120430107527	218	13	165	0	235	0.518763796909
0.362321163734	0.121505376344	219	13	165	0	235	0.517621145374
0.362408293622	0.120430107527	220	13	165	0	235	0.516483516484
0.362679778856	0.121505376344	221	13	165	0	235	0.515350877193
0.365769077946	0.121505376344	222	13	165	0	235	0.514223194748
0.36719967877	0.122580645161	223	13	165	0	235	0.513100436681
0.367700907354	0.122580645161	224	13	165	0	235	0.511982570806
0.36801888765	0.123655913978	225	13	165	0	235	0.510869565217
0.368536952154	0.124731182796	226	13	165	0	235	0.509761388286
0.369645648888	0.125806451613	227	13	165	0	235	0.508658008658
0.37046067671	0.12688172043	228	13	165	0	235	0.507559395248
0.372087535555	0.127956989247	229	13	165	0	235	0.506465517241
0.373122147965	0.129032258065	230	13	165	0	235	0.505376344086
0.375389272349	0.130107526882	231	13	165	0	235	0.504291845494
0.377086486668	0.129032258065	231	14	66	0	236	0.505353319058
0.377359201074	0.130107526882	232	14	66	0	236	0.504273504274
0.378581326048	0.130107526882	233	14	66	0	236	0.503198294243
0.378612635264	0.131182795699	234	14	66	0	236	0.502127659574
0.378890626033	0.132258064516	235	14	66	0	236	0.501061571125
0.379987980458	0.131182795699	236	14	66	0	236	0.5
0.381682699956	0.132258064516	237	14	66	0	236	0.498942917548
0.382512339187	0.133333333333	238	14	66	0	236	0.497890295359
0.383162882765	0.134408602151	239	14	66	0	236	0.496842105263
0.385417658891	0.135483870968	240	14	66	0	236	0.495798319328
0.389709000487	0.136559139785	241	14	66	0	236	0.494758909853
0.389758390353	0.137634408602	242	14	66	0	236	0.493723849372
0.389892739249	0.138709677419	243	14	66	0	236	0.492693110647
0.390773941752	0.139784946237	244	14	66	0	236	0.491666666667
0.391395613171	0.140860215054	245	14	66	0	236	0.490644490644
0.391607782994	0.141935483871	246	14	66	0	236	0.489626556017
0.393601575423	0.143010752688	247	14	66	0	236	0.488612836439
0.39396428545	0.144086021505	248	14	66	0	236	0.487603305785
0.395389964084	0.134408602151	248	15	51	0	245	0.496957403651
0.396634328189	0.135483870968	249	15	51	0	245	0.495951417004
0.396761259598	0.136559139785	250	15	51	0	245	0.494949494949
0.39819828353	0.137634408602	251	15	51	0	245	0.493951612903
0.399130132976	0.138709677419	252	15	51	0	245	0.492957746479
0.399204914256	0.139784946237	253	15	51	0	245	0.491967871486
0.399405353362	0.140860215054	254	15	51	0	245	0.490981963928
0.400155542766	0.141935483871	255	15	51	0	245	0.49
0.40033327325	0.143010752688	256	15	51	0	245	0.489021956088
0.401136768382	0.144086021505	257	15	51	0	245	0.488047808765
0.403454862633	0.145161290323	258	15	51	0	245	0.487077534791
0.406716712457	0.14623655914	259	15	51	0	245	0.486111111111
0.407651650574	0.147311827957	260	15	51	0	245	0.485148514851
0.407858053371	0.148387096774	261	15	51	0	245	0.48418972332
0.410373123353	0.149462365591	262	15	51	0	245	0.483234714004
0.410889391097	0.150537634409	263	15	51	0	245	0.482283464567
0.41202372845	0.151612903226	264	15	51	0	245	0.481335952849
0.413174921249	0.152688172043	265	15	51	0	245	0.480392156863
0.414513751058	0.15376344086	266	15	51	0	245	0.479452054795
0.415242798754	0.154838709677	267	15	51	0	245	0.478515625
0.416778424645	0.154838709677	268	15	51	0	245	0.477582846004
0.41834615136	0.154838709677	269	15	51	0	245	0.476653696498
0.418417507193	0.155913978495	270	15	51	0	245	0.47572815534
0.424208968409	0.156989247312	271	15	51	0	245	0.47480620155
0.425535936909	0.158064516129	272	15	51	0	245	0.473887814313
0.431385152212	0.159139784946	273	15	51	0	245	0.472972972973
0.433891600064	0.160215053763	274	15	51	0	245	0.472061657033
0.434543612533	0.160215053763	275	15	51	0	245	0.471153846154
0.439236522001	0.161290322581	276	15	51	0	245	0.470249520154
0.441081164885	0.162365591398	277	15	51	0	245	0.469348659004
0.444431394665	0.161290322581	278	15	51	0	245	0.46845124283
0.445252385133	0.160215053763	279	15	51	0	245	0.467557251908
0.446828915033	0.161290322581	280	15	51	0	245	0.466666666667
0.449421257577	0.162365591398	281	15	51	0	245	0.465779467681
0.449640598945	0.163440860215	282	15	51	0	245	0.464895635674
0.451707199213	0.164516129032	283	15	51	0	245	0.464015151515
0.453656181508	0.165591397849	284	15	51	0	245	0.463137996219
0.454165608516	0.166666666667	285	15	51	0	245	0.462264150943
0.454187642948	0.167741935484	286	15	51	0	245	0.461393596987
0.454556390227	0.167741935484	287	15	51	0	245	0.460526315789
0.456823027969	0.167741935484	288	15	51	0	245	0.459662288931
0.457078402981	0.168817204301	289	15	51	0	245	0.458801498127
0.4573449199	0.169892473118	290	15	51	0	245	0.457943925234
0.458416419106	0.170967741935	291	15	51	0	245	0.457089552239
0.461220129965	0.172043010753	292	15	51	0	245	0.456238361266
0.461974216769	0.17311827957	293	15	51	0	245	0.455390334572
0.462925999072	0.174193548387	294	15	51	0	245	0.454545454545
0.46332196119	0.175268817204	295	15	51	0	245	0.453703703704
0.463506269517	0.176344086022	296	15	51	0	245	0.452865064695
0.465405745752	0.177419354839	297	15	51	0	245	0.452029520295
0.466898341938	0.178494623656	298	15	51	0	245	0.451197053407
0.467282833625	0.179569892473	299	15	51	0	245	0.450367647059
0.472105587832	0.18064516129	300	15	51	0	245	0.449541284404
0.472639342306	0.181720430108	301	15	51	0	245	0.448717948718
0.475350484807	0.182795698925	302	15	51	0	245	0.4478976234
0.475693079339	0.183870967742	303	15	51	0	245	0.447080291971
0.479611117569	0.184946236559	304	15	51	0	245	0.446265938069
0.479831091149	0.186021505376	305	15	51	0	245	0.445454545455
0.481036171386	0.187096774194	306	15	51	0	245	0.444646098004
0.482325224798	0.188172043011	307	15	51	0	245	0.44384057971
0.482561489494	0.189247311828	308	15	51	0	245	0.443037974684
0.483067664089	0.190322580645	309	15	51	0	245	0.442238267148
0.483147126489	0.191397849462	310	15	51	0	245	0.441441441441
0.483334375294	0.19247311828	311	15	51	0	245	0.440647482014
0.48512520913	0.193548387097	312	15	51	0	245	0.439856373429
0.485179328132	0.194623655914	313	15	51	0	245	0.439068100358
0.486472656932	0.195698924731	314	15	51	0	245	0.438282647585
0.487034798453	0.196774193548	315	15	51	0	245	0.4375
0.488148098835	0.197849462366	316	15	51	0	245	0.436720142602
0.488439258439	0.198924731183	317	15	51	0	245	0.435943060498
0.493268372782	0.197849462366	318	15	51	0	245	0.435168738899
0.493298910369	0.198924731183	319	15	51	0	245	0.434397163121
0.493830625906	0.2	320	15	51	0	245	0.433628318584
0.494867020517	0.201075268817	321	15	51	0	245	0.432862190813
0.498671146483	0.202150537634	322	15	51	0	245	0.432098765432
0.503584904509	0.203225806452	323	15	51	0	245	0.431338028169
0.505824968178	0.204301075269	324	15	51	0	245	0.430579964851
0.512483119322	0.205376344086	325	15	51	0	245	0.429824561404
0.515130601589	0.204301075269	326	15	51	0	245	0.429071803853
0.515464638107	0.205376344086	327	15	51	0	245	0.428321678322
0.516039014009	0.205376344086	328	15	51	0	245	0.42757417103
0.517659912985	0.206451612903	329	15	51	0	245	0.426829268293
0.51876661421	0.20752688172	330	15	51	0	245	0.426086956522
0.520479828433	0.208602150538	331	15	51	0	245	0.425347222222
0.520818232736	0.20752688172	332	15	51	0	245	0.424610051993
0.52306023385	0.208602150538	333	15	51	0	245	0.423875432526
0.523609095711	0.209677419355	334	15	51	0	245	0.423143350604
0.525002226679	0.209677419355	335	15	51	0	245	0.422413793103
0.530814047496	0.210752688172	336	15	51	0	245	0.421686746988
0.534088584258	0.211827956989	337	15	51	0	245	0.420962199313
0.536373387076	0.212903225806	338	15	51	0	245	0.420240137221
0.537076067058	0.212903225806	339	15	51	0	245	0.419520547945
0.537328166642	0.213978494624	340	15	51	0	245	0.418803418803
0.538478890056	0.215053763441	341	15	51	0	245	0.418088737201
0.539276120642	0.213978494624	342	15	51	0	245	0.41737649063
0.541572977222	0.215053763441	343	15	51	0	245	0.416666666667
0.541852360031	0.213978494624	344	15	51	0	245	0.415959252971
0.54609016219	0.215053763441	345	15	51	0	245	0.415254237288
0.546467027975	0.215053763441	346	15	51	0	245	0.414551607445
0.548336097711	0.216129032258	347	15	51	0	245	0.413851351351
0.550478336697	0.217204301075	348	15	51	0	245	0.413153456998
0.551528921425	0.218279569892	349	15	51	0	245	0.412457912458
0.552741991034	0.217204301075	350	15	51	0	245	0.411764705882
0.552965306857	0.218279569892	351	15	51	0	245	0.411073825503
0.553081702398	0.218279569892	352	15	51	0	245	0.410385259631
0.555648955986	0.21935483871	353	15	51	0	245	0.409698996656
0.555868972701	0.21935483871	354	15	51	0	245	0.409015025042
0.563831479378	0.220430107527	355	15	51	0	245	0.408333333333
0.564564019402	0.21935483871	356	15	51	0	245	0.40765391015
0.565391252399	0.220430107527	357	15	51	0	245	0.406976744186
0.571435550416	0.220430107527	358	15	51	0	245	0.406301824212
0.572159529297	0.221505376344	359	15	51	0	245	0.405629139073
0.572457285862	0.222580645161	360	15	51	0	245	0.404958677686
0.572782635993	0.223655913978	361	15	51	0	245	0.404290429043
0.57647829432	0.224731182796	362	15	51	0	245	0.403624382208
0.576654153766	0.225806451613	363	15	51	0	245	0.402960526316
0.579195547541	0.22688172043	364	15	51	0	245	0.402298850575
0.57942105225	0.227956989247	365	15	51	0	245	0.401639344262
0.580571169282	0.229032258065	366	15	51	0	245	0.400981996727
0.581331275217	0.229032258065	367	15	51	0	245	0.400326797386
0.582316451114	0.230107526882	368	15	51	0	245	0.399673735726
0.582500113255	0.231182795699	369	15	51	0	245	0.399022801303
0.589442873913	0.232258064516	370	15	51	0	245	0.39837398374
0.590063972635	0.233333333333	371	15	51	0	245	0.397727272727
0.592491068713	0.234408602151	372	15	51	0	245	0.397082658023
0.599692899395	0.235483870968	373	15	51	0	245	0.39644012945
0.601337072722	0.235483870968	374	15	51	0	245	0.395799676898
0.60223361556	0.236559139785	375	15	51	0	245	0.395161290323
0.604712382327	0.237634408602	376	15	51	0	245	0.394524959742
0.606701527465	0.238709677419	377	15	51	0	245	0.393890675241
0.613933911109	0.239784946237	378	15	51	0	245	0.393258426966
0.614030962369	0.240860215054	379	15	51	0	245	0.392628205128
0.616427583436	0.241935483871	380	15	51	0	245	0.392
0.621180478163	0.241935483871	381	15	51	0	245	0.391373801917
0.624917834088	0.243010752688	382	15	51	0	245	0.390749601276
0.625207132905	0.243010752688	383	15	51	0	245	0.390127388535
0.626714320742	0.243010752688	384	15	51	0	245	0.389507154213
0.627115442522	0.243010752688	385	15	51	0	245	0.388888888889
0.628853517957	0.241935483871	386	15	51	0	245	0.388272583201
0.629551777296	0.243010752688	387	15	51	0	245	0.387658227848
0.630766868016	0.243010752688	388	15	51	0	245	0.387045813586
0.631105260578	0.244086021505	389	15	51	0	245	0.38643533123
0.631851468164	0.245161290323	390	15	51	0	245	0.385826771654
0.632586438916	0.244086021505	391	15	51	0	245	0.385220125786
0.633028661989	0.243010752688	392	15	51	0	245	0.384615384615
0.633664264501	0.244086021505	393	15	51	0	245	0.384012539185
0.634048094091	0.244086021505	394	15	51	0	245	0.383411580595
0.635154741832	0.245161290323	395	15	51	0	245	0.3828125
0.636739654675	0.24623655914	396	15	51	0	245	0.382215288612
