# time 	 divergence 	 # of mutations 	 # IGC chances 	 IGC length 	 # IGC failures 	 Changes due to IGC  	 % change due to IGC 
0.0	0.0	0	0	0	0	0	0.0
0.00226894505215	0.000974658869396	1	0	0	0	0	0.0
0.00314128588177	0.00194931773879	2	0	0	0	0	0.0
0.00448418991579	0.00292397660819	3	0	0	0	0	0.0
0.00612878300664	0.00389863547758	4	0	0	0	0	0.0
0.00757398256993	0.00487329434698	5	0	0	0	0	0.0
0.00764172527107	0.00584795321637	6	0	0	0	0	0.0
0.00896552715133	0.00682261208577	7	0	0	0	0	0.0
0.00902608589133	0.00779727095517	8	0	0	0	0	0.0
0.00934383026904	0.00877192982456	9	0	0	0	0	0.0
0.00979681615171	0.00974658869396	10	0	0	0	0	0.0
0.00987042747432	0.0107212475634	11	0	0	0	0	0.0
0.0103838427817	0.0116959064327	12	0	0	0	0	0.0
0.010805055334	0.0126705653021	13	0	0	0	0	0.0
0.0162420767859	0.0136452241715	14	0	0	0	0	0.0
0.0164403259627	0.0146198830409	15	0	0	0	0	0.0
0.0180229034079	0.0155945419103	16	0	0	0	0	0.0
0.018841547223	0.0165692007797	17	0	0	0	0	0.0
0.0201531737684	0.0175438596491	18	0	0	0	0	0.0
0.0227421130163	0.0185185185185	19	0	0	0	0	0.0
0.0227493646967	0.0194931773879	20	0	0	0	0	0.0
0.0228349328413	0.0204678362573	21	0	0	0	0	0.0
0.0245390275714	0.0214424951267	22	0	0	0	0	0.0
0.0252096647985	0.0224171539961	23	0	0	0	0	0.0
0.026203095729	0.0233918128655	24	0	0	0	0	0.0
0.0264658512344	0.0243664717349	25	0	0	0	0	0.0
0.0280378083164	0.0253411306043	26	0	0	0	0	0.0
0.0291057907332	0.0263157894737	27	0	0	0	0	0.0
0.0308233469514	0.0272904483431	28	0	0	0	0	0.0
0.031428672856	0.0272904483431	29	0	0	0	0	0.0
0.03204748662	0.0282651072125	30	0	0	0	0	0.0
0.0345009232253	0.0292397660819	31	0	0	0	0	0.0
0.0351331171693	0.0302144249513	32	0	0	0	0	0.0
0.0368620173757	0.0311890838207	33	0	0	0	0	0.0
0.037225250578	0.0321637426901	34	0	0	0	0	0.0
0.0396653770351	0.0331384015595	35	0	0	0	0	0.0
0.0411942320136	0.0341130604288	36	0	0	0	0	0.0
0.0424292286991	0.0350877192982	37	0	0	0	0	0.0
0.0473392476368	0.0360623781676	38	0	0	0	0	0.0
0.0504705415583	0.037037037037	39	0	0	0	0	0.0
0.0515254805191	0.0380116959064	40	0	0	0	0	0.0
0.0518313393011	0.0389863547758	41	0	0	0	0	0.0
0.0521584527589	0.0399610136452	42	0	0	0	0	0.0
0.0529202185226	0.0399610136452	43	0	0	0	0	0.0
0.054232582866	0.0409356725146	44	0	0	0	0	0.0
0.0554514140776	0.041910331384	45	0	0	0	0	0.0
0.056977688022	0.041910331384	46	0	0	0	0	0.0
0.0590949001956	0.0428849902534	47	0	0	0	0	0.0
0.0605678678988	0.0438596491228	48	0	0	0	0	0.0
0.0616299745049	0.0448343079922	49	0	0	0	0	0.0
0.0623940399671	0.0458089668616	50	0	0	0	0	0.0
0.0628667069926	0.046783625731	51	0	0	0	0	0.0
0.0672648945161	0.0477582846004	52	0	0	0	0	0.0
0.0679104598709	0.0487329434698	53	0	0	0	0	0.0
0.0695342520605	0.0497076023392	54	0	0	0	0	0.0
0.0705263840372	0.0506822612086	55	0	0	0	0	0.0
0.0789341331903	0.051656920078	56	0	0	0	0	0.0
0.0809071419426	0.0526315789474	57	0	0	0	0	0.0
0.0810603717931	0.0536062378168	58	0	0	0	0	0.0
0.0815938130573	0.0545808966862	59	0	0	0	0	0.0
0.0826677217436	0.0555555555556	60	0	0	0	0	0.0
0.0890599002618	0.056530214425	61	0	0	0	0	0.0
0.0925068246422	0.0575048732943	62	0	0	0	0	0.0
0.0927706923519	0.0584795321637	63	0	0	0	0	0.0
0.0937721739046	0.0594541910331	64	0	0	0	0	0.0
0.094457922889	0.0604288499025	65	0	0	0	0	0.0
0.0945357488911	0.0614035087719	66	0	0	0	0	0.0
0.0951233283798	0.0623781676413	67	0	0	0	0	0.0
0.0952744830528	0.0633528265107	68	0	0	0	0	0.0
0.0979034183223	0.0643274853801	69	0	0	0	0	0.0
0.0997552621655	0.0653021442495	70	0	0	0	0	0.0
0.100485229619	0.0662768031189	71	0	0	0	0	0.0
0.101013659587	0.0672514619883	72	0	0	0	0	0.0
0.102486568147	0.0682261208577	73	0	0	0	0	0.0
0.102838835133	0.0692007797271	74	0	0	0	0	0.0
0.103371958558	0.0701754385965	75	0	0	0	0	0.0
0.103831786838	0.0711500974659	76	0	0	0	0	0.0
0.105889951972	0.0721247563353	77	0	0	0	0	0.0
0.10783760697	0.0730994152047	78	0	0	0	0	0.0
0.112161466117	0.0740740740741	79	0	0	0	0	0.0
0.113661711097	0.0750487329435	80	0	0	0	0	0.0
0.116687545571	0.0760233918129	81	0	0	0	0	0.0
0.117624566727	0.0769980506823	82	0	0	0	0	0.0
0.121396162976	0.0779727095517	83	0	0	0	0	0.0
0.121555229253	0.0789473684211	84	0	0	0	0	0.0
0.125662762171	0.0799220272904	85	0	0	0	0	0.0
0.12744917507	0.0808966861598	86	0	0	0	0	0.0
0.128483403393	0.0818713450292	87	0	0	0	0	0.0
0.131679796238	0.0828460038986	88	0	0	0	0	0.0
0.132723054749	0.083820662768	89	0	0	0	0	0.0
0.133310051602	0.0828460038986	90	0	0	0	0	0.0
0.133960966495	0.083820662768	91	0	0	0	0	0.0
0.134267884811	0.0847953216374	92	0	0	0	0	0.0
0.135214658862	0.0857699805068	93	0	0	0	0	0.0
0.136673565005	0.0867446393762	94	0	0	0	0	0.0
0.136740232251	0.0877192982456	95	0	0	0	0	0.0
0.137034460824	0.088693957115	96	0	0	0	0	0.0
0.137617934677	0.0896686159844	97	0	0	0	0	0.0
0.1390892581	0.0906432748538	98	0	0	0	0	0.0
0.139175168593	0.0916179337232	99	0	0	0	0	0.0
0.140917049921	0.0925925925926	100	0	0	0	0	0.0
0.14111529016	0.093567251462	101	0	0	0	0	0.0
0.142304531241	0.0945419103314	102	0	0	0	0	0.0
0.142422998375	0.0955165692008	103	0	0	0	0	0.0
0.144947410587	0.0945419103314	103	1	6	0	1	0.00961538461538
0.147237512221	0.0955165692008	104	1	6	0	1	0.00952380952381
0.147588955601	0.0964912280702	105	1	6	0	1	0.00943396226415
0.150516000762	0.0974658869396	106	1	6	0	1	0.00934579439252
0.152065185762	0.098440545809	107	1	6	0	1	0.00925925925926
0.153105407643	0.0994152046784	108	1	6	0	1	0.00917431192661
0.153436555378	0.100389863548	109	1	6	0	1	0.00909090909091
0.1554660052	0.101364522417	110	1	6	0	1	0.00900900900901
0.156290565533	0.102339181287	111	1	6	0	1	0.00892857142857
0.157642595313	0.103313840156	112	1	6	0	1	0.00884955752212
0.158714345552	0.103313840156	113	1	6	0	1	0.00877192982456
0.164879135784	0.104288499025	114	1	6	0	1	0.00869565217391
0.166042428376	0.105263157895	115	1	6	0	1	0.00862068965517
0.166513093239	0.106237816764	116	1	6	0	1	0.00854700854701
0.168772695261	0.107212475634	117	1	6	0	1	0.00847457627119
0.169664003961	0.108187134503	118	1	6	0	1	0.00840336134454
0.170122672611	0.109161793372	119	1	6	0	1	0.00833333333333
0.17021309699	0.110136452242	120	1	6	0	1	0.00826446280992
0.174426287171	0.111111111111	121	1	6	0	1	0.00819672131148
0.175220570331	0.112085769981	122	1	6	0	1	0.00813008130081
0.175910951734	0.11306042885	123	1	6	0	1	0.00806451612903
0.178588133703	0.11306042885	124	1	6	0	1	0.008
0.180655961255	0.114035087719	125	1	6	0	1	0.00793650793651
0.18094163419	0.115009746589	126	1	6	0	1	0.00787401574803
0.181844387034	0.115984405458	127	1	6	0	1	0.0078125
0.183071912972	0.116959064327	128	1	6	0	1	0.0077519379845
0.18320877155	0.117933723197	129	1	6	0	1	0.00769230769231
0.18347909124	0.118908382066	130	1	6	0	1	0.00763358778626
0.185251439008	0.119883040936	131	1	6	0	1	0.00757575757576
0.18660822323	0.120857699805	132	1	6	0	1	0.00751879699248
0.187684084241	0.121832358674	133	1	6	0	1	0.00746268656716
0.18779839819	0.122807017544	134	1	6	0	1	0.00740740740741
0.188158146179	0.123781676413	135	1	6	0	1	0.00735294117647
0.188785228935	0.124756335283	136	1	6	0	1	0.00729927007299
0.190571943845	0.125730994152	137	1	6	0	1	0.00724637681159
0.19064923662	0.126705653021	138	1	6	0	1	0.00719424460432
0.191339697683	0.127680311891	139	1	6	0	1	0.00714285714286
0.192379088257	0.12865497076	140	1	6	0	1	0.00709219858156
0.193981915793	0.12962962963	141	1	6	0	1	0.00704225352113
0.197168230123	0.120857699805	141	2	42	0	10	0.0662251655629
0.197511098066	0.121832358674	142	2	42	0	10	0.0657894736842
0.197774729043	0.122807017544	143	2	42	0	10	0.0653594771242
0.201867811324	0.123781676413	144	2	42	0	10	0.0649350649351
0.202244176003	0.124756335283	145	2	42	0	10	0.0645161290323
0.202901572538	0.125730994152	146	2	42	0	10	0.0641025641026
0.204710010777	0.126705653021	147	2	42	0	10	0.0636942675159
0.20593118202	0.125730994152	148	2	42	0	10	0.0632911392405
0.206276989351	0.126705653021	149	2	42	0	10	0.062893081761
0.206561859288	0.127680311891	150	2	42	0	10	0.0625
0.208081301822	0.12865497076	151	2	42	0	10	0.0621118012422
0.208320449669	0.12962962963	152	2	42	0	10	0.0617283950617
0.212540546535	0.130604288499	153	2	42	0	10	0.0613496932515
0.212700847658	0.131578947368	154	2	42	0	10	0.0609756097561
0.213001729184	0.132553606238	155	2	42	0	10	0.0606060606061
0.215419428765	0.133528265107	156	2	42	0	10	0.0602409638554
0.217832466022	0.134502923977	157	2	42	0	10	0.059880239521
0.219442981684	0.135477582846	158	2	42	0	10	0.0595238095238
0.220962874169	0.136452241715	159	2	42	0	10	0.0591715976331
0.221006359375	0.137426900585	160	2	42	0	10	0.0588235294118
0.221677280744	0.138401559454	161	2	42	0	10	0.0584795321637
0.221708916575	0.139376218324	162	2	42	0	10	0.0581395348837
0.223312951564	0.140350877193	163	2	42	0	10	0.0578034682081
0.223907539038	0.141325536062	164	2	42	0	10	0.0574712643678
0.224182795859	0.142300194932	165	2	42	0	10	0.0571428571429
0.224429428262	0.143274853801	166	2	42	0	10	0.0568181818182
0.225308554236	0.144249512671	167	2	42	0	10	0.0564971751412
0.228591548548	0.14522417154	168	2	42	0	10	0.0561797752809
0.229804468976	0.146198830409	169	2	42	0	10	0.0558659217877
0.230522574337	0.147173489279	170	2	42	0	10	0.0555555555556
0.231337413392	0.148148148148	171	2	42	0	10	0.0552486187845
0.231813501047	0.149122807018	172	2	42	0	10	0.0549450549451
0.232387151596	0.150097465887	173	2	42	0	10	0.0546448087432
0.234352383353	0.151072124756	174	2	42	0	10	0.054347826087
0.236732284761	0.152046783626	175	2	42	0	10	0.0540540540541
0.23784996948	0.151072124756	176	2	42	0	10	0.0537634408602
0.242955959717	0.152046783626	177	2	42	0	10	0.0534759358289
0.24419927008	0.152046783626	178	2	42	0	10	0.0531914893617
0.24532777538	0.153021442495	179	2	42	0	10	0.0529100529101
0.245791283144	0.153996101365	180	2	42	0	10	0.0526315789474
0.249403982403	0.153996101365	181	2	42	0	10	0.0523560209424
0.25121654467	0.154970760234	182	2	42	0	10	0.0520833333333
0.251874272828	0.155945419103	183	2	42	0	10	0.0518134715026
0.25588096783	0.135477582846	183	3	171	0	31	0.144859813084
0.25863420817	0.136452241715	184	3	171	0	31	0.144186046512
0.258818268041	0.136452241715	185	3	171	0	31	0.143518518519
0.259759509709	0.137426900585	186	3	171	0	31	0.142857142857
0.2631381079	0.138401559454	187	3	171	0	31	0.142201834862
0.266387117993	0.138401559454	188	3	171	0	31	0.141552511416
0.266594342566	0.139376218324	189	3	171	0	31	0.140909090909
0.26984827435	0.140350877193	190	3	171	0	31	0.140271493213
0.273576360276	0.140350877193	191	3	171	0	31	0.13963963964
0.275921425137	0.141325536062	192	3	171	0	31	0.139013452915
0.278360974292	0.142300194932	193	3	171	0	31	0.138392857143
0.279243963217	0.141325536062	194	3	171	0	31	0.137777777778
0.28103885351	0.142300194932	195	3	171	0	31	0.137168141593
0.282680414673	0.143274853801	196	3	171	0	31	0.136563876652
0.282844595498	0.144249512671	197	3	171	0	31	0.135964912281
0.286997985973	0.14522417154	198	3	171	0	31	0.135371179039
0.289626207816	0.146198830409	199	3	171	0	31	0.134782608696
0.291150882877	0.147173489279	200	3	171	0	31	0.134199134199
0.293236115858	0.148148148148	201	3	171	0	31	0.133620689655
0.29354541442	0.149122807018	202	3	171	0	31	0.1330472103
0.295733141403	0.150097465887	203	3	171	0	31	0.132478632479
0.295850805463	0.151072124756	204	3	171	0	31	0.131914893617
0.296520022054	0.152046783626	205	3	171	0	31	0.131355932203
0.297506417075	0.153021442495	206	3	171	0	31	0.130801687764
0.298538329973	0.152046783626	207	3	171	0	31	0.13025210084
0.299181874691	0.153021442495	208	3	171	0	31	0.129707112971
0.299788135391	0.153996101365	209	3	171	0	31	0.129166666667
0.301081326792	0.154970760234	210	3	171	0	31	0.128630705394
0.301358129501	0.155945419103	211	3	171	0	31	0.128099173554
0.302558744879	0.155945419103	212	3	171	0	31	0.127572016461
0.302562403933	0.156920077973	213	3	171	0	31	0.127049180328
0.304358257952	0.157894736842	214	3	171	0	31	0.126530612245
0.305703116805	0.158869395712	215	3	171	0	31	0.126016260163
0.306705711668	0.159844054581	216	3	171	0	31	0.125506072874
0.307116772414	0.16081871345	217	3	171	0	31	0.125
0.307565579867	0.16179337232	218	3	171	0	31	0.124497991968
0.310075763656	0.16081871345	219	3	171	0	31	0.124
0.311060135613	0.16179337232	220	3	171	0	31	0.123505976096
0.311895679647	0.162768031189	221	3	171	0	31	0.123015873016
0.313059245376	0.162768031189	222	3	171	0	31	0.122529644269
0.31329783139	0.163742690058	223	3	171	0	31	0.122047244094
0.315890620128	0.163742690058	224	3	171	0	31	0.121568627451
0.320782656941	0.164717348928	225	3	171	0	31	0.12109375
0.322532345308	0.165692007797	226	3	171	0	31	0.120622568093
0.322725671596	0.165692007797	227	3	171	0	31	0.12015503876
0.324108338409	0.166666666667	228	3	171	0	31	0.119691119691
0.324454615052	0.167641325536	229	3	171	0	31	0.119230769231
0.329090486397	0.168615984405	230	3	171	0	31	0.11877394636
0.32920867406	0.169590643275	231	3	171	0	31	0.118320610687
0.329628231374	0.170565302144	232	3	171	0	31	0.117870722433
0.334537939456	0.171539961014	233	3	171	0	31	0.117424242424
0.342081239018	0.172514619883	234	3	171	0	31	0.116981132075
0.343050216961	0.173489278752	235	3	171	0	31	0.116541353383
0.344193787675	0.174463937622	236	3	171	0	31	0.116104868914
0.344909094222	0.175438596491	237	3	171	0	31	0.115671641791
0.346602015999	0.176413255361	238	3	171	0	31	0.115241635688
0.351504588436	0.17738791423	239	3	171	0	31	0.114814814815
0.353464075829	0.178362573099	240	3	171	0	31	0.114391143911
0.356913491644	0.179337231969	241	3	171	0	31	0.113970588235
0.358608987838	0.180311890838	242	3	171	0	31	0.113553113553
0.359691757398	0.181286549708	243	3	171	0	31	0.113138686131
0.360325314175	0.182261208577	244	3	171	0	31	0.112727272727
0.365450893345	0.182261208577	245	3	171	0	31	0.11231884058
0.36603099726	0.183235867446	246	3	171	0	31	0.111913357401
0.366531403234	0.184210526316	247	3	171	0	31	0.111510791367
0.370486396454	0.185185185185	248	3	171	0	31	0.111111111111
0.371761929371	0.186159844055	249	3	171	0	31	0.110714285714
0.372970509453	0.187134502924	250	3	171	0	31	0.110320284698
0.374596107274	0.186159844055	251	3	171	0	31	0.109929078014
0.377492446597	0.186159844055	252	3	171	0	31	0.109540636042
0.380540682478	0.187134502924	253	3	171	0	31	0.109154929577
0.381080945894	0.188109161793	254	3	171	0	31	0.108771929825
0.382204040737	0.189083820663	255	3	171	0	31	0.108391608392
0.383481026138	0.189083820663	256	3	171	0	31	0.108013937282
0.386167506792	0.190058479532	257	3	171	0	31	0.107638888889
0.387604391622	0.191033138402	258	3	171	0	31	0.107266435986
0.392152666813	0.192007797271	259	3	171	0	31	0.106896551724
0.396182664316	0.19298245614	260	3	171	0	31	0.106529209622
0.397663105046	0.19395711501	261	3	171	0	31	0.106164383562
0.398021505206	0.194931773879	262	3	171	0	31	0.105802047782
0.399443966736	0.195906432749	263	3	171	0	31	0.105442176871
0.400668630181	0.196881091618	264	3	171	0	31	0.105084745763
0.400950490324	0.197855750487	265	3	171	0	31	0.10472972973
0.40340724742	0.198830409357	266	3	171	0	31	0.104377104377
0.403981940641	0.199805068226	267	3	171	0	31	0.104026845638
0.404845122288	0.200779727096	268	3	171	0	31	0.103678929766
0.408775800658	0.201754385965	269	3	171	0	31	0.103333333333
0.410379336042	0.202729044834	270	3	171	0	31	0.102990033223
0.411634500345	0.203703703704	271	3	171	0	31	0.102649006623
0.411803457908	0.204678362573	272	3	171	0	31	0.102310231023
0.414652591277	0.205653021442	273	3	171	0	31	0.101973684211
0.417798046963	0.206627680312	274	3	171	0	31	0.101639344262
0.418082262625	0.207602339181	275	3	171	0	31	0.101307189542
0.419456562166	0.208576998051	276	3	171	0	31	0.100977198697
0.421525167401	0.20955165692	277	3	171	0	31	0.100649350649
0.423453857717	0.20955165692	278	3	171	0	31	0.100323624595
0.423844177979	0.210526315789	279	3	171	0	31	0.1
0.424735367449	0.211500974659	280	3	171	0	31	0.0996784565916
0.429369493288	0.212475633528	281	3	171	0	31	0.099358974359
0.429830108938	0.213450292398	282	3	171	0	31	0.0990415335463
0.432565165287	0.214424951267	283	3	171	0	31	0.0987261146497
0.433479771104	0.215399610136	284	3	171	0	31	0.0984126984127
0.433930774194	0.216374269006	285	3	171	0	31	0.0981012658228
0.434243929467	0.217348927875	286	3	171	0	31	0.0977917981073
0.436837562644	0.218323586745	287	3	171	0	31	0.0974842767296
0.440871625377	0.219298245614	288	3	171	0	31	0.0971786833856
0.442091361978	0.220272904483	289	3	171	0	31	0.096875
0.442856632281	0.221247563353	290	3	171	0	31	0.0965732087227
0.443141359978	0.221247563353	291	3	171	0	31	0.0962732919255
0.443992404522	0.220272904483	292	3	171	0	31	0.0959752321981
0.444676319086	0.219298245614	293	3	171	0	31	0.0956790123457
0.445175521657	0.220272904483	294	3	171	0	31	0.0953846153846
0.445504667925	0.221247563353	295	3	171	0	31	0.0950920245399
0.447858438599	0.222222222222	296	3	171	0	31	0.0948012232416
0.451991044893	0.223196881092	297	3	171	0	31	0.094512195122
0.452146650458	0.223196881092	298	3	171	0	31	0.0942249240122
0.452354522416	0.224171539961	299	3	171	0	31	0.0939393939394
0.452924777897	0.22514619883	300	3	171	0	31	0.0936555891239
0.454113413535	0.22514619883	301	3	171	0	31	0.0933734939759
0.454508112177	0.2261208577	302	3	171	0	31	0.0930930930931
0.454647747116	0.227095516569	303	3	171	0	31	0.0928143712575
0.455466768805	0.228070175439	304	3	171	0	31	0.0925373134328
0.456490618103	0.229044834308	305	3	171	0	31	0.0922619047619
0.45673975409	0.230019493177	306	3	171	0	31	0.0919881305638
0.459515230609	0.229044834308	307	3	171	0	31	0.0917159763314
0.460514365289	0.229044834308	308	3	171	0	31	0.0914454277286
0.461175258053	0.230019493177	309	3	171	0	31	0.0911764705882
0.461245059195	0.230019493177	310	3	171	0	31	0.0909090909091
0.461340680253	0.230994152047	311	3	171	0	31	0.0906432748538
0.461387088726	0.231968810916	312	3	171	0	31	0.0903790087464
0.464181989987	0.232943469786	313	3	171	0	31	0.0901162790698
0.466865398376	0.233918128655	314	3	171	0	31	0.0898550724638
0.468464287421	0.2261208577	314	4	42	0	39	0.110481586402
0.469942515464	0.227095516569	315	4	42	0	39	0.110169491525
0.470341194466	0.228070175439	316	4	42	0	39	0.10985915493
0.470839171853	0.227095516569	317	4	42	0	39	0.109550561798
0.471312079136	0.228070175439	318	4	42	0	39	0.109243697479
0.475205760701	0.227095516569	319	4	42	0	39	0.108938547486
0.476097828056	0.227095516569	320	4	42	0	39	0.108635097493
0.478148650853	0.228070175439	321	4	42	0	39	0.108333333333
0.480240797026	0.227095516569	322	4	42	0	39	0.108033240997
0.487430435433	0.228070175439	323	4	42	0	39	0.10773480663
0.488123649952	0.228070175439	324	4	42	0	39	0.107438016529
0.488280345288	0.228070175439	325	4	42	0	39	0.107142857143
0.488712814093	0.229044834308	326	4	42	0	39	0.106849315068
0.488788950915	0.229044834308	327	4	42	0	39	0.106557377049
0.489017901501	0.230019493177	328	4	42	0	39	0.106267029973
0.489181733374	0.230994152047	329	4	42	0	39	0.10597826087
0.494486266118	0.230994152047	330	4	42	0	39	0.105691056911
0.495331676867	0.231968810916	331	4	42	0	39	0.105405405405
0.495922991505	0.232943469786	332	4	42	0	39	0.105121293801
0.497120614984	0.233918128655	333	4	42	0	39	0.104838709677
0.497443598673	0.233918128655	334	4	42	0	39	0.104557640751
0.500304871991	0.234892787524	335	4	42	0	39	0.104278074866
0.50156857769	0.234892787524	336	4	42	0	39	0.104
0.501803861789	0.234892787524	337	4	42	0	39	0.103723404255
0.502952286547	0.235867446394	338	4	42	0	39	0.103448275862
0.503200665115	0.235867446394	339	4	42	0	39	0.103174603175
0.504293846759	0.235867446394	340	4	42	0	39	0.10290237467
0.506109052269	0.235867446394	341	4	42	0	39	0.102631578947
0.506705205101	0.235867446394	342	4	42	0	39	0.102362204724
0.506975181741	0.236842105263	343	4	42	0	39	0.102094240838
0.507408687645	0.237816764133	344	4	42	0	39	0.10182767624
0.507750246867	0.238791423002	345	4	42	0	39	0.1015625
0.510148315902	0.239766081871	346	4	42	0	39	0.101298701299
0.514288366583	0.239766081871	347	4	42	0	39	0.10103626943
0.515694206928	0.240740740741	348	4	42	0	39	0.100775193798
0.516572039906	0.24171539961	349	4	42	0	39	0.100515463918
0.517856819143	0.240740740741	350	4	42	0	39	0.100257069409
0.520793849857	0.24171539961	351	4	42	0	39	0.1
0.521605059617	0.24171539961	352	4	42	0	39	0.0997442455243
0.52636831106	0.24269005848	353	4	42	0	39	0.0994897959184
0.526957848656	0.243664717349	354	4	42	0	39	0.0992366412214
0.528361141703	0.244639376218	355	4	42	0	39	0.0989847715736
0.530765359776	0.244639376218	356	4	42	0	39	0.0987341772152
0.533244741155	0.245614035088	357	4	42	0	39	0.0984848484848
0.534195819185	0.246588693957	358	4	42	0	39	0.0982367758186
0.535884422791	0.247563352827	359	4	42	0	39	0.0979899497487
0.537407319678	0.248538011696	360	4	42	0	39	0.0977443609023
0.53899217294	0.237816764133	360	5	42	0	50	0.121951219512
0.54022533369	0.237816764133	361	5	42	0	50	0.121654501217
0.540787754492	0.238791423002	362	5	42	0	50	0.121359223301
0.541168034571	0.239766081871	363	5	42	0	50	0.121065375303
0.54341813885	0.240740740741	364	5	42	0	50	0.12077294686
0.549130563679	0.24171539961	365	5	42	0	50	0.120481927711
0.553573964368	0.24269005848	366	5	42	0	50	0.120192307692
0.553764634433	0.243664717349	367	5	42	0	50	0.119904076739
0.560545365752	0.244639376218	368	5	42	0	50	0.11961722488
0.564534777332	0.243664717349	369	5	42	0	50	0.119331742243
0.565019095857	0.244639376218	370	5	42	0	50	0.119047619048
0.566476078484	0.244639376218	371	5	42	0	50	0.118764845606
0.567748521708	0.245614035088	372	5	42	0	50	0.118483412322
0.568320594467	0.245614035088	373	5	42	0	50	0.118203309693
0.571039897198	0.24269005848	373	6	27	0	53	0.12441314554
0.571234252939	0.243664717349	374	6	27	0	53	0.124121779859
0.571693180256	0.244639376218	375	6	27	0	53	0.123831775701
0.572020673501	0.245614035088	376	6	27	0	53	0.123543123543
0.572834240225	0.246588693957	377	6	27	0	53	0.123255813953
0.5734872888	0.247563352827	378	6	27	0	53	0.122969837587
0.573541836048	0.248538011696	379	6	27	0	53	0.122685185185
0.57592621275	0.249512670565	380	6	27	0	53	0.122401847575
0.577331505648	0.250487329435	381	6	27	0	53	0.122119815668
0.582190315432	0.251461988304	382	6	27	0	53	0.12183908046
0.582200778484	0.252436647173	383	6	27	0	53	0.121559633028
0.58328730987	0.253411306043	384	6	27	0	53	0.121281464531
0.584396204431	0.254385964912	385	6	27	0	53	0.12100456621
0.58893597443	0.254385964912	386	6	27	0	53	0.120728929385
0.59192810428	0.255360623782	387	6	27	0	53	0.120454545455
0.592273789015	0.256335282651	388	6	27	0	53	0.120181405896
0.594946114283	0.255360623782	389	6	27	0	53	0.119909502262
0.594971698159	0.256335282651	390	6	27	0	53	0.119638826185
0.595592219308	0.25730994152	391	6	27	0	53	0.119369369369
0.598662983499	0.25828460039	392	6	27	0	53	0.119101123596
0.602602302193	0.25828460039	393	6	27	0	53	0.118834080717
0.604175563153	0.25730994152	394	6	27	0	53	0.118568232662
0.604732904219	0.25828460039	395	6	27	0	53	0.118303571429
0.605212694367	0.25730994152	396	6	27	0	53	0.118040089087
0.606685450032	0.25828460039	397	6	27	0	53	0.117777777778
0.611962310726	0.259259259259	398	6	27	0	53	0.117516629712
0.612341563873	0.260233918129	399	6	27	0	53	0.117256637168
0.612402523121	0.260233918129	400	6	27	0	53	0.116997792494
0.612483857356	0.260233918129	401	6	27	0	53	0.116740088106
0.613106905066	0.261208576998	402	6	27	0	53	0.116483516484
0.613869002344	0.262183235867	403	6	27	0	53	0.116228070175
0.613927955202	0.263157894737	404	6	27	0	53	0.115973741794
0.614805464159	0.264132553606	405	6	27	0	53	0.115720524017
0.616284074859	0.263157894737	406	6	27	0	53	0.115468409586
0.61661693528	0.264132553606	407	6	27	0	53	0.115217391304
0.619959786071	0.265107212476	408	6	27	0	53	0.114967462039
0.621249052013	0.266081871345	409	6	27	0	53	0.114718614719
0.621288248886	0.267056530214	410	6	27	0	53	0.114470842333
0.623061465327	0.267056530214	411	6	27	0	53	0.114224137931
0.623786760643	0.268031189084	412	6	27	0	53	0.113978494624
0.624329809166	0.268031189084	413	6	27	0	53	0.113733905579
0.624620138734	0.269005847953	414	6	27	0	53	0.113490364026
0.625041098753	0.269980506823	415	6	27	0	53	0.113247863248
0.625766601255	0.270955165692	416	6	27	0	53	0.113006396588
0.6273717354	0.271929824561	417	6	27	0	53	0.112765957447
0.627466233854	0.272904483431	418	6	27	0	53	0.112526539278
0.631236086553	0.2738791423	419	6	27	0	53	0.112288135593
0.632544973164	0.272904483431	420	6	27	0	53	0.112050739958
0.635113359459	0.2738791423	421	6	27	0	53	0.111814345992
0.63660080223	0.27485380117	422	6	27	0	53	0.111578947368
0.641006192954	0.2738791423	423	6	27	0	53	0.111344537815
0.641842116964	0.27485380117	424	6	27	0	53	0.111111111111
0.644022667975	0.2738791423	425	6	27	0	53	0.110878661088
0.64442736865	0.27485380117	426	6	27	0	53	0.110647181628
0.646225094068	0.27485380117	427	6	27	0	53	0.110416666667
0.646823829599	0.275828460039	428	6	27	0	53	0.110187110187
0.64873015196	0.27485380117	429	6	27	0	53	0.109958506224
0.648823065337	0.27485380117	430	6	27	0	53	0.109730848861
0.649226117767	0.275828460039	431	6	27	0	53	0.109504132231
0.650222135739	0.276803118908	432	6	27	0	53	0.109278350515
0.651534846604	0.276803118908	433	6	27	0	53	0.109053497942
0.652337075221	0.277777777778	434	6	27	0	53	0.108829568789
0.65249284346	0.278752436647	435	6	27	0	53	0.108606557377
0.65343484206	0.279727095517	436	6	27	0	53	0.108384458078
0.655294966706	0.280701754386	437	6	27	0	53	0.108163265306
0.655742970213	0.279727095517	438	6	27	0	53	0.107942973523
0.656792907552	0.280701754386	439	6	27	0	53	0.107723577236
0.657527982504	0.281676413255	440	6	27	0	53	0.107505070994
0.660765266214	0.282651072125	441	6	27	0	53	0.107287449393
0.662905975508	0.281676413255	442	6	27	0	53	0.107070707071
0.663201523327	0.282651072125	443	6	27	0	53	0.10685483871
0.663309679735	0.283625730994	444	6	27	0	53	0.106639839034
0.663962243841	0.284600389864	445	6	27	0	53	0.106425702811
0.66436045885	0.285575048733	446	6	27	0	53	0.10621242485
0.664737335903	0.286549707602	447	6	27	0	53	0.106
0.668623592811	0.287524366472	448	6	27	0	53	0.105788423154
0.670176985629	0.287524366472	449	6	27	0	53	0.105577689243
0.670471477354	0.288499025341	450	6	27	0	53	0.105367793241
0.67358866417	0.287524366472	451	6	27	0	53	0.105158730159
0.67565965976	0.288499025341	452	6	27	0	53	0.10495049505
0.676830107963	0.288499025341	453	6	27	0	53	0.104743083004
0.677254654425	0.289473684211	454	6	27	0	53	0.104536489152
0.677952141237	0.289473684211	455	6	27	0	53	0.104330708661
0.678373089458	0.29044834308	456	6	27	0	53	0.104125736739
0.679239675387	0.29044834308	457	6	27	0	53	0.103921568627
0.679362104977	0.291423001949	458	6	27	0	53	0.103718199609
0.679750120362	0.291423001949	459	6	27	0	53	0.103515625
0.682292376161	0.292397660819	460	6	27	0	53	0.103313840156
0.68661326158	0.291423001949	461	6	27	0	53	0.103112840467
0.687706260881	0.292397660819	462	6	27	0	53	0.102912621359
0.689114904491	0.292397660819	463	6	27	0	53	0.102713178295
0.690212582932	0.293372319688	464	6	27	0	53	0.10251450677
0.690567704703	0.294346978558	465	6	27	0	53	0.102316602317
0.691226972336	0.295321637427	466	6	27	0	53	0.102119460501
0.691257263171	0.296296296296	467	6	27	0	53	0.101923076923
0.697209816242	0.296296296296	468	6	27	0	53	0.101727447217
0.698747290418	0.297270955166	469	6	27	0	53	0.10153256705
0.701521277885	0.297270955166	470	6	27	0	53	0.101338432122
0.702377402126	0.298245614035	471	6	27	0	53	0.101145038168
0.70353398257	0.299220272904	472	6	27	0	53	0.100952380952
0.703825122483	0.298245614035	473	6	27	0	53	0.100760456274
0.703975504812	0.299220272904	474	6	27	0	53	0.100569259962
0.704534211214	0.300194931774	475	6	27	0	53	0.100378787879
0.705998953283	0.301169590643	476	6	27	0	53	0.100189035917
0.706602318474	0.301169590643	477	6	27	0	53	0.1
0.706606456682	0.302144249513	478	6	27	0	53	0.0998116760829
0.706903432312	0.302144249513	479	6	27	0	53	0.0996240601504
0.71319477998	0.303118908382	480	6	27	0	53	0.0994371482176
0.714298205286	0.304093567251	481	6	27	0	53	0.0992509363296
0.716031533768	0.304093567251	482	6	27	0	53	0.0990654205607
0.717007840761	0.305068226121	483	6	27	0	53	0.0988805970149
0.717462476078	0.305068226121	484	6	27	0	53	0.098696461825
0.720568359161	0.30604288499	485	6	27	0	53	0.0985130111524
0.72097021045	0.30701754386	486	6	27	0	53	0.0983302411874
0.723663107858	0.30701754386	487	6	27	0	53	0.0981481481481
0.725443069488	0.307992202729	488	6	27	0	53	0.097966728281
0.725698859895	0.308966861598	489	6	27	0	53	0.0977859778598
0.729328707886	0.309941520468	490	6	27	0	53	0.097605893186
0.729383026365	0.310916179337	491	6	27	0	53	0.0974264705882
0.729563165064	0.310916179337	492	6	27	0	53	0.097247706422
0.731331290187	0.311890838207	493	6	27	0	53	0.0970695970696
0.733327080554	0.312865497076	494	6	27	0	53	0.0968921389397
0.733508945672	0.313840155945	495	6	27	0	53	0.0967153284672
0.734163543665	0.314814814815	496	6	27	0	53	0.0965391621129
0.73572209449	0.315789473684	497	6	27	0	53	0.0963636363636
0.736116268287	0.316764132554	498	6	27	0	53	0.0961887477314
0.737051437619	0.317738791423	499	6	27	0	53	0.0960144927536
0.73874401003	0.318713450292	500	6	27	0	53	0.0958408679928
0.739852358574	0.319688109162	501	6	27	0	53	0.0956678700361
0.743468112555	0.319688109162	502	6	27	0	53	0.0954954954955
0.744423336037	0.319688109162	503	6	27	0	53	0.0953237410072
0.746931197774	0.320662768031	504	6	27	0	53	0.0951526032316
0.747924038221	0.320662768031	505	6	27	0	53	0.094982078853
0.748797824384	0.320662768031	506	6	27	0	53	0.0948121645796
0.749122847841	0.320662768031	507	6	27	0	53	0.0946428571429
0.749140259773	0.321637426901	508	6	27	0	53	0.0944741532977
0.752946210321	0.320662768031	509	6	27	0	53	0.0943060498221
0.755260924944	0.321637426901	510	6	27	0	53	0.0941385435169
0.760176012901	0.321637426901	511	6	27	0	53	0.0939716312057
0.762544852361	0.320662768031	512	6	27	0	53	0.0938053097345
0.763408280188	0.320662768031	513	6	27	0	53	0.0936395759717
0.765871770345	0.319688109162	514	6	27	0	53	0.0934744268078
0.766539924582	0.320662768031	515	6	27	0	53	0.0933098591549
0.768431486328	0.321637426901	516	6	27	0	53	0.0931458699473
0.76938867345	0.32261208577	517	6	27	0	53	0.0929824561404
0.769842990346	0.321637426901	518	6	27	0	53	0.092819614711
0.773140724167	0.32261208577	519	6	27	0	53	0.0926573426573
0.773314469582	0.323586744639	520	6	27	0	53	0.0924956369983
0.777168587746	0.323586744639	521	6	27	0	53	0.0923344947735
0.778056802652	0.32261208577	522	6	27	0	53	0.0921739130435
0.778466883804	0.323586744639	523	6	27	0	53	0.0920138888889
0.778925820446	0.32261208577	524	6	27	0	53	0.0918544194107
0.779297040326	0.323586744639	525	6	27	0	53	0.0916955017301
0.779476839962	0.324561403509	526	6	27	0	53	0.0915371329879
0.780182391881	0.325536062378	527	6	27	0	53	0.0913793103448
0.78187196611	0.326510721248	528	6	27	0	53	0.0912220309811
0.783066424115	0.327485380117	529	6	27	0	53	0.0910652920962
0.784408566658	0.328460038986	530	6	27	0	53	0.0909090909091
0.787047117134	0.328460038986	531	6	27	0	53	0.0907534246575
0.788178112986	0.329434697856	532	6	27	0	53	0.0905982905983
0.790577148225	0.329434697856	533	6	27	0	53	0.0904436860068
0.791496152965	0.330409356725	534	6	27	0	53	0.0902896081772
0.794908580352	0.330409356725	535	6	27	0	53	0.0901360544218
0.797222419172	0.331384015595	536	6	27	0	53	0.0899830220713
0.798272622041	0.332358674464	537	6	27	0	53	0.0898305084746
0.800866167882	0.332358674464	538	6	27	0	53	0.0896785109983
0.801948549467	0.333333333333	539	6	27	0	53	0.089527027027
0.802175963279	0.332358674464	540	6	27	0	53	0.0893760539629
0.802793147514	0.332358674464	541	6	27	0	53	0.0892255892256
0.80839484646	0.333333333333	542	6	27	0	53	0.0890756302521
0.810022300891	0.334307992203	543	6	27	0	53	0.0889261744966
0.811013967784	0.335282651072	544	6	27	0	53	0.0887772194305
0.811715251569	0.334307992203	545	6	27	0	53	0.0886287625418
0.812406919854	0.334307992203	546	6	27	0	53	0.0884808013356
0.81311688712	0.335282651072	547	6	27	0	53	0.0883333333333
0.815091879113	0.336257309942	548	6	27	0	53	0.0881863560732
0.818454001039	0.337231968811	549	6	27	0	53	0.0880398671096
0.819837954002	0.33820662768	550	6	27	0	53	0.0878938640133
0.819984759695	0.33918128655	551	6	27	0	53	0.0877483443709
0.820132628785	0.340155945419	552	6	27	0	53	0.0876033057851
0.823175239051	0.341130604288	553	6	27	0	53	0.0874587458746
0.823382067891	0.340155945419	554	6	27	0	53	0.0873146622735
0.823459801409	0.341130604288	555	6	27	0	53	0.0871710526316
0.824954652021	0.342105263158	556	6	27	0	53	0.0870279146141
0.825366275652	0.343079922027	557	6	27	0	53	0.0868852459016
0.825817970494	0.344054580897	558	6	27	0	53	0.0867430441899
0.826969472866	0.344054580897	559	6	27	0	53	0.0866013071895
0.8278904471	0.345029239766	560	6	27	0	53	0.0864600326264
0.828717711457	0.346003898635	561	6	27	0	53	0.086319218241
0.829618880268	0.346978557505	562	6	27	0	53	0.0861788617886
0.830931925208	0.347953216374	563	6	27	0	53	0.086038961039
0.831542150341	0.348927875244	564	6	27	0	53	0.0858995137763
0.832077935162	0.348927875244	565	6	27	0	53	0.0857605177994
0.832269037134	0.348927875244	566	6	27	0	53	0.0856219709208
0.832964062575	0.348927875244	567	6	27	0	53	0.0854838709677
0.843001061809	0.349902534113	568	6	27	0	53	0.085346215781
0.844487220154	0.350877192982	569	6	27	0	53	0.0852090032154
0.845980427036	0.351851851852	570	6	27	0	53	0.0850722311396
0.846404519322	0.352826510721	571	6	27	0	53	0.0849358974359
0.848471566479	0.352826510721	572	6	27	0	53	0.0848
0.84851176486	0.352826510721	573	6	27	0	53	0.0846645367412
0.849310629431	0.353801169591	574	6	27	0	53	0.0845295055821
0.850262902638	0.35477582846	575	6	27	0	53	0.0843949044586
0.853978843488	0.355750487329	576	6	27	0	53	0.0842607313196
0.856767855603	0.356725146199	577	6	27	0	53	0.084126984127
0.858059009524	0.356725146199	578	6	27	0	53	0.0839936608558
0.858165849622	0.355750487329	579	6	27	0	53	0.0838607594937
0.858465697726	0.356725146199	580	6	27	0	53	0.0837282780411
0.85912747597	0.357699805068	581	6	27	0	53	0.083596214511
0.859569603505	0.358674463938	582	6	27	0	53	0.0834645669291
0.859731289969	0.359649122807	583	6	27	0	53	0.0833333333333
0.860120513151	0.360623781676	584	6	27	0	53	0.0832025117739
0.86363747348	0.361598440546	585	6	27	0	53	0.0830721003135
0.863685701094	0.362573099415	586	6	27	0	53	0.0829420970266
0.864984447688	0.361598440546	587	6	27	0	53	0.0828125
0.867179915023	0.361598440546	588	6	27	0	53	0.0826833073323
0.872103761809	0.362573099415	589	6	27	0	53	0.082554517134
0.873506008734	0.363547758285	590	6	27	0	53	0.0824261275272
0.874280939107	0.364522417154	591	6	27	0	53	0.082298136646
0.874521898163	0.365497076023	592	6	27	0	53	0.0821705426357
0.875530798368	0.366471734893	593	6	27	0	53	0.0820433436533
0.881193524843	0.367446393762	594	6	27	0	53	0.0819165378671
0.881617475155	0.368421052632	595	6	27	0	53	0.0817901234568
0.882793879224	0.369395711501	596	6	27	0	53	0.0816640986133
0.883161497764	0.37037037037	597	6	27	0	53	0.0815384615385
0.883564229837	0.37037037037	598	6	27	0	53	0.0814132104455
0.884864710513	0.37037037037	599	6	27	0	53	0.0812883435583
0.885753475084	0.37037037037	600	6	27	0	53	0.0811638591118
0.886319370412	0.37037037037	601	6	27	0	53	0.0810397553517
0.886501574934	0.37134502924	602	6	27	0	53	0.0809160305344
0.888622659021	0.37134502924	603	6	27	0	53	0.0807926829268
0.890942062391	0.37134502924	604	6	27	0	53	0.0806697108067
0.896850089202	0.372319688109	605	6	27	0	53	0.080547112462
0.900275191336	0.373294346979	606	6	27	0	53	0.0804248861912
0.900485613983	0.374269005848	607	6	27	0	53	0.080303030303
0.903027061096	0.373294346979	608	6	27	0	53	0.0801815431165
0.903518986128	0.374269005848	609	6	27	0	53	0.0800604229607
0.903557365765	0.375243664717	610	6	27	0	53	0.079939668175
0.903629702686	0.376218323587	611	6	27	0	53	0.0798192771084
0.904326208627	0.377192982456	612	6	27	0	53	0.0796992481203
0.905583805008	0.378167641326	613	6	27	0	53	0.0795795795796
0.906338781513	0.379142300195	614	6	27	0	53	0.0794602698651
0.907297373649	0.380116959064	615	6	27	0	53	0.0793413173653
0.907706379127	0.381091617934	616	6	27	0	53	0.0792227204783
0.908808000346	0.382066276803	617	6	27	0	53	0.0791044776119
0.909059965843	0.382066276803	618	6	27	0	53	0.0789865871833
0.912247253268	0.383040935673	619	6	27	0	53	0.078869047619
0.912665642834	0.383040935673	620	6	27	0	53	0.0787518573551
0.916706047786	0.384015594542	621	6	27	0	53	0.0786350148368
0.917385075587	0.384990253411	622	6	27	0	53	0.0785185185185
0.91816495705	0.385964912281	623	6	27	0	53	0.0784023668639
0.91866159114	0.38693957115	624	6	27	0	53	0.0782865583456
0.919541729901	0.385964912281	625	6	27	0	53	0.0781710914454
0.920539576529	0.385964912281	626	6	27	0	53	0.0780559646539
0.922696301165	0.384990253411	627	6	27	0	53	0.0779411764706
0.922730607081	0.384990253411	628	6	27	0	53	0.0778267254038
0.924023292276	0.385964912281	629	6	27	0	53	0.0777126099707
0.924594759786	0.38693957115	630	6	27	0	53	0.0775988286969
0.925176445985	0.387914230019	631	6	27	0	53	0.077485380117
0.925297152266	0.38693957115	632	6	27	0	53	0.0773722627737
0.92585669719	0.38693957115	633	6	27	0	53	0.0772594752187
0.926036275886	0.38693957115	634	6	27	0	53	0.0771470160116
0.926728099172	0.387914230019	635	6	27	0	53	0.0770348837209
0.929093399327	0.388888888889	636	6	27	0	53	0.0769230769231
0.932764868707	0.388888888889	637	6	27	0	53	0.0768115942029
0.934531841035	0.387914230019	638	6	27	0	53	0.0767004341534
0.935041942155	0.387914230019	639	6	27	0	53	0.0765895953757
0.936758715313	0.388888888889	640	6	27	0	53	0.0764790764791
0.937863200321	0.388888888889	641	6	27	0	53	0.0763688760807
0.938250435382	0.387914230019	642	6	27	0	53	0.0762589928058
0.940961037604	0.388888888889	643	6	27	0	53	0.0761494252874
0.941307837846	0.388888888889	644	6	27	0	53	0.0760401721664
0.943570572178	0.389863547758	645	6	27	0	53	0.0759312320917
0.949077893612	0.389863547758	646	6	27	0	53	0.0758226037196
0.949935148186	0.390838206628	647	6	27	0	53	0.0757142857143
0.951072513308	0.390838206628	648	6	27	0	53	0.0756062767475
0.952989936461	0.391812865497	649	6	27	0	53	0.0754985754986
0.953207047792	0.390838206628	650	6	27	0	53	0.0753911806543
0.954559875966	0.390838206628	651	6	27	0	53	0.0752840909091
0.954611041463	0.391812865497	652	6	27	0	53	0.0751773049645
0.955061653057	0.391812865497	653	6	27	0	53	0.0750708215297
0.95511473911	0.390838206628	654	6	27	0	53	0.0749646393211
0.956111053605	0.391812865497	655	6	27	0	53	0.0748587570621
0.959841437251	0.391812865497	656	6	27	0	53	0.0747531734838
0.965589445105	0.392787524366	657	6	27	0	53	0.0746478873239
0.965805750738	0.392787524366	658	6	27	0	53	0.0745428973277
0.967606755353	0.393762183236	659	6	27	0	53	0.0744382022472
0.968061430092	0.392787524366	660	6	27	0	53	0.0743338008415
0.968313347071	0.393762183236	661	6	27	0	53	0.0742296918768
0.969628898065	0.394736842105	662	6	27	0	53	0.0741258741259
0.969880722251	0.393762183236	663	6	27	0	53	0.0740223463687
0.970619158312	0.394736842105	664	6	27	0	53	0.0739191073919
0.97123317842	0.395711500975	665	6	27	0	53	0.0738161559889
0.974798858935	0.396686159844	666	6	27	0	53	0.0737134909597
0.975824344757	0.397660818713	667	6	27	0	53	0.0736111111111
0.979966769347	0.396686159844	668	6	27	0	53	0.0735090152566
0.983472195735	0.395711500975	669	6	27	0	53	0.0734072022161
0.98680438418	0.396686159844	670	6	27	0	53	0.073305670816
0.986935788586	0.396686159844	671	6	27	0	53	0.0732044198895
0.987448030164	0.396686159844	672	6	27	0	53	0.0731034482759
0.98834137759	0.396686159844	673	6	27	0	53	0.0730027548209
0.988926277411	0.395711500975	674	6	27	0	53	0.0729023383769
0.990047825402	0.396686159844	675	6	27	0	53	0.0728021978022
0.99060440242	0.395711500975	676	6	27	0	53	0.0727023319616
0.992972977348	0.394736842105	677	6	27	0	53	0.072602739726
0.993033424683	0.395711500975	678	6	27	0	53	0.0725034199726
0.993841569438	0.396686159844	679	6	27	0	53	0.0724043715847
0.995500330815	0.396686159844	680	6	27	0	53	0.0723055934516
0.997070564082	0.397660818713	681	6	27	0	53	0.0722070844687
0.997189539679	0.398635477583	682	6	27	0	53	0.0721088435374
0.999632550453	0.398635477583	683	6	27	0	53	0.0720108695652
0.999961098137	0.399610136452	684	6	27	0	53	0.0719131614654
1.00072267267	0.398635477583	685	6	27	0	53	0.0718157181572
1.00311195428	0.399610136452	686	6	27	0	53	0.0717185385656
1.00388936769	0.399610136452	687	6	27	0	53	0.0716216216216
1.00546983877	0.400584795322	688	6	27	0	53	0.0715249662618
1.00562319118	0.400584795322	689	6	27	0	53	0.0714285714286
1.0077228681	0.401559454191	690	6	27	0	53	0.07133243607
1.00857232406	0.40253411306	691	6	27	0	53	0.0712365591398
1.00900781642	0.40350877193	692	6	27	0	53	0.0711409395973
1.00939390938	0.40350877193	693	6	27	0	53	0.0710455764075
1.01015073112	0.404483430799	694	6	27	0	53	0.0709504685408
1.01088142045	0.405458089669	695	6	27	0	53	0.0708556149733
1.01108980441	0.405458089669	696	6	27	0	53	0.0707610146862
1.01143086271	0.405458089669	697	6	27	0	53	0.0706666666667
1.01220206677	0.405458089669	698	6	27	0	53	0.0705725699068
1.01653057135	0.404483430799	699	6	27	0	53	0.0704787234043
1.0169777264	0.405458089669	700	6	27	0	53	0.070385126162
1.01778667598	0.404483430799	701	6	27	0	53	0.0702917771883
1.02027821339	0.405458089669	702	6	27	0	53	0.0701986754967
1.02156813275	0.374269005848	702	7	99	0	85	0.108005082592
1.02288819516	0.375243664717	703	7	99	0	85	0.107868020305
1.02449585702	0.376218323587	704	7	99	0	85	0.10773130545
1.02970231055	0.377192982456	705	7	99	0	85	0.107594936709
1.03081001977	0.378167641326	706	7	99	0	85	0.107458912769
1.03186483199	0.379142300195	707	7	99	0	85	0.107323232323
1.0339194078	0.379142300195	708	7	99	0	85	0.107187894073
1.03578124843	0.380116959064	709	7	99	0	85	0.107052896725
1.0387417086	0.381091617934	710	7	99	0	85	0.106918238994
1.041388401	0.382066276803	711	7	99	0	85	0.106783919598
1.04229706049	0.381091617934	712	7	99	0	85	0.106649937265
1.04363168376	0.382066276803	713	7	99	0	85	0.106516290727
1.04462039985	0.383040935673	714	7	99	0	85	0.106382978723
1.04571585586	0.383040935673	715	7	99	0	85	0.10625
1.04630158662	0.383040935673	716	7	99	0	85	0.106117353308
1.04924005632	0.382066276803	717	7	99	0	85	0.105985037406
1.05064358682	0.382066276803	718	7	99	0	85	0.105853051059
1.05186553767	0.383040935673	719	7	99	0	85	0.105721393035
1.0532714689	0.384015594542	720	7	99	0	85	0.105590062112
1.05815998353	0.384990253411	721	7	99	0	85	0.105459057072
1.05821479566	0.384015594542	722	7	99	0	85	0.105328376704
1.05933817987	0.384990253411	723	7	99	0	85	0.105198019802
1.06093721156	0.384990253411	724	7	99	0	85	0.105067985167
1.06220754838	0.384015594542	725	7	99	0	85	0.104938271605
1.06278923036	0.384990253411	726	7	99	0	85	0.104808877928
1.06619442492	0.384990253411	727	7	99	0	85	0.104679802956
1.06704690844	0.384990253411	728	7	99	0	85	0.10455104551
1.07097008872	0.385964912281	729	7	99	0	85	0.104422604423
1.07098846048	0.385964912281	730	7	99	0	85	0.104294478528
1.07120234338	0.38693957115	731	7	99	0	85	0.104166666667
1.07232202117	0.387914230019	732	7	99	0	85	0.104039167687
1.07264576052	0.387914230019	733	7	99	0	85	0.10391198044
1.07341584189	0.388888888889	734	7	99	0	85	0.103785103785
1.07383297236	0.387914230019	735	7	99	0	85	0.103658536585
1.07390002041	0.388888888889	736	7	99	0	85	0.10353227771
1.07411162899	0.389863547758	737	7	99	0	85	0.103406326034
1.07676320291	0.390838206628	738	7	99	0	85	0.103280680437
1.07900764802	0.391812865497	739	7	99	0	85	0.103155339806
1.08187033521	0.392787524366	740	7	99	0	85	0.10303030303
1.0852168368	0.391812865497	741	7	99	0	85	0.102905569007
1.08728920395	0.392787524366	742	7	99	0	85	0.102781136638
1.08840320493	0.393762183236	743	7	99	0	85	0.102657004831
1.08905855886	0.394736842105	744	7	99	0	85	0.102533172497
1.08979895969	0.394736842105	745	7	99	0	85	0.102409638554
1.0900543616	0.395711500975	746	7	99	0	85	0.102286401925
1.09042849931	0.396686159844	747	7	99	0	85	0.102163461538
1.09388339063	0.397660818713	748	7	99	0	85	0.102040816327
1.09528160622	0.398635477583	749	7	99	0	85	0.101918465228
1.09666568073	0.399610136452	750	7	99	0	85	0.101796407186
1.09705566137	0.398635477583	751	7	99	0	85	0.101674641148
1.0972362649	0.366471734893	751	8	63	0	118	0.135788262371
1.09836535208	0.367446393762	752	8	63	0	118	0.135632183908
1.10100266072	0.368421052632	753	8	63	0	118	0.135476463835
1.1012242175	0.368421052632	754	8	63	0	118	0.135321100917
1.10379177553	0.368421052632	755	8	63	0	118	0.135166093929
1.10603234138	0.368421052632	756	8	63	0	118	0.135011441648
1.1086002947	0.369395711501	757	8	63	0	118	0.134857142857
1.11180231236	0.37037037037	758	8	63	0	118	0.134703196347
1.11501751167	0.37037037037	759	8	63	0	118	0.134549600912
1.12255247615	0.37134502924	760	8	63	0	118	0.134396355353
1.12295968355	0.37134502924	761	8	63	0	118	0.134243458476
1.12372716917	0.372319688109	762	8	63	0	118	0.134090909091
1.12402556713	0.373294346979	763	8	63	0	118	0.133938706016
1.12530212581	0.373294346979	764	8	63	0	118	0.133786848073
1.12544977433	0.374269005848	765	8	63	0	118	0.133635334088
1.12748393146	0.373294346979	766	8	63	0	118	0.133484162896
1.13121698056	0.373294346979	767	8	63	0	118	0.133333333333
1.13254646769	0.372319688109	768	8	63	0	118	0.133182844244
1.1341045459	0.373294346979	769	8	63	0	118	0.133032694476
1.13652226745	0.373294346979	770	8	63	0	118	0.132882882883
1.13725252681	0.373294346979	771	8	63	0	118	0.132733408324
1.13877837647	0.374269005848	772	8	63	0	118	0.132584269663
1.14070353406	0.375243664717	773	8	63	0	118	0.132435465769
1.1407830198	0.376218323587	774	8	63	0	118	0.132286995516
1.14287750578	0.375243664717	775	8	63	0	118	0.132138857783
1.145317027	0.375243664717	776	8	63	0	118	0.131991051454
1.14543028286	0.376218323587	777	8	63	0	118	0.131843575419
1.14610563663	0.377192982456	778	8	63	0	118	0.131696428571
1.14768017857	0.378167641326	779	8	63	0	118	0.13154960981
1.14862258717	0.379142300195	780	8	63	0	118	0.13140311804
1.1488127223	0.379142300195	781	8	63	0	118	0.131256952169
1.15056686403	0.379142300195	782	8	63	0	118	0.131111111111
1.15112107509	0.378167641326	783	8	63	0	118	0.130965593785
1.15493606888	0.379142300195	784	8	63	0	118	0.130820399113
1.15501159457	0.380116959064	785	8	63	0	118	0.130675526024
1.15928088493	0.381091617934	786	8	63	0	118	0.130530973451
1.16147964821	0.381091617934	787	8	63	0	118	0.130386740331
1.16415330094	0.382066276803	788	8	63	0	118	0.130242825607
1.16425310545	0.383040935673	789	8	63	0	118	0.130099228225
1.16988729685	0.384015594542	790	8	63	0	118	0.129955947137
1.17007718725	0.383040935673	791	8	63	0	118	0.129812981298
1.17065261906	0.384015594542	792	8	63	0	118	0.12967032967
1.17432211364	0.383040935673	793	8	63	0	118	0.129527991218
1.17453107388	0.384015594542	794	8	63	0	118	0.129385964912
1.1752691573	0.384990253411	795	8	63	0	118	0.129244249726
1.17753826335	0.384015594542	796	8	63	0	118	0.129102844639
1.17781855353	0.384990253411	797	8	63	0	118	0.128961748634
1.17810244557	0.384990253411	798	8	63	0	118	0.128820960699
1.17855958648	0.384015594542	799	8	63	0	118	0.128680479826
1.17987183639	0.384990253411	800	8	63	0	118	0.128540305011
1.18081476251	0.384015594542	801	8	63	0	118	0.128400435256
1.1810849294	0.384990253411	802	8	63	0	118	0.128260869565
1.18214599581	0.384015594542	803	8	63	0	118	0.128121606949
1.18362347889	0.384990253411	804	8	63	0	118	0.127982646421
1.18527776911	0.385964912281	805	8	63	0	118	0.127843986999
1.18657522201	0.384990253411	806	8	63	0	118	0.127705627706
1.1875251506	0.385964912281	807	8	63	0	118	0.127567567568
1.18905012138	0.38693957115	808	8	63	0	118	0.127429805616
1.19170298137	0.385964912281	809	8	63	0	118	0.127292340885
1.19279066795	0.38693957115	810	8	63	0	118	0.127155172414
1.19480415319	0.38693957115	811	8	63	0	118	0.127018299247
1.19731510758	0.387914230019	812	8	63	0	118	0.12688172043
1.19779827075	0.388888888889	813	8	63	0	118	0.126745435016
1.19784362686	0.389863547758	814	8	63	0	118	0.12660944206
1.20081687007	0.389863547758	815	8	63	0	118	0.126473740622
1.20092134154	0.389863547758	816	8	63	0	118	0.126338329764
1.20512144197	0.390838206628	817	8	63	0	118	0.126203208556
1.20553327266	0.391812865497	818	8	63	0	118	0.126068376068
1.20609459101	0.392787524366	819	8	63	0	118	0.125933831377
1.20654311444	0.392787524366	820	8	63	0	118	0.125799573561
1.20666722549	0.392787524366	821	8	63	0	118	0.125665601704
1.20778514135	0.391812865497	822	8	63	0	118	0.125531914894
1.20788541521	0.392787524366	823	8	63	0	118	0.125398512221
1.20912021865	0.393762183236	824	8	63	0	118	0.125265392781
1.20972010062	0.394736842105	825	8	63	0	118	0.125132555673
1.20991141886	0.395711500975	826	8	63	0	118	0.125
1.21025742607	0.396686159844	827	8	63	0	118	0.124867724868
1.21082456824	0.397660818713	828	8	63	0	118	0.124735729387
1.21204504287	0.398635477583	829	8	63	0	118	0.124604012672
1.21233611877	0.399610136452	830	8	63	0	118	0.12447257384
1.21313170883	0.399610136452	831	8	63	0	118	0.124341412013
1.21424107777	0.400584795322	832	8	63	0	118	0.124210526316
1.21796693068	0.400584795322	833	8	63	0	118	0.124079915878
1.21938663865	0.401559454191	834	8	63	0	118	0.123949579832
1.21949230915	0.40253411306	835	8	63	0	118	0.123819517314
1.219712762	0.40350877193	836	8	63	0	118	0.123689727463
1.22318615761	0.404483430799	837	8	63	0	118	0.123560209424
1.22480544764	0.405458089669	838	8	63	0	118	0.123430962343
1.2252065035	0.405458089669	839	8	63	0	118	0.123301985371
1.22608949102	0.405458089669	840	8	63	0	118	0.123173277662
1.22712638412	0.406432748538	841	8	63	0	118	0.123044838373
1.23369376561	0.406432748538	842	8	63	0	118	0.122916666667
1.23642532729	0.405458089669	843	8	63	0	118	0.122788761707
1.23704037356	0.406432748538	844	8	63	0	118	0.122661122661
1.23963960666	0.406432748538	845	8	63	0	118	0.122533748702
1.24069790198	0.405458089669	846	8	63	0	118	0.122406639004
1.24097501832	0.406432748538	847	8	63	0	118	0.122279792746
1.24313069184	0.407407407407	848	8	63	0	118	0.12215320911
1.24364605851	0.408382066277	849	8	63	0	118	0.12202688728
1.24583098488	0.409356725146	850	8	63	0	118	0.121900826446
1.25004999587	0.410331384016	851	8	63	0	118	0.1217750258
1.25065405159	0.411306042885	852	8	63	0	118	0.121649484536
1.25108924528	0.412280701754	853	8	63	0	118	0.121524201854
1.25559182854	0.383040935673	853	9	63	0	148	0.147852147852
1.25834528279	0.382066276803	854	9	63	0	148	0.147704590818
1.25860408439	0.382066276803	855	9	63	0	148	0.147557328016
1.25953522977	0.382066276803	856	9	63	0	148	0.147410358566
1.26256994132	0.381091617934	857	9	63	0	148	0.147263681592
1.26401993844	0.382066276803	858	9	63	0	148	0.147117296223
1.26581668968	0.382066276803	859	9	63	0	148	0.146971201589
1.26628158899	0.381091617934	860	9	63	0	148	0.146825396825
1.26749983756	0.382066276803	861	9	63	0	148	0.14667988107
1.2682509106	0.383040935673	862	9	63	0	148	0.146534653465
1.26849805449	0.383040935673	863	9	63	0	148	0.146389713155
1.26857011172	0.384015594542	864	9	63	0	148	0.146245059289
1.27066688073	0.384990253411	865	9	63	0	148	0.146100691017
1.27184177938	0.384990253411	866	9	63	0	148	0.145956607495
1.27600261614	0.385964912281	867	9	63	0	148	0.145812807882
1.27709007579	0.384990253411	868	9	63	0	148	0.145669291339
1.27795500028	0.384990253411	869	9	63	0	148	0.14552605703
1.28006913641	0.385964912281	870	9	63	0	148	0.145383104126
1.28091084536	0.38693957115	871	9	63	0	148	0.145240431796
1.28259704347	0.387914230019	872	9	63	0	148	0.145098039216
1.28392560086	0.388888888889	873	9	63	0	148	0.144955925563
1.28402998143	0.388888888889	874	9	63	0	148	0.14481409002
1.28409908278	0.387914230019	875	9	63	0	148	0.144672531769
1.28640761802	0.388888888889	876	9	63	0	148	0.14453125
1.28814546165	0.389863547758	877	9	63	0	148	0.144390243902
1.28980265321	0.390838206628	878	9	63	0	148	0.144249512671
1.29090368149	0.391812865497	879	9	63	0	148	0.144109055501
1.29105041132	0.392787524366	880	9	63	0	148	0.143968871595
1.29475310564	0.393762183236	881	9	63	0	148	0.143828960155
1.29659692051	0.393762183236	882	9	63	0	148	0.143689320388
1.29819838754	0.392787524366	883	9	63	0	148	0.143549951503
1.30260058242	0.391812865497	884	9	63	0	148	0.143410852713
1.30267788169	0.392787524366	885	9	63	0	148	0.143272023233
1.30286057701	0.392787524366	886	9	63	0	148	0.143133462282
1.30288350373	0.393762183236	887	9	63	0	148	0.142995169082
1.30725896858	0.394736842105	888	9	63	0	148	0.142857142857
1.30782645094	0.395711500975	889	9	63	0	148	0.142719382835
1.30887653536	0.396686159844	890	9	63	0	148	0.142581888247
1.30904077215	0.396686159844	891	9	63	0	148	0.142444658325
1.30917645973	0.397660818713	892	9	63	0	148	0.142307692308
1.30938192664	0.397660818713	893	9	63	0	148	0.142170989433
1.31125018634	0.397660818713	894	9	63	0	148	0.142034548944
1.31264780132	0.396686159844	895	9	63	0	148	0.141898370086
1.31573969028	0.397660818713	896	9	63	0	148	0.141762452107
1.31597896564	0.398635477583	897	9	63	0	148	0.141626794258
1.31662810492	0.399610136452	898	9	63	0	148	0.141491395793
1.31688299627	0.400584795322	899	9	63	0	148	0.141356255969
1.32026608706	0.401559454191	900	9	63	0	148	0.141221374046
1.32037364567	0.400584795322	901	9	63	0	148	0.141086749285
1.32163860307	0.401559454191	902	9	63	0	148	0.140952380952
1.32245547332	0.40253411306	903	9	63	0	148	0.140818268316
1.32399650294	0.40350877193	904	9	63	0	148	0.140684410646
1.3245799116	0.404483430799	905	9	63	0	148	0.140550807217
1.32716215464	0.40350877193	906	9	63	0	148	0.140417457306
1.3297808469	0.40253411306	907	9	63	0	148	0.14028436019
1.33146016813	0.40350877193	908	9	63	0	148	0.140151515152
1.33156099115	0.40253411306	909	9	63	0	148	0.140018921476
1.33255089255	0.401559454191	910	9	63	0	148	0.13988657845
1.33424674964	0.40253411306	911	9	63	0	148	0.139754485364
1.33524557454	0.40350877193	912	9	63	0	148	0.139622641509
1.33695513939	0.404483430799	913	9	63	0	148	0.139491046183
1.34013330945	0.405458089669	914	9	63	0	148	0.139359698682
1.3405710977	0.406432748538	915	9	63	0	148	0.139228598307
1.34081080653	0.407407407407	916	9	63	0	148	0.139097744361
1.34163016796	0.406432748538	917	9	63	0	148	0.13896713615
1.34309006092	0.405458089669	918	9	63	0	148	0.138836772983
1.34522970108	0.406432748538	919	9	63	0	148	0.138706654171
1.34642127012	0.406432748538	920	9	63	0	148	0.138576779026
1.34743050901	0.407407407407	921	9	63	0	148	0.138447146866
1.34796052329	0.407407407407	922	9	63	0	148	0.138317757009
1.35033359348	0.406432748538	923	9	63	0	148	0.138188608777
1.35094486261	0.405458089669	924	9	63	0	148	0.138059701493
1.35305038433	0.405458089669	925	9	63	0	148	0.137931034483
1.35495813897	0.405458089669	926	9	63	0	148	0.137802607076
1.35536574008	0.406432748538	927	9	63	0	148	0.137674418605
1.35687299955	0.405458089669	928	9	63	0	148	0.137546468401
1.3602055521	0.406432748538	929	9	63	0	148	0.137418755803
1.3612664991	0.406432748538	930	9	63	0	148	0.137291280148
1.36134860309	0.405458089669	931	9	63	0	148	0.137164040778
1.36399835569	0.405458089669	932	9	63	0	148	0.137037037037
1.36432404684	0.405458089669	933	9	63	0	148	0.13691026827
1.36512553411	0.405458089669	934	9	63	0	148	0.136783733826
1.37114558827	0.406432748538	935	9	63	0	148	0.136657433056
1.37158439301	0.407407407407	936	9	63	0	148	0.136531365314
1.37277377185	0.408382066277	937	9	63	0	148	0.136405529954
1.37294543929	0.408382066277	938	9	63	0	148	0.136279926335
1.37560365392	0.409356725146	939	9	63	0	148	0.136154553818
1.37621935854	0.410331384016	940	9	63	0	148	0.136029411765
1.37657300019	0.410331384016	941	9	63	0	148	0.135904499541
1.3857906256	0.410331384016	942	9	63	0	148	0.135779816514
1.38586862516	0.411306042885	943	9	63	0	148	0.135655362053
1.38722695317	0.411306042885	944	9	63	0	148	0.135531135531
1.38848948023	0.412280701754	945	9	63	0	148	0.135407136322
1.38933585309	0.413255360624	946	9	63	0	148	0.135283363803
1.38987540461	0.414230019493	947	9	63	0	148	0.135159817352
1.39429438189	0.414230019493	948	9	63	0	148	0.13503649635
1.3943954923	0.415204678363	949	9	63	0	148	0.134913400182
1.39763521164	0.416179337232	950	9	63	0	148	0.134790528233
1.3984853927	0.417153996101	951	9	63	0	148	0.134667879891
1.39973136232	0.417153996101	952	9	63	0	148	0.134545454545
1.40035418175	0.417153996101	953	9	63	0	148	0.134423251589
1.40041117905	0.416179337232	954	9	63	0	148	0.134301270417
1.40063575144	0.416179337232	955	9	63	0	148	0.134179510426
1.40240958555	0.417153996101	956	9	63	0	148	0.134057971014
1.40545463606	0.418128654971	957	9	63	0	148	0.133936651584
1.40620233022	0.41910331384	958	9	63	0	148	0.133815551537
1.40673421213	0.41910331384	959	9	63	0	148	0.13369467028
1.41047110933	0.41910331384	960	9	63	0	148	0.13357400722
1.41098324858	0.42007797271	961	9	63	0	148	0.133453561767
1.41117845716	0.421052631579	962	9	63	0	148	0.133333333333
1.41140682543	0.422027290448	963	9	63	0	148	0.133213321332
1.41145754581	0.422027290448	964	9	63	0	148	0.13309352518
1.41227847382	0.422027290448	965	9	63	0	148	0.132973944295
1.41403843709	0.422027290448	966	9	63	0	148	0.132854578097
1.41410866014	0.421052631579	967	9	63	0	148	0.132735426009
1.41438637226	0.422027290448	968	9	63	0	148	0.132616487455
1.41661496756	0.423001949318	969	9	63	0	148	0.132497761862
1.41779127223	0.423001949318	970	9	63	0	148	0.132379248658
1.41891479028	0.423976608187	971	9	63	0	148	0.132260947274
1.41923135104	0.424951267057	972	9	63	0	148	0.132142857143
1.4194587299	0.423976608187	973	9	63	0	148	0.132024977698
1.42347936902	0.424951267057	974	9	63	0	148	0.131907308378
1.4240750386	0.424951267057	975	9	63	0	148	0.13178984862
1.42490209035	0.425925925926	976	9	63	0	148	0.131672597865
1.42657138112	0.426900584795	977	9	63	0	148	0.131555555556
1.42717274988	0.426900584795	978	9	63	0	148	0.131438721137
1.42751477232	0.427875243665	979	9	63	0	148	0.131322094055
1.42976366815	0.428849902534	980	9	63	0	148	0.131205673759
1.43222695948	0.429824561404	981	9	63	0	148	0.131089459699
1.43544212025	0.428849902534	982	9	63	0	148	0.130973451327
1.43611345449	0.429824561404	983	9	63	0	148	0.130857648099
1.43735146929	0.429824561404	984	9	63	0	148	0.13074204947
1.43793056072	0.430799220273	985	9	63	0	148	0.130626654898
1.43838359265	0.431773879142	986	9	63	0	148	0.130511463845
1.43966686622	0.430799220273	987	9	63	0	148	0.130396475771
1.43981113691	0.430799220273	988	9	63	0	148	0.130281690141
1.44102242937	0.431773879142	989	9	63	0	148	0.13016710642
1.44125672499	0.432748538012	990	9	63	0	148	0.130052724077
1.44185806433	0.433723196881	991	9	63	0	148	0.129938542581
1.44190771732	0.433723196881	992	9	63	0	148	0.129824561404
1.44853815925	0.43469785575	993	9	63	0	148	0.129710780018
1.45011961597	0.43567251462	994	9	63	0	148	0.129597197898
1.4501682349	0.43567251462	995	9	63	0	148	0.129483814523
1.45335880605	0.436647173489	996	9	63	0	148	0.129370629371
1.45402950709	0.437621832359	997	9	63	0	148	0.129257641921
1.4545994495	0.438596491228	998	9	63	0	148	0.129144851658
1.45501605685	0.439571150097	999	9	63	0	148	0.129032258065
1.45747226643	0.440545808967	1000	9	63	0	148	0.128919860627
1.46052418401	0.441520467836	1001	9	63	0	148	0.128807658834
1.46135655938	0.442495126706	1002	9	63	0	148	0.128695652174
1.46173049948	0.443469785575	1003	9	63	0	148	0.128583840139
1.4637058683	0.442495126706	1004	9	63	0	148	0.128472222222
1.46516332178	0.443469785575	1005	9	63	0	148	0.128360797918
1.46532658427	0.444444444444	1006	9	63	0	148	0.128249566724
1.46640649283	0.445419103314	1007	9	63	0	148	0.128138528139
1.46890512274	0.445419103314	1008	9	63	0	148	0.128027681661
1.46928785413	0.446393762183	1009	9	63	0	148	0.127917026793
1.47060136672	0.447368421053	1010	9	63	0	148	0.12780656304
1.47142025004	0.448343079922	1011	9	63	0	148	0.127696289905
1.47178501209	0.447368421053	1012	9	63	0	148	0.127586206897
1.47335241909	0.448343079922	1013	9	63	0	148	0.127476313523
1.47564676464	0.449317738791	1014	9	63	0	148	0.127366609294
1.481907737	0.450292397661	1015	9	63	0	148	0.127257093723
1.48314290399	0.45126705653	1016	9	63	0	148	0.127147766323
1.48432212517	0.4522417154	1017	9	63	0	148	0.127038626609
1.48520423652	0.453216374269	1018	9	63	0	148	0.126929674099
1.48544413316	0.453216374269	1019	9	63	0	148	0.126820908312
1.48590535555	0.453216374269	1020	9	63	0	148	0.126712328767
1.48612476819	0.453216374269	1021	9	63	0	148	0.126603934987
1.48773415387	0.454191033138	1022	9	63	0	148	0.126495726496
1.48790675856	0.455165692008	1023	9	63	0	148	0.126387702818
1.48932269568	0.455165692008	1024	9	63	0	148	0.126279863481
1.49237692314	0.456140350877	1025	9	63	0	148	0.126172208014
1.49238186841	0.457115009747	1026	9	63	0	148	0.126064735945
1.49326452178	0.457115009747	1027	9	63	0	148	0.125957446809
1.4948952924	0.457115009747	1028	9	63	0	148	0.125850340136
1.49585535209	0.458089668616	1029	9	63	0	148	0.125743415463
1.497113721	0.458089668616	1030	9	63	0	148	0.125636672326
1.50079945621	0.459064327485	1031	9	63	0	148	0.125530110263
1.50231008255	0.458089668616	1032	9	63	0	148	0.125423728814
1.50236419082	0.459064327485	1033	9	63	0	148	0.125317527519
1.50735776837	0.460038986355	1034	9	63	0	148	0.125211505922
1.50763154709	0.460038986355	1035	9	63	0	148	0.125105663567
1.50788499897	0.461013645224	1036	9	63	0	148	0.125
1.50811728291	0.461988304094	1037	9	63	0	148	0.124894514768
1.50992651097	0.461988304094	1038	9	63	0	148	0.12478920742
1.51149726543	0.461013645224	1039	9	63	0	148	0.124684077506
1.51326631049	0.461988304094	1040	9	63	0	148	0.124579124579
1.51495808583	0.461013645224	1041	9	63	0	148	0.124474348192
1.51592936865	0.461988304094	1042	9	63	0	148	0.124369747899
1.51855559353	0.462962962963	1043	9	63	0	148	0.124265323258
1.52210564197	0.462962962963	1044	9	63	0	148	0.124161073826
1.52281327064	0.463937621832	1045	9	63	0	148	0.124056999162
1.52282049505	0.464912280702	1046	9	63	0	148	0.123953098827
1.52561395369	0.465886939571	1047	9	63	0	148	0.123849372385
1.526653508	0.466861598441	1048	9	63	0	148	0.123745819398
1.52712829456	0.46783625731	1049	9	63	0	148	0.123642439432
1.53218054579	0.468810916179	1050	9	63	0	148	0.123539232053
1.5327724329	0.469785575049	1051	9	63	0	148	0.123436196831
