# time 	 divergence 	 # of mutations 	 # IGC chances 	 IGC length 	 # IGC failures 	 Changes due to IGC  	 % change due to IGC 
0.0	0.365497076023	0	0	0	0	0	0.0
0.00165795912727	0.365497076023	1	0	0	0	0	0.0
0.00352754925623	0.366471734893	2	0	0	0	0	0.0
0.00572475139631	0.366471734893	3	0	0	0	0	0.0
0.00893491004603	0.367446393762	4	0	0	0	0	0.0
0.0100418118681	0.368421052632	5	0	0	0	0	0.0
0.010203279214	0.369395711501	6	0	0	0	0	0.0
0.0110026652032	0.37037037037	7	0	0	0	0	0.0
0.0117789040952	0.37134502924	8	0	0	0	0	0.0
0.0122703135304	0.37037037037	9	0	0	0	0	0.0
0.0128213092721	0.37134502924	10	0	0	0	0	0.0
0.0146461392766	0.369395711501	10	1	3	0	2	0.166666666667
0.0170974697773	0.369395711501	11	1	3	0	2	0.153846153846
0.0180671583506	0.37037037037	12	1	3	0	2	0.142857142857
0.0183352457087	0.37037037037	13	1	3	0	2	0.133333333333
0.0226821383047	0.37134502924	14	1	3	0	2	0.125
0.0226938182165	0.372319688109	15	1	3	0	2	0.117647058824
0.02603130011	0.373294346979	16	1	3	0	2	0.111111111111
0.0266645810361	0.374269005848	17	1	3	0	2	0.105263157895
0.0269242982725	0.375243664717	18	1	3	0	2	0.1
0.0286687420579	0.374269005848	19	1	3	0	2	0.0952380952381
0.0286886141059	0.375243664717	20	1	3	0	2	0.0909090909091
0.0295266647358	0.376218323587	21	1	3	0	2	0.0869565217391
0.0307158395509	0.377192982456	22	1	3	0	2	0.0833333333333
