# time 	 divergence 	 # of mutations 	 # IGC chances 	 IGC length 	 # IGC failures 	 Changes due to IGC  	 % change due to IGC 
0.0	0.349902534113	0	0	0	0	0	0.0
0.00601414797182	0.348927875244	1	0	0	0	0	0.0
0.0060263719668	0.348927875244	2	0	0	0	0	0.0
0.00651890997472	0.349902534113	3	0	0	0	0	0.0
0.00963902145516	0.348927875244	4	0	0	0	0	0.0
0.0104912936014	0.349902534113	5	0	0	0	0	0.0
0.0117036839893	0.350877192982	6	0	0	0	0	0.0
0.0129029342201	0.351851851852	7	0	0	0	0	0.0
0.0134275899746	0.352826510721	8	0	0	0	0	0.0
0.0154835177049	0.351851851852	9	0	0	0	0	0.0
0.0188784660564	0.351851851852	10	0	0	0	0	0.0
0.0239172426175	0.352826510721	11	0	0	0	0	0.0
0.0255983512935	0.353801169591	12	0	0	0	0	0.0
0.0264335144809	0.35477582846	13	0	0	0	0	0.0
0.0266152340193	0.353801169591	14	0	0	0	0	0.0
0.0286011973339	0.35477582846	15	0	0	0	0	0.0
0.0300678748867	0.355750487329	16	0	0	0	0	0.0
0.0365180303207	0.356725146199	17	0	0	0	0	0.0
0.0373370928153	0.356725146199	18	0	0	0	0	0.0
0.0413901959415	0.356725146199	19	0	0	0	0	0.0
0.0415858063244	0.357699805068	20	0	0	0	0	0.0
0.0442730371874	0.358674463938	21	0	0	0	0	0.0
0.0471131833974	0.359649122807	22	0	0	0	0	0.0
0.0476070420661	0.360623781676	23	0	0	0	0	0.0
0.0488652189795	0.361598440546	24	0	0	0	0	0.0
0.0489422220319	0.362573099415	25	0	0	0	0	0.0
0.0496709408769	0.363547758285	26	0	0	0	0	0.0
0.0535954778059	0.364522417154	27	0	0	0	0	0.0
0.0536780281044	0.365497076023	28	0	0	0	0	0.0
0.0545123762959	0.366471734893	29	0	0	0	0	0.0
0.0621807935071	0.367446393762	30	0	0	0	0	0.0
0.0656162810997	0.368421052632	31	0	0	0	0	0.0
0.0657471125346	0.369395711501	32	0	0	0	0	0.0
0.0668849926412	0.369395711501	33	0	0	0	0	0.0
0.0703776774774	0.369395711501	34	0	0	0	0	0.0
0.0728215309701	0.37037037037	35	0	0	0	0	0.0
0.0741207206112	0.37037037037	36	0	0	0	0	0.0
0.0751968314548	0.369395711501	37	0	0	0	0	0.0
0.0755872104021	0.37037037037	38	0	0	0	0	0.0
0.0756794612265	0.37134502924	39	0	0	0	0	0.0
0.0779297878819	0.372319688109	40	0	0	0	0	0.0
0.0793215560741	0.372319688109	41	0	0	0	0	0.0
0.0815438607918	0.37134502924	42	0	0	0	0	0.0
0.0829339208801	0.372319688109	43	0	0	0	0	0.0
0.0834105646465	0.373294346979	44	0	0	0	0	0.0
0.0888571822385	0.374269005848	45	0	0	0	0	0.0
0.0897211946202	0.373294346979	46	0	0	0	0	0.0
0.0909882802923	0.374269005848	47	0	0	0	0	0.0
0.0926294928166	0.375243664717	48	0	0	0	0	0.0
0.0930983343226	0.376218323587	49	0	0	0	0	0.0
0.0935055750266	0.377192982456	50	0	0	0	0	0.0
0.0942915862919	0.378167641326	51	0	0	0	0	0.0
0.0945690562412	0.378167641326	52	0	0	0	0	0.0
0.0950435662613	0.379142300195	53	0	0	0	0	0.0
0.0959106055357	0.380116959064	54	0	0	0	0	0.0
0.0983070723947	0.380116959064	55	0	0	0	0	0.0
0.0994164537763	0.381091617934	56	0	0	0	0	0.0
0.0999088298425	0.381091617934	57	0	0	0	0	0.0
0.102252994472	0.381091617934	58	0	0	0	0	0.0
0.103077561558	0.382066276803	59	0	0	0	0	0.0
0.104770107599	0.382066276803	60	0	0	0	0	0.0
0.10635344873	0.383040935673	61	0	0	0	0	0.0
0.109508105982	0.383040935673	62	0	0	0	0	0.0
0.110378292882	0.384015594542	63	0	0	0	0	0.0
0.110718728816	0.384990253411	64	0	0	0	0	0.0
0.110865919412	0.384015594542	65	0	0	0	0	0.0
0.111522560226	0.383040935673	66	0	0	0	0	0.0
0.111646841636	0.384015594542	67	0	0	0	0	0.0
0.11299336807	0.384990253411	68	0	0	0	0	0.0
0.1132908086	0.384990253411	69	0	0	0	0	0.0
0.114413346216	0.385964912281	70	0	0	0	0	0.0
0.114651742052	0.38693957115	71	0	0	0	0	0.0
0.115478461878	0.387914230019	72	0	0	0	0	0.0
0.117091103606	0.387914230019	73	0	0	0	0	0.0
0.117809174322	0.388888888889	74	0	0	0	0	0.0
0.118549263242	0.388888888889	75	0	0	0	0	0.0
0.120444894475	0.389863547758	76	0	0	0	0	0.0
0.125201218269	0.389863547758	77	0	0	0	0	0.0
0.125469974043	0.390838206628	78	0	0	0	0	0.0
0.128993174025	0.391812865497	79	0	0	0	0	0.0
0.129794773275	0.392787524366	80	0	0	0	0	0.0
0.130271321669	0.393762183236	81	0	0	0	0	0.0
0.135208485973	0.394736842105	82	0	0	0	0	0.0
0.137141398728	0.395711500975	83	0	0	0	0	0.0
0.139881576505	0.396686159844	84	0	0	0	0	0.0
0.141347908675	0.397660818713	85	0	0	0	0	0.0
0.144253655197	0.398635477583	86	0	0	0	0	0.0
0.144902166536	0.399610136452	87	0	0	0	0	0.0
0.145083643989	0.399610136452	88	0	0	0	0	0.0
0.147823333402	0.400584795322	89	0	0	0	0	0.0
0.148192578662	0.400584795322	90	0	0	0	0	0.0
0.148476796693	0.401559454191	91	0	0	0	0	0.0
0.149555297112	0.40253411306	92	0	0	0	0	0.0
0.149825173576	0.40253411306	93	0	0	0	0	0.0
0.151586933504	0.40253411306	94	0	0	0	0	0.0
0.152907155193	0.40350877193	95	0	0	0	0	0.0
0.152921397968	0.404483430799	96	0	0	0	0	0.0
0.153816948579	0.405458089669	97	0	0	0	0	0.0
0.154608903301	0.406432748538	98	0	0	0	0	0.0
0.154931022328	0.406432748538	99	0	0	0	0	0.0
0.160953926808	0.407407407407	100	0	0	0	0	0.0
0.16248790465	0.406432748538	101	0	0	0	0	0.0
0.16536901484	0.407407407407	102	0	0	0	0	0.0
0.165730463142	0.408382066277	103	0	0	0	0	0.0
0.166266065313	0.409356725146	104	0	0	0	0	0.0
0.166620506275	0.410331384016	105	0	0	0	0	0.0
0.167375175133	0.410331384016	106	0	0	0	0	0.0
0.171213840663	0.411306042885	107	0	0	0	0	0.0
0.171362019211	0.411306042885	108	0	0	0	0	0.0
0.171602386191	0.412280701754	109	0	0	0	0	0.0
0.172260682451	0.413255360624	110	0	0	0	0	0.0
0.172891861157	0.414230019493	111	0	0	0	0	0.0
0.174228575588	0.415204678363	112	0	0	0	0	0.0
0.175224631611	0.416179337232	113	0	0	0	0	0.0
0.175402032457	0.417153996101	114	0	0	0	0	0.0
0.177195504205	0.416179337232	115	0	0	0	0	0.0
0.178461561162	0.417153996101	116	0	0	0	0	0.0
0.178462483188	0.416179337232	117	0	0	0	0	0.0
0.181837604049	0.417153996101	118	0	0	0	0	0.0
0.186122039651	0.418128654971	119	0	0	0	0	0.0
0.192540320648	0.41910331384	120	0	0	0	0	0.0
0.193303278313	0.332358674464	120	1	198	0	89	0.425837320574
0.194254705824	0.331384015595	121	1	198	0	89	0.42380952381
0.197776005252	0.332358674464	122	1	198	0	89	0.421800947867
0.198448848448	0.333333333333	123	1	198	0	89	0.419811320755
0.201363703018	0.334307992203	124	1	198	0	89	0.417840375587
0.201688542893	0.335282651072	125	1	198	0	89	0.415887850467
0.201711169136	0.335282651072	126	1	198	0	89	0.413953488372
0.202046705201	0.336257309942	127	1	198	0	89	0.412037037037
0.206095892307	0.337231968811	128	1	198	0	89	0.410138248848
0.206242959128	0.337231968811	129	1	198	0	89	0.408256880734
0.20724504301	0.33820662768	130	1	198	0	89	0.406392694064
0.207675889205	0.33820662768	130	2	12	0	89	0.406392694064
0.208217490306	0.33820662768	131	2	12	0	89	0.404545454545
0.20957193052	0.33918128655	132	2	12	0	89	0.402714932127
