# time 	 divergence 	 # of mutations 	 # IGC chances 	 IGC length 	 # IGC failures 	 Changes due to IGC  	 % change due to IGC 
0.0	0.336257309942	0	0	0	0	0	0.0
0.00143786371621	0.336257309942	1	0	0	0	0	0.0
0.00410402184577	0.335282651072	2	0	0	0	0	0.0
0.00469933574861	0.336257309942	3	0	0	0	0	0.0
0.00500720473863	0.337231968811	4	0	0	0	0	0.0
0.00540194255626	0.33820662768	5	0	0	0	0	0.0
0.0055807959412	0.33918128655	6	0	0	0	0	0.0
0.00720897636649	0.33918128655	7	0	0	0	0	0.0
0.00728316018783	0.340155945419	8	0	0	0	0	0.0
0.00787763499722	0.341130604288	9	0	0	0	0	0.0
0.00923226167261	0.33820662768	9	1	6	0	3	0.25
0.0120079281448	0.33918128655	10	1	6	0	3	0.230769230769
0.0121289933234	0.334307992203	10	2	15	0	8	0.444444444444
0.0149327207916	0.334307992203	11	2	15	0	8	0.421052631579
0.015631024186	0.332358674464	11	3	6	0	10	0.47619047619
0.0181081108519	0.333333333333	12	3	6	0	10	0.454545454545
0.0185828537047	0.334307992203	13	3	6	0	10	0.434782608696
0.0189213234507	0.335282651072	14	3	6	0	10	0.416666666667
0.0192294649941	0.334307992203	15	3	6	0	10	0.4
0.01969887144	0.334307992203	16	3	6	0	10	0.384615384615
0.0198273477174	0.335282651072	17	3	6	0	10	0.37037037037
0.0218426348633	0.336257309942	18	3	6	0	10	0.357142857143
0.0237789092097	0.337231968811	19	3	6	0	10	0.344827586207
0.0238955604256	0.33820662768	20	3	6	0	10	0.333333333333
0.0246402649512	0.33820662768	21	3	6	0	10	0.322580645161
0.0272140509031	0.33918128655	22	3	6	0	10	0.3125
0.028787231197	0.340155945419	23	3	6	0	10	0.30303030303
0.0329936298849	0.331384015595	23	4	21	0	19	0.452380952381
0.0333632382059	0.332358674464	24	4	21	0	19	0.441860465116
0.0337945813205	0.331384015595	25	4	21	0	19	0.431818181818
0.0349720518336	0.332358674464	26	4	21	0	19	0.422222222222
0.0361579312326	0.333333333333	27	4	21	0	19	0.413043478261
0.0371906782128	0.334307992203	28	4	21	0	19	0.404255319149
0.0373479802407	0.335282651072	29	4	21	0	19	0.395833333333
0.0387223493173	0.332358674464	29	5	9	0	22	0.43137254902
0.0393575974589	0.331384015595	30	5	9	0	22	0.423076923077
0.0402290650814	0.332358674464	31	5	9	0	22	0.415094339623
0.0405918751938	0.333333333333	32	5	9	0	22	0.407407407407
0.0410309544963	0.332358674464	33	5	9	0	22	0.4
0.0417271282441	0.332358674464	34	5	9	0	22	0.392857142857
0.0432960477382	0.333333333333	35	5	9	0	22	0.385964912281
0.0434089232083	0.334307992203	36	5	9	0	22	0.379310344828
0.0441692341579	0.334307992203	37	5	9	0	22	0.372881355932
0.0445350749004	0.335282651072	38	5	9	0	22	0.366666666667
0.0456919998755	0.336257309942	39	5	9	0	22	0.360655737705
0.0463506478307	0.337231968811	40	5	9	0	22	0.354838709677
0.0467102784409	0.33820662768	41	5	9	0	22	0.349206349206
0.0472745100062	0.33918128655	42	5	9	0	22	0.34375
0.0474706753745	0.33820662768	42	6	3	0	23	0.353846153846
0.0491210365921	0.33918128655	43	6	3	0	23	0.348484848485
0.0493832494214	0.340155945419	44	6	3	0	23	0.34328358209
0.0496760376455	0.33918128655	45	6	3	0	23	0.338235294118
0.0506193521792	0.329434697856	45	7	36	0	33	0.423076923077
0.0557573171141	0.330409356725	46	7	36	0	33	0.417721518987
0.0587051799828	0.330409356725	46	8	3	0	33	0.417721518987
0.0608009518116	0.326510721248	46	9	15	0	37	0.44578313253
0.0663180953069	0.327485380117	47	9	15	0	37	0.440476190476
0.0673838835942	0.328460038986	48	9	15	0	37	0.435294117647
0.0690327055572	0.329434697856	49	9	15	0	37	0.43023255814
0.0692545200296	0.330409356725	50	9	15	0	37	0.425287356322
0.0730710844476	0.331384015595	51	9	15	0	37	0.420454545455
0.0732306765597	0.330409356725	52	9	15	0	37	0.415730337079
0.0753982100663	0.329434697856	52	10	9	0	38	0.422222222222
0.0754731078049	0.329434697856	53	10	9	0	38	0.417582417582
0.0757186717276	0.329434697856	54	10	9	0	38	0.413043478261
0.0767871812998	0.328460038986	55	10	9	0	38	0.408602150538
0.0774254959118	0.328460038986	56	10	9	0	38	0.404255319149
0.0776194002365	0.329434697856	57	10	9	0	38	0.4
0.0799830204385	0.330409356725	58	10	9	0	38	0.395833333333
0.081553336711	0.331384015595	59	10	9	0	38	0.39175257732
0.0818627122268	0.331384015595	60	10	9	0	38	0.387755102041
0.0837223522367	0.331384015595	61	10	9	0	38	0.383838383838
0.0864784611566	0.332358674464	62	10	9	0	38	0.38
0.0871389203044	0.333333333333	63	10	9	0	38	0.376237623762
0.0878077718684	0.330409356725	63	11	6	0	41	0.394230769231
0.0901868537442	0.331384015595	64	11	6	0	41	0.390476190476
