# time 	 divergence 	 # of mutations 	 # IGC chances 	 IGC length 	 # IGC failures 	 Changes due to IGC  	 % change due to IGC 
0.0	0.29247311828	0	0	0	0	0	0.0
0.00295077251571	0.293548387097	1	0	0	0	0	0.0
0.00302934310297	0.293548387097	2	0	0	0	0	0.0
0.00306583403233	0.294623655914	3	0	0	0	0	0.0
0.00483741786695	0.295698924731	4	0	0	0	0	0.0
0.00619435608755	0.295698924731	5	0	0	0	0	0.0
0.00693552587018	0.296774193548	6	0	0	0	0	0.0
0.00839067856374	0.296774193548	7	0	0	0	0	0.0
0.00932658250611	0.297849462366	8	0	0	0	0	0.0
0.0117816788338	0.298924731183	9	0	0	0	0	0.0
0.01388377243	0.3	10	0	0	0	0	0.0
0.0163191111072	0.301075268817	11	0	0	0	0	0.0
0.0163441355665	0.278494623656	11	1	42	0	21	0.65625
0.0164743407591	0.279569892473	12	1	42	0	21	0.636363636364
0.0166014030796	0.28064516129	13	1	42	0	21	0.617647058824
0.018086350086	0.279569892473	14	1	42	0	21	0.6
0.0188612881429	0.28064516129	15	1	42	0	21	0.583333333333
0.0189005544788	0.281720430108	16	1	42	0	21	0.567567567568
0.0206655907692	0.282795698925	17	1	42	0	21	0.552631578947
0.0232538145102	0.281720430108	18	1	42	0	21	0.538461538462
0.0236023337401	0.281720430108	19	1	42	0	21	0.525
0.0236272658775	0.281720430108	20	1	42	0	21	0.512195121951
0.0249699152911	0.282795698925	21	1	42	0	21	0.5
0.0262502258405	0.260215053763	21	2	45	0	42	0.666666666667
0.0268559254452	0.261290322581	22	2	45	0	42	0.65625
0.0271466579893	0.262365591398	23	2	45	0	42	0.646153846154
0.0283261451965	0.225806451613	23	3	81	0	76	0.767676767677
