# time 	 divergence 	 # of mutations 	 # IGC chances 	 IGC length 	 # IGC failures 	 Changes due to IGC  	 % change due to IGC 
0.0	0.424731182796	0	0	0	0	0	0.0
0.000837968607556	0.424731182796	1	0	0	0	0	0.0
0.00155138316045	0.425806451613	2	0	0	0	0	0.0
0.00205645713154	0.425806451613	3	0	0	0	0	0.0
0.00213136890098	0.425806451613	4	0	0	0	0	0.0
0.00246164589033	0.42688172043	5	0	0	0	0	0.0
0.00288973272522	0.427956989247	6	0	0	0	0	0.0
0.00371521218835	0.425806451613	6	1	3	0	2	0.25
0.00450304034863	0.42688172043	7	1	3	0	2	0.222222222222
0.00503347839711	0.425806451613	7	2	3	0	3	0.3
0.00573396933685	0.42688172043	8	2	3	0	3	0.272727272727
0.00604435099274	0.427956989247	9	2	3	0	3	0.25
0.00706168827375	0.429032258065	10	2	3	0	3	0.230769230769
0.00756854950412	0.429032258065	11	2	3	0	3	0.214285714286
0.00876153252539	0.430107526882	12	2	3	0	3	0.2
0.00887408518975	0.431182795699	13	2	3	0	3	0.1875
0.00993400816395	0.430107526882	13	3	3	0	4	0.235294117647
0.010574174088	0.430107526882	14	3	3	0	4	0.222222222222
0.0111106280451	0.431182795699	15	3	3	0	4	0.210526315789
0.0129533528225	0.432258064516	16	3	3	0	4	0.2
0.0132265620114	0.433333333333	17	3	3	0	4	0.190476190476
0.0132712209548	0.434408602151	18	3	3	0	4	0.181818181818
0.014188053876	0.434408602151	19	3	3	0	4	0.173913043478
0.0160305622345	0.435483870968	20	3	3	0	4	0.166666666667
0.0163315870095	0.436559139785	21	3	3	0	4	0.16
0.0166361128978	0.436559139785	22	3	3	0	4	0.153846153846
0.0167857402242	0.437634408602	23	3	3	0	4	0.148148148148
0.0182670988601	0.436559139785	24	3	3	0	4	0.142857142857
0.0183654770621	0.437634408602	25	3	3	0	4	0.137931034483
0.0201235838266	0.436559139785	25	4	3	0	5	0.166666666667
0.0222612560298	0.437634408602	26	4	3	0	5	0.161290322581
0.0236737386501	0.437634408602	27	4	3	0	5	0.15625
0.0255483764649	0.437634408602	28	4	3	0	5	0.151515151515
0.0268730619936	0.436559139785	29	4	3	0	5	0.147058823529
0.0269609082425	0.437634408602	30	4	3	0	5	0.142857142857
0.0283059019011	0.436559139785	31	4	3	0	5	0.138888888889
0.0296775224025	0.437634408602	32	4	3	0	5	0.135135135135
0.0302542818109	0.438709677419	33	4	3	0	5	0.131578947368
0.0321961185772	0.439784946237	34	4	3	0	5	0.128205128205
0.0334328704924	0.438709677419	35	4	3	0	5	0.125
0.0354209882147	0.439784946237	36	4	3	0	5	0.121951219512
0.0369084741288	0.438709677419	37	4	3	0	5	0.119047619048
0.037148343569	0.437634408602	38	4	3	0	5	0.116279069767
0.0390434465928	0.437634408602	38	5	3	0	5	0.116279069767
0.0394968800572	0.437634408602	38	6	3	0	5	0.116279069767
0.0406814712505	0.437634408602	38	7	3	0	5	0.116279069767
0.0418498968268	0.436559139785	38	8	3	0	6	0.136363636364
0.0453823319528	0.434408602151	38	9	3	0	8	0.173913043478
0.0464192636707	0.435483870968	39	9	3	0	8	0.170212765957
0.0465311391038	0.435483870968	40	9	3	0	8	0.166666666667
0.0474240849329	0.436559139785	41	9	3	0	8	0.163265306122
0.0485602426124	0.436559139785	41	10	3	0	8	0.163265306122
0.049768665893	0.436559139785	41	11	3	0	8	0.163265306122
0.0512000816491	0.437634408602	42	11	3	0	8	0.16
0.0529489231688	0.435483870968	42	12	3	0	10	0.192307692308
0.053421798548	0.434408602151	42	13	3	0	11	0.207547169811
0.0577548687019	0.435483870968	43	13	3	0	11	0.203703703704
0.0583758122619	0.434408602151	44	13	3	0	11	0.2
0.059098169719	0.435483870968	45	13	3	0	11	0.196428571429
0.0595253567201	0.435483870968	46	13	3	0	11	0.19298245614
0.0595653601964	0.433333333333	46	14	3	0	13	0.220338983051
0.0596423678941	0.433333333333	47	14	3	0	13	0.216666666667
0.0621690420874	0.432258064516	48	14	3	0	13	0.213114754098
0.063906879092	0.430107526882	48	15	3	0	15	0.238095238095
0.0640106204391	0.431182795699	49	15	3	0	15	0.234375
0.0695033713646	0.432258064516	50	15	3	0	15	0.230769230769
0.0703994125598	0.431182795699	51	15	3	0	15	0.227272727273
0.0711898217322	0.432258064516	52	15	3	0	15	0.223880597015
