# time 	 divergence 	 # of mutations 	 # IGC chances 	 IGC length 	 # IGC failures 	 Changes due to IGC  	 % change due to IGC 
0.0	0.432258064516	0	0	0	0	0	0.0
0.00107840679578	0.433333333333	1	0	0	0	0	0.0
0.00127142356026	0.432258064516	1	1	3	0	1	0.5
0.00172916723275	0.433333333333	2	1	3	0	1	0.333333333333
0.00268585991301	0.434408602151	3	1	3	0	1	0.25
0.00298395177604	0.435483870968	4	1	3	0	1	0.2
0.00571454084673	0.435483870968	5	1	3	0	1	0.166666666667
0.00744222060427	0.434408602151	5	2	3	0	2	0.285714285714
0.0090499242175	0.433333333333	6	2	3	0	2	0.25
0.0127883002022	0.434408602151	7	2	3	0	2	0.222222222222
0.0138113407848	0.432258064516	7	3	3	0	4	0.363636363636
0.0141065266621	0.433333333333	8	3	3	0	4	0.333333333333
0.0169565880431	0.432258064516	8	4	3	0	5	0.384615384615
0.0170652887064	0.433333333333	9	4	3	0	5	0.357142857143
0.0182231780356	0.433333333333	10	4	3	0	5	0.333333333333
0.0184455799521	0.432258064516	11	4	3	0	5	0.3125
0.0199095585049	0.430107526882	11	5	3	0	7	0.388888888889
0.0205805201566	0.431182795699	12	5	3	0	7	0.368421052632
0.0229926197602	0.431182795699	13	5	3	0	7	0.35
0.0242162524854	0.430107526882	14	5	3	0	7	0.333333333333
0.0252194210667	0.429032258065	15	5	3	0	7	0.318181818182
0.0304995344953	0.430107526882	16	5	3	0	7	0.304347826087
0.0313320583467	0.431182795699	17	5	3	0	7	0.291666666667
0.033223067117	0.431182795699	17	6	3	0	7	0.291666666667
0.0349425211888	0.431182795699	18	6	3	0	7	0.28
0.0384491406511	0.432258064516	19	6	3	0	7	0.269230769231
0.0400108701236	0.431182795699	20	6	3	0	7	0.259259259259
0.0403004602568	0.431182795699	21	6	3	0	7	0.25
0.040633120995	0.431182795699	22	6	3	0	7	0.241379310345
0.0427459387982	0.432258064516	23	6	3	0	7	0.233333333333
0.0441292309192	0.433333333333	24	6	3	0	7	0.225806451613
0.0468891391714	0.432258064516	24	7	3	0	8	0.25
0.049569451921	0.431182795699	25	7	3	0	8	0.242424242424
0.050690555197	0.432258064516	26	7	3	0	8	0.235294117647
0.0522700039995	0.433333333333	27	7	3	0	8	0.228571428571
0.0530962194555	0.432258064516	28	7	3	0	8	0.222222222222
0.0532513282297	0.430107526882	28	8	3	0	10	0.263157894737
0.054328148573	0.430107526882	29	8	3	0	10	0.25641025641
0.0557031444941	0.429032258065	30	8	3	0	10	0.25
0.0572893026906	0.430107526882	31	8	3	0	10	0.243902439024
0.0577485755578	0.430107526882	32	8	3	0	10	0.238095238095
0.0581297694829	0.430107526882	33	8	3	0	10	0.232558139535
0.0592315802756	0.431182795699	34	8	3	0	10	0.227272727273
0.0610608896013	0.432258064516	35	8	3	0	10	0.222222222222
0.0615586059986	0.430107526882	35	9	3	0	12	0.255319148936
0.0631736811456	0.431182795699	36	9	3	0	12	0.25
0.0639430847326	0.429032258065	36	10	3	0	14	0.28
0.0653128904891	0.429032258065	37	10	3	0	14	0.274509803922
0.0668881791103	0.430107526882	38	10	3	0	14	0.269230769231
0.0673416497136	0.430107526882	39	10	3	0	14	0.264150943396
0.0710031309154	0.431182795699	40	10	3	0	14	0.259259259259
0.0715728858016	0.432258064516	41	10	3	0	14	0.254545454545
0.0732315464725	0.433333333333	42	10	3	0	14	0.25
0.0756449277905	0.433333333333	43	10	3	0	14	0.245614035088
0.0759722757468	0.433333333333	43	11	3	0	14	0.245614035088
0.0784346122785	0.432258064516	44	11	3	0	14	0.241379310345
0.0799557160676	0.433333333333	45	11	3	0	14	0.237288135593
0.0847274479063	0.431182795699	45	12	3	0	16	0.262295081967
0.0851084122399	0.431182795699	46	12	3	0	16	0.258064516129
0.0853586232661	0.432258064516	47	12	3	0	16	0.253968253968
0.0859749082429	0.432258064516	48	12	3	0	16	0.25
0.0861479859052	0.432258064516	49	12	3	0	16	0.246153846154
0.0871148573929	0.432258064516	49	13	3	0	16	0.246153846154
0.0879702452713	0.432258064516	50	13	3	0	16	0.242424242424
0.0890073960989	0.432258064516	51	13	3	0	16	0.238805970149
0.0911529726377	0.433333333333	52	13	3	0	16	0.235294117647
0.0916653469564	0.432258064516	53	13	3	0	16	0.231884057971
0.0943125289754	0.432258064516	53	14	3	0	16	0.231884057971
0.095317187704	0.433333333333	54	14	3	0	16	0.228571428571
0.0954869079453	0.434408602151	55	14	3	0	16	0.225352112676
0.0996148073686	0.433333333333	55	15	3	0	17	0.236111111111
0.10357118078	0.434408602151	56	15	3	0	17	0.232876712329
0.103743857616	0.435483870968	57	15	3	0	17	0.22972972973
0.104808159167	0.434408602151	58	15	3	0	17	0.226666666667
0.106215095289	0.433333333333	58	16	3	0	18	0.236842105263
0.10930753626	0.434408602151	59	16	3	0	18	0.233766233766
0.110197928041	0.433333333333	59	17	3	0	19	0.24358974359
0.111443971857	0.432258064516	60	17	3	0	19	0.240506329114
0.111781369742	0.433333333333	61	17	3	0	19	0.2375
0.113620867637	0.434408602151	62	17	3	0	19	0.234567901235
0.114097157554	0.434408602151	63	17	3	0	19	0.231707317073
0.115272177768	0.433333333333	64	17	3	0	19	0.228915662651
0.115824041457	0.433333333333	64	18	3	0	19	0.228915662651
0.123421208276	0.433333333333	65	18	3	0	19	0.22619047619
