# time 	 divergence 	 # of mutations 	 # IGC chances 	 IGC length 	 # IGC failures 	 Changes due to IGC  	 % change due to IGC 
0.0	0.0	0	0	0	0	0	0.0
2.6647367232e-05	0.0	0	1	3	0	0	0.0
0.000290858038674	0.0	0	2	3	0	0	0.0
0.000476564681293	0.0	0	3	3	0	0	0.0
0.000641584424586	0.0	0	4	3	0	0	0.0
0.00147639513292	0.0	0	5	3	0	0	0.0
0.00152585543078	0.0	0	6	3	0	0	0.0
0.00154267599666	0.0	0	7	3	0	0	0.0
0.00157142864969	0.0	0	8	3	0	0	0.0
0.00162677794987	0.0	0	9	3	0	0	0.0
0.00176651386498	0.0	0	10	3	0	0	0.0
0.00279543732047	0.0	0	11	3	0	0	0.0
0.00292115573213	0.0	0	12	3	0	0	0.0
0.00309690625383	0.0	0	13	3	0	0	0.0
0.00317164574964	0.0	0	14	3	0	0	0.0
0.00378099708737	0.0	0	15	3	0	0	0.0
0.00452110816038	0.0	0	16	3	0	0	0.0
0.00469696103368	0.0	0	17	3	0	0	0.0
0.00581745715562	0.0	0	18	3	0	0	0.0
0.00641602962014	0.0	0	19	3	0	0	0.0
0.00690631122592	0.0	0	20	3	0	0	0.0
0.0083309161361	0.0	0	21	3	0	0	0.0
0.00839258822074	0.0	0	22	3	0	0	0.0
0.00845754249509	0.0	0	23	3	0	0	0.0
0.00856303631952	0.00213675213675	1	23	3	0	0	0.0
0.00904422516601	0.00213675213675	1	24	3	0	0	0.0
0.00950389230123	0.00213675213675	1	25	3	0	0	0.0
0.00953984631726	0.00213675213675	1	26	3	0	0	0.0
0.00964473824098	0.00213675213675	1	27	3	0	0	0.0
0.0102546666453	0.00213675213675	1	28	3	0	0	0.0
0.0103187033768	0.00213675213675	1	29	3	0	0	0.0
0.0103777716421	0.00213675213675	1	30	3	0	0	0.0
0.0105758834373	0.00213675213675	1	31	3	0	0	0.0
0.0105854388355	0.00213675213675	1	32	3	0	0	0.0
0.0112124349122	0.00213675213675	1	33	3	0	0	0.0
0.0113854584605	0.00213675213675	1	34	3	0	0	0.0
0.0114462472148	0.0042735042735	2	34	3	0	0	0.0
0.0123885285124	0.0042735042735	2	35	3	0	0	0.0
0.0126841156069	0.0042735042735	2	36	3	0	0	0.0
0.0129200334812	0.0042735042735	2	37	3	0	0	0.0
0.0130027270142	0.0042735042735	2	38	3	0	0	0.0
0.0130434659144	0.0042735042735	2	39	3	0	0	0.0
0.0131927577828	0.0042735042735	2	40	3	0	0	0.0
0.0133082133922	0.0042735042735	2	41	3	0	0	0.0
0.0133759477756	0.0042735042735	2	42	3	0	0	0.0
0.0135928507439	0.0042735042735	2	43	3	0	0	0.0
0.0139522543238	0.0042735042735	2	44	3	0	0	0.0
0.0140145325448	0.0042735042735	2	45	3	0	0	0.0
0.0143640826993	0.0042735042735	2	46	3	0	0	0.0
0.0145079523622	0.0042735042735	2	47	3	0	0	0.0
0.0146181266066	0.0042735042735	2	48	3	0	0	0.0
0.0147957823241	0.00641025641026	3	48	3	0	0	0.0
0.0148932907713	0.00641025641026	3	49	3	0	0	0.0
0.0152807321371	0.00641025641026	3	50	3	0	0	0.0
0.0154963946234	0.00641025641026	3	51	3	0	0	0.0
0.0156021983722	0.00641025641026	3	52	3	0	0	0.0
0.0163377875627	0.00641025641026	3	53	3	0	0	0.0
0.0170320187576	0.00641025641026	3	54	3	0	0	0.0
0.0175623294503	0.00641025641026	3	55	3	0	0	0.0
0.0176396316849	0.00641025641026	3	56	3	0	0	0.0
0.0177284287838	0.00641025641026	3	57	3	0	0	0.0
0.0178563656583	0.00641025641026	3	58	3	0	0	0.0
0.0186773058721	0.00641025641026	3	59	3	0	0	0.0
0.0191520592489	0.00641025641026	3	60	3	0	0	0.0
0.0193312882693	0.00641025641026	3	61	3	0	0	0.0
0.0199589041491	0.00641025641026	3	62	3	0	0	0.0
0.0200200741816	0.00641025641026	3	63	3	0	0	0.0
0.0202562403478	0.00641025641026	3	64	3	0	0	0.0
0.020777570812	0.00641025641026	3	65	3	0	0	0.0
0.0224436147342	0.00641025641026	3	66	3	0	0	0.0
0.0230504686614	0.00641025641026	3	67	3	0	0	0.0
0.0239680602769	0.0042735042735	3	68	3	0	1	0.25
0.0239984719418	0.0042735042735	3	69	3	0	1	0.25
0.0244529334871	0.0042735042735	3	70	3	0	1	0.25
0.0250006213156	0.0042735042735	3	71	3	0	1	0.25
0.0252192034886	0.0042735042735	3	72	3	0	1	0.25
0.025390142485	0.0042735042735	3	73	3	0	1	0.25
0.025534044841	0.0042735042735	3	74	3	0	1	0.25
0.0255824260631	0.0042735042735	3	75	3	0	1	0.25
0.0256680891217	0.0042735042735	3	76	3	0	1	0.25
0.0256866066865	0.00641025641026	4	76	3	0	1	0.2
0.0257752349524	0.00641025641026	4	77	3	0	1	0.2
0.0265059592581	0.00641025641026	4	78	3	0	1	0.2
0.0270336366379	0.00641025641026	4	79	3	0	1	0.2
0.0270437354735	0.00641025641026	4	80	3	0	1	0.2
0.0270898008044	0.00641025641026	4	81	3	0	1	0.2
0.0275864356356	0.00641025641026	4	82	3	0	1	0.2
0.0280892562242	0.00641025641026	4	83	3	0	1	0.2
0.0285228271677	0.00641025641026	4	84	3	0	1	0.2
0.0286998716162	0.00641025641026	4	85	3	0	1	0.2
0.0287455859542	0.00641025641026	4	86	3	0	1	0.2
0.0288897724494	0.00641025641026	4	87	3	0	1	0.2
0.0291337707742	0.00641025641026	4	88	3	0	1	0.2
0.0291556228612	0.00641025641026	4	89	3	0	1	0.2
0.0293227385742	0.00641025641026	4	90	3	0	1	0.2
0.0293725155322	0.00641025641026	4	91	3	0	1	0.2
0.0294426903257	0.00641025641026	4	92	3	0	1	0.2
0.0294959394141	0.00641025641026	4	93	3	0	1	0.2
0.0295891366962	0.00641025641026	4	94	3	0	1	0.2
0.0298260029003	0.00641025641026	4	95	3	0	1	0.2
0.0298537444903	0.00641025641026	4	96	3	0	1	0.2
0.0298668386111	0.00641025641026	4	97	3	0	1	0.2
0.0304529469138	0.00641025641026	4	98	3	0	1	0.2
0.030640223016	0.00641025641026	4	99	3	0	1	0.2
0.0309161602128	0.00641025641026	4	100	3	0	1	0.2
0.0311415352297	0.00641025641026	4	101	3	0	1	0.2
0.0313305984839	0.00641025641026	4	102	3	0	1	0.2
0.0318106781907	0.00641025641026	4	103	3	0	1	0.2
0.032656009711	0.00854700854701	5	103	3	0	1	0.166666666667
0.0327730834239	0.0106837606838	6	103	3	0	1	0.142857142857
0.0332052845178	0.0106837606838	6	104	3	0	1	0.142857142857
0.0334741400415	0.0106837606838	6	105	3	0	1	0.142857142857
0.0335676990387	0.0106837606838	6	106	3	0	1	0.142857142857
0.0336400324272	0.0106837606838	6	107	3	0	1	0.142857142857
0.0337809533197	0.0106837606838	6	108	3	0	1	0.142857142857
0.0339234530174	0.0106837606838	6	109	3	0	1	0.142857142857
0.0341135105447	0.0106837606838	6	110	3	0	1	0.142857142857
0.0349226291624	0.0106837606838	6	111	3	0	1	0.142857142857
0.0350544528991	0.0106837606838	6	112	3	0	1	0.142857142857
0.0354508312938	0.0106837606838	6	113	3	0	1	0.142857142857
0.0357382713317	0.0106837606838	6	114	3	0	1	0.142857142857
0.0360530471164	0.0128205128205	7	114	3	0	1	0.125
0.0361048702675	0.0128205128205	7	115	3	0	1	0.125
0.0366629186487	0.0128205128205	7	116	3	0	1	0.125
0.0370294545207	0.0128205128205	7	117	3	0	1	0.125
0.037484908957	0.0128205128205	7	118	3	0	1	0.125
0.0375829102239	0.0128205128205	7	119	3	0	1	0.125
0.0383554869963	0.0128205128205	7	120	3	0	1	0.125
0.0390049705673	0.0128205128205	7	121	3	0	1	0.125
0.0390624876833	0.0128205128205	7	122	3	0	1	0.125
0.0391076350917	0.0128205128205	7	123	3	0	1	0.125
0.0392825995667	0.0128205128205	7	124	3	0	1	0.125
0.0399642102671	0.0128205128205	7	125	3	0	1	0.125
0.0403105208354	0.0128205128205	7	126	3	0	1	0.125
0.0403133953658	0.0128205128205	7	127	3	0	1	0.125
0.0404447426335	0.0128205128205	7	128	3	0	1	0.125
0.040562319629	0.0128205128205	7	129	3	0	1	0.125
0.0408137551453	0.0128205128205	7	130	3	0	1	0.125
0.0422363757891	0.0128205128205	7	131	3	0	1	0.125
0.0434223727452	0.0128205128205	7	132	3	0	1	0.125
0.0434240754044	0.0128205128205	7	133	3	0	1	0.125
0.0434622370035	0.0128205128205	7	134	3	0	1	0.125
0.0447337392813	0.0128205128205	7	135	3	0	1	0.125
0.0447462925069	0.0128205128205	7	136	3	0	1	0.125
0.044764975126	0.0128205128205	7	137	3	0	1	0.125
0.0452946055976	0.0128205128205	7	138	3	0	1	0.125
0.0460439110119	0.0128205128205	7	139	3	0	1	0.125
0.0462304482506	0.0128205128205	7	140	3	0	1	0.125
0.046600683484	0.0128205128205	7	141	3	0	1	0.125
0.0467605210136	0.0128205128205	7	142	3	0	1	0.125
0.0468310108255	0.0128205128205	7	143	3	0	1	0.125
0.0473929555121	0.0128205128205	7	144	3	0	1	0.125
0.0476068911719	0.0128205128205	7	145	3	0	1	0.125
0.0477309310143	0.0128205128205	7	146	3	0	1	0.125
0.0479401482411	0.0128205128205	7	147	3	0	1	0.125
0.0479974888781	0.0128205128205	7	148	3	0	1	0.125
0.0480126486003	0.0128205128205	7	149	3	0	1	0.125
0.0485617368697	0.0128205128205	7	150	3	0	1	0.125
0.0487774987535	0.0128205128205	7	151	3	0	1	0.125
0.0493846778347	0.0128205128205	7	152	3	0	1	0.125
0.0493927108679	0.0128205128205	7	153	3	0	1	0.125
0.0496669463625	0.0128205128205	7	154	3	0	1	0.125
0.0498314248291	0.0128205128205	7	155	3	0	1	0.125
0.0499709003409	0.0128205128205	7	156	3	0	1	0.125
0.0501240215797	0.0128205128205	7	157	3	0	1	0.125
0.050494670581	0.0128205128205	7	158	3	0	1	0.125
0.0505140589806	0.0128205128205	7	159	3	0	1	0.125
0.0505541528458	0.0128205128205	7	160	3	0	1	0.125
0.0511851165933	0.0149572649573	8	160	3	0	1	0.111111111111
0.0512260143592	0.0149572649573	8	161	3	0	1	0.111111111111
0.0517065666843	0.0149572649573	8	162	3	0	1	0.111111111111
0.0517855104223	0.0149572649573	8	163	3	0	1	0.111111111111
0.0526367999856	0.0149572649573	8	164	3	0	1	0.111111111111
0.0526814613348	0.017094017094	9	164	3	0	1	0.1
0.0527845673892	0.017094017094	9	165	3	0	1	0.1
0.0535198415407	0.017094017094	9	166	3	0	1	0.1
0.0536471532991	0.017094017094	9	167	3	0	1	0.1
0.0536611839124	0.017094017094	9	168	3	0	1	0.1
0.0539074160514	0.017094017094	9	169	3	0	1	0.1
0.0540640488205	0.017094017094	9	170	3	0	1	0.1
0.0541837005583	0.017094017094	9	171	3	0	1	0.1
0.054298026833	0.017094017094	9	172	3	0	1	0.1
0.0544189634351	0.017094017094	9	173	3	0	1	0.1
0.0549622811996	0.017094017094	9	174	3	0	1	0.1
0.0557144304037	0.017094017094	9	175	3	0	1	0.1
0.0562011457815	0.0192307692308	10	175	3	0	1	0.0909090909091
0.0563470674463	0.0192307692308	10	176	3	0	1	0.0909090909091
0.0564733264595	0.0192307692308	10	177	3	0	1	0.0909090909091
0.0570322098088	0.0192307692308	10	178	3	0	1	0.0909090909091
0.0573076738324	0.0192307692308	10	179	3	0	1	0.0909090909091
0.0576426146774	0.0213675213675	11	179	3	0	1	0.0833333333333
0.0579998086002	0.0213675213675	11	180	3	0	1	0.0833333333333
0.0580297133274	0.0213675213675	11	181	3	0	1	0.0833333333333
0.058232595499	0.0213675213675	11	182	3	0	1	0.0833333333333
0.0584338727802	0.0213675213675	11	183	3	0	1	0.0833333333333
0.0589073999348	0.0213675213675	11	184	3	0	1	0.0833333333333
0.0590693488888	0.0213675213675	11	185	3	0	1	0.0833333333333
0.0592890488946	0.0213675213675	11	186	3	0	1	0.0833333333333
0.0595852920706	0.0213675213675	11	187	3	0	1	0.0833333333333
0.0598889659291	0.0213675213675	11	188	3	0	1	0.0833333333333
0.0601904597567	0.0235042735043	12	188	3	0	1	0.0769230769231
0.0602993533459	0.0235042735043	12	189	3	0	1	0.0769230769231
0.0603413253658	0.0235042735043	12	190	3	0	1	0.0769230769231
0.0606322278832	0.0235042735043	12	191	3	0	1	0.0769230769231
0.061131095716	0.025641025641	13	191	3	0	1	0.0714285714286
0.0623203145022	0.0277777777778	14	191	3	0	1	0.0666666666667
0.0623244153699	0.025641025641	14	192	3	0	2	0.125
0.0623838420886	0.0235042735043	14	193	3	0	3	0.176470588235
0.0625724839052	0.0235042735043	14	194	3	0	3	0.176470588235
0.0629027776403	0.0235042735043	14	195	3	0	3	0.176470588235
0.0631642007162	0.0235042735043	14	196	3	0	3	0.176470588235
0.0633167901484	0.0235042735043	14	197	3	0	3	0.176470588235
0.0636160896677	0.0235042735043	14	198	3	0	3	0.176470588235
0.0638422835936	0.0235042735043	14	199	3	0	3	0.176470588235
0.0642042605114	0.0235042735043	14	200	3	0	3	0.176470588235
0.0643565100768	0.0235042735043	14	201	3	0	3	0.176470588235
0.0647642967107	0.0235042735043	14	202	3	0	3	0.176470588235
0.0647837720243	0.0235042735043	14	203	3	0	3	0.176470588235
0.0648202403364	0.0235042735043	14	204	3	0	3	0.176470588235
0.0648655731715	0.0235042735043	14	205	3	0	3	0.176470588235
0.0652278052971	0.0235042735043	14	206	3	0	3	0.176470588235
0.0656826639349	0.0235042735043	14	207	3	0	3	0.176470588235
0.0657722578425	0.0235042735043	14	208	3	0	3	0.176470588235
0.0660484939161	0.0235042735043	14	209	3	0	3	0.176470588235
0.0663072205744	0.0235042735043	14	210	3	0	3	0.176470588235
0.0664042275467	0.0235042735043	14	211	3	0	3	0.176470588235
0.0664381557395	0.0235042735043	14	212	3	0	3	0.176470588235
0.0667134883699	0.0213675213675	14	213	3	0	4	0.222222222222
0.0671942070531	0.0213675213675	14	214	3	0	4	0.222222222222
0.0672016962329	0.0192307692308	14	215	3	0	5	0.263157894737
0.0672921582818	0.0192307692308	14	216	3	0	5	0.263157894737
0.0674169038064	0.0192307692308	14	217	3	0	5	0.263157894737
0.0674282297231	0.0213675213675	15	217	3	0	5	0.25
0.068060503422	0.0213675213675	15	218	3	0	5	0.25
0.0686731056	0.0213675213675	15	219	3	0	5	0.25
0.0688823304308	0.0213675213675	15	220	3	0	5	0.25
0.0692142942795	0.0213675213675	15	221	3	0	5	0.25
0.0702404115365	0.0213675213675	15	222	3	0	5	0.25
0.0705800915889	0.0235042735043	16	222	3	0	5	0.238095238095
0.07081751551	0.0235042735043	16	223	3	0	5	0.238095238095
0.070845251152	0.0235042735043	16	224	3	0	5	0.238095238095
0.0709677735938	0.0235042735043	16	225	3	0	5	0.238095238095
0.0709879930781	0.0235042735043	16	226	3	0	5	0.238095238095
0.071031455665	0.0235042735043	16	227	3	0	5	0.238095238095
0.0710751259649	0.025641025641	17	227	3	0	5	0.227272727273
0.0711707105444	0.025641025641	17	228	3	0	5	0.227272727273
0.0716404223057	0.025641025641	17	229	3	0	5	0.227272727273
0.0720124358568	0.025641025641	17	230	3	0	5	0.227272727273
0.0722254908628	0.0235042735043	17	231	3	0	6	0.260869565217
0.0725439674465	0.0235042735043	17	232	3	0	6	0.260869565217
0.0734037860968	0.0235042735043	17	233	3	0	6	0.260869565217
0.0737748089795	0.0235042735043	17	234	3	0	6	0.260869565217
0.0739264417556	0.0235042735043	17	235	3	0	6	0.260869565217
0.073995072398	0.0235042735043	17	236	3	0	6	0.260869565217
0.0743835117167	0.0235042735043	17	237	3	0	6	0.260869565217
0.0746472766063	0.0235042735043	17	238	3	0	6	0.260869565217
0.0749715713841	0.025641025641	18	238	3	0	6	0.25
0.075174773565	0.025641025641	18	239	3	0	6	0.25
0.0752159448066	0.0235042735043	18	240	3	0	7	0.28
0.0752193602627	0.0235042735043	18	241	3	0	7	0.28
0.0755981137961	0.0235042735043	18	242	3	0	7	0.28
0.0757485817478	0.0235042735043	18	243	3	0	7	0.28
0.0757635384578	0.0235042735043	18	244	3	0	7	0.28
0.0767808266889	0.0235042735043	18	245	3	0	7	0.28
0.0768412039974	0.0235042735043	18	246	3	0	7	0.28
0.0771214047679	0.0235042735043	18	247	3	0	7	0.28
0.0773819103946	0.0235042735043	18	248	3	0	7	0.28
0.0773916295073	0.0235042735043	18	249	3	0	7	0.28
0.0777245756877	0.0235042735043	18	250	3	0	7	0.28
0.0778925936011	0.0235042735043	18	251	3	0	7	0.28
0.0780847714363	0.0235042735043	18	252	3	0	7	0.28
0.0786219856272	0.0235042735043	18	253	3	0	7	0.28
0.0794283764864	0.0235042735043	18	254	3	0	7	0.28
0.0799794524571	0.0235042735043	18	255	3	0	7	0.28
0.0806632930837	0.025641025641	19	255	3	0	7	0.269230769231
0.0810014572653	0.025641025641	19	256	3	0	7	0.269230769231
0.0810563883781	0.025641025641	19	257	3	0	7	0.269230769231
0.0813702826889	0.025641025641	19	258	3	0	7	0.269230769231
0.0814502514948	0.025641025641	19	259	3	0	7	0.269230769231
0.0816368047442	0.025641025641	19	260	3	0	7	0.269230769231
0.08173848002	0.025641025641	19	261	3	0	7	0.269230769231
0.081755544496	0.025641025641	19	262	3	0	7	0.269230769231
0.0819335012208	0.025641025641	19	263	3	0	7	0.269230769231
0.0820706623318	0.025641025641	19	264	3	0	7	0.269230769231
0.0820716164064	0.025641025641	19	265	3	0	7	0.269230769231
0.0823351566087	0.0277777777778	20	265	3	0	7	0.259259259259
0.082438185189	0.0277777777778	20	266	3	0	7	0.259259259259
0.0826515675457	0.025641025641	20	267	3	0	8	0.285714285714
0.0838147204741	0.025641025641	20	268	3	0	8	0.285714285714
0.0841329689428	0.0277777777778	21	268	3	0	8	0.275862068966
0.0845134400944	0.025641025641	21	269	3	0	9	0.3
0.0845288610101	0.025641025641	21	270	3	0	9	0.3
0.0845453063458	0.025641025641	21	271	3	0	9	0.3
0.0848377676225	0.025641025641	21	272	3	0	9	0.3
0.0851658850494	0.025641025641	21	273	3	0	9	0.3
0.085259198563	0.025641025641	21	274	3	0	9	0.3
0.086071468824	0.025641025641	21	275	3	0	9	0.3
0.0861960785212	0.0235042735043	21	276	3	0	10	0.322580645161
0.0864754582963	0.0213675213675	21	277	3	0	11	0.34375
0.0864850788782	0.0213675213675	21	278	3	0	11	0.34375
0.0865421432848	0.0235042735043	22	278	3	0	11	0.333333333333
0.0866863504058	0.0235042735043	22	279	3	0	11	0.333333333333
0.0868115546854	0.0235042735043	22	280	3	0	11	0.333333333333
0.0869794317197	0.0235042735043	22	281	3	0	11	0.333333333333
0.0870616511581	0.0235042735043	22	282	3	0	11	0.333333333333
0.0877629986643	0.0235042735043	22	283	3	0	11	0.333333333333
0.0879340090517	0.0235042735043	22	284	3	0	11	0.333333333333
0.0881492660372	0.0235042735043	22	285	3	0	11	0.333333333333
0.0889385950668	0.0235042735043	22	286	3	0	11	0.333333333333
0.0895045333573	0.0235042735043	22	287	3	0	11	0.333333333333
0.0895895580911	0.025641025641	23	287	3	0	11	0.323529411765
0.0897856643245	0.025641025641	23	288	3	0	11	0.323529411765
0.0902503493114	0.025641025641	23	289	3	0	11	0.323529411765
0.0903746935595	0.025641025641	23	290	3	0	11	0.323529411765
0.0904579688094	0.025641025641	23	291	3	0	11	0.323529411765
0.0914049191069	0.025641025641	23	292	3	0	11	0.323529411765
0.0917011694173	0.025641025641	23	293	3	0	11	0.323529411765
0.0918640811325	0.025641025641	23	294	3	0	11	0.323529411765
0.091997736581	0.025641025641	23	295	3	0	11	0.323529411765
0.0920033325438	0.025641025641	23	296	3	0	11	0.323529411765
0.0923933986923	0.025641025641	23	297	3	0	11	0.323529411765
0.0924397770908	0.025641025641	23	298	3	0	11	0.323529411765
0.092621578161	0.025641025641	23	299	3	0	11	0.323529411765
0.0926253410463	0.025641025641	23	300	3	0	11	0.323529411765
0.0926886254421	0.025641025641	23	301	3	0	11	0.323529411765
0.0933631638556	0.025641025641	23	302	3	0	11	0.323529411765
0.0941826981485	0.025641025641	23	303	3	0	11	0.323529411765
0.0945326684477	0.0235042735043	24	303	3	0	11	0.314285714286
0.094966794319	0.0235042735043	24	304	3	0	11	0.314285714286
0.0955862480924	0.0235042735043	24	305	3	0	11	0.314285714286
0.0959001176042	0.0235042735043	24	306	3	0	11	0.314285714286
0.0961157858373	0.0235042735043	24	307	3	0	11	0.314285714286
0.0974876617874	0.0235042735043	24	308	3	0	11	0.314285714286
0.0980325170296	0.025641025641	25	308	3	0	11	0.305555555556
0.0981432184884	0.0277777777778	26	308	3	0	11	0.297297297297
0.0983328911074	0.025641025641	26	309	3	0	12	0.315789473684
0.0983850137313	0.025641025641	26	310	3	0	12	0.315789473684
0.0984491344866	0.025641025641	26	311	3	0	12	0.315789473684
0.0984915318495	0.0235042735043	26	312	3	0	13	0.333333333333
0.0986562179319	0.0235042735043	26	313	3	0	13	0.333333333333
0.0989821926444	0.0235042735043	26	314	3	0	13	0.333333333333
0.0996820538091	0.0235042735043	26	315	3	0	13	0.333333333333
0.0998225434676	0.025641025641	27	315	3	0	13	0.325
0.100267847923	0.025641025641	27	316	3	0	13	0.325
0.10186352153	0.025641025641	27	317	3	0	13	0.325
0.102406531689	0.0235042735043	27	318	3	0	14	0.341463414634
0.102579575284	0.0235042735043	27	319	3	0	14	0.341463414634
0.102943002596	0.025641025641	28	319	3	0	14	0.333333333333
0.102974483409	0.025641025641	28	320	3	0	14	0.333333333333
0.103090152603	0.025641025641	28	321	3	0	14	0.333333333333
0.103092630388	0.025641025641	28	322	3	0	14	0.333333333333
0.10319197523	0.0277777777778	29	322	3	0	14	0.325581395349
0.103564812219	0.0277777777778	29	323	3	0	14	0.325581395349
0.103663096148	0.0277777777778	29	324	3	0	14	0.325581395349
0.10429770956	0.0277777777778	29	325	3	0	14	0.325581395349
0.105692545435	0.0299145299145	30	325	3	0	14	0.318181818182
0.105815331041	0.0299145299145	30	326	3	0	14	0.318181818182
0.105946855448	0.0320512820513	31	326	3	0	14	0.311111111111
0.106178272547	0.0320512820513	31	327	3	0	14	0.311111111111
0.106305163814	0.0320512820513	31	328	3	0	14	0.311111111111
0.106402066834	0.0320512820513	31	329	3	0	14	0.311111111111
0.106403409453	0.0320512820513	31	330	3	0	14	0.311111111111
0.107325909692	0.034188034188	32	330	3	0	14	0.304347826087
0.107548861687	0.034188034188	32	331	3	0	14	0.304347826087
0.108596793255	0.0320512820513	32	332	3	0	15	0.31914893617
0.109036067949	0.0320512820513	32	333	3	0	15	0.31914893617
0.109042280772	0.034188034188	33	333	3	0	15	0.3125
0.109319325599	0.034188034188	33	334	3	0	15	0.3125
0.109796927004	0.034188034188	33	335	3	0	15	0.3125
0.110662023287	0.0320512820513	33	336	3	0	16	0.326530612245
0.110718464443	0.0320512820513	33	337	3	0	16	0.326530612245
0.110906375094	0.0320512820513	33	338	3	0	16	0.326530612245
0.111605074639	0.0320512820513	33	339	3	0	16	0.326530612245
0.111943465595	0.0320512820513	33	340	3	0	16	0.326530612245
0.111986209508	0.0320512820513	33	341	3	0	16	0.326530612245
0.112500632788	0.0320512820513	33	342	3	0	16	0.326530612245
0.112828754056	0.0320512820513	33	343	3	0	16	0.326530612245
0.112982200146	0.0320512820513	33	344	3	0	16	0.326530612245
0.11391298812	0.0320512820513	33	345	3	0	16	0.326530612245
0.114155745717	0.0320512820513	33	346	3	0	16	0.326530612245
0.114159914954	0.0320512820513	33	347	3	0	16	0.326530612245
0.11449537387	0.0299145299145	33	348	3	0	17	0.34
0.11502071619	0.0299145299145	33	349	3	0	17	0.34
0.11540216346	0.0299145299145	33	350	3	0	17	0.34
0.115672034648	0.0299145299145	33	351	3	0	17	0.34
0.115783029724	0.0299145299145	33	352	3	0	17	0.34
0.115854577837	0.0299145299145	33	353	3	0	17	0.34
0.115943668435	0.0299145299145	33	354	3	0	17	0.34
0.115956067485	0.0299145299145	33	355	3	0	17	0.34
0.11620508082	0.0299145299145	33	356	3	0	17	0.34
0.116306832285	0.0299145299145	33	357	3	0	17	0.34
0.116918777754	0.0299145299145	33	358	3	0	17	0.34
0.116997060466	0.0299145299145	33	359	3	0	17	0.34
0.117025894878	0.0299145299145	33	360	3	0	17	0.34
0.117434148852	0.0299145299145	33	361	3	0	17	0.34
0.118040746738	0.0299145299145	33	362	3	0	17	0.34
0.118258154654	0.0299145299145	33	363	3	0	17	0.34
0.11848872052	0.0299145299145	33	364	3	0	17	0.34
0.118595254196	0.0299145299145	33	365	3	0	17	0.34
0.118921034148	0.0299145299145	33	366	3	0	17	0.34
0.119020532704	0.0299145299145	33	367	3	0	17	0.34
0.119500849422	0.0299145299145	33	368	3	0	17	0.34
0.119617789065	0.0299145299145	33	369	3	0	17	0.34
0.11968398084	0.0299145299145	33	370	3	0	17	0.34
0.120143110886	0.0299145299145	33	371	3	0	17	0.34
0.120605669876	0.0299145299145	33	372	3	0	17	0.34
0.120662595977	0.0299145299145	33	373	3	0	17	0.34
0.120676976466	0.0299145299145	33	374	3	0	17	0.34
0.121599535953	0.0299145299145	33	375	3	0	17	0.34
0.121613862087	0.0299145299145	33	376	3	0	17	0.34
0.121981463587	0.0299145299145	33	377	3	0	17	0.34
0.12209878082	0.0299145299145	33	378	3	0	17	0.34
0.122351515821	0.0299145299145	33	379	3	0	17	0.34
0.122618596973	0.0320512820513	34	379	3	0	17	0.333333333333
0.122934855931	0.0320512820513	34	380	3	0	17	0.333333333333
0.123032528539	0.0320512820513	34	381	3	0	17	0.333333333333
0.123057664404	0.0320512820513	34	382	3	0	17	0.333333333333
0.123266850904	0.0320512820513	34	383	3	0	17	0.333333333333
0.123452614954	0.0320512820513	34	384	3	0	17	0.333333333333
0.123586440022	0.0320512820513	34	385	3	0	17	0.333333333333
0.123740868975	0.0320512820513	34	386	3	0	17	0.333333333333
0.123835552356	0.0320512820513	34	387	3	0	17	0.333333333333
0.124261869309	0.0320512820513	34	388	3	0	17	0.333333333333
0.124407809192	0.0320512820513	34	389	3	0	17	0.333333333333
0.124876908717	0.0320512820513	34	390	3	0	17	0.333333333333
0.124994549779	0.0320512820513	34	391	3	0	17	0.333333333333
0.125077485304	0.0299145299145	34	392	3	0	18	0.346153846154
0.125083409042	0.0299145299145	34	393	3	0	18	0.346153846154
0.125313805991	0.0299145299145	34	394	3	0	18	0.346153846154
0.125547710957	0.0277777777778	34	395	3	0	19	0.358490566038
0.125954171322	0.0277777777778	34	396	3	0	19	0.358490566038
0.12652520385	0.0277777777778	34	397	3	0	19	0.358490566038
0.126650268382	0.0277777777778	34	398	3	0	19	0.358490566038
0.127727402175	0.0277777777778	34	399	3	0	19	0.358490566038
0.127954574691	0.0277777777778	34	400	3	0	19	0.358490566038
0.128535336998	0.0277777777778	34	401	3	0	19	0.358490566038
0.12918382097	0.0277777777778	34	402	3	0	19	0.358490566038
0.129458544536	0.0277777777778	34	403	3	0	19	0.358490566038
0.129673003392	0.025641025641	34	404	3	0	20	0.37037037037
0.130011619105	0.025641025641	34	405	3	0	20	0.37037037037
0.130414198041	0.025641025641	34	406	3	0	20	0.37037037037
0.130454005981	0.0235042735043	34	407	3	0	21	0.381818181818
0.130700511227	0.0235042735043	34	408	3	0	21	0.381818181818
0.13077460269	0.0235042735043	34	409	3	0	21	0.381818181818
0.131033196529	0.0235042735043	34	410	3	0	21	0.381818181818
0.131330202084	0.0235042735043	34	411	3	0	21	0.381818181818
0.131343352225	0.0235042735043	34	412	3	0	21	0.381818181818
0.131407615578	0.0235042735043	34	413	3	0	21	0.381818181818
0.13148789297	0.0235042735043	34	414	3	0	21	0.381818181818
0.131517260057	0.0235042735043	34	415	3	0	21	0.381818181818
0.131727864446	0.0235042735043	34	416	3	0	21	0.381818181818
0.131974649695	0.0235042735043	34	417	3	0	21	0.381818181818
0.132877732414	0.0235042735043	34	418	3	0	21	0.381818181818
0.132879248841	0.0235042735043	34	419	3	0	21	0.381818181818
0.133897035261	0.0235042735043	34	420	3	0	21	0.381818181818
0.134054002795	0.0235042735043	34	421	3	0	21	0.381818181818
0.134332521019	0.0235042735043	34	422	3	0	21	0.381818181818
0.134416101278	0.0213675213675	34	423	3	0	22	0.392857142857
0.134417369784	0.0213675213675	34	424	3	0	22	0.392857142857
0.134936716522	0.0213675213675	34	425	3	0	22	0.392857142857
0.13496569714	0.0213675213675	34	426	3	0	22	0.392857142857
0.135193687407	0.0192307692308	34	427	3	0	23	0.40350877193
0.135257005793	0.0192307692308	34	428	3	0	23	0.40350877193
0.135399067435	0.017094017094	34	429	3	0	24	0.413793103448
0.135840710087	0.017094017094	34	430	3	0	24	0.413793103448
0.135846102284	0.0192307692308	35	430	3	0	24	0.406779661017
0.135943535887	0.0192307692308	35	431	3	0	24	0.406779661017
0.13609651018	0.0192307692308	35	432	3	0	24	0.406779661017
0.13668053869	0.0192307692308	35	433	3	0	24	0.406779661017
0.136828270024	0.0192307692308	35	434	3	0	24	0.406779661017
0.136937162128	0.0192307692308	35	435	3	0	24	0.406779661017
0.137792795078	0.0192307692308	35	436	3	0	24	0.406779661017
0.138195838464	0.0192307692308	35	437	3	0	24	0.406779661017
0.138377354062	0.0192307692308	35	438	3	0	24	0.406779661017
0.138484504655	0.017094017094	35	439	3	0	25	0.416666666667
0.139361181368	0.017094017094	35	440	3	0	25	0.416666666667
0.139371998413	0.0192307692308	36	440	3	0	25	0.409836065574
0.139458566768	0.0192307692308	36	441	3	0	25	0.409836065574
0.139569862699	0.0192307692308	36	442	3	0	25	0.409836065574
0.139729350943	0.0192307692308	36	443	3	0	25	0.409836065574
0.139950264909	0.0192307692308	36	444	3	0	25	0.409836065574
0.140751532915	0.0192307692308	36	445	3	0	25	0.409836065574
0.140754462801	0.0192307692308	36	446	3	0	25	0.409836065574
0.140760564707	0.0192307692308	36	447	3	0	25	0.409836065574
0.14085467031	0.0192307692308	36	448	3	0	25	0.409836065574
0.142608078807	0.0192307692308	36	449	3	0	25	0.409836065574
0.142995615592	0.0192307692308	36	450	3	0	25	0.409836065574
0.143335716453	0.0213675213675	37	450	3	0	25	0.403225806452
0.143535567932	0.0213675213675	37	451	3	0	25	0.403225806452
0.143851059785	0.0213675213675	37	452	3	0	25	0.403225806452
0.14395510502	0.0213675213675	37	453	3	0	25	0.403225806452
0.144697829208	0.0213675213675	37	454	3	0	25	0.403225806452
0.146521621246	0.0213675213675	37	455	3	0	25	0.403225806452
0.146714525119	0.0213675213675	37	456	3	0	25	0.403225806452
0.146775591409	0.0213675213675	37	457	3	0	25	0.403225806452
0.14745194582	0.0213675213675	37	458	3	0	25	0.403225806452
0.147468104407	0.0213675213675	37	459	3	0	25	0.403225806452
0.147594229343	0.0213675213675	37	460	3	0	25	0.403225806452
0.147600307973	0.0213675213675	37	461	3	0	25	0.403225806452
0.147733110949	0.0213675213675	37	462	3	0	25	0.403225806452
0.147748458784	0.0213675213675	37	463	3	0	25	0.403225806452
0.148014088602	0.0213675213675	37	464	3	0	25	0.403225806452
0.148835976785	0.0213675213675	37	465	3	0	25	0.403225806452
0.1491710135	0.0213675213675	37	466	3	0	25	0.403225806452
0.149346347043	0.0213675213675	37	467	3	0	25	0.403225806452
0.149370781813	0.0213675213675	37	468	3	0	25	0.403225806452
0.149736814687	0.0235042735043	38	468	3	0	25	0.396825396825
0.149867798996	0.0235042735043	38	469	3	0	25	0.396825396825
0.150101486951	0.0235042735043	38	470	3	0	25	0.396825396825
0.150112546586	0.0235042735043	38	471	3	0	25	0.396825396825
0.150926820433	0.0235042735043	38	472	3	0	25	0.396825396825
0.151025679232	0.0235042735043	38	473	3	0	25	0.396825396825
0.151093010486	0.0235042735043	38	474	3	0	25	0.396825396825
0.152102522061	0.025641025641	39	474	3	0	25	0.390625
0.152857968271	0.025641025641	39	475	3	0	25	0.390625
0.154010405616	0.0235042735043	39	476	3	0	26	0.4
0.154288043484	0.0235042735043	39	477	3	0	26	0.4
0.154512373809	0.025641025641	40	477	3	0	26	0.393939393939
0.154862962876	0.025641025641	40	478	3	0	26	0.393939393939
0.155278440002	0.0277777777778	41	478	3	0	26	0.388059701493
0.155290708048	0.0277777777778	41	479	3	0	26	0.388059701493
0.155296907515	0.0277777777778	41	480	3	0	26	0.388059701493
0.156047542615	0.0277777777778	41	481	3	0	26	0.388059701493
0.156818191667	0.0277777777778	41	482	3	0	26	0.388059701493
0.15690896393	0.0277777777778	41	483	3	0	26	0.388059701493
0.156923963279	0.0277777777778	41	484	3	0	26	0.388059701493
0.156927844234	0.0277777777778	41	485	3	0	26	0.388059701493
0.156960518369	0.0277777777778	41	486	3	0	26	0.388059701493
0.157668209458	0.0277777777778	41	487	3	0	26	0.388059701493
0.157820063503	0.0277777777778	41	488	3	0	26	0.388059701493
0.157851069879	0.0299145299145	42	488	3	0	26	0.382352941176
0.158351512916	0.0299145299145	42	489	3	0	26	0.382352941176
0.158526602456	0.0299145299145	42	490	3	0	26	0.382352941176
0.158578498952	0.0299145299145	42	491	3	0	26	0.382352941176
0.158695235257	0.0299145299145	42	492	3	0	26	0.382352941176
0.158704557829	0.0320512820513	43	492	3	0	26	0.376811594203
0.158755032518	0.0320512820513	43	493	3	0	26	0.376811594203
0.15931383522	0.0320512820513	43	494	3	0	26	0.376811594203
0.159412374055	0.0320512820513	43	495	3	0	26	0.376811594203
0.159622921462	0.0320512820513	43	496	3	0	26	0.376811594203
0.159649011843	0.0320512820513	43	497	3	0	26	0.376811594203
0.160032168989	0.0320512820513	43	498	3	0	26	0.376811594203
0.160181840169	0.0320512820513	43	499	3	0	26	0.376811594203
0.160500462213	0.0320512820513	43	500	3	0	26	0.376811594203
0.161334638626	0.0320512820513	43	501	3	0	26	0.376811594203
0.161422522414	0.0320512820513	43	502	3	0	26	0.376811594203
0.161437037304	0.0320512820513	43	503	3	0	26	0.376811594203
0.161619208731	0.0320512820513	43	504	3	0	26	0.376811594203
0.161648768386	0.0320512820513	43	505	3	0	26	0.376811594203
0.161686807133	0.0320512820513	43	506	3	0	26	0.376811594203
0.161690391062	0.0299145299145	43	507	3	0	27	0.385714285714
0.162082553428	0.0299145299145	43	508	3	0	27	0.385714285714
0.162559592217	0.0277777777778	43	509	3	0	28	0.394366197183
0.162939776426	0.0277777777778	43	510	3	0	28	0.394366197183
0.163005076294	0.0277777777778	43	511	3	0	28	0.394366197183
0.163518425637	0.0277777777778	43	512	3	0	28	0.394366197183
0.16397185357	0.0277777777778	43	513	3	0	28	0.394366197183
0.164156270925	0.0277777777778	43	514	3	0	28	0.394366197183
0.164256154154	0.0277777777778	43	515	3	0	28	0.394366197183
0.164611169453	0.0277777777778	43	516	3	0	28	0.394366197183
0.164946514562	0.0277777777778	43	517	3	0	28	0.394366197183
0.165298484784	0.0277777777778	43	518	3	0	28	0.394366197183
0.165334091425	0.0277777777778	43	519	3	0	28	0.394366197183
0.165546769037	0.0277777777778	43	520	3	0	28	0.394366197183
0.165604562193	0.0277777777778	43	521	3	0	28	0.394366197183
0.16610256072	0.0277777777778	43	522	3	0	28	0.394366197183
0.166454499534	0.0277777777778	43	523	3	0	28	0.394366197183
0.166574316028	0.0299145299145	44	523	3	0	28	0.388888888889
0.166592041808	0.0277777777778	44	524	3	0	29	0.397260273973
0.166890915625	0.0277777777778	44	525	3	0	29	0.397260273973
0.167188743188	0.0277777777778	44	526	3	0	29	0.397260273973
0.167340528117	0.0277777777778	44	527	3	0	29	0.397260273973
0.16743059853	0.0277777777778	44	528	3	0	29	0.397260273973
0.16748035542	0.0277777777778	44	529	3	0	29	0.397260273973
0.167659693618	0.0277777777778	44	530	3	0	29	0.397260273973
0.167914673135	0.0277777777778	44	531	3	0	29	0.397260273973
0.168970387207	0.0277777777778	44	532	3	0	29	0.397260273973
0.169014577834	0.0277777777778	44	533	3	0	29	0.397260273973
0.169334351788	0.0277777777778	44	534	3	0	29	0.397260273973
0.170250041971	0.0299145299145	45	534	3	0	29	0.391891891892
0.170260229679	0.0299145299145	45	535	3	0	29	0.391891891892
0.170652751305	0.0299145299145	45	536	3	0	29	0.391891891892
0.170791171917	0.0299145299145	45	537	3	0	29	0.391891891892
0.170935418127	0.0299145299145	45	538	3	0	29	0.391891891892
0.171561427862	0.0299145299145	45	539	3	0	29	0.391891891892
