# time 	 divergence 	 # of mutations 	 # IGC chances 	 IGC length 	 # IGC failures 	 Changes due to IGC  	 % change due to IGC 
0.0	0.0	0	0	0	0	0	0.0
0.000586200642286	0.00213675213675	1	0	0	0	0	0.0
0.000646706289905	0.0042735042735	2	0	0	0	0	0.0
0.00140359436232	0.00641025641026	3	0	0	0	0	0.0
0.0059159889102	0.00854700854701	4	0	0	0	0	0.0
0.00642055971456	0.0106837606838	5	0	0	0	0	0.0
0.00819159192113	0.0128205128205	6	0	0	0	0	0.0
0.0103321561207	0.0149572649573	7	0	0	0	0	0.0
0.0170818854544	0.017094017094	8	0	0	0	0	0.0
0.0202529561023	0.0192307692308	9	0	0	0	0	0.0
0.0203106996503	0.0213675213675	10	0	0	0	0	0.0
0.0204664424141	0.0235042735043	11	0	0	0	0	0.0
0.0207175606839	0.025641025641	12	0	0	0	0	0.0
0.0298555272437	0.0277777777778	13	0	0	0	0	0.0
0.0348536577095	0.0299145299145	14	0	0	0	0	0.0
0.0393050370495	0.0320512820513	15	0	0	0	0	0.0
0.0400461907961	0.034188034188	16	0	0	0	0	0.0
0.0456151145946	0.0363247863248	17	0	0	0	0	0.0
0.0457626952649	0.0384615384615	18	0	0	0	0	0.0
0.0458617358223	0.0405982905983	19	0	0	0	0	0.0
0.0501737296677	0.042735042735	20	0	0	0	0	0.0
0.0596736237907	0.0448717948718	21	0	0	0	0	0.0
0.061319031499	0.0470085470085	22	0	0	0	0	0.0
0.0642406296195	0.0491452991453	23	0	0	0	0	0.0
0.0653488785613	0.0512820512821	24	0	0	0	0	0.0
0.0658954370248	0.0534188034188	25	0	0	0	0	0.0
0.0721839404428	0.0555555555556	26	0	0	0	0	0.0
0.07266360016	0.0576923076923	27	0	0	0	0	0.0
0.073031686664	0.0598290598291	28	0	0	0	0	0.0
0.0810597299297	0.0619658119658	29	0	0	0	0	0.0
0.0826418586378	0.0641025641026	30	0	0	0	0	0.0
0.0855737331998	0.0662393162393	31	0	0	0	0	0.0
0.0857305508557	0.0683760683761	32	0	0	0	0	0.0
0.0863380514837	0.0705128205128	33	0	0	0	0	0.0
0.0904790251264	0.0683760683761	34	0	0	0	0	0.0
0.0925125622455	0.0705128205128	35	0	0	0	0	0.0
0.0931323564721	0.0726495726496	36	0	0	0	0	0.0
0.0972763113058	0.0747863247863	37	0	0	0	0	0.0
0.0998340322088	0.0769230769231	38	0	0	0	0	0.0
0.105278021752	0.0790598290598	39	0	0	0	0	0.0
0.105852092954	0.0811965811966	40	0	0	0	0	0.0
0.107774426748	0.0833333333333	41	0	0	0	0	0.0
0.109731048976	0.0854700854701	42	0	0	0	0	0.0
0.112196512021	0.0876068376068	43	0	0	0	0	0.0
0.112358672584	0.0897435897436	44	0	0	0	0	0.0
0.116636542041	0.0918803418803	45	0	0	0	0	0.0
0.128147381427	0.0940170940171	46	0	0	0	0	0.0
0.131948902535	0.0961538461538	47	0	0	0	0	0.0
0.133142523596	0.0982905982906	48	0	0	0	0	0.0
0.134245752366	0.100427350427	49	0	0	0	0	0.0
0.136295024678	0.102564102564	50	0	0	0	0	0.0
0.146744684617	0.102564102564	51	0	0	0	0	0.0
0.147963437186	0.104700854701	52	0	0	0	0	0.0
0.158240967254	0.106837606838	53	0	0	0	0	0.0
0.164468837154	0.108974358974	54	0	0	0	0	0.0
0.172329002172	0.111111111111	55	0	0	0	0	0.0
0.175227060309	0.113247863248	56	0	0	0	0	0.0
0.177887228088	0.115384615385	57	0	0	0	0	0.0
0.180390719651	0.117521367521	58	0	0	0	0	0.0
0.182345633702	0.119658119658	59	0	0	0	0	0.0
0.183187742563	0.117521367521	60	0	0	0	0	0.0
0.187696685239	0.119658119658	61	0	0	0	0	0.0
0.194719286138	0.121794871795	62	0	0	0	0	0.0
0.21500523745	0.119658119658	63	0	0	0	0	0.0
0.215741519127	0.121794871795	64	0	0	0	0	0.0
0.217759593173	0.123931623932	65	0	0	0	0	0.0
0.219894913224	0.121794871795	66	0	0	0	0	0.0
0.220375981975	0.121794871795	67	0	0	0	0	0.0
0.222981208541	0.123931623932	68	0	0	0	0	0.0
0.223834848262	0.126068376068	69	0	0	0	0	0.0
0.226797256525	0.126068376068	70	0	0	0	0	0.0
0.23723417688	0.128205128205	71	0	0	0	0	0.0
0.242428986055	0.130341880342	72	0	0	0	0	0.0
0.244964931124	0.132478632479	73	0	0	0	0	0.0
0.245072134366	0.134615384615	74	0	0	0	0	0.0
0.245583125226	0.136752136752	75	0	0	0	0	0.0
0.249801330731	0.138888888889	76	0	0	0	0	0.0
0.251418512199	0.141025641026	77	0	0	0	0	0.0
0.252511227914	0.138888888889	78	0	0	0	0	0.0
0.258148075386	0.141025641026	79	0	0	0	0	0.0
0.258204676922	0.143162393162	80	0	0	0	0	0.0
0.258403218405	0.145299145299	81	0	0	0	0	0.0
0.261573661961	0.147435897436	82	0	0	0	0	0.0
0.271406433595	0.145299145299	83	0	0	0	0	0.0
0.274769631654	0.147435897436	84	0	0	0	0	0.0
0.277415775624	0.149572649573	85	0	0	0	0	0.0
0.287186359925	0.151709401709	86	0	0	0	0	0.0
0.295079187459	0.153846153846	87	0	0	0	0	0.0
0.296425427187	0.155982905983	88	0	0	0	0	0.0
0.299783108762	0.15811965812	89	0	0	0	0	0.0
0.300562252659	0.160256410256	90	0	0	0	0	0.0
0.300833378304	0.162393162393	91	0	0	0	0	0.0
0.303698213116	0.16452991453	92	0	0	0	0	0.0
0.303743049911	0.166666666667	93	0	0	0	0	0.0
0.305877151908	0.168803418803	94	0	0	0	0	0.0
0.306527826825	0.17094017094	95	0	0	0	0	0.0
0.308424668676	0.17094017094	96	0	0	0	0	0.0
0.30908343811	0.173076923077	97	0	0	0	0	0.0
0.310557167372	0.173076923077	98	0	0	0	0	0.0
0.312639639649	0.175213675214	99	0	0	0	0	0.0
0.312825220191	0.17735042735	100	0	0	0	0	0.0
0.321264135007	0.179487179487	101	0	0	0	0	0.0
0.323109060673	0.181623931624	102	0	0	0	0	0.0
0.323838253232	0.183760683761	103	0	0	0	0	0.0
0.324988621554	0.185897435897	104	0	0	0	0	0.0
0.32907529746	0.188034188034	105	0	0	0	0	0.0
0.334297793265	0.190170940171	106	0	0	0	0	0.0
0.335441113501	0.192307692308	107	0	0	0	0	0.0
