# time 	 divergence 	 # of mutations 	 # IGC chances 	 IGC length 	 # IGC failures 	 Changes due to IGC  	 % change due to IGC 
0.0	0.0790598290598	0	0	0	0	0	0.0
0.000217389840711	0.0811965811966	1	0	0	0	0	0.0
0.000240208717793	0.0811965811966	1	1	3	0	0	0.0
0.000325997224912	0.0811965811966	1	2	3	0	0	0.0
0.00182494566254	0.0811965811966	1	3	3	0	0	0.0
0.00184792489872	0.0811965811966	1	4	3	0	0	0.0
0.00213787188428	0.0790598290598	1	5	3	0	1	0.5
0.00344395103417	0.0811965811966	2	5	3	0	1	0.333333333333
0.00385537438247	0.0833333333333	3	5	3	0	1	0.25
0.00437912634651	0.0833333333333	3	6	3	0	1	0.25
0.00496002841613	0.0811965811966	3	7	3	0	2	0.4
0.0063782138234	0.0833333333333	4	7	3	0	2	0.333333333333
0.00943820727935	0.0833333333333	4	8	3	0	2	0.333333333333
0.0096307232054	0.0854700854701	5	8	3	0	2	0.285714285714
0.00979839453007	0.0876068376068	6	8	3	0	2	0.25
0.0103152996023	0.0854700854701	6	9	3	0	3	0.333333333333
0.0121411360866	0.0811965811966	6	10	3	0	5	0.454545454545
0.0124279007212	0.0811965811966	6	11	3	0	5	0.454545454545
0.0138842039299	0.0790598290598	6	12	3	0	6	0.5
0.0142035561586	0.0790598290598	6	13	3	0	6	0.5
0.014578947005	0.0769230769231	6	14	3	0	7	0.538461538462
0.0147254693567	0.0769230769231	6	15	3	0	7	0.538461538462
0.0149366215644	0.0790598290598	7	15	3	0	7	0.5
0.0149498698581	0.0769230769231	7	16	3	0	8	0.533333333333
0.0153746889971	0.0769230769231	7	17	3	0	8	0.533333333333
0.0160268110773	0.0726495726496	7	18	3	0	10	0.588235294118
0.0171357121435	0.0726495726496	7	19	3	0	10	0.588235294118
0.0179206540595	0.0747863247863	8	19	3	0	10	0.555555555556
0.0181196857884	0.0747863247863	8	20	3	0	10	0.555555555556
0.018739626848	0.0747863247863	8	21	3	0	10	0.555555555556
0.0191657177991	0.0747863247863	8	22	3	0	10	0.555555555556
0.0193083454665	0.0747863247863	8	23	3	0	10	0.555555555556
0.0193948982983	0.0769230769231	9	23	3	0	10	0.526315789474
0.0205926517426	0.0769230769231	9	24	3	0	10	0.526315789474
0.0206380907479	0.0790598290598	10	24	3	0	10	0.5
0.0217661706282	0.0811965811966	11	24	3	0	10	0.47619047619
0.0219531337054	0.0833333333333	12	24	3	0	10	0.454545454545
0.0223221158806	0.0833333333333	12	25	3	0	10	0.454545454545
0.0226411705223	0.0854700854701	13	25	3	0	10	0.434782608696
0.0230285668734	0.0833333333333	13	26	3	0	11	0.458333333333
0.0233342480724	0.0833333333333	13	27	3	0	11	0.458333333333
0.0234816172826	0.0811965811966	13	28	3	0	12	0.48
0.0239086050386	0.0811965811966	13	29	3	0	12	0.48
0.0240274131258	0.0811965811966	13	30	3	0	12	0.48
0.0253083228728	0.0811965811966	13	31	3	0	12	0.48
0.0263975121024	0.0790598290598	13	32	3	0	13	0.5
0.026526766708	0.0769230769231	13	33	3	0	14	0.518518518519
0.027298581376	0.0769230769231	13	34	3	0	14	0.518518518519
0.0273825871937	0.0769230769231	13	35	3	0	14	0.518518518519
0.0278399928085	0.0769230769231	13	36	3	0	14	0.518518518519
0.0284340585728	0.0769230769231	13	37	3	0	14	0.518518518519
0.0288207185785	0.0769230769231	13	38	3	0	14	0.518518518519
0.0289818659305	0.0769230769231	13	39	3	0	14	0.518518518519
0.0298417006341	0.0769230769231	13	40	3	0	14	0.518518518519
0.0302799957072	0.0769230769231	13	41	3	0	14	0.518518518519
0.0304834080092	0.0769230769231	13	42	3	0	14	0.518518518519
0.0308915353732	0.0769230769231	13	43	3	0	14	0.518518518519
0.0319815808047	0.0769230769231	13	44	3	0	14	0.518518518519
0.0323825455346	0.0790598290598	14	44	3	0	14	0.5
0.0331097911791	0.0790598290598	14	45	3	0	14	0.5
0.0338601894703	0.0790598290598	14	46	3	0	14	0.5
0.0342749496128	0.0790598290598	14	47	3	0	14	0.5
0.0349049805584	0.0790598290598	14	48	3	0	14	0.5
0.0349316462297	0.0769230769231	14	49	3	0	15	0.51724137931
0.0352047108008	0.0769230769231	14	50	3	0	15	0.51724137931
0.0356000659727	0.0769230769231	14	51	3	0	15	0.51724137931
0.0384110392984	0.0790598290598	15	51	3	0	15	0.5
