# time 	 divergence 	 # of mutations 	 # IGC chances 	 IGC length 	 # IGC failures 	 Changes due to IGC  	 % change due to IGC 
0.0	0.422580645161	0	0	0	0	0	0.0
0.001119757801	0.423655913978	1	0	0	0	0	0.0
0.00338629701951	0.423655913978	2	0	0	0	0	0.0
0.00398551946463	0.424731182796	3	0	0	0	0	0.0
0.00460392686283	0.423655913978	4	0	0	0	0	0.0
0.0048960449666	0.424731182796	5	0	0	0	0	0.0
0.00495453538302	0.425806451613	6	0	0	0	0	0.0
0.00563318509739	0.425806451613	7	0	0	0	0	0.0
0.00877272509493	0.424731182796	8	0	0	0	0	0.0
0.00952736904205	0.425806451613	9	0	0	0	0	0.0
0.0100590058647	0.42688172043	10	0	0	0	0	0.0
0.0107174429538	0.427956989247	11	0	0	0	0	0.0
0.0114787722495	0.429032258065	12	0	0	0	0	0.0
0.0139778901927	0.427956989247	13	0	0	0	0	0.0
0.019652049676	0.427956989247	14	0	0	0	0	0.0
0.0208292719872	0.429032258065	15	0	0	0	0	0.0
0.0234043872236	0.430107526882	16	0	0	0	0	0.0
0.0235092446513	0.431182795699	17	0	0	0	0	0.0
0.0262959984963	0.432258064516	18	0	0	0	0	0.0
0.0292674216125	0.432258064516	19	0	0	0	0	0.0
0.0337547265341	0.433333333333	20	0	0	0	0	0.0
0.0363614913703	0.433333333333	21	0	0	0	0	0.0
0.0384139274355	0.434408602151	22	0	0	0	0	0.0
0.0398106348261	0.435483870968	23	0	0	0	0	0.0
0.0443325480263	0.436559139785	24	0	0	0	0	0.0
0.0484980393729	0.437634408602	25	0	0	0	0	0.0
0.0492444011585	0.436559139785	26	0	0	0	0	0.0
0.04986751862	0.436559139785	27	0	0	0	0	0.0
0.0513703476641	0.435483870968	28	0	0	0	0	0.0
0.0538446301766	0.434408602151	29	0	0	0	0	0.0
0.0552613888041	0.433333333333	30	0	0	0	0	0.0
0.0560944953952	0.433333333333	31	0	0	0	0	0.0
0.0573829311583	0.433333333333	32	0	0	0	0	0.0
