# time 	 divergence 	 # of mutations 	 # IGC chances 	 IGC length 	 # IGC failures 	 Changes due to IGC  	 % change due to IGC 
0.0	0.134969325153	0	0	0	0	0	0.0
0.000220458600374	0.134969325153	0	1	3	0	0	0.0
0.00157263208213	0.132924335378	0	2	3	0	1	1.0
0.00248365407856	0.130879345603	1	2	3	0	1	0.5
0.00359662832521	0.130879345603	1	3	3	0	1	0.5
0.00497355824314	0.132924335378	2	3	3	0	1	0.333333333333
0.00714426379614	0.134969325153	3	3	3	0	1	0.25
0.00957432865583	0.137014314928	4	3	3	0	1	0.2
0.0113462572536	0.137014314928	4	4	3	0	1	0.2
0.0145549684702	0.139059304703	5	4	3	0	1	0.166666666667
0.0164382718321	0.137014314928	5	5	3	0	2	0.285714285714
0.017393170302	0.137014314928	5	6	3	0	2	0.285714285714
0.0181605531654	0.139059304703	6	6	3	0	2	0.25
0.0223385262939	0.141104294479	7	6	3	0	2	0.222222222222
0.0248695482533	0.141104294479	8	6	3	0	2	0.2
0.0253295062087	0.141104294479	8	7	3	0	2	0.2
0.0272016632027	0.143149284254	9	7	3	0	2	0.181818181818
0.029341052401	0.141104294479	10	7	3	0	2	0.166666666667
0.0364794059656	0.143149284254	11	7	3	0	2	0.153846153846
0.0392457872197	0.145194274029	12	7	3	0	2	0.142857142857
0.0413161543781	0.145194274029	12	8	3	0	2	0.142857142857
0.046287721373	0.145194274029	12	9	3	0	2	0.142857142857
0.04745481547	0.143149284254	12	10	3	0	3	0.2
0.0479531554119	0.145194274029	13	10	3	0	3	0.1875
0.0484260176762	0.145194274029	13	11	3	0	3	0.1875
0.0516092493022	0.147239263804	14	11	3	0	3	0.176470588235
0.0528503360148	0.149284253579	15	11	3	0	3	0.166666666667
0.0537440213897	0.147239263804	16	11	3	0	3	0.157894736842
0.0574936612292	0.147239263804	16	12	3	0	3	0.157894736842
0.0589234737496	0.149284253579	17	12	3	0	3	0.15
0.0598115251497	0.151329243354	18	12	3	0	3	0.142857142857
0.0607716436426	0.153374233129	19	12	3	0	3	0.136363636364
0.0647811908549	0.155419222904	20	12	3	0	3	0.130434782609
0.0660999515794	0.153374233129	20	13	3	0	4	0.166666666667
0.066394054531	0.155419222904	21	13	3	0	4	0.16
0.0702724862057	0.157464212679	22	13	3	0	4	0.153846153846
0.0788989948481	0.157464212679	23	13	3	0	4	0.148148148148
0.0803769875768	0.159509202454	24	13	3	0	4	0.142857142857
