# time 	 divergence 	 # of mutations 	 # IGC chances 	 IGC length 	 # IGC failures 	 Changes due to IGC  	 % change due to IGC 
0.0	0.280701754386	0	0	0	0	0	0.0
0.00111602479107	0.280701754386	1	0	0	0	0	0.0
0.00286925370555	0.281676413255	2	0	0	0	0	0.0
0.00466891981049	0.282651072125	3	0	0	0	0	0.0
0.00474452447209	0.283625730994	4	0	0	0	0	0.0
0.00505824079987	0.284600389864	5	0	0	0	0	0.0
0.00974044377035	0.283625730994	6	0	0	0	0	0.0
0.00976784004395	0.284600389864	7	0	0	0	0	0.0
0.0109447370431	0.285575048733	8	0	0	0	0	0.0
0.0136770703186	0.285575048733	9	0	0	0	0	0.0
0.0156300913362	0.285575048733	10	0	0	0	0	0.0
0.01637526088	0.286549707602	11	0	0	0	0	0.0
0.0213588544567	0.287524366472	12	0	0	0	0	0.0
0.0217120066072	0.288499025341	13	0	0	0	0	0.0
0.0261918915504	0.288499025341	14	0	0	0	0	0.0
0.0269636736315	0.287524366472	15	0	0	0	0	0.0
0.026971555862	0.288499025341	16	0	0	0	0	0.0
0.0270720101288	0.289473684211	17	0	0	0	0	0.0
0.0276673111742	0.288499025341	18	0	0	0	0	0.0
0.0277052420037	0.289473684211	19	0	0	0	0	0.0
0.0290404580645	0.29044834308	20	0	0	0	0	0.0
0.0328402712695	0.291423001949	21	0	0	0	0	0.0
0.033189098201	0.292397660819	22	0	0	0	0	0.0
0.0332092929246	0.292397660819	23	0	0	0	0	0.0
0.0348928564855	0.293372319688	24	0	0	0	0	0.0
0.0350731246485	0.293372319688	25	0	0	0	0	0.0
0.0391123893443	0.294346978558	26	0	0	0	0	0.0
0.0398297601457	0.293372319688	27	0	0	0	0	0.0
0.0434727212675	0.293372319688	28	0	0	0	0	0.0
0.0441586732667	0.294346978558	29	0	0	0	0	0.0
0.0460866328822	0.294346978558	30	0	0	0	0	0.0
0.0461781891762	0.294346978558	31	0	0	0	0	0.0
0.0489467809033	0.295321637427	32	0	0	0	0	0.0
0.0501627933827	0.294346978558	33	0	0	0	0	0.0
0.051763972766	0.295321637427	34	0	0	0	0	0.0
0.0534469559423	0.295321637427	35	0	0	0	0	0.0
0.0562868633265	0.296296296296	36	0	0	0	0	0.0
0.0569214940123	0.296296296296	37	0	0	0	0	0.0
0.0574285849906	0.297270955166	38	0	0	0	0	0.0
0.0581561653771	0.298245614035	39	0	0	0	0	0.0
0.0582831554516	0.299220272904	40	0	0	0	0	0.0
0.0582917889215	0.300194931774	41	0	0	0	0	0.0
0.0589112097644	0.301169590643	42	0	0	0	0	0.0
0.0592050229461	0.301169590643	43	0	0	0	0	0.0
0.0611449260512	0.302144249513	44	0	0	0	0	0.0
0.0620457056101	0.301169590643	45	0	0	0	0	0.0
0.0646959049029	0.302144249513	46	0	0	0	0	0.0
0.0656367704112	0.303118908382	47	0	0	0	0	0.0
0.0657729600635	0.304093567251	48	0	0	0	0	0.0
0.0667157911751	0.304093567251	49	0	0	0	0	0.0
0.0691619658444	0.305068226121	50	0	0	0	0	0.0
0.0709534986867	0.30604288499	51	0	0	0	0	0.0
0.0719222458871	0.30604288499	52	0	0	0	0	0.0
0.0719365291041	0.30701754386	53	0	0	0	0	0.0
0.0719906549824	0.307992202729	54	0	0	0	0	0.0
0.0732894152375	0.308966861598	55	0	0	0	0	0.0
0.074230995558	0.309941520468	56	0	0	0	0	0.0
0.0765466537252	0.310916179337	57	0	0	0	0	0.0
0.0802026686398	0.311890838207	58	0	0	0	0	0.0
0.0804764785213	0.311890838207	59	0	0	0	0	0.0
0.0811061551959	0.312865497076	60	0	0	0	0	0.0
0.0817009777129	0.313840155945	61	0	0	0	0	0.0
0.0839097655363	0.314814814815	62	0	0	0	0	0.0
0.0844743518898	0.315789473684	63	0	0	0	0	0.0
0.0858121364137	0.316764132554	64	0	0	0	0	0.0
0.0894091074532	0.317738791423	65	0	0	0	0	0.0
0.0924719189245	0.318713450292	66	0	0	0	0	0.0
0.0929117508656	0.319688109162	67	0	0	0	0	0.0
0.0929749515031	0.318713450292	68	0	0	0	0	0.0
0.0942140950615	0.318713450292	69	0	0	0	0	0.0
0.0945558757361	0.319688109162	70	0	0	0	0	0.0
0.0954138196894	0.319688109162	71	0	0	0	0	0.0
0.0954205489149	0.320662768031	72	0	0	0	0	0.0
0.0961700821577	0.321637426901	73	0	0	0	0	0.0
0.0976761542145	0.32261208577	74	0	0	0	0	0.0
0.0989467928912	0.323586744639	75	0	0	0	0	0.0
0.0994355885648	0.323586744639	76	0	0	0	0	0.0
0.0997078441631	0.323586744639	77	0	0	0	0	0.0
0.101529835145	0.324561403509	78	0	0	0	0	0.0
0.104495831046	0.325536062378	79	0	0	0	0	0.0
0.109826816667	0.326510721248	80	0	0	0	0	0.0
0.111890077974	0.327485380117	81	0	0	0	0	0.0
0.112450284795	0.328460038986	82	0	0	0	0	0.0
0.115568366723	0.329434697856	83	0	0	0	0	0.0
0.116107643978	0.330409356725	84	0	0	0	0	0.0
0.11801703567	0.329434697856	85	0	0	0	0	0.0
0.119117147322	0.330409356725	86	0	0	0	0	0.0
0.121385918828	0.331384015595	87	0	0	0	0	0.0
0.121839770262	0.331384015595	88	0	0	0	0	0.0
0.122844807095	0.331384015595	89	0	0	0	0	0.0
0.123109693402	0.332358674464	90	0	0	0	0	0.0
0.124031552524	0.331384015595	91	0	0	0	0	0.0
0.124784884985	0.331384015595	92	0	0	0	0	0.0
0.125731101334	0.330409356725	93	0	0	0	0	0.0
0.125917407261	0.330409356725	94	0	0	0	0	0.0
0.126321893464	0.329434697856	95	0	0	0	0	0.0
0.132291056501	0.328460038986	96	0	0	0	0	0.0
0.134272281596	0.328460038986	97	0	0	0	0	0.0
0.135177871377	0.327485380117	98	0	0	0	0	0.0
0.135574095852	0.328460038986	99	0	0	0	0	0.0
0.136260180324	0.329434697856	100	0	0	0	0	0.0
0.136487060871	0.329434697856	101	0	0	0	0	0.0
0.136902772945	0.330409356725	102	0	0	0	0	0.0
0.138908588847	0.330409356725	103	0	0	0	0	0.0
0.140292184266	0.331384015595	104	0	0	0	0	0.0
0.140985239804	0.332358674464	105	0	0	0	0	0.0
0.142103747581	0.331384015595	106	0	0	0	0	0.0
0.142563367905	0.332358674464	107	0	0	0	0	0.0
0.142718009379	0.332358674464	108	0	0	0	0	0.0
0.143744382013	0.333333333333	109	0	0	0	0	0.0
0.143875313567	0.334307992203	110	0	0	0	0	0.0
0.144673864974	0.333333333333	111	0	0	0	0	0.0
0.144918530513	0.334307992203	112	0	0	0	0	0.0
0.145600326531	0.334307992203	113	0	0	0	0	0.0
0.148141089109	0.333333333333	114	0	0	0	0	0.0
0.149752089323	0.334307992203	115	0	0	0	0	0.0
0.150469246015	0.334307992203	116	0	0	0	0	0.0
0.15137101792	0.333333333333	117	0	0	0	0	0.0
0.151539944275	0.334307992203	118	0	0	0	0	0.0
0.15293122788	0.335282651072	119	0	0	0	0	0.0
0.154077414185	0.335282651072	120	0	0	0	0	0.0
0.154637171887	0.336257309942	121	0	0	0	0	0.0
0.156544173162	0.337231968811	122	0	0	0	0	0.0
0.158071612306	0.33820662768	123	0	0	0	0	0.0
0.159035552008	0.33820662768	124	0	0	0	0	0.0
0.161006939119	0.33918128655	125	0	0	0	0	0.0
0.161494499149	0.33918128655	126	0	0	0	0	0.0
0.161755165356	0.340155945419	127	0	0	0	0	0.0
0.162318487822	0.340155945419	128	0	0	0	0	0.0
0.163173003612	0.33918128655	129	0	0	0	0	0.0
0.16331564592	0.340155945419	130	0	0	0	0	0.0
0.16777629638	0.341130604288	131	0	0	0	0	0.0
0.168560305634	0.342105263158	132	0	0	0	0	0.0
0.16871661072	0.342105263158	133	0	0	0	0	0.0
0.169372095576	0.342105263158	134	0	0	0	0	0.0
0.170991125528	0.342105263158	135	0	0	0	0	0.0
0.171108617382	0.343079922027	136	0	0	0	0	0.0
0.175221311395	0.344054580897	137	0	0	0	0	0.0
0.175300392208	0.345029239766	138	0	0	0	0	0.0
0.176148244635	0.346003898635	139	0	0	0	0	0.0
0.178166597705	0.346978557505	140	0	0	0	0	0.0
0.180805335046	0.347953216374	141	0	0	0	0	0.0
0.182884650598	0.346978557505	142	0	0	0	0	0.0
0.183880039244	0.347953216374	143	0	0	0	0	0.0
0.186063815171	0.348927875244	144	0	0	0	0	0.0
0.18625784841	0.349902534113	145	0	0	0	0	0.0
0.186840641361	0.350877192982	146	0	0	0	0	0.0
0.187197854008	0.350877192982	147	0	0	0	0	0.0
0.18735410011	0.350877192982	148	0	0	0	0	0.0
0.189415448615	0.351851851852	149	0	0	0	0	0.0
0.190624441955	0.351851851852	150	0	0	0	0	0.0
0.192982601127	0.352826510721	151	0	0	0	0	0.0
0.198978794019	0.351851851852	152	0	0	0	0	0.0
0.203320202702	0.350877192982	153	0	0	0	0	0.0
0.206514885131	0.351851851852	154	0	0	0	0	0.0
0.208835644065	0.352826510721	155	0	0	0	0	0.0
0.209261737398	0.353801169591	156	0	0	0	0	0.0
0.209774835996	0.35477582846	157	0	0	0	0	0.0
0.209982476267	0.355750487329	158	0	0	0	0	0.0
0.214074997862	0.356725146199	159	0	0	0	0	0.0
0.214736107993	0.357699805068	160	0	0	0	0	0.0
0.215646273754	0.356725146199	161	0	0	0	0	0.0
0.216801809115	0.357699805068	162	0	0	0	0	0.0
0.219282826201	0.356725146199	163	0	0	0	0	0.0
0.221077161724	0.356725146199	164	0	0	0	0	0.0
0.226476385208	0.356725146199	165	0	0	0	0	0.0
0.228210983126	0.357699805068	166	0	0	0	0	0.0
0.230128472723	0.358674463938	167	0	0	0	0	0.0
0.231998510769	0.359649122807	168	0	0	0	0	0.0
0.233829875187	0.360623781676	169	0	0	0	0	0.0
0.234574712948	0.361598440546	170	0	0	0	0	0.0
0.236865651179	0.362573099415	171	0	0	0	0	0.0
0.236970973104	0.363547758285	172	0	0	0	0	0.0
0.23781480951	0.363547758285	173	0	0	0	0	0.0
0.241740674367	0.364522417154	174	0	0	0	0	0.0
0.242480712273	0.365497076023	175	0	0	0	0	0.0
0.244316760071	0.366471734893	176	0	0	0	0	0.0
0.244776909873	0.366471734893	177	0	0	0	0	0.0
0.24839498453	0.366471734893	178	0	0	0	0	0.0
0.248754435628	0.366471734893	179	0	0	0	0	0.0
0.249388590394	0.367446393762	180	0	0	0	0	0.0
0.250065397088	0.367446393762	181	0	0	0	0	0.0
0.254644418677	0.368421052632	182	0	0	0	0	0.0
0.257587496584	0.369395711501	183	0	0	0	0	0.0
0.259298601151	0.37037037037	184	0	0	0	0	0.0
0.259425610755	0.37134502924	185	0	0	0	0	0.0
0.262532210035	0.372319688109	186	0	0	0	0	0.0
0.263247715815	0.373294346979	187	0	0	0	0	0.0
0.265766300926	0.373294346979	188	0	0	0	0	0.0
0.266361554324	0.374269005848	189	0	0	0	0	0.0
0.266954240165	0.375243664717	190	0	0	0	0	0.0
0.269899718694	0.376218323587	191	0	0	0	0	0.0
0.275850927964	0.377192982456	192	0	0	0	0	0.0
0.276382328063	0.378167641326	193	0	0	0	0	0.0
0.276679038387	0.379142300195	194	0	0	0	0	0.0
0.27711017501	0.380116959064	195	0	0	0	0	0.0
0.277193790371	0.381091617934	196	0	0	0	0	0.0
0.278929708539	0.381091617934	197	0	0	0	0	0.0
0.280007092517	0.382066276803	198	0	0	0	0	0.0
0.28028768612	0.383040935673	199	0	0	0	0	0.0
0.282980088527	0.383040935673	200	0	0	0	0	0.0
0.283190117407	0.383040935673	201	0	0	0	0	0.0
0.28881220953	0.383040935673	202	0	0	0	0	0.0
0.289437268969	0.382066276803	203	0	0	0	0	0.0
0.289570783547	0.382066276803	204	0	0	0	0	0.0
0.289600903307	0.382066276803	205	0	0	0	0	0.0
0.290093105873	0.383040935673	206	0	0	0	0	0.0
0.292688872655	0.382066276803	207	0	0	0	0	0.0
0.293051541635	0.383040935673	208	0	0	0	0	0.0
0.295323818039	0.384015594542	209	0	0	0	0	0.0
0.295929779735	0.384015594542	210	0	0	0	0	0.0
0.296491200081	0.384990253411	211	0	0	0	0	0.0
0.302675577882	0.385964912281	212	0	0	0	0	0.0
0.302753923314	0.38693957115	213	0	0	0	0	0.0
0.30455411158	0.385964912281	214	0	0	0	0	0.0
0.30737575448	0.38693957115	215	0	0	0	0	0.0
0.307890881553	0.387914230019	216	0	0	0	0	0.0
0.308407314984	0.388888888889	217	0	0	0	0	0.0
0.312316749291	0.388888888889	218	0	0	0	0	0.0
0.3134238343	0.389863547758	219	0	0	0	0	0.0
0.314943453101	0.388888888889	220	0	0	0	0	0.0
0.319331358012	0.389863547758	221	0	0	0	0	0.0
0.321434825748	0.389863547758	222	0	0	0	0	0.0
0.324260031945	0.389863547758	223	0	0	0	0	0.0
0.32508473094	0.390838206628	224	0	0	0	0	0.0
0.325628392305	0.389863547758	225	0	0	0	0	0.0
0.327587112259	0.390838206628	226	0	0	0	0	0.0
0.328745552074	0.391812865497	227	0	0	0	0	0.0
0.329064427051	0.392787524366	228	0	0	0	0	0.0
0.331775979866	0.393762183236	229	0	0	0	0	0.0
0.333574124164	0.394736842105	230	0	0	0	0	0.0
0.334011545721	0.395711500975	231	0	0	0	0	0.0
0.334125947328	0.396686159844	232	0	0	0	0	0.0
0.335455233856	0.396686159844	233	0	0	0	0	0.0
0.336190005196	0.396686159844	234	0	0	0	0	0.0
0.336898958746	0.397660818713	235	0	0	0	0	0.0
0.337451026976	0.398635477583	236	0	0	0	0	0.0
0.339773567861	0.398635477583	237	0	0	0	0	0.0
0.339934222271	0.397660818713	238	0	0	0	0	0.0
0.340201592757	0.397660818713	239	0	0	0	0	0.0
0.343151002948	0.398635477583	240	0	0	0	0	0.0
0.346462973312	0.398635477583	241	0	0	0	0	0.0
0.347426106601	0.399610136452	242	0	0	0	0	0.0
0.347825926469	0.399610136452	243	0	0	0	0	0.0
0.348594005925	0.400584795322	244	0	0	0	0	0.0
0.348769058817	0.399610136452	245	0	0	0	0	0.0
0.349028799427	0.398635477583	246	0	0	0	0	0.0
0.349694237908	0.399610136452	247	0	0	0	0	0.0
0.349917482504	0.400584795322	248	0	0	0	0	0.0
0.350107245046	0.399610136452	249	0	0	0	0	0.0
0.350229353981	0.400584795322	250	0	0	0	0	0.0
0.350352696187	0.401559454191	251	0	0	0	0	0.0
0.351220786425	0.40253411306	252	0	0	0	0	0.0
0.352716460473	0.401559454191	253	0	0	0	0	0.0
0.358708186004	0.40253411306	254	0	0	0	0	0.0
0.359490302691	0.40350877193	255	0	0	0	0	0.0
0.359790184797	0.404483430799	256	0	0	0	0	0.0
0.361101342491	0.405458089669	257	0	0	0	0	0.0
0.361530756692	0.406432748538	258	0	0	0	0	0.0
0.364554012438	0.407407407407	259	0	0	0	0	0.0
0.366065996384	0.408382066277	260	0	0	0	0	0.0
0.366615367588	0.407407407407	261	0	0	0	0	0.0
0.367214811002	0.408382066277	262	0	0	0	0	0.0
0.368937030504	0.409356725146	263	0	0	0	0	0.0
0.369779733196	0.408382066277	264	0	0	0	0	0.0
0.371257478836	0.409356725146	265	0	0	0	0	0.0
0.376840980831	0.410331384016	266	0	0	0	0	0.0
0.376993737899	0.411306042885	267	0	0	0	0	0.0
0.379908486237	0.412280701754	268	0	0	0	0	0.0
0.382795348197	0.413255360624	269	0	0	0	0	0.0
0.38443439902	0.412280701754	270	0	0	0	0	0.0
0.385337678973	0.411306042885	271	0	0	0	0	0.0
0.386906793716	0.410331384016	272	0	0	0	0	0.0
0.389076431058	0.411306042885	273	0	0	0	0	0.0
0.393865268459	0.412280701754	274	0	0	0	0	0.0
0.394510166169	0.413255360624	275	0	0	0	0	0.0
0.394668550039	0.414230019493	276	0	0	0	0	0.0
0.396125695207	0.415204678363	277	0	0	0	0	0.0
0.396550521821	0.414230019493	278	0	0	0	0	0.0
0.39918038895	0.413255360624	279	0	0	0	0	0.0
0.402451281538	0.413255360624	280	0	0	0	0	0.0
0.403260589716	0.413255360624	281	0	0	0	0	0.0
0.404049211833	0.414230019493	282	0	0	0	0	0.0
0.404108836539	0.415204678363	283	0	0	0	0	0.0
0.40734511819	0.414230019493	284	0	0	0	0	0.0
0.411862968968	0.413255360624	285	0	0	0	0	0.0
0.414105201398	0.413255360624	286	0	0	0	0	0.0
0.414260453683	0.413255360624	287	0	0	0	0	0.0
0.414713314763	0.413255360624	288	0	0	0	0	0.0
0.416143307203	0.412280701754	289	0	0	0	0	0.0
0.418808468021	0.412280701754	290	0	0	0	0	0.0
0.421685869701	0.413255360624	291	0	0	0	0	0.0
0.422428895796	0.413255360624	292	0	0	0	0	0.0
0.430351780876	0.414230019493	293	0	0	0	0	0.0
0.430607598962	0.415204678363	294	0	0	0	0	0.0
0.432809261146	0.415204678363	295	0	0	0	0	0.0
0.434759123988	0.416179337232	296	0	0	0	0	0.0
0.435875558463	0.417153996101	297	0	0	0	0	0.0
0.437451857227	0.416179337232	298	0	0	0	0	0.0
0.437522913571	0.417153996101	299	0	0	0	0	0.0
0.438437625457	0.417153996101	300	0	0	0	0	0.0
0.440345579767	0.416179337232	301	0	0	0	0	0.0
0.440786345891	0.415204678363	302	0	0	0	0	0.0
0.442648048985	0.415204678363	303	0	0	0	0	0.0
0.444107488991	0.416179337232	304	0	0	0	0	0.0
0.444319071457	0.416179337232	305	0	0	0	0	0.0
0.446191361047	0.416179337232	306	0	0	0	0	0.0
0.447199653892	0.417153996101	307	0	0	0	0	0.0
0.449344772105	0.418128654971	308	0	0	0	0	0.0
0.451178466189	0.41910331384	309	0	0	0	0	0.0
0.451273231762	0.41910331384	310	0	0	0	0	0.0
0.452655285509	0.41910331384	311	0	0	0	0	0.0
0.453108340794	0.42007797271	312	0	0	0	0	0.0
0.455012314946	0.421052631579	313	0	0	0	0	0.0
0.455318749636	0.422027290448	314	0	0	0	0	0.0
0.45716058009	0.423001949318	315	0	0	0	0	0.0
0.458497125776	0.423976608187	316	0	0	0	0	0.0
0.460902982659	0.424951267057	317	0	0	0	0	0.0
0.461613710211	0.425925925926	318	0	0	0	0	0.0
0.465520453632	0.425925925926	319	0	0	0	0	0.0
0.466026365381	0.426900584795	320	0	0	0	0	0.0
0.467118456483	0.426900584795	321	0	0	0	0	0.0
0.467138504105	0.426900584795	322	0	0	0	0	0.0
0.4686757964	0.427875243665	323	0	0	0	0	0.0
0.468729824217	0.428849902534	324	0	0	0	0	0.0
0.470711038069	0.429824561404	325	0	0	0	0	0.0
0.471757297376	0.430799220273	326	0	0	0	0	0.0
0.472144133433	0.430799220273	327	0	0	0	0	0.0
0.474263249847	0.430799220273	328	0	0	0	0	0.0
0.475272638116	0.431773879142	329	0	0	0	0	0.0
0.480380191998	0.432748538012	330	0	0	0	0	0.0
0.481277297842	0.432748538012	331	0	0	0	0	0.0
0.48202147697	0.433723196881	332	0	0	0	0	0.0
0.485963270337	0.43469785575	333	0	0	0	0	0.0
0.487814383577	0.43567251462	334	0	0	0	0	0.0
0.487877989825	0.43567251462	335	0	0	0	0	0.0
0.488566944788	0.43567251462	336	0	0	0	0	0.0
0.493144361619	0.436647173489	337	0	0	0	0	0.0
0.494565296379	0.43567251462	338	0	0	0	0	0.0
0.496135730383	0.43567251462	339	0	0	0	0	0.0
0.496848918787	0.43469785575	340	0	0	0	0	0.0
0.497285802388	0.433723196881	341	0	0	0	0	0.0
0.497311815863	0.43469785575	342	0	0	0	0	0.0
0.498373596008	0.43567251462	343	0	0	0	0	0.0
0.500720168852	0.43567251462	344	0	0	0	0	0.0
0.502455226491	0.43567251462	345	0	0	0	0	0.0
0.503366371885	0.35477582846	345	1	225	0	83	0.193925233645
0.504999525379	0.355750487329	346	1	225	0	83	0.193473193473
0.50887662107	0.355750487329	347	1	225	0	83	0.193023255814
0.510903459883	0.355750487329	348	1	225	0	83	0.192575406032
0.511477789763	0.355750487329	349	1	225	0	83	0.19212962963
0.512455019027	0.356725146199	350	1	225	0	83	0.19168591224
0.516733607387	0.356725146199	351	1	225	0	83	0.191244239631
0.519971501011	0.355750487329	352	1	225	0	83	0.190804597701
0.520626725096	0.356725146199	353	1	225	0	83	0.190366972477
0.520663338752	0.357699805068	354	1	225	0	83	0.189931350114
0.522413036164	0.358674463938	355	1	225	0	83	0.189497716895
0.522801353329	0.359649122807	356	1	225	0	83	0.189066059226
0.526855947083	0.360623781676	357	1	225	0	83	0.188636363636
0.527463212873	0.359649122807	358	1	225	0	83	0.18820861678
0.527473000877	0.358674463938	359	1	225	0	83	0.18778280543
