# time 	 divergence 	 # of mutations 	 # IGC chances 	 IGC length 	 # IGC failures 	 Changes due to IGC  	 % change due to IGC 
0.0	0.126789366053	0	0	0	0	0	0.0
0.000667831129292	0.128834355828	1	0	0	0	0	0.0
0.00516951276161	0.130879345603	2	0	0	0	0	0.0
0.00826233378461	0.132924335378	3	0	0	0	0	0.0
0.00881144659265	0.130879345603	4	0	0	0	0	0.0
0.0119129410236	0.132924335378	5	0	0	0	0	0.0
0.0139083130109	0.134969325153	6	0	0	0	0	0.0
0.0187361314579	0.137014314928	7	0	0	0	0	0.0
0.0187460193173	0.137014314928	7	1	3	0	0	0.0
0.0212708473473	0.137014314928	8	1	3	0	0	0.0
0.0234486025199	0.139059304703	9	1	3	0	0	0.0
0.0235300745545	0.141104294479	10	1	3	0	0	0.0
0.0238779224177	0.143149284254	11	1	3	0	0	0.0
0.0239479435964	0.145194274029	12	1	3	0	0	0.0
0.0247931670756	0.147239263804	13	1	3	0	0	0.0
0.0269665914839	0.143149284254	13	2	3	0	2	0.133333333333
0.0364709774977	0.145194274029	14	2	3	0	2	0.125
0.0366528567134	0.147239263804	15	2	3	0	2	0.117647058824
0.0417077079059	0.149284253579	16	2	3	0	2	0.111111111111
0.0421582605531	0.151329243354	17	2	3	0	2	0.105263157895
0.0436827186179	0.153374233129	18	2	3	0	2	0.1
0.0454992145634	0.155419222904	19	2	3	0	2	0.0952380952381
0.0518419480423	0.153374233129	20	2	3	0	2	0.0909090909091
0.0535824548896	0.151329243354	20	3	3	0	3	0.130434782609
0.057721784883	0.149284253579	21	3	3	0	3	0.125
0.0609256605775	0.151329243354	22	3	3	0	3	0.12
0.0631509773175	0.153374233129	23	3	3	0	3	0.115384615385
0.0632084843218	0.151329243354	23	4	3	0	4	0.148148148148
0.06774943219	0.149284253579	23	5	3	0	5	0.178571428571
0.0697177833516	0.151329243354	24	5	3	0	5	0.172413793103
0.0718846940494	0.153374233129	25	5	3	0	5	0.166666666667
0.0722393937003	0.151329243354	25	6	3	0	6	0.193548387097
0.0806747741388	0.151329243354	25	7	3	0	6	0.193548387097
0.0808864448237	0.153374233129	26	7	3	0	6	0.1875
0.0825781244973	0.153374233129	26	8	3	0	6	0.1875
0.0832989992561	0.155419222904	27	8	3	0	6	0.181818181818
0.0836929020413	0.155419222904	27	9	3	0	6	0.181818181818
0.0855666734671	0.157464212679	28	9	3	0	6	0.176470588235
0.0880877025837	0.157464212679	29	9	3	0	6	0.171428571429
0.0886228865254	0.157464212679	29	10	3	0	6	0.171428571429
0.091450847245	0.159509202454	30	10	3	0	6	0.166666666667
0.092347767406	0.161554192229	31	10	3	0	6	0.162162162162
0.0991014196326	0.163599182004	32	10	3	0	6	0.157894736842
0.100897135348	0.161554192229	33	10	3	0	6	0.153846153846
0.101434428249	0.163599182004	34	10	3	0	6	0.15
0.103831745073	0.159509202454	34	11	3	0	8	0.190476190476
0.103934303038	0.161554192229	35	11	3	0	8	0.186046511628
0.107126712441	0.163599182004	36	11	3	0	8	0.181818181818
0.107649089014	0.159509202454	36	12	3	0	10	0.217391304348
0.108160781197	0.161554192229	37	12	3	0	10	0.212765957447
0.10852105179	0.163599182004	38	12	3	0	10	0.208333333333
0.109453642141	0.163599182004	39	12	3	0	10	0.204081632653
0.115055253855	0.161554192229	40	12	3	0	10	0.2
0.118374107734	0.161554192229	40	13	3	0	10	0.2
0.127591293514	0.159509202454	41	13	3	0	10	0.196078431373
0.131562225317	0.157464212679	42	13	3	0	10	0.192307692308
0.135319675202	0.159509202454	43	13	3	0	10	0.188679245283
0.135511267436	0.161554192229	44	13	3	0	10	0.185185185185
0.143215403865	0.163599182004	45	13	3	0	10	0.181818181818
0.14371154176	0.165644171779	46	13	3	0	10	0.178571428571
0.143816762458	0.167689161554	47	13	3	0	10	0.175438596491
0.144108010302	0.167689161554	47	14	3	0	10	0.175438596491
0.145010856128	0.165644171779	47	15	3	0	11	0.189655172414
0.146893610064	0.167689161554	48	15	3	0	11	0.186440677966
0.147292894704	0.167689161554	48	16	3	0	11	0.186440677966
0.151841296818	0.169734151329	49	16	3	0	11	0.183333333333
0.154926010862	0.171779141104	50	16	3	0	11	0.180327868852
0.159438211882	0.173824130879	51	16	3	0	11	0.177419354839
0.160561317355	0.175869120654	52	16	3	0	11	0.174603174603
0.165704077701	0.173824130879	53	16	3	0	11	0.171875
0.167235441471	0.175869120654	54	16	3	0	11	0.169230769231
0.167421655815	0.177914110429	55	16	3	0	11	0.166666666667
0.168651098518	0.177914110429	55	17	3	0	11	0.166666666667
0.170222359977	0.177914110429	55	18	3	0	11	0.166666666667
0.171673073268	0.179959100204	56	18	3	0	11	0.164179104478
0.173748467509	0.18200408998	57	18	3	0	11	0.161764705882
0.175069045286	0.184049079755	58	18	3	0	11	0.159420289855
0.175750473598	0.184049079755	58	19	3	0	11	0.159420289855
0.177407117744	0.179959100204	58	20	3	0	13	0.183098591549
0.177577238077	0.177914110429	58	21	3	0	14	0.194444444444
0.182198042144	0.179959100204	59	21	3	0	14	0.191780821918
0.185285465247	0.177914110429	60	21	3	0	14	0.189189189189
0.1856090171	0.179959100204	61	21	3	0	14	0.186666666667
0.18613852398	0.18200408998	62	21	3	0	14	0.184210526316
0.187440569713	0.179959100204	63	21	3	0	14	0.181818181818
0.189186886792	0.18200408998	64	21	3	0	14	0.179487179487
0.189316431801	0.184049079755	65	21	3	0	14	0.177215189873
0.19029310979	0.18609406953	66	21	3	0	14	0.175
0.191443425675	0.188139059305	67	21	3	0	14	0.172839506173
0.191789507263	0.188139059305	67	22	3	0	14	0.172839506173
0.195604122154	0.18609406953	67	23	3	0	15	0.182926829268
0.197387565783	0.188139059305	68	23	3	0	15	0.180722891566
0.197937655383	0.19018404908	69	23	3	0	15	0.178571428571
0.20018258688	0.192229038855	70	23	3	0	15	0.176470588235
0.201731140105	0.19018404908	70	24	3	0	16	0.186046511628
0.202573367273	0.188139059305	71	24	3	0	16	0.183908045977
0.203890570126	0.188139059305	71	25	3	0	16	0.183908045977
0.206196958587	0.19018404908	72	25	3	0	16	0.181818181818
