# time 	 divergence 	 # of mutations 	 # IGC chances 	 IGC length 	 # IGC failures 	 Changes due to IGC  	 % change due to IGC 
0.0	0.35477582846	0	0	0	0	0	0.0
0.00161084167006	0.353801169591	1	0	0	0	0	0.0
0.00241274435952	0.35477582846	2	0	0	0	0	0.0
0.00342485004557	0.355750487329	3	0	0	0	0	0.0
0.00405205487288	0.355750487329	4	0	0	0	0	0.0
0.00763560729991	0.35477582846	5	0	0	0	0	0.0
0.00776751203243	0.355750487329	6	0	0	0	0	0.0
0.00969820491959	0.356725146199	7	0	0	0	0	0.0
0.0101786581933	0.357699805068	8	0	0	0	0	0.0
0.0117671210013	0.358674463938	9	0	0	0	0	0.0
0.0143715612095	0.359649122807	10	0	0	0	0	0.0
0.0170297153583	0.360623781676	11	0	0	0	0	0.0
0.0174509845445	0.359649122807	12	0	0	0	0	0.0
0.0178186346419	0.360623781676	13	0	0	0	0	0.0
0.0185612018303	0.361598440546	14	0	0	0	0	0.0
0.0186118614315	0.361598440546	15	0	0	0	0	0.0
0.0210720356486	0.361598440546	16	0	0	0	0	0.0
0.0213519128551	0.362573099415	17	0	0	0	0	0.0
0.0234800164463	0.363547758285	18	0	0	0	0	0.0
0.0245156645157	0.363547758285	19	0	0	0	0	0.0
0.0247363195113	0.363547758285	20	0	0	0	0	0.0
0.024752561523	0.362573099415	21	0	0	0	0	0.0
0.0250558629202	0.363547758285	22	0	0	0	0	0.0
0.0251661037211	0.364522417154	23	0	0	0	0	0.0
0.0251819446495	0.363547758285	24	0	0	0	0	0.0
0.0268917049168	0.364522417154	25	0	0	0	0	0.0
0.0276793654298	0.365497076023	26	0	0	0	0	0.0
0.0283185940457	0.366471734893	27	0	0	0	0	0.0
0.0289213110765	0.367446393762	28	0	0	0	0	0.0
0.0302986114339	0.368421052632	29	0	0	0	0	0.0
0.0307770035131	0.368421052632	30	0	0	0	0	0.0
0.0339345426643	0.369395711501	31	0	0	0	0	0.0
0.0349207297977	0.37037037037	32	0	0	0	0	0.0
0.0358861783355	0.37134502924	33	0	0	0	0	0.0
0.0384433856536	0.372319688109	34	0	0	0	0	0.0
0.0388618016463	0.37134502924	35	0	0	0	0	0.0
0.0451933618522	0.37037037037	36	0	0	0	0	0.0
0.0470264154798	0.37037037037	37	0	0	0	0	0.0
0.0480099270371	0.37134502924	38	0	0	0	0	0.0
0.0488741979954	0.372319688109	39	0	0	0	0	0.0
0.0489515784177	0.373294346979	40	0	0	0	0	0.0
0.0499423238082	0.374269005848	41	0	0	0	0	0.0
0.0502244562502	0.374269005848	42	0	0	0	0	0.0
0.0527223048637	0.375243664717	43	0	0	0	0	0.0
0.0539226159262	0.374269005848	44	0	0	0	0	0.0
0.0542889984227	0.375243664717	45	0	0	0	0	0.0
0.0584734087365	0.374269005848	46	0	0	0	0	0.0
0.0590565853128	0.374269005848	47	0	0	0	0	0.0
0.0607084679926	0.373294346979	48	0	0	0	0	0.0
0.0613980706728	0.374269005848	49	0	0	0	0	0.0
0.0629993396891	0.375243664717	50	0	0	0	0	0.0
0.069227266842	0.375243664717	51	0	0	0	0	0.0
0.0708168660378	0.376218323587	52	0	0	0	0	0.0
0.071145761277	0.377192982456	53	0	0	0	0	0.0
0.0733413890702	0.378167641326	54	0	0	0	0	0.0
0.0735771191714	0.379142300195	55	0	0	0	0	0.0
0.0747229947019	0.380116959064	56	0	0	0	0	0.0
0.0748479650087	0.381091617934	57	0	0	0	0	0.0
0.0756963682445	0.382066276803	58	0	0	0	0	0.0
0.0778544716547	0.381091617934	59	0	0	0	0	0.0
0.0790136414137	0.382066276803	60	0	0	0	0	0.0
0.0809287452072	0.383040935673	61	0	0	0	0	0.0
0.0814819587164	0.384015594542	62	0	0	0	0	0.0
0.0846513205109	0.368421052632	62	1	63	0	16	0.205128205128
0.0850374675584	0.368421052632	63	1	63	0	16	0.20253164557
0.0855837661613	0.368421052632	64	1	63	0	16	0.2
0.0871998048355	0.369395711501	65	1	63	0	16	0.197530864198
0.0922383091852	0.369395711501	66	1	63	0	16	0.19512195122
0.0949433381065	0.37037037037	67	1	63	0	16	0.192771084337
0.0961694863846	0.37134502924	68	1	63	0	16	0.190476190476
0.0968523022383	0.372319688109	69	1	63	0	16	0.188235294118
0.0988899799888	0.372319688109	70	1	63	0	16	0.186046511628
0.09956342758	0.373294346979	71	1	63	0	16	0.183908045977
0.0998063877732	0.373294346979	72	1	63	0	16	0.181818181818
0.103810675626	0.372319688109	73	1	63	0	16	0.179775280899
0.107148181268	0.373294346979	74	1	63	0	16	0.177777777778
0.10734969452	0.374269005848	75	1	63	0	16	0.175824175824
0.108056762261	0.373294346979	76	1	63	0	16	0.173913043478
0.108729876677	0.374269005848	77	1	63	0	16	0.172043010753
0.111205300464	0.375243664717	78	1	63	0	16	0.170212765957
0.115577270723	0.376218323587	79	1	63	0	16	0.168421052632
0.11703273186	0.377192982456	80	1	63	0	16	0.166666666667
0.117353846195	0.377192982456	81	1	63	0	16	0.164948453608
0.11817319227	0.378167641326	82	1	63	0	16	0.163265306122
0.118548613574	0.379142300195	83	1	63	0	16	0.161616161616
0.119265613414	0.380116959064	84	1	63	0	16	0.16
0.12010913336	0.381091617934	85	1	63	0	16	0.158415841584
0.121119684442	0.382066276803	86	1	63	0	16	0.156862745098
0.121407783272	0.383040935673	87	1	63	0	16	0.155339805825
0.121492910378	0.382066276803	88	1	63	0	16	0.153846153846
0.127208950918	0.383040935673	89	1	63	0	16	0.152380952381
0.127814100207	0.384015594542	90	1	63	0	16	0.150943396226
0.12879030078	0.383040935673	91	1	63	0	16	0.14953271028
0.1307154233	0.384015594542	92	1	63	0	16	0.148148148148
0.131027889768	0.383040935673	93	1	63	0	16	0.146788990826
0.132270536567	0.384015594542	94	1	63	0	16	0.145454545455
0.132301111	0.384990253411	95	1	63	0	16	0.144144144144
0.133654398634	0.385964912281	96	1	63	0	16	0.142857142857
0.135124135374	0.38693957115	97	1	63	0	16	0.141592920354
0.137061691933	0.38693957115	98	1	63	0	16	0.140350877193
