# time 	 divergence 	 # of mutations 	 # IGC chances 	 IGC length 	 # IGC failures 	 Changes due to IGC  	 % change due to IGC 
0.0	0.00430107526882	0	0	0	0	0	0.0
0.000116622863537	0.00537634408602	1	0	0	0	0	0.0
0.000827096070751	0.00645161290323	2	0	0	0	0	0.0
0.00323129833336	0.00752688172043	3	0	0	0	0	0.0
0.00487509656867	0.00860215053763	4	0	0	0	0	0.0
0.00554388755861	0.00967741935484	5	0	0	0	0	0.0
0.00574145406632	0.010752688172	6	0	0	0	0	0.0
0.00965380640999	0.0118279569892	7	0	0	0	0	0.0
0.00988995591834	0.0129032258065	8	0	0	0	0	0.0
0.0161846838995	0.0139784946237	9	0	0	0	0	0.0
0.0250578845089	0.0150537634409	10	0	0	0	0	0.0
0.0277221106042	0.0161290322581	11	0	0	0	0	0.0
0.0287888634274	0.0172043010753	12	0	0	0	0	0.0
0.0291526259268	0.0182795698925	13	0	0	0	0	0.0
0.0330662000335	0.0193548387097	14	0	0	0	0	0.0
0.0376577786775	0.0204301075269	15	0	0	0	0	0.0
0.0442372111346	0.0215053763441	16	0	0	0	0	0.0
0.0445212712002	0.010752688172	16	1	411	0	10	0.384615384615
0.0447688050567	0.0118279569892	17	1	411	0	10	0.37037037037
0.0449413583454	0.0129032258065	18	1	411	0	10	0.357142857143
0.0474016498921	0.0139784946237	19	1	411	0	10	0.344827586207
0.0486460765779	0.0150537634409	20	1	411	0	10	0.333333333333
0.0495750136356	0.0161290322581	21	1	411	0	10	0.322580645161
0.0512956913573	0.0172043010753	22	1	411	0	10	0.3125
0.0516883246082	0.0182795698925	23	1	411	0	10	0.30303030303
0.0527717537334	0.0193548387097	24	1	411	0	10	0.294117647059
0.0545948653577	0.0204301075269	25	1	411	0	10	0.285714285714
0.0568415532481	0.0215053763441	26	1	411	0	10	0.277777777778
0.0592857338773	0.0225806451613	27	1	411	0	10	0.27027027027
0.0607195286777	0.0236559139785	28	1	411	0	10	0.263157894737
0.0625194636184	0.0247311827957	29	1	411	0	10	0.25641025641
0.0634006556212	0.0258064516129	30	1	411	0	10	0.25
0.0637018702793	0.0268817204301	31	1	411	0	10	0.243902439024
0.0665748659161	0.0279569892473	32	1	411	0	10	0.238095238095
0.0730423446429	0.0290322580645	33	1	411	0	10	0.232558139535
0.0744054900873	0.0301075268817	34	1	411	0	10	0.227272727273
0.0755718694431	0.0311827956989	35	1	411	0	10	0.222222222222
0.0787684466851	0.0322580645161	36	1	411	0	10	0.217391304348
0.0818215424559	0.0333333333333	37	1	411	0	10	0.212765957447
0.0849123224135	0.0344086021505	38	1	411	0	10	0.208333333333
0.0864017415005	0.0354838709677	39	1	411	0	10	0.204081632653
0.088003333206	0.0365591397849	40	1	411	0	10	0.2
0.0881369018333	0.0376344086022	41	1	411	0	10	0.196078431373
0.0898359483564	0.0387096774194	42	1	411	0	10	0.192307692308
0.0919231714078	0.0397849462366	43	1	411	0	10	0.188679245283
0.0946862411184	0.0387096774194	44	1	411	0	10	0.185185185185
0.0988025844252	0.0397849462366	45	1	411	0	10	0.181818181818
0.102931141279	0.0408602150538	46	1	411	0	10	0.178571428571
0.107008245711	0.041935483871	47	1	411	0	10	0.175438596491
0.109739168734	0.0430107526882	48	1	411	0	10	0.172413793103
0.112473333087	0.0440860215054	49	1	411	0	10	0.169491525424
0.11530781111	0.0451612903226	50	1	411	0	10	0.166666666667
0.118791945686	0.0462365591398	51	1	411	0	10	0.16393442623
0.119987944449	0.047311827957	52	1	411	0	10	0.161290322581
0.120356332446	0.0483870967742	53	1	411	0	10	0.15873015873
0.121550362976	0.0494623655914	54	1	411	0	10	0.15625
0.123063313416	0.0505376344086	55	1	411	0	10	0.153846153846
0.123268557437	0.0516129032258	56	1	411	0	10	0.151515151515
0.123719960119	0.052688172043	57	1	411	0	10	0.149253731343
0.125664516972	0.052688172043	58	1	411	0	10	0.147058823529
0.131000204387	0.0537634408602	59	1	411	0	10	0.144927536232
0.131199702439	0.0548387096774	60	1	411	0	10	0.142857142857
0.134173483088	0.0559139784946	61	1	411	0	10	0.140845070423
0.136041850996	0.0569892473118	62	1	411	0	10	0.138888888889
0.137874465188	0.058064516129	63	1	411	0	10	0.13698630137
0.138663973245	0.0591397849462	64	1	411	0	10	0.135135135135
0.140954993565	0.0602150537634	65	1	411	0	10	0.133333333333
0.140998984952	0.0612903225806	66	1	411	0	10	0.131578947368
0.145138224677	0.0623655913978	67	1	411	0	10	0.12987012987
0.146638250491	0.0634408602151	68	1	411	0	10	0.128205128205
0.148656898605	0.0645161290323	69	1	411	0	10	0.126582278481
0.153421190425	0.0655913978495	70	1	411	0	10	0.125
0.153860969678	0.0666666666667	71	1	411	0	10	0.123456790123
0.158531175579	0.0677419354839	72	1	411	0	10	0.121951219512
0.159276668166	0.0688172043011	73	1	411	0	10	0.120481927711
0.160222936621	0.0698924731183	74	1	411	0	10	0.119047619048
0.161863124599	0.0709677419355	75	1	411	0	10	0.117647058824
0.163640407497	0.0720430107527	76	1	411	0	10	0.116279069767
0.163727521826	0.0731182795699	77	1	411	0	10	0.114942528736
0.166518774924	0.0741935483871	78	1	411	0	10	0.113636363636
0.166579519675	0.0752688172043	79	1	411	0	10	0.112359550562
0.17245150506	0.0763440860215	80	1	411	0	10	0.111111111111
0.173038408681	0.0774193548387	81	1	411	0	10	0.10989010989
0.177612085477	0.0784946236559	82	1	411	0	10	0.108695652174
0.178217433907	0.0795698924731	83	1	411	0	10	0.10752688172
0.178851028161	0.0806451612903	84	1	411	0	10	0.106382978723
0.179244736947	0.0817204301075	85	1	411	0	10	0.105263157895
0.17936070363	0.0817204301075	86	1	411	0	10	0.104166666667
0.180419392279	0.0827956989247	87	1	411	0	10	0.103092783505
0.183260462857	0.0817204301075	88	1	411	0	10	0.102040816327
0.191600979634	0.0827956989247	89	1	411	0	10	0.10101010101
0.193523558695	0.0838709677419	90	1	411	0	10	0.1
0.194019212934	0.0849462365591	91	1	411	0	10	0.0990099009901
0.194435517579	0.0860215053763	92	1	411	0	10	0.0980392156863
0.195280606209	0.0860215053763	93	1	411	0	10	0.0970873786408
0.19579821283	0.0870967741935	94	1	411	0	10	0.0961538461538
0.196126500434	0.0881720430108	95	1	411	0	10	0.0952380952381
0.198064565549	0.089247311828	96	1	411	0	10	0.0943396226415
0.19814103455	0.0903225806452	97	1	411	0	10	0.0934579439252
0.198618843373	0.0913978494624	98	1	411	0	10	0.0925925925926
0.199461199196	0.0924731182796	99	1	411	0	10	0.0917431192661
0.202261020562	0.0935483870968	100	1	411	0	10	0.0909090909091
0.204510840394	0.094623655914	101	1	411	0	10	0.0900900900901
0.205052372959	0.0956989247312	102	1	411	0	10	0.0892857142857
0.205688936954	0.0967741935484	103	1	411	0	10	0.0884955752212
0.205824587102	0.0978494623656	104	1	411	0	10	0.0877192982456
