# time 	 divergence 	 # of mutations 	 # IGC chances 	 IGC length 	 # IGC failures 	 Changes due to IGC  	 % change due to IGC 
0.0	0.265591397849	0	0	0	0	0	0.0
9.63965953633e-06	0.266666666667	1	0	0	0	0	0.0
0.00232386177679	0.265591397849	2	0	0	0	0	0.0
0.00245961656865	0.265591397849	3	0	0	0	0	0.0
0.00247216310921	0.266666666667	4	0	0	0	0	0.0
0.00424118441485	0.267741935484	5	0	0	0	0	0.0
0.005614876066	0.267741935484	6	0	0	0	0	0.0
0.00690547992701	0.268817204301	7	0	0	0	0	0.0
0.0115985357939	0.269892473118	8	0	0	0	0	0.0
0.0150368435802	0.268817204301	9	0	0	0	0	0.0
0.0169166884652	0.269892473118	10	0	0	0	0	0.0
0.0175102132075	0.268817204301	11	0	0	0	0	0.0
0.0182079595553	0.268817204301	12	0	0	0	0	0.0
0.0197774904588	0.269892473118	13	0	0	0	0	0.0
0.0221352540047	0.269892473118	14	0	0	0	0	0.0
0.02308611506	0.270967741935	15	0	0	0	0	0.0
0.0242528268807	0.269892473118	16	0	0	0	0	0.0
0.0258348681567	0.270967741935	17	0	0	0	0	0.0
0.0283075283415	0.272043010753	18	0	0	0	0	0.0
0.028347496682	0.270967741935	19	0	0	0	0	0.0
0.0291040263873	0.272043010753	20	0	0	0	0	0.0
0.030167432277	0.27311827957	21	0	0	0	0	0.0
0.0308103606153	0.274193548387	22	0	0	0	0	0.0
0.032294907494	0.275268817204	23	0	0	0	0	0.0
0.0328127542752	0.276344086022	24	0	0	0	0	0.0
0.0385642299923	0.277419354839	25	0	0	0	0	0.0
0.0396646484465	0.278494623656	26	0	0	0	0	0.0
0.0399749997279	0.279569892473	27	0	0	0	0	0.0
0.0408052244324	0.279569892473	28	0	0	0	0	0.0
0.0411459464634	0.28064516129	29	0	0	0	0	0.0
0.0413470469817	0.281720430108	30	0	0	0	0	0.0
0.0418852423068	0.281720430108	31	0	0	0	0	0.0
0.042691021896	0.282795698925	32	0	0	0	0	0.0
0.0576095550553	0.283870967742	33	0	0	0	0	0.0
0.0579703071106	0.284946236559	34	0	0	0	0	0.0
0.0589700527947	0.286021505376	35	0	0	0	0	0.0
0.061266860568	0.287096774194	36	0	0	0	0	0.0
0.0658308505391	0.288172043011	37	0	0	0	0	0.0
0.0660701489201	0.288172043011	38	0	0	0	0	0.0
0.0676495738457	0.289247311828	39	0	0	0	0	0.0
0.0692466393656	0.290322580645	40	0	0	0	0	0.0
0.0730688492608	0.291397849462	41	0	0	0	0	0.0
0.0742731649078	0.290322580645	42	0	0	0	0	0.0
0.0755808751439	0.291397849462	43	0	0	0	0	0.0
0.0772246037829	0.290322580645	44	0	0	0	0	0.0
0.0777740102943	0.291397849462	45	0	0	0	0	0.0
0.0817891091976	0.290322580645	46	0	0	0	0	0.0
0.0820435131181	0.291397849462	47	0	0	0	0	0.0
0.0822622724317	0.291397849462	48	0	0	0	0	0.0
0.0825081456322	0.29247311828	49	0	0	0	0	0.0
0.0837636963707	0.293548387097	50	0	0	0	0	0.0
0.0867383262595	0.294623655914	51	0	0	0	0	0.0
0.0938242970837	0.295698924731	52	0	0	0	0	0.0
0.0987307516728	0.295698924731	53	0	0	0	0	0.0
0.101181018101	0.295698924731	54	0	0	0	0	0.0
0.101318161262	0.296774193548	55	0	0	0	0	0.0
0.101803850095	0.297849462366	56	0	0	0	0	0.0
0.103796181775	0.297849462366	57	0	0	0	0	0.0
0.105804475671	0.298924731183	58	0	0	0	0	0.0
0.106307281156	0.3	59	0	0	0	0	0.0
0.111526032408	0.3	60	0	0	0	0	0.0
0.117371771313	0.298924731183	61	0	0	0	0	0.0
0.118983922607	0.3	62	0	0	0	0	0.0
0.124405091087	0.301075268817	63	0	0	0	0	0.0
0.125106720837	0.302150537634	64	0	0	0	0	0.0
0.126311031653	0.303225806452	65	0	0	0	0	0.0
0.127019375617	0.304301075269	66	0	0	0	0	0.0
0.129936833993	0.304301075269	67	0	0	0	0	0.0
0.130368438443	0.305376344086	68	0	0	0	0	0.0
0.132282476696	0.304301075269	69	0	0	0	0	0.0
0.135399580373	0.303225806452	70	0	0	0	0	0.0
0.135495582158	0.304301075269	71	0	0	0	0	0.0
0.138809943228	0.305376344086	72	0	0	0	0	0.0
0.139328403221	0.305376344086	73	0	0	0	0	0.0
0.14052926251	0.306451612903	74	0	0	0	0	0.0
0.14098727226	0.306451612903	75	0	0	0	0	0.0
0.141515301828	0.305376344086	76	0	0	0	0	0.0
0.141773959601	0.304301075269	77	0	0	0	0	0.0
0.142613237438	0.305376344086	78	0	0	0	0	0.0
0.143385651339	0.306451612903	79	0	0	0	0	0.0
0.146343780106	0.30752688172	80	0	0	0	0	0.0
0.149368669089	0.30752688172	81	0	0	0	0	0.0
0.151133990503	0.306451612903	82	0	0	0	0	0.0
0.151418971302	0.305376344086	83	0	0	0	0	0.0
0.153561457471	0.306451612903	84	0	0	0	0	0.0
0.154201676449	0.30752688172	85	0	0	0	0	0.0
0.155267915054	0.308602150538	86	0	0	0	0	0.0
0.156116469098	0.309677419355	87	0	0	0	0	0.0
0.158247641587	0.309677419355	88	0	0	0	0	0.0
0.159596418155	0.310752688172	89	0	0	0	0	0.0
0.160713361874	0.311827956989	90	0	0	0	0	0.0
0.165006402504	0.312903225806	91	0	0	0	0	0.0
0.165400675833	0.313978494624	92	0	0	0	0	0.0
0.165509462196	0.313978494624	93	0	0	0	0	0.0
0.166223836744	0.315053763441	94	0	0	0	0	0.0
0.169206521963	0.316129032258	95	0	0	0	0	0.0
0.170126136906	0.315053763441	96	0	0	0	0	0.0
0.170689996332	0.316129032258	97	0	0	0	0	0.0
0.172429723544	0.316129032258	98	0	0	0	0	0.0
0.173081510372	0.317204301075	99	0	0	0	0	0.0
0.17540740584	0.318279569892	100	0	0	0	0	0.0
0.178538765255	0.318279569892	101	0	0	0	0	0.0
0.179625253876	0.31935483871	102	0	0	0	0	0.0
0.18278711482	0.320430107527	103	0	0	0	0	0.0
0.186935372142	0.321505376344	104	0	0	0	0	0.0
0.191618013694	0.322580645161	105	0	0	0	0	0.0
0.192077503855	0.323655913978	106	0	0	0	0	0.0
0.193225656792	0.324731182796	107	0	0	0	0	0.0
0.197958370197	0.325806451613	108	0	0	0	0	0.0
0.198321116635	0.32688172043	109	0	0	0	0	0.0
0.204459089187	0.32688172043	110	0	0	0	0	0.0
0.205265805922	0.325806451613	111	0	0	0	0	0.0
0.206188655649	0.324731182796	112	0	0	0	0	0.0
0.207387629468	0.325806451613	113	0	0	0	0	0.0
0.209040335823	0.32688172043	114	0	0	0	0	0.0
0.210144078266	0.32688172043	115	0	0	0	0	0.0
0.212789909286	0.32688172043	116	0	0	0	0	0.0
0.214122788735	0.32688172043	117	0	0	0	0	0.0
0.217938617811	0.327956989247	118	0	0	0	0	0.0
0.218352967542	0.329032258065	119	0	0	0	0	0.0
0.219488410425	0.330107526882	120	0	0	0	0	0.0
0.219867133383	0.331182795699	121	0	0	0	0	0.0
0.220298886282	0.332258064516	122	0	0	0	0	0.0
0.22055121893	0.333333333333	123	0	0	0	0	0.0
0.220723193627	0.334408602151	124	0	0	0	0	0.0
0.221848987929	0.334408602151	125	0	0	0	0	0.0
0.222167036783	0.333333333333	126	0	0	0	0	0.0
0.224352630988	0.334408602151	127	0	0	0	0	0.0
0.227811443204	0.335483870968	128	0	0	0	0	0.0
0.228273854389	0.336559139785	129	0	0	0	0	0.0
0.228517437072	0.336559139785	130	0	0	0	0	0.0
0.228732185584	0.335483870968	131	0	0	0	0	0.0
0.229657619714	0.336559139785	132	0	0	0	0	0.0
0.230020587499	0.337634408602	133	0	0	0	0	0.0
0.235501517048	0.338709677419	134	0	0	0	0	0.0
0.235778965738	0.339784946237	135	0	0	0	0	0.0
0.237384185083	0.340860215054	136	0	0	0	0	0.0
0.23935365751	0.341935483871	137	0	0	0	0	0.0
0.239771467256	0.341935483871	138	0	0	0	0	0.0
0.241999922484	0.343010752688	139	0	0	0	0	0.0
0.243975065532	0.343010752688	140	0	0	0	0	0.0
0.244878715687	0.343010752688	141	0	0	0	0	0.0
0.247854752225	0.344086021505	142	0	0	0	0	0.0
0.25486301324	0.344086021505	143	0	0	0	0	0.0
0.258478870045	0.343010752688	144	0	0	0	0	0.0
0.260084020039	0.344086021505	145	0	0	0	0	0.0
0.263882821317	0.345161290323	146	0	0	0	0	0.0
0.266505806418	0.34623655914	147	0	0	0	0	0.0
0.267265610019	0.345161290323	148	0	0	0	0	0.0
0.269405367725	0.345161290323	149	0	0	0	0	0.0
0.269467558176	0.345161290323	150	0	0	0	0	0.0
0.270249848591	0.345161290323	151	0	0	0	0	0.0
0.275348860924	0.345161290323	152	0	0	0	0	0.0
0.278450113972	0.34623655914	153	0	0	0	0	0.0
0.280055346965	0.34623655914	154	0	0	0	0	0.0
0.281383552256	0.345161290323	155	0	0	0	0	0.0
0.283746707974	0.34623655914	156	0	0	0	0	0.0
0.284612054198	0.347311827957	157	0	0	0	0	0.0
0.296432627781	0.348387096774	158	0	0	0	0	0.0
0.297080375313	0.349462365591	159	0	0	0	0	0.0
0.297818565714	0.350537634409	160	0	0	0	0	0.0
0.298894214666	0.350537634409	161	0	0	0	0	0.0
0.299748000125	0.351612903226	162	0	0	0	0	0.0
0.300127119649	0.352688172043	163	0	0	0	0	0.0
0.300520056029	0.35376344086	164	0	0	0	0	0.0
0.300836005392	0.354838709677	165	0	0	0	0	0.0
0.303990983956	0.354838709677	166	0	0	0	0	0.0
0.3045346578	0.35376344086	167	0	0	0	0	0.0
0.306731302943	0.35376344086	168	0	0	0	0	0.0
0.310563286541	0.354838709677	169	0	0	0	0	0.0
0.312787694572	0.35376344086	170	0	0	0	0	0.0
