# time 	 divergence 	 # of mutations 	 # IGC chances 	 IGC length 	 # IGC failures 	 Changes due to IGC  	 % change due to IGC 
0.0	0.0	0	0	0	0	0	0.0
0.00119256553968	0.00213675213675	1	0	0	0	0	0.0
0.00628483361593	0.0042735042735	2	0	0	0	0	0.0
0.0126427124094	0.00641025641026	3	0	0	0	0	0.0
0.0140708380656	0.00854700854701	4	0	0	0	0	0.0
0.0144079334957	0.0106837606838	5	0	0	0	0	0.0
0.018113326188	0.0128205128205	6	0	0	0	0	0.0
0.0197250530998	0.0149572649573	7	0	0	0	0	0.0
0.0250868601908	0.017094017094	8	0	0	0	0	0.0
0.0258976726368	0.0192307692308	9	0	0	0	0	0.0
0.0299754201039	0.0213675213675	10	0	0	0	0	0.0
0.0315911579879	0.0235042735043	11	0	0	0	0	0.0
0.032294757187	0.025641025641	12	0	0	0	0	0.0
0.0468830280337	0.0277777777778	13	0	0	0	0	0.0
0.0595803927481	0.0299145299145	14	0	0	0	0	0.0
0.0622838119385	0.0320512820513	15	0	0	0	0	0.0
0.0637086806962	0.034188034188	16	0	0	0	0	0.0
0.0645154117491	0.0363247863248	17	0	0	0	0	0.0
0.0662345793975	0.0384615384615	18	0	0	0	0	0.0
0.0669169850634	0.0405982905983	19	0	0	0	0	0.0
0.0698213125211	0.042735042735	20	0	0	0	0	0.0
0.075508848743	0.0448717948718	21	0	0	0	0	0.0
0.0776929720588	0.0470085470085	22	0	0	0	0	0.0
0.0806770417316	0.0491452991453	23	0	0	0	0	0.0
0.0822323770337	0.0512820512821	24	0	0	0	0	0.0
0.0869960067977	0.0534188034188	25	0	0	0	0	0.0
0.0905434384661	0.0555555555556	26	0	0	0	0	0.0
0.0921919855182	0.0576923076923	27	0	0	0	0	0.0
0.0985841667573	0.0598290598291	28	0	0	0	0	0.0
0.100810778324	0.0619658119658	29	0	0	0	0	0.0
0.102005159731	0.0641025641026	30	0	0	0	0	0.0
0.10641788212	0.0662393162393	31	0	0	0	0	0.0
0.113426532432	0.0683760683761	32	0	0	0	0	0.0
0.115481671229	0.0705128205128	33	0	0	0	0	0.0
0.115600157623	0.0726495726496	34	0	0	0	0	0.0
0.116548328409	0.0747863247863	35	0	0	0	0	0.0
0.118736628305	0.0769230769231	36	0	0	0	0	0.0
0.120662587927	0.0790598290598	37	0	0	0	0	0.0
0.129439052545	0.0811965811966	38	0	0	0	0	0.0
0.142856354053	0.0833333333333	39	0	0	0	0	0.0
0.145097779166	0.0854700854701	40	0	0	0	0	0.0
0.164298695321	0.0876068376068	41	0	0	0	0	0.0
0.166616448331	0.0897435897436	42	0	0	0	0	0.0
0.173738123787	0.0918803418803	43	0	0	0	0	0.0
0.177401631544	0.0940170940171	44	0	0	0	0	0.0
0.178541978115	0.0961538461538	45	0	0	0	0	0.0
0.181668824205	0.0982905982906	46	0	0	0	0	0.0
0.185568854238	0.0982905982906	47	0	0	0	0	0.0
0.186238882976	0.100427350427	48	0	0	0	0	0.0
0.188260512386	0.102564102564	49	0	0	0	0	0.0
0.189652861049	0.104700854701	50	0	0	0	0	0.0
0.189719536715	0.106837606838	51	0	0	0	0	0.0
0.193042467004	0.108974358974	52	0	0	0	0	0.0
0.193317555942	0.111111111111	53	0	0	0	0	0.0
0.202328087919	0.113247863248	54	0	0	0	0	0.0
0.203066589943	0.115384615385	55	0	0	0	0	0.0
0.212763399049	0.117521367521	56	0	0	0	0	0.0
0.21677717975	0.119658119658	57	0	0	0	0	0.0
0.218212719416	0.119658119658	58	0	0	0	0	0.0
0.223130246375	0.119658119658	59	0	0	0	0	0.0
0.228166941171	0.121794871795	60	0	0	0	0	0.0
0.22925055137	0.123931623932	61	0	0	0	0	0.0
0.23180312566	0.126068376068	62	0	0	0	0	0.0
0.233793929955	0.128205128205	63	0	0	0	0	0.0
0.234063425203	0.130341880342	64	0	0	0	0	0.0
0.237105759435	0.132478632479	65	0	0	0	0	0.0
0.237165902315	0.134615384615	66	0	0	0	0	0.0
0.238713414588	0.136752136752	67	0	0	0	0	0.0
0.241648308826	0.138888888889	68	0	0	0	0	0.0
0.246036898116	0.141025641026	69	0	0	0	0	0.0
0.254264718633	0.143162393162	70	0	0	0	0	0.0
0.254809053568	0.145299145299	71	0	0	0	0	0.0
0.257376498688	0.147435897436	72	0	0	0	0	0.0
0.257419045049	0.149572649573	73	0	0	0	0	0.0
0.258208581768	0.149572649573	74	0	0	0	0	0.0
0.259156010491	0.151709401709	75	0	0	0	0	0.0
0.259495581855	0.153846153846	76	0	0	0	0	0.0
0.264976274754	0.155982905983	77	0	0	0	0	0.0
0.267082231805	0.15811965812	78	0	0	0	0	0.0
0.267688617062	0.160256410256	79	0	0	0	0	0.0
0.26779078488	0.162393162393	80	0	0	0	0	0.0
0.268343970996	0.16452991453	81	0	0	0	0	0.0
0.272887293766	0.166666666667	82	0	0	0	0	0.0
0.278987141056	0.168803418803	83	0	0	0	0	0.0
0.27927304445	0.17094017094	84	0	0	0	0	0.0
0.281328048127	0.173076923077	85	0	0	0	0	0.0
0.283057025331	0.17094017094	86	0	0	0	0	0.0
0.29219993168	0.173076923077	87	0	0	0	0	0.0
0.294994619961	0.175213675214	88	0	0	0	0	0.0
0.296164647153	0.17735042735	89	0	0	0	0	0.0
0.296488357687	0.179487179487	90	0	0	0	0	0.0
0.301028089179	0.181623931624	91	0	0	0	0	0.0
0.301852270458	0.183760683761	92	0	0	0	0	0.0
0.307073944147	0.185897435897	93	0	0	0	0	0.0
0.307485493932	0.188034188034	94	0	0	0	0	0.0
0.308264920201	0.190170940171	95	0	0	0	0	0.0
0.31322935902	0.190170940171	96	0	0	0	0	0.0
0.321429194795	0.190170940171	97	0	0	0	0	0.0
0.325292712654	0.192307692308	98	0	0	0	0	0.0
0.328966656179	0.194444444444	99	0	0	0	0	0.0
0.33360199305	0.196581196581	100	0	0	0	0	0.0
0.333914676972	0.198717948718	101	0	0	0	0	0.0
0.334547722445	0.200854700855	102	0	0	0	0	0.0
0.339181883804	0.200854700855	103	0	0	0	0	0.0
