# time 	 divergence 	 # of mutations 	 # IGC chances 	 IGC length 	 # IGC failures 	 Changes due to IGC  	 % change due to IGC 
0.0	0.0143149284254	0	0	0	0	0	0.0
0.000140135554214	0.0143149284254	0	1	3	0	0	0.0
0.00014568171675	0.0163599182004	1	1	3	0	0	0.0
0.000782096525934	0.0163599182004	1	2	3	0	0	0.0
0.00135023223225	0.0163599182004	1	3	3	0	0	0.0
0.00144011450014	0.0163599182004	1	4	3	0	0	0.0
0.0014535206734	0.0184049079755	2	4	3	0	0	0.0
0.00158899283898	0.0184049079755	2	5	3	0	0	0.0
0.00166847611031	0.0163599182004	2	6	3	0	1	0.333333333333
0.00202965797691	0.0163599182004	2	7	3	0	1	0.333333333333
0.00236982880105	0.0163599182004	2	8	3	0	1	0.333333333333
0.00276536763296	0.0163599182004	2	9	3	0	1	0.333333333333
0.00309017630659	0.0163599182004	2	10	3	0	1	0.333333333333
0.00401727214295	0.0163599182004	2	11	3	0	1	0.333333333333
0.00420801023439	0.0163599182004	2	12	3	0	1	0.333333333333
0.00425996507541	0.0163599182004	2	13	3	0	1	0.333333333333
0.00441937965358	0.0163599182004	2	14	3	0	1	0.333333333333
0.00460406146193	0.0163599182004	2	15	3	0	1	0.333333333333
0.00502402062103	0.0163599182004	2	16	3	0	1	0.333333333333
0.00536052602602	0.0184049079755	3	16	3	0	1	0.25
0.00547332578573	0.0184049079755	3	17	3	0	1	0.25
0.0056311957674	0.0163599182004	3	18	3	0	2	0.4
0.00579922559696	0.0163599182004	3	19	3	0	2	0.4
0.00621607721266	0.0163599182004	3	20	3	0	2	0.4
0.00630540536422	0.0163599182004	3	21	3	0	2	0.4
0.00645871225371	0.0163599182004	3	22	3	0	2	0.4
0.00680768601318	0.0163599182004	3	23	3	0	2	0.4
0.00704061944981	0.0163599182004	3	24	3	0	2	0.4
0.00719746908455	0.0163599182004	3	25	3	0	2	0.4
0.00767043441976	0.0163599182004	3	26	3	0	2	0.4
0.00781753610984	0.0163599182004	3	27	3	0	2	0.4
0.00796791507274	0.0163599182004	3	28	3	0	2	0.4
0.0081957172891	0.0143149284254	3	29	3	0	3	0.5
0.00868702181456	0.0122699386503	3	30	3	0	4	0.571428571429
0.00947980550986	0.0122699386503	3	31	3	0	4	0.571428571429
0.00954775242277	0.0122699386503	3	32	3	0	4	0.571428571429
0.00988401933243	0.0122699386503	3	33	3	0	4	0.571428571429
0.00995676947141	0.0143149284254	4	33	3	0	4	0.5
0.0101465964573	0.0143149284254	4	34	3	0	4	0.5
0.0101650063183	0.0143149284254	4	35	3	0	4	0.5
0.0101985745047	0.0143149284254	4	36	3	0	4	0.5
0.0103586540641	0.0143149284254	4	37	3	0	4	0.5
0.0116742087817	0.0143149284254	4	38	3	0	4	0.5
0.0118219908545	0.0143149284254	4	39	3	0	4	0.5
0.0121147120437	0.0122699386503	4	40	3	0	5	0.555555555556
0.0125955218457	0.0122699386503	4	41	3	0	5	0.555555555556
0.0128515217274	0.0122699386503	4	42	3	0	5	0.555555555556
0.0129028004024	0.0122699386503	4	43	3	0	5	0.555555555556
0.0130463822434	0.0122699386503	4	44	3	0	5	0.555555555556
0.0132362917433	0.0122699386503	4	45	3	0	5	0.555555555556
0.0133454179868	0.0122699386503	4	46	3	0	5	0.555555555556
0.0134555129381	0.0122699386503	4	47	3	0	5	0.555555555556
0.0137792295909	0.0122699386503	4	48	3	0	5	0.555555555556
0.0143694467414	0.0122699386503	4	49	3	0	5	0.555555555556
0.0145119977289	0.0122699386503	4	50	3	0	5	0.555555555556
0.0149641922219	0.0122699386503	4	51	3	0	5	0.555555555556
0.0150630290335	0.0122699386503	4	52	3	0	5	0.555555555556
0.0151034118868	0.0122699386503	4	53	3	0	5	0.555555555556
0.0152639219868	0.0143149284254	5	53	3	0	5	0.5
0.0153098235506	0.0163599182004	6	53	3	0	5	0.454545454545
0.015676717258	0.0163599182004	6	54	3	0	5	0.454545454545
0.0157158774699	0.0163599182004	6	55	3	0	5	0.454545454545
0.016187961497	0.0163599182004	6	56	3	0	5	0.454545454545
0.0163035311657	0.0163599182004	6	57	3	0	5	0.454545454545
0.0164039154002	0.0163599182004	6	58	3	0	5	0.454545454545
0.0164525347729	0.0163599182004	6	59	3	0	5	0.454545454545
0.0165664087866	0.0163599182004	6	60	3	0	5	0.454545454545
0.0166444885547	0.0163599182004	6	61	3	0	5	0.454545454545
0.0169362154888	0.0163599182004	6	62	3	0	5	0.454545454545
0.0174344199939	0.0163599182004	6	63	3	0	5	0.454545454545
0.0176843043088	0.0163599182004	6	64	3	0	5	0.454545454545
0.0177069684723	0.0163599182004	6	65	3	0	5	0.454545454545
0.0177772908787	0.0163599182004	6	66	3	0	5	0.454545454545
0.0180570788238	0.0163599182004	6	67	3	0	5	0.454545454545
0.0190809232054	0.0163599182004	6	68	3	0	5	0.454545454545
0.0194493776824	0.0184049079755	7	68	3	0	5	0.416666666667
0.0195564309436	0.0184049079755	7	69	3	0	5	0.416666666667
0.0204426362882	0.0184049079755	7	70	3	0	5	0.416666666667
0.0205859024229	0.0184049079755	7	71	3	0	5	0.416666666667
0.0207022239769	0.0184049079755	7	72	3	0	5	0.416666666667
0.020745994682	0.0184049079755	7	73	3	0	5	0.416666666667
0.0209569665211	0.0184049079755	7	74	3	0	5	0.416666666667
0.0213620779546	0.0163599182004	7	75	3	0	6	0.461538461538
0.0214487635228	0.0163599182004	7	76	3	0	6	0.461538461538
0.0215741492908	0.0184049079755	8	76	3	0	6	0.428571428571
0.0215782802916	0.0184049079755	8	77	3	0	6	0.428571428571
0.0220784992514	0.0184049079755	8	78	3	0	6	0.428571428571
0.0222001210104	0.0184049079755	8	79	3	0	6	0.428571428571
0.0222252317492	0.0184049079755	8	80	3	0	6	0.428571428571
0.0225461705721	0.0184049079755	8	81	3	0	6	0.428571428571
0.0226152484065	0.0184049079755	8	82	3	0	6	0.428571428571
0.0230962116915	0.0204498977505	9	82	3	0	6	0.4
0.0233571643502	0.0204498977505	9	83	3	0	6	0.4
0.0233810384522	0.0204498977505	9	84	3	0	6	0.4
0.0234954280071	0.0204498977505	9	85	3	0	6	0.4
0.0235511801545	0.0204498977505	9	86	3	0	6	0.4
0.0235588088492	0.0204498977505	9	87	3	0	6	0.4
0.0239470569212	0.0204498977505	9	88	3	0	6	0.4
0.0239784492334	0.0204498977505	9	89	3	0	6	0.4
0.0241144494582	0.0204498977505	9	90	3	0	6	0.4
0.0242476620738	0.0204498977505	9	91	3	0	6	0.4
0.0247519043502	0.0204498977505	9	92	3	0	6	0.4
0.0254783028627	0.0204498977505	9	93	3	0	6	0.4
0.0256988698106	0.0204498977505	9	94	3	0	6	0.4
0.0257174086702	0.0204498977505	9	95	3	0	6	0.4
0.0257303326307	0.0204498977505	9	96	3	0	6	0.4
0.0265451969678	0.0204498977505	9	97	3	0	6	0.4
0.0274466636399	0.0224948875256	10	97	3	0	6	0.375
0.027467177911	0.0224948875256	10	98	3	0	6	0.375
0.0278568724568	0.0224948875256	10	99	3	0	6	0.375
0.0283715885351	0.0224948875256	10	100	3	0	6	0.375
0.0284170758164	0.0224948875256	10	101	3	0	6	0.375
0.0284197876332	0.0224948875256	10	102	3	0	6	0.375
0.0291784107607	0.0224948875256	10	103	3	0	6	0.375
0.0294760654584	0.0224948875256	10	104	3	0	6	0.375
0.0294983104107	0.0224948875256	10	105	3	0	6	0.375
0.029723946834	0.0224948875256	10	106	3	0	6	0.375
0.0297716029884	0.0224948875256	10	107	3	0	6	0.375
0.0298259867931	0.0224948875256	10	108	3	0	6	0.375
0.0301401825112	0.0224948875256	10	109	3	0	6	0.375
0.030298778212	0.0224948875256	10	110	3	0	6	0.375
0.0305855591006	0.0224948875256	10	111	3	0	6	0.375
0.0311968090263	0.0224948875256	10	112	3	0	6	0.375
0.0313596703261	0.0224948875256	10	113	3	0	6	0.375
0.0313605569525	0.0224948875256	10	114	3	0	6	0.375
0.0314547407369	0.0224948875256	10	115	3	0	6	0.375
0.0318001296947	0.0204498977505	10	116	3	0	7	0.411764705882
0.0319791766884	0.0204498977505	10	117	3	0	7	0.411764705882
0.0320900438849	0.0204498977505	10	118	3	0	7	0.411764705882
0.0324467988483	0.0224948875256	11	118	3	0	7	0.388888888889
0.0325774085132	0.0224948875256	11	119	3	0	7	0.388888888889
0.0328563955667	0.0224948875256	11	120	3	0	7	0.388888888889
0.0329163676735	0.0245398773006	12	120	3	0	7	0.368421052632
0.0331670362051	0.0245398773006	12	121	3	0	7	0.368421052632
0.0333443835506	0.0245398773006	12	122	3	0	7	0.368421052632
0.033347614119	0.0245398773006	12	123	3	0	7	0.368421052632
0.0336435111911	0.0224948875256	12	124	3	0	8	0.4
0.0339723824289	0.0224948875256	12	125	3	0	8	0.4
0.0340293103591	0.0224948875256	12	126	3	0	8	0.4
0.0340461552386	0.0224948875256	12	127	3	0	8	0.4
0.0344258242018	0.0224948875256	12	128	3	0	8	0.4
0.0349082124916	0.0245398773006	13	128	3	0	8	0.380952380952
0.0350716757927	0.0245398773006	13	129	3	0	8	0.380952380952
0.0355632346301	0.0245398773006	13	130	3	0	8	0.380952380952
0.0358344575041	0.0224948875256	13	131	3	0	9	0.409090909091
0.0358422111724	0.0224948875256	13	132	3	0	9	0.409090909091
0.0364331874913	0.0224948875256	13	133	3	0	9	0.409090909091
0.0368128068466	0.0224948875256	13	134	3	0	9	0.409090909091
0.0369783814688	0.0224948875256	13	135	3	0	9	0.409090909091
0.0371007713897	0.0224948875256	13	136	3	0	9	0.409090909091
0.0375396726448	0.0224948875256	13	137	3	0	9	0.409090909091
0.0378718169209	0.0245398773006	14	137	3	0	9	0.391304347826
0.0383952646335	0.0245398773006	14	138	3	0	9	0.391304347826
0.0388415433022	0.0245398773006	14	139	3	0	9	0.391304347826
0.0393012909174	0.0245398773006	14	140	3	0	9	0.391304347826
0.0394308566008	0.0245398773006	14	141	3	0	9	0.391304347826
0.0395244962019	0.0224948875256	14	142	3	0	10	0.416666666667
0.0400470113053	0.0224948875256	14	143	3	0	10	0.416666666667
0.0400924006655	0.0224948875256	14	144	3	0	10	0.416666666667
0.0404056388787	0.0224948875256	14	145	3	0	10	0.416666666667
0.040597947551	0.0224948875256	14	146	3	0	10	0.416666666667
0.0406187646084	0.0204498977505	14	147	3	0	11	0.44
0.0408573551049	0.0204498977505	14	148	3	0	11	0.44
0.0417839924946	0.0204498977505	14	149	3	0	11	0.44
0.0420587487309	0.0204498977505	14	150	3	0	11	0.44
0.0421229263967	0.0204498977505	14	151	3	0	11	0.44
0.0433876728076	0.0204498977505	14	152	3	0	11	0.44
0.0434641781769	0.0204498977505	14	153	3	0	11	0.44
0.0435413009724	0.0204498977505	14	154	3	0	11	0.44
0.0444477223203	0.0224948875256	15	154	3	0	11	0.423076923077
0.0447030107362	0.0224948875256	15	155	3	0	11	0.423076923077
0.0447200402036	0.0224948875256	15	156	3	0	11	0.423076923077
0.0450805240179	0.0224948875256	15	157	3	0	11	0.423076923077
0.0451447902815	0.0204498977505	15	158	3	0	12	0.444444444444
0.0453961929716	0.0204498977505	15	159	3	0	12	0.444444444444
0.0454560291287	0.0224948875256	16	159	3	0	12	0.428571428571
0.0456327213732	0.0224948875256	16	160	3	0	12	0.428571428571
0.0461197589249	0.0224948875256	16	161	3	0	12	0.428571428571
0.047456955723	0.0224948875256	16	162	3	0	12	0.428571428571
0.0475136718116	0.0204498977505	16	163	3	0	13	0.448275862069
0.0481709031676	0.0184049079755	16	164	3	0	14	0.466666666667
0.0482334523821	0.0184049079755	16	165	3	0	14	0.466666666667
0.0486979678806	0.0184049079755	16	166	3	0	14	0.466666666667
0.0490112780953	0.0184049079755	16	167	3	0	14	0.466666666667
0.0496695806595	0.0184049079755	16	168	3	0	14	0.466666666667
0.0498009434431	0.0184049079755	16	169	3	0	14	0.466666666667
0.0498697556053	0.0184049079755	16	170	3	0	14	0.466666666667
0.0501734913921	0.0184049079755	16	171	3	0	14	0.466666666667
0.0502084933374	0.0184049079755	16	172	3	0	14	0.466666666667
0.0504358264054	0.0184049079755	16	173	3	0	14	0.466666666667
0.0505687667503	0.0184049079755	16	174	3	0	14	0.466666666667
0.0507558603795	0.0184049079755	16	175	3	0	14	0.466666666667
0.0512637247217	0.0184049079755	16	176	3	0	14	0.466666666667
0.0513912867136	0.0184049079755	16	177	3	0	14	0.466666666667
0.0519851896947	0.0184049079755	16	178	3	0	14	0.466666666667
0.052347853941	0.0184049079755	16	179	3	0	14	0.466666666667
0.0524145392483	0.0184049079755	16	180	3	0	14	0.466666666667
0.0524495013609	0.0184049079755	16	181	3	0	14	0.466666666667
0.0525506704483	0.0184049079755	16	182	3	0	14	0.466666666667
0.0526659696186	0.0204498977505	17	182	3	0	14	0.451612903226
0.0529968952461	0.0224948875256	18	182	3	0	14	0.4375
0.0534827351205	0.0224948875256	18	183	3	0	14	0.4375
0.0534843390305	0.0204498977505	18	184	3	0	15	0.454545454545
0.0537686426273	0.0204498977505	18	185	3	0	15	0.454545454545
0.054350263896	0.0204498977505	18	186	3	0	15	0.454545454545
0.0544381101512	0.0204498977505	18	187	3	0	15	0.454545454545
0.0551596360122	0.0204498977505	18	188	3	0	15	0.454545454545
0.0556524847749	0.0204498977505	18	189	3	0	15	0.454545454545
0.0557811997305	0.0204498977505	18	190	3	0	15	0.454545454545
0.055878681648	0.0204498977505	18	191	3	0	15	0.454545454545
0.0568988741014	0.0204498977505	18	192	3	0	15	0.454545454545
0.0575797916495	0.0204498977505	18	193	3	0	15	0.454545454545
0.0576973024336	0.0204498977505	18	194	3	0	15	0.454545454545
0.0577604907385	0.0204498977505	18	195	3	0	15	0.454545454545
0.0579408525868	0.0204498977505	18	196	3	0	15	0.454545454545
0.0582121262072	0.0204498977505	18	197	3	0	15	0.454545454545
0.0584854987165	0.0204498977505	18	198	3	0	15	0.454545454545
0.0587503559781	0.0204498977505	18	199	3	0	15	0.454545454545
0.0587768687413	0.0204498977505	18	200	3	0	15	0.454545454545
0.0589203823039	0.0204498977505	18	201	3	0	15	0.454545454545
0.0594100444656	0.0204498977505	18	202	3	0	15	0.454545454545
0.0595163216118	0.0204498977505	18	203	3	0	15	0.454545454545
0.0600699735737	0.0204498977505	18	204	3	0	15	0.454545454545
0.0601607951518	0.0204498977505	18	205	3	0	15	0.454545454545
0.0603655660099	0.0204498977505	18	206	3	0	15	0.454545454545
0.0605574007445	0.0204498977505	18	207	3	0	15	0.454545454545
0.060794249851	0.0204498977505	18	208	3	0	15	0.454545454545
0.0610155672715	0.0204498977505	18	209	3	0	15	0.454545454545
0.0611464714494	0.0204498977505	18	210	3	0	15	0.454545454545
0.0612243459327	0.0204498977505	18	211	3	0	15	0.454545454545
0.0613637705642	0.0204498977505	18	212	3	0	15	0.454545454545
0.0617386429346	0.0204498977505	18	213	3	0	15	0.454545454545
0.0618116790462	0.0224948875256	19	213	3	0	15	0.441176470588
0.062008528072	0.0224948875256	19	214	3	0	15	0.441176470588
0.062140973613	0.0224948875256	19	215	3	0	15	0.441176470588
0.0623347914965	0.0224948875256	19	216	3	0	15	0.441176470588
0.0624730736784	0.0224948875256	19	217	3	0	15	0.441176470588
0.0625864936933	0.0224948875256	19	218	3	0	15	0.441176470588
0.0633243540448	0.0224948875256	19	219	3	0	15	0.441176470588
0.0639004603011	0.0224948875256	19	220	3	0	15	0.441176470588
0.0642832957734	0.0204498977505	19	221	3	0	16	0.457142857143
0.0643630471713	0.0204498977505	19	222	3	0	16	0.457142857143
0.0650786782853	0.0204498977505	19	223	3	0	16	0.457142857143
0.0651342789344	0.0204498977505	19	224	3	0	16	0.457142857143
0.065697177197	0.0204498977505	19	225	3	0	16	0.457142857143
0.0658892832831	0.0204498977505	19	226	3	0	16	0.457142857143
0.0659388051156	0.0204498977505	19	227	3	0	16	0.457142857143
0.0668193174364	0.0204498977505	19	228	3	0	16	0.457142857143
0.0668332837136	0.0204498977505	19	229	3	0	16	0.457142857143
0.0669818889146	0.0204498977505	19	230	3	0	16	0.457142857143
0.0670801484818	0.0204498977505	19	231	3	0	16	0.457142857143
0.0673130166795	0.0204498977505	19	232	3	0	16	0.457142857143
0.0676308861122	0.0204498977505	19	233	3	0	16	0.457142857143
0.0678076663141	0.0204498977505	19	234	3	0	16	0.457142857143
0.0683463229466	0.0184049079755	19	235	3	0	17	0.472222222222
0.0685256772208	0.0184049079755	19	236	3	0	17	0.472222222222
0.0693462415298	0.0184049079755	19	237	3	0	17	0.472222222222
0.0694160219925	0.0184049079755	19	238	3	0	17	0.472222222222
0.0695082472806	0.0163599182004	19	239	3	0	18	0.486486486486
0.0695299753891	0.0163599182004	19	240	3	0	18	0.486486486486
0.0696920663512	0.0163599182004	19	241	3	0	18	0.486486486486
0.0697170144806	0.0163599182004	19	242	3	0	18	0.486486486486
0.0698759383829	0.0163599182004	19	243	3	0	18	0.486486486486
0.0705737312168	0.0163599182004	19	244	3	0	18	0.486486486486
0.0708103632972	0.0163599182004	19	245	3	0	18	0.486486486486
0.0708300827138	0.0163599182004	19	246	3	0	18	0.486486486486
0.0708713911936	0.0163599182004	19	247	3	0	18	0.486486486486
0.0709849230737	0.0163599182004	19	248	3	0	18	0.486486486486
0.0710040806832	0.0184049079755	20	248	3	0	18	0.473684210526
0.071313376239	0.0184049079755	20	249	3	0	18	0.473684210526
0.0714461502641	0.0184049079755	20	250	3	0	18	0.473684210526
0.0729542326868	0.0184049079755	20	251	3	0	18	0.473684210526
0.0731096544847	0.0204498977505	21	251	3	0	18	0.461538461538
0.0734071293302	0.0204498977505	21	252	3	0	18	0.461538461538
0.0737352967692	0.0204498977505	21	253	3	0	18	0.461538461538
0.0739431089355	0.0204498977505	21	254	3	0	18	0.461538461538
0.0739602287456	0.0204498977505	21	255	3	0	18	0.461538461538
0.074213377395	0.0204498977505	21	256	3	0	18	0.461538461538
0.074408056313	0.0184049079755	21	257	3	0	19	0.475
0.0745117797898	0.0163599182004	21	258	3	0	20	0.487804878049
0.0746391080565	0.0163599182004	21	259	3	0	20	0.487804878049
0.0747016909588	0.0163599182004	21	260	3	0	20	0.487804878049
0.0748272742622	0.0163599182004	21	261	3	0	20	0.487804878049
0.0749517827377	0.0143149284254	21	262	3	0	21	0.5
0.0751488510985	0.0143149284254	21	263	3	0	21	0.5
0.0752631485497	0.0143149284254	21	264	3	0	21	0.5
0.0755322613794	0.0163599182004	22	264	3	0	21	0.488372093023
0.0758206173085	0.0163599182004	22	265	3	0	21	0.488372093023
0.0758281556778	0.0184049079755	23	265	3	0	21	0.477272727273
0.0760272064845	0.0184049079755	23	266	3	0	21	0.477272727273
0.0766863415371	0.0184049079755	23	267	3	0	21	0.477272727273
0.0767027807191	0.0204498977505	24	267	3	0	21	0.466666666667
0.0767173909542	0.0204498977505	24	268	3	0	21	0.466666666667
0.0767544127233	0.0184049079755	24	269	3	0	22	0.478260869565
0.0768260388957	0.0184049079755	24	270	3	0	22	0.478260869565
0.0782137395871	0.0163599182004	24	271	3	0	23	0.489361702128
0.0785745386368	0.0163599182004	24	272	3	0	23	0.489361702128
0.0791620107452	0.0143149284254	24	273	3	0	24	0.5
0.0793932750723	0.0143149284254	24	274	3	0	24	0.5
0.0794766996794	0.0143149284254	24	275	3	0	24	0.5
0.0799931466043	0.0143149284254	24	276	3	0	24	0.5
0.0801353851382	0.0143149284254	24	277	3	0	24	0.5
0.0801450419357	0.0143149284254	24	278	3	0	24	0.5
0.0806183643097	0.0163599182004	25	278	3	0	24	0.489795918367
0.080676579685	0.0163599182004	25	279	3	0	24	0.489795918367
0.0809052802865	0.0163599182004	25	280	3	0	24	0.489795918367
0.0811649108314	0.0163599182004	25	281	3	0	24	0.489795918367
0.0817548145465	0.0163599182004	25	282	3	0	24	0.489795918367
0.0817650224361	0.0163599182004	25	283	3	0	24	0.489795918367
0.0820516485488	0.0163599182004	25	284	3	0	24	0.489795918367
0.0821480981504	0.0184049079755	26	284	3	0	24	0.48
0.0825415529444	0.0184049079755	26	285	3	0	24	0.48
0.0829773443189	0.0184049079755	26	286	3	0	24	0.48
0.0830682145372	0.0163599182004	26	287	3	0	25	0.490196078431
0.0832526918357	0.0163599182004	26	288	3	0	25	0.490196078431
0.083588327837	0.0163599182004	26	289	3	0	25	0.490196078431
0.0836522249824	0.0163599182004	26	290	3	0	25	0.490196078431
0.0843157609358	0.0163599182004	26	291	3	0	25	0.490196078431
0.0844743221978	0.0163599182004	26	292	3	0	25	0.490196078431
0.0844964601785	0.0163599182004	26	293	3	0	25	0.490196078431
0.0846287295271	0.0163599182004	26	294	3	0	25	0.490196078431
0.0849319547923	0.0163599182004	26	295	3	0	25	0.490196078431
0.0849563022278	0.0184049079755	27	295	3	0	25	0.480769230769
0.0851816582336	0.0184049079755	27	296	3	0	25	0.480769230769
0.0860691184464	0.0184049079755	27	297	3	0	25	0.480769230769
0.0863148035298	0.0184049079755	27	298	3	0	25	0.480769230769
0.086634194186	0.0184049079755	27	299	3	0	25	0.480769230769
0.0867360751791	0.0184049079755	27	300	3	0	25	0.480769230769
0.0869776579756	0.0184049079755	27	301	3	0	25	0.480769230769
0.0876102026442	0.0204498977505	28	301	3	0	25	0.471698113208
0.0876861253469	0.0204498977505	28	302	3	0	25	0.471698113208
0.0877219544404	0.0204498977505	28	303	3	0	25	0.471698113208
0.0881376055769	0.0204498977505	28	304	3	0	25	0.471698113208
0.0881619936772	0.0204498977505	28	305	3	0	25	0.471698113208
0.0883657610087	0.0204498977505	28	306	3	0	25	0.471698113208
0.0891467080847	0.0204498977505	28	307	3	0	25	0.471698113208
0.0893382819128	0.0224948875256	29	307	3	0	25	0.462962962963
0.0910130157282	0.0224948875256	29	308	3	0	25	0.462962962963
0.091065747406	0.0224948875256	29	309	3	0	25	0.462962962963
0.091171742974	0.0245398773006	30	309	3	0	25	0.454545454545
0.0913136017278	0.0245398773006	30	310	3	0	25	0.454545454545
0.091417808325	0.0245398773006	30	311	3	0	25	0.454545454545
0.0921081366554	0.0245398773006	30	312	3	0	25	0.454545454545
0.0923856985004	0.0245398773006	30	313	3	0	25	0.454545454545
0.092399369005	0.0245398773006	30	314	3	0	25	0.454545454545
0.0927123012877	0.0245398773006	30	315	3	0	25	0.454545454545
0.0930568212202	0.0245398773006	30	316	3	0	25	0.454545454545
0.0932566872556	0.0245398773006	30	317	3	0	25	0.454545454545
0.0934518108517	0.0245398773006	30	318	3	0	25	0.454545454545
0.0935785516896	0.0245398773006	30	319	3	0	25	0.454545454545
0.0938102625846	0.0245398773006	30	320	3	0	25	0.454545454545
0.0940378471167	0.0245398773006	30	321	3	0	25	0.454545454545
0.0940661048743	0.0265848670757	31	321	3	0	25	0.446428571429
0.0946264704913	0.0265848670757	31	322	3	0	25	0.446428571429
0.0947642423977	0.0265848670757	31	323	3	0	25	0.446428571429
0.0949903047338	0.0265848670757	31	324	3	0	25	0.446428571429
0.0954982949076	0.0265848670757	31	325	3	0	25	0.446428571429
0.0955976200673	0.0265848670757	31	326	3	0	25	0.446428571429
0.0962215268987	0.0265848670757	31	327	3	0	25	0.446428571429
0.0964078856984	0.0265848670757	31	328	3	0	25	0.446428571429
0.0964745418865	0.0245398773006	31	329	3	0	26	0.456140350877
0.096508499589	0.0245398773006	31	330	3	0	26	0.456140350877
0.0965093751333	0.0245398773006	31	331	3	0	26	0.456140350877
0.096916778522	0.0245398773006	31	332	3	0	26	0.456140350877
0.0975701006366	0.0245398773006	31	333	3	0	26	0.456140350877
0.0979658898026	0.0245398773006	31	334	3	0	26	0.456140350877
0.0980941964258	0.0265848670757	32	334	3	0	26	0.448275862069
0.0986855329099	0.0265848670757	32	335	3	0	26	0.448275862069
0.0987109575125	0.0265848670757	32	336	3	0	26	0.448275862069
0.0992727936561	0.0245398773006	32	337	3	0	27	0.457627118644
0.0992882040295	0.0245398773006	32	338	3	0	27	0.457627118644
0.0995167992813	0.0245398773006	32	339	3	0	27	0.457627118644
0.0996462980783	0.0245398773006	32	340	3	0	27	0.457627118644
0.100592332394	0.0245398773006	32	341	3	0	27	0.457627118644
0.100601495841	0.0265848670757	33	341	3	0	27	0.45
0.101060000026	0.0265848670757	33	342	3	0	27	0.45
0.101434547917	0.0265848670757	33	343	3	0	27	0.45
0.101619153391	0.0265848670757	33	344	3	0	27	0.45
0.101751428488	0.0265848670757	33	345	3	0	27	0.45
0.102080180796	0.0286298568507	34	345	3	0	27	0.44262295082
0.102128356298	0.0286298568507	34	346	3	0	27	0.44262295082
0.102270593671	0.0286298568507	34	347	3	0	27	0.44262295082
0.10251775676	0.0286298568507	34	348	3	0	27	0.44262295082
0.102529587581	0.0286298568507	34	349	3	0	27	0.44262295082
0.102832091317	0.0306748466258	35	349	3	0	27	0.435483870968
0.103205625506	0.0306748466258	35	350	3	0	27	0.435483870968
0.104285338892	0.0306748466258	35	351	3	0	27	0.435483870968
0.104356130941	0.0306748466258	35	352	3	0	27	0.435483870968
0.104677150702	0.0306748466258	35	353	3	0	27	0.435483870968
0.105721625486	0.0306748466258	35	354	3	0	27	0.435483870968
0.106901039465	0.0306748466258	35	355	3	0	27	0.435483870968
0.107189363354	0.0306748466258	35	356	3	0	27	0.435483870968
0.107325346629	0.0306748466258	35	357	3	0	27	0.435483870968
0.107804667628	0.0306748466258	35	358	3	0	27	0.435483870968
0.107982946242	0.0306748466258	35	359	3	0	27	0.435483870968
0.108044208758	0.0306748466258	35	360	3	0	27	0.435483870968
0.108347897244	0.0327198364008	36	360	3	0	27	0.428571428571
0.109009692628	0.0306748466258	36	361	3	0	28	0.4375
0.109218784815	0.0286298568507	36	362	3	0	29	0.446153846154
0.109542017037	0.0286298568507	36	363	3	0	29	0.446153846154
0.109935832897	0.0286298568507	36	364	3	0	29	0.446153846154
0.110356723949	0.0286298568507	36	365	3	0	29	0.446153846154
0.111218504939	0.0286298568507	36	366	3	0	29	0.446153846154
0.111541892166	0.0286298568507	36	367	3	0	29	0.446153846154
0.111581780554	0.0286298568507	36	368	3	0	29	0.446153846154
0.11172054946	0.0306748466258	37	368	3	0	29	0.439393939394
0.112217737751	0.0306748466258	37	369	3	0	29	0.439393939394
0.11290213255	0.0306748466258	37	370	3	0	29	0.439393939394
0.112963835231	0.0306748466258	37	371	3	0	29	0.439393939394
0.113120117021	0.0306748466258	37	372	3	0	29	0.439393939394
0.113340348375	0.0306748466258	37	373	3	0	29	0.439393939394
0.113654760593	0.0306748466258	37	374	3	0	29	0.439393939394
0.11433338849	0.0306748466258	37	375	3	0	29	0.439393939394
0.114364842836	0.0286298568507	37	376	3	0	30	0.44776119403
0.1147064816	0.0286298568507	37	377	3	0	30	0.44776119403
0.114843595572	0.0286298568507	37	378	3	0	30	0.44776119403
0.114906300085	0.0286298568507	37	379	3	0	30	0.44776119403
0.115053828137	0.0286298568507	37	380	3	0	30	0.44776119403
0.115356594508	0.0286298568507	37	381	3	0	30	0.44776119403
0.11600264657	0.0286298568507	37	382	3	0	30	0.44776119403
0.116163159581	0.0286298568507	37	383	3	0	30	0.44776119403
0.116259087188	0.0286298568507	37	384	3	0	30	0.44776119403
0.116473636585	0.0286298568507	37	385	3	0	30	0.44776119403
0.116484383265	0.0286298568507	37	386	3	0	30	0.44776119403
0.116832581463	0.0306748466258	38	386	3	0	30	0.441176470588
0.117270731094	0.0306748466258	38	387	3	0	30	0.441176470588
0.117907644945	0.0306748466258	38	388	3	0	30	0.441176470588
0.117951364496	0.0306748466258	38	389	3	0	30	0.441176470588
0.118261425902	0.0306748466258	38	390	3	0	30	0.441176470588
0.118291933578	0.0306748466258	38	391	3	0	30	0.441176470588
0.11874338498	0.0306748466258	38	392	3	0	30	0.441176470588
0.119186180066	0.0306748466258	38	393	3	0	30	0.441176470588
0.119790563536	0.0306748466258	38	394	3	0	30	0.441176470588
0.120422053606	0.0306748466258	38	395	3	0	30	0.441176470588
0.120960779328	0.0306748466258	38	396	3	0	30	0.441176470588
0.121408075206	0.0306748466258	38	397	3	0	30	0.441176470588
0.121559340483	0.0306748466258	38	398	3	0	30	0.441176470588
0.121911473698	0.0286298568507	38	399	3	0	31	0.449275362319
0.122654538272	0.0286298568507	38	400	3	0	31	0.449275362319
0.122676592619	0.0286298568507	38	401	3	0	31	0.449275362319
0.123509481737	0.0286298568507	38	402	3	0	31	0.449275362319
0.123655410464	0.0286298568507	38	403	3	0	31	0.449275362319
0.124132210883	0.0286298568507	38	404	3	0	31	0.449275362319
0.124224577279	0.0286298568507	38	405	3	0	31	0.449275362319
0.124249437318	0.0286298568507	38	406	3	0	31	0.449275362319
0.124743777554	0.0286298568507	38	407	3	0	31	0.449275362319
0.12475727433	0.0286298568507	38	408	3	0	31	0.449275362319
0.12492813685	0.0286298568507	38	409	3	0	31	0.449275362319
0.125040562333	0.0265848670757	38	410	3	0	32	0.457142857143
0.125398686247	0.0286298568507	39	410	3	0	32	0.450704225352
0.125828954938	0.0265848670757	39	411	3	0	33	0.458333333333
0.126072537144	0.0265848670757	39	412	3	0	33	0.458333333333
0.12639185867	0.0265848670757	39	413	3	0	33	0.458333333333
0.126574764264	0.0265848670757	39	414	3	0	33	0.458333333333
0.126694644776	0.0286298568507	40	414	3	0	33	0.452054794521
0.126853499675	0.0306748466258	41	414	3	0	33	0.445945945946
0.127060728765	0.0306748466258	41	415	3	0	33	0.445945945946
0.127346672185	0.0306748466258	41	416	3	0	33	0.445945945946
0.127422593646	0.0286298568507	41	417	3	0	34	0.453333333333
0.127647979382	0.0306748466258	42	417	3	0	34	0.447368421053
0.128008883751	0.0306748466258	42	418	3	0	34	0.447368421053
0.128280926143	0.0306748466258	42	419	3	0	34	0.447368421053
0.128453592507	0.0327198364008	43	419	3	0	34	0.441558441558
0.128827563318	0.0347648261759	44	419	3	0	34	0.435897435897
0.12889521586	0.0368098159509	45	419	3	0	34	0.430379746835
0.129018895693	0.0368098159509	45	420	3	0	34	0.430379746835
0.129128392474	0.0368098159509	45	421	3	0	34	0.430379746835
0.129446683232	0.0368098159509	45	422	3	0	34	0.430379746835
0.129468069236	0.0368098159509	45	423	3	0	34	0.430379746835
0.129764695264	0.0368098159509	45	424	3	0	34	0.430379746835
0.129875468475	0.038854805726	46	424	3	0	34	0.425
0.130691714648	0.038854805726	46	425	3	0	34	0.425
0.130778260877	0.038854805726	46	426	3	0	34	0.425
0.130887897874	0.038854805726	46	427	3	0	34	0.425
0.131111364718	0.0368098159509	46	428	3	0	35	0.432098765432
0.131723693985	0.0347648261759	46	429	3	0	36	0.439024390244
0.1317432373	0.0347648261759	46	430	3	0	36	0.439024390244
0.131774227428	0.0347648261759	46	431	3	0	36	0.439024390244
0.132141678445	0.0347648261759	46	432	3	0	36	0.439024390244
0.132162445367	0.0347648261759	46	433	3	0	36	0.439024390244
0.132766804221	0.0327198364008	46	434	3	0	37	0.44578313253
0.133343487878	0.0327198364008	46	435	3	0	37	0.44578313253
0.133421115712	0.0327198364008	46	436	3	0	37	0.44578313253
0.133422410553	0.0327198364008	46	437	3	0	37	0.44578313253
0.13350431009	0.0327198364008	46	438	3	0	37	0.44578313253
0.133913947289	0.0327198364008	46	439	3	0	37	0.44578313253
0.133948133327	0.0327198364008	46	440	3	0	37	0.44578313253
0.133965738277	0.0327198364008	46	441	3	0	37	0.44578313253
0.134097964858	0.0306748466258	46	442	3	0	38	0.452380952381
0.134236645016	0.0306748466258	46	443	3	0	38	0.452380952381
0.134281985422	0.0286298568507	46	444	3	0	39	0.458823529412
0.134514873952	0.0286298568507	46	445	3	0	39	0.458823529412
0.134874776003	0.0286298568507	46	446	3	0	39	0.458823529412
0.135228808942	0.0265848670757	46	447	3	0	40	0.46511627907
0.135273695074	0.0265848670757	46	448	3	0	40	0.46511627907
0.135608755971	0.0265848670757	46	449	3	0	40	0.46511627907
0.136079550036	0.0265848670757	46	450	3	0	40	0.46511627907
0.136205048351	0.0265848670757	46	451	3	0	40	0.46511627907
0.136395052619	0.0265848670757	46	452	3	0	40	0.46511627907
0.136459658784	0.0265848670757	46	453	3	0	40	0.46511627907
0.136586691265	0.0286298568507	47	453	3	0	40	0.459770114943
0.136840023814	0.0286298568507	47	454	3	0	40	0.459770114943
0.137317217736	0.0286298568507	47	455	3	0	40	0.459770114943
0.137627923197	0.0286298568507	47	456	3	0	40	0.459770114943
0.137729018545	0.0286298568507	47	457	3	0	40	0.459770114943
0.138833865882	0.0286298568507	47	458	3	0	40	0.459770114943
0.139081835943	0.0286298568507	47	459	3	0	40	0.459770114943
0.139407425893	0.0265848670757	47	460	3	0	41	0.465909090909
0.140487351246	0.0265848670757	47	461	3	0	41	0.465909090909
0.140844254685	0.0265848670757	47	462	3	0	41	0.465909090909
0.140973440322	0.0265848670757	47	463	3	0	41	0.465909090909
0.141015924361	0.0286298568507	48	463	3	0	41	0.460674157303
0.141108238138	0.0286298568507	48	464	3	0	41	0.460674157303
0.141819377457	0.0286298568507	48	465	3	0	41	0.460674157303
0.141841451658	0.0286298568507	48	466	3	0	41	0.460674157303
0.142025652312	0.0286298568507	48	467	3	0	41	0.460674157303
0.142179757264	0.0286298568507	48	468	3	0	41	0.460674157303
0.142184152893	0.0306748466258	49	468	3	0	41	0.455555555556
0.142670343831	0.0306748466258	49	469	3	0	41	0.455555555556
0.142988000214	0.0286298568507	49	470	3	0	42	0.461538461538
0.143692792952	0.0286298568507	49	471	3	0	42	0.461538461538
0.14376938749	0.0286298568507	49	472	3	0	42	0.461538461538
0.143880398411	0.0286298568507	49	473	3	0	42	0.461538461538
0.144068555815	0.0265848670757	49	474	3	0	43	0.467391304348
0.144579498404	0.0286298568507	50	474	3	0	43	0.462365591398
0.144639405427	0.0265848670757	50	475	3	0	44	0.468085106383
0.145101406569	0.0265848670757	50	476	3	0	44	0.468085106383
0.145143352088	0.0286298568507	51	476	3	0	44	0.463157894737
0.145171116712	0.0286298568507	51	477	3	0	44	0.463157894737
0.145202951898	0.0286298568507	51	478	3	0	44	0.463157894737
0.145227316238	0.0286298568507	51	479	3	0	44	0.463157894737
0.145347934016	0.0286298568507	51	480	3	0	44	0.463157894737
0.145756195595	0.0286298568507	51	481	3	0	44	0.463157894737
0.146398042641	0.0286298568507	51	482	3	0	44	0.463157894737
0.146415414639	0.0286298568507	51	483	3	0	44	0.463157894737
0.147838084287	0.0286298568507	51	484	3	0	44	0.463157894737
0.149436086213	0.0286298568507	51	485	3	0	44	0.463157894737
0.149447153431	0.0286298568507	51	486	3	0	44	0.463157894737
0.149797356018	0.0286298568507	51	487	3	0	44	0.463157894737
0.149957634222	0.0286298568507	51	488	3	0	44	0.463157894737
0.150781880289	0.0286298568507	51	489	3	0	44	0.463157894737
0.151041977493	0.0286298568507	51	490	3	0	44	0.463157894737
0.151107061465	0.0306748466258	52	490	3	0	44	0.458333333333
0.151807259559	0.0306748466258	52	491	3	0	44	0.458333333333
0.151940728313	0.0306748466258	52	492	3	0	44	0.458333333333
0.151983013877	0.0306748466258	52	493	3	0	44	0.458333333333
0.152104569933	0.0306748466258	52	494	3	0	44	0.458333333333
0.152226494752	0.0306748466258	52	495	3	0	44	0.458333333333
0.152608284028	0.0306748466258	52	496	3	0	44	0.458333333333
0.152640104717	0.0306748466258	52	497	3	0	44	0.458333333333
0.152915674326	0.0306748466258	52	498	3	0	44	0.458333333333
0.153218966456	0.0306748466258	52	499	3	0	44	0.458333333333
0.15372088043	0.0327198364008	53	499	3	0	44	0.453608247423
0.153975924075	0.0327198364008	53	500	3	0	44	0.453608247423
0.154422832737	0.0327198364008	53	501	3	0	44	0.453608247423
0.154541872276	0.0327198364008	53	502	3	0	44	0.453608247423
0.155443074591	0.0327198364008	53	503	3	0	44	0.453608247423
0.155467191421	0.0347648261759	54	503	3	0	44	0.448979591837
0.156492531802	0.0347648261759	54	504	3	0	44	0.448979591837
0.15651810101	0.0347648261759	54	505	3	0	44	0.448979591837
0.156927467632	0.0347648261759	54	506	3	0	44	0.448979591837
0.157422042844	0.0368098159509	55	506	3	0	44	0.444444444444
0.157484730815	0.0368098159509	55	507	3	0	44	0.444444444444
0.157510348742	0.0368098159509	55	508	3	0	44	0.444444444444
0.157706947132	0.0368098159509	55	509	3	0	44	0.444444444444
0.157896248161	0.0368098159509	55	510	3	0	44	0.444444444444
0.158659207408	0.0368098159509	55	511	3	0	44	0.444444444444
0.158948710219	0.0368098159509	55	512	3	0	44	0.444444444444
0.159664734996	0.0368098159509	55	513	3	0	44	0.444444444444
0.159751623641	0.0368098159509	55	514	3	0	44	0.444444444444
0.160411824079	0.0368098159509	55	515	3	0	44	0.444444444444
0.160431860312	0.0368098159509	55	516	3	0	44	0.444444444444
0.160647916889	0.038854805726	56	516	3	0	44	0.44
0.160650692928	0.038854805726	56	517	3	0	44	0.44
0.16119021764	0.038854805726	56	518	3	0	44	0.44
0.161722983305	0.038854805726	56	519	3	0	44	0.44
0.161882879679	0.038854805726	56	520	3	0	44	0.44
0.162044843434	0.038854805726	56	521	3	0	44	0.44
0.162118900697	0.038854805726	56	522	3	0	44	0.44
0.162427036211	0.038854805726	56	523	3	0	44	0.44
0.162451637934	0.038854805726	56	524	3	0	44	0.44
0.162763832696	0.038854805726	56	525	3	0	44	0.44
0.162805828168	0.0368098159509	56	526	3	0	45	0.445544554455
0.162959024068	0.0368098159509	56	527	3	0	45	0.445544554455
0.163230788098	0.0368098159509	56	528	3	0	45	0.445544554455
0.163303746356	0.0368098159509	56	529	3	0	45	0.445544554455
0.163548697273	0.0368098159509	56	530	3	0	45	0.445544554455
0.163616854903	0.0368098159509	56	531	3	0	45	0.445544554455
0.163974877726	0.0347648261759	56	532	3	0	46	0.450980392157
0.164105490726	0.0347648261759	56	533	3	0	46	0.450980392157
0.164501171164	0.0347648261759	56	534	3	0	46	0.450980392157
0.16466217669	0.0347648261759	56	535	3	0	46	0.450980392157
0.164665572628	0.0347648261759	56	536	3	0	46	0.450980392157
0.165011410487	0.0347648261759	56	537	3	0	46	0.450980392157
0.165054623378	0.0347648261759	56	538	3	0	46	0.450980392157
0.165085934421	0.0347648261759	56	539	3	0	46	0.450980392157
0.165893748933	0.0327198364008	56	540	3	0	47	0.456310679612
0.166128750422	0.0327198364008	56	541	3	0	47	0.456310679612
0.166345789525	0.0327198364008	56	542	3	0	47	0.456310679612
0.166564078654	0.0327198364008	56	543	3	0	47	0.456310679612
0.166612407752	0.0327198364008	56	544	3	0	47	0.456310679612
0.166692347582	0.0327198364008	56	545	3	0	47	0.456310679612
0.166962516988	0.0327198364008	56	546	3	0	47	0.456310679612
0.167114045965	0.0347648261759	57	546	3	0	47	0.451923076923
0.167268382647	0.0347648261759	57	547	3	0	47	0.451923076923
0.1674608913	0.0347648261759	57	548	3	0	47	0.451923076923
0.167558047005	0.0347648261759	57	549	3	0	47	0.451923076923
0.167806538654	0.0347648261759	57	550	3	0	47	0.451923076923
0.167840389668	0.0347648261759	57	551	3	0	47	0.451923076923
0.168093817252	0.0327198364008	57	552	3	0	48	0.457142857143
0.168198009915	0.0327198364008	57	553	3	0	48	0.457142857143
0.16832831677	0.0327198364008	57	554	3	0	48	0.457142857143
0.168391672634	0.0327198364008	57	555	3	0	48	0.457142857143
0.168594454867	0.0327198364008	57	556	3	0	48	0.457142857143
0.16874385133	0.0347648261759	58	556	3	0	48	0.452830188679
0.168937649881	0.0347648261759	58	557	3	0	48	0.452830188679
0.169097329109	0.0347648261759	58	558	3	0	48	0.452830188679
0.169189747341	0.0347648261759	58	559	3	0	48	0.452830188679
0.170245900904	0.0347648261759	58	560	3	0	48	0.452830188679
0.170859681874	0.0347648261759	58	561	3	0	48	0.452830188679
0.171166396829	0.0368098159509	59	561	3	0	48	0.448598130841
0.171627888207	0.0368098159509	59	562	3	0	48	0.448598130841
