# time 	 divergence 	 # of mutations 	 # IGC chances 	 IGC length 	 # IGC failures 	 Changes due to IGC  	 % change due to IGC 
0.0	0.712475633528	0	0	0	0	0	0.0
0.000309956966425	0.712475633528	1	0	0	0	0	0.0
0.000406401089213	0.711500974659	2	0	0	0	0	0.0
0.00233265494021	0.711500974659	3	0	0	0	0	0.0
0.00340990670729	0.712475633528	4	0	0	0	0	0.0
0.00348180837953	0.712475633528	5	0	0	0	0	0.0
0.00558393447085	0.713450292398	6	0	0	0	0	0.0
0.00592471062485	0.713450292398	7	0	0	0	0	0.0
0.00700092739709	0.714424951267	8	0	0	0	0	0.0
0.0108093966697	0.714424951267	9	0	0	0	0	0.0
0.0112008332737	0.714424951267	10	0	0	0	0	0.0
0.0122373517715	0.715399610136	11	0	0	0	0	0.0
0.0131447024356	0.715399610136	12	0	0	0	0	0.0
0.0136999283217	0.715399610136	13	0	0	0	0	0.0
0.0141704822715	0.715399610136	14	0	0	0	0	0.0
0.0159366928394	0.716374269006	15	0	0	0	0	0.0
0.0169119744979	0.717348927875	16	0	0	0	0	0.0
0.0194074901978	0.717348927875	17	0	0	0	0	0.0
0.0210108962783	0.716374269006	18	0	0	0	0	0.0
0.0231857650804	0.716374269006	19	0	0	0	0	0.0
0.0231872196309	0.716374269006	20	0	0	0	0	0.0
0.0242729155036	0.717348927875	21	0	0	0	0	0.0
0.0254153291201	0.716374269006	22	0	0	0	0	0.0
0.0277591257144	0.717348927875	23	0	0	0	0	0.0
0.0285601567978	0.717348927875	24	0	0	0	0	0.0
0.0295138882625	0.716374269006	25	0	0	0	0	0.0
0.0297714959794	0.716374269006	26	0	0	0	0	0.0
0.0301709864447	0.716374269006	27	0	0	0	0	0.0
0.0314852136311	0.716374269006	28	0	0	0	0	0.0
0.0327406386397	0.715399610136	29	0	0	0	0	0.0
0.0357894214163	0.715399610136	30	0	0	0	0	0.0
0.0359648411285	0.716374269006	31	0	0	0	0	0.0
0.0369267574772	0.716374269006	32	0	0	0	0	0.0
0.0381888241212	0.716374269006	33	0	0	0	0	0.0
0.0395886595117	0.715399610136	34	0	0	0	0	0.0
0.0408572044491	0.714424951267	35	0	0	0	0	0.0
0.0435386631951	0.714424951267	36	0	0	0	0	0.0
0.0445511842742	0.713450292398	37	0	0	0	0	0.0
0.0450514999879	0.713450292398	38	0	0	0	0	0.0
0.0502212232178	0.712475633528	39	0	0	0	0	0.0
0.0524963698826	0.711500974659	40	0	0	0	0	0.0
0.0544453515859	0.711500974659	41	0	0	0	0	0.0
