# time 	 divergence 	 # of mutations 	 # IGC chances 	 IGC length 	 # IGC failures 	 Changes due to IGC  	 % change due to IGC 
0.0	0.230107526882	0	0	0	0	0	0.0
0.000922481326103	0.231182795699	1	0	0	0	0	0.0
0.00186656946189	0.232258064516	2	0	0	0	0	0.0
0.00192603683985	0.233333333333	3	0	0	0	0	0.0
0.00256700390482	0.234408602151	4	0	0	0	0	0.0
0.0037994164411	0.235483870968	5	0	0	0	0	0.0
0.00419135219905	0.236559139785	6	0	0	0	0	0.0
0.00456567713665	0.237634408602	7	0	0	0	0	0.0
0.00471662353464	0.238709677419	8	0	0	0	0	0.0
0.00965171338928	0.239784946237	9	0	0	0	0	0.0
0.0124273779605	0.240860215054	10	0	0	0	0	0.0
0.0147034117858	0.241935483871	11	0	0	0	0	0.0
0.0161261623624	0.243010752688	12	0	0	0	0	0.0
0.0180493330244	0.244086021505	13	0	0	0	0	0.0
0.0209055740443	0.244086021505	14	0	0	0	0	0.0
0.0210828498114	0.244086021505	15	0	0	0	0	0.0
0.0222738263875	0.245161290323	16	0	0	0	0	0.0
0.0291392978837	0.24623655914	17	0	0	0	0	0.0
0.0311082370135	0.247311827957	18	0	0	0	0	0.0
0.0312171628294	0.248387096774	19	0	0	0	0	0.0
0.0313953585077	0.249462365591	20	0	0	0	0	0.0
0.032967234833	0.250537634409	21	0	0	0	0	0.0
0.0352026537074	0.251612903226	22	0	0	0	0	0.0
0.0370817141628	0.251612903226	23	0	0	0	0	0.0
0.0375654992543	0.251612903226	24	0	0	0	0	0.0
0.0382933670433	0.251612903226	25	0	0	0	0	0.0
0.0390272437177	0.251612903226	26	0	0	0	0	0.0
0.0404156465817	0.252688172043	27	0	0	0	0	0.0
0.0407769296441	0.25376344086	28	0	0	0	0	0.0
0.0410413588396	0.254838709677	29	0	0	0	0	0.0
0.0411356455349	0.255913978495	30	0	0	0	0	0.0
0.0413480391711	0.254838709677	31	0	0	0	0	0.0
0.0431038075504	0.254838709677	32	0	0	0	0	0.0
0.0445243174903	0.255913978495	33	0	0	0	0	0.0
0.0450698958097	0.255913978495	34	0	0	0	0	0.0
0.0468999817346	0.255913978495	35	0	0	0	0	0.0
0.0469087959688	0.256989247312	36	0	0	0	0	0.0
0.0475381185674	0.256989247312	37	0	0	0	0	0.0
0.0483435333736	0.258064516129	38	0	0	0	0	0.0
0.0510426500368	0.259139784946	39	0	0	0	0	0.0
0.0515586467918	0.260215053763	40	0	0	0	0	0.0
0.0527041810426	0.261290322581	41	0	0	0	0	0.0
0.0572578609051	0.261290322581	42	0	0	0	0	0.0
0.0584757215109	0.262365591398	43	0	0	0	0	0.0
0.0605588201871	0.263440860215	44	0	0	0	0	0.0
0.0615133456084	0.262365591398	45	0	0	0	0	0.0
0.0622315612582	0.262365591398	46	0	0	0	0	0.0
0.0637865221058	0.263440860215	47	0	0	0	0	0.0
0.0647562344591	0.264516129032	48	0	0	0	0	0.0
0.065095963888	0.265591397849	49	0	0	0	0	0.0
0.0695723442306	0.265591397849	50	0	0	0	0	0.0
0.0725582022415	0.265591397849	51	0	0	0	0	0.0
0.0731131696887	0.266666666667	52	0	0	0	0	0.0
0.0737520730554	0.265591397849	53	0	0	0	0	0.0
0.0757368967074	0.265591397849	54	0	0	0	0	0.0
0.0758732582825	0.266666666667	55	0	0	0	0	0.0
0.0767352511973	0.267741935484	56	0	0	0	0	0.0
0.078415063842	0.267741935484	57	0	0	0	0	0.0
0.0786311540891	0.268817204301	58	0	0	0	0	0.0
0.0805702924328	0.268817204301	59	0	0	0	0	0.0
0.0807816590937	0.269892473118	60	0	0	0	0	0.0
0.0818293057155	0.270967741935	61	0	0	0	0	0.0
0.0825931702952	0.272043010753	62	0	0	0	0	0.0
0.0835055305326	0.27311827957	63	0	0	0	0	0.0
0.0836809224272	0.274193548387	64	0	0	0	0	0.0
