# time 	 divergence 	 # of mutations 	 # IGC chances 	 IGC length 	 # IGC failures 	 Changes due to IGC  	 % change due to IGC 
0.0	0.0	0	0	0	0	0	0.0
0.00108842987395	0.00213675213675	1	0	0	0	0	0.0
0.00177426198709	0.00213675213675	1	1	12	0	0	0.0
0.00204371875235	0.0042735042735	2	1	12	0	0	0.0
0.00223290351523	0.0042735042735	2	2	12	0	0	0.0
0.00242934821985	0.00641025641026	3	2	12	0	0	0.0
0.00310163710545	0.00854700854701	4	2	12	0	0	0.0
0.00352681722528	0.00854700854701	4	3	18	0	0	0.0
0.00491297508685	0.00854700854701	4	4	3	0	0	0.0
0.00593187178359	0.00854700854701	4	5	21	0	0	0.0
0.00721066832636	0.00641025641026	4	6	3	0	1	0.2
0.00739182071945	0.00854700854701	5	6	3	0	1	0.166666666667
0.00753635199621	0.00854700854701	5	7	3	0	1	0.166666666667
0.0115669182833	0.00854700854701	5	8	3	0	1	0.166666666667
0.0122785801212	0.0106837606838	6	8	3	0	1	0.142857142857
0.0135006034642	0.0106837606838	6	9	3	0	1	0.142857142857
0.0144156823363	0.0106837606838	6	10	3	0	1	0.142857142857
0.0184003745432	0.0128205128205	7	10	3	0	1	0.125
0.0197566600303	0.0149572649573	8	10	3	0	1	0.111111111111
0.0219149264782	0.017094017094	9	10	3	0	1	0.1
0.0239735937162	0.017094017094	9	11	3	0	1	0.1
0.0271561833827	0.017094017094	9	12	6	0	1	0.1
0.0285019620769	0.0192307692308	10	12	6	0	1	0.0909090909091
0.0306618057774	0.0213675213675	11	12	6	0	1	0.0833333333333
0.0312831515152	0.0213675213675	11	13	6	0	1	0.0833333333333
0.0317267369558	0.0213675213675	11	14	9	0	1	0.0833333333333
0.0335294572938	0.0235042735043	12	14	9	0	1	0.0769230769231
0.034357781873	0.0235042735043	12	15	9	0	1	0.0769230769231
0.0358847554055	0.0192307692308	12	16	24	0	3	0.2
0.0367781923782	0.0192307692308	12	17	6	0	3	0.2
0.0370024421302	0.0192307692308	12	18	3	0	3	0.2
0.0375406113359	0.0192307692308	12	19	3	0	3	0.2
0.0377837811958	0.0192307692308	12	20	21	0	3	0.2
0.0378681329455	0.0192307692308	12	21	3	0	3	0.2
0.0400805705827	0.0213675213675	13	21	3	0	3	0.1875
0.0426736034175	0.0213675213675	13	22	27	0	3	0.1875
0.0439420180832	0.0213675213675	13	23	9	0	3	0.1875
0.044260827274	0.0235042735043	14	23	9	0	3	0.176470588235
0.0445230273439	0.0235042735043	14	24	6	0	3	0.176470588235
0.045365449404	0.0235042735043	14	25	3	0	3	0.176470588235
0.0453963400494	0.025641025641	15	25	3	0	3	0.166666666667
0.0476714845052	0.025641025641	15	26	3	0	3	0.166666666667
0.0491451815394	0.025641025641	15	27	6	0	3	0.166666666667
0.0496693638861	0.025641025641	15	28	21	0	3	0.166666666667
0.0508711486171	0.0277777777778	16	28	21	0	3	0.157894736842
0.0513931152859	0.0299145299145	17	28	21	0	3	0.15
0.0537603837674	0.0299145299145	17	29	12	0	3	0.15
0.054096130926	0.0277777777778	17	30	3	0	4	0.190476190476
0.056025367356	0.0299145299145	18	30	3	0	4	0.181818181818
0.0564119976684	0.0299145299145	18	31	9	0	4	0.181818181818
0.0568450188126	0.0320512820513	19	31	9	0	4	0.173913043478
0.0579944897266	0.0320512820513	19	32	36	0	4	0.173913043478
0.0582335296986	0.034188034188	20	32	36	0	4	0.166666666667
0.0584276243049	0.034188034188	20	33	12	0	4	0.166666666667
0.0595118877812	0.034188034188	20	34	3	0	4	0.166666666667
0.0607606276901	0.0320512820513	20	35	6	0	5	0.2
0.0612266410289	0.0320512820513	20	36	15	0	5	0.2
0.0631407709775	0.034188034188	21	36	15	0	5	0.192307692308
0.0641851194459	0.0363247863248	22	36	15	0	5	0.185185185185
0.064400051127	0.0384615384615	23	36	15	0	5	0.178571428571
0.0653881887297	0.0405982905983	24	36	15	0	5	0.172413793103
0.0655982348179	0.0405982905983	24	37	12	0	5	0.172413793103
0.065967938335	0.0384615384615	24	38	12	0	6	0.2
0.0661284752217	0.0384615384615	24	39	3	0	6	0.2
0.0661656688387	0.0405982905983	25	39	3	0	6	0.193548387097
0.0679224686779	0.0405982905983	25	40	12	0	6	0.193548387097
0.0681746619821	0.042735042735	26	40	12	0	6	0.1875
0.0723629689065	0.042735042735	26	41	6	0	6	0.1875
0.072779330057	0.042735042735	26	42	6	0	6	0.1875
0.0734701734222	0.0405982905983	26	43	21	0	7	0.212121212121
0.0742742984462	0.0384615384615	26	44	12	0	8	0.235294117647
0.0743854227957	0.0405982905983	27	44	12	0	8	0.228571428571
0.0746584171736	0.0405982905983	27	45	9	0	8	0.228571428571
0.0750838795641	0.0405982905983	27	46	3	0	8	0.228571428571
0.0753697238873	0.0384615384615	27	47	6	0	9	0.25
0.0757411085394	0.0405982905983	28	47	6	0	9	0.243243243243
0.0758087483955	0.0405982905983	28	48	3	0	9	0.243243243243
0.0769956643979	0.0405982905983	28	49	3	0	9	0.243243243243
0.0782638864853	0.0405982905983	28	50	3	0	9	0.243243243243
0.0799980297451	0.0405982905983	29	50	3	0	9	0.236842105263
0.0811599313656	0.042735042735	30	50	3	0	9	0.230769230769
0.0835929535948	0.0448717948718	31	50	3	0	9	0.225
0.085942917411	0.0470085470085	32	50	3	0	9	0.219512195122
0.0878203658761	0.0470085470085	32	51	3	0	9	0.219512195122
0.0881817759923	0.0491452991453	33	51	3	0	9	0.214285714286
0.0888375146279	0.0491452991453	33	52	12	0	9	0.214285714286
0.0891077912734	0.0491452991453	33	53	3	0	9	0.214285714286
0.0897452251605	0.0491452991453	33	54	18	0	9	0.214285714286
0.090371871999	0.0491452991453	33	55	15	0	9	0.214285714286
0.090994955117	0.0470085470085	33	56	3	0	10	0.232558139535
0.0915991250528	0.0491452991453	34	56	3	0	10	0.227272727273
0.0918388654867	0.0470085470085	34	57	12	0	11	0.244444444444
0.0931519274128	0.0491452991453	35	57	12	0	11	0.239130434783
0.0946747094406	0.0470085470085	35	58	12	0	12	0.255319148936
0.096512028594	0.0448717948718	35	59	24	0	13	0.270833333333
0.0966165597833	0.0470085470085	36	59	24	0	13	0.265306122449
0.0972862052861	0.0470085470085	36	60	9	0	13	0.265306122449
0.101815492702	0.0491452991453	37	60	9	0	13	0.26
0.103773834072	0.0491452991453	37	61	3	0	13	0.26
0.104189074199	0.0512820512821	38	61	3	0	13	0.254901960784
0.105010038359	0.0512820512821	38	62	3	0	13	0.254901960784
0.107328511306	0.0534188034188	39	62	3	0	13	0.25
0.107347113853	0.0534188034188	39	63	15	0	13	0.25
0.107865062761	0.0534188034188	39	64	12	0	13	0.25
0.108633826975	0.0534188034188	39	65	15	0	13	0.25
0.111234156099	0.0512820512821	39	66	6	0	14	0.264150943396
0.111317861708	0.0534188034188	40	66	6	0	14	0.259259259259
0.112650428685	0.0512820512821	40	67	15	0	15	0.272727272727
0.113959692353	0.0534188034188	41	67	15	0	15	0.267857142857
0.117115671435	0.0555555555556	42	67	15	0	15	0.263157894737
0.11744464749	0.0555555555556	42	68	6	0	15	0.263157894737
0.119630708027	0.0576923076923	43	68	6	0	15	0.258620689655
0.119992233947	0.0598290598291	44	68	6	0	15	0.254237288136
0.12054747465	0.0598290598291	44	69	3	0	15	0.254237288136
0.120632120117	0.0534188034188	44	70	21	0	18	0.290322580645
0.120679523134	0.0555555555556	45	70	21	0	18	0.285714285714
0.122533276013	0.0576923076923	46	70	21	0	18	0.28125
0.122591933056	0.0576923076923	46	71	18	0	18	0.28125
0.125806199381	0.0576923076923	46	72	3	0	18	0.28125
0.125977308545	0.0598290598291	47	72	3	0	18	0.276923076923
0.126139582257	0.0598290598291	47	73	6	0	18	0.276923076923
0.127087661851	0.0598290598291	47	74	6	0	18	0.276923076923
0.127301814276	0.0619658119658	48	74	6	0	18	0.272727272727
0.128548809808	0.0641025641026	49	74	6	0	18	0.268656716418
0.129367885334	0.0641025641026	49	75	12	0	18	0.268656716418
0.130167685744	0.0662393162393	50	75	12	0	18	0.264705882353
0.130752247986	0.0641025641026	50	76	6	0	19	0.275362318841
0.132299220269	0.0662393162393	51	76	6	0	19	0.271428571429
0.132845053671	0.0683760683761	52	76	6	0	19	0.267605633803
0.133023619751	0.0683760683761	52	77	15	0	19	0.267605633803
0.133772507907	0.0705128205128	53	77	15	0	19	0.263888888889
0.134314007808	0.0705128205128	53	78	6	0	19	0.263888888889
0.135872135678	0.0705128205128	53	79	3	0	19	0.263888888889
0.136474052029	0.0705128205128	53	80	12	0	19	0.263888888889
0.137351283928	0.0705128205128	53	81	6	0	19	0.263888888889
0.138328330978	0.0705128205128	53	82	9	0	19	0.263888888889
0.139323460301	0.0705128205128	53	83	3	0	19	0.263888888889
0.143734051543	0.0683760683761	53	84	3	0	20	0.27397260274
0.143890169434	0.0683760683761	53	85	3	0	20	0.27397260274
0.146370901982	0.0555555555556	53	86	48	0	26	0.329113924051
0.14750580926	0.0555555555556	53	87	3	0	26	0.329113924051
0.1496639031	0.0576923076923	54	87	3	0	26	0.325
0.149832791661	0.0598290598291	55	87	3	0	26	0.320987654321
0.150395133145	0.0598290598291	55	88	15	0	26	0.320987654321
0.150904437437	0.0598290598291	55	89	9	0	26	0.320987654321
0.155209237797	0.0619658119658	56	89	9	0	26	0.317073170732
0.15854180246	0.0598290598291	56	90	9	0	27	0.325301204819
0.158807814894	0.0598290598291	56	91	3	0	27	0.325301204819
0.158938806699	0.0598290598291	56	92	3	0	27	0.325301204819
0.159886023891	0.0619658119658	57	92	3	0	27	0.321428571429
0.16176447549	0.0619658119658	57	93	3	0	27	0.321428571429
0.162645457656	0.0641025641026	58	93	3	0	27	0.317647058824
0.163701231464	0.0641025641026	58	94	6	0	27	0.317647058824
0.163734606052	0.0598290598291	58	95	15	0	29	0.333333333333
0.165515875041	0.0576923076923	59	95	15	0	29	0.329545454545
0.166498339103	0.0598290598291	60	95	15	0	29	0.325842696629
0.167632002725	0.0512820512821	60	96	54	0	33	0.354838709677
0.167642340196	0.0512820512821	60	97	24	0	33	0.354838709677
0.16839892036	0.0534188034188	61	97	24	0	33	0.351063829787
0.174095209492	0.0534188034188	61	98	15	0	33	0.351063829787
0.176659847942	0.0555555555556	62	98	15	0	33	0.347368421053
0.178850452073	0.0534188034188	63	98	15	0	33	0.34375
0.178871678398	0.0555555555556	64	98	15	0	33	0.340206185567
0.17945479153	0.0534188034188	64	99	12	0	34	0.34693877551
0.181002044351	0.0555555555556	65	99	12	0	34	0.343434343434
0.181024943303	0.0534188034188	65	100	9	0	35	0.35
0.181837063287	0.0534188034188	65	101	3	0	35	0.35
0.182706588933	0.0491452991453	65	102	18	0	37	0.362745098039
0.182952067889	0.0491452991453	65	103	9	0	37	0.362745098039
0.184266065363	0.0491452991453	65	104	6	0	37	0.362745098039
0.184983367585	0.0470085470085	65	105	6	0	38	0.368932038835
0.185243469091	0.0448717948718	65	106	6	0	39	0.375
0.188076849147	0.042735042735	65	107	21	0	40	0.380952380952
0.190379564983	0.042735042735	65	108	3	0	40	0.380952380952
0.190659368698	0.0448717948718	66	108	3	0	40	0.377358490566
0.191070687614	0.0448717948718	66	109	15	0	40	0.377358490566
0.191110305995	0.0448717948718	66	110	6	0	40	0.377358490566
0.191224131349	0.0448717948718	66	111	6	0	40	0.377358490566
0.192829455938	0.0448717948718	66	112	6	0	40	0.377358490566
0.193237766722	0.0470085470085	67	112	6	0	40	0.373831775701
0.193630618758	0.0491452991453	68	112	6	0	40	0.37037037037
0.195701027272	0.0512820512821	69	112	6	0	40	0.366972477064
0.198063226741	0.0534188034188	70	112	6	0	40	0.363636363636
0.201720622532	0.0512820512821	70	113	9	0	41	0.369369369369
0.2061025801	0.0534188034188	71	113	9	0	41	0.366071428571
0.207827621824	0.0512820512821	71	114	39	0	42	0.371681415929
0.212063625139	0.0491452991453	71	115	3	0	43	0.377192982456
0.215090637266	0.0491452991453	71	116	3	0	43	0.377192982456
0.21547683251	0.0491452991453	71	117	3	0	43	0.377192982456
0.215632877358	0.0491452991453	71	118	9	0	43	0.377192982456
0.216345488497	0.0512820512821	72	118	9	0	43	0.373913043478
0.217169217861	0.0534188034188	73	118	9	0	43	0.370689655172
0.220611392789	0.0555555555556	74	118	9	0	43	0.367521367521
0.220638159548	0.0555555555556	74	119	12	0	43	0.367521367521
0.222446422711	0.0555555555556	74	120	6	0	43	0.367521367521
0.223787860688	0.0555555555556	74	121	6	0	43	0.367521367521
0.22636122524	0.0555555555556	74	122	9	0	43	0.367521367521
0.227132485935	0.0576923076923	75	122	9	0	43	0.364406779661
0.22820294867	0.0576923076923	75	123	6	0	43	0.364406779661
0.230145872522	0.0576923076923	75	124	3	0	43	0.364406779661
0.230884799029	0.0598290598291	76	124	3	0	43	0.361344537815
0.232425712309	0.0598290598291	76	125	12	0	43	0.361344537815
0.232427438412	0.0534188034188	76	126	15	0	46	0.377049180328
0.235246220002	0.0470085470085	76	127	18	0	49	0.392
0.235246958799	0.0448717948718	76	128	15	0	50	0.396825396825
0.236713871435	0.0470085470085	77	128	15	0	50	0.393700787402
0.236974327794	0.0470085470085	77	129	6	0	50	0.393700787402
0.237193079749	0.0470085470085	77	130	6	0	50	0.393700787402
0.238355961665	0.0470085470085	77	131	3	0	50	0.393700787402
0.238505998207	0.0470085470085	77	132	6	0	50	0.393700787402
0.238677367764	0.0470085470085	77	133	6	0	50	0.393700787402
0.242090142217	0.0491452991453	78	133	6	0	50	0.390625
0.247173591502	0.0491452991453	78	134	3	0	50	0.390625
0.248289800695	0.0512820512821	79	134	3	0	50	0.387596899225
0.249967041683	0.0534188034188	80	134	3	0	50	0.384615384615
0.251444412019	0.0534188034188	80	135	3	0	50	0.384615384615
0.251881098356	0.0534188034188	80	136	3	0	50	0.384615384615
0.251962523621	0.0512820512821	80	137	3	0	51	0.389312977099
0.253666479354	0.0512820512821	80	138	15	0	51	0.389312977099
0.254269064682	0.0448717948718	80	139	12	0	54	0.402985074627
0.254428445988	0.0470085470085	81	139	12	0	54	0.4
0.255168443795	0.0470085470085	81	140	18	0	54	0.4
0.255395560011	0.0448717948718	81	141	9	0	55	0.404411764706
0.259184943563	0.0448717948718	81	142	3	0	55	0.404411764706
0.260015625738	0.0470085470085	82	142	3	0	55	0.401459854015
0.261751987285	0.0470085470085	82	143	6	0	55	0.401459854015
0.263497656336	0.0448717948718	82	144	18	0	56	0.405797101449
0.263568756191	0.042735042735	82	145	18	0	57	0.410071942446
0.263644381538	0.042735042735	83	145	18	0	57	0.407142857143
0.265476724304	0.0448717948718	84	145	18	0	57	0.404255319149
0.265842421097	0.0448717948718	84	146	12	0	57	0.404255319149
0.265913417198	0.0448717948718	84	147	3	0	57	0.404255319149
0.266128031626	0.0470085470085	85	147	3	0	57	0.401408450704
0.267467619587	0.0491452991453	86	147	3	0	57	0.398601398601
0.268198848024	0.0491452991453	86	148	3	0	57	0.398601398601
0.268548648189	0.0512820512821	87	148	3	0	57	0.395833333333
0.26868845656	0.0470085470085	87	149	12	0	59	0.404109589041
0.269499821334	0.0491452991453	88	149	12	0	59	0.401360544218
0.271372237541	0.0512820512821	89	149	12	0	59	0.398648648649
0.271463915985	0.0534188034188	90	149	12	0	59	0.395973154362
0.271708250887	0.0534188034188	90	150	3	0	59	0.395973154362
0.272223638504	0.0555555555556	91	150	3	0	59	0.393333333333
0.274109649304	0.0576923076923	92	150	3	0	59	0.390728476821
0.278509606059	0.0576923076923	92	151	6	0	59	0.390728476821
0.282806989358	0.0576923076923	92	152	6	0	59	0.390728476821
0.286534659076	0.0576923076923	92	153	9	0	59	0.390728476821
0.286783505598	0.0576923076923	92	154	15	0	59	0.390728476821
0.287017750092	0.0576923076923	92	155	9	0	59	0.390728476821
0.287025486063	0.0576923076923	92	156	3	0	59	0.390728476821
0.28762467604	0.0576923076923	92	157	6	0	59	0.390728476821
0.288668382796	0.0576923076923	92	158	15	0	59	0.390728476821
0.289525992419	0.0555555555556	92	159	15	0	60	0.394736842105
0.289679761833	0.0555555555556	92	160	3	0	60	0.394736842105
0.289876334013	0.0576923076923	93	160	3	0	60	0.392156862745
0.292035720025	0.0598290598291	94	160	3	0	60	0.38961038961
0.293499393049	0.0555555555556	94	161	6	0	62	0.397435897436
0.293538904182	0.0576923076923	95	161	6	0	62	0.394904458599
0.295722644776	0.0534188034188	95	162	18	0	64	0.40251572327
0.295862934721	0.0534188034188	95	163	3	0	64	0.40251572327
0.296281489381	0.0555555555556	96	163	3	0	64	0.4
0.299395698053	0.0576923076923	97	163	3	0	64	0.39751552795
0.299655284461	0.0598290598291	98	163	3	0	64	0.395061728395
0.299770007007	0.0598290598291	98	164	3	0	64	0.395061728395
0.300332184415	0.0619658119658	99	164	3	0	64	0.39263803681
0.301156370641	0.0619658119658	99	165	9	0	64	0.39263803681
0.302567836496	0.0619658119658	100	165	9	0	64	0.390243902439
0.302769819105	0.0641025641026	101	165	9	0	64	0.387878787879
0.303240702924	0.0641025641026	101	166	3	0	64	0.387878787879
0.306123943533	0.0662393162393	102	166	3	0	64	0.385542168675
0.306193208525	0.0683760683761	103	166	3	0	64	0.383233532934
0.308220477244	0.0683760683761	103	167	15	0	64	0.383233532934
0.308688556929	0.0705128205128	104	167	15	0	64	0.380952380952
0.309627252038	0.0726495726496	105	167	15	0	64	0.378698224852
0.312051699384	0.0705128205128	105	168	3	0	65	0.382352941176
0.313831278722	0.0726495726496	106	168	3	0	65	0.380116959064
0.314150692862	0.0726495726496	106	169	6	0	65	0.380116959064
0.315717359458	0.0747863247863	107	169	6	0	65	0.377906976744
0.316733067985	0.0705128205128	107	170	15	0	67	0.385057471264
0.320078045391	0.0705128205128	107	171	3	0	67	0.385057471264
0.32204201169	0.0705128205128	107	172	6	0	67	0.385057471264
0.323359457626	0.0705128205128	107	173	3	0	67	0.385057471264
0.324376717497	0.0683760683761	107	174	6	0	68	0.388571428571
0.325449671306	0.0662393162393	107	175	6	0	69	0.392045454545
0.327218865156	0.0683760683761	108	175	6	0	69	0.389830508475
0.327454094949	0.0641025641026	108	176	9	0	71	0.396648044693
0.329460975551	0.0641025641026	108	177	9	0	71	0.396648044693
0.329565493005	0.0641025641026	108	178	6	0	71	0.396648044693
0.33209116906	0.0662393162393	109	178	6	0	71	0.394444444444
0.332891783629	0.0683760683761	110	178	6	0	71	0.39226519337
0.334417083727	0.0619658119658	110	179	15	0	74	0.402173913043
0.334583244372	0.0641025641026	111	179	15	0	74	0.4
0.336438424377	0.0576923076923	111	180	27	0	77	0.409574468085
0.336904041046	0.0576923076923	111	181	3	0	77	0.409574468085
0.337180875654	0.0598290598291	112	181	3	0	77	0.407407407407
0.337334408736	0.0598290598291	112	182	3	0	77	0.407407407407
0.338671885733	0.0598290598291	112	183	9	0	77	0.407407407407
0.339769544697	0.0598290598291	112	184	3	0	77	0.407407407407
0.340280382845	0.0576923076923	112	185	3	0	78	0.410526315789
0.340545466976	0.0555555555556	112	186	15	0	79	0.413612565445
