# time 	 divergence 	 # of mutations 	 # IGC chances 	 IGC length 	 # IGC failures 	 Changes due to IGC  	 % change due to IGC 
0.0	0.648148148148	0	0	0	0	0	0.0
0.00100568990194	0.648148148148	1	0	0	0	0	0.0
0.00296805034059	0.648148148148	2	0	0	0	0	0.0
0.00448466694588	0.649122807018	3	0	0	0	0	0.0
0.00764951956128	0.650097465887	4	0	0	0	0	0.0
0.00875933593263	0.651072124756	5	0	0	0	0	0.0
0.00878152037286	0.650097465887	6	0	0	0	0	0.0
0.00882538240519	0.650097465887	7	0	0	0	0	0.0
0.00991013277124	0.651072124756	8	0	0	0	0	0.0
0.0162476292401	0.652046783626	9	0	0	0	0	0.0
0.0168469101609	0.652046783626	10	0	0	0	0	0.0
0.0172513565638	0.652046783626	11	0	0	0	0	0.0
0.0177140736106	0.652046783626	12	0	0	0	0	0.0
0.019540903324	0.652046783626	13	0	0	0	0	0.0
0.0196191364906	0.652046783626	14	0	0	0	0	0.0
0.0205319256052	0.651072124756	15	0	0	0	0	0.0
0.0220204355848	0.652046783626	16	0	0	0	0	0.0
0.0233805193197	0.653021442495	17	0	0	0	0	0.0
0.0234000236829	0.653996101365	18	0	0	0	0	0.0
0.0238884562653	0.653996101365	19	0	0	0	0	0.0
0.0252243595341	0.654970760234	20	0	0	0	0	0.0
0.025253127395	0.653996101365	21	0	0	0	0	0.0
0.0256452099424	0.653996101365	22	0	0	0	0	0.0
0.0272394992065	0.654970760234	23	0	0	0	0	0.0
0.028279429098	0.654970760234	24	0	0	0	0	0.0
0.0291715784813	0.654970760234	25	0	0	0	0	0.0
0.0301510394537	0.653996101365	26	0	0	0	0	0.0
0.0301679760653	0.653996101365	27	0	0	0	0	0.0
0.0311914138905	0.653021442495	28	0	0	0	0	0.0
0.0348211361631	0.652046783626	29	0	0	0	0	0.0
0.0348976746618	0.653021442495	30	0	0	0	0	0.0
0.0373137374675	0.653021442495	31	0	0	0	0	0.0
0.0386798382251	0.653021442495	32	0	0	0	0	0.0
0.0389984014306	0.652046783626	33	0	0	0	0	0.0
0.0419605733797	0.651072124756	34	0	0	0	0	0.0
0.0422421891608	0.652046783626	35	0	0	0	0	0.0
0.0428166990876	0.653021442495	36	0	0	0	0	0.0
0.043615047335	0.652046783626	37	0	0	0	0	0.0
0.0482990669896	0.652046783626	38	0	0	0	0	0.0
0.0535146425043	0.651072124756	39	0	0	0	0	0.0
0.055200023059	0.651072124756	40	0	0	0	0	0.0
0.0555641688229	0.651072124756	41	0	0	0	0	0.0
0.0579438156826	0.652046783626	42	0	0	0	0	0.0
0.0584505417209	0.653021442495	43	0	0	0	0	0.0
0.0589215058889	0.653021442495	44	0	0	0	0	0.0
0.0593359798884	0.652046783626	45	0	0	0	0	0.0
0.0600942649489	0.652046783626	46	0	0	0	0	0.0
0.065408676147	0.652046783626	47	0	0	0	0	0.0
0.0680894925024	0.652046783626	48	0	0	0	0	0.0
0.0700520565418	0.652046783626	49	0	0	0	0	0.0
0.070679542333	0.652046783626	50	0	0	0	0	0.0
0.0708488734221	0.652046783626	51	0	0	0	0	0.0
0.0723187695997	0.652046783626	52	0	0	0	0	0.0
0.0723915294457	0.653021442495	53	0	0	0	0	0.0
0.0726504564806	0.653021442495	54	0	0	0	0	0.0
0.0727083651144	0.653996101365	55	0	0	0	0	0.0
0.0754031905592	0.654970760234	56	0	0	0	0	0.0
0.0756630915597	0.655945419103	57	0	0	0	0	0.0
0.0766463463821	0.654970760234	58	0	0	0	0	0.0
0.0771296945613	0.655945419103	59	0	0	0	0	0.0
0.0771690722343	0.654970760234	60	0	0	0	0	0.0
0.0778730541673	0.654970760234	61	0	0	0	0	0.0
0.0786780271254	0.655945419103	62	0	0	0	0	0.0
0.0804821400504	0.655945419103	63	0	0	0	0	0.0
0.0824454356849	0.656920077973	64	0	0	0	0	0.0
0.0827353976344	0.656920077973	65	0	0	0	0	0.0
0.0829719095144	0.655945419103	66	0	0	0	0	0.0
0.0845200173132	0.656920077973	67	0	0	0	0	0.0
0.0849602847712	0.656920077973	68	0	0	0	0	0.0
0.0866959716333	0.656920077973	69	0	0	0	0	0.0
0.0867108093269	0.656920077973	70	0	0	0	0	0.0
0.0870158987659	0.656920077973	71	0	0	0	0	0.0
0.0870720814952	0.656920077973	72	0	0	0	0	0.0
0.0879038160771	0.655945419103	73	0	0	0	0	0.0
0.0884917082791	0.654970760234	74	0	0	0	0	0.0
0.0926893072143	0.653996101365	75	0	0	0	0	0.0
0.0932770738051	0.654970760234	76	0	0	0	0	0.0
0.0951470354143	0.654970760234	77	0	0	0	0	0.0
0.0959100005213	0.655945419103	78	0	0	0	0	0.0
0.0974305904327	0.656920077973	79	0	0	0	0	0.0
0.0978905413946	0.657894736842	80	0	0	0	0	0.0
0.100914483519	0.658869395712	81	0	0	0	0	0.0
0.101823131273	0.658869395712	82	0	0	0	0	0.0
0.105257578403	0.659844054581	83	0	0	0	0	0.0
0.106096955361	0.66081871345	84	0	0	0	0	0.0
0.10656361745	0.66179337232	85	0	0	0	0	0.0
0.108836485487	0.66081871345	86	0	0	0	0	0.0
0.108927222324	0.659844054581	87	0	0	0	0	0.0
0.109978230627	0.658869395712	88	0	0	0	0	0.0
0.111732615977	0.657894736842	89	0	0	0	0	0.0
0.111975742447	0.656920077973	90	0	0	0	0	0.0
0.113140106621	0.656920077973	91	0	0	0	0	0.0
0.11687785302	0.655945419103	92	0	0	0	0	0.0
0.116950935569	0.655945419103	93	0	0	0	0	0.0
0.122158812116	0.656920077973	94	0	0	0	0	0.0
0.122529719751	0.657894736842	95	0	0	0	0	0.0
0.123394132097	0.656920077973	96	0	0	0	0	0.0
0.12472904275	0.656920077973	97	0	0	0	0	0.0
0.126076669163	0.656920077973	98	0	0	0	0	0.0
0.12659512462	0.656920077973	99	0	0	0	0	0.0
0.126885624895	0.656920077973	100	0	0	0	0	0.0
0.12896220698	0.657894736842	101	0	0	0	0	0.0
0.133001180319	0.657894736842	102	0	0	0	0	0.0
0.133456603766	0.658869395712	103	0	0	0	0	0.0
0.134556346033	0.657894736842	104	0	0	0	0	0.0
0.142063141914	0.656920077973	105	0	0	0	0	0.0
0.142211501161	0.655945419103	106	0	0	0	0	0.0
0.144542283517	0.656920077973	107	0	0	0	0	0.0
0.145984899014	0.656920077973	108	0	0	0	0	0.0
0.14760640285	0.655945419103	109	0	0	0	0	0.0
0.148113981501	0.655945419103	110	0	0	0	0	0.0
0.150784117041	0.656920077973	111	0	0	0	0	0.0
0.151004158438	0.657894736842	112	0	0	0	0	0.0
0.153685260443	0.657894736842	113	0	0	0	0	0.0
0.155434889818	0.656920077973	114	0	0	0	0	0.0
0.158229563641	0.656920077973	115	0	0	0	0	0.0
0.163466451162	0.656920077973	116	0	0	0	0	0.0
0.164565535529	0.657894736842	117	0	0	0	0	0.0
0.167395827373	0.658869395712	118	0	0	0	0	0.0
0.167597470298	0.657894736842	119	0	0	0	0	0.0
0.168849891602	0.657894736842	120	0	0	0	0	0.0
0.169413698386	0.658869395712	121	0	0	0	0	0.0
0.173962455476	0.659844054581	122	0	0	0	0	0.0
0.17456193251	0.658869395712	123	0	0	0	0	0.0
0.179891672905	0.659844054581	124	0	0	0	0	0.0
0.180542466587	0.66081871345	125	0	0	0	0	0.0
0.181325008139	0.659844054581	126	0	0	0	0	0.0
0.181683946247	0.66081871345	127	0	0	0	0	0.0
0.183340687817	0.66081871345	128	0	0	0	0	0.0
0.183425973026	0.66081871345	129	0	0	0	0	0.0
0.183433307905	0.659844054581	130	0	0	0	0	0.0
0.185184843805	0.659844054581	131	0	0	0	0	0.0
0.186217656234	0.66081871345	132	0	0	0	0	0.0
0.186230348274	0.66179337232	133	0	0	0	0	0.0
0.187351768704	0.66081871345	134	0	0	0	0	0.0
0.188528377602	0.659844054581	135	0	0	0	0	0.0
0.190178790459	0.66081871345	136	0	0	0	0	0.0
0.19103801819	0.659844054581	137	0	0	0	0	0.0
0.191589367579	0.658869395712	138	0	0	0	0	0.0
0.19181837601	0.659844054581	139	0	0	0	0	0.0
0.192662799472	0.658869395712	140	0	0	0	0	0.0
0.197006482425	0.657894736842	141	0	0	0	0	0.0
0.197094198609	0.658869395712	142	0	0	0	0	0.0
0.199201532983	0.657894736842	143	0	0	0	0	0.0
0.200416496647	0.658869395712	144	0	0	0	0	0.0
0.20130337763	0.659844054581	145	0	0	0	0	0.0
0.202917531265	0.658869395712	146	0	0	0	0	0.0
0.203381296633	0.659844054581	147	0	0	0	0	0.0
0.204589278411	0.66081871345	148	0	0	0	0	0.0
0.204715728904	0.659844054581	149	0	0	0	0	0.0
0.204722287576	0.659844054581	150	0	0	0	0	0.0
0.205965404334	0.66081871345	151	0	0	0	0	0.0
0.208565161413	0.659844054581	152	0	0	0	0	0.0
0.211108462908	0.66081871345	153	0	0	0	0	0.0
0.211926500184	0.66081871345	154	0	0	0	0	0.0
0.220416277663	0.66081871345	155	0	0	0	0	0.0
0.221173691011	0.659844054581	156	0	0	0	0	0.0
0.225201412156	0.659844054581	157	0	0	0	0	0.0
0.2252934624	0.66081871345	158	0	0	0	0	0.0
0.228954538079	0.66179337232	159	0	0	0	0	0.0
0.229083934518	0.66081871345	160	0	0	0	0	0.0
0.229359683565	0.66081871345	161	0	0	0	0	0.0
0.229823803342	0.66081871345	162	0	0	0	0	0.0
0.231755404242	0.66081871345	163	0	0	0	0	0.0
0.232676707111	0.659844054581	164	0	0	0	0	0.0
0.233563239823	0.659844054581	165	0	0	0	0	0.0
0.233726005937	0.66081871345	166	0	0	0	0	0.0
0.235303930239	0.66179337232	167	0	0	0	0	0.0
0.236081460456	0.66179337232	168	0	0	0	0	0.0
0.236648654895	0.662768031189	169	0	0	0	0	0.0
0.237985135574	0.663742690058	170	0	0	0	0	0.0
0.238027636806	0.663742690058	171	0	0	0	0	0.0
0.23888876558	0.664717348928	172	0	0	0	0	0.0
0.239178645153	0.665692007797	173	0	0	0	0	0.0
0.239496803391	0.666666666667	174	0	0	0	0	0.0
0.239919370684	0.667641325536	175	0	0	0	0	0.0
0.242021910546	0.668615984405	176	0	0	0	0	0.0
0.242460149101	0.668615984405	177	0	0	0	0	0.0
0.243938145482	0.669590643275	178	0	0	0	0	0.0
0.248325254943	0.670565302144	179	0	0	0	0	0.0
0.251235891038	0.669590643275	180	0	0	0	0	0.0
0.251648252016	0.669590643275	181	0	0	0	0	0.0
0.255493985627	0.668615984405	182	0	0	0	0	0.0
0.255712466225	0.667641325536	183	0	0	0	0	0.0
0.256197858656	0.667641325536	184	0	0	0	0	0.0
0.259561135219	0.667641325536	185	0	0	0	0	0.0
0.261655491889	0.667641325536	186	0	0	0	0	0.0
0.262459776939	0.667641325536	187	0	0	0	0	0.0
0.264008943637	0.668615984405	188	0	0	0	0	0.0
0.264057199586	0.669590643275	189	0	0	0	0	0.0
0.265773118799	0.668615984405	190	0	0	0	0	0.0
0.267183844721	0.668615984405	191	0	0	0	0	0.0
0.267562778898	0.669590643275	192	0	0	0	0	0.0
0.27038701667	0.669590643275	193	0	0	0	0	0.0
0.275570124685	0.670565302144	194	0	0	0	0	0.0
0.277651371451	0.669590643275	195	0	0	0	0	0.0
0.279638300897	0.669590643275	196	0	0	0	0	0.0
0.279911125189	0.669590643275	197	0	0	0	0	0.0
0.280141160152	0.670565302144	198	0	0	0	0	0.0
0.281578031918	0.671539961014	199	0	0	0	0	0.0
0.285845603267	0.671539961014	200	0	0	0	0	0.0
0.285882545567	0.671539961014	201	0	0	0	0	0.0
0.286107524021	0.672514619883	202	0	0	0	0	0.0
0.286407588064	0.672514619883	203	0	0	0	0	0.0
0.287098489981	0.673489278752	204	0	0	0	0	0.0
0.288181064257	0.673489278752	205	0	0	0	0	0.0
0.289029809882	0.672514619883	206	0	0	0	0	0.0
0.289044304676	0.673489278752	207	0	0	0	0	0.0
0.289978076811	0.673489278752	208	0	0	0	0	0.0
0.29270595328	0.673489278752	209	0	0	0	0	0.0
0.295410402894	0.673489278752	210	0	0	0	0	0.0
0.296200402269	0.673489278752	211	0	0	0	0	0.0
0.301798003969	0.673489278752	212	0	0	0	0	0.0
0.302607820947	0.672514619883	213	0	0	0	0	0.0
0.303985584324	0.672514619883	214	0	0	0	0	0.0
0.304021509211	0.673489278752	215	0	0	0	0	0.0
0.304088503605	0.672514619883	216	0	0	0	0	0.0
0.304784292519	0.672514619883	217	0	0	0	0	0.0
0.304861771779	0.672514619883	218	0	0	0	0	0.0
0.304871993618	0.672514619883	219	0	0	0	0	0.0
0.307972670795	0.671539961014	220	0	0	0	0	0.0
0.30868347626	0.670565302144	221	0	0	0	0	0.0
0.308805607957	0.671539961014	222	0	0	0	0	0.0
0.310456277522	0.670565302144	223	0	0	0	0	0.0
0.310921912346	0.670565302144	224	0	0	0	0	0.0
0.313660408259	0.670565302144	225	0	0	0	0	0.0
0.314392592287	0.670565302144	226	0	0	0	0	0.0
0.314498216884	0.670565302144	227	0	0	0	0	0.0
0.314701379876	0.670565302144	228	0	0	0	0	0.0
0.314922628528	0.671539961014	229	0	0	0	0	0.0
0.315157987366	0.672514619883	230	0	0	0	0	0.0
0.315210312789	0.672514619883	231	0	0	0	0	0.0
0.319356754398	0.673489278752	232	0	0	0	0	0.0
0.319823006301	0.674463937622	233	0	0	0	0	0.0
0.320346562042	0.674463937622	234	0	0	0	0	0.0
0.320902674257	0.673489278752	235	0	0	0	0	0.0
0.321683554558	0.673489278752	236	0	0	0	0	0.0
0.321704958171	0.673489278752	237	0	0	0	0	0.0
0.32407183139	0.673489278752	238	0	0	0	0	0.0
0.325253536683	0.674463937622	239	0	0	0	0	0.0
0.327239893357	0.675438596491	240	0	0	0	0	0.0
0.328403194904	0.676413255361	241	0	0	0	0	0.0
0.3289057748	0.67738791423	242	0	0	0	0	0.0
0.329571420036	0.67738791423	243	0	0	0	0	0.0
0.330699626779	0.67738791423	244	0	0	0	0	0.0
0.330968851732	0.676413255361	245	0	0	0	0	0.0
0.334610989536	0.676413255361	246	0	0	0	0	0.0
0.335232392935	0.67738791423	247	0	0	0	0	0.0
0.335834207092	0.676413255361	248	0	0	0	0	0.0
0.33844872903	0.67738791423	249	0	0	0	0	0.0
0.339267908479	0.676413255361	250	0	0	0	0	0.0
0.339527970106	0.67738791423	251	0	0	0	0	0.0
0.342040939729	0.676413255361	252	0	0	0	0	0.0
0.343697447999	0.676413255361	253	0	0	0	0	0.0
0.344761986858	0.675438596491	254	0	0	0	0	0.0
0.346471386612	0.674463937622	255	0	0	0	0	0.0
0.347690115374	0.674463937622	256	0	0	0	0	0.0
0.348405292282	0.675438596491	257	0	0	0	0	0.0
0.350387249599	0.675438596491	258	0	0	0	0	0.0
0.352159392193	0.675438596491	259	0	0	0	0	0.0
0.354044994312	0.676413255361	260	0	0	0	0	0.0
0.355211053826	0.676413255361	261	0	0	0	0	0.0
0.356706087574	0.67738791423	262	0	0	0	0	0.0
0.356878198786	0.67738791423	263	0	0	0	0	0.0
0.359377781208	0.67738791423	264	0	0	0	0	0.0
0.362657875027	0.67738791423	265	0	0	0	0	0.0
0.363793967636	0.67738791423	266	0	0	0	0	0.0
0.36463229603	0.676413255361	267	0	0	0	0	0.0
0.364789073109	0.676413255361	268	0	0	0	0	0.0
0.367621438249	0.676413255361	269	0	0	0	0	0.0
0.368642410555	0.67738791423	270	0	0	0	0	0.0
0.370895270242	0.676413255361	271	0	0	0	0	0.0
0.372594578526	0.676413255361	272	0	0	0	0	0.0
0.373844410418	0.676413255361	273	0	0	0	0	0.0
0.374709283333	0.67738791423	274	0	0	0	0	0.0
0.374781136808	0.67738791423	275	0	0	0	0	0.0
0.377057891831	0.67738791423	276	0	0	0	0	0.0
0.377362063692	0.67738791423	277	0	0	0	0	0.0
0.377759219248	0.67738791423	278	0	0	0	0	0.0
0.378218747818	0.67738791423	279	0	0	0	0	0.0
0.379013538536	0.676413255361	280	0	0	0	0	0.0
0.380186582567	0.675438596491	281	0	0	0	0	0.0
0.380446293585	0.674463937622	282	0	0	0	0	0.0
0.382184462265	0.674463937622	283	0	0	0	0	0.0
0.383980268691	0.675438596491	284	0	0	0	0	0.0
0.384795576341	0.674463937622	285	0	0	0	0	0.0
0.387302513046	0.673489278752	286	0	0	0	0	0.0
0.388872103531	0.673489278752	287	0	0	0	0	0.0
0.389274132636	0.674463937622	288	0	0	0	0	0.0
0.389737246553	0.673489278752	289	0	0	0	0	0.0
0.390968839578	0.674463937622	290	0	0	0	0	0.0
0.391017203541	0.675438596491	291	0	0	0	0	0.0
0.393502915577	0.675438596491	292	0	0	0	0	0.0
0.39507281374	0.676413255361	293	0	0	0	0	0.0
0.397117928954	0.676413255361	294	0	0	0	0	0.0
0.399166761958	0.675438596491	295	0	0	0	0	0.0
0.403027694533	0.675438596491	296	0	0	0	0	0.0
0.404405291668	0.675438596491	297	0	0	0	0	0.0
0.405249340747	0.676413255361	298	0	0	0	0	0.0
0.406365763062	0.67738791423	299	0	0	0	0	0.0
0.406442874005	0.67738791423	300	0	0	0	0	0.0
0.407161966413	0.67738791423	301	0	0	0	0	0.0
0.407827967761	0.678362573099	302	0	0	0	0	0.0
0.410495521052	0.678362573099	303	0	0	0	0	0.0
0.410985002549	0.67738791423	304	0	0	0	0	0.0
0.411285582377	0.678362573099	305	0	0	0	0	0.0
0.414758309832	0.678362573099	306	0	0	0	0	0.0
0.41551048271	0.678362573099	307	0	0	0	0	0.0
0.419200404118	0.67738791423	308	0	0	0	0	0.0
0.419426226448	0.67738791423	309	0	0	0	0	0.0
0.420802391893	0.678362573099	310	0	0	0	0	0.0
0.421370277379	0.67738791423	311	0	0	0	0	0.0
0.422021635524	0.678362573099	312	0	0	0	0	0.0
0.422261670339	0.678362573099	313	0	0	0	0	0.0
0.423086386957	0.679337231969	314	0	0	0	0	0.0
0.423251954903	0.679337231969	315	0	0	0	0	0.0
0.424608730157	0.679337231969	316	0	0	0	0	0.0
0.425800584324	0.678362573099	317	0	0	0	0	0.0
0.426121058837	0.678362573099	318	0	0	0	0	0.0
0.428068674257	0.67738791423	319	0	0	0	0	0.0
0.428129801726	0.676413255361	320	0	0	0	0	0.0
0.429120429123	0.67738791423	321	0	0	0	0	0.0
0.429232967919	0.67738791423	322	0	0	0	0	0.0
0.433981342111	0.67738791423	323	0	0	0	0	0.0
0.434624617913	0.67738791423	324	0	0	0	0	0.0
0.436103035918	0.678362573099	325	0	0	0	0	0.0
0.44063884581	0.679337231969	326	0	0	0	0	0.0
0.442395090157	0.679337231969	327	0	0	0	0	0.0
0.444671771873	0.679337231969	328	0	0	0	0	0.0
