# time 	 divergence 	 # of mutations 	 # IGC chances 	 IGC length 	 # IGC failures 	 Changes due to IGC  	 % change due to IGC 
0.0	0.340155945419	0	0	0	0	0	0.0
0.00114010337839	0.33820662768	0	1	3	0	2	1.0
0.00177602037975	0.337231968811	0	2	3	0	3	1.0
0.00196297734385	0.33820662768	1	2	3	0	3	0.75
0.00200383631266	0.33918128655	2	2	3	0	3	0.6
0.00422582653884	0.340155945419	3	2	3	0	3	0.5
0.00732955893916	0.340155945419	3	3	3	0	3	0.5
0.00767640445213	0.340155945419	3	4	3	0	3	0.5
0.00779865916272	0.341130604288	4	4	3	0	3	0.428571428571
0.00838964356139	0.342105263158	5	4	3	0	3	0.375
0.00885251041973	0.343079922027	6	4	3	0	3	0.333333333333
0.00970821525554	0.343079922027	6	5	3	0	3	0.333333333333
0.0105650444685	0.344054580897	7	5	3	0	3	0.3
0.0113876308037	0.345029239766	8	5	3	0	3	0.272727272727
0.0126181723191	0.345029239766	9	5	3	0	3	0.25
0.0135002931588	0.346003898635	10	5	3	0	3	0.230769230769
0.014268410795	0.346978557505	11	5	3	0	3	0.214285714286
0.0143108393233	0.347953216374	12	5	3	0	3	0.2
0.0145833482773	0.348927875244	13	5	3	0	3	0.1875
0.01603325808	0.349902534113	14	5	3	0	3	0.176470588235
0.016042041453	0.349902534113	15	5	3	0	3	0.166666666667
0.017442847034	0.346978557505	15	6	3	0	6	0.285714285714
0.0175195009823	0.345029239766	15	7	3	0	8	0.347826086957
0.0181991642139	0.343079922027	15	8	3	0	10	0.4
0.0183692122772	0.343079922027	16	8	3	0	10	0.384615384615
0.0186662334157	0.343079922027	16	9	3	0	10	0.384615384615
0.0222282827822	0.343079922027	17	9	3	0	10	0.37037037037
0.0230218999487	0.344054580897	18	9	3	0	10	0.357142857143
0.0240262902615	0.344054580897	18	10	3	0	10	0.357142857143
0.0242160852326	0.345029239766	19	10	3	0	10	0.344827586207
0.0259341328842	0.346003898635	20	10	3	0	10	0.333333333333
0.0266681402715	0.346978557505	21	10	3	0	10	0.322580645161
0.0275956110565	0.347953216374	22	10	3	0	10	0.3125
0.0284851576783	0.348927875244	23	10	3	0	10	0.30303030303
0.0300242843991	0.349902534113	24	10	3	0	10	0.294117647059
0.0302094299715	0.350877192982	25	10	3	0	10	0.285714285714
0.0305760785774	0.349902534113	25	11	3	0	11	0.305555555556
0.0309817734588	0.347953216374	25	12	3	0	13	0.342105263158
0.0328207722514	0.348927875244	26	12	3	0	13	0.333333333333
0.0331626511698	0.348927875244	27	12	3	0	13	0.325
0.0336435845653	0.349902534113	28	12	3	0	13	0.317073170732
0.0344308987713	0.348927875244	28	13	3	0	14	0.333333333333
0.0362243845161	0.346003898635	28	14	3	0	17	0.377777777778
0.0370295202171	0.346978557505	29	14	3	0	17	0.369565217391
0.0379741987821	0.347953216374	30	14	3	0	17	0.36170212766
0.0380660668374	0.346978557505	30	15	3	0	18	0.375
0.0385258984298	0.346978557505	30	16	3	0	18	0.375
0.0393341290439	0.346978557505	30	17	3	0	18	0.375
0.0396349195006	0.346978557505	31	17	3	0	18	0.367346938776
0.0406793719711	0.346978557505	32	17	3	0	18	0.36
0.0410414621099	0.347953216374	33	17	3	0	18	0.352941176471
0.0420155735808	0.348927875244	34	17	3	0	18	0.346153846154
0.0423444897937	0.346003898635	34	18	3	0	21	0.381818181818
0.0446571944021	0.346978557505	35	18	3	0	21	0.375
0.045972121592	0.347953216374	36	18	3	0	21	0.368421052632
0.0460989850296	0.348927875244	37	18	3	0	21	0.362068965517
0.0477459816717	0.349902534113	38	18	3	0	21	0.35593220339
0.049285447761	0.347953216374	38	19	3	0	23	0.377049180328
0.0499856118093	0.348927875244	39	19	3	0	23	0.370967741935
0.0504457383557	0.349902534113	40	19	3	0	23	0.365079365079
0.0511537978541	0.350877192982	41	19	3	0	23	0.359375
0.0512511610546	0.351851851852	42	19	3	0	23	0.353846153846
0.0514043148041	0.350877192982	42	20	3	0	24	0.363636363636
0.0516160911515	0.351851851852	43	20	3	0	24	0.358208955224
0.0521191461804	0.352826510721	44	20	3	0	24	0.352941176471
0.0536740476057	0.353801169591	45	20	3	0	24	0.347826086957
0.0539729668369	0.35477582846	46	20	3	0	24	0.342857142857
0.0542240279787	0.35477582846	46	21	3	0	24	0.342857142857
0.0543133227832	0.35477582846	47	21	3	0	24	0.338028169014
0.0544784493247	0.355750487329	48	21	3	0	24	0.333333333333
0.0546529232345	0.356725146199	49	21	3	0	24	0.328767123288
0.0564646758018	0.357699805068	50	21	3	0	24	0.324324324324
0.0564780433949	0.358674463938	51	21	3	0	24	0.32
0.0565520981441	0.359649122807	52	21	3	0	24	0.315789473684
0.0570762022061	0.356725146199	52	22	3	0	27	0.341772151899
0.0575855020988	0.356725146199	53	22	3	0	27	0.3375
0.0584574791467	0.356725146199	54	22	3	0	27	0.333333333333
0.059106481216	0.355750487329	55	22	3	0	27	0.329268292683
0.0595932047712	0.353801169591	55	23	3	0	29	0.345238095238
0.0602742787258	0.35477582846	56	23	3	0	29	0.341176470588
0.0603197806011	0.35477582846	57	23	3	0	29	0.337209302326
0.0604507435323	0.355750487329	58	23	3	0	29	0.333333333333
0.0625971828102	0.356725146199	59	23	3	0	29	0.329545454545
0.0649729653922	0.357699805068	60	23	3	0	29	0.325842696629
0.0660294390366	0.357699805068	61	23	3	0	29	0.322222222222
0.0660324079104	0.358674463938	62	23	3	0	29	0.318681318681
0.067592621552	0.356725146199	62	24	3	0	31	0.333333333333
0.0686800335227	0.355750487329	62	25	3	0	32	0.340425531915
0.0698274702899	0.356725146199	63	25	3	0	32	0.336842105263
0.0717404214082	0.357699805068	64	25	3	0	32	0.333333333333
0.0740168474977	0.357699805068	64	26	3	0	32	0.333333333333
0.0763747735032	0.355750487329	64	27	3	0	34	0.34693877551
0.0788144854863	0.356725146199	65	27	3	0	34	0.343434343434
0.0807534883671	0.355750487329	65	28	3	0	35	0.35
0.0808696703657	0.35477582846	65	29	3	0	36	0.356435643564
0.0818026425667	0.355750487329	66	29	3	0	36	0.352941176471
0.0839269110275	0.355750487329	67	29	3	0	36	0.349514563107
0.0850945299186	0.352826510721	67	30	3	0	39	0.367924528302
0.0875695048	0.351851851852	67	31	3	0	40	0.373831775701
0.0876209911718	0.352826510721	68	31	3	0	40	0.37037037037
0.0883635104363	0.350877192982	68	32	3	0	42	0.381818181818
0.0894299444697	0.351851851852	69	32	3	0	42	0.378378378378
0.0898388473346	0.351851851852	70	32	3	0	42	0.375
0.0903215723823	0.350877192982	70	33	3	0	43	0.380530973451
0.0908507099736	0.350877192982	70	34	3	0	43	0.380530973451
0.091230332	0.351851851852	71	34	3	0	43	0.377192982456
0.0918981713441	0.351851851852	71	35	3	0	43	0.377192982456
0.092507468235	0.351851851852	71	36	3	0	43	0.377192982456
0.0940234663751	0.351851851852	71	37	3	0	43	0.377192982456
0.0943995875708	0.352826510721	72	37	3	0	43	0.373913043478
0.0949375635101	0.351851851852	72	38	3	0	44	0.379310344828
0.0963065716827	0.350877192982	73	38	3	0	44	0.376068376068
0.0963852363237	0.350877192982	74	38	3	0	44	0.372881355932
0.0967317881624	0.351851851852	75	38	3	0	44	0.36974789916
0.0974420785577	0.352826510721	76	38	3	0	44	0.366666666667
0.0979008783513	0.350877192982	76	39	3	0	46	0.377049180328
0.0986718509464	0.351851851852	77	39	3	0	46	0.373983739837
0.10010593595	0.351851851852	78	39	3	0	46	0.370967741935
0.100121298444	0.352826510721	79	39	3	0	46	0.368
0.100572020226	0.349902534113	79	40	3	0	49	0.3828125
0.101481382315	0.350877192982	80	40	3	0	49	0.37984496124
0.101725538531	0.349902534113	80	41	3	0	50	0.384615384615
0.103732721358	0.350877192982	81	41	3	0	50	0.381679389313
0.103954867907	0.351851851852	82	41	3	0	50	0.378787878788
0.104796714532	0.351851851852	82	42	3	0	50	0.378787878788
0.105049719408	0.349902534113	82	43	3	0	52	0.388059701493
0.105134606507	0.350877192982	83	43	3	0	52	0.385185185185
0.10631832282	0.350877192982	83	44	3	0	52	0.385185185185
0.107007417266	0.351851851852	84	44	3	0	52	0.382352941176
0.107687971049	0.350877192982	84	45	3	0	53	0.386861313869
0.107846267475	0.351851851852	85	45	3	0	53	0.384057971014
0.10823851541	0.351851851852	85	46	3	0	53	0.384057971014
0.109050764368	0.352826510721	86	46	3	0	53	0.381294964029
0.109086957475	0.351851851852	86	47	3	0	54	0.385714285714
0.112354519389	0.350877192982	86	48	3	0	55	0.390070921986
0.112412073472	0.351851851852	87	48	3	0	55	0.387323943662
0.114361213815	0.348927875244	87	49	3	0	58	0.4
0.117847373735	0.349902534113	88	49	3	0	58	0.397260273973
0.11901526524	0.349902534113	89	49	3	0	58	0.394557823129
0.123655728535	0.350877192982	90	49	3	0	58	0.391891891892
0.126421847366	0.347953216374	90	50	3	0	61	0.403973509934
0.126465421863	0.347953216374	91	50	3	0	61	0.401315789474
0.127444465994	0.347953216374	92	50	3	0	61	0.398692810458
0.128957906105	0.348927875244	93	50	3	0	61	0.396103896104
0.129669509145	0.349902534113	94	50	3	0	61	0.393548387097
0.13060626211	0.350877192982	95	50	3	0	61	0.391025641026
0.132605692979	0.349902534113	95	51	3	0	62	0.394904458599
0.133109508018	0.348927875244	95	52	3	0	63	0.398734177215
0.134068564126	0.347953216374	96	52	3	0	63	0.396226415094
0.134364043812	0.348927875244	97	52	3	0	63	0.39375
0.134468504121	0.349902534113	98	52	3	0	63	0.391304347826
0.135269394282	0.350877192982	99	52	3	0	63	0.388888888889
0.135847248135	0.349902534113	99	53	3	0	64	0.39263803681
0.137521712805	0.350877192982	100	53	3	0	64	0.390243902439
0.138972606066	0.351851851852	101	53	3	0	64	0.387878787879
0.141540320499	0.352826510721	102	53	3	0	64	0.385542168675
0.143507872002	0.350877192982	102	54	3	0	66	0.392857142857
0.144121138111	0.349902534113	102	55	3	0	67	0.396449704142
0.145050262108	0.349902534113	102	56	3	0	67	0.396449704142
0.146458967115	0.350877192982	103	56	3	0	67	0.394117647059
0.148356896825	0.349902534113	103	57	3	0	68	0.397660818713
0.148775860546	0.349902534113	104	57	3	0	68	0.395348837209
0.14906122592	0.347953216374	104	58	3	0	70	0.402298850575
0.152224208419	0.347953216374	105	58	3	0	70	0.4
0.153149100431	0.345029239766	105	59	3	0	73	0.410112359551
0.155292945405	0.342105263158	105	60	3	0	76	0.419889502762
0.155433087207	0.343079922027	106	60	3	0	76	0.417582417582
0.160087523474	0.343079922027	106	61	3	0	76	0.417582417582
0.160641161409	0.344054580897	107	61	3	0	76	0.415300546448
0.162013211226	0.345029239766	108	61	3	0	76	0.413043478261
0.164750693342	0.344054580897	108	62	3	0	77	0.416216216216
0.164855612099	0.344054580897	108	63	3	0	77	0.416216216216
0.168345894272	0.343079922027	108	64	3	0	78	0.41935483871
0.168414360049	0.344054580897	109	64	3	0	78	0.417112299465
0.169732419935	0.345029239766	110	64	3	0	78	0.414893617021
0.169999870525	0.345029239766	111	64	3	0	78	0.412698412698
0.17042988437	0.346003898635	112	64	3	0	78	0.410526315789
0.170571098359	0.346978557505	113	64	3	0	78	0.408376963351
0.170942504644	0.345029239766	113	65	3	0	80	0.414507772021
0.173043179586	0.346003898635	114	65	3	0	80	0.412371134021
0.174999669436	0.346978557505	115	65	3	0	80	0.410256410256
0.175235113714	0.347953216374	116	65	3	0	80	0.408163265306
0.176950821634	0.346978557505	117	65	3	0	80	0.406091370558
0.177659840082	0.346978557505	118	65	3	0	80	0.40404040404
0.180429024778	0.346003898635	118	66	3	0	81	0.407035175879
0.181460244955	0.346978557505	119	66	3	0	81	0.405
0.18170309317	0.346003898635	120	66	3	0	81	0.402985074627
0.183120520893	0.345029239766	121	66	3	0	81	0.40099009901
0.183239591354	0.345029239766	121	67	3	0	81	0.40099009901
0.183398913485	0.345029239766	122	67	3	0	81	0.399014778325
0.183698727818	0.346003898635	123	67	3	0	81	0.397058823529
0.184015879965	0.346978557505	124	67	3	0	81	0.39512195122
0.184888801481	0.346978557505	125	67	3	0	81	0.393203883495
0.184893510403	0.347953216374	126	67	3	0	81	0.391304347826
0.185913733796	0.347953216374	127	67	3	0	81	0.389423076923
0.187937250774	0.346003898635	127	68	3	0	83	0.395238095238
0.189980822674	0.344054580897	127	69	3	0	85	0.400943396226
0.191458193681	0.344054580897	128	69	3	0	85	0.399061032864
0.19191081845	0.344054580897	129	69	3	0	85	0.397196261682
0.193586051712	0.345029239766	130	69	3	0	85	0.395348837209
0.19375141533	0.345029239766	131	69	3	0	85	0.393518518519
0.197651110077	0.346003898635	132	69	3	0	85	0.391705069124
0.198330403674	0.346003898635	132	70	3	0	85	0.391705069124
0.200315448794	0.346003898635	132	71	3	0	85	0.391705069124
0.200751029686	0.346978557505	133	71	3	0	85	0.389908256881
0.200966032051	0.347953216374	134	71	3	0	85	0.388127853881
0.202313110294	0.346003898635	134	72	3	0	87	0.393665158371
0.202359180997	0.346978557505	135	72	3	0	87	0.391891891892
0.202996846971	0.347953216374	136	72	3	0	87	0.390134529148
0.203005843342	0.346978557505	136	73	3	0	88	0.392857142857
0.205135168605	0.347953216374	137	73	3	0	88	0.391111111111
0.207682682288	0.348927875244	138	73	3	0	88	0.389380530973
0.208425218809	0.347953216374	138	74	3	0	89	0.392070484581
0.210690468887	0.347953216374	139	74	3	0	89	0.390350877193
0.210747449144	0.346978557505	140	74	3	0	89	0.38864628821
0.211255615151	0.346978557505	141	74	3	0	89	0.386956521739
0.214416302813	0.346978557505	141	75	3	0	89	0.386956521739
0.214646661751	0.347953216374	142	75	3	0	89	0.385281385281
0.216027006202	0.347953216374	142	76	3	0	89	0.385281385281
0.217914913386	0.346978557505	142	77	3	0	90	0.387931034483
0.219045810167	0.346003898635	142	78	3	0	91	0.390557939914
0.219328975528	0.345029239766	142	79	3	0	92	0.393162393162
0.219851868322	0.345029239766	142	80	3	0	92	0.393162393162
0.219924744406	0.345029239766	142	81	3	0	92	0.393162393162
0.222476331313	0.345029239766	142	82	3	0	92	0.393162393162
0.223497777926	0.346003898635	143	82	3	0	92	0.391489361702
0.224983311205	0.346003898635	144	82	3	0	92	0.389830508475
0.225247624928	0.346978557505	145	82	3	0	92	0.388185654008
0.22647038999	0.347953216374	146	82	3	0	92	0.386554621849
0.226904115716	0.347953216374	147	82	3	0	92	0.384937238494
0.227268856773	0.346978557505	147	83	3	0	93	0.3875
0.228422225163	0.347953216374	148	83	3	0	93	0.385892116183
0.229799576036	0.348927875244	149	83	3	0	93	0.384297520661
0.229957110886	0.346978557505	149	84	3	0	95	0.389344262295
0.231449388105	0.347953216374	150	84	3	0	95	0.387755102041
0.232211746076	0.346978557505	150	85	3	0	96	0.390243902439
0.233280405363	0.346003898635	151	85	3	0	96	0.388663967611
0.233461622902	0.345029239766	151	86	3	0	97	0.391129032258
0.233928208853	0.343079922027	151	87	3	0	99	0.396
0.234209802859	0.343079922027	151	88	3	0	99	0.396
0.234537818951	0.344054580897	152	88	3	0	99	0.394422310757
0.234723349862	0.344054580897	153	88	3	0	99	0.392857142857
0.234831973022	0.345029239766	154	88	3	0	99	0.391304347826
0.235551473142	0.346003898635	155	88	3	0	99	0.389763779528
0.237528646979	0.345029239766	156	88	3	0	99	0.388235294118
0.238869641311	0.343079922027	156	89	3	0	101	0.392996108949
0.240575665074	0.343079922027	156	90	3	0	101	0.392996108949
0.241351239944	0.343079922027	157	90	3	0	101	0.391472868217
0.241540212777	0.344054580897	158	90	3	0	101	0.389961389961
0.24216763042	0.343079922027	158	91	3	0	102	0.392307692308
0.242303896578	0.344054580897	159	91	3	0	102	0.390804597701
0.242523032478	0.345029239766	160	91	3	0	102	0.389312977099
0.243049670864	0.346003898635	161	91	3	0	102	0.38783269962
0.243111184382	0.346978557505	162	91	3	0	102	0.386363636364
0.243692365376	0.346978557505	162	92	3	0	102	0.386363636364
0.24490115692	0.346978557505	163	92	3	0	102	0.384905660377
0.24491872935	0.347953216374	164	92	3	0	102	0.383458646617
0.246800047355	0.348927875244	165	92	3	0	102	0.38202247191
0.247978303222	0.349902534113	166	92	3	0	102	0.380597014925
0.248116859805	0.349902534113	167	92	3	0	102	0.379182156134
0.250193476085	0.347953216374	167	93	3	0	104	0.383763837638
0.251921538381	0.345029239766	167	94	3	0	107	0.390510948905
0.253685261914	0.346003898635	168	94	3	0	107	0.389090909091
0.254185508742	0.345029239766	168	95	3	0	108	0.391304347826
0.260816973376	0.346003898635	169	95	3	0	108	0.389891696751
0.260832858201	0.344054580897	169	96	3	0	110	0.394265232975
0.261065757679	0.343079922027	169	97	3	0	111	0.396428571429
0.264424363262	0.343079922027	169	98	3	0	111	0.396428571429
0.265051606412	0.343079922027	170	98	3	0	111	0.395017793594
0.266257903735	0.342105263158	171	98	3	0	111	0.393617021277
0.268695289251	0.343079922027	172	98	3	0	111	0.39222614841
0.269234650463	0.344054580897	173	98	3	0	111	0.390845070423
0.270372815111	0.345029239766	174	98	3	0	111	0.389473684211
0.27053316954	0.346003898635	175	98	3	0	111	0.388111888112
0.270924570586	0.346003898635	176	98	3	0	111	0.386759581882
0.271645905712	0.345029239766	176	99	3	0	112	0.388888888889
0.272636761532	0.345029239766	177	99	3	0	112	0.387543252595
0.272673719522	0.345029239766	178	99	3	0	112	0.386206896552
0.273361149797	0.346003898635	179	99	3	0	112	0.384879725086
0.274059715154	0.346003898635	179	100	3	0	112	0.384879725086
0.275316632177	0.346978557505	180	100	3	0	112	0.383561643836
0.275858909586	0.346003898635	180	101	3	0	113	0.38566552901
0.277565612639	0.346978557505	181	101	3	0	113	0.384353741497
0.281934531565	0.347953216374	182	101	3	0	113	0.383050847458
0.282310517067	0.348927875244	183	101	3	0	113	0.381756756757
0.282671031053	0.349902534113	184	101	3	0	113	0.380471380471
0.285145719843	0.346978557505	184	102	3	0	116	0.386666666667
0.285357406347	0.346978557505	184	103	3	0	116	0.386666666667
0.285853130053	0.346978557505	184	104	3	0	116	0.386666666667
0.286897589974	0.347953216374	185	104	3	0	116	0.385382059801
0.289662411709	0.346978557505	185	105	3	0	117	0.387417218543
0.289987313562	0.347953216374	186	105	3	0	117	0.386138613861
0.290471154863	0.348927875244	187	105	3	0	117	0.384868421053
0.291222682951	0.349902534113	188	105	3	0	117	0.383606557377
0.291979976017	0.349902534113	188	106	3	0	117	0.383606557377
0.293891178164	0.348927875244	188	107	3	0	118	0.385620915033
0.294101691444	0.349902534113	189	107	3	0	118	0.384364820847
0.295874978931	0.350877192982	190	107	3	0	118	0.383116883117
0.29619607298	0.350877192982	190	108	3	0	118	0.383116883117
0.297828627537	0.350877192982	191	108	3	0	118	0.381877022654
0.298428409816	0.351851851852	192	108	3	0	118	0.38064516129
0.300062255653	0.350877192982	192	109	3	0	119	0.382636655949
0.300945048086	0.351851851852	193	109	3	0	119	0.38141025641
0.302156303744	0.352826510721	194	109	3	0	119	0.380191693291
0.30225548374	0.352826510721	195	109	3	0	119	0.37898089172
0.302600064387	0.352826510721	196	109	3	0	119	0.377777777778
0.304128889642	0.353801169591	197	109	3	0	119	0.376582278481
0.304804460201	0.352826510721	197	110	3	0	120	0.378548895899
0.305913895948	0.353801169591	198	110	3	0	120	0.377358490566
0.307062107778	0.353801169591	199	110	3	0	120	0.376175548589
0.307875208982	0.352826510721	200	110	3	0	120	0.375
0.308175713362	0.353801169591	201	110	3	0	120	0.373831775701
0.311327908219	0.350877192982	201	111	3	0	123	0.37962962963
0.313184105706	0.351851851852	202	111	3	0	123	0.378461538462
0.313957789637	0.352826510721	203	111	3	0	123	0.377300613497
0.314489338029	0.352826510721	203	112	3	0	123	0.377300613497
0.317283933678	0.353801169591	204	112	3	0	123	0.376146788991
0.31729733154	0.35477582846	205	112	3	0	123	0.375
0.317967159527	0.353801169591	205	113	3	0	124	0.376899696049
0.318363462592	0.353801169591	206	113	3	0	124	0.375757575758
0.318901712214	0.351851851852	206	114	3	0	126	0.379518072289
0.319621074924	0.351851851852	207	114	3	0	126	0.378378378378
0.320268478957	0.351851851852	208	114	3	0	126	0.377245508982
0.321572999489	0.351851851852	209	114	3	0	126	0.376119402985
0.321582430433	0.350877192982	209	115	3	0	127	0.377976190476
0.322123771051	0.350877192982	209	116	3	0	127	0.377976190476
0.322711665689	0.351851851852	210	116	3	0	127	0.376854599407
0.323141622739	0.352826510721	211	116	3	0	127	0.37573964497
0.323680701064	0.353801169591	212	116	3	0	127	0.374631268437
0.325042701113	0.35477582846	213	116	3	0	127	0.373529411765
0.329804451972	0.35477582846	214	116	3	0	127	0.372434017595
0.331390861661	0.35477582846	215	116	3	0	127	0.37134502924
0.332565339635	0.35477582846	215	117	3	0	127	0.37134502924
0.334740401548	0.353801169591	215	118	3	0	128	0.373177842566
0.335429589605	0.352826510721	215	119	3	0	129	0.375
0.335523592905	0.353801169591	216	119	3	0	129	0.373913043478
0.338922711097	0.350877192982	216	120	3	0	132	0.379310344828
0.339253788898	0.349902534113	216	121	3	0	133	0.381088825215
0.341063155249	0.350877192982	217	121	3	0	133	0.38
0.34160087591	0.350877192982	218	121	3	0	133	0.378917378917
0.341808175776	0.350877192982	218	122	3	0	133	0.378917378917
0.342008183594	0.350877192982	218	123	3	0	133	0.378917378917
0.342392344457	0.351851851852	219	123	3	0	133	0.377840909091
0.342478377479	0.352826510721	220	123	3	0	133	0.376770538244
0.342486603969	0.353801169591	221	123	3	0	133	0.375706214689
0.342918567757	0.35477582846	222	123	3	0	133	0.374647887324
0.344656719156	0.355750487329	223	123	3	0	133	0.373595505618
0.345062459293	0.355750487329	224	123	3	0	133	0.372549019608
0.348299886223	0.356725146199	225	123	3	0	133	0.371508379888
0.348581331704	0.356725146199	225	124	3	0	133	0.371508379888
0.349144895355	0.357699805068	226	124	3	0	133	0.370473537604
0.349776230667	0.358674463938	227	124	3	0	133	0.369444444444
0.350058557829	0.357699805068	227	125	3	0	134	0.371191135734
0.353682759922	0.356725146199	228	125	3	0	134	0.370165745856
0.3537155704	0.357699805068	229	125	3	0	134	0.36914600551
0.354012783365	0.358674463938	230	125	3	0	134	0.368131868132
0.355140755523	0.356725146199	230	126	3	0	136	0.371584699454
0.356230065599	0.357699805068	231	126	3	0	136	0.370572207084
0.356430610049	0.355750487329	231	127	3	0	138	0.373983739837
0.359051441706	0.356725146199	232	127	3	0	138	0.372972972973
0.359435595849	0.357699805068	233	127	3	0	138	0.371967654987
0.359938035223	0.357699805068	234	127	3	0	138	0.370967741935
0.359958254491	0.358674463938	235	127	3	0	138	0.369973190349
0.361281611543	0.359649122807	236	127	3	0	138	0.368983957219
0.362141215954	0.358674463938	236	128	3	0	139	0.370666666667
0.364141866711	0.358674463938	236	129	3	0	139	0.370666666667
0.364377477694	0.358674463938	236	130	3	0	139	0.370666666667
0.364747171042	0.358674463938	236	131	3	0	139	0.370666666667
0.365796791692	0.359649122807	237	131	3	0	139	0.369680851064
0.36594747254	0.357699805068	237	132	3	0	141	0.373015873016
