# time 	 divergence 	 # of mutations 	 # IGC chances 	 IGC length 	 # IGC failures 	 Changes due to IGC  	 % change due to IGC 
0.0	0.311827956989	0	0	0	0	0	0.0
0.00154163299246	0.312903225806	1	0	0	0	0	0.0
0.0019420254007	0.313978494624	2	0	0	0	0	0.0
0.00363617232062	0.315053763441	3	0	0	0	0	0.0
0.00443221518399	0.308602150538	3	1	9	0	6	0.666666666667
0.00552386618232	0.308602150538	4	1	9	0	6	0.6
0.00553684832074	0.30752688172	5	1	9	0	6	0.545454545455
0.00586772291896	0.306451612903	6	1	9	0	6	0.5
0.00635197840311	0.30752688172	7	1	9	0	6	0.461538461538
0.00706708849453	0.308602150538	8	1	9	0	6	0.428571428571
0.0107298979964	0.30752688172	9	1	9	0	6	0.4
0.0112141193446	0.308602150538	10	1	9	0	6	0.375
0.0118604916813	0.309677419355	11	1	9	0	6	0.352941176471
0.0119002935524	0.305376344086	11	2	15	0	10	0.47619047619
0.0122850120018	0.304301075269	12	2	15	0	10	0.454545454545
0.0137066529136	0.305376344086	13	2	15	0	10	0.434782608696
0.0176469313254	0.305376344086	14	2	15	0	10	0.416666666667
0.0178758333228	0.306451612903	15	2	15	0	10	0.4
0.0189693948423	0.305376344086	16	2	15	0	10	0.384615384615
0.0191499900425	0.306451612903	17	2	15	0	10	0.37037037037
0.019396554519	0.30752688172	18	2	15	0	10	0.357142857143
0.020362661979	0.308602150538	19	2	15	0	10	0.344827586207
0.0223042255584	0.309677419355	20	2	15	0	10	0.333333333333
0.0227167112173	0.309677419355	21	2	15	0	10	0.322580645161
0.0288724443389	0.310752688172	22	2	15	0	10	0.3125
0.0298914203734	0.310752688172	23	2	15	0	10	0.30303030303
0.0301119479568	0.308602150538	23	3	6	0	12	0.342857142857
0.0302644394339	0.30752688172	24	3	6	0	12	0.333333333333
0.0312485723	0.3	24	4	12	0	19	0.441860465116
0.0344186043701	0.3	25	4	12	0	19	0.431818181818
0.0348725718177	0.301075268817	26	4	12	0	19	0.422222222222
0.035149503071	0.301075268817	27	4	12	0	19	0.413043478261
0.0379633461	0.302150537634	28	4	12	0	19	0.404255319149
0.03879151501	0.298924731183	28	5	6	0	22	0.44
0.0407477464954	0.3	29	5	6	0	22	0.43137254902
0.0413460449429	0.3	30	5	6	0	22	0.423076923077
0.0433097013576	0.301075268817	31	5	6	0	22	0.415094339623
0.0469459283761	0.302150537634	32	5	6	0	22	0.407407407407
0.0476039795717	0.303225806452	33	5	6	0	22	0.4
0.0483934858984	0.303225806452	34	5	6	0	22	0.392857142857
0.0486519153714	0.304301075269	35	5	6	0	22	0.385964912281
0.0499491743078	0.303225806452	36	5	6	0	22	0.379310344828
0.0499835501837	0.304301075269	37	5	6	0	22	0.372881355932
0.0554586781222	0.305376344086	38	5	6	0	22	0.366666666667
0.0559790106494	0.305376344086	39	5	6	0	22	0.360655737705
0.0571916118784	0.305376344086	40	5	6	0	22	0.354838709677
0.0587288727474	0.304301075269	41	5	6	0	22	0.349206349206
0.061203818448	0.305376344086	42	5	6	0	22	0.34375
0.0615969497487	0.306451612903	43	5	6	0	22	0.338461538462
0.0621053705249	0.305376344086	44	5	6	0	22	0.333333333333
0.0636592972113	0.306451612903	45	5	6	0	22	0.328358208955
0.0641433197868	0.305376344086	46	5	6	0	22	0.323529411765
0.0653877112363	0.305376344086	47	5	6	0	22	0.31884057971
0.0658524526733	0.306451612903	48	5	6	0	22	0.314285714286
0.0660229316665	0.306451612903	49	5	6	0	22	0.30985915493
0.0670931593006	0.30752688172	50	5	6	0	22	0.305555555556
0.0674514455829	0.308602150538	51	5	6	0	22	0.301369863014
0.0694242479492	0.308602150538	52	5	6	0	22	0.297297297297
0.0694398732589	0.309677419355	53	5	6	0	22	0.293333333333
0.0716849981293	0.309677419355	54	5	6	0	22	0.289473684211
0.0718013204375	0.309677419355	55	5	6	0	22	0.285714285714
0.0757421766744	0.310752688172	56	5	6	0	22	0.282051282051
0.0773160979457	0.311827956989	57	5	6	0	22	0.278481012658
0.0779728855006	0.311827956989	58	5	6	0	22	0.275
0.0779998595717	0.312903225806	59	5	6	0	22	0.271604938272
0.0794543786701	0.313978494624	60	5	6	0	22	0.268292682927
0.083175647141	0.315053763441	61	5	6	0	22	0.265060240964
0.08399925813	0.313978494624	62	5	6	0	22	0.261904761905
0.0842290174009	0.312903225806	63	5	6	0	22	0.258823529412
0.0856786514584	0.313978494624	64	5	6	0	22	0.255813953488
0.0868951157241	0.315053763441	65	5	6	0	22	0.252873563218
0.0887675823877	0.313978494624	65	6	9	0	23	0.261363636364
0.0888524958987	0.312903225806	66	6	9	0	23	0.258426966292
0.0898101082936	0.306451612903	66	7	9	0	29	0.305263157895
0.091288811921	0.30752688172	67	7	9	0	29	0.302083333333
0.0913794065268	0.308602150538	68	7	9	0	29	0.298969072165
0.0917835915867	0.309677419355	69	7	9	0	29	0.295918367347
0.0918892181253	0.309677419355	70	7	9	0	29	0.292929292929
0.0924945273563	0.310752688172	71	7	9	0	29	0.29
0.093323141795	0.310752688172	72	7	9	0	29	0.287128712871
0.0937372747005	0.311827956989	73	7	9	0	29	0.28431372549
0.0950320883598	0.311827956989	74	7	9	0	29	0.281553398058
0.096257006821	0.312903225806	75	7	9	0	29	0.278846153846
0.0963369029114	0.313978494624	76	7	9	0	29	0.27619047619
0.0964792000163	0.315053763441	77	7	9	0	29	0.27358490566
0.0969771724263	0.315053763441	77	8	3	0	29	0.27358490566
0.101650530484	0.315053763441	78	8	3	0	29	0.271028037383
0.102975554705	0.315053763441	79	8	3	0	29	0.268518518519
0.103323249893	0.313978494624	80	8	3	0	29	0.266055045872
0.104046762355	0.315053763441	81	8	3	0	29	0.263636363636
0.10771750531	0.313978494624	82	8	3	0	29	0.261261261261
0.109760933148	0.315053763441	83	8	3	0	29	0.258928571429
0.110021264766	0.313978494624	84	8	3	0	29	0.256637168142
0.110204687005	0.315053763441	85	8	3	0	29	0.254385964912
0.110745761586	0.309677419355	85	9	6	0	34	0.285714285714
0.11264568054	0.309677419355	86	9	6	0	34	0.283333333333
0.113160317035	0.309677419355	86	10	6	0	34	0.283333333333
0.113540832994	0.309677419355	87	10	6	0	34	0.280991735537
0.113628933063	0.310752688172	88	10	6	0	34	0.27868852459
0.114876210417	0.311827956989	89	10	6	0	34	0.276422764228
0.116461990661	0.310752688172	89	11	6	0	35	0.282258064516
0.117384511642	0.311827956989	90	11	6	0	35	0.28
0.117905516897	0.312903225806	91	11	6	0	35	0.277777777778
0.119501008157	0.311827956989	92	11	6	0	35	0.275590551181
0.121716417417	0.310752688172	93	11	6	0	35	0.2734375
0.123675643129	0.311827956989	94	11	6	0	35	0.271317829457
0.12696758634	0.310752688172	95	11	6	0	35	0.269230769231
0.127784656382	0.311827956989	96	11	6	0	35	0.267175572519
0.128094742453	0.312903225806	97	11	6	0	35	0.265151515152
0.129068960469	0.313978494624	98	11	6	0	35	0.263157894737
0.129310187893	0.315053763441	99	11	6	0	35	0.261194029851
0.130646250987	0.316129032258	100	11	6	0	35	0.259259259259
0.130692969584	0.315053763441	101	11	6	0	35	0.257352941176
0.131454120353	0.316129032258	102	11	6	0	35	0.255474452555
0.131650245834	0.317204301075	103	11	6	0	35	0.253623188406
0.134160621276	0.318279569892	104	11	6	0	35	0.251798561151
0.139725378602	0.31935483871	105	11	6	0	35	0.25
0.141406757439	0.318279569892	106	11	6	0	35	0.248226950355
0.141507367246	0.315053763441	106	12	9	0	38	0.263888888889
