# time 	 divergence 	 # of mutations 	 # IGC chances 	 IGC length 	 # IGC failures 	 Changes due to IGC  	 % change due to IGC 
0.0	0.2261208577	0	0	0	0	0	0.0
0.00295441341017	0.227095516569	1	0	0	0	0	0.0
0.0088140140972	0.228070175439	2	0	0	0	0	0.0
0.00996214323867	0.228070175439	3	0	0	0	0	0.0
0.0124947224113	0.229044834308	4	0	0	0	0	0.0
0.0143962552549	0.229044834308	5	0	0	0	0	0.0
0.0151110264267	0.230019493177	6	0	0	0	0	0.0
0.0173404947323	0.230994152047	7	0	0	0	0	0.0
0.0199534607415	0.231968810916	8	0	0	0	0	0.0
0.0203536349452	0.231968810916	9	0	0	0	0	0.0
0.0219090950573	0.232943469786	10	0	0	0	0	0.0
0.0232054920561	0.232943469786	11	0	0	0	0	0.0
0.024608163715	0.231968810916	11	1	3	0	1	0.0833333333333
0.025279286735	0.232943469786	12	1	3	0	1	0.0769230769231
0.0260244859506	0.233918128655	13	1	3	0	1	0.0714285714286
0.0261228303073	0.234892787524	14	1	3	0	1	0.0666666666667
0.0292632983872	0.235867446394	15	1	3	0	1	0.0625
0.0293757819262	0.236842105263	16	1	3	0	1	0.0588235294118
0.030495791122	0.237816764133	17	1	3	0	1	0.0555555555556
0.0305141923135	0.238791423002	18	1	3	0	1	0.0526315789474
