# time 	 divergence 	 # of mutations 	 # IGC chances 	 IGC length 	 # IGC failures 	 Changes due to IGC  	 % change due to IGC 
0.0	0.0897435897436	0	0	0	0	0	0.0
0.00904250992639	0.0918803418803	1	0	0	0	0	0.0
0.0241842774414	0.0940170940171	2	0	0	0	0	0.0
0.0248359207778	0.0961538461538	3	0	0	0	0	0.0
0.0259943244271	0.0918803418803	3	1	6	0	2	0.4
0.0286580640272	0.0940170940171	4	1	6	0	2	0.333333333333
0.0300844231415	0.0961538461538	5	1	6	0	2	0.285714285714
0.0326522945319	0.0982905982906	6	1	6	0	2	0.25
0.0350793772836	0.100427350427	7	1	6	0	2	0.222222222222
0.0372081111396	0.102564102564	8	1	6	0	2	0.2
0.0374370369288	0.100427350427	9	1	6	0	2	0.181818181818
0.0451558030721	0.0982905982906	10	1	6	0	2	0.166666666667
0.0453082754868	0.100427350427	11	1	6	0	2	0.153846153846
0.0465286178973	0.102564102564	12	1	6	0	2	0.142857142857
0.0473271746965	0.104700854701	13	1	6	0	2	0.133333333333
0.0478675589328	0.106837606838	14	1	6	0	2	0.125
0.0492354473382	0.108974358974	15	1	6	0	2	0.117647058824
0.0517689603386	0.111111111111	16	1	6	0	2	0.111111111111
0.0518105172902	0.113247863248	17	1	6	0	2	0.105263157895
0.0537470611876	0.115384615385	18	1	6	0	2	0.1
0.0574854131358	0.117521367521	19	1	6	0	2	0.0952380952381
0.0595199956695	0.119658119658	20	1	6	0	2	0.0909090909091
0.0605237438803	0.121794871795	21	1	6	0	2	0.0869565217391
0.0645849238234	0.123931623932	22	1	6	0	2	0.0833333333333
0.068600423626	0.126068376068	23	1	6	0	2	0.08
0.0742060325568	0.128205128205	24	1	6	0	2	0.0769230769231
0.0762922327077	0.130341880342	25	1	6	0	2	0.0740740740741
0.0784640351492	0.132478632479	26	1	6	0	2	0.0714285714286
0.0832470204176	0.134615384615	27	1	6	0	2	0.0689655172414
0.0862309156713	0.136752136752	28	1	6	0	2	0.0666666666667
0.0871760652905	0.138888888889	29	1	6	0	2	0.0645161290323
0.0900207401078	0.141025641026	30	1	6	0	2	0.0625
0.0926945661504	0.143162393162	31	1	6	0	2	0.0606060606061
0.0928505867244	0.145299145299	32	1	6	0	2	0.0588235294118
0.0942631162859	0.147435897436	33	1	6	0	2	0.0571428571429
0.0988161082885	0.149572649573	34	1	6	0	2	0.0555555555556
0.0992023403478	0.151709401709	35	1	6	0	2	0.0540540540541
0.100075442604	0.153846153846	36	1	6	0	2	0.0526315789474
0.103369567524	0.147435897436	36	2	12	0	5	0.121951219512
0.107934408538	0.149572649573	37	2	12	0	5	0.119047619048
0.108573873939	0.149572649573	38	2	12	0	5	0.116279069767
0.109635824829	0.151709401709	39	2	12	0	5	0.113636363636
0.115443131907	0.151709401709	40	2	12	0	5	0.111111111111
0.116403010354	0.153846153846	41	2	12	0	5	0.108695652174
0.120186900795	0.155982905983	42	2	12	0	5	0.106382978723
0.129361592549	0.15811965812	43	2	12	0	5	0.104166666667
0.136614270451	0.15811965812	44	2	12	0	5	0.102040816327
0.140025154227	0.153846153846	44	3	15	0	7	0.137254901961
0.14473854555	0.155982905983	45	3	15	0	7	0.134615384615
0.144972018331	0.15811965812	46	3	15	0	7	0.132075471698
0.146232347956	0.160256410256	47	3	15	0	7	0.12962962963
0.148410814916	0.162393162393	48	3	15	0	7	0.127272727273
