# time 	 divergence 	 # of mutations 	 # IGC chances 	 IGC length 	 # IGC failures 	 Changes due to IGC  	 % change due to IGC 
0.0	0.0	0	0	0	0	0	0.0
0.00205489495341	0.0010752688172	1	0	0	0	0	0.0
0.00266633292802	0.00215053763441	2	0	0	0	0	0.0
0.00335676381347	0.00322580645161	3	0	0	0	0	0.0
0.00386059284129	0.00430107526882	4	0	0	0	0	0.0
0.00827308545486	0.00537634408602	5	0	0	0	0	0.0
0.00835425598081	0.00645161290323	6	0	0	0	0	0.0
0.0128037017168	0.00752688172043	7	0	0	0	0	0.0
0.0138441375891	0.00860215053763	8	0	0	0	0	0.0
0.0138683256664	0.00967741935484	9	0	0	0	0	0.0
0.0149083708329	0.010752688172	10	0	0	0	0	0.0
0.0160332586882	0.0118279569892	11	0	0	0	0	0.0
0.0178667617607	0.0129032258065	12	0	0	0	0	0.0
0.0197693159577	0.0139784946237	13	0	0	0	0	0.0
0.0209613899513	0.0150537634409	14	0	0	0	0	0.0
0.0221057938416	0.0161290322581	15	0	0	0	0	0.0
0.023428061352	0.0172043010753	16	0	0	0	0	0.0
0.0237087353481	0.0182795698925	17	0	0	0	0	0.0
0.0257560018728	0.0193548387097	18	0	0	0	0	0.0
0.0262943524947	0.0204301075269	19	0	0	0	0	0.0
0.0270441708443	0.0215053763441	20	0	0	0	0	0.0
0.0271569504585	0.0225806451613	21	0	0	0	0	0.0
0.028002912133	0.0236559139785	22	0	0	0	0	0.0
0.0282012576745	0.0247311827957	23	0	0	0	0	0.0
0.0291216670753	0.0258064516129	24	0	0	0	0	0.0
0.0294794525893	0.0268817204301	25	0	0	0	0	0.0
0.0305817915082	0.0279569892473	26	0	0	0	0	0.0
0.0313175607524	0.0290322580645	27	0	0	0	0	0.0
0.0313900460958	0.0301075268817	28	0	0	0	0	0.0
0.0329057887076	0.0311827956989	29	0	0	0	0	0.0
0.0330703710559	0.0322580645161	30	0	0	0	0	0.0
0.0348397349808	0.0333333333333	31	0	0	0	0	0.0
0.0357527330217	0.0344086021505	32	0	0	0	0	0.0
0.0369863022153	0.0354838709677	33	0	0	0	0	0.0
0.0441517548527	0.0365591397849	34	0	0	0	0	0.0
0.0458629183126	0.0376344086022	35	0	0	0	0	0.0
0.0494827247494	0.0365591397849	36	0	0	0	0	0.0
0.0522359075137	0.0376344086022	37	0	0	0	0	0.0
0.0574403463751	0.0387096774194	38	0	0	0	0	0.0
0.0579676493448	0.0397849462366	39	0	0	0	0	0.0
0.0581958627197	0.0408602150538	40	0	0	0	0	0.0
0.0588744118693	0.041935483871	41	0	0	0	0	0.0
0.0598947577534	0.0430107526882	42	0	0	0	0	0.0
0.0608446215107	0.0440860215054	43	0	0	0	0	0.0
0.0664794912501	0.0440860215054	44	0	0	0	0	0.0
0.0675335688786	0.0451612903226	45	0	0	0	0	0.0
0.0682958496818	0.0462365591398	46	0	0	0	0	0.0
0.0683371006097	0.047311827957	47	0	0	0	0	0.0
0.0700575178066	0.0483870967742	48	0	0	0	0	0.0
0.0701189449396	0.0494623655914	49	0	0	0	0	0.0
0.0706912301005	0.0505376344086	50	0	0	0	0	0.0
0.0717095450126	0.0516129032258	51	0	0	0	0	0.0
0.0748090548682	0.052688172043	52	0	0	0	0	0.0
0.0765802076863	0.0537634408602	53	0	0	0	0	0.0
0.0798707061145	0.0548387096774	54	0	0	0	0	0.0
0.0801227040291	0.0559139784946	55	0	0	0	0	0.0
0.0815692984524	0.0569892473118	56	0	0	0	0	0.0
0.0852085360617	0.0569892473118	57	0	0	0	0	0.0
0.0893771924375	0.058064516129	58	0	0	0	0	0.0
0.0902507071061	0.0591397849462	59	0	0	0	0	0.0
0.0940438658146	0.0602150537634	60	0	0	0	0	0.0
0.0946763419623	0.0612903225806	61	0	0	0	0	0.0
0.0973043695743	0.0623655913978	62	0	0	0	0	0.0
0.09945916515	0.0634408602151	63	0	0	0	0	0.0
0.0995438761791	0.0645161290323	64	0	0	0	0	0.0
0.102635319647	0.0655913978495	65	0	0	0	0	0.0
0.102690572249	0.0645161290323	65	1	3	0	1	0.0151515151515
0.105546490129	0.0655913978495	66	1	3	0	1	0.0149253731343
0.105789376359	0.0666666666667	67	1	3	0	1	0.0147058823529
0.106489084352	0.0677419354839	68	1	3	0	1	0.0144927536232
0.107799554496	0.0688172043011	69	1	3	0	1	0.0142857142857
0.114279884943	0.0698924731183	70	1	3	0	1	0.0140845070423
0.116945218614	0.0709677419355	71	1	3	0	1	0.0138888888889
0.118938758313	0.0698924731183	72	1	3	0	1	0.013698630137
0.118989555866	0.0709677419355	73	1	3	0	1	0.0135135135135
0.121707172454	0.0720430107527	74	1	3	0	1	0.0133333333333
0.124458518905	0.0731182795699	75	1	3	0	1	0.0131578947368
0.125361633214	0.0741935483871	76	1	3	0	1	0.012987012987
0.126427501049	0.0752688172043	77	1	3	0	1	0.0128205128205
0.129207194786	0.0763440860215	78	1	3	0	1	0.0126582278481
0.129548545408	0.0774193548387	79	1	3	0	1	0.0125
0.129674601236	0.0784946236559	80	1	3	0	1	0.0123456790123
0.132599686949	0.0795698924731	81	1	3	0	1	0.0121951219512
0.136209144346	0.0806451612903	82	1	3	0	1	0.0120481927711
0.137236367413	0.0817204301075	83	1	3	0	1	0.0119047619048
0.137661550667	0.0827956989247	84	1	3	0	1	0.0117647058824
0.144030114502	0.0838709677419	85	1	3	0	1	0.0116279069767
0.145783163994	0.0838709677419	86	1	3	0	1	0.0114942528736
0.146867286852	0.0849462365591	87	1	3	0	1	0.0113636363636
0.149224038955	0.0860215053763	88	1	3	0	1	0.0112359550562
0.151750984577	0.0870967741935	89	1	3	0	1	0.0111111111111
0.152800263325	0.0881720430108	90	1	3	0	1	0.010989010989
0.152818516289	0.0881720430108	90	2	12	0	1	0.010989010989
0.154967797223	0.089247311828	91	2	12	0	1	0.0108695652174
0.155402338469	0.0903225806452	92	2	12	0	1	0.010752688172
0.155442991827	0.0913978494624	93	2	12	0	1	0.0106382978723
0.155570781239	0.0924731182796	94	2	12	0	1	0.0105263157895
0.157034086304	0.0935483870968	95	2	12	0	1	0.0104166666667
0.15716518774	0.094623655914	96	2	12	0	1	0.0103092783505
0.157997933317	0.0956989247312	97	2	12	0	1	0.0102040816327
0.163252212254	0.0967741935484	98	2	12	0	1	0.010101010101
0.169366594792	0.0978494623656	99	2	12	0	1	0.01
0.170364906852	0.0989247311828	100	2	12	0	1	0.00990099009901
0.170914622719	0.1	101	2	12	0	1	0.00980392156863
0.172557514153	0.101075268817	102	2	12	0	1	0.00970873786408
0.174836385285	0.102150537634	103	2	12	0	1	0.00961538461538
0.175286447611	0.103225806452	104	2	12	0	1	0.00952380952381
0.180626015975	0.104301075269	105	2	12	0	1	0.00943396226415
0.181452577791	0.105376344086	106	2	12	0	1	0.00934579439252
0.182444969126	0.106451612903	107	2	12	0	1	0.00925925925926
0.184667934951	0.10752688172	108	2	12	0	1	0.00917431192661
0.184768924008	0.108602150538	109	2	12	0	1	0.00909090909091
0.19078203158	0.106451612903	109	3	18	0	3	0.0267857142857
0.191035546978	0.106451612903	110	3	18	0	3	0.0265486725664
0.193115915627	0.105376344086	111	3	18	0	3	0.0263157894737
0.193936901717	0.105376344086	112	3	18	0	3	0.0260869565217
0.193972872925	0.106451612903	113	3	18	0	3	0.0258620689655
0.194286527818	0.10752688172	114	3	18	0	3	0.025641025641
0.195311583289	0.108602150538	115	3	18	0	3	0.0254237288136
0.19548146752	0.109677419355	116	3	18	0	3	0.0252100840336
0.196445509209	0.110752688172	117	3	18	0	3	0.025
0.196636037349	0.111827956989	118	3	18	0	3	0.0247933884298
0.199801896925	0.112903225806	119	3	18	0	3	0.0245901639344
0.201702816892	0.113978494624	120	3	18	0	3	0.0243902439024
0.202210994083	0.112903225806	121	3	18	0	3	0.0241935483871
0.202283623842	0.113978494624	122	3	18	0	3	0.024
0.205541078315	0.115053763441	123	3	18	0	3	0.0238095238095
0.206515653936	0.116129032258	124	3	18	0	3	0.0236220472441
0.20816037712	0.117204301075	125	3	18	0	3	0.0234375
0.209241953332	0.118279569892	126	3	18	0	3	0.0232558139535
0.213631703362	0.11935483871	127	3	18	0	3	0.0230769230769
0.214049804597	0.120430107527	128	3	18	0	3	0.0229007633588
0.217019515179	0.121505376344	129	3	18	0	3	0.0227272727273
0.217161913444	0.120430107527	130	3	18	0	3	0.0225563909774
0.223128480073	0.121505376344	131	3	18	0	3	0.0223880597015
0.224770951909	0.122580645161	132	3	18	0	3	0.0222222222222
0.225239819138	0.123655913978	133	3	18	0	3	0.0220588235294
0.22593561419	0.124731182796	134	3	18	0	3	0.021897810219
0.229350404811	0.124731182796	135	3	18	0	3	0.0217391304348
0.232420030795	0.125806451613	136	3	18	0	3	0.0215827338129
0.232434244071	0.12688172043	137	3	18	0	3	0.0214285714286
0.241671419322	0.125806451613	138	3	18	0	3	0.0212765957447
0.2421082993	0.12688172043	139	3	18	0	3	0.0211267605634
0.243787875853	0.12688172043	140	3	18	0	3	0.020979020979
0.245255845917	0.127956989247	141	3	18	0	3	0.0208333333333
0.245351501829	0.127956989247	142	3	18	0	3	0.0206896551724
0.248987912158	0.129032258065	143	3	18	0	3	0.0205479452055
0.253560016847	0.130107526882	144	3	18	0	3	0.0204081632653
0.255248403237	0.130107526882	145	3	18	0	3	0.0202702702703
0.259698581905	0.131182795699	146	3	18	0	3	0.0201342281879
0.264568734672	0.132258064516	147	3	18	0	3	0.02
0.265249949361	0.133333333333	148	3	18	0	3	0.0198675496689
0.265943589194	0.134408602151	149	3	18	0	3	0.0197368421053
0.267534553762	0.135483870968	150	3	18	0	3	0.0196078431373
0.267978428858	0.136559139785	151	3	18	0	3	0.0194805194805
0.271231897717	0.137634408602	152	3	18	0	3	0.0193548387097
0.27154866736	0.137634408602	153	3	18	0	3	0.0192307692308
0.272336802445	0.138709677419	154	3	18	0	3	0.0191082802548
0.272691576726	0.139784946237	155	3	18	0	3	0.0189873417722
0.273474889155	0.140860215054	156	3	18	0	3	0.0188679245283
0.274844023185	0.141935483871	157	3	18	0	3	0.01875
0.275651670829	0.143010752688	158	3	18	0	3	0.0186335403727
0.276074866952	0.144086021505	159	3	18	0	3	0.0185185185185
0.277230233978	0.145161290323	160	3	18	0	3	0.0184049079755
0.281525754693	0.14623655914	161	3	18	0	3	0.0182926829268
0.282066347958	0.147311827957	162	3	18	0	3	0.0181818181818
0.282367572151	0.148387096774	163	3	18	0	3	0.0180722891566
0.2832244544	0.149462365591	164	3	18	0	3	0.0179640718563
0.283353480528	0.150537634409	165	3	18	0	3	0.0178571428571
0.283648832358	0.151612903226	166	3	18	0	3	0.0177514792899
0.286782252428	0.152688172043	167	3	18	0	3	0.0176470588235
0.287045569722	0.15376344086	168	3	18	0	3	0.0175438596491
0.288007304445	0.154838709677	169	3	18	0	3	0.0174418604651
0.289483564782	0.155913978495	170	3	18	0	3	0.0173410404624
0.290296462688	0.156989247312	171	3	18	0	3	0.0172413793103
0.291087845972	0.158064516129	172	3	18	0	3	0.0171428571429
0.291099684105	0.156989247312	173	3	18	0	3	0.0170454545455
0.291370525292	0.155913978495	174	3	18	0	3	0.0169491525424
0.292065072238	0.156989247312	175	3	18	0	3	0.0168539325843
0.293120118854	0.155913978495	176	3	18	0	3	0.0167597765363
0.300991921281	0.156989247312	177	3	18	0	3	0.0166666666667
0.302249642245	0.155913978495	178	3	18	0	3	0.0165745856354
0.303409019124	0.156989247312	179	3	18	0	3	0.0164835164835
0.304602690312	0.158064516129	180	3	18	0	3	0.016393442623
0.306004810249	0.156989247312	181	3	18	0	3	0.0163043478261
0.306898203962	0.158064516129	182	3	18	0	3	0.0162162162162
0.307073820493	0.159139784946	183	3	18	0	3	0.0161290322581
0.307849464406	0.159139784946	184	3	18	0	3	0.0160427807487
0.310480404589	0.160215053763	185	3	18	0	3	0.0159574468085
0.311409264054	0.159139784946	186	3	18	0	3	0.015873015873
0.316197002546	0.160215053763	187	3	18	0	3	0.0157894736842
0.317330655379	0.159139784946	187	4	3	0	4	0.020942408377
0.319020856527	0.158064516129	188	4	3	0	4	0.0208333333333
0.321389517473	0.159139784946	189	4	3	0	4	0.020725388601
0.324122957475	0.159139784946	190	4	3	0	4	0.020618556701
0.325246316433	0.160215053763	191	4	3	0	4	0.0205128205128
0.328473924083	0.161290322581	192	4	3	0	4	0.0204081632653
0.329616882166	0.162365591398	193	4	3	0	4	0.0203045685279
0.332812763722	0.162365591398	194	4	3	0	4	0.020202020202
0.332912750343	0.163440860215	195	4	3	0	4	0.0201005025126
0.333861935141	0.164516129032	196	4	3	0	4	0.02
0.33392001697	0.165591397849	197	4	3	0	4	0.0199004975124
0.334216804027	0.165591397849	198	4	3	0	4	0.019801980198
0.33422899216	0.166666666667	199	4	3	0	4	0.0197044334975
0.334790509034	0.167741935484	200	4	3	0	4	0.0196078431373
0.336135882446	0.167741935484	201	4	3	0	4	0.019512195122
0.338020590262	0.168817204301	202	4	3	0	4	0.0194174757282
0.338127711346	0.169892473118	203	4	3	0	4	0.0193236714976
0.339817690811	0.170967741935	204	4	3	0	4	0.0192307692308
0.343527394909	0.172043010753	205	4	3	0	4	0.0191387559809
0.347168142286	0.17311827957	206	4	3	0	4	0.0190476190476
0.351674694906	0.174193548387	207	4	3	0	4	0.0189573459716
0.353573546611	0.175268817204	208	4	3	0	4	0.0188679245283
0.357955774979	0.176344086022	209	4	3	0	4	0.018779342723
0.365367808516	0.177419354839	210	4	3	0	4	0.018691588785
0.365929133969	0.178494623656	211	4	3	0	4	0.0186046511628
0.367702248296	0.179569892473	212	4	3	0	4	0.0185185185185
0.36897209257	0.178494623656	213	4	3	0	4	0.0184331797235
0.370293160961	0.177419354839	214	4	3	0	4	0.0183486238532
0.372272455661	0.178494623656	215	4	3	0	4	0.0182648401826
0.374112498202	0.175268817204	215	5	12	0	7	0.0315315315315
0.375785174609	0.176344086022	216	5	12	0	7	0.0313901345291
0.377999712871	0.177419354839	217	5	12	0	7	0.03125
0.379105109529	0.178494623656	218	5	12	0	7	0.0311111111111
0.379781795767	0.179569892473	219	5	12	0	7	0.0309734513274
0.380823544443	0.18064516129	220	5	12	0	7	0.0308370044053
0.383345649809	0.181720430108	221	5	12	0	7	0.030701754386
0.385655749884	0.182795698925	222	5	12	0	7	0.0305676855895
0.386685614928	0.183870967742	223	5	12	0	7	0.0304347826087
0.387342867316	0.184946236559	224	5	12	0	7	0.030303030303
0.389116089842	0.183870967742	225	5	12	0	7	0.0301724137931
0.38966844335	0.184946236559	226	5	12	0	7	0.0300429184549
0.392407936202	0.186021505376	227	5	12	0	7	0.0299145299145
0.399388614754	0.187096774194	228	5	12	0	7	0.0297872340426
0.401122088077	0.188172043011	229	5	12	0	7	0.0296610169492
0.403886065329	0.189247311828	230	5	12	0	7	0.0295358649789
0.405129146246	0.190322580645	231	5	12	0	7	0.0294117647059
0.405205610965	0.190322580645	232	5	12	0	7	0.0292887029289
0.408208819166	0.191397849462	233	5	12	0	7	0.0291666666667
0.408491178679	0.19247311828	234	5	12	0	7	0.0290456431535
0.408888927076	0.193548387097	235	5	12	0	7	0.0289256198347
0.414140915755	0.19247311828	236	5	12	0	7	0.0288065843621
0.414560365655	0.193548387097	237	5	12	0	7	0.0286885245902
0.416409020967	0.194623655914	238	5	12	0	7	0.0285714285714
0.417453149389	0.195698924731	239	5	12	0	7	0.0284552845528
0.418170503873	0.196774193548	240	5	12	0	7	0.0283400809717
0.422446534583	0.197849462366	241	5	12	0	7	0.0282258064516
0.426200631355	0.198924731183	242	5	12	0	7	0.0281124497992
0.426307723787	0.2	243	5	12	0	7	0.028
0.429895993111	0.194623655914	243	6	15	0	12	0.0470588235294
0.429909366272	0.195698924731	244	6	15	0	12	0.046875
0.432025716288	0.194623655914	245	6	15	0	12	0.0466926070039
0.433138473111	0.195698924731	246	6	15	0	12	0.046511627907
0.434968191711	0.196774193548	247	6	15	0	12	0.046332046332
0.438643621946	0.197849462366	248	6	15	0	12	0.0461538461538
0.439043932322	0.198924731183	249	6	15	0	12	0.0459770114943
0.439114569207	0.2	250	6	15	0	12	0.0458015267176
0.439873773403	0.201075268817	251	6	15	0	12	0.0456273764259
0.440333876495	0.202150537634	252	6	15	0	12	0.0454545454545
0.441071501233	0.2	252	7	9	0	14	0.0526315789474
0.442944544697	0.201075268817	253	7	9	0	14	0.0524344569288
0.44488662415	0.2	254	7	9	0	14	0.0522388059701
0.44525107026	0.201075268817	255	7	9	0	14	0.0520446096654
0.447711001782	0.202150537634	256	7	9	0	14	0.0518518518519
0.450478735187	0.203225806452	257	7	9	0	14	0.0516605166052
0.450919169029	0.204301075269	258	7	9	0	14	0.0514705882353
0.452105186458	0.205376344086	259	7	9	0	14	0.0512820512821
0.453201737042	0.206451612903	260	7	9	0	14	0.0510948905109
0.453987185635	0.20752688172	261	7	9	0	14	0.0509090909091
0.45531995597	0.208602150538	262	7	9	0	14	0.0507246376812
0.456304750509	0.209677419355	263	7	9	0	14	0.0505415162455
0.456617726195	0.210752688172	264	7	9	0	14	0.0503597122302
0.45684655762	0.211827956989	265	7	9	0	14	0.0501792114695
0.459684928893	0.210752688172	266	7	9	0	14	0.05
0.460176446858	0.211827956989	267	7	9	0	14	0.0498220640569
0.461087421273	0.212903225806	268	7	9	0	14	0.0496453900709
0.461803798484	0.213978494624	269	7	9	0	14	0.0494699646643
0.464338033135	0.215053763441	270	7	9	0	14	0.0492957746479
0.464964057005	0.216129032258	271	7	9	0	14	0.0491228070175
0.465616281379	0.216129032258	272	7	9	0	14	0.048951048951
0.466205975411	0.216129032258	273	7	9	0	14	0.0487804878049
0.46863975806	0.215053763441	274	7	9	0	14	0.0486111111111
0.468908426846	0.216129032258	275	7	9	0	14	0.0484429065744
0.469718771133	0.217204301075	276	7	9	0	14	0.048275862069
0.470035709128	0.218279569892	277	7	9	0	14	0.0481099656357
0.470195297713	0.21935483871	278	7	9	0	14	0.0479452054795
0.471063399901	0.220430107527	279	7	9	0	14	0.0477815699659
0.473141702359	0.221505376344	280	7	9	0	14	0.047619047619
0.473717072568	0.221505376344	281	7	9	0	14	0.0474576271186
0.474325725341	0.222580645161	282	7	9	0	14	0.0472972972973
0.474768906584	0.223655913978	283	7	9	0	14	0.047138047138
0.475792795517	0.224731182796	284	7	9	0	14	0.0469798657718
0.479258206146	0.225806451613	285	7	9	0	14	0.0468227424749
0.479770012321	0.224731182796	286	7	9	0	14	0.0466666666667
0.480603158813	0.223655913978	287	7	9	0	14	0.046511627907
0.481828812582	0.223655913978	288	7	9	0	14	0.046357615894
0.484247094257	0.224731182796	289	7	9	0	14	0.046204620462
0.4854078461	0.225806451613	290	7	9	0	14	0.0460526315789
0.485796604373	0.22688172043	291	7	9	0	14	0.0459016393443
0.485908240345	0.223655913978	291	8	12	0	17	0.0551948051948
0.486100927332	0.224731182796	292	8	12	0	17	0.0550161812298
0.486279713085	0.225806451613	293	8	12	0	17	0.0548387096774
0.486706106682	0.22688172043	294	8	12	0	17	0.0546623794212
0.486880017188	0.227956989247	295	8	12	0	17	0.0544871794872
0.490371837218	0.229032258065	296	8	12	0	17	0.0543130990415
0.491561857044	0.230107526882	297	8	12	0	17	0.0541401273885
0.491867873	0.231182795699	298	8	12	0	17	0.0539682539683
0.494467997724	0.230107526882	299	8	12	0	17	0.0537974683544
0.494527029621	0.229032258065	300	8	12	0	17	0.0536277602524
0.49529210997	0.229032258065	301	8	12	0	17	0.0534591194969
0.497221880632	0.230107526882	302	8	12	0	17	0.0532915360502
0.503576845274	0.230107526882	303	8	12	0	17	0.053125
0.504850449354	0.231182795699	304	8	12	0	17	0.0529595015576
0.507254516523	0.231182795699	305	8	12	0	17	0.0527950310559
0.509046662714	0.232258064516	306	8	12	0	17	0.0526315789474
0.511119833594	0.231182795699	307	8	12	0	17	0.0524691358025
0.511344309698	0.232258064516	308	8	12	0	17	0.0523076923077
0.514458782114	0.231182795699	309	8	12	0	17	0.0521472392638
0.515752138475	0.231182795699	310	8	12	0	17	0.0519877675841
0.518375027918	0.231182795699	311	8	12	0	17	0.0518292682927
0.522028542486	0.232258064516	312	8	12	0	17	0.0516717325228
0.524202691247	0.233333333333	313	8	12	0	17	0.0515151515152
0.525501327374	0.234408602151	314	8	12	0	17	0.0513595166163
0.529178299891	0.235483870968	315	8	12	0	17	0.0512048192771
0.529753937761	0.236559139785	316	8	12	0	17	0.0510510510511
0.530022992001	0.237634408602	317	8	12	0	17	0.0508982035928
0.531171665834	0.238709677419	318	8	12	0	17	0.0507462686567
0.531910449295	0.239784946237	319	8	12	0	17	0.0505952380952
0.534108261439	0.239784946237	320	8	12	0	17	0.0504451038576
0.534658621302	0.238709677419	321	8	12	0	17	0.0502958579882
0.536384154018	0.239784946237	322	8	12	0	17	0.0501474926254
0.536929558387	0.240860215054	323	8	12	0	17	0.05
0.538097957884	0.241935483871	324	8	12	0	17	0.049853372434
0.544029071584	0.241935483871	325	8	12	0	17	0.0497076023392
0.544236823353	0.243010752688	326	8	12	0	17	0.0495626822157
0.544751620501	0.244086021505	327	8	12	0	17	0.0494186046512
0.54911014778	0.245161290323	328	8	12	0	17	0.0492753623188
0.550093682082	0.24623655914	329	8	12	0	17	0.0491329479769
0.550773062772	0.24623655914	330	8	12	0	17	0.0489913544669
0.553375535801	0.247311827957	331	8	12	0	17	0.0488505747126
0.554738760082	0.248387096774	332	8	12	0	17	0.0487106017192
0.555455320848	0.249462365591	333	8	12	0	17	0.0485714285714
0.556913409632	0.250537634409	334	8	12	0	17	0.048433048433
0.557495574713	0.251612903226	335	8	12	0	17	0.0482954545455
0.558705683518	0.252688172043	336	8	12	0	17	0.0481586402266
0.560392613294	0.25376344086	337	8	12	0	17	0.0480225988701
0.561690633501	0.254838709677	338	8	12	0	17	0.0478873239437
0.562109566606	0.255913978495	339	8	12	0	17	0.0477528089888
0.564667236304	0.256989247312	340	8	12	0	17	0.047619047619
0.566831441397	0.256989247312	341	8	12	0	17	0.0474860335196
0.57845281255	0.256989247312	342	8	12	0	17	0.0473537604457
0.580484217117	0.258064516129	343	8	12	0	17	0.0472222222222
0.582650644758	0.259139784946	344	8	12	0	17	0.0470914127424
0.58491865106	0.260215053763	345	8	12	0	17	0.0469613259669
0.586277803775	0.261290322581	346	8	12	0	17	0.0468319559229
0.590603607655	0.260215053763	347	8	12	0	17	0.0467032967033
0.590878913812	0.261290322581	348	8	12	0	17	0.0465753424658
0.591137936043	0.262365591398	349	8	12	0	17	0.0464480874317
0.592052506997	0.262365591398	350	8	12	0	17	0.0463215258856
0.59387623498	0.263440860215	351	8	12	0	17	0.0461956521739
0.594262764821	0.264516129032	352	8	12	0	17	0.0460704607046
0.59665802165	0.265591397849	353	8	12	0	17	0.0459459459459
0.597086925938	0.265591397849	354	8	12	0	17	0.0458221024259
0.599553632875	0.266666666667	355	8	12	0	17	0.0456989247312
0.600184545904	0.267741935484	356	8	12	0	17	0.0455764075067
0.600864663784	0.268817204301	357	8	12	0	17	0.0454545454545
0.607883880269	0.269892473118	358	8	12	0	17	0.0453333333333
0.611129074318	0.269892473118	359	8	12	0	17	0.0452127659574
0.614006534085	0.270967741935	360	8	12	0	17	0.0450928381963
0.614946219489	0.269892473118	361	8	12	0	17	0.0449735449735
0.616701002992	0.270967741935	362	8	12	0	17	0.0448548812665
0.619610569589	0.269892473118	363	8	12	0	17	0.0447368421053
0.6199047667	0.270967741935	364	8	12	0	17	0.0446194225722
0.620817666312	0.270967741935	365	8	12	0	17	0.044502617801
0.621269953524	0.272043010753	366	8	12	0	17	0.0443864229765
0.62204421331	0.27311827957	367	8	12	0	17	0.0442708333333
0.622255941733	0.272043010753	368	8	12	0	17	0.0441558441558
0.622838906054	0.272043010753	369	8	12	0	17	0.0440414507772
0.624354330317	0.272043010753	370	8	12	0	17	0.0439276485788
0.624539131619	0.27311827957	371	8	12	0	17	0.0438144329897
0.625377054264	0.274193548387	372	8	12	0	17	0.0437017994859
0.625738804824	0.275268817204	373	8	12	0	17	0.0435897435897
0.627233582995	0.276344086022	374	8	12	0	17	0.0434782608696
0.628279799037	0.276344086022	375	8	12	0	17	0.0433673469388
0.636517454339	0.275268817204	376	8	12	0	17	0.0432569974555
0.637426487593	0.274193548387	377	8	12	0	17	0.0431472081218
0.637751417505	0.274193548387	378	8	12	0	17	0.0430379746835
0.63786558984	0.27311827957	379	8	12	0	17	0.0429292929293
0.638497168754	0.272043010753	380	8	12	0	17	0.0428211586902
0.64327209525	0.272043010753	381	8	12	0	17	0.0427135678392
0.644688027648	0.27311827957	382	8	12	0	17	0.0426065162907
0.645373075941	0.274193548387	383	8	12	0	17	0.0425
0.64867469116	0.275268817204	384	8	12	0	17	0.0423940149626
0.652888053874	0.274193548387	385	8	12	0	17	0.0422885572139
0.661527936837	0.275268817204	386	8	12	0	17	0.0421836228288
0.663595824557	0.274193548387	387	8	12	0	17	0.0420792079208
0.669548915278	0.275268817204	388	8	12	0	17	0.041975308642
0.672193156203	0.276344086022	389	8	12	0	17	0.0418719211823
0.674287814769	0.275268817204	390	8	12	0	17	0.041769041769
0.674389102921	0.275268817204	391	8	12	0	17	0.0416666666667
0.674668436256	0.276344086022	392	8	12	0	17	0.041564792176
0.675261140937	0.275268817204	393	8	12	0	17	0.0414634146341
0.679037053466	0.276344086022	394	8	12	0	17	0.0413625304136
0.680466364133	0.277419354839	395	8	12	0	17	0.0412621359223
0.680950342756	0.277419354839	396	8	12	0	17	0.0411622276029
0.681796577262	0.278494623656	397	8	12	0	17	0.0410628019324
0.682732461587	0.279569892473	398	8	12	0	17	0.0409638554217
0.686764678272	0.28064516129	399	8	12	0	17	0.0408653846154
0.68819195522	0.281720430108	400	8	12	0	17	0.0407673860911
0.689502257629	0.282795698925	401	8	12	0	17	0.0406698564593
0.690640925525	0.282795698925	402	8	12	0	17	0.0405727923628
0.691393424646	0.281720430108	403	8	12	0	17	0.0404761904762
0.69227243374	0.28064516129	404	8	12	0	17	0.0403800475059
0.693181975859	0.28064516129	405	8	12	0	17	0.0402843601896
0.693563651808	0.279569892473	406	8	12	0	17	0.0401891252955
0.698388156204	0.28064516129	407	8	12	0	17	0.0400943396226
0.699903182087	0.28064516129	408	8	12	0	17	0.04
0.701652090196	0.279569892473	409	8	12	0	17	0.0399061032864
0.702763909076	0.28064516129	410	8	12	0	17	0.03981264637
0.704938080765	0.281720430108	411	8	12	0	17	0.0397196261682
0.708321717148	0.281720430108	412	8	12	0	17	0.039627039627
0.708523985527	0.282795698925	413	8	12	0	17	0.0395348837209
0.709920740282	0.283870967742	414	8	12	0	17	0.0394431554524
0.710655667417	0.284946236559	415	8	12	0	17	0.0393518518519
0.71192486008	0.286021505376	416	8	12	0	17	0.0392609699769
0.712850755899	0.287096774194	417	8	12	0	17	0.0391705069124
0.712960436937	0.286021505376	418	8	12	0	17	0.0390804597701
0.718522835109	0.287096774194	419	8	12	0	17	0.0389908256881
0.718787884109	0.288172043011	420	8	12	0	17	0.0389016018307
0.719259133223	0.289247311828	421	8	12	0	17	0.0388127853881
0.719823858403	0.290322580645	422	8	12	0	17	0.0387243735763
0.721344348764	0.290322580645	423	8	12	0	17	0.0386363636364
0.7235035504	0.291397849462	424	8	12	0	17	0.0385487528345
0.724192832318	0.290322580645	425	8	12	0	17	0.0384615384615
0.727546805381	0.290322580645	426	8	12	0	17	0.038374717833
0.731493359275	0.291397849462	427	8	12	0	17	0.0382882882883
0.731642092254	0.290322580645	428	8	12	0	17	0.038202247191
0.732151601933	0.289247311828	429	8	12	0	17	0.0381165919283
0.732985372767	0.288172043011	430	8	12	0	17	0.0380313199105
0.735827164677	0.289247311828	431	8	12	0	17	0.0379464285714
0.738429283446	0.290322580645	432	8	12	0	17	0.0378619153675
0.738720037263	0.291397849462	433	8	12	0	17	0.0377777777778
0.739689627546	0.29247311828	434	8	12	0	17	0.0376940133038
0.740209961509	0.293548387097	435	8	12	0	17	0.037610619469
0.740829079986	0.293548387097	436	8	12	0	17	0.037527593819
0.741763971253	0.29247311828	437	8	12	0	17	0.0374449339207
0.742495789003	0.293548387097	438	8	12	0	17	0.0373626373626
0.745076005283	0.29247311828	439	8	12	0	17	0.0372807017544
0.752017490129	0.293548387097	440	8	12	0	17	0.0371991247265
0.753336628617	0.294623655914	441	8	12	0	17	0.0371179039301
0.753680622479	0.294623655914	442	8	12	0	17	0.037037037037
0.753792879513	0.295698924731	443	8	12	0	17	0.0369565217391
0.754829456438	0.296774193548	444	8	12	0	17	0.0368763557484
0.755712915976	0.297849462366	445	8	12	0	17	0.0367965367965
0.757011135726	0.297849462366	446	8	12	0	17	0.036717062635
0.757342822144	0.298924731183	447	8	12	0	17	0.0366379310345
0.760663028921	0.297849462366	448	8	12	0	17	0.0365591397849
0.764331434776	0.298924731183	449	8	12	0	17	0.0364806866953
0.764393722007	0.297849462366	450	8	12	0	17	0.0364025695931
0.766225921273	0.297849462366	451	8	12	0	17	0.0363247863248
0.766238509081	0.298924731183	452	8	12	0	17	0.0362473347548
0.76777833055	0.3	453	8	12	0	17	0.036170212766
0.768772386971	0.3	454	8	12	0	17	0.036093418259
0.77139978143	0.301075268817	455	8	12	0	17	0.0360169491525
0.77254977224	0.302150537634	456	8	12	0	17	0.0359408033827
0.772889860144	0.301075268817	457	8	12	0	17	0.035864978903
0.777099035806	0.302150537634	458	8	12	0	17	0.0357894736842
0.777797324633	0.301075268817	459	8	12	0	17	0.0357142857143
0.778361786851	0.301075268817	460	8	12	0	17	0.0356394129979
0.780131355049	0.301075268817	461	8	12	0	17	0.0355648535565
0.781022549532	0.298924731183	461	9	9	0	19	0.0395833333333
0.782181766462	0.3	462	9	9	0	19	0.039501039501
0.783605543879	0.3	463	9	9	0	19	0.0394190871369
0.78594954681	0.301075268817	464	9	9	0	19	0.0393374741201
0.78643665616	0.302150537634	465	9	9	0	19	0.0392561983471
0.787546218087	0.303225806452	466	9	9	0	19	0.039175257732
0.788296125215	0.304301075269	467	9	9	0	19	0.0390946502058
0.788558783035	0.305376344086	468	9	9	0	19	0.0390143737166
0.790855419882	0.305376344086	469	9	9	0	19	0.0389344262295
0.79298839659	0.306451612903	470	9	9	0	19	0.038854805726
0.800822682046	0.305376344086	471	9	9	0	19	0.0387755102041
0.806463129005	0.305376344086	472	9	9	0	19	0.0386965376782
0.806619637749	0.306451612903	473	9	9	0	19	0.0386178861789
