# time 	 divergence 	 # of mutations 	 # IGC chances 	 IGC length 	 # IGC failures 	 Changes due to IGC  	 % change due to IGC 
0.0	0.218323586745	0	0	0	0	0	0.0
0.00103570000635	0.219298245614	1	0	0	0	0	0.0
0.00300514619711	0.220272904483	2	0	0	0	0	0.0
0.0030757814754	0.221247563353	3	0	0	0	0	0.0
0.00457158724533	0.222222222222	4	0	0	0	0	0.0
0.0050103062084	0.223196881092	5	0	0	0	0	0.0
0.00585146737699	0.224171539961	6	0	0	0	0	0.0
0.00646194736584	0.22514619883	7	0	0	0	0	0.0
0.00670987295006	0.2261208577	8	0	0	0	0	0.0
0.00672508944367	0.227095516569	9	0	0	0	0	0.0
0.0101650011202	0.224171539961	9	1	9	0	3	0.25
0.0104212947691	0.22514619883	10	1	9	0	3	0.230769230769
0.0126520790334	0.2261208577	11	1	9	0	3	0.214285714286
0.0126728086612	0.227095516569	12	1	9	0	3	0.2
0.0140014712546	0.228070175439	13	1	9	0	3	0.1875
0.0196897565307	0.229044834308	14	1	9	0	3	0.176470588235
0.0267992637114	0.229044834308	15	1	9	0	3	0.166666666667
0.0299823333121	0.230019493177	16	1	9	0	3	0.157894736842
0.0326387651281	0.230994152047	17	1	9	0	3	0.15
0.0331425258491	0.231968810916	18	1	9	0	3	0.142857142857
0.0335956133288	0.232943469786	19	1	9	0	3	0.136363636364
0.0341937568552	0.233918128655	20	1	9	0	3	0.130434782609
0.0376654141968	0.234892787524	21	1	9	0	3	0.125
0.0385731397543	0.235867446394	22	1	9	0	3	0.12
0.0395287078378	0.236842105263	23	1	9	0	3	0.115384615385
0.0414476658614	0.237816764133	24	1	9	0	3	0.111111111111
0.042906176447	0.238791423002	25	1	9	0	3	0.107142857143
0.0453138956887	0.239766081871	26	1	9	0	3	0.103448275862
0.0461144641205	0.240740740741	27	1	9	0	3	0.1
0.0466719914177	0.239766081871	28	1	9	0	3	0.0967741935484
0.0483151921457	0.238791423002	28	2	15	0	4	0.125
0.0500351114346	0.239766081871	29	2	15	0	4	0.121212121212
0.0552727919278	0.240740740741	30	2	15	0	4	0.117647058824
0.0555021302682	0.240740740741	31	2	15	0	4	0.114285714286
0.0577891819224	0.240740740741	32	2	15	0	4	0.111111111111
0.0599840188334	0.240740740741	33	2	15	0	4	0.108108108108
0.0602698205334	0.239766081871	34	2	15	0	4	0.105263157895
0.0605898464122	0.240740740741	35	2	15	0	4	0.102564102564
0.061696791321	0.24171539961	36	2	15	0	4	0.1
0.0622257827923	0.24269005848	37	2	15	0	4	0.0975609756098
0.0641302348657	0.24171539961	38	2	15	0	4	0.0952380952381
0.0675698717055	0.24171539961	39	2	15	0	4	0.093023255814
0.068537931609	0.237816764133	39	3	33	0	8	0.170212765957
0.072321470983	0.238791423002	40	3	33	0	8	0.166666666667
0.0725281936524	0.239766081871	41	3	33	0	8	0.163265306122
0.0729870086653	0.239766081871	42	3	33	0	8	0.16
0.0747883105925	0.240740740741	43	3	33	0	8	0.156862745098
0.0763378821281	0.24171539961	44	3	33	0	8	0.153846153846
0.0779430521423	0.24269005848	45	3	33	0	8	0.150943396226
0.0820696295625	0.24269005848	46	3	33	0	8	0.148148148148
0.0824651339255	0.24269005848	47	3	33	0	8	0.145454545455
0.0839996950994	0.243664717349	48	3	33	0	8	0.142857142857
0.0842779211276	0.244639376218	49	3	33	0	8	0.140350877193
0.0890198419219	0.245614035088	50	3	33	0	8	0.137931034483
0.0913228855286	0.244639376218	51	3	33	0	8	0.135593220339
0.0918083251082	0.244639376218	52	3	33	0	8	0.133333333333
0.0919255198363	0.244639376218	53	3	33	0	8	0.131147540984
0.0923420953848	0.243664717349	54	3	33	0	8	0.129032258065
0.0959026067033	0.244639376218	55	3	33	0	8	0.126984126984
0.0970261304174	0.245614035088	56	3	33	0	8	0.125
0.0981431155056	0.246588693957	57	3	33	0	8	0.123076923077
0.100159816046	0.247563352827	58	3	33	0	8	0.121212121212
0.10050857159	0.247563352827	59	3	33	0	8	0.119402985075
0.102279360222	0.248538011696	60	3	33	0	8	0.117647058824
0.10499612403	0.249512670565	61	3	33	0	8	0.115942028986
0.105929115524	0.250487329435	62	3	33	0	8	0.114285714286
0.106907821446	0.251461988304	63	3	33	0	8	0.112676056338
0.108490556393	0.252436647173	64	3	33	0	8	0.111111111111
0.108587726771	0.253411306043	65	3	33	0	8	0.109589041096
0.108617185034	0.254385964912	66	3	33	0	8	0.108108108108
0.109331392701	0.255360623782	67	3	33	0	8	0.106666666667
0.109970241381	0.254385964912	68	3	33	0	8	0.105263157895
0.115057742216	0.254385964912	69	3	33	0	8	0.103896103896
0.115454754923	0.254385964912	70	3	33	0	8	0.102564102564
0.115582076154	0.254385964912	71	3	33	0	8	0.101265822785
0.117548533607	0.255360623782	72	3	33	0	8	0.1
0.118375474146	0.255360623782	73	3	33	0	8	0.0987654320988
0.119773149147	0.255360623782	74	3	33	0	8	0.0975609756098
0.122201512475	0.256335282651	75	3	33	0	8	0.0963855421687
0.124531460147	0.221247563353	75	4	123	0	44	0.36974789916
0.125884927383	0.222222222222	76	4	123	0	44	0.366666666667
0.126300906658	0.223196881092	77	4	123	0	44	0.363636363636
0.127205113412	0.224171539961	78	4	123	0	44	0.360655737705
0.130132771472	0.22514619883	79	4	123	0	44	0.357723577236
0.130526656063	0.2261208577	80	4	123	0	44	0.354838709677
0.131550330929	0.2261208577	81	4	123	0	44	0.352
0.131750697402	0.227095516569	82	4	123	0	44	0.349206349206
0.132795540576	0.227095516569	83	4	123	0	44	0.346456692913
0.1329427861	0.228070175439	84	4	123	0	44	0.34375
0.13325719117	0.229044834308	85	4	123	0	44	0.341085271318
0.133314656152	0.230019493177	86	4	123	0	44	0.338461538462
0.133411530873	0.230994152047	87	4	123	0	44	0.335877862595
0.135788571738	0.230994152047	88	4	123	0	44	0.333333333333
0.136256723177	0.231968810916	89	4	123	0	44	0.330827067669
0.143003097435	0.230994152047	90	4	123	0	44	0.328358208955
0.145006588014	0.230019493177	91	4	123	0	44	0.325925925926
0.145389273057	0.230994152047	92	4	123	0	44	0.323529411765
0.147943670063	0.230019493177	93	4	123	0	44	0.321167883212
0.148668299078	0.229044834308	94	4	123	0	44	0.31884057971
0.150345832571	0.230019493177	95	4	123	0	44	0.31654676259
0.153279950344	0.230994152047	96	4	123	0	44	0.314285714286
0.158568265005	0.230994152047	97	4	123	0	44	0.312056737589
0.159521731513	0.230019493177	98	4	123	0	44	0.30985915493
0.162317846129	0.230994152047	99	4	123	0	44	0.307692307692
0.162969883877	0.231968810916	100	4	123	0	44	0.305555555556
0.164992457177	0.232943469786	101	4	123	0	44	0.303448275862
0.167696102272	0.233918128655	102	4	123	0	44	0.301369863014
0.167777023441	0.234892787524	103	4	123	0	44	0.299319727891
0.168238079044	0.235867446394	104	4	123	0	44	0.297297297297
0.168377118349	0.236842105263	105	4	123	0	44	0.295302013423
0.168821051563	0.237816764133	106	4	123	0	44	0.293333333333
0.168957398922	0.238791423002	107	4	123	0	44	0.291390728477
0.172535860209	0.239766081871	108	4	123	0	44	0.289473684211
0.17557641955	0.239766081871	109	4	123	0	44	0.287581699346
0.180755661038	0.240740740741	110	4	123	0	44	0.285714285714
0.1829313522	0.24171539961	111	4	123	0	44	0.283870967742
0.185656066796	0.240740740741	111	5	18	0	45	0.288461538462
0.187863296158	0.24171539961	112	5	18	0	45	0.286624203822
0.189529839818	0.24269005848	113	5	18	0	45	0.284810126582
0.190202703326	0.243664717349	114	5	18	0	45	0.283018867925
0.191988027425	0.235867446394	114	6	21	0	53	0.317365269461
0.192659698704	0.236842105263	115	6	21	0	53	0.315476190476
0.192687397114	0.237816764133	116	6	21	0	53	0.313609467456
0.193837386235	0.238791423002	117	6	21	0	53	0.311764705882
0.195745225375	0.237816764133	118	6	21	0	53	0.309941520468
0.200869399676	0.237816764133	119	6	21	0	53	0.308139534884
0.202202337724	0.238791423002	120	6	21	0	53	0.306358381503
0.204600847165	0.238791423002	121	6	21	0	53	0.304597701149
0.206879829454	0.239766081871	122	6	21	0	53	0.302857142857
0.207755990847	0.240740740741	123	6	21	0	53	0.301136363636
0.210448497078	0.24171539961	124	6	21	0	53	0.299435028249
0.212472310537	0.175438596491	124	7	261	0	121	0.49387755102
0.213214140687	0.176413255361	125	7	261	0	121	0.491869918699
0.213397510203	0.17738791423	126	7	261	0	121	0.48987854251
0.213481020885	0.178362573099	127	7	261	0	121	0.487903225806
0.214762464173	0.179337231969	128	7	261	0	121	0.4859437751
0.215226055321	0.180311890838	129	7	261	0	121	0.484
0.216053388887	0.171539961014	129	8	54	0	130	0.501930501931
0.217828134586	0.172514619883	130	8	54	0	130	0.5
0.218243109802	0.173489278752	131	8	54	0	130	0.498084291188
0.220168216768	0.174463937622	132	8	54	0	130	0.496183206107
0.221484265717	0.175438596491	133	8	54	0	130	0.494296577947
0.223208589389	0.176413255361	134	8	54	0	130	0.492424242424
0.226839736403	0.17738791423	135	8	54	0	130	0.490566037736
0.227011468839	0.178362573099	136	8	54	0	130	0.488721804511
0.227426361758	0.179337231969	137	8	54	0	130	0.486891385768
0.227990033457	0.180311890838	138	8	54	0	130	0.485074626866
0.229362590997	0.181286549708	139	8	54	0	130	0.483271375465
0.232218888256	0.182261208577	140	8	54	0	130	0.481481481481
0.233869745751	0.183235867446	141	8	54	0	130	0.479704797048
0.233956763696	0.184210526316	142	8	54	0	130	0.477941176471
0.234447341752	0.184210526316	143	8	54	0	130	0.47619047619
0.234468977269	0.185185185185	144	8	54	0	130	0.474452554745
0.236757771097	0.185185185185	145	8	54	0	130	0.472727272727
0.237919525928	0.184210526316	146	8	54	0	130	0.471014492754
0.238092186891	0.185185185185	147	8	54	0	130	0.469314079422
0.238162228726	0.186159844055	148	8	54	0	130	0.467625899281
0.238546086057	0.187134502924	149	8	54	0	130	0.465949820789
0.23870641658	0.188109161793	150	8	54	0	130	0.464285714286
0.240917367856	0.174463937622	150	9	30	0	144	0.489795918367
0.241110753503	0.175438596491	151	9	30	0	144	0.48813559322
0.241514871147	0.176413255361	152	9	30	0	144	0.486486486486
0.241550099311	0.17738791423	153	9	30	0	144	0.484848484848
0.244971442869	0.178362573099	154	9	30	0	144	0.48322147651
0.245242812778	0.179337231969	155	9	30	0	144	0.481605351171
0.245247887042	0.180311890838	156	9	30	0	144	0.48
0.246563295771	0.180311890838	156	10	3	0	144	0.48
0.247151491696	0.181286549708	157	10	3	0	144	0.478405315615
0.247816598388	0.182261208577	158	10	3	0	144	0.476821192053
0.247925619068	0.183235867446	159	10	3	0	144	0.475247524752
0.251206201518	0.184210526316	160	10	3	0	144	0.473684210526
0.252863768155	0.185185185185	161	10	3	0	144	0.472131147541
0.253933742624	0.185185185185	162	10	3	0	144	0.470588235294
0.254483176463	0.186159844055	163	10	3	0	144	0.469055374593
0.255692780408	0.187134502924	164	10	3	0	144	0.467532467532
0.256399578604	0.187134502924	165	10	3	0	144	0.466019417476
0.260077621611	0.188109161793	166	10	3	0	144	0.464516129032
0.265593571738	0.187134502924	167	10	3	0	144	0.463022508039
0.267223759662	0.188109161793	168	10	3	0	144	0.461538461538
0.267813545006	0.189083820663	169	10	3	0	144	0.460063897764
0.268533085763	0.190058479532	170	10	3	0	144	0.458598726115
0.26951469995	0.189083820663	171	10	3	0	144	0.457142857143
0.269942764761	0.190058479532	172	10	3	0	144	0.455696202532
0.27293462507	0.190058479532	173	10	3	0	144	0.454258675079
0.274817591734	0.191033138402	174	10	3	0	144	0.452830188679
0.27539904082	0.192007797271	175	10	3	0	144	0.451410658307
0.275761128508	0.191033138402	176	10	3	0	144	0.45
0.276811124807	0.192007797271	177	10	3	0	144	0.448598130841
0.27694954261	0.19298245614	178	10	3	0	144	0.447204968944
0.277631687881	0.19395711501	179	10	3	0	144	0.445820433437
0.278222481122	0.194931773879	180	10	3	0	144	0.444444444444
0.279338776369	0.194931773879	181	10	3	0	144	0.443076923077
0.280574844963	0.195906432749	182	10	3	0	144	0.441717791411
0.281622020732	0.195906432749	183	10	3	0	144	0.440366972477
0.283004890519	0.196881091618	184	10	3	0	144	0.439024390244
0.284225357188	0.197855750487	185	10	3	0	144	0.437689969605
0.296504033037	0.198830409357	186	10	3	0	144	0.436363636364
0.296794204413	0.199805068226	187	10	3	0	144	0.435045317221
0.297437947767	0.198830409357	188	10	3	0	144	0.433734939759
0.298887155583	0.199805068226	189	10	3	0	144	0.432432432432
0.300166757237	0.200779727096	190	10	3	0	144	0.431137724551
0.304067855153	0.201754385965	191	10	3	0	144	0.429850746269
0.307723540457	0.202729044834	192	10	3	0	144	0.428571428571
0.308051485478	0.202729044834	193	10	3	0	144	0.427299703264
0.308264840174	0.203703703704	194	10	3	0	144	0.426035502959
0.308880090688	0.204678362573	195	10	3	0	144	0.424778761062
0.310090410522	0.205653021442	196	10	3	0	144	0.423529411765
0.314078425305	0.206627680312	197	10	3	0	144	0.422287390029
0.316005638639	0.207602339181	198	10	3	0	144	0.421052631579
0.320946880457	0.207602339181	199	10	3	0	144	0.419825072886
0.324096555216	0.208576998051	200	10	3	0	144	0.418604651163
0.324666836111	0.20955165692	201	10	3	0	144	0.417391304348
0.32479594463	0.210526315789	202	10	3	0	144	0.416184971098
0.326494170307	0.211500974659	203	10	3	0	144	0.414985590778
0.328016506517	0.212475633528	204	10	3	0	144	0.413793103448
0.329670972269	0.213450292398	205	10	3	0	144	0.412607449857
0.33409967755	0.214424951267	206	10	3	0	144	0.411428571429
0.334983763848	0.214424951267	207	10	3	0	144	0.410256410256
0.335344305329	0.215399610136	208	10	3	0	144	0.409090909091
0.340025221631	0.216374269006	209	10	3	0	144	0.407932011331
0.3403077306	0.215399610136	210	10	3	0	144	0.406779661017
0.344441808562	0.214424951267	211	10	3	0	144	0.405633802817
0.34582167271	0.214424951267	212	10	3	0	144	0.404494382022
0.349859053103	0.215399610136	213	10	3	0	144	0.403361344538
0.350403255824	0.216374269006	214	10	3	0	144	0.402234636872
0.3507089977	0.215399610136	215	10	3	0	144	0.401114206128
0.351821823568	0.216374269006	216	10	3	0	144	0.4
0.35241423405	0.215399610136	217	10	3	0	144	0.398891966759
0.35256650875	0.215399610136	218	10	3	0	144	0.397790055249
0.354543986595	0.214424951267	219	10	3	0	144	0.396694214876
0.354809311136	0.215399610136	220	10	3	0	144	0.395604395604
0.356994262998	0.216374269006	221	10	3	0	144	0.394520547945
0.357240453728	0.217348927875	222	10	3	0	144	0.393442622951
0.35978654935	0.218323586745	223	10	3	0	144	0.392370572207
0.362358318816	0.219298245614	224	10	3	0	144	0.391304347826
0.365675359234	0.220272904483	225	10	3	0	144	0.390243902439
0.368083402941	0.220272904483	226	10	3	0	144	0.389189189189
0.368590131544	0.221247563353	227	10	3	0	144	0.388140161725
0.369670209833	0.222222222222	228	10	3	0	144	0.387096774194
0.371022215291	0.223196881092	229	10	3	0	144	0.386058981233
0.373806717382	0.224171539961	230	10	3	0	144	0.385026737968
0.373971379189	0.22514619883	231	10	3	0	144	0.384
0.374490108261	0.22514619883	232	10	3	0	144	0.382978723404
0.374839386526	0.2261208577	233	10	3	0	144	0.381962864721
0.374874976108	0.22514619883	234	10	3	0	144	0.380952380952
0.375845431311	0.2261208577	235	10	3	0	144	0.379947229551
0.376244262548	0.227095516569	236	10	3	0	144	0.378947368421
0.377302328088	0.228070175439	237	10	3	0	144	0.377952755906
0.378476759832	0.228070175439	238	10	3	0	144	0.376963350785
0.378667297897	0.229044834308	239	10	3	0	144	0.375979112272
0.378889705115	0.230019493177	240	10	3	0	144	0.375
0.378966394719	0.230994152047	241	10	3	0	144	0.374025974026
0.384311431227	0.231968810916	242	10	3	0	144	0.373056994819
0.384929667682	0.232943469786	243	10	3	0	144	0.372093023256
0.38608735396	0.232943469786	244	10	3	0	144	0.371134020619
0.386932186092	0.232943469786	245	10	3	0	144	0.370179948586
0.389098235724	0.233918128655	246	10	3	0	144	0.369230769231
0.389169864991	0.234892787524	247	10	3	0	144	0.368286445013
0.389265909119	0.234892787524	248	10	3	0	144	0.367346938776
0.38950781999	0.235867446394	249	10	3	0	144	0.36641221374
0.389519731587	0.236842105263	250	10	3	0	144	0.365482233503
0.390548052034	0.237816764133	251	10	3	0	144	0.364556962025
0.391706860325	0.238791423002	252	10	3	0	144	0.363636363636
0.392601853595	0.239766081871	253	10	3	0	144	0.362720403023
0.392809180584	0.240740740741	254	10	3	0	144	0.361809045226
0.393170220293	0.24171539961	255	10	3	0	144	0.360902255639
0.393457773158	0.24269005848	256	10	3	0	144	0.36
0.399590250948	0.243664717349	257	10	3	0	144	0.359102244389
0.399968177079	0.243664717349	258	10	3	0	144	0.358208955224
0.403494428129	0.243664717349	259	10	3	0	144	0.357320099256
0.404319182817	0.244639376218	260	10	3	0	144	0.356435643564
0.405595143103	0.245614035088	261	10	3	0	144	0.355555555556
0.40593514114	0.246588693957	262	10	3	0	144	0.354679802956
0.4080245077	0.247563352827	263	10	3	0	144	0.353808353808
0.409899584728	0.248538011696	264	10	3	0	144	0.352941176471
0.413139978787	0.248538011696	265	10	3	0	144	0.352078239609
0.414321080541	0.249512670565	266	10	3	0	144	0.351219512195
0.414490762694	0.250487329435	267	10	3	0	144	0.350364963504
0.415114885498	0.251461988304	268	10	3	0	144	0.349514563107
0.415600066932	0.250487329435	269	10	3	0	144	0.348668280872
0.417018024304	0.251461988304	270	10	3	0	144	0.347826086957
0.417308646752	0.251461988304	271	10	3	0	144	0.346987951807
0.418202436854	0.252436647173	272	10	3	0	144	0.346153846154
0.418837778946	0.253411306043	273	10	3	0	144	0.345323741007
0.419287492317	0.254385964912	274	10	3	0	144	0.344497607656
0.419793794642	0.255360623782	275	10	3	0	144	0.343675417661
0.424100840885	0.228070175439	275	11	81	0	172	0.384787472036
0.426604391161	0.229044834308	276	11	81	0	172	0.383928571429
0.428247050748	0.230019493177	277	11	81	0	172	0.383073496659
0.430471799118	0.230994152047	278	11	81	0	172	0.382222222222
0.430829254356	0.230019493177	279	11	81	0	172	0.381374722838
0.436461364932	0.230994152047	280	11	81	0	172	0.380530973451
0.437014197201	0.231968810916	281	11	81	0	172	0.379690949227
0.437625667124	0.232943469786	282	11	81	0	172	0.378854625551
0.438636689109	0.233918128655	283	11	81	0	172	0.378021978022
0.438731679688	0.233918128655	284	11	81	0	172	0.377192982456
0.439563692179	0.234892787524	285	11	81	0	172	0.37636761488
0.443864346194	0.235867446394	286	11	81	0	172	0.375545851528
0.444017684712	0.236842105263	287	11	81	0	172	0.374727668845
0.445209336696	0.237816764133	288	11	81	0	172	0.373913043478
0.445271210563	0.238791423002	289	11	81	0	172	0.373101952278
0.446104846582	0.239766081871	290	11	81	0	172	0.372294372294
0.44734167092	0.240740740741	291	11	81	0	172	0.371490280778
0.450791682316	0.24171539961	292	11	81	0	172	0.370689655172
0.450963103503	0.24269005848	293	11	81	0	172	0.369892473118
0.451597356947	0.243664717349	294	11	81	0	172	0.369098712446
0.452174372059	0.24269005848	295	11	81	0	172	0.368308351178
0.452187935716	0.243664717349	296	11	81	0	172	0.367521367521
0.454905193071	0.244639376218	297	11	81	0	172	0.366737739872
0.455765243541	0.245614035088	298	11	81	0	172	0.365957446809
0.456348620141	0.246588693957	299	11	81	0	172	0.365180467091
0.457236770979	0.247563352827	300	11	81	0	172	0.364406779661
0.458904935095	0.247563352827	301	11	81	0	172	0.363636363636
0.462241845834	0.248538011696	302	11	81	0	172	0.362869198312
0.463261306391	0.249512670565	303	11	81	0	172	0.362105263158
0.464951408087	0.250487329435	304	11	81	0	172	0.361344537815
0.466544438016	0.251461988304	305	11	81	0	172	0.360587002096
0.467733728882	0.252436647173	306	11	81	0	172	0.359832635983
0.46841705203	0.253411306043	307	11	81	0	172	0.359081419624
0.469654828437	0.254385964912	308	11	81	0	172	0.358333333333
0.469737498802	0.255360623782	309	11	81	0	172	0.357588357588
0.469756166403	0.255360623782	310	11	81	0	172	0.356846473029
0.47082745352	0.248538011696	310	12	21	0	179	0.366053169734
0.472538831391	0.249512670565	311	12	21	0	179	0.365306122449
0.474737930822	0.250487329435	312	12	21	0	179	0.364562118126
0.475292864739	0.249512670565	313	12	21	0	179	0.363821138211
0.476408382582	0.250487329435	314	12	21	0	179	0.3630831643
0.478059912151	0.251461988304	315	12	21	0	179	0.362348178138
0.478222601482	0.252436647173	316	12	21	0	179	0.361616161616
0.47937492491	0.252436647173	317	12	21	0	179	0.360887096774
0.481367237313	0.253411306043	318	12	21	0	179	0.360160965795
0.481884810118	0.254385964912	319	12	21	0	179	0.359437751004
0.483181496264	0.255360623782	320	12	21	0	179	0.35871743487
0.483939604503	0.256335282651	321	12	21	0	179	0.358
0.484074200231	0.255360623782	322	12	21	0	179	0.357285429142
0.484165363341	0.256335282651	323	12	21	0	179	0.356573705179
0.48444566834	0.25730994152	324	12	21	0	179	0.355864811133
0.489491833364	0.25828460039	325	12	21	0	179	0.355158730159
0.490582567303	0.259259259259	326	12	21	0	179	0.354455445545
0.493050435456	0.260233918129	327	12	21	0	179	0.353754940711
0.49777055879	0.261208576998	328	12	21	0	179	0.353057199211
0.498492168774	0.262183235867	329	12	21	0	179	0.352362204724
0.499145506492	0.261208576998	330	12	21	0	179	0.351669941061
0.501208959429	0.262183235867	331	12	21	0	179	0.350980392157
0.503754500449	0.263157894737	332	12	21	0	179	0.350293542074
0.505128060923	0.264132553606	333	12	21	0	179	0.349609375
0.5064211518	0.265107212476	334	12	21	0	179	0.348927875244
0.506572392901	0.266081871345	335	12	21	0	179	0.348249027237
0.508377443887	0.267056530214	336	12	21	0	179	0.347572815534
0.508652974045	0.268031189084	337	12	21	0	179	0.346899224806
0.508838617295	0.268031189084	338	12	21	0	179	0.346228239845
0.510202599537	0.268031189084	339	12	21	0	179	0.34555984556
0.513707475463	0.269005847953	340	12	21	0	179	0.344894026975
0.514307675873	0.269980506823	341	12	21	0	179	0.344230769231
0.515161881596	0.265107212476	341	13	66	0	184	0.350476190476
0.515738158017	0.266081871345	342	13	66	0	184	0.349809885932
0.515831049708	0.266081871345	343	13	66	0	184	0.349146110057
0.515918135789	0.267056530214	344	13	66	0	184	0.348484848485
0.517112868623	0.268031189084	345	13	66	0	184	0.347826086957
0.517718208541	0.269005847953	346	13	66	0	184	0.347169811321
0.519342051757	0.269980506823	347	13	66	0	184	0.346516007533
0.519455631869	0.270955165692	348	13	66	0	184	0.345864661654
0.519865150842	0.271929824561	349	13	66	0	184	0.34521575985
0.519966159597	0.272904483431	350	13	66	0	184	0.34456928839
0.521264829336	0.271929824561	351	13	66	0	184	0.343925233645
0.524526836725	0.270955165692	352	13	66	0	184	0.34328358209
0.52623992878	0.271929824561	353	13	66	0	184	0.342644320298
0.527760007256	0.272904483431	354	13	66	0	184	0.342007434944
