# time 	 divergence 	 # of mutations 	 # IGC chances 	 IGC length 	 # IGC failures 	 Changes due to IGC  	 % change due to IGC 
0.0	0.177419354839	0	0	0	0	0	0.0
0.00660416900526	0.178494623656	1	0	0	0	0	0.0
0.00761803204437	0.178494623656	2	0	0	0	0	0.0
0.00772886763913	0.179569892473	3	0	0	0	0	0.0
0.00863256280405	0.18064516129	4	0	0	0	0	0.0
0.00925780084485	0.181720430108	5	0	0	0	0	0.0
0.0106939837856	0.182795698925	6	0	0	0	0	0.0
0.0121632193209	0.183870967742	7	0	0	0	0	0.0
0.0123567849253	0.183870967742	8	0	0	0	0	0.0
0.0148806963591	0.184946236559	9	0	0	0	0	0.0
0.0172035118655	0.186021505376	10	0	0	0	0	0.0
0.0213009809066	0.187096774194	11	0	0	0	0	0.0
0.0224665076333	0.188172043011	12	0	0	0	0	0.0
0.0246320246061	0.189247311828	13	0	0	0	0	0.0
0.0250054057605	0.190322580645	14	0	0	0	0	0.0
0.0294515834255	0.191397849462	15	0	0	0	0	0.0
0.0295277927351	0.19247311828	16	0	0	0	0	0.0
0.0299449807369	0.193548387097	17	0	0	0	0	0.0
0.0300074988433	0.194623655914	18	0	0	0	0	0.0
0.030104644838	0.194623655914	19	0	0	0	0	0.0
0.0353948805753	0.195698924731	20	0	0	0	0	0.0
0.0355698880241	0.194623655914	21	0	0	0	0	0.0
0.0366378129373	0.193548387097	22	0	0	0	0	0.0
0.0370081510725	0.19247311828	23	0	0	0	0	0.0
0.0381566533777	0.19247311828	24	0	0	0	0	0.0
0.0417488956002	0.191397849462	25	0	0	0	0	0.0
0.0447290537284	0.19247311828	26	0	0	0	0	0.0
0.0455004437029	0.193548387097	27	0	0	0	0	0.0
0.0456019301195	0.194623655914	28	0	0	0	0	0.0
0.0461702691707	0.194623655914	29	0	0	0	0	0.0
0.0465877719465	0.194623655914	30	0	0	0	0	0.0
0.049035235018	0.195698924731	31	0	0	0	0	0.0
0.0512834680275	0.196774193548	32	0	0	0	0	0.0
0.0528855131585	0.197849462366	33	0	0	0	0	0.0
0.0532977453464	0.198924731183	34	0	0	0	0	0.0
0.0538495976858	0.2	35	0	0	0	0	0.0
0.0569416295096	0.201075268817	36	0	0	0	0	0.0
0.0569701326461	0.201075268817	37	0	0	0	0	0.0
0.0583355009599	0.201075268817	38	0	0	0	0	0.0
0.0590050654697	0.202150537634	39	0	0	0	0	0.0
0.0593200746111	0.203225806452	40	0	0	0	0	0.0
0.0600597603866	0.204301075269	41	0	0	0	0	0.0
0.061279111985	0.203225806452	42	0	0	0	0	0.0
0.0637296659768	0.204301075269	43	0	0	0	0	0.0
0.0667765252217	0.205376344086	44	0	0	0	0	0.0
0.0678774901747	0.205376344086	45	0	0	0	0	0.0
0.069616271171	0.206451612903	46	0	0	0	0	0.0
0.0719035850684	0.206451612903	47	0	0	0	0	0.0
0.0753903723047	0.206451612903	48	0	0	0	0	0.0
0.0756000457783	0.206451612903	49	0	0	0	0	0.0
0.0763710311766	0.20752688172	50	0	0	0	0	0.0
0.0789748339008	0.208602150538	51	0	0	0	0	0.0
0.0793218961666	0.20752688172	52	0	0	0	0	0.0
0.0810588339685	0.208602150538	53	0	0	0	0	0.0
0.0821206984495	0.209677419355	54	0	0	0	0	0.0
0.0828405179588	0.209677419355	55	0	0	0	0	0.0
0.0846590515928	0.208602150538	56	0	0	0	0	0.0
0.0849020916914	0.20752688172	57	0	0	0	0	0.0
0.0922857615866	0.208602150538	58	0	0	0	0	0.0
0.0934001453053	0.209677419355	59	0	0	0	0	0.0
0.0968846708073	0.210752688172	60	0	0	0	0	0.0
0.0980701173223	0.210752688172	61	0	0	0	0	0.0
0.10064802587	0.211827956989	62	0	0	0	0	0.0
0.10120781315	0.212903225806	63	0	0	0	0	0.0
0.102119036734	0.213978494624	64	0	0	0	0	0.0
0.10250108154	0.213978494624	65	0	0	0	0	0.0
0.103831485705	0.212903225806	66	0	0	0	0	0.0
0.104370998063	0.211827956989	67	0	0	0	0	0.0
0.106144126189	0.212903225806	68	0	0	0	0	0.0
0.107151756821	0.213978494624	69	0	0	0	0	0.0
0.107450705353	0.215053763441	70	0	0	0	0	0.0
0.10755936969	0.213978494624	71	0	0	0	0	0.0
0.107809192865	0.215053763441	72	0	0	0	0	0.0
0.108069719803	0.216129032258	73	0	0	0	0	0.0
0.111933283854	0.216129032258	74	0	0	0	0	0.0
0.113177107101	0.217204301075	75	0	0	0	0	0.0
0.113783351461	0.217204301075	76	0	0	0	0	0.0
0.114273021003	0.218279569892	77	0	0	0	0	0.0
0.121097151558	0.21935483871	78	0	0	0	0	0.0
0.126077051521	0.218279569892	79	0	0	0	0	0.0
0.126100351901	0.21935483871	80	0	0	0	0	0.0
0.128433619787	0.220430107527	81	0	0	0	0	0.0
0.12908627528	0.21935483871	82	0	0	0	0	0.0
0.131508246397	0.21935483871	83	0	0	0	0	0.0
0.133065100926	0.21935483871	84	0	0	0	0	0.0
0.133496478385	0.201075268817	84	1	48	0	17	0.168316831683
0.133556073279	0.202150537634	85	1	48	0	17	0.166666666667
0.134048567895	0.190322580645	85	2	54	0	28	0.247787610619
0.134820154925	0.191397849462	86	2	54	0	28	0.245614035088
0.137541213345	0.19247311828	87	2	54	0	28	0.24347826087
0.141102694471	0.193548387097	88	2	54	0	28	0.241379310345
0.141646895015	0.194623655914	89	2	54	0	28	0.239316239316
0.143614734769	0.195698924731	90	2	54	0	28	0.237288135593
0.143909008017	0.195698924731	91	2	54	0	28	0.235294117647
0.146175840762	0.196774193548	92	2	54	0	28	0.233333333333
0.14624910304	0.197849462366	93	2	54	0	28	0.231404958678
0.147039343376	0.197849462366	93	3	6	0	28	0.231404958678
0.147427627257	0.197849462366	94	3	6	0	28	0.229508196721
0.148190553822	0.198924731183	95	3	6	0	28	0.227642276423
0.148433804653	0.2	96	3	6	0	28	0.225806451613
0.155707864453	0.201075268817	97	3	6	0	28	0.224
0.156178593535	0.202150537634	98	3	6	0	28	0.222222222222
0.156181759641	0.201075268817	99	3	6	0	28	0.220472440945
0.156268771308	0.202150537634	100	3	6	0	28	0.21875
0.15697445003	0.203225806452	101	3	6	0	28	0.217054263566
0.157434048324	0.202150537634	102	3	6	0	28	0.215384615385
0.157589624537	0.202150537634	102	4	3	0	28	0.215384615385
0.161539612389	0.202150537634	103	4	3	0	28	0.213740458015
0.164307368339	0.203225806452	104	4	3	0	28	0.212121212121
0.166836307771	0.204301075269	105	4	3	0	28	0.210526315789
0.168097516452	0.205376344086	106	4	3	0	28	0.208955223881
0.169010861175	0.206451612903	107	4	3	0	28	0.207407407407
0.169414900048	0.20752688172	108	4	3	0	28	0.205882352941
0.171430994769	0.208602150538	109	4	3	0	28	0.204379562044
0.17245612355	0.208602150538	110	4	3	0	28	0.202898550725
0.173159544317	0.209677419355	111	4	3	0	28	0.201438848921
0.173710172686	0.209677419355	112	4	3	0	28	0.2
0.174738702981	0.209677419355	113	4	3	0	28	0.198581560284
0.17820630796	0.210752688172	114	4	3	0	28	0.197183098592
0.179090915604	0.211827956989	115	4	3	0	28	0.195804195804
0.183555759845	0.212903225806	116	4	3	0	28	0.194444444444
0.186109481333	0.213978494624	117	4	3	0	28	0.193103448276
0.186838884639	0.213978494624	118	4	3	0	28	0.191780821918
0.187516304278	0.215053763441	119	4	3	0	28	0.190476190476
0.192320096575	0.216129032258	120	4	3	0	28	0.189189189189
0.193668294124	0.217204301075	121	4	3	0	28	0.187919463087
0.194327806274	0.218279569892	122	4	3	0	28	0.186666666667
0.196663995372	0.21935483871	123	4	3	0	28	0.185430463576
0.19848383867	0.220430107527	124	4	3	0	28	0.184210526316
0.199460738437	0.220430107527	125	4	3	0	28	0.183006535948
0.199701894275	0.21935483871	126	4	3	0	28	0.181818181818
0.202268625332	0.218279569892	127	4	3	0	28	0.18064516129
0.202646411948	0.21935483871	128	4	3	0	28	0.179487179487
0.204431829645	0.220430107527	129	4	3	0	28	0.178343949045
0.204922438952	0.221505376344	130	4	3	0	28	0.177215189873
0.205299303128	0.220430107527	131	4	3	0	28	0.176100628931
0.205917335154	0.221505376344	132	4	3	0	28	0.175
0.205969236519	0.222580645161	133	4	3	0	28	0.173913043478
0.207986647358	0.222580645161	134	4	3	0	28	0.172839506173
0.208159072149	0.223655913978	135	4	3	0	28	0.171779141104
0.208949569623	0.224731182796	136	4	3	0	28	0.170731707317
0.210033231789	0.224731182796	137	4	3	0	28	0.169696969697
0.211415815232	0.225806451613	138	4	3	0	28	0.168674698795
0.215720431635	0.224731182796	139	4	3	0	28	0.167664670659
0.215948673178	0.224731182796	140	4	3	0	28	0.166666666667
0.216276855883	0.225806451613	141	4	3	0	28	0.165680473373
0.216441335171	0.225806451613	142	4	3	0	28	0.164705882353
0.21688832869	0.22688172043	143	4	3	0	28	0.163742690058
0.217720092049	0.227956989247	144	4	3	0	28	0.162790697674
0.221746710365	0.229032258065	145	4	3	0	28	0.161849710983
0.222797155843	0.230107526882	146	4	3	0	28	0.16091954023
0.222874889883	0.231182795699	147	4	3	0	28	0.16
0.226244031275	0.231182795699	148	4	3	0	28	0.159090909091
0.227078413187	0.232258064516	149	4	3	0	28	0.158192090395
0.229373920009	0.233333333333	150	4	3	0	28	0.157303370787
0.234632822937	0.234408602151	151	4	3	0	28	0.156424581006
0.235323976064	0.233333333333	152	4	3	0	28	0.155555555556
0.24212811547	0.234408602151	153	4	3	0	28	0.154696132597
0.243294302085	0.234408602151	154	4	3	0	28	0.153846153846
0.243332017344	0.234408602151	155	4	3	0	28	0.153005464481
0.244884404315	0.235483870968	156	4	3	0	28	0.152173913043
0.245721783859	0.236559139785	157	4	3	0	28	0.151351351351
0.245750318163	0.237634408602	158	4	3	0	28	0.150537634409
0.246010692528	0.238709677419	159	4	3	0	28	0.149732620321
0.246532599018	0.239784946237	160	4	3	0	28	0.148936170213
0.250086159967	0.240860215054	161	4	3	0	28	0.148148148148
0.253707503075	0.241935483871	162	4	3	0	28	0.147368421053
0.255629505894	0.240860215054	163	4	3	0	28	0.146596858639
0.259012261329	0.241935483871	164	4	3	0	28	0.145833333333
0.260324306873	0.241935483871	165	4	3	0	28	0.145077720207
0.26039386452	0.243010752688	166	4	3	0	28	0.144329896907
0.264081093712	0.244086021505	167	4	3	0	28	0.14358974359
0.269154597914	0.245161290323	168	4	3	0	28	0.142857142857
0.269435579943	0.24623655914	169	4	3	0	28	0.142131979695
0.270669520954	0.247311827957	170	4	3	0	28	0.141414141414
0.271443642746	0.248387096774	171	4	3	0	28	0.140703517588
0.271447026334	0.249462365591	172	4	3	0	28	0.14
0.27318761233	0.250537634409	173	4	3	0	28	0.139303482587
0.275229930531	0.251612903226	174	4	3	0	28	0.138613861386
0.275752999317	0.252688172043	175	4	3	0	28	0.137931034483
0.276520273679	0.25376344086	176	4	3	0	28	0.137254901961
0.278277553215	0.254838709677	177	4	3	0	28	0.136585365854
0.28261341855	0.254838709677	178	4	3	0	28	0.135922330097
0.286484917643	0.255913978495	179	4	3	0	28	0.135265700483
0.286704105803	0.255913978495	180	4	3	0	28	0.134615384615
0.288164152621	0.256989247312	181	4	3	0	28	0.133971291866
0.288970678836	0.177419354839	181	5	273	0	102	0.360424028269
0.293738386658	0.177419354839	182	5	273	0	102	0.359154929577
0.293948229378	0.177419354839	183	5	273	0	102	0.357894736842
0.294888173911	0.178494623656	184	5	273	0	102	0.356643356643
0.296485434322	0.179569892473	185	5	273	0	102	0.355400696864
0.296607008157	0.178494623656	186	5	273	0	102	0.354166666667
0.297823314037	0.177419354839	187	5	273	0	102	0.352941176471
0.301025093832	0.178494623656	188	5	273	0	102	0.351724137931
0.301186368621	0.178494623656	189	5	273	0	102	0.350515463918
0.30525617481	0.179569892473	190	5	273	0	102	0.349315068493
0.306125184117	0.179569892473	191	5	273	0	102	0.348122866894
