# time 	 divergence 	 # of mutations 	 # IGC chances 	 IGC length 	 # IGC failures 	 Changes due to IGC  	 % change due to IGC 
0.0	0.0	0	0	0	0	0	0.0
0.00843544397926	0.00213675213675	1	0	0	0	0	0.0
0.00884813348317	0.0042735042735	2	0	0	0	0	0.0
0.0102219325138	0.00641025641026	3	0	0	0	0	0.0
0.0228695733312	0.00854700854701	4	0	0	0	0	0.0
0.0243425262351	0.0106837606838	5	0	0	0	0	0.0
0.0260154968543	0.0128205128205	6	0	0	0	0	0.0
0.0261036902369	0.0149572649573	7	0	0	0	0	0.0
0.0280444309881	0.017094017094	8	0	0	0	0	0.0
0.0288050970954	0.0192307692308	9	0	0	0	0	0.0
0.0337565310912	0.0213675213675	10	0	0	0	0	0.0
0.0366726778892	0.0235042735043	11	0	0	0	0	0.0
0.0378659165591	0.025641025641	12	0	0	0	0	0.0
0.0451045295082	0.0277777777778	13	0	0	0	0	0.0
0.0476573761797	0.0299145299145	14	0	0	0	0	0.0
0.0567698309161	0.0320512820513	15	0	0	0	0	0.0
0.0575172041635	0.034188034188	16	0	0	0	0	0.0
0.0595336077374	0.0363247863248	17	0	0	0	0	0.0
0.0634187571391	0.0384615384615	18	0	0	0	0	0.0
0.066848706181	0.0405982905983	19	0	0	0	0	0.0
0.0669280513229	0.042735042735	20	0	0	0	0	0.0
0.0678858992391	0.0448717948718	21	0	0	0	0	0.0
0.0712910049507	0.0470085470085	22	0	0	0	0	0.0
0.0775218746677	0.0491452991453	23	0	0	0	0	0.0
0.0837810962923	0.0512820512821	24	0	0	0	0	0.0
0.0845200665959	0.0491452991453	25	0	0	0	0	0.0
0.0855775258925	0.0512820512821	26	0	0	0	0	0.0
0.0889652475474	0.0534188034188	27	0	0	0	0	0.0
0.0900875030535	0.0512820512821	28	0	0	0	0	0.0
0.0904978883206	0.0534188034188	29	0	0	0	0	0.0
0.0930594361446	0.0534188034188	30	0	0	0	0	0.0
0.0932155001553	0.0555555555556	31	0	0	0	0	0.0
0.0967422187903	0.0576923076923	32	0	0	0	0	0.0
0.0969501853056	0.0598290598291	33	0	0	0	0	0.0
0.0986651754102	0.0619658119658	34	0	0	0	0	0.0
0.0986835844492	0.0641025641026	35	0	0	0	0	0.0
0.0991066086516	0.0662393162393	36	0	0	0	0	0.0
0.104675013998	0.0683760683761	37	0	0	0	0	0.0
0.108888921335	0.0705128205128	38	0	0	0	0	0.0
0.110306996599	0.0726495726496	39	0	0	0	0	0.0
0.112234974535	0.0747863247863	40	0	0	0	0	0.0
0.115192101869	0.0769230769231	41	0	0	0	0	0.0
0.119604010503	0.0790598290598	42	0	0	0	0	0.0
0.128754937184	0.0811965811966	43	0	0	0	0	0.0
0.130049475286	0.0833333333333	44	0	0	0	0	0.0
0.134098473468	0.0854700854701	45	0	0	0	0	0.0
0.143853983165	0.0833333333333	46	0	0	0	0	0.0
0.148132082655	0.0811965811966	47	0	0	0	0	0.0
0.148545016314	0.0811965811966	48	0	0	0	0	0.0
0.148921261565	0.0833333333333	49	0	0	0	0	0.0
0.154181177902	0.0854700854701	50	0	0	0	0	0.0
0.163781972936	0.0876068376068	51	0	0	0	0	0.0
0.166839422056	0.0897435897436	52	0	0	0	0	0.0
0.170210573056	0.0918803418803	53	0	0	0	0	0.0
0.170434054149	0.0940170940171	54	0	0	0	0	0.0
0.170718252613	0.0961538461538	55	0	0	0	0	0.0
0.172746400048	0.0940170940171	56	0	0	0	0	0.0
0.174111435384	0.0961538461538	57	0	0	0	0	0.0
0.174622769817	0.0940170940171	58	0	0	0	0	0.0
0.175549116683	0.0918803418803	59	0	0	0	0	0.0
0.176016185641	0.0940170940171	60	0	0	0	0	0.0
0.177034340536	0.0961538461538	61	0	0	0	0	0.0
0.181089947715	0.0982905982906	62	0	0	0	0	0.0
0.186049614634	0.100427350427	63	0	0	0	0	0.0
0.188597088329	0.100427350427	64	0	0	0	0	0.0
0.188671038523	0.102564102564	65	0	0	0	0	0.0
0.18908111245	0.104700854701	66	0	0	0	0	0.0
0.192314182311	0.106837606838	67	0	0	0	0	0.0
0.195499316942	0.108974358974	68	0	0	0	0	0.0
0.195963836676	0.111111111111	69	0	0	0	0	0.0
0.198117275738	0.113247863248	70	0	0	0	0	0.0
0.198272010442	0.115384615385	71	0	0	0	0	0.0
0.203927892784	0.117521367521	72	0	0	0	0	0.0
0.204632931054	0.119658119658	73	0	0	0	0	0.0
0.205685564551	0.121794871795	74	0	0	0	0	0.0
0.206557074978	0.123931623932	75	0	0	0	0	0.0
0.208548030707	0.126068376068	76	0	0	0	0	0.0
0.213196106188	0.128205128205	77	0	0	0	0	0.0
0.217631634971	0.130341880342	78	0	0	0	0	0.0
0.224321744481	0.132478632479	79	0	0	0	0	0.0
0.22453977828	0.134615384615	80	0	0	0	0	0.0
0.236121556572	0.136752136752	81	0	0	0	0	0.0
0.240361608389	0.138888888889	82	0	0	0	0	0.0
0.249201029911	0.141025641026	83	0	0	0	0	0.0
0.259793239563	0.143162393162	84	0	0	0	0	0.0
0.265548283439	0.145299145299	85	0	0	0	0	0.0
0.27003746163	0.147435897436	86	0	0	0	0	0.0
0.273328446312	0.149572649573	87	0	0	0	0	0.0
0.276043243346	0.151709401709	88	0	0	0	0	0.0
0.282059075531	0.153846153846	89	0	0	0	0	0.0
0.282175882227	0.155982905983	90	0	0	0	0	0.0
0.28260385857	0.155982905983	91	0	0	0	0	0.0
0.287207661974	0.15811965812	92	0	0	0	0	0.0
0.288115250492	0.15811965812	93	0	0	0	0	0.0
0.297292286152	0.160256410256	94	0	0	0	0	0.0
0.306838698961	0.162393162393	95	0	0	0	0	0.0
0.311124780099	0.16452991453	96	0	0	0	0	0.0
0.317571428018	0.166666666667	97	0	0	0	0	0.0
0.321378006412	0.168803418803	98	0	0	0	0	0.0
0.325511343462	0.17094017094	99	0	0	0	0	0.0
0.329991301911	0.17094017094	100	0	0	0	0	0.0
0.334643963861	0.168803418803	101	0	0	0	0	0.0
0.335383203523	0.166666666667	102	0	0	0	0	0.0
0.340024512462	0.168803418803	103	0	0	0	0	0.0
