# time 	 divergence 	 # of mutations 	 # IGC chances 	 IGC length 	 # IGC failures 	 Changes due to IGC  	 % change due to IGC 
0.0	0.0320512820513	0	0	0	0	0	0.0
0.000973505007584	0.0320512820513	0	1	3	0	0	0.0
0.00101583818261	0.0277777777778	0	2	27	0	2	1.0
0.00175515232976	0.0299145299145	1	2	27	0	2	0.666666666667
0.00178344465345	0.0299145299145	1	3	3	0	2	0.666666666667
0.00732384984778	0.0277777777778	1	4	90	0	3	0.75
0.00843886477597	0.0277777777778	1	5	36	0	3	0.75
0.0101864101822	0.025641025641	1	6	45	0	4	0.8
0.0105493016456	0.0277777777778	2	6	45	0	4	0.666666666667
0.0109201702951	0.025641025641	2	7	33	0	5	0.714285714286
0.0132612132634	0.0277777777778	3	7	33	0	5	0.625
0.0148015385889	0.0299145299145	4	7	33	0	5	0.555555555556
0.0174984731667	0.0320512820513	5	7	33	0	5	0.5
0.019051481776	0.034188034188	6	7	33	0	5	0.454545454545
0.022882653964	0.034188034188	6	8	6	0	5	0.454545454545
0.0272702329291	0.0320512820513	6	9	6	0	6	0.5
0.0316869108957	0.034188034188	7	9	6	0	6	0.461538461538
0.0331582697244	0.0363247863248	8	9	6	0	6	0.428571428571
0.034445552084	0.0384615384615	9	9	6	0	6	0.4
