# time 	 divergence 	 # of mutations 	 # IGC chances 	 IGC length 	 # IGC failures 	 Changes due to IGC  	 % change due to IGC 
0.0	0.293548387097	0	0	0	0	0	0.0
0.000717601671071	0.29247311828	1	0	0	0	0	0.0
0.00143401058719	0.293548387097	2	0	0	0	0	0.0
0.00306603656033	0.29247311828	3	0	0	0	0	0.0
0.00359365399156	0.29247311828	4	0	0	0	0	0.0
0.00735942924427	0.293548387097	5	0	0	0	0	0.0
0.00851967152514	0.294623655914	6	0	0	0	0	0.0
0.00875674657317	0.295698924731	7	0	0	0	0	0.0
0.0106155742761	0.296774193548	8	0	0	0	0	0.0
0.014509658038	0.297849462366	9	0	0	0	0	0.0
0.0153643817676	0.298924731183	10	0	0	0	0	0.0
0.0156609644182	0.297849462366	11	0	0	0	0	0.0
0.016817378492	0.296774193548	12	0	0	0	0	0.0
0.0178582792388	0.297849462366	13	0	0	0	0	0.0
0.0202623515993	0.298924731183	14	0	0	0	0	0.0
0.0210965136763	0.193548387097	14	1	270	0	98	0.875
0.031061986825	0.194623655914	15	1	270	0	98	0.867256637168
0.0322365938625	0.193548387097	16	1	270	0	98	0.859649122807
0.033025984541	0.194623655914	17	1	270	0	98	0.852173913043
0.0350217339336	0.194623655914	18	1	270	0	98	0.844827586207
0.0383295581864	0.195698924731	19	1	270	0	98	0.837606837607
0.0408318787004	0.196774193548	20	1	270	0	98	0.830508474576
0.0412268467455	0.195698924731	21	1	270	0	98	0.823529411765
0.050061598474	0.194623655914	22	1	270	0	98	0.816666666667
0.0503728034263	0.193548387097	23	1	270	0	98	0.809917355372
0.0504856367858	0.194623655914	24	1	270	0	98	0.803278688525
0.0514436289239	0.195698924731	25	1	270	0	98	0.79674796748
0.0515600505062	0.196774193548	26	1	270	0	98	0.790322580645
0.0531946962483	0.196774193548	27	1	270	0	98	0.784
0.05597832495	0.197849462366	28	1	270	0	98	0.777777777778
0.0571874595721	0.196774193548	29	1	270	0	98	0.771653543307
0.0596298548097	0.197849462366	30	1	270	0	98	0.765625
0.0600372262655	0.198924731183	31	1	270	0	98	0.759689922481
0.0611030278073	0.2	32	1	270	0	98	0.753846153846
0.0668615817136	0.198924731183	33	1	270	0	98	0.748091603053
0.0708166784957	0.2	34	1	270	0	98	0.742424242424
0.0735304733259	0.201075268817	35	1	270	0	98	0.736842105263
0.0736914478624	0.201075268817	36	1	270	0	98	0.731343283582
0.0758542565073	0.202150537634	37	1	270	0	98	0.725925925926
0.076228754061	0.203225806452	38	1	270	0	98	0.720588235294
0.0772467440491	0.204301075269	39	1	270	0	98	0.715328467153
0.0773274290853	0.205376344086	40	1	270	0	98	0.710144927536
0.0801794594969	0.205376344086	41	1	270	0	98	0.705035971223
0.0826011564964	0.205376344086	42	1	270	0	98	0.7
0.0830189086354	0.206451612903	43	1	270	0	98	0.695035460993
0.0832083504363	0.205376344086	44	1	270	0	98	0.69014084507
0.085262822154	0.204301075269	45	1	270	0	98	0.685314685315
0.0907276053541	0.205376344086	46	1	270	0	98	0.680555555556
0.0918588268373	0.206451612903	47	1	270	0	98	0.675862068966
0.0920819512434	0.205376344086	48	1	270	0	98	0.671232876712
0.092285909754	0.206451612903	49	1	270	0	98	0.666666666667
0.0933871998749	0.206451612903	50	1	270	0	98	0.662162162162
0.0954200437914	0.206451612903	51	1	270	0	98	0.657718120805
0.0957667437476	0.20752688172	52	1	270	0	98	0.653333333333
0.0978181824681	0.206451612903	53	1	270	0	98	0.649006622517
0.101763109825	0.206451612903	54	1	270	0	98	0.644736842105
0.102478407546	0.20752688172	55	1	270	0	98	0.640522875817
0.103200911726	0.20752688172	56	1	270	0	98	0.636363636364
0.103476707993	0.208602150538	57	1	270	0	98	0.632258064516
0.104189963275	0.209677419355	58	1	270	0	98	0.628205128205
0.105319666318	0.210752688172	59	1	270	0	98	0.624203821656
0.105630145356	0.210752688172	60	1	270	0	98	0.620253164557
0.105764000251	0.211827956989	61	1	270	0	98	0.616352201258
0.106646053054	0.212903225806	62	1	270	0	98	0.6125
0.108285937785	0.211827956989	63	1	270	0	98	0.608695652174
0.10894455025	0.212903225806	64	1	270	0	98	0.604938271605
0.112910806698	0.213978494624	65	1	270	0	98	0.601226993865
0.113007281477	0.215053763441	66	1	270	0	98	0.59756097561
0.114910713215	0.216129032258	67	1	270	0	98	0.593939393939
0.114979606121	0.217204301075	68	1	270	0	98	0.590361445783
0.116278172791	0.216129032258	69	1	270	0	98	0.586826347305
0.116755111375	0.216129032258	70	1	270	0	98	0.583333333333
0.119201134907	0.217204301075	71	1	270	0	98	0.579881656805
0.120303298261	0.218279569892	72	1	270	0	98	0.576470588235
0.124266074286	0.21935483871	73	1	270	0	98	0.573099415205
0.126136679432	0.21935483871	74	1	270	0	98	0.56976744186
0.128305953174	0.220430107527	75	1	270	0	98	0.566473988439
0.129518732956	0.221505376344	76	1	270	0	98	0.563218390805
0.130348462164	0.222580645161	77	1	270	0	98	0.56
0.132343216523	0.223655913978	78	1	270	0	98	0.556818181818
0.133321029824	0.222580645161	79	1	270	0	98	0.553672316384
0.133393679177	0.222580645161	80	1	270	0	98	0.550561797753
0.133879514325	0.223655913978	81	1	270	0	98	0.54748603352
0.134007830766	0.223655913978	82	1	270	0	98	0.544444444444
0.135621172468	0.224731182796	83	1	270	0	98	0.541436464088
0.137168791858	0.225806451613	84	1	270	0	98	0.538461538462
0.13722437978	0.22688172043	85	1	270	0	98	0.535519125683
0.137302266985	0.227956989247	86	1	270	0	98	0.532608695652
0.137599324161	0.229032258065	87	1	270	0	98	0.52972972973
0.138195721245	0.230107526882	88	1	270	0	98	0.52688172043
0.138502994917	0.231182795699	89	1	270	0	98	0.524064171123
0.138514269693	0.230107526882	90	1	270	0	98	0.521276595745
0.139138561325	0.229032258065	91	1	270	0	98	0.518518518519
0.139811826752	0.230107526882	92	1	270	0	98	0.515789473684
0.140103278469	0.229032258065	93	1	270	0	98	0.513089005236
0.142149105932	0.230107526882	94	1	270	0	98	0.510416666667
0.143623324018	0.230107526882	95	1	270	0	98	0.507772020725
0.14500533592	0.229032258065	96	1	270	0	98	0.505154639175
0.145423979345	0.230107526882	97	1	270	0	98	0.502564102564
0.146540675549	0.229032258065	98	1	270	0	98	0.5
0.149313682973	0.230107526882	99	1	270	0	98	0.497461928934
0.151415993457	0.231182795699	100	1	270	0	98	0.494949494949
0.151907425491	0.232258064516	101	1	270	0	98	0.492462311558
0.152464682404	0.232258064516	102	1	270	0	98	0.49
0.154669307668	0.233333333333	103	1	270	0	98	0.487562189055
0.156872014506	0.234408602151	104	1	270	0	98	0.485148514851
0.156963151503	0.234408602151	105	1	270	0	98	0.48275862069
0.157853100282	0.235483870968	106	1	270	0	98	0.480392156863
0.161415793741	0.236559139785	107	1	270	0	98	0.478048780488
0.161565856459	0.235483870968	108	1	270	0	98	0.47572815534
0.167631870467	0.235483870968	109	1	270	0	98	0.473429951691
0.168654136702	0.236559139785	110	1	270	0	98	0.471153846154
0.16963226353	0.236559139785	111	1	270	0	98	0.468899521531
0.170663839402	0.237634408602	112	1	270	0	98	0.466666666667
0.172509418967	0.236559139785	113	1	270	0	98	0.464454976303
0.172628565945	0.237634408602	114	1	270	0	98	0.462264150943
0.173818789898	0.238709677419	115	1	270	0	98	0.460093896714
0.174159094498	0.239784946237	116	1	270	0	98	0.457943925234
0.176175308297	0.240860215054	117	1	270	0	98	0.455813953488
0.176549428012	0.241935483871	118	1	270	0	98	0.453703703704
0.177249370089	0.243010752688	119	1	270	0	98	0.451612903226
0.177681773218	0.244086021505	120	1	270	0	98	0.449541284404
0.178872668356	0.245161290323	121	1	270	0	98	0.447488584475
0.181684917875	0.24623655914	122	1	270	0	98	0.445454545455
0.18270460268	0.24623655914	123	1	270	0	98	0.443438914027
0.183543905981	0.247311827957	124	1	270	0	98	0.441441441441
0.183660846947	0.24623655914	125	1	270	0	98	0.439461883408
0.184208193648	0.247311827957	126	1	270	0	98	0.4375
0.185015827905	0.248387096774	127	1	270	0	98	0.435555555556
0.185476209013	0.248387096774	128	1	270	0	98	0.433628318584
0.186966429426	0.249462365591	129	1	270	0	98	0.431718061674
0.186977761435	0.250537634409	130	1	270	0	98	0.429824561404
0.187450348123	0.251612903226	131	1	270	0	98	0.427947598253
0.189529336181	0.252688172043	132	1	270	0	98	0.426086956522
0.1898114109	0.25376344086	133	1	270	0	98	0.424242424242
0.190945487269	0.254838709677	134	1	270	0	98	0.422413793103
0.19493215611	0.255913978495	135	1	270	0	98	0.420600858369
0.195058603937	0.256989247312	136	1	270	0	98	0.418803418803
0.196693769253	0.258064516129	137	1	270	0	98	0.417021276596
0.197293850597	0.259139784946	138	1	270	0	98	0.415254237288
0.197609463148	0.260215053763	139	1	270	0	98	0.413502109705
0.198207511539	0.260215053763	140	1	270	0	98	0.411764705882
0.198552552882	0.261290322581	141	1	270	0	98	0.410041841004
0.201891226244	0.262365591398	142	1	270	0	98	0.408333333333
0.202867268045	0.263440860215	143	1	270	0	98	0.406639004149
0.207741248561	0.264516129032	144	1	270	0	98	0.404958677686
0.208036482621	0.265591397849	145	1	270	0	98	0.40329218107
0.2101250851	0.266666666667	146	1	270	0	98	0.401639344262
0.211007218259	0.267741935484	147	1	270	0	98	0.4
0.2120415953	0.267741935484	148	1	270	0	98	0.39837398374
0.212136984045	0.268817204301	149	1	270	0	98	0.396761133603
0.212835904596	0.269892473118	150	1	270	0	98	0.395161290323
0.213143522604	0.270967741935	151	1	270	0	98	0.393574297189
0.216617168769	0.272043010753	152	1	270	0	98	0.392
0.223531338817	0.27311827957	153	1	270	0	98	0.390438247012
0.224289677782	0.274193548387	154	1	270	0	98	0.388888888889
0.229161382192	0.274193548387	155	1	270	0	98	0.387351778656
0.23024802959	0.27311827957	156	1	270	0	98	0.385826771654
0.232153292234	0.274193548387	157	1	270	0	98	0.38431372549
0.233588987096	0.275268817204	158	1	270	0	98	0.3828125
0.23916392106	0.275268817204	159	1	270	0	98	0.381322957198
0.240754718611	0.276344086022	160	1	270	0	98	0.37984496124
0.246858126058	0.276344086022	161	1	270	0	98	0.378378378378
0.247152034435	0.275268817204	162	1	270	0	98	0.376923076923
0.250342346127	0.274193548387	163	1	270	0	98	0.375478927203
0.251205566571	0.275268817204	164	1	270	0	98	0.374045801527
0.251226429607	0.274193548387	165	1	270	0	98	0.372623574144
0.251931458803	0.27311827957	166	1	270	0	98	0.371212121212
0.254593637777	0.27311827957	167	1	270	0	98	0.369811320755
0.254960337041	0.27311827957	168	1	270	0	98	0.368421052632
0.256251974609	0.274193548387	169	1	270	0	98	0.367041198502
0.25776910559	0.275268817204	170	1	270	0	98	0.365671641791
0.261597408909	0.276344086022	171	1	270	0	98	0.364312267658
0.263033149078	0.276344086022	172	1	270	0	98	0.362962962963
0.26420183563	0.277419354839	173	1	270	0	98	0.361623616236
0.264253696538	0.278494623656	174	1	270	0	98	0.360294117647
0.264398452222	0.277419354839	175	1	270	0	98	0.358974358974
0.264490296706	0.278494623656	176	1	270	0	98	0.357664233577
0.265509710725	0.279569892473	177	1	270	0	98	0.356363636364
0.266687130709	0.28064516129	178	1	270	0	98	0.355072463768
0.266957046141	0.28064516129	179	1	270	0	98	0.353790613718
0.267827566786	0.281720430108	180	1	270	0	98	0.352517985612
0.271958418617	0.282795698925	181	1	270	0	98	0.351254480287
0.272090404097	0.283870967742	182	1	270	0	98	0.35
0.274093718376	0.284946236559	183	1	270	0	98	0.348754448399
0.278861733468	0.284946236559	184	1	270	0	98	0.347517730496
0.279096176655	0.286021505376	185	1	270	0	98	0.34628975265
0.279724185031	0.287096774194	186	1	270	0	98	0.345070422535
0.28037944529	0.288172043011	187	1	270	0	98	0.343859649123
0.283499336718	0.288172043011	188	1	270	0	98	0.342657342657
0.283734911103	0.287096774194	189	1	270	0	98	0.341463414634
0.285594381218	0.288172043011	190	1	270	0	98	0.340277777778
0.285890680047	0.289247311828	191	1	270	0	98	0.339100346021
0.28696611272	0.290322580645	192	1	270	0	98	0.337931034483
0.287460822574	0.289247311828	193	1	270	0	98	0.33676975945
0.288831455619	0.286021505376	193	2	6	0	101	0.343537414966
0.290207450311	0.287096774194	194	2	6	0	101	0.342372881356
0.290897242992	0.287096774194	195	2	6	0	101	0.341216216216
0.293056277987	0.287096774194	196	2	6	0	101	0.340067340067
0.293097917739	0.288172043011	197	2	6	0	101	0.338926174497
0.294611185568	0.289247311828	198	2	6	0	101	0.33779264214
0.29897326495	0.290322580645	199	2	6	0	101	0.336666666667
0.299763459703	0.291397849462	200	2	6	0	101	0.335548172757
0.300450236483	0.29247311828	201	2	6	0	101	0.334437086093
0.301192926784	0.293548387097	202	2	6	0	101	0.333333333333
0.301404770183	0.293548387097	203	2	6	0	101	0.332236842105
0.302058616603	0.294623655914	204	2	6	0	101	0.331147540984
0.303272199233	0.295698924731	205	2	6	0	101	0.330065359477
0.306366998538	0.295698924731	206	2	6	0	101	0.328990228013
0.306533341688	0.295698924731	207	2	6	0	101	0.327922077922
0.308450749341	0.296774193548	208	2	6	0	101	0.326860841424
0.308488395452	0.296774193548	209	2	6	0	101	0.325806451613
0.309499726255	0.295698924731	210	2	6	0	101	0.324758842444
0.313828114704	0.296774193548	211	2	6	0	101	0.323717948718
0.314793021122	0.297849462366	212	2	6	0	101	0.32268370607
0.316161070316	0.298924731183	213	2	6	0	101	0.321656050955
0.317275641009	0.233333333333	213	3	207	0	162	0.432
0.317647475996	0.234408602151	214	3	207	0	162	0.43085106383
0.31816234942	0.234408602151	215	3	207	0	162	0.429708222812
0.318282770998	0.235483870968	216	3	207	0	162	0.428571428571
0.318834912544	0.236559139785	217	3	207	0	162	0.427440633245
0.322719647824	0.237634408602	218	3	207	0	162	0.426315789474
0.323979730535	0.238709677419	219	3	207	0	162	0.425196850394
0.325977038417	0.239784946237	220	3	207	0	162	0.424083769634
0.327020237676	0.238709677419	221	3	207	0	162	0.422976501305
0.327804604229	0.237634408602	222	3	207	0	162	0.421875
0.329075664807	0.237634408602	223	3	207	0	162	0.420779220779
0.331881184166	0.237634408602	224	3	207	0	162	0.419689119171
0.334630257993	0.238709677419	225	3	207	0	162	0.418604651163
0.337029221343	0.239784946237	226	3	207	0	162	0.417525773196
0.339981723041	0.240860215054	227	3	207	0	162	0.416452442159
0.341131313862	0.241935483871	228	3	207	0	162	0.415384615385
0.346155482535	0.243010752688	229	3	207	0	162	0.414322250639
0.34662202581	0.244086021505	230	3	207	0	162	0.413265306122
0.347557606133	0.244086021505	231	3	207	0	162	0.412213740458
0.348917814896	0.245161290323	232	3	207	0	162	0.41116751269
0.349960432049	0.244086021505	233	3	207	0	162	0.410126582278
0.351551762336	0.244086021505	234	3	207	0	162	0.409090909091
0.354048338772	0.245161290323	235	3	207	0	162	0.408060453401
0.354452227103	0.24623655914	236	3	207	0	162	0.407035175879
0.354720495477	0.245161290323	237	3	207	0	162	0.406015037594
0.360610231335	0.24623655914	238	3	207	0	162	0.405
0.364211531485	0.24623655914	239	3	207	0	162	0.403990024938
0.366986338733	0.247311827957	240	3	207	0	162	0.402985074627
0.367106235132	0.248387096774	241	3	207	0	162	0.401985111663
0.370917335353	0.249462365591	242	3	207	0	162	0.40099009901
0.370976737346	0.250537634409	243	3	207	0	162	0.4
0.373206416563	0.251612903226	244	3	207	0	162	0.399014778325
0.375476283495	0.252688172043	245	3	207	0	162	0.398034398034
0.376660313244	0.25376344086	246	3	207	0	162	0.397058823529
0.380338908602	0.254838709677	247	3	207	0	162	0.39608801956
0.382091509891	0.255913978495	248	3	207	0	162	0.39512195122
0.382665902726	0.256989247312	249	3	207	0	162	0.394160583942
0.385266848547	0.255913978495	250	3	207	0	162	0.393203883495
0.385401977837	0.255913978495	251	3	207	0	162	0.392251815981
0.386702751646	0.254838709677	252	3	207	0	162	0.391304347826
0.394687997231	0.255913978495	253	3	207	0	162	0.390361445783
0.395304582327	0.255913978495	254	3	207	0	162	0.389423076923
0.396836270253	0.255913978495	255	3	207	0	162	0.388489208633
0.397971402884	0.256989247312	256	3	207	0	162	0.387559808612
0.405104068992	0.256989247312	257	3	207	0	162	0.386634844869
0.405674111424	0.256989247312	258	3	207	0	162	0.385714285714
0.408037423957	0.258064516129	259	3	207	0	162	0.384798099762
0.409706186045	0.259139784946	260	3	207	0	162	0.383886255924
0.41025978772	0.260215053763	261	3	207	0	162	0.382978723404
0.412569868415	0.260215053763	262	3	207	0	162	0.382075471698
0.412911129106	0.261290322581	263	3	207	0	162	0.381176470588
0.413956235419	0.262365591398	264	3	207	0	162	0.380281690141
0.414183626616	0.263440860215	265	3	207	0	162	0.379391100703
0.414991130766	0.264516129032	266	3	207	0	162	0.378504672897
0.417951095108	0.265591397849	267	3	207	0	162	0.377622377622
0.41849129106	0.266666666667	268	3	207	0	162	0.376744186047
0.419785050581	0.267741935484	269	3	207	0	162	0.375870069606
0.421078341817	0.268817204301	270	3	207	0	162	0.375
0.424669705778	0.269892473118	271	3	207	0	162	0.374133949192
0.426567925775	0.270967741935	272	3	207	0	162	0.373271889401
0.426752088768	0.269892473118	273	3	207	0	162	0.372413793103
0.426790349274	0.270967741935	274	3	207	0	162	0.371559633028
0.427860547889	0.272043010753	275	3	207	0	162	0.370709382151
0.432348156925	0.27311827957	276	3	207	0	162	0.369863013699
0.433026529128	0.274193548387	277	3	207	0	162	0.369020501139
0.434958014504	0.275268817204	278	3	207	0	162	0.368181818182
0.435803336799	0.276344086022	279	3	207	0	162	0.367346938776
0.437181208094	0.276344086022	280	3	207	0	162	0.366515837104
0.437427080869	0.277419354839	281	3	207	0	162	0.365688487585
0.43774113412	0.277419354839	282	3	207	0	162	0.364864864865
0.438669310548	0.278494623656	283	3	207	0	162	0.36404494382
0.43961815578	0.279569892473	284	3	207	0	162	0.363228699552
0.440548735312	0.28064516129	285	3	207	0	162	0.362416107383
0.440957850834	0.281720430108	286	3	207	0	162	0.361607142857
0.443092166982	0.282795698925	287	3	207	0	162	0.360801781737
0.443781254845	0.283870967742	288	3	207	0	162	0.36
0.444787976561	0.284946236559	289	3	207	0	162	0.359201773836
0.448599440203	0.286021505376	290	3	207	0	162	0.358407079646
0.449309528995	0.287096774194	291	3	207	0	162	0.35761589404
0.449789815761	0.287096774194	292	3	207	0	162	0.356828193833
0.449968978727	0.288172043011	293	3	207	0	162	0.356043956044
0.450340791278	0.287096774194	294	3	207	0	162	0.355263157895
0.452159291537	0.287096774194	295	3	207	0	162	0.354485776805
0.452841518236	0.288172043011	296	3	207	0	162	0.353711790393
0.458915802035	0.289247311828	297	3	207	0	162	0.352941176471
0.459090684064	0.288172043011	298	3	207	0	162	0.352173913043
0.461997209728	0.289247311828	299	3	207	0	162	0.351409978308
0.464244904484	0.290322580645	300	3	207	0	162	0.350649350649
0.466106750946	0.291397849462	301	3	207	0	162	0.349892008639
0.467064882584	0.291397849462	302	3	207	0	162	0.349137931034
0.467527528191	0.29247311828	303	3	207	0	162	0.348387096774
0.468508871462	0.293548387097	304	3	207	0	162	0.347639484979
0.472190320056	0.294623655914	305	3	207	0	162	0.346895074946
0.47903149325	0.295698924731	306	3	207	0	162	0.346153846154
0.482716447858	0.296774193548	307	3	207	0	162	0.345415778252
0.484504753091	0.296774193548	308	3	207	0	162	0.344680851064
0.48537479309	0.297849462366	309	3	207	0	162	0.343949044586
0.48609528092	0.296774193548	310	3	207	0	162	0.343220338983
0.489616324839	0.296774193548	311	3	207	0	162	0.342494714588
0.492134438811	0.297849462366	312	3	207	0	162	0.341772151899
0.494383987499	0.298924731183	313	3	207	0	162	0.341052631579
0.494832629741	0.3	314	3	207	0	162	0.340336134454
0.495228880225	0.301075268817	315	3	207	0	162	0.339622641509
0.49617755696	0.301075268817	316	3	207	0	162	0.338912133891
0.496707579576	0.301075268817	317	3	207	0	162	0.338204592902
0.497071753749	0.302150537634	318	3	207	0	162	0.3375
0.497328929264	0.303225806452	319	3	207	0	162	0.336798336798
0.498786445797	0.303225806452	320	3	207	0	162	0.336099585062
0.503214127449	0.304301075269	321	3	207	0	162	0.335403726708
0.503628727782	0.305376344086	322	3	207	0	162	0.334710743802
0.503733430331	0.304301075269	323	3	207	0	162	0.334020618557
0.507880982179	0.305376344086	324	3	207	0	162	0.333333333333
0.509018113316	0.306451612903	325	3	207	0	162	0.332648870637
0.510415869455	0.306451612903	326	3	207	0	162	0.331967213115
0.510495474019	0.30752688172	327	3	207	0	162	0.331288343558
0.510593481872	0.308602150538	328	3	207	0	162	0.330612244898
0.514331860848	0.30752688172	329	3	207	0	162	0.329938900204
0.520233367903	0.308602150538	330	3	207	0	162	0.329268292683
0.521205751151	0.309677419355	331	3	207	0	162	0.32860040568
0.521596773416	0.309677419355	332	3	207	0	162	0.327935222672
0.523733814902	0.310752688172	333	3	207	0	162	0.327272727273
0.526048863257	0.311827956989	334	3	207	0	162	0.326612903226
0.526223538875	0.312903225806	335	3	207	0	162	0.325955734406
0.526906025826	0.311827956989	336	3	207	0	162	0.325301204819
0.527689738253	0.312903225806	337	3	207	0	162	0.324649298597
0.532435571968	0.313978494624	338	3	207	0	162	0.324
0.533477594804	0.315053763441	339	3	207	0	162	0.323353293413
0.534823825513	0.316129032258	340	3	207	0	162	0.322709163347
0.538702722313	0.315053763441	341	3	207	0	162	0.322067594433
0.539579051177	0.316129032258	342	3	207	0	162	0.321428571429
0.539953027731	0.317204301075	343	3	207	0	162	0.320792079208
0.541247183707	0.318279569892	344	3	207	0	162	0.320158102767
0.541505712317	0.31935483871	345	3	207	0	162	0.319526627219
0.544004719536	0.320430107527	346	3	207	0	162	0.318897637795
0.544765822001	0.321505376344	347	3	207	0	162	0.318271119843
0.545039048853	0.322580645161	348	3	207	0	162	0.317647058824
0.545324842784	0.322580645161	349	3	207	0	162	0.317025440313
0.547722810653	0.323655913978	350	3	207	0	162	0.31640625
0.548837636891	0.324731182796	351	3	207	0	162	0.315789473684
0.549230853985	0.324731182796	352	3	207	0	162	0.315175097276
0.550532560481	0.323655913978	353	3	207	0	162	0.314563106796
0.550729302273	0.322580645161	354	3	207	0	162	0.313953488372
0.552422009583	0.323655913978	355	3	207	0	162	0.31334622824
0.553291139318	0.324731182796	356	3	207	0	162	0.312741312741
0.553516755555	0.324731182796	357	3	207	0	162	0.312138728324
0.554801409507	0.325806451613	358	3	207	0	162	0.311538461538
0.555322045586	0.32688172043	359	3	207	0	162	0.31094049904
0.557975751404	0.327956989247	360	3	207	0	162	0.310344827586
0.563489809819	0.329032258065	361	3	207	0	162	0.309751434034
0.563539925048	0.330107526882	362	3	207	0	162	0.309160305344
0.567544865344	0.330107526882	363	3	207	0	162	0.308571428571
0.568471237479	0.331182795699	364	3	207	0	162	0.307984790875
0.571555824486	0.332258064516	365	3	207	0	162	0.307400379507
0.573593636115	0.333333333333	366	3	207	0	162	0.306818181818
0.577151537396	0.334408602151	367	3	207	0	162	0.306238185255
0.579299646163	0.335483870968	368	3	207	0	162	0.305660377358
0.582733345014	0.336559139785	369	3	207	0	162	0.305084745763
0.582853057924	0.337634408602	370	3	207	0	162	0.304511278195
0.582971123584	0.337634408602	371	3	207	0	162	0.303939962477
0.584931143639	0.338709677419	372	3	207	0	162	0.303370786517
0.585189292015	0.339784946237	373	3	207	0	162	0.302803738318
0.587523498307	0.338709677419	374	3	207	0	162	0.30223880597
0.587769240971	0.337634408602	375	3	207	0	162	0.301675977654
0.590270446186	0.338709677419	376	3	207	0	162	0.301115241636
0.592986821954	0.339784946237	377	3	207	0	162	0.300556586271
0.596086829953	0.338709677419	378	3	207	0	162	0.3
0.602081052033	0.339784946237	379	3	207	0	162	0.299445471349
0.602877987611	0.340860215054	380	3	207	0	162	0.29889298893
0.60490441195	0.341935483871	381	3	207	0	162	0.298342541436
0.604968770253	0.343010752688	382	3	207	0	162	0.297794117647
0.609061976576	0.341935483871	383	3	207	0	162	0.297247706422
0.610034763864	0.343010752688	384	3	207	0	162	0.296703296703
0.611906672178	0.341935483871	385	3	207	0	162	0.296160877514
0.612602346913	0.343010752688	386	3	207	0	162	0.295620437956
0.615079182201	0.343010752688	387	3	207	0	162	0.295081967213
0.616263851326	0.341935483871	388	3	207	0	162	0.294545454545
0.616686140147	0.343010752688	389	3	207	0	162	0.294010889292
0.617414293575	0.344086021505	390	3	207	0	162	0.29347826087
0.61760695117	0.345161290323	391	3	207	0	162	0.29294755877
0.618194114426	0.345161290323	392	3	207	0	162	0.292418772563
0.618330792127	0.34623655914	393	3	207	0	162	0.291891891892
0.618496366386	0.347311827957	394	3	207	0	162	0.291366906475
0.61981460485	0.348387096774	395	3	207	0	162	0.290843806104
0.624481440092	0.349462365591	396	3	207	0	162	0.290322580645
0.624510081135	0.350537634409	397	3	207	0	162	0.289803220036
0.633812255235	0.351612903226	398	3	207	0	162	0.289285714286
0.636452201689	0.350537634409	399	3	207	0	162	0.288770053476
