# time 	 divergence 	 # of mutations 	 # IGC chances 	 IGC length 	 # IGC failures 	 Changes due to IGC  	 % change due to IGC 
0.0	0.017094017094	0	0	0	0	0	0.0
0.000311893263992	0.017094017094	0	1	3	0	0	0.0
0.000322028362852	0.0149572649573	0	2	3	0	1	1.0
0.000355324721725	0.0149572649573	0	3	3	0	1	1.0
0.00046497008172	0.0149572649573	0	4	3	0	1	1.0
0.00101961955911	0.0128205128205	0	5	3	0	2	1.0
0.00113987202707	0.0128205128205	0	6	3	0	2	1.0
0.00127059344294	0.0128205128205	0	7	3	0	2	1.0
0.00140380120872	0.0128205128205	0	8	3	0	2	1.0
0.0014236372562	0.0128205128205	0	9	3	0	2	1.0
0.0018128453506	0.0128205128205	0	10	3	0	2	1.0
0.00215006678177	0.0128205128205	0	11	3	0	2	1.0
0.00253475182781	0.0128205128205	0	12	3	0	2	1.0
0.00255068730623	0.0128205128205	0	13	3	0	2	1.0
0.00255409298969	0.0128205128205	0	14	3	0	2	1.0
0.00260936242946	0.0128205128205	0	15	3	0	2	1.0
0.00266075947461	0.0128205128205	0	16	3	0	2	1.0
0.00282514864368	0.0128205128205	0	17	3	0	2	1.0
0.0030403236779	0.0128205128205	0	18	3	0	2	1.0
0.00308583211949	0.0128205128205	0	19	3	0	2	1.0
0.00311691477281	0.0128205128205	0	20	3	0	2	1.0
0.00315819164997	0.0128205128205	0	21	3	0	2	1.0
0.00325474332347	0.0128205128205	0	22	3	0	2	1.0
0.00329421237333	0.0128205128205	0	23	3	0	2	1.0
0.00331421765389	0.0128205128205	0	24	3	0	2	1.0
0.00342040924211	0.0128205128205	0	25	3	0	2	1.0
0.00342096938334	0.0128205128205	0	26	3	0	2	1.0
0.00346347316209	0.0128205128205	0	27	3	0	2	1.0
0.00347580532539	0.0128205128205	0	28	3	0	2	1.0
0.00365695854201	0.0106837606838	0	29	3	0	3	1.0
0.00366326794984	0.0128205128205	1	29	3	0	3	0.75
0.00372794155369	0.0128205128205	1	30	3	0	3	0.75
0.00415587285982	0.0128205128205	1	31	3	0	3	0.75
0.00420129686833	0.0128205128205	1	32	3	0	3	0.75
0.00448105755037	0.0128205128205	1	33	3	0	3	0.75
0.00462077555541	0.0128205128205	1	34	3	0	3	0.75
0.00475621156403	0.0128205128205	1	35	3	0	3	0.75
0.00481585962308	0.0128205128205	1	36	3	0	3	0.75
0.00485698680493	0.0128205128205	1	37	3	0	3	0.75
0.00534793444204	0.0128205128205	1	38	3	0	3	0.75
0.00541094084442	0.0128205128205	1	39	3	0	3	0.75
0.00565073577034	0.0128205128205	1	40	3	0	3	0.75
0.00612484679522	0.0128205128205	1	41	3	0	3	0.75
0.00619324959604	0.0128205128205	1	42	3	0	3	0.75
0.00619621149228	0.0128205128205	1	43	3	0	3	0.75
0.00620506779397	0.0128205128205	1	44	3	0	3	0.75
0.00636481991602	0.0128205128205	1	45	3	0	3	0.75
0.00646280084128	0.0128205128205	1	46	3	0	3	0.75
0.00651991048938	0.0128205128205	1	47	3	0	3	0.75
0.00652001782506	0.0128205128205	1	48	3	0	3	0.75
0.00661285508708	0.0128205128205	1	49	3	0	3	0.75
0.00671227483844	0.0128205128205	1	50	3	0	3	0.75
0.0069900360139	0.0128205128205	1	51	3	0	3	0.75
0.00728859724504	0.0128205128205	1	52	3	0	3	0.75
0.00746966861158	0.0128205128205	1	53	3	0	3	0.75
0.00748495209406	0.0128205128205	1	54	3	0	3	0.75
0.00758840263917	0.0128205128205	1	55	3	0	3	0.75
0.00762770885428	0.0128205128205	1	56	3	0	3	0.75
0.007666725274	0.0128205128205	1	57	3	0	3	0.75
0.00803557454467	0.0128205128205	1	58	3	0	3	0.75
0.00810922473197	0.0128205128205	1	59	3	0	3	0.75
0.00831642860905	0.0128205128205	1	60	3	0	3	0.75
0.00843015362796	0.0128205128205	1	61	3	0	3	0.75
0.0086031028968	0.0128205128205	1	62	3	0	3	0.75
0.00892726313266	0.0149572649573	2	62	3	0	3	0.6
0.00929926381528	0.0149572649573	2	63	3	0	3	0.6
0.00948303218024	0.0149572649573	2	64	3	0	3	0.6
0.00954060066734	0.0149572649573	2	65	3	0	3	0.6
0.00962812019271	0.0149572649573	2	66	3	0	3	0.6
0.00969061377334	0.0149572649573	2	67	3	0	3	0.6
0.00969772870504	0.0149572649573	2	68	3	0	3	0.6
0.00991236143325	0.0149572649573	2	69	3	0	3	0.6
0.0100951554686	0.0149572649573	2	70	3	0	3	0.6
0.0101478326649	0.017094017094	3	70	3	0	3	0.5
0.0102234701759	0.017094017094	3	71	3	0	3	0.5
0.0102369843182	0.017094017094	3	72	3	0	3	0.5
0.010459126459	0.0149572649573	3	73	3	0	4	0.571428571429
0.0104711499059	0.0149572649573	3	74	3	0	4	0.571428571429
0.0107866379321	0.0149572649573	3	75	3	0	4	0.571428571429
0.0108565286485	0.0149572649573	3	76	3	0	4	0.571428571429
0.0109483755713	0.0149572649573	3	77	3	0	4	0.571428571429
