# time 	 divergence 	 # of mutations 	 # IGC chances 	 IGC length 	 # IGC failures 	 Changes due to IGC  	 % change due to IGC 
0.0	0.380116959064	0	0	0	0	0	0.0
0.000299407734943	0.379142300195	1	0	0	0	0	0.0
0.00133514126389	0.380116959064	2	0	0	0	0	0.0
0.00346182862924	0.380116959064	2	1	3	0	0	0.0
0.00583810825791	0.380116959064	3	1	3	0	0	0.0
0.00793201958608	0.381091617934	4	1	3	0	0	0.0
0.00834364768592	0.381091617934	5	1	3	0	0	0.0
0.00895434901924	0.381091617934	6	1	3	0	0	0.0
0.00963657178358	0.380116959064	7	1	3	0	0	0.0
0.0110546206219	0.380116959064	8	1	3	0	0	0.0
0.0133230209216	0.380116959064	9	1	3	0	0	0.0
0.0142312748714	0.380116959064	9	2	9	0	0	0.0
0.0151208539546	0.381091617934	10	2	9	0	0	0.0
0.016924519872	0.380116959064	11	2	9	0	0	0.0
0.0191145464697	0.381091617934	12	2	9	0	0	0.0
0.0221608439514	0.382066276803	13	2	9	0	0	0.0
0.0228817563151	0.382066276803	14	2	9	0	0	0.0
0.0235343468867	0.382066276803	15	2	9	0	0	0.0
0.0242811765587	0.383040935673	16	2	9	0	0	0.0
0.0263512460894	0.383040935673	17	2	9	0	0	0.0
0.0284204067124	0.384015594542	18	2	9	0	0	0.0
0.0305850751254	0.384990253411	19	2	9	0	0	0.0
0.0312674731441	0.384990253411	20	2	9	0	0	0.0
0.0316092334996	0.385964912281	21	2	9	0	0	0.0
0.0326962552619	0.381091617934	21	3	6	0	5	0.192307692308
0.0328465841713	0.382066276803	22	3	6	0	5	0.185185185185
0.0334474469619	0.383040935673	23	3	6	0	5	0.178571428571
0.0397329057808	0.384015594542	24	3	6	0	5	0.172413793103
0.0399585021846	0.384015594542	25	3	6	0	5	0.166666666667
0.0399810826204	0.377192982456	25	4	18	0	12	0.324324324324
0.0401749048652	0.378167641326	26	4	18	0	12	0.315789473684
0.0403398448466	0.377192982456	27	4	18	0	12	0.307692307692
0.0403880966289	0.377192982456	28	4	18	0	12	0.3
0.0421333981766	0.378167641326	29	4	18	0	12	0.292682926829
0.0455623739847	0.377192982456	29	5	3	0	13	0.309523809524
0.0456210931403	0.378167641326	30	5	3	0	13	0.302325581395
0.0459721142708	0.377192982456	31	5	3	0	13	0.295454545455
0.0471202461093	0.378167641326	32	5	3	0	13	0.288888888889
0.0472528532092	0.372319688109	32	6	12	0	19	0.372549019608
0.0480844181043	0.368421052632	32	7	9	0	23	0.418181818182
0.0486503835366	0.368421052632	33	7	9	0	23	0.410714285714
0.0507266950191	0.369395711501	34	7	9	0	23	0.40350877193
0.0517286527508	0.368421052632	35	7	9	0	23	0.396551724138
0.0526563696957	0.368421052632	36	7	9	0	23	0.389830508475
0.0532578250976	0.369395711501	37	7	9	0	23	0.383333333333
0.0539493319934	0.37037037037	38	7	9	0	23	0.377049180328
0.0547928486758	0.369395711501	39	7	9	0	23	0.370967741935
0.0582708340522	0.37037037037	40	7	9	0	23	0.365079365079
0.0613153870805	0.37037037037	41	7	9	0	23	0.359375
0.0613203725465	0.37134502924	42	7	9	0	23	0.353846153846
0.0621546261258	0.372319688109	43	7	9	0	23	0.348484848485
0.0624044055794	0.373294346979	44	7	9	0	23	0.34328358209
0.0649688472353	0.373294346979	45	7	9	0	23	0.338235294118
0.0667662879668	0.373294346979	46	7	9	0	23	0.333333333333
0.0675882080935	0.374269005848	47	7	9	0	23	0.328571428571
0.0687221553168	0.375243664717	48	7	9	0	23	0.323943661972
0.0711856632081	0.374269005848	49	7	9	0	23	0.319444444444
0.073613189472	0.375243664717	50	7	9	0	23	0.315068493151
0.073750745142	0.376218323587	51	7	9	0	23	0.310810810811
0.0742403100587	0.377192982456	52	7	9	0	23	0.306666666667
0.0808953117314	0.378167641326	53	7	9	0	23	0.302631578947
0.0826551487253	0.378167641326	54	7	9	0	23	0.298701298701
0.0835139643518	0.379142300195	55	7	9	0	23	0.294871794872
0.0851669741331	0.379142300195	56	7	9	0	23	0.291139240506
0.0863021973382	0.380116959064	57	7	9	0	23	0.2875
0.0877104021054	0.381091617934	58	7	9	0	23	0.283950617284
0.0905320248375	0.381091617934	59	7	9	0	23	0.280487804878
0.0906562703163	0.382066276803	60	7	9	0	23	0.277108433735
0.0917247590306	0.382066276803	61	7	9	0	23	0.27380952381
0.0928089595143	0.383040935673	62	7	9	0	23	0.270588235294
0.0953752076832	0.384015594542	63	7	9	0	23	0.267441860465
0.0962408091337	0.384990253411	64	7	9	0	23	0.264367816092
0.0968383565915	0.385964912281	65	7	9	0	23	0.261363636364
0.0972462006851	0.38693957115	66	7	9	0	23	0.258426966292
0.0977327469924	0.385964912281	66	8	3	0	24	0.266666666667
0.0992034126393	0.385964912281	67	8	3	0	24	0.263736263736
0.100371425125	0.384990253411	68	8	3	0	24	0.260869565217
0.101183751662	0.385964912281	69	8	3	0	24	0.258064516129
0.102363804273	0.385964912281	70	8	3	0	24	0.255319148936
0.104183822227	0.38693957115	71	8	3	0	24	0.252631578947
0.104233695821	0.38693957115	72	8	3	0	24	0.25
0.107690985237	0.38693957115	73	8	3	0	24	0.247422680412
0.110637649522	0.387914230019	74	8	3	0	24	0.244897959184
0.111843453286	0.388888888889	75	8	3	0	24	0.242424242424
0.113094718665	0.389863547758	76	8	3	0	24	0.24
0.115598652883	0.388888888889	77	8	3	0	24	0.237623762376
0.11586101856	0.389863547758	78	8	3	0	24	0.235294117647
0.11603787062	0.387914230019	78	9	6	0	26	0.25
0.116112494233	0.387914230019	78	10	3	0	26	0.25
0.116249820091	0.38693957115	79	10	3	0	26	0.247619047619
0.117091025706	0.38693957115	80	10	3	0	26	0.245283018868
0.117130098829	0.387914230019	81	10	3	0	26	0.242990654206
0.118684606561	0.38693957115	82	10	3	0	26	0.240740740741
0.120691351952	0.38693957115	83	10	3	0	26	0.238532110092
0.126128452878	0.387914230019	84	10	3	0	26	0.236363636364
0.126963255717	0.381091617934	84	11	12	0	33	0.282051282051
0.127025712012	0.379142300195	84	12	3	0	35	0.294117647059
0.127615448886	0.372319688109	84	13	9	0	42	0.333333333333
0.129229121145	0.37134502924	85	13	9	0	42	0.330708661417
0.129726476783	0.372319688109	86	13	9	0	42	0.328125
0.13027182854	0.373294346979	87	13	9	0	42	0.325581395349
0.130768063926	0.373294346979	88	13	9	0	42	0.323076923077
0.133266265485	0.37037037037	88	14	6	0	45	0.338345864662
0.13377366366	0.37134502924	89	14	6	0	45	0.335820895522
0.134495653519	0.37037037037	90	14	6	0	45	0.333333333333
0.135696628306	0.366471734893	90	15	9	0	49	0.352517985612
0.136408760617	0.367446393762	91	15	9	0	49	0.35
0.138148976851	0.367446393762	92	15	9	0	49	0.347517730496
0.140001667923	0.366471734893	93	15	9	0	49	0.345070422535
0.142999318945	0.365497076023	94	15	9	0	49	0.342657342657
0.144578980449	0.366471734893	95	15	9	0	49	0.340277777778
0.145807409274	0.367446393762	96	15	9	0	49	0.337931034483
0.147891073435	0.368421052632	97	15	9	0	49	0.335616438356
0.148492511797	0.367446393762	97	16	3	0	50	0.340136054422
0.14853580691	0.367446393762	98	16	3	0	50	0.337837837838
0.149180649749	0.366471734893	99	16	3	0	50	0.335570469799
0.149194331663	0.367446393762	100	16	3	0	50	0.333333333333
0.150086205969	0.368421052632	101	16	3	0	50	0.331125827815
0.15039833849	0.369395711501	102	16	3	0	50	0.328947368421
0.152081731889	0.37037037037	103	16	3	0	50	0.326797385621
0.153477808947	0.37037037037	104	16	3	0	50	0.324675324675
0.156371574852	0.37134502924	105	16	3	0	50	0.322580645161
0.156520708409	0.372319688109	106	16	3	0	50	0.320512820513
0.157151852646	0.373294346979	107	16	3	0	50	0.31847133758
0.157980491957	0.366471734893	107	17	12	0	57	0.34756097561
0.159602451079	0.367446393762	108	17	12	0	57	0.345454545455
0.1627836383	0.368421052632	109	17	12	0	57	0.343373493976
0.167231945633	0.369395711501	110	17	12	0	57	0.341317365269
0.16981381433	0.368421052632	111	17	12	0	57	0.339285714286
0.170068133239	0.369395711501	112	17	12	0	57	0.337278106509
0.171075595675	0.37037037037	113	17	12	0	57	0.335294117647
0.17186101348	0.37134502924	114	17	12	0	57	0.333333333333
0.172185291732	0.372319688109	115	17	12	0	57	0.331395348837
0.172297281187	0.373294346979	116	17	12	0	57	0.329479768786
0.173693056687	0.372319688109	117	17	12	0	57	0.327586206897
0.175358502356	0.373294346979	118	17	12	0	57	0.325714285714
0.17581334578	0.374269005848	119	17	12	0	57	0.323863636364
0.175967219482	0.375243664717	120	17	12	0	57	0.322033898305
0.182693233009	0.374269005848	121	17	12	0	57	0.320224719101
0.184994537378	0.374269005848	122	17	12	0	57	0.31843575419
0.185678291902	0.375243664717	123	17	12	0	57	0.316666666667
0.186762867853	0.375243664717	124	17	12	0	57	0.314917127072
0.186812512979	0.376218323587	125	17	12	0	57	0.313186813187
0.187426276573	0.376218323587	126	17	12	0	57	0.311475409836
0.187924617252	0.376218323587	127	17	12	0	57	0.309782608696
0.189480658676	0.377192982456	128	17	12	0	57	0.308108108108
0.191511374657	0.377192982456	129	17	12	0	57	0.306451612903
0.191888326396	0.378167641326	130	17	12	0	57	0.304812834225
0.193014114189	0.378167641326	131	17	12	0	57	0.303191489362
0.195074582894	0.379142300195	132	17	12	0	57	0.301587301587
0.195325015044	0.380116959064	133	17	12	0	57	0.3
0.198441700661	0.381091617934	134	17	12	0	57	0.298429319372
0.200707663862	0.381091617934	135	17	12	0	57	0.296875
0.201098729077	0.372319688109	135	18	18	0	66	0.328358208955
0.201588878824	0.373294346979	136	18	18	0	66	0.326732673267
0.203721203781	0.374269005848	137	18	18	0	66	0.325123152709
0.204049522582	0.373294346979	138	18	18	0	66	0.323529411765
0.204424988345	0.372319688109	139	18	18	0	66	0.321951219512
0.205831739838	0.372319688109	140	18	18	0	66	0.320388349515
0.206102432796	0.373294346979	141	18	18	0	66	0.31884057971
0.206472902459	0.373294346979	142	18	18	0	66	0.317307692308
0.207066459092	0.373294346979	143	18	18	0	66	0.315789473684
0.208652789663	0.372319688109	143	19	3	0	67	0.319047619048
0.210070479323	0.372319688109	143	20	9	0	67	0.319047619048
0.211620148959	0.373294346979	144	20	9	0	67	0.317535545024
0.212053503661	0.374269005848	145	20	9	0	67	0.316037735849
0.214543858711	0.373294346979	145	21	6	0	68	0.319248826291
0.219263758877	0.374269005848	146	21	6	0	68	0.317757009346
0.219722394969	0.375243664717	147	21	6	0	68	0.316279069767
0.220009307233	0.376218323587	148	21	6	0	68	0.314814814815
0.22010156493	0.376218323587	149	21	6	0	68	0.3133640553
0.220118323183	0.377192982456	150	21	6	0	68	0.311926605505
0.221028976008	0.378167641326	151	21	6	0	68	0.310502283105
0.223082402001	0.374269005848	151	22	6	0	72	0.322869955157
0.223975912404	0.374269005848	152	22	6	0	72	0.321428571429
0.226723980421	0.374269005848	153	22	6	0	72	0.32
0.22871191205	0.373294346979	154	22	6	0	72	0.318584070796
0.230032371963	0.374269005848	155	22	6	0	72	0.31718061674
0.230077909304	0.374269005848	156	22	6	0	72	0.315789473684
0.230189113594	0.375243664717	157	22	6	0	72	0.314410480349
0.231232908134	0.375243664717	158	22	6	0	72	0.313043478261
0.236962304183	0.376218323587	159	22	6	0	72	0.311688311688
0.238737789278	0.377192982456	160	22	6	0	72	0.310344827586
0.23990911001	0.377192982456	161	22	6	0	72	0.309012875536
0.24026632921	0.376218323587	162	22	6	0	72	0.307692307692
0.241496706633	0.377192982456	163	22	6	0	72	0.306382978723
0.242153873342	0.377192982456	164	22	6	0	72	0.305084745763
0.243431441093	0.373294346979	164	23	9	0	76	0.316666666667
0.244250806836	0.369395711501	164	24	12	0	80	0.327868852459
0.244286099232	0.369395711501	164	25	6	0	80	0.327868852459
0.244327611267	0.359649122807	164	26	18	0	90	0.354330708661
0.244631614067	0.356725146199	164	27	12	0	93	0.36186770428
0.245013454415	0.357699805068	165	27	12	0	93	0.360465116279
0.256525128195	0.358674463938	166	27	12	0	93	0.359073359073
0.260652676368	0.359649122807	167	27	12	0	93	0.357692307692
0.262423882421	0.360623781676	168	27	12	0	93	0.35632183908
0.264127039615	0.359649122807	169	27	12	0	93	0.354961832061
0.268235382561	0.359649122807	170	27	12	0	93	0.3536121673
0.269222496283	0.358674463938	171	27	12	0	93	0.352272727273
0.271201523444	0.357699805068	172	27	12	0	93	0.350943396226
0.271551399749	0.357699805068	173	27	12	0	93	0.34962406015
0.272174510868	0.358674463938	174	27	12	0	93	0.348314606742
0.272414398292	0.357699805068	175	27	12	0	93	0.347014925373
0.272597698035	0.356725146199	176	27	12	0	93	0.345724907063
0.274051478471	0.351851851852	176	28	9	0	98	0.357664233577
0.274749573411	0.352826510721	177	28	9	0	98	0.356363636364
0.27582172028	0.352826510721	178	28	9	0	98	0.355072463768
0.277481910515	0.353801169591	179	28	9	0	98	0.353790613718
0.277540448083	0.353801169591	180	28	9	0	98	0.352517985612
0.280607649468	0.35477582846	181	28	9	0	98	0.351254480287
0.280665500195	0.351851851852	181	29	3	0	101	0.358156028369
0.282226586559	0.351851851852	181	30	3	0	101	0.358156028369
0.282733185688	0.352826510721	182	30	3	0	101	0.356890459364
0.283482685842	0.353801169591	183	30	3	0	101	0.355633802817
0.283868210428	0.35477582846	184	30	3	0	101	0.354385964912
0.285119172662	0.355750487329	185	30	3	0	101	0.353146853147
0.285129036162	0.355750487329	186	30	3	0	101	0.351916376307
0.286238002658	0.35477582846	187	30	3	0	101	0.350694444444
0.288074586508	0.348927875244	187	31	15	0	107	0.363945578231
0.289042709286	0.349902534113	188	31	15	0	107	0.362711864407
0.291718719559	0.350877192982	189	31	15	0	107	0.361486486486
0.29380680669	0.350877192982	190	31	15	0	107	0.360269360269
0.294670579498	0.350877192982	191	31	15	0	107	0.359060402685
0.295450150126	0.351851851852	192	31	15	0	107	0.357859531773
0.295482852292	0.352826510721	193	31	15	0	107	0.356666666667
0.298206623907	0.344054580897	193	32	21	0	116	0.375404530744
0.298511162644	0.345029239766	194	32	21	0	116	0.374193548387
0.301084959118	0.346003898635	195	32	21	0	116	0.372990353698
0.301279535607	0.346978557505	196	32	21	0	116	0.371794871795
0.305482827936	0.347953216374	197	32	21	0	116	0.370607028754
0.306469700434	0.342105263158	197	33	15	0	122	0.382445141066
0.306651494246	0.342105263158	198	33	15	0	122	0.38125
0.308356679829	0.343079922027	199	33	15	0	122	0.380062305296
0.31049648538	0.344054580897	200	33	15	0	122	0.378881987578
0.311060801118	0.345029239766	201	33	15	0	122	0.377708978328
0.312003026921	0.344054580897	202	33	15	0	122	0.376543209877
0.314420752824	0.344054580897	203	33	15	0	122	0.375384615385
0.316630988991	0.345029239766	204	33	15	0	122	0.374233128834
0.318355874229	0.345029239766	205	33	15	0	122	0.373088685015
0.321180368096	0.346003898635	206	33	15	0	122	0.371951219512
0.324739666873	0.345029239766	207	33	15	0	122	0.370820668693
0.325813843672	0.345029239766	208	33	15	0	122	0.369696969697
0.328109439892	0.346003898635	209	33	15	0	122	0.368580060423
0.328782436274	0.346978557505	210	33	15	0	122	0.367469879518
0.328983316492	0.347953216374	211	33	15	0	122	0.366366366366
0.331178741017	0.348927875244	212	33	15	0	122	0.365269461078
0.33177382907	0.349902534113	213	33	15	0	122	0.364179104478
0.334632061186	0.350877192982	214	33	15	0	122	0.363095238095
0.336374568534	0.348927875244	214	34	3	0	124	0.366863905325
0.33787678627	0.347953216374	215	34	3	0	124	0.365781710914
0.338058986309	0.347953216374	216	34	3	0	124	0.364705882353
0.3390589739	0.348927875244	217	34	3	0	124	0.363636363636
0.339657074251	0.349902534113	218	34	3	0	124	0.362573099415
0.34170080496	0.345029239766	218	35	18	0	129	0.371757925072
0.341974877724	0.344054580897	219	35	18	0	129	0.370689655172
0.342005597628	0.343079922027	220	35	18	0	129	0.369627507163
0.342727894157	0.344054580897	221	35	18	0	129	0.368571428571
0.342953149306	0.345029239766	222	35	18	0	129	0.367521367521
0.343205975029	0.346003898635	223	35	18	0	129	0.366477272727
0.344327735342	0.346978557505	224	35	18	0	129	0.365439093484
0.344851129759	0.346003898635	225	35	18	0	129	0.364406779661
0.344910247055	0.346978557505	226	35	18	0	129	0.36338028169
0.345552326603	0.346978557505	226	36	3	0	129	0.36338028169
0.347614685517	0.347953216374	227	36	3	0	129	0.362359550562
0.347908200373	0.346978557505	228	36	3	0	129	0.361344537815
0.348485656963	0.347953216374	229	36	3	0	129	0.360335195531
0.348567432462	0.348927875244	230	36	3	0	129	0.359331476323
0.349905707383	0.349902534113	231	36	3	0	129	0.358333333333
0.350983232706	0.349902534113	232	36	3	0	129	0.357340720222
0.351163941997	0.350877192982	233	36	3	0	129	0.35635359116
0.354585509342	0.350877192982	234	36	3	0	129	0.355371900826
0.355759719114	0.351851851852	235	36	3	0	129	0.354395604396
0.356044446751	0.352826510721	236	36	3	0	129	0.353424657534
0.356636692139	0.352826510721	237	36	3	0	129	0.352459016393
0.358597868985	0.353801169591	238	36	3	0	129	0.351498637602
0.360046413469	0.35477582846	239	36	3	0	129	0.350543478261
0.362112290212	0.355750487329	240	36	3	0	129	0.349593495935
0.363076798438	0.356725146199	241	36	3	0	129	0.348648648649
0.364443931616	0.357699805068	242	36	3	0	129	0.347708894879
0.365941035948	0.358674463938	243	36	3	0	129	0.346774193548
0.366176466611	0.357699805068	244	36	3	0	129	0.345844504021
0.367132466901	0.358674463938	245	36	3	0	129	0.344919786096
0.368611293658	0.358674463938	246	36	3	0	129	0.344
0.371733750412	0.358674463938	247	36	3	0	129	0.343085106383
0.371760092451	0.359649122807	248	36	3	0	129	0.342175066313
0.376892804636	0.360623781676	249	36	3	0	129	0.34126984127
0.379737025059	0.360623781676	250	36	3	0	129	0.34036939314
0.380101449013	0.361598440546	251	36	3	0	129	0.339473684211
0.380414798476	0.362573099415	252	36	3	0	129	0.338582677165
0.381778303196	0.362573099415	253	36	3	0	129	0.337696335079
0.386477281938	0.358674463938	253	37	6	0	133	0.344559585492
0.387302413384	0.358674463938	254	37	6	0	133	0.343669250646
0.387582900577	0.349902534113	254	38	18	0	142	0.358585858586
0.387738485322	0.348927875244	255	38	18	0	142	0.357682619647
0.390192166012	0.349902534113	256	38	18	0	142	0.356783919598
0.391024367743	0.348927875244	256	39	3	0	143	0.358395989975
0.391129144861	0.342105263158	256	40	15	0	150	0.369458128079
0.397168966885	0.343079922027	257	40	15	0	150	0.36855036855
0.398558463734	0.344054580897	258	40	15	0	150	0.367647058824
0.400295786496	0.345029239766	259	40	15	0	150	0.366748166259
0.400303425779	0.345029239766	260	40	15	0	150	0.365853658537
0.406370118626	0.345029239766	261	40	15	0	150	0.36496350365
0.406587074983	0.346003898635	262	40	15	0	150	0.364077669903
0.40846025708	0.346978557505	263	40	15	0	150	0.363196125908
0.408538296822	0.347953216374	264	40	15	0	150	0.36231884058
0.40946428364	0.348927875244	265	40	15	0	150	0.361445783133
0.411098487433	0.348927875244	266	40	15	0	150	0.360576923077
0.411101086675	0.348927875244	267	40	15	0	150	0.359712230216
0.411929012117	0.349902534113	268	40	15	0	150	0.358851674641
0.41368838825	0.350877192982	269	40	15	0	150	0.35799522673
0.414044357393	0.350877192982	270	40	15	0	150	0.357142857143
0.416051670412	0.351851851852	271	40	15	0	150	0.356294536817
0.416946239341	0.352826510721	272	40	15	0	150	0.355450236967
0.418337342246	0.353801169591	273	40	15	0	150	0.354609929078
0.418566442054	0.353801169591	274	40	15	0	150	0.353773584906
0.418582641762	0.352826510721	275	40	15	0	150	0.352941176471
0.420063939524	0.353801169591	276	40	15	0	150	0.352112676056
0.421373884777	0.35477582846	277	40	15	0	150	0.351288056206
0.422479683632	0.355750487329	278	40	15	0	150	0.35046728972
0.422566943598	0.355750487329	279	40	15	0	150	0.34965034965
0.422690274814	0.35477582846	280	40	15	0	150	0.348837209302
0.422741153784	0.355750487329	281	40	15	0	150	0.348027842227
0.423177683161	0.356725146199	282	40	15	0	150	0.347222222222
0.423444661116	0.357699805068	283	40	15	0	150	0.346420323326
0.424198720136	0.358674463938	284	40	15	0	150	0.345622119816
0.425289837453	0.359649122807	285	40	15	0	150	0.344827586207
0.425334339322	0.359649122807	286	40	15	0	150	0.344036697248
0.425659995749	0.360623781676	287	40	15	0	150	0.343249427918
0.431043744453	0.361598440546	288	40	15	0	150	0.342465753425
0.431107787247	0.362573099415	289	40	15	0	150	0.341685649203
0.431269884636	0.362573099415	290	40	15	0	150	0.340909090909
0.431662779292	0.362573099415	291	40	15	0	150	0.340136054422
0.432086177325	0.363547758285	292	40	15	0	150	0.339366515837
0.432113357121	0.364522417154	293	40	15	0	150	0.338600451467
0.433330154847	0.365497076023	294	40	15	0	150	0.337837837838
0.434028205872	0.366471734893	295	40	15	0	150	0.337078651685
0.434356496674	0.367446393762	296	40	15	0	150	0.336322869955
0.43558000987	0.368421052632	297	40	15	0	150	0.335570469799
0.436410557934	0.368421052632	298	40	15	0	150	0.334821428571
0.437484817735	0.368421052632	299	40	15	0	150	0.334075723831
0.437631319363	0.369395711501	300	40	15	0	150	0.333333333333
0.438364301266	0.37037037037	301	40	15	0	150	0.332594235033
0.440930187293	0.37134502924	302	40	15	0	150	0.33185840708
0.441064032741	0.372319688109	303	40	15	0	150	0.331125827815
0.441111516415	0.373294346979	304	40	15	0	150	0.330396475771
0.442378921362	0.374269005848	305	40	15	0	150	0.32967032967
0.444034069055	0.375243664717	306	40	15	0	150	0.328947368421
0.444784270558	0.375243664717	307	40	15	0	150	0.328227571116
0.445295011412	0.375243664717	308	40	15	0	150	0.327510917031
0.446603419478	0.365497076023	308	41	18	0	160	0.34188034188
0.44814476452	0.365497076023	309	41	18	0	160	0.341151385928
0.4486346114	0.366471734893	310	41	18	0	160	0.340425531915
0.448661917587	0.367446393762	311	41	18	0	160	0.339702760085
0.449413316298	0.368421052632	312	41	18	0	160	0.338983050847
0.449450146839	0.369395711501	313	41	18	0	160	0.338266384778
0.449754871579	0.368421052632	314	41	18	0	160	0.337552742616
0.450346463485	0.369395711501	315	41	18	0	160	0.336842105263
0.452295851355	0.369395711501	316	41	18	0	160	0.336134453782
0.45251503982	0.37037037037	317	41	18	0	160	0.335429769392
0.455664374506	0.37134502924	318	41	18	0	160	0.334728033473
0.458299276772	0.372319688109	319	41	18	0	160	0.334029227557
0.461550009368	0.37134502924	320	41	18	0	160	0.333333333333
0.461852258084	0.37134502924	321	41	18	0	160	0.33264033264
0.467581226369	0.372319688109	322	41	18	0	160	0.331950207469
0.467832132747	0.37134502924	322	42	3	0	161	0.333333333333
0.470500550545	0.372319688109	323	42	3	0	161	0.332644628099
0.4718470892	0.373294346979	324	42	3	0	161	0.331958762887
0.472101558662	0.374269005848	325	42	3	0	161	0.331275720165
0.474270094043	0.373294346979	325	43	6	0	162	0.332648870637
0.474418277765	0.373294346979	326	43	6	0	162	0.331967213115
0.475109516914	0.363547758285	326	44	15	0	172	0.345381526104
0.475281293034	0.363547758285	327	44	15	0	172	0.344689378758
0.475393175958	0.364522417154	328	44	15	0	172	0.344
0.477247544115	0.365497076023	329	44	15	0	172	0.343313373253
0.486127494726	0.366471734893	330	44	15	0	172	0.342629482072
0.486834045491	0.367446393762	331	44	15	0	172	0.341948310139
0.48779210582	0.366471734893	332	44	15	0	172	0.34126984127
0.487911458512	0.366471734893	333	44	15	0	172	0.340594059406
0.491050685205	0.367446393762	334	44	15	0	172	0.339920948617
0.493488890275	0.368421052632	335	44	15	0	172	0.339250493097
0.493519213231	0.369395711501	336	44	15	0	172	0.338582677165
0.4940827236	0.37037037037	337	44	15	0	172	0.337917485265
0.494087839068	0.37037037037	338	44	15	0	172	0.337254901961
0.494679002009	0.37134502924	339	44	15	0	172	0.336594911937
0.496516373636	0.37037037037	340	44	15	0	172	0.3359375
0.500798026047	0.369395711501	340	45	3	0	173	0.337231968811
0.5012512696	0.37037037037	341	45	3	0	173	0.336575875486
0.502324110808	0.37134502924	342	45	3	0	173	0.335922330097
0.502722857588	0.372319688109	343	45	3	0	173	0.335271317829
0.503261942496	0.373294346979	344	45	3	0	173	0.334622823985
0.504350881216	0.374269005848	345	45	3	0	173	0.333976833977
0.505268457043	0.375243664717	346	45	3	0	173	0.333333333333
0.505579381749	0.376218323587	347	45	3	0	173	0.332692307692
0.506063130716	0.377192982456	348	45	3	0	173	0.332053742802
0.506360366305	0.378167641326	349	45	3	0	173	0.331417624521
0.506755279199	0.379142300195	350	45	3	0	173	0.330783938815
0.509725504032	0.380116959064	351	45	3	0	173	0.330152671756
0.510296489653	0.380116959064	352	45	3	0	173	0.329523809524
0.510587470105	0.381091617934	353	45	3	0	173	0.328897338403
0.51516656564	0.381091617934	354	45	3	0	173	0.328273244782
0.516191480983	0.357699805068	354	46	48	0	197	0.357531760436
0.516642097796	0.357699805068	355	46	48	0	197	0.356884057971
0.518037426374	0.356725146199	356	46	48	0	197	0.356238698011
0.519579213871	0.357699805068	357	46	48	0	197	0.35559566787
0.521771641637	0.358674463938	358	46	48	0	197	0.354954954955
0.523257965172	0.357699805068	359	46	48	0	197	0.354316546763
0.525934449274	0.357699805068	360	46	48	0	197	0.35368043088
0.529501561736	0.357699805068	361	46	48	0	197	0.353046594982
0.530318625331	0.358674463938	362	46	48	0	197	0.352415026834
0.531269950202	0.358674463938	363	46	48	0	197	0.351785714286
0.532024634558	0.359649122807	364	46	48	0	197	0.351158645276
0.532357381729	0.359649122807	365	46	48	0	197	0.350533807829
0.534194005848	0.359649122807	366	46	48	0	197	0.349911190053
0.540091050967	0.360623781676	367	46	48	0	197	0.349290780142
0.541576586688	0.361598440546	368	46	48	0	197	0.348672566372
0.542868729022	0.362573099415	369	46	48	0	197	0.348056537102
0.544131073555	0.363547758285	370	46	48	0	197	0.347442680776
0.547035771249	0.362573099415	371	46	48	0	197	0.346830985915
0.547667784684	0.363547758285	372	46	48	0	197	0.346221441125
0.548089177414	0.364522417154	373	46	48	0	197	0.345614035088
0.551875098651	0.365497076023	374	46	48	0	197	0.345008756567
0.553470616396	0.366471734893	375	46	48	0	197	0.344405594406
0.553604826913	0.367446393762	376	46	48	0	197	0.343804537522
0.554964380883	0.367446393762	377	46	48	0	197	0.343205574913
0.555143254196	0.368421052632	378	46	48	0	197	0.342608695652
0.557153076322	0.369395711501	379	46	48	0	197	0.342013888889
0.557699367418	0.37037037037	380	46	48	0	197	0.341421143847
0.557811507431	0.37134502924	381	46	48	0	197	0.340830449827
0.558741031901	0.372319688109	382	46	48	0	197	0.3402417962
0.558878728766	0.372319688109	383	46	48	0	197	0.339655172414
0.559883990672	0.373294346979	384	46	48	0	197	0.339070567986
0.560823809877	0.374269005848	385	46	48	0	197	0.338487972509
0.561169814214	0.375243664717	386	46	48	0	197	0.337907375643
0.562846806386	0.376218323587	387	46	48	0	197	0.337328767123
0.563412719168	0.377192982456	388	46	48	0	197	0.336752136752
0.563838185139	0.377192982456	389	46	48	0	197	0.336177474403
0.563907409878	0.372319688109	389	47	6	0	202	0.34179357022
0.563920224628	0.37134502924	390	47	6	0	202	0.341216216216
0.564830480506	0.372319688109	391	47	6	0	202	0.340640809444
0.567756979099	0.373294346979	392	47	6	0	202	0.340067340067
0.568317387477	0.374269005848	393	47	6	0	202	0.339495798319
0.569937421999	0.374269005848	394	47	6	0	202	0.338926174497
0.570347556676	0.375243664717	395	47	6	0	202	0.338358458961
0.57196779381	0.374269005848	396	47	6	0	202	0.33779264214
0.573991173223	0.374269005848	397	47	6	0	202	0.337228714524
0.57462837132	0.375243664717	398	47	6	0	202	0.336666666667
0.575284336501	0.376218323587	399	47	6	0	202	0.336106489185
0.575312871378	0.372319688109	399	48	9	0	206	0.340495867769
0.576625743347	0.373294346979	400	48	9	0	206	0.339933993399
0.577441275088	0.374269005848	401	48	9	0	206	0.339373970346
0.577527823145	0.374269005848	402	48	9	0	206	0.338815789474
0.57773653356	0.375243664717	403	48	9	0	206	0.338259441708
0.580160300129	0.37134502924	403	49	9	0	210	0.342577487765
0.580752729205	0.37037037037	404	49	9	0	210	0.342019543974
0.581068714181	0.37037037037	405	49	9	0	210	0.341463414634
0.581948106519	0.37037037037	406	49	9	0	210	0.340909090909
0.583606437296	0.37037037037	407	49	9	0	210	0.340356564019
0.58432058147	0.37134502924	408	49	9	0	210	0.339805825243
0.589634795371	0.372319688109	409	49	9	0	210	0.339256865913
0.589841701269	0.360623781676	409	50	18	0	222	0.351822503962
0.589913849224	0.346978557505	409	51	27	0	236	0.365891472868
0.590034240951	0.346978557505	410	51	27	0	236	0.365325077399
0.590532652494	0.347953216374	411	51	27	0	236	0.364760432767
0.590918850364	0.342105263158	411	52	15	0	242	0.370597243492
0.59541658768	0.343079922027	412	52	15	0	242	0.37003058104
0.595564484914	0.344054580897	413	52	15	0	242	0.369465648855
0.598671537432	0.344054580897	414	52	15	0	242	0.368902439024
0.599740904361	0.345029239766	415	52	15	0	242	0.368340943683
0.599917712753	0.346003898635	416	52	15	0	242	0.367781155015
0.60054659328	0.343079922027	416	53	3	0	245	0.370650529501
0.601518273979	0.342105263158	416	54	9	0	246	0.371601208459
0.60184359957	0.33820662768	416	55	24	0	250	0.375375375375
0.602205933335	0.33918128655	417	55	24	0	250	0.374812593703
0.604626935811	0.340155945419	418	55	24	0	250	0.374251497006
0.604962253571	0.336257309942	418	56	21	0	254	0.377976190476
0.608456363357	0.337231968811	419	56	21	0	254	0.377414561664
0.609375542341	0.33820662768	420	56	21	0	254	0.376854599407
0.612206272407	0.337231968811	421	56	21	0	254	0.376296296296
0.613568785337	0.33820662768	422	56	21	0	254	0.37573964497
0.615449532574	0.335282651072	422	57	21	0	257	0.378497790869
0.616031784946	0.336257309942	423	57	21	0	257	0.377941176471
0.616240421031	0.336257309942	424	57	21	0	257	0.377386196769
0.617451967872	0.337231968811	425	57	21	0	257	0.376832844575
0.618244277217	0.33820662768	426	57	21	0	257	0.376281112738
0.619539288265	0.33918128655	427	57	21	0	257	0.375730994152
0.62026452723	0.340155945419	428	57	21	0	257	0.375182481752
0.623615144646	0.33918128655	429	57	21	0	257	0.374635568513
0.625470415709	0.340155945419	430	57	21	0	257	0.374090247453
0.626171294207	0.341130604288	431	57	21	0	257	0.373546511628
0.628887380185	0.342105263158	432	57	21	0	257	0.373004354136
0.629535731988	0.343079922027	433	57	21	0	257	0.372463768116
0.629932216816	0.344054580897	434	57	21	0	257	0.371924746744
0.641729127458	0.345029239766	435	57	21	0	257	0.371387283237
0.643855488663	0.346003898635	436	57	21	0	257	0.370851370851
0.645289448908	0.346003898635	437	57	21	0	257	0.370317002882
0.647706697618	0.346978557505	438	57	21	0	257	0.369784172662
0.649242826366	0.346003898635	439	57	21	0	257	0.369252873563
0.653530402271	0.346978557505	440	57	21	0	257	0.368723098996
0.653687309528	0.347953216374	441	57	21	0	257	0.368194842407
0.654890129802	0.343079922027	441	58	6	0	262	0.372688477952
0.655716774608	0.343079922027	442	58	6	0	262	0.372159090909
0.656925753674	0.33820662768	442	59	9	0	267	0.37658674189
0.659096921444	0.33918128655	443	59	9	0	267	0.376056338028
0.659958112177	0.33918128655	444	59	9	0	267	0.37552742616
0.660600825599	0.333333333333	444	60	15	0	273	0.380753138075
0.660865235185	0.334307992203	445	60	15	0	273	0.380222841226
0.660943614135	0.331384015595	445	61	6	0	276	0.382801664355
0.662799211445	0.332358674464	446	61	6	0	276	0.382271468144
0.665452687058	0.333333333333	447	61	6	0	276	0.381742738589
0.66611251853	0.32261208577	447	62	33	0	287	0.391008174387
0.667852405882	0.323586744639	448	62	33	0	287	0.390476190476
0.669416121236	0.32261208577	449	62	33	0	287	0.389945652174
0.670197037819	0.323586744639	450	62	33	0	287	0.389416553596
0.671893389963	0.32261208577	451	62	33	0	287	0.388888888889
0.674596581419	0.323586744639	452	62	33	0	287	0.388362652233
0.676361309621	0.323586744639	453	62	33	0	287	0.387837837838
0.676828308467	0.32261208577	453	63	6	0	288	0.388663967611
0.67724908348	0.323586744639	454	63	6	0	288	0.388140161725
0.679798544154	0.324561403509	455	63	6	0	288	0.387617765814
0.679936418241	0.325536062378	456	63	6	0	288	0.387096774194
0.681363591035	0.324561403509	457	63	6	0	288	0.386577181208
0.682916795722	0.325536062378	458	63	6	0	288	0.386058981233
0.687621335147	0.326510721248	459	63	6	0	288	0.385542168675
0.688183880587	0.326510721248	460	63	6	0	288	0.385026737968
0.688813752585	0.327485380117	461	63	6	0	288	0.384512683578
0.688953860809	0.328460038986	462	63	6	0	288	0.384
0.689071671282	0.329434697856	463	63	6	0	288	0.383488681758
0.69026935502	0.329434697856	464	63	6	0	288	0.382978723404
0.691429040903	0.330409356725	465	63	6	0	288	0.382470119522
0.691591503236	0.331384015595	466	63	6	0	288	0.381962864721
0.691963016449	0.332358674464	467	63	6	0	288	0.381456953642
0.69369675742	0.332358674464	468	63	6	0	288	0.380952380952
0.694023064535	0.333333333333	469	63	6	0	288	0.380449141347
0.694150509815	0.334307992203	470	63	6	0	288	0.379947229551
0.698336723494	0.335282651072	471	63	6	0	288	0.379446640316
0.702978284544	0.336257309942	472	63	6	0	288	0.378947368421
0.705495870915	0.336257309942	473	63	6	0	288	0.378449408673
0.706673185709	0.337231968811	474	63	6	0	288	0.377952755906
0.707877655038	0.33820662768	475	63	6	0	288	0.37745740498
0.708057491998	0.336257309942	475	64	3	0	290	0.37908496732
0.708948430078	0.337231968811	476	64	3	0	290	0.378590078329
0.709805873617	0.33820662768	477	64	3	0	290	0.378096479791
0.710115876827	0.33918128655	478	64	3	0	290	0.377604166667
0.712933095587	0.340155945419	479	64	3	0	290	0.37711313394
