# time 	 divergence 	 # of mutations 	 # IGC chances 	 IGC length 	 # IGC failures 	 Changes due to IGC  	 % change due to IGC 
0.0	0.216129032258	0	0	0	0	0	0.0
0.000901862508056	0.217204301075	1	0	0	0	0	0.0
0.00182435468638	0.218279569892	2	0	0	0	0	0.0
0.00188246884788	0.21935483871	3	0	0	0	0	0.0
0.00250971341019	0.220430107527	4	0	0	0	0	0.0
0.00371574071851	0.221505376344	5	0	0	0	0	0.0
0.00409919381055	0.222580645161	6	0	0	0	0	0.0
0.00446539772508	0.223655913978	7	0	0	0	0	0.0
0.00461306566002	0.223655913978	8	0	0	0	0	0.0
0.00944058833574	0.224731182796	9	0	0	0	0	0.0
0.0121563774409	0.225806451613	10	0	0	0	0	0.0
0.0143830872089	0.225806451613	11	0	0	0	0	0.0
0.0157749715759	0.22688172043	12	0	0	0	0	0.0
0.0176550374277	0.227956989247	13	0	0	0	0	0.0
0.0204490229737	0.227956989247	14	0	0	0	0	0.0
0.0206224557969	0.227956989247	15	0	0	0	0	0.0
0.0217876850959	0.229032258065	16	0	0	0	0	0.0
0.0285033911315	0.230107526882	17	0	0	0	0	0.0
0.0304295175688	0.231182795699	18	0	0	0	0	0.0
0.030536087351	0.232258064516	19	0	0	0	0	0.0
0.0307104911009	0.233333333333	20	0	0	0	0	0.0
0.0322491738888	0.234408602151	21	0	0	0	0	0.0
0.03443563051	0.233333333333	22	0	0	0	0	0.0
0.0362744583348	0.234408602151	23	0	0	0	0	0.0
0.0367479249713	0.233333333333	24	0	0	0	0	0.0
0.037460063741	0.234408602151	25	0	0	0	0	0.0
0.0381778450551	0.234408602151	26	0	0	0	0	0.0
0.0395342456629	0.235483870968	27	0	0	0	0	0.0
0.0398871155412	0.236559139785	28	0	0	0	0	0.0
0.040145449442	0.237634408602	29	0	0	0	0	0.0
0.0402375863663	0.238709677419	30	0	0	0	0	0.0
0.0404450805385	0.239784946237	31	0	0	0	0	0.0
0.0421592427968	0.240860215054	32	0	0	0	0	0.0
0.0435456343662	0.234408602151	32	1	63	0	6	0.157894736842
0.0458745359675	0.235483870968	33	1	63	0	6	0.153846153846
0.0489842054731	0.234408602151	34	1	63	0	6	0.15
0.0522781292487	0.235483870968	35	1	63	0	6	0.146341463415
0.0544541811462	0.236559139785	36	1	63	0	6	0.142857142857
0.056492177241	0.237634408602	37	1	63	0	6	0.139534883721
0.0589451181484	0.238709677419	38	1	63	0	6	0.136363636364
0.0602093872754	0.239784946237	39	1	63	0	6	0.133333333333
0.0602919615609	0.240860215054	40	1	63	0	6	0.130434782609
0.0610841939329	0.241935483871	41	1	63	0	6	0.127659574468
0.0641146153663	0.241935483871	42	1	63	0	6	0.125
0.0654518695055	0.240860215054	43	1	63	0	6	0.122448979592
0.0671567046044	0.241935483871	44	1	63	0	6	0.12
0.0674453838154	0.243010752688	45	1	63	0	6	0.117647058824
0.0674474064896	0.243010752688	46	1	63	0	6	0.115384615385
0.0676715032149	0.244086021505	47	1	63	0	6	0.11320754717
0.0678147885681	0.245161290323	48	1	63	0	6	0.111111111111
0.0690724040847	0.24623655914	49	1	63	0	6	0.109090909091
0.0709536024485	0.247311827957	50	1	63	0	6	0.107142857143
0.0738648268172	0.248387096774	51	1	63	0	6	0.105263157895
0.0741381743495	0.249462365591	52	1	63	0	6	0.103448275862
0.0781521371426	0.250537634409	53	1	63	0	6	0.101694915254
0.0781533044726	0.251612903226	54	1	63	0	6	0.1
0.0799207896807	0.252688172043	55	1	63	0	6	0.0983606557377
0.0801158840315	0.252688172043	56	1	63	0	6	0.0967741935484
0.0808134523164	0.25376344086	57	1	63	0	6	0.0952380952381
0.0844149358608	0.254838709677	58	1	63	0	6	0.09375
