# time 	 divergence 	 # of mutations 	 # IGC chances 	 IGC length 	 # IGC failures 	 Changes due to IGC  	 % change due to IGC 
0.0	0.533333333333	0	0	0	0	0	0.0
0.00185911368229	0.534408602151	1	0	0	0	0	0.0
0.00481093854844	0.534408602151	2	0	0	0	0	0.0
0.00604624790932	0.533333333333	3	0	0	0	0	0.0
0.00693391724071	0.534408602151	4	0	0	0	0	0.0
0.00799436951866	0.535483870968	5	0	0	0	0	0.0
0.00855060123651	0.534408602151	6	0	0	0	0	0.0
0.0098838946824	0.535483870968	7	0	0	0	0	0.0
0.0125114445319	0.536559139785	8	0	0	0	0	0.0
0.0132855940161	0.536559139785	9	0	0	0	0	0.0
0.0134220265902	0.536559139785	10	0	0	0	0	0.0
0.0141654257188	0.537634408602	11	0	0	0	0	0.0
0.0150050235916	0.537634408602	12	0	0	0	0	0.0
0.0157858792573	0.538709677419	13	0	0	0	0	0.0
0.0222522601515	0.539784946237	14	0	0	0	0	0.0
0.0235202212672	0.538709677419	15	0	0	0	0	0.0
0.0273953281712	0.539784946237	16	0	0	0	0	0.0
0.0304964478363	0.538709677419	17	0	0	0	0	0.0
0.0329175119712	0.538709677419	18	0	0	0	0	0.0
0.0334137030786	0.539784946237	19	0	0	0	0	0.0
0.0345178469473	0.540860215054	20	0	0	0	0	0.0
0.0346319697291	0.540860215054	21	0	0	0	0	0.0
0.0386043508241	0.539784946237	22	0	0	0	0	0.0
0.0433446149078	0.538709677419	23	0	0	0	0	0.0
0.0436381645242	0.539784946237	24	0	0	0	0	0.0
0.044101964915	0.539784946237	25	0	0	0	0	0.0
0.0449932331751	0.540860215054	26	0	0	0	0	0.0
0.0477495066595	0.541935483871	27	0	0	0	0	0.0
0.0506758503313	0.543010752688	28	0	0	0	0	0.0
0.0522917971617	0.543010752688	29	0	0	0	0	0.0
0.0526049402663	0.543010752688	30	0	0	0	0	0.0
0.0537217994251	0.544086021505	31	0	0	0	0	0.0
0.0550477382479	0.544086021505	32	0	0	0	0	0.0
0.0553702547999	0.543010752688	33	0	0	0	0	0.0
0.0579294971544	0.544086021505	34	0	0	0	0	0.0
0.0588324475096	0.544086021505	35	0	0	0	0	0.0
0.0589082992311	0.544086021505	36	0	0	0	0	0.0
0.059711748308	0.545161290323	37	0	0	0	0	0.0
0.0610550725644	0.544086021505	38	0	0	0	0	0.0
