# time 	 divergence 	 # of mutations 	 # IGC chances 	 IGC length 	 # IGC failures 	 Changes due to IGC  	 % change due to IGC 
0.0	0.104700854701	0	0	0	0	0	0.0
0.00185734871957	0.104700854701	0	1	3	0	0	0.0
0.00443096419814	0.104700854701	1	1	3	0	0	0.0
0.00479158249221	0.104700854701	1	2	3	0	0	0.0
0.00515310681555	0.106837606838	2	2	3	0	0	0.0
0.00598832790194	0.106837606838	2	3	3	0	0	0.0
0.00756039616123	0.106837606838	2	4	3	0	0	0.0
0.00826105881878	0.108974358974	3	4	3	0	0	0.0
0.00902310160415	0.111111111111	4	4	3	0	0	0.0
0.00986662844192	0.113247863248	5	4	3	0	0	0.0
0.00991972299305	0.115384615385	6	4	3	0	0	0.0
0.0151497644694	0.111111111111	6	5	3	0	2	0.25
0.0160309237949	0.111111111111	6	6	3	0	2	0.25
0.016162705562	0.108974358974	6	7	3	0	3	0.333333333333
0.0187918219865	0.111111111111	7	7	3	0	3	0.3
0.0197819389449	0.111111111111	7	8	3	0	3	0.3
0.0227739741495	0.108974358974	8	8	3	0	3	0.272727272727
0.0291129668481	0.111111111111	9	8	3	0	3	0.25
0.0296788951531	0.106837606838	9	9	3	0	5	0.357142857143
0.0307264561796	0.106837606838	9	10	3	0	5	0.357142857143
0.0338693114112	0.106837606838	9	11	3	0	5	0.357142857143
0.0339678901147	0.108974358974	10	11	3	0	5	0.333333333333
0.0394409986744	0.111111111111	11	11	3	0	5	0.3125
0.0405965050495	0.113247863248	12	11	3	0	5	0.294117647059
0.0419463549147	0.115384615385	13	11	3	0	5	0.277777777778
0.0439423596318	0.115384615385	13	12	3	0	5	0.277777777778
0.0441300601047	0.117521367521	14	12	3	0	5	0.263157894737
0.0452079386484	0.117521367521	14	13	3	0	5	0.263157894737
0.0469995853824	0.117521367521	14	14	3	0	5	0.263157894737
0.0481306699096	0.117521367521	14	15	3	0	5	0.263157894737
0.050838084711	0.117521367521	14	16	3	0	5	0.263157894737
0.0520663900129	0.119658119658	15	16	3	0	5	0.25
0.0521421160891	0.117521367521	15	17	3	0	6	0.285714285714
0.053673116109	0.119658119658	16	17	3	0	6	0.272727272727
0.0546998515456	0.119658119658	16	18	3	0	6	0.272727272727
0.0557498750414	0.121794871795	17	18	3	0	6	0.260869565217
0.056434122962	0.121794871795	17	19	3	0	6	0.260869565217
0.0581305857482	0.121794871795	17	20	3	0	6	0.260869565217
0.0592467172037	0.121794871795	17	21	3	0	6	0.260869565217
0.0608835128542	0.121794871795	17	22	3	0	6	0.260869565217
0.0620242800542	0.123931623932	18	22	3	0	6	0.25
0.0649126064205	0.126068376068	19	22	3	0	6	0.24
0.0675217962808	0.126068376068	19	23	3	0	6	0.24
0.0711602069911	0.126068376068	19	24	3	0	6	0.24
0.071564562141	0.128205128205	20	24	3	0	6	0.230769230769
0.0731357342843	0.128205128205	20	25	3	0	6	0.230769230769
0.0755218856801	0.126068376068	20	26	3	0	7	0.259259259259
0.0776948943117	0.128205128205	21	26	3	0	7	0.25
0.0778632308822	0.128205128205	21	27	3	0	7	0.25
0.0787224530502	0.128205128205	22	27	3	0	7	0.241379310345
0.0791936620331	0.126068376068	22	28	3	0	8	0.266666666667
0.0797294131888	0.126068376068	22	29	3	0	8	0.266666666667
0.0808521971915	0.123931623932	22	30	3	0	9	0.290322580645
0.0815999064395	0.126068376068	23	30	3	0	9	0.28125
0.0839595496833	0.121794871795	23	31	3	0	11	0.323529411765
0.0855165308009	0.119658119658	23	32	3	0	12	0.342857142857
0.0855591842995	0.119658119658	23	33	3	0	12	0.342857142857
0.0857424825704	0.119658119658	23	34	3	0	12	0.342857142857
0.0858332032745	0.119658119658	23	35	3	0	12	0.342857142857
0.0888244388979	0.119658119658	23	36	3	0	12	0.342857142857
0.0896333370658	0.121794871795	24	36	3	0	12	0.333333333333
0.0911340837651	0.123931623932	25	36	3	0	12	0.324324324324
0.0932945321929	0.126068376068	26	36	3	0	12	0.315789473684
0.0936986639071	0.126068376068	26	37	3	0	12	0.315789473684
0.0955608954622	0.126068376068	26	38	3	0	12	0.315789473684
0.0966444567924	0.128205128205	27	38	3	0	12	0.307692307692
0.0990062636717	0.130341880342	28	38	3	0	12	0.3
0.099434736246	0.126068376068	28	39	3	0	14	0.333333333333
0.100383786205	0.128205128205	29	39	3	0	14	0.325581395349
0.107685372861	0.126068376068	29	40	3	0	15	0.340909090909
0.107868278021	0.126068376068	29	41	3	0	15	0.340909090909
0.108418529571	0.128205128205	30	41	3	0	15	0.333333333333
0.110281392217	0.128205128205	31	41	3	0	15	0.326086956522
0.111422346305	0.130341880342	32	41	3	0	15	0.31914893617
0.113188601531	0.130341880342	32	42	3	0	15	0.31914893617
0.117052829779	0.132478632479	33	42	3	0	15	0.3125
0.1187509976	0.134615384615	34	42	3	0	15	0.30612244898
0.119226276071	0.134615384615	34	43	3	0	15	0.30612244898
0.119844241721	0.136752136752	35	43	3	0	15	0.3
0.120588294004	0.138888888889	36	43	3	0	15	0.294117647059
0.121906559944	0.141025641026	37	43	3	0	15	0.288461538462
0.127445290398	0.138888888889	37	44	3	0	16	0.301886792453
0.130064182726	0.141025641026	38	44	3	0	16	0.296296296296
0.133664987936	0.143162393162	39	44	3	0	16	0.290909090909
0.135542423372	0.143162393162	39	45	3	0	16	0.290909090909
0.136474174964	0.143162393162	40	45	3	0	16	0.285714285714
0.136856561288	0.143162393162	40	46	3	0	16	0.285714285714
0.136966235077	0.143162393162	40	47	3	0	16	0.285714285714
0.141158851465	0.143162393162	41	47	3	0	16	0.280701754386
0.141282555313	0.143162393162	41	48	3	0	16	0.280701754386
0.145232110106	0.143162393162	41	49	3	0	16	0.280701754386
0.145686270491	0.143162393162	41	50	3	0	16	0.280701754386
0.146315276179	0.145299145299	42	50	3	0	16	0.275862068966
0.14679892127	0.145299145299	42	51	3	0	16	0.275862068966
0.147339482351	0.145299145299	42	52	3	0	16	0.275862068966
0.14925352194	0.145299145299	42	53	3	0	16	0.275862068966
0.15047706061	0.145299145299	42	54	3	0	16	0.275862068966
