# time 	 divergence 	 # of mutations 	 # IGC chances 	 IGC length 	 # IGC failures 	 Changes due to IGC  	 % change due to IGC 
0.0	0.352826510721	0	0	0	0	0	0.0
0.000512378318208	0.353801169591	1	0	0	0	0	0.0
0.0015847032404	0.35477582846	2	0	0	0	0	0.0
0.00177317131051	0.353801169591	3	0	0	0	0	0.0
0.00205216730541	0.35477582846	4	0	0	0	0	0.0
0.0100103648362	0.35477582846	5	0	0	0	0	0.0
0.0109163956323	0.353801169591	6	0	0	0	0	0.0
0.0119122594127	0.353801169591	7	0	0	0	0	0.0
0.0133504903886	0.35477582846	8	0	0	0	0	0.0
0.0159280767805	0.349902534113	8	1	9	0	5	0.384615384615
0.0159942762097	0.349902534113	8	2	3	0	5	0.384615384615
0.0169039649031	0.350877192982	9	2	3	0	5	0.357142857143
0.0171509665529	0.351851851852	10	2	3	0	5	0.333333333333
0.0186973066772	0.352826510721	11	2	3	0	5	0.3125
0.0188208660519	0.353801169591	12	2	3	0	5	0.294117647059
0.0202985647418	0.35477582846	13	2	3	0	5	0.277777777778
0.0218096915606	0.335282651072	13	3	69	0	25	0.657894736842
0.0222975354219	0.335282651072	14	3	69	0	25	0.641025641026
0.0269269801779	0.335282651072	15	3	69	0	25	0.625
0.0271424164469	0.336257309942	16	3	69	0	25	0.609756097561
0.0280277384291	0.337231968811	17	3	69	0	25	0.595238095238
0.0284092012835	0.33820662768	18	3	69	0	25	0.581395348837
0.0296812399154	0.33820662768	19	3	69	0	25	0.568181818182
0.0317047145302	0.33918128655	20	3	69	0	25	0.555555555556
0.0319344989049	0.340155945419	21	3	69	0	25	0.54347826087
0.0328079351047	0.341130604288	22	3	69	0	25	0.531914893617
0.0329179262962	0.341130604288	23	3	69	0	25	0.520833333333
0.0345884806351	0.340155945419	24	3	69	0	25	0.510204081633
0.0350574777859	0.341130604288	25	3	69	0	25	0.5
0.0361745209352	0.340155945419	26	3	69	0	25	0.490196078431
0.0370721925928	0.33918128655	27	3	69	0	25	0.480769230769
0.0372710940772	0.340155945419	28	3	69	0	25	0.471698113208
0.0377860152891	0.340155945419	29	3	69	0	25	0.462962962963
0.0460672853668	0.303118908382	29	4	117	0	63	0.684782608696
0.0470592735144	0.303118908382	30	4	117	0	63	0.677419354839
0.0484462715671	0.303118908382	31	4	117	0	63	0.670212765957
0.048998774729	0.304093567251	32	4	117	0	63	0.663157894737
0.0500836256345	0.305068226121	33	4	117	0	63	0.65625
0.0506332154012	0.30604288499	34	4	117	0	63	0.649484536082
0.0525567797092	0.30701754386	35	4	117	0	63	0.642857142857
0.0555626361538	0.307992202729	36	4	117	0	63	0.636363636364
0.0580397387581	0.308966861598	37	4	117	0	63	0.63
0.0593307979764	0.309941520468	38	4	117	0	63	0.623762376238
0.0598228003227	0.310916179337	39	4	117	0	63	0.617647058824
0.0617855886332	0.311890838207	40	4	117	0	63	0.611650485437
0.0634248366698	0.312865497076	41	4	117	0	63	0.605769230769
0.0636511680514	0.313840155945	42	4	117	0	63	0.6
0.067203524654	0.314814814815	43	4	117	0	63	0.594339622642
0.0726179492531	0.315789473684	44	4	117	0	63	0.588785046729
0.0731361218365	0.316764132554	45	4	117	0	63	0.583333333333
0.076863967214	0.315789473684	46	4	117	0	63	0.577981651376
0.0771933680862	0.316764132554	47	4	117	0	63	0.572727272727
0.0776545559146	0.317738791423	48	4	117	0	63	0.567567567568
0.0791717715298	0.318713450292	49	4	117	0	63	0.5625
0.0796461529613	0.319688109162	50	4	117	0	63	0.557522123894
0.0807667940376	0.320662768031	51	4	117	0	63	0.552631578947
0.0812207244591	0.320662768031	52	4	117	0	63	0.547826086957
0.0823128303099	0.321637426901	53	4	117	0	63	0.543103448276
0.0852046833329	0.32261208577	54	4	117	0	63	0.538461538462
0.0892592612422	0.323586744639	55	4	117	0	63	0.533898305085
0.0893484222951	0.324561403509	56	4	117	0	63	0.529411764706
0.0911352962791	0.325536062378	57	4	117	0	63	0.525
0.0919054799657	0.326510721248	58	4	117	0	63	0.520661157025
0.0941518767235	0.327485380117	59	4	117	0	63	0.516393442623
0.0965447282379	0.328460038986	60	4	117	0	63	0.512195121951
0.0969790588382	0.327485380117	61	4	117	0	63	0.508064516129
0.100675660974	0.328460038986	62	4	117	0	63	0.504
0.108678004667	0.329434697856	63	4	117	0	63	0.5
0.110359267094	0.329434697856	64	4	117	0	63	0.496062992126
0.110596786711	0.330409356725	65	4	117	0	63	0.4921875
0.113499216262	0.331384015595	66	4	117	0	63	0.488372093023
0.114811081975	0.332358674464	67	4	117	0	63	0.484615384615
0.115873896742	0.333333333333	68	4	117	0	63	0.480916030534
0.117632577222	0.332358674464	69	4	117	0	63	0.477272727273
0.117769309979	0.333333333333	70	4	117	0	63	0.473684210526
0.119326857029	0.332358674464	71	4	117	0	63	0.470149253731
0.120429738685	0.333333333333	72	4	117	0	63	0.466666666667
0.120803608344	0.334307992203	73	4	117	0	63	0.463235294118
0.121129106371	0.335282651072	74	4	117	0	63	0.459854014599
0.122785604661	0.334307992203	75	4	117	0	63	0.45652173913
0.123341948199	0.334307992203	76	4	117	0	63	0.453237410072
0.130311423154	0.333333333333	77	4	117	0	63	0.45
0.131809066093	0.334307992203	78	4	117	0	63	0.446808510638
0.132579458384	0.333333333333	78	5	6	0	64	0.450704225352
0.13530946284	0.323586744639	78	6	63	0	74	0.486842105263
0.136091236874	0.324561403509	79	6	63	0	74	0.483660130719
0.136462945014	0.323586744639	80	6	63	0	74	0.480519480519
0.136540366396	0.324561403509	81	6	63	0	74	0.477419354839
0.140956730103	0.324561403509	82	6	63	0	74	0.474358974359
0.140968022024	0.325536062378	83	6	63	0	74	0.471337579618
0.14233850833	0.326510721248	84	6	63	0	74	0.46835443038
0.143202451998	0.327485380117	85	6	63	0	74	0.465408805031
0.144222254468	0.326510721248	86	6	63	0	74	0.4625
0.147398797744	0.325536062378	87	6	63	0	74	0.459627329193
0.147606661941	0.316764132554	87	7	75	0	83	0.488235294118
0.147696904312	0.317738791423	88	7	75	0	83	0.485380116959
0.147910173979	0.318713450292	89	7	75	0	83	0.482558139535
0.15066937925	0.318713450292	90	7	75	0	83	0.479768786127
0.150929694213	0.319688109162	91	7	75	0	83	0.477011494253
0.152005488069	0.320662768031	92	7	75	0	83	0.474285714286
0.153899275619	0.321637426901	93	7	75	0	83	0.471590909091
0.153981076408	0.32261208577	94	7	75	0	83	0.468926553672
0.154683990255	0.321637426901	95	7	75	0	83	0.466292134831
0.154705548472	0.320662768031	96	7	75	0	83	0.463687150838
0.154885106291	0.321637426901	97	7	75	0	83	0.461111111111
0.156934387729	0.321637426901	98	7	75	0	83	0.458563535912
0.157099303718	0.32261208577	99	7	75	0	83	0.456043956044
0.159007576134	0.321637426901	100	7	75	0	83	0.453551912568
0.159589352204	0.32261208577	101	7	75	0	83	0.451086956522
0.160091577825	0.321637426901	102	7	75	0	83	0.448648648649
0.163601879021	0.32261208577	103	7	75	0	83	0.44623655914
0.165137652311	0.323586744639	104	7	75	0	83	0.44385026738
0.168276045857	0.323586744639	105	7	75	0	83	0.441489361702
0.169295579012	0.324561403509	106	7	75	0	83	0.439153439153
0.169409503741	0.325536062378	107	7	75	0	83	0.436842105263
0.17080187205	0.325536062378	108	7	75	0	83	0.434554973822
0.172807888937	0.325536062378	109	7	75	0	83	0.432291666667
0.17289849725	0.326510721248	110	7	75	0	83	0.430051813472
0.175084191111	0.32261208577	110	8	60	0	87	0.441624365482
0.176176129752	0.32261208577	111	8	60	0	87	0.439393939394
0.17636302652	0.323586744639	112	8	60	0	87	0.437185929648
0.176787029887	0.324561403509	113	8	60	0	87	0.435
0.177914778025	0.324561403509	114	8	60	0	87	0.432835820896
0.179388571071	0.324561403509	115	8	60	0	87	0.430693069307
0.182970657197	0.325536062378	116	8	60	0	87	0.428571428571
0.183057432125	0.326510721248	117	8	60	0	87	0.426470588235
0.185151402003	0.327485380117	118	8	60	0	87	0.424390243902
0.185560827513	0.328460038986	119	8	60	0	87	0.422330097087
0.190750032751	0.327485380117	120	8	60	0	87	0.420289855072
0.193446833752	0.328460038986	121	8	60	0	87	0.418269230769
0.195734629011	0.329434697856	122	8	60	0	87	0.416267942584
0.19889261985	0.329434697856	122	9	12	0	87	0.416267942584
0.198898614156	0.329434697856	123	9	12	0	87	0.414285714286
0.200077890066	0.329434697856	124	9	12	0	87	0.412322274882
0.202485284346	0.330409356725	125	9	12	0	87	0.410377358491
0.204056582708	0.331384015595	126	9	12	0	87	0.408450704225
0.20454378318	0.332358674464	127	9	12	0	87	0.406542056075
0.204975241697	0.333333333333	128	9	12	0	87	0.404651162791
0.206192708445	0.334307992203	129	9	12	0	87	0.402777777778
0.206796490567	0.334307992203	130	9	12	0	87	0.400921658986
0.207292472987	0.335282651072	131	9	12	0	87	0.399082568807
0.211005900152	0.336257309942	132	9	12	0	87	0.397260273973
0.211127383188	0.337231968811	133	9	12	0	87	0.395454545455
0.215198224184	0.33820662768	134	9	12	0	87	0.393665158371
0.216118800108	0.33918128655	135	9	12	0	87	0.391891891892
0.217068225627	0.340155945419	136	9	12	0	87	0.390134529148
0.217406783962	0.340155945419	137	9	12	0	87	0.388392857143
0.217854592365	0.341130604288	138	9	12	0	87	0.386666666667
0.21794058748	0.342105263158	139	9	12	0	87	0.384955752212
0.220140905647	0.343079922027	140	9	12	0	87	0.383259911894
0.220730712116	0.344054580897	141	9	12	0	87	0.381578947368
0.221626898236	0.345029239766	142	9	12	0	87	0.379912663755
0.221896312439	0.346003898635	143	9	12	0	87	0.378260869565
0.22291093896	0.346978557505	144	9	12	0	87	0.376623376623
0.223679315264	0.346978557505	145	9	12	0	87	0.375
0.224196173933	0.346978557505	146	9	12	0	87	0.37339055794
0.224666280721	0.347953216374	147	9	12	0	87	0.371794871795
0.225078763458	0.348927875244	148	9	12	0	87	0.370212765957
0.226151111515	0.349902534113	149	9	12	0	87	0.368644067797
0.227463427691	0.350877192982	150	9	12	0	87	0.367088607595
0.228608036822	0.351851851852	151	9	12	0	87	0.365546218487
0.233153097179	0.352826510721	152	9	12	0	87	0.364016736402
0.233551431534	0.353801169591	153	9	12	0	87	0.3625
0.234879143188	0.35477582846	154	9	12	0	87	0.360995850622
0.234892665545	0.35477582846	155	9	12	0	87	0.359504132231
0.236355638901	0.355750487329	156	9	12	0	87	0.358024691358
0.236742264504	0.356725146199	157	9	12	0	87	0.356557377049
0.236809789511	0.357699805068	158	9	12	0	87	0.355102040816
0.237597601329	0.356725146199	159	9	12	0	87	0.353658536585
0.242937914877	0.357699805068	160	9	12	0	87	0.352226720648
0.245623801045	0.357699805068	161	9	12	0	87	0.350806451613
0.250995254565	0.358674463938	162	9	12	0	87	0.349397590361
0.251396503282	0.359649122807	163	9	12	0	87	0.348
0.252994899931	0.359649122807	164	9	12	0	87	0.346613545817
0.254557914945	0.359649122807	165	9	12	0	87	0.345238095238
0.255277336957	0.359649122807	166	9	12	0	87	0.343873517787
0.255571964046	0.359649122807	167	9	12	0	87	0.342519685039
0.257479552456	0.358674463938	168	9	12	0	87	0.341176470588
0.257565427604	0.359649122807	169	9	12	0	87	0.33984375
0.25798794241	0.358674463938	170	9	12	0	87	0.338521400778
0.258597116707	0.359649122807	171	9	12	0	87	0.337209302326
0.259193045252	0.360623781676	172	9	12	0	87	0.335907335907
0.259253549556	0.360623781676	173	9	12	0	87	0.334615384615
0.266208524055	0.359649122807	174	9	12	0	87	0.333333333333
0.267168041146	0.359649122807	175	9	12	0	87	0.332061068702
0.268066539778	0.360623781676	176	9	12	0	87	0.330798479087
0.268586350016	0.361598440546	177	9	12	0	87	0.329545454545
0.269932728645	0.360623781676	178	9	12	0	87	0.328301886792
0.27014306828	0.361598440546	179	9	12	0	87	0.327067669173
0.270287952934	0.336257309942	179	10	57	0	113	0.38698630137
0.270584974092	0.337231968811	180	10	57	0	113	0.38566552901
0.272433345338	0.33820662768	181	10	57	0	113	0.384353741497
0.273624338858	0.33918128655	182	10	57	0	113	0.383050847458
0.274563570812	0.33918128655	183	10	57	0	113	0.381756756757
0.275336819657	0.340155945419	184	10	57	0	113	0.380471380471
0.275639281611	0.33918128655	185	10	57	0	113	0.379194630872
0.275961920832	0.33820662768	186	10	57	0	113	0.377926421405
0.279561450347	0.33820662768	187	10	57	0	113	0.376666666667
0.281138807577	0.33918128655	188	10	57	0	113	0.375415282392
0.282969547516	0.340155945419	189	10	57	0	113	0.37417218543
0.287811081643	0.340155945419	190	10	57	0	113	0.372937293729
0.288164027471	0.341130604288	191	10	57	0	113	0.371710526316
0.289887454881	0.341130604288	192	10	57	0	113	0.370491803279
0.293054696136	0.342105263158	193	10	57	0	113	0.369281045752
0.295771339878	0.341130604288	194	10	57	0	113	0.368078175896
0.295886383511	0.342105263158	195	10	57	0	113	0.366883116883
0.296645425274	0.342105263158	196	10	57	0	113	0.36569579288
0.298550385193	0.343079922027	197	10	57	0	113	0.364516129032
0.29883490545	0.342105263158	198	10	57	0	113	0.363344051447
0.299416437139	0.343079922027	199	10	57	0	113	0.362179487179
0.30120832112	0.343079922027	200	10	57	0	113	0.361022364217
0.301971965386	0.342105263158	201	10	57	0	113	0.359872611465
0.303043561493	0.343079922027	202	10	57	0	113	0.35873015873
0.303263300708	0.344054580897	203	10	57	0	113	0.357594936709
0.307447755262	0.343079922027	204	10	57	0	113	0.356466876972
0.311517983344	0.341130604288	204	11	33	0	115	0.360501567398
0.314810315961	0.342105263158	205	11	33	0	115	0.359375
0.316534107313	0.343079922027	206	11	33	0	115	0.358255451713
0.316941532199	0.344054580897	207	11	33	0	115	0.357142857143
0.31788979728	0.345029239766	208	11	33	0	115	0.356037151703
0.320461245987	0.346003898635	209	11	33	0	115	0.354938271605
0.320963047869	0.346978557505	210	11	33	0	115	0.353846153846
0.321818762898	0.346003898635	211	11	33	0	115	0.352760736196
0.322543804213	0.346978557505	212	11	33	0	115	0.351681957187
0.323228630766	0.346978557505	213	11	33	0	115	0.350609756098
0.323547114899	0.336257309942	213	12	54	0	126	0.371681415929
0.324584427421	0.336257309942	214	12	54	0	126	0.370588235294
0.328516860997	0.336257309942	215	12	54	0	126	0.369501466276
0.330005759034	0.337231968811	216	12	54	0	126	0.368421052632
0.333749564815	0.337231968811	217	12	54	0	126	0.367346938776
0.340013924368	0.33820662768	218	12	54	0	126	0.366279069767
0.34044977224	0.335282651072	218	13	57	0	129	0.371757925072
0.345261660442	0.336257309942	219	13	57	0	129	0.370689655172
0.345744303603	0.336257309942	220	13	57	0	129	0.369627507163
0.346124611404	0.336257309942	221	13	57	0	129	0.368571428571
0.346812661132	0.337231968811	222	13	57	0	129	0.367521367521
0.347300121414	0.337231968811	223	13	57	0	129	0.366477272727
0.348938021415	0.337231968811	224	13	57	0	129	0.365439093484
0.350286741959	0.337231968811	225	13	57	0	129	0.364406779661
0.35096104618	0.336257309942	226	13	57	0	129	0.36338028169
0.353796595008	0.336257309942	227	13	57	0	129	0.362359550562
0.354553675041	0.337231968811	228	13	57	0	129	0.361344537815
0.355423614065	0.337231968811	229	13	57	0	129	0.360335195531
0.3565894094	0.33820662768	230	13	57	0	129	0.359331476323
0.358942939136	0.33918128655	231	13	57	0	129	0.358333333333
0.36213433451	0.340155945419	232	13	57	0	129	0.357340720222
0.362143759027	0.341130604288	233	13	57	0	129	0.35635359116
0.368099234781	0.340155945419	234	13	57	0	129	0.355371900826
0.368922199235	0.341130604288	235	13	57	0	129	0.354395604396
0.37157977177	0.342105263158	236	13	57	0	129	0.353424657534
0.376588792695	0.343079922027	237	13	57	0	129	0.352459016393
0.377885250112	0.342105263158	238	13	57	0	129	0.351498637602
0.377957238261	0.343079922027	239	13	57	0	129	0.350543478261
0.378268064063	0.344054580897	240	13	57	0	129	0.349593495935
0.37944516709	0.345029239766	241	13	57	0	129	0.348648648649
0.381428694095	0.346003898635	242	13	57	0	129	0.347708894879
0.382392591182	0.346978557505	243	13	57	0	129	0.346774193548
0.384463084516	0.346978557505	244	13	57	0	129	0.345844504021
0.385468126359	0.347953216374	245	13	57	0	129	0.344919786096
0.388050081383	0.346978557505	246	13	57	0	129	0.344
0.388054862953	0.346003898635	247	13	57	0	129	0.343085106383
0.389384077005	0.345029239766	248	13	57	0	129	0.342175066313
0.389591311616	0.346003898635	249	13	57	0	129	0.34126984127
0.393230855471	0.346003898635	250	13	57	0	129	0.34036939314
0.395656888198	0.346978557505	251	13	57	0	129	0.339473684211
0.396648389875	0.346003898635	252	13	57	0	129	0.338582677165
0.397009584026	0.346978557505	253	13	57	0	129	0.337696335079
0.39937343568	0.347953216374	254	13	57	0	129	0.33681462141
0.39968017539	0.348927875244	255	13	57	0	129	0.3359375
0.400324672177	0.349902534113	256	13	57	0	129	0.335064935065
0.400683775731	0.350877192982	257	13	57	0	129	0.334196891192
0.400964795391	0.351851851852	258	13	57	0	129	0.333333333333
0.401925758997	0.350877192982	259	13	57	0	129	0.332474226804
0.403643623722	0.351851851852	260	13	57	0	129	0.331619537275
0.411147549268	0.352826510721	261	13	57	0	129	0.330769230769
0.411703392915	0.351851851852	262	13	57	0	129	0.329923273657
0.412388313723	0.352826510721	263	13	57	0	129	0.329081632653
0.417520282244	0.353801169591	264	13	57	0	129	0.328244274809
0.420268698572	0.35477582846	265	13	57	0	129	0.327411167513
0.423034440924	0.353801169591	266	13	57	0	129	0.326582278481
0.423449758852	0.35477582846	267	13	57	0	129	0.325757575758
0.42381806884	0.353801169591	268	13	57	0	129	0.324937027708
0.424897913533	0.35477582846	269	13	57	0	129	0.324120603015
0.425071364831	0.318713450292	269	14	57	0	166	0.381609195402
0.427626571387	0.319688109162	270	14	57	0	166	0.380733944954
0.430066545746	0.320662768031	271	14	57	0	166	0.379862700229
0.430349373006	0.321637426901	272	14	57	0	166	0.37899543379
0.430357274362	0.32261208577	273	14	57	0	166	0.378132118451
0.430930647777	0.32261208577	274	14	57	0	166	0.377272727273
0.431535241602	0.323586744639	275	14	57	0	166	0.37641723356
0.433444240597	0.324561403509	276	14	57	0	166	0.37556561086
0.43370745575	0.324561403509	277	14	57	0	166	0.374717832957
0.43638371109	0.325536062378	278	14	57	0	166	0.373873873874
0.436525286286	0.325536062378	279	14	57	0	166	0.373033707865
0.43653293664	0.324561403509	280	14	57	0	166	0.372197309417
0.438132223377	0.324561403509	281	14	57	0	166	0.371364653244
0.438362597854	0.324561403509	282	14	57	0	166	0.370535714286
0.439101603927	0.323586744639	283	14	57	0	166	0.369710467706
0.440647160672	0.323586744639	284	14	57	0	166	0.368888888889
0.44073405744	0.323586744639	285	14	57	0	166	0.368070953437
0.441154456318	0.320662768031	285	15	3	0	169	0.372246696035
0.441849860365	0.321637426901	286	15	3	0	169	0.371428571429
0.442971818549	0.32261208577	287	15	3	0	169	0.370614035088
0.443489972124	0.323586744639	288	15	3	0	169	0.369803063457
0.443581671476	0.324561403509	289	15	3	0	169	0.368995633188
0.445534702501	0.325536062378	290	15	3	0	169	0.368191721133
0.44579110954	0.326510721248	291	15	3	0	169	0.367391304348
0.448799232566	0.327485380117	292	15	3	0	169	0.366594360087
0.449002297211	0.326510721248	293	15	3	0	169	0.365800865801
0.450933315356	0.327485380117	294	15	3	0	169	0.365010799136
0.451454739877	0.328460038986	295	15	3	0	169	0.364224137931
0.451922391528	0.329434697856	296	15	3	0	169	0.363440860215
0.455062809837	0.330409356725	297	15	3	0	169	0.362660944206
0.455417564473	0.331384015595	298	15	3	0	169	0.361884368308
0.456346318306	0.332358674464	299	15	3	0	169	0.361111111111
0.456766034645	0.332358674464	300	15	3	0	169	0.360341151386
0.457411224013	0.333333333333	301	15	3	0	169	0.359574468085
0.458180797902	0.332358674464	302	15	3	0	169	0.35881104034
0.458792328511	0.331384015595	303	15	3	0	169	0.358050847458
0.459337268045	0.332358674464	304	15	3	0	169	0.357293868922
0.460124361946	0.331384015595	305	15	3	0	169	0.356540084388
0.461475020553	0.331384015595	306	15	3	0	169	0.355789473684
0.462671288278	0.330409356725	307	15	3	0	169	0.355042016807
0.463831281579	0.331384015595	308	15	3	0	169	0.35429769392
0.463897775229	0.330409356725	309	15	3	0	169	0.353556485356
0.464255421375	0.331384015595	310	15	3	0	169	0.352818371608
0.465611126825	0.331384015595	311	15	3	0	169	0.352083333333
0.467286269712	0.331384015595	312	15	3	0	169	0.351351351351
0.470454130957	0.332358674464	313	15	3	0	169	0.350622406639
0.47243261226	0.332358674464	314	15	3	0	169	0.349896480331
0.473087878123	0.332358674464	315	15	3	0	169	0.349173553719
0.473284299127	0.333333333333	316	15	3	0	169	0.348453608247
0.475104721676	0.334307992203	317	15	3	0	169	0.347736625514
0.475627797482	0.335282651072	318	15	3	0	169	0.347022587269
0.476854470058	0.334307992203	319	15	3	0	169	0.34631147541
0.479229291946	0.334307992203	320	15	3	0	169	0.345603271984
0.480416718414	0.333333333333	321	15	3	0	169	0.344897959184
0.481056180715	0.332358674464	322	15	3	0	169	0.344195519348
0.48224327197	0.333333333333	323	15	3	0	169	0.343495934959
0.482794783065	0.333333333333	324	15	3	0	169	0.342799188641
0.484624828418	0.334307992203	325	15	3	0	169	0.342105263158
0.485527433086	0.335282651072	326	15	3	0	169	0.341414141414
0.486477688737	0.336257309942	327	15	3	0	169	0.340725806452
0.48718724085	0.337231968811	328	15	3	0	169	0.340040241449
0.488837537744	0.33820662768	329	15	3	0	169	0.339357429719
0.489977481408	0.33820662768	330	15	3	0	169	0.338677354709
0.492116311671	0.33820662768	331	15	3	0	169	0.338
0.492261617193	0.33918128655	332	15	3	0	169	0.337325349301
0.493124665103	0.33820662768	333	15	3	0	169	0.336653386454
0.493430017116	0.337231968811	334	15	3	0	169	0.335984095427
0.49590595706	0.33820662768	335	15	3	0	169	0.335317460317
0.496083156676	0.33918128655	336	15	3	0	169	0.334653465347
0.500500791583	0.33918128655	337	15	3	0	169	0.333992094862
0.501757601658	0.340155945419	338	15	3	0	169	0.333333333333
0.502094718827	0.341130604288	339	15	3	0	169	0.332677165354
0.502104747597	0.341130604288	340	15	3	0	169	0.332023575639
0.507031581258	0.342105263158	341	15	3	0	169	0.33137254902
0.509327254098	0.343079922027	342	15	3	0	169	0.33072407045
0.509836471094	0.344054580897	343	15	3	0	169	0.330078125
0.511136466452	0.345029239766	344	15	3	0	169	0.329434697856
0.512077476049	0.345029239766	345	15	3	0	169	0.328793774319
0.512282505811	0.346003898635	346	15	3	0	169	0.328155339806
0.512665158499	0.346003898635	347	15	3	0	169	0.327519379845
0.5128184129	0.346003898635	348	15	3	0	169	0.326885880077
0.512923142431	0.346003898635	349	15	3	0	169	0.326254826255
0.513268154324	0.345029239766	350	15	3	0	169	0.325626204239
0.513840263	0.346003898635	351	15	3	0	169	0.325
0.51427219977	0.346978557505	352	15	3	0	169	0.324376199616
0.514336369049	0.347953216374	353	15	3	0	169	0.323754789272
0.514465643388	0.347953216374	354	15	3	0	169	0.323135755258
0.515553344684	0.347953216374	355	15	3	0	169	0.322519083969
0.515998126283	0.348927875244	356	15	3	0	169	0.321904761905
0.518094129597	0.349902534113	357	15	3	0	169	0.321292775665
0.518557599033	0.350877192982	358	15	3	0	169	0.320683111954
0.521524278377	0.350877192982	359	15	3	0	169	0.320075757576
0.521568703085	0.350877192982	360	15	3	0	169	0.319470699433
0.522749243134	0.350877192982	361	15	3	0	169	0.318867924528
0.523720323071	0.351851851852	362	15	3	0	169	0.318267419962
0.523835467119	0.351851851852	363	15	3	0	169	0.317669172932
0.523945211318	0.352826510721	364	15	3	0	169	0.317073170732
0.524174490459	0.353801169591	365	15	3	0	169	0.316479400749
0.524756938358	0.35477582846	366	15	3	0	169	0.315887850467
0.527627281681	0.355750487329	367	15	3	0	169	0.315298507463
0.527703223892	0.356725146199	368	15	3	0	169	0.314711359404
0.529766493199	0.356725146199	369	15	3	0	169	0.314126394052
0.53141450488	0.357699805068	370	15	3	0	169	0.313543599258
0.533477225831	0.358674463938	371	15	3	0	169	0.312962962963
0.533819491173	0.357699805068	372	15	3	0	169	0.312384473198
0.539188666193	0.357699805068	373	15	3	0	169	0.311808118081
0.539635813508	0.358674463938	374	15	3	0	169	0.31123388582
0.539956980821	0.359649122807	375	15	3	0	169	0.310661764706
0.539977347928	0.360623781676	376	15	3	0	169	0.310091743119
0.540688114244	0.360623781676	377	15	3	0	169	0.309523809524
0.541826998076	0.361598440546	378	15	3	0	169	0.308957952468
0.542126354799	0.362573099415	379	15	3	0	169	0.308394160584
0.548962553089	0.363547758285	380	15	3	0	169	0.307832422587
0.549143525744	0.362573099415	381	15	3	0	169	0.307272727273
0.549912150002	0.362573099415	382	15	3	0	169	0.306715063521
0.550048122365	0.361598440546	383	15	3	0	169	0.30615942029
0.550346734982	0.360623781676	384	15	3	0	169	0.305605786618
0.551371817559	0.361598440546	385	15	3	0	169	0.305054151625
0.552460093382	0.361598440546	386	15	3	0	169	0.304504504505
0.552526471161	0.362573099415	387	15	3	0	169	0.303956834532
0.553236143464	0.361598440546	388	15	3	0	169	0.303411131059
0.554681505881	0.361598440546	389	15	3	0	169	0.302867383513
0.557485027799	0.362573099415	390	15	3	0	169	0.302325581395
0.557858798413	0.361598440546	391	15	3	0	169	0.301785714286
0.557873835117	0.352826510721	391	16	51	0	178	0.312829525483
0.558531312482	0.351851851852	392	16	51	0	178	0.312280701754
0.55881742269	0.350877192982	393	16	51	0	178	0.31173380035
0.559928725547	0.351851851852	394	16	51	0	178	0.311188811189
0.560947853272	0.350877192982	395	16	51	0	178	0.310645724258
0.5610521771	0.351851851852	396	16	51	0	178	0.310104529617
0.561713714464	0.352826510721	397	16	51	0	178	0.309565217391
0.562318993166	0.352826510721	398	16	51	0	178	0.309027777778
0.562382416841	0.353801169591	399	16	51	0	178	0.30849220104
0.564040780209	0.353801169591	400	16	51	0	178	0.307958477509
0.566792061915	0.35477582846	401	16	51	0	178	0.307426597582
0.571302952629	0.355750487329	402	16	51	0	178	0.306896551724
0.571564950782	0.356725146199	403	16	51	0	178	0.306368330465
0.572787771309	0.356725146199	404	16	51	0	178	0.305841924399
0.574665105618	0.357699805068	405	16	51	0	178	0.305317324185
0.574976095078	0.358674463938	406	16	51	0	178	0.304794520548
0.579715511539	0.357699805068	407	16	51	0	178	0.304273504274
0.581373900671	0.357699805068	408	16	51	0	178	0.303754266212
0.581709162567	0.357699805068	409	16	51	0	178	0.303236797274
0.583648339885	0.358674463938	410	16	51	0	178	0.302721088435
0.586839073256	0.359649122807	411	16	51	0	178	0.30220713073
0.589134915906	0.360623781676	412	16	51	0	178	0.301694915254
0.589340451766	0.361598440546	413	16	51	0	178	0.301184433164
0.590127398673	0.360623781676	414	16	51	0	178	0.300675675676
0.590304757337	0.360623781676	415	16	51	0	178	0.300168634064
0.593664548481	0.361598440546	416	16	51	0	178	0.299663299663
0.59372679473	0.360623781676	417	16	51	0	178	0.299159663866
0.595304873572	0.361598440546	418	16	51	0	178	0.298657718121
0.59556167747	0.361598440546	419	16	51	0	178	0.298157453936
0.595775566211	0.360623781676	420	16	51	0	178	0.297658862876
0.596417417137	0.360623781676	421	16	51	0	178	0.297161936561
0.597734590605	0.359649122807	422	16	51	0	178	0.296666666667
0.59862723885	0.360623781676	423	16	51	0	178	0.296173044925
0.599651214957	0.361598440546	424	16	51	0	178	0.295681063123
0.601487880219	0.361598440546	425	16	51	0	178	0.295190713101
0.602159893995	0.362573099415	426	16	51	0	178	0.294701986755
0.603488163331	0.363547758285	427	16	51	0	178	0.294214876033
0.606031244177	0.363547758285	428	16	51	0	178	0.293729372937
0.606995543543	0.364522417154	429	16	51	0	178	0.293245469522
0.608397283098	0.364522417154	430	16	51	0	178	0.292763157895
0.618295652612	0.365497076023	431	16	51	0	178	0.292282430213
0.618979658845	0.365497076023	432	16	51	0	178	0.291803278689
0.61937728442	0.364522417154	433	16	51	0	178	0.291325695581
0.620560045377	0.364522417154	434	16	51	0	178	0.290849673203
0.625296556625	0.364522417154	435	16	51	0	178	0.290375203915
0.626539131771	0.365497076023	436	16	51	0	178	0.28990228013
0.626930142929	0.365497076023	437	16	51	0	178	0.289430894309
0.627769818275	0.366471734893	438	16	51	0	178	0.288961038961
0.628172469298	0.366471734893	439	16	51	0	178	0.288492706645
0.628374369284	0.367446393762	440	16	51	0	178	0.288025889968
0.628589760465	0.368421052632	441	16	51	0	178	0.287560581583
0.628798284467	0.369395711501	442	16	51	0	178	0.287096774194
0.631266874739	0.37037037037	443	16	51	0	178	0.286634460548
0.632302281487	0.37134502924	444	16	51	0	178	0.286173633441
0.632384231735	0.372319688109	445	16	51	0	178	0.285714285714
0.633122831121	0.372319688109	446	16	51	0	178	0.285256410256
0.63343714602	0.373294346979	447	16	51	0	178	0.2848
0.634960737521	0.374269005848	448	16	51	0	178	0.284345047923
0.636969657572	0.368421052632	448	17	30	0	184	0.291139240506
0.638748113074	0.368421052632	449	17	30	0	184	0.290679304897
0.638983794152	0.368421052632	450	17	30	0	184	0.290220820189
0.639585721071	0.369395711501	451	17	30	0	184	0.289763779528
0.641479504889	0.37037037037	452	17	30	0	184	0.289308176101
0.649885394529	0.37037037037	453	17	30	0	184	0.28885400314
0.650266543836	0.37037037037	454	17	30	0	184	0.288401253918
0.650731920962	0.37134502924	455	17	30	0	184	0.287949921753
0.651303930073	0.37037037037	456	17	30	0	184	0.2875
0.651976728017	0.37037037037	457	17	30	0	184	0.287051482059
0.652385300041	0.37037037037	458	17	30	0	184	0.286604361371
0.655461208577	0.37134502924	459	17	30	0	184	0.286158631415
0.655984944472	0.372319688109	460	17	30	0	184	0.285714285714
0.658814909563	0.373294346979	461	17	30	0	184	0.285271317829
0.662566404448	0.374269005848	462	17	30	0	184	0.284829721362
0.663080617192	0.375243664717	463	17	30	0	184	0.284389489954
0.663526655961	0.376218323587	464	17	30	0	184	0.283950617284
0.672135860763	0.376218323587	465	17	30	0	184	0.283513097072
0.672702862359	0.377192982456	466	17	30	0	184	0.283076923077
0.673434844651	0.377192982456	467	17	30	0	184	0.282642089094
0.674057252059	0.377192982456	468	17	30	0	184	0.282208588957
0.674456606973	0.377192982456	469	17	30	0	184	0.281776416539
0.677415905973	0.377192982456	470	17	30	0	184	0.281345565749
0.677931062871	0.376218323587	471	17	30	0	184	0.280916030534
0.679936828107	0.375243664717	472	17	30	0	184	0.280487804878
0.680225155598	0.376218323587	473	17	30	0	184	0.280060882801
0.681259051739	0.377192982456	474	17	30	0	184	0.279635258359
0.684871934398	0.378167641326	475	17	30	0	184	0.279210925645
0.685188580297	0.379142300195	476	17	30	0	184	0.278787878788
0.686355693106	0.380116959064	477	17	30	0	184	0.278366111952
0.686790924157	0.381091617934	478	17	30	0	184	0.277945619335
0.691097953559	0.382066276803	479	17	30	0	184	0.277526395173
0.691398979638	0.382066276803	480	17	30	0	184	0.277108433735
0.691814914535	0.381091617934	481	17	30	0	184	0.276691729323
0.691883792996	0.381091617934	482	17	30	0	184	0.276276276276
0.693055644183	0.380116959064	483	17	30	0	184	0.275862068966
0.695317101686	0.379142300195	484	17	30	0	184	0.275449101796
0.697529423933	0.380116959064	485	17	30	0	184	0.275037369208
0.698462952733	0.381091617934	486	17	30	0	184	0.274626865672
0.69863972437	0.381091617934	487	17	30	0	184	0.274217585693
0.700605215861	0.382066276803	488	17	30	0	184	0.27380952381
0.702253551572	0.382066276803	489	17	30	0	184	0.273402674591
0.70669026995	0.382066276803	490	17	30	0	184	0.272997032641
0.706814644817	0.382066276803	491	17	30	0	184	0.272592592593
0.707027645697	0.383040935673	492	17	30	0	184	0.272189349112
0.707985166195	0.382066276803	492	18	6	0	185	0.273264401773
0.710920690268	0.383040935673	493	18	6	0	185	0.272861356932
0.712068349134	0.384015594542	494	18	6	0	185	0.272459499264
0.712692976249	0.384015594542	495	18	6	0	185	0.272058823529
