# time 	 divergence 	 # of mutations 	 # IGC chances 	 IGC length 	 # IGC failures 	 Changes due to IGC  	 % change due to IGC 
0.0	0.476344086022	0	0	0	0	0	0.0
0.00118080079903	0.477419354839	1	0	0	0	0	0.0
0.00467249336456	0.478494623656	2	0	0	0	0	0.0
0.00910049965226	0.477419354839	3	0	0	0	0	0.0
0.0156264975369	0.478494623656	4	0	0	0	0	0.0
0.0157152625546	0.477419354839	5	0	0	0	0	0.0
0.0182291855428	0.478494623656	6	0	0	0	0	0.0
0.0204169689478	0.477419354839	7	0	0	0	0	0.0
0.0217637424052	0.478494623656	8	0	0	0	0	0.0
0.0238123129473	0.479569892473	9	0	0	0	0	0.0
0.0245860325688	0.48064516129	10	0	0	0	0	0.0
0.0271682009904	0.48064516129	11	0	0	0	0	0.0
0.0276056129467	0.48064516129	12	0	0	0	0	0.0
0.0293117630867	0.481720430108	13	0	0	0	0	0.0
0.0312027735296	0.482795698925	14	0	0	0	0	0.0
0.0327232290193	0.482795698925	15	0	0	0	0	0.0
0.0331812821251	0.483870967742	16	0	0	0	0	0.0
0.0347813788481	0.484946236559	17	0	0	0	0	0.0
0.0361006404214	0.484946236559	18	0	0	0	0	0.0
0.03880748783	0.484946236559	19	0	0	0	0	0.0
0.042792982855	0.483870967742	20	0	0	0	0	0.0
0.0432666093043	0.484946236559	21	0	0	0	0	0.0
0.0439575365045	0.483870967742	22	0	0	0	0	0.0
0.0441369355221	0.483870967742	23	0	0	0	0	0.0
0.0443055760129	0.484946236559	24	0	0	0	0	0.0
0.044390891143	0.483870967742	25	0	0	0	0	0.0
0.044807918995	0.484946236559	26	0	0	0	0	0.0
0.045284763615	0.486021505376	27	0	0	0	0	0.0
0.0456584249876	0.486021505376	28	0	0	0	0	0.0
0.0480237063803	0.487096774194	29	0	0	0	0	0.0
0.0483753733632	0.486021505376	30	0	0	0	0	0.0
0.0491878606678	0.486021505376	31	0	0	0	0	0.0
0.0497091252462	0.487096774194	32	0	0	0	0	0.0
0.0511861663426	0.488172043011	33	0	0	0	0	0.0
0.0525890559536	0.489247311828	34	0	0	0	0	0.0
0.053007356518	0.489247311828	35	0	0	0	0	0.0
0.054538244233	0.488172043011	36	0	0	0	0	0.0
0.057007830334	0.488172043011	37	0	0	0	0	0.0
0.0571541795316	0.488172043011	38	0	0	0	0	0.0
0.0576480529674	0.487096774194	39	0	0	0	0	0.0
0.0587785114991	0.486021505376	40	0	0	0	0	0.0
0.061031214045	0.487096774194	41	0	0	0	0	0.0
0.0617143372964	0.486021505376	42	0	0	0	0	0.0
0.0625779525197	0.487096774194	43	0	0	0	0	0.0
0.0642925571665	0.488172043011	44	0	0	0	0	0.0
0.064924292372	0.489247311828	45	0	0	0	0	0.0
0.0656705937168	0.488172043011	46	0	0	0	0	0.0
0.0665506736752	0.488172043011	47	0	0	0	0	0.0
0.0671575129919	0.489247311828	48	0	0	0	0	0.0
0.0672215139635	0.488172043011	49	0	0	0	0	0.0
0.0684422560861	0.488172043011	50	0	0	0	0	0.0
0.0696949901703	0.489247311828	51	0	0	0	0	0.0
0.0701595957213	0.490322580645	52	0	0	0	0	0.0
0.0703150345523	0.490322580645	53	0	0	0	0	0.0
0.0708526865468	0.489247311828	54	0	0	0	0	0.0
0.0708665641198	0.489247311828	55	0	0	0	0	0.0
0.0783036975794	0.490322580645	56	0	0	0	0	0.0
0.0812558705069	0.490322580645	57	0	0	0	0	0.0
0.0813079016558	0.489247311828	58	0	0	0	0	0.0
0.0813997861416	0.490322580645	59	0	0	0	0	0.0
0.0833543771164	0.489247311828	60	0	0	0	0	0.0
0.0841899684618	0.490322580645	61	0	0	0	0	0.0
0.0845010498483	0.491397849462	62	0	0	0	0	0.0
0.0851131539996	0.49247311828	63	0	0	0	0	0.0
0.0870111885181	0.49247311828	64	0	0	0	0	0.0
0.0875636443913	0.493548387097	65	0	0	0	0	0.0
0.0876774003834	0.493548387097	66	0	0	0	0	0.0
0.0917419322337	0.494623655914	67	0	0	0	0	0.0
0.0960001633181	0.494623655914	68	0	0	0	0	0.0
0.0994622637111	0.493548387097	69	0	0	0	0	0.0
0.108573917936	0.493548387097	70	0	0	0	0	0.0
0.111517179062	0.49247311828	71	0	0	0	0	0.0
0.111754756287	0.49247311828	72	0	0	0	0	0.0
0.119914988577	0.49247311828	73	0	0	0	0	0.0
0.120005447296	0.491397849462	74	0	0	0	0	0.0
0.12404742353	0.49247311828	75	0	0	0	0	0.0
0.128164977142	0.493548387097	76	0	0	0	0	0.0
0.128265798902	0.493548387097	77	0	0	0	0	0.0
0.129067018921	0.49247311828	78	0	0	0	0	0.0
0.129511759168	0.491397849462	79	0	0	0	0	0.0
0.129888734669	0.491397849462	80	0	0	0	0	0.0
0.129995614132	0.490322580645	81	0	0	0	0	0.0
0.132179316355	0.491397849462	82	0	0	0	0	0.0
0.132883376198	0.490322580645	83	0	0	0	0	0.0
0.134339910487	0.490322580645	84	0	0	0	0	0.0
0.13539237672	0.490322580645	85	0	0	0	0	0.0
0.137702959198	0.491397849462	86	0	0	0	0	0.0
0.138293684549	0.49247311828	87	0	0	0	0	0.0
0.139249929296	0.493548387097	88	0	0	0	0	0.0
0.142038828523	0.49247311828	89	0	0	0	0	0.0
0.144087672789	0.49247311828	90	0	0	0	0	0.0
0.144420005879	0.491397849462	91	0	0	0	0	0.0
0.145136062441	0.491397849462	92	0	0	0	0	0.0
0.148165738246	0.491397849462	93	0	0	0	0	0.0
0.150232900389	0.49247311828	94	0	0	0	0	0.0
0.151505307282	0.49247311828	95	0	0	0	0	0.0
0.152474597456	0.491397849462	96	0	0	0	0	0.0
0.153934458444	0.491397849462	97	0	0	0	0	0.0
0.160733658977	0.49247311828	98	0	0	0	0	0.0
0.160879042075	0.493548387097	99	0	0	0	0	0.0
0.161331952866	0.494623655914	100	0	0	0	0	0.0
0.161814458058	0.494623655914	101	0	0	0	0	0.0
0.164384930899	0.495698924731	102	0	0	0	0	0.0
0.165765222956	0.494623655914	103	0	0	0	0	0.0
0.166331786749	0.495698924731	104	0	0	0	0	0.0
0.169823946095	0.496774193548	105	0	0	0	0	0.0
0.185094671434	0.495698924731	106	0	0	0	0	0.0
0.18943933701	0.496774193548	107	0	0	0	0	0.0
0.191194676173	0.495698924731	108	0	0	0	0	0.0
0.193945361207	0.494623655914	109	0	0	0	0	0.0
0.195712435854	0.495698924731	110	0	0	0	0	0.0
0.201199463492	0.495698924731	111	0	0	0	0	0.0
0.201654480105	0.494623655914	112	0	0	0	0	0.0
0.206978444241	0.494623655914	113	0	0	0	0	0.0
0.208799497364	0.494623655914	114	0	0	0	0	0.0
0.210713450487	0.495698924731	115	0	0	0	0	0.0
0.212567002252	0.496774193548	116	0	0	0	0	0.0
0.21355914783	0.496774193548	117	0	0	0	0	0.0
0.213880875158	0.496774193548	118	0	0	0	0	0.0
0.213962120507	0.497849462366	119	0	0	0	0	0.0
0.217064950756	0.498924731183	120	0	0	0	0	0.0
0.222774620184	0.5	121	0	0	0	0	0.0
0.223818134426	0.501075268817	122	0	0	0	0	0.0
0.227351413967	0.501075268817	123	0	0	0	0	0.0
0.229271632734	0.501075268817	124	0	0	0	0	0.0
0.229468003065	0.502150537634	125	0	0	0	0	0.0
0.231545484822	0.502150537634	126	0	0	0	0	0.0
0.232699323405	0.502150537634	127	0	0	0	0	0.0
0.232807679074	0.503225806452	128	0	0	0	0	0.0
0.233153106828	0.502150537634	129	0	0	0	0	0.0
0.235092420074	0.503225806452	130	0	0	0	0	0.0
0.236368912729	0.503225806452	131	0	0	0	0	0.0
0.239865195168	0.503225806452	132	0	0	0	0	0.0
0.240309389046	0.502150537634	133	0	0	0	0	0.0
0.242005269912	0.503225806452	134	0	0	0	0	0.0
0.244045164595	0.504301075269	135	0	0	0	0	0.0
0.245066904771	0.505376344086	136	0	0	0	0	0.0
0.247495743405	0.506451612903	137	0	0	0	0	0.0
0.249415967457	0.50752688172	138	0	0	0	0	0.0
0.249442794488	0.508602150538	139	0	0	0	0	0.0
0.251903557633	0.509677419355	140	0	0	0	0	0.0
0.255355015984	0.510752688172	141	0	0	0	0	0.0
0.256249023178	0.511827956989	142	0	0	0	0	0.0
0.256371564614	0.512903225806	143	0	0	0	0	0.0
0.259753014364	0.512903225806	144	0	0	0	0	0.0
0.259815924209	0.512903225806	145	0	0	0	0	0.0
0.260888921908	0.512903225806	146	0	0	0	0	0.0
0.262771664753	0.511827956989	147	0	0	0	0	0.0
0.267377396865	0.512903225806	148	0	0	0	0	0.0
0.267871220605	0.512903225806	149	0	0	0	0	0.0
0.273635030979	0.513978494624	150	0	0	0	0	0.0
0.27403874511	0.512903225806	151	0	0	0	0	0.0
0.275468123881	0.513978494624	152	0	0	0	0	0.0
0.276016428344	0.515053763441	153	0	0	0	0	0.0
0.277335752978	0.516129032258	154	0	0	0	0	0.0
0.278156020593	0.516129032258	155	0	0	0	0	0.0
0.279903002609	0.517204301075	156	0	0	0	0	0.0
0.280482795317	0.518279569892	157	0	0	0	0	0.0
0.280622034577	0.518279569892	158	0	0	0	0	0.0
0.281324537467	0.518279569892	159	0	0	0	0	0.0
0.29068795069	0.518279569892	160	0	0	0	0	0.0
0.290749713985	0.518279569892	161	0	0	0	0	0.0
0.303234268234	0.51935483871	162	0	0	0	0	0.0
0.306763295858	0.518279569892	163	0	0	0	0	0.0
0.307070430607	0.517204301075	164	0	0	0	0	0.0
0.310726767786	0.518279569892	165	0	0	0	0	0.0
0.311000512492	0.518279569892	166	0	0	0	0	0.0
0.313458186094	0.518279569892	167	0	0	0	0	0.0
0.314550597007	0.518279569892	168	0	0	0	0	0.0
0.315760103285	0.518279569892	169	0	0	0	0	0.0
0.317124208918	0.51935483871	170	0	0	0	0	0.0
0.317664213344	0.51935483871	171	0	0	0	0	0.0
0.321055394019	0.51935483871	172	0	0	0	0	0.0
0.321342697872	0.51935483871	173	0	0	0	0	0.0
0.323668272118	0.520430107527	174	0	0	0	0	0.0
0.324107444081	0.520430107527	175	0	0	0	0	0.0
0.325628293336	0.521505376344	176	0	0	0	0	0.0
0.325934905609	0.521505376344	177	0	0	0	0	0.0
0.326675465649	0.520430107527	178	0	0	0	0	0.0
0.326730431974	0.521505376344	179	0	0	0	0	0.0
0.326862382798	0.521505376344	180	0	0	0	0	0.0
0.327211108988	0.521505376344	181	0	0	0	0	0.0
0.327287489521	0.520430107527	182	0	0	0	0	0.0
0.327417171904	0.51935483871	183	0	0	0	0	0.0
0.329816969717	0.520430107527	184	0	0	0	0	0.0
0.333266218778	0.521505376344	185	0	0	0	0	0.0
0.33430848486	0.520430107527	186	0	0	0	0	0.0
0.335665603893	0.521505376344	187	0	0	0	0	0.0
0.337241643248	0.521505376344	188	0	0	0	0	0.0
0.339098648385	0.520430107527	189	0	0	0	0	0.0
0.342024939947	0.51935483871	190	0	0	0	0	0.0
0.343837016859	0.51935483871	191	0	0	0	0	0.0
0.350504874016	0.520430107527	192	0	0	0	0	0.0
0.351265533346	0.520430107527	193	0	0	0	0	0.0
0.353131915954	0.520430107527	194	0	0	0	0	0.0
0.353217721335	0.520430107527	195	0	0	0	0	0.0
0.353259037307	0.520430107527	196	0	0	0	0	0.0
0.353842121206	0.51935483871	197	0	0	0	0	0.0
0.354383153057	0.51935483871	198	0	0	0	0	0.0
0.35612330321	0.520430107527	199	0	0	0	0	0.0
0.35722202336	0.520430107527	200	0	0	0	0	0.0
0.357850581246	0.51935483871	201	0	0	0	0	0.0
0.358022997056	0.518279569892	202	0	0	0	0	0.0
0.359659972207	0.517204301075	203	0	0	0	0	0.0
0.360101305618	0.518279569892	204	0	0	0	0	0.0
0.363407329625	0.518279569892	205	0	0	0	0	0.0
0.366769810164	0.51935483871	206	0	0	0	0	0.0
0.367404177612	0.51935483871	207	0	0	0	0	0.0
0.371776800486	0.520430107527	208	0	0	0	0	0.0
0.372436707532	0.51935483871	209	0	0	0	0	0.0
0.373378765963	0.520430107527	210	0	0	0	0	0.0
0.373855162352	0.520430107527	211	0	0	0	0	0.0
0.375974485457	0.521505376344	212	0	0	0	0	0.0
0.376189933991	0.521505376344	213	0	0	0	0	0.0
0.376982392874	0.521505376344	214	0	0	0	0	0.0
0.377201130365	0.522580645161	215	0	0	0	0	0.0
0.377960198969	0.522580645161	216	0	0	0	0	0.0
0.37923359972	0.523655913978	217	0	0	0	0	0.0
0.380216785592	0.523655913978	218	0	0	0	0	0.0
0.380932687687	0.523655913978	219	0	0	0	0	0.0
0.382813648589	0.522580645161	220	0	0	0	0	0.0
0.384343232019	0.522580645161	221	0	0	0	0	0.0
0.386180164462	0.521505376344	222	0	0	0	0	0.0
0.38683878479	0.522580645161	223	0	0	0	0	0.0
0.387912343977	0.522580645161	224	0	0	0	0	0.0
0.389852150102	0.522580645161	225	0	0	0	0	0.0
0.391419866446	0.522580645161	226	0	0	0	0	0.0
0.392564035136	0.521505376344	227	0	0	0	0	0.0
0.394268801142	0.522580645161	228	0	0	0	0	0.0
0.396479827916	0.523655913978	229	0	0	0	0	0.0
0.396910338457	0.524731182796	230	0	0	0	0	0.0
0.396983489578	0.525806451613	231	0	0	0	0	0.0
0.397306899504	0.525806451613	232	0	0	0	0	0.0
0.397668027912	0.52688172043	233	0	0	0	0	0.0
0.398732348976	0.527956989247	234	0	0	0	0	0.0
0.401351110292	0.527956989247	235	0	0	0	0	0.0
0.403803110591	0.52688172043	236	0	0	0	0	0.0
0.403865530806	0.527956989247	237	0	0	0	0	0.0
0.404111586508	0.52688172043	238	0	0	0	0	0.0
0.405389396607	0.527956989247	239	0	0	0	0	0.0
0.40590069271	0.529032258065	240	0	0	0	0	0.0
0.406392552593	0.530107526882	241	0	0	0	0	0.0
0.407810540952	0.530107526882	242	0	0	0	0	0.0
0.408382509115	0.530107526882	243	0	0	0	0	0.0
0.408648598662	0.531182795699	244	0	0	0	0	0.0
0.408922187369	0.531182795699	245	0	0	0	0	0.0
0.410773102245	0.531182795699	246	0	0	0	0	0.0
0.411949096477	0.531182795699	247	0	0	0	0	0.0
0.412817477576	0.532258064516	248	0	0	0	0	0.0
0.415122963703	0.533333333333	249	0	0	0	0	0.0
0.416533187278	0.534408602151	250	0	0	0	0	0.0
0.418146436994	0.533333333333	251	0	0	0	0	0.0
0.419078098421	0.533333333333	252	0	0	0	0	0.0
0.419084160582	0.534408602151	253	0	0	0	0	0.0
0.419712935975	0.533333333333	254	0	0	0	0	0.0
0.42061941055	0.534408602151	255	0	0	0	0	0.0
0.420752622745	0.535483870968	256	0	0	0	0	0.0
0.421116953861	0.535483870968	257	0	0	0	0	0.0
0.421961439194	0.535483870968	258	0	0	0	0	0.0
0.423254539127	0.535483870968	259	0	0	0	0	0.0
0.424523348747	0.534408602151	260	0	0	0	0	0.0
0.424898035496	0.535483870968	261	0	0	0	0	0.0
0.425645586436	0.535483870968	262	0	0	0	0	0.0
0.427563392263	0.536559139785	263	0	0	0	0	0.0
0.430222830433	0.535483870968	264	0	0	0	0	0.0
0.432665605494	0.535483870968	265	0	0	0	0	0.0
0.433449382029	0.535483870968	266	0	0	0	0	0.0
0.435600583222	0.536559139785	267	0	0	0	0	0.0
0.437787085358	0.536559139785	268	0	0	0	0	0.0
0.439259256858	0.536559139785	269	0	0	0	0	0.0
0.439839242842	0.537634408602	270	0	0	0	0	0.0
0.440545792697	0.537634408602	271	0	0	0	0	0.0
0.442762278784	0.538709677419	272	0	0	0	0	0.0
0.443184945902	0.539784946237	273	0	0	0	0	0.0
0.444831128182	0.539784946237	274	0	0	0	0	0.0
0.446803751615	0.539784946237	275	0	0	0	0	0.0
0.447476479179	0.539784946237	276	0	0	0	0	0.0
0.448208947669	0.538709677419	277	0	0	0	0	0.0
0.448545492627	0.537634408602	278	0	0	0	0	0.0
0.449349468521	0.537634408602	279	0	0	0	0	0.0
0.454665026782	0.538709677419	280	0	0	0	0	0.0
0.455911686199	0.538709677419	281	0	0	0	0	0.0
0.456364762634	0.537634408602	282	0	0	0	0	0.0
0.456534067677	0.538709677419	283	0	0	0	0	0.0
0.458640217954	0.539784946237	284	0	0	0	0	0.0
0.466478344652	0.540860215054	285	0	0	0	0	0.0
0.467726762313	0.539784946237	286	0	0	0	0	0.0
0.468325977323	0.540860215054	287	0	0	0	0	0.0
0.468935642704	0.539784946237	288	0	0	0	0	0.0
0.469051170638	0.539784946237	289	0	0	0	0	0.0
0.46945181842	0.540860215054	290	0	0	0	0	0.0
0.47548625077	0.541935483871	291	0	0	0	0	0.0
