# time 	 divergence 	 # of mutations 	 # IGC chances 	 IGC length 	 # IGC failures 	 Changes due to IGC  	 % change due to IGC 
0.0	0.204498977505	0	0	0	0	0	0.0
0.000549137370911	0.20245398773	1	0	0	0	0	0.0
0.00243715095842	0.204498977505	2	0	0	0	0	0.0
0.00400521706925	0.20654396728	3	0	0	0	0	0.0
0.00766273565196	0.208588957055	4	0	0	0	0	0.0
0.00793236427216	0.21063394683	5	0	0	0	0	0.0
0.00908948273663	0.19427402863	5	1	39	0	8	0.615384615385
0.0131952326145	0.196319018405	6	1	39	0	8	0.571428571429
0.0132780317054	0.19836400818	7	1	39	0	8	0.533333333333
0.0179971199405	0.145194274029	7	2	84	0	34	0.829268292683
0.0193418763369	0.147239263804	8	2	84	0	34	0.809523809524
0.0197034409388	0.147239263804	9	2	84	0	34	0.790697674419
0.0261444758574	0.149284253579	10	2	84	0	34	0.772727272727
0.0264416546267	0.151329243354	11	2	84	0	34	0.755555555556
0.0273014065404	0.153374233129	12	2	84	0	34	0.739130434783
0.036231615973	0.153374233129	13	2	84	0	34	0.723404255319
0.0373814600446	0.100204498978	13	3	105	0	60	0.821917808219
0.0386924841394	0.100204498978	14	3	105	0	60	0.810810810811
0.0392846237338	0.100204498978	14	4	96	0	60	0.810810810811
0.0424807875778	0.102249488753	15	4	96	0	60	0.8
0.047753170938	0.104294478528	16	4	96	0	60	0.789473684211
0.0498409969274	0.106339468303	17	4	96	0	60	0.779220779221
0.0500336673805	0.108384458078	18	4	96	0	60	0.769230769231
0.052216406256	0.108384458078	19	4	96	0	60	0.759493670886
0.0532175539623	0.110429447853	20	4	96	0	60	0.75
