# time 	 divergence 	 # of mutations 	 # IGC chances 	 IGC length 	 # IGC failures 	 Changes due to IGC  	 % change due to IGC 
0.0	0.205653021442	0	0	0	0	0	0.0
0.00270489857824	0.206627680312	1	0	0	0	0	0.0
0.00411749919824	0.207602339181	2	0	0	0	0	0.0
0.00499804076586	0.208576998051	3	0	0	0	0	0.0
0.00626419264803	0.208576998051	4	0	0	0	0	0.0
0.00639738696573	0.208576998051	5	0	0	0	0	0.0
0.00789057072017	0.20955165692	6	0	0	0	0	0.0
0.0100655923321	0.208576998051	7	0	0	0	0	0.0
0.0109662348911	0.208576998051	8	0	0	0	0	0.0
0.0112129966234	0.20955165692	9	0	0	0	0	0.0
0.0130599177524	0.210526315789	10	0	0	0	0	0.0
0.0141472327164	0.210526315789	11	0	0	0	0	0.0
0.0151712208856	0.211500974659	12	0	0	0	0	0.0
0.0169823388214	0.212475633528	13	0	0	0	0	0.0
0.017685446215	0.213450292398	14	0	0	0	0	0.0
0.0178589863114	0.214424951267	15	0	0	0	0	0.0
0.0185636182276	0.214424951267	16	0	0	0	0	0.0
0.0266542781887	0.215399610136	17	0	0	0	0	0.0
0.0270448060837	0.216374269006	18	0	0	0	0	0.0
0.0278792103886	0.217348927875	19	0	0	0	0	0.0
0.0297179695269	0.218323586745	20	0	0	0	0	0.0
0.0304818487927	0.219298245614	21	0	0	0	0	0.0
0.0309334993323	0.215399610136	21	1	21	0	4	0.16
0.032331227549	0.216374269006	22	1	21	0	4	0.153846153846
0.0332256516962	0.217348927875	23	1	21	0	4	0.148148148148
0.033394342696	0.217348927875	24	1	21	0	4	0.142857142857
0.0338370182073	0.218323586745	25	1	21	0	4	0.137931034483
0.0358167085025	0.219298245614	26	1	21	0	4	0.133333333333
0.0359540224971	0.220272904483	27	1	21	0	4	0.129032258065
0.0368317426437	0.221247563353	28	1	21	0	4	0.125
0.0381560173826	0.222222222222	29	1	21	0	4	0.121212121212
0.0384211979629	0.223196881092	30	1	21	0	4	0.117647058824
0.0389377384779	0.224171539961	31	1	21	0	4	0.114285714286
0.0392095720432	0.22514619883	32	1	21	0	4	0.111111111111
0.0396374691909	0.2261208577	33	1	21	0	4	0.108108108108
0.0403017299929	0.227095516569	34	1	21	0	4	0.105263157895
0.0422092588525	0.2261208577	35	1	21	0	4	0.102564102564
0.0425394211771	0.22514619883	36	1	21	0	4	0.1
0.0428535414454	0.2261208577	37	1	21	0	4	0.0975609756098
0.0431781377608	0.2261208577	38	1	21	0	4	0.0952380952381
0.0435340029419	0.227095516569	39	1	21	0	4	0.093023255814
0.0444042165971	0.22514619883	39	2	84	0	6	0.133333333333
0.0454259798783	0.224171539961	40	2	84	0	6	0.130434782609
0.0469533521754	0.224171539961	41	2	84	0	6	0.127659574468
0.0473082121175	0.224171539961	41	3	30	0	6	0.127659574468
0.048698507255	0.22514619883	42	3	30	0	6	0.125
0.0501878562564	0.22514619883	43	3	30	0	6	0.122448979592
0.0506514119655	0.2261208577	44	3	30	0	6	0.12
0.0506522607298	0.2261208577	45	3	30	0	6	0.117647058824
0.0511206935855	0.227095516569	46	3	30	0	6	0.115384615385
0.0518672854661	0.228070175439	47	3	30	0	6	0.11320754717
0.0525985277169	0.228070175439	48	3	30	0	6	0.111111111111
0.0581697101885	0.2261208577	48	4	18	0	8	0.142857142857
0.0583003443044	0.227095516569	49	4	18	0	8	0.140350877193
0.0598515213949	0.2261208577	50	4	18	0	8	0.137931034483
0.0599087432626	0.227095516569	51	4	18	0	8	0.135593220339
0.0599727501101	0.228070175439	52	4	18	0	8	0.133333333333
0.0630186608252	0.229044834308	53	4	18	0	8	0.131147540984
0.0631314522791	0.229044834308	53	5	6	0	8	0.131147540984
0.063188327317	0.228070175439	54	5	6	0	8	0.129032258065
0.0646272552746	0.229044834308	55	5	6	0	8	0.126984126984
0.0648025869985	0.230019493177	56	5	6	0	8	0.125
0.0654264076068	0.230994152047	57	5	6	0	8	0.123076923077
0.0654829578951	0.231968810916	58	5	6	0	8	0.121212121212
0.0658154247466	0.232943469786	59	5	6	0	8	0.119402985075
0.0660914525219	0.231968810916	60	5	6	0	8	0.117647058824
0.0670154598948	0.232943469786	61	5	6	0	8	0.115942028986
0.0671679755512	0.233918128655	62	5	6	0	8	0.114285714286
0.0680371234329	0.233918128655	63	5	6	0	8	0.112676056338
0.0688392676952	0.234892787524	64	5	6	0	8	0.111111111111
0.0727939386092	0.233918128655	65	5	6	0	8	0.109589041096
0.0737792908679	0.234892787524	66	5	6	0	8	0.108108108108
0.0752538431526	0.235867446394	67	5	6	0	8	0.106666666667
0.0766350963243	0.236842105263	68	5	6	0	8	0.105263157895
0.0779781110976	0.237816764133	69	5	6	0	8	0.103896103896
0.0780810550001	0.238791423002	70	5	6	0	8	0.102564102564
0.0795194119578	0.239766081871	71	5	6	0	8	0.101265822785
0.0809604409468	0.240740740741	72	5	6	0	8	0.1
0.0820993819459	0.24171539961	73	5	6	0	8	0.0987654320988
0.0822427329975	0.24171539961	74	5	6	0	8	0.0975609756098
0.0858579641446	0.24269005848	75	5	6	0	8	0.0963855421687
0.0867088362303	0.243664717349	76	5	6	0	8	0.0952380952381
0.0902337667945	0.244639376218	77	5	6	0	8	0.0941176470588
0.0911969293323	0.245614035088	78	5	6	0	8	0.093023255814
0.0940214761899	0.243664717349	78	6	9	0	10	0.113636363636
0.101548442986	0.244639376218	79	6	9	0	10	0.112359550562
0.10214527868	0.243664717349	80	6	9	0	10	0.111111111111
0.102926830274	0.244639376218	81	6	9	0	10	0.10989010989
0.106437551289	0.244639376218	82	6	9	0	10	0.108695652174
0.107296945581	0.245614035088	83	6	9	0	10	0.10752688172
0.108540557288	0.244639376218	84	6	9	0	10	0.106382978723
0.108612875874	0.245614035088	85	6	9	0	10	0.105263157895
0.108815060344	0.244639376218	86	6	9	0	10	0.104166666667
0.109813716612	0.197855750487	86	7	204	0	58	0.402777777778
0.110290312023	0.198830409357	87	7	204	0	58	0.4
0.110457132468	0.199805068226	88	7	204	0	58	0.397260273973
0.110519774265	0.198830409357	88	8	18	0	59	0.401360544218
0.110546312821	0.199805068226	89	8	18	0	59	0.398648648649
0.116095423168	0.198830409357	90	8	18	0	59	0.395973154362
0.116627404069	0.199805068226	91	8	18	0	59	0.393333333333
0.116714058558	0.199805068226	92	8	18	0	59	0.390728476821
0.116893421235	0.200779727096	93	8	18	0	59	0.388157894737
0.121852363381	0.201754385965	94	8	18	0	59	0.385620915033
0.12237231469	0.202729044834	95	8	18	0	59	0.383116883117
0.122925258274	0.203703703704	96	8	18	0	59	0.38064516129
0.124651964057	0.204678362573	97	8	18	0	59	0.378205128205
0.125550426693	0.205653021442	98	8	18	0	59	0.375796178344
0.127057944514	0.206627680312	99	8	18	0	59	0.373417721519
0.127640411277	0.207602339181	100	8	18	0	59	0.37106918239
0.129664756742	0.208576998051	101	8	18	0	59	0.36875
0.130600318533	0.20955165692	102	8	18	0	59	0.366459627329
0.132174760951	0.210526315789	103	8	18	0	59	0.364197530864
0.132831629527	0.211500974659	104	8	18	0	59	0.361963190184
0.135508824734	0.212475633528	105	8	18	0	59	0.359756097561
0.136243940647	0.211500974659	106	8	18	0	59	0.357575757576
0.136617271683	0.212475633528	107	8	18	0	59	0.355421686747
0.137669340556	0.212475633528	108	8	18	0	59	0.353293413174
0.139261656205	0.213450292398	109	8	18	0	59	0.35119047619
0.141774339264	0.214424951267	110	8	18	0	59	0.349112426036
0.144066320041	0.215399610136	111	8	18	0	59	0.347058823529
0.144534195628	0.214424951267	112	8	18	0	59	0.345029239766
0.146778494459	0.215399610136	113	8	18	0	59	0.343023255814
0.14690388747	0.216374269006	114	8	18	0	59	0.341040462428
0.149965107163	0.216374269006	115	8	18	0	59	0.33908045977
0.150217468079	0.216374269006	116	8	18	0	59	0.337142857143
0.150524180491	0.217348927875	117	8	18	0	59	0.335227272727
0.150740133411	0.218323586745	118	8	18	0	59	0.333333333333
0.152708295896	0.219298245614	119	8	18	0	59	0.331460674157
0.153983152802	0.220272904483	120	8	18	0	59	0.329608938547
0.156722117456	0.221247563353	121	8	18	0	59	0.327777777778
0.163083647296	0.222222222222	122	8	18	0	59	0.325966850829
0.163085184581	0.223196881092	123	8	18	0	59	0.324175824176
0.163739572349	0.190058479532	123	9	90	0	93	0.430555555556
0.163847248831	0.190058479532	124	9	90	0	93	0.428571428571
0.166164283667	0.190058479532	125	9	90	0	93	0.426605504587
0.167333941098	0.190058479532	126	9	90	0	93	0.424657534247
0.169670827417	0.191033138402	127	9	90	0	93	0.422727272727
0.171812772803	0.191033138402	128	9	90	0	93	0.420814479638
0.172169127085	0.192007797271	129	9	90	0	93	0.418918918919
0.173256992174	0.19298245614	130	9	90	0	93	0.417040358744
0.17554829327	0.19395711501	131	9	90	0	93	0.415178571429
0.175636474802	0.194931773879	132	9	90	0	93	0.413333333333
0.178162159423	0.194931773879	133	9	90	0	93	0.411504424779
0.178532259557	0.195906432749	134	9	90	0	93	0.409691629956
0.180059568546	0.196881091618	135	9	90	0	93	0.407894736842
0.181068104141	0.197855750487	136	9	90	0	93	0.406113537118
0.181670239077	0.197855750487	137	9	90	0	93	0.404347826087
0.183619053319	0.198830409357	138	9	90	0	93	0.402597402597
0.185851101111	0.199805068226	139	9	90	0	93	0.400862068966
0.187191210953	0.200779727096	140	9	90	0	93	0.399141630901
0.188047215602	0.201754385965	141	9	90	0	93	0.397435897436
0.188466159869	0.202729044834	142	9	90	0	93	0.395744680851
0.191978186711	0.203703703704	143	9	90	0	93	0.39406779661
0.192398552531	0.204678362573	144	9	90	0	93	0.392405063291
0.193359415915	0.205653021442	145	9	90	0	93	0.390756302521
0.194194777343	0.204678362573	146	9	90	0	93	0.389121338912
0.195166914221	0.205653021442	147	9	90	0	93	0.3875
0.195495569421	0.206627680312	148	9	90	0	93	0.385892116183
0.19570167434	0.207602339181	149	9	90	0	93	0.384297520661
0.196895810677	0.208576998051	150	9	90	0	93	0.382716049383
0.197276259665	0.20955165692	151	9	90	0	93	0.381147540984
0.198044175718	0.20955165692	151	10	6	0	93	0.381147540984
0.199432789812	0.210526315789	152	10	6	0	93	0.379591836735
0.199579429538	0.205653021442	152	11	24	0	98	0.392
0.199803358583	0.206627680312	153	11	24	0	98	0.390438247012
0.200041429978	0.202729044834	153	12	24	0	102	0.4
0.200213802883	0.202729044834	154	12	24	0	102	0.3984375
0.202781808318	0.202729044834	155	12	24	0	102	0.396887159533
0.203509459518	0.203703703704	156	12	24	0	102	0.395348837209
0.204271219362	0.204678362573	157	12	24	0	102	0.393822393822
0.204635429217	0.205653021442	158	12	24	0	102	0.392307692308
0.206153711994	0.204678362573	159	12	24	0	102	0.390804597701
0.206772223035	0.204678362573	160	12	24	0	102	0.389312977099
0.20716530212	0.205653021442	161	12	24	0	102	0.38783269962
0.211291824086	0.206627680312	162	12	24	0	102	0.386363636364
0.211335777967	0.207602339181	163	12	24	0	102	0.384905660377
0.215007820237	0.208576998051	164	12	24	0	102	0.383458646617
0.215636895798	0.20955165692	165	12	24	0	102	0.38202247191
0.216525904758	0.20955165692	166	12	24	0	102	0.380597014925
0.217803348177	0.210526315789	167	12	24	0	102	0.379182156134
0.218030312027	0.211500974659	168	12	24	0	102	0.377777777778
0.219023462843	0.212475633528	169	12	24	0	102	0.376383763838
0.219174994564	0.213450292398	170	12	24	0	102	0.375
0.219227467703	0.213450292398	171	12	24	0	102	0.373626373626
0.220944583002	0.201754385965	171	13	27	0	114	0.4
0.222317297093	0.200779727096	172	13	27	0	114	0.398601398601
0.226770426255	0.201754385965	173	13	27	0	114	0.397212543554
0.228819912822	0.202729044834	174	13	27	0	114	0.395833333333
0.229410841404	0.203703703704	175	13	27	0	114	0.39446366782
0.230591420773	0.204678362573	176	13	27	0	114	0.393103448276
0.232725776943	0.205653021442	177	13	27	0	114	0.39175257732
0.232790741703	0.206627680312	178	13	27	0	114	0.390410958904
0.23302220647	0.207602339181	179	13	27	0	114	0.389078498294
0.23431822395	0.208576998051	180	13	27	0	114	0.387755102041
0.23588924305	0.20955165692	181	13	27	0	114	0.386440677966
0.236724882612	0.210526315789	182	13	27	0	114	0.385135135135
0.237288620065	0.211500974659	183	13	27	0	114	0.383838383838
0.239358135328	0.212475633528	184	13	27	0	114	0.38255033557
0.24409023957	0.213450292398	185	13	27	0	114	0.38127090301
0.246955309599	0.214424951267	186	13	27	0	114	0.38
0.247033088916	0.215399610136	187	13	27	0	114	0.378737541528
0.249459369985	0.216374269006	188	13	27	0	114	0.377483443709
0.25205557004	0.191033138402	188	14	117	0	140	0.426829268293
0.252336412744	0.188109161793	188	15	24	0	143	0.432024169184
0.25236695574	0.188109161793	189	15	24	0	143	0.430722891566
0.254194545516	0.189083820663	190	15	24	0	143	0.429429429429
0.260131460401	0.190058479532	191	15	24	0	143	0.428143712575
0.262701327967	0.191033138402	192	15	24	0	143	0.426865671642
0.263967856534	0.192007797271	193	15	24	0	143	0.425595238095
0.264513404776	0.19298245614	194	15	24	0	143	0.424332344214
0.266862635114	0.19395711501	195	15	24	0	143	0.423076923077
0.269275433712	0.19395711501	196	15	24	0	143	0.421828908555
0.269300059676	0.19395711501	197	15	24	0	143	0.420588235294
0.269787066233	0.194931773879	198	15	24	0	143	0.41935483871
0.270673241353	0.195906432749	199	15	24	0	143	0.418128654971
0.273521341844	0.194931773879	200	15	24	0	143	0.416909620991
0.273685969011	0.195906432749	201	15	24	0	143	0.415697674419
0.274071650165	0.196881091618	202	15	24	0	143	0.414492753623
0.275124578617	0.196881091618	203	15	24	0	143	0.413294797688
0.276011254257	0.197855750487	204	15	24	0	143	0.412103746398
0.279655459182	0.196881091618	205	15	24	0	143	0.41091954023
0.280477749353	0.197855750487	206	15	24	0	143	0.409742120344
0.280538210353	0.198830409357	207	15	24	0	143	0.408571428571
0.281088935929	0.199805068226	208	15	24	0	143	0.407407407407
0.282061350849	0.200779727096	209	15	24	0	143	0.40625
0.283933660693	0.201754385965	210	15	24	0	143	0.405099150142
0.285372195066	0.202729044834	211	15	24	0	143	0.40395480226
0.286153306385	0.203703703704	212	15	24	0	143	0.402816901408
0.286206601084	0.204678362573	213	15	24	0	143	0.401685393258
0.286565967903	0.205653021442	214	15	24	0	143	0.40056022409
0.290560600703	0.204678362573	215	15	24	0	143	0.399441340782
0.290971434772	0.205653021442	216	15	24	0	143	0.398328690808
0.29166598364	0.206627680312	217	15	24	0	143	0.397222222222
0.292200102636	0.207602339181	218	15	24	0	143	0.396121883657
0.293487633804	0.208576998051	219	15	24	0	143	0.395027624309
0.295490091534	0.20955165692	220	15	24	0	143	0.393939393939
0.296080074618	0.210526315789	221	15	24	0	143	0.392857142857
0.296714156918	0.211500974659	222	15	24	0	143	0.391780821918
0.29851727865	0.212475633528	223	15	24	0	143	0.390710382514
0.303814696647	0.213450292398	224	15	24	0	143	0.389645776567
0.309860577017	0.213450292398	225	15	24	0	143	0.388586956522
0.311092892392	0.214424951267	226	15	24	0	143	0.387533875339
0.31404781101	0.215399610136	227	15	24	0	143	0.386486486486
0.314289706975	0.216374269006	228	15	24	0	143	0.385444743935
0.316614369903	0.216374269006	229	15	24	0	143	0.384408602151
0.318783224925	0.216374269006	229	16	3	0	143	0.384408602151
0.318879906458	0.216374269006	230	16	3	0	143	0.383378016086
0.319477141746	0.216374269006	231	16	3	0	143	0.382352941176
0.324367493026	0.217348927875	232	16	3	0	143	0.381333333333
0.325615760851	0.218323586745	233	16	3	0	143	0.380319148936
0.327138776245	0.217348927875	234	16	3	0	143	0.379310344828
0.329028562324	0.218323586745	235	16	3	0	143	0.378306878307
0.333047797054	0.219298245614	236	16	3	0	143	0.377308707124
0.333290531942	0.220272904483	237	16	3	0	143	0.376315789474
0.333641673766	0.221247563353	238	16	3	0	143	0.37532808399
0.334753063367	0.221247563353	239	16	3	0	143	0.374345549738
0.339088363983	0.222222222222	240	16	3	0	143	0.373368146214
0.339099699794	0.223196881092	241	16	3	0	143	0.372395833333
0.339763458498	0.223196881092	242	16	3	0	143	0.371428571429
0.340840730806	0.224171539961	243	16	3	0	143	0.370466321244
0.341864853895	0.22514619883	244	16	3	0	143	0.369509043928
0.342334312986	0.2261208577	245	16	3	0	143	0.368556701031
0.343489758325	0.227095516569	246	16	3	0	143	0.367609254499
0.343830130705	0.228070175439	247	16	3	0	143	0.366666666667
0.344318931753	0.228070175439	248	16	3	0	143	0.365728900256
0.345106364215	0.229044834308	249	16	3	0	143	0.364795918367
0.346441200013	0.230019493177	250	16	3	0	143	0.363867684478
0.346838682601	0.229044834308	251	16	3	0	143	0.362944162437
0.348416894938	0.230019493177	252	16	3	0	143	0.362025316456
0.350162806198	0.230994152047	253	16	3	0	143	0.361111111111
0.350173190985	0.230994152047	254	16	3	0	143	0.360201511335
0.352913291086	0.231968810916	255	16	3	0	143	0.359296482412
0.354023772321	0.232943469786	256	16	3	0	143	0.358395989975
0.355115603448	0.233918128655	257	16	3	0	143	0.3575
0.356881923513	0.234892787524	258	16	3	0	143	0.356608478803
0.35803311576	0.235867446394	259	16	3	0	143	0.355721393035
0.360738022849	0.236842105263	260	16	3	0	143	0.354838709677
0.361208666452	0.236842105263	261	16	3	0	143	0.35396039604
0.361241402587	0.235867446394	262	16	3	0	143	0.353086419753
0.362517257977	0.236842105263	263	16	3	0	143	0.352216748768
0.362931973611	0.237816764133	264	16	3	0	143	0.351351351351
0.364374830336	0.238791423002	265	16	3	0	143	0.350490196078
0.3647342998	0.239766081871	266	16	3	0	143	0.349633251834
0.366937396421	0.240740740741	267	16	3	0	143	0.348780487805
0.369030813684	0.24171539961	268	16	3	0	143	0.347931873479
0.369108147414	0.238791423002	268	17	3	0	146	0.352657004831
0.370482038858	0.232943469786	268	18	18	0	152	0.361904761905
0.371159457902	0.233918128655	269	18	18	0	152	0.361045130641
0.3719429367	0.232943469786	270	18	18	0	152	0.36018957346
0.372551762222	0.233918128655	271	18	18	0	152	0.359338061466
0.375078905769	0.234892787524	272	18	18	0	152	0.358490566038
0.377730848889	0.235867446394	273	18	18	0	152	0.357647058824
0.382867630852	0.236842105263	274	18	18	0	152	0.356807511737
0.383871847452	0.237816764133	275	18	18	0	152	0.355971896956
0.384761859505	0.235867446394	275	19	6	0	154	0.358974358974
0.384898189618	0.236842105263	276	19	6	0	154	0.358139534884
0.385357489858	0.237816764133	277	19	6	0	154	0.357308584687
0.385547354184	0.237816764133	278	19	6	0	154	0.356481481481
0.386369454909	0.236842105263	279	19	6	0	154	0.355658198614
0.387123323882	0.237816764133	280	19	6	0	154	0.354838709677
0.388284669266	0.238791423002	281	19	6	0	154	0.354022988506
0.389764785774	0.239766081871	282	19	6	0	154	0.353211009174
0.389980834089	0.240740740741	283	19	6	0	154	0.352402745995
0.390516568852	0.24171539961	284	19	6	0	154	0.351598173516
0.390959534803	0.24269005848	285	19	6	0	154	0.350797266515
0.391685156209	0.24171539961	286	19	6	0	154	0.35
0.392512753669	0.24269005848	287	19	6	0	154	0.349206349206
0.392583828293	0.243664717349	288	19	6	0	154	0.348416289593
0.393249621704	0.244639376218	289	19	6	0	154	0.34762979684
0.393807901095	0.245614035088	290	19	6	0	154	0.346846846847
0.394620264957	0.246588693957	291	19	6	0	154	0.34606741573
0.395510443271	0.246588693957	292	19	6	0	154	0.345291479821
0.396601431464	0.247563352827	293	19	6	0	154	0.34451901566
0.397154552598	0.247563352827	294	19	6	0	154	0.34375
0.397261553966	0.246588693957	295	19	6	0	154	0.3429844098
0.400318176294	0.247563352827	296	19	6	0	154	0.342222222222
0.402679775585	0.248538011696	297	19	6	0	154	0.341463414634
0.40308464459	0.249512670565	298	19	6	0	154	0.340707964602
0.405105427016	0.250487329435	299	19	6	0	154	0.33995584989
0.407704456273	0.249512670565	300	19	6	0	154	0.339207048458
0.408738814252	0.250487329435	301	19	6	0	154	0.338461538462
0.40915190756	0.249512670565	302	19	6	0	154	0.337719298246
0.4091965185	0.250487329435	303	19	6	0	154	0.336980306346
0.413280489601	0.250487329435	304	19	6	0	154	0.336244541485
0.413874341396	0.251461988304	305	19	6	0	154	0.335511982571
0.414283415487	0.252436647173	306	19	6	0	154	0.334782608696
0.414542069643	0.253411306043	307	19	6	0	154	0.334056399132
0.416222509439	0.254385964912	308	19	6	0	154	0.333333333333
0.416836366253	0.254385964912	309	19	6	0	154	0.332613390929
0.417818365773	0.255360623782	310	19	6	0	154	0.331896551724
0.417887998866	0.256335282651	311	19	6	0	154	0.331182795699
0.418958673292	0.255360623782	312	19	6	0	154	0.330472103004
0.420168618842	0.256335282651	313	19	6	0	154	0.329764453961
0.420849502312	0.25730994152	314	19	6	0	154	0.32905982906
0.42670345564	0.25828460039	315	19	6	0	154	0.328358208955
0.42700558144	0.259259259259	316	19	6	0	154	0.327659574468
0.427746130744	0.260233918129	317	19	6	0	154	0.326963906582
0.427776189043	0.261208576998	318	19	6	0	154	0.326271186441
0.427964314562	0.262183235867	319	19	6	0	154	0.325581395349
0.429524659127	0.263157894737	320	19	6	0	154	0.324894514768
0.430542317215	0.263157894737	321	19	6	0	154	0.324210526316
0.431445378215	0.264132553606	322	19	6	0	154	0.323529411765
0.431505160712	0.264132553606	323	19	6	0	154	0.32285115304
0.431681370857	0.265107212476	324	19	6	0	154	0.322175732218
0.431902519644	0.266081871345	325	19	6	0	154	0.321503131524
0.43213552539	0.267056530214	326	19	6	0	154	0.320833333333
0.432407625707	0.268031189084	327	19	6	0	154	0.320166320166
0.432537612725	0.269005847953	328	19	6	0	154	0.319502074689
0.434417180222	0.269005847953	329	19	6	0	154	0.31884057971
0.435544238617	0.269980506823	330	19	6	0	154	0.318181818182
0.436471579008	0.270955165692	331	19	6	0	154	0.317525773196
0.436970552329	0.271929824561	332	19	6	0	154	0.316872427984
0.438201447325	0.271929824561	333	19	6	0	154	0.316221765914
0.439208138656	0.271929824561	334	19	6	0	154	0.315573770492
0.442497119786	0.270955165692	335	19	6	0	154	0.314928425358
0.442585498165	0.271929824561	336	19	6	0	154	0.314285714286
0.442821691241	0.270955165692	337	19	6	0	154	0.313645621181
0.443833367209	0.271929824561	338	19	6	0	154	0.313008130081
0.446755879783	0.272904483431	339	19	6	0	154	0.312373225152
0.448114566821	0.2738791423	340	19	6	0	154	0.311740890688
0.44832471544	0.27485380117	341	19	6	0	154	0.311111111111
0.448336440087	0.275828460039	342	19	6	0	154	0.310483870968
0.44924395522	0.276803118908	343	19	6	0	154	0.30985915493
0.449591393065	0.276803118908	344	19	6	0	154	0.309236947791
0.451747141158	0.277777777778	345	19	6	0	154	0.308617234469
0.455350223455	0.278752436647	346	19	6	0	154	0.308
0.455468156414	0.279727095517	347	19	6	0	154	0.307385229541
0.455753692523	0.280701754386	348	19	6	0	154	0.306772908367
0.456557167854	0.281676413255	349	19	6	0	154	0.306163021869
0.457913107246	0.282651072125	350	19	6	0	154	0.305555555556
0.460145044281	0.283625730994	351	19	6	0	154	0.30495049505
0.463380362836	0.284600389864	352	19	6	0	154	0.304347826087
0.464457069528	0.285575048733	353	19	6	0	154	0.303747534517
0.464899035399	0.286549707602	354	19	6	0	154	0.303149606299
0.465258296356	0.287524366472	355	19	6	0	154	0.302554027505
0.465817798474	0.288499025341	356	19	6	0	154	0.301960784314
0.473503946683	0.288499025341	357	19	6	0	154	0.301369863014
0.47457779206	0.289473684211	358	19	6	0	154	0.30078125
0.475056995692	0.29044834308	359	19	6	0	154	0.300194931774
0.475191860197	0.291423001949	360	19	6	0	154	0.299610894942
0.477526238599	0.292397660819	361	19	6	0	154	0.299029126214
0.477997243238	0.292397660819	362	19	6	0	154	0.298449612403
0.478377680958	0.293372319688	363	19	6	0	154	0.297872340426
0.478981732284	0.294346978558	364	19	6	0	154	0.297297297297
0.479692848027	0.295321637427	365	19	6	0	154	0.296724470135
0.481621805167	0.296296296296	366	19	6	0	154	0.296153846154
0.481642833056	0.296296296296	367	19	6	0	154	0.295585412668
0.481692018551	0.297270955166	368	19	6	0	154	0.295019157088
0.487853435493	0.298245614035	369	19	6	0	154	0.294455066922
0.488728633152	0.298245614035	370	19	6	0	154	0.293893129771
0.48881390059	0.299220272904	371	19	6	0	154	0.293333333333
0.489109391207	0.300194931774	372	19	6	0	154	0.292775665399
0.491702832805	0.301169590643	373	19	6	0	154	0.292220113852
0.492099921397	0.302144249513	374	19	6	0	154	0.291666666667
0.492415140256	0.302144249513	375	19	6	0	154	0.291115311909
0.496574369759	0.303118908382	376	19	6	0	154	0.290566037736
0.497588460353	0.304093567251	377	19	6	0	154	0.290018832392
0.498800479359	0.304093567251	378	19	6	0	154	0.289473684211
0.499645115388	0.305068226121	379	19	6	0	154	0.288930581614
0.501285468211	0.30604288499	380	19	6	0	154	0.288389513109
0.504123297331	0.305068226121	381	19	6	0	154	0.28785046729
0.50432385657	0.304093567251	382	19	6	0	154	0.287313432836
0.505428184556	0.302144249513	382	20	3	0	156	0.289962825279
0.505512824921	0.303118908382	383	20	3	0	156	0.289424860853
0.506686257651	0.304093567251	384	20	3	0	156	0.288888888889
0.507651204065	0.305068226121	385	20	3	0	156	0.288354898336
0.507809692908	0.30604288499	386	20	3	0	156	0.287822878229
0.510001544792	0.30604288499	387	20	3	0	156	0.28729281768
0.511016656417	0.30701754386	388	20	3	0	156	0.286764705882
0.511623774556	0.30604288499	389	20	3	0	156	0.28623853211
0.514517656731	0.305068226121	390	20	3	0	156	0.285714285714
0.51658163781	0.305068226121	391	20	3	0	156	0.285191956124
0.517720631716	0.30604288499	392	20	3	0	156	0.284671532847
0.517807560495	0.30701754386	393	20	3	0	156	0.284153005464
0.518596412551	0.307992202729	394	20	3	0	156	0.283636363636
0.519048576712	0.308966861598	395	20	3	0	156	0.283121597096
0.520126293775	0.309941520468	396	20	3	0	156	0.282608695652
0.521684891304	0.310916179337	397	20	3	0	156	0.282097649186
0.523914705496	0.310916179337	398	20	3	0	156	0.281588447653
0.525753379041	0.294346978558	398	21	63	0	173	0.302977232925
0.529846108417	0.294346978558	399	21	63	0	173	0.302447552448
0.530947741341	0.295321637427	400	21	63	0	173	0.301919720768
0.532415665823	0.296296296296	401	21	63	0	173	0.301393728223
0.534792457586	0.297270955166	402	21	63	0	173	0.300869565217
0.53766321595	0.297270955166	403	21	63	0	173	0.300347222222
0.53774832686	0.298245614035	404	21	63	0	173	0.299826689775
0.538014594463	0.299220272904	405	21	63	0	173	0.299307958478
0.540481931688	0.300194931774	406	21	63	0	173	0.298791018998
0.540997848384	0.301169590643	407	21	63	0	173	0.298275862069
0.543628765627	0.302144249513	408	21	63	0	173	0.297762478485
0.543997813254	0.303118908382	409	21	63	0	173	0.297250859107
0.54427218966	0.303118908382	410	21	63	0	173	0.296740994854
0.544999601853	0.304093567251	411	21	63	0	173	0.296232876712
0.545008444324	0.304093567251	412	21	63	0	173	0.295726495726
0.545074910771	0.304093567251	413	21	63	0	173	0.295221843003
0.54776895087	0.304093567251	414	21	63	0	173	0.29471890971
0.549212443018	0.305068226121	415	21	63	0	173	0.294217687075
0.549808179645	0.30604288499	416	21	63	0	173	0.293718166384
0.5511533845	0.30701754386	417	21	63	0	173	0.293220338983
0.551242196968	0.30701754386	418	21	63	0	173	0.292724196277
0.55137002225	0.307992202729	419	21	63	0	173	0.29222972973
0.551679800886	0.30701754386	420	21	63	0	173	0.29173693086
0.552084956465	0.30604288499	421	21	63	0	173	0.291245791246
0.552417173086	0.305068226121	422	21	63	0	173	0.290756302521
0.553568514981	0.304093567251	423	21	63	0	173	0.290268456376
0.554948508602	0.304093567251	424	21	63	0	173	0.289782244556
0.556631231612	0.305068226121	425	21	63	0	173	0.289297658863
0.556960111607	0.305068226121	426	21	63	0	173	0.288814691152
0.557002161487	0.304093567251	427	21	63	0	173	0.288333333333
0.557492579983	0.305068226121	428	21	63	0	173	0.287853577371
0.559135315751	0.305068226121	429	21	63	0	173	0.287375415282
0.559535934402	0.305068226121	429	22	27	0	173	0.287375415282
0.560150861609	0.30604288499	430	22	27	0	173	0.286898839138
0.561679724791	0.30604288499	431	22	27	0	173	0.28642384106
0.563055813127	0.30701754386	432	22	27	0	173	0.285950413223
0.570138816689	0.307992202729	433	22	27	0	173	0.285478547855
0.571636963356	0.308966861598	434	22	27	0	173	0.285008237232
0.572633380456	0.309941520468	435	22	27	0	173	0.284539473684
0.573075025024	0.309941520468	436	22	27	0	173	0.284072249589
0.57425170956	0.310916179337	437	22	27	0	173	0.283606557377
0.575100636888	0.310916179337	438	22	27	0	173	0.283142389525
0.575458730079	0.311890838207	439	22	27	0	173	0.282679738562
0.577066746142	0.311890838207	440	22	27	0	173	0.282218597064
0.581949399395	0.312865497076	441	22	27	0	173	0.281758957655
0.582940610763	0.313840155945	442	22	27	0	173	0.281300813008
0.585810632159	0.313840155945	443	22	27	0	173	0.280844155844
0.587797798589	0.314814814815	444	22	27	0	173	0.28038897893
0.587993403585	0.315789473684	445	22	27	0	173	0.279935275081
0.588243349155	0.316764132554	446	22	27	0	173	0.279483037157
0.589825758659	0.317738791423	447	22	27	0	173	0.279032258065
0.592063146664	0.318713450292	448	22	27	0	173	0.278582930757
0.594567863794	0.319688109162	449	22	27	0	173	0.278135048232
0.595632679547	0.319688109162	450	22	27	0	173	0.277688603531
0.596109002139	0.319688109162	451	22	27	0	173	0.277243589744
0.598241375117	0.320662768031	452	22	27	0	173	0.2768
0.598977240688	0.319688109162	453	22	27	0	173	0.276357827476
0.599018598412	0.320662768031	454	22	27	0	173	0.275917065391
0.599066922477	0.320662768031	455	22	27	0	173	0.275477707006
0.599216925388	0.305068226121	455	23	39	0	189	0.29347826087
0.599683737069	0.30604288499	456	23	39	0	189	0.293023255814
0.5999404101	0.30701754386	457	23	39	0	189	0.292569659443
0.600148391688	0.30701754386	458	23	39	0	189	0.292117465224
0.600253135378	0.307992202729	459	23	39	0	189	0.291666666667
0.604721052001	0.308966861598	460	23	39	0	189	0.291217257319
0.605159419886	0.309941520468	461	23	39	0	189	0.290769230769
0.605720531255	0.309941520468	462	23	39	0	189	0.290322580645
0.612537549713	0.310916179337	463	23	39	0	189	0.289877300613
0.612986819801	0.311890838207	464	23	39	0	189	0.28943338438
0.613010430896	0.312865497076	465	23	39	0	189	0.288990825688
0.61496377344	0.313840155945	466	23	39	0	189	0.288549618321
0.617324549254	0.314814814815	467	23	39	0	189	0.288109756098
0.619068083024	0.315789473684	468	23	39	0	189	0.287671232877
0.619464112498	0.310916179337	468	24	9	0	194	0.293051359517
0.621234619423	0.311890838207	469	24	9	0	194	0.292609351433
0.621624254537	0.311890838207	470	24	9	0	194	0.292168674699
0.622438280272	0.311890838207	471	24	9	0	194	0.291729323308
0.622540033176	0.312865497076	472	24	9	0	194	0.291291291291
0.622560433403	0.313840155945	473	24	9	0	194	0.290854572714
0.623493468894	0.314814814815	474	24	9	0	194	0.290419161677
0.624629552607	0.313840155945	475	24	9	0	194	0.289985052317
0.627842013136	0.314814814815	476	24	9	0	194	0.289552238806
0.631667062043	0.315789473684	477	24	9	0	194	0.28912071535
0.633265889829	0.316764132554	478	24	9	0	194	0.28869047619
0.634984409319	0.317738791423	479	24	9	0	194	0.288261515602
0.637249738242	0.318713450292	480	24	9	0	194	0.287833827893
0.637269615954	0.319688109162	481	24	9	0	194	0.287407407407
0.645400544394	0.320662768031	482	24	9	0	194	0.286982248521
0.646430287857	0.321637426901	483	24	9	0	194	0.286558345643
0.646744472694	0.321637426901	484	24	9	0	194	0.286135693215
0.647674215715	0.32261208577	485	24	9	0	194	0.285714285714
0.648102881049	0.323586744639	486	24	9	0	194	0.285294117647
0.649078517713	0.324561403509	487	24	9	0	194	0.284875183554
0.649362869442	0.324561403509	488	24	9	0	194	0.284457478006
0.659785562933	0.325536062378	489	24	9	0	194	0.284040995608
0.659853865559	0.324561403509	490	24	9	0	194	0.283625730994
0.660175637389	0.325536062378	491	24	9	0	194	0.283211678832
0.661094454168	0.324561403509	491	25	15	0	195	0.284256559767
0.661211856356	0.325536062378	492	25	15	0	195	0.28384279476
0.661879254357	0.326510721248	493	25	15	0	195	0.283430232558
0.663754288723	0.323586744639	493	26	9	0	198	0.286541244573
0.663761980353	0.323586744639	494	26	9	0	198	0.28612716763
0.664735520308	0.323586744639	495	26	9	0	198	0.285714285714
0.66507471867	0.324561403509	496	26	9	0	198	0.28530259366
0.665916732105	0.324561403509	497	26	9	0	198	0.284892086331
0.666477784224	0.324561403509	498	26	9	0	198	0.284482758621
0.667843213733	0.309941520468	498	27	36	0	213	0.299578059072
0.668506826449	0.310916179337	499	27	36	0	213	0.299157303371
0.668987787379	0.311890838207	500	27	36	0	213	0.29873772791
0.670573070054	0.312865497076	501	27	36	0	213	0.298319327731
0.671520964059	0.313840155945	502	27	36	0	213	0.297902097902
0.672875849721	0.312865497076	503	27	36	0	213	0.29748603352
0.672925668245	0.312865497076	504	27	36	0	213	0.297071129707
0.675576254006	0.313840155945	505	27	36	0	213	0.296657381616
0.677066037411	0.300194931774	505	28	39	0	227	0.310109289617
0.678452896595	0.301169590643	506	28	39	0	227	0.30968622101
0.680964751541	0.301169590643	507	28	39	0	227	0.309264305177
0.68101795171	0.301169590643	508	28	39	0	227	0.308843537415
0.68135231771	0.302144249513	509	28	39	0	227	0.308423913043
0.681895662861	0.301169590643	510	28	39	0	227	0.308005427408
0.6821895555	0.301169590643	511	28	39	0	227	0.307588075881
0.68386668127	0.302144249513	512	28	39	0	227	0.307171853857
0.685363572508	0.303118908382	513	28	39	0	227	0.306756756757
0.688212330542	0.304093567251	514	28	39	0	227	0.306342780027
0.689058157171	0.305068226121	515	28	39	0	227	0.305929919137
0.689740802828	0.305068226121	516	28	39	0	227	0.305518169583
0.692049734671	0.30604288499	517	28	39	0	227	0.305107526882
0.696224930633	0.293372319688	517	29	42	0	240	0.317040951123
0.699217972807	0.294346978558	518	29	42	0	240	0.316622691293
0.699831352969	0.295321637427	519	29	42	0	240	0.316205533597
0.700981670326	0.294346978558	520	29	42	0	240	0.315789473684
0.701014483089	0.295321637427	521	29	42	0	240	0.315374507227
0.701044187977	0.296296296296	522	29	42	0	240	0.314960629921
0.705154633785	0.295321637427	523	29	42	0	240	0.314547837484
0.705654554782	0.295321637427	524	29	42	0	240	0.314136125654
0.709782301117	0.296296296296	525	29	42	0	240	0.313725490196
0.710284349399	0.284600389864	525	30	48	0	252	0.324324324324
0.710446621303	0.284600389864	526	30	48	0	252	0.323907455013
0.712501369108	0.285575048733	527	30	48	0	252	0.323491655969
