# time 	 divergence 	 # of mutations 	 # IGC chances 	 IGC length 	 # IGC failures 	 Changes due to IGC  	 % change due to IGC 
0.0	0.0184049079755	0	0	0	0	0	0.0
0.00159672454714	0.0204498977505	1	0	0	0	0	0.0
0.0018182161054	0.0184049079755	1	1	48	0	1	0.5
0.00317535780313	0.0184049079755	1	2	33	0	1	0.5
0.00330665435185	0.0204498977505	2	2	33	0	1	0.333333333333
0.00856201255193	0.0224948875256	3	2	33	0	1	0.25
0.00887734379992	0.0245398773006	4	2	33	0	1	0.2
0.00924383593071	0.0265848670757	5	2	33	0	1	0.166666666667
0.009446377948	0.0286298568507	6	2	33	0	1	0.142857142857
0.0100050943716	0.0265848670757	6	3	9	0	2	0.25
0.0121175121728	0.0265848670757	6	4	24	0	2	0.25
0.0125482669019	0.0245398773006	6	5	27	0	3	0.333333333333
0.0127950296781	0.0245398773006	6	6	33	0	3	0.333333333333
0.0141985595813	0.0224948875256	6	7	12	0	4	0.4
0.0142360205239	0.0204498977505	6	8	96	0	5	0.454545454545
0.0143986982382	0.0224948875256	7	8	96	0	5	0.416666666667
0.0145435720481	0.0122699386503	7	9	120	0	10	0.588235294118
0.0160638990458	0.0122699386503	7	10	18	0	10	0.588235294118
0.0165970747	0.0122699386503	7	11	42	0	10	0.588235294118
0.0230860472543	0.0143149284254	8	11	42	0	10	0.555555555556
0.0233571975686	0.0163599182004	9	11	42	0	10	0.526315789474
