# time 	 divergence 	 # of mutations 	 # IGC chances 	 IGC length 	 # IGC failures 	 Changes due to IGC  	 % change due to IGC 
0.0	0.0	0	0	0	0	0	0.0
0.00235438710144	0.00213675213675	1	0	0	0	0	0.0
0.00422860956907	0.0042735042735	2	0	0	0	0	0.0
0.00499919806447	0.00641025641026	3	0	0	0	0	0.0
0.00600893644238	0.00854700854701	4	0	0	0	0	0.0
0.0147777630109	0.0106837606838	5	0	0	0	0	0.0
0.0155712108595	0.0128205128205	6	0	0	0	0	0.0
0.0162351310324	0.0149572649573	7	0	0	0	0	0.0
0.0176797808365	0.017094017094	8	0	0	0	0	0.0
0.0268346820354	0.0192307692308	9	0	0	0	0	0.0
0.0342300202848	0.0213675213675	10	0	0	0	0	0.0
0.0346167648763	0.0235042735043	11	0	0	0	0	0.0
0.0355891341495	0.025641025641	12	0	0	0	0	0.0
0.0443472286304	0.0277777777778	13	0	0	0	0	0.0
0.0479762845144	0.0299145299145	14	0	0	0	0	0.0
0.0488321245847	0.0320512820513	15	0	0	0	0	0.0
0.0549098224118	0.034188034188	16	0	0	0	0	0.0
0.055169264891	0.0363247863248	17	0	0	0	0	0.0
0.0553583509355	0.0384615384615	18	0	0	0	0	0.0
0.0583942882062	0.0405982905983	19	0	0	0	0	0.0
0.0588061320439	0.042735042735	20	0	0	0	0	0.0
0.0603948346846	0.0448717948718	21	0	0	0	0	0.0
0.0640441439677	0.0470085470085	22	0	0	0	0	0.0
0.0663297488399	0.0491452991453	23	0	0	0	0	0.0
0.0668012034641	0.0512820512821	24	0	0	0	0	0.0
0.0693496644454	0.0534188034188	25	0	0	0	0	0.0
0.0698400885128	0.0555555555556	26	0	0	0	0	0.0
0.0746392659402	0.0576923076923	27	0	0	0	0	0.0
0.0783682806266	0.0598290598291	28	0	0	0	0	0.0
0.0806661077311	0.0619658119658	29	0	0	0	0	0.0
0.0893513219681	0.0641025641026	30	0	0	0	0	0.0
0.0905173176854	0.0662393162393	31	0	0	0	0	0.0
0.100346018603	0.0683760683761	32	0	0	0	0	0.0
0.105249899661	0.0705128205128	33	0	0	0	0	0.0
0.109899081437	0.0726495726496	34	0	0	0	0	0.0
0.112918398636	0.0747863247863	35	0	0	0	0	0.0
0.115041255888	0.0769230769231	36	0	0	0	0	0.0
0.127038118847	0.0790598290598	37	0	0	0	0	0.0
0.134956487172	0.0811965811966	38	0	0	0	0	0.0
0.147405655137	0.0833333333333	39	0	0	0	0	0.0
0.15001494774	0.0811965811966	40	0	0	0	0	0.0
0.152607697306	0.0833333333333	41	0	0	0	0	0.0
0.157848880686	0.0854700854701	42	0	0	0	0	0.0
0.159169341424	0.0876068376068	43	0	0	0	0	0.0
0.161598447034	0.0897435897436	44	0	0	0	0	0.0
