# time 	 divergence 	 # of mutations 	 # IGC chances 	 IGC length 	 # IGC failures 	 Changes due to IGC  	 % change due to IGC 
0.0	0.194623655914	0	0	0	0	0	0.0
0.000210451878445	0.193548387097	1	0	0	0	0	0.0
0.00177182170268	0.191397849462	1	1	3	0	2	0.666666666667
0.00330840704175	0.187096774194	1	2	18	0	6	0.857142857143
0.00476436213907	0.187096774194	2	2	18	0	6	0.75
0.00486873203949	0.188172043011	3	2	18	0	6	0.666666666667
0.00659725588202	0.183870967742	3	3	9	0	10	0.769230769231
0.00749494702256	0.182795698925	4	3	9	0	10	0.714285714286
0.00769457714945	0.179569892473	4	4	18	0	13	0.764705882353
0.00772569226914	0.18064516129	5	4	18	0	13	0.722222222222
0.00941005752622	0.181720430108	6	4	18	0	13	0.684210526316
0.00985854408874	0.182795698925	7	4	18	0	13	0.65
0.0100153166201	0.182795698925	8	4	18	0	13	0.619047619048
0.0115689679759	0.183870967742	9	4	18	0	13	0.590909090909
0.0121789897745	0.184946236559	10	4	18	0	13	0.565217391304
0.0122615746675	0.186021505376	11	4	18	0	13	0.541666666667
0.0130106922615	0.183870967742	11	5	15	0	15	0.576923076923
0.014166548918	0.184946236559	12	5	15	0	15	0.555555555556
0.0144695772679	0.184946236559	12	6	3	0	15	0.555555555556
0.0158719666067	0.186021505376	13	6	3	0	15	0.535714285714
0.0162975005365	0.186021505376	14	6	3	0	15	0.51724137931
0.0167613660594	0.187096774194	15	6	3	0	15	0.5
0.0170957283633	0.188172043011	16	6	3	0	15	0.483870967742
0.0176478195569	0.189247311828	17	6	3	0	15	0.46875
0.0184836757071	0.18064516129	17	7	39	0	23	0.575
0.0244448116024	0.18064516129	17	8	3	0	23	0.575
0.0251346009943	0.181720430108	18	8	3	0	23	0.560975609756
0.026177568856	0.181720430108	18	9	9	0	23	0.560975609756
0.0263494553219	0.182795698925	19	9	9	0	23	0.547619047619
0.0283164070129	0.183870967742	20	9	9	0	23	0.53488372093
0.0283225059766	0.184946236559	21	9	9	0	23	0.522727272727
0.0294098920695	0.186021505376	22	9	9	0	23	0.511111111111
0.0323868896144	0.187096774194	23	9	9	0	23	0.5
0.0338793615361	0.187096774194	24	9	9	0	23	0.489361702128
0.0356246974644	0.187096774194	24	10	3	0	23	0.489361702128
0.0360917386782	0.187096774194	24	11	6	0	23	0.489361702128
0.036251620554	0.188172043011	25	11	6	0	23	0.479166666667
0.0387585928614	0.189247311828	26	11	6	0	23	0.469387755102
0.039593340603	0.188172043011	26	12	3	0	24	0.48
0.0399595532347	0.187096774194	27	12	3	0	24	0.470588235294
0.0418733073104	0.187096774194	28	12	3	0	24	0.461538461538
0.0430545962667	0.184946236559	28	13	9	0	26	0.481481481481
0.0434010112835	0.184946236559	29	13	9	0	26	0.472727272727
0.0459047691301	0.186021505376	30	13	9	0	26	0.464285714286
0.0465699085423	0.187096774194	31	13	9	0	26	0.456140350877
0.0466528702629	0.186021505376	32	13	9	0	26	0.448275862069
0.0470951827963	0.187096774194	33	13	9	0	26	0.440677966102
0.0473542901794	0.188172043011	34	13	9	0	26	0.433333333333
0.0537595330178	0.184946236559	34	14	12	0	29	0.460317460317
0.0541676348374	0.186021505376	35	14	12	0	29	0.453125
0.0568814459611	0.186021505376	35	15	6	0	29	0.453125
0.0591379428641	0.187096774194	36	15	6	0	29	0.446153846154
0.0598269025829	0.188172043011	37	15	6	0	29	0.439393939394
0.0609448291439	0.188172043011	38	15	6	0	29	0.432835820896
0.0624871316162	0.189247311828	39	15	6	0	29	0.426470588235
0.0631545262006	0.190322580645	40	15	6	0	29	0.420289855072
0.0649618854636	0.191397849462	41	15	6	0	29	0.414285714286
0.065701188257	0.190322580645	42	15	6	0	29	0.408450704225
0.068069935969	0.191397849462	43	15	6	0	29	0.402777777778
0.0681916638729	0.19247311828	44	15	6	0	29	0.397260273973
0.0696750596226	0.193548387097	45	15	6	0	29	0.391891891892
0.0700783299091	0.193548387097	46	15	6	0	29	0.386666666667
0.0712734041522	0.189247311828	46	16	6	0	33	0.417721518987
0.0725664835005	0.186021505376	46	17	9	0	36	0.439024390244
0.0730818669535	0.187096774194	47	17	9	0	36	0.433734939759
0.0747965530007	0.188172043011	48	17	9	0	36	0.428571428571
0.0763542224858	0.189247311828	49	17	9	0	36	0.423529411765
0.0763578463058	0.190322580645	50	17	9	0	36	0.418604651163
0.0766922756566	0.191397849462	51	17	9	0	36	0.413793103448
0.077053755415	0.19247311828	52	17	9	0	36	0.409090909091
0.0774103080339	0.189247311828	52	18	30	0	39	0.428571428571
0.0777782393444	0.188172043011	53	18	30	0	39	0.423913043478
0.0778747100587	0.189247311828	54	18	30	0	39	0.41935483871
0.0791730604329	0.187096774194	54	19	3	0	41	0.431578947368
0.0800634614439	0.186021505376	55	19	3	0	41	0.427083333333
0.0808297400464	0.186021505376	56	19	3	0	41	0.422680412371
0.081039726362	0.187096774194	57	19	3	0	41	0.418367346939
0.0822616975384	0.188172043011	58	19	3	0	41	0.414141414141
0.0831702474472	0.189247311828	59	19	3	0	41	0.41
0.0833964368747	0.189247311828	59	20	3	0	41	0.41
0.0859855062075	0.190322580645	60	20	3	0	41	0.405940594059
0.0861542650796	0.190322580645	61	20	3	0	41	0.401960784314
0.0927585821557	0.190322580645	61	21	3	0	41	0.401960784314
0.0944579553073	0.191397849462	62	21	3	0	41	0.398058252427
0.0983625948992	0.190322580645	62	22	18	0	42	0.403846153846
0.099060299732	0.189247311828	63	22	18	0	42	0.4
0.0997472856994	0.190322580645	64	22	18	0	42	0.396226415094
0.100295390276	0.191397849462	65	22	18	0	42	0.392523364486
0.101412984567	0.189247311828	65	23	3	0	44	0.403669724771
0.10142396868	0.188172043011	66	23	3	0	44	0.4
0.102004665458	0.189247311828	67	23	3	0	44	0.396396396396
0.103105533008	0.184946236559	67	24	9	0	48	0.417391304348
0.103113676551	0.186021505376	68	24	9	0	48	0.413793103448
0.103405745403	0.187096774194	69	24	9	0	48	0.410256410256
0.107736851374	0.187096774194	70	24	9	0	48	0.406779661017
0.10835865555	0.188172043011	71	24	9	0	48	0.403361344538
0.110363263139	0.188172043011	71	25	12	0	48	0.403361344538
0.110821908984	0.188172043011	71	26	6	0	48	0.403361344538
0.110867748897	0.189247311828	72	26	6	0	48	0.4
0.11102861641	0.190322580645	73	26	6	0	48	0.396694214876
0.11195857153	0.191397849462	74	26	6	0	48	0.393442622951
0.114676248704	0.19247311828	75	26	6	0	48	0.390243902439
0.1157655454	0.19247311828	75	27	3	0	48	0.390243902439
0.117944083973	0.193548387097	76	27	3	0	48	0.387096774194
0.121793535793	0.194623655914	77	27	3	0	48	0.384
0.122742493234	0.194623655914	78	27	3	0	48	0.380952380952
0.122863024067	0.195698924731	79	27	3	0	48	0.377952755906
0.123354255112	0.195698924731	80	27	3	0	48	0.375
0.127594905435	0.196774193548	81	27	3	0	48	0.372093023256
0.128922736517	0.197849462366	82	27	3	0	48	0.369230769231
0.129173380813	0.198924731183	83	27	3	0	48	0.36641221374
0.132163678736	0.2	84	27	3	0	48	0.363636363636
0.132354483189	0.201075268817	85	27	3	0	48	0.360902255639
0.1368130905	0.202150537634	86	27	3	0	48	0.358208955224
0.139923618745	0.203225806452	87	27	3	0	48	0.355555555556
0.141107801493	0.204301075269	88	27	3	0	48	0.352941176471
0.142198413509	0.203225806452	89	27	3	0	48	0.350364963504
0.142812235577	0.198924731183	89	28	18	0	52	0.368794326241
0.143632348887	0.198924731183	90	28	18	0	52	0.366197183099
0.144027173652	0.2	91	28	18	0	52	0.363636363636
0.145455952311	0.197849462366	91	29	3	0	54	0.372413793103
0.1455622967	0.198924731183	92	29	3	0	54	0.369863013699
0.147132696934	0.197849462366	92	30	6	0	55	0.374149659864
0.149351433203	0.197849462366	93	30	6	0	55	0.371621621622
0.149366236058	0.198924731183	94	30	6	0	55	0.369127516779
0.150136018206	0.2	95	30	6	0	55	0.366666666667
0.154669784148	0.201075268817	96	30	6	0	55	0.364238410596
0.15490018369	0.2	97	30	6	0	55	0.361842105263
0.157419233667	0.198924731183	97	31	3	0	56	0.366013071895
0.158832088373	0.2	98	31	3	0	56	0.363636363636
0.159286139379	0.201075268817	99	31	3	0	56	0.361290322581
