# time 	 divergence 	 # of mutations 	 # IGC chances 	 IGC length 	 # IGC failures 	 Changes due to IGC  	 % change due to IGC 
0.0	0.0327198364008	0	0	0	0	0	0.0
0.000887081595903	0.0347648261759	1	0	0	0	0	0.0
0.0106682433689	0.0368098159509	2	0	0	0	0	0.0
0.0114494451268	0.0265848670757	2	1	99	0	5	0.714285714286
0.0118119483449	0.0286298568507	3	1	99	0	5	0.625
0.0123943811362	0.0306748466258	4	1	99	0	5	0.555555555556
0.0126418689165	0.0327198364008	5	1	99	0	5	0.5
0.0130252152495	0.0347648261759	6	1	99	0	5	0.454545454545
0.0133547276217	0.0368098159509	7	1	99	0	5	0.416666666667
0.0150178500771	0.038854805726	8	1	99	0	5	0.384615384615
0.0165988407194	0.040899795501	9	1	99	0	5	0.357142857143
0.0183870616096	0.038854805726	10	1	99	0	5	0.333333333333
0.020053013838	0.040899795501	11	1	99	0	5	0.3125
0.0258289809191	0.0429447852761	12	1	99	0	5	0.294117647059
0.0284687085448	0.0449897750511	13	1	99	0	5	0.277777777778
0.0298423277364	0.0470347648262	14	1	99	0	5	0.263157894737
0.032618602232	0.0490797546012	15	1	99	0	5	0.25
0.033649660815	0.0511247443763	16	1	99	0	5	0.238095238095
0.0342416518828	0.0531697341513	17	1	99	0	5	0.227272727273
0.0346456621891	0.0552147239264	18	1	99	0	5	0.217391304348
0.0349580178933	0.0572597137014	19	1	99	0	5	0.208333333333
0.0373049437002	0.0593047034765	20	1	99	0	5	0.2
0.0375997429984	0.0613496932515	21	1	99	0	5	0.192307692308
0.0386966861405	0.0633946830266	22	1	99	0	5	0.185185185185
0.040601495738	0.0654396728016	23	1	99	0	5	0.178571428571
0.0411573568815	0.0674846625767	24	1	99	0	5	0.172413793103
0.0435830986437	0.0695296523517	25	1	99	0	5	0.166666666667
0.0438872342845	0.0715746421268	26	1	99	0	5	0.161290322581
0.0496733998704	0.0613496932515	26	2	66	0	10	0.277777777778
0.0509707673046	0.0633946830266	27	2	66	0	10	0.27027027027
0.0548772373331	0.0470347648262	27	3	141	0	18	0.4
0.0557807187025	0.0490797546012	28	3	141	0	18	0.391304347826
