# time 	 divergence 	 # of mutations 	 # IGC chances 	 IGC length 	 # IGC failures 	 Changes due to IGC  	 % change due to IGC 
0.0	0.582846003899	0	0	0	0	0	0.0
0.0015037713353	0.582846003899	1	0	0	0	0	0.0
0.00698316349819	0.582846003899	2	0	0	0	0	0.0
0.00832020491773	0.583820662768	3	0	0	0	0	0.0
0.00921268000376	0.583820662768	4	0	0	0	0	0.0
0.0101257426066	0.584795321637	5	0	0	0	0	0.0
0.010513213878	0.585769980507	6	0	0	0	0	0.0
0.0113007501814	0.586744639376	7	0	0	0	0	0.0
0.0115669413247	0.586744639376	8	0	0	0	0	0.0
0.0156025264628	0.583820662768	8	1	3	0	3	0.272727272727
0.0211138564907	0.583820662768	9	1	3	0	3	0.25
0.0243798272355	0.582846003899	10	1	3	0	3	0.230769230769
0.0245335486517	0.581871345029	10	2	3	0	4	0.285714285714
0.0259953877875	0.582846003899	11	2	3	0	4	0.266666666667
0.0260006450279	0.582846003899	12	2	3	0	4	0.25
0.0264574533334	0.583820662768	13	2	3	0	4	0.235294117647
0.0270500100812	0.583820662768	14	2	3	0	4	0.222222222222
0.0282062657362	0.583820662768	14	3	3	0	4	0.222222222222
0.0285193713176	0.582846003899	15	3	3	0	4	0.210526315789
0.0293683881172	0.582846003899	16	3	3	0	4	0.2
0.0296746348437	0.581871345029	17	3	3	0	4	0.190476190476
0.0313918307808	0.581871345029	18	3	3	0	4	0.181818181818
0.0316667323848	0.581871345029	19	3	3	0	4	0.173913043478
0.0324663665474	0.581871345029	19	4	3	0	4	0.173913043478
0.033215605922	0.582846003899	20	4	3	0	4	0.166666666667
0.033988094236	0.582846003899	21	4	3	0	4	0.16
0.034093440094	0.583820662768	22	4	3	0	4	0.153846153846
0.0358990042927	0.584795321637	23	4	3	0	4	0.148148148148
0.0398607011436	0.584795321637	24	4	3	0	4	0.142857142857
0.0402650309922	0.584795321637	25	4	3	0	4	0.137931034483
0.0411748044022	0.584795321637	26	4	3	0	4	0.133333333333
0.0424013220957	0.584795321637	27	4	3	0	4	0.129032258065
0.0432250420455	0.584795321637	28	4	3	0	4	0.125
0.0436421862069	0.585769980507	29	4	3	0	4	0.121212121212
0.0451402049916	0.586744639376	30	4	3	0	4	0.117647058824
0.0470652866157	0.587719298246	31	4	3	0	4	0.114285714286
0.0512031336035	0.588693957115	32	4	3	0	4	0.111111111111
0.0533535890829	0.587719298246	33	4	3	0	4	0.108108108108
0.0534496032705	0.587719298246	34	4	3	0	4	0.105263157895
0.0548250231747	0.588693957115	35	4	3	0	4	0.102564102564
0.0558839827938	0.587719298246	35	5	3	0	5	0.125
0.0567616308347	0.585769980507	35	6	3	0	7	0.166666666667
0.0595619698279	0.585769980507	36	6	3	0	7	0.162790697674
0.0595679632096	0.585769980507	37	6	3	0	7	0.159090909091
0.0631725493765	0.585769980507	38	6	3	0	7	0.155555555556
0.0684573010357	0.585769980507	39	6	3	0	7	0.152173913043
0.0684895294413	0.585769980507	40	6	3	0	7	0.148936170213
0.0685493667648	0.586744639376	41	6	3	0	7	0.145833333333
0.0687005284268	0.587719298246	42	6	3	0	7	0.142857142857
0.0693802847604	0.586744639376	43	6	3	0	7	0.14
0.070376413252	0.587719298246	44	6	3	0	7	0.137254901961
0.0777753165511	0.585769980507	44	7	3	0	9	0.169811320755
0.078352187257	0.585769980507	45	7	3	0	9	0.166666666667
0.0787959811122	0.586744639376	46	7	3	0	9	0.163636363636
0.0803667514845	0.585769980507	47	7	3	0	9	0.160714285714
0.0804239563673	0.584795321637	48	7	3	0	9	0.157894736842
0.0807135301849	0.585769980507	49	7	3	0	9	0.155172413793
0.0811587643085	0.584795321637	50	7	3	0	9	0.152542372881
0.0816263604423	0.585769980507	51	7	3	0	9	0.15
0.0825571989238	0.585769980507	52	7	3	0	9	0.147540983607
0.0831405587989	0.586744639376	53	7	3	0	9	0.145161290323
0.0835204121447	0.587719298246	54	7	3	0	9	0.142857142857
0.0837528705116	0.588693957115	55	7	3	0	9	0.140625
0.0863459244991	0.589668615984	56	7	3	0	9	0.138461538462
0.0865763898618	0.589668615984	57	7	3	0	9	0.136363636364
0.0883961364639	0.589668615984	58	7	3	0	9	0.134328358209
0.0885067044144	0.590643274854	59	7	3	0	9	0.132352941176
0.0911469517386	0.590643274854	60	7	3	0	9	0.130434782609
0.0922011761698	0.591617933723	61	7	3	0	9	0.128571428571
0.0923173579546	0.591617933723	62	7	3	0	9	0.12676056338
0.0935834383595	0.591617933723	63	7	3	0	9	0.125
0.0943544332339	0.592592592593	64	7	3	0	9	0.123287671233
0.0945542828196	0.592592592593	65	7	3	0	9	0.121621621622
0.0964782021626	0.593567251462	66	7	3	0	9	0.12
0.0985815167318	0.593567251462	67	7	3	0	9	0.118421052632
0.0991166888592	0.593567251462	68	7	3	0	9	0.116883116883
0.0992016108561	0.593567251462	69	7	3	0	9	0.115384615385
0.100623595465	0.593567251462	70	7	3	0	9	0.113924050633
0.103391114815	0.594541910331	71	7	3	0	9	0.1125
0.104324811507	0.595516569201	72	7	3	0	9	0.111111111111
0.104558935907	0.595516569201	73	7	3	0	9	0.109756097561
0.104602673772	0.594541910331	74	7	3	0	9	0.10843373494
0.104814134476	0.595516569201	75	7	3	0	9	0.107142857143
0.108207674647	0.594541910331	76	7	3	0	9	0.105882352941
0.110726367455	0.593567251462	77	7	3	0	9	0.104651162791
0.111328130831	0.593567251462	78	7	3	0	9	0.103448275862
0.111730492031	0.593567251462	79	7	3	0	9	0.102272727273
0.111746388975	0.592592592593	80	7	3	0	9	0.101123595506
0.11998158343	0.593567251462	81	7	3	0	9	0.1
0.120194093245	0.594541910331	82	7	3	0	9	0.0989010989011
0.12199393083	0.591617933723	82	8	3	0	12	0.127659574468
0.122311660601	0.590643274854	83	8	3	0	12	0.126315789474
0.122435583386	0.590643274854	84	8	3	0	12	0.125
0.122794571042	0.590643274854	85	8	3	0	12	0.123711340206
0.126300934262	0.591617933723	86	8	3	0	12	0.122448979592
0.128494744051	0.591617933723	87	8	3	0	12	0.121212121212
0.128564482945	0.589668615984	87	9	3	0	14	0.138613861386
0.128634679305	0.590643274854	88	9	3	0	14	0.137254901961
0.130384239676	0.589668615984	89	9	3	0	14	0.135922330097
0.130470599529	0.589668615984	90	9	3	0	14	0.134615384615
0.13059076255	0.590643274854	91	9	3	0	14	0.133333333333
0.133421112255	0.591617933723	92	9	3	0	14	0.132075471698
0.133586363844	0.590643274854	93	9	3	0	14	0.130841121495
0.133646086897	0.589668615984	94	9	3	0	14	0.12962962963
0.134371597837	0.588693957115	95	9	3	0	14	0.128440366972
0.134412012408	0.589668615984	96	9	3	0	14	0.127272727273
0.135965954429	0.590643274854	97	9	3	0	14	0.126126126126
0.13797167007	0.590643274854	98	9	3	0	14	0.125
0.138507386519	0.590643274854	99	9	3	0	14	0.12389380531
0.139222370442	0.590643274854	100	9	3	0	14	0.122807017544
0.141714939666	0.589668615984	101	9	3	0	14	0.121739130435
0.142895560132	0.589668615984	102	9	3	0	14	0.120689655172
0.143242119371	0.589668615984	103	9	3	0	14	0.119658119658
0.144003991438	0.589668615984	104	9	3	0	14	0.118644067797
0.144055333269	0.588693957115	104	10	3	0	15	0.126050420168
0.144098562274	0.589668615984	105	10	3	0	15	0.125
0.144529453928	0.590643274854	106	10	3	0	15	0.123966942149
0.14732269064	0.591617933723	107	10	3	0	15	0.122950819672
0.1480578231	0.592592592593	108	10	3	0	15	0.121951219512
0.148681199486	0.592592592593	109	10	3	0	15	0.120967741935
0.148949437463	0.592592592593	110	10	3	0	15	0.12
0.149628981192	0.593567251462	111	10	3	0	15	0.119047619048
0.150795420179	0.592592592593	112	10	3	0	15	0.11811023622
0.153578042958	0.591617933723	113	10	3	0	15	0.1171875
0.154589236369	0.590643274854	114	10	3	0	15	0.116279069767
0.15469625371	0.590643274854	114	11	3	0	15	0.116279069767
