# time 	 divergence 	 # of mutations 	 # IGC chances 	 IGC length 	 # IGC failures 	 Changes due to IGC  	 % change due to IGC 
0.0	0.0143149284254	0	0	0	0	0	0.0
0.00151475402571	0.0163599182004	1	0	0	0	0	0.0
0.00671727472347	0.0184049079755	2	0	0	0	0	0.0
0.00724643527899	0.0204498977505	3	0	0	0	0	0.0
0.00980401330807	0.0224948875256	4	0	0	0	0	0.0
0.0117389605804	0.0081799591002	4	1	312	0	7	0.636363636364
0.0154420222056	0.0102249488753	5	1	312	0	7	0.583333333333
0.0169521952216	0.0122699386503	6	1	312	0	7	0.538461538462
0.0174326657912	0.0143149284254	7	1	312	0	7	0.5
0.0186237884312	0.0163599182004	8	1	312	0	7	0.466666666667
0.0238945706994	0.0184049079755	9	1	312	0	7	0.4375
0.0282244464547	0.0204498977505	10	1	312	0	7	0.411764705882
0.0290078055632	0.0224948875256	11	1	312	0	7	0.388888888889
0.0300839548909	0.0245398773006	12	1	312	0	7	0.368421052632
0.0307967605754	0.0245398773006	12	2	15	0	7	0.368421052632
0.0314189185255	0.0265848670757	13	2	15	0	7	0.35
0.040327310983	0.0224948875256	13	3	36	0	9	0.409090909091
0.0405138724029	0.0245398773006	14	3	36	0	9	0.391304347826
0.042952169719	0.0224948875256	15	3	36	0	9	0.375
0.0448933914763	0.0224948875256	15	4	87	0	9	0.375
0.0450366846851	0.0184049079755	15	5	60	0	11	0.423076923077
0.0478493161358	0.0204498977505	16	5	60	0	11	0.407407407407
0.0487610088292	0.0224948875256	17	5	60	0	11	0.392857142857
0.0548378299916	0.0245398773006	18	5	60	0	11	0.379310344828
0.0565547495441	0.0265848670757	19	5	60	0	11	0.366666666667
0.0609194429442	0.0286298568507	20	5	60	0	11	0.354838709677
0.0610875959853	0.0306748466258	21	5	60	0	11	0.34375
0.0624566267887	0.0286298568507	21	6	57	0	12	0.363636363636
0.0667244147951	0.0265848670757	22	6	57	0	12	0.352941176471
0.0691279121483	0.0286298568507	23	6	57	0	12	0.342857142857
0.0708056017185	0.0306748466258	24	6	57	0	12	0.333333333333
0.070853891428	0.0184049079755	24	7	132	0	18	0.428571428571
0.073186597486	0.0081799591002	24	8	63	0	23	0.489361702128
0.0753380904426	0.0081799591002	24	9	12	0	23	0.489361702128
0.0775126086853	0.0040899795501	24	10	192	0	25	0.510204081633
0.0810253017812	0.00613496932515	25	10	192	0	25	0.5
0.0813050322976	0.0081799591002	26	10	192	0	25	0.490196078431
0.081380758202	0.0102249488753	27	10	192	0	25	0.480769230769
0.0834938666198	0.0122699386503	28	10	192	0	25	0.471698113208
0.0858651708261	0.0143149284254	29	10	192	0	25	0.462962962963
0.0862708679459	0.0102249488753	29	11	84	0	27	0.482142857143
0.0884596201657	0.0	29	12	489	0	32	0.524590163934
0.0887361452533	0.00204498977505	30	12	489	0	32	0.516129032258
0.100296593699	0.0040899795501	31	12	489	0	32	0.507936507937
0.101432344891	0.0040899795501	31	13	42	0	32	0.507936507937
0.101924181247	0.00613496932515	32	13	42	0	32	0.5
0.102285164533	0.0081799591002	33	13	42	0	32	0.492307692308
0.102338078103	0.00613496932515	33	14	144	0	33	0.5
0.103299757451	0.0081799591002	34	14	144	0	33	0.492537313433
0.103744103452	0.0102249488753	35	14	144	0	33	0.485294117647
0.105520941341	0.0122699386503	36	14	144	0	33	0.478260869565
0.106165682607	0.0081799591002	36	15	138	0	35	0.492957746479
0.10661606566	0.0102249488753	37	15	138	0	35	0.486111111111
0.106780378261	0.0040899795501	37	16	222	0	38	0.506666666667
0.106974166485	0.00613496932515	38	16	222	0	38	0.5
0.108546544635	0.0081799591002	39	16	222	0	38	0.493506493506
0.1143307713	0.0081799591002	39	17	15	0	38	0.493506493506
0.117799853188	0.0102249488753	40	17	15	0	38	0.487179487179
0.120068990804	0.0122699386503	41	17	15	0	38	0.481012658228
0.120945118929	0.0102249488753	41	18	45	0	39	0.4875
0.128865770977	0.0122699386503	42	18	45	0	39	0.481481481481
0.128891770546	0.0143149284254	43	18	45	0	39	0.475609756098
0.129095545365	0.0163599182004	44	18	45	0	39	0.469879518072
0.129195387232	0.0184049079755	45	18	45	0	39	0.464285714286
0.130413585257	0.0204498977505	46	18	45	0	39	0.458823529412
0.130419693768	0.0224948875256	47	18	45	0	39	0.453488372093
0.131777683054	0.0245398773006	48	18	45	0	39	0.448275862069
0.131894079921	0.0265848670757	49	18	45	0	39	0.443181818182
0.131934276625	0.0265848670757	49	19	42	0	39	0.443181818182
0.136616368644	0.0245398773006	50	19	42	0	39	0.438202247191
0.137065882814	0.0265848670757	51	19	42	0	39	0.433333333333
0.137566955255	0.0265848670757	51	20	15	0	39	0.433333333333
0.138580484248	0.0286298568507	52	20	15	0	39	0.428571428571
0.139390325386	0.0306748466258	53	20	15	0	39	0.423913043478
0.141111602084	0.0265848670757	53	21	111	0	41	0.436170212766
0.142617815252	0.0286298568507	54	21	111	0	41	0.431578947368
0.143602128291	0.0306748466258	55	21	111	0	41	0.427083333333
0.144830701848	0.0327198364008	56	21	111	0	41	0.422680412371
0.150762838992	0.0347648261759	57	21	111	0	41	0.418367346939
0.151728003464	0.0368098159509	58	21	111	0	41	0.414141414141
0.154780831387	0.0368098159509	59	21	111	0	41	0.41
0.158496547438	0.0327198364008	59	22	36	0	43	0.421568627451
0.15852006796	0.0347648261759	60	22	36	0	43	0.417475728155
0.160297381332	0.0368098159509	61	22	36	0	43	0.413461538462
0.160739326939	0.0224948875256	61	23	159	0	50	0.45045045045
0.168582259844	0.0245398773006	62	23	159	0	50	0.446428571429
