# time 	 divergence 	 # of mutations 	 # IGC chances 	 IGC length 	 # IGC failures 	 Changes due to IGC  	 % change due to IGC 
0.0	0.0	0	0	0	0	0	0.0
0.000793435896832	0.000974658869396	1	0	0	0	0	0.0
0.00301217903335	0.00194931773879	2	0	0	0	0	0.0
0.00613681253162	0.00292397660819	3	0	0	0	0	0.0
0.00764644538625	0.00389863547758	4	0	0	0	0	0.0
0.00916952638135	0.00487329434698	5	0	0	0	0	0.0
0.0137585625083	0.00584795321637	6	0	0	0	0	0.0
0.0139643746623	0.00682261208577	7	0	0	0	0	0.0
0.0167038459264	0.00779727095517	8	0	0	0	0	0.0
0.0185544325288	0.00877192982456	9	0	0	0	0	0.0
0.0212861011782	0.00974658869396	10	0	0	0	0	0.0
0.0239793240055	0.0107212475634	11	0	0	0	0	0.0
0.0241259695048	0.0116959064327	12	0	0	0	0	0.0
0.0241846474262	0.0126705653021	13	0	0	0	0	0.0
0.0253164660791	0.0136452241715	14	0	0	0	0	0.0
0.0256694299009	0.0146198830409	15	0	0	0	0	0.0
0.0261196647277	0.0155945419103	16	0	0	0	0	0.0
0.027099269662	0.0165692007797	17	0	0	0	0	0.0
0.0278966373684	0.0175438596491	18	0	0	0	0	0.0
0.0293253633072	0.0185185185185	19	0	0	0	0	0.0
0.0298880761019	0.0194931773879	20	0	0	0	0	0.0
0.0351819391601	0.0204678362573	21	0	0	0	0	0.0
0.036131919272	0.0214424951267	22	0	0	0	0	0.0
0.0363833510043	0.0224171539961	23	0	0	0	0	0.0
0.0397551838024	0.0233918128655	24	0	0	0	0	0.0
0.0442306737555	0.0243664717349	25	0	0	0	0	0.0
0.0448189158732	0.0253411306043	26	0	0	0	0	0.0
0.04521782876	0.0263157894737	27	0	0	0	0	0.0
0.0484318176148	0.0272904483431	28	0	0	0	0	0.0
0.051981824209	0.0282651072125	29	0	0	0	0	0.0
0.053744677464	0.0292397660819	30	0	0	0	0	0.0
0.0553723154828	0.0302144249513	31	0	0	0	0	0.0
0.0553969652952	0.0311890838207	32	0	0	0	0	0.0
0.055561024149	0.0321637426901	33	0	0	0	0	0.0
0.0588469817179	0.0331384015595	34	0	0	0	0	0.0
0.0595270506458	0.0341130604288	35	0	0	0	0	0.0
0.0604271975765	0.0350877192982	36	0	0	0	0	0.0
0.0605195704187	0.0360623781676	37	0	0	0	0	0.0
0.0620405723811	0.037037037037	38	0	0	0	0	0.0
0.0621407023843	0.0380116959064	39	0	0	0	0	0.0
0.06339904602	0.0389863547758	40	0	0	0	0	0.0
0.0639602834239	0.0399610136452	41	0	0	0	0	0.0
0.0693281958816	0.0409356725146	42	0	0	0	0	0.0
0.075053501937	0.041910331384	43	0	0	0	0	0.0
0.0764354420442	0.0428849902534	44	0	0	0	0	0.0
0.0765565201123	0.0438596491228	45	0	0	0	0	0.0
0.0768842682055	0.0448343079922	46	0	0	0	0	0.0
0.0791413216285	0.0458089668616	47	0	0	0	0	0.0
0.0796470455638	0.046783625731	48	0	0	0	0	0.0
0.0798643091595	0.0477582846004	49	0	0	0	0	0.0
0.0809561267123	0.0487329434698	50	0	0	0	0	0.0
0.081244605928	0.0497076023392	51	0	0	0	0	0.0
0.0816854662119	0.0506822612086	52	0	0	0	0	0.0
0.0829292935742	0.051656920078	53	0	0	0	0	0.0
0.0840491532054	0.0526315789474	54	0	0	0	0	0.0
0.0865523496161	0.0536062378168	55	0	0	0	0	0.0
0.0890380268173	0.0545808966862	56	0	0	0	0	0.0
0.090064659035	0.0555555555556	57	0	0	0	0	0.0
0.0912067229895	0.056530214425	58	0	0	0	0	0.0
0.0932820608481	0.0575048732943	59	0	0	0	0	0.0
0.0966163740566	0.0584795321637	60	0	0	0	0	0.0
0.0971890547015	0.0594541910331	61	0	0	0	0	0.0
0.0996150245468	0.0604288499025	62	0	0	0	0	0.0
0.0999167514028	0.0614035087719	63	0	0	0	0	0.0
0.102667566186	0.0623781676413	64	0	0	0	0	0.0
0.102975168034	0.0633528265107	65	0	0	0	0	0.0
0.10514845797	0.0643274853801	66	0	0	0	0	0.0
0.106434516188	0.0653021442495	67	0	0	0	0	0.0
0.107906398245	0.0662768031189	68	0	0	0	0	0.0
0.110579470965	0.0672514619883	69	0	0	0	0	0.0
0.111591829986	0.0682261208577	70	0	0	0	0	0.0
0.113988435948	0.0692007797271	71	0	0	0	0	0.0
0.115390376799	0.0701754385965	72	0	0	0	0	0.0
0.116270386381	0.0711500974659	73	0	0	0	0	0.0
0.119461006635	0.0721247563353	74	0	0	0	0	0.0
0.121492169234	0.0730994152047	75	0	0	0	0	0.0
0.122987987328	0.0740740740741	76	0	0	0	0	0.0
0.123084536983	0.0750487329435	77	0	0	0	0	0.0
0.123298489537	0.0760233918129	78	0	0	0	0	0.0
0.123854106685	0.0760233918129	79	0	0	0	0	0.0
0.125796546618	0.0769980506823	80	0	0	0	0	0.0
0.126052219305	0.0779727095517	81	0	0	0	0	0.0
0.130640799716	0.0789473684211	82	0	0	0	0	0.0
0.131851236353	0.0799220272904	83	0	0	0	0	0.0
0.132035185034	0.0808966861598	84	0	0	0	0	0.0
0.132441254728	0.0818713450292	85	0	0	0	0	0.0
0.132532430004	0.0828460038986	86	0	0	0	0	0.0
0.132742534519	0.0828460038986	87	0	0	0	0	0.0
0.132825732835	0.083820662768	88	0	0	0	0	0.0
0.133012348148	0.0828460038986	89	0	0	0	0	0.0
0.133805005906	0.083820662768	90	0	0	0	0	0.0
0.134328475604	0.0847953216374	91	0	0	0	0	0.0
0.135758376002	0.0857699805068	92	0	0	0	0	0.0
0.135944349144	0.0867446393762	93	0	0	0	0	0.0
0.135963792423	0.0877192982456	94	0	0	0	0	0.0
0.138404897141	0.088693957115	95	0	0	0	0	0.0
0.138740309551	0.088693957115	96	0	0	0	0	0.0
0.139802701317	0.0896686159844	97	0	0	0	0	0.0
0.141265831128	0.0906432748538	98	0	0	0	0	0.0
0.141959847422	0.0916179337232	99	0	0	0	0	0.0
0.150527070004	0.0925925925926	100	0	0	0	0	0.0
0.152133078683	0.093567251462	101	0	0	0	0	0.0
0.152908387886	0.0945419103314	102	0	0	0	0	0.0
0.156367032383	0.0955165692008	103	0	0	0	0	0.0
0.157462409828	0.0964912280702	104	0	0	0	0	0.0
0.162320468403	0.0974658869396	105	0	0	0	0	0.0
0.162440192116	0.098440545809	106	0	0	0	0	0.0
0.162528119631	0.0994152046784	107	0	0	0	0	0.0
0.163582059867	0.100389863548	108	0	0	0	0	0.0
0.164035399429	0.101364522417	109	0	0	0	0	0.0
0.164764145232	0.102339181287	110	0	0	0	0	0.0
0.165364931312	0.103313840156	111	0	0	0	0	0.0
0.165706591269	0.104288499025	112	0	0	0	0	0.0
0.166207265904	0.105263157895	113	0	0	0	0	0.0
0.167077804108	0.106237816764	114	0	0	0	0	0.0
0.168224411889	0.107212475634	115	0	0	0	0	0.0
0.170724008695	0.108187134503	116	0	0	0	0	0.0
0.172651732002	0.109161793372	117	0	0	0	0	0.0
0.174655907843	0.108187134503	118	0	0	0	0	0.0
0.174659536096	0.109161793372	119	0	0	0	0	0.0
0.174692026742	0.110136452242	120	0	0	0	0	0.0
0.177071064704	0.110136452242	121	0	0	0	0	0.0
0.177427672028	0.111111111111	122	0	0	0	0	0.0
0.179013362968	0.112085769981	123	0	0	0	0	0.0
0.180152218046	0.11306042885	124	0	0	0	0	0.0
0.181301922055	0.114035087719	125	0	0	0	0	0.0
0.181649793805	0.115009746589	126	0	0	0	0	0.0
0.181909669895	0.115984405458	127	0	0	0	0	0.0
0.184344307749	0.116959064327	128	0	0	0	0	0.0
0.184400748955	0.117933723197	129	0	0	0	0	0.0
0.185796487036	0.118908382066	130	0	0	0	0	0.0
0.185814996715	0.119883040936	131	0	0	0	0	0.0
0.187971998363	0.120857699805	132	0	0	0	0	0.0
0.188798202063	0.121832358674	133	0	0	0	0	0.0
0.189241442733	0.122807017544	134	0	0	0	0	0.0
0.189781891574	0.123781676413	135	0	0	0	0	0.0
0.190181098063	0.124756335283	136	0	0	0	0	0.0
0.195894416219	0.125730994152	137	0	0	0	0	0.0
0.196345484611	0.125730994152	138	0	0	0	0	0.0
0.196636701707	0.126705653021	139	0	0	0	0	0.0
0.198774045554	0.127680311891	140	0	0	0	0	0.0
0.202145273174	0.12865497076	141	0	0	0	0	0.0
0.202332915735	0.12962962963	142	0	0	0	0	0.0
0.202567007744	0.130604288499	143	0	0	0	0	0.0
0.203197407979	0.131578947368	144	0	0	0	0	0.0
0.204395763597	0.132553606238	145	0	0	0	0	0.0
0.205011866911	0.133528265107	146	0	0	0	0	0.0
0.207086632211	0.134502923977	147	0	0	0	0	0.0
0.209821799076	0.135477582846	148	0	0	0	0	0.0
0.211362654046	0.136452241715	149	0	0	0	0	0.0
0.212438569982	0.137426900585	150	0	0	0	0	0.0
0.212469502371	0.138401559454	151	0	0	0	0	0.0
0.216305090239	0.139376218324	152	0	0	0	0	0.0
0.216330699949	0.140350877193	153	0	0	0	0	0.0
0.218581398032	0.141325536062	154	0	0	0	0	0.0
0.21876068764	0.142300194932	155	0	0	0	0	0.0
0.218809236117	0.143274853801	156	0	0	0	0	0.0
0.220164415215	0.142300194932	157	0	0	0	0	0.0
0.221684871845	0.142300194932	158	0	0	0	0	0.0
0.221944893256	0.143274853801	159	0	0	0	0	0.0
0.22486229338	0.144249512671	160	0	0	0	0	0.0
0.225087183818	0.14522417154	161	0	0	0	0	0.0
0.225601270088	0.14522417154	162	0	0	0	0	0.0
0.225930955923	0.146198830409	163	0	0	0	0	0.0
0.226990102433	0.147173489279	164	0	0	0	0	0.0
0.231418789623	0.148148148148	165	0	0	0	0	0.0
0.232035027991	0.149122807018	166	0	0	0	0	0.0
0.232319662009	0.150097465887	167	0	0	0	0	0.0
0.23345752433	0.149122807018	168	0	0	0	0	0.0
0.233870542122	0.150097465887	169	0	0	0	0	0.0
0.234799492383	0.151072124756	170	0	0	0	0	0.0
0.239015271734	0.152046783626	171	0	0	0	0	0.0
0.239710630723	0.153021442495	172	0	0	0	0	0.0
0.24005042564	0.153996101365	173	0	0	0	0	0.0
0.241385898255	0.153021442495	174	0	0	0	0	0.0
0.242334002754	0.153996101365	175	0	0	0	0	0.0
0.243684274059	0.154970760234	176	0	0	0	0	0.0
0.248750572649	0.155945419103	177	0	0	0	0	0.0
0.248767207196	0.156920077973	178	0	0	0	0	0.0
0.248897610287	0.157894736842	179	0	0	0	0	0.0
0.248961515538	0.158869395712	180	0	0	0	0	0.0
0.249741369592	0.159844054581	181	0	0	0	0	0.0
0.249745281519	0.159844054581	182	0	0	0	0	0.0
0.250615366379	0.159844054581	183	0	0	0	0	0.0
0.250689918643	0.16081871345	184	0	0	0	0	0.0
0.250715656093	0.16081871345	185	0	0	0	0	0.0
0.252076471425	0.16179337232	186	0	0	0	0	0.0
0.253674207827	0.16179337232	187	0	0	0	0	0.0
0.257371323931	0.162768031189	188	0	0	0	0	0.0
0.25884703969	0.163742690058	189	0	0	0	0	0.0
0.261760725141	0.164717348928	190	0	0	0	0	0.0
0.263144372277	0.165692007797	191	0	0	0	0	0.0
0.263550339458	0.166666666667	192	0	0	0	0	0.0
0.268760068223	0.167641325536	193	0	0	0	0	0.0
0.269649929443	0.168615984405	194	0	0	0	0	0.0
0.270112033559	0.169590643275	195	0	0	0	0	0.0
0.270275938331	0.170565302144	196	0	0	0	0	0.0
0.270462238351	0.170565302144	197	0	0	0	0	0.0
0.270477290932	0.171539961014	198	0	0	0	0	0.0
0.271615180631	0.172514619883	199	0	0	0	0	0.0
0.271898124395	0.173489278752	200	0	0	0	0	0.0
0.272463574821	0.174463937622	201	0	0	0	0	0.0
0.273221087215	0.175438596491	202	0	0	0	0	0.0
0.273900081232	0.174463937622	203	0	0	0	0	0.0
0.275384301471	0.173489278752	204	0	0	0	0	0.0
0.276657638547	0.174463937622	205	0	0	0	0	0.0
0.276672962272	0.175438596491	206	0	0	0	0	0.0
0.278497819686	0.176413255361	207	0	0	0	0	0.0
0.278710916987	0.17738791423	208	0	0	0	0	0.0
0.27907581221	0.178362573099	209	0	0	0	0	0.0
0.279089108669	0.179337231969	210	0	0	0	0	0.0
0.280439932879	0.178362573099	211	0	0	0	0	0.0
0.280655865266	0.179337231969	212	0	0	0	0	0.0
0.282088067676	0.180311890838	213	0	0	0	0	0.0
0.283035631565	0.181286549708	214	0	0	0	0	0.0
0.283273590929	0.182261208577	215	0	0	0	0	0.0
0.283973634183	0.183235867446	216	0	0	0	0	0.0
0.285165166842	0.184210526316	217	0	0	0	0	0.0
0.285816661452	0.185185185185	218	0	0	0	0	0.0
0.288188537564	0.186159844055	219	0	0	0	0	0.0
0.28893538194	0.187134502924	220	0	0	0	0	0.0
0.289469795683	0.187134502924	221	0	0	0	0	0.0
0.290444106004	0.186159844055	222	0	0	0	0	0.0
0.290493624944	0.187134502924	223	0	0	0	0	0.0
0.290635704729	0.188109161793	224	0	0	0	0	0.0
0.292104810801	0.189083820663	225	0	0	0	0	0.0
0.292413742085	0.190058479532	226	0	0	0	0	0.0
0.293146342006	0.190058479532	227	0	0	0	0	0.0
0.295472599508	0.191033138402	228	0	0	0	0	0.0
0.295886560901	0.191033138402	229	0	0	0	0	0.0
0.296817806094	0.192007797271	230	0	0	0	0	0.0
0.298136824264	0.19298245614	231	0	0	0	0	0.0
0.300344260353	0.19395711501	232	0	0	0	0	0.0
0.304549810998	0.194931773879	233	0	0	0	0	0.0
0.305348101624	0.194931773879	234	0	0	0	0	0.0
0.309294915198	0.195906432749	235	0	0	0	0	0.0
0.309443474529	0.196881091618	236	0	0	0	0	0.0
0.311250628474	0.196881091618	237	0	0	0	0	0.0
0.312919136767	0.197855750487	238	0	0	0	0	0.0
0.314943231168	0.197855750487	239	0	0	0	0	0.0
0.316616918389	0.198830409357	240	0	0	0	0	0.0
0.319554327895	0.199805068226	241	0	0	0	0	0.0
0.320429947853	0.200779727096	242	0	0	0	0	0.0
0.321983495581	0.199805068226	243	0	0	0	0	0.0
0.323014678753	0.200779727096	244	0	0	0	0	0.0
0.325503867754	0.201754385965	245	0	0	0	0	0.0
0.326042605024	0.202729044834	246	0	0	0	0	0.0
0.327324875562	0.203703703704	247	0	0	0	0	0.0
0.32790704928	0.204678362573	248	0	0	0	0	0.0
0.328526185623	0.205653021442	249	0	0	0	0	0.0
0.328936321961	0.206627680312	250	0	0	0	0	0.0
0.33009344459	0.207602339181	251	0	0	0	0	0.0
0.330263036489	0.206627680312	252	0	0	0	0	0.0
0.33095907091	0.207602339181	253	0	0	0	0	0.0
0.331886666515	0.208576998051	254	0	0	0	0	0.0
0.333622463069	0.20955165692	255	0	0	0	0	0.0
0.335056697662	0.210526315789	256	0	0	0	0	0.0
0.336671516328	0.211500974659	257	0	0	0	0	0.0
0.341663754254	0.212475633528	258	0	0	0	0	0.0
0.341768277124	0.212475633528	259	0	0	0	0	0.0
0.343207783424	0.213450292398	260	0	0	0	0	0.0
0.343528300205	0.213450292398	261	0	0	0	0	0.0
0.343994243034	0.214424951267	262	0	0	0	0	0.0
0.345131668958	0.215399610136	263	0	0	0	0	0.0
0.347460905534	0.215399610136	264	0	0	0	0	0.0
0.347838956693	0.216374269006	265	0	0	0	0	0.0
0.347900917381	0.217348927875	266	0	0	0	0	0.0
0.350887867223	0.218323586745	267	0	0	0	0	0.0
0.3547196821	0.219298245614	268	0	0	0	0	0.0
0.355484801529	0.220272904483	269	0	0	0	0	0.0
0.357455170604	0.221247563353	270	0	0	0	0	0.0
0.357582973487	0.222222222222	271	0	0	0	0	0.0
0.360354229682	0.223196881092	272	0	0	0	0	0.0
0.361299248814	0.223196881092	273	0	0	0	0	0.0
0.362379993601	0.224171539961	274	0	0	0	0	0.0
0.363801609245	0.22514619883	275	0	0	0	0	0.0
0.36851970543	0.2261208577	276	0	0	0	0	0.0
0.372761448377	0.227095516569	277	0	0	0	0	0.0
0.373287052427	0.228070175439	278	0	0	0	0	0.0
0.378697271606	0.229044834308	279	0	0	0	0	0.0
0.380803777095	0.230019493177	280	0	0	0	0	0.0
0.383244651425	0.230994152047	281	0	0	0	0	0.0
0.384697653417	0.231968810916	282	0	0	0	0	0.0
0.386984776273	0.232943469786	283	0	0	0	0	0.0
0.388651692308	0.233918128655	284	0	0	0	0	0.0
0.388845630167	0.233918128655	285	0	0	0	0	0.0
0.389523222057	0.234892787524	286	0	0	0	0	0.0
0.389955696056	0.235867446394	287	0	0	0	0	0.0
0.392505147737	0.236842105263	288	0	0	0	0	0.0
0.392698500883	0.237816764133	289	0	0	0	0	0.0
0.392828190621	0.237816764133	290	0	0	0	0	0.0
0.394979418252	0.238791423002	291	0	0	0	0	0.0
0.395193392487	0.239766081871	292	0	0	0	0	0.0
0.397137361727	0.240740740741	293	0	0	0	0	0.0
0.40069601506	0.24171539961	294	0	0	0	0	0.0
0.404284955054	0.24269005848	295	0	0	0	0	0.0
0.407045334466	0.243664717349	296	0	0	0	0	0.0
0.407572250516	0.243664717349	297	0	0	0	0	0.0
0.407990082238	0.243664717349	298	0	0	0	0	0.0
0.408952195372	0.244639376218	299	0	0	0	0	0.0
0.409513250032	0.245614035088	300	0	0	0	0	0.0
0.413252111824	0.246588693957	301	0	0	0	0	0.0
0.417230403763	0.247563352827	302	0	0	0	0	0.0
0.417998682903	0.248538011696	303	0	0	0	0	0.0
0.419459005069	0.248538011696	304	0	0	0	0	0.0
0.419747917598	0.249512670565	305	0	0	0	0	0.0
0.41993441774	0.249512670565	306	0	0	0	0	0.0
0.426165852381	0.250487329435	307	0	0	0	0	0.0
0.427441069919	0.251461988304	308	0	0	0	0	0.0
0.429451618528	0.252436647173	309	0	0	0	0	0.0
0.429830801485	0.253411306043	310	0	0	0	0	0.0
0.430122895002	0.252436647173	311	0	0	0	0	0.0
0.430618219294	0.253411306043	312	0	0	0	0	0.0
0.430767655471	0.254385964912	313	0	0	0	0	0.0
0.430891406205	0.255360623782	314	0	0	0	0	0.0
0.432218022335	0.254385964912	315	0	0	0	0	0.0
0.432721447578	0.255360623782	316	0	0	0	0	0.0
0.434425080714	0.256335282651	317	0	0	0	0	0.0
0.434427866639	0.25730994152	318	0	0	0	0	0.0
0.435192846079	0.251461988304	318	1	33	0	6	0.0185185185185
0.435644937144	0.252436647173	319	1	33	0	6	0.0184615384615
0.43827175722	0.253411306043	320	1	33	0	6	0.0184049079755
0.438404832406	0.254385964912	321	1	33	0	6	0.0183486238532
0.440064030077	0.254385964912	322	1	33	0	6	0.0182926829268
0.440594967774	0.255360623782	323	1	33	0	6	0.0182370820669
0.442773370063	0.254385964912	324	1	33	0	6	0.0181818181818
0.443354236795	0.255360623782	325	1	33	0	6	0.0181268882175
0.443418019721	0.256335282651	326	1	33	0	6	0.0180722891566
0.446667628137	0.25730994152	327	1	33	0	6	0.018018018018
0.447036909549	0.25828460039	328	1	33	0	6	0.0179640718563
0.447867674843	0.25828460039	329	1	33	0	6	0.0179104477612
0.450895070324	0.259259259259	330	1	33	0	6	0.0178571428571
0.453730619071	0.259259259259	331	1	33	0	6	0.0178041543027
0.45581086307	0.260233918129	332	1	33	0	6	0.0177514792899
0.455996347444	0.261208576998	333	1	33	0	6	0.0176991150442
0.456180064161	0.262183235867	334	1	33	0	6	0.0176470588235
0.457837384788	0.263157894737	335	1	33	0	6	0.0175953079179
0.458212144303	0.264132553606	336	1	33	0	6	0.0175438596491
0.458701872643	0.265107212476	337	1	33	0	6	0.0174927113703
0.45872028166	0.265107212476	338	1	33	0	6	0.0174418604651
0.463182248021	0.266081871345	339	1	33	0	6	0.0173913043478
0.463645272121	0.266081871345	340	1	33	0	6	0.0173410404624
0.463976678264	0.267056530214	341	1	33	0	6	0.0172910662824
0.464240855561	0.267056530214	342	1	33	0	6	0.0172413793103
0.464831497376	0.267056530214	343	1	33	0	6	0.0171919770774
0.464863925866	0.266081871345	344	1	33	0	6	0.0171428571429
0.46734658932	0.267056530214	345	1	33	0	6	0.017094017094
0.46948473993	0.267056530214	346	1	33	0	6	0.0170454545455
0.470890093327	0.268031189084	347	1	33	0	6	0.0169971671388
0.471757030875	0.269005847953	348	1	33	0	6	0.0169491525424
0.471837327151	0.268031189084	349	1	33	0	6	0.0169014084507
0.471904889362	0.269005847953	350	1	33	0	6	0.0168539325843
0.473140394859	0.269005847953	351	1	33	0	6	0.0168067226891
0.47377223651	0.269980506823	352	1	33	0	6	0.0167597765363
0.473963418723	0.270955165692	353	1	33	0	6	0.016713091922
0.474117822418	0.271929824561	354	1	33	0	6	0.0166666666667
0.476550640631	0.272904483431	355	1	33	0	6	0.016620498615
0.478306919057	0.2738791423	356	1	33	0	6	0.0165745856354
0.480078474909	0.27485380117	357	1	33	0	6	0.0165289256198
0.481839509059	0.27485380117	358	1	33	0	6	0.0164835164835
0.483101142682	0.2738791423	359	1	33	0	6	0.0164383561644
0.483625220819	0.27485380117	360	1	33	0	6	0.016393442623
0.486094654085	0.275828460039	361	1	33	0	6	0.016348773842
0.486569617086	0.276803118908	362	1	33	0	6	0.0163043478261
0.486621587755	0.277777777778	363	1	33	0	6	0.0162601626016
0.488689404901	0.278752436647	364	1	33	0	6	0.0162162162162
0.488943330493	0.279727095517	365	1	33	0	6	0.0161725067385
0.490947988764	0.280701754386	366	1	33	0	6	0.0161290322581
0.495611233221	0.280701754386	367	1	33	0	6	0.0160857908847
0.502167581193	0.279727095517	368	1	33	0	6	0.0160427807487
0.502606152189	0.280701754386	369	1	33	0	6	0.016
0.502909817546	0.281676413255	370	1	33	0	6	0.0159574468085
0.503382688311	0.282651072125	371	1	33	0	6	0.0159151193634
0.504025187805	0.283625730994	372	1	33	0	6	0.015873015873
0.504544466167	0.283625730994	373	1	33	0	6	0.0158311345646
0.504727794875	0.282651072125	374	1	33	0	6	0.0157894736842
0.507217631313	0.282651072125	375	1	33	0	6	0.0157480314961
0.507724152584	0.283625730994	376	1	33	0	6	0.0157068062827
0.507902473852	0.284600389864	377	1	33	0	6	0.0156657963446
0.508539020805	0.285575048733	378	1	33	0	6	0.015625
0.508553671034	0.284600389864	379	1	33	0	6	0.0155844155844
0.508688949835	0.285575048733	380	1	33	0	6	0.0155440414508
0.512671862352	0.286549707602	381	1	33	0	6	0.015503875969
0.514427792868	0.287524366472	382	1	33	0	6	0.0154639175258
0.5154722382	0.288499025341	383	1	33	0	6	0.0154241645244
0.516731046747	0.288499025341	384	1	33	0	6	0.0153846153846
0.516735036072	0.289473684211	385	1	33	0	6	0.0153452685422
0.517287973879	0.289473684211	386	1	33	0	6	0.015306122449
0.517582866648	0.289473684211	387	1	33	0	6	0.0152671755725
0.518331811577	0.29044834308	388	1	33	0	6	0.0152284263959
0.518609682587	0.29044834308	389	1	33	0	6	0.0151898734177
0.519085403961	0.29044834308	390	1	33	0	6	0.0151515151515
0.519890658403	0.291423001949	391	1	33	0	6	0.0151133501259
0.520548552982	0.292397660819	392	1	33	0	6	0.0150753768844
0.523802841085	0.293372319688	393	1	33	0	6	0.015037593985
0.52871578654	0.294346978558	394	1	33	0	6	0.015
0.53244731415	0.295321637427	395	1	33	0	6	0.0149625935162
0.534262141717	0.296296296296	396	1	33	0	6	0.0149253731343
0.53528283534	0.297270955166	397	1	33	0	6	0.014888337469
0.538390761275	0.297270955166	398	1	33	0	6	0.0148514851485
0.540093747402	0.298245614035	399	1	33	0	6	0.0148148148148
0.541013377979	0.298245614035	400	1	33	0	6	0.0147783251232
0.541776333044	0.299220272904	401	1	33	0	6	0.014742014742
0.542302172371	0.300194931774	402	1	33	0	6	0.0147058823529
0.543136508215	0.300194931774	403	1	33	0	6	0.0146699266504
0.54415019712	0.299220272904	404	1	33	0	6	0.0146341463415
0.544499490366	0.300194931774	405	1	33	0	6	0.014598540146
0.547064347198	0.300194931774	406	1	33	0	6	0.0145631067961
0.549949558806	0.301169590643	407	1	33	0	6	0.0145278450363
0.55102963341	0.302144249513	408	1	33	0	6	0.0144927536232
0.551297090428	0.303118908382	409	1	33	0	6	0.0144578313253
0.551406358259	0.304093567251	410	1	33	0	6	0.0144230769231
0.55193765148	0.305068226121	411	1	33	0	6	0.0143884892086
0.552016497644	0.30604288499	412	1	33	0	6	0.0143540669856
0.55221395242	0.30604288499	413	1	33	0	6	0.0143198090692
0.552576913796	0.30604288499	414	1	33	0	6	0.0142857142857
0.553815959046	0.30701754386	415	1	33	0	6	0.0142517814727
0.555155328522	0.30701754386	416	1	33	0	6	0.0142180094787
0.556220686477	0.307992202729	417	1	33	0	6	0.0141843971631
0.557260114354	0.308966861598	418	1	33	0	6	0.0141509433962
0.558665252052	0.308966861598	419	1	33	0	6	0.0141176470588
0.558906646985	0.309941520468	420	1	33	0	6	0.0140845070423
0.561165446704	0.308966861598	421	1	33	0	6	0.0140515222482
0.561570381462	0.309941520468	422	1	33	0	6	0.0140186915888
0.562169247752	0.310916179337	423	1	33	0	6	0.013986013986
0.566962673161	0.311890838207	424	1	33	0	6	0.0139534883721
0.569605229097	0.311890838207	425	1	33	0	6	0.0139211136891
0.570387396498	0.311890838207	426	1	33	0	6	0.0138888888889
0.572477617654	0.312865497076	427	1	33	0	6	0.013856812933
0.57312408121	0.313840155945	428	1	33	0	6	0.0138248847926
0.573409687683	0.314814814815	429	1	33	0	6	0.0137931034483
0.576491333012	0.314814814815	430	1	33	0	6	0.0137614678899
0.578694838666	0.315789473684	431	1	33	0	6	0.0137299771167
0.579523029165	0.316764132554	432	1	33	0	6	0.013698630137
0.579706040619	0.317738791423	433	1	33	0	6	0.0136674259681
0.582595315906	0.318713450292	434	1	33	0	6	0.0136363636364
0.583296942713	0.319688109162	435	1	33	0	6	0.0136054421769
0.586001816084	0.320662768031	436	1	33	0	6	0.0135746606335
0.586720268278	0.321637426901	437	1	33	0	6	0.0135440180587
0.587123073969	0.321637426901	438	1	33	0	6	0.0135135135135
0.587854615784	0.321637426901	439	1	33	0	6	0.0134831460674
0.589424377054	0.32261208577	440	1	33	0	6	0.0134529147982
0.593891932383	0.323586744639	441	1	33	0	6	0.0134228187919
0.594956972434	0.323586744639	442	1	33	0	6	0.0133928571429
0.599370258527	0.32261208577	443	1	33	0	6	0.0133630289532
0.602820395571	0.323586744639	444	1	33	0	6	0.0133333333333
0.603373663336	0.323586744639	445	1	33	0	6	0.0133037694013
0.603528060463	0.324561403509	446	1	33	0	6	0.0132743362832
0.607468304709	0.324561403509	447	1	33	0	6	0.0132450331126
0.61175127363	0.325536062378	448	1	33	0	6	0.0132158590308
0.612096762387	0.325536062378	449	1	33	0	6	0.0131868131868
0.613040477033	0.326510721248	450	1	33	0	6	0.0131578947368
0.613224684009	0.327485380117	451	1	33	0	6	0.0131291028446
0.614001718963	0.326510721248	452	1	33	0	6	0.0131004366812
0.620762041313	0.326510721248	453	1	33	0	6	0.0130718954248
0.621196804769	0.327485380117	454	1	33	0	6	0.0130434782609
0.621627792628	0.328460038986	455	1	33	0	6	0.0130151843818
0.622166213822	0.329434697856	456	1	33	0	6	0.012987012987
0.623641649014	0.330409356725	457	1	33	0	6	0.0129589632829
0.624270600526	0.329434697856	458	1	33	0	6	0.0129310344828
0.626612059927	0.329434697856	459	1	33	0	6	0.0129032258065
0.626895614529	0.330409356725	460	1	33	0	6	0.0128755364807
0.628737243729	0.331384015595	461	1	33	0	6	0.0128479657388
0.628932541477	0.332358674464	462	1	33	0	6	0.0128205128205
0.630441314432	0.333333333333	463	1	33	0	6	0.0127931769723
0.630791083333	0.333333333333	464	1	33	0	6	0.0127659574468
0.631995523587	0.334307992203	465	1	33	0	6	0.0127388535032
0.633514582095	0.335282651072	466	1	33	0	6	0.0127118644068
0.633824945712	0.336257309942	467	1	33	0	6	0.0126849894292
0.635724249712	0.337231968811	468	1	33	0	6	0.0126582278481
0.636107453954	0.33820662768	469	1	33	0	6	0.0126315789474
0.636962008278	0.33820662768	470	1	33	0	6	0.0126050420168
0.639628280555	0.33918128655	471	1	33	0	6	0.0125786163522
0.640063921761	0.340155945419	472	1	33	0	6	0.0125523012552
0.642834650427	0.341130604288	473	1	33	0	6	0.0125260960334
0.644294367473	0.341130604288	474	1	33	0	6	0.0125
0.64514359359	0.342105263158	475	1	33	0	6	0.012474012474
0.64520037712	0.343079922027	476	1	33	0	6	0.0124481327801
0.645843233547	0.344054580897	477	1	33	0	6	0.0124223602484
0.646733351309	0.343079922027	478	1	33	0	6	0.0123966942149
0.647654620718	0.342105263158	479	1	33	0	6	0.0123711340206
0.650019246392	0.342105263158	480	1	33	0	6	0.0123456790123
0.650289814642	0.342105263158	481	1	33	0	6	0.0123203285421
0.652126980218	0.341130604288	482	1	33	0	6	0.0122950819672
0.652525740871	0.340155945419	483	1	33	0	6	0.0122699386503
0.652983381099	0.341130604288	484	1	33	0	6	0.0122448979592
0.654385309576	0.342105263158	485	1	33	0	6	0.0122199592668
0.654386190624	0.343079922027	486	1	33	0	6	0.0121951219512
0.656679656098	0.343079922027	487	1	33	0	6	0.0121703853955
0.65679182775	0.343079922027	488	1	33	0	6	0.0121457489879
0.65684755808	0.344054580897	489	1	33	0	6	0.0121212121212
0.656916955855	0.343079922027	490	1	33	0	6	0.0120967741935
0.657274643008	0.343079922027	491	1	33	0	6	0.0120724346076
0.657536042078	0.344054580897	492	1	33	0	6	0.0120481927711
0.662320331039	0.343079922027	493	1	33	0	6	0.0120240480962
0.663918367448	0.344054580897	494	1	33	0	6	0.012
0.664768434423	0.344054580897	495	1	33	0	6	0.0119760479042
0.668317707625	0.345029239766	496	1	33	0	6	0.0119521912351
0.669283484759	0.346003898635	497	1	33	0	6	0.0119284294235
0.669487996479	0.346978557505	498	1	33	0	6	0.0119047619048
0.673835293816	0.347953216374	499	1	33	0	6	0.0118811881188
0.674220389221	0.347953216374	500	1	33	0	6	0.0118577075099
0.676161084239	0.348927875244	501	1	33	0	6	0.0118343195266
0.676516709235	0.349902534113	502	1	33	0	6	0.011811023622
0.678662523479	0.350877192982	503	1	33	0	6	0.0117878192534
0.679692438148	0.351851851852	504	1	33	0	6	0.0117647058824
0.680075290776	0.350877192982	505	1	33	0	6	0.0117416829746
0.681084054933	0.350877192982	506	1	33	0	6	0.01171875
0.681449338943	0.350877192982	507	1	33	0	6	0.0116959064327
0.685669232871	0.351851851852	508	1	33	0	6	0.011673151751
0.687541215196	0.351851851852	509	1	33	0	6	0.0116504854369
0.68842300871	0.351851851852	510	1	33	0	6	0.0116279069767
0.690449962372	0.352826510721	511	1	33	0	6	0.0116054158607
0.691059669792	0.353801169591	512	1	33	0	6	0.011583011583
0.691225643227	0.35477582846	513	1	33	0	6	0.0115606936416
0.69283351372	0.353801169591	514	1	33	0	6	0.0115384615385
0.694911710373	0.352826510721	515	1	33	0	6	0.0115163147793
0.695662832192	0.353801169591	516	1	33	0	6	0.0114942528736
0.696971602332	0.35477582846	517	1	33	0	6	0.0114722753346
0.697127448515	0.35477582846	518	1	33	0	6	0.0114503816794
0.69816455644	0.35477582846	519	1	33	0	6	0.0114285714286
0.701426488053	0.355750487329	520	1	33	0	6	0.0114068441065
0.702978497181	0.356725146199	521	1	33	0	6	0.011385199241
0.703346965521	0.355750487329	522	1	33	0	6	0.0113636363636
0.704330492913	0.356725146199	523	1	33	0	6	0.0113421550095
0.705915965627	0.357699805068	524	1	33	0	6	0.011320754717
0.708352839899	0.356725146199	525	1	33	0	6	0.0112994350282
0.708616929864	0.355750487329	526	1	33	0	6	0.0112781954887
0.70979016472	0.356725146199	527	1	33	0	6	0.0112570356473
0.710693775958	0.357699805068	528	1	33	0	6	0.0112359550562
0.710706247767	0.358674463938	529	1	33	0	6	0.011214953271
0.711018095616	0.357699805068	530	1	33	0	6	0.0111940298507
0.71123999239	0.358674463938	531	1	33	0	6	0.0111731843575
0.711924921111	0.359649122807	532	1	33	0	6	0.0111524163569
0.712735180313	0.359649122807	533	1	33	0	6	0.0111317254174
0.713195173166	0.360623781676	534	1	33	0	6	0.0111111111111
0.71526529335	0.359649122807	535	1	33	0	6	0.0110905730129
0.715469289108	0.360623781676	536	1	33	0	6	0.0110701107011
0.715691758273	0.361598440546	537	1	33	0	6	0.0110497237569
0.716179896472	0.361598440546	538	1	33	0	6	0.0110294117647
0.717287941948	0.362573099415	539	1	33	0	6	0.0110091743119
0.718035083107	0.363547758285	540	1	33	0	6	0.010989010989
0.718454233577	0.362573099415	541	1	33	0	6	0.0109689213894
0.718823760008	0.363547758285	542	1	33	0	6	0.0109489051095
0.718830991688	0.364522417154	543	1	33	0	6	0.0109289617486
0.72204226131	0.364522417154	544	1	33	0	6	0.0109090909091
0.722978445249	0.365497076023	545	1	33	0	6	0.010889292196
0.724029998016	0.364522417154	546	1	33	0	6	0.0108695652174
0.724426962203	0.365497076023	547	1	33	0	6	0.0108499095841
0.727386516393	0.366471734893	548	1	33	0	6	0.0108303249097
0.728566315335	0.367446393762	549	1	33	0	6	0.0108108108108
0.728997650018	0.368421052632	550	1	33	0	6	0.0107913669065
0.733322206319	0.368421052632	551	1	33	0	6	0.0107719928187
0.736676166895	0.369395711501	552	1	33	0	6	0.010752688172
0.736740402218	0.368421052632	553	1	33	0	6	0.0107334525939
0.736918472408	0.368421052632	554	1	33	0	6	0.0107142857143
0.73934208555	0.369395711501	555	1	33	0	6	0.0106951871658
0.74503399318	0.37037037037	556	1	33	0	6	0.0106761565836
0.747042301804	0.37134502924	557	1	33	0	6	0.0106571936057
0.747129398565	0.372319688109	558	1	33	0	6	0.0106382978723
0.751100755602	0.372319688109	559	1	33	0	6	0.0106194690265
0.753298214425	0.373294346979	560	1	33	0	6	0.0106007067138
0.754058988437	0.374269005848	561	1	33	0	6	0.010582010582
0.754557965997	0.375243664717	562	1	33	0	6	0.0105633802817
0.754747371126	0.376218323587	563	1	33	0	6	0.0105448154657
0.755644149272	0.376218323587	564	1	33	0	6	0.0105263157895
0.755792708232	0.377192982456	565	1	33	0	6	0.0105078809107
0.757253527105	0.377192982456	566	1	33	0	6	0.0104895104895
0.758116509604	0.378167641326	567	1	33	0	6	0.0104712041885
0.760350952219	0.379142300195	568	1	33	0	6	0.0104529616725
0.76207844881	0.380116959064	569	1	33	0	6	0.0104347826087
0.763305446428	0.381091617934	570	1	33	0	6	0.0104166666667
0.763506764492	0.382066276803	571	1	33	0	6	0.0103986135182
0.763796214959	0.383040935673	572	1	33	0	6	0.0103806228374
0.76699374717	0.384015594542	573	1	33	0	6	0.0103626943005
0.767213536587	0.384990253411	574	1	33	0	6	0.0103448275862
0.770779822602	0.385964912281	575	1	33	0	6	0.0103270223752
0.77332152632	0.384990253411	576	1	33	0	6	0.0103092783505
0.776590049062	0.385964912281	577	1	33	0	6	0.0102915951973
0.778608308849	0.38693957115	578	1	33	0	6	0.0102739726027
0.781415698094	0.387914230019	579	1	33	0	6	0.0102564102564
0.781552130361	0.387914230019	580	1	33	0	6	0.0102389078498
0.781582860198	0.387914230019	581	1	33	0	6	0.0102214650767
0.784134917244	0.387914230019	582	1	33	0	6	0.0102040816327
0.785823901252	0.388888888889	583	1	33	0	6	0.0101867572156
0.7867440871	0.387914230019	584	1	33	0	6	0.0101694915254
0.78789884813	0.388888888889	585	1	33	0	6	0.010152284264
0.790821042445	0.387914230019	586	1	33	0	6	0.0101351351351
0.791105950924	0.388888888889	587	1	33	0	6	0.0101180438449
0.792677685301	0.389863547758	588	1	33	0	6	0.010101010101
0.792881216019	0.388888888889	589	1	33	0	6	0.0100840336134
0.793907751421	0.388888888889	590	1	33	0	6	0.010067114094
0.796615912109	0.389863547758	591	1	33	0	6	0.0100502512563
0.79691746329	0.389863547758	592	1	33	0	6	0.0100334448161
0.797043729863	0.390838206628	593	1	33	0	6	0.0100166944908
0.797914707874	0.389863547758	594	1	33	0	6	0.01
0.799639296651	0.390838206628	595	1	33	0	6	0.00998336106489
0.800786723139	0.391812865497	596	1	33	0	6	0.00996677740864
0.801619715295	0.392787524366	597	1	33	0	6	0.00995024875622
0.802427501109	0.393762183236	598	1	33	0	6	0.00993377483444
0.802781902401	0.394736842105	599	1	33	0	6	0.0099173553719
0.803129762025	0.394736842105	600	1	33	0	6	0.00990099009901
0.804526990576	0.395711500975	601	1	33	0	6	0.00988467874794
0.804679341197	0.394736842105	602	1	33	0	6	0.00986842105263
0.805020874795	0.395711500975	603	1	33	0	6	0.00985221674877
0.805069373352	0.396686159844	604	1	33	0	6	0.00983606557377
0.805991791512	0.395711500975	605	1	33	0	6	0.00981996726678
0.806312429521	0.396686159844	606	1	33	0	6	0.00980392156863
0.806927612256	0.397660818713	607	1	33	0	6	0.00978792822186
0.808014382374	0.396686159844	608	1	33	0	6	0.00977198697068
0.808817751076	0.397660818713	609	1	33	0	6	0.00975609756098
0.810649772993	0.397660818713	610	1	33	0	6	0.00974025974026
0.811525158485	0.397660818713	611	1	33	0	6	0.0097244732577
0.812498771089	0.398635477583	612	1	33	0	6	0.00970873786408
0.813853146135	0.398635477583	613	1	33	0	6	0.00969305331179
0.814823544259	0.399610136452	614	1	33	0	6	0.00967741935484
0.815315825775	0.400584795322	615	1	33	0	6	0.00966183574879
0.817576804538	0.400584795322	616	1	33	0	6	0.0096463022508
0.817953900614	0.400584795322	617	1	33	0	6	0.00963081861958
0.819005831017	0.401559454191	618	1	33	0	6	0.00961538461538
0.820588902013	0.40253411306	619	1	33	0	6	0.0096
0.823077351752	0.40350877193	620	1	33	0	6	0.00958466453674
0.823918713087	0.40350877193	621	1	33	0	6	0.00956937799043
0.824270607661	0.40350877193	622	1	33	0	6	0.00955414012739
0.824302818192	0.404483430799	623	1	33	0	6	0.00953895071542
0.824977516901	0.40350877193	624	1	33	0	6	0.00952380952381
0.82927600592	0.404483430799	625	1	33	0	6	0.0095087163233
0.829848117213	0.405458089669	626	1	33	0	6	0.00949367088608
0.83219254445	0.406432748538	627	1	33	0	6	0.00947867298578
0.833093127283	0.407407407407	628	1	33	0	6	0.00946372239748
0.835037389685	0.406432748538	629	1	33	0	6	0.00944881889764
0.835532839718	0.407407407407	630	1	33	0	6	0.00943396226415
0.83639300225	0.407407407407	631	1	33	0	6	0.0094191522763
0.83674355058	0.408382066277	632	1	33	0	6	0.00940438871473
0.839104624184	0.409356725146	633	1	33	0	6	0.0093896713615
0.84423968552	0.410331384016	634	1	33	0	6	0.009375
0.844357611976	0.411306042885	635	1	33	0	6	0.00936037441498
0.846084850244	0.410331384016	636	1	33	0	6	0.00934579439252
0.846535371836	0.410331384016	637	1	33	0	6	0.00933125972006
0.848193028833	0.411306042885	638	1	33	0	6	0.00931677018634
0.849770016625	0.412280701754	639	1	33	0	6	0.0093023255814
0.853979319474	0.413255360624	640	1	33	0	6	0.00928792569659
0.855757684659	0.414230019493	641	1	33	0	6	0.00927357032457
0.861887093606	0.413255360624	642	1	33	0	6	0.00925925925926
0.861898945498	0.414230019493	643	1	33	0	6	0.00924499229584
0.862188816957	0.415204678363	644	1	33	0	6	0.00923076923077
0.863782088655	0.414230019493	645	1	33	0	6	0.00921658986175
0.864038666064	0.415204678363	646	1	33	0	6	0.00920245398773
0.867087332601	0.416179337232	647	1	33	0	6	0.00918836140888
0.868329063501	0.417153996101	648	1	33	0	6	0.00917431192661
0.868674113048	0.418128654971	649	1	33	0	6	0.00916030534351
0.87101327042	0.418128654971	650	1	33	0	6	0.00914634146341
0.873031790978	0.418128654971	651	1	33	0	6	0.00913242009132
0.874098718898	0.41910331384	652	1	33	0	6	0.00911854103343
0.875982289728	0.41910331384	653	1	33	0	6	0.00910470409712
0.877594316968	0.418128654971	654	1	33	0	6	0.00909090909091
0.877828489151	0.41910331384	655	1	33	0	6	0.00907715582451
0.878388863177	0.42007797271	656	1	33	0	6	0.00906344410876
0.881032126156	0.421052631579	657	1	33	0	6	0.00904977375566
0.882198150996	0.42007797271	658	1	33	0	6	0.00903614457831
0.886369296361	0.421052631579	659	1	33	0	6	0.00902255639098
0.887354053504	0.422027290448	660	1	33	0	6	0.00900900900901
0.888291295982	0.421052631579	661	1	33	0	6	0.00899550224888
0.88879474773	0.421052631579	662	1	33	0	6	0.00898203592814
0.891885885556	0.422027290448	663	1	33	0	6	0.00896860986547
0.895335272592	0.422027290448	664	1	33	0	6	0.0089552238806
0.896459836446	0.423001949318	665	1	33	0	6	0.00894187779434
0.89668316281	0.423001949318	666	1	33	0	6	0.00892857142857
0.897356237071	0.422027290448	667	1	33	0	6	0.00891530460624
0.900875051682	0.422027290448	668	1	33	0	6	0.00890207715134
0.901948408327	0.423001949318	669	1	33	0	6	0.00888888888889
0.90315716229	0.422027290448	670	1	33	0	6	0.00887573964497
0.906881483262	0.423001949318	671	1	33	0	6	0.00886262924668
0.908149748268	0.422027290448	672	1	33	0	6	0.00884955752212
0.909933379182	0.422027290448	673	1	33	0	6	0.00883652430044
0.909948950856	0.423001949318	674	1	33	0	6	0.00882352941176
0.914887966907	0.423976608187	675	1	33	0	6	0.00881057268722
0.915999572054	0.423976608187	676	1	33	0	6	0.00879765395894
0.919190820985	0.423976608187	677	1	33	0	6	0.00878477306003
0.920403452964	0.424951267057	678	1	33	0	6	0.00877192982456
0.922437580188	0.424951267057	679	1	33	0	6	0.00875912408759
0.930409393663	0.423976608187	680	1	33	0	6	0.00874635568513
0.930579311053	0.423976608187	681	1	33	0	6	0.00873362445415
0.931047968333	0.424951267057	682	1	33	0	6	0.00872093023256
0.931974100975	0.425925925926	683	1	33	0	6	0.00870827285922
0.934354439409	0.426900584795	684	1	33	0	6	0.00869565217391
0.935078272693	0.427875243665	685	1	33	0	6	0.00868306801737
0.935516047326	0.428849902534	686	1	33	0	6	0.00867052023121
0.937473442889	0.428849902534	687	1	33	0	6	0.00865800865801
0.937669250035	0.428849902534	688	1	33	0	6	0.00864553314121
0.93855334899	0.428849902534	689	1	33	0	6	0.00863309352518
0.938618661335	0.427875243665	690	1	33	0	6	0.00862068965517
0.943133148309	0.428849902534	691	1	33	0	6	0.00860832137733
0.945874273701	0.427875243665	692	1	33	0	6	0.00859598853868
0.949336047537	0.428849902534	693	1	33	0	6	0.00858369098712
0.949656399196	0.429824561404	694	1	33	0	6	0.00857142857143
0.955239620008	0.428849902534	695	1	33	0	6	0.00855920114123
0.955480950495	0.429824561404	696	1	33	0	6	0.00854700854701
0.956831523168	0.430799220273	697	1	33	0	6	0.00853485064011
0.960915505384	0.430799220273	698	1	33	0	6	0.00852272727273
0.961047019779	0.431773879142	699	1	33	0	6	0.00851063829787
0.962109480674	0.430799220273	700	1	33	0	6	0.00849858356941
0.963327325237	0.431773879142	701	1	33	0	6	0.00848656294201
0.965550620665	0.431773879142	702	1	33	0	6	0.00847457627119
0.966307046143	0.432748538012	703	1	33	0	6	0.00846262341326
0.966361444723	0.433723196881	704	1	33	0	6	0.00845070422535
0.967812099375	0.43469785575	705	1	33	0	6	0.0084388185654
0.968525484992	0.43469785575	706	1	33	0	6	0.00842696629213
0.972453140989	0.433723196881	707	1	33	0	6	0.00841514726508
0.973503558516	0.43469785575	708	1	33	0	6	0.00840336134454
0.973858815825	0.43567251462	709	1	33	0	6	0.00839160839161
0.973865681721	0.436647173489	710	1	33	0	6	0.00837988826816
0.978643445377	0.436647173489	711	1	33	0	6	0.00836820083682
0.980312300343	0.43567251462	712	1	33	0	6	0.008356545961
0.981666921182	0.436647173489	713	1	33	0	6	0.00834492350487
0.982002937087	0.436647173489	714	1	33	0	6	0.00833333333333
0.98604078104	0.436647173489	715	1	33	0	6	0.00832177531207
0.987053724662	0.437621832359	716	1	33	0	6	0.00831024930748
0.988310712237	0.438596491228	717	1	33	0	6	0.00829875518672
0.989208030278	0.439571150097	718	1	33	0	6	0.00828729281768
0.99329710103	0.439571150097	719	1	33	0	6	0.00827586206897
0.9945217821	0.439571150097	720	1	33	0	6	0.00826446280992
0.99492464422	0.440545808967	721	1	33	0	6	0.00825309491059
0.995578592961	0.441520467836	722	1	33	0	6	0.00824175824176
0.995947426412	0.442495126706	723	1	33	0	6	0.0082304526749
0.997242594968	0.443469785575	724	1	33	0	6	0.00821917808219
0.99753759287	0.443469785575	725	1	33	0	6	0.00820793433653
0.998288383155	0.443469785575	726	1	33	0	6	0.00819672131148
0.998638135517	0.443469785575	727	1	33	0	6	0.00818553888131
0.998869915037	0.443469785575	728	1	33	0	6	0.00817438692098
1.0029071576	0.443469785575	729	1	33	0	6	0.00816326530612
1.00426602597	0.444444444444	730	1	33	0	6	0.00815217391304
1.00451937015	0.445419103314	731	1	33	0	6	0.00814111261872
1.00594964155	0.446393762183	732	1	33	0	6	0.00813008130081
1.00692491807	0.446393762183	733	1	33	0	6	0.00811907983762
1.00750860538	0.445419103314	734	1	33	0	6	0.00810810810811
1.00893931331	0.444444444444	735	1	33	0	6	0.0080971659919
1.0111274528	0.445419103314	736	1	33	0	6	0.00808625336927
1.01128035449	0.445419103314	737	1	33	0	6	0.00807537012113
1.01133024718	0.446393762183	738	1	33	0	6	0.00806451612903
1.0118684141	0.447368421053	739	1	33	0	6	0.00805369127517
1.01273899129	0.448343079922	740	1	33	0	6	0.00804289544236
1.0144454258	0.448343079922	741	1	33	0	6	0.00803212851406
1.01796984195	0.449317738791	742	1	33	0	6	0.00802139037433
1.01894607612	0.450292397661	743	1	33	0	6	0.00801068090788
1.01971938926	0.45126705653	744	1	33	0	6	0.008
1.02691163627	0.45126705653	745	1	33	0	6	0.00798934753662
1.02745234245	0.4522417154	746	1	33	0	6	0.00797872340426
1.02881682784	0.4522417154	747	1	33	0	6	0.00796812749004
1.0303143145	0.43567251462	747	2	48	0	23	0.0298701298701
1.0322838545	0.43567251462	748	2	48	0	23	0.029831387808
1.03256417379	0.436647173489	749	2	48	0	23	0.029792746114
1.03468822039	0.437621832359	750	2	48	0	23	0.0297542043984
1.03510954239	0.438596491228	751	2	48	0	23	0.0297157622739
1.04005950506	0.438596491228	752	2	48	0	23	0.0296774193548
1.04087758006	0.439571150097	753	2	48	0	23	0.0296391752577
1.04153567325	0.439571150097	754	2	48	0	23	0.029601029601
1.04669950154	0.440545808967	755	2	48	0	23	0.0295629820051
1.04818426145	0.441520467836	756	2	48	0	23	0.0295250320924
1.04995569624	0.441520467836	757	2	48	0	23	0.0294871794872
1.05009611778	0.442495126706	758	2	48	0	23	0.0294494238156
1.0501640231	0.442495126706	759	2	48	0	23	0.0294117647059
1.05029753803	0.442495126706	760	2	48	0	23	0.029374201788
1.05055159834	0.443469785575	761	2	48	0	23	0.0293367346939
1.05112206752	0.443469785575	762	2	48	0	23	0.0292993630573
1.05121145306	0.444444444444	763	2	48	0	23	0.029262086514
1.05189324749	0.445419103314	764	2	48	0	23	0.0292249047014
1.05576228289	0.446393762183	765	2	48	0	23	0.0291878172589
1.05705468279	0.447368421053	766	2	48	0	23	0.0291508238276
1.05914311477	0.448343079922	767	2	48	0	23	0.0291139240506
1.05919746155	0.449317738791	768	2	48	0	23	0.0290771175727
1.06051554439	0.450292397661	769	2	48	0	23	0.0290404040404
1.06430127677	0.45126705653	770	2	48	0	23	0.0290037831021
1.06438453638	0.4522417154	771	2	48	0	23	0.0289672544081
1.06618039494	0.4522417154	772	2	48	0	23	0.0289308176101
1.0670270751	0.4522417154	773	2	48	0	23	0.0288944723618
1.06799153071	0.45126705653	774	2	48	0	23	0.0288582183187
1.07202888004	0.45126705653	775	2	48	0	23	0.0288220551378
1.07239499457	0.45126705653	776	2	48	0	23	0.0287859824781
1.07272749694	0.45126705653	777	2	48	0	23	0.02875
1.07325559592	0.45126705653	778	2	48	0	23	0.0287141073658
1.07341170769	0.4522417154	779	2	48	0	23	0.0286783042394
1.07341304092	0.4522417154	780	2	48	0	23	0.0286425902864
1.07543709	0.453216374269	781	2	48	0	23	0.0286069651741
1.07703058831	0.454191033138	782	2	48	0	23	0.0285714285714
1.08097014118	0.454191033138	783	2	48	0	23	0.0285359801489
1.08174854269	0.455165692008	784	2	48	0	23	0.0285006195787
1.08338365783	0.456140350877	785	2	48	0	23	0.0284653465347
1.08359122745	0.455165692008	786	2	48	0	23	0.0284301606922
1.08615523894	0.455165692008	787	2	48	0	23	0.0283950617284
1.08624571289	0.455165692008	788	2	48	0	23	0.0283600493218
1.08628934771	0.455165692008	789	2	48	0	23	0.0283251231527
1.08639358392	0.455165692008	790	2	48	0	23	0.0282902829028
1.0894750688	0.456140350877	791	2	48	0	23	0.0282555282555
1.08961442134	0.456140350877	792	2	48	0	23	0.0282208588957
1.08994502791	0.457115009747	793	2	48	0	23	0.0281862745098
1.0902968422	0.458089668616	794	2	48	0	23	0.0281517747858
1.09114655643	0.459064327485	795	2	48	0	23	0.0281173594132
1.09159281763	0.459064327485	796	2	48	0	23	0.028083028083
1.09377772368	0.459064327485	797	2	48	0	23	0.0280487804878
1.09401432488	0.459064327485	798	2	48	0	23	0.0280146163216
1.09444245813	0.459064327485	799	2	48	0	23	0.0279805352798
1.0989020197	0.460038986355	800	2	48	0	23	0.0279465370595
1.09964768814	0.461013645224	801	2	48	0	23	0.0279126213592
1.09988366607	0.461013645224	802	2	48	0	23	0.0278787878788
1.10574345784	0.460038986355	803	2	48	0	23	0.0278450363196
1.10671735384	0.460038986355	804	2	48	0	23	0.0278113663845
1.11197371384	0.460038986355	805	2	48	0	23	0.0277777777778
1.11398658945	0.461013645224	806	2	48	0	23	0.0277442702051
1.1160390739	0.461013645224	807	2	48	0	23	0.0277108433735
1.12087124073	0.461988304094	808	2	48	0	23	0.0276774969916
1.12210881184	0.461988304094	809	2	48	0	23	0.0276442307692
1.12406621163	0.461988304094	810	2	48	0	23	0.0276110444178
1.1252239342	0.461013645224	811	2	48	0	23	0.0275779376499
1.1309186038	0.461013645224	812	2	48	0	23	0.0275449101796
1.13136949624	0.460038986355	813	2	48	0	23	0.0275119617225
1.13320199647	0.459064327485	814	2	48	0	23	0.0274790919952
1.13323198023	0.460038986355	815	2	48	0	23	0.027446300716
1.13480492321	0.461013645224	816	2	48	0	23	0.0274135876043
1.13732992884	0.460038986355	817	2	48	0	23	0.027380952381
1.13941660917	0.461013645224	818	2	48	0	23	0.0273483947681
1.13969868823	0.461013645224	819	2	48	0	23	0.0273159144893
1.14110610526	0.461013645224	820	2	48	0	23	0.0272835112693
1.1431359968	0.461013645224	821	2	48	0	23	0.0272511848341
1.14360863348	0.461988304094	822	2	48	0	23	0.0272189349112
1.14728602449	0.461988304094	823	2	48	0	23	0.0271867612293
1.1501827859	0.461988304094	824	2	48	0	23	0.0271546635183
1.15047309841	0.462962962963	825	2	48	0	23	0.0271226415094
1.15428786355	0.462962962963	826	2	48	0	23	0.0270906949352
1.15455839383	0.463937621832	827	2	48	0	23	0.0270588235294
1.15804598954	0.464912280702	828	2	48	0	23	0.027027027027
1.16110851889	0.465886939571	829	2	48	0	23	0.0269953051643
1.16312018561	0.466861598441	830	2	48	0	23	0.0269636576788
1.16492720061	0.466861598441	831	2	48	0	23	0.0269320843091
1.16568677298	0.46783625731	832	2	48	0	23	0.0269005847953
1.16668933796	0.46783625731	833	2	48	0	23	0.0268691588785
1.16800768397	0.468810916179	834	2	48	0	23	0.0268378063011
1.16902072644	0.469785575049	835	2	48	0	23	0.0268065268065
1.16952124948	0.470760233918	836	2	48	0	23	0.0267753201397
1.17095719007	0.471734892788	837	2	48	0	23	0.0267441860465
1.17378334082	0.472709551657	838	2	48	0	23	0.0267131242741
1.17422207093	0.472709551657	839	2	48	0	23	0.0266821345708
1.17542780519	0.471734892788	840	2	48	0	23	0.026651216686
1.17661369466	0.472709551657	841	2	48	0	23	0.0266203703704
1.17690823	0.471734892788	842	2	48	0	23	0.0265895953757
1.18059446793	0.472709551657	843	2	48	0	23	0.026558891455
1.18087062985	0.471734892788	844	2	48	0	23	0.0265282583622
1.18117655496	0.471734892788	845	2	48	0	23	0.0264976958525
1.18175212216	0.472709551657	846	2	48	0	23	0.0264672036824
1.18185217074	0.472709551657	847	2	48	0	23	0.0264367816092
1.18402605976	0.471734892788	848	2	48	0	23	0.0264064293915
1.18588387884	0.472709551657	849	2	48	0	23	0.026376146789
1.18651741677	0.471734892788	850	2	48	0	23	0.0263459335624
1.18848783058	0.472709551657	851	2	48	0	23	0.0263157894737
1.18863558131	0.473684210526	852	2	48	0	23	0.0262857142857
1.1892120824	0.474658869396	853	2	48	0	23	0.0262557077626
1.19010683642	0.475633528265	854	2	48	0	23	0.0262257696693
1.19292515672	0.475633528265	855	2	48	0	23	0.0261958997722
1.19333018502	0.475633528265	856	2	48	0	23	0.0261660978385
1.19521283275	0.475633528265	857	2	48	0	23	0.0261363636364
1.20185251856	0.476608187135	858	2	48	0	23	0.0261066969353
1.20370115821	0.477582846004	859	2	48	0	23	0.0260770975057
1.20418471026	0.478557504873	860	2	48	0	23	0.0260475651189
1.20423555698	0.479532163743	861	2	48	0	23	0.0260180995475
1.20429724174	0.480506822612	862	2	48	0	23	0.025988700565
1.20529220088	0.481481481481	863	2	48	0	23	0.0259593679458
1.20609693566	0.481481481481	864	2	48	0	23	0.0259301014656
1.20619216425	0.482456140351	865	2	48	0	23	0.0259009009009
1.208472354	0.48343079922	866	2	48	0	23	0.0258717660292
1.20855781473	0.48440545809	867	2	48	0	23	0.0258426966292
1.2104400481	0.48440545809	868	2	48	0	23	0.0258136924804
1.21112995673	0.485380116959	869	2	48	0	23	0.0257847533632
1.2129621935	0.485380116959	870	2	48	0	23	0.0257558790594
1.21376654263	0.485380116959	871	2	48	0	23	0.0257270693512
1.21401860246	0.486354775828	872	2	48	0	23	0.0256983240223
1.2142855537	0.485380116959	873	2	48	0	23	0.0256696428571
1.21720340989	0.485380116959	874	2	48	0	23	0.025641025641
1.21806074783	0.485380116959	875	2	48	0	23	0.0256124721604
1.21977214577	0.486354775828	876	2	48	0	23	0.0255839822024
1.21987625035	0.486354775828	877	2	48	0	23	0.0255555555556
1.21993029017	0.487329434698	878	2	48	0	23	0.0255271920089
1.22120942588	0.488304093567	879	2	48	0	23	0.0254988913525
1.22180186565	0.488304093567	880	2	48	0	23	0.0254706533776
1.22446001497	0.488304093567	881	2	48	0	23	0.0254424778761
1.22600555462	0.487329434698	882	2	48	0	23	0.0254143646409
1.22762213751	0.487329434698	883	2	48	0	23	0.0253863134658
1.22884153476	0.486354775828	884	2	48	0	23	0.0253583241455
1.22899705788	0.486354775828	885	2	48	0	23	0.0253303964758
1.22980904676	0.487329434698	886	2	48	0	23	0.025302530253
1.23008453114	0.486354775828	887	2	48	0	23	0.0252747252747
1.2314690923	0.486354775828	888	2	48	0	23	0.0252469813392
1.2334000948	0.485380116959	889	2	48	0	23	0.0252192982456
1.23459741544	0.485380116959	890	2	48	0	23	0.0251916757941
1.234750923	0.486354775828	891	2	48	0	23	0.0251641137856
1.23508531869	0.485380116959	892	2	48	0	23	0.0251366120219
1.23575630466	0.48440545809	893	2	48	0	23	0.0251091703057
1.23846546789	0.485380116959	894	2	48	0	23	0.0250817884406
1.23976528551	0.486354775828	895	2	48	0	23	0.0250544662309
1.24162655093	0.486354775828	896	2	48	0	23	0.025027203482
1.24255327005	0.487329434698	897	2	48	0	23	0.025
1.24393529424	0.488304093567	898	2	48	0	23	0.0249728555917
1.24544791755	0.488304093567	899	2	48	0	23	0.0249457700651
1.24698644328	0.488304093567	900	2	48	0	23	0.0249187432286
1.25252348288	0.487329434698	901	2	48	0	23	0.0248917748918
1.25537744337	0.488304093567	902	2	48	0	23	0.0248648648649
1.25595487443	0.488304093567	903	2	48	0	23	0.024838012959
1.2569055795	0.487329434698	904	2	48	0	23	0.024811218986
1.25928749042	0.488304093567	905	2	48	0	23	0.0247844827586
1.26025218559	0.489278752437	906	2	48	0	23	0.0247578040904
1.26128911887	0.489278752437	907	2	48	0	23	0.0247311827957
1.26145313995	0.490253411306	908	2	48	0	23	0.0247046186896
1.26276662954	0.491228070175	909	2	48	0	23	0.024678111588
1.26278953427	0.490253411306	910	2	48	0	23	0.0246516613076
1.26418546647	0.490253411306	911	2	48	0	23	0.024625267666
1.2651953719	0.491228070175	912	2	48	0	23	0.0245989304813
1.26656304411	0.492202729045	913	2	48	0	23	0.0245726495726
1.26880901243	0.492202729045	914	2	48	0	23	0.0245464247599
1.26926002168	0.493177387914	915	2	48	0	23	0.0245202558635
1.2697406321	0.493177387914	916	2	48	0	23	0.024494142705
1.27023057491	0.494152046784	917	2	48	0	23	0.0244680851064
1.27141671011	0.495126705653	918	2	48	0	23	0.0244420828905
1.27197953708	0.494152046784	919	2	48	0	23	0.0244161358811
1.27384797724	0.495126705653	920	2	48	0	23	0.0243902439024
1.27388226473	0.496101364522	921	2	48	0	23	0.0243644067797
1.27453585512	0.497076023392	922	2	48	0	23	0.0243386243386
1.27545660185	0.498050682261	923	2	48	0	23	0.0243128964059
1.27656897917	0.497076023392	924	2	48	0	23	0.0242872228089
1.27791829267	0.496101364522	925	2	48	0	23	0.0242616033755
1.27803700564	0.497076023392	926	2	48	0	23	0.0242360379347
1.27856612661	0.498050682261	927	2	48	0	23	0.0242105263158
1.27949096254	0.498050682261	928	2	48	0	23	0.0241850683491
1.28108766721	0.499025341131	929	2	48	0	23	0.0241596638655
1.28148774769	0.5	930	2	48	0	23	0.0241343126967
1.28268981375	0.5	931	2	48	0	23	0.0241090146751
1.28280932016	0.500974658869	932	2	48	0	23	0.0240837696335
1.28323309997	0.501949317739	933	2	48	0	23	0.0240585774059
1.28585963319	0.502923976608	934	2	48	0	23	0.0240334378265
1.28592899913	0.502923976608	935	2	48	0	23	0.0240083507307
1.28657175323	0.502923976608	936	2	48	0	23	0.0239833159541
1.28755771969	0.501949317739	937	2	48	0	23	0.0239583333333
1.28760698503	0.502923976608	938	2	48	0	23	0.0239334027055
1.28761454736	0.503898635478	939	2	48	0	23	0.0239085239085
1.29108182085	0.503898635478	940	2	48	0	23	0.0238836967809
1.2918961821	0.504873294347	941	2	48	0	23	0.0238589211618
1.29230721127	0.505847953216	942	2	48	0	23	0.0238341968912
1.29442417685	0.505847953216	943	2	48	0	23	0.0238095238095
1.29604308087	0.505847953216	944	2	48	0	23	0.023784901758
1.29671091898	0.506822612086	945	2	48	0	23	0.0237603305785
1.29838419248	0.506822612086	946	2	48	0	23	0.0237358101135
1.3003590896	0.506822612086	947	2	48	0	23	0.0237113402062
1.30057825266	0.506822612086	948	2	48	0	23	0.0236869207003
1.30068797406	0.507797270955	949	2	48	0	23	0.0236625514403
1.3009633721	0.508771929825	950	2	48	0	23	0.0236382322713
1.30263479835	0.509746588694	951	2	48	0	23	0.023613963039
1.3042421081	0.508771929825	952	2	48	0	23	0.0235897435897
1.30453339434	0.509746588694	953	2	48	0	23	0.0235655737705
1.30506690973	0.509746588694	954	2	48	0	23	0.0235414534289
1.30583756091	0.510721247563	955	2	48	0	23	0.0235173824131
1.30598367141	0.510721247563	956	2	48	0	23	0.023493360572
1.30742441904	0.511695906433	957	2	48	0	23	0.0234693877551
1.3092105135	0.511695906433	958	2	48	0	23	0.0234454638124
1.31068156237	0.512670565302	959	2	48	0	23	0.0234215885947
1.31099286525	0.513645224172	960	2	48	0	23	0.0233977619532
1.31191638725	0.513645224172	961	2	48	0	23	0.0233739837398
1.31196107751	0.514619883041	962	2	48	0	23	0.0233502538071
1.31417063609	0.51559454191	963	2	48	0	23	0.0233265720081
1.3150759394	0.51559454191	964	2	48	0	23	0.0233029381966
1.31801839015	0.51559454191	965	2	48	0	23	0.0232793522267
1.31843815685	0.51656920078	966	2	48	0	23	0.0232558139535
1.322137218	0.51656920078	967	2	48	0	23	0.0232323232323
1.32290315619	0.517543859649	968	2	48	0	23	0.0232088799193
1.32390413102	0.51656920078	969	2	48	0	23	0.023185483871
1.32678986595	0.517543859649	970	2	48	0	23	0.0231621349446
1.3271630098	0.517543859649	971	2	48	0	23	0.023138832998
1.32831451591	0.518518518519	972	2	48	0	23	0.0231155778894
1.32883656705	0.517543859649	973	2	48	0	23	0.0230923694779
1.33051360922	0.517543859649	974	2	48	0	23	0.0230692076229
1.33051485741	0.518518518519	975	2	48	0	23	0.0230460921844
1.33286394105	0.519493177388	976	2	48	0	23	0.023023023023
1.33289602648	0.518518518519	977	2	48	0	23	0.023
1.33379912197	0.519493177388	978	2	48	0	23	0.022977022977
1.33411780496	0.520467836257	979	2	48	0	23	0.0229540918164
1.33543702411	0.520467836257	980	2	48	0	23	0.0229312063809
1.33687547653	0.520467836257	981	2	48	0	23	0.0229083665339
1.33756446683	0.520467836257	982	2	48	0	23	0.0228855721393
1.33899460237	0.521442495127	983	2	48	0	23	0.0228628230616
1.33913613318	0.521442495127	984	2	48	0	23	0.0228401191658
1.33999654947	0.520467836257	985	2	48	0	23	0.0228174603175
1.34073017592	0.519493177388	986	2	48	0	23	0.0227948463826
1.34489026668	0.519493177388	987	2	48	0	23	0.0227722772277
1.34666394212	0.520467836257	988	2	48	0	23	0.0227497527201
1.34703279774	0.521442495127	989	2	48	0	23	0.0227272727273
1.3490072724	0.521442495127	990	2	48	0	23	0.0227048371175
1.35662712613	0.520467836257	991	2	48	0	23	0.0226824457594
1.35674500706	0.519493177388	992	2	48	0	23	0.0226600985222
1.35954112155	0.519493177388	993	2	48	0	23	0.0226377952756
1.36147812804	0.518518518519	994	2	48	0	23	0.0226155358899
1.36322020422	0.518518518519	995	2	48	0	23	0.0225933202358
1.36396682656	0.519493177388	996	2	48	0	23	0.0225711481845
1.36510506561	0.518518518519	997	2	48	0	23	0.0225490196078
1.36584336211	0.517543859649	998	2	48	0	23	0.0225269343781
1.36928219031	0.517543859649	999	2	48	0	23	0.0225048923679
1.36976247222	0.518518518519	1000	2	48	0	23	0.0224828934506
1.37050932548	0.519493177388	1001	2	48	0	23	0.0224609375
1.37150163236	0.520467836257	1002	2	48	0	23	0.0224390243902
1.37349900153	0.521442495127	1003	2	48	0	23	0.0224171539961
1.37385767672	0.520467836257	1004	2	48	0	23	0.0223953261928
1.37400091653	0.521442495127	1005	2	48	0	23	0.022373540856
1.37528945953	0.521442495127	1006	2	48	0	23	0.022351797862
1.3753477657	0.520467836257	1007	2	48	0	23	0.0223300970874
1.37541516852	0.519493177388	1008	2	48	0	23	0.0223084384093
1.38081537682	0.520467836257	1009	2	48	0	23	0.0222868217054
1.38775729509	0.521442495127	1010	2	48	0	23	0.0222652468538
1.38849127478	0.522417153996	1011	2	48	0	23	0.0222437137331
1.3891166086	0.521442495127	1012	2	48	0	23	0.0222222222222
1.39081607012	0.520467836257	1013	2	48	0	23	0.0222007722008
1.39104387911	0.520467836257	1014	2	48	0	23	0.0221793635487
1.39112060208	0.520467836257	1015	2	48	0	23	0.0221579961464
1.39375851886	0.519493177388	1016	2	48	0	23	0.0221366698749
1.39950987122	0.519493177388	1017	2	48	0	23	0.0221153846154
1.40213122651	0.520467836257	1018	2	48	0	23	0.0220941402498
1.40284864076	0.521442495127	1019	2	48	0	23	0.0220729366603
1.4038266572	0.520467836257	1020	2	48	0	23	0.0220517737296
1.40487722209	0.521442495127	1021	2	48	0	23	0.022030651341
1.40552561481	0.521442495127	1022	2	48	0	23	0.022009569378
1.40785910218	0.522417153996	1023	2	48	0	23	0.0219885277247
1.40924681632	0.521442495127	1024	2	48	0	23	0.0219675262655
1.40976670711	0.522417153996	1025	2	48	0	23	0.0219465648855
1.40997816772	0.523391812865	1026	2	48	0	23	0.02192564347
1.41118857614	0.523391812865	1027	2	48	0	23	0.0219047619048
1.41168841886	0.524366471735	1028	2	48	0	23	0.0218839200761
1.41359500495	0.523391812865	1029	2	48	0	23	0.0218631178707
1.41419796994	0.523391812865	1030	2	48	0	23	0.0218423551757
1.41577918116	0.524366471735	1031	2	48	0	23	0.0218216318786
1.41636267083	0.525341130604	1032	2	48	0	23	0.0218009478673
1.41740023849	0.526315789474	1033	2	48	0	23	0.0217803030303
1.41848488113	0.527290448343	1034	2	48	0	23	0.0217596972564
1.41862390235	0.526315789474	1035	2	48	0	23	0.0217391304348
1.41997034166	0.525341130604	1036	2	48	0	23	0.0217186024551
1.41997757148	0.525341130604	1037	2	48	0	23	0.0216981132075
1.42097001039	0.526315789474	1038	2	48	0	23	0.0216776625825
1.42278713806	0.526315789474	1039	2	48	0	23	0.0216572504708
1.42387679663	0.525341130604	1040	2	48	0	23	0.0216368767639
1.42630336793	0.526315789474	1041	2	48	0	23	0.0216165413534
1.4266459127	0.526315789474	1042	2	48	0	23	0.0215962441315
1.4267360381	0.527290448343	1043	2	48	0	23	0.0215759849906
1.42878968178	0.528265107212	1044	2	48	0	23	0.0215557638238
1.42915790125	0.528265107212	1045	2	48	0	23	0.0215355805243
1.42946945163	0.529239766082	1046	2	48	0	23	0.021515434986
1.43034326986	0.529239766082	1047	2	48	0	23	0.0214953271028
1.4304166678	0.528265107212	1048	2	48	0	23	0.0214752567694
1.43083010199	0.529239766082	1049	2	48	0	23	0.0214552238806
1.43143343661	0.530214424951	1050	2	48	0	23	0.0214352283318
1.43208766582	0.530214424951	1051	2	48	0	23	0.0214152700186
1.43242664853	0.529239766082	1052	2	48	0	23	0.0213953488372
1.43387201673	0.529239766082	1053	2	48	0	23	0.021375464684
1.43429737347	0.529239766082	1054	2	48	0	23	0.0213556174559
1.43433653175	0.528265107212	1055	2	48	0	23	0.0213358070501
1.43461059334	0.529239766082	1056	2	48	0	23	0.0213160333642
1.43506279047	0.530214424951	1057	2	48	0	23	0.0212962962963
1.43510502186	0.529239766082	1058	2	48	0	23	0.0212765957447
1.43620939935	0.529239766082	1059	2	48	0	23	0.0212569316081
1.44075430697	0.530214424951	1060	2	48	0	23	0.0212373037858
1.44282640633	0.531189083821	1061	2	48	0	23	0.0212177121771
1.44349641327	0.53216374269	1062	2	48	0	23	0.021198156682
1.44447296602	0.53216374269	1063	2	48	0	23	0.0211786372007
1.44468220943	0.533138401559	1064	2	48	0	23	0.0211591536339
1.44699363989	0.534113060429	1065	2	48	0	23	0.0211397058824
1.4475900014	0.534113060429	1066	2	48	0	23	0.0211202938476
1.44805958459	0.535087719298	1067	2	48	0	23	0.0211009174312
1.44811986979	0.534113060429	1068	2	48	0	23	0.0210815765353
1.44825554214	0.533138401559	1069	2	48	0	23	0.0210622710623
1.45228976934	0.533138401559	1070	2	48	0	23	0.0210430009149
1.45261578919	0.533138401559	1071	2	48	0	23	0.0210237659963
1.45388754108	0.53216374269	1072	2	48	0	23	0.02100456621
1.45584379096	0.53216374269	1073	2	48	0	23	0.0209854014599
1.45813108884	0.533138401559	1074	2	48	0	23	0.02096627165
1.45927631771	0.533138401559	1075	2	48	0	23	0.0209471766849
1.46069842295	0.534113060429	1076	2	48	0	23	0.0209281164695
1.46082189866	0.534113060429	1077	2	48	0	23	0.0209090909091
1.46207242766	0.533138401559	1078	2	48	0	23	0.0208900999092
1.46428531955	0.534113060429	1079	2	48	0	23	0.0208711433757
1.46686593175	0.535087719298	1080	2	48	0	23	0.0208522212149
1.4669415732	0.536062378168	1081	2	48	0	23	0.0208333333333
1.46863689886	0.537037037037	1082	2	48	0	23	0.020814479638
1.46917333951	0.538011695906	1083	2	48	0	23	0.0207956600362
1.4726827394	0.538011695906	1084	2	48	0	23	0.0207768744354
1.47295701992	0.537037037037	1085	2	48	0	23	0.0207581227437
1.47310214929	0.538011695906	1086	2	48	0	23	0.0207394048693
1.47403376864	0.538986354776	1087	2	48	0	23	0.0207207207207
1.47456447883	0.539961013645	1088	2	48	0	23	0.020702070207
1.4790131606	0.539961013645	1089	2	48	0	23	0.0206834532374
1.4790980489	0.540935672515	1090	2	48	0	23	0.0206648697215
1.48073477712	0.541910331384	1091	2	48	0	23	0.0206463195691
1.48079140421	0.542884990253	1092	2	48	0	23	0.0206278026906
1.48093079969	0.543859649123	1093	2	48	0	23	0.0206093189964
1.48556321937	0.542884990253	1094	2	48	0	23	0.0205908683975
1.48928657414	0.542884990253	1095	2	48	0	23	0.020572450805
1.48989500956	0.543859649123	1096	2	48	0	23	0.0205540661305
1.49084037603	0.543859649123	1097	2	48	0	23	0.0205357142857
1.49130209259	0.544834307992	1098	2	48	0	23	0.0205173951829
1.49343705162	0.543859649123	1099	2	48	0	23	0.0204991087344
1.49486504395	0.544834307992	1100	2	48	0	23	0.0204808548531
1.49519867406	0.544834307992	1101	2	48	0	23	0.020462633452
1.49579037387	0.544834307992	1102	2	48	0	23	0.0204444444444
1.49609495552	0.545808966862	1103	2	48	0	23	0.0204262877442
1.49794209457	0.544834307992	1104	2	48	0	23	0.0204081632653
1.50109797402	0.544834307992	1105	2	48	0	23	0.020390070922
1.50147433581	0.545808966862	1106	2	48	0	23	0.0203720106289
1.5019215034	0.545808966862	1107	2	48	0	23	0.0203539823009
1.50270411967	0.545808966862	1108	2	48	0	23	0.0203359858532
1.50285599577	0.544834307992	1109	2	48	0	23	0.0203180212014
1.50433941372	0.543859649123	1110	2	48	0	23	0.0203000882613
1.50960400174	0.543859649123	1111	2	48	0	23	0.0202821869489
1.51045365542	0.544834307992	1112	2	48	0	23	0.0202643171806
1.51208864357	0.543859649123	1113	2	48	0	23	0.0202464788732
1.51458167016	0.542884990253	1114	2	48	0	23	0.0202286719437
1.5171901194	0.543859649123	1115	2	48	0	23	0.0202108963093
1.51960654987	0.544834307992	1116	2	48	0	23	0.0201931518876
1.521627507	0.543859649123	1117	2	48	0	23	0.0201754385965
1.52396783683	0.543859649123	1118	2	48	0	23	0.0201577563541
1.52959317413	0.543859649123	1119	2	48	0	23	0.0201401050788
1.53042302272	0.543859649123	1120	2	48	0	23	0.0201224846894
1.53053482278	0.542884990253	1121	2	48	0	23	0.0201048951049
1.53331940719	0.542884990253	1122	2	48	0	23	0.0200873362445
