# time 	 divergence 	 # of mutations 	 # IGC chances 	 IGC length 	 # IGC failures 	 Changes due to IGC  	 % change due to IGC 
0.0	0.0940695296524	0	0	0	0	0	0.0
0.00877335458245	0.0961145194274	1	0	0	0	0	0.0
0.0101213987176	0.0981595092025	2	0	0	0	0	0.0
0.0112358740089	0.100204498978	3	0	0	0	0	0.0
0.0141754304304	0.0981595092025	4	0	0	0	0	0.0
0.0146509592887	0.100204498978	5	0	0	0	0	0.0
0.0170832028348	0.102249488753	6	0	0	0	0	0.0
0.0177260327075	0.104294478528	7	0	0	0	0	0.0
0.0212547581485	0.106339468303	8	0	0	0	0	0.0
0.0215300500279	0.108384458078	9	0	0	0	0	0.0
0.0254623123897	0.110429447853	10	0	0	0	0	0.0
0.026104857856	0.112474437628	11	0	0	0	0	0.0
0.0287051165141	0.114519427403	12	0	0	0	0	0.0
0.0375550640434	0.116564417178	13	0	0	0	0	0.0
0.0382203570914	0.114519427403	14	0	0	0	0	0.0
0.0391859361665	0.116564417178	15	0	0	0	0	0.0
0.0435446597942	0.116564417178	16	0	0	0	0	0.0
0.0451559172971	0.116564417178	17	0	0	0	0	0.0
0.047563545302	0.118609406953	18	0	0	0	0	0.0
0.0475995382452	0.120654396728	19	0	0	0	0	0.0
0.0497249049821	0.122699386503	20	0	0	0	0	0.0
0.0516283788315	0.124744376278	21	0	0	0	0	0.0
