# time 	 divergence 	 # of mutations 	 # IGC chances 	 IGC length 	 # IGC failures 	 Changes due to IGC  	 % change due to IGC 
0.0	0.572043010753	0	0	0	0	0	0.0
0.00117127105876	0.57311827957	1	0	0	0	0	0.0
0.00120804281734	0.574193548387	2	0	0	0	0	0.0
0.00412787516953	0.574193548387	3	0	0	0	0	0.0
0.00585002276567	0.574193548387	4	0	0	0	0	0.0
0.00726835813836	0.57311827957	5	0	0	0	0	0.0
0.00794176743216	0.57311827957	6	0	0	0	0	0.0
0.0114391614499	0.574193548387	7	0	0	0	0	0.0
0.0147073104561	0.575268817204	8	0	0	0	0	0.0
0.0151136858816	0.576344086022	9	0	0	0	0	0.0
0.015464176406	0.576344086022	10	0	0	0	0	0.0
0.0170528864055	0.576344086022	11	0	0	0	0	0.0
0.0191855327878	0.577419354839	12	0	0	0	0	0.0
0.0206550678134	0.578494623656	13	0	0	0	0	0.0
0.0223738971782	0.577419354839	14	0	0	0	0	0.0
0.0232635145239	0.577419354839	15	0	0	0	0	0.0
0.0245360430636	0.576344086022	16	0	0	0	0	0.0
0.0249821510105	0.577419354839	17	0	0	0	0	0.0
0.0259200584977	0.578494623656	18	0	0	0	0	0.0
0.026878915613	0.578494623656	19	0	0	0	0	0.0
0.0278059040017	0.579569892473	20	0	0	0	0	0.0
0.0279313741808	0.578494623656	21	0	0	0	0	0.0
0.0294549677217	0.579569892473	22	0	0	0	0	0.0
0.0303688418162	0.58064516129	23	0	0	0	0	0.0
0.032313809339	0.581720430108	24	0	0	0	0	0.0
0.0336347250695	0.58064516129	25	0	0	0	0	0.0
0.034901591396	0.581720430108	26	0	0	0	0	0.0
0.0352113301283	0.582795698925	27	0	0	0	0	0.0
0.0359183507814	0.582795698925	28	0	0	0	0	0.0
0.0359341663862	0.582795698925	29	0	0	0	0	0.0
0.0365340514871	0.583870967742	30	0	0	0	0	0.0
0.0376384323425	0.584946236559	31	0	0	0	0	0.0
0.0393845529331	0.586021505376	32	0	0	0	0	0.0
0.0405104627087	0.587096774194	33	0	0	0	0	0.0
0.0406743143121	0.588172043011	34	0	0	0	0	0.0
0.0420251116845	0.588172043011	35	0	0	0	0	0.0
0.0428823270153	0.589247311828	36	0	0	0	0	0.0
0.0440693256872	0.590322580645	37	0	0	0	0	0.0
0.0455714684234	0.590322580645	38	0	0	0	0	0.0
0.0463561872604	0.591397849462	39	0	0	0	0	0.0
0.0467815671643	0.59247311828	40	0	0	0	0	0.0
0.0471539531354	0.59247311828	41	0	0	0	0	0.0
0.0473100253916	0.593548387097	42	0	0	0	0	0.0
0.0505552889776	0.593548387097	43	0	0	0	0	0.0
0.0514650384872	0.594623655914	44	0	0	0	0	0.0
0.051602047374	0.594623655914	45	0	0	0	0	0.0
0.0516305073298	0.594623655914	46	0	0	0	0	0.0
0.0518910487672	0.593548387097	47	0	0	0	0	0.0
0.0590891162685	0.593548387097	48	0	0	0	0	0.0
0.0600198911083	0.593548387097	49	0	0	0	0	0.0
0.0610081138798	0.594623655914	50	0	0	0	0	0.0
0.0613573707521	0.594623655914	51	0	0	0	0	0.0
0.0673980318323	0.595698924731	52	0	0	0	0	0.0
0.0683906240698	0.595698924731	53	0	0	0	0	0.0
0.0684734416148	0.596774193548	54	0	0	0	0	0.0
0.0687967665757	0.595698924731	55	0	0	0	0	0.0
0.0689828667617	0.596774193548	56	0	0	0	0	0.0
0.0691690940768	0.596774193548	57	0	0	0	0	0.0
0.0720485970982	0.597849462366	58	0	0	0	0	0.0
0.0735491076143	0.598924731183	59	0	0	0	0	0.0
0.0738081526731	0.598924731183	60	0	0	0	0	0.0
0.074057511022	0.6	61	0	0	0	0	0.0
0.0789681697576	0.6	62	0	0	0	0	0.0
0.0809282639911	0.598924731183	63	0	0	0	0	0.0
0.0858750804939	0.597849462366	64	0	0	0	0	0.0
0.0882636744785	0.597849462366	65	0	0	0	0	0.0
0.0885103386171	0.597849462366	66	0	0	0	0	0.0
0.0900409140297	0.596774193548	67	0	0	0	0	0.0
0.0939853334464	0.597849462366	68	0	0	0	0	0.0
0.0945877636351	0.596774193548	69	0	0	0	0	0.0
0.0956928400707	0.596774193548	70	0	0	0	0	0.0
0.0965065317165	0.597849462366	71	0	0	0	0	0.0
0.0986988506868	0.596774193548	72	0	0	0	0	0.0
0.0993474672041	0.595698924731	73	0	0	0	0	0.0
0.101661792106	0.595698924731	74	0	0	0	0	0.0
0.10215955028	0.594623655914	75	0	0	0	0	0.0
0.104253007756	0.593548387097	76	0	0	0	0	0.0
0.104742903659	0.594623655914	77	0	0	0	0	0.0
0.105261947078	0.593548387097	78	0	0	0	0	0.0
0.105420021979	0.59247311828	79	0	0	0	0	0.0
0.105981806324	0.593548387097	80	0	0	0	0	0.0
0.106546235735	0.593548387097	81	0	0	0	0	0.0
0.109029564922	0.593548387097	82	0	0	0	0	0.0
0.11111234725	0.594623655914	83	0	0	0	0	0.0
0.112476551169	0.594623655914	84	0	0	0	0	0.0
0.11490168433	0.594623655914	85	0	0	0	0	0.0
0.114913308121	0.594623655914	86	0	0	0	0	0.0
0.116073165209	0.594623655914	87	0	0	0	0	0.0
0.116599632256	0.594623655914	88	0	0	0	0	0.0
0.118606874776	0.595698924731	89	0	0	0	0	0.0
0.11911988708	0.595698924731	90	0	0	0	0	0.0
0.12179222787	0.596774193548	91	0	0	0	0	0.0
0.122041986996	0.595698924731	92	0	0	0	0	0.0
0.122164720922	0.595698924731	93	0	0	0	0	0.0
0.123095957994	0.596774193548	94	0	0	0	0	0.0
0.124287884971	0.596774193548	95	0	0	0	0	0.0
0.124420764144	0.596774193548	96	0	0	0	0	0.0
0.12659770122	0.596774193548	97	0	0	0	0	0.0
0.127551460741	0.597849462366	98	0	0	0	0	0.0
0.129306349851	0.598924731183	99	0	0	0	0	0.0
0.131649288279	0.598924731183	100	0	0	0	0	0.0
0.133167168907	0.597849462366	101	0	0	0	0	0.0
0.133823209881	0.597849462366	102	0	0	0	0	0.0
0.136508266607	0.597849462366	103	0	0	0	0	0.0
0.137069972541	0.596774193548	104	0	0	0	0	0.0
0.137678880152	0.596774193548	105	0	0	0	0	0.0
0.139147453269	0.595698924731	106	0	0	0	0	0.0
0.145837213606	0.594623655914	107	0	0	0	0	0.0
