# time 	 divergence 	 # of mutations 	 # IGC chances 	 IGC length 	 # IGC failures 	 Changes due to IGC  	 % change due to IGC 
0.0	0.00204498977505	0	0	0	0	0	0.0
0.000329294890165	0.0040899795501	1	0	0	0	0	0.0
0.0023699432971	0.0040899795501	1	1	15	0	0	0.0
0.00434200943263	0.00613496932515	2	1	15	0	0	0.0
0.00501546397871	0.00613496932515	2	2	117	0	0	0.0
0.0055755164123	0.0081799591002	3	2	117	0	0	0.0
0.00848237364498	0.0081799591002	3	3	36	0	0	0.0
0.00988060359773	0.0081799591002	3	4	6	0	0	0.0
0.0158665315716	0.0081799591002	3	5	138	0	0	0.0
0.0162148032145	0.0081799591002	3	6	3	0	0	0.0
0.0185088244473	0.0040899795501	3	7	72	0	2	0.4
0.0195589825424	0.00204498977505	3	8	108	0	3	0.5
0.0203604045524	0.00204498977505	3	9	54	0	3	0.5
0.0212622768614	0.00204498977505	3	10	93	0	3	0.5
0.0224151015486	0.00204498977505	3	11	21	0	3	0.5
0.0229058780736	0.0040899795501	4	11	21	0	3	0.428571428571
0.0254938834258	0.0040899795501	4	12	24	0	3	0.428571428571
0.0262721357611	0.0040899795501	4	13	27	0	3	0.428571428571
0.0277562106193	0.00613496932515	5	13	27	0	3	0.375
0.0279599729552	0.0081799591002	6	13	27	0	3	0.333333333333
0.0281452212149	0.0102249488753	7	13	27	0	3	0.3
0.0291865954838	0.0122699386503	8	13	27	0	3	0.272727272727
0.0293248019319	0.0122699386503	8	14	12	0	3	0.272727272727
0.0309391471971	0.0143149284254	9	14	12	0	3	0.25
0.0314773421828	0.0163599182004	10	14	12	0	3	0.230769230769
