# time 	 divergence 	 # of mutations 	 # IGC chances 	 IGC length 	 # IGC failures 	 Changes due to IGC  	 % change due to IGC 
0.0	0.297849462366	0	0	0	0	0	0.0
0.00195662824727	0.298924731183	1	0	0	0	0	0.0
0.00389910570966	0.298924731183	1	1	3	0	0	0.0
0.00448833821184	0.298924731183	1	2	3	0	0	0.0
0.00502775728413	0.3	2	2	3	0	0	0.0
0.0066031792866	0.298924731183	3	2	3	0	0	0.0
0.00742478787889	0.3	4	2	3	0	0	0.0
0.00867251992746	0.301075268817	5	2	3	0	0	0.0
0.0100931869972	0.301075268817	5	3	3	0	0	0.0
0.0117154208401	0.302150537634	6	3	3	0	0	0.0
0.0123088678299	0.303225806452	7	3	3	0	0	0.0
0.01355827796	0.303225806452	7	4	3	0	0	0.0
0.0147909057997	0.304301075269	8	4	3	0	0	0.0
0.0151583514631	0.303225806452	9	4	3	0	0	0.0
0.0173844684323	0.303225806452	10	4	3	0	0	0.0
0.0173960371577	0.302150537634	10	5	3	0	1	0.0909090909091
0.0179926126248	0.303225806452	11	5	3	0	1	0.0833333333333
0.0195363492581	0.304301075269	12	5	3	0	1	0.0769230769231
0.0218625092389	0.305376344086	13	5	3	0	1	0.0714285714286
0.0222739611611	0.305376344086	13	6	3	0	1	0.0714285714286
0.0226160188544	0.303225806452	13	7	3	0	3	0.1875
0.0247072938004	0.301075268817	13	8	3	0	5	0.277777777778
0.0250045036747	0.301075268817	13	9	3	0	5	0.277777777778
0.0266271057008	0.3	14	9	3	0	5	0.263157894737
0.0287388201529	0.3	14	10	3	0	5	0.263157894737
0.029029925625	0.297849462366	14	11	3	0	7	0.333333333333
0.0296535732867	0.296774193548	14	12	3	0	8	0.363636363636
0.0296872110801	0.296774193548	15	12	3	0	8	0.347826086957
0.0324091555872	0.297849462366	16	12	3	0	8	0.333333333333
0.0333264117892	0.296774193548	16	13	3	0	9	0.36
0.034260141026	0.295698924731	17	13	3	0	9	0.346153846154
0.036375937074	0.296774193548	18	13	3	0	9	0.333333333333
0.038362045807	0.297849462366	19	13	3	0	9	0.321428571429
0.038464671431	0.297849462366	19	14	3	0	9	0.321428571429
0.0397064185515	0.295698924731	19	15	3	0	11	0.366666666667
0.0424287307761	0.293548387097	19	16	3	0	13	0.40625
0.0431963116759	0.294623655914	20	16	3	0	13	0.393939393939
0.0443378809777	0.295698924731	21	16	3	0	13	0.382352941176
0.0453718407763	0.296774193548	22	16	3	0	13	0.371428571429
0.0460885049291	0.296774193548	23	16	3	0	13	0.361111111111
0.0484484133977	0.297849462366	24	16	3	0	13	0.351351351351
0.0503455159644	0.298924731183	25	16	3	0	13	0.342105263158
0.0505816501345	0.3	26	16	3	0	13	0.333333333333
0.050984714141	0.301075268817	27	16	3	0	13	0.325
0.0522279450064	0.302150537634	28	16	3	0	13	0.317073170732
0.0533396785942	0.303225806452	29	16	3	0	13	0.309523809524
0.0537801309321	0.304301075269	30	16	3	0	13	0.302325581395
0.0547780399672	0.305376344086	31	16	3	0	13	0.295454545455
0.0602567026397	0.306451612903	32	16	3	0	13	0.288888888889
0.0626629655045	0.30752688172	33	16	3	0	13	0.282608695652
0.0642700292615	0.30752688172	34	16	3	0	13	0.276595744681
0.0663745038763	0.308602150538	35	16	3	0	13	0.270833333333
0.0665119500402	0.309677419355	36	16	3	0	13	0.265306122449
0.0673091068567	0.30752688172	36	17	3	0	15	0.294117647059
0.067403766419	0.306451612903	36	18	3	0	16	0.307692307692
0.068130916434	0.306451612903	36	19	3	0	16	0.307692307692
0.0684451474942	0.304301075269	36	20	3	0	18	0.333333333333
0.068974243623	0.303225806452	36	21	3	0	19	0.345454545455
0.0706102966849	0.304301075269	37	21	3	0	19	0.339285714286
0.0726956889269	0.305376344086	38	21	3	0	19	0.333333333333
0.072931431738	0.304301075269	38	22	3	0	20	0.344827586207
0.0748713306079	0.305376344086	39	22	3	0	20	0.338983050847
0.0762053052075	0.306451612903	40	22	3	0	20	0.333333333333
0.082250814841	0.30752688172	41	22	3	0	20	0.327868852459
0.083323763502	0.306451612903	41	23	3	0	21	0.338709677419
0.0833260303387	0.30752688172	42	23	3	0	21	0.333333333333
0.0834257794581	0.306451612903	42	24	3	0	22	0.34375
0.0865058784886	0.30752688172	43	24	3	0	22	0.338461538462
0.0871697860833	0.30752688172	43	25	3	0	22	0.338461538462
0.0906488815729	0.305376344086	43	26	3	0	24	0.358208955224
0.0920514492996	0.306451612903	44	26	3	0	24	0.352941176471
0.0925438904594	0.30752688172	45	26	3	0	24	0.347826086957
0.0925985688228	0.30752688172	45	27	3	0	24	0.347826086957
0.0935594127045	0.308602150538	46	27	3	0	24	0.342857142857
0.0938978367188	0.309677419355	47	27	3	0	24	0.338028169014
0.0942703915089	0.309677419355	47	28	3	0	24	0.338028169014
0.0957700290581	0.308602150538	47	29	3	0	25	0.347222222222
0.095898605725	0.30752688172	47	30	3	0	26	0.356164383562
0.0959957759993	0.30752688172	47	31	3	0	26	0.356164383562
0.0960170859856	0.308602150538	48	31	3	0	26	0.351351351351
0.0975957757173	0.309677419355	49	31	3	0	26	0.346666666667
0.0980572116256	0.310752688172	50	31	3	0	26	0.342105263158
0.0980858536013	0.311827956989	51	31	3	0	26	0.337662337662
0.0983500155196	0.310752688172	51	32	3	0	27	0.346153846154
0.0991747775	0.311827956989	52	32	3	0	27	0.341772151899
0.0995864507335	0.308602150538	52	33	3	0	30	0.365853658537
0.100447731832	0.309677419355	53	33	3	0	30	0.361445783133
0.100548539207	0.308602150538	53	34	3	0	31	0.369047619048
0.100745388448	0.306451612903	53	35	3	0	33	0.383720930233
0.101012695336	0.306451612903	53	36	3	0	33	0.383720930233
0.10105814941	0.306451612903	54	36	3	0	33	0.379310344828
0.101439705969	0.306451612903	55	36	3	0	33	0.375
0.102604473178	0.304301075269	55	37	3	0	35	0.388888888889
0.103166194907	0.304301075269	56	37	3	0	35	0.384615384615
0.104267540609	0.303225806452	56	38	3	0	36	0.391304347826
0.104722734995	0.303225806452	57	38	3	0	36	0.387096774194
0.105795702268	0.302150537634	57	39	3	0	37	0.393617021277
0.106878410634	0.302150537634	58	39	3	0	37	0.389473684211
0.107446474066	0.303225806452	59	39	3	0	37	0.385416666667
0.108013920252	0.304301075269	60	39	3	0	37	0.381443298969
0.108751509162	0.305376344086	61	39	3	0	37	0.377551020408
0.109692456866	0.306451612903	62	39	3	0	37	0.373737373737
0.111001885235	0.306451612903	63	39	3	0	37	0.37
0.115434112922	0.306451612903	63	40	3	0	37	0.37
0.119125788526	0.305376344086	63	41	3	0	38	0.376237623762
0.123377825026	0.306451612903	64	41	3	0	38	0.372549019608
0.124667525082	0.305376344086	65	41	3	0	38	0.368932038835
0.125897511059	0.306451612903	66	41	3	0	38	0.365384615385
0.126998120036	0.30752688172	67	41	3	0	38	0.361904761905
0.127043515745	0.308602150538	68	41	3	0	38	0.358490566038
0.12825619184	0.309677419355	69	41	3	0	38	0.355140186916
0.128430093729	0.310752688172	70	41	3	0	38	0.351851851852
0.128492634893	0.311827956989	71	41	3	0	38	0.348623853211
0.129272776804	0.310752688172	71	42	3	0	39	0.354545454545
0.129528830217	0.311827956989	72	42	3	0	39	0.351351351351
0.130940594545	0.312903225806	73	42	3	0	39	0.348214285714
0.131946203163	0.313978494624	74	42	3	0	39	0.345132743363
0.132500644898	0.313978494624	75	42	3	0	39	0.342105263158
0.132864252152	0.310752688172	75	43	3	0	42	0.358974358974
0.133188708175	0.311827956989	76	43	3	0	42	0.35593220339
0.134625454494	0.312903225806	77	43	3	0	42	0.352941176471
0.135839392901	0.313978494624	78	43	3	0	42	0.35
0.136629365652	0.313978494624	78	44	3	0	42	0.35
0.138845239809	0.311827956989	78	45	3	0	44	0.360655737705
0.139193975491	0.310752688172	79	45	3	0	44	0.357723577236
0.14083548109	0.311827956989	80	45	3	0	44	0.354838709677
0.141429358842	0.312903225806	81	45	3	0	44	0.352
0.143037499582	0.310752688172	81	46	3	0	46	0.362204724409
0.14305877711	0.311827956989	82	46	3	0	46	0.359375
0.14622554169	0.310752688172	83	46	3	0	46	0.356589147287
0.146807240857	0.310752688172	84	46	3	0	46	0.353846153846
0.148750815905	0.311827956989	85	46	3	0	46	0.351145038168
0.148994525327	0.310752688172	85	47	3	0	47	0.356060606061
0.149865934422	0.308602150538	85	48	3	0	49	0.365671641791
0.150010069331	0.308602150538	86	48	3	0	49	0.362962962963
0.150215987582	0.309677419355	87	48	3	0	49	0.360294117647
0.151098010101	0.310752688172	88	48	3	0	49	0.357664233577
0.152068539261	0.308602150538	88	49	3	0	51	0.36690647482
0.152174631792	0.309677419355	89	49	3	0	51	0.364285714286
0.152205816712	0.310752688172	90	49	3	0	51	0.36170212766
0.153279693459	0.311827956989	91	49	3	0	51	0.359154929577
0.153769739332	0.310752688172	91	50	3	0	52	0.363636363636
0.154434366685	0.311827956989	92	50	3	0	52	0.361111111111
0.155035239518	0.312903225806	93	50	3	0	52	0.358620689655
0.156397866154	0.311827956989	93	51	3	0	53	0.36301369863
0.1564254257	0.312903225806	94	51	3	0	53	0.360544217687
0.156568686189	0.313978494624	95	51	3	0	53	0.358108108108
0.157201903072	0.311827956989	95	52	3	0	55	0.366666666667
0.157996787031	0.312903225806	96	52	3	0	55	0.364238410596
0.158454757287	0.312903225806	96	53	3	0	55	0.364238410596
0.159207653271	0.312903225806	97	53	3	0	55	0.361842105263
0.159785580266	0.312903225806	98	53	3	0	55	0.359477124183
0.162610573716	0.312903225806	98	54	3	0	55	0.359477124183
0.163126948217	0.312903225806	99	54	3	0	55	0.357142857143
0.165392113809	0.312903225806	99	55	3	0	55	0.357142857143
0.166005328514	0.313978494624	100	55	3	0	55	0.354838709677
0.168128648265	0.312903225806	100	56	3	0	56	0.358974358974
0.168913048595	0.311827956989	100	57	3	0	57	0.363057324841
0.169484612897	0.312903225806	101	57	3	0	57	0.360759493671
0.169958019665	0.311827956989	102	57	3	0	57	0.358490566038
0.170357406594	0.312903225806	103	57	3	0	57	0.35625
0.170465566278	0.313978494624	104	57	3	0	57	0.354037267081
0.172016525955	0.315053763441	105	57	3	0	57	0.351851851852
0.172124252689	0.316129032258	106	57	3	0	57	0.349693251534
0.172251282249	0.317204301075	107	57	3	0	57	0.34756097561
0.172321513507	0.318279569892	108	57	3	0	57	0.345454545455
0.172593097849	0.317204301075	108	58	3	0	58	0.349397590361
0.173527484581	0.316129032258	109	58	3	0	58	0.347305389222
0.175599281804	0.316129032258	109	59	3	0	58	0.347305389222
0.177303292352	0.317204301075	110	59	3	0	58	0.345238095238
0.178118500763	0.317204301075	111	59	3	0	58	0.343195266272
0.178153673033	0.315053763441	111	60	3	0	60	0.350877192982
0.178286436794	0.316129032258	112	60	3	0	60	0.348837209302
0.181161492741	0.316129032258	112	61	3	0	60	0.348837209302
0.181166872268	0.313978494624	112	62	3	0	62	0.35632183908
0.181418696178	0.313978494624	112	63	3	0	62	0.35632183908
0.182927018548	0.313978494624	112	64	3	0	62	0.35632183908
0.183438164798	0.312903225806	113	64	3	0	62	0.354285714286
0.185247508119	0.311827956989	113	65	3	0	63	0.357954545455
0.186811473905	0.312903225806	114	65	3	0	63	0.35593220339
0.189368931155	0.313978494624	115	65	3	0	63	0.35393258427
0.191129046776	0.315053763441	116	65	3	0	63	0.351955307263
0.191571892528	0.315053763441	117	65	3	0	63	0.35
0.19203789015	0.316129032258	118	65	3	0	63	0.348066298343
0.193839198043	0.317204301075	119	65	3	0	63	0.346153846154
0.195454921452	0.317204301075	120	65	3	0	63	0.344262295082
0.197158401741	0.317204301075	121	65	3	0	63	0.342391304348
0.199524732667	0.317204301075	121	66	3	0	63	0.342391304348
0.20229007354	0.316129032258	121	67	3	0	64	0.345945945946
0.202431205418	0.315053763441	122	67	3	0	64	0.344086021505
0.203814593878	0.315053763441	123	67	3	0	64	0.342245989305
0.205810498285	0.316129032258	124	67	3	0	64	0.340425531915
0.207339344972	0.316129032258	125	67	3	0	64	0.338624338624
0.211144830601	0.317204301075	126	67	3	0	64	0.336842105263
0.212601539947	0.317204301075	126	68	3	0	64	0.336842105263
0.214976463759	0.313978494624	126	69	3	0	67	0.347150259067
0.217946027873	0.315053763441	127	69	3	0	67	0.345360824742
0.218903987468	0.315053763441	127	70	3	0	67	0.345360824742
0.220314346786	0.315053763441	128	70	3	0	67	0.34358974359
0.221035765127	0.315053763441	129	70	3	0	67	0.341836734694
0.222015382667	0.316129032258	130	70	3	0	67	0.340101522843
0.222257248843	0.317204301075	131	70	3	0	67	0.338383838384
0.222265019539	0.318279569892	132	70	3	0	67	0.336683417085
0.223128555913	0.31935483871	133	70	3	0	67	0.335
0.223214186039	0.318279569892	134	70	3	0	67	0.333333333333
0.225273071233	0.31935483871	135	70	3	0	67	0.331683168317
0.225421342389	0.318279569892	135	71	3	0	68	0.334975369458
0.226744135955	0.318279569892	135	72	3	0	68	0.334975369458
0.22778286023	0.316129032258	135	73	3	0	70	0.341463414634
0.228116599768	0.315053763441	135	74	3	0	71	0.344660194175
0.230346670673	0.313978494624	135	75	3	0	72	0.347826086957
0.230716644538	0.311827956989	135	76	3	0	74	0.354066985646
0.232112492641	0.312903225806	136	76	3	0	74	0.352380952381
0.232788454198	0.311827956989	137	76	3	0	74	0.350710900474
0.234775249518	0.310752688172	137	77	3	0	75	0.353773584906
0.234860691605	0.309677419355	137	78	3	0	76	0.356807511737
0.235007485193	0.310752688172	138	78	3	0	76	0.355140186916
0.235035446194	0.311827956989	139	78	3	0	76	0.353488372093
0.236372070645	0.310752688172	140	78	3	0	76	0.351851851852
0.237326036315	0.308602150538	140	79	3	0	78	0.357798165138
0.237946801832	0.309677419355	141	79	3	0	78	0.356164383562
0.239737925961	0.310752688172	142	79	3	0	78	0.354545454545
0.241502071321	0.309677419355	143	79	3	0	78	0.352941176471
0.241892375686	0.308602150538	144	79	3	0	78	0.351351351351
0.242732383864	0.308602150538	145	79	3	0	78	0.349775784753
0.244652345626	0.309677419355	146	79	3	0	78	0.348214285714
0.248091068874	0.308602150538	147	79	3	0	78	0.346666666667
0.248778857093	0.30752688172	148	79	3	0	78	0.345132743363
0.249882250022	0.305376344086	148	80	3	0	80	0.350877192982
0.250640394454	0.304301075269	148	81	3	0	81	0.353711790393
0.253342971948	0.305376344086	149	81	3	0	81	0.352173913043
0.253980833852	0.305376344086	150	81	3	0	81	0.350649350649
0.254356050878	0.304301075269	150	82	3	0	82	0.353448275862
