# time 	 divergence 	 # of mutations 	 # IGC chances 	 IGC length 	 # IGC failures 	 Changes due to IGC  	 % change due to IGC 
0.0	0.473684210526	0	0	0	0	0	0.0
0.00398659714444	0.474658869396	1	0	0	0	0	0.0
0.0050245254982	0.473684210526	2	0	0	0	0	0.0
0.00618191728203	0.474658869396	3	0	0	0	0	0.0
0.00625284133847	0.475633528265	4	0	0	0	0	0.0
0.00906742805846	0.476608187135	5	0	0	0	0	0.0
0.00991427698037	0.477582846004	6	0	0	0	0	0.0
0.0108856003467	0.478557504873	7	0	0	0	0	0.0
0.013967690256	0.479532163743	8	0	0	0	0	0.0
0.0144777175489	0.479532163743	9	0	0	0	0	0.0
0.0170815635431	0.480506822612	10	0	0	0	0	0.0
0.0199957069866	0.481481481481	11	0	0	0	0	0.0
0.0213997990695	0.481481481481	12	0	0	0	0	0.0
0.0240637692546	0.480506822612	13	0	0	0	0	0.0
0.0267227409023	0.481481481481	14	0	0	0	0	0.0
0.0273278265569	0.480506822612	15	0	0	0	0	0.0
0.0286819768803	0.481481481481	16	0	0	0	0	0.0
0.0318044243609	0.482456140351	17	0	0	0	0	0.0
0.0319398701644	0.48343079922	18	0	0	0	0	0.0
0.0345286077549	0.48343079922	19	0	0	0	0	0.0
0.0350486750029	0.48343079922	20	0	0	0	0	0.0
0.036078098946	0.48440545809	21	0	0	0	0	0.0
0.0378139265295	0.485380116959	22	0	0	0	0	0.0
0.0393836295509	0.48440545809	23	0	0	0	0	0.0
0.0411294887103	0.485380116959	24	0	0	0	0	0.0
0.0463291484352	0.485380116959	25	0	0	0	0	0.0
0.0489099945081	0.486354775828	26	0	0	0	0	0.0
0.0497338204728	0.485380116959	27	0	0	0	0	0.0
0.0503129940771	0.486354775828	28	0	0	0	0	0.0
0.0568993264057	0.487329434698	29	0	0	0	0	0.0
0.057914342844	0.488304093567	30	0	0	0	0	0.0
0.0585294490508	0.489278752437	31	0	0	0	0	0.0
0.0590189007407	0.490253411306	32	0	0	0	0	0.0
0.0603371973761	0.490253411306	33	0	0	0	0	0.0
0.0613839347146	0.491228070175	34	0	0	0	0	0.0
0.0623431958934	0.490253411306	35	0	0	0	0	0.0
0.0639581079138	0.490253411306	36	0	0	0	0	0.0
0.0640787106205	0.491228070175	37	0	0	0	0	0.0
0.0658902063433	0.492202729045	38	0	0	0	0	0.0
0.0664109079963	0.491228070175	39	0	0	0	0	0.0
0.0677730388344	0.492202729045	40	0	0	0	0	0.0
0.0684090108227	0.491228070175	41	0	0	0	0	0.0
0.0686895795308	0.492202729045	42	0	0	0	0	0.0
0.0690848287342	0.493177387914	43	0	0	0	0	0.0
0.0704958110441	0.494152046784	44	0	0	0	0	0.0
0.072827965609	0.494152046784	45	0	0	0	0	0.0
0.0730943990939	0.495126705653	46	0	0	0	0	0.0
0.0744859571046	0.494152046784	47	0	0	0	0	0.0
0.0780232050212	0.495126705653	48	0	0	0	0	0.0
0.0780681426873	0.496101364522	49	0	0	0	0	0.0
0.0833834482739	0.497076023392	50	0	0	0	0	0.0
0.0871358845924	0.497076023392	51	0	0	0	0	0.0
0.087612897062	0.497076023392	52	0	0	0	0	0.0
0.0897519741525	0.498050682261	53	0	0	0	0	0.0
0.090075978476	0.497076023392	54	0	0	0	0	0.0
0.0924582605262	0.497076023392	55	0	0	0	0	0.0
0.0932583940435	0.497076023392	56	0	0	0	0	0.0
0.0948053203609	0.496101364522	57	0	0	0	0	0.0
0.0993564169788	0.496101364522	58	0	0	0	0	0.0
0.100483661726	0.497076023392	59	0	0	0	0	0.0
0.100955673557	0.498050682261	60	0	0	0	0	0.0
0.101630810251	0.497076023392	61	0	0	0	0	0.0
0.102818833384	0.498050682261	62	0	0	0	0	0.0
0.103053610613	0.499025341131	63	0	0	0	0	0.0
0.104940233707	0.496101364522	63	1	3	0	3	0.0454545454545
0.107060424272	0.495126705653	64	1	3	0	3	0.044776119403
0.108435090628	0.495126705653	65	1	3	0	3	0.0441176470588
0.109497582788	0.494152046784	66	1	3	0	3	0.0434782608696
0.110577103971	0.495126705653	67	1	3	0	3	0.0428571428571
0.112067530505	0.495126705653	68	1	3	0	3	0.0422535211268
0.113879193396	0.495126705653	69	1	3	0	3	0.0416666666667
0.115999243816	0.496101364522	70	1	3	0	3	0.041095890411
0.118062369642	0.496101364522	71	1	3	0	3	0.0405405405405
0.122078046462	0.495126705653	72	1	3	0	3	0.04
0.123966804053	0.496101364522	73	1	3	0	3	0.0394736842105
0.126649807381	0.497076023392	74	1	3	0	3	0.038961038961
0.128118240901	0.496101364522	75	1	3	0	3	0.0384615384615
0.129782547678	0.495126705653	76	1	3	0	3	0.0379746835443
0.132320443623	0.495126705653	77	1	3	0	3	0.0375
0.134621510795	0.496101364522	78	1	3	0	3	0.037037037037
0.135100131117	0.496101364522	79	1	3	0	3	0.0365853658537
0.136716410677	0.495126705653	80	1	3	0	3	0.0361445783133
0.137484423305	0.495126705653	81	1	3	0	3	0.0357142857143
0.137598734	0.496101364522	82	1	3	0	3	0.0352941176471
0.138100356275	0.497076023392	83	1	3	0	3	0.0348837209302
0.140163766325	0.498050682261	84	1	3	0	3	0.0344827586207
0.144440306901	0.499025341131	85	1	3	0	3	0.0340909090909
0.14652516698	0.499025341131	86	1	3	0	3	0.0337078651685
0.147054274873	0.498050682261	87	1	3	0	3	0.0333333333333
0.150346441329	0.498050682261	88	1	3	0	3	0.032967032967
0.152737119781	0.499025341131	89	1	3	0	3	0.0326086956522
0.153684761125	0.5	90	1	3	0	3	0.0322580645161
0.154159290782	0.5	91	1	3	0	3	0.031914893617
0.156636262848	0.5	92	1	3	0	3	0.0315789473684
0.159638426559	0.5	93	1	3	0	3	0.03125
0.15968109013	0.500974658869	94	1	3	0	3	0.0309278350515
0.161945374389	0.5	95	1	3	0	3	0.030612244898
0.162443646099	0.500974658869	96	1	3	0	3	0.030303030303
0.162630953945	0.501949317739	97	1	3	0	3	0.03
0.166061134582	0.502923976608	98	1	3	0	3	0.029702970297
0.166511691578	0.501949317739	99	1	3	0	3	0.0294117647059
0.167779033418	0.502923976608	100	1	3	0	3	0.0291262135922
0.168793035233	0.502923976608	101	1	3	0	3	0.0288461538462
0.170992853313	0.501949317739	102	1	3	0	3	0.0285714285714
0.172254191219	0.502923976608	103	1	3	0	3	0.0283018867925
0.173703593231	0.502923976608	104	1	3	0	3	0.0280373831776
0.174149774014	0.503898635478	105	1	3	0	3	0.0277777777778
0.175261099231	0.504873294347	106	1	3	0	3	0.0275229357798
0.178119839941	0.505847953216	107	1	3	0	3	0.0272727272727
0.180870603254	0.504873294347	108	1	3	0	3	0.027027027027
0.181610383395	0.505847953216	109	1	3	0	3	0.0267857142857
0.182407694738	0.504873294347	110	1	3	0	3	0.0265486725664
0.183808194941	0.504873294347	111	1	3	0	3	0.0263157894737
0.186152940998	0.504873294347	112	1	3	0	3	0.0260869565217
0.187140526695	0.504873294347	113	1	3	0	3	0.0258620689655
0.18995226352	0.503898635478	114	1	3	0	3	0.025641025641
0.193840792857	0.504873294347	115	1	3	0	3	0.0254237288136
0.194604369005	0.504873294347	116	1	3	0	3	0.0252100840336
0.195099361457	0.505847953216	117	1	3	0	3	0.025
0.195179249507	0.506822612086	118	1	3	0	3	0.0247933884298
0.195347687479	0.507797270955	119	1	3	0	3	0.0245901639344
0.196943630955	0.508771929825	120	1	3	0	3	0.0243902439024
0.19895552458	0.509746588694	121	1	3	0	3	0.0241935483871
0.199143668545	0.510721247563	122	1	3	0	3	0.024
0.19994813794	0.511695906433	123	1	3	0	3	0.0238095238095
0.203197798654	0.511695906433	124	1	3	0	3	0.0236220472441
0.20340508028	0.512670565302	125	1	3	0	3	0.0234375
0.204658092656	0.512670565302	126	1	3	0	3	0.0232558139535
0.205864635593	0.513645224172	127	1	3	0	3	0.0230769230769
0.206039528307	0.514619883041	128	1	3	0	3	0.0229007633588
0.207924008108	0.513645224172	129	1	3	0	3	0.0227272727273
0.208273858346	0.513645224172	130	1	3	0	3	0.0225563909774
0.209008623675	0.512670565302	131	1	3	0	3	0.0223880597015
0.210891297339	0.513645224172	132	1	3	0	3	0.0222222222222
0.211401979607	0.513645224172	133	1	3	0	3	0.0220588235294
0.214843005605	0.514619883041	134	1	3	0	3	0.021897810219
0.21679471459	0.51559454191	135	1	3	0	3	0.0217391304348
0.218159143115	0.51559454191	136	1	3	0	3	0.0215827338129
0.218443971898	0.51559454191	137	1	3	0	3	0.0214285714286
0.218729576933	0.51559454191	138	1	3	0	3	0.0212765957447
0.219907935987	0.514619883041	139	1	3	0	3	0.0211267605634
0.221003426769	0.513645224172	140	1	3	0	3	0.020979020979
0.221586238505	0.514619883041	141	1	3	0	3	0.0208333333333
0.222912740489	0.51559454191	142	1	3	0	3	0.0206896551724
0.223027220564	0.51559454191	143	1	3	0	3	0.0205479452055
0.225317345058	0.51656920078	144	1	3	0	3	0.0204081632653
0.227721423829	0.51559454191	145	1	3	0	3	0.0202702702703
0.228487399393	0.51559454191	146	1	3	0	3	0.0201342281879
0.230236716165	0.51656920078	147	1	3	0	3	0.02
0.23153025938	0.51656920078	148	1	3	0	3	0.0198675496689
0.232542761951	0.51656920078	149	1	3	0	3	0.0197368421053
0.233693620676	0.51559454191	150	1	3	0	3	0.0196078431373
0.233979730763	0.514619883041	151	1	3	0	3	0.0194805194805
0.236399255614	0.513645224172	152	1	3	0	3	0.0193548387097
0.237624518603	0.513645224172	153	1	3	0	3	0.0192307692308
0.238565337034	0.512670565302	154	1	3	0	3	0.0191082802548
0.239102719458	0.513645224172	155	1	3	0	3	0.0189873417722
0.23952325478	0.513645224172	156	1	3	0	3	0.0188679245283
0.244724250263	0.513645224172	157	1	3	0	3	0.01875
0.244837109514	0.512670565302	158	1	3	0	3	0.0186335403727
0.245348597071	0.513645224172	159	1	3	0	3	0.0185185185185
0.247794721676	0.514619883041	160	1	3	0	3	0.0184049079755
0.248844431043	0.513645224172	161	1	3	0	3	0.0182926829268
0.249200634426	0.514619883041	162	1	3	0	3	0.0181818181818
0.253216149799	0.514619883041	163	1	3	0	3	0.0180722891566
0.254081798238	0.513645224172	164	1	3	0	3	0.0179640718563
0.255344328159	0.514619883041	165	1	3	0	3	0.0178571428571
0.256385852209	0.51559454191	166	1	3	0	3	0.0177514792899
0.260244658467	0.51559454191	167	1	3	0	3	0.0176470588235
0.260980667823	0.51656920078	168	1	3	0	3	0.0175438596491
0.261175160017	0.517543859649	169	1	3	0	3	0.0174418604651
0.262587037797	0.51656920078	170	1	3	0	3	0.0173410404624
0.263320649328	0.508771929825	170	2	24	0	11	0.060773480663
0.263585028608	0.509746588694	171	2	24	0	11	0.0604395604396
0.265687536605	0.510721247563	172	2	24	0	11	0.0601092896175
0.267502488128	0.509746588694	173	2	24	0	11	0.0597826086957
0.268082955742	0.509746588694	174	2	24	0	11	0.0594594594595
0.268529068989	0.508771929825	175	2	24	0	11	0.0591397849462
0.26965199066	0.508771929825	176	2	24	0	11	0.0588235294118
0.270951798566	0.508771929825	177	2	24	0	11	0.0585106382979
0.272676789926	0.508771929825	178	2	24	0	11	0.0582010582011
0.273915323776	0.508771929825	179	2	24	0	11	0.0578947368421
0.274594938073	0.508771929825	180	2	24	0	11	0.0575916230366
0.276182646981	0.509746588694	181	2	24	0	11	0.0572916666667
0.276429720611	0.509746588694	182	2	24	0	11	0.0569948186528
0.277022653017	0.510721247563	183	2	24	0	11	0.0567010309278
0.28099435403	0.511695906433	184	2	24	0	11	0.0564102564103
0.28384758409	0.512670565302	185	2	24	0	11	0.0561224489796
0.284347560594	0.513645224172	186	2	24	0	11	0.0558375634518
0.285363532641	0.514619883041	187	2	24	0	11	0.0555555555556
0.285769768382	0.51559454191	188	2	24	0	11	0.0552763819095
0.285982330346	0.51559454191	189	2	24	0	11	0.055
0.287043663422	0.51559454191	190	2	24	0	11	0.0547263681592
0.287062182135	0.51656920078	191	2	24	0	11	0.0544554455446
0.287175379795	0.517543859649	192	2	24	0	11	0.0541871921182
0.288951992778	0.517543859649	193	2	24	0	11	0.0539215686275
0.291488632685	0.518518518519	194	2	24	0	11	0.0536585365854
0.297782049511	0.517543859649	195	2	24	0	11	0.0533980582524
0.298010893758	0.518518518519	196	2	24	0	11	0.0531400966184
0.298201298637	0.517543859649	197	2	24	0	11	0.0528846153846
0.300465782203	0.518518518519	198	2	24	0	11	0.0526315789474
0.30151244755	0.519493177388	199	2	24	0	11	0.052380952381
0.302667867996	0.519493177388	200	2	24	0	11	0.0521327014218
0.302959106974	0.520467836257	201	2	24	0	11	0.0518867924528
0.303783908166	0.520467836257	202	2	24	0	11	0.0516431924883
0.30861661312	0.520467836257	203	2	24	0	11	0.0514018691589
0.310831237537	0.521442495127	204	2	24	0	11	0.0511627906977
0.312776239544	0.520467836257	205	2	24	0	11	0.0509259259259
0.314398327114	0.521442495127	206	2	24	0	11	0.0506912442396
0.314637247218	0.522417153996	207	2	24	0	11	0.0504587155963
0.315728128456	0.523391812865	208	2	24	0	11	0.0502283105023
0.316029906806	0.524366471735	209	2	24	0	11	0.05
0.317733971125	0.525341130604	210	2	24	0	11	0.0497737556561
0.317754989912	0.525341130604	211	2	24	0	11	0.0495495495495
0.318054707828	0.524366471735	212	2	24	0	11	0.0493273542601
0.319023749536	0.525341130604	213	2	24	0	11	0.0491071428571
0.320649712975	0.526315789474	214	2	24	0	11	0.0488888888889
0.320692649124	0.525341130604	215	2	24	0	11	0.0486725663717
0.32079224001	0.525341130604	216	2	24	0	11	0.0484581497797
0.320799781823	0.525341130604	217	2	24	0	11	0.0482456140351
0.321171861276	0.526315789474	218	2	24	0	11	0.0480349344978
0.321817551034	0.527290448343	219	2	24	0	11	0.0478260869565
0.323418272927	0.527290448343	220	2	24	0	11	0.047619047619
0.324285491089	0.528265107212	221	2	24	0	11	0.0474137931034
0.325669539648	0.529239766082	222	2	24	0	11	0.0472103004292
0.333815849835	0.530214424951	223	2	24	0	11	0.0470085470085
0.334244003337	0.530214424951	224	2	24	0	11	0.0468085106383
0.337692923547	0.531189083821	225	2	24	0	11	0.0466101694915
0.338856367103	0.53216374269	226	2	24	0	11	0.0464135021097
0.339805446992	0.53216374269	227	2	24	0	11	0.046218487395
0.340398845576	0.533138401559	228	2	24	0	11	0.0460251046025
0.34088317038	0.534113060429	229	2	24	0	11	0.0458333333333
0.344706890538	0.534113060429	230	2	24	0	11	0.045643153527
0.348150250297	0.533138401559	231	2	24	0	11	0.0454545454545
0.348216232617	0.534113060429	232	2	24	0	11	0.0452674897119
0.349519897719	0.534113060429	233	2	24	0	11	0.0450819672131
0.350635247481	0.535087719298	234	2	24	0	11	0.0448979591837
0.351162336218	0.534113060429	235	2	24	0	11	0.0447154471545
0.353626322001	0.534113060429	236	2	24	0	11	0.0445344129555
0.359091362796	0.535087719298	237	2	24	0	11	0.0443548387097
0.359556941885	0.536062378168	238	2	24	0	11	0.0441767068273
0.359596622587	0.537037037037	239	2	24	0	11	0.044
0.360344733332	0.536062378168	240	2	24	0	11	0.0438247011952
0.361614752317	0.536062378168	241	2	24	0	11	0.0436507936508
0.362930696227	0.536062378168	242	2	24	0	11	0.0434782608696
0.364817994538	0.536062378168	243	2	24	0	11	0.0433070866142
0.367807156334	0.536062378168	244	2	24	0	11	0.043137254902
0.367968770097	0.537037037037	245	2	24	0	11	0.04296875
0.369682156986	0.536062378168	246	2	24	0	11	0.0428015564202
0.370118762134	0.535087719298	247	2	24	0	11	0.0426356589147
0.370639577989	0.534113060429	248	2	24	0	11	0.042471042471
0.372703016867	0.533138401559	249	2	24	0	11	0.0423076923077
0.376303254167	0.533138401559	250	2	24	0	11	0.0421455938697
0.377331379748	0.53216374269	251	2	24	0	11	0.0419847328244
0.379435008945	0.533138401559	252	2	24	0	11	0.041825095057
0.380347572533	0.533138401559	253	2	24	0	11	0.0416666666667
0.380775410005	0.53216374269	254	2	24	0	11	0.0415094339623
0.382584670228	0.533138401559	255	2	24	0	11	0.0413533834586
0.386005753686	0.533138401559	256	2	24	0	11	0.0411985018727
0.38684378588	0.534113060429	257	2	24	0	11	0.0410447761194
0.389592351811	0.535087719298	258	2	24	0	11	0.0408921933086
0.389677460176	0.536062378168	259	2	24	0	11	0.0407407407407
0.392537340782	0.537037037037	260	2	24	0	11	0.0405904059041
0.393023114106	0.538011695906	261	2	24	0	11	0.0404411764706
0.393280671127	0.538986354776	262	2	24	0	11	0.040293040293
0.398664715952	0.538986354776	263	2	24	0	11	0.0401459854015
0.403023816253	0.539961013645	264	2	24	0	11	0.04
0.403686538708	0.540935672515	265	2	24	0	11	0.0398550724638
0.405975412508	0.540935672515	266	2	24	0	11	0.0397111913357
0.407443775082	0.540935672515	267	2	24	0	11	0.0395683453237
0.409257500166	0.540935672515	268	2	24	0	11	0.0394265232975
0.420040444589	0.541910331384	269	2	24	0	11	0.0392857142857
0.420986839013	0.541910331384	270	2	24	0	11	0.0391459074733
0.421625836621	0.542884990253	271	2	24	0	11	0.0390070921986
0.422296499704	0.542884990253	272	2	24	0	11	0.0388692579505
0.423593998641	0.541910331384	273	2	24	0	11	0.0387323943662
0.424993844532	0.541910331384	274	2	24	0	11	0.0385964912281
0.427501088035	0.541910331384	275	2	24	0	11	0.0384615384615
0.427797083799	0.542884990253	276	2	24	0	11	0.0383275261324
0.428398688657	0.542884990253	277	2	24	0	11	0.0381944444444
0.428497986598	0.542884990253	278	2	24	0	11	0.038062283737
0.430016574824	0.542884990253	279	2	24	0	11	0.0379310344828
0.430312600981	0.542884990253	280	2	24	0	11	0.0378006872852
0.43491345423	0.542884990253	281	2	24	0	11	0.0376712328767
0.437652721342	0.542884990253	282	2	24	0	11	0.037542662116
0.438125456159	0.542884990253	283	2	24	0	11	0.0374149659864
0.440217303813	0.541910331384	284	2	24	0	11	0.0372881355932
0.440339124934	0.541910331384	285	2	24	0	11	0.0371621621622
0.441782396469	0.540935672515	286	2	24	0	11	0.037037037037
0.443484800967	0.541910331384	287	2	24	0	11	0.0369127516779
0.445394260387	0.540935672515	288	2	24	0	11	0.0367892976589
0.446413623502	0.541910331384	289	2	24	0	11	0.0366666666667
0.448013391077	0.542884990253	290	2	24	0	11	0.0365448504983
0.448776170966	0.542884990253	291	2	24	0	11	0.0364238410596
0.450229907272	0.543859649123	292	2	24	0	11	0.036303630363
0.450647025003	0.543859649123	293	2	24	0	11	0.0361842105263
0.451637319987	0.544834307992	294	2	24	0	11	0.0360655737705
0.454307793237	0.544834307992	295	2	24	0	11	0.0359477124183
0.456640256285	0.544834307992	296	2	24	0	11	0.0358306188925
0.459955601719	0.544834307992	297	2	24	0	11	0.0357142857143
0.461208460459	0.544834307992	298	2	24	0	11	0.0355987055016
0.461362198465	0.545808966862	299	2	24	0	11	0.0354838709677
0.462994104558	0.544834307992	300	2	24	0	11	0.0353697749196
0.463666682813	0.545808966862	301	2	24	0	11	0.0352564102564
0.465180015464	0.545808966862	302	2	24	0	11	0.0351437699681
0.465193823445	0.544834307992	303	2	24	0	11	0.0350318471338
0.468864890772	0.544834307992	304	2	24	0	11	0.0349206349206
0.469655972184	0.545808966862	305	2	24	0	11	0.0348101265823
0.474112088403	0.545808966862	306	2	24	0	11	0.0347003154574
0.474635490975	0.546783625731	307	2	24	0	11	0.0345911949686
0.475017863389	0.546783625731	308	2	24	0	11	0.0344827586207
0.475308804192	0.546783625731	309	2	24	0	11	0.034375
0.476162840958	0.5477582846	310	2	24	0	11	0.0342679127726
0.47854199599	0.546783625731	311	2	24	0	11	0.0341614906832
0.479853725663	0.5477582846	312	2	24	0	11	0.0340557275542
0.480748356081	0.5477582846	313	2	24	0	11	0.033950617284
0.480874778096	0.5477582846	314	2	24	0	11	0.0338461538462
0.48262458079	0.5477582846	315	2	24	0	11	0.0337423312883
0.483049804261	0.5477582846	316	2	24	0	11	0.0336391437309
0.487407732688	0.5477582846	317	2	24	0	11	0.0335365853659
0.489660828927	0.5477582846	318	2	24	0	11	0.0334346504559
0.491228823753	0.54873294347	319	2	24	0	11	0.0333333333333
0.494232685302	0.5477582846	320	2	24	0	11	0.0332326283988
0.495401604335	0.54873294347	321	2	24	0	11	0.0331325301205
0.496205753279	0.5477582846	322	2	24	0	11	0.033033033033
0.497901861195	0.54873294347	323	2	24	0	11	0.0329341317365
0.498972048998	0.5477582846	324	2	24	0	11	0.0328358208955
0.49906370389	0.54873294347	325	2	24	0	11	0.0327380952381
0.499948203441	0.549707602339	326	2	24	0	11	0.0326409495549
0.502247782637	0.54873294347	327	2	24	0	11	0.0325443786982
0.503430312369	0.54873294347	328	2	24	0	11	0.0324483775811
0.506656934072	0.54873294347	329	2	24	0	11	0.0323529411765
0.508463668763	0.549707602339	330	2	24	0	11	0.0322580645161
0.508487365906	0.549707602339	331	2	24	0	11	0.0321637426901
0.510779935937	0.550682261209	332	2	24	0	11	0.0320699708455
0.512611387059	0.551656920078	333	2	24	0	11	0.031976744186
0.517811371218	0.552631578947	334	2	24	0	11	0.031884057971
0.521552186241	0.552631578947	335	2	24	0	11	0.0317919075145
0.521971823908	0.553606237817	336	2	24	0	11	0.0317002881844
0.522788222358	0.553606237817	337	2	24	0	11	0.0316091954023
0.525873453712	0.554580896686	338	2	24	0	11	0.0315186246418
0.527560654081	0.555555555556	339	2	24	0	11	0.0314285714286
0.527571031154	0.556530214425	340	2	24	0	11	0.031339031339
0.528193084357	0.557504873294	341	2	24	0	11	0.03125
0.528507012699	0.558479532164	342	2	24	0	11	0.0311614730878
