# time 	 divergence 	 # of mutations 	 # IGC chances 	 IGC length 	 # IGC failures 	 Changes due to IGC  	 % change due to IGC 
0.0	0.304301075269	0	0	0	0	0	0.0
0.000723131739085	0.304301075269	1	0	0	0	0	0.0
0.00119392047749	0.305376344086	2	0	0	0	0	0.0
0.00182886534247	0.306451612903	3	0	0	0	0	0.0
0.00417750468779	0.30752688172	4	0	0	0	0	0.0
0.00456385343229	0.306451612903	4	1	3	0	1	0.2
0.00466052225537	0.30752688172	5	1	3	0	1	0.166666666667
0.00654918125248	0.308602150538	6	1	3	0	1	0.142857142857
0.00955842208721	0.30752688172	6	2	3	0	2	0.25
0.0100204767716	0.305376344086	6	3	3	0	4	0.4
0.0106969235874	0.306451612903	7	3	3	0	4	0.363636363636
0.0133479595865	0.305376344086	7	4	3	0	5	0.416666666667
0.0153368579943	0.306451612903	8	4	3	0	5	0.384615384615
0.015601352377	0.306451612903	9	4	3	0	5	0.357142857143
0.0192940979665	0.306451612903	9	5	3	0	5	0.357142857143
0.0194662118629	0.30752688172	10	5	3	0	5	0.333333333333
0.0202746812411	0.30752688172	11	5	3	0	5	0.3125
0.0205221147991	0.30752688172	11	6	3	0	5	0.3125
0.0227268438142	0.306451612903	12	6	3	0	5	0.294117647059
0.0227729867344	0.30752688172	13	6	3	0	5	0.277777777778
0.0243128529101	0.308602150538	14	6	3	0	5	0.263157894737
0.0262835612243	0.308602150538	14	7	3	0	5	0.263157894737
0.0286958572909	0.30752688172	15	7	3	0	5	0.25
0.0289230291229	0.306451612903	16	7	3	0	5	0.238095238095
0.0298063988483	0.30752688172	17	7	3	0	5	0.227272727273
