# time 	 divergence 	 # of mutations 	 # IGC chances 	 IGC length 	 # IGC failures 	 Changes due to IGC  	 % change due to IGC 
0.0	0.27311827957	0	0	0	0	0	0.0
0.000786030835919	0.272043010753	0	1	3	0	1	1.0
0.0010358328234	0.272043010753	1	1	3	0	1	0.5
0.0023003427391	0.269892473118	1	2	3	0	3	0.75
0.00435060994308	0.270967741935	2	2	3	0	3	0.6
0.00715407045058	0.270967741935	2	3	3	0	3	0.6
0.00790961419376	0.270967741935	2	4	3	0	3	0.6
0.00856927924749	0.272043010753	3	4	3	0	3	0.5
0.00897667984311	0.272043010753	3	5	3	0	3	0.5
0.00950163696455	0.272043010753	3	6	3	0	3	0.5
0.0109574411449	0.27311827957	4	6	3	0	3	0.428571428571
0.0115302897116	0.272043010753	4	7	3	0	4	0.5
0.0123914752264	0.272043010753	5	7	3	0	4	0.444444444444
0.0128662056308	0.268817204301	5	8	3	0	7	0.583333333333
0.0147361968865	0.267741935484	5	9	3	0	8	0.615384615385
0.0154697808836	0.267741935484	5	10	3	0	8	0.615384615385
0.0162906797785	0.268817204301	6	10	3	0	8	0.571428571429
0.0169308396357	0.267741935484	6	11	3	0	9	0.6
0.0169812976397	0.266666666667	6	12	3	0	10	0.625
0.0173423490971	0.266666666667	6	13	3	0	10	0.625
0.0208884325506	0.266666666667	7	13	3	0	10	0.588235294118
0.0237014076482	0.267741935484	8	13	3	0	10	0.555555555556
0.0251544041837	0.265591397849	8	14	3	0	12	0.6
0.0256645958856	0.266666666667	9	14	3	0	12	0.571428571429
0.026113288754	0.267741935484	10	14	3	0	12	0.545454545455
0.0262462522102	0.268817204301	11	14	3	0	12	0.521739130435
0.0276032024348	0.268817204301	11	15	3	0	12	0.521739130435
0.0286833159142	0.268817204301	11	16	3	0	12	0.521739130435
0.0287464406285	0.269892473118	12	16	3	0	12	0.5
0.0296291994819	0.269892473118	13	16	3	0	12	0.48
0.0308528777913	0.270967741935	14	16	3	0	12	0.461538461538
0.0319751950258	0.272043010753	15	16	3	0	12	0.444444444444
0.0319825262651	0.269892473118	15	17	3	0	14	0.48275862069
0.0337815341509	0.269892473118	16	17	3	0	14	0.466666666667
0.0340104052664	0.269892473118	16	18	3	0	14	0.466666666667
0.0347668597458	0.268817204301	16	19	3	0	15	0.483870967742
0.0353738353013	0.269892473118	17	19	3	0	15	0.46875
0.03663925003	0.267741935484	17	20	3	0	17	0.5
0.0374275936242	0.267741935484	17	21	3	0	17	0.5
0.0392714990492	0.268817204301	18	21	3	0	17	0.485714285714
0.039998969468	0.269892473118	19	21	3	0	17	0.472222222222
0.0405668809051	0.269892473118	19	22	3	0	17	0.472222222222
0.0406029977469	0.270967741935	20	22	3	0	17	0.459459459459
0.0446130414721	0.272043010753	21	22	3	0	17	0.447368421053
0.0453571632171	0.27311827957	22	22	3	0	17	0.435897435897
0.0458449435236	0.27311827957	23	22	3	0	17	0.425
0.0459944936834	0.274193548387	24	22	3	0	17	0.414634146341
0.0489294975442	0.275268817204	25	22	3	0	17	0.404761904762
0.0491970889632	0.276344086022	26	22	3	0	17	0.395348837209
0.0492290781837	0.277419354839	27	22	3	0	17	0.386363636364
0.0495248159017	0.278494623656	28	22	3	0	17	0.377777777778
0.0498175758729	0.278494623656	29	22	3	0	17	0.369565217391
0.0522244261823	0.278494623656	29	23	3	0	17	0.369565217391
0.0524717933534	0.277419354839	30	23	3	0	17	0.36170212766
0.0531130296235	0.277419354839	31	23	3	0	17	0.354166666667
0.0541499234479	0.277419354839	32	23	3	0	17	0.34693877551
0.0544352096247	0.277419354839	33	23	3	0	17	0.34
0.0566083933934	0.276344086022	33	24	3	0	18	0.352941176471
0.0569505923793	0.275268817204	33	25	3	0	19	0.365384615385
0.0579567698127	0.276344086022	34	25	3	0	19	0.358490566038
0.0584593820823	0.274193548387	34	26	3	0	21	0.381818181818
0.0595074016173	0.275268817204	35	26	3	0	21	0.375
0.0600215841087	0.275268817204	35	27	3	0	21	0.375
0.0606795769292	0.275268817204	36	27	3	0	21	0.368421052632
0.0614060181998	0.276344086022	37	27	3	0	21	0.362068965517
0.0614727815143	0.277419354839	38	27	3	0	21	0.35593220339
0.0622658244954	0.276344086022	38	28	3	0	22	0.366666666667
0.0628365640549	0.277419354839	39	28	3	0	22	0.360655737705
0.0637678981892	0.276344086022	39	29	3	0	23	0.370967741935
0.0643520266631	0.275268817204	39	30	3	0	24	0.380952380952
0.0644025414168	0.276344086022	40	30	3	0	24	0.375
0.0665187136181	0.276344086022	41	30	3	0	24	0.369230769231
0.0666112926838	0.276344086022	42	30	3	0	24	0.363636363636
0.067696492899	0.276344086022	42	31	3	0	24	0.363636363636
0.0683071603261	0.277419354839	43	31	3	0	24	0.358208955224
0.0704799938244	0.278494623656	44	31	3	0	24	0.352941176471
0.0724490631178	0.279569892473	45	31	3	0	24	0.347826086957
0.0731319851958	0.28064516129	46	31	3	0	24	0.342857142857
0.0735365509552	0.278494623656	46	32	3	0	26	0.361111111111
0.0735506773712	0.278494623656	47	32	3	0	26	0.356164383562
0.0754255060548	0.277419354839	47	33	3	0	27	0.364864864865
0.0757597681581	0.278494623656	48	33	3	0	27	0.36
0.0781227551084	0.276344086022	48	34	3	0	29	0.376623376623
0.0799504389232	0.276344086022	49	34	3	0	29	0.371794871795
0.080549756625	0.276344086022	49	35	3	0	29	0.371794871795
0.0830121955871	0.275268817204	49	36	3	0	30	0.379746835443
0.0830746820793	0.274193548387	49	37	3	0	31	0.3875
0.0834665320613	0.274193548387	50	37	3	0	31	0.382716049383
0.084048661265	0.275268817204	51	37	3	0	31	0.378048780488
0.0841185570123	0.276344086022	52	37	3	0	31	0.373493975904
0.0855316222394	0.277419354839	53	37	3	0	31	0.369047619048
0.0863992073267	0.277419354839	53	38	3	0	31	0.369047619048
0.0881030819379	0.275268817204	53	39	3	0	33	0.383720930233
0.0899800601647	0.274193548387	54	39	3	0	33	0.379310344828
0.0913213722821	0.275268817204	55	39	3	0	33	0.375
0.0914688372749	0.275268817204	56	39	3	0	33	0.370786516854
0.0926083682616	0.276344086022	57	39	3	0	33	0.366666666667
0.092835403026	0.276344086022	58	39	3	0	33	0.362637362637
0.0931176832513	0.276344086022	58	40	3	0	33	0.362637362637
0.0933195537131	0.277419354839	59	40	3	0	33	0.358695652174
0.0934314287928	0.277419354839	59	41	3	0	33	0.358695652174
0.0944903973997	0.277419354839	59	42	3	0	33	0.358695652174
0.0946844394079	0.278494623656	60	42	3	0	33	0.354838709677
0.0975554030745	0.278494623656	60	43	3	0	33	0.354838709677
0.0978085174386	0.279569892473	61	43	3	0	33	0.351063829787
0.0978256060751	0.279569892473	62	43	3	0	33	0.347368421053
0.0981552393175	0.278494623656	62	44	3	0	34	0.354166666667
0.099044850794	0.278494623656	62	45	3	0	34	0.354166666667
0.100010950015	0.279569892473	63	45	3	0	34	0.350515463918
0.101023380298	0.278494623656	63	46	3	0	35	0.357142857143
0.101417140251	0.279569892473	64	46	3	0	35	0.353535353535
0.101617036508	0.28064516129	65	46	3	0	35	0.35
0.102068589911	0.281720430108	66	46	3	0	35	0.346534653465
0.102575965906	0.282795698925	67	46	3	0	35	0.343137254902
0.103019952614	0.283870967742	68	46	3	0	35	0.339805825243
0.103774438157	0.284946236559	69	46	3	0	35	0.336538461538
0.104103778478	0.286021505376	70	46	3	0	35	0.333333333333
0.104193351349	0.287096774194	71	46	3	0	35	0.330188679245
0.104601946205	0.288172043011	72	46	3	0	35	0.327102803738
0.104701486666	0.289247311828	73	46	3	0	35	0.324074074074
0.105327702551	0.290322580645	74	46	3	0	35	0.321100917431
0.105918566416	0.291397849462	75	46	3	0	35	0.318181818182
0.106105668437	0.291397849462	76	46	3	0	35	0.315315315315
0.106700105104	0.291397849462	77	46	3	0	35	0.3125
0.107100406898	0.290322580645	77	47	3	0	36	0.318584070796
0.107629094978	0.290322580645	78	47	3	0	36	0.315789473684
0.1078632759	0.291397849462	79	47	3	0	36	0.313043478261
0.108630819458	0.291397849462	80	47	3	0	36	0.310344827586
0.109013112205	0.291397849462	81	47	3	0	36	0.307692307692
0.109913597917	0.29247311828	82	47	3	0	36	0.305084745763
0.109998546661	0.29247311828	83	47	3	0	36	0.302521008403
0.110798960003	0.290322580645	83	48	3	0	38	0.314049586777
0.111282725178	0.291397849462	84	48	3	0	38	0.311475409836
0.111688003857	0.29247311828	85	48	3	0	38	0.308943089431
0.11308019746	0.293548387097	86	48	3	0	38	0.306451612903
0.113286716579	0.294623655914	87	48	3	0	38	0.304
0.11332045192	0.295698924731	88	48	3	0	38	0.301587301587
0.114012801314	0.296774193548	89	48	3	0	38	0.299212598425
0.115404294918	0.296774193548	89	49	3	0	38	0.299212598425
0.115521520362	0.297849462366	90	49	3	0	38	0.296875
0.115564075187	0.298924731183	91	49	3	0	38	0.294573643411
0.115943247554	0.3	92	49	3	0	38	0.292307692308
0.11708890911	0.298924731183	92	50	3	0	39	0.297709923664
0.120448105306	0.297849462366	93	50	3	0	39	0.295454545455
0.12350952415	0.295698924731	93	51	3	0	41	0.305970149254
0.125114481831	0.296774193548	94	51	3	0	41	0.303703703704
0.12697719142	0.297849462366	95	51	3	0	41	0.301470588235
0.128559698941	0.297849462366	96	51	3	0	41	0.299270072993
0.130520316562	0.296774193548	96	52	3	0	42	0.304347826087
0.130641489095	0.297849462366	97	52	3	0	42	0.302158273381
0.130967710947	0.298924731183	98	52	3	0	42	0.3
0.131244800771	0.297849462366	99	52	3	0	42	0.297872340426
0.13148558713	0.297849462366	100	52	3	0	42	0.295774647887
0.132503300478	0.297849462366	100	53	3	0	42	0.295774647887
0.133970099169	0.297849462366	100	54	3	0	42	0.295774647887
0.133972744809	0.297849462366	100	55	3	0	42	0.295774647887
0.134490362305	0.296774193548	100	56	3	0	43	0.300699300699
0.134676475161	0.296774193548	101	56	3	0	43	0.298611111111
0.135205417252	0.297849462366	102	56	3	0	43	0.296551724138
0.136637402928	0.297849462366	102	57	3	0	43	0.296551724138
0.138068466896	0.296774193548	102	58	3	0	44	0.301369863014
0.138411069516	0.296774193548	102	59	3	0	44	0.301369863014
0.139306116039	0.295698924731	102	60	3	0	45	0.30612244898
0.140189211446	0.295698924731	102	61	3	0	45	0.30612244898
0.142859084469	0.29247311828	102	62	3	0	48	0.32
0.143642635292	0.293548387097	103	62	3	0	48	0.317880794702
0.143727163707	0.293548387097	104	62	3	0	48	0.315789473684
0.144401845844	0.294623655914	105	62	3	0	48	0.313725490196
0.145260379512	0.29247311828	105	63	3	0	50	0.322580645161
0.146173636149	0.29247311828	105	64	3	0	50	0.322580645161
0.147255417641	0.293548387097	106	64	3	0	50	0.320512820513
0.148576864396	0.29247311828	106	65	3	0	51	0.324840764331
0.148934214639	0.291397849462	106	66	3	0	52	0.329113924051
0.152207678875	0.290322580645	106	67	3	0	53	0.333333333333
0.152615164711	0.290322580645	107	67	3	0	53	0.33125
0.153320598665	0.291397849462	108	67	3	0	53	0.329192546584
0.153427831971	0.29247311828	109	67	3	0	53	0.327160493827
0.153815494853	0.293548387097	110	67	3	0	53	0.325153374233
0.153873694232	0.293548387097	110	68	3	0	53	0.325153374233
0.155885653707	0.29247311828	110	69	3	0	54	0.329268292683
0.156613855043	0.29247311828	111	69	3	0	54	0.327272727273
0.157153142527	0.291397849462	112	69	3	0	54	0.325301204819
0.158336462226	0.291397849462	112	70	3	0	54	0.325301204819
0.158704628689	0.290322580645	112	71	3	0	55	0.329341317365
0.159946108425	0.291397849462	113	71	3	0	55	0.327380952381
0.160012793767	0.29247311828	114	71	3	0	55	0.325443786982
0.162644196538	0.291397849462	115	71	3	0	55	0.323529411765
0.163190442108	0.291397849462	116	71	3	0	55	0.321637426901
0.165932775696	0.29247311828	117	71	3	0	55	0.31976744186
0.167425545013	0.29247311828	117	72	3	0	55	0.31976744186
0.168566896544	0.29247311828	118	72	3	0	55	0.317919075145
0.170010342438	0.29247311828	119	72	3	0	55	0.316091954023
0.171068567747	0.29247311828	120	72	3	0	55	0.314285714286
0.171380207224	0.29247311828	121	72	3	0	55	0.3125
0.172233487762	0.29247311828	121	73	3	0	55	0.3125
0.173158541049	0.290322580645	121	74	3	0	57	0.320224719101
0.173377711934	0.290322580645	122	74	3	0	57	0.31843575419
0.173602835272	0.291397849462	123	74	3	0	57	0.316666666667
0.17709737901	0.291397849462	123	75	3	0	57	0.316666666667
0.177213115653	0.291397849462	124	75	3	0	57	0.314917127072
0.178228445537	0.29247311828	125	75	3	0	57	0.313186813187
0.17855606746	0.293548387097	126	75	3	0	57	0.311475409836
0.179201092384	0.294623655914	127	75	3	0	57	0.309782608696
0.181680670769	0.295698924731	128	75	3	0	57	0.308108108108
0.181756987636	0.296774193548	129	75	3	0	57	0.306451612903
0.181907083532	0.297849462366	130	75	3	0	57	0.304812834225
0.183396997165	0.298924731183	131	75	3	0	57	0.303191489362
0.184013783088	0.3	132	75	3	0	57	0.301587301587
0.184615698435	0.3	133	75	3	0	57	0.3
0.18661448416	0.301075268817	134	75	3	0	57	0.298429319372
0.188199015599	0.301075268817	135	75	3	0	57	0.296875
0.190095454042	0.302150537634	136	75	3	0	57	0.295336787565
0.190526051505	0.302150537634	136	76	3	0	57	0.295336787565
0.192454375977	0.301075268817	136	77	3	0	58	0.298969072165
0.192760897936	0.302150537634	137	77	3	0	58	0.297435897436
0.194579051278	0.303225806452	138	77	3	0	58	0.295918367347
0.197008088797	0.303225806452	139	77	3	0	58	0.294416243655
0.199057475089	0.303225806452	140	77	3	0	58	0.292929292929
0.200110590748	0.302150537634	141	77	3	0	58	0.291457286432
0.200495446213	0.301075268817	141	78	3	0	59	0.295
0.20101859963	0.3	141	79	3	0	60	0.298507462687
0.201766285973	0.3	142	79	3	0	60	0.29702970297
0.201885254347	0.301075268817	143	79	3	0	60	0.295566502463
0.202501517725	0.302150537634	144	79	3	0	60	0.294117647059
0.202808509596	0.301075268817	145	79	3	0	60	0.292682926829
0.203041738445	0.302150537634	146	79	3	0	60	0.291262135922
0.204672653489	0.301075268817	146	80	3	0	61	0.294685990338
