/home3/jxiong7/IGCsimulation2/Rewrite_CodonGeneconv.py:324: FutureWarning: comparison to `None` will result in an elementwise object comparison in the future.
  if not x == None:
number of sites to be analyzed:  163
      fun: 2124.192943204678
 hess_inv: <18x18 LbfgsInvHessProduct with dtype=float64>
      jac: array([-0.00263753,  0.0169166 , -0.0091859 ,  0.00140972,  0.0039563 ,
        0.00445652,  0.00043945, -0.00175502,  0.00245105,  0.00242588,
        0.00069564,  0.00065342, -0.00346952, -0.00303327,  0.00278329,
        0.00444556,  0.00719803,  0.00228463])
  message: 'CONVERGENCE: REL_REDUCTION_OF_F_<=_FACTR*EPSMCH'
     nfev: 55
      nit: 49
   status: 0
  success: True
        x: array([-0.73332068, -0.47778158, -0.93747721,  1.91840717,  0.1803625 ,
       -0.54024307, -4.58081073, -4.01579825, -1.50144565, -4.0050511 ,
       -1.57814373, -2.24020312, -2.06115692, -3.44369982, -3.17242652,
       -2.5397759 , -3.09640379, -3.88528461])
number of sites to be analyzed:  163
Successfully loaded parameter value from ./SimulationSave/YDR418W_YEL054C/tau0.7/IGCgeo_3.0/YDR418W_YEL054C_MG94_geo_3.0_Sim_20_save.txt
      fun: 2209.487637246796
 hess_inv: <18x18 LbfgsInvHessProduct with dtype=float64>
      jac: array([ 0.0424734 , -0.00200089,  0.01041371,  0.00327418,  0.00554792,
       -0.        ,  0.00121044,  0.00163217,  0.00875164,  0.00655558,
       -0.00875734, -0.00702983,  0.00485326,  0.00511231,  0.00028199,
        0.00392036,  0.00138237, -0.00192227])
  message: 'CONVERGENCE: REL_REDUCTION_OF_F_<=_FACTR*EPSMCH'
     nfev: 40
      nit: 35
   status: 0
  success: True
        x: array([-0.75283238, -0.47443796, -0.93383128,  1.87607385,  0.11603761,
       -0.54024307, -4.76658983, -3.99094874, -1.6367799 , -3.93132737,
       -1.52999556, -1.96008077, -1.87363875, -2.70724031, -2.84155841,
       -2.29071085, -2.71374543, -3.57101454])
/home3/jxiong7/IGCsimulation2/Rewrite_CodonGeneconv.py:324: FutureWarning: comparison to `None` will result in an elementwise object comparison in the future.
  if not x == None:
number of sites to be analyzed:  163
      fun: 2150.770996471359
 hess_inv: <18x18 LbfgsInvHessProduct with dtype=float64>
      jac: array([-0.03378773,  0.03201421, -0.00050022,  0.00272848,  0.00659384,
        0.00522959, -0.004559  ,  0.00069472, -0.01614777, -0.00921246,
       -0.00486692, -0.00559769, -0.00137455,  0.00336199, -0.0003889 ,
       -0.00196233,  0.01554842,  0.00038178])
  message: 'CONVERGENCE: REL_REDUCTION_OF_F_<=_FACTR*EPSMCH'
     nfev: 49
      nit: 44
   status: 0
  success: True
        x: array([-0.6978199 , -0.46741306, -0.87990077,  1.88350849, -0.17832046,
       -0.17692734, -3.41939878, -3.30952712, -1.61063688, -3.79213927,
       -1.6177883 , -2.28785574, -1.70194347, -4.51623045, -3.83874728,
       -2.87252302, -2.72286806, -4.18457455])
number of sites to be analyzed:  163
Successfully loaded parameter value from ./SimulationSave/YDR418W_YEL054C/tau0.7/IGCgeo_3.0/YDR418W_YEL054C_MG94_geo_3.0_Sim_21_save.txt
      fun: 2232.0665965034505
 hess_inv: <18x18 LbfgsInvHessProduct with dtype=float64>
      jac: array([-0.05911716,  0.05566108, -0.01873559,  0.00131877,  0.00172804,
       -0.        , -0.00298419,  0.00551556, -0.0063707 ,  0.00187457,
        0.01165651,  0.00660335, -0.00873073,  0.00579526, -0.00030791,
       -0.00133801, -0.00760085, -0.00594342])
  message: 'CONVERGENCE: REL_REDUCTION_OF_F_<=_FACTR*EPSMCH'
     nfev: 37
      nit: 32
   status: 0
  success: True
        x: array([-0.688492  , -0.46823574, -0.88588485,  1.89746108, -0.22037293,
       -0.17692734, -3.69531012, -3.10621717, -1.80036342, -3.55244949,
       -1.52365908, -2.09879243, -1.53213585, -3.36895282, -3.28413878,
       -2.52102591, -2.36144203, -3.8387179 ])
/home3/jxiong7/IGCsimulation2/Rewrite_CodonGeneconv.py:324: FutureWarning: comparison to `None` will result in an elementwise object comparison in the future.
  if not x == None:
number of sites to be analyzed:  163
      fun: 2093.0038619949105
 hess_inv: <18x18 LbfgsInvHessProduct with dtype=float64>
      jac: array([-0.01341505, -0.00950422,  0.01814442,  0.00782165, -0.0039563 ,
       -0.00195541, -0.00732428, -0.00441385,  0.00161399,  0.00723547,
        0.00337009,  0.00264171, -0.00343372,  0.00726113, -0.00185984,
        0.00900281,  0.00100928, -0.00468426])
  message: 'CONVERGENCE: REL_REDUCTION_OF_F_<=_FACTR*EPSMCH'
     nfev: 40
      nit: 35
   status: 0
  success: True
        x: array([-0.71842332, -0.46641713, -1.00075215,  1.97732958,  0.0888099 ,
       -0.42940523, -3.72624836, -3.52754847, -1.44596346, -3.70466857,
       -1.91831416, -2.35816327, -1.77604582, -3.97602116, -4.15623795,
       -2.8192896 , -2.8082348 , -3.72247946])
number of sites to be analyzed:  163
Successfully loaded parameter value from ./SimulationSave/YDR418W_YEL054C/tau0.7/IGCgeo_3.0/YDR418W_YEL054C_MG94_geo_3.0_Sim_22_save.txt
      fun: 2191.362280331231
 hess_inv: <18x18 LbfgsInvHessProduct with dtype=float64>
      jac: array([-0.00172804,  0.00245564,  0.00059117,  0.00063665,  0.004502  ,
       -0.        , -0.00157431, -0.00032682,  0.00315428, -0.003464  ,
       -0.00229152,  0.00097526, -0.00587502, -0.00079806, -0.0018329 ,
       -0.00012448,  0.00135058, -0.00690279])
  message: 'CONVERGENCE: REL_REDUCTION_OF_F_<=_FACTR*EPSMCH'
     nfev: 36
      nit: 31
   status: 0
  success: True
        x: array([-0.71310724, -0.45498074, -1.001966  ,  1.84364583, -0.00456181,
       -0.42940523, -4.02305334, -3.44511563, -1.56211877, -3.55431652,
       -1.76361739, -2.21201212, -1.55254946, -3.31619333, -3.83157371,
       -2.53449052, -2.39456417, -3.27732782])
/home3/jxiong7/IGCsimulation2/Rewrite_CodonGeneconv.py:324: FutureWarning: comparison to `None` will result in an elementwise object comparison in the future.
  if not x == None:
number of sites to be analyzed:  163
      fun: 2071.005481173732
 hess_inv: <18x18 LbfgsInvHessProduct with dtype=float64>
      jac: array([ 0.00627551, -0.04069989,  0.00554792, -0.00227374, -0.00241016,
       -0.00122782, -0.00640992, -0.00141284,  0.00337016,  0.00449257,
       -0.00474061,  0.0015624 , -0.00911714,  0.00590427, -0.00072389,
       -0.00312852, -0.00315446, -0.00548032])
  message: 'CONVERGENCE: REL_REDUCTION_OF_F_<=_FACTR*EPSMCH'
     nfev: 55
      nit: 47
   status: 0
  success: True
        x: array([-0.67810978, -0.55559918, -0.82276292,  2.24686851, -0.21146381,
        0.13164015, -3.92301717, -4.2287164 , -1.41382573, -3.22357662,
       -1.51355295, -2.88270809, -1.81448073, -3.82947615, -3.52777509,
       -3.47819552, -2.94530966, -3.98381342])
number of sites to be analyzed:  163
Successfully loaded parameter value from ./SimulationSave/YDR418W_YEL054C/tau0.7/IGCgeo_3.0/YDR418W_YEL054C_MG94_geo_3.0_Sim_23_save.txt
      fun: 2188.485484642422
 hess_inv: <18x18 LbfgsInvHessProduct with dtype=float64>
      jac: array([-0.01177796,  0.00268301,  0.00341061,  0.00040927,  0.00031832,
       -0.        , -0.00075771, -0.00115401,  0.00245784,  0.0051762 ,
        0.00057068,  0.00149103,  0.00218284, -0.00121296, -0.00131556,
        0.00161694,  0.00022336,  0.00058548])
  message: 'CONVERGENCE: REL_REDUCTION_OF_F_<=_FACTR*EPSMCH'
     nfev: 43
      nit: 39
   status: 0
  success: True
        x: array([-0.6774332 , -0.55503215, -0.7872286 ,  2.23726862, -0.25746203,
        0.13164015, -4.57425076, -4.03828727, -1.52024337, -3.05172213,
       -1.39905056, -2.44805819, -1.57146004, -2.81202848, -3.09322372,
       -2.90114967, -2.61298776, -3.71908098])
/home3/jxiong7/IGCsimulation2/Rewrite_CodonGeneconv.py:324: FutureWarning: comparison to `None` will result in an elementwise object comparison in the future.
  if not x == None:
number of sites to be analyzed:  163
      fun: 2107.9338950778583
 hess_inv: <18x18 LbfgsInvHessProduct with dtype=float64>
      jac: array([ 0.00422915, -0.00300133,  0.00445652,  0.00632099,  0.00427463,
       -0.        , -0.00172694, -0.00404094,  0.00197656,  0.00118526,
       -0.00851453, -0.00291879,  0.00134551,  0.00508883,  0.00129608,
        0.00148838,  0.00354018, -0.00541427])
  message: 'CONVERGENCE: REL_REDUCTION_OF_F_<=_FACTR*EPSMCH'
     nfev: 58
      nit: 53
   status: 0
  success: True
        x: array([-0.65704098, -0.46865526, -0.87944412,  2.17579617,  0.0671442 ,
       -0.09913976, -4.59859305, -3.99381896, -1.49209916, -3.30018074,
       -1.44658992, -2.89044375, -1.8723195 , -3.73389979, -3.95060745,
       -2.41308101, -3.18775787, -3.46519017])
number of sites to be analyzed:  163
Successfully loaded parameter value from ./SimulationSave/YDR418W_YEL054C/tau0.7/IGCgeo_3.0/YDR418W_YEL054C_MG94_geo_3.0_Sim_24_save.txt
      fun: 2219.768271480755
 hess_inv: <18x18 LbfgsInvHessProduct with dtype=float64>
      jac: array([-0.00236469, -0.00932232,  0.00595719, -0.00190994,  0.00081855,
       -0.        ,  0.00099573,  0.00210241, -0.0003206 ,  0.0007334 ,
       -0.00063971,  0.00079125, -0.00187975,  0.00226728, -0.00116265,
        0.00030729, -0.00069453,  0.0023853 ])
  message: 'CONVERGENCE: REL_REDUCTION_OF_F_<=_FACTR*EPSMCH'
     nfev: 49
      nit: 43
   status: 0
  success: True
        x: array([-0.64282047, -0.47138182, -0.87656277,  2.0707161 ,  0.00657349,
       -0.09913976, -4.80732194, -3.97922973, -1.71141114, -3.25266069,
       -1.40129862, -2.39673098, -1.70832171, -2.86245617, -3.49613391,
       -1.98199825, -2.77076835, -3.10810142])
