/home3/jxiong7/IGCsimulation2/Rewrite_CodonGeneconv.py:324: FutureWarning: comparison to `None` will result in an elementwise object comparison in the future.
  if not x == None:
number of sites to be analyzed:  163
      fun: 2214.9600647539055
 hess_inv: <18x18 LbfgsInvHessProduct with dtype=float64>
      jac: array([-0.        ,  0.00100044,  0.00227374, -0.00150067, -0.00013642,
        0.00427463, -0.00131751,  0.00035101,  0.00059554, -0.00226064,
       -0.00135977, -0.00344138, -0.00224138,  0.00100647,  0.00377781,
       -0.0080491 ,  0.00237847, -0.00304544])
  message: 'CONVERGENCE: REL_REDUCTION_OF_F_<=_FACTR*EPSMCH'
     nfev: 72
      nit: 62
   status: 0
  success: True
        x: array([-0.73473153, -0.48195415, -0.88424242,  2.14170713,  0.01539544,
       -0.47609575, -4.5716739 , -3.34700066, -1.56196154, -3.3506388 ,
       -1.46278177, -2.3516594 , -1.51271132, -5.40231586, -3.44401649,
       -2.99769071, -2.71391276, -3.18199241])
number of sites to be analyzed:  163
Successfully loaded parameter value from ./SimulationSave/YDR418W_YEL054C/tau0.5/IGCgeo_10.0/YDR418W_YEL054C_MG94_geo_10.0_Sim_5_save.txt
      fun: 2314.83584277186
 hess_inv: <18x18 LbfgsInvHessProduct with dtype=float64>
      jac: array([ 0.0120508 ,  0.0037744 ,  0.02223715, -0.00059117, -0.00536602,
       -0.        ,  0.00168169, -0.00048299, -0.0047642 ,  0.00153054,
        0.00443929, -0.00646234, -0.00585442,  0.00214443,  0.00140761,
       -0.00264432,  0.00896508,  0.00038613])
  message: 'CONVERGENCE: REL_REDUCTION_OF_F_<=_FACTR*EPSMCH'
     nfev: 56
      nit: 50
   status: 0
  success: True
        x: array([-0.74069559, -0.48234091, -0.87593387,  2.11360749,  0.07261109,
       -0.47609575, -4.75400779, -3.31430223, -1.71614015, -3.33443943,
       -1.42218701, -1.99363436, -1.36891745, -3.72066477, -3.07673034,
       -2.5969534 , -2.370458  , -2.75759618])
/home3/jxiong7/IGCsimulation2/Rewrite_CodonGeneconv.py:324: FutureWarning: comparison to `None` will result in an elementwise object comparison in the future.
  if not x == None:
number of sites to be analyzed:  163
      fun: 2229.479806988803
 hess_inv: <18x18 LbfgsInvHessProduct with dtype=float64>
      jac: array([ 0.00109139, -0.01382432,  0.0077307 ,  0.00209184,  0.0003638 ,
        0.00081855, -0.00127305, -0.00028314,  0.00172003,  0.00389578,
       -0.00242257,  0.0029206 ,  0.00535608,  0.00343152,  0.00302527,
        0.00091157, -0.00754887,  0.00159663])
  message: 'CONVERGENCE: REL_REDUCTION_OF_F_<=_FACTR*EPSMCH'
     nfev: 44
      nit: 40
   status: 0
  success: True
        x: array([-0.71028698, -0.44439549, -0.90785223,  2.10861034, -0.02514239,
       -0.87633926, -3.38028069, -4.15621536, -1.51158815, -2.9893201 ,
       -1.55581045, -2.95864339, -1.55566826, -3.10943025, -3.36728269,
       -2.68324204, -2.86289772, -3.53928636])
number of sites to be analyzed:  163
Successfully loaded parameter value from ./SimulationSave/YDR418W_YEL054C/tau0.5/IGCgeo_10.0/YDR418W_YEL054C_MG94_geo_10.0_Sim_6_save.txt
      fun: 2297.803824725237
 hess_inv: <18x18 LbfgsInvHessProduct with dtype=float64>
      jac: array([ 0.02919478,  0.03828973,  0.0007276 , -0.01095941,  0.00109139,
       -0.        , -0.00583716, -0.00034753, -0.00700173,  0.00151806,
        0.00992285,  0.00739232, -0.00311024, -0.00096755,  0.00016201,
        0.00320214, -0.00363131,  0.00330217])
  message: 'CONVERGENCE: REL_REDUCTION_OF_F_<=_FACTR*EPSMCH'
     nfev: 39
      nit: 35
   status: 0
  success: True
        x: array([-0.71943792, -0.45779919, -0.90348794,  2.04340394, -0.05891927,
       -0.87633926, -3.52525746, -4.03857255, -1.56605053, -2.93483246,
       -1.44975025, -2.69682482, -1.37158632, -2.77636024, -3.19002791,
       -2.47638969, -2.53933678, -3.1869449 ])
/home3/jxiong7/IGCsimulation2/Rewrite_CodonGeneconv.py:324: FutureWarning: comparison to `None` will result in an elementwise object comparison in the future.
  if not x == None:
number of sites to be analyzed:  163
      fun: 2103.7623844309073
 hess_inv: <18x18 LbfgsInvHessProduct with dtype=float64>
      jac: array([ 0.00954969,  0.02482921, -0.03324203, -0.01045919, -0.00668479,
        0.0091859 , -0.00891014, -0.00037905,  0.00188616,  0.00474506,
        0.00207012,  0.00297722, -0.00052028,  0.00011625,  0.00314399,
        0.00583561,  0.00609772,  0.00351049])
  message: 'CONVERGENCE: REL_REDUCTION_OF_F_<=_FACTR*EPSMCH'
     nfev: 111
      nit: 99
   status: 0
  success: True
        x: array([ -0.72343557,  -0.41062506,  -0.89724684,   2.13483393,
         0.04115403,  -0.64261249,  -3.49097349,  -3.73539802,
        -1.38061354,  -4.55340414,  -1.7801733 ,  -2.59820217,
        -1.59626523, -11.95714293,  -3.12498818,  -2.68444636,
        -3.17820747,  -3.45093091])
number of sites to be analyzed:  163
Successfully loaded parameter value from ./SimulationSave/YDR418W_YEL054C/tau0.5/IGCgeo_10.0/YDR418W_YEL054C_MG94_geo_10.0_Sim_7_save.txt
      fun: 2179.4759990718085
 hess_inv: <18x18 LbfgsInvHessProduct with dtype=float64>
      jac: array([ 0.03356035,  0.05784386,  0.01300577, -0.01195986, -0.00204636,
       -0.        , -0.0018242 ,  0.00041779, -0.00280235,  0.00014982,
        0.00699172, -0.00859709,  0.00564959, -0.00605765,  0.0001061 ,
       -0.00312052, -0.00331052, -0.00177018])
  message: 'CONVERGENCE: REL_REDUCTION_OF_F_<=_FACTR*EPSMCH'
     nfev: 33
      nit: 31
   status: 0
  success: True
        x: array([ -0.72009828,  -0.40431598,  -0.92921544,   2.11206501,
         0.07735267,  -0.64261249,  -3.65333486,  -3.7066248 ,
        -1.46458401,  -4.24255191,  -1.66323275,  -2.33450184,
        -1.41717708, -11.95211264,  -2.74353373,  -2.33787308,
        -2.83731281,  -3.10214451])
/home3/jxiong7/IGCsimulation2/Rewrite_CodonGeneconv.py:324: FutureWarning: comparison to `None` will result in an elementwise object comparison in the future.
  if not x == None:
number of sites to be analyzed:  163
      fun: 2098.1102878031
 hess_inv: <18x18 LbfgsInvHessProduct with dtype=float64>
      jac: array([  2.26009433e-02,   3.26053851e-02,   6.18911145e-02,
        -2.86490831e-03,   4.54747351e-05,  -7.18500814e-03,
         5.07139639e-03,   3.48409971e-03,  -4.49056048e-03,
        -3.22330933e-04,  -1.09486449e-02,  -5.25666860e-03,
         1.03104709e-02,   1.08485973e-04,   2.44475645e-03,
         5.16937580e-03,  -1.36295448e-02,  -5.30368941e-04])
  message: 'CONVERGENCE: REL_REDUCTION_OF_F_<=_FACTR*EPSMCH'
     nfev: 67
      nit: 59
   status: 0
  success: True
        x: array([-0.73983238, -0.38511614, -0.84873339,  2.02200914,  0.02911062,
       -0.53630552, -3.80338119, -5.12723723, -1.35940357, -3.4775341 ,
       -1.61544204, -2.75227063, -1.64108309, -5.2152749 , -3.51690332,
       -3.2005968 , -2.8156553 , -3.8564825 ])
number of sites to be analyzed:  163
Successfully loaded parameter value from ./SimulationSave/YDR418W_YEL054C/tau0.5/IGCgeo_10.0/YDR418W_YEL054C_MG94_geo_10.0_Sim_8_save.txt
      fun: 2180.4845608809
 hess_inv: <18x18 LbfgsInvHessProduct with dtype=float64>
      jac: array([ -2.12821760e-02,  -3.59250407e-02,   2.68300937e-02,
         5.09317033e-03,  -5.00222086e-03,  -0.00000000e+00,
         2.33454337e-04,  -1.22850968e-05,   2.51242558e-03,
         3.38894811e-04,  -5.49926117e-03,  -7.61766644e-03,
        -7.39276113e-03,  -9.07084650e-03,   7.12960690e-03,
        -1.06667391e-03,   4.03270572e-03,  -1.28009774e-03])
  message: 'CONVERGENCE: REL_REDUCTION_OF_F_<=_FACTR*EPSMCH'
     nfev: 61
      nit: 56
   status: 0
  success: True
        x: array([-0.74803008, -0.38853096, -0.85306927,  1.98449472,  0.01548504,
       -0.53630552, -4.03663471, -4.95468057, -1.44686909, -3.34778667,
       -1.58792309, -2.42188499, -1.52285727, -3.57476675, -3.18533149,
       -2.8056996 , -2.35003145, -3.45140716])
/home3/jxiong7/IGCsimulation2/Rewrite_CodonGeneconv.py:324: FutureWarning: comparison to `None` will result in an elementwise object comparison in the future.
  if not x == None:
number of sites to be analyzed:  163
      fun: 2098.1346833580415
 hess_inv: <18x18 LbfgsInvHessProduct with dtype=float64>
      jac: array([  1.30057742e-02,  -7.73070497e-04,  -2.13731255e-03,
         1.45519152e-03,  -2.27373675e-04,  -2.68300937e-03,
         1.47745966e-05,  -1.05033086e-02,   4.06724187e-03,
        -6.88124059e-03,   5.33968169e-04,   1.37640311e-03,
         2.99294248e-03,  -2.03631498e-03,   4.02174600e-03,
         5.96989206e-03,   1.56335613e-03,   8.30103135e-04])
  message: 'CONVERGENCE: REL_REDUCTION_OF_F_<=_FACTR*EPSMCH'
     nfev: 133
      nit: 117
   status: 0
  success: True
        x: array([ -0.60881194,  -0.47258506,  -0.9310387 ,   2.3255112 ,
        -0.11578934,  -0.2660629 , -14.72099705,  -3.08170404,
        -1.3331553 ,  -3.60105717,  -1.4545427 ,  -2.65045504,
        -1.52365174,  -4.44507622,  -3.30792766,  -2.93786348,
        -3.59413599,  -3.39850648])
number of sites to be analyzed:  163
Successfully loaded parameter value from ./SimulationSave/YDR418W_YEL054C/tau0.5/IGCgeo_10.0/YDR418W_YEL054C_MG94_geo_10.0_Sim_9_save.txt
      fun: 2170.8340308941306
 hess_inv: <18x18 LbfgsInvHessProduct with dtype=float64>
      jac: array([  1.00499165e-02,   3.50155460e-03,  -8.54925020e-03,
        -9.09494702e-05,  -5.72981662e-03,  -0.00000000e+00,
         5.66614197e-05,   7.37808748e-03,  -1.46967877e-03,
         9.50471257e-03,   2.01823276e-03,  -6.37533638e-03,
        -9.36800033e-04,  -1.24933504e-03,  -1.83983942e-03,
         8.17557900e-03,  -4.07839055e-03,  -8.75679853e-05])
  message: 'CONVERGENCE: REL_REDUCTION_OF_F_<=_FACTR*EPSMCH'
     nfev: 34
      nit: 27
   status: 0
  success: True
        x: array([ -0.60787   ,  -0.47951018,  -0.93775484,   2.29430968,
        -0.12263078,  -0.2660629 , -14.72104056,  -3.05228682,
        -1.48511621,  -3.57644779,  -1.43004938,  -2.31452504,
        -1.28440111,  -3.69109073,  -3.06678333,  -2.5652636 ,
        -3.28407247,  -3.12112428])
