/home3/jxiong7/IGCsimulation2/Rewrite_CodonGeneconv.py:324: FutureWarning: comparison to `None` will result in an elementwise object comparison in the future.
  if not x == None:
number of sites to be analyzed:  310
Successfully loaded parameter value from ./SimulationSave/ERa_ERb/tau0.27788/IGCgeo_10.0/ERa_ERb_MG94_geo_10.0_Sim_0_save.txt
      fun: 18383.386382782144
 hess_inv: <36x36 LbfgsInvHessProduct with dtype=float64>
      jac: array([-0.15934347,  0.04110916,  0.06111804, -0.00691216,  0.06148184,
        0.02874003,  0.02658527,  0.0058252 , -0.00100604,  0.00135352,
       -0.02272564,  0.01466766,  0.03323978, -0.00683457,  0.02702907,
        0.02882157, -0.01648122,  0.14150765, -0.04318574,  0.00175702,
       -0.02462157, -0.00659417, -0.01683738, -0.0030735 , -0.00528519,
       -0.00789929,  0.00654488,  0.00704458,  0.1274897 , -0.00835911,
       -0.01498846,  0.07448163,  0.00019027, -0.01443971,  0.03581576,
       -0.01551407])
  message: 'CONVERGENCE: REL_REDUCTION_OF_F_<=_FACTR*EPSMCH'
     nfev: 9
      nit: 7
   status: 0
  success: True
        x: array([-0.70252817, -0.86201375, -0.53178289,  0.62024968, -1.16242331,
       -0.48609662, -0.85866952,  1.80781376, -0.33379794, -0.39191778,
       -1.82652772, -1.37980059, -0.78520914, -1.68973229, -1.95495476,
       -7.30424632, -1.23712566, -0.7569647 , -4.61744673, -2.87867527,
       -0.59020833, -1.96153329, -0.67639817, -1.21868891, -1.26176308,
       -0.52644332, -0.99475387, -0.78977191, -4.20367239, -3.33146762,
       -2.46448017, -3.16134884, -2.38239082, -2.1559831 , -1.85593117,
       -1.31498254])
number of sites to be analyzed:  310
Successfully loaded parameter value from ./SimulationSave/ERa_ERb/tau0.27788/IGCgeo_10.0/ERa_ERb_MG94_geo_10.0_Sim_0_save.txt
      fun: 19247.144521615886
 hess_inv: <36x36 LbfgsInvHessProduct with dtype=float64>
      jac: array([-0.10586518,  0.03201421, -0.17753337, -0.00509317,  0.02437446,
       -0.        , -0.00068571, -0.02794552,  0.01252706,  0.02257393,
       -0.02131049, -0.03115906,  0.01247402, -0.00552261,  0.0139558 ,
        0.00365304,  0.01353641,  0.03570127,  0.00842653, -0.01470809,
        0.01824064, -0.0043486 ,  0.04403278, -0.04979546,  0.00053611,
       -0.00641915,  0.00285942, -0.00531244,  0.03771806,  0.0759088 ,
       -0.02801881,  0.00269845,  0.00495252, -0.02571152,  0.00110542,
        0.0070257 ])
  message: 'CONVERGENCE: REL_REDUCTION_OF_F_<=_FACTR*EPSMCH'
     nfev: 206
      nit: 188
   status: 0
  success: True
        x: array([-0.70800196, -0.87498576, -0.52653624,  0.56163894, -1.16001209,
       -0.48609662, -9.83230572,  1.86414564, -0.30906451, -0.54635432,
       -1.23463056, -1.87559955, -0.57775466, -1.3824999 , -1.68126534,
       -4.62302105, -1.02411967, -0.52663007, -4.27224052, -2.66687447,
       -0.38136662, -1.70239625, -0.4636588 , -0.92642087, -1.00431171,
       -0.36733206, -0.77501928, -0.579065  , -3.84262072, -3.19773613,
       -2.52823837, -2.26367327, -2.08578256, -1.9231269 , -1.59042731,
       -1.07667526])
/home3/jxiong7/IGCsimulation2/Rewrite_CodonGeneconv.py:324: FutureWarning: comparison to `None` will result in an elementwise object comparison in the future.
  if not x == None:
number of sites to be analyzed:  310
      fun: 18588.714437538878
 hess_inv: <36x36 LbfgsInvHessProduct with dtype=float64>
      jac: array([-0.14078978, -0.01346052, -0.00291038,  0.05493348,  0.06220944,
       -0.04765752,  0.01188523, -0.0027133 , -0.0362591 , -0.04649551,
        0.04564332, -0.0263158 , -0.00931949, -0.00373866,  0.02248895,
        0.03428857,  0.0009717 , -0.01052238, -0.04435364,  0.02145831,
        0.02524028,  0.00385111,  0.02090735,  0.00453761,  0.00699688,
        0.03224021, -0.00461004, -0.00276609, -0.03523761, -0.0095929 ,
       -0.00416959,  0.024504  , -0.02297337,  0.04834199, -0.03560213,
       -0.02333143])
  message: 'CONVERGENCE: REL_REDUCTION_OF_F_<=_FACTR*EPSMCH'
     nfev: 88
      nit: 80
   status: 0
  success: True
        x: array([-0.71637748, -0.83270391, -0.50508061,  0.70981575, -1.05672347,
       -0.462972  , -0.37371887,  1.65958517, -0.24252922, -0.47730293,
       -2.12860228, -1.41600237, -0.7639194 , -2.06733547, -1.91776899,
       -3.88810539, -1.22211828, -0.83301786, -2.8949807 , -4.08372854,
       -0.65415798, -1.5800798 , -0.77481938, -1.14069808, -1.48683124,
       -0.45673403, -1.30521285, -0.75048067, -2.77327116, -4.06489454,
       -2.74426901, -2.98252017, -2.79249893, -2.09896972, -1.80017823,
       -1.15869421])
number of sites to be analyzed:  310
Successfully loaded parameter value from ./SimulationSave/ERa_ERb/tau0.27788/IGCgeo_10.0/ERa_ERb_MG94_geo_10.0_Sim_1_save.txt
      fun: 19683.205493744696
 hess_inv: <36x36 LbfgsInvHessProduct with dtype=float64>
      jac: array([ 0.46493369, -0.08367351, -0.30231604, -0.01891749,  0.03274181,
       -0.        , -0.04879662,  0.00650284, -0.03152048, -0.026829  ,
        0.0031476 , -0.00725716,  0.04810203, -0.01488622,  0.00388297,
        0.01947024,  0.02211359,  0.04605771, -0.00621203,  0.02600876,
        0.00745689,  0.03824512, -0.02439703, -0.03400176, -0.02336372,
       -0.07016005, -0.01302389,  0.02720003,  0.0364761 , -0.00815834,
       -0.01100863,  0.02625197,  0.00182375,  0.01113709, -0.00287489,
       -0.01114733])
  message: 'CONVERGENCE: REL_REDUCTION_OF_F_<=_FACTR*EPSMCH'
     nfev: 87
      nit: 81
   status: 0
  success: True
        x: array([-0.71997056, -0.84963864, -0.5022047 ,  0.60737368, -1.0475348 ,
       -0.462972  , -3.43275746,  1.73713458, -0.2818658 , -0.48206877,
       -1.6325744 , -1.15914782, -0.44960685, -1.99616459, -1.54478559,
       -3.33118284, -0.97372923, -0.58618703, -3.96561777, -2.66037736,
       -0.38590522, -1.30894186, -0.50590074, -0.8646176 , -1.23567538,
       -0.27419448, -0.55896031, -0.98117968, -3.47614113, -2.62268883,
       -2.28516734, -2.58496833, -2.59268199, -1.72686561, -0.89739738,
       -1.48328887])
/home3/jxiong7/IGCsimulation2/Rewrite_CodonGeneconv.py:324: FutureWarning: comparison to `None` will result in an elementwise object comparison in the future.
  if not x == None:
