# time 	 divergence 	 # of mutations 	 # IGC chances 	 IGC length 	 # IGC failures 	 Changes due to IGC  	 % change due to IGC 
0.0	0.0512820512821	0	0	0	0	0	0.0
0.00145950825821	0.0534188034188	1	0	0	0	0	0.0
0.00335387256717	0.0555555555556	2	0	0	0	0	0.0
0.00382424572236	0.0576923076923	3	0	0	0	0	0.0
0.00385801681003	0.0598290598291	4	0	0	0	0	0.0
0.00398465227663	0.0619658119658	5	0	0	0	0	0.0
0.00474374076547	0.0641025641026	6	0	0	0	0	0.0
0.00560458400121	0.0662393162393	7	0	0	0	0	0.0
0.0099318525373	0.0683760683761	8	0	0	0	0	0.0
0.0101093737678	0.0705128205128	9	0	0	0	0	0.0
0.0137646835089	0.0726495726496	10	0	0	0	0	0.0
0.0168114941944	0.0747863247863	11	0	0	0	0	0.0
0.0174147745661	0.0769230769231	12	0	0	0	0	0.0
0.0199590202753	0.0790598290598	13	0	0	0	0	0.0
0.0211661354805	0.0811965811966	14	0	0	0	0	0.0
0.0241194965682	0.0811965811966	15	0	0	0	0	0.0
0.0260895963624	0.0833333333333	16	0	0	0	0	0.0
0.0290298655938	0.0854700854701	17	0	0	0	0	0.0
0.0316830438955	0.0876068376068	18	0	0	0	0	0.0
0.0367837030899	0.0705128205128	18	1	141	0	8	0.307692307692
0.0422625444341	0.0726495726496	19	1	141	0	8	0.296296296296
0.0428032937786	0.0747863247863	20	1	141	0	8	0.285714285714
0.0435000799768	0.0769230769231	21	1	141	0	8	0.275862068966
0.0483897856196	0.0790598290598	22	1	141	0	8	0.266666666667
0.05087766205	0.0811965811966	23	1	141	0	8	0.258064516129
0.0543738364193	0.0833333333333	24	1	141	0	8	0.25
0.0553048026498	0.0854700854701	25	1	141	0	8	0.242424242424
0.0553139356576	0.0876068376068	26	1	141	0	8	0.235294117647
0.0597509343321	0.0897435897436	27	1	141	0	8	0.228571428571
0.0656621350067	0.0918803418803	28	1	141	0	8	0.222222222222
0.0682960641521	0.0897435897436	29	1	141	0	8	0.216216216216
0.072716410728	0.0918803418803	30	1	141	0	8	0.210526315789
0.0729591548228	0.0940170940171	31	1	141	0	8	0.205128205128
0.0750745107019	0.0961538461538	32	1	141	0	8	0.2
0.0791879316272	0.0982905982906	33	1	141	0	8	0.19512195122
0.0890670348966	0.100427350427	34	1	141	0	8	0.190476190476
0.0920458931122	0.102564102564	35	1	141	0	8	0.186046511628
0.0920795422848	0.102564102564	36	1	141	0	8	0.181818181818
0.0944612584839	0.104700854701	37	1	141	0	8	0.177777777778
0.0951581238395	0.106837606838	38	1	141	0	8	0.173913043478
0.104394364046	0.108974358974	39	1	141	0	8	0.170212765957
0.104445432598	0.111111111111	40	1	141	0	8	0.166666666667
0.112117304136	0.113247863248	41	1	141	0	8	0.163265306122
0.117248318998	0.115384615385	42	1	141	0	8	0.16
0.121334441358	0.117521367521	43	1	141	0	8	0.156862745098
0.128757214081	0.119658119658	44	1	141	0	8	0.153846153846
0.130228498233	0.121794871795	45	1	141	0	8	0.150943396226
0.131289462532	0.123931623932	46	1	141	0	8	0.148148148148
0.135697998676	0.126068376068	47	1	141	0	8	0.145454545455
0.135789385098	0.126068376068	48	1	141	0	8	0.142857142857
0.141015418368	0.128205128205	49	1	141	0	8	0.140350877193
0.1443979791	0.130341880342	50	1	141	0	8	0.137931034483
0.144475903451	0.132478632479	51	1	141	0	8	0.135593220339
0.147200079168	0.134615384615	52	1	141	0	8	0.133333333333
0.148751826809	0.132478632479	53	1	141	0	8	0.131147540984
0.149359031995	0.134615384615	54	1	141	0	8	0.129032258065
