# time 	 divergence 	 # of mutations 	 # IGC chances 	 IGC length 	 # IGC failures 	 Changes due to IGC  	 % change due to IGC 
0.0	0.214424951267	0	0	0	0	0	0.0
0.000160654950201	0.215399610136	1	0	0	0	0	0.0
0.000966827096511	0.214424951267	1	1	3	0	1	0.5
0.00124167467174	0.215399610136	2	1	3	0	1	0.333333333333
0.00135651244276	0.216374269006	3	1	3	0	1	0.25
0.00169436526522	0.217348927875	4	1	3	0	1	0.2
0.00218113280219	0.217348927875	4	2	3	0	1	0.2
0.00284317188473	0.217348927875	4	3	3	0	1	0.2
0.00292467877499	0.216374269006	4	4	3	0	2	0.333333333333
0.00596802924269	0.217348927875	5	4	3	0	2	0.285714285714
0.00689809166786	0.217348927875	6	4	3	0	2	0.25
0.00699003477667	0.216374269006	6	5	3	0	3	0.333333333333
0.00710762123161	0.216374269006	6	6	3	0	3	0.333333333333
0.00714416832919	0.216374269006	6	7	3	0	3	0.333333333333
0.00833499496995	0.217348927875	7	7	3	0	3	0.3
0.00839609795709	0.218323586745	8	7	3	0	3	0.272727272727
0.00935940691208	0.218323586745	8	8	3	0	3	0.272727272727
0.00954254344373	0.218323586745	8	9	3	0	3	0.272727272727
0.00971456187947	0.218323586745	8	10	3	0	3	0.272727272727
0.0107454764564	0.216374269006	8	11	3	0	5	0.384615384615
0.0118917778516	0.216374269006	8	12	3	0	5	0.384615384615
0.0121206564381	0.215399610136	9	12	3	0	5	0.357142857143
0.0141677594445	0.215399610136	9	13	3	0	5	0.357142857143
0.014623559918	0.216374269006	10	13	3	0	5	0.333333333333
0.0155774937871	0.216374269006	10	14	3	0	5	0.333333333333
0.0158454019477	0.216374269006	11	14	3	0	5	0.3125
0.0168294600513	0.215399610136	11	15	3	0	6	0.352941176471
0.0178636856009	0.215399610136	11	16	3	0	6	0.352941176471
0.0179227879592	0.216374269006	12	16	3	0	6	0.333333333333
0.0180336504171	0.216374269006	13	16	3	0	6	0.315789473684
0.0200578387101	0.216374269006	14	16	3	0	6	0.3
0.0202542653175	0.217348927875	15	16	3	0	6	0.285714285714
0.0210987238394	0.217348927875	15	17	3	0	6	0.285714285714
0.0224741405897	0.217348927875	15	18	3	0	6	0.285714285714
0.0227587776177	0.217348927875	15	19	3	0	6	0.285714285714
0.0235288907686	0.217348927875	15	20	3	0	6	0.285714285714
0.0243805111438	0.218323586745	16	20	3	0	6	0.272727272727
0.024701109787	0.218323586745	17	20	3	0	6	0.260869565217
0.0266911823251	0.218323586745	17	21	3	0	6	0.260869565217
0.0268105359389	0.219298245614	18	21	3	0	6	0.25
0.0269932339929	0.217348927875	18	22	3	0	8	0.307692307692
0.0273266819404	0.217348927875	18	23	3	0	8	0.307692307692
0.0277517438818	0.217348927875	19	23	3	0	8	0.296296296296
0.0280319079767	0.218323586745	20	23	3	0	8	0.285714285714
0.0300442292671	0.217348927875	20	24	3	0	9	0.310344827586
0.0316722551944	0.216374269006	20	25	3	0	10	0.333333333333
0.0319502435897	0.217348927875	21	25	3	0	10	0.322580645161
0.0338139892487	0.217348927875	21	26	3	0	10	0.322580645161
0.0347139398274	0.215399610136	21	27	3	0	12	0.363636363636
0.0351925393021	0.216374269006	22	27	3	0	12	0.352941176471
0.0353015028552	0.215399610136	22	28	3	0	13	0.371428571429
0.0356468751983	0.214424951267	22	29	3	0	14	0.388888888889
0.0356539071557	0.214424951267	22	30	3	0	14	0.388888888889
0.0357993686128	0.215399610136	23	30	3	0	14	0.378378378378
0.0364868923694	0.216374269006	24	30	3	0	14	0.368421052632
0.0366431036788	0.217348927875	25	30	3	0	14	0.358974358974
0.0385081570314	0.217348927875	25	31	3	0	14	0.358974358974
0.0393151567228	0.218323586745	26	31	3	0	14	0.35
0.0398867373924	0.217348927875	26	32	3	0	15	0.365853658537
0.0399476364475	0.217348927875	26	33	3	0	15	0.365853658537
0.041162049108	0.217348927875	26	34	3	0	15	0.365853658537
0.0419193595101	0.217348927875	26	35	3	0	15	0.365853658537
0.0426672425852	0.218323586745	27	35	3	0	15	0.357142857143
0.0440468462033	0.219298245614	28	35	3	0	15	0.348837209302
0.0444052469596	0.218323586745	29	35	3	0	15	0.340909090909
0.0447294616126	0.218323586745	29	36	3	0	15	0.340909090909
0.0467478376144	0.219298245614	30	36	3	0	15	0.333333333333
0.0475541452236	0.219298245614	30	37	3	0	15	0.333333333333
0.0489651876066	0.220272904483	31	37	3	0	15	0.326086956522
0.0505672595835	0.221247563353	32	37	3	0	15	0.31914893617
0.0513437334927	0.221247563353	32	38	3	0	15	0.31914893617
0.0514064493556	0.222222222222	33	38	3	0	15	0.3125
0.0514281087135	0.222222222222	33	39	3	0	15	0.3125
0.0526510940028	0.221247563353	33	40	3	0	16	0.326530612245
0.0526605345939	0.221247563353	33	41	3	0	16	0.326530612245
0.0549548921438	0.221247563353	34	41	3	0	16	0.32
0.0569668994471	0.220272904483	35	41	3	0	16	0.313725490196
0.0586610369625	0.221247563353	36	41	3	0	16	0.307692307692
0.0589354560395	0.221247563353	37	41	3	0	16	0.301886792453
0.0591666518927	0.222222222222	38	41	3	0	16	0.296296296296
0.0593724647723	0.223196881092	39	41	3	0	16	0.290909090909
0.0601379747785	0.222222222222	39	42	3	0	17	0.303571428571
0.0607749164831	0.221247563353	39	43	3	0	18	0.315789473684
0.0608654748921	0.221247563353	39	44	3	0	18	0.315789473684
0.0615813997923	0.222222222222	40	44	3	0	18	0.310344827586
0.0616787254562	0.223196881092	41	44	3	0	18	0.305084745763
0.0617025204026	0.222222222222	41	45	3	0	19	0.316666666667
0.0618031392517	0.223196881092	42	45	3	0	19	0.311475409836
0.0629965718518	0.223196881092	42	46	3	0	19	0.311475409836
0.0636599856436	0.224171539961	43	46	3	0	19	0.306451612903
0.0637732464463	0.224171539961	43	47	3	0	19	0.306451612903
0.0648038849552	0.22514619883	44	47	3	0	19	0.301587301587
0.0655267987902	0.224171539961	44	48	3	0	20	0.3125
0.0662996976908	0.223196881092	44	49	3	0	21	0.323076923077
0.0665866539688	0.223196881092	44	50	3	0	21	0.323076923077
0.072729472544	0.221247563353	44	51	3	0	23	0.34328358209
0.0729020718731	0.222222222222	45	51	3	0	23	0.338235294118
0.0731443633811	0.223196881092	46	51	3	0	23	0.333333333333
0.0733295456714	0.224171539961	47	51	3	0	23	0.328571428571
0.0733650989489	0.224171539961	47	52	3	0	23	0.328571428571
0.0736518207372	0.224171539961	48	52	3	0	23	0.323943661972
0.0746375888854	0.224171539961	49	52	3	0	23	0.319444444444
0.0765324534591	0.223196881092	50	52	3	0	23	0.315068493151
0.0775780155177	0.223196881092	50	53	3	0	23	0.315068493151
0.0785198050776	0.222222222222	50	54	3	0	24	0.324324324324
0.0815243500348	0.223196881092	51	54	3	0	24	0.32
0.0818632962977	0.224171539961	52	54	3	0	24	0.315789473684
0.0819639960166	0.222222222222	52	55	3	0	26	0.333333333333
0.0824914526475	0.223196881092	53	55	3	0	26	0.329113924051
0.0829235658422	0.221247563353	53	56	3	0	28	0.345679012346
0.0837381895718	0.221247563353	53	57	3	0	28	0.345679012346
0.0839769457841	0.221247563353	53	58	3	0	28	0.345679012346
0.0840162770308	0.220272904483	53	59	3	0	29	0.353658536585
0.084839236757	0.219298245614	53	60	3	0	30	0.361445783133
0.0854974866741	0.217348927875	53	61	3	0	32	0.376470588235
0.0858149901736	0.218323586745	54	61	3	0	32	0.372093023256
0.0877165396614	0.219298245614	55	61	3	0	32	0.367816091954
0.0878896107756	0.219298245614	55	62	3	0	32	0.367816091954
0.0884279726866	0.218323586745	55	63	3	0	33	0.375
0.0889327282086	0.218323586745	56	63	3	0	33	0.370786516854
0.089222654849	0.219298245614	57	63	3	0	33	0.366666666667
0.0902827754179	0.218323586745	57	64	3	0	34	0.373626373626
0.0910056426629	0.217348927875	57	65	3	0	35	0.380434782609
0.0912070617427	0.218323586745	58	65	3	0	35	0.376344086022
0.0913143454752	0.219298245614	59	65	3	0	35	0.372340425532
0.0942248561112	0.218323586745	59	66	3	0	36	0.378947368421
0.094408094906	0.218323586745	60	66	3	0	36	0.375
0.0958772616084	0.218323586745	60	67	3	0	36	0.375
0.095905694812	0.218323586745	60	68	3	0	36	0.375
0.0959847918248	0.219298245614	61	68	3	0	36	0.371134020619
0.0969358775089	0.220272904483	62	68	3	0	36	0.367346938776
0.0970481614386	0.221247563353	63	68	3	0	36	0.363636363636
0.0997633995618	0.222222222222	64	68	3	0	36	0.36
0.102367701639	0.222222222222	65	68	3	0	36	0.356435643564
0.104651730066	0.222222222222	65	69	3	0	36	0.356435643564
0.105538083383	0.221247563353	66	69	3	0	36	0.352941176471
0.10706566458	0.222222222222	67	69	3	0	36	0.349514563107
0.107753106559	0.223196881092	68	69	3	0	36	0.346153846154
0.109275920408	0.223196881092	69	69	3	0	36	0.342857142857
0.110018856773	0.222222222222	69	70	3	0	37	0.349056603774
0.110902953625	0.221247563353	69	71	3	0	38	0.355140186916
0.111688404103	0.222222222222	70	71	3	0	38	0.351851851852
0.112317936456	0.221247563353	70	72	3	0	39	0.357798165138
0.112563159471	0.219298245614	70	73	3	0	41	0.369369369369
0.114002212565	0.218323586745	70	74	3	0	42	0.375
0.114141742731	0.218323586745	70	75	3	0	42	0.375
0.114419750988	0.219298245614	71	75	3	0	42	0.371681415929
0.114587390232	0.220272904483	72	75	3	0	42	0.368421052632
0.114904010731	0.220272904483	72	76	3	0	42	0.368421052632
0.117240977938	0.220272904483	72	77	3	0	42	0.368421052632
0.117662345761	0.221247563353	73	77	3	0	42	0.365217391304
0.117927007563	0.222222222222	74	77	3	0	42	0.362068965517
0.117991576173	0.223196881092	75	77	3	0	42	0.358974358974
0.118130993372	0.222222222222	75	78	3	0	43	0.364406779661
0.119891552297	0.222222222222	75	79	3	0	43	0.364406779661
0.119953000903	0.222222222222	76	79	3	0	43	0.361344537815
0.120008956117	0.223196881092	77	79	3	0	43	0.358333333333
0.120610169465	0.224171539961	78	79	3	0	43	0.355371900826
0.121522501504	0.224171539961	78	80	3	0	43	0.355371900826
0.121957531889	0.22514619883	79	80	3	0	43	0.352459016393
0.123650296344	0.224171539961	79	81	3	0	44	0.357723577236
0.123947344997	0.22514619883	80	81	3	0	44	0.354838709677
0.124610225258	0.223196881092	80	82	3	0	46	0.365079365079
0.124673626511	0.224171539961	81	82	3	0	46	0.362204724409
0.125050368573	0.22514619883	82	82	3	0	46	0.359375
0.125204559443	0.22514619883	82	83	3	0	46	0.359375
0.1260560697	0.224171539961	82	84	3	0	47	0.364341085271
0.128411849693	0.22514619883	83	84	3	0	47	0.361538461538
0.1284329667	0.22514619883	83	85	3	0	47	0.361538461538
0.129494868277	0.22514619883	83	86	3	0	47	0.361538461538
0.129798200699	0.22514619883	83	87	3	0	47	0.361538461538
0.129886057014	0.224171539961	83	88	3	0	48	0.36641221374
0.130249252523	0.223196881092	83	89	3	0	49	0.371212121212
0.131709838418	0.224171539961	84	89	3	0	49	0.368421052632
0.132408087607	0.223196881092	84	90	3	0	50	0.373134328358
0.132875736574	0.223196881092	84	91	3	0	50	0.373134328358
0.133302873589	0.224171539961	85	91	3	0	50	0.37037037037
0.133357495885	0.223196881092	85	92	3	0	51	0.375
0.133777347114	0.223196881092	85	93	3	0	51	0.375
0.134132000388	0.223196881092	85	94	3	0	51	0.375
0.134335263119	0.223196881092	85	95	3	0	51	0.375
0.134724653324	0.222222222222	86	95	3	0	51	0.372262773723
0.135235599323	0.220272904483	86	96	3	0	53	0.381294964029
0.135851182951	0.220272904483	87	96	3	0	53	0.378571428571
0.136289948989	0.221247563353	88	96	3	0	53	0.375886524823
0.137272302272	0.222222222222	89	96	3	0	53	0.37323943662
0.139234721053	0.221247563353	89	97	3	0	54	0.377622377622
0.139537000313	0.221247563353	90	97	3	0	54	0.375
0.140215058121	0.220272904483	91	97	3	0	54	0.372413793103
0.140528743439	0.220272904483	91	98	3	0	54	0.372413793103
0.141907836273	0.219298245614	91	99	3	0	55	0.376712328767
0.141913927847	0.219298245614	91	100	3	0	55	0.376712328767
0.141959556665	0.218323586745	91	101	3	0	56	0.380952380952
0.142071247704	0.219298245614	92	101	3	0	56	0.378378378378
0.143552282328	0.220272904483	93	101	3	0	56	0.375838926174
0.14409449989	0.219298245614	93	102	3	0	57	0.38
0.144163440153	0.217348927875	93	103	3	0	59	0.388157894737
0.144533313185	0.217348927875	93	104	3	0	59	0.388157894737
0.145280461856	0.217348927875	93	105	3	0	59	0.388157894737
0.1457036821	0.218323586745	94	105	3	0	59	0.385620915033
0.145987547939	0.219298245614	95	105	3	0	59	0.383116883117
0.146636265562	0.220272904483	96	105	3	0	59	0.38064516129
0.146664199477	0.220272904483	96	106	3	0	59	0.38064516129
0.14761530999	0.219298245614	96	107	3	0	60	0.384615384615
0.149962109275	0.219298245614	96	108	3	0	60	0.384615384615
0.150030704838	0.220272904483	97	108	3	0	60	0.382165605096
0.150042963653	0.221247563353	98	108	3	0	60	0.379746835443
0.151346873331	0.220272904483	98	109	3	0	61	0.383647798742
0.151428262312	0.217348927875	98	110	3	0	64	0.395061728395
0.151672962204	0.218323586745	99	110	3	0	64	0.39263803681
0.151884429545	0.218323586745	99	111	3	0	64	0.39263803681
0.152282217994	0.218323586745	99	112	3	0	64	0.39263803681
0.15269914111	0.217348927875	99	113	3	0	65	0.396341463415
0.15343574058	0.216374269006	99	114	3	0	66	0.4
0.153937782409	0.215399610136	100	114	3	0	66	0.397590361446
0.154069042317	0.216374269006	101	114	3	0	66	0.395209580838
0.155308688852	0.216374269006	101	115	3	0	66	0.395209580838
0.156025588047	0.215399610136	102	115	3	0	66	0.392857142857
0.156386012606	0.215399610136	102	116	3	0	66	0.392857142857
0.157089267183	0.214424951267	102	117	3	0	67	0.396449704142
0.157139725368	0.214424951267	102	118	3	0	67	0.396449704142
0.157164582732	0.213450292398	102	119	3	0	68	0.4
0.157603110637	0.213450292398	102	120	3	0	68	0.4
0.157780552005	0.212475633528	103	120	3	0	68	0.397660818713
0.157787343966	0.211500974659	104	120	3	0	68	0.395348837209
0.157841150531	0.211500974659	104	121	3	0	68	0.395348837209
0.160998309854	0.211500974659	104	122	3	0	68	0.395348837209
0.161028639062	0.212475633528	105	122	3	0	68	0.393063583815
0.162896132336	0.212475633528	105	123	3	0	68	0.393063583815
0.163097393083	0.213450292398	106	123	3	0	68	0.390804597701
0.163103329842	0.214424951267	107	123	3	0	68	0.388571428571
0.16345305929	0.215399610136	108	123	3	0	68	0.386363636364
0.163552727019	0.215399610136	108	124	3	0	68	0.386363636364
0.163730113264	0.215399610136	109	124	3	0	68	0.38418079096
0.163733843873	0.215399610136	109	125	3	0	68	0.38418079096
0.164331288523	0.216374269006	110	125	3	0	68	0.38202247191
0.16688487981	0.215399610136	110	126	3	0	69	0.385474860335
0.167127085767	0.214424951267	110	127	3	0	70	0.388888888889
0.167657947699	0.213450292398	110	128	3	0	71	0.39226519337
0.169812696693	0.214424951267	111	128	3	0	71	0.39010989011
0.171653027358	0.214424951267	111	129	3	0	71	0.39010989011
0.171750848684	0.214424951267	111	130	3	0	71	0.39010989011
0.172374297989	0.214424951267	111	131	3	0	71	0.39010989011
0.174389682222	0.214424951267	111	132	3	0	71	0.39010989011
0.174765240614	0.215399610136	112	132	3	0	71	0.387978142077
0.176326317322	0.216374269006	113	132	3	0	71	0.385869565217
0.179610830184	0.215399610136	113	133	3	0	72	0.389189189189
0.179753363618	0.215399610136	113	134	3	0	72	0.389189189189
0.179929344505	0.216374269006	114	134	3	0	72	0.387096774194
0.180876206856	0.216374269006	114	135	3	0	72	0.387096774194
0.182813669205	0.215399610136	114	136	3	0	73	0.390374331551
0.184156603359	0.216374269006	115	136	3	0	73	0.38829787234
0.184712959918	0.214424951267	115	137	3	0	75	0.394736842105
0.185624257833	0.214424951267	115	138	3	0	75	0.394736842105
0.185661581765	0.215399610136	116	138	3	0	75	0.392670157068
0.185678917993	0.214424951267	116	139	3	0	76	0.395833333333
0.186183534149	0.214424951267	116	140	3	0	76	0.395833333333
0.186965901105	0.213450292398	116	141	3	0	77	0.39896373057
0.18854537419	0.213450292398	116	142	3	0	77	0.39896373057
0.188897369726	0.211500974659	116	143	3	0	79	0.405128205128
0.190915586442	0.211500974659	116	144	3	0	79	0.405128205128
0.193354064703	0.210526315789	117	144	3	0	79	0.40306122449
0.193697441976	0.210526315789	117	145	3	0	79	0.40306122449
0.194206539351	0.20955165692	118	145	3	0	79	0.401015228426
0.194354224189	0.210526315789	119	145	3	0	79	0.39898989899
0.194382937684	0.210526315789	120	145	3	0	79	0.396984924623
0.196790033381	0.210526315789	120	146	3	0	79	0.396984924623
0.196959770511	0.211500974659	121	146	3	0	79	0.395
0.197205092019	0.212475633528	122	146	3	0	79	0.393034825871
0.197776848389	0.211500974659	122	147	3	0	80	0.39603960396
0.198144761722	0.211500974659	123	147	3	0	80	0.394088669951
0.198163405536	0.212475633528	124	147	3	0	80	0.392156862745
0.199001399605	0.212475633528	125	147	3	0	80	0.390243902439
0.200229985394	0.213450292398	126	147	3	0	80	0.388349514563
0.200395451094	0.214424951267	127	147	3	0	80	0.386473429952
0.200407288029	0.213450292398	127	148	3	0	81	0.389423076923
0.20044782108	0.213450292398	127	149	3	0	81	0.389423076923
0.200967180949	0.214424951267	128	149	3	0	81	0.387559808612
0.201658660311	0.215399610136	129	149	3	0	81	0.385714285714
0.202206165415	0.216374269006	130	149	3	0	81	0.383886255924
0.203893270155	0.216374269006	130	150	3	0	81	0.383886255924
0.20573903125	0.216374269006	130	151	3	0	81	0.383886255924
0.206364067231	0.217348927875	131	151	3	0	81	0.382075471698
0.206728670368	0.216374269006	131	152	3	0	82	0.384976525822
0.206972407445	0.217348927875	132	152	3	0	82	0.383177570093
0.207087043119	0.217348927875	132	153	3	0	82	0.383177570093
0.208083925324	0.216374269006	132	154	3	0	83	0.386046511628
0.208629831743	0.215399610136	132	155	3	0	84	0.388888888889
0.208958895959	0.216374269006	133	155	3	0	84	0.387096774194
0.209398985165	0.217348927875	134	155	3	0	84	0.385321100917
0.210035283286	0.217348927875	134	156	3	0	84	0.385321100917
0.210156214365	0.218323586745	135	156	3	0	84	0.383561643836
0.210417661184	0.219298245614	136	156	3	0	84	0.381818181818
0.210419458471	0.217348927875	136	157	3	0	86	0.387387387387
0.210641338353	0.217348927875	136	158	3	0	86	0.387387387387
0.212136226867	0.217348927875	136	159	3	0	86	0.387387387387
0.212420845365	0.216374269006	136	160	3	0	87	0.390134529148
0.212727238051	0.215399610136	136	161	3	0	88	0.392857142857
0.212945640886	0.215399610136	136	162	3	0	88	0.392857142857
0.2131574875	0.215399610136	136	163	3	0	88	0.392857142857
0.213554400606	0.216374269006	137	163	3	0	88	0.391111111111
0.215022011091	0.217348927875	138	163	3	0	88	0.389380530973
0.215095317339	0.217348927875	138	164	3	0	88	0.389380530973
0.215355776443	0.217348927875	139	164	3	0	88	0.387665198238
0.216446791969	0.218323586745	140	164	3	0	88	0.385964912281
0.217616020018	0.218323586745	140	165	3	0	88	0.385964912281
0.217745753912	0.219298245614	141	165	3	0	88	0.384279475983
0.217968229795	0.218323586745	141	166	3	0	89	0.386956521739
0.218592147327	0.218323586745	141	167	3	0	89	0.386956521739
0.219368028923	0.219298245614	142	167	3	0	89	0.385281385281
0.22066628468	0.219298245614	142	168	3	0	89	0.385281385281
0.221412528237	0.220272904483	143	168	3	0	89	0.383620689655
0.223362853198	0.221247563353	144	168	3	0	89	0.381974248927
0.224930904181	0.221247563353	145	168	3	0	89	0.380341880342
0.225668816661	0.222222222222	146	168	3	0	89	0.378723404255
0.225902326248	0.223196881092	147	168	3	0	89	0.377118644068
0.226024736174	0.224171539961	148	168	3	0	89	0.37552742616
0.227234341362	0.223196881092	148	169	3	0	90	0.378151260504
0.227329562783	0.222222222222	148	170	3	0	91	0.380753138075
0.228424560381	0.222222222222	149	170	3	0	91	0.379166666667
0.228425312965	0.221247563353	149	171	3	0	92	0.381742738589
0.2289762811	0.222222222222	150	171	3	0	92	0.380165289256
0.229345596381	0.222222222222	150	172	3	0	92	0.380165289256
0.229623788325	0.223196881092	151	172	3	0	92	0.378600823045
0.22970338686	0.224171539961	152	172	3	0	92	0.377049180328
0.229721167677	0.223196881092	152	173	3	0	93	0.379591836735
0.230041531127	0.223196881092	153	173	3	0	93	0.378048780488
0.230188337518	0.221247563353	153	174	3	0	95	0.383064516129
0.230974386295	0.221247563353	153	175	3	0	95	0.383064516129
0.23170188796	0.222222222222	154	175	3	0	95	0.381526104418
0.231818973418	0.221247563353	154	176	3	0	96	0.384
0.232317134756	0.222222222222	155	176	3	0	96	0.382470119522
0.233402072058	0.223196881092	156	176	3	0	96	0.380952380952
0.233795916234	0.223196881092	156	177	3	0	96	0.380952380952
0.234154693622	0.224171539961	157	177	3	0	96	0.379446640316
0.234219680944	0.223196881092	157	178	3	0	97	0.38188976378
0.234614603898	0.224171539961	158	178	3	0	97	0.380392156863
0.234621410327	0.224171539961	158	179	3	0	97	0.380392156863
0.235023796186	0.22514619883	159	179	3	0	97	0.37890625
0.235748412905	0.2261208577	160	179	3	0	97	0.377431906615
0.236019321359	0.227095516569	161	179	3	0	97	0.375968992248
0.236710893025	0.228070175439	162	179	3	0	97	0.374517374517
0.237526415334	0.228070175439	162	180	3	0	97	0.374517374517
0.237568490536	0.228070175439	162	181	3	0	97	0.374517374517
0.23791794739	0.229044834308	163	181	3	0	97	0.373076923077
0.238420214243	0.229044834308	164	181	3	0	97	0.371647509579
0.238956311356	0.229044834308	164	182	3	0	97	0.371647509579
0.239125607155	0.227095516569	164	183	3	0	99	0.376425855513
0.240126696567	0.2261208577	164	184	3	0	100	0.378787878788
0.240195651241	0.224171539961	164	185	3	0	102	0.383458646617
0.242222038658	0.22514619883	165	185	3	0	102	0.38202247191
0.242293796581	0.224171539961	165	186	3	0	103	0.384328358209
0.242592016751	0.22514619883	166	186	3	0	103	0.382899628253
0.2434751413	0.2261208577	167	186	3	0	103	0.381481481481
0.24414100356	0.2261208577	168	186	3	0	103	0.380073800738
0.245468242683	0.227095516569	169	186	3	0	103	0.378676470588
0.246420423555	0.227095516569	170	186	3	0	103	0.377289377289
0.246732823894	0.22514619883	170	187	3	0	105	0.381818181818
0.246750557824	0.2261208577	171	187	3	0	105	0.380434782609
0.246800467973	0.227095516569	172	187	3	0	105	0.379061371841
0.246854553325	0.227095516569	172	188	3	0	105	0.379061371841
0.247871294643	0.227095516569	172	189	3	0	105	0.379061371841
0.248290012909	0.227095516569	173	189	3	0	105	0.377697841727
0.24888156028	0.228070175439	174	189	3	0	105	0.376344086022
0.250238514127	0.229044834308	175	189	3	0	105	0.375
0.250421399957	0.230019493177	176	189	3	0	105	0.373665480427
0.250672933757	0.230994152047	177	189	3	0	105	0.372340425532
0.251302412069	0.231968810916	178	189	3	0	105	0.371024734982
0.251655328575	0.231968810916	178	190	3	0	105	0.371024734982
0.251687623006	0.232943469786	179	190	3	0	105	0.369718309859
0.252065045676	0.233918128655	180	190	3	0	105	0.368421052632
0.254756723884	0.234892787524	181	190	3	0	105	0.367132867133
0.254864247693	0.235867446394	182	190	3	0	105	0.365853658537
0.254874957146	0.235867446394	182	191	3	0	105	0.365853658537
0.25505927365	0.235867446394	182	192	3	0	105	0.365853658537
0.255062694134	0.236842105263	183	192	3	0	105	0.364583333333
0.256112552118	0.236842105263	183	193	3	0	105	0.364583333333
0.256279701178	0.236842105263	184	193	3	0	105	0.363321799308
0.256328845961	0.235867446394	185	193	3	0	105	0.362068965517
0.256676635051	0.234892787524	185	194	3	0	106	0.364261168385
0.258500913519	0.234892787524	185	195	3	0	106	0.364261168385
0.258736298151	0.233918128655	185	196	3	0	107	0.366438356164
0.259039859103	0.233918128655	185	197	3	0	107	0.366438356164
0.2593213918	0.232943469786	186	197	3	0	107	0.365187713311
0.2595609701	0.231968810916	186	198	3	0	108	0.367346938776
0.259647102949	0.232943469786	187	198	3	0	108	0.366101694915
0.260722427775	0.233918128655	188	198	3	0	108	0.364864864865
0.260879187253	0.232943469786	188	199	3	0	109	0.367003367003
0.26118079983	0.233918128655	189	199	3	0	109	0.365771812081
0.261712773695	0.234892787524	190	199	3	0	109	0.364548494983
0.262003999382	0.235867446394	191	199	3	0	109	0.363333333333
0.262216372107	0.235867446394	191	200	3	0	109	0.363333333333
0.263259605933	0.233918128655	191	201	3	0	111	0.367549668874
0.263872027292	0.233918128655	191	202	3	0	111	0.367549668874
0.264048752329	0.234892787524	192	202	3	0	111	0.366336633663
0.265141270611	0.233918128655	193	202	3	0	111	0.365131578947
0.26559838829	0.234892787524	194	202	3	0	111	0.36393442623
0.26618046053	0.235867446394	195	202	3	0	111	0.362745098039
0.266908187849	0.235867446394	195	203	3	0	111	0.362745098039
0.268673104445	0.236842105263	196	203	3	0	111	0.361563517915
0.268917776	0.236842105263	196	204	3	0	111	0.361563517915
0.269171952111	0.233918128655	196	205	3	0	114	0.367741935484
0.269506800424	0.232943469786	196	206	3	0	115	0.369774919614
0.270105037813	0.233918128655	197	206	3	0	115	0.36858974359
0.270115077303	0.232943469786	198	206	3	0	115	0.367412140575
0.270249718006	0.233918128655	199	206	3	0	115	0.366242038217
0.271019575485	0.233918128655	199	207	3	0	115	0.366242038217
0.271962259916	0.234892787524	200	207	3	0	115	0.365079365079
0.27234293601	0.234892787524	201	207	3	0	115	0.363924050633
0.273094817357	0.235867446394	202	207	3	0	115	0.362776025237
0.273222923088	0.236842105263	203	207	3	0	115	0.361635220126
0.273333969505	0.234892787524	203	208	3	0	117	0.365625
0.274259182954	0.232943469786	203	209	3	0	119	0.369565217391
0.274623963448	0.230019493177	203	210	3	0	122	0.375384615385
0.275232661035	0.230994152047	204	210	3	0	122	0.374233128834
0.275311812596	0.231968810916	205	210	3	0	122	0.373088685015
0.275766846464	0.232943469786	206	210	3	0	122	0.371951219512
0.275829754019	0.233918128655	207	210	3	0	122	0.370820668693
0.276262967949	0.234892787524	208	210	3	0	122	0.369696969697
0.276732680037	0.235867446394	209	210	3	0	122	0.368580060423
0.276883235956	0.236842105263	210	210	3	0	122	0.367469879518
0.277495581654	0.236842105263	211	210	3	0	122	0.366366366366
0.278665577262	0.235867446394	211	211	3	0	123	0.368263473054
0.278929031697	0.236842105263	212	211	3	0	123	0.367164179104
0.280565903445	0.237816764133	213	211	3	0	123	0.366071428571
0.280746916649	0.237816764133	213	212	3	0	123	0.366071428571
0.28113038744	0.237816764133	213	213	3	0	123	0.366071428571
0.281291660523	0.237816764133	213	214	3	0	123	0.366071428571
0.282076226709	0.237816764133	214	214	3	0	123	0.364985163205
0.28401462013	0.238791423002	215	214	3	0	123	0.363905325444
0.284250552015	0.236842105263	215	215	3	0	125	0.367647058824
0.284496936737	0.236842105263	215	216	3	0	125	0.367647058824
0.285208263743	0.237816764133	216	216	3	0	125	0.366568914956
0.285707394769	0.238791423002	217	216	3	0	125	0.365497076023
0.288162734316	0.237816764133	217	217	3	0	126	0.367346938776
0.292773939309	0.237816764133	217	218	3	0	126	0.367346938776
0.294059110392	0.236842105263	217	219	3	0	127	0.369186046512
0.294696515472	0.236842105263	217	220	3	0	127	0.369186046512
0.297467156203	0.236842105263	217	221	3	0	127	0.369186046512
0.298229666377	0.236842105263	217	222	3	0	127	0.369186046512
0.299007700846	0.235867446394	217	223	3	0	128	0.371014492754
0.299951196773	0.236842105263	218	223	3	0	128	0.369942196532
0.30019571323	0.235867446394	218	224	3	0	129	0.371757925072
0.300243961099	0.235867446394	219	224	3	0	129	0.370689655172
0.30058992261	0.235867446394	220	224	3	0	129	0.369627507163
0.302174154839	0.236842105263	221	224	3	0	129	0.368571428571
0.303332267108	0.235867446394	221	225	3	0	130	0.37037037037
0.303983453001	0.236842105263	222	225	3	0	130	0.369318181818
0.304136588751	0.236842105263	223	225	3	0	130	0.368271954674
0.306362652198	0.236842105263	223	226	3	0	130	0.368271954674
0.306389276428	0.236842105263	223	227	3	0	130	0.368271954674
0.306661117685	0.237816764133	224	227	3	0	130	0.367231638418
0.308078355755	0.236842105263	224	228	3	0	131	0.369014084507
0.308728621459	0.235867446394	224	229	3	0	132	0.370786516854
0.311395974121	0.236842105263	225	229	3	0	132	0.36974789916
0.311676008384	0.234892787524	225	230	3	0	134	0.373259052925
0.311793012176	0.235867446394	226	230	3	0	134	0.372222222222
0.313416888084	0.234892787524	226	231	3	0	135	0.373961218837
0.313973395251	0.235867446394	227	231	3	0	135	0.372928176796
0.314224742481	0.234892787524	228	231	3	0	135	0.371900826446
0.314630941674	0.235867446394	229	231	3	0	135	0.370879120879
0.314673794573	0.234892787524	229	232	3	0	136	0.372602739726
0.31485927406	0.234892787524	229	233	3	0	136	0.372602739726
0.315229552284	0.234892787524	229	234	3	0	136	0.372602739726
0.317766168475	0.234892787524	229	235	3	0	136	0.372602739726
0.318764403945	0.235867446394	230	235	3	0	136	0.371584699454
0.318994407007	0.233918128655	230	236	3	0	138	0.375
0.319385011609	0.234892787524	231	236	3	0	138	0.373983739837
0.319578560409	0.232943469786	231	237	3	0	140	0.377358490566
0.321716211049	0.233918128655	232	237	3	0	140	0.376344086022
0.322746064299	0.233918128655	233	237	3	0	140	0.375335120643
0.32408830128	0.233918128655	234	237	3	0	140	0.374331550802
0.324560361736	0.233918128655	234	238	3	0	140	0.374331550802
0.324847839997	0.234892787524	235	238	3	0	140	0.373333333333
0.326903927541	0.232943469786	235	239	3	0	142	0.376657824934
0.327306528374	0.230019493177	235	240	3	0	145	0.381578947368
0.327850332436	0.229044834308	235	241	3	0	146	0.383202099738
0.327968861747	0.229044834308	236	241	3	0	146	0.38219895288
0.328024319954	0.230019493177	237	241	3	0	146	0.381201044386
0.329941570591	0.229044834308	237	242	3	0	147	0.3828125
0.330142659057	0.229044834308	237	243	3	0	147	0.3828125
0.330710608945	0.229044834308	237	244	3	0	147	0.3828125
0.331354130997	0.229044834308	237	245	3	0	147	0.3828125
0.331460595118	0.227095516569	237	246	3	0	149	0.386010362694
0.331499815118	0.22514619883	237	247	3	0	151	0.389175257732
0.332100462881	0.22514619883	237	248	3	0	151	0.389175257732
0.332612503411	0.22514619883	237	249	3	0	151	0.389175257732
0.33273666036	0.2261208577	238	249	3	0	151	0.388174807198
0.333888856674	0.227095516569	239	249	3	0	151	0.387179487179
0.334279739006	0.2261208577	239	250	3	0	152	0.388746803069
0.334613760398	0.2261208577	239	251	3	0	152	0.388746803069
0.335227821237	0.2261208577	239	252	3	0	152	0.388746803069
0.335654369195	0.2261208577	239	253	3	0	152	0.388746803069
0.336651780026	0.227095516569	240	253	3	0	152	0.387755102041
0.337065995326	0.2261208577	240	254	3	0	153	0.389312977099
0.339150387785	0.224171539961	240	255	3	0	155	0.392405063291
0.339676629005	0.22514619883	241	255	3	0	155	0.391414141414
0.339807121495	0.2261208577	242	255	3	0	155	0.390428211587
0.339976362832	0.227095516569	243	255	3	0	155	0.389447236181
0.340033430106	0.227095516569	243	256	3	0	155	0.389447236181
0.340401460681	0.2261208577	243	257	3	0	156	0.390977443609
0.340753596114	0.224171539961	243	258	3	0	158	0.394014962594
0.341734663689	0.22514619883	244	258	3	0	158	0.393034825871
0.343224664539	0.224171539961	244	259	3	0	159	0.394540942928
0.343480623005	0.223196881092	244	260	3	0	160	0.39603960396
0.343976924595	0.224171539961	245	260	3	0	160	0.395061728395
0.344243165247	0.22514619883	246	260	3	0	160	0.394088669951
0.344892471291	0.2261208577	247	260	3	0	160	0.39312039312
0.347459010083	0.2261208577	247	261	3	0	160	0.39312039312
0.348299072439	0.2261208577	248	261	3	0	160	0.392156862745
0.349093347596	0.22514619883	248	262	3	0	161	0.393643031785
0.349149416504	0.2261208577	249	262	3	0	161	0.392682926829
0.349522018923	0.227095516569	250	262	3	0	161	0.391727493917
0.350059520074	0.228070175439	251	262	3	0	161	0.390776699029
0.350077984181	0.227095516569	251	263	3	0	162	0.392251815981
0.352260153771	0.227095516569	252	263	3	0	162	0.391304347826
0.352452049604	0.227095516569	252	264	3	0	162	0.391304347826
0.352802732867	0.227095516569	252	265	3	0	162	0.391304347826
0.354389328019	0.227095516569	252	266	3	0	162	0.391304347826
0.354464487806	0.228070175439	253	266	3	0	162	0.390361445783
0.354529045838	0.229044834308	254	266	3	0	162	0.389423076923
0.356660352894	0.227095516569	254	267	3	0	164	0.392344497608
0.357502791211	0.2261208577	255	267	3	0	164	0.391408114558
0.360219237825	0.227095516569	256	267	3	0	164	0.390476190476
0.361572647127	0.22514619883	256	268	3	0	166	0.39336492891
0.361695428457	0.2261208577	257	268	3	0	166	0.39243498818
0.361779445743	0.227095516569	258	268	3	0	166	0.391509433962
0.363133145967	0.2261208577	258	269	3	0	167	0.392941176471
0.363691889609	0.2261208577	258	270	3	0	167	0.392941176471
0.364727543133	0.2261208577	258	271	3	0	167	0.392941176471
0.365789847133	0.22514619883	258	272	3	0	168	0.394366197183
0.366417098552	0.224171539961	258	273	3	0	169	0.395784543326
0.36710261279	0.223196881092	258	274	3	0	170	0.397196261682
0.371528361708	0.224171539961	259	274	3	0	170	0.39627039627
0.372141160673	0.224171539961	259	275	3	0	170	0.39627039627
0.372746512457	0.223196881092	259	276	3	0	171	0.397674418605
0.372821271057	0.222222222222	259	277	3	0	172	0.399071925754
0.372831074493	0.222222222222	259	278	3	0	172	0.399071925754
0.37325009393	0.222222222222	259	279	3	0	172	0.399071925754
0.375760983138	0.222222222222	259	280	3	0	172	0.399071925754
0.376121230738	0.221247563353	259	281	3	0	173	0.400462962963
0.376540019636	0.219298245614	259	282	3	0	175	0.403225806452
0.382124539144	0.219298245614	260	282	3	0	175	0.402298850575
0.383556067914	0.219298245614	260	283	3	0	175	0.402298850575
0.384655467782	0.217348927875	260	284	3	0	177	0.405034324943
0.385922160512	0.217348927875	260	285	3	0	177	0.405034324943
0.386114916647	0.218323586745	261	285	3	0	177	0.404109589041
0.386847085768	0.218323586745	261	286	3	0	177	0.404109589041
0.387311677769	0.216374269006	261	287	3	0	179	0.406818181818
0.387344915527	0.217348927875	262	287	3	0	179	0.40589569161
0.387736023862	0.218323586745	263	287	3	0	179	0.404977375566
0.389116883346	0.219298245614	264	287	3	0	179	0.404063205418
0.390075977678	0.220272904483	265	287	3	0	179	0.403153153153
0.391401821122	0.221247563353	266	287	3	0	179	0.402247191011
0.391607114124	0.222222222222	267	287	3	0	179	0.40134529148
0.392190743824	0.221247563353	267	288	3	0	180	0.402684563758
0.393618045805	0.222222222222	268	288	3	0	180	0.401785714286
0.3939285389	0.220272904483	268	289	3	0	182	0.404444444444
0.393991924068	0.221247563353	269	289	3	0	182	0.40354767184
0.395080451572	0.222222222222	270	289	3	0	182	0.402654867257
0.395189359752	0.223196881092	271	289	3	0	182	0.401766004415
0.395765940417	0.221247563353	271	290	3	0	184	0.404395604396
0.395783033724	0.221247563353	271	291	3	0	184	0.404395604396
0.396436834632	0.222222222222	272	291	3	0	184	0.40350877193
0.397177438124	0.222222222222	272	292	3	0	184	0.40350877193
0.397245110349	0.223196881092	273	292	3	0	184	0.402625820569
0.397656912452	0.221247563353	273	293	3	0	186	0.40522875817
0.397894339559	0.221247563353	273	294	3	0	186	0.40522875817
0.398054607851	0.222222222222	274	294	3	0	186	0.404347826087
0.398908724371	0.220272904483	274	295	3	0	188	0.406926406926
0.399037933215	0.218323586745	274	296	3	0	190	0.409482758621
0.39985150772	0.216374269006	274	297	3	0	192	0.412017167382
0.40163856028	0.217348927875	275	297	3	0	192	0.41113490364
0.401961383112	0.217348927875	276	297	3	0	192	0.410256410256
0.403457238423	0.216374269006	276	298	3	0	193	0.411513859275
0.403608708285	0.216374269006	276	299	3	0	193	0.411513859275
0.404130073763	0.217348927875	277	299	3	0	193	0.410638297872
0.404447647062	0.215399610136	277	300	3	0	195	0.41313559322
0.404486021228	0.216374269006	278	300	3	0	195	0.412262156448
0.40461944533	0.216374269006	279	300	3	0	195	0.411392405063
0.404628924279	0.216374269006	279	301	3	0	195	0.411392405063
0.404754032128	0.215399610136	279	302	3	0	196	0.412631578947
0.405122266308	0.216374269006	280	302	3	0	196	0.411764705882
0.405274431154	0.216374269006	280	303	3	0	196	0.411764705882
0.405659561184	0.217348927875	281	303	3	0	196	0.410901467505
0.407156052402	0.217348927875	281	304	3	0	196	0.410901467505
0.40750208265	0.216374269006	282	304	3	0	196	0.410041841004
0.40751998782	0.216374269006	282	305	3	0	196	0.410041841004
0.407684132373	0.217348927875	283	305	3	0	196	0.409185803758
0.407693923568	0.218323586745	284	305	3	0	196	0.408333333333
0.410219482632	0.219298245614	285	305	3	0	196	0.407484407484
0.410891692314	0.220272904483	286	305	3	0	196	0.406639004149
0.411282368795	0.221247563353	287	305	3	0	196	0.405797101449
0.411610946471	0.221247563353	287	306	3	0	196	0.405797101449
0.41163084905	0.220272904483	287	307	3	0	197	0.407024793388
0.414800622343	0.221247563353	288	307	3	0	197	0.40618556701
0.415092872136	0.222222222222	289	307	3	0	197	0.405349794239
0.416554915829	0.223196881092	290	307	3	0	197	0.404517453799
0.416778224677	0.224171539961	291	307	3	0	197	0.40368852459
0.417316573276	0.224171539961	291	308	3	0	197	0.40368852459
0.417943093688	0.223196881092	292	308	3	0	197	0.402862985685
0.418460152817	0.224171539961	293	308	3	0	197	0.402040816327
0.419645661551	0.223196881092	293	309	3	0	198	0.403258655804
0.419841226328	0.223196881092	293	310	3	0	198	0.403258655804
0.420284479428	0.223196881092	293	311	3	0	198	0.403258655804
0.420990439092	0.224171539961	294	311	3	0	198	0.40243902439
0.421100633415	0.224171539961	294	312	3	0	198	0.40243902439
0.421152433146	0.223196881092	294	313	3	0	199	0.403651115619
0.422035924167	0.222222222222	295	313	3	0	199	0.402834008097
0.42261054981	0.223196881092	296	313	3	0	199	0.40202020202
0.42410381178	0.223196881092	296	314	3	0	199	0.40202020202
0.424501762909	0.224171539961	297	314	3	0	199	0.401209677419
0.424630396546	0.224171539961	297	315	3	0	199	0.401209677419
0.425378290896	0.22514619883	298	315	3	0	199	0.400402414487
0.425980485234	0.2261208577	299	315	3	0	199	0.399598393574
0.426128554103	0.22514619883	299	316	3	0	200	0.400801603206
0.426134758136	0.22514619883	300	316	3	0	200	0.4
0.426682511317	0.223196881092	300	317	3	0	202	0.402390438247
0.427662262801	0.221247563353	300	318	3	0	204	0.404761904762
0.4286636442	0.221247563353	300	319	3	0	204	0.404761904762
0.431589040002	0.222222222222	301	319	3	0	204	0.40396039604
0.431639607447	0.222222222222	301	320	3	0	204	0.40396039604
0.433507943764	0.219298245614	301	321	3	0	207	0.407480314961
0.433548923253	0.220272904483	302	321	3	0	207	0.406679764244
0.435043209095	0.219298245614	302	322	3	0	208	0.407843137255
0.435254599688	0.220272904483	303	322	3	0	208	0.407045009785
0.435319939568	0.220272904483	303	323	3	0	208	0.407045009785
0.435646949171	0.221247563353	304	323	3	0	208	0.40625
0.435932941039	0.221247563353	304	324	3	0	208	0.40625
0.436786057732	0.222222222222	305	324	3	0	208	0.405458089669
0.43754115771	0.222222222222	306	324	3	0	208	0.4046692607
0.437993683314	0.223196881092	307	324	3	0	208	0.403883495146
0.439663601719	0.224171539961	308	324	3	0	208	0.403100775194
0.440484733059	0.224171539961	309	324	3	0	208	0.402321083172
0.440503884103	0.223196881092	310	324	3	0	208	0.401544401544
0.44199038049	0.223196881092	310	325	3	0	208	0.401544401544
0.442387113968	0.224171539961	311	325	3	0	208	0.400770712909
0.442768341165	0.22514619883	312	325	3	0	208	0.4
0.444101712722	0.2261208577	313	325	3	0	208	0.399232245681
0.444500886232	0.227095516569	314	325	3	0	208	0.39846743295
0.44533185981	0.228070175439	315	325	3	0	208	0.397705544933
0.445402125584	0.227095516569	316	325	3	0	208	0.396946564885
0.446782642911	0.227095516569	316	326	3	0	208	0.396946564885
0.447969178844	0.228070175439	317	326	3	0	208	0.39619047619
0.448565136795	0.229044834308	318	326	3	0	208	0.395437262357
0.449881966552	0.229044834308	318	327	3	0	208	0.395437262357
0.450225721718	0.229044834308	318	328	3	0	208	0.395437262357
0.450273954688	0.230019493177	319	328	3	0	208	0.394686907021
0.45176747288	0.228070175439	319	329	3	0	210	0.396975425331
0.451966570941	0.227095516569	319	330	3	0	211	0.398113207547
0.452086021778	0.2261208577	319	331	3	0	212	0.399246704331
0.452240867761	0.2261208577	320	331	3	0	212	0.398496240602
0.452707408337	0.22514619883	320	332	3	0	213	0.399624765478
0.453108222756	0.22514619883	320	333	3	0	213	0.399624765478
0.454309469184	0.22514619883	320	334	3	0	213	0.399624765478
0.45445097465	0.22514619883	321	334	3	0	213	0.398876404494
0.45568108293	0.22514619883	321	335	3	0	213	0.398876404494
0.457692093765	0.22514619883	321	336	3	0	213	0.398876404494
0.458064330858	0.2261208577	322	336	3	0	213	0.398130841121
0.458399740103	0.227095516569	323	336	3	0	213	0.397388059701
0.459012411686	0.228070175439	324	336	3	0	213	0.396648044693
0.461344153177	0.2261208577	324	337	3	0	215	0.398886827458
0.462017338292	0.227095516569	325	337	3	0	215	0.398148148148
0.462744468697	0.22514619883	325	338	3	0	217	0.40036900369
0.463504734123	0.224171539961	325	339	3	0	218	0.401473296501
0.463706950479	0.22514619883	326	339	3	0	218	0.400735294118
0.46399865629	0.2261208577	327	339	3	0	218	0.4
0.46553019267	0.227095516569	328	339	3	0	218	0.399267399267
0.465705448766	0.2261208577	328	340	3	0	219	0.400365630713
0.465948818256	0.227095516569	329	340	3	0	219	0.399635036496
0.467195545914	0.22514619883	329	341	3	0	221	0.401818181818
0.467854590576	0.2261208577	330	341	3	0	221	0.40108892922
0.468939447048	0.227095516569	331	341	3	0	221	0.400362318841
0.468946429725	0.227095516569	331	342	3	0	221	0.400362318841
0.469150751624	0.228070175439	332	342	3	0	221	0.399638336347
0.469510801102	0.227095516569	332	343	3	0	222	0.400722021661
0.469766670161	0.227095516569	332	344	3	0	222	0.400722021661
0.471862035779	0.228070175439	333	344	3	0	222	0.4
0.472145219247	0.227095516569	333	345	3	0	223	0.401079136691
0.474737118138	0.227095516569	333	346	3	0	223	0.401079136691
0.475545893967	0.228070175439	334	346	3	0	223	0.400359066427
0.477023458212	0.229044834308	335	346	3	0	223	0.399641577061
0.477042631515	0.230019493177	336	346	3	0	223	0.398926654741
0.477132973755	0.230994152047	337	346	3	0	223	0.398214285714
0.477506105007	0.230994152047	337	347	3	0	223	0.398214285714
0.478006064958	0.228070175439	337	348	3	0	226	0.401420959147
0.47850583217	0.229044834308	338	348	3	0	226	0.400709219858
0.478717354225	0.228070175439	338	349	3	0	227	0.401769911504
0.479412028678	0.2261208577	338	350	3	0	229	0.403880070547
0.479887265375	0.22514619883	338	351	3	0	230	0.404929577465
0.481372650011	0.2261208577	339	351	3	0	230	0.404217926186
0.482534290938	0.2261208577	339	352	3	0	230	0.404217926186
0.483246352109	0.2261208577	339	353	3	0	230	0.404217926186
0.48409072513	0.227095516569	340	353	3	0	230	0.40350877193
0.484969746186	0.2261208577	340	354	3	0	231	0.404553415061
0.485629159528	0.22514619883	340	355	3	0	232	0.405594405594
0.486683724878	0.2261208577	341	355	3	0	232	0.404886561955
0.487155331709	0.227095516569	342	355	3	0	232	0.404181184669
0.487876972536	0.228070175439	343	355	3	0	232	0.40347826087
0.489061893242	0.2261208577	343	356	3	0	234	0.40554592721
0.490249501182	0.227095516569	344	356	3	0	234	0.404844290657
0.490324293104	0.228070175439	345	356	3	0	234	0.40414507772
0.4904808247	0.227095516569	345	357	3	0	235	0.405172413793
0.491608884183	0.228070175439	346	357	3	0	235	0.404475043029
0.49226218645	0.229044834308	347	357	3	0	235	0.403780068729
0.492279314279	0.227095516569	347	358	3	0	237	0.405821917808
0.492497756796	0.227095516569	347	359	3	0	237	0.405821917808
0.493555165417	0.227095516569	347	360	3	0	237	0.405821917808
0.494489629707	0.22514619883	347	361	3	0	239	0.407849829352
0.496065258014	0.22514619883	347	362	3	0	239	0.407849829352
0.496109213428	0.224171539961	347	363	3	0	240	0.408858603066
0.496267033164	0.223196881092	347	364	3	0	241	0.409863945578
0.497462921481	0.224171539961	348	364	3	0	241	0.409168081494
0.497529395808	0.224171539961	348	365	3	0	241	0.409168081494
0.498070833553	0.223196881092	348	366	3	0	242	0.410169491525
0.498941037062	0.224171539961	349	366	3	0	242	0.409475465313
0.500668926481	0.22514619883	350	366	3	0	242	0.408783783784
0.500748054326	0.2261208577	351	366	3	0	242	0.408094435076
0.501534418028	0.2261208577	352	366	3	0	242	0.407407407407
0.501565215322	0.227095516569	353	366	3	0	242	0.406722689076
0.50248979725	0.2261208577	353	367	3	0	243	0.407718120805
0.502939463694	0.227095516569	354	367	3	0	243	0.407035175879
0.503806134397	0.228070175439	355	367	3	0	243	0.40635451505
0.504662173916	0.227095516569	355	368	3	0	244	0.40734557596
0.50514816318	0.227095516569	356	368	3	0	244	0.406666666667
0.505228712242	0.227095516569	356	369	3	0	244	0.406666666667
0.505329631423	0.228070175439	357	369	3	0	244	0.405990016639
0.505869464119	0.227095516569	357	370	3	0	245	0.406976744186
0.506591168017	0.227095516569	358	370	3	0	245	0.406301824212
0.506681959605	0.228070175439	359	370	3	0	245	0.405629139073
0.506860078067	0.2261208577	359	371	3	0	247	0.407590759076
0.508195929555	0.2261208577	359	372	3	0	247	0.407590759076
0.508640179474	0.224171539961	359	373	3	0	249	0.409539473684
0.509678775979	0.222222222222	359	374	3	0	251	0.411475409836
0.510623622722	0.222222222222	360	374	3	0	251	0.410801963993
0.5120204314	0.221247563353	360	375	3	0	252	0.411764705882
0.512492732749	0.219298245614	360	376	3	0	254	0.413680781759
0.513098566071	0.219298245614	361	376	3	0	254	0.413008130081
0.514345443276	0.219298245614	361	377	3	0	254	0.413008130081
0.515057357907	0.219298245614	361	378	3	0	254	0.413008130081
0.516501068308	0.219298245614	361	379	3	0	254	0.413008130081
0.518014734435	0.219298245614	361	380	3	0	254	0.413008130081
0.518175767795	0.220272904483	362	380	3	0	254	0.412337662338
0.518332240498	0.220272904483	362	381	3	0	254	0.412337662338
0.519480993505	0.219298245614	362	382	3	0	255	0.413290113452
0.519672485995	0.219298245614	362	383	3	0	255	0.413290113452
0.51967910199	0.218323586745	362	384	3	0	256	0.414239482201
0.522681105257	0.216374269006	362	385	3	0	258	0.416129032258
0.523143095389	0.217348927875	363	385	3	0	258	0.415458937198
0.523224777273	0.217348927875	363	386	3	0	258	0.415458937198
0.523659812479	0.218323586745	364	386	3	0	258	0.414790996785
0.523666782242	0.217348927875	364	387	3	0	259	0.415730337079
0.525525955214	0.218323586745	365	387	3	0	259	0.415064102564
0.527712854138	0.218323586745	365	388	3	0	259	0.415064102564
0.528990998456	0.218323586745	365	389	3	0	259	0.415064102564
0.529466107873	0.218323586745	365	390	3	0	259	0.415064102564
0.529501720358	0.219298245614	366	390	3	0	259	0.4144
0.530587289411	0.220272904483	367	390	3	0	259	0.413738019169
0.530705817267	0.220272904483	367	391	3	0	259	0.413738019169
0.531562780363	0.219298245614	367	392	3	0	260	0.414673046252
0.532637515879	0.217348927875	367	393	3	0	262	0.41653418124
0.533810980223	0.218323586745	368	393	3	0	262	0.415873015873
0.534727551442	0.218323586745	368	394	3	0	262	0.415873015873
0.534755251572	0.218323586745	369	394	3	0	262	0.415213946117
0.534918150174	0.219298245614	370	394	3	0	262	0.414556962025
0.536040286484	0.220272904483	371	394	3	0	262	0.413902053712
0.536481744999	0.219298245614	371	395	3	0	263	0.414826498423
0.537145385607	0.220272904483	372	395	3	0	263	0.414173228346
0.537511154318	0.220272904483	372	396	3	0	263	0.414173228346
0.538951333074	0.220272904483	372	397	3	0	263	0.414173228346
0.539516269079	0.217348927875	372	398	3	0	266	0.416927899687
0.540148516757	0.218323586745	373	398	3	0	266	0.41627543036
0.540641601593	0.218323586745	373	399	3	0	266	0.41627543036
0.540680463543	0.217348927875	373	400	3	0	267	0.4171875
0.540958555135	0.216374269006	373	401	3	0	268	0.418096723869
0.543689666927	0.216374269006	373	402	3	0	268	0.418096723869
0.544308385835	0.215399610136	373	403	3	0	269	0.419003115265
0.54511571196	0.213450292398	373	404	3	0	271	0.420807453416
0.546575128447	0.213450292398	373	405	3	0	271	0.420807453416
0.546668638724	0.213450292398	374	405	3	0	271	0.42015503876
0.546749097558	0.212475633528	374	406	3	0	272	0.421052631579
0.546851556396	0.213450292398	375	406	3	0	272	0.420401854714
0.547897255796	0.211500974659	375	407	3	0	274	0.42218798151
0.548729466696	0.211500974659	375	408	3	0	274	0.42218798151
0.548778103322	0.212475633528	376	408	3	0	274	0.421538461538
0.549458318973	0.212475633528	376	409	3	0	274	0.421538461538
0.549795453313	0.212475633528	376	410	3	0	274	0.421538461538
0.550572157873	0.212475633528	376	411	3	0	274	0.421538461538
0.550893744278	0.212475633528	376	412	3	0	274	0.421538461538
0.550899394742	0.212475633528	376	413	3	0	274	0.421538461538
0.552285231729	0.213450292398	377	413	3	0	274	0.42089093702
0.552461677936	0.213450292398	377	414	3	0	274	0.42089093702
0.553044859975	0.213450292398	377	415	3	0	274	0.42089093702
0.55351247444	0.212475633528	378	415	3	0	274	0.420245398773
0.55448751238	0.212475633528	378	416	3	0	274	0.420245398773
0.555094750577	0.211500974659	378	417	3	0	275	0.42113323124
0.556515038193	0.211500974659	379	417	3	0	275	0.420489296636
0.557075571872	0.211500974659	380	417	3	0	275	0.419847328244
0.557513203309	0.210526315789	380	418	3	0	276	0.420731707317
0.557541034537	0.211500974659	381	418	3	0	276	0.420091324201
0.56063085878	0.212475633528	382	418	3	0	276	0.419452887538
0.561204415178	0.212475633528	382	419	3	0	276	0.419452887538
0.56146437799	0.213450292398	383	419	3	0	276	0.418816388467
0.562180954402	0.214424951267	384	419	3	0	276	0.418181818182
0.56219807994	0.214424951267	384	420	3	0	276	0.418181818182
0.562630567672	0.214424951267	384	421	3	0	276	0.418181818182
0.562724885783	0.212475633528	384	422	3	0	278	0.419939577039
0.562749545942	0.212475633528	384	423	3	0	278	0.419939577039
0.563241527734	0.213450292398	385	423	3	0	278	0.419306184012
0.563901733567	0.214424951267	386	423	3	0	278	0.418674698795
0.565426220341	0.214424951267	386	424	3	0	278	0.418674698795
0.565634341981	0.215399610136	387	424	3	0	278	0.418045112782
0.566084028339	0.216374269006	388	424	3	0	278	0.417417417417
0.566427162208	0.215399610136	388	425	3	0	279	0.418290854573
0.567356862168	0.216374269006	389	425	3	0	279	0.417664670659
0.568442982571	0.215399610136	389	426	3	0	280	0.418535127055
0.56934843397	0.213450292398	389	427	3	0	282	0.420268256334
0.573858874611	0.213450292398	389	428	3	0	282	0.420268256334
0.574262696084	0.213450292398	389	429	3	0	282	0.420268256334
0.574650284595	0.213450292398	389	430	3	0	282	0.420268256334
0.575458263367	0.214424951267	390	430	3	0	282	0.419642857143
0.5758545523	0.213450292398	390	431	3	0	283	0.420505200594
0.576361693501	0.212475633528	391	431	3	0	283	0.419881305638
0.576921861583	0.213450292398	392	431	3	0	283	0.419259259259
0.576973339238	0.211500974659	392	432	3	0	285	0.420974889217
0.579945598149	0.211500974659	392	433	3	0	285	0.420974889217
0.580032260598	0.212475633528	393	433	3	0	285	0.420353982301
0.581784409539	0.212475633528	393	434	3	0	285	0.420353982301
0.58247054151	0.213450292398	394	434	3	0	285	0.419734904271
0.582509488954	0.213450292398	395	434	3	0	285	0.419117647059
0.584140835922	0.214424951267	396	434	3	0	285	0.418502202643
0.584212206018	0.215399610136	397	434	3	0	285	0.41788856305
0.58504882804	0.215399610136	397	435	3	0	285	0.41788856305
0.58551961473	0.216374269006	398	435	3	0	285	0.417276720351
0.587193993246	0.217348927875	399	435	3	0	285	0.416666666667
0.588711409237	0.216374269006	400	435	3	0	285	0.416058394161
0.589237689825	0.217348927875	401	435	3	0	285	0.415451895044
0.589549485431	0.215399610136	401	436	3	0	287	0.417151162791
0.589560373761	0.216374269006	402	436	3	0	287	0.416545718433
0.591005517942	0.216374269006	402	437	3	0	287	0.416545718433
0.591263236223	0.217348927875	403	437	3	0	287	0.415942028986
0.593084787187	0.217348927875	403	438	3	0	287	0.415942028986
0.594493965508	0.217348927875	404	438	3	0	287	0.415340086831
0.594956128638	0.216374269006	404	439	3	0	288	0.416184971098
0.596855233822	0.214424951267	404	440	3	0	290	0.417867435159
0.596903430282	0.214424951267	404	441	3	0	290	0.417867435159
0.597205705336	0.215399610136	405	441	3	0	290	0.41726618705
0.597654943553	0.216374269006	406	441	3	0	290	0.416666666667
0.597708893572	0.217348927875	407	441	3	0	290	0.416068866571
0.598799496202	0.218323586745	408	441	3	0	290	0.41547277937
0.599469141895	0.217348927875	408	442	3	0	291	0.416309012876
0.600784448057	0.217348927875	408	443	3	0	291	0.416309012876
0.602233583463	0.218323586745	409	443	3	0	291	0.415714285714
0.603269152606	0.218323586745	409	444	3	0	291	0.415714285714
0.603312467744	0.219298245614	410	444	3	0	291	0.41512125535
0.603945703635	0.218323586745	410	445	3	0	292	0.415954415954
0.604319910469	0.219298245614	411	445	3	0	292	0.415362731152
0.606526596651	0.218323586745	411	446	3	0	293	0.416193181818
0.60743360721	0.218323586745	411	447	3	0	293	0.416193181818
0.607551434551	0.217348927875	411	448	3	0	294	0.417021276596
0.60763780264	0.217348927875	411	449	3	0	294	0.417021276596
0.608455331393	0.217348927875	411	450	3	0	294	0.417021276596
0.608605132738	0.217348927875	412	450	3	0	294	0.416430594901
0.610821446694	0.217348927875	412	451	3	0	294	0.416430594901
0.611016844812	0.218323586745	413	451	3	0	294	0.415841584158
0.611030039979	0.219298245614	414	451	3	0	294	0.415254237288
0.611284563316	0.219298245614	414	452	3	0	294	0.415254237288
0.611971288999	0.219298245614	414	453	3	0	294	0.415254237288
0.612717058545	0.220272904483	415	453	3	0	294	0.41466854725
0.613498484108	0.219298245614	415	454	3	0	295	0.415492957746
0.613802417351	0.219298245614	416	454	3	0	295	0.414908579466
0.613956684795	0.220272904483	417	454	3	0	295	0.414325842697
0.614305084852	0.220272904483	418	454	3	0	295	0.413744740533
0.614696567059	0.221247563353	419	454	3	0	295	0.413165266106
0.615039162442	0.222222222222	420	454	3	0	295	0.412587412587
0.615621474561	0.223196881092	421	454	3	0	295	0.412011173184
0.61587549596	0.224171539961	422	454	3	0	295	0.411436541144
0.615944581803	0.224171539961	423	454	3	0	295	0.410863509749
0.616259689572	0.22514619883	424	454	3	0	295	0.410292072323
0.616336462385	0.224171539961	425	454	3	0	295	0.409722222222
0.616819442358	0.22514619883	426	454	3	0	295	0.409153952843
0.61727525758	0.22514619883	427	454	3	0	295	0.408587257618
0.617419572344	0.2261208577	428	454	3	0	295	0.408022130014
0.617878014775	0.22514619883	428	455	3	0	296	0.408839779006
0.618506169577	0.2261208577	429	455	3	0	296	0.408275862069
0.618913955823	0.227095516569	430	455	3	0	296	0.407713498623
0.619094587757	0.2261208577	430	456	3	0	297	0.408528198074
0.620025114881	0.224171539961	430	457	3	0	299	0.410150891632
0.620083236032	0.22514619883	431	457	3	0	299	0.409589041096
0.623354422104	0.22514619883	431	458	3	0	299	0.409589041096
0.623380049009	0.224171539961	431	459	3	0	300	0.410396716826
0.623445530605	0.22514619883	432	459	3	0	300	0.409836065574
0.624062450837	0.223196881092	432	460	3	0	302	0.411444141689
0.624435236377	0.223196881092	432	461	3	0	302	0.411444141689
0.625785193229	0.224171539961	433	461	3	0	302	0.410884353741
0.625841727204	0.224171539961	433	462	3	0	302	0.410884353741
0.626152130332	0.223196881092	433	463	3	0	303	0.411684782609
0.626363075619	0.222222222222	434	463	3	0	303	0.411126187246
0.626700768891	0.220272904483	434	464	3	0	305	0.412719891746
0.627234483226	0.220272904483	434	465	3	0	305	0.412719891746
0.628485227936	0.220272904483	434	466	3	0	305	0.412719891746
0.629347130606	0.221247563353	435	466	3	0	305	0.412162162162
0.630348433925	0.222222222222	436	466	3	0	305	0.411605937922
0.632683917088	0.223196881092	437	466	3	0	305	0.411051212938
0.633804393486	0.223196881092	437	467	3	0	305	0.411051212938
0.633959693982	0.223196881092	437	468	3	0	305	0.411051212938
0.634016970707	0.224171539961	438	468	3	0	305	0.410497981157
0.635041088116	0.224171539961	438	469	3	0	305	0.410497981157
0.636286096898	0.22514619883	439	469	3	0	305	0.409946236559
0.637108950257	0.2261208577	440	469	3	0	305	0.409395973154
0.638200972798	0.227095516569	441	469	3	0	305	0.408847184987
0.638972548681	0.228070175439	442	469	3	0	305	0.408299866131
0.63902370885	0.229044834308	443	469	3	0	305	0.407754010695
0.639807168787	0.230019493177	444	469	3	0	305	0.407209612817
0.640606128285	0.230994152047	445	469	3	0	305	0.406666666667
0.640942084131	0.229044834308	445	470	3	0	307	0.408244680851
0.641525953469	0.227095516569	445	471	3	0	309	0.409814323607
0.641770108833	0.228070175439	446	471	3	0	309	0.409271523179
0.642169316362	0.227095516569	446	472	3	0	310	0.410052910053
0.642312858189	0.228070175439	447	472	3	0	310	0.409511228534
0.642720788951	0.229044834308	448	472	3	0	310	0.408970976253
0.643825229079	0.229044834308	448	473	3	0	310	0.408970976253
0.644928958327	0.227095516569	448	474	3	0	312	0.410526315789
0.645193044426	0.2261208577	448	475	3	0	313	0.411300919842
0.645883028594	0.22514619883	448	476	3	0	314	0.412073490814
0.646563617332	0.223196881092	448	477	3	0	316	0.413612565445
0.648621146254	0.223196881092	448	478	3	0	316	0.413612565445
0.649224752748	0.224171539961	449	478	3	0	316	0.413071895425
0.64928986698	0.22514619883	450	478	3	0	316	0.412532637076
0.649809566238	0.22514619883	451	478	3	0	316	0.411994784876
0.650470742931	0.22514619883	451	479	3	0	316	0.411994784876
0.651173973939	0.224171539961	451	480	3	0	317	0.412760416667
0.652006923904	0.22514619883	452	480	3	0	317	0.4122236671
0.653024704131	0.222222222222	452	481	3	0	320	0.414507772021
0.653299952178	0.222222222222	452	482	3	0	320	0.414507772021
0.65582170447	0.221247563353	452	483	3	0	321	0.415265200517
0.656135642197	0.222222222222	453	483	3	0	321	0.414728682171
0.656679133599	0.223196881092	454	483	3	0	321	0.414193548387
0.656761746848	0.224171539961	455	483	3	0	321	0.413659793814
0.657060433539	0.224171539961	456	483	3	0	321	0.413127413127
0.657105279094	0.222222222222	456	484	3	0	323	0.414634146341
0.658655592008	0.222222222222	456	485	3	0	323	0.414634146341
0.659216854902	0.221247563353	457	485	3	0	323	0.414102564103
0.65963255493	0.222222222222	458	485	3	0	323	0.41357234315
0.66054476445	0.221247563353	458	486	3	0	324	0.414322250639
0.660828600017	0.221247563353	458	487	3	0	324	0.414322250639
0.661785719395	0.222222222222	459	487	3	0	324	0.413793103448
0.661837133541	0.223196881092	460	487	3	0	324	0.413265306122
0.663866204207	0.224171539961	461	487	3	0	324	0.412738853503
0.664287400838	0.22514619883	462	487	3	0	324	0.412213740458
0.666402118389	0.2261208577	463	487	3	0	324	0.411689961881
0.667552990693	0.22514619883	463	488	3	0	325	0.412436548223
0.668432954321	0.2261208577	464	488	3	0	325	0.411913814956
0.669545879818	0.227095516569	465	488	3	0	325	0.411392405063
0.670361832022	0.228070175439	466	488	3	0	325	0.410872313527
0.670602128526	0.229044834308	467	488	3	0	325	0.410353535354
0.671260244849	0.227095516569	467	489	3	0	327	0.411838790932
0.671973690766	0.227095516569	467	490	3	0	327	0.411838790932
0.672142768414	0.228070175439	468	490	3	0	327	0.411320754717
0.67231643679	0.229044834308	469	490	3	0	327	0.410804020101
0.675012110431	0.229044834308	469	491	3	0	327	0.410804020101
0.675101389101	0.230019493177	470	491	3	0	327	0.410288582183
0.675884797561	0.230994152047	471	491	3	0	327	0.40977443609
0.676137661622	0.231968810916	472	491	3	0	327	0.409261576971
0.676635472912	0.231968810916	473	491	3	0	327	0.40875
0.678549706981	0.231968810916	474	491	3	0	327	0.408239700375
0.678608623935	0.232943469786	475	491	3	0	327	0.407730673317
0.678724489888	0.233918128655	476	491	3	0	327	0.407222914072
0.679874842521	0.234892787524	477	491	3	0	327	0.40671641791
0.6803508453	0.235867446394	478	491	3	0	327	0.406211180124
0.680815342038	0.236842105263	479	491	3	0	327	0.40570719603
0.682357669994	0.237816764133	480	491	3	0	327	0.405204460967
0.683580331046	0.238791423002	481	491	3	0	327	0.404702970297
0.685043918403	0.239766081871	482	491	3	0	327	0.404202719407
0.685376168559	0.238791423002	482	492	3	0	328	0.404938271605
0.686864005981	0.236842105263	482	493	3	0	330	0.406403940887
0.687100531937	0.237816764133	483	493	3	0	330	0.405904059041
0.688503351008	0.238791423002	484	493	3	0	330	0.405405405405
