# time 	 divergence 	 # of mutations 	 # IGC chances 	 IGC length 	 # IGC failures 	 Changes due to IGC  	 % change due to IGC 
0.0	0.405376344086	0	0	0	0	0	0.0
0.000958526812269	0.405376344086	1	0	0	0	0	0.0
0.00097535398361	0.405376344086	2	0	0	0	0	0.0
0.00103380520426	0.404301075269	3	0	0	0	0	0.0
0.00150574984703	0.405376344086	4	0	0	0	0	0.0
0.00261597520713	0.405376344086	5	0	0	0	0	0.0
0.00287624112953	0.405376344086	6	0	0	0	0	0.0
0.00558327715411	0.404301075269	7	0	0	0	0	0.0
0.00616614378311	0.404301075269	8	0	0	0	0	0.0
0.0167713378063	0.405376344086	9	0	0	0	0	0.0
0.0204766489826	0.406451612903	10	0	0	0	0	0.0
0.0216702392973	0.40752688172	11	0	0	0	0	0.0
0.0235942610937	0.406451612903	12	0	0	0	0	0.0
0.0240860124528	0.40752688172	13	0	0	0	0	0.0
0.0245498902282	0.406451612903	14	0	0	0	0	0.0
0.024962766134	0.40752688172	15	0	0	0	0	0.0
0.0261347719991	0.40752688172	16	0	0	0	0	0.0
0.0285911627315	0.408602150538	17	0	0	0	0	0.0
0.0287259300114	0.409677419355	18	0	0	0	0	0.0
0.0297903783783	0.409677419355	19	0	0	0	0	0.0
0.0332086161351	0.409677419355	20	0	0	0	0	0.0
0.0357411016791	0.409677419355	21	0	0	0	0	0.0
0.0358793321606	0.410752688172	22	0	0	0	0	0.0
0.0372744117121	0.411827956989	23	0	0	0	0	0.0
0.0374930971222	0.379569892473	23	1	63	0	30	0.566037735849
0.0396495096838	0.38064516129	24	1	63	0	30	0.555555555556
0.0417403804272	0.381720430108	25	1	63	0	30	0.545454545455
0.0421436006836	0.38064516129	26	1	63	0	30	0.535714285714
0.0423977264106	0.381720430108	27	1	63	0	30	0.526315789474
0.0426354075982	0.382795698925	28	1	63	0	30	0.51724137931
0.0447741270631	0.383870967742	29	1	63	0	30	0.508474576271
0.0452270140821	0.384946236559	30	1	63	0	30	0.5
0.0452429737909	0.386021505376	31	1	63	0	30	0.491803278689
0.0457463428238	0.387096774194	32	1	63	0	30	0.483870967742
0.0462002983903	0.388172043011	33	1	63	0	30	0.47619047619
0.0470667329121	0.387096774194	34	1	63	0	30	0.46875
0.0472167057074	0.388172043011	35	1	63	0	30	0.461538461538
0.0493114585355	0.389247311828	36	1	63	0	30	0.454545454545
0.0494095283349	0.389247311828	37	1	63	0	30	0.44776119403
0.0529684530954	0.390322580645	38	1	63	0	30	0.441176470588
0.0555256855209	0.391397849462	39	1	63	0	30	0.434782608696
0.0574840306324	0.39247311828	40	1	63	0	30	0.428571428571
0.0582735262818	0.39247311828	41	1	63	0	30	0.422535211268
0.0586046872879	0.372043010753	41	2	51	0	49	0.544444444444
0.0606690295594	0.37311827957	42	2	51	0	49	0.538461538462
0.0610045033109	0.37311827957	43	2	51	0	49	0.532608695652
0.0624387463544	0.37311827957	44	2	51	0	49	0.52688172043
0.063815312694	0.372043010753	44	3	3	0	50	0.531914893617
0.0642628730015	0.372043010753	45	3	3	0	50	0.526315789474
0.0680053656766	0.37311827957	46	3	3	0	50	0.520833333333
0.068667712454	0.374193548387	47	3	3	0	50	0.515463917526
0.0729398169848	0.375268817204	48	3	3	0	50	0.510204081633
0.0755396895407	0.374193548387	49	3	3	0	50	0.505050505051
0.0759032045136	0.37311827957	50	3	3	0	50	0.5
0.076860271013	0.37311827957	51	3	3	0	50	0.49504950495
0.0780389776249	0.374193548387	52	3	3	0	50	0.490196078431
0.0786550734532	0.375268817204	53	3	3	0	50	0.485436893204
0.0789470718006	0.376344086022	54	3	3	0	50	0.480769230769
0.080813663559	0.376344086022	55	3	3	0	50	0.47619047619
0.0810562422556	0.376344086022	56	3	3	0	50	0.471698113208
0.086438345812	0.377419354839	57	3	3	0	50	0.467289719626
0.0868421867637	0.378494623656	58	3	3	0	50	0.462962962963
0.0890261362375	0.378494623656	59	3	3	0	50	0.45871559633
0.0893370049379	0.378494623656	60	3	3	0	50	0.454545454545
0.0917120030992	0.354838709677	60	4	39	0	72	0.545454545455
0.092075971988	0.354838709677	61	4	39	0	72	0.541353383459
0.0925797643062	0.355913978495	62	4	39	0	72	0.537313432836
0.0938554744359	0.356989247312	63	4	39	0	72	0.533333333333
0.0941907864525	0.356989247312	64	4	39	0	72	0.529411764706
0.094209947067	0.358064516129	65	4	39	0	72	0.525547445255
0.0950480462232	0.359139784946	66	4	39	0	72	0.521739130435
0.096889622773	0.360215053763	67	4	39	0	72	0.517985611511
0.0977815566821	0.359139784946	68	4	39	0	72	0.514285714286
0.0988162504883	0.359139784946	69	4	39	0	72	0.510638297872
0.105833002726	0.358064516129	70	4	39	0	72	0.507042253521
0.106028916186	0.359139784946	71	4	39	0	72	0.503496503497
0.109501973729	0.358064516129	72	4	39	0	72	0.5
0.110373869533	0.359139784946	73	4	39	0	72	0.496551724138
0.1106315576	0.358064516129	74	4	39	0	72	0.493150684932
0.11187389792	0.359139784946	75	4	39	0	72	0.489795918367
0.113331583689	0.359139784946	76	4	39	0	72	0.486486486486
0.114156686115	0.360215053763	77	4	39	0	72	0.48322147651
0.115796257681	0.359139784946	78	4	39	0	72	0.48
0.11772349557	0.358064516129	79	4	39	0	72	0.476821192053
0.120369534708	0.359139784946	80	4	39	0	72	0.473684210526
0.120976199709	0.360215053763	81	4	39	0	72	0.470588235294
0.121644094445	0.361290322581	82	4	39	0	72	0.467532467532
0.125214958904	0.361290322581	83	4	39	0	72	0.464516129032
0.12531211714	0.362365591398	84	4	39	0	72	0.461538461538
0.126473578684	0.361290322581	85	4	39	0	72	0.458598726115
0.127484166218	0.362365591398	86	4	39	0	72	0.455696202532
0.128370934673	0.363440860215	87	4	39	0	72	0.452830188679
0.128881253364	0.364516129032	88	4	39	0	72	0.45
0.133462402974	0.365591397849	89	4	39	0	72	0.447204968944
0.133553380652	0.366666666667	90	4	39	0	72	0.444444444444
0.1341410476	0.367741935484	91	4	39	0	72	0.441717791411
0.135799791358	0.367741935484	92	4	39	0	72	0.439024390244
0.136352246723	0.367741935484	93	4	39	0	72	0.436363636364
0.139064294426	0.367741935484	94	4	39	0	72	0.433734939759
0.140326801334	0.368817204301	95	4	39	0	72	0.431137724551
0.145058177154	0.367741935484	96	4	39	0	72	0.428571428571
0.145621667819	0.367741935484	97	4	39	0	72	0.426035502959
0.148211993778	0.368817204301	98	4	39	0	72	0.423529411765
0.150449681912	0.369892473118	99	4	39	0	72	0.421052631579
0.15318403676	0.370967741935	100	4	39	0	72	0.418604651163
0.153205868264	0.341935483871	100	5	69	0	99	0.497487437186
0.153340571113	0.341935483871	101	5	69	0	99	0.495
0.154954685212	0.343010752688	102	5	69	0	99	0.492537313433
0.155482603901	0.344086021505	103	5	69	0	99	0.490099009901
0.156308480719	0.297849462366	103	6	87	0	142	0.579591836735
0.157391220486	0.298924731183	104	6	87	0	142	0.577235772358
0.157507866979	0.3	105	6	87	0	142	0.574898785425
