# time 	 divergence 	 # of mutations 	 # IGC chances 	 IGC length 	 # IGC failures 	 Changes due to IGC  	 % change due to IGC 
0.0	0.286549707602	0	0	0	0	0	0.0
0.0024928657304	0.285575048733	1	0	0	0	0	0.0
0.0068550475388	0.285575048733	2	0	0	0	0	0.0
0.0118810022513	0.286549707602	3	0	0	0	0	0.0
0.0127929149414	0.285575048733	3	1	21	0	1	0.25
0.0139460554794	0.286549707602	4	1	21	0	1	0.2
0.0155445317039	0.285575048733	5	1	21	0	1	0.166666666667
0.0156290456082	0.285575048733	6	1	21	0	1	0.142857142857
0.0202402528015	0.286549707602	7	1	21	0	1	0.125
0.0210955611225	0.287524366472	8	1	21	0	1	0.111111111111
0.0225941158194	0.288499025341	9	1	21	0	1	0.1
0.023075938117	0.287524366472	10	1	21	0	1	0.0909090909091
0.0244781532396	0.288499025341	11	1	21	0	1	0.0833333333333
0.0262903253135	0.289473684211	12	1	21	0	1	0.0769230769231
0.0301425819306	0.289473684211	13	1	21	0	1	0.0714285714286
0.0320683423175	0.29044834308	14	1	21	0	1	0.0666666666667
0.032618881417	0.291423001949	15	1	21	0	1	0.0625
0.0339265476428	0.291423001949	16	1	21	0	1	0.0588235294118
0.0347058145222	0.29044834308	17	1	21	0	1	0.0555555555556
0.0347974322016	0.291423001949	18	1	21	0	1	0.0526315789474
0.0385740796775	0.292397660819	19	1	21	0	1	0.05
0.0395656107053	0.292397660819	20	1	21	0	1	0.047619047619
0.0413641152118	0.292397660819	21	1	21	0	1	0.0454545454545
0.0414904295126	0.292397660819	22	1	21	0	1	0.0434782608696
0.0415147623034	0.292397660819	23	1	21	0	1	0.0416666666667
0.0420376943045	0.289473684211	23	2	12	0	4	0.148148148148
0.0425834648083	0.289473684211	24	2	12	0	4	0.142857142857
0.0432946782214	0.29044834308	25	2	12	0	4	0.137931034483
0.0451487827052	0.291423001949	26	2	12	0	4	0.133333333333
0.0468261095818	0.292397660819	27	2	12	0	4	0.129032258065
0.0485340987527	0.293372319688	28	2	12	0	4	0.125
0.0486172703791	0.292397660819	29	2	12	0	4	0.121212121212
0.0490359973744	0.292397660819	30	2	12	0	4	0.117647058824
0.0589328179548	0.292397660819	31	2	12	0	4	0.114285714286
0.0589548408309	0.293372319688	32	2	12	0	4	0.111111111111
0.0592174164725	0.293372319688	33	2	12	0	4	0.108108108108
0.0595850995201	0.294346978558	34	2	12	0	4	0.105263157895
0.0615090260186	0.294346978558	35	2	12	0	4	0.102564102564
0.0616372962299	0.295321637427	36	2	12	0	4	0.1
0.0619180848776	0.296296296296	37	2	12	0	4	0.0975609756098
0.0620617178561	0.297270955166	38	2	12	0	4	0.0952380952381
0.0633727273788	0.297270955166	39	2	12	0	4	0.093023255814
0.0634110884973	0.297270955166	40	2	12	0	4	0.0909090909091
0.0638171413675	0.297270955166	41	2	12	0	4	0.0888888888889
0.0652366229724	0.298245614035	42	2	12	0	4	0.0869565217391
0.0662516465921	0.299220272904	43	2	12	0	4	0.0851063829787
0.067298604955	0.300194931774	44	2	12	0	4	0.0833333333333
0.0693443132	0.301169590643	45	2	12	0	4	0.0816326530612
0.0698875803754	0.302144249513	46	2	12	0	4	0.08
0.0709227588052	0.301169590643	47	2	12	0	4	0.078431372549
0.0710322351292	0.302144249513	48	2	12	0	4	0.0769230769231
0.0725693721832	0.303118908382	49	2	12	0	4	0.0754716981132
0.073225247736	0.304093567251	50	2	12	0	4	0.0740740740741
0.0746078814244	0.305068226121	51	2	12	0	4	0.0727272727273
0.0752694444913	0.30604288499	52	2	12	0	4	0.0714285714286
0.079213233014	0.30701754386	53	2	12	0	4	0.0701754385965
0.0807183124943	0.307992202729	54	2	12	0	4	0.0689655172414
0.0816713469034	0.307992202729	55	2	12	0	4	0.0677966101695
0.0821098051155	0.308966861598	56	2	12	0	4	0.0666666666667
0.084060858298	0.309941520468	57	2	12	0	4	0.0655737704918
0.0850242185642	0.310916179337	58	2	12	0	4	0.0645161290323
0.085358598085	0.311890838207	59	2	12	0	4	0.0634920634921
0.088608319394	0.310916179337	60	2	12	0	4	0.0625
0.0907463024941	0.311890838207	61	2	12	0	4	0.0615384615385
0.0914078991012	0.312865497076	62	2	12	0	4	0.0606060606061
0.0936096433598	0.313840155945	63	2	12	0	4	0.0597014925373
0.0936821505315	0.313840155945	64	2	12	0	4	0.0588235294118
0.0984903967759	0.314814814815	65	2	12	0	4	0.0579710144928
0.100017511432	0.315789473684	66	2	12	0	4	0.0571428571429
0.102469648359	0.316764132554	67	2	12	0	4	0.056338028169
0.102616976434	0.317738791423	68	2	12	0	4	0.0555555555556
0.105231196745	0.317738791423	69	2	12	0	4	0.0547945205479
0.106366947383	0.318713450292	70	2	12	0	4	0.0540540540541
0.107381557534	0.318713450292	71	2	12	0	4	0.0533333333333
0.109262899894	0.319688109162	72	2	12	0	4	0.0526315789474
0.110079185244	0.319688109162	73	2	12	0	4	0.0519480519481
0.111842990305	0.320662768031	74	2	12	0	4	0.0512820512821
0.1140388998	0.321637426901	75	2	12	0	4	0.0506329113924
0.115601351817	0.32261208577	76	2	12	0	4	0.05
0.12450581698	0.323586744639	77	2	12	0	4	0.0493827160494
0.130062938774	0.323586744639	78	2	12	0	4	0.0487804878049
0.132755564105	0.324561403509	79	2	12	0	4	0.0481927710843
0.13387792113	0.324561403509	80	2	12	0	4	0.047619047619
0.135164527049	0.301169590643	80	3	69	0	28	0.259259259259
0.136226209164	0.302144249513	81	3	69	0	28	0.256880733945
0.136407616914	0.303118908382	82	3	69	0	28	0.254545454545
0.136881650686	0.303118908382	82	4	6	0	28	0.254545454545
0.137162710578	0.304093567251	83	4	6	0	28	0.252252252252
0.137582373074	0.238791423002	83	5	216	0	95	0.533707865169
0.139805646976	0.239766081871	84	5	216	0	95	0.530726256983
0.140168832959	0.240740740741	85	5	216	0	95	0.527777777778
0.141442594475	0.24171539961	86	5	216	0	95	0.524861878453
0.142168107976	0.228070175439	86	6	48	0	109	0.558974358974
0.142366382273	0.229044834308	87	6	48	0	109	0.55612244898
0.142991335641	0.228070175439	88	6	48	0	109	0.553299492386
0.143187878565	0.229044834308	89	6	48	0	109	0.550505050505
0.143914035201	0.230019493177	90	6	48	0	109	0.547738693467
0.144744488762	0.230994152047	91	6	48	0	109	0.545
0.146636431434	0.231968810916	92	6	48	0	109	0.542288557214
0.147210517526	0.232943469786	93	6	48	0	109	0.539603960396
0.149599339735	0.233918128655	94	6	48	0	109	0.536945812808
0.150019524782	0.234892787524	95	6	48	0	109	0.53431372549
0.151355356668	0.235867446394	96	6	48	0	109	0.531707317073
0.153770135644	0.234892787524	97	6	48	0	109	0.529126213592
0.154795395125	0.235867446394	98	6	48	0	109	0.526570048309
0.154855075815	0.236842105263	99	6	48	0	109	0.524038461538
0.157148200203	0.237816764133	100	6	48	0	109	0.521531100478
0.15801787007	0.238791423002	101	6	48	0	109	0.519047619048
0.161575394782	0.239766081871	102	6	48	0	109	0.516587677725
0.163885097338	0.240740740741	103	6	48	0	109	0.514150943396
0.166446418693	0.24171539961	104	6	48	0	109	0.511737089202
0.167993478432	0.24269005848	105	6	48	0	109	0.509345794393
0.16826534432	0.243664717349	106	6	48	0	109	0.506976744186
0.168316563135	0.244639376218	107	6	48	0	109	0.50462962963
0.169234139553	0.245614035088	108	6	48	0	109	0.502304147465
0.169558066477	0.246588693957	109	6	48	0	109	0.5
0.17637527928	0.247563352827	110	6	48	0	109	0.497716894977
0.176576488046	0.248538011696	111	6	48	0	109	0.495454545455
0.176765061188	0.249512670565	112	6	48	0	109	0.493212669683
0.176947896818	0.249512670565	113	6	48	0	109	0.490990990991
0.178040394813	0.249512670565	114	6	48	0	109	0.488789237668
0.178665169511	0.250487329435	115	6	48	0	109	0.486607142857
0.182690004977	0.251461988304	116	6	48	0	109	0.484444444444
0.185039127384	0.230019493177	116	7	87	0	131	0.53036437247
0.185131194882	0.230994152047	117	7	87	0	131	0.528225806452
0.187193402178	0.231968810916	118	7	87	0	131	0.526104417671
0.193255273933	0.232943469786	119	7	87	0	131	0.524
0.193605796707	0.233918128655	120	7	87	0	131	0.521912350598
0.194206749406	0.234892787524	121	7	87	0	131	0.519841269841
0.196878382668	0.234892787524	122	7	87	0	131	0.517786561265
0.19790182087	0.234892787524	123	7	87	0	131	0.515748031496
0.200256578955	0.235867446394	124	7	87	0	131	0.513725490196
0.202956110538	0.236842105263	125	7	87	0	131	0.51171875
0.20302258374	0.237816764133	126	7	87	0	131	0.509727626459
0.205813110158	0.238791423002	127	7	87	0	131	0.507751937984
0.206168637812	0.237816764133	128	7	87	0	131	0.505791505792
0.206705957104	0.237816764133	129	7	87	0	131	0.503846153846
0.206923588079	0.237816764133	130	7	87	0	131	0.501915708812
0.208074709672	0.238791423002	131	7	87	0	131	0.5
0.208862514165	0.239766081871	132	7	87	0	131	0.498098859316
0.209091252486	0.240740740741	133	7	87	0	131	0.496212121212
0.209625538002	0.240740740741	134	7	87	0	131	0.494339622642
0.209757130527	0.240740740741	135	7	87	0	131	0.492481203008
0.210207074519	0.24171539961	136	7	87	0	131	0.49063670412
0.21160779557	0.24269005848	137	7	87	0	131	0.488805970149
0.212686282492	0.24171539961	138	7	87	0	131	0.486988847584
0.215773455888	0.240740740741	139	7	87	0	131	0.485185185185
0.217237537448	0.24171539961	140	7	87	0	131	0.483394833948
0.220307262207	0.24171539961	141	7	87	0	131	0.481617647059
0.221281944761	0.24269005848	142	7	87	0	131	0.479853479853
0.22205963703	0.243664717349	143	7	87	0	131	0.478102189781
0.228709426384	0.244639376218	144	7	87	0	131	0.476363636364
0.22933498338	0.245614035088	145	7	87	0	131	0.474637681159
0.229683538675	0.246588693957	146	7	87	0	131	0.472924187726
0.230056584912	0.247563352827	147	7	87	0	131	0.471223021583
0.230960735258	0.246588693957	148	7	87	0	131	0.469534050179
0.231491992863	0.247563352827	149	7	87	0	131	0.467857142857
0.231905027982	0.248538011696	150	7	87	0	131	0.466192170819
0.232183831952	0.249512670565	151	7	87	0	131	0.464539007092
0.236344449215	0.243664717349	151	8	30	0	137	0.475694444444
0.239800271873	0.244639376218	152	8	30	0	137	0.474048442907
0.240649706661	0.245614035088	153	8	30	0	137	0.472413793103
0.242103889688	0.244639376218	154	8	30	0	137	0.470790378007
0.243734130264	0.245614035088	155	8	30	0	137	0.469178082192
0.24519752912	0.246588693957	156	8	30	0	137	0.467576791809
0.245284699487	0.247563352827	157	8	30	0	137	0.465986394558
0.245980399057	0.247563352827	158	8	30	0	137	0.464406779661
0.246114882047	0.247563352827	159	8	30	0	137	0.462837837838
0.246116607268	0.247563352827	160	8	30	0	137	0.461279461279
0.247795480624	0.246588693957	161	8	30	0	137	0.459731543624
0.248239418807	0.246588693957	162	8	30	0	137	0.458193979933
0.248577501434	0.247563352827	163	8	30	0	137	0.456666666667
0.249224758991	0.248538011696	164	8	30	0	137	0.455149501661
0.249838274376	0.249512670565	165	8	30	0	137	0.453642384106
0.24988575942	0.250487329435	166	8	30	0	137	0.452145214521
0.257976454792	0.251461988304	167	8	30	0	137	0.450657894737
0.25861332442	0.252436647173	168	8	30	0	137	0.449180327869
0.258879120417	0.253411306043	169	8	30	0	137	0.447712418301
0.259747862296	0.252436647173	170	8	30	0	137	0.446254071661
0.260835040195	0.253411306043	171	8	30	0	137	0.444805194805
0.261770785651	0.254385964912	172	8	30	0	137	0.443365695793
0.262628798558	0.252436647173	172	9	9	0	139	0.446945337621
0.262645020598	0.253411306043	173	9	9	0	139	0.445512820513
0.262949540273	0.253411306043	174	9	9	0	139	0.444089456869
0.263827947269	0.253411306043	175	9	9	0	139	0.442675159236
0.264120076722	0.254385964912	176	9	9	0	139	0.44126984127
0.268441330609	0.255360623782	177	9	9	0	139	0.439873417722
0.269057171848	0.255360623782	178	9	9	0	139	0.438485804416
0.269335513889	0.256335282651	179	9	9	0	139	0.437106918239
0.270280311367	0.255360623782	180	9	9	0	139	0.435736677116
0.274239202927	0.255360623782	181	9	9	0	139	0.434375
0.276364693039	0.256335282651	182	9	9	0	139	0.433021806854
0.277841830554	0.25730994152	183	9	9	0	139	0.431677018634
0.279540432343	0.24171539961	183	10	48	0	155	0.458579881657
0.279591983894	0.24171539961	184	10	48	0	155	0.457227138643
0.280008158989	0.24171539961	185	10	48	0	155	0.455882352941
0.280987513406	0.24269005848	186	10	48	0	155	0.454545454545
0.281217108765	0.24269005848	187	10	48	0	155	0.453216374269
0.283605446132	0.243664717349	188	10	48	0	155	0.451895043732
0.284119849721	0.24269005848	189	10	48	0	155	0.450581395349
0.293482812446	0.243664717349	190	10	48	0	155	0.449275362319
0.296753055817	0.243664717349	191	10	48	0	155	0.447976878613
0.297806736616	0.244639376218	192	10	48	0	155	0.446685878963
0.299505770763	0.244639376218	193	10	48	0	155	0.445402298851
0.299939974624	0.245614035088	194	10	48	0	155	0.444126074499
0.300349558842	0.245614035088	195	10	48	0	155	0.442857142857
0.300714220382	0.246588693957	196	10	48	0	155	0.441595441595
0.301749232954	0.247563352827	197	10	48	0	155	0.440340909091
0.303917824751	0.248538011696	198	10	48	0	155	0.439093484419
0.304036817158	0.249512670565	199	10	48	0	155	0.437853107345
0.304976504733	0.250487329435	200	10	48	0	155	0.43661971831
0.307995297434	0.251461988304	201	10	48	0	155	0.435393258427
0.310231670355	0.251461988304	202	10	48	0	155	0.434173669468
0.310353803468	0.252436647173	203	10	48	0	155	0.432960893855
0.311586557439	0.253411306043	204	10	48	0	155	0.431754874652
0.311779779126	0.238791423002	204	11	87	0	170	0.454545454545
0.313682663726	0.239766081871	205	11	87	0	170	0.453333333333
0.315527779132	0.240740740741	206	11	87	0	170	0.452127659574
0.315883537151	0.24171539961	207	11	87	0	170	0.450928381963
0.31610775568	0.24269005848	208	11	87	0	170	0.449735449735
0.316317477854	0.243664717349	209	11	87	0	170	0.448548812665
0.318205525834	0.244639376218	210	11	87	0	170	0.447368421053
0.318605230463	0.245614035088	211	11	87	0	170	0.446194225722
0.318619311837	0.246588693957	212	11	87	0	170	0.44502617801
0.3190634659	0.247563352827	213	11	87	0	170	0.443864229765
0.319463945623	0.248538011696	214	11	87	0	170	0.442708333333
0.320228556619	0.249512670565	215	11	87	0	170	0.441558441558
0.320360889544	0.250487329435	216	11	87	0	170	0.440414507772
0.322208708367	0.251461988304	217	11	87	0	170	0.439276485788
0.322295219038	0.252436647173	218	11	87	0	170	0.438144329897
0.325432077143	0.253411306043	219	11	87	0	170	0.437017994859
0.327686114119	0.253411306043	220	11	87	0	170	0.435897435897
0.329410307951	0.254385964912	221	11	87	0	170	0.434782608696
0.330105117342	0.255360623782	222	11	87	0	170	0.433673469388
0.330396664618	0.252436647173	222	12	24	0	173	0.437974683544
0.332216631927	0.253411306043	223	12	24	0	173	0.436868686869
0.332512482996	0.254385964912	224	12	24	0	173	0.435768261965
0.333777286789	0.255360623782	225	12	24	0	173	0.434673366834
0.334991184388	0.230994152047	225	13	45	0	198	0.468085106383
0.335386038817	0.231968810916	226	13	45	0	198	0.466981132075
0.338688193877	0.232943469786	227	13	45	0	198	0.465882352941
0.339272565451	0.233918128655	228	13	45	0	198	0.464788732394
0.343041412264	0.233918128655	229	13	45	0	198	0.463700234192
0.345334386576	0.234892787524	230	13	45	0	198	0.46261682243
0.345655071541	0.235867446394	231	13	45	0	198	0.461538461538
0.346499618428	0.236842105263	232	13	45	0	198	0.460465116279
0.347539283747	0.237816764133	233	13	45	0	198	0.45939675174
0.348082564366	0.238791423002	234	13	45	0	198	0.458333333333
0.34834002037	0.239766081871	235	13	45	0	198	0.45727482679
0.349986814447	0.240740740741	236	13	45	0	198	0.456221198157
0.350200919191	0.24171539961	237	13	45	0	198	0.455172413793
0.354949347653	0.24269005848	238	13	45	0	198	0.454128440367
0.35530574325	0.243664717349	239	13	45	0	198	0.453089244851
0.35723358471	0.244639376218	240	13	45	0	198	0.452054794521
0.35750806235	0.245614035088	241	13	45	0	198	0.451025056948
0.359604773862	0.240740740741	241	14	18	0	203	0.457207207207
0.359926031973	0.24171539961	242	14	18	0	203	0.456179775281
0.360370391799	0.24171539961	243	14	18	0	203	0.455156950673
0.361495559009	0.24269005848	244	14	18	0	203	0.454138702461
0.361791304955	0.243664717349	245	14	18	0	203	0.453125
0.361808200967	0.244639376218	246	14	18	0	203	0.452115812918
0.362547496588	0.243664717349	247	14	18	0	203	0.451111111111
0.364171561237	0.244639376218	248	14	18	0	203	0.450110864745
0.364958088238	0.245614035088	249	14	18	0	203	0.449115044248
0.365870640303	0.244639376218	250	14	18	0	203	0.448123620309
0.372060787279	0.244639376218	251	14	18	0	203	0.447136563877
0.372233624584	0.243664717349	252	14	18	0	203	0.446153846154
0.375297301983	0.244639376218	253	14	18	0	203	0.445175438596
0.376066328212	0.245614035088	254	14	18	0	203	0.44420131291
0.37629366051	0.246588693957	255	14	18	0	203	0.443231441048
0.377390385888	0.245614035088	256	14	18	0	203	0.442265795207
0.378677193987	0.245614035088	257	14	18	0	203	0.441304347826
0.379405341521	0.246588693957	258	14	18	0	203	0.440347071584
0.380852241049	0.247563352827	259	14	18	0	203	0.439393939394
0.382553381736	0.248538011696	260	14	18	0	203	0.438444924406
0.384888573282	0.249512670565	261	14	18	0	203	0.4375
0.3854238603	0.248538011696	262	14	18	0	203	0.436559139785
0.38601320039	0.247563352827	263	14	18	0	203	0.435622317597
0.389163680004	0.248538011696	264	14	18	0	203	0.434689507495
0.389249408485	0.249512670565	265	14	18	0	203	0.433760683761
0.390274474134	0.250487329435	266	14	18	0	203	0.432835820896
0.39116689899	0.251461988304	267	14	18	0	203	0.431914893617
0.391950070012	0.252436647173	268	14	18	0	203	0.430997876858
0.392400786697	0.253411306043	269	14	18	0	203	0.430084745763
0.396446792113	0.254385964912	270	14	18	0	203	0.429175475687
0.396527102409	0.255360623782	271	14	18	0	203	0.428270042194
0.397045851732	0.255360623782	272	14	18	0	203	0.427368421053
0.398510344393	0.254385964912	273	14	18	0	203	0.426470588235
0.398998187431	0.255360623782	274	14	18	0	203	0.425576519916
0.401393716126	0.256335282651	275	14	18	0	203	0.424686192469
0.402509170914	0.25730994152	276	14	18	0	203	0.423799582463
0.406689826163	0.25828460039	277	14	18	0	203	0.422916666667
0.407187822167	0.25828460039	278	14	18	0	203	0.422037422037
0.409477052453	0.25828460039	279	14	18	0	203	0.421161825726
0.411454489798	0.25828460039	280	14	18	0	203	0.420289855072
0.413870710279	0.259259259259	281	14	18	0	203	0.419421487603
0.413889999803	0.243664717349	281	15	87	0	219	0.438
0.414008984369	0.243664717349	282	15	87	0	219	0.437125748503
0.415435059203	0.244639376218	283	15	87	0	219	0.43625498008
0.415901233579	0.244639376218	284	15	87	0	219	0.435387673956
0.416630551336	0.206627680312	284	16	204	0	258	0.476014760148
0.417583789093	0.205653021442	285	16	204	0	258	0.475138121547
0.417686464924	0.206627680312	286	16	204	0	258	0.474264705882
0.422786317884	0.207602339181	287	16	204	0	258	0.473394495413
0.423320100392	0.206627680312	288	16	204	0	258	0.472527472527
0.423502903051	0.207602339181	289	16	204	0	258	0.471663619744
0.424758520248	0.208576998051	290	16	204	0	258	0.470802919708
0.425329743906	0.20955165692	291	16	204	0	258	0.469945355191
0.42644944736	0.210526315789	292	16	204	0	258	0.469090909091
0.427035304961	0.211500974659	293	16	204	0	258	0.468239564428
0.430032418642	0.212475633528	294	16	204	0	258	0.467391304348
0.430469818601	0.212475633528	294	17	6	0	258	0.467391304348
0.434224039001	0.213450292398	295	17	6	0	258	0.466546112116
0.435415792394	0.214424951267	296	17	6	0	258	0.465703971119
0.436224093083	0.215399610136	297	17	6	0	258	0.464864864865
0.437140661799	0.216374269006	298	17	6	0	258	0.464028776978
0.441465161519	0.217348927875	299	17	6	0	258	0.463195691203
0.448063232266	0.218323586745	300	17	6	0	258	0.462365591398
0.448349687219	0.219298245614	301	17	6	0	258	0.461538461538
0.449041090985	0.220272904483	302	17	6	0	258	0.460714285714
0.449943748189	0.221247563353	303	17	6	0	258	0.459893048128
0.450150176998	0.220272904483	304	17	6	0	258	0.459074733096
0.454044839999	0.219298245614	305	17	6	0	258	0.458259325044
0.454725150323	0.220272904483	306	17	6	0	258	0.457446808511
0.455157021641	0.221247563353	307	17	6	0	258	0.456637168142
0.455311410751	0.222222222222	308	17	6	0	258	0.455830388693
0.458988073298	0.221247563353	309	17	6	0	258	0.455026455026
0.459998901062	0.222222222222	310	17	6	0	258	0.454225352113
0.466246130332	0.223196881092	311	17	6	0	258	0.453427065026
0.467033981406	0.224171539961	312	17	6	0	258	0.452631578947
0.470139246811	0.22514619883	313	17	6	0	258	0.451838879159
0.470264018115	0.224171539961	314	17	6	0	258	0.451048951049
0.472969289463	0.22514619883	315	17	6	0	258	0.450261780105
0.473946050167	0.2261208577	316	17	6	0	258	0.449477351916
0.474905722236	0.227095516569	317	17	6	0	258	0.448695652174
0.475036437749	0.228070175439	318	17	6	0	258	0.447916666667
0.478213376174	0.229044834308	319	17	6	0	258	0.447140381282
0.479054029186	0.228070175439	319	18	48	0	259	0.448096885813
0.480616071109	0.229044834308	320	18	48	0	259	0.447322970639
0.480839804189	0.230019493177	321	18	48	0	259	0.446551724138
0.480964229421	0.230994152047	322	18	48	0	259	0.44578313253
0.488676307081	0.231968810916	323	18	48	0	259	0.445017182131
0.489478696827	0.231968810916	324	18	48	0	259	0.444253859348
0.490133890157	0.232943469786	325	18	48	0	259	0.443493150685
0.49027106867	0.233918128655	326	18	48	0	259	0.442735042735
0.49114754004	0.234892787524	327	18	48	0	259	0.441979522184
0.49198860914	0.235867446394	328	18	48	0	259	0.441226575809
0.495003368591	0.236842105263	329	18	48	0	259	0.440476190476
0.495657978086	0.237816764133	330	18	48	0	259	0.439728353141
0.498757814165	0.238791423002	331	18	48	0	259	0.438983050847
0.499717437667	0.239766081871	332	18	48	0	259	0.438240270728
0.500739511875	0.240740740741	333	18	48	0	259	0.4375
0.50098683184	0.24171539961	334	18	48	0	259	0.43676222597
0.503634944168	0.24171539961	335	18	48	0	259	0.436026936027
0.503738215626	0.24269005848	336	18	48	0	259	0.435294117647
0.503939639749	0.243664717349	337	18	48	0	259	0.434563758389
0.505469671853	0.244639376218	338	18	48	0	259	0.433835845896
0.506022854663	0.245614035088	339	18	48	0	259	0.433110367893
0.506504018265	0.246588693957	340	18	48	0	259	0.432387312187
0.506593187404	0.246588693957	341	18	48	0	259	0.431666666667
0.507213330055	0.247563352827	342	18	48	0	259	0.430948419301
0.510875860107	0.248538011696	343	18	48	0	259	0.43023255814
0.513558926114	0.248538011696	344	18	48	0	259	0.42951907131
0.516493427706	0.249512670565	345	18	48	0	259	0.42880794702
0.516685096309	0.250487329435	346	18	48	0	259	0.428099173554
0.518544881004	0.251461988304	347	18	48	0	259	0.427392739274
0.520312762382	0.250487329435	348	18	48	0	259	0.426688632619
0.522062196477	0.249512670565	349	18	48	0	259	0.425986842105
0.523113537315	0.248538011696	350	18	48	0	259	0.425287356322
0.528168044307	0.249512670565	351	18	48	0	259	0.424590163934
0.528715461013	0.250487329435	352	18	48	0	259	0.423895253682
0.529131794553	0.251461988304	353	18	48	0	259	0.423202614379
0.529277400303	0.252436647173	354	18	48	0	259	0.42251223491
0.529332420119	0.253411306043	355	18	48	0	259	0.421824104235
0.530263039494	0.253411306043	356	18	48	0	259	0.421138211382
0.530560214014	0.252436647173	357	18	48	0	259	0.420454545455
0.53471198238	0.253411306043	358	18	48	0	259	0.419773095624
0.534874215605	0.254385964912	359	18	48	0	259	0.419093851133
0.536822077895	0.255360623782	360	18	48	0	259	0.418416801292
0.539986659256	0.256335282651	361	18	48	0	259	0.417741935484
0.543621798934	0.25730994152	362	18	48	0	259	0.417069243156
0.545165337502	0.25828460039	363	18	48	0	259	0.416398713826
0.545757681806	0.259259259259	364	18	48	0	259	0.415730337079
0.546114839325	0.260233918129	365	18	48	0	259	0.415064102564
0.548920301918	0.261208576998	366	18	48	0	259	0.4144
0.551068382	0.262183235867	367	18	48	0	259	0.413738019169
0.551885975009	0.263157894737	368	18	48	0	259	0.41307814992
0.552658409355	0.263157894737	369	18	48	0	259	0.412420382166
0.554795195391	0.262183235867	370	18	48	0	259	0.411764705882
0.556750185625	0.262183235867	371	18	48	0	259	0.411111111111
0.56010316199	0.262183235867	372	18	48	0	259	0.410459587956
0.561702140961	0.263157894737	373	18	48	0	259	0.409810126582
0.561904544849	0.264132553606	374	18	48	0	259	0.40916271722
0.563780387444	0.265107212476	375	18	48	0	259	0.408517350158
0.564053552014	0.265107212476	376	18	48	0	259	0.407874015748
0.564910305375	0.266081871345	377	18	48	0	259	0.407232704403
0.565675558669	0.267056530214	378	18	48	0	259	0.406593406593
0.566014741291	0.267056530214	379	18	48	0	259	0.405956112853
0.566105041074	0.267056530214	380	18	48	0	259	0.405320813772
0.569692962039	0.268031189084	381	18	48	0	259	0.4046875
0.569729637075	0.267056530214	382	18	48	0	259	0.404056162246
0.571025073215	0.268031189084	383	18	48	0	259	0.403426791277
0.572210905556	0.269005847953	384	18	48	0	259	0.402799377916
0.572432348846	0.269980506823	385	18	48	0	259	0.402173913043
0.577804864866	0.270955165692	386	18	48	0	259	0.401550387597
0.582862598593	0.271929824561	387	18	48	0	259	0.40092879257
0.585754722043	0.272904483431	388	18	48	0	259	0.400309119011
0.586059088564	0.271929824561	389	18	48	0	259	0.399691358025
0.5880329435	0.272904483431	390	18	48	0	259	0.39907550077
0.590949658032	0.259259259259	390	19	60	0	273	0.411764705882
0.593096276812	0.259259259259	391	19	60	0	273	0.411144578313
0.593607371566	0.260233918129	392	19	60	0	273	0.410526315789
0.593861140712	0.261208576998	393	19	60	0	273	0.40990990991
0.594156418538	0.262183235867	394	19	60	0	273	0.409295352324
0.594981701699	0.262183235867	395	19	60	0	273	0.408682634731
0.596098765081	0.263157894737	396	19	60	0	273	0.408071748879
0.596591123099	0.264132553606	397	19	60	0	273	0.407462686567
0.596781036949	0.265107212476	398	19	60	0	273	0.406855439642
0.599548578675	0.266081871345	399	19	60	0	273	0.40625
0.600779303528	0.267056530214	400	19	60	0	273	0.405646359584
0.603615885447	0.268031189084	401	19	60	0	273	0.405044510386
0.604538076082	0.269005847953	402	19	60	0	273	0.404444444444
0.606290202478	0.269980506823	403	19	60	0	273	0.403846153846
0.609463225253	0.270955165692	404	19	60	0	273	0.403249630724
0.609652440567	0.271929824561	405	19	60	0	273	0.402654867257
0.609858289277	0.272904483431	406	19	60	0	273	0.40206185567
0.611903613967	0.2738791423	407	19	60	0	273	0.401470588235
0.612453583243	0.272904483431	408	19	60	0	273	0.400881057269
0.613505865458	0.2738791423	409	19	60	0	273	0.400293255132
0.615731016061	0.27485380117	410	19	60	0	273	0.399707174231
0.616070353637	0.275828460039	411	19	60	0	273	0.399122807018
0.618037635231	0.275828460039	412	19	60	0	273	0.398540145985
0.618337185378	0.276803118908	413	19	60	0	273	0.397959183673
0.621210993834	0.277777777778	414	19	60	0	273	0.397379912664
0.621440925535	0.278752436647	415	19	60	0	273	0.396802325581
0.624538333959	0.277777777778	416	19	60	0	273	0.396226415094
0.625548471684	0.276803118908	417	19	60	0	273	0.395652173913
0.627150837777	0.277777777778	418	19	60	0	273	0.39507959479
0.627487231194	0.278752436647	419	19	60	0	273	0.39450867052
0.631063586881	0.279727095517	420	19	60	0	273	0.393939393939
0.631849817153	0.280701754386	421	19	60	0	273	0.393371757925
0.634221493408	0.281676413255	422	19	60	0	273	0.392805755396
0.63485041167	0.280701754386	423	19	60	0	273	0.39224137931
0.636648831462	0.281676413255	424	19	60	0	273	0.391678622669
0.636677573863	0.281676413255	425	19	60	0	273	0.39111747851
0.636839185725	0.282651072125	426	19	60	0	273	0.390557939914
0.637615641724	0.283625730994	427	19	60	0	273	0.39
0.639852804769	0.282651072125	428	19	60	0	273	0.389443651926
0.641260799918	0.282651072125	429	19	60	0	273	0.388888888889
0.642289170284	0.282651072125	430	19	60	0	273	0.388335704125
0.644544075741	0.283625730994	431	19	60	0	273	0.387784090909
0.645037105817	0.283625730994	432	19	60	0	273	0.387234042553
0.646646797992	0.284600389864	433	19	60	0	273	0.386685552408
0.646725779865	0.285575048733	434	19	60	0	273	0.386138613861
0.647746744941	0.286549707602	435	19	60	0	273	0.385593220339
0.64844768371	0.285575048733	436	19	60	0	273	0.385049365303
0.653831566053	0.286549707602	437	19	60	0	273	0.384507042254
0.656921370805	0.287524366472	438	19	60	0	273	0.383966244726
0.658628280921	0.288499025341	439	19	60	0	273	0.383426966292
0.65913322432	0.286549707602	439	20	18	0	275	0.385154061625
0.661485156038	0.287524366472	440	20	18	0	275	0.384615384615
0.663072751957	0.288499025341	441	20	18	0	275	0.384078212291
0.663672348027	0.289473684211	442	20	18	0	275	0.383542538354
0.664773836451	0.289473684211	443	20	18	0	275	0.383008356546
0.668008291016	0.29044834308	444	20	18	0	275	0.38247566064
0.670535620519	0.291423001949	445	20	18	0	275	0.381944444444
0.673018094325	0.291423001949	446	20	18	0	275	0.381414701803
0.67501411439	0.291423001949	447	20	18	0	275	0.380886426593
0.681621619886	0.292397660819	448	20	18	0	275	0.380359612725
0.681832967542	0.292397660819	449	20	18	0	275	0.379834254144
0.681871511372	0.293372319688	450	20	18	0	275	0.379310344828
0.684140364259	0.294346978558	451	20	18	0	275	0.378787878788
0.68475214684	0.295321637427	452	20	18	0	275	0.378266850069
0.687849347848	0.296296296296	453	20	18	0	275	0.377747252747
0.688127810234	0.29044834308	453	21	75	0	281	0.382833787466
0.68935693528	0.291423001949	454	21	75	0	281	0.38231292517
