# time 	 divergence 	 # of mutations 	 # IGC chances 	 IGC length 	 # IGC failures 	 Changes due to IGC  	 % change due to IGC 
0.0	0.0634408602151	0	0	0	0	0	0.0
0.00894538991183	0.0645161290323	1	0	0	0	0	0.0
0.0090893029474	0.0655913978495	2	0	0	0	0	0.0
0.00924801545555	0.0666666666667	3	0	0	0	0	0.0
0.0119694704404	0.0655913978495	4	0	0	0	0	0.0
0.0178612970457	0.0666666666667	5	0	0	0	0	0.0
0.019023546784	0.0677419354839	6	0	0	0	0	0.0
0.0208357751301	0.0688172043011	7	0	0	0	0	0.0
0.0225803496122	0.0698924731183	8	0	0	0	0	0.0
0.0245640235775	0.0709677419355	9	0	0	0	0	0.0
0.0250980724613	0.0709677419355	10	0	0	0	0	0.0
0.0252851051772	0.0720430107527	11	0	0	0	0	0.0
0.0260491730752	0.0731182795699	12	0	0	0	0	0.0
0.0278219179628	0.0741935483871	13	0	0	0	0	0.0
0.0290607279367	0.0752688172043	14	0	0	0	0	0.0
0.0290721163906	0.0763440860215	15	0	0	0	0	0.0
0.0312521161373	0.0774193548387	16	0	0	0	0	0.0
0.0342105631452	0.0784946236559	17	0	0	0	0	0.0
0.0353566479336	0.0784946236559	18	0	0	0	0	0.0
0.035555771065	0.0795698924731	19	0	0	0	0	0.0
0.0360131562026	0.0795698924731	20	0	0	0	0	0.0
0.0365305635492	0.0806451612903	21	0	0	0	0	0.0
0.0392854064964	0.0817204301075	22	0	0	0	0	0.0
0.0417824530925	0.0827956989247	23	0	0	0	0	0.0
0.0434305045383	0.0838709677419	24	0	0	0	0	0.0
0.0450523933323	0.0838709677419	25	0	0	0	0	0.0
0.0453415656075	0.0849462365591	26	0	0	0	0	0.0
0.0453929527652	0.0860215053763	27	0	0	0	0	0.0
0.0462938729587	0.0870967741935	28	0	0	0	0	0.0
0.0499360091709	0.0860215053763	29	0	0	0	0	0.0
