# time 	 divergence 	 # of mutations 	 # IGC chances 	 IGC length 	 # IGC failures 	 Changes due to IGC  	 % change due to IGC 
0.0	0.0320512820513	0	0	0	0	0	0.0
0.00104995179279	0.034188034188	1	0	0	0	0	0.0
0.00132255820309	0.0363247863248	2	0	0	0	0	0.0
0.00155651510784	0.0384615384615	3	0	0	0	0	0.0
0.00323838037242	0.0405982905983	4	0	0	0	0	0.0
0.00381966513925	0.0384615384615	4	1	36	0	1	0.2
0.00398492278378	0.0384615384615	4	2	15	0	1	0.2
0.00406068706308	0.0384615384615	4	3	6	0	1	0.2
0.00414470134339	0.0384615384615	4	4	6	0	1	0.2
0.00460106446874	0.0384615384615	4	5	3	0	1	0.2
0.0062007324388	0.0405982905983	5	5	3	0	1	0.166666666667
0.00689989159645	0.042735042735	6	5	3	0	1	0.142857142857
0.00752813876222	0.0405982905983	6	6	6	0	2	0.25
0.00831126677758	0.0405982905983	6	7	3	0	2	0.25
0.00881104850019	0.0405982905983	6	8	3	0	2	0.25
0.00910941167376	0.0405982905983	6	9	3	0	2	0.25
0.00923770740247	0.034188034188	6	10	24	0	5	0.454545454545
0.00924875365351	0.034188034188	6	11	12	0	5	0.454545454545
0.00963461938077	0.0363247863248	7	11	12	0	5	0.416666666667
0.00989572119145	0.0363247863248	7	12	3	0	5	0.416666666667
0.0104863727456	0.0384615384615	8	12	3	0	5	0.384615384615
0.0118296510505	0.0405982905983	9	12	3	0	5	0.357142857143
0.0131586948935	0.0363247863248	9	13	36	0	7	0.4375
0.0135539006719	0.0384615384615	10	13	36	0	7	0.411764705882
0.0143879182102	0.0384615384615	10	14	6	0	7	0.411764705882
