# time 	 divergence 	 # of mutations 	 # IGC chances 	 IGC length 	 # IGC failures 	 Changes due to IGC  	 % change due to IGC 
0.0	0.0	0	0	0	0	0	0.0
0.00199026080169	0.00213675213675	1	0	0	0	0	0.0
0.00245181975758	0.0042735042735	2	0	0	0	0	0.0
0.00926546782416	0.00641025641026	3	0	0	0	0	0.0
0.0140830342563	0.00854700854701	4	0	0	0	0	0.0
0.0161322040436	0.0106837606838	5	0	0	0	0	0.0
0.0168532658909	0.0128205128205	6	0	0	0	0	0.0
0.0180962716828	0.0149572649573	7	0	0	0	0	0.0
0.0200433466419	0.017094017094	8	0	0	0	0	0.0
0.0203501993493	0.0192307692308	9	0	0	0	0	0.0
0.0225157120607	0.0213675213675	10	0	0	0	0	0.0
0.0236857179584	0.0235042735043	11	0	0	0	0	0.0
0.0327638222632	0.025641025641	12	0	0	0	0	0.0
0.0395181891274	0.0277777777778	13	0	0	0	0	0.0
0.049375264138	0.0299145299145	14	0	0	0	0	0.0
0.0495397725969	0.0320512820513	15	0	0	0	0	0.0
0.0495882641213	0.034188034188	16	0	0	0	0	0.0
0.052520196605	0.0363247863248	17	0	0	0	0	0.0
0.0537942865502	0.0384615384615	18	0	0	0	0	0.0
0.0538922517492	0.0405982905983	19	0	0	0	0	0.0
0.059455264554	0.042735042735	20	0	0	0	0	0.0
0.0621909698671	0.0448717948718	21	0	0	0	0	0.0
0.0708813228876	0.0470085470085	22	0	0	0	0	0.0
0.0757867419886	0.0491452991453	23	0	0	0	0	0.0
0.0763548523833	0.0512820512821	24	0	0	0	0	0.0
0.076939049322	0.0534188034188	25	0	0	0	0	0.0
0.0840575655765	0.0555555555556	26	0	0	0	0	0.0
0.085268406588	0.0576923076923	27	0	0	0	0	0.0
0.0900536664412	0.0598290598291	28	0	0	0	0	0.0
0.0918207102041	0.0619658119658	29	0	0	0	0	0.0
0.0929742958627	0.0641025641026	30	0	0	0	0	0.0
0.0939829244777	0.0662393162393	31	0	0	0	0	0.0
0.0972998047377	0.0683760683761	32	0	0	0	0	0.0
0.0998274710878	0.0192307692308	32	1	342	0	23	0.418181818182
0.100997496652	0.0213675213675	33	1	342	0	23	0.410714285714
0.103533271465	0.0235042735043	34	1	342	0	23	0.40350877193
0.114179094154	0.025641025641	35	1	342	0	23	0.396551724138
0.118367274142	0.0277777777778	36	1	342	0	23	0.389830508475
0.118495724592	0.0299145299145	37	1	342	0	23	0.383333333333
0.118603199461	0.0320512820513	38	1	342	0	23	0.377049180328
0.118945124747	0.034188034188	39	1	342	0	23	0.370967741935
0.120607388376	0.0363247863248	40	1	342	0	23	0.365079365079
0.120929807801	0.0384615384615	41	1	342	0	23	0.359375
0.122885488119	0.0405982905983	42	1	342	0	23	0.353846153846
0.130612282254	0.042735042735	43	1	342	0	23	0.348484848485
0.13149699657	0.0448717948718	44	1	342	0	23	0.34328358209
0.13613960323	0.0470085470085	45	1	342	0	23	0.338235294118
0.136989760497	0.0491452991453	46	1	342	0	23	0.333333333333
0.137139837844	0.0512820512821	47	1	342	0	23	0.328571428571
0.137266946715	0.0534188034188	48	1	342	0	23	0.323943661972
0.138802258278	0.0555555555556	49	1	342	0	23	0.319444444444
0.144354271489	0.0576923076923	50	1	342	0	23	0.315068493151
0.145206522728	0.0598290598291	51	1	342	0	23	0.310810810811
0.149365861572	0.0619658119658	52	1	342	0	23	0.306666666667
0.154291052968	0.0641025641026	53	1	342	0	23	0.302631578947
0.158619592695	0.0662393162393	54	1	342	0	23	0.298701298701
0.158898649846	0.0683760683761	55	1	342	0	23	0.294871794872
0.159439260941	0.0705128205128	56	1	342	0	23	0.291139240506
0.16617598908	0.0726495726496	57	1	342	0	23	0.2875
0.169896015165	0.0747863247863	58	1	342	0	23	0.283950617284
