# time 	 divergence 	 # of mutations 	 # IGC chances 	 IGC length 	 # IGC failures 	 Changes due to IGC  	 % change due to IGC 
0.0	0.278494623656	0	0	0	0	0	0.0
0.00132409214589	0.278494623656	1	0	0	0	0	0.0
0.00306102859815	0.277419354839	2	0	0	0	0	0.0
0.00438587650989	0.276344086022	2	1	3	0	1	0.333333333333
0.00472216095912	0.276344086022	3	1	3	0	1	0.25
0.00827688183674	0.27311827957	3	2	3	0	4	0.571428571429
0.0102079123873	0.274193548387	4	2	3	0	4	0.5
0.0131552575591	0.27311827957	4	3	3	0	5	0.555555555556
0.0143662431128	0.27311827957	4	4	3	0	5	0.555555555556
0.0149397200322	0.269892473118	4	5	3	0	8	0.666666666667
0.0156085556118	0.270967741935	5	5	3	0	8	0.615384615385
0.0156850733342	0.272043010753	6	5	3	0	8	0.571428571429
0.0165922922675	0.272043010753	6	6	3	0	8	0.571428571429
0.0186813852348	0.272043010753	6	7	3	0	8	0.571428571429
0.0204024362485	0.27311827957	7	7	3	0	8	0.533333333333
0.0207384539797	0.274193548387	8	7	3	0	8	0.5
0.0248570820854	0.275268817204	9	7	3	0	8	0.470588235294
0.0254572260538	0.276344086022	10	7	3	0	8	0.444444444444
0.027787103564	0.276344086022	10	8	3	0	8	0.444444444444
0.0279704002971	0.274193548387	10	9	3	0	10	0.5
0.0289243767646	0.275268817204	11	9	3	0	10	0.47619047619
0.0291770601751	0.275268817204	11	10	3	0	10	0.47619047619
0.031362486124	0.274193548387	12	10	3	0	10	0.454545454545
0.0317673463242	0.275268817204	13	10	3	0	10	0.434782608696
0.0347375935857	0.274193548387	13	11	3	0	11	0.458333333333
0.0349808373853	0.275268817204	14	11	3	0	11	0.44
0.0353203217293	0.276344086022	15	11	3	0	11	0.423076923077
0.0358492894675	0.277419354839	16	11	3	0	11	0.407407407407
0.0359965450181	0.276344086022	17	11	3	0	11	0.392857142857
0.0360931141624	0.275268817204	17	12	3	0	12	0.413793103448
0.0384396766081	0.27311827957	17	13	3	0	14	0.451612903226
0.039722337615	0.27311827957	17	14	3	0	14	0.451612903226
0.0401812567354	0.270967741935	17	15	3	0	16	0.484848484848
0.0409056854983	0.270967741935	17	16	3	0	16	0.484848484848
0.042627981115	0.269892473118	17	17	3	0	17	0.5
0.042766223053	0.270967741935	18	17	3	0	17	0.485714285714
0.0431320653241	0.268817204301	18	18	3	0	19	0.513513513514
0.0435650873445	0.269892473118	19	18	3	0	19	0.5
0.0444078612441	0.269892473118	20	18	3	0	19	0.487179487179
0.0469198725347	0.270967741935	21	18	3	0	19	0.475
0.0481531621533	0.270967741935	22	18	3	0	19	0.463414634146
0.0482143955359	0.270967741935	23	18	3	0	19	0.452380952381
0.0500701512127	0.272043010753	24	18	3	0	19	0.441860465116
0.0518923851109	0.272043010753	24	19	3	0	19	0.441860465116
0.0527803647842	0.27311827957	25	19	3	0	19	0.431818181818
0.057073717862	0.27311827957	26	19	3	0	19	0.422222222222
0.0576732505851	0.272043010753	27	19	3	0	19	0.413043478261
0.0580487013476	0.27311827957	28	19	3	0	19	0.404255319149
0.0584896878052	0.27311827957	29	19	3	0	19	0.395833333333
0.0596527852553	0.27311827957	29	20	3	0	19	0.395833333333
0.0597438868092	0.274193548387	30	20	3	0	19	0.387755102041
0.0597794681624	0.274193548387	30	21	3	0	19	0.387755102041
0.0598835018467	0.274193548387	31	21	3	0	19	0.38
0.0605561292879	0.275268817204	32	21	3	0	19	0.372549019608
0.0607654183532	0.274193548387	32	22	3	0	20	0.384615384615
0.0613271757302	0.274193548387	32	23	3	0	20	0.384615384615
