# time 	 divergence 	 # of mutations 	 # IGC chances 	 IGC length 	 # IGC failures 	 Changes due to IGC  	 % change due to IGC 
0.0	0.0	0	0	0	0	0	0.0
0.00503528876121	0.00204498977505	1	0	0	0	0	0.0
0.00593081363556	0.0040899795501	2	0	0	0	0	0.0
0.0104614500831	0.00613496932515	3	0	0	0	0	0.0
0.0107491462019	0.0081799591002	4	0	0	0	0	0.0
0.0126571925314	0.0102249488753	5	0	0	0	0	0.0
0.0145729011603	0.0122699386503	6	0	0	0	0	0.0
0.0152962025338	0.0143149284254	7	0	0	0	0	0.0
0.015416993255	0.0163599182004	8	0	0	0	0	0.0
0.0155076694354	0.0184049079755	9	0	0	0	0	0.0
0.03047867503	0.0204498977505	10	0	0	0	0	0.0
0.032494132604	0.0224948875256	11	0	0	0	0	0.0
0.0360788432895	0.0204498977505	12	0	0	0	0	0.0
0.0402475366112	0.0224948875256	13	0	0	0	0	0.0
0.0483732933566	0.0245398773006	14	0	0	0	0	0.0
0.0522571753124	0.0265848670757	15	0	0	0	0	0.0
0.0574664546904	0.0286298568507	16	0	0	0	0	0.0
0.0587182533161	0.0306748466258	17	0	0	0	0	0.0
0.065846229215	0.0327198364008	18	0	0	0	0	0.0
0.0659856135318	0.0347648261759	19	0	0	0	0	0.0
0.0765328332755	0.0368098159509	20	0	0	0	0	0.0
0.0769748148043	0.038854805726	21	0	0	0	0	0.0
0.077569370426	0.040899795501	22	0	0	0	0	0.0
0.07988651434	0.0429447852761	23	0	0	0	0	0.0
0.0818506347409	0.0449897750511	24	0	0	0	0	0.0
0.0853924043288	0.0470347648262	25	0	0	0	0	0.0
0.0867979079477	0.0490797546012	26	0	0	0	0	0.0
0.0876133259459	0.0470347648262	27	0	0	0	0	0.0
0.089436109853	0.0490797546012	28	0	0	0	0	0.0
0.0910323914449	0.0511247443763	29	0	0	0	0	0.0
0.0958063686622	0.0531697341513	30	0	0	0	0	0.0
0.0968526247681	0.0552147239264	31	0	0	0	0	0.0
0.097941996331	0.0572597137014	32	0	0	0	0	0.0
0.0999362129784	0.0593047034765	33	0	0	0	0	0.0
0.108554564816	0.0613496932515	34	0	0	0	0	0.0
0.114029869681	0.0593047034765	35	0	0	0	0	0.0
0.118653505679	0.0613496932515	36	0	0	0	0	0.0
0.129949106877	0.0633946830266	37	0	0	0	0	0.0
0.134747256994	0.0654396728016	38	0	0	0	0	0.0
0.13748474815	0.0674846625767	39	0	0	0	0	0.0
0.14098342534	0.0695296523517	40	0	0	0	0	0.0
0.144961491407	0.0715746421268	41	0	0	0	0	0.0
0.145186265569	0.0736196319018	42	0	0	0	0	0.0
0.147345116396	0.0756646216769	43	0	0	0	0	0.0
0.148400651423	0.0777096114519	44	0	0	0	0	0.0
0.151565644785	0.079754601227	45	0	0	0	0	0.0
0.156190249361	0.081799591002	46	0	0	0	0	0.0
0.157250337531	0.0838445807771	47	0	0	0	0	0.0
0.159003556687	0.0858895705521	48	0	0	0	0	0.0
0.161261989513	0.0879345603272	49	0	0	0	0	0.0
0.163192203753	0.0899795501022	50	0	0	0	0	0.0
0.168878632077	0.0899795501022	51	0	0	0	0	0.0
0.172006360001	0.0920245398773	52	0	0	0	0	0.0
0.172906775096	0.0940695296524	53	0	0	0	0	0.0
0.177994421772	0.0920245398773	54	0	0	0	0	0.0
0.178464333314	0.0940695296524	55	0	0	0	0	0.0
0.178684468444	0.0961145194274	56	0	0	0	0	0.0
0.188033792258	0.0981595092025	57	0	0	0	0	0.0
0.201168254527	0.100204498978	58	0	0	0	0	0.0
0.20336180169	0.102249488753	59	0	0	0	0	0.0
0.204270743006	0.104294478528	60	0	0	0	0	0.0
0.205729733247	0.106339468303	61	0	0	0	0	0.0
0.21281820252	0.108384458078	62	0	0	0	0	0.0
0.214656524669	0.110429447853	63	0	0	0	0	0.0
