# time 	 divergence 	 # of mutations 	 # IGC chances 	 IGC length 	 # IGC failures 	 Changes due to IGC  	 % change due to IGC 
0.0	0.0	0	0	0	0	0	0.0
0.00260547035367	0.00213675213675	1	0	0	0	0	0.0
0.00284662582801	0.0042735042735	2	0	0	0	0	0.0
0.00303747627041	0.00641025641026	3	0	0	0	0	0.0
0.0055100753627	0.00854700854701	4	0	0	0	0	0.0
0.00627831174093	0.0106837606838	5	0	0	0	0	0.0
0.00686628002151	0.0128205128205	6	0	0	0	0	0.0
0.0076942411929	0.0149572649573	7	0	0	0	0	0.0
0.010957626742	0.017094017094	8	0	0	0	0	0.0
0.0117126448558	0.0192307692308	9	0	0	0	0	0.0
0.0130055607429	0.0213675213675	10	0	0	0	0	0.0
0.0134738498737	0.0235042735043	11	0	0	0	0	0.0
0.0162014659309	0.025641025641	12	0	0	0	0	0.0
0.0184109555241	0.0277777777778	13	0	0	0	0	0.0
0.0233163860369	0.0299145299145	14	0	0	0	0	0.0
0.023363215147	0.0320512820513	15	0	0	0	0	0.0
0.0299288963892	0.034188034188	16	0	0	0	0	0.0
0.0307458273207	0.0363247863248	17	0	0	0	0	0.0
0.0335554104092	0.0384615384615	18	0	0	0	0	0.0
0.0348805983619	0.0405982905983	19	0	0	0	0	0.0
0.0369973102638	0.042735042735	20	0	0	0	0	0.0
0.0414584033059	0.0448717948718	21	0	0	0	0	0.0
0.0455492571034	0.0470085470085	22	0	0	0	0	0.0
0.0461771122513	0.0470085470085	23	0	0	0	0	0.0
0.0525564271681	0.0491452991453	24	0	0	0	0	0.0
0.0597795370226	0.0512820512821	25	0	0	0	0	0.0
0.0630285332684	0.0534188034188	26	0	0	0	0	0.0
0.0630303847022	0.0555555555556	27	0	0	0	0	0.0
0.0644396154459	0.0576923076923	28	0	0	0	0	0.0
0.0648155522916	0.0598290598291	29	0	0	0	0	0.0
0.0672899127035	0.0619658119658	30	0	0	0	0	0.0
0.0743907092935	0.0641025641026	31	0	0	0	0	0.0
0.0756368184664	0.0662393162393	32	0	0	0	0	0.0
0.0790674564008	0.0683760683761	33	0	0	0	0	0.0
0.0898133880142	0.0705128205128	34	0	0	0	0	0.0
0.0917465063197	0.0726495726496	35	0	0	0	0	0.0
0.0993194077186	0.0747863247863	36	0	0	0	0	0.0
0.101203565569	0.0769230769231	37	0	0	0	0	0.0
0.111144357958	0.0790598290598	38	0	0	0	0	0.0
0.113045432748	0.0811965811966	39	0	0	0	0	0.0
0.114611127344	0.0833333333333	40	0	0	0	0	0.0
0.115206874547	0.0854700854701	41	0	0	0	0	0.0
0.115977176511	0.0876068376068	42	0	0	0	0	0.0
0.120975022966	0.0897435897436	43	0	0	0	0	0.0
0.12595082085	0.0918803418803	44	0	0	0	0	0.0
0.126175429178	0.0940170940171	45	0	0	0	0	0.0
0.130234957761	0.0918803418803	46	0	0	0	0	0.0
0.131083488933	0.0940170940171	47	0	0	0	0	0.0
0.132110474049	0.0961538461538	48	0	0	0	0	0.0
0.13216175494	0.0982905982906	49	0	0	0	0	0.0
0.143162057928	0.100427350427	50	0	0	0	0	0.0
0.143276704591	0.102564102564	51	0	0	0	0	0.0
0.15900695932	0.100427350427	52	0	0	0	0	0.0
0.161739989022	0.102564102564	53	0	0	0	0	0.0
0.162465327934	0.104700854701	54	0	0	0	0	0.0
0.167728185095	0.106837606838	55	0	0	0	0	0.0
0.168115939348	0.108974358974	56	0	0	0	0	0.0
0.169457510915	0.111111111111	57	0	0	0	0	0.0
0.174373281681	0.113247863248	58	0	0	0	0	0.0
0.175303896107	0.111111111111	59	0	0	0	0	0.0
0.183532147423	0.113247863248	60	0	0	0	0	0.0
0.184183683387	0.113247863248	61	0	0	0	0	0.0
0.193676029186	0.115384615385	62	0	0	0	0	0.0
0.19614097279	0.117521367521	63	0	0	0	0	0.0
0.199652537999	0.119658119658	64	0	0	0	0	0.0
0.201308814444	0.119658119658	65	0	0	0	0	0.0
0.202828758254	0.121794871795	66	0	0	0	0	0.0
0.203462782132	0.123931623932	67	0	0	0	0	0.0
0.206071232309	0.126068376068	68	0	0	0	0	0.0
0.207021760027	0.128205128205	69	0	0	0	0	0.0
0.207154448997	0.130341880342	70	0	0	0	0	0.0
0.208959869196	0.132478632479	71	0	0	0	0	0.0
0.21508267046	0.130341880342	72	0	0	0	0	0.0
0.220963018214	0.132478632479	73	0	0	0	0	0.0
0.225429350052	0.134615384615	74	0	0	0	0	0.0
0.227132363937	0.136752136752	75	0	0	0	0	0.0
0.228097776908	0.136752136752	76	0	0	0	0	0.0
0.229083422327	0.138888888889	77	0	0	0	0	0.0
0.237842496277	0.141025641026	78	0	0	0	0	0.0
0.242951749258	0.143162393162	79	0	0	0	0	0.0
0.245094897663	0.145299145299	80	0	0	0	0	0.0
0.246961837265	0.147435897436	81	0	0	0	0	0.0
0.247321454875	0.149572649573	82	0	0	0	0	0.0
0.253582610868	0.151709401709	83	0	0	0	0	0.0
0.25671340743	0.153846153846	84	0	0	0	0	0.0
0.269479034209	0.155982905983	85	0	0	0	0	0.0
0.271154086995	0.15811965812	86	0	0	0	0	0.0
0.276533118858	0.15811965812	87	0	0	0	0	0.0
0.277275223176	0.155982905983	88	0	0	0	0	0.0
0.278546076482	0.155982905983	89	0	0	0	0	0.0
0.287166131388	0.15811965812	90	0	0	0	0	0.0
0.292761808485	0.160256410256	91	0	0	0	0	0.0
0.30576837549	0.15811965812	92	0	0	0	0	0.0
0.306407000641	0.160256410256	93	0	0	0	0	0.0
0.316503659665	0.162393162393	94	0	0	0	0	0.0
0.323439041219	0.162393162393	95	0	0	0	0	0.0
0.325451385053	0.16452991453	96	0	0	0	0	0.0
0.331914897756	0.166666666667	97	0	0	0	0	0.0
0.336340828985	0.168803418803	98	0	0	0	0	0.0
0.337148516804	0.17094017094	99	0	0	0	0	0.0
0.337787236735	0.168803418803	100	0	0	0	0	0.0
0.339882405709	0.166666666667	101	0	0	0	0	0.0
