# time 	 divergence 	 # of mutations 	 # IGC chances 	 IGC length 	 # IGC failures 	 Changes due to IGC  	 % change due to IGC 
0.0	0.535483870968	0	0	0	0	0	0.0
0.000122117488372	0.535483870968	1	0	0	0	0	0.0
0.000295907983465	0.535483870968	2	0	0	0	0	0.0
0.0011853768779	0.536559139785	3	0	0	0	0	0.0
0.00275896395421	0.537634408602	4	0	0	0	0	0.0
0.0041879066819	0.538709677419	5	0	0	0	0	0.0
0.00685777864351	0.538709677419	6	0	0	0	0	0.0
0.0106962632836	0.539784946237	7	0	0	0	0	0.0
0.0109191878709	0.540860215054	8	0	0	0	0	0.0
0.0115404559832	0.541935483871	9	0	0	0	0	0.0
0.0132480787118	0.540860215054	10	0	0	0	0	0.0
0.013341193346	0.541935483871	11	0	0	0	0	0.0
0.0149965249376	0.543010752688	12	0	0	0	0	0.0
0.0171486157498	0.543010752688	13	0	0	0	0	0.0
0.017897624086	0.541935483871	14	0	0	0	0	0.0
0.0202220809073	0.541935483871	15	0	0	0	0	0.0
0.0212925810741	0.541935483871	16	0	0	0	0	0.0
0.0217301720929	0.541935483871	17	0	0	0	0	0.0
0.0237267857173	0.543010752688	18	0	0	0	0	0.0
0.0238470601758	0.544086021505	19	0	0	0	0	0.0
0.0285411801258	0.543010752688	20	0	0	0	0	0.0
0.0290047141262	0.543010752688	21	0	0	0	0	0.0
0.029940513053	0.541935483871	22	0	0	0	0	0.0
0.0305073827735	0.540860215054	23	0	0	0	0	0.0
0.0315941978451	0.541935483871	24	0	0	0	0	0.0
0.0321224993113	0.541935483871	25	0	0	0	0	0.0
0.0327232855816	0.543010752688	26	0	0	0	0	0.0
0.0350730069523	0.544086021505	27	0	0	0	0	0.0
0.0352643311235	0.543010752688	28	0	0	0	0	0.0
0.0353479412927	0.544086021505	29	0	0	0	0	0.0
0.038252330968	0.545161290323	30	0	0	0	0	0.0
0.0404928831932	0.545161290323	31	0	0	0	0	0.0
0.0405731391423	0.545161290323	32	0	0	0	0	0.0
0.0413206859454	0.545161290323	33	0	0	0	0	0.0
0.0416132535235	0.545161290323	34	0	0	0	0	0.0
0.0422476084498	0.54623655914	35	0	0	0	0	0.0
0.0424356315033	0.54623655914	36	0	0	0	0	0.0
0.0428703680953	0.547311827957	37	0	0	0	0	0.0
0.0448416372081	0.54623655914	38	0	0	0	0	0.0
0.0493717045415	0.545161290323	39	0	0	0	0	0.0
0.0495019831048	0.544086021505	40	0	0	0	0	0.0
0.0520179661495	0.545161290323	41	0	0	0	0	0.0
0.0520491542815	0.545161290323	42	0	0	0	0	0.0
0.0560655104655	0.544086021505	43	0	0	0	0	0.0
0.0562304463862	0.544086021505	44	0	0	0	0	0.0
0.0576822586813	0.543010752688	45	0	0	0	0	0.0
0.0590469983275	0.541935483871	46	0	0	0	0	0.0
0.0597472023754	0.541935483871	47	0	0	0	0	0.0
0.0598823137713	0.543010752688	48	0	0	0	0	0.0
0.0645760137761	0.544086021505	49	0	0	0	0	0.0
0.0674625841996	0.544086021505	50	0	0	0	0	0.0
0.0684303245831	0.544086021505	51	0	0	0	0	0.0
0.0716809846169	0.545161290323	52	0	0	0	0	0.0
0.0717815303141	0.544086021505	53	0	0	0	0	0.0
0.0747032510591	0.543010752688	54	0	0	0	0	0.0
0.0756763243578	0.544086021505	55	0	0	0	0	0.0
0.0769604332846	0.544086021505	56	0	0	0	0	0.0
0.0775465208972	0.543010752688	57	0	0	0	0	0.0
0.0778822066047	0.541935483871	58	0	0	0	0	0.0
0.0826346397915	0.540860215054	59	0	0	0	0	0.0
0.0863436322189	0.541935483871	60	0	0	0	0	0.0
0.0863512414739	0.543010752688	61	0	0	0	0	0.0
0.0868417454439	0.541935483871	62	0	0	0	0	0.0
0.0884172375583	0.541935483871	63	0	0	0	0	0.0
0.090147429706	0.543010752688	64	0	0	0	0	0.0
0.0908994725906	0.543010752688	65	0	0	0	0	0.0
0.0911440971259	0.544086021505	66	0	0	0	0	0.0
0.0949735453687	0.545161290323	67	0	0	0	0	0.0
0.0951213564613	0.545161290323	68	0	0	0	0	0.0
0.0977598698475	0.545161290323	69	0	0	0	0	0.0
0.0978519296262	0.544086021505	70	0	0	0	0	0.0
0.100129445985	0.544086021505	71	0	0	0	0	0.0
0.100477739619	0.545161290323	72	0	0	0	0	0.0
0.104083771314	0.54623655914	73	0	0	0	0	0.0
0.109646710135	0.545161290323	74	0	0	0	0	0.0
0.112020732456	0.544086021505	75	0	0	0	0	0.0
0.113261646639	0.544086021505	76	0	0	0	0	0.0
0.113691914534	0.543010752688	77	0	0	0	0	0.0
0.113788450696	0.541935483871	78	0	0	0	0	0.0
0.117411049933	0.540860215054	79	0	0	0	0	0.0
0.118693188443	0.541935483871	80	0	0	0	0	0.0
0.125869461517	0.541935483871	81	0	0	0	0	0.0
0.126328350561	0.540860215054	82	0	0	0	0	0.0
0.131728498049	0.541935483871	83	0	0	0	0	0.0
0.132950383971	0.541935483871	84	0	0	0	0	0.0
0.135130941606	0.543010752688	85	0	0	0	0	0.0
0.135576004779	0.544086021505	86	0	0	0	0	0.0
0.138303018669	0.543010752688	87	0	0	0	0	0.0
0.140094483125	0.544086021505	88	0	0	0	0	0.0
0.141514865292	0.544086021505	89	0	0	0	0	0.0
0.143121744327	0.544086021505	90	0	0	0	0	0.0
0.143277259067	0.544086021505	91	0	0	0	0	0.0
0.143561937476	0.544086021505	92	0	0	0	0	0.0
0.14632251116	0.544086021505	93	0	0	0	0	0.0
0.149677139042	0.545161290323	94	0	0	0	0	0.0
0.150323621941	0.545161290323	95	0	0	0	0	0.0
0.152554062721	0.54623655914	96	0	0	0	0	0.0
0.152761241684	0.54623655914	97	0	0	0	0	0.0
0.152838290468	0.54623655914	98	0	0	0	0	0.0
0.156599821432	0.547311827957	99	0	0	0	0	0.0
0.15721846595	0.548387096774	100	0	0	0	0	0.0
0.162415277614	0.548387096774	101	0	0	0	0	0.0
0.163453967665	0.549462365591	102	0	0	0	0	0.0
0.165625604477	0.549462365591	103	0	0	0	0	0.0
0.165853369539	0.549462365591	104	0	0	0	0	0.0
0.166172054571	0.548387096774	105	0	0	0	0	0.0
0.166806520221	0.549462365591	106	0	0	0	0	0.0
0.168046501258	0.550537634409	107	0	0	0	0	0.0
0.168812672995	0.549462365591	108	0	0	0	0	0.0
0.168959928958	0.550537634409	109	0	0	0	0	0.0
0.171567286324	0.551612903226	110	0	0	0	0	0.0
0.171826653215	0.550537634409	111	0	0	0	0	0.0
0.177261952679	0.550537634409	112	0	0	0	0	0.0
0.178781084929	0.551612903226	113	0	0	0	0	0.0
0.182454996389	0.550537634409	114	0	0	0	0	0.0
0.182561318355	0.549462365591	115	0	0	0	0	0.0
0.182588204017	0.548387096774	116	0	0	0	0	0.0
0.186183133965	0.548387096774	117	0	0	0	0	0.0
0.187475334192	0.548387096774	118	0	0	0	0	0.0
0.187601584449	0.547311827957	119	0	0	0	0	0.0
0.189459016547	0.547311827957	120	0	0	0	0	0.0
0.1907616189	0.548387096774	121	0	0	0	0	0.0
0.191744370776	0.547311827957	122	0	0	0	0	0.0
0.192655878349	0.548387096774	123	0	0	0	0	0.0
0.193128050425	0.548387096774	124	0	0	0	0	0.0
0.194772175511	0.548387096774	125	0	0	0	0	0.0
0.196621494086	0.548387096774	126	0	0	0	0	0.0
0.196624210687	0.549462365591	127	0	0	0	0	0.0
0.199578120956	0.549462365591	128	0	0	0	0	0.0
0.200291645735	0.550537634409	129	0	0	0	0	0.0
0.202085886104	0.551612903226	130	0	0	0	0	0.0
0.205977048802	0.552688172043	131	0	0	0	0	0.0
0.209930872458	0.551612903226	132	0	0	0	0	0.0
0.210361333115	0.551612903226	133	0	0	0	0	0.0
0.210700680577	0.552688172043	134	0	0	0	0	0.0
0.215221848072	0.551612903226	135	0	0	0	0	0.0
0.216883649347	0.551612903226	136	0	0	0	0	0.0
0.217991414141	0.551612903226	137	0	0	0	0	0.0
0.219364028905	0.551612903226	138	0	0	0	0	0.0
0.220935659417	0.552688172043	139	0	0	0	0	0.0
0.221207809173	0.552688172043	140	0	0	0	0	0.0
0.223816548124	0.552688172043	141	0	0	0	0	0.0
0.223895669456	0.551612903226	142	0	0	0	0	0.0
0.224206012924	0.551612903226	143	0	0	0	0	0.0
0.224612209993	0.552688172043	144	0	0	0	0	0.0
0.225080981691	0.55376344086	145	0	0	0	0	0.0
0.228756816514	0.552688172043	146	0	0	0	0	0.0
0.228850191938	0.55376344086	147	0	0	0	0	0.0
0.230524220287	0.55376344086	148	0	0	0	0	0.0
0.232483338524	0.554838709677	149	0	0	0	0	0.0
0.234386228257	0.555913978495	150	0	0	0	0	0.0
0.238279761601	0.554838709677	151	0	0	0	0	0.0
0.239835961947	0.555913978495	152	0	0	0	0	0.0
0.240556194081	0.556989247312	153	0	0	0	0	0.0
0.240743593793	0.558064516129	154	0	0	0	0	0.0
0.240948739198	0.558064516129	155	0	0	0	0	0.0
0.246089483921	0.558064516129	156	0	0	0	0	0.0
0.246361218829	0.559139784946	157	0	0	0	0	0.0
0.246781662453	0.560215053763	158	0	0	0	0	0.0
0.246790829293	0.560215053763	159	0	0	0	0	0.0
0.247014326665	0.561290322581	160	0	0	0	0	0.0
0.247973415455	0.562365591398	161	0	0	0	0	0.0
0.248633668979	0.563440860215	162	0	0	0	0	0.0
0.250173536692	0.564516129032	163	0	0	0	0	0.0
0.253219902489	0.565591397849	164	0	0	0	0	0.0
0.254271150905	0.566666666667	165	0	0	0	0	0.0
0.258788886254	0.567741935484	166	0	0	0	0	0.0
0.260338850439	0.566666666667	167	0	0	0	0	0.0
0.26358606438	0.566666666667	168	0	0	0	0	0.0
0.264080951868	0.565591397849	169	0	0	0	0	0.0
0.266307800935	0.566666666667	170	0	0	0	0	0.0
0.268600401528	0.565591397849	171	0	0	0	0	0.0
0.269140504199	0.565591397849	172	0	0	0	0	0.0
0.272677591276	0.566666666667	173	0	0	0	0	0.0
0.274658585564	0.566666666667	174	0	0	0	0	0.0
0.275953010932	0.567741935484	175	0	0	0	0	0.0
0.276753523875	0.566666666667	176	0	0	0	0	0.0
0.280085262467	0.567741935484	177	0	0	0	0	0.0
0.281701324827	0.568817204301	178	0	0	0	0	0.0
0.283865533921	0.567741935484	179	0	0	0	0	0.0
0.283890320088	0.567741935484	180	0	0	0	0	0.0
0.284037216476	0.568817204301	181	0	0	0	0	0.0
0.286937259009	0.569892473118	182	0	0	0	0	0.0
0.287486908519	0.570967741935	183	0	0	0	0	0.0
0.289807121527	0.572043010753	184	0	0	0	0	0.0
0.292225079831	0.57311827957	185	0	0	0	0	0.0
0.29296206282	0.572043010753	186	0	0	0	0	0.0
0.295322369601	0.57311827957	187	0	0	0	0	0.0
0.296187556268	0.574193548387	188	0	0	0	0	0.0
0.296845495194	0.574193548387	189	0	0	0	0	0.0
0.296887083371	0.575268817204	190	0	0	0	0	0.0
0.300736312974	0.574193548387	191	0	0	0	0	0.0
0.302614996061	0.575268817204	192	0	0	0	0	0.0
0.309517937552	0.576344086022	193	0	0	0	0	0.0
0.314058390191	0.577419354839	194	0	0	0	0	0.0
0.31508648567	0.577419354839	195	0	0	0	0	0.0
0.317664476297	0.578494623656	196	0	0	0	0	0.0
0.319567055564	0.579569892473	197	0	0	0	0	0.0
0.320666052668	0.579569892473	198	0	0	0	0	0.0
0.32069327896	0.58064516129	199	0	0	0	0	0.0
0.323730581981	0.58064516129	200	0	0	0	0	0.0
0.325786215019	0.58064516129	201	0	0	0	0	0.0
0.328849037918	0.579569892473	202	0	0	0	0	0.0
0.32886619437	0.578494623656	203	0	0	0	0	0.0
0.330018253529	0.577419354839	204	0	0	0	0	0.0
0.331048405702	0.577419354839	205	0	0	0	0	0.0
0.331440152469	0.578494623656	206	0	0	0	0	0.0
0.336707491525	0.579569892473	207	0	0	0	0	0.0
0.339102937647	0.579569892473	208	0	0	0	0	0.0
0.342459139251	0.58064516129	209	0	0	0	0	0.0
0.344332967365	0.58064516129	210	0	0	0	0	0.0
0.347953059617	0.581720430108	211	0	0	0	0	0.0
0.352031430814	0.58064516129	212	0	0	0	0	0.0
0.354946162556	0.58064516129	213	0	0	0	0	0.0
0.357085869628	0.581720430108	214	0	0	0	0	0.0
0.358917099255	0.581720430108	215	0	0	0	0	0.0
0.359000344211	0.58064516129	216	0	0	0	0	0.0
0.359229419142	0.581720430108	217	0	0	0	0	0.0
0.359876955525	0.581720430108	218	0	0	0	0	0.0
0.35988850055	0.582795698925	219	0	0	0	0	0.0
0.360259877379	0.581720430108	220	0	0	0	0	0.0
0.363051445085	0.582795698925	221	0	0	0	0	0.0
0.36516226923	0.582795698925	222	0	0	0	0	0.0
0.367647872597	0.582795698925	223	0	0	0	0	0.0
0.367822311931	0.582795698925	224	0	0	0	0	0.0
0.367989285394	0.582795698925	225	0	0	0	0	0.0
0.36944834361	0.583870967742	226	0	0	0	0	0.0
0.371628265371	0.582795698925	227	0	0	0	0	0.0
0.371773052377	0.583870967742	228	0	0	0	0	0.0
0.373040786524	0.583870967742	229	0	0	0	0	0.0
0.375666891236	0.583870967742	230	0	0	0	0	0.0
0.37588227966	0.583870967742	231	0	0	0	0	0.0
0.377279442207	0.584946236559	232	0	0	0	0	0.0
0.37810201969	0.586021505376	233	0	0	0	0	0.0
0.381666888683	0.587096774194	234	0	0	0	0	0.0
0.382020187285	0.587096774194	235	0	0	0	0	0.0
0.382133929412	0.586021505376	236	0	0	0	0	0.0
0.383674754456	0.584946236559	237	0	0	0	0	0.0
0.384623792618	0.586021505376	238	0	0	0	0	0.0
0.385240126963	0.587096774194	239	0	0	0	0	0.0
0.385431387973	0.588172043011	240	0	0	0	0	0.0
0.386471448845	0.589247311828	241	0	0	0	0	0.0
0.391826454021	0.589247311828	242	0	0	0	0	0.0
0.394251076239	0.590322580645	243	0	0	0	0	0.0
0.396493363132	0.589247311828	244	0	0	0	0	0.0
0.398318771258	0.588172043011	245	0	0	0	0	0.0
0.399168764649	0.589247311828	246	0	0	0	0	0.0
0.400449082253	0.590322580645	247	0	0	0	0	0.0
0.401112048515	0.591397849462	248	0	0	0	0	0.0
0.402439338257	0.59247311828	249	0	0	0	0	0.0
0.404176431777	0.59247311828	250	0	0	0	0	0.0
0.407684346161	0.591397849462	251	0	0	0	0	0.0
0.408767576001	0.591397849462	252	0	0	0	0	0.0
0.410597397429	0.591397849462	253	0	0	0	0	0.0
0.410683673251	0.591397849462	254	0	0	0	0	0.0
0.411568244178	0.59247311828	255	0	0	0	0	0.0
0.41190339137	0.59247311828	256	0	0	0	0	0.0
0.414263819979	0.591397849462	257	0	0	0	0	0.0
0.419754969771	0.591397849462	258	0	0	0	0	0.0
0.424167401436	0.59247311828	259	0	0	0	0	0.0
0.426781640797	0.59247311828	260	0	0	0	0	0.0
0.426863969226	0.593548387097	261	0	0	0	0	0.0
0.42692236151	0.593548387097	262	0	0	0	0	0.0
0.428198122446	0.594623655914	263	0	0	0	0	0.0
