# time 	 divergence 	 # of mutations 	 # IGC chances 	 IGC length 	 # IGC failures 	 Changes due to IGC  	 % change due to IGC 
0.0	0.0	0	0	0	0	0	0.0
0.000165024562051	0.0	0	1	9	0	0	0.0
0.00178248732612	0.0010752688172	1	1	9	0	0	0.0
0.00315563575676	0.00215053763441	2	1	9	0	0	0.0
0.00343983330534	0.00322580645161	3	1	9	0	0	0.0
0.0047491779152	0.00430107526882	4	1	9	0	0	0.0
0.007101140973	0.00537634408602	5	1	9	0	0	0.0
0.00928062009219	0.00537634408602	5	2	12	0	0	0.0
0.00997312833148	0.00645161290323	6	2	12	0	0	0.0
0.00999036447419	0.00752688172043	7	2	12	0	0	0.0
0.0107893330581	0.00860215053763	8	2	12	0	0	0.0
0.0111392347512	0.00967741935484	9	2	12	0	0	0.0
0.0111883429536	0.010752688172	10	2	12	0	0	0.0
0.0141358552346	0.010752688172	10	3	3	0	0	0.0
0.0182906076093	0.010752688172	10	4	18	0	0	0.0
0.0187521798995	0.010752688172	10	5	6	0	0	0.0
0.0198192831534	0.0118279569892	11	5	6	0	0	0.0
0.0203529859919	0.0118279569892	11	6	3	0	0	0.0
0.0204913842448	0.0129032258065	12	6	3	0	0	0.0
0.0221147158091	0.0139784946237	13	6	3	0	0	0.0
0.0233368355147	0.0150537634409	14	6	3	0	0	0.0
0.0234852218958	0.0161290322581	15	6	3	0	0	0.0
0.023519845897	0.0172043010753	16	6	3	0	0	0.0
0.0250261081846	0.0182795698925	17	6	3	0	0	0.0
0.0272926315074	0.0193548387097	18	6	3	0	0	0.0
0.0294041181902	0.0204301075269	19	6	3	0	0	0.0
0.0334334426243	0.0215053763441	20	6	3	0	0	0.0
0.0349040821851	0.0225806451613	21	6	3	0	0	0.0
0.0362887454292	0.0236559139785	22	6	3	0	0	0.0
0.0365773983144	0.0247311827957	23	6	3	0	0	0.0
0.0374275337097	0.0258064516129	24	6	3	0	0	0.0
0.0384495813984	0.0268817204301	25	6	3	0	0	0.0
0.040225170338	0.0279569892473	26	6	3	0	0	0.0
0.040633851095	0.0290322580645	27	6	3	0	0	0.0
0.0460954179448	0.0290322580645	27	7	15	0	0	0.0
0.0478076298853	0.0301075268817	28	7	15	0	0	0.0
0.0479938719568	0.0311827956989	29	7	15	0	0	0.0
0.04915697786	0.0322580645161	30	7	15	0	0	0.0
0.0500226420008	0.0333333333333	31	7	15	0	0	0.0
0.0512817024255	0.0344086021505	32	7	15	0	0	0.0
0.0512998459163	0.0354838709677	33	7	15	0	0	0.0
0.0517235077713	0.0365591397849	34	7	15	0	0	0.0
0.0544949694562	0.0376344086022	35	7	15	0	0	0.0
0.0550480496054	0.0387096774194	36	7	15	0	0	0.0
0.0556284370245	0.0387096774194	36	8	3	0	0	0.0
0.0560040627104	0.0397849462366	37	8	3	0	0	0.0
0.0565688937251	0.0408602150538	38	8	3	0	0	0.0
0.0568384693366	0.041935483871	39	8	3	0	0	0.0
0.0620400419032	0.0430107526882	40	8	3	0	0	0.0
0.0638142991649	0.0408602150538	40	9	18	0	2	0.047619047619
0.0650438201832	0.041935483871	41	9	18	0	2	0.046511627907
0.065933098241	0.0430107526882	42	9	18	0	2	0.0454545454545
0.0668517238598	0.0440860215054	43	9	18	0	2	0.0444444444444
0.0677604276477	0.0451612903226	44	9	18	0	2	0.0434782608696
0.0682450174535	0.0440860215054	44	10	3	0	3	0.063829787234
0.068250744913	0.0451612903226	45	10	3	0	3	0.0625
0.0690675325455	0.0462365591398	46	10	3	0	3	0.0612244897959
0.0692931997938	0.047311827957	47	10	3	0	3	0.06
0.0702423126845	0.0483870967742	48	10	3	0	3	0.0588235294118
0.0718532073511	0.0494623655914	49	10	3	0	3	0.0576923076923
0.0741289689404	0.0505376344086	50	10	3	0	3	0.0566037735849
0.0758882906566	0.0516129032258	51	10	3	0	3	0.0555555555556
0.0771284285519	0.052688172043	52	10	3	0	3	0.0545454545455
0.0794807982091	0.052688172043	52	11	9	0	3	0.0545454545455
0.0820782375923	0.0537634408602	53	11	9	0	3	0.0535714285714
0.0845299910138	0.0548387096774	54	11	9	0	3	0.0526315789474
0.0870134837545	0.0559139784946	55	11	9	0	3	0.051724137931
0.0885661760251	0.0569892473118	56	11	9	0	3	0.0508474576271
0.0898682032848	0.058064516129	57	11	9	0	3	0.05
0.0948105217102	0.0569892473118	57	12	21	0	4	0.0655737704918
0.095127822539	0.058064516129	58	12	21	0	4	0.0645161290323
0.0954581789246	0.0591397849462	59	12	21	0	4	0.0634920634921
0.0957026205978	0.0602150537634	60	12	21	0	4	0.0625
0.0958225726089	0.0612903225806	61	12	21	0	4	0.0615384615385
0.0977896788023	0.0623655913978	62	12	21	0	4	0.0606060606061
0.0983169157683	0.0634408602151	63	12	21	0	4	0.0597014925373
0.100185089567	0.0645161290323	64	12	21	0	4	0.0588235294118
0.101683937743	0.0655913978495	65	12	21	0	4	0.0579710144928
0.102267920194	0.0666666666667	66	12	21	0	4	0.0571428571429
0.102510718827	0.0677419354839	67	12	21	0	4	0.056338028169
0.103541492363	0.0688172043011	68	12	21	0	4	0.0555555555556
0.105419930969	0.0698924731183	69	12	21	0	4	0.0547945205479
0.105758471064	0.0709677419355	70	12	21	0	4	0.0540540540541
0.107777103314	0.0698924731183	70	13	12	0	5	0.0666666666667
0.108002415805	0.0698924731183	70	14	9	0	5	0.0666666666667
0.108929468546	0.0709677419355	71	14	9	0	5	0.0657894736842
0.110631981727	0.0709677419355	71	15	6	0	5	0.0657894736842
0.11245241004	0.0709677419355	71	16	3	0	5	0.0657894736842
0.112527890234	0.0720430107527	72	16	3	0	5	0.0649350649351
0.11320287233	0.0731182795699	73	16	3	0	5	0.0641025641026
0.114955877829	0.0720430107527	73	17	3	0	6	0.0759493670886
0.114981509773	0.0731182795699	74	17	3	0	6	0.075
0.115080729617	0.0741935483871	75	17	3	0	6	0.0740740740741
0.115354033328	0.0741935483871	76	17	3	0	6	0.0731707317073
0.120828567985	0.0741935483871	76	18	12	0	6	0.0731707317073
0.121126297575	0.0752688172043	77	18	12	0	6	0.0722891566265
0.122130548338	0.0763440860215	78	18	12	0	6	0.0714285714286
0.122949741323	0.0763440860215	78	19	3	0	6	0.0714285714286
0.124797285907	0.0774193548387	79	19	3	0	6	0.0705882352941
0.126523319991	0.0784946236559	80	19	3	0	6	0.0697674418605
0.127294796339	0.0795698924731	81	19	3	0	6	0.0689655172414
0.128120315833	0.0806451612903	82	19	3	0	6	0.0681818181818
0.128654120842	0.0817204301075	83	19	3	0	6	0.0674157303371
0.12952726768	0.0827956989247	84	19	3	0	6	0.0666666666667
0.129664180435	0.0838709677419	85	19	3	0	6	0.0659340659341
0.130185691403	0.0849462365591	86	19	3	0	6	0.0652173913043
0.130785944455	0.0860215053763	87	19	3	0	6	0.0645161290323
0.131288206902	0.0849462365591	87	20	3	0	7	0.0744680851064
0.132263628524	0.0849462365591	87	21	6	0	7	0.0744680851064
0.133812196357	0.0849462365591	87	22	3	0	7	0.0744680851064
0.135905090135	0.0860215053763	88	22	3	0	7	0.0736842105263
0.136108758485	0.0870967741935	89	22	3	0	7	0.0729166666667
0.136727458275	0.0881720430108	90	22	3	0	7	0.0721649484536
0.138841252099	0.089247311828	91	22	3	0	7	0.0714285714286
0.139188747574	0.0903225806452	92	22	3	0	7	0.0707070707071
0.139557843882	0.0903225806452	93	22	3	0	7	0.07
0.139696473424	0.0913978494624	94	22	3	0	7	0.0693069306931
0.14156653349	0.0924731182796	95	22	3	0	7	0.0686274509804
0.145956375776	0.0913978494624	95	23	3	0	8	0.0776699029126
0.14608604266	0.0903225806452	95	24	9	0	9	0.0865384615385
0.146576467138	0.0913978494624	96	24	9	0	9	0.0857142857143
0.147091767167	0.0924731182796	97	24	9	0	9	0.0849056603774
0.147337000689	0.0924731182796	98	24	9	0	9	0.0841121495327
0.148289914176	0.0935483870968	99	24	9	0	9	0.0833333333333
0.148430597776	0.094623655914	100	24	9	0	9	0.0825688073394
0.149234218128	0.0935483870968	101	24	9	0	9	0.0818181818182
0.150479674285	0.094623655914	102	24	9	0	9	0.0810810810811
0.150608969496	0.0956989247312	103	24	9	0	9	0.0803571428571
0.152075437786	0.0967741935484	104	24	9	0	9	0.0796460176991
0.153177810483	0.0978494623656	105	24	9	0	9	0.0789473684211
0.154844288554	0.0989247311828	106	24	9	0	9	0.0782608695652
0.155104932472	0.1	107	24	9	0	9	0.0775862068966
0.158276765518	0.101075268817	108	24	9	0	9	0.0769230769231
0.159607239097	0.101075268817	109	24	9	0	9	0.0762711864407
0.160717300365	0.0989247311828	109	25	18	0	11	0.0916666666667
0.165321752346	0.1	110	25	18	0	11	0.0909090909091
0.165533254609	0.0989247311828	111	25	18	0	11	0.0901639344262
0.168099040172	0.0989247311828	112	25	18	0	11	0.0894308943089
0.168955952679	0.1	113	25	18	0	11	0.0887096774194
0.170047591067	0.1	113	26	3	0	11	0.0887096774194
0.170484380606	0.101075268817	114	26	3	0	11	0.088
0.171590082725	0.1	115	26	3	0	11	0.0873015873016
0.174233370847	0.1	115	27	9	0	11	0.0873015873016
0.174755678964	0.1	116	27	9	0	11	0.0866141732283
0.175941577069	0.101075268817	117	27	9	0	11	0.0859375
0.177062306006	0.102150537634	118	27	9	0	11	0.0852713178295
0.17708760343	0.103225806452	119	27	9	0	11	0.0846153846154
0.178969313211	0.104301075269	120	27	9	0	11	0.0839694656489
0.179665177799	0.105376344086	121	27	9	0	11	0.0833333333333
0.179914938734	0.105376344086	122	27	9	0	11	0.0827067669173
0.18207187398	0.106451612903	123	27	9	0	11	0.0820895522388
0.182202493164	0.10752688172	124	27	9	0	11	0.0814814814815
0.18253115525	0.108602150538	125	27	9	0	11	0.0808823529412
0.183657564316	0.109677419355	126	27	9	0	11	0.0802919708029
0.184239832473	0.110752688172	127	27	9	0	11	0.0797101449275
0.184312143363	0.111827956989	128	27	9	0	11	0.0791366906475
0.188605073874	0.111827956989	128	28	3	0	11	0.0791366906475
0.191945524689	0.110752688172	128	29	18	0	12	0.0857142857143
0.192349489926	0.111827956989	129	29	18	0	12	0.0851063829787
0.192998170897	0.112903225806	130	29	18	0	12	0.0845070422535
0.193634082554	0.113978494624	131	29	18	0	12	0.0839160839161
0.194439495512	0.115053763441	132	29	18	0	12	0.0833333333333
0.195533624957	0.116129032258	133	29	18	0	12	0.0827586206897
0.196182407545	0.116129032258	134	29	18	0	12	0.0821917808219
0.196521156205	0.117204301075	135	29	18	0	12	0.0816326530612
0.196569894715	0.118279569892	136	29	18	0	12	0.0810810810811
0.196817652988	0.118279569892	136	30	9	0	12	0.0810810810811
0.199022897344	0.11935483871	137	30	9	0	12	0.0805369127517
0.199104078989	0.120430107527	138	30	9	0	12	0.08
0.199852835705	0.121505376344	139	30	9	0	12	0.0794701986755
0.200324328178	0.121505376344	140	30	9	0	12	0.0789473684211
0.201865412688	0.122580645161	141	30	9	0	12	0.078431372549
0.201992359705	0.120430107527	141	31	24	0	14	0.0903225806452
0.202876574544	0.121505376344	142	31	24	0	14	0.0897435897436
0.204799418225	0.122580645161	143	31	24	0	14	0.0891719745223
0.205592339901	0.123655913978	144	31	24	0	14	0.0886075949367
0.208736812846	0.124731182796	145	31	24	0	14	0.0880503144654
0.209586057842	0.125806451613	146	31	24	0	14	0.0875
0.2101056185	0.120430107527	146	32	36	0	19	0.115151515152
0.214395345553	0.118279569892	146	33	15	0	21	0.125748502994
0.218284984511	0.11935483871	147	33	15	0	21	0.125
0.219359031527	0.120430107527	148	33	15	0	21	0.12426035503
0.22263721935	0.121505376344	149	33	15	0	21	0.123529411765
0.223363354174	0.122580645161	150	33	15	0	21	0.122807017544
0.224735084939	0.121505376344	150	34	9	0	22	0.127906976744
0.224744349873	0.122580645161	151	34	9	0	22	0.127167630058
0.227288235709	0.123655913978	152	34	9	0	22	0.126436781609
0.228492194988	0.122580645161	152	35	12	0	23	0.131428571429
0.229939347029	0.123655913978	153	35	12	0	23	0.130681818182
0.231354031047	0.124731182796	154	35	12	0	23	0.129943502825
0.243616227029	0.124731182796	155	35	12	0	23	0.129213483146
0.24478182977	0.123655913978	156	35	12	0	23	0.128491620112
0.244895577749	0.124731182796	157	35	12	0	23	0.127777777778
0.245206092128	0.120430107527	157	36	21	0	27	0.146739130435
0.247619079645	0.121505376344	158	36	21	0	27	0.145945945946
0.250337106348	0.122580645161	159	36	21	0	27	0.145161290323
0.252584756346	0.123655913978	160	36	21	0	27	0.144385026738
0.253313510456	0.124731182796	161	36	21	0	27	0.143617021277
0.253519064489	0.125806451613	162	36	21	0	27	0.142857142857
0.257632293741	0.124731182796	163	36	21	0	27	0.142105263158
0.257944807947	0.124731182796	163	37	3	0	27	0.142105263158
0.258456018051	0.125806451613	164	37	3	0	27	0.141361256545
0.258953832007	0.12688172043	165	37	3	0	27	0.140625
0.259146132073	0.125806451613	165	38	18	0	28	0.145077720207
0.26122293445	0.12688172043	166	38	18	0	28	0.144329896907
0.262445534399	0.127956989247	167	38	18	0	28	0.14358974359
0.262945417877	0.12688172043	168	38	18	0	28	0.142857142857
0.265978744964	0.127956989247	169	38	18	0	28	0.142131979695
0.267048592723	0.129032258065	170	38	18	0	28	0.141414141414
0.270868809044	0.130107526882	171	38	18	0	28	0.140703517588
0.271182039967	0.129032258065	172	38	18	0	28	0.14
0.27202734297	0.130107526882	173	38	18	0	28	0.139303482587
0.273656082943	0.131182795699	174	38	18	0	28	0.138613861386
0.275093921888	0.132258064516	175	38	18	0	28	0.137931034483
0.275127197378	0.131182795699	175	39	12	0	29	0.142156862745
0.276935360764	0.130107526882	176	39	12	0	29	0.141463414634
0.277240439332	0.131182795699	177	39	12	0	29	0.140776699029
0.277633527797	0.127956989247	177	40	42	0	32	0.153110047847
0.280243132675	0.12688172043	178	40	42	0	32	0.152380952381
0.280257632246	0.127956989247	179	40	42	0	32	0.151658767773
0.280353540804	0.12688172043	180	40	42	0	32	0.150943396226
0.283361080431	0.124731182796	180	41	9	0	34	0.158878504673
0.288997458146	0.125806451613	181	41	9	0	34	0.158139534884
0.289895364085	0.12688172043	182	41	9	0	34	0.157407407407
0.290534232898	0.127956989247	183	41	9	0	34	0.15668202765
0.292694866114	0.129032258065	184	41	9	0	34	0.155963302752
0.293968696822	0.130107526882	185	41	9	0	34	0.155251141553
0.294909972859	0.131182795699	186	41	9	0	34	0.154545454545
0.295007491009	0.129032258065	186	42	18	0	36	0.162162162162
0.295726409566	0.125806451613	186	43	12	0	39	0.173333333333
0.296025417471	0.12688172043	187	43	12	0	39	0.172566371681
0.299345829903	0.127956989247	188	43	12	0	39	0.171806167401
0.307291473763	0.12688172043	188	44	3	0	40	0.175438596491
0.307503445318	0.118279569892	188	45	33	0	48	0.203389830508
0.307775758018	0.11935483871	189	45	33	0	48	0.20253164557
0.308280442655	0.11935483871	190	45	33	0	48	0.201680672269
0.30980017447	0.120430107527	191	45	33	0	48	0.200836820084
0.311321882815	0.11935483871	191	46	3	0	49	0.204166666667
0.313169796865	0.120430107527	192	46	3	0	49	0.203319502075
0.31700342524	0.120430107527	193	46	3	0	49	0.202479338843
0.317545207071	0.11935483871	194	46	3	0	49	0.201646090535
0.319239526741	0.120430107527	195	46	3	0	49	0.200819672131
0.323321981319	0.121505376344	196	46	3	0	49	0.2
0.325111819183	0.122580645161	197	46	3	0	49	0.19918699187
0.325284471676	0.123655913978	198	46	3	0	49	0.198380566802
0.32544175059	0.124731182796	199	46	3	0	49	0.197580645161
0.327640066286	0.125806451613	200	46	3	0	49	0.196787148594
0.331651503101	0.12688172043	201	46	3	0	49	0.196
0.332928607338	0.127956989247	202	46	3	0	49	0.195219123506
0.334336891299	0.129032258065	203	46	3	0	49	0.194444444444
0.334430309506	0.130107526882	204	46	3	0	49	0.193675889328
0.334549102218	0.131182795699	205	46	3	0	49	0.192913385827
0.335396449665	0.131182795699	206	46	3	0	49	0.192156862745
0.335966796357	0.131182795699	207	46	3	0	49	0.19140625
0.336180643787	0.132258064516	208	46	3	0	49	0.190661478599
0.336567999724	0.131182795699	209	46	3	0	49	0.18992248062
0.336763181326	0.131182795699	210	46	3	0	49	0.189189189189
0.337188587977	0.130107526882	210	47	12	0	50	0.192307692308
0.339672355566	0.131182795699	211	47	12	0	50	0.191570881226
0.341379035785	0.131182795699	212	47	12	0	50	0.190839694656
0.342091388842	0.132258064516	213	47	12	0	50	0.190114068441
0.34368203559	0.133333333333	214	47	12	0	50	0.189393939394
0.344008672542	0.134408602151	215	47	12	0	50	0.188679245283
0.344410402258	0.135483870968	216	47	12	0	50	0.187969924812
0.345048325367	0.136559139785	217	47	12	0	50	0.187265917603
0.346587900354	0.136559139785	218	47	12	0	50	0.186567164179
0.34773888921	0.137634408602	219	47	12	0	50	0.185873605948
0.348591467402	0.138709677419	220	47	12	0	50	0.185185185185
0.350345516931	0.136559139785	220	48	6	0	52	0.191176470588
0.353963304702	0.137634408602	221	48	6	0	52	0.190476190476
0.357990922452	0.138709677419	222	48	6	0	52	0.189781021898
0.361018907351	0.139784946237	223	48	6	0	52	0.189090909091
0.362054277819	0.138709677419	223	49	3	0	53	0.192028985507
0.364302065892	0.137634408602	223	50	6	0	54	0.194945848375
0.366250154347	0.138709677419	224	50	6	0	54	0.194244604317
0.368108595211	0.139784946237	225	50	6	0	54	0.193548387097
0.370910439814	0.140860215054	226	50	6	0	54	0.192857142857
0.371001752106	0.141935483871	227	50	6	0	54	0.192170818505
0.3758530493	0.138709677419	227	51	21	0	57	0.200704225352
0.376961467804	0.139784946237	228	51	21	0	57	0.2
0.381154512859	0.139784946237	228	52	3	0	57	0.2
0.384977914236	0.138709677419	228	53	15	0	58	0.202797202797
0.385327594013	0.139784946237	229	53	15	0	58	0.202090592334
0.385956263332	0.138709677419	229	54	12	0	59	0.204861111111
0.387839105118	0.139784946237	230	54	12	0	59	0.204152249135
0.389218913376	0.140860215054	231	54	12	0	59	0.203448275862
0.390357469089	0.141935483871	232	54	12	0	59	0.202749140893
0.392879265092	0.143010752688	233	54	12	0	59	0.202054794521
0.392928223928	0.144086021505	234	54	12	0	59	0.201365187713
0.39310745294	0.145161290323	235	54	12	0	59	0.200680272109
0.39503506204	0.14623655914	236	54	12	0	59	0.2
0.39541512283	0.147311827957	237	54	12	0	59	0.199324324324
0.399257073848	0.148387096774	238	54	12	0	59	0.198653198653
0.403255005211	0.149462365591	239	54	12	0	59	0.197986577181
0.405049603196	0.150537634409	240	54	12	0	59	0.197324414716
0.407747113187	0.151612903226	241	54	12	0	59	0.196666666667
0.409339462301	0.152688172043	242	54	12	0	59	0.196013289037
0.411067887513	0.15376344086	243	54	12	0	59	0.195364238411
0.412941548236	0.152688172043	244	54	12	0	59	0.194719471947
0.414886977869	0.151612903226	245	54	12	0	59	0.194078947368
0.415195963673	0.151612903226	246	54	12	0	59	0.193442622951
0.417135209741	0.152688172043	247	54	12	0	59	0.192810457516
0.42062156533	0.15376344086	248	54	12	0	59	0.192182410423
0.42305742231	0.154838709677	249	54	12	0	59	0.191558441558
0.423175641767	0.152688172043	249	55	6	0	61	0.196774193548
0.425410016235	0.15376344086	250	55	6	0	61	0.1961414791
0.425439019252	0.154838709677	251	55	6	0	61	0.195512820513
0.425611211836	0.155913978495	252	55	6	0	61	0.194888178914
0.425693163229	0.155913978495	253	55	6	0	61	0.194267515924
0.427814377113	0.156989247312	254	55	6	0	61	0.193650793651
0.428177531548	0.158064516129	255	55	6	0	61	0.193037974684
0.431544024971	0.159139784946	256	55	6	0	61	0.192429022082
0.432183937615	0.159139784946	257	55	6	0	61	0.191823899371
0.432314822277	0.156989247312	257	56	6	0	63	0.196875
0.434684060096	0.158064516129	258	56	6	0	63	0.196261682243
0.437758818541	0.158064516129	258	57	6	0	63	0.196261682243
0.438661313628	0.159139784946	259	57	6	0	63	0.195652173913
0.438883933315	0.160215053763	260	57	6	0	63	0.195046439628
0.439682734147	0.155913978495	260	58	15	0	67	0.204892966361
0.439792677567	0.156989247312	261	58	15	0	67	0.204268292683
0.43985215975	0.158064516129	262	58	15	0	67	0.203647416413
0.444561498437	0.159139784946	263	58	15	0	67	0.20303030303
0.445363700289	0.160215053763	264	58	15	0	67	0.202416918429
0.445488355295	0.161290322581	265	58	15	0	67	0.201807228916
0.446029235173	0.161290322581	265	59	6	0	67	0.201807228916
0.447935999066	0.162365591398	266	59	6	0	67	0.201201201201
0.449676429457	0.163440860215	267	59	6	0	67	0.200598802395
0.451839782632	0.164516129032	268	59	6	0	67	0.2
0.452154670724	0.165591397849	269	59	6	0	67	0.199404761905
0.452537637354	0.166666666667	270	59	6	0	67	0.19881305638
0.452867223945	0.167741935484	271	59	6	0	67	0.198224852071
0.452932123071	0.167741935484	271	60	21	0	67	0.198224852071
0.454565065488	0.168817204301	272	60	21	0	67	0.197640117994
0.456496824032	0.169892473118	273	60	21	0	67	0.197058823529
0.456502980901	0.170967741935	274	60	21	0	67	0.196480938416
0.4567579681	0.172043010753	275	60	21	0	67	0.195906432749
0.458152271746	0.170967741935	276	60	21	0	67	0.195335276968
0.459413267121	0.172043010753	277	60	21	0	67	0.19476744186
0.459510555831	0.17311827957	278	60	21	0	67	0.194202898551
0.462707695723	0.174193548387	279	60	21	0	67	0.193641618497
0.462890110539	0.175268817204	280	60	21	0	67	0.193083573487
0.465671678637	0.175268817204	280	61	6	0	67	0.193083573487
0.466547808368	0.176344086022	281	61	6	0	67	0.192528735632
0.470900337171	0.177419354839	282	61	6	0	67	0.191977077364
0.471403485331	0.177419354839	282	62	3	0	67	0.191977077364
0.472622433514	0.178494623656	283	62	3	0	67	0.191428571429
0.473043114005	0.179569892473	284	62	3	0	67	0.190883190883
0.474489976603	0.18064516129	285	62	3	0	67	0.190340909091
0.475371299739	0.181720430108	286	62	3	0	67	0.189801699717
0.478088779098	0.18064516129	287	62	3	0	67	0.189265536723
0.479802651481	0.181720430108	288	62	3	0	67	0.188732394366
0.479816093388	0.182795698925	289	62	3	0	67	0.188202247191
0.482704030065	0.182795698925	290	62	3	0	67	0.187675070028
0.483390140657	0.183870967742	291	62	3	0	67	0.187150837989
0.483834369953	0.184946236559	292	62	3	0	67	0.186629526462
0.488636966806	0.186021505376	293	62	3	0	67	0.186111111111
0.490052576353	0.187096774194	294	62	3	0	67	0.185595567867
0.490931759414	0.188172043011	295	62	3	0	67	0.185082872928
0.491206404479	0.189247311828	296	62	3	0	67	0.184573002755
0.491341310607	0.183870967742	296	63	18	0	72	0.195652173913
0.492199265497	0.184946236559	297	63	18	0	72	0.19512195122
0.493453177388	0.182795698925	297	64	12	0	74	0.199460916442
0.495432783508	0.183870967742	298	64	12	0	74	0.198924731183
0.495752193386	0.183870967742	299	64	12	0	74	0.198391420912
0.496891910095	0.184946236559	300	64	12	0	74	0.197860962567
0.497033492663	0.186021505376	301	64	12	0	74	0.197333333333
0.499901911806	0.186021505376	302	64	12	0	74	0.196808510638
0.500160064783	0.184946236559	303	64	12	0	74	0.196286472149
0.502514943213	0.186021505376	304	64	12	0	74	0.195767195767
0.503949862969	0.187096774194	305	64	12	0	74	0.195250659631
0.503951720579	0.188172043011	306	64	12	0	74	0.194736842105
0.506190602197	0.189247311828	307	64	12	0	74	0.194225721785
0.509570256805	0.190322580645	308	64	12	0	74	0.193717277487
0.50995312407	0.190322580645	309	64	12	0	74	0.193211488251
0.510910000817	0.191397849462	310	64	12	0	74	0.192708333333
0.51436712839	0.191397849462	311	64	12	0	74	0.192207792208
0.514817868402	0.188172043011	311	65	6	0	77	0.198453608247
0.515324317377	0.187096774194	312	65	6	0	77	0.19794344473
0.515417670617	0.188172043011	313	65	6	0	77	0.197435897436
0.516647294585	0.188172043011	314	65	6	0	77	0.196930946292
0.51689090137	0.188172043011	315	65	6	0	77	0.196428571429
0.518322909621	0.188172043011	316	65	6	0	77	0.195928753181
0.51835266302	0.187096774194	317	65	6	0	77	0.195431472081
0.519497430175	0.188172043011	318	65	6	0	77	0.194936708861
0.519626593162	0.189247311828	319	65	6	0	77	0.194444444444
0.521693985975	0.190322580645	320	65	6	0	77	0.19395465995
0.522530193788	0.191397849462	321	65	6	0	77	0.193467336683
0.522732700708	0.191397849462	322	65	6	0	77	0.19298245614
0.523500346369	0.19247311828	323	65	6	0	77	0.1925
0.525261956927	0.193548387097	324	65	6	0	77	0.192019950125
0.52830335304	0.194623655914	325	65	6	0	77	0.191542288557
0.528588325908	0.193548387097	326	65	6	0	77	0.191066997519
0.5290603537	0.194623655914	327	65	6	0	77	0.190594059406
0.53149502035	0.195698924731	328	65	6	0	77	0.19012345679
0.533481729952	0.194623655914	329	65	6	0	77	0.189655172414
0.533886443206	0.195698924731	330	65	6	0	77	0.189189189189
0.533949556057	0.194623655914	331	65	6	0	77	0.188725490196
0.534170648132	0.195698924731	332	65	6	0	77	0.18826405868
0.534610199816	0.196774193548	333	65	6	0	77	0.187804878049
0.535061520107	0.197849462366	334	65	6	0	77	0.187347931873
0.535076160544	0.194623655914	334	66	9	0	80	0.193236714976
0.53727115297	0.194623655914	335	66	9	0	80	0.192771084337
0.537730740837	0.194623655914	336	66	9	0	80	0.192307692308
0.538791736517	0.195698924731	337	66	9	0	80	0.191846522782
0.540035371644	0.194623655914	337	67	12	0	81	0.193779904306
0.541025645027	0.194623655914	338	67	12	0	81	0.193317422434
0.541733054486	0.195698924731	339	67	12	0	81	0.192857142857
0.542694162593	0.188172043011	339	68	24	0	88	0.206088992974
0.543045299889	0.188172043011	340	68	24	0	88	0.205607476636
0.545611484383	0.189247311828	341	68	24	0	88	0.205128205128
0.548251411054	0.190322580645	342	68	24	0	88	0.204651162791
0.549981049502	0.186021505376	342	69	18	0	92	0.21198156682
0.550312527555	0.187096774194	343	69	18	0	92	0.211494252874
0.550397161617	0.188172043011	344	69	18	0	92	0.211009174312
0.550979367215	0.186021505376	344	70	21	0	94	0.214611872146
0.551989866111	0.187096774194	345	70	21	0	94	0.214123006834
0.556963183252	0.188172043011	346	70	21	0	94	0.213636363636
0.557860163172	0.187096774194	347	70	21	0	94	0.213151927438
0.557866340578	0.188172043011	348	70	21	0	94	0.212669683258
0.561009657202	0.189247311828	349	70	21	0	94	0.212189616253
0.561196609977	0.189247311828	350	70	21	0	94	0.211711711712
0.561903103438	0.190322580645	351	70	21	0	94	0.211235955056
0.561959332541	0.191397849462	352	70	21	0	94	0.210762331839
0.56294712763	0.191397849462	353	70	21	0	94	0.21029082774
0.563689258959	0.19247311828	354	70	21	0	94	0.209821428571
0.565162839447	0.19247311828	355	70	21	0	94	0.209354120267
0.566053901464	0.193548387097	356	70	21	0	94	0.208888888889
0.567861379867	0.191397849462	356	71	12	0	96	0.212389380531
0.570866427229	0.19247311828	357	71	12	0	96	0.211920529801
0.570979520292	0.191397849462	358	71	12	0	96	0.211453744493
0.571313883215	0.188172043011	358	72	9	0	99	0.216630196937
0.574974599706	0.189247311828	359	72	9	0	99	0.21615720524
0.575086331121	0.190322580645	360	72	9	0	99	0.21568627451
0.575712430341	0.186021505376	360	73	15	0	103	0.222462203024
0.577297197944	0.186021505376	361	73	15	0	103	0.221982758621
0.579134307529	0.183870967742	361	74	3	0	105	0.225321888412
0.579669165688	0.183870967742	362	74	3	0	105	0.224839400428
0.583968994188	0.182795698925	363	74	3	0	105	0.224358974359
0.586160153093	0.183870967742	364	74	3	0	105	0.223880597015
0.58844966781	0.179569892473	364	75	12	0	109	0.23044397463
0.590078773503	0.18064516129	365	75	12	0	109	0.229957805907
0.590730993275	0.181720430108	366	75	12	0	109	0.229473684211
0.592236195279	0.182795698925	367	75	12	0	109	0.228991596639
0.593188142778	0.183870967742	368	75	12	0	109	0.228511530398
0.593612490634	0.184946236559	369	75	12	0	109	0.228033472803
0.59470133332	0.186021505376	370	75	12	0	109	0.227557411273
0.596314457038	0.187096774194	371	75	12	0	109	0.227083333333
0.59683448292	0.188172043011	372	75	12	0	109	0.226611226611
0.598040950067	0.189247311828	373	75	12	0	109	0.226141078838
0.598186128377	0.188172043011	374	75	12	0	109	0.225672877847
0.59849193943	0.189247311828	375	75	12	0	109	0.22520661157
0.59862226557	0.190322580645	376	75	12	0	109	0.224742268041
0.59983234551	0.191397849462	377	75	12	0	109	0.224279835391
0.600788653235	0.19247311828	378	75	12	0	109	0.223819301848
0.602692909106	0.191397849462	379	75	12	0	109	0.223360655738
0.603045449786	0.19247311828	380	75	12	0	109	0.222903885481
0.60333603093	0.193548387097	381	75	12	0	109	0.222448979592
0.603569501686	0.194623655914	382	75	12	0	109	0.22199592668
0.603576676655	0.19247311828	382	76	9	0	111	0.225152129817
0.603901596485	0.193548387097	383	76	9	0	111	0.224696356275
0.605456010241	0.191397849462	383	77	15	0	113	0.227822580645
0.606688503601	0.191397849462	384	77	15	0	113	0.227364185111
0.607720153226	0.19247311828	385	77	15	0	113	0.226907630522
0.609608281451	0.193548387097	386	77	15	0	113	0.226452905812
0.611737058722	0.194623655914	387	77	15	0	113	0.226
0.613011122986	0.194623655914	387	78	3	0	113	0.226
0.617228756528	0.194623655914	388	78	3	0	113	0.225548902196
0.617544610325	0.193548387097	389	78	3	0	113	0.225099601594
0.619381824752	0.194623655914	390	78	3	0	113	0.224652087475
0.619641059798	0.195698924731	391	78	3	0	113	0.224206349206
0.620607470863	0.196774193548	392	78	3	0	113	0.223762376238
0.62073001925	0.196774193548	393	78	3	0	113	0.223320158103
0.621029735403	0.197849462366	394	78	3	0	113	0.222879684418
0.624372926553	0.198924731183	395	78	3	0	113	0.222440944882
0.624664838914	0.2	396	78	3	0	113	0.222003929273
0.625434693222	0.201075268817	397	78	3	0	113	0.221568627451
0.627443732713	0.202150537634	398	78	3	0	113	0.221135029354
0.62752479584	0.201075268817	399	78	3	0	113	0.220703125
0.629864003116	0.202150537634	400	78	3	0	113	0.220272904483
0.631106430831	0.203225806452	401	78	3	0	113	0.219844357977
0.631362828303	0.201075268817	401	79	6	0	115	0.222868217054
0.631604469092	0.202150537634	402	79	6	0	115	0.222437137331
0.631610023994	0.203225806452	403	79	6	0	115	0.222007722008
0.631616300241	0.204301075269	404	79	6	0	115	0.221579961464
0.632532255734	0.205376344086	405	79	6	0	115	0.221153846154
0.633134813074	0.202150537634	405	80	9	0	118	0.225621414914
0.634306496628	0.201075268817	406	80	9	0	118	0.225190839695
0.639898461724	0.202150537634	407	80	9	0	118	0.224761904762
0.640057566796	0.2	407	81	6	0	120	0.22770398482
0.643150565728	0.201075268817	408	81	6	0	120	0.227272727273
0.644603571894	0.2	409	81	6	0	120	0.226843100189
0.644815642394	0.194623655914	409	82	12	0	125	0.234082397004
0.645532193515	0.195698924731	410	82	12	0	125	0.233644859813
0.645693764756	0.196774193548	411	82	12	0	125	0.233208955224
0.646706260121	0.194623655914	411	83	9	0	127	0.236059479554
0.646745311418	0.195698924731	412	83	9	0	127	0.235621521336
0.648311003438	0.196774193548	413	83	9	0	127	0.235185185185
0.651513275389	0.197849462366	414	83	9	0	127	0.234750462107
0.652038564739	0.198924731183	415	83	9	0	127	0.234317343173
0.652359698964	0.197849462366	416	83	9	0	127	0.233885819521
0.652959458079	0.198924731183	417	83	9	0	127	0.233455882353
0.653080123984	0.2	418	83	9	0	127	0.233027522936
0.653455456456	0.201075268817	419	83	9	0	127	0.232600732601
0.654295914307	0.202150537634	420	83	9	0	127	0.232175502742
0.654599799126	0.197849462366	420	84	12	0	131	0.237749546279
0.655700507723	0.198924731183	421	84	12	0	131	0.23731884058
0.656343418925	0.2	422	84	12	0	131	0.236889692586
0.656374073907	0.201075268817	423	84	12	0	131	0.236462093863
0.657986729725	0.202150537634	424	84	12	0	131	0.236036036036
0.660007512962	0.203225806452	425	84	12	0	131	0.235611510791
0.662178340103	0.204301075269	426	84	12	0	131	0.235188509874
0.664617112819	0.205376344086	427	84	12	0	131	0.23476702509
0.666078017413	0.206451612903	428	84	12	0	131	0.234347048301
0.666786870509	0.204301075269	428	85	9	0	133	0.237076648841
0.667543444396	0.205376344086	429	85	9	0	133	0.23665480427
0.673231909932	0.206451612903	430	85	9	0	133	0.236234458259
0.673580881239	0.206451612903	430	86	6	0	133	0.236234458259
0.677736162849	0.20752688172	431	86	6	0	133	0.235815602837
0.680740464286	0.208602150538	432	86	6	0	133	0.235398230088
0.682845959023	0.209677419355	433	86	6	0	133	0.234982332155
0.683582884757	0.210752688172	434	86	6	0	133	0.234567901235
0.685739409283	0.209677419355	435	86	6	0	133	0.234154929577
0.686501852685	0.208602150538	436	86	6	0	133	0.23374340949
0.689452019946	0.208602150538	437	86	6	0	133	0.233333333333
0.690352268685	0.201075268817	437	87	21	0	140	0.242634315425
0.692211410639	0.202150537634	438	87	21	0	140	0.242214532872
0.692297588504	0.2	438	88	6	0	142	0.244827586207
0.694460808744	0.2	439	88	6	0	142	0.244406196213
0.69997868466	0.201075268817	440	88	6	0	142	0.243986254296
0.700470994127	0.202150537634	441	88	6	0	142	0.243567753002
0.702466715188	0.203225806452	442	88	6	0	142	0.243150684932
0.705040316716	0.204301075269	443	88	6	0	142	0.242735042735
0.705965541816	0.205376344086	444	88	6	0	142	0.242320819113
0.706848846026	0.206451612903	445	88	6	0	142	0.241908006814
0.709945005349	0.20752688172	446	88	6	0	142	0.241496598639
0.710045939227	0.208602150538	447	88	6	0	142	0.241086587436
0.714157106642	0.20752688172	448	88	6	0	142	0.240677966102
0.715379405354	0.208602150538	449	88	6	0	142	0.24027072758
0.716239536574	0.203225806452	449	89	15	0	147	0.246644295302
0.71676075633	0.203225806452	450	89	15	0	147	0.246231155779
0.717380045047	0.203225806452	451	89	15	0	147	0.245819397993
0.718631693139	0.204301075269	452	89	15	0	147	0.245409015025
0.722547600997	0.203225806452	452	90	9	0	148	0.246666666667
0.723880204013	0.2	452	91	18	0	151	0.250414593698
0.724392901372	0.2	453	91	18	0	151	0.25
0.725399419774	0.201075268817	454	91	18	0	151	0.24958677686
0.726019164452	0.201075268817	455	91	18	0	151	0.249174917492
0.726640683815	0.202150537634	456	91	18	0	151	0.248764415157
0.727310744232	0.203225806452	457	91	18	0	151	0.248355263158
0.727375900334	0.203225806452	458	91	18	0	151	0.247947454844
0.730202072011	0.202150537634	459	91	18	0	151	0.247540983607
0.730618122221	0.203225806452	460	91	18	0	151	0.247135842881
0.730863752867	0.204301075269	461	91	18	0	151	0.246732026144
0.731827515135	0.205376344086	462	91	18	0	151	0.246329526917
0.732886915578	0.205376344086	463	91	18	0	151	0.245928338762
0.73432514271	0.205376344086	464	91	18	0	151	0.245528455285
0.734622755164	0.206451612903	465	91	18	0	151	0.24512987013
0.734850069682	0.20752688172	466	91	18	0	151	0.244732576985
0.734899318213	0.208602150538	467	91	18	0	151	0.244336569579
0.735311939251	0.209677419355	468	91	18	0	151	0.24394184168
0.738103992654	0.210752688172	469	91	18	0	151	0.243548387097
0.738182976797	0.211827956989	470	91	18	0	151	0.243156199678
0.738499811399	0.212903225806	471	91	18	0	151	0.242765273312
0.739030376151	0.212903225806	472	91	18	0	151	0.242375601926
0.73947989754	0.213978494624	473	91	18	0	151	0.241987179487
0.740363058298	0.215053763441	474	91	18	0	151	0.2416
0.74059485889	0.216129032258	475	91	18	0	151	0.241214057508
0.741229142514	0.215053763441	476	91	18	0	151	0.240829346093
0.742342600482	0.216129032258	477	91	18	0	151	0.240445859873
0.743822041915	0.216129032258	478	91	18	0	151	0.240063593005
0.744413225641	0.211827956989	478	92	12	0	155	0.244865718799
0.744882436341	0.212903225806	479	92	12	0	155	0.244479495268
0.746389315433	0.212903225806	480	92	12	0	155	0.244094488189
0.749093873831	0.213978494624	481	92	12	0	155	0.243710691824
0.749291344694	0.215053763441	482	92	12	0	155	0.243328100471
0.750277813919	0.216129032258	483	92	12	0	155	0.242946708464
0.751420643688	0.217204301075	484	92	12	0	155	0.242566510172
0.755298469767	0.213978494624	484	93	9	0	158	0.246105919003
0.756541277214	0.215053763441	485	93	9	0	158	0.245723172628
0.757309065246	0.216129032258	486	93	9	0	158	0.245341614907
0.76273898845	0.217204301075	487	93	9	0	158	0.24496124031
0.765972190083	0.218279569892	488	93	9	0	158	0.244582043344
0.769992964564	0.216129032258	488	94	12	0	160	0.246913580247
0.771597875271	0.217204301075	489	94	12	0	160	0.246533127889
0.772364612454	0.213978494624	489	95	9	0	163	0.25
0.772418074721	0.215053763441	490	95	9	0	163	0.249617151608
0.775167163746	0.213978494624	491	95	9	0	163	0.249235474006
0.775258213394	0.215053763441	492	95	9	0	163	0.248854961832
0.776548854772	0.211827956989	492	96	15	0	166	0.252279635258
0.777211662495	0.212903225806	493	96	15	0	166	0.251896813354
0.777359498081	0.211827956989	494	96	15	0	166	0.251515151515
0.777832964678	0.211827956989	495	96	15	0	166	0.251134644478
0.777882316602	0.212903225806	496	96	15	0	166	0.250755287009
0.778458347401	0.213978494624	497	96	15	0	166	0.250377073906
0.779740094068	0.215053763441	498	96	15	0	166	0.25
0.781670500909	0.216129032258	499	96	15	0	166	0.24962406015
0.782830232998	0.216129032258	499	97	6	0	166	0.24962406015
0.783001972313	0.217204301075	500	97	6	0	166	0.249249249249
0.783686028758	0.216129032258	500	98	6	0	167	0.250374812594
0.786970110152	0.217204301075	501	98	6	0	167	0.25
0.792192517226	0.217204301075	501	99	3	0	167	0.25
0.792728321881	0.218279569892	502	99	3	0	167	0.249626307922
0.794013843269	0.21935483871	503	99	3	0	167	0.249253731343
0.797020843031	0.218279569892	504	99	3	0	167	0.248882265276
0.797493973301	0.21935483871	505	99	3	0	167	0.248511904762
0.798267773384	0.220430107527	506	99	3	0	167	0.248142644874
0.798494228651	0.220430107527	507	99	3	0	167	0.247774480712
0.79954589453	0.221505376344	508	99	3	0	167	0.247407407407
0.799838137166	0.221505376344	509	99	3	0	167	0.247041420118
0.800262545175	0.221505376344	509	100	6	0	167	0.247041420118
0.801188125186	0.21935483871	509	101	21	0	169	0.249262536873
0.80131704772	0.220430107527	510	101	21	0	169	0.248895434462
0.802405830913	0.221505376344	511	101	21	0	169	0.248529411765
0.804282508403	0.222580645161	512	101	21	0	169	0.248164464023
0.804527082962	0.223655913978	513	101	21	0	169	0.24780058651
0.805369215148	0.224731182796	514	101	21	0	169	0.247437774524
0.805633484373	0.225806451613	515	101	21	0	169	0.247076023392
0.806124411526	0.223655913978	515	102	6	0	171	0.249271137026
0.806297538521	0.222580645161	516	102	6	0	171	0.248908296943
0.806761929264	0.220430107527	516	103	3	0	173	0.251088534107
