# time 	 divergence 	 # of mutations 	 # IGC chances 	 IGC length 	 # IGC failures 	 Changes due to IGC  	 % change due to IGC 
0.0	0.145299145299	0	0	0	0	0	0.0
0.00186150877797	0.143162393162	1	0	0	0	0	0.0
0.0046389041289	0.145299145299	2	0	0	0	0	0.0
0.00714517259485	0.147435897436	3	0	0	0	0	0.0
0.0119633671318	0.147435897436	3	1	3	0	0	0.0
0.0171406688787	0.149572649573	4	1	3	0	0	0.0
0.0176513663084	0.151709401709	5	1	3	0	0	0.0
0.0183090026071	0.149572649573	6	1	3	0	0	0.0
0.0229240182346	0.151709401709	7	1	3	0	0	0.0
0.0252721425467	0.153846153846	8	1	3	0	0	0.0
0.0285706983971	0.155982905983	9	1	3	0	0	0.0
0.0294496864264	0.15811965812	10	1	3	0	0	0.0
0.0294583085377	0.160256410256	11	1	3	0	0	0.0
0.0336461098168	0.160256410256	12	1	3	0	0	0.0
0.0392244721051	0.162393162393	13	1	3	0	0	0.0
0.0417100983269	0.16452991453	14	1	3	0	0	0.0
0.0458811448075	0.16452991453	15	1	3	0	0	0.0
0.0461101250373	0.166666666667	16	1	3	0	0	0.0
0.0481055294315	0.168803418803	17	1	3	0	0	0.0
0.0519860068728	0.17094017094	18	1	3	0	0	0.0
0.0613056160586	0.173076923077	19	1	3	0	0	0.0
0.0641177196591	0.175213675214	20	1	3	0	0	0.0
0.064149503643	0.173076923077	21	1	3	0	0	0.0
0.0663989187242	0.175213675214	22	1	3	0	0	0.0
0.0670570905742	0.17735042735	23	1	3	0	0	0.0
0.075784541152	0.179487179487	24	1	3	0	0	0.0
0.0758327687247	0.181623931624	25	1	3	0	0	0.0
0.0830716061982	0.183760683761	26	1	3	0	0	0.0
0.0879130556958	0.185897435897	27	1	3	0	0	0.0
0.0917696512871	0.183760683761	28	1	3	0	0	0.0
0.0987754736639	0.183760683761	29	1	3	0	0	0.0
0.100164414043	0.185897435897	30	1	3	0	0	0.0
0.101165994495	0.188034188034	31	1	3	0	0	0.0
0.105327823611	0.190170940171	32	1	3	0	0	0.0
0.105414097893	0.192307692308	33	1	3	0	0	0.0
0.110347072027	0.194444444444	34	1	3	0	0	0.0
0.11353991508	0.194444444444	35	1	3	0	0	0.0
0.113613469668	0.196581196581	36	1	3	0	0	0.0
0.116184877518	0.196581196581	37	1	3	0	0	0.0
0.117649616341	0.194444444444	38	1	3	0	0	0.0
0.118222773675	0.196581196581	39	1	3	0	0	0.0
0.126029445709	0.194444444444	40	1	3	0	0	0.0
0.131312845373	0.196581196581	41	1	3	0	0	0.0
0.139590324307	0.198717948718	42	1	3	0	0	0.0
0.142698275136	0.198717948718	43	1	3	0	0	0.0
0.143560036348	0.198717948718	43	2	3	0	0	0.0
0.144223852077	0.200854700855	44	2	3	0	0	0.0
0.145477049182	0.200854700855	44	3	3	0	0	0.0
