# time 	 divergence 	 # of mutations 	 # IGC chances 	 IGC length 	 # IGC failures 	 Changes due to IGC  	 % change due to IGC 
0.0	0.122699386503	0	0	0	0	0	0.0
0.00458160270255	0.120654396728	1	0	0	0	0	0.0
0.0110514159541	0.122699386503	2	0	0	0	0	0.0
0.0113927523966	0.124744376278	3	0	0	0	0	0.0
0.0120655154656	0.126789366053	4	0	0	0	0	0.0
0.0158233012247	0.128834355828	5	0	0	0	0	0.0
0.0221450666736	0.130879345603	6	0	0	0	0	0.0
0.0236009937865	0.132924335378	7	0	0	0	0	0.0
0.0252243869604	0.134969325153	8	0	0	0	0	0.0
0.02556719209	0.137014314928	9	0	0	0	0	0.0
0.0276817372185	0.134969325153	10	0	0	0	0	0.0
0.0323991321657	0.132924335378	11	0	0	0	0	0.0
0.0335961179998	0.134969325153	12	0	0	0	0	0.0
0.0362561983622	0.137014314928	13	0	0	0	0	0.0
0.0364730813292	0.139059304703	14	0	0	0	0	0.0
0.0370548243493	0.139059304703	15	0	0	0	0	0.0
0.0376503107495	0.141104294479	16	0	0	0	0	0.0
0.0387152742932	0.143149284254	17	0	0	0	0	0.0
0.03937238586	0.145194274029	18	0	0	0	0	0.0
0.0396088293651	0.143149284254	19	0	0	0	0	0.0
0.0508456472093	0.145194274029	20	0	0	0	0	0.0
