# time 	 divergence 	 # of mutations 	 # IGC chances 	 IGC length 	 # IGC failures 	 Changes due to IGC  	 % change due to IGC 
0.0	0.567251461988	0	0	0	0	0	0.0
0.00319570397115	0.566276803119	0	1	3	0	1	1.0
0.00549495837746	0.567251461988	1	1	3	0	1	0.5
0.00701324041171	0.568226120858	2	1	3	0	1	0.333333333333
0.00809761122628	0.568226120858	3	1	3	0	1	0.25
0.00961347113682	0.568226120858	4	1	3	0	1	0.2
0.0105553255708	0.568226120858	5	1	3	0	1	0.166666666667
0.0111871032669	0.567251461988	6	1	3	0	1	0.142857142857
0.011285144499	0.56432748538	6	2	3	0	4	0.4
0.011480818206	0.56432748538	7	2	3	0	4	0.363636363636
0.013364402163	0.56432748538	8	2	3	0	4	0.333333333333
0.0135949056483	0.563352826511	9	2	3	0	4	0.307692307692
0.0183677669747	0.563352826511	10	2	3	0	4	0.285714285714
0.0189446062023	0.563352826511	11	2	3	0	4	0.266666666667
0.020209423362	0.56432748538	12	2	3	0	4	0.25
0.0225624055657	0.563352826511	13	2	3	0	4	0.235294117647
0.0228484074405	0.56432748538	14	2	3	0	4	0.222222222222
0.0236983916482	0.56530214425	15	2	3	0	4	0.210526315789
0.0237371262338	0.56432748538	16	2	3	0	4	0.2
0.025255153159	0.56432748538	17	2	3	0	4	0.190476190476
0.0293283843935	0.56432748538	18	2	3	0	4	0.181818181818
0.0307280868069	0.563352826511	19	2	3	0	4	0.173913043478
0.0308992450294	0.560428849903	19	3	3	0	7	0.269230769231
0.0323730273533	0.561403508772	20	3	3	0	7	0.259259259259
0.0376361319019	0.562378167641	21	3	3	0	7	0.25
0.0386506724406	0.563352826511	22	3	3	0	7	0.241379310345
0.0402519844592	0.56432748538	23	3	3	0	7	0.233333333333
0.0410821049279	0.56432748538	24	3	3	0	7	0.225806451613
0.0440330592086	0.563352826511	24	4	3	0	8	0.25
0.0458623885617	0.56432748538	25	4	3	0	8	0.242424242424
0.0473947013128	0.56530214425	26	4	3	0	8	0.235294117647
0.049362109107	0.566276803119	27	4	3	0	8	0.228571428571
0.050902693873	0.566276803119	28	4	3	0	8	0.222222222222
0.0526910614647	0.567251461988	29	4	3	0	8	0.216216216216
0.0529139151499	0.568226120858	30	4	3	0	8	0.210526315789
0.0534236554387	0.568226120858	30	5	3	0	8	0.210526315789
0.0554591750337	0.568226120858	31	5	3	0	8	0.205128205128
0.056892509398	0.567251461988	32	5	3	0	8	0.2
0.0569013388072	0.56530214425	32	6	3	0	10	0.238095238095
0.0571929915136	0.566276803119	33	6	3	0	10	0.232558139535
0.0582828829277	0.56530214425	34	6	3	0	10	0.227272727273
0.0592445720791	0.566276803119	35	6	3	0	10	0.222222222222
0.05957028739	0.56530214425	36	6	3	0	10	0.217391304348
0.0597909999686	0.566276803119	37	6	3	0	10	0.212765957447
0.0613929758838	0.567251461988	38	6	3	0	10	0.208333333333
0.0628423239834	0.567251461988	39	6	3	0	10	0.204081632653
0.0672011625492	0.567251461988	40	6	3	0	10	0.2
0.0681971424021	0.568226120858	41	6	3	0	10	0.196078431373
0.0697112602549	0.569200779727	42	6	3	0	10	0.192307692308
0.0708115091285	0.568226120858	43	6	3	0	10	0.188679245283
0.0726761723641	0.567251461988	44	6	3	0	10	0.185185185185
0.0742075755792	0.568226120858	45	6	3	0	10	0.181818181818
0.0743609083124	0.567251461988	46	6	3	0	10	0.178571428571
0.0753755091239	0.567251461988	47	6	3	0	10	0.175438596491
0.075848817711	0.568226120858	48	6	3	0	10	0.172413793103
0.0759366695109	0.568226120858	49	6	3	0	10	0.169491525424
0.0761250597262	0.568226120858	50	6	3	0	10	0.166666666667
0.0761668892002	0.567251461988	50	7	3	0	11	0.180327868852
0.0782525983272	0.567251461988	51	7	3	0	11	0.177419354839
0.0796468529776	0.566276803119	52	7	3	0	11	0.174603174603
0.0871150049959	0.566276803119	53	7	3	0	11	0.171875
0.0883971158787	0.567251461988	54	7	3	0	11	0.169230769231
0.0887799173748	0.566276803119	55	7	3	0	11	0.166666666667
0.0899839402169	0.566276803119	56	7	3	0	11	0.164179104478
0.0901360194681	0.56530214425	57	7	3	0	11	0.161764705882
