# time 	 divergence 	 # of mutations 	 # IGC chances 	 IGC length 	 # IGC failures 	 Changes due to IGC  	 % change due to IGC 
0.0	0.207602339181	0	0	0	0	0	0.0
0.000181497021102	0.206627680312	0	1	3	0	1	1.0
0.000340239971227	0.206627680312	0	2	3	0	1	1.0
0.000655212436598	0.207602339181	1	2	3	0	1	0.5
0.002173988302	0.208576998051	2	2	3	0	1	0.333333333333
0.00246528690333	0.20955165692	3	2	3	0	1	0.25
0.0046826278414	0.20955165692	3	3	3	0	1	0.25
0.00472067187393	0.210526315789	4	3	3	0	1	0.2
0.00478050948514	0.20955165692	4	4	3	0	2	0.333333333333
0.00516160684535	0.206627680312	4	5	3	0	5	0.555555555556
0.00596619320234	0.206627680312	4	6	3	0	5	0.555555555556
0.00613670020767	0.205653021442	4	7	3	0	6	0.6
0.00647139040028	0.204678362573	4	8	3	0	7	0.636363636364
0.00666313490986	0.204678362573	4	9	3	0	7	0.636363636364
0.00695183729943	0.205653021442	5	9	3	0	7	0.583333333333
0.00730905067091	0.206627680312	6	9	3	0	7	0.538461538462
0.00790637386271	0.207602339181	7	9	3	0	7	0.5
0.00814914833324	0.207602339181	7	10	3	0	7	0.5
0.0082550105991	0.208576998051	8	10	3	0	7	0.466666666667
0.00839504454165	0.20955165692	9	10	3	0	7	0.4375
0.00925135798475	0.20955165692	10	10	3	0	7	0.411764705882
0.0106959428228	0.20955165692	10	11	3	0	7	0.411764705882
0.0109562791746	0.210526315789	11	11	3	0	7	0.388888888889
0.011364693849	0.211500974659	12	11	3	0	7	0.368421052632
0.0138834028502	0.211500974659	13	11	3	0	7	0.35
0.0141428592676	0.212475633528	14	11	3	0	7	0.333333333333
0.014187685363	0.212475633528	14	12	3	0	7	0.333333333333
0.0143308178159	0.211500974659	14	13	3	0	8	0.363636363636
0.01459730501	0.20955165692	14	14	3	0	10	0.416666666667
0.0155343783852	0.208576998051	15	14	3	0	10	0.4
0.0161065519465	0.20955165692	16	14	3	0	10	0.384615384615
0.0170894812953	0.20955165692	17	14	3	0	10	0.37037037037
0.017943010486	0.210526315789	18	14	3	0	10	0.357142857143
0.0186352085668	0.211500974659	19	14	3	0	10	0.344827586207
0.019294114664	0.212475633528	20	14	3	0	10	0.333333333333
0.0211391882625	0.210526315789	20	15	3	0	12	0.375
0.0212670644083	0.20955165692	20	16	3	0	13	0.393939393939
0.0213906663245	0.210526315789	21	16	3	0	13	0.382352941176
0.0222430833291	0.211500974659	22	16	3	0	13	0.371428571429
0.0242239442586	0.212475633528	23	16	3	0	13	0.361111111111
0.0250204550045	0.213450292398	24	16	3	0	13	0.351351351351
0.0252575839797	0.214424951267	25	16	3	0	13	0.342105263158
0.0252642732744	0.211500974659	25	17	3	0	16	0.390243902439
0.0264761209315	0.212475633528	26	17	3	0	16	0.380952380952
0.026790241642	0.212475633528	27	17	3	0	16	0.372093023256
0.0284357894765	0.213450292398	28	17	3	0	16	0.363636363636
0.0299085978423	0.212475633528	28	18	3	0	17	0.377777777778
0.0305123586292	0.213450292398	29	18	3	0	17	0.369565217391
0.0308284985375	0.213450292398	29	19	3	0	17	0.369565217391
