# time 	 divergence 	 # of mutations 	 # IGC chances 	 IGC length 	 # IGC failures 	 Changes due to IGC  	 % change due to IGC 
0.0	0.456989247312	0	0	0	0	0	0.0
0.000828996008445	0.456989247312	1	0	0	0	0	0.0
0.00357468504935	0.458064516129	2	0	0	0	0	0.0
0.00362429163658	0.458064516129	3	0	0	0	0	0.0
0.00417063463498	0.458064516129	4	0	0	0	0	0.0
0.004292327915	0.459139784946	5	0	0	0	0	0.0
0.0061387455866	0.459139784946	6	0	0	0	0	0.0
0.00654013767751	0.460215053763	7	0	0	0	0	0.0
0.0101243377109	0.460215053763	8	0	0	0	0	0.0
0.011457577811	0.460215053763	9	0	0	0	0	0.0
0.0115455789965	0.459139784946	10	0	0	0	0	0.0
0.0127264149054	0.456989247312	10	1	3	0	2	0.166666666667
0.0135515801478	0.458064516129	11	1	3	0	2	0.153846153846
0.0171744942878	0.458064516129	12	1	3	0	2	0.142857142857
0.0178819043393	0.459139784946	13	1	3	0	2	0.133333333333
0.0190396271158	0.459139784946	14	1	3	0	2	0.125
0.0205506873038	0.458064516129	15	1	3	0	2	0.117647058824
0.0228117438516	0.456989247312	16	1	3	0	2	0.111111111111
0.0228409665139	0.458064516129	17	1	3	0	2	0.105263157895
0.0251511112891	0.459139784946	18	1	3	0	2	0.1
0.0259293243094	0.460215053763	19	1	3	0	2	0.0952380952381
0.0270446863822	0.461290322581	20	1	3	0	2	0.0909090909091
0.0288531106119	0.461290322581	21	1	3	0	2	0.0869565217391
0.0347812830851	0.462365591398	22	1	3	0	2	0.0833333333333
0.034976042798	0.463440860215	23	1	3	0	2	0.08
0.0351383036075	0.464516129032	24	1	3	0	2	0.0769230769231
0.0373049515586	0.464516129032	25	1	3	0	2	0.0740740740741
0.0406153764342	0.465591397849	26	1	3	0	2	0.0714285714286
0.0415474416941	0.463440860215	26	2	3	0	4	0.133333333333
0.0424619339598	0.464516129032	27	2	3	0	4	0.129032258065
0.0425796212952	0.465591397849	28	2	3	0	4	0.125
0.0440181262367	0.466666666667	29	2	3	0	4	0.121212121212
0.0442711528344	0.467741935484	30	2	3	0	4	0.117647058824
0.0445536596889	0.467741935484	31	2	3	0	4	0.114285714286
0.0446895426201	0.468817204301	32	2	3	0	4	0.111111111111
0.0466512321279	0.469892473118	33	2	3	0	4	0.108108108108
0.0471244519034	0.469892473118	34	2	3	0	4	0.105263157895
0.0489506434588	0.469892473118	34	3	3	0	4	0.105263157895
0.0503359021251	0.470967741935	35	3	3	0	4	0.102564102564
0.0530116906622	0.472043010753	36	3	3	0	4	0.1
0.0530835368357	0.47311827957	37	3	3	0	4	0.0975609756098
0.0551715628562	0.47311827957	38	3	3	0	4	0.0952380952381
0.0561889015113	0.474193548387	39	3	3	0	4	0.093023255814
0.0576354206773	0.475268817204	40	3	3	0	4	0.0909090909091
0.0590395944028	0.474193548387	41	3	3	0	4	0.0888888888889
0.0615563053266	0.47311827957	42	3	3	0	4	0.0869565217391
0.0619560067823	0.47311827957	43	3	3	0	4	0.0851063829787
0.0628179369934	0.474193548387	44	3	3	0	4	0.0833333333333
0.0632925195527	0.474193548387	45	3	3	0	4	0.0816326530612
0.0655636838854	0.47311827957	46	3	3	0	4	0.08
0.0659729933808	0.472043010753	47	3	3	0	4	0.078431372549
0.0662765582978	0.469892473118	47	4	3	0	6	0.11320754717
0.0690955194101	0.469892473118	48	4	3	0	6	0.111111111111
0.0721077495008	0.470967741935	49	4	3	0	6	0.109090909091
0.0721337565074	0.470967741935	50	4	3	0	6	0.107142857143
