# time 	 divergence 	 # of mutations 	 # IGC chances 	 IGC length 	 # IGC failures 	 Changes due to IGC  	 % change due to IGC 
0.0	0.245398773006	0	0	0	0	0	0.0
0.000474027257844	0.247443762781	1	0	0	0	0	0.0
0.00727495729895	0.249488752556	2	0	0	0	0	0.0
0.00741973524351	0.247443762781	3	0	0	0	0	0.0
0.00826634398117	0.249488752556	4	0	0	0	0	0.0
0.0100910598183	0.251533742331	5	0	0	0	0	0.0
0.0139103333704	0.253578732106	6	0	0	0	0	0.0
0.0148859741791	0.251533742331	7	0	0	0	0	0.0
0.0177193811225	0.253578732106	8	0	0	0	0	0.0
0.0220204915578	0.255623721881	9	0	0	0	0	0.0
0.0224162762393	0.253578732106	10	0	0	0	0	0.0
0.0245297183833	0.255623721881	11	0	0	0	0	0.0
0.0300017124669	0.257668711656	12	0	0	0	0	0.0
0.0303697504561	0.259713701431	13	0	0	0	0	0.0
0.0304946960628	0.257668711656	13	1	3	0	1	0.0714285714286
0.0340345962298	0.259713701431	14	1	3	0	1	0.0666666666667
0.0369419112301	0.261758691207	15	1	3	0	1	0.0625
0.0371320641861	0.263803680982	16	1	3	0	1	0.0588235294118
0.0386044997232	0.265848670757	17	1	3	0	1	0.0555555555556
0.0443685228732	0.263803680982	18	1	3	0	1	0.0526315789474
0.048573049444	0.261758691207	18	2	3	0	2	0.1
0.0503567509331	0.259713701431	19	2	3	0	2	0.0952380952381
0.0522725139287	0.261758691207	20	2	3	0	2	0.0909090909091
0.0562075479094	0.261758691207	21	2	3	0	2	0.0869565217391
0.0601103879526	0.263803680982	22	2	3	0	2	0.0833333333333
0.0608459376535	0.265848670757	23	2	3	0	2	0.08
0.0628692006994	0.267893660532	24	2	3	0	2	0.0769230769231
0.0737125138646	0.267893660532	25	2	3	0	2	0.0740740740741
0.0767083720496	0.269938650307	26	2	3	0	2	0.0714285714286
0.0776025332131	0.271983640082	27	2	3	0	2	0.0689655172414
0.0877220262894	0.274028629857	28	2	3	0	2	0.0666666666667
0.093500094703	0.276073619632	29	2	3	0	2	0.0645161290323
0.0950385797363	0.276073619632	30	2	3	0	2	0.0625
0.100777524578	0.278118609407	31	2	3	0	2	0.0606060606061
0.105736901269	0.276073619632	32	2	3	0	2	0.0588235294118
0.107339810104	0.278118609407	33	2	3	0	2	0.0571428571429
0.107820813726	0.280163599182	34	2	3	0	2	0.0555555555556
0.113005893974	0.282208588957	35	2	3	0	2	0.0540540540541
0.115453657098	0.284253578732	36	2	3	0	2	0.0526315789474
0.11652735009	0.286298568507	37	2	3	0	2	0.0512820512821
0.121751192439	0.286298568507	37	3	3	0	2	0.0512820512821
0.130369011487	0.284253578732	37	4	3	0	3	0.075
0.131841881272	0.282208588957	38	4	3	0	3	0.0731707317073
0.132226571101	0.284253578732	39	4	3	0	3	0.0714285714286
0.133255540216	0.282208588957	40	4	3	0	3	0.0697674418605
0.133350093535	0.282208588957	41	4	3	0	3	0.0681818181818
0.133574694392	0.284253578732	42	4	3	0	3	0.0666666666667
0.135125163138	0.282208588957	42	5	3	0	4	0.0869565217391
0.139455205728	0.284253578732	43	5	3	0	4	0.0851063829787
0.140262482438	0.286298568507	44	5	3	0	4	0.0833333333333
0.140861282563	0.284253578732	45	5	3	0	4	0.0816326530612
0.14275043131	0.286298568507	46	5	3	0	4	0.08
0.143523291973	0.288343558282	47	5	3	0	4	0.078431372549
0.145433587731	0.290388548057	48	5	3	0	4	0.0769230769231
0.152558497874	0.292433537832	49	5	3	0	4	0.0754716981132
0.157717035964	0.292433537832	50	5	3	0	4	0.0740740740741
0.162618050444	0.294478527607	51	5	3	0	4	0.0727272727273
0.166194977855	0.296523517382	52	5	3	0	4	0.0714285714286
0.169832643081	0.298568507157	53	5	3	0	4	0.0701754385965
