# time 	 divergence 	 # of mutations 	 # IGC chances 	 IGC length 	 # IGC failures 	 Changes due to IGC  	 % change due to IGC 
0.0	0.4522417154	0	0	0	0	0	0.0
0.00209992088891	0.4522417154	1	0	0	0	0	0.0
0.00305724170014	0.453216374269	2	0	0	0	0	0.0
0.0054448983888	0.454191033138	3	0	0	0	0	0.0
0.00600600347822	0.455165692008	4	0	0	0	0	0.0
0.00633400041296	0.456140350877	5	0	0	0	0	0.0
0.00998559518455	0.457115009747	6	0	0	0	0	0.0
0.0100114754245	0.458089668616	7	0	0	0	0	0.0
0.0157841147323	0.459064327485	8	0	0	0	0	0.0
0.0171778036804	0.458089668616	9	0	0	0	0	0.0
0.0212295215153	0.457115009747	10	0	0	0	0	0.0
0.0224013885224	0.457115009747	11	0	0	0	0	0.0
0.0228759991644	0.457115009747	12	0	0	0	0	0.0
0.02332883875	0.458089668616	13	0	0	0	0	0.0
0.0241240514384	0.459064327485	14	0	0	0	0	0.0
0.0243446544751	0.458089668616	15	0	0	0	0	0.0
0.0272405420208	0.458089668616	16	0	0	0	0	0.0
0.0297520546372	0.458089668616	17	0	0	0	0	0.0
0.029967913023	0.458089668616	18	0	0	0	0	0.0
0.0302459055441	0.459064327485	19	0	0	0	0	0.0
0.0320716061742	0.458089668616	20	0	0	0	0	0.0
0.0330200573934	0.459064327485	21	0	0	0	0	0.0
0.0351678306761	0.459064327485	22	0	0	0	0	0.0
0.037603957437	0.460038986355	23	0	0	0	0	0.0
0.0380295725131	0.460038986355	24	0	0	0	0	0.0
0.04095699037	0.461013645224	25	0	0	0	0	0.0
0.0414726909765	0.461988304094	26	0	0	0	0	0.0
0.0415949668862	0.461988304094	27	0	0	0	0	0.0
0.0435715992291	0.462962962963	28	0	0	0	0	0.0
0.0461850100459	0.463937621832	29	0	0	0	0	0.0
0.0462019391141	0.463937621832	30	0	0	0	0	0.0
0.0468733605349	0.464912280702	31	0	0	0	0	0.0
0.0472193365176	0.465886939571	32	0	0	0	0	0.0
0.0472703472069	0.466861598441	33	0	0	0	0	0.0
0.0482749180231	0.46783625731	34	0	0	0	0	0.0
0.0499184103619	0.468810916179	35	0	0	0	0	0.0
0.0500011415613	0.469785575049	36	0	0	0	0	0.0
0.0505341462168	0.468810916179	37	0	0	0	0	0.0
0.0506705257211	0.46783625731	38	0	0	0	0	0.0
0.0508331827685	0.468810916179	39	0	0	0	0	0.0
0.0512441477068	0.468810916179	40	0	0	0	0	0.0
0.0529355269167	0.468810916179	41	0	0	0	0	0.0
0.053184681811	0.469785575049	42	0	0	0	0	0.0
0.0540402346182	0.470760233918	43	0	0	0	0	0.0
0.0547707240146	0.471734892788	44	0	0	0	0	0.0
0.0551448877673	0.471734892788	45	0	0	0	0	0.0
0.0613468582006	0.472709551657	46	0	0	0	0	0.0
0.0664743002731	0.472709551657	47	0	0	0	0	0.0
0.0665426125602	0.473684210526	48	0	0	0	0	0.0
0.0679607218597	0.474658869396	49	0	0	0	0	0.0
0.068835627522	0.474658869396	50	0	0	0	0	0.0
0.0693519792752	0.474658869396	51	0	0	0	0	0.0
0.0695198133751	0.475633528265	52	0	0	0	0	0.0
0.0717541209796	0.460038986355	52	1	27	0	16	0.235294117647
0.0729173135567	0.460038986355	53	1	27	0	16	0.231884057971
0.075285980294	0.459064327485	54	1	27	0	16	0.228571428571
0.0764369809591	0.460038986355	55	1	27	0	16	0.225352112676
0.0765306576992	0.461013645224	56	1	27	0	16	0.222222222222
0.0797930302891	0.461988304094	57	1	27	0	16	0.219178082192
0.0847068116739	0.461013645224	58	1	27	0	16	0.216216216216
0.0850783556361	0.461013645224	59	1	27	0	16	0.213333333333
0.0854816647843	0.461988304094	60	1	27	0	16	0.210526315789
0.0857715239436	0.461013645224	61	1	27	0	16	0.207792207792
0.0870235979211	0.461988304094	62	1	27	0	16	0.205128205128
0.0940813438954	0.461988304094	63	1	27	0	16	0.20253164557
0.0954274931985	0.462962962963	64	1	27	0	16	0.2
