# time 	 divergence 	 # of mutations 	 # IGC chances 	 IGC length 	 # IGC failures 	 Changes due to IGC  	 % change due to IGC 
0.0	0.0042735042735	0	0	0	0	0	0.0
0.00762161480112	0.00641025641026	1	0	0	0	0	0.0
0.0121206604553	0.00854700854701	2	0	0	0	0	0.0
0.0137661362471	0.0106837606838	3	0	0	0	0	0.0
0.0161626969278	0.0128205128205	4	0	0	0	0	0.0
0.0163929046621	0.0149572649573	5	0	0	0	0	0.0
0.0178521187689	0.017094017094	6	0	0	0	0	0.0
0.019350965776	0.0192307692308	7	0	0	0	0	0.0
0.022854982472	0.0213675213675	8	0	0	0	0	0.0
0.0252988223765	0.0235042735043	9	0	0	0	0	0.0
0.0300175372875	0.025641025641	10	0	0	0	0	0.0
0.030287193629	0.0277777777778	11	0	0	0	0	0.0
0.0312940651505	0.0299145299145	12	0	0	0	0	0.0
0.0337411144683	0.0320512820513	13	0	0	0	0	0.0
0.0357836508265	0.034188034188	14	0	0	0	0	0.0
0.0378453644253	0.0363247863248	15	0	0	0	0	0.0
0.0421766839972	0.0384615384615	16	0	0	0	0	0.0
0.0437932678189	0.0405982905983	17	0	0	0	0	0.0
0.0468153279802	0.042735042735	18	0	0	0	0	0.0
0.047404319611	0.0448717948718	19	0	0	0	0	0.0
0.0487501486165	0.0470085470085	20	0	0	0	0	0.0
0.0517642376931	0.0491452991453	21	0	0	0	0	0.0
0.0599683408884	0.0512820512821	22	0	0	0	0	0.0
0.0652532651977	0.0534188034188	23	0	0	0	0	0.0
0.0653948253481	0.0555555555556	24	0	0	0	0	0.0
0.0683327033262	0.0576923076923	25	0	0	0	0	0.0
0.0685773785433	0.0598290598291	26	0	0	0	0	0.0
0.078565038393	0.0619658119658	27	0	0	0	0	0.0
0.0845271074965	0.0641025641026	28	0	0	0	0	0.0
