# time 	 divergence 	 # of mutations 	 # IGC chances 	 IGC length 	 # IGC failures 	 Changes due to IGC  	 % change due to IGC 
0.0	0.336559139785	0	0	0	0	0	0.0
0.000135185575382	0.337634408602	1	0	0	0	0	0.0
0.000669611192824	0.336559139785	2	0	0	0	0	0.0
0.00365699440834	0.337634408602	3	0	0	0	0	0.0
0.00526896801	0.338709677419	4	0	0	0	0	0.0
0.00811633345345	0.339784946237	5	0	0	0	0	0.0
0.00895191865519	0.340860215054	6	0	0	0	0	0.0
0.0108417869092	0.340860215054	7	0	0	0	0	0.0
0.0112162940726	0.340860215054	8	0	0	0	0	0.0
0.0146249082086	0.341935483871	9	0	0	0	0	0.0
0.014719914823	0.341935483871	10	0	0	0	0	0.0
0.0149706618476	0.343010752688	11	0	0	0	0	0.0
0.0174179209605	0.344086021505	12	0	0	0	0	0.0
0.018653490445	0.344086021505	13	0	0	0	0	0.0
0.0194145848687	0.344086021505	14	0	0	0	0	0.0
0.0202577886278	0.345161290323	15	0	0	0	0	0.0
0.0227358298999	0.34623655914	16	0	0	0	0	0.0
0.0244029934299	0.347311827957	17	0	0	0	0	0.0
0.0251096203676	0.347311827957	18	0	0	0	0	0.0
0.0255399697549	0.34623655914	19	0	0	0	0	0.0
0.0304938241726	0.345161290323	20	0	0	0	0	0.0
0.0320474576575	0.34623655914	21	0	0	0	0	0.0
0.0367451054982	0.34623655914	22	0	0	0	0	0.0
0.0374808729641	0.34623655914	23	0	0	0	0	0.0
0.0378844009937	0.347311827957	24	0	0	0	0	0.0
0.041631264901	0.347311827957	25	0	0	0	0	0.0
0.0422120407466	0.347311827957	26	0	0	0	0	0.0
0.0452332246328	0.348387096774	27	0	0	0	0	0.0
0.0467985109369	0.349462365591	28	0	0	0	0	0.0
0.0468625562995	0.349462365591	29	0	0	0	0	0.0
0.0492551431028	0.348387096774	30	0	0	0	0	0.0
0.0511693672894	0.347311827957	31	0	0	0	0	0.0
0.052355884112	0.348387096774	32	0	0	0	0	0.0
0.0532222922135	0.284946236559	32	1	159	0	59	0.648351648352
0.0546568288703	0.286021505376	33	1	159	0	59	0.641304347826
0.0548571084251	0.287096774194	34	1	159	0	59	0.634408602151
0.0548946996122	0.286021505376	35	1	159	0	59	0.627659574468
0.0573704582093	0.286021505376	36	1	159	0	59	0.621052631579
0.0579015598948	0.287096774194	37	1	159	0	59	0.614583333333
0.0595211562565	0.286021505376	38	1	159	0	59	0.60824742268
0.0611919757942	0.287096774194	39	1	159	0	59	0.602040816327
0.0618442035216	0.288172043011	40	1	159	0	59	0.59595959596
0.0659968398526	0.287096774194	41	1	159	0	59	0.59
0.0660928141999	0.288172043011	42	1	159	0	59	0.584158415842
0.0665794104548	0.287096774194	43	1	159	0	59	0.578431372549
0.066838554229	0.287096774194	44	1	159	0	59	0.572815533981
0.0669799326943	0.288172043011	45	1	159	0	59	0.567307692308
0.0676948205861	0.289247311828	46	1	159	0	59	0.561904761905
0.0709767767161	0.289247311828	47	1	159	0	59	0.556603773585
0.0710799473186	0.290322580645	48	1	159	0	59	0.551401869159
0.0714612646008	0.291397849462	49	1	159	0	59	0.546296296296
0.0721266903515	0.29247311828	50	1	159	0	59	0.54128440367
0.073316024543	0.293548387097	51	1	159	0	59	0.536363636364
0.073472608407	0.293548387097	52	1	159	0	59	0.531531531532
0.0735127251261	0.29247311828	53	1	159	0	59	0.526785714286
0.0783625837362	0.293548387097	54	1	159	0	59	0.522123893805
0.0796194754728	0.29247311828	55	1	159	0	59	0.517543859649
0.0853303706174	0.293548387097	56	1	159	0	59	0.513043478261
0.085988743482	0.29247311828	57	1	159	0	59	0.508620689655
0.0884420701757	0.293548387097	58	1	159	0	59	0.504273504274
0.088987592285	0.293548387097	59	1	159	0	59	0.5
0.090315987465	0.294623655914	60	1	159	0	59	0.495798319328
0.0904914283474	0.295698924731	61	1	159	0	59	0.491666666667
0.0911018204701	0.296774193548	62	1	159	0	59	0.487603305785
0.0924342269559	0.297849462366	63	1	159	0	59	0.483606557377
0.0926546111213	0.298924731183	64	1	159	0	59	0.479674796748
0.0938814681102	0.3	65	1	159	0	59	0.475806451613
0.0959609385259	0.301075268817	66	1	159	0	59	0.472
0.096006713485	0.3	67	1	159	0	59	0.468253968254
0.09615496566	0.301075268817	68	1	159	0	59	0.464566929134
0.0967501623897	0.301075268817	69	1	159	0	59	0.4609375
0.0969401890376	0.302150537634	70	1	159	0	59	0.457364341085
0.0988858094995	0.303225806452	71	1	159	0	59	0.453846153846
0.0998999562381	0.304301075269	72	1	159	0	59	0.450381679389
0.10531298034	0.305376344086	73	1	159	0	59	0.44696969697
0.10771150982	0.304301075269	74	1	159	0	59	0.443609022556
0.108989038903	0.304301075269	75	1	159	0	59	0.440298507463
0.109231884763	0.305376344086	76	1	159	0	59	0.437037037037
0.109566994542	0.306451612903	77	1	159	0	59	0.433823529412
0.11026468102	0.30752688172	78	1	159	0	59	0.430656934307
0.110460315591	0.308602150538	79	1	159	0	59	0.427536231884
0.111291602329	0.309677419355	80	1	159	0	59	0.424460431655
0.112856420299	0.309677419355	81	1	159	0	59	0.421428571429
0.116796614268	0.309677419355	82	1	159	0	59	0.418439716312
0.117556866948	0.310752688172	83	1	159	0	59	0.415492957746
0.120178336016	0.311827956989	84	1	159	0	59	0.412587412587
0.12076853797	0.312903225806	85	1	159	0	59	0.409722222222
0.121049175647	0.313978494624	86	1	159	0	59	0.406896551724
0.121410468236	0.315053763441	87	1	159	0	59	0.404109589041
0.121779016179	0.316129032258	88	1	159	0	59	0.401360544218
0.122243231041	0.317204301075	89	1	159	0	59	0.398648648649
0.122329506533	0.318279569892	90	1	159	0	59	0.395973154362
0.122371599632	0.318279569892	91	1	159	0	59	0.393333333333
0.124790221993	0.31935483871	92	1	159	0	59	0.390728476821
0.124827817817	0.320430107527	93	1	159	0	59	0.388157894737
0.126070502262	0.321505376344	94	1	159	0	59	0.385620915033
