# time 	 divergence 	 # of mutations 	 # IGC chances 	 IGC length 	 # IGC failures 	 Changes due to IGC  	 % change due to IGC 
0.0	0.51559454191	0	0	0	0	0	0.0
0.000852940148907	0.51559454191	1	0	0	0	0	0.0
0.00212565812314	0.514619883041	2	0	0	0	0	0.0
0.0027512358345	0.513645224172	3	0	0	0	0	0.0
0.00354267530775	0.512670565302	4	0	0	0	0	0.0
0.00915407643386	0.512670565302	5	0	0	0	0	0.0
0.00933038423983	0.512670565302	6	0	0	0	0	0.0
0.0114692576003	0.513645224172	7	0	0	0	0	0.0
0.0176739311167	0.512670565302	8	0	0	0	0	0.0
0.0208008217242	0.512670565302	9	0	0	0	0	0.0
0.0250694162682	0.513645224172	10	0	0	0	0	0.0
0.0255555226512	0.514619883041	11	0	0	0	0	0.0
0.0261526613775	0.514619883041	12	0	0	0	0	0.0
0.0267713652414	0.51559454191	13	0	0	0	0	0.0
0.028167869323	0.4522417154	13	1	108	0	65	0.833333333333
0.0297670680925	0.45126705653	14	1	108	0	65	0.822784810127
0.0330163707275	0.4522417154	15	1	108	0	65	0.8125
0.0336146528084	0.453216374269	16	1	108	0	65	0.802469135802
0.0351311396215	0.454191033138	17	1	108	0	65	0.792682926829
0.0366154012601	0.455165692008	18	1	108	0	65	0.78313253012
0.0387512690117	0.456140350877	19	1	108	0	65	0.77380952381
0.0405299485212	0.456140350877	20	1	108	0	65	0.764705882353
0.0423367885232	0.457115009747	21	1	108	0	65	0.755813953488
0.0437174915808	0.458089668616	22	1	108	0	65	0.747126436782
0.0460858138976	0.459064327485	23	1	108	0	65	0.738636363636
0.0466288658623	0.460038986355	24	1	108	0	65	0.730337078652
0.0489920781079	0.460038986355	25	1	108	0	65	0.722222222222
0.0491350435614	0.461013645224	26	1	108	0	65	0.714285714286
0.0510724643701	0.461988304094	27	1	108	0	65	0.70652173913
0.0519601682422	0.461013645224	28	1	108	0	65	0.698924731183
0.0544980768026	0.461988304094	29	1	108	0	65	0.691489361702
0.0552497953893	0.461988304094	30	1	108	0	65	0.684210526316
0.0572236032326	0.461988304094	31	1	108	0	65	0.677083333333
0.057424432124	0.461988304094	32	1	108	0	65	0.670103092784
0.0579332345224	0.461988304094	33	1	108	0	65	0.663265306122
0.0582708399345	0.461988304094	34	1	108	0	65	0.656565656566
0.0588027448404	0.461988304094	35	1	108	0	65	0.65
0.0593010454361	0.462962962963	36	1	108	0	65	0.643564356436
0.061956199057	0.463937621832	37	1	108	0	65	0.637254901961
0.0621043035713	0.464912280702	38	1	108	0	65	0.631067961165
0.0632620287483	0.465886939571	39	1	108	0	65	0.625
0.0654527063746	0.466861598441	40	1	108	0	65	0.619047619048
0.0665221595975	0.466861598441	41	1	108	0	65	0.61320754717
0.0666444395553	0.46783625731	42	1	108	0	65	0.607476635514
0.0686850341925	0.466861598441	43	1	108	0	65	0.601851851852
0.0689074379129	0.466861598441	44	1	108	0	65	0.596330275229
0.0706160543431	0.46783625731	45	1	108	0	65	0.590909090909
0.070712721582	0.468810916179	46	1	108	0	65	0.585585585586
0.0732670710376	0.469785575049	47	1	108	0	65	0.580357142857
0.0740623055941	0.469785575049	48	1	108	0	65	0.575221238938
0.0790257781862	0.470760233918	49	1	108	0	65	0.570175438596
0.0797212761536	0.470760233918	50	1	108	0	65	0.565217391304
0.0805423783032	0.470760233918	51	1	108	0	65	0.560344827586
0.0807355478594	0.471734892788	52	1	108	0	65	0.555555555556
0.0816999941052	0.471734892788	53	1	108	0	65	0.550847457627
0.081916665619	0.471734892788	54	1	108	0	65	0.546218487395
0.0819255048457	0.472709551657	55	1	108	0	65	0.541666666667
0.086390252135	0.473684210526	56	1	108	0	65	0.537190082645
0.0864566798869	0.474658869396	57	1	108	0	65	0.532786885246
0.087532677143	0.474658869396	58	1	108	0	65	0.528455284553
0.0895726216284	0.475633528265	59	1	108	0	65	0.524193548387
0.0907270689705	0.476608187135	60	1	108	0	65	0.52
0.0915485742041	0.477582846004	61	1	108	0	65	0.515873015873
0.0916248623795	0.477582846004	62	1	108	0	65	0.511811023622
0.0946552875997	0.478557504873	63	1	108	0	65	0.5078125
0.0975523129812	0.479532163743	64	1	108	0	65	0.503875968992
0.0976969909093	0.480506822612	65	1	108	0	65	0.5
0.101167085424	0.481481481481	66	1	108	0	65	0.496183206107
0.10136145811	0.482456140351	67	1	108	0	65	0.492424242424
0.102073811634	0.482456140351	68	1	108	0	65	0.488721804511
0.105887148966	0.481481481481	69	1	108	0	65	0.485074626866
0.106796545814	0.482456140351	70	1	108	0	65	0.481481481481
0.108331080191	0.481481481481	71	1	108	0	65	0.477941176471
0.108931072052	0.481481481481	72	1	108	0	65	0.474452554745
0.1093909237	0.482456140351	73	1	108	0	65	0.471014492754
0.110318449431	0.48343079922	74	1	108	0	65	0.467625899281
0.110972239569	0.48440545809	75	1	108	0	65	0.464285714286
0.117859460131	0.485380116959	76	1	108	0	65	0.460992907801
0.11896598477	0.486354775828	77	1	108	0	65	0.457746478873
0.119668342549	0.485380116959	78	1	108	0	65	0.454545454545
0.120871168531	0.485380116959	79	1	108	0	65	0.451388888889
0.121282698559	0.48440545809	80	1	108	0	65	0.448275862069
0.123509079881	0.485380116959	81	1	108	0	65	0.445205479452
0.124852852057	0.48440545809	82	1	108	0	65	0.442176870748
0.125252465255	0.485380116959	83	1	108	0	65	0.439189189189
0.125363067111	0.485380116959	84	1	108	0	65	0.436241610738
0.125701718232	0.486354775828	85	1	108	0	65	0.433333333333
0.126976489834	0.487329434698	86	1	108	0	65	0.430463576159
0.127223011258	0.487329434698	87	1	108	0	65	0.427631578947
0.128223622704	0.488304093567	88	1	108	0	65	0.424836601307
0.128833239748	0.489278752437	89	1	108	0	65	0.422077922078
0.131690741567	0.488304093567	90	1	108	0	65	0.41935483871
0.132562472929	0.488304093567	91	1	108	0	65	0.416666666667
0.132728239925	0.489278752437	92	1	108	0	65	0.414012738854
0.133401943944	0.488304093567	93	1	108	0	65	0.411392405063
0.135369251872	0.487329434698	94	1	108	0	65	0.408805031447
0.136675073162	0.488304093567	95	1	108	0	65	0.40625
