# time 	 divergence 	 # of mutations 	 # IGC chances 	 IGC length 	 # IGC failures 	 Changes due to IGC  	 % change due to IGC 
0.0	0.534113060429	0	0	0	0	0	0.0
0.000274358300075	0.533138401559	1	0	0	0	0	0.0
0.000296820062554	0.53216374269	2	0	0	0	0	0.0
0.00479188171613	0.533138401559	3	0	0	0	0	0.0
0.00559358068996	0.534113060429	4	0	0	0	0	0.0
0.0077970521384	0.533138401559	5	0	0	0	0	0.0
0.00896313441301	0.53216374269	6	0	0	0	0	0.0
0.00897299889589	0.533138401559	7	0	0	0	0	0.0
0.0101838677738	0.53216374269	8	0	0	0	0	0.0
0.0117902827678	0.531189083821	9	0	0	0	0	0.0
0.0121063601131	0.531189083821	10	0	0	0	0	0.0
0.0122772960088	0.53216374269	11	0	0	0	0	0.0
0.0151866421446	0.53216374269	12	0	0	0	0	0.0
0.0177744261704	0.531189083821	13	0	0	0	0	0.0
0.0183306392737	0.530214424951	13	1	3	0	1	0.0714285714286
0.0210060773331	0.531189083821	14	1	3	0	1	0.0666666666667
0.0215341340218	0.53216374269	15	1	3	0	1	0.0625
0.0221877124072	0.531189083821	16	1	3	0	1	0.0588235294118
0.0250608779797	0.53216374269	17	1	3	0	1	0.0555555555556
0.0255136536281	0.533138401559	18	1	3	0	1	0.0526315789474
0.0257498627547	0.534113060429	19	1	3	0	1	0.05
0.0286077962902	0.533138401559	20	1	3	0	1	0.047619047619
0.0287673507549	0.533138401559	21	1	3	0	1	0.0454545454545
0.0298963087894	0.533138401559	22	1	3	0	1	0.0434782608696
0.0323709530414	0.534113060429	23	1	3	0	1	0.0416666666667
0.0329411045765	0.535087719298	24	1	3	0	1	0.04
0.0333084430229	0.535087719298	25	1	3	0	1	0.0384615384615
0.0337008563749	0.536062378168	26	1	3	0	1	0.037037037037
0.0337203442684	0.536062378168	27	1	3	0	1	0.0357142857143
0.0341130172686	0.537037037037	28	1	3	0	1	0.0344827586207
0.034645186161	0.538011695906	29	1	3	0	1	0.0333333333333
0.0346757498506	0.538986354776	30	1	3	0	1	0.0322580645161
0.0364188584936	0.539961013645	31	1	3	0	1	0.03125
0.0370422559668	0.540935672515	32	1	3	0	1	0.030303030303
0.0372028276793	0.539961013645	33	1	3	0	1	0.0294117647059
0.0378006993432	0.538986354776	34	1	3	0	1	0.0285714285714
0.0380653819079	0.539961013645	35	1	3	0	1	0.0277777777778
0.0386547853129	0.539961013645	36	1	3	0	1	0.027027027027
0.0424064089833	0.538986354776	37	1	3	0	1	0.0263157894737
0.0434859413399	0.539961013645	38	1	3	0	1	0.025641025641
0.0435136703925	0.540935672515	39	1	3	0	1	0.025
0.0436411951566	0.540935672515	40	1	3	0	1	0.0243902439024
0.0447342741236	0.540935672515	41	1	3	0	1	0.0238095238095
0.0462096198443	0.540935672515	42	1	3	0	1	0.0232558139535
0.0471321412121	0.540935672515	43	1	3	0	1	0.0227272727273
0.0479772118887	0.541910331384	44	1	3	0	1	0.0222222222222
0.0488559547498	0.541910331384	45	1	3	0	1	0.0217391304348
0.0488638207706	0.542884990253	46	1	3	0	1	0.0212765957447
0.0516317237543	0.543859649123	47	1	3	0	1	0.0208333333333
0.052712917833	0.542884990253	48	1	3	0	1	0.0204081632653
0.0529664451809	0.542884990253	49	1	3	0	1	0.02
0.0538536100058	0.539961013645	49	2	3	0	4	0.0754716981132
0.0545773488533	0.538011695906	49	3	3	0	6	0.109090909091
0.0548256361188	0.536062378168	49	4	3	0	8	0.140350877193
0.0551378629668	0.536062378168	50	4	3	0	8	0.137931034483
0.0553437062621	0.537037037037	51	4	3	0	8	0.135593220339
0.0555022463458	0.535087719298	51	5	3	0	10	0.16393442623
0.0573252351723	0.535087719298	52	5	3	0	10	0.161290322581
0.0604459935489	0.535087719298	53	5	3	0	10	0.15873015873
0.0631563629562	0.535087719298	53	6	3	0	10	0.15873015873
0.0636339989097	0.536062378168	54	6	3	0	10	0.15625
0.0674661922967	0.537037037037	55	6	3	0	10	0.153846153846
0.0734329741087	0.537037037037	56	6	3	0	10	0.151515151515
0.0736826911961	0.537037037037	57	6	3	0	10	0.149253731343
0.0738402349952	0.536062378168	58	6	3	0	10	0.147058823529
0.0752928875898	0.536062378168	59	6	3	0	10	0.144927536232
0.0757327331515	0.536062378168	60	6	3	0	10	0.142857142857
0.0763991049923	0.537037037037	61	6	3	0	10	0.140845070423
0.0765043534573	0.538011695906	62	6	3	0	10	0.138888888889
0.0776253758418	0.538011695906	63	6	3	0	10	0.13698630137
0.0786303187718	0.537037037037	64	6	3	0	10	0.135135135135
0.0817136954221	0.536062378168	65	6	3	0	10	0.133333333333
0.0821871243252	0.537037037037	66	6	3	0	10	0.131578947368
0.082303523932	0.536062378168	67	6	3	0	10	0.12987012987
0.0825824980948	0.535087719298	68	6	3	0	10	0.128205128205
0.0863574476639	0.534113060429	69	6	3	0	10	0.126582278481
0.0873840693354	0.534113060429	70	6	3	0	10	0.125
0.0897506822836	0.535087719298	71	6	3	0	10	0.123456790123
0.0910151091136	0.536062378168	72	6	3	0	10	0.121951219512
0.0910533450865	0.535087719298	73	6	3	0	10	0.120481927711
0.0923545895145	0.535087719298	74	6	3	0	10	0.119047619048
0.0955640987619	0.535087719298	75	6	3	0	10	0.117647058824
0.0971553599853	0.534113060429	76	6	3	0	10	0.116279069767
0.0973229913738	0.534113060429	77	6	3	0	10	0.114942528736
0.0989218981648	0.535087719298	78	6	3	0	10	0.113636363636
0.101164821622	0.536062378168	79	6	3	0	10	0.112359550562
0.101460005171	0.536062378168	80	6	3	0	10	0.111111111111
0.101511632751	0.537037037037	81	6	3	0	10	0.10989010989
0.103332541953	0.538011695906	82	6	3	0	10	0.108695652174
0.103507280589	0.538986354776	83	6	3	0	10	0.10752688172
0.104459193325	0.538011695906	84	6	3	0	10	0.106382978723
0.105233070717	0.538986354776	85	6	3	0	10	0.105263157895
0.106249446261	0.538986354776	86	6	3	0	10	0.104166666667
0.106931388204	0.539961013645	87	6	3	0	10	0.103092783505
0.107114885853	0.539961013645	88	6	3	0	10	0.102040816327
0.109257426796	0.539961013645	89	6	3	0	10	0.10101010101
0.1142199146	0.539961013645	90	6	3	0	10	0.1
0.11484164985	0.540935672515	91	6	3	0	10	0.0990099009901
0.116984488463	0.540935672515	92	6	3	0	10	0.0980392156863
0.117456681132	0.539961013645	93	6	3	0	10	0.0970873786408
0.117918594156	0.540935672515	94	6	3	0	10	0.0961538461538
0.118022886681	0.540935672515	95	6	3	0	10	0.0952380952381
0.120051016403	0.540935672515	96	6	3	0	10	0.0943396226415
0.124967356936	0.541910331384	97	6	3	0	10	0.0934579439252
0.126178719985	0.542884990253	98	6	3	0	10	0.0925925925926
0.132070894024	0.540935672515	98	7	3	0	12	0.109090909091
0.132500418905	0.539961013645	99	7	3	0	12	0.108108108108
0.135749871519	0.539961013645	100	7	3	0	12	0.107142857143
0.137900131304	0.538986354776	101	7	3	0	12	0.106194690265
0.138658545225	0.539961013645	102	7	3	0	12	0.105263157895
0.141073901185	0.538986354776	103	7	3	0	12	0.104347826087
0.143307718312	0.538986354776	103	8	3	0	12	0.104347826087
0.145892740423	0.538011695906	104	8	3	0	12	0.103448275862
0.1466009174	0.538011695906	105	8	3	0	12	0.102564102564
0.147204709247	0.538986354776	106	8	3	0	12	0.101694915254
0.1473905391	0.539961013645	107	8	3	0	12	0.100840336134
0.147551386152	0.538986354776	108	8	3	0	12	0.1
0.148821533036	0.538011695906	108	9	3	0	13	0.107438016529
0.149155564757	0.538011695906	109	9	3	0	13	0.106557377049
0.149268538413	0.538986354776	110	9	3	0	13	0.105691056911
0.150809885336	0.538986354776	111	9	3	0	13	0.104838709677
0.151760902687	0.539961013645	112	9	3	0	13	0.104
0.152289692503	0.540935672515	113	9	3	0	13	0.103174603175
0.153210288574	0.540935672515	114	9	3	0	13	0.102362204724
0.154382723166	0.541910331384	115	9	3	0	13	0.1015625
0.15455339303	0.540935672515	116	9	3	0	13	0.100775193798
0.155654491468	0.541910331384	117	9	3	0	13	0.1
0.156084566476	0.541910331384	118	9	3	0	13	0.0992366412214
0.156288624583	0.542884990253	119	9	3	0	13	0.0984848484848
0.157236130767	0.540935672515	119	10	3	0	15	0.111940298507
0.158121035845	0.539961013645	120	10	3	0	15	0.111111111111
0.158701699501	0.540935672515	121	10	3	0	15	0.110294117647
0.160230955706	0.541910331384	122	10	3	0	15	0.109489051095
0.16080121766	0.542884990253	123	10	3	0	15	0.108695652174
0.162849969208	0.542884990253	124	10	3	0	15	0.107913669065
0.163604950198	0.539961013645	124	11	3	0	18	0.12676056338
0.16613158906	0.538986354776	125	11	3	0	18	0.125874125874
0.16636840873	0.537037037037	125	12	3	0	20	0.137931034483
0.167603647409	0.538011695906	126	12	3	0	20	0.13698630137
0.170087412415	0.538986354776	127	12	3	0	20	0.136054421769
0.174426739659	0.538986354776	128	12	3	0	20	0.135135135135
0.175723362892	0.538011695906	129	12	3	0	20	0.134228187919
0.178424837688	0.538986354776	130	12	3	0	20	0.133333333333
0.178991143818	0.538986354776	131	12	3	0	20	0.132450331126
0.181161615769	0.539961013645	132	12	3	0	20	0.131578947368
0.181563028901	0.538011695906	132	13	3	0	22	0.142857142857
0.182556968572	0.538011695906	133	13	3	0	22	0.141935483871
0.187396772222	0.538011695906	134	13	3	0	22	0.141025641026
0.188754745314	0.538011695906	135	13	3	0	22	0.140127388535
0.188810433746	0.538986354776	136	13	3	0	22	0.139240506329
0.189189472068	0.539961013645	137	13	3	0	22	0.138364779874
0.190913141864	0.539961013645	138	13	3	0	22	0.1375
0.192823299233	0.539961013645	139	13	3	0	22	0.136645962733
0.193901396482	0.540935672515	140	13	3	0	22	0.135802469136
0.195827363316	0.541910331384	141	13	3	0	22	0.134969325153
0.197164774631	0.540935672515	142	13	3	0	22	0.134146341463
0.198473335524	0.540935672515	143	13	3	0	22	0.133333333333
0.198820570875	0.540935672515	144	13	3	0	22	0.132530120482
0.198853670436	0.541910331384	145	13	3	0	22	0.131736526946
0.199000051453	0.540935672515	146	13	3	0	22	0.130952380952
0.199433132907	0.541910331384	147	13	3	0	22	0.130177514793
0.200053097186	0.541910331384	148	13	3	0	22	0.129411764706
0.202491197587	0.542884990253	149	13	3	0	22	0.12865497076
0.204100730923	0.543859649123	150	13	3	0	22	0.127906976744
0.204500582482	0.544834307992	151	13	3	0	22	0.127167630058
0.204971779474	0.543859649123	152	13	3	0	22	0.126436781609
0.205887712627	0.542884990253	153	13	3	0	22	0.125714285714
0.20813591244	0.542884990253	154	13	3	0	22	0.125
0.210464312649	0.541910331384	155	13	3	0	22	0.124293785311
0.212339484916	0.541910331384	156	13	3	0	22	0.123595505618
0.212344425797	0.542884990253	157	13	3	0	22	0.122905027933
0.214417539303	0.543859649123	158	13	3	0	22	0.122222222222
0.215131790016	0.543859649123	159	13	3	0	22	0.121546961326
0.215701343678	0.543859649123	160	13	3	0	22	0.120879120879
0.216562331233	0.543859649123	161	13	3	0	22	0.120218579235
0.216967630946	0.543859649123	162	13	3	0	22	0.119565217391
0.217601102868	0.542884990253	163	13	3	0	22	0.118918918919
0.218323257903	0.542884990253	164	13	3	0	22	0.118279569892
0.218695577855	0.542884990253	165	13	3	0	22	0.117647058824
0.219639025128	0.542884990253	166	13	3	0	22	0.117021276596
0.220569947954	0.542884990253	167	13	3	0	22	0.116402116402
0.220584625348	0.543859649123	168	13	3	0	22	0.115789473684
0.220803280302	0.543859649123	169	13	3	0	22	0.115183246073
0.223645837886	0.544834307992	170	13	3	0	22	0.114583333333
0.223829852586	0.545808966862	171	13	3	0	22	0.113989637306
0.22469384168	0.546783625731	172	13	3	0	22	0.113402061856
0.226956138679	0.546783625731	173	13	3	0	22	0.112820512821
0.226956966541	0.5477582846	174	13	3	0	22	0.112244897959
0.229048109776	0.546783625731	175	13	3	0	22	0.111675126904
0.229336341598	0.545808966862	175	14	3	0	23	0.116161616162
0.229675729889	0.545808966862	176	14	3	0	23	0.115577889447
0.230873081659	0.546783625731	177	14	3	0	23	0.115
0.232422060072	0.546783625731	178	14	3	0	23	0.114427860697
0.234619724885	0.546783625731	179	14	3	0	23	0.113861386139
0.237142571369	0.5477582846	180	14	3	0	23	0.113300492611
0.238863196509	0.5477582846	181	14	3	0	23	0.112745098039
0.240517582772	0.545808966862	181	15	3	0	25	0.121359223301
0.24443850811	0.546783625731	182	15	3	0	25	0.12077294686
0.245852301774	0.545808966862	183	15	3	0	25	0.120192307692
0.247355026336	0.544834307992	184	15	3	0	25	0.11961722488
0.248306027448	0.543859649123	185	15	3	0	25	0.119047619048
0.250263299209	0.542884990253	186	15	3	0	25	0.118483412322
0.250971171875	0.543859649123	187	15	3	0	25	0.117924528302
0.2518856026	0.544834307992	188	15	3	0	25	0.117370892019
0.252710076484	0.545808966862	189	15	3	0	25	0.116822429907
0.253068467815	0.545808966862	190	15	3	0	25	0.116279069767
0.254631937177	0.546783625731	191	15	3	0	25	0.115740740741
0.255185428872	0.546783625731	192	15	3	0	25	0.115207373272
0.259982037101	0.545808966862	193	15	3	0	25	0.114678899083
0.260610997396	0.546783625731	194	15	3	0	25	0.114155251142
0.266079208974	0.546783625731	195	15	3	0	25	0.113636363636
0.267780463227	0.545808966862	196	15	3	0	25	0.113122171946
0.269559415066	0.545808966862	196	16	3	0	25	0.113122171946
0.270677740228	0.546783625731	197	16	3	0	25	0.112612612613
0.276131260405	0.545808966862	198	16	3	0	25	0.112107623318
0.27727822517	0.545808966862	199	16	3	0	25	0.111607142857
0.277980396043	0.545808966862	200	16	3	0	25	0.111111111111
0.278168361487	0.546783625731	201	16	3	0	25	0.110619469027
0.28038646841	0.5477582846	202	16	3	0	25	0.11013215859
0.282932873648	0.5477582846	203	16	3	0	25	0.109649122807
0.285890433795	0.54873294347	204	16	3	0	25	0.109170305677
0.286368103906	0.5477582846	205	16	3	0	25	0.108695652174
0.286509217036	0.54873294347	206	16	3	0	25	0.108225108225
0.287204623074	0.5477582846	207	16	3	0	25	0.10775862069
0.287665023354	0.546783625731	208	16	3	0	25	0.107296137339
0.289446766022	0.545808966862	209	16	3	0	25	0.106837606838
0.290032016728	0.546783625731	210	16	3	0	25	0.106382978723
0.290343528464	0.5477582846	211	16	3	0	25	0.10593220339
0.292512528159	0.54873294347	212	16	3	0	25	0.105485232068
0.292726371728	0.549707602339	213	16	3	0	25	0.105042016807
0.293032107918	0.54873294347	214	16	3	0	25	0.10460251046
0.293055088476	0.54873294347	215	16	3	0	25	0.104166666667
0.29326950203	0.546783625731	215	17	3	0	27	0.111570247934
0.293583000597	0.545808966862	216	17	3	0	27	0.111111111111
0.294327888544	0.545808966862	217	17	3	0	27	0.110655737705
0.29508787653	0.544834307992	218	17	3	0	27	0.110204081633
0.295372543639	0.544834307992	219	17	3	0	27	0.109756097561
0.295571284994	0.543859649123	220	17	3	0	27	0.109311740891
0.296566003026	0.544834307992	221	17	3	0	27	0.108870967742
0.297635492814	0.545808966862	222	17	3	0	27	0.10843373494
0.30130831785	0.544834307992	223	17	3	0	27	0.108
0.302881327911	0.543859649123	224	17	3	0	27	0.107569721116
0.303392797491	0.543859649123	225	17	3	0	27	0.107142857143
0.3046116463	0.544834307992	226	17	3	0	27	0.106719367589
0.305678293126	0.543859649123	226	18	3	0	28	0.110236220472
0.308291438301	0.543859649123	227	18	3	0	28	0.109803921569
0.30897443299	0.544834307992	228	18	3	0	28	0.109375
0.313041719614	0.543859649123	229	18	3	0	28	0.108949416342
0.3133664714	0.544834307992	230	18	3	0	28	0.108527131783
0.313754060393	0.545808966862	231	18	3	0	28	0.108108108108
0.316513745993	0.545808966862	232	18	3	0	28	0.107692307692
0.32082550593	0.546783625731	233	18	3	0	28	0.107279693487
0.321252705116	0.546783625731	234	18	3	0	28	0.106870229008
0.322004796721	0.5477582846	235	18	3	0	28	0.106463878327
0.322580337876	0.5477582846	236	18	3	0	28	0.106060606061
0.323790308334	0.54873294347	237	18	3	0	28	0.105660377358
0.325929047551	0.549707602339	238	18	3	0	28	0.105263157895
0.326964719045	0.549707602339	239	18	3	0	28	0.104868913858
0.328881394715	0.550682261209	240	18	3	0	28	0.10447761194
0.329427550352	0.551656920078	241	18	3	0	28	0.104089219331
0.330269247412	0.551656920078	242	18	3	0	28	0.103703703704
0.330847784736	0.550682261209	243	18	3	0	28	0.10332103321
0.33228365487	0.551656920078	244	18	3	0	28	0.102941176471
0.333582908378	0.552631578947	245	18	3	0	28	0.102564102564
0.33751640395	0.552631578947	246	18	3	0	28	0.102189781022
0.337767244378	0.553606237817	247	18	3	0	28	0.101818181818
0.339397601601	0.554580896686	248	18	3	0	28	0.101449275362
0.339721406384	0.554580896686	249	18	3	0	28	0.101083032491
0.341946585857	0.552631578947	249	19	3	0	30	0.10752688172
0.342313009032	0.552631578947	250	19	3	0	30	0.107142857143
0.342931043494	0.552631578947	251	19	3	0	30	0.106761565836
0.34356934639	0.553606237817	252	19	3	0	30	0.106382978723
0.345464547845	0.552631578947	253	19	3	0	30	0.106007067138
0.346023173855	0.553606237817	254	19	3	0	30	0.105633802817
0.346169634579	0.553606237817	255	19	3	0	30	0.105263157895
0.353540973844	0.554580896686	256	19	3	0	30	0.104895104895
0.353740961515	0.553606237817	257	19	3	0	30	0.104529616725
0.353909299351	0.553606237817	258	19	3	0	30	0.104166666667
0.358853500496	0.552631578947	259	19	3	0	30	0.103806228374
0.360548994403	0.552631578947	260	19	3	0	30	0.103448275862
0.362504882453	0.551656920078	261	19	3	0	30	0.103092783505
0.36413469075	0.551656920078	262	19	3	0	30	0.102739726027
0.364222141257	0.552631578947	263	19	3	0	30	0.102389078498
0.365143614937	0.552631578947	264	19	3	0	30	0.102040816327
0.372026002998	0.551656920078	265	19	3	0	30	0.101694915254
0.373598993331	0.552631578947	266	19	3	0	30	0.101351351351
0.374205710774	0.551656920078	267	19	3	0	30	0.10101010101
0.375348963685	0.551656920078	268	19	3	0	30	0.10067114094
0.375748187475	0.551656920078	269	19	3	0	30	0.100334448161
0.375854328508	0.550682261209	270	19	3	0	30	0.1
0.377019493573	0.5477582846	270	20	3	0	33	0.108910891089
0.377059746011	0.54873294347	271	20	3	0	33	0.108552631579
0.377429370023	0.54873294347	272	20	3	0	33	0.108196721311
0.379301795945	0.5477582846	273	20	3	0	33	0.107843137255
0.380245221003	0.546783625731	273	21	3	0	34	0.110749185668
0.381153858322	0.545808966862	274	21	3	0	34	0.11038961039
0.383867613224	0.545808966862	275	21	3	0	34	0.11003236246
0.384629517458	0.546783625731	276	21	3	0	34	0.109677419355
0.386100993403	0.545808966862	277	21	3	0	34	0.109324758842
0.386196655092	0.546783625731	278	21	3	0	34	0.108974358974
0.393896939184	0.545808966862	279	21	3	0	34	0.108626198083
0.394024891768	0.545808966862	280	21	3	0	34	0.108280254777
0.397248155062	0.545808966862	281	21	3	0	34	0.107936507937
0.398631155641	0.544834307992	282	21	3	0	34	0.107594936709
0.399763730626	0.545808966862	283	21	3	0	34	0.107255520505
0.401583959919	0.546783625731	284	21	3	0	34	0.106918238994
0.403380717612	0.545808966862	285	21	3	0	34	0.1065830721
0.404040351096	0.545808966862	286	21	3	0	34	0.10625
0.406385880284	0.544834307992	287	21	3	0	34	0.105919003115
0.408691410557	0.544834307992	288	21	3	0	34	0.105590062112
0.409007554406	0.545808966862	289	21	3	0	34	0.105263157895
0.409016296174	0.545808966862	290	21	3	0	34	0.104938271605
0.409058413729	0.544834307992	291	21	3	0	34	0.104615384615
0.409118342244	0.542884990253	291	22	3	0	36	0.110091743119
0.410300433742	0.541910331384	292	22	3	0	36	0.109756097561
0.412971223057	0.541910331384	293	22	3	0	36	0.109422492401
0.413185762137	0.542884990253	294	22	3	0	36	0.109090909091
0.416421779746	0.542884990253	295	22	3	0	36	0.108761329305
0.420097897692	0.543859649123	296	22	3	0	36	0.10843373494
0.420234014248	0.541910331384	296	23	3	0	38	0.11377245509
0.420700640428	0.540935672515	297	23	3	0	38	0.113432835821
0.420931853619	0.540935672515	298	23	3	0	38	0.113095238095
0.421520782041	0.541910331384	299	23	3	0	38	0.112759643917
0.422126928323	0.541910331384	300	23	3	0	38	0.112426035503
0.422761537323	0.540935672515	301	23	3	0	38	0.11209439528
0.42416480553	0.540935672515	302	23	3	0	38	0.111764705882
0.42465097459	0.541910331384	303	23	3	0	38	0.111436950147
0.4262402903	0.542884990253	304	23	3	0	38	0.111111111111
0.432049193572	0.542884990253	305	23	3	0	38	0.110787172012
0.433651293809	0.542884990253	306	23	3	0	38	0.110465116279
0.434466086858	0.542884990253	307	23	3	0	38	0.110144927536
0.435638495493	0.539961013645	307	24	3	0	41	0.117816091954
0.436843148543	0.539961013645	308	24	3	0	41	0.117478510029
0.438670114811	0.539961013645	309	24	3	0	41	0.117142857143
0.443277351522	0.540935672515	310	24	3	0	41	0.116809116809
0.445853671432	0.541910331384	311	24	3	0	41	0.116477272727
0.446354952046	0.541910331384	312	24	3	0	41	0.116147308782
0.447067249815	0.541910331384	313	24	3	0	41	0.11581920904
0.44707099294	0.542884990253	314	24	3	0	41	0.115492957746
0.447166737925	0.543859649123	315	24	3	0	41	0.115168539326
0.447340876908	0.543859649123	316	24	3	0	41	0.114845938375
0.447727568378	0.544834307992	317	24	3	0	41	0.114525139665
0.450083913344	0.544834307992	318	24	3	0	41	0.114206128134
0.452822032108	0.542884990253	318	25	3	0	43	0.119113573407
0.454595662519	0.542884990253	319	25	3	0	43	0.118784530387
0.454994876499	0.543859649123	320	25	3	0	43	0.118457300275
0.457354612749	0.543859649123	321	25	3	0	43	0.118131868132
0.457616789584	0.544834307992	322	25	3	0	43	0.117808219178
0.462221145173	0.544834307992	323	25	3	0	43	0.117486338798
0.462546924555	0.545808966862	324	25	3	0	43	0.117166212534
0.462960557528	0.545808966862	325	25	3	0	43	0.116847826087
0.463500347096	0.546783625731	326	25	3	0	43	0.116531165312
0.465059419379	0.545808966862	327	25	3	0	43	0.116216216216
0.465218568529	0.546783625731	328	25	3	0	43	0.11590296496
0.465337748786	0.546783625731	329	25	3	0	43	0.115591397849
0.465466381292	0.545808966862	330	25	3	0	43	0.11528150134
0.466595154208	0.546783625731	331	25	3	0	43	0.114973262032
0.467313582428	0.545808966862	332	25	3	0	43	0.114666666667
0.467882123278	0.543859649123	332	26	3	0	45	0.119363395225
0.468975687042	0.544834307992	333	26	3	0	45	0.119047619048
0.471090334411	0.543859649123	334	26	3	0	45	0.118733509235
0.47322919086	0.543859649123	335	26	3	0	45	0.118421052632
0.474185100507	0.544834307992	336	26	3	0	45	0.11811023622
0.474555183215	0.543859649123	337	26	3	0	45	0.11780104712
0.477560328629	0.543859649123	338	26	3	0	45	0.117493472585
0.478327507316	0.542884990253	339	26	3	0	45	0.1171875
0.480138664163	0.543859649123	340	26	3	0	45	0.116883116883
0.482805935908	0.542884990253	341	26	3	0	45	0.116580310881
0.483994330756	0.541910331384	342	26	3	0	45	0.116279069767
0.484173887568	0.541910331384	343	26	3	0	45	0.115979381443
0.484224161897	0.542884990253	344	26	3	0	45	0.115681233933
0.487105193923	0.542884990253	345	26	3	0	45	0.115384615385
0.487932858519	0.543859649123	346	26	3	0	45	0.115089514066
0.49169528847	0.544834307992	347	26	3	0	45	0.114795918367
0.491810083738	0.545808966862	348	26	3	0	45	0.114503816794
0.492124982956	0.545808966862	348	27	3	0	45	0.114503816794
0.493750029031	0.545808966862	349	27	3	0	45	0.11421319797
0.497075883915	0.545808966862	350	27	3	0	45	0.113924050633
0.497715775821	0.546783625731	351	27	3	0	45	0.113636363636
0.498522013376	0.546783625731	352	27	3	0	45	0.113350125945
0.498792932804	0.546783625731	353	27	3	0	45	0.113065326633
0.501347123745	0.545808966862	354	27	3	0	45	0.112781954887
0.50265864184	0.546783625731	355	27	3	0	45	0.1125
0.504070397402	0.5477582846	356	27	3	0	45	0.112219451372
0.505515958457	0.54873294347	357	27	3	0	45	0.111940298507
0.505581348904	0.549707602339	358	27	3	0	45	0.111662531017
0.506411510175	0.550682261209	359	27	3	0	45	0.111386138614
0.508846447934	0.551656920078	360	27	3	0	45	0.111111111111
0.510883404964	0.552631578947	361	27	3	0	45	0.110837438424
0.514558974302	0.553606237817	362	27	3	0	45	0.110565110565
0.515183593206	0.553606237817	363	27	3	0	45	0.110294117647
0.515809431594	0.553606237817	363	28	3	0	45	0.110294117647
0.515872482587	0.554580896686	364	28	3	0	45	0.110024449878
0.519363759485	0.554580896686	365	28	3	0	45	0.109756097561
0.523894283203	0.555555555556	366	28	3	0	45	0.109489051095
0.525562773466	0.556530214425	367	28	3	0	45	0.109223300971
0.525589920256	0.555555555556	368	28	3	0	45	0.108958837772
0.525649680224	0.555555555556	369	28	3	0	45	0.108695652174
0.527675988005	0.556530214425	370	28	3	0	45	0.10843373494
0.527881534465	0.555555555556	371	28	3	0	45	0.108173076923
0.529895259531	0.556530214425	372	28	3	0	45	0.107913669065
0.530598246775	0.555555555556	373	28	3	0	45	0.107655502392
0.531191947547	0.554580896686	374	28	3	0	45	0.107398568019
0.532868061825	0.555555555556	375	28	3	0	45	0.107142857143
0.537222727055	0.555555555556	376	28	3	0	45	0.106888361045
0.538724885594	0.555555555556	377	28	3	0	45	0.10663507109
0.539388742289	0.554580896686	378	28	3	0	45	0.106382978723
0.541365137796	0.554580896686	379	28	3	0	45	0.106132075472
0.542764764477	0.554580896686	380	28	3	0	45	0.105882352941
0.542823297286	0.554580896686	381	28	3	0	45	0.105633802817
0.544683560913	0.555555555556	382	28	3	0	45	0.105386416862
0.545335452198	0.553606237817	382	29	3	0	47	0.109557109557
0.546774055085	0.553606237817	383	29	3	0	47	0.109302325581
0.547242230231	0.554580896686	384	29	3	0	47	0.109048723898
0.547394775522	0.554580896686	385	29	3	0	47	0.108796296296
0.54759746107	0.553606237817	386	29	3	0	47	0.108545034642
0.552316298793	0.553606237817	387	29	3	0	47	0.108294930876
0.553337763688	0.553606237817	388	29	3	0	47	0.108045977011
0.554857757801	0.553606237817	389	29	3	0	47	0.107798165138
0.55560835402	0.554580896686	390	29	3	0	47	0.107551487414
0.557066660414	0.554580896686	391	29	3	0	47	0.107305936073
0.557133148266	0.554580896686	392	29	3	0	47	0.107061503417
0.557792759356	0.554580896686	393	29	3	0	47	0.106818181818
0.557908608215	0.554580896686	394	29	3	0	47	0.106575963719
0.560381822877	0.554580896686	395	29	3	0	47	0.106334841629
0.561299519385	0.554580896686	396	29	3	0	47	0.106094808126
0.561778610184	0.553606237817	397	29	3	0	47	0.105855855856
0.562212203518	0.554580896686	398	29	3	0	47	0.105617977528
0.562872255074	0.555555555556	399	29	3	0	47	0.105381165919
0.564611591919	0.554580896686	400	29	3	0	47	0.10514541387
0.564883089588	0.554580896686	401	29	3	0	47	0.104910714286
0.565711303022	0.553606237817	402	29	3	0	47	0.104677060134
0.568256146222	0.552631578947	402	30	3	0	48	0.106666666667
0.56837421125	0.552631578947	403	30	3	0	48	0.106430155211
0.568518823312	0.551656920078	404	30	3	0	48	0.106194690265
0.570055870458	0.549707602339	404	31	3	0	50	0.11013215859
0.572648700357	0.54873294347	404	32	3	0	51	0.112087912088
0.573087494404	0.549707602339	405	32	3	0	51	0.111842105263
0.574550005108	0.5477582846	405	33	3	0	53	0.115720524017
0.574680611586	0.5477582846	406	33	3	0	53	0.115468409586
0.574904008566	0.54873294347	407	33	3	0	53	0.115217391304
0.576812172774	0.54873294347	407	34	3	0	53	0.115217391304
0.577281733594	0.5477582846	407	35	3	0	54	0.117136659436
0.578986737588	0.5477582846	408	35	3	0	54	0.116883116883
0.580662701199	0.54873294347	409	35	3	0	54	0.116630669546
0.581245478723	0.549707602339	410	35	3	0	54	0.116379310345
0.581891067054	0.550682261209	411	35	3	0	54	0.116129032258
0.581943522158	0.549707602339	412	35	3	0	54	0.115879828326
0.582138578303	0.550682261209	413	35	3	0	54	0.115631691649
0.586956596075	0.550682261209	413	36	3	0	54	0.115631691649
0.587123112425	0.549707602339	413	37	3	0	55	0.117521367521
0.587597218002	0.550682261209	414	37	3	0	55	0.117270788913
0.587932442786	0.551656920078	415	37	3	0	55	0.117021276596
0.588469894704	0.551656920078	416	37	3	0	55	0.116772823779
0.589650597487	0.552631578947	417	37	3	0	55	0.116525423729
0.590242792524	0.552631578947	418	37	3	0	55	0.116279069767
0.593078994212	0.552631578947	419	37	3	0	55	0.116033755274
0.594170217749	0.553606237817	420	37	3	0	55	0.115789473684
0.596181289557	0.553606237817	421	37	3	0	55	0.115546218487
0.596816405749	0.552631578947	422	37	3	0	55	0.115303983229
0.597023160472	0.553606237817	423	37	3	0	55	0.115062761506
0.597425887442	0.554580896686	424	37	3	0	55	0.114822546973
0.598142149549	0.554580896686	425	37	3	0	55	0.114583333333
0.599568516466	0.555555555556	426	37	3	0	55	0.114345114345
0.59966651021	0.556530214425	427	37	3	0	55	0.114107883817
0.600238086368	0.557504873294	428	37	3	0	55	0.113871635611
0.600711626665	0.557504873294	429	37	3	0	55	0.113636363636
0.600756462686	0.558479532164	430	37	3	0	55	0.113402061856
0.601126061535	0.559454191033	431	37	3	0	55	0.11316872428
0.602688552011	0.559454191033	432	37	3	0	55	0.112936344969
0.603801540124	0.560428849903	433	37	3	0	55	0.112704918033
0.6058351398	0.561403508772	434	37	3	0	55	0.112474437628
0.608286842433	0.561403508772	435	37	3	0	55	0.112244897959
0.610405551392	0.562378167641	436	37	3	0	55	0.112016293279
0.614796496063	0.561403508772	437	37	3	0	55	0.111788617886
0.615305786628	0.561403508772	438	37	3	0	55	0.111561866126
0.617610676088	0.561403508772	439	37	3	0	55	0.111336032389
0.618557967707	0.562378167641	440	37	3	0	55	0.111111111111
0.619247768841	0.563352826511	441	37	3	0	55	0.110887096774
0.620940662906	0.563352826511	442	37	3	0	55	0.110663983903
0.623592549077	0.56432748538	443	37	3	0	55	0.110441767068
0.625630836797	0.56432748538	444	37	3	0	55	0.110220440882
0.626020036573	0.56432748538	445	37	3	0	55	0.11
0.62869511558	0.563352826511	446	37	3	0	55	0.109780439122
0.628984214593	0.562378167641	447	37	3	0	55	0.109561752988
0.629679818786	0.562378167641	448	37	3	0	55	0.109343936382
0.63012693723	0.562378167641	449	37	3	0	55	0.109126984127
0.630671988069	0.563352826511	450	37	3	0	55	0.108910891089
0.632769729373	0.56432748538	451	37	3	0	55	0.108695652174
0.633632386337	0.56530214425	452	37	3	0	55	0.108481262327
0.633748817943	0.566276803119	453	37	3	0	55	0.108267716535
0.636315585041	0.567251461988	454	37	3	0	55	0.108055009823
0.637697997376	0.566276803119	455	37	3	0	55	0.107843137255
0.639055276075	0.567251461988	456	37	3	0	55	0.107632093933
0.639762884256	0.567251461988	457	37	3	0	55	0.107421875
0.640121093257	0.568226120858	458	37	3	0	55	0.107212475634
0.64220803515	0.568226120858	459	37	3	0	55	0.107003891051
0.642221802065	0.567251461988	460	37	3	0	55	0.106796116505
0.643396411247	0.566276803119	461	37	3	0	55	0.106589147287
0.645219569487	0.567251461988	462	37	3	0	55	0.106382978723
0.646376809731	0.56530214425	462	38	3	0	57	0.109826589595
0.646431694995	0.566276803119	463	38	3	0	57	0.109615384615
0.649442371254	0.56530214425	464	38	3	0	57	0.109404990403
0.651184013187	0.56530214425	465	38	3	0	57	0.109195402299
0.651529707972	0.56530214425	466	38	3	0	57	0.108986615679
0.653669609477	0.563352826511	466	39	3	0	59	0.112380952381
0.653958070175	0.56432748538	467	39	3	0	59	0.11216730038
0.655402363954	0.56530214425	468	39	3	0	59	0.111954459203
0.655731566811	0.56530214425	469	39	3	0	59	0.111742424242
0.658808299874	0.566276803119	470	39	3	0	59	0.111531190926
0.659271945747	0.56432748538	470	40	3	0	61	0.114877589454
0.662231586239	0.56432748538	471	40	3	0	61	0.114661654135
0.66353106017	0.563352826511	472	40	3	0	61	0.114446529081
0.664350919782	0.563352826511	473	40	3	0	61	0.114232209738
0.66452233774	0.560428849903	473	41	3	0	64	0.119180633147
0.665978994528	0.560428849903	473	42	3	0	64	0.119180633147
0.666764525188	0.560428849903	474	42	3	0	64	0.118959107807
0.667865620101	0.560428849903	475	42	3	0	64	0.118738404453
0.66958821675	0.560428849903	476	42	3	0	64	0.118518518519
0.66965436846	0.561403508772	477	42	3	0	64	0.118299445471
0.670118452673	0.561403508772	478	42	3	0	64	0.118081180812
0.670510734705	0.562378167641	479	42	3	0	64	0.117863720074
0.671132519132	0.563352826511	480	42	3	0	64	0.117647058824
0.672437491216	0.563352826511	481	42	3	0	64	0.117431192661
0.674940271366	0.56432748538	482	42	3	0	64	0.117216117216
0.675037517424	0.56432748538	483	42	3	0	64	0.117001828154
0.676848830029	0.563352826511	484	42	3	0	64	0.116788321168
0.676886260835	0.563352826511	485	42	3	0	64	0.116575591985
0.677536353663	0.563352826511	486	42	3	0	64	0.116363636364
0.678445471636	0.56432748538	487	42	3	0	64	0.116152450091
0.680652342675	0.563352826511	488	42	3	0	64	0.115942028986
0.680975342965	0.560428849903	488	43	3	0	67	0.120720720721
0.681629788888	0.559454191033	488	44	3	0	68	0.122302158273
0.682295630135	0.559454191033	489	44	3	0	68	0.122082585278
0.682922411302	0.559454191033	490	44	3	0	68	0.121863799283
0.684765816895	0.557504873294	490	45	3	0	70	0.125
0.685754978516	0.557504873294	491	45	3	0	70	0.124777183601
0.685943281424	0.557504873294	492	45	3	0	70	0.124555160142
0.686002808741	0.556530214425	493	45	3	0	70	0.1243339254
0.687093010902	0.555555555556	494	45	3	0	70	0.124113475177
0.689192829618	0.554580896686	495	45	3	0	70	0.12389380531
0.689696416333	0.555555555556	496	45	3	0	70	0.123674911661
0.689832055631	0.554580896686	497	45	3	0	70	0.123456790123
0.690670976022	0.555555555556	498	45	3	0	70	0.12323943662
0.695964600458	0.555555555556	499	45	3	0	70	0.1230228471
0.696214520339	0.555555555556	500	45	3	0	70	0.122807017544
0.698038325576	0.556530214425	501	45	3	0	70	0.122591943958
0.699744467205	0.556530214425	502	45	3	0	70	0.122377622378
0.701877404635	0.557504873294	503	45	3	0	70	0.122164048866
0.702368569814	0.558479532164	504	45	3	0	70	0.121951219512
0.703389007249	0.558479532164	505	45	3	0	70	0.121739130435
0.703787840649	0.556530214425	505	46	3	0	72	0.124783362218
0.704045830438	0.557504873294	506	46	3	0	72	0.124567474048
0.704925986561	0.556530214425	507	46	3	0	72	0.124352331606
0.705660759061	0.556530214425	508	46	3	0	72	0.124137931034
0.707711887604	0.557504873294	509	46	3	0	72	0.123924268503
0.708675850707	0.557504873294	510	46	3	0	72	0.123711340206
0.709181781593	0.557504873294	511	46	3	0	72	0.123499142367
0.711285191181	0.558479532164	512	46	3	0	72	0.123287671233
0.713176085859	0.558479532164	513	46	3	0	72	0.123076923077
