# time 	 divergence 	 # of mutations 	 # IGC chances 	 IGC length 	 # IGC failures 	 Changes due to IGC  	 % change due to IGC 
0.0	0.304301075269	0	0	0	0	0	0.0
0.000410050748351	0.305376344086	1	0	0	0	0	0.0
0.000614344086028	0.305376344086	2	0	0	0	0	0.0
0.00497947384801	0.306451612903	3	0	0	0	0	0.0
0.00604701396238	0.30752688172	4	0	0	0	0	0.0
0.00607591774803	0.308602150538	5	0	0	0	0	0.0
0.0134086124358	0.309677419355	6	0	0	0	0	0.0
0.0149358574677	0.310752688172	7	0	0	0	0	0.0
0.0151002653772	0.310752688172	8	0	0	0	0	0.0
0.0151695485522	0.311827956989	9	0	0	0	0	0.0
0.0180787731784	0.312903225806	10	0	0	0	0	0.0
0.0216569753931	0.313978494624	11	0	0	0	0	0.0
0.0223984281744	0.315053763441	12	0	0	0	0	0.0
0.0227409192964	0.316129032258	13	0	0	0	0	0.0
0.0271237360084	0.316129032258	14	0	0	0	0	0.0
0.0308048372322	0.317204301075	15	0	0	0	0	0.0
0.0308474581944	0.318279569892	16	0	0	0	0	0.0
0.0326355452041	0.318279569892	17	0	0	0	0	0.0
0.0367733114873	0.31935483871	18	0	0	0	0	0.0
0.0367906905062	0.31935483871	19	0	0	0	0	0.0
0.0378116634763	0.320430107527	20	0	0	0	0	0.0
0.0386038714659	0.321505376344	21	0	0	0	0	0.0
0.0422462152093	0.322580645161	22	0	0	0	0	0.0
0.0425328383823	0.323655913978	23	0	0	0	0	0.0
0.0444612658907	0.324731182796	24	0	0	0	0	0.0
0.0467901951749	0.325806451613	25	0	0	0	0	0.0
0.0491172120422	0.32688172043	26	0	0	0	0	0.0
0.0499113336575	0.32688172043	27	0	0	0	0	0.0
0.0529304788255	0.327956989247	28	0	0	0	0	0.0
0.0531708477707	0.327956989247	29	0	0	0	0	0.0
0.0534292338314	0.329032258065	30	0	0	0	0	0.0
0.0547653405707	0.330107526882	31	0	0	0	0	0.0
0.0577705957901	0.331182795699	32	0	0	0	0	0.0
0.0581894167138	0.332258064516	33	0	0	0	0	0.0
0.0601517016922	0.331182795699	34	0	0	0	0	0.0
0.0605304147779	0.331182795699	35	0	0	0	0	0.0
0.061410169035	0.332258064516	36	0	0	0	0	0.0
0.0620434094376	0.333333333333	37	0	0	0	0	0.0
0.0628500376597	0.334408602151	38	0	0	0	0	0.0
0.0635370263643	0.335483870968	39	0	0	0	0	0.0
0.0657298213411	0.336559139785	40	0	0	0	0	0.0
0.0697067504926	0.335483870968	41	0	0	0	0	0.0
0.0710970176178	0.336559139785	42	0	0	0	0	0.0
0.0721083052671	0.337634408602	43	0	0	0	0	0.0
0.073502339633	0.337634408602	44	0	0	0	0	0.0
0.0775500159124	0.337634408602	45	0	0	0	0	0.0
0.0785105807354	0.336559139785	46	0	0	0	0	0.0
0.0794798039568	0.337634408602	47	0	0	0	0	0.0
0.0820530610715	0.338709677419	48	0	0	0	0	0.0
0.0821121252014	0.337634408602	49	0	0	0	0	0.0
0.0846216801727	0.338709677419	50	0	0	0	0	0.0
0.0852159081552	0.337634408602	51	0	0	0	0	0.0
0.0860905710604	0.338709677419	52	0	0	0	0	0.0
0.0872633739037	0.339784946237	53	0	0	0	0	0.0
0.088138470842	0.338709677419	54	0	0	0	0	0.0
0.0884522025755	0.338709677419	55	0	0	0	0	0.0
0.0890291942316	0.339784946237	56	0	0	0	0	0.0
0.090266896649	0.340860215054	57	0	0	0	0	0.0
0.0932740458425	0.341935483871	58	0	0	0	0	0.0
0.0941558256738	0.343010752688	59	0	0	0	0	0.0
0.0967082086611	0.344086021505	60	0	0	0	0	0.0
0.10115465761	0.345161290323	61	0	0	0	0	0.0
0.102484867809	0.344086021505	62	0	0	0	0	0.0
0.102826173444	0.345161290323	63	0	0	0	0	0.0
0.103543242332	0.34623655914	64	0	0	0	0	0.0
0.10481210293	0.34623655914	65	0	0	0	0	0.0
0.10810261053	0.34623655914	66	0	0	0	0	0.0
0.10898133329	0.345161290323	67	0	0	0	0	0.0
0.111661843029	0.344086021505	68	0	0	0	0	0.0
0.113629269548	0.343010752688	69	0	0	0	0	0.0
0.113644270281	0.344086021505	70	0	0	0	0	0.0
0.114305807452	0.343010752688	71	0	0	0	0	0.0
0.117977430107	0.344086021505	72	0	0	0	0	0.0
0.11871069308	0.345161290323	73	0	0	0	0	0.0
0.119398421001	0.34623655914	74	0	0	0	0	0.0
0.122030450586	0.347311827957	75	0	0	0	0	0.0
0.122138462739	0.347311827957	76	0	0	0	0	0.0
0.123000798977	0.347311827957	77	0	0	0	0	0.0
0.123282951254	0.348387096774	78	0	0	0	0	0.0
0.123576703289	0.349462365591	79	0	0	0	0	0.0
0.12487742592	0.348387096774	80	0	0	0	0	0.0
0.126131745072	0.347311827957	81	0	0	0	0	0.0
0.128230156261	0.348387096774	82	0	0	0	0	0.0
0.130249572429	0.349462365591	83	0	0	0	0	0.0
0.13186915203	0.350537634409	84	0	0	0	0	0.0
0.133383913594	0.350537634409	85	0	0	0	0	0.0
0.139335021566	0.350537634409	86	0	0	0	0	0.0
0.14171270504	0.351612903226	87	0	0	0	0	0.0
0.142401172748	0.352688172043	88	0	0	0	0	0.0
0.145172986633	0.35376344086	89	0	0	0	0	0.0
0.145225459715	0.352688172043	90	0	0	0	0	0.0
0.146202754449	0.35376344086	91	0	0	0	0	0.0
0.147388834117	0.35376344086	92	0	0	0	0	0.0
0.148049829181	0.354838709677	93	0	0	0	0	0.0
0.149552758649	0.354838709677	94	0	0	0	0	0.0
0.151945609984	0.354838709677	95	0	0	0	0	0.0
0.152721257425	0.355913978495	96	0	0	0	0	0.0
0.155761921381	0.355913978495	97	0	0	0	0	0.0
0.156517033173	0.355913978495	98	0	0	0	0	0.0
0.157334298949	0.354838709677	99	0	0	0	0	0.0
0.159513825279	0.355913978495	100	0	0	0	0	0.0
0.15969419985	0.355913978495	101	0	0	0	0	0.0
0.160641524564	0.356989247312	102	0	0	0	0	0.0
0.160871063846	0.356989247312	103	0	0	0	0	0.0
0.161990254455	0.356989247312	104	0	0	0	0	0.0
0.162302923955	0.356989247312	105	0	0	0	0	0.0
0.162907675238	0.358064516129	106	0	0	0	0	0.0
0.163596643924	0.358064516129	107	0	0	0	0	0.0
0.166002485451	0.356989247312	108	0	0	0	0	0.0
0.166013393067	0.356989247312	109	0	0	0	0	0.0
0.167920672772	0.358064516129	110	0	0	0	0	0.0
0.168347435562	0.359139784946	111	0	0	0	0	0.0
0.170188536774	0.359139784946	112	0	0	0	0	0.0
0.171225932246	0.359139784946	113	0	0	0	0	0.0
0.171914339508	0.359139784946	114	0	0	0	0	0.0
0.17234444596	0.360215053763	115	0	0	0	0	0.0
0.174195397166	0.360215053763	116	0	0	0	0	0.0
0.177080450475	0.361290322581	117	0	0	0	0	0.0
0.177265108481	0.362365591398	118	0	0	0	0	0.0
0.177380423371	0.361290322581	119	0	0	0	0	0.0
0.17810978966	0.361290322581	120	0	0	0	0	0.0
0.180817841164	0.362365591398	121	0	0	0	0	0.0
0.18089546949	0.363440860215	122	0	0	0	0	0.0
0.183341382965	0.364516129032	123	0	0	0	0	0.0
0.186676372346	0.364516129032	124	0	0	0	0	0.0
0.187541883986	0.365591397849	125	0	0	0	0	0.0
0.188184143564	0.364516129032	126	0	0	0	0	0.0
0.190742213695	0.364516129032	127	0	0	0	0	0.0
0.191573006705	0.365591397849	128	0	0	0	0	0.0
0.192884632819	0.365591397849	129	0	0	0	0	0.0
0.194240035562	0.366666666667	130	0	0	0	0	0.0
0.194636861728	0.367741935484	131	0	0	0	0	0.0
0.195581847999	0.368817204301	132	0	0	0	0	0.0
0.196460191414	0.369892473118	133	0	0	0	0	0.0
0.199097621654	0.370967741935	134	0	0	0	0	0.0
0.199398253261	0.370967741935	135	0	0	0	0	0.0
0.203394193991	0.372043010753	136	0	0	0	0	0.0
0.204490655285	0.37311827957	137	0	0	0	0	0.0
0.209517721014	0.374193548387	138	0	0	0	0	0.0
0.209907729305	0.375268817204	139	0	0	0	0	0.0
0.212313867364	0.376344086022	140	0	0	0	0	0.0
0.213522010842	0.375268817204	141	0	0	0	0	0.0
0.213813051019	0.375268817204	142	0	0	0	0	0.0
0.216181067334	0.375268817204	143	0	0	0	0	0.0
0.216494231124	0.375268817204	144	0	0	0	0	0.0
0.21827611979	0.376344086022	145	0	0	0	0	0.0
0.221568340707	0.376344086022	146	0	0	0	0	0.0
0.221851843337	0.376344086022	147	0	0	0	0	0.0
0.222158935678	0.377419354839	148	0	0	0	0	0.0
0.224022493798	0.377419354839	149	0	0	0	0	0.0
0.224951667508	0.377419354839	150	0	0	0	0	0.0
0.227032718619	0.377419354839	151	0	0	0	0	0.0
0.228656000033	0.378494623656	152	0	0	0	0	0.0
0.229495899975	0.378494623656	153	0	0	0	0	0.0
0.231809568684	0.378494623656	154	0	0	0	0	0.0
0.234908342102	0.377419354839	155	0	0	0	0	0.0
0.238766100119	0.377419354839	156	0	0	0	0	0.0
0.239036908489	0.377419354839	157	0	0	0	0	0.0
0.240263779842	0.376344086022	158	0	0	0	0	0.0
0.244178378615	0.376344086022	159	0	0	0	0	0.0
0.24601138386	0.377419354839	160	0	0	0	0	0.0
0.2467824379	0.378494623656	161	0	0	0	0	0.0
0.247202790145	0.378494623656	162	0	0	0	0	0.0
0.247774920794	0.379569892473	163	0	0	0	0	0.0
0.251752324587	0.38064516129	164	0	0	0	0	0.0
0.252858785856	0.381720430108	165	0	0	0	0	0.0
0.255803934943	0.381720430108	166	0	0	0	0	0.0
0.259416253327	0.381720430108	167	0	0	0	0	0.0
0.262325068789	0.382795698925	168	0	0	0	0	0.0
0.262494501028	0.381720430108	169	0	0	0	0	0.0
0.264536244201	0.381720430108	170	0	0	0	0	0.0
0.264953230152	0.382795698925	171	0	0	0	0	0.0
0.265720333433	0.381720430108	172	0	0	0	0	0.0
0.270510992714	0.382795698925	173	0	0	0	0	0.0
0.275327312915	0.381720430108	174	0	0	0	0	0.0
0.278526726297	0.38064516129	175	0	0	0	0	0.0
0.278848687466	0.381720430108	176	0	0	0	0	0.0
0.28424526005	0.382795698925	177	0	0	0	0	0.0
0.284647233766	0.383870967742	178	0	0	0	0	0.0
0.286640655324	0.382795698925	179	0	0	0	0	0.0
0.286654231616	0.383870967742	180	0	0	0	0	0.0
0.287205661847	0.384946236559	181	0	0	0	0	0.0
0.288910534545	0.386021505376	182	0	0	0	0	0.0
0.289884925963	0.387096774194	183	0	0	0	0	0.0
0.290196253833	0.387096774194	184	0	0	0	0	0.0
0.29123067565	0.388172043011	185	0	0	0	0	0.0
0.292349323482	0.388172043011	186	0	0	0	0	0.0
0.292447810021	0.388172043011	187	0	0	0	0	0.0
0.298565355162	0.389247311828	188	0	0	0	0	0.0
0.300701302827	0.389247311828	189	0	0	0	0	0.0
0.301332449146	0.390322580645	190	0	0	0	0	0.0
0.302872018974	0.390322580645	191	0	0	0	0	0.0
0.307276670979	0.391397849462	192	0	0	0	0	0.0
0.30784828024	0.39247311828	193	0	0	0	0	0.0
0.307966095975	0.39247311828	194	0	0	0	0	0.0
0.309805713726	0.39247311828	195	0	0	0	0	0.0
0.310613140571	0.39247311828	196	0	0	0	0	0.0
0.31142983928	0.39247311828	197	0	0	0	0	0.0
0.31580845056	0.393548387097	198	0	0	0	0	0.0
0.317005933577	0.394623655914	199	0	0	0	0	0.0
0.317108951178	0.394623655914	200	0	0	0	0	0.0
0.31748126359	0.395698924731	201	0	0	0	0	0.0
0.318405471883	0.39247311828	201	1	12	0	3	0.0147058823529
0.319678871617	0.393548387097	202	1	12	0	3	0.0146341463415
0.322737371237	0.394623655914	203	1	12	0	3	0.0145631067961
0.324197550967	0.393548387097	204	1	12	0	3	0.0144927536232
0.325259128454	0.394623655914	205	1	12	0	3	0.0144230769231
0.325625642843	0.395698924731	206	1	12	0	3	0.0143540669856
0.325723723483	0.396774193548	207	1	12	0	3	0.0142857142857
0.325786326239	0.396774193548	208	1	12	0	3	0.0142180094787
0.328001804154	0.397849462366	209	1	12	0	3	0.0141509433962
0.328821332613	0.398924731183	210	1	12	0	3	0.0140845070423
0.331347361887	0.4	211	1	12	0	3	0.0140186915888
0.331689693051	0.398924731183	212	1	12	0	3	0.0139534883721
0.332466521873	0.397849462366	213	1	12	0	3	0.0138888888889
0.332684761787	0.397849462366	214	1	12	0	3	0.0138248847926
0.334003098424	0.396774193548	215	1	12	0	3	0.0137614678899
0.3340092481	0.396774193548	216	1	12	0	3	0.013698630137
0.334396877069	0.397849462366	217	1	12	0	3	0.0136363636364
0.335010475724	0.398924731183	218	1	12	0	3	0.0135746606335
0.337495952725	0.398924731183	219	1	12	0	3	0.0135135135135
0.337817491265	0.398924731183	220	1	12	0	3	0.0134529147982
0.33819430723	0.398924731183	221	1	12	0	3	0.0133928571429
0.340107334085	0.397849462366	222	1	12	0	3	0.0133333333333
0.340133109138	0.397849462366	223	1	12	0	3	0.0132743362832
0.340248514708	0.398924731183	224	1	12	0	3	0.0132158590308
0.342439013276	0.4	225	1	12	0	3	0.0131578947368
0.345302740761	0.401075268817	226	1	12	0	3	0.0131004366812
0.348217465927	0.402150537634	227	1	12	0	3	0.0130434782609
0.350565065415	0.403225806452	228	1	12	0	3	0.012987012987
0.351334005741	0.404301075269	229	1	12	0	3	0.0129310344828
0.351890231257	0.4	229	2	6	0	7	0.0296610169492
0.353072823411	0.4	230	2	6	0	7	0.0295358649789
0.354858509768	0.4	231	2	6	0	7	0.0294117647059
0.355829700793	0.4	232	2	6	0	7	0.0292887029289
0.356603100745	0.401075268817	233	2	6	0	7	0.0291666666667
0.359400255041	0.402150537634	234	2	6	0	7	0.0290456431535
0.360559696452	0.402150537634	235	2	6	0	7	0.0289256198347
0.363218451558	0.403225806452	236	2	6	0	7	0.0288065843621
0.363440334977	0.403225806452	237	2	6	0	7	0.0286885245902
0.36532589659	0.403225806452	238	2	6	0	7	0.0285714285714
0.365341721153	0.402150537634	239	2	6	0	7	0.0284552845528
0.365655215254	0.401075268817	240	2	6	0	7	0.0283400809717
0.369407187358	0.401075268817	241	2	6	0	7	0.0282258064516
0.371476606329	0.401075268817	242	2	6	0	7	0.0281124497992
0.37186005401	0.4	243	2	6	0	7	0.028
0.372549750875	0.401075268817	244	2	6	0	7	0.0278884462151
0.375401675446	0.402150537634	245	2	6	0	7	0.0277777777778
0.376113540789	0.402150537634	246	2	6	0	7	0.0276679841897
0.383664701505	0.402150537634	247	2	6	0	7	0.0275590551181
0.384142173304	0.401075268817	248	2	6	0	7	0.0274509803922
0.384152143394	0.402150537634	249	2	6	0	7	0.02734375
0.384370758325	0.403225806452	250	2	6	0	7	0.0272373540856
0.384915714703	0.402150537634	251	2	6	0	7	0.0271317829457
0.385338141829	0.403225806452	252	2	6	0	7	0.027027027027
0.386968844642	0.403225806452	253	2	6	0	7	0.0269230769231
0.387665921303	0.403225806452	254	2	6	0	7	0.0268199233716
0.388398968764	0.402150537634	255	2	6	0	7	0.0267175572519
0.389304997748	0.402150537634	256	2	6	0	7	0.0266159695817
0.390303998581	0.403225806452	257	2	6	0	7	0.0265151515152
0.390454025948	0.403225806452	258	2	6	0	7	0.0264150943396
0.390765588147	0.403225806452	259	2	6	0	7	0.0263157894737
0.390891296429	0.404301075269	260	2	6	0	7	0.0262172284644
0.391708003384	0.404301075269	261	2	6	0	7	0.0261194029851
0.392327324653	0.403225806452	262	2	6	0	7	0.0260223048327
0.393516220641	0.403225806452	263	2	6	0	7	0.0259259259259
0.394016724257	0.403225806452	264	2	6	0	7	0.0258302583026
0.396946659618	0.404301075269	265	2	6	0	7	0.0257352941176
0.397384715158	0.404301075269	266	2	6	0	7	0.025641025641
0.397735047072	0.403225806452	267	2	6	0	7	0.0255474452555
0.399708356259	0.403225806452	268	2	6	0	7	0.0254545454545
0.399956241297	0.402150537634	269	2	6	0	7	0.0253623188406
0.400583768593	0.402150537634	270	2	6	0	7	0.0252707581227
0.402624909219	0.401075268817	271	2	6	0	7	0.0251798561151
0.402912205607	0.401075268817	272	2	6	0	7	0.0250896057348
0.404432284645	0.402150537634	273	2	6	0	7	0.025
0.411830051658	0.403225806452	274	2	6	0	7	0.0249110320285
0.412145681535	0.404301075269	275	2	6	0	7	0.0248226950355
0.41229377943	0.403225806452	276	2	6	0	7	0.0247349823322
0.412807015426	0.403225806452	277	2	6	0	7	0.0246478873239
0.413835608432	0.404301075269	278	2	6	0	7	0.0245614035088
0.416239084635	0.405376344086	279	2	6	0	7	0.0244755244755
0.416410897857	0.406451612903	280	2	6	0	7	0.0243902439024
0.424009816312	0.40752688172	281	2	6	0	7	0.0243055555556
0.429132674431	0.40752688172	282	2	6	0	7	0.0242214532872
0.430067179028	0.408602150538	283	2	6	0	7	0.0241379310345
0.433918089695	0.409677419355	284	2	6	0	7	0.0240549828179
0.43829330976	0.410752688172	285	2	6	0	7	0.0239726027397
0.438467457156	0.411827956989	286	2	6	0	7	0.0238907849829
0.442351266508	0.412903225806	287	2	6	0	7	0.0238095238095
0.443482907763	0.413978494624	288	2	6	0	7	0.0237288135593
0.443565576979	0.412903225806	289	2	6	0	7	0.0236486486486
0.444127566536	0.412903225806	290	2	6	0	7	0.023569023569
0.444501626909	0.413978494624	291	2	6	0	7	0.0234899328859
0.448514232445	0.415053763441	292	2	6	0	7	0.0234113712375
0.448815014188	0.416129032258	293	2	6	0	7	0.0233333333333
0.453485549435	0.415053763441	294	2	6	0	7	0.0232558139535
0.455974135389	0.415053763441	295	2	6	0	7	0.023178807947
0.45740038122	0.413978494624	296	2	6	0	7	0.023102310231
0.459011067807	0.412903225806	297	2	6	0	7	0.0230263157895
0.459777621703	0.411827956989	298	2	6	0	7	0.0229508196721
0.462937784988	0.411827956989	299	2	6	0	7	0.0228758169935
0.464539363344	0.412903225806	300	2	6	0	7	0.0228013029316
0.469522998203	0.412903225806	301	2	6	0	7	0.0227272727273
0.47134561379	0.411827956989	302	2	6	0	7	0.0226537216828
0.473782896998	0.412903225806	303	2	6	0	7	0.0225806451613
0.474951741397	0.413978494624	304	2	6	0	7	0.0225080385852
0.475253734341	0.413978494624	305	2	6	0	7	0.0224358974359
0.47547741637	0.415053763441	306	2	6	0	7	0.0223642172524
0.47684511074	0.413978494624	307	2	6	0	7	0.0222929936306
0.479035178751	0.415053763441	308	2	6	0	7	0.0222222222222
0.480341410283	0.415053763441	309	2	6	0	7	0.0221518987342
0.486679306805	0.416129032258	310	2	6	0	7	0.0220820189274
0.48726051362	0.416129032258	311	2	6	0	7	0.0220125786164
0.487598404841	0.416129032258	312	2	6	0	7	0.0219435736677
0.487873789821	0.416129032258	313	2	6	0	7	0.021875
0.49247533249	0.417204301075	314	2	6	0	7	0.0218068535826
0.494217835212	0.417204301075	315	2	6	0	7	0.0217391304348
0.495242934519	0.417204301075	316	2	6	0	7	0.0216718266254
0.495312489455	0.417204301075	317	2	6	0	7	0.0216049382716
0.495828947287	0.418279569892	318	2	6	0	7	0.0215384615385
0.497186073563	0.417204301075	319	2	6	0	7	0.021472392638
0.501850383728	0.418279569892	320	2	6	0	7	0.0214067278287
0.501972975317	0.417204301075	321	2	6	0	7	0.0213414634146
0.503231883065	0.416129032258	322	2	6	0	7	0.0212765957447
0.505223934561	0.417204301075	323	2	6	0	7	0.0212121212121
0.507205540186	0.418279569892	324	2	6	0	7	0.0211480362538
0.507476422893	0.41935483871	325	2	6	0	7	0.0210843373494
0.50878350151	0.420430107527	326	2	6	0	7	0.021021021021
0.508976239573	0.420430107527	327	2	6	0	7	0.0209580838323
0.512338680439	0.421505376344	328	2	6	0	7	0.0208955223881
0.515628056983	0.420430107527	329	2	6	0	7	0.0208333333333
0.521106053466	0.421505376344	330	2	6	0	7	0.0207715133531
0.52210850473	0.422580645161	331	2	6	0	7	0.0207100591716
0.522884296068	0.422580645161	332	2	6	0	7	0.0206489675516
0.522890373547	0.423655913978	333	2	6	0	7	0.0205882352941
0.524201094112	0.422580645161	334	2	6	0	7	0.0205278592375
0.525410014687	0.423655913978	335	2	6	0	7	0.0204678362573
0.527714007079	0.424731182796	336	2	6	0	7	0.0204081632653
0.531875708626	0.425806451613	337	2	6	0	7	0.0203488372093
0.535341144617	0.42688172043	338	2	6	0	7	0.0202898550725
0.536566872054	0.425806451613	339	2	6	0	7	0.0202312138728
0.538718814324	0.425806451613	340	2	6	0	7	0.0201729106628
0.540158501513	0.425806451613	341	2	6	0	7	0.0201149425287
0.540590637491	0.425806451613	342	2	6	0	7	0.0200573065903
0.54340518985	0.42688172043	343	2	6	0	7	0.02
0.545336904714	0.425806451613	344	2	6	0	7	0.019943019943
0.546560974956	0.42688172043	345	2	6	0	7	0.0198863636364
0.546937957718	0.427956989247	346	2	6	0	7	0.0198300283286
0.54960819554	0.429032258065	347	2	6	0	7	0.0197740112994
0.549993442015	0.427956989247	348	2	6	0	7	0.0197183098592
0.552674062244	0.427956989247	349	2	6	0	7	0.0196629213483
0.553748716046	0.429032258065	350	2	6	0	7	0.0196078431373
0.554640316999	0.429032258065	351	2	6	0	7	0.0195530726257
0.557979930373	0.427956989247	352	2	6	0	7	0.0194986072423
0.559080143089	0.42688172043	353	2	6	0	7	0.0194444444444
0.562061153284	0.42688172043	354	2	6	0	7	0.0193905817175
0.562232484814	0.42688172043	355	2	6	0	7	0.0193370165746
0.562476145438	0.42688172043	356	2	6	0	7	0.0192837465565
0.567021995702	0.427956989247	357	2	6	0	7	0.0192307692308
0.568800245505	0.429032258065	358	2	6	0	7	0.0191780821918
0.569040900945	0.430107526882	359	2	6	0	7	0.0191256830601
0.571889276209	0.431182795699	360	2	6	0	7	0.0190735694823
0.57510305125	0.432258064516	361	2	6	0	7	0.0190217391304
0.576099827324	0.432258064516	362	2	6	0	7	0.0189701897019
0.578528955547	0.432258064516	363	2	6	0	7	0.0189189189189
0.584001794643	0.431182795699	364	2	6	0	7	0.0188679245283
0.585843175859	0.432258064516	365	2	6	0	7	0.0188172043011
0.588605303954	0.433333333333	366	2	6	0	7	0.0187667560322
0.588699506895	0.432258064516	367	2	6	0	7	0.0187165775401
0.592449451953	0.433333333333	368	2	6	0	7	0.0186666666667
0.596450561058	0.434408602151	369	2	6	0	7	0.0186170212766
0.596817092205	0.434408602151	370	2	6	0	7	0.0185676392573
0.599292149949	0.434408602151	371	2	6	0	7	0.0185185185185
0.600481019115	0.434408602151	372	2	6	0	7	0.0184696569921
0.601787512282	0.433333333333	373	2	6	0	7	0.0184210526316
0.602012358101	0.434408602151	374	2	6	0	7	0.0183727034121
0.604279421743	0.435483870968	375	2	6	0	7	0.0183246073298
0.605702442452	0.436559139785	376	2	6	0	7	0.0182767624021
0.606289644815	0.436559139785	377	2	6	0	7	0.0182291666667
0.606469801454	0.435483870968	378	2	6	0	7	0.0181818181818
0.607565112629	0.435483870968	379	2	6	0	7	0.0181347150259
0.608082490722	0.436559139785	380	2	6	0	7	0.0180878552972
0.608082731587	0.435483870968	381	2	6	0	7	0.0180412371134
0.609084751864	0.435483870968	382	2	6	0	7	0.0179948586118
0.611538372194	0.435483870968	383	2	6	0	7	0.0179487179487
0.612339314543	0.436559139785	384	2	6	0	7	0.0179028132992
0.613055642741	0.437634408602	385	2	6	0	7	0.0178571428571
0.61323246029	0.438709677419	386	2	6	0	7	0.0178117048346
0.616018182424	0.438709677419	387	2	6	0	7	0.0177664974619
0.620499021579	0.438709677419	388	2	6	0	7	0.0177215189873
0.620964979208	0.439784946237	389	2	6	0	7	0.0176767676768
0.625129912982	0.440860215054	390	2	6	0	7	0.0176322418136
0.630335440623	0.439784946237	391	2	6	0	7	0.0175879396985
0.630365258721	0.440860215054	392	2	6	0	7	0.0175438596491
0.630437030906	0.440860215054	393	2	6	0	7	0.0175
0.631637108624	0.440860215054	394	2	6	0	7	0.0174563591022
0.632127852601	0.440860215054	395	2	6	0	7	0.0174129353234
0.634073071052	0.440860215054	396	2	6	0	7	0.0173697270471
0.63591167713	0.441935483871	397	2	6	0	7	0.0173267326733
