# time 	 divergence 	 # of mutations 	 # IGC chances 	 IGC length 	 # IGC failures 	 Changes due to IGC  	 % change due to IGC 
0.0	0.0641025641026	0	0	0	0	0	0.0
0.000196794036085	0.0662393162393	1	0	0	0	0	0.0
0.000292294232353	0.0683760683761	2	0	0	0	0	0.0
0.00604362544328	0.0705128205128	3	0	0	0	0	0.0
0.011566364117	0.0726495726496	4	0	0	0	0	0.0
0.0148566669346	0.0149572649573	4	1	306	0	27	0.870967741935
0.0178952960875	0.0149572649573	4	2	21	0	27	0.870967741935
0.0184049835333	0.017094017094	5	2	21	0	27	0.84375
0.019839215229	0.0192307692308	6	2	21	0	27	0.818181818182
0.023501315717	0.0213675213675	7	2	21	0	27	0.794117647059
0.0275059709841	0.0213675213675	7	3	174	0	27	0.794117647059
0.0334922938503	0.0235042735043	8	3	174	0	27	0.771428571429
0.0337503996401	0.025641025641	9	3	174	0	27	0.75
0.0354412566277	0.0277777777778	10	3	174	0	27	0.72972972973
0.0376005611775	0.0299145299145	11	3	174	0	27	0.710526315789
0.0392054201944	0.0320512820513	12	3	174	0	27	0.692307692308
0.0403756227851	0.034188034188	13	3	174	0	27	0.675
0.0407157759323	0.00641025641026	13	4	345	0	40	0.754716981132
0.0450006619592	0.00854700854701	14	4	345	0	40	0.740740740741
0.0450987491801	0.0106837606838	15	4	345	0	40	0.727272727273
0.0456881772561	0.0128205128205	16	4	345	0	40	0.714285714286
0.0465901938038	0.0149572649573	17	4	345	0	40	0.701754385965
0.0474537856935	0.017094017094	18	4	345	0	40	0.689655172414
0.0511596628008	0.0192307692308	19	4	345	0	40	0.677966101695
0.0604823093978	0.0213675213675	20	4	345	0	40	0.666666666667
0.0611620154081	0.0235042735043	21	4	345	0	40	0.655737704918
0.0614186000985	0.025641025641	22	4	345	0	40	0.645161290323
0.0643904692411	0.0277777777778	23	4	345	0	40	0.634920634921
0.069641979197	0.0299145299145	24	4	345	0	40	0.625
0.0714969446496	0.0320512820513	25	4	345	0	40	0.615384615385
0.0716942816842	0.034188034188	26	4	345	0	40	0.606060606061
0.0733532083057	0.0363247863248	27	4	345	0	40	0.597014925373
0.0746942668009	0.0384615384615	28	4	345	0	40	0.588235294118
0.0797733432007	0.0405982905983	29	4	345	0	40	0.579710144928
0.0805574963429	0.042735042735	30	4	345	0	40	0.571428571429
0.0828798551361	0.0448717948718	31	4	345	0	40	0.56338028169
0.0831434197039	0.0470085470085	32	4	345	0	40	0.555555555556
0.0864065249593	0.0491452991453	33	4	345	0	40	0.547945205479
