# time 	 divergence 	 # of mutations 	 # IGC chances 	 IGC length 	 # IGC failures 	 Changes due to IGC  	 % change due to IGC 
0.0	0.0384615384615	0	0	0	0	0	0.0
0.000415261315189	0.0384615384615	0	1	3	0	0	0.0
0.000439156115496	0.0405982905983	1	1	3	0	0	0.0
0.000510368066904	0.042735042735	2	1	3	0	0	0.0
0.000876446380234	0.042735042735	2	2	3	0	0	0.0
0.00125254725437	0.042735042735	2	3	3	0	0	0.0
0.00137780101964	0.042735042735	2	4	3	0	0	0.0
0.00145723288863	0.0448717948718	3	4	3	0	0	0.0
0.00173663365878	0.0470085470085	4	4	3	0	0	0.0
0.0018392307378	0.0470085470085	4	5	3	0	0	0.0
0.00219437640158	0.0470085470085	4	6	3	0	0	0.0
0.00275032624915	0.0470085470085	4	7	3	0	0	0.0
0.0028866316357	0.0470085470085	4	8	3	0	0	0.0
0.00371247329815	0.0470085470085	4	9	3	0	0	0.0
0.00395883307849	0.0470085470085	4	10	3	0	0	0.0
0.00408411202445	0.0470085470085	4	11	3	0	0	0.0
0.00447275844379	0.0470085470085	4	12	3	0	0	0.0
0.00469999292127	0.0448717948718	4	13	3	0	1	0.2
0.00477534442919	0.0470085470085	5	13	3	0	1	0.166666666667
0.00544376890807	0.0470085470085	5	14	3	0	1	0.166666666667
0.00585784607892	0.0470085470085	5	15	3	0	1	0.166666666667
0.00651599534757	0.0470085470085	5	16	3	0	1	0.166666666667
0.00691224043749	0.0491452991453	6	16	3	0	1	0.142857142857
0.00725275683204	0.0512820512821	7	16	3	0	1	0.125
0.00802577495985	0.0512820512821	7	17	3	0	1	0.125
0.00861744090078	0.0512820512821	7	18	3	0	1	0.125
0.00867715531604	0.0512820512821	7	19	3	0	1	0.125
0.0101141037383	0.0512820512821	7	20	3	0	1	0.125
0.0101953502126	0.0491452991453	7	21	3	0	2	0.222222222222
0.0106846485834	0.0491452991453	7	22	3	0	2	0.222222222222
0.010988662407	0.0470085470085	7	23	3	0	3	0.3
