# time 	 divergence 	 # of mutations 	 # IGC chances 	 IGC length 	 # IGC failures 	 Changes due to IGC  	 % change due to IGC 
0.0	0.230107526882	0	0	0	0	0	0.0
0.00210671414043	0.231182795699	1	0	0	0	0	0.0
0.00504605413931	0.230107526882	2	0	0	0	0	0.0
0.00507716277846	0.230107526882	2	1	3	0	0	0.0
0.00585746400078	0.229032258065	2	2	3	0	1	0.333333333333
0.00690534419466	0.230107526882	3	2	3	0	1	0.25
0.00793353133206	0.231182795699	4	2	3	0	1	0.2
0.00865928711761	0.231182795699	4	3	3	0	1	0.2
0.00941276017168	0.231182795699	4	4	3	0	1	0.2
0.0107970400505	0.231182795699	4	5	3	0	1	0.2
0.0124785333816	0.231182795699	5	5	3	0	1	0.166666666667
0.0126840389285	0.232258064516	6	5	3	0	1	0.142857142857
0.014382072443	0.233333333333	7	5	3	0	1	0.125
0.0162471993767	0.233333333333	7	6	3	0	1	0.125
0.0167948252109	0.234408602151	8	6	3	0	1	0.111111111111
0.0178643321496	0.235483870968	9	6	3	0	1	0.1
0.019214462212	0.234408602151	9	7	3	0	2	0.181818181818
0.0195797099729	0.234408602151	9	8	3	0	2	0.181818181818
0.020042435863	0.234408602151	9	9	3	0	2	0.181818181818
0.0201125606197	0.235483870968	10	9	3	0	2	0.166666666667
0.020492875104	0.236559139785	11	9	3	0	2	0.153846153846
0.0205810344018	0.236559139785	11	10	3	0	2	0.153846153846
0.0210400444733	0.237634408602	12	10	3	0	2	0.142857142857
0.0228072243222	0.237634408602	12	11	3	0	2	0.142857142857
0.0233315710193	0.237634408602	13	11	3	0	2	0.133333333333
0.0238605179138	0.237634408602	14	11	3	0	2	0.125
0.0251365285818	0.237634408602	15	11	3	0	2	0.117647058824
0.0266953681819	0.236559139785	15	12	3	0	3	0.166666666667
0.026811970721	0.235483870968	15	13	3	0	4	0.210526315789
0.0278136196382	0.236559139785	16	13	3	0	4	0.2
0.0278991893216	0.237634408602	17	13	3	0	4	0.190476190476
0.029364346529	0.238709677419	18	13	3	0	4	0.181818181818
0.0308028417841	0.236559139785	18	14	3	0	6	0.25
0.0313610725564	0.237634408602	19	14	3	0	6	0.24
0.032039456884	0.236559139785	19	15	3	0	7	0.269230769231
0.0327234259984	0.234408602151	19	16	3	0	9	0.321428571429
0.0342515756792	0.235483870968	20	16	3	0	9	0.310344827586
0.0354023635065	0.236559139785	21	16	3	0	9	0.3
0.0355678117782	0.237634408602	22	16	3	0	9	0.290322580645
0.0363699837754	0.236559139785	22	17	3	0	10	0.3125
0.0367215944125	0.236559139785	22	18	3	0	10	0.3125
0.0374012551422	0.236559139785	22	19	3	0	10	0.3125
0.0378164013547	0.237634408602	23	19	3	0	10	0.30303030303
0.0380073895684	0.237634408602	24	19	3	0	10	0.294117647059
0.0385775396944	0.238709677419	25	19	3	0	10	0.285714285714
0.0391124911973	0.239784946237	26	19	3	0	10	0.277777777778
0.0391653786186	0.237634408602	26	20	3	0	12	0.315789473684
0.0398616373639	0.238709677419	27	20	3	0	12	0.307692307692
0.0398781161554	0.237634408602	28	20	3	0	12	0.3
0.040892080287	0.235483870968	28	21	3	0	14	0.333333333333
0.0415741893973	0.234408602151	28	22	3	0	15	0.348837209302
0.0418957130974	0.234408602151	28	23	3	0	15	0.348837209302
0.0423928545906	0.234408602151	29	23	3	0	15	0.340909090909
0.042499842978	0.235483870968	30	23	3	0	15	0.333333333333
0.0427385438093	0.235483870968	30	24	3	0	15	0.333333333333
0.0436718937736	0.236559139785	31	24	3	0	15	0.326086956522
0.0438133212263	0.237634408602	32	24	3	0	15	0.31914893617
0.045155060245	0.237634408602	32	25	3	0	15	0.31914893617
0.0461735078194	0.238709677419	33	25	3	0	15	0.3125
0.0463964320495	0.237634408602	33	26	3	0	16	0.326530612245
0.0474079345408	0.235483870968	33	27	3	0	18	0.352941176471
0.0475783981949	0.234408602151	33	28	3	0	19	0.365384615385
0.0479381911731	0.233333333333	33	29	3	0	20	0.377358490566
0.0481674457424	0.231182795699	33	30	3	0	22	0.4
0.0486007609764	0.230107526882	33	31	3	0	23	0.410714285714
0.0495743717805	0.231182795699	34	31	3	0	23	0.40350877193
0.0497479155978	0.232258064516	35	31	3	0	23	0.396551724138
0.051455751743	0.230107526882	35	32	3	0	25	0.416666666667
0.0521754436934	0.230107526882	35	33	3	0	25	0.416666666667
0.0583381815844	0.231182795699	36	33	3	0	25	0.409836065574
0.0587022090767	0.230107526882	37	33	3	0	25	0.403225806452
0.0600559483841	0.231182795699	38	33	3	0	25	0.396825396825
0.0604589171549	0.231182795699	39	33	3	0	25	0.390625
0.0609272192388	0.230107526882	39	34	3	0	26	0.4
0.0629614563788	0.230107526882	39	35	3	0	26	0.4
0.0648561614055	0.230107526882	39	36	3	0	26	0.4
0.0654755265567	0.229032258065	40	36	3	0	26	0.393939393939
0.0655209427054	0.230107526882	41	36	3	0	26	0.388059701493
0.0655675972137	0.227956989247	41	37	3	0	28	0.405797101449
0.0671126030655	0.22688172043	41	38	3	0	29	0.414285714286
0.0673243828965	0.227956989247	42	38	3	0	29	0.408450704225
0.06847833725	0.227956989247	42	39	3	0	29	0.408450704225
0.0689903031773	0.227956989247	42	40	3	0	29	0.408450704225
0.0699059771094	0.225806451613	42	41	3	0	31	0.424657534247
0.0699998067244	0.224731182796	42	42	3	0	32	0.432432432432
0.070407806875	0.223655913978	42	43	3	0	33	0.44
0.0705461409588	0.224731182796	43	43	3	0	33	0.434210526316
0.0710239627313	0.224731182796	43	44	3	0	33	0.434210526316
0.0735080544023	0.225806451613	44	44	3	0	33	0.428571428571
0.0737566922662	0.225806451613	44	45	3	0	33	0.428571428571
0.0738782337348	0.225806451613	44	46	3	0	33	0.428571428571
0.0760591980092	0.225806451613	44	47	3	0	33	0.428571428571
0.0763632834952	0.225806451613	44	48	3	0	33	0.428571428571
0.0764764732348	0.224731182796	45	48	3	0	33	0.423076923077
0.0775563615953	0.225806451613	46	48	3	0	33	0.417721518987
0.0787816227575	0.224731182796	46	49	3	0	34	0.425
0.0793509078682	0.223655913978	46	50	3	0	35	0.432098765432
0.0801416358018	0.224731182796	47	50	3	0	35	0.426829268293
0.0806196587538	0.223655913978	47	51	3	0	36	0.433734939759
0.0806740911512	0.223655913978	48	51	3	0	36	0.428571428571
0.0816168102036	0.223655913978	48	52	3	0	36	0.428571428571
0.0819688813265	0.224731182796	49	52	3	0	36	0.423529411765
0.0835031930202	0.225806451613	50	52	3	0	36	0.418604651163
0.0839659849395	0.225806451613	50	53	3	0	36	0.418604651163
0.0840440229514	0.224731182796	51	53	3	0	36	0.413793103448
0.0860242857901	0.224731182796	52	53	3	0	36	0.409090909091
0.0870547083596	0.223655913978	52	54	3	0	37	0.415730337079
0.0872048427174	0.221505376344	52	55	3	0	39	0.428571428571
0.0872101939028	0.221505376344	52	56	3	0	39	0.428571428571
0.08737499862	0.222580645161	53	56	3	0	39	0.423913043478
0.0875973341355	0.221505376344	54	56	3	0	39	0.41935483871
0.0894152270334	0.222580645161	55	56	3	0	39	0.414893617021
0.0907588817702	0.221505376344	55	57	3	0	40	0.421052631579
0.0909615600151	0.220430107527	55	58	3	0	41	0.427083333333
0.0918495050878	0.21935483871	55	59	3	0	42	0.432989690722
0.0923118834876	0.220430107527	56	59	3	0	42	0.428571428571
0.0929924062183	0.221505376344	57	59	3	0	42	0.424242424242
0.0934615361898	0.222580645161	58	59	3	0	42	0.42
0.0937239773848	0.21935483871	58	60	3	0	45	0.436893203883
0.0945142217398	0.220430107527	59	60	3	0	45	0.432692307692
0.0949728202822	0.21935483871	59	61	3	0	46	0.438095238095
0.099318501545	0.220430107527	60	61	3	0	46	0.433962264151
0.10106121097	0.220430107527	60	62	3	0	46	0.433962264151
0.101491743095	0.21935483871	60	63	3	0	47	0.439252336449
0.101644077198	0.21935483871	60	64	3	0	47	0.439252336449
0.103016914861	0.220430107527	61	64	3	0	47	0.435185185185
0.103912980729	0.221505376344	62	64	3	0	47	0.43119266055
0.105467606216	0.221505376344	62	65	3	0	47	0.43119266055
0.105904065714	0.221505376344	63	65	3	0	47	0.427272727273
0.106018503891	0.222580645161	64	65	3	0	47	0.423423423423
0.106854176189	0.223655913978	65	65	3	0	47	0.419642857143
0.107094846196	0.223655913978	66	65	3	0	47	0.41592920354
0.107545272495	0.223655913978	66	66	3	0	47	0.41592920354
0.110487936723	0.223655913978	67	66	3	0	47	0.412280701754
0.110613017593	0.221505376344	67	67	3	0	49	0.422413793103
0.111254846161	0.21935483871	67	68	3	0	51	0.432203389831
0.111527028052	0.220430107527	68	68	3	0	51	0.428571428571
0.111548572966	0.221505376344	69	68	3	0	51	0.425
0.112076717497	0.222580645161	70	68	3	0	51	0.421487603306
0.113141143077	0.222580645161	70	69	3	0	51	0.421487603306
0.113233086595	0.223655913978	71	69	3	0	51	0.418032786885
0.113959218265	0.224731182796	72	69	3	0	51	0.414634146341
0.114152209405	0.224731182796	72	70	3	0	51	0.414634146341
0.115358195608	0.225806451613	73	70	3	0	51	0.411290322581
0.115706208221	0.225806451613	73	71	3	0	51	0.411290322581
0.116427920204	0.224731182796	73	72	3	0	52	0.416
0.117499284547	0.224731182796	73	73	3	0	52	0.416
0.11864137184	0.222580645161	73	74	3	0	54	0.425196850394
0.119447086451	0.222580645161	73	75	3	0	54	0.425196850394
0.120429940058	0.220430107527	73	76	3	0	56	0.434108527132
0.121241948469	0.21935483871	73	77	3	0	57	0.438461538462
0.121259355006	0.218279569892	74	77	3	0	57	0.435114503817
0.122468604505	0.218279569892	74	78	3	0	57	0.435114503817
0.122709832366	0.21935483871	75	78	3	0	57	0.431818181818
0.122709927651	0.218279569892	75	79	3	0	58	0.436090225564
0.123138254935	0.21935483871	76	79	3	0	58	0.432835820896
0.123645831838	0.218279569892	76	80	3	0	59	0.437037037037
0.123766789372	0.218279569892	76	81	3	0	59	0.437037037037
0.124658524139	0.216129032258	76	82	3	0	61	0.445255474453
0.124788401572	0.217204301075	77	82	3	0	61	0.442028985507
0.125009334	0.216129032258	77	83	3	0	62	0.446043165468
0.125738250424	0.216129032258	77	84	3	0	62	0.446043165468
0.126838080477	0.217204301075	78	84	3	0	62	0.442857142857
0.12739886001	0.217204301075	78	85	3	0	62	0.442857142857
0.128443193472	0.216129032258	78	86	3	0	63	0.446808510638
0.128578230016	0.217204301075	79	86	3	0	63	0.443661971831
0.129729584879	0.218279569892	80	86	3	0	63	0.440559440559
0.130602284757	0.216129032258	80	87	3	0	65	0.448275862069
0.130818374069	0.213978494624	80	88	3	0	67	0.455782312925
0.131822035199	0.213978494624	80	89	3	0	67	0.455782312925
0.132755122233	0.212903225806	80	90	3	0	68	0.459459459459
0.133645484867	0.212903225806	80	91	3	0	68	0.459459459459
0.13368775173	0.213978494624	81	91	3	0	68	0.456375838926
0.134163212878	0.212903225806	82	91	3	0	68	0.453333333333
0.134477379594	0.212903225806	82	92	3	0	68	0.453333333333
0.13535820891	0.212903225806	83	92	3	0	68	0.450331125828
0.135914666573	0.211827956989	83	93	3	0	69	0.453947368421
0.137287294265	0.212903225806	84	93	3	0	69	0.450980392157
0.138474161215	0.211827956989	84	94	3	0	70	0.454545454545
0.138881365662	0.211827956989	84	95	3	0	70	0.454545454545
0.139577414016	0.212903225806	85	95	3	0	70	0.451612903226
0.14080835468	0.212903225806	85	96	3	0	70	0.451612903226
0.1411125047	0.211827956989	86	96	3	0	70	0.448717948718
0.142420941311	0.212903225806	87	96	3	0	70	0.445859872611
0.142725584855	0.213978494624	88	96	3	0	70	0.443037974684
0.144223389317	0.212903225806	88	97	3	0	71	0.446540880503
0.144593010494	0.213978494624	89	97	3	0	71	0.44375
0.145456003757	0.212903225806	89	98	3	0	72	0.447204968944
0.145981715071	0.210752688172	89	99	3	0	74	0.453987730061
0.146040156615	0.211827956989	90	99	3	0	74	0.451219512195
0.146218907655	0.212903225806	91	99	3	0	74	0.448484848485
0.148563373521	0.213978494624	92	99	3	0	74	0.44578313253
0.148807399497	0.215053763441	93	99	3	0	74	0.443113772455
0.14884632089	0.213978494624	93	100	3	0	75	0.446428571429
0.150682419408	0.212903225806	94	100	3	0	75	0.443786982249
0.151178182438	0.213978494624	95	100	3	0	75	0.441176470588
0.152066534578	0.212903225806	95	101	3	0	76	0.444444444444
0.152825647435	0.213978494624	96	101	3	0	76	0.441860465116
0.153409067937	0.215053763441	97	101	3	0	76	0.439306358382
0.155314951123	0.216129032258	98	101	3	0	76	0.436781609195
0.155930945938	0.217204301075	99	101	3	0	76	0.434285714286
0.156488900187	0.217204301075	99	102	3	0	76	0.434285714286
0.156554822915	0.216129032258	99	103	3	0	77	0.4375
0.157303307993	0.217204301075	100	103	3	0	77	0.435028248588
0.158482396511	0.217204301075	100	104	3	0	77	0.435028248588
0.15987285698	0.218279569892	101	104	3	0	77	0.432584269663
0.160650226642	0.218279569892	101	105	3	0	77	0.432584269663
0.162264594099	0.218279569892	101	106	3	0	77	0.432584269663
0.162907723583	0.218279569892	102	106	3	0	77	0.430167597765
0.162910992762	0.216129032258	102	107	3	0	79	0.436464088398
0.163155252957	0.217204301075	103	107	3	0	79	0.434065934066
0.163478334193	0.218279569892	104	107	3	0	79	0.431693989071
0.164905617372	0.21935483871	105	107	3	0	79	0.429347826087
0.166865076339	0.220430107527	106	107	3	0	79	0.427027027027
0.167593576488	0.220430107527	106	108	3	0	79	0.427027027027
0.168516109143	0.220430107527	106	109	3	0	79	0.427027027027
0.168989703402	0.221505376344	107	109	3	0	79	0.424731182796
0.171243773265	0.221505376344	107	110	3	0	79	0.424731182796
0.17155983398	0.220430107527	107	111	3	0	80	0.427807486631
0.171804808014	0.21935483871	107	112	3	0	81	0.43085106383
0.17279659535	0.218279569892	107	113	3	0	82	0.433862433862
0.173970670487	0.218279569892	108	113	3	0	82	0.431578947368
0.174349944426	0.218279569892	108	114	3	0	82	0.431578947368
0.174510089332	0.217204301075	109	114	3	0	82	0.429319371728
0.175516194996	0.216129032258	110	114	3	0	82	0.427083333333
0.176150698517	0.215053763441	110	115	3	0	83	0.430051813472
0.17650526723	0.216129032258	111	115	3	0	83	0.427835051546
0.17689789602	0.216129032258	111	116	3	0	83	0.427835051546
0.176973771082	0.212903225806	111	117	3	0	86	0.43654822335
0.180043616116	0.212903225806	111	118	3	0	86	0.43654822335
0.18065860957	0.211827956989	111	119	3	0	87	0.439393939394
0.181583504889	0.212903225806	112	119	3	0	87	0.437185929648
0.182091378489	0.211827956989	113	119	3	0	87	0.435
0.182561328117	0.212903225806	114	119	3	0	87	0.432835820896
0.183154077567	0.210752688172	114	120	3	0	89	0.43842364532
0.183548993013	0.211827956989	115	120	3	0	89	0.436274509804
0.183786202312	0.211827956989	116	120	3	0	89	0.434146341463
0.183954027523	0.211827956989	116	121	3	0	89	0.434146341463
0.185264858058	0.210752688172	117	121	3	0	89	0.432038834951
0.186766582326	0.211827956989	118	121	3	0	89	0.429951690821
0.186805663921	0.212903225806	119	121	3	0	89	0.427884615385
0.188212871129	0.211827956989	119	122	3	0	90	0.430622009569
0.188666310366	0.211827956989	120	122	3	0	90	0.428571428571
0.189529529842	0.212903225806	121	122	3	0	90	0.42654028436
0.189563577611	0.211827956989	121	123	3	0	91	0.429245283019
0.18995806177	0.212903225806	122	123	3	0	91	0.427230046948
0.193440340346	0.210752688172	122	124	3	0	93	0.432558139535
0.19395453756	0.209677419355	122	125	3	0	94	0.435185185185
0.195195681006	0.210752688172	123	125	3	0	94	0.433179723502
0.195663798986	0.211827956989	124	125	3	0	94	0.43119266055
0.196961591094	0.212903225806	125	125	3	0	94	0.429223744292
0.197347123776	0.209677419355	125	126	3	0	97	0.436936936937
0.198079303225	0.210752688172	126	126	3	0	97	0.434977578475
0.198480177083	0.210752688172	126	127	3	0	97	0.434977578475
0.198844525049	0.208602150538	126	128	3	0	99	0.44
0.200527014261	0.209677419355	127	128	3	0	99	0.438053097345
0.200575343851	0.209677419355	128	128	3	0	99	0.436123348018
0.20084483776	0.210752688172	129	128	3	0	99	0.434210526316
0.200897200898	0.209677419355	129	129	3	0	100	0.436681222707
0.201383291793	0.210752688172	130	129	3	0	100	0.434782608696
0.201545325453	0.209677419355	130	130	3	0	101	0.437229437229
0.20346842877	0.209677419355	130	131	3	0	101	0.437229437229
0.204693822906	0.209677419355	130	132	3	0	101	0.437229437229
0.204904739355	0.209677419355	130	133	3	0	101	0.437229437229
0.205938214715	0.210752688172	131	133	3	0	101	0.435344827586
0.206945975829	0.209677419355	131	134	3	0	102	0.437768240343
0.208549175425	0.209677419355	131	135	3	0	102	0.437768240343
0.208707550793	0.209677419355	131	136	3	0	102	0.437768240343
0.210506244584	0.210752688172	132	136	3	0	102	0.435897435897
0.211055585044	0.211827956989	133	136	3	0	102	0.434042553191
0.211088385009	0.212903225806	134	136	3	0	102	0.432203389831
0.211249573115	0.212903225806	134	137	3	0	102	0.432203389831
0.21373512667	0.210752688172	134	138	3	0	104	0.436974789916
0.215525357347	0.210752688172	134	139	3	0	104	0.436974789916
0.21661903336	0.209677419355	134	140	3	0	105	0.439330543933
0.216754720181	0.208602150538	134	141	3	0	106	0.441666666667
0.217659055055	0.208602150538	134	142	3	0	106	0.441666666667
0.21793315601	0.20752688172	134	143	3	0	107	0.44398340249
0.218761464514	0.20752688172	135	143	3	0	107	0.442148760331
0.219571693602	0.208602150538	136	143	3	0	107	0.440329218107
0.219997646539	0.20752688172	136	144	3	0	108	0.44262295082
0.220718168488	0.208602150538	137	144	3	0	108	0.440816326531
0.220778743973	0.206451612903	137	145	3	0	110	0.445344129555
0.221302321012	0.205376344086	137	146	3	0	111	0.447580645161
0.221620205843	0.204301075269	137	147	3	0	112	0.449799196787
0.222024030152	0.203225806452	137	148	3	0	113	0.452
0.222316356494	0.204301075269	138	148	3	0	113	0.450199203187
0.224657943755	0.205376344086	139	148	3	0	113	0.448412698413
0.225189372433	0.205376344086	140	148	3	0	113	0.446640316206
0.225921053425	0.206451612903	141	148	3	0	113	0.444881889764
0.226863086244	0.20752688172	142	148	3	0	113	0.443137254902
0.226891679184	0.208602150538	143	148	3	0	113	0.44140625
0.228423402711	0.208602150538	143	149	3	0	113	0.44140625
0.229481406041	0.20752688172	143	150	3	0	114	0.443579766537
0.229813077323	0.20752688172	143	151	3	0	114	0.443579766537
0.229831892628	0.206451612903	143	152	3	0	115	0.445736434109
0.23055479268	0.206451612903	143	153	3	0	115	0.445736434109
0.230663032269	0.20752688172	144	153	3	0	115	0.444015444015
0.231663179384	0.208602150538	145	153	3	0	115	0.442307692308
0.231769520577	0.209677419355	146	153	3	0	115	0.44061302682
0.232659794767	0.210752688172	147	153	3	0	115	0.43893129771
0.23321109811	0.211827956989	148	153	3	0	115	0.437262357414
0.233314023735	0.212903225806	149	153	3	0	115	0.435606060606
0.234031588597	0.213978494624	150	153	3	0	115	0.433962264151
0.235311548978	0.211827956989	150	154	3	0	117	0.438202247191
0.235378568233	0.210752688172	150	155	3	0	118	0.440298507463
0.235445656427	0.211827956989	151	155	3	0	118	0.438661710037
0.235757596469	0.211827956989	152	155	3	0	118	0.437037037037
0.23639645311	0.211827956989	152	156	3	0	118	0.437037037037
0.236526821117	0.211827956989	152	157	3	0	118	0.437037037037
0.236622529749	0.211827956989	152	158	3	0	118	0.437037037037
0.237314201288	0.211827956989	152	159	3	0	118	0.437037037037
0.237658374781	0.212903225806	153	159	3	0	118	0.435424354244
0.238106799299	0.211827956989	154	159	3	0	118	0.433823529412
0.238656912823	0.210752688172	154	160	3	0	119	0.435897435897
0.239906930401	0.210752688172	154	161	3	0	119	0.435897435897
0.239976186392	0.209677419355	154	162	3	0	120	0.43795620438
0.240005459116	0.210752688172	155	162	3	0	120	0.436363636364
0.240011685634	0.211827956989	156	162	3	0	120	0.434782608696
0.240179631714	0.212903225806	157	162	3	0	120	0.43321299639
0.24042535235	0.212903225806	157	163	3	0	120	0.43321299639
0.24139104586	0.213978494624	158	163	3	0	120	0.431654676259
0.243938382342	0.212903225806	159	163	3	0	120	0.430107526882
0.244436139303	0.213978494624	160	163	3	0	120	0.428571428571
0.244727154571	0.213978494624	161	163	3	0	120	0.427046263345
0.24557481529	0.213978494624	161	164	3	0	120	0.427046263345
0.245719872068	0.215053763441	162	164	3	0	120	0.425531914894
0.246428765217	0.216129032258	163	164	3	0	120	0.424028268551
0.246499161449	0.215053763441	163	165	3	0	121	0.426056338028
0.249628733009	0.215053763441	164	165	3	0	121	0.424561403509
0.250582758962	0.215053763441	164	166	3	0	121	0.424561403509
0.250851505184	0.213978494624	164	167	3	0	122	0.426573426573
0.251131999548	0.212903225806	165	167	3	0	122	0.425087108014
0.251252062081	0.210752688172	165	168	3	0	124	0.429065743945
0.251940659894	0.211827956989	166	168	3	0	124	0.427586206897
0.254567006215	0.211827956989	166	169	3	0	124	0.427586206897
0.257855146622	0.212903225806	167	169	3	0	124	0.426116838488
0.258553328585	0.212903225806	167	170	3	0	124	0.426116838488
0.258760526995	0.212903225806	167	171	3	0	124	0.426116838488
0.258934219149	0.212903225806	167	172	3	0	124	0.426116838488
0.260342314886	0.213978494624	168	172	3	0	124	0.424657534247
0.261625202599	0.215053763441	169	172	3	0	124	0.423208191126
0.261650613375	0.215053763441	170	172	3	0	124	0.421768707483
0.262071052565	0.215053763441	170	173	3	0	124	0.421768707483
0.263912480984	0.216129032258	171	173	3	0	124	0.420338983051
0.265860629239	0.217204301075	172	173	3	0	124	0.418918918919
0.266293050351	0.216129032258	172	174	3	0	125	0.420875420875
0.266427426599	0.215053763441	172	175	3	0	126	0.422818791946
0.267188798597	0.213978494624	172	176	3	0	127	0.42474916388
0.267348323508	0.212903225806	172	177	3	0	128	0.426666666667
0.268277819198	0.213978494624	173	177	3	0	128	0.425249169435
0.268515798278	0.212903225806	173	178	3	0	129	0.427152317881
0.270525266594	0.211827956989	173	179	3	0	130	0.42904290429
0.270896530018	0.210752688172	173	180	3	0	131	0.430921052632
0.272984939614	0.211827956989	174	180	3	0	131	0.429508196721
0.273344376628	0.212903225806	175	180	3	0	131	0.428104575163
0.273430072041	0.212903225806	175	181	3	0	131	0.428104575163
0.274307099189	0.212903225806	175	182	3	0	131	0.428104575163
0.275109404203	0.212903225806	176	182	3	0	131	0.42671009772
0.27533045259	0.212903225806	176	183	3	0	131	0.42671009772
0.275851218294	0.211827956989	176	184	3	0	132	0.428571428571
0.275852715161	0.211827956989	176	185	3	0	132	0.428571428571
0.275901320452	0.212903225806	177	185	3	0	132	0.427184466019
0.277143471632	0.213978494624	178	185	3	0	132	0.425806451613
0.278162201999	0.213978494624	178	186	3	0	132	0.425806451613
0.278398810542	0.215053763441	179	186	3	0	132	0.424437299035
0.278617992031	0.213978494624	179	187	3	0	133	0.426282051282
0.278673780143	0.215053763441	180	187	3	0	133	0.424920127796
0.280269704719	0.213978494624	180	188	3	0	134	0.426751592357
0.280709387499	0.215053763441	181	188	3	0	134	0.425396825397
0.28091765424	0.212903225806	181	189	3	0	136	0.429022082019
0.280934250169	0.213978494624	182	189	3	0	136	0.427672955975
0.281457435722	0.213978494624	183	189	3	0	136	0.426332288401
0.281903279132	0.215053763441	184	189	3	0	136	0.425
0.281959821371	0.216129032258	185	189	3	0	136	0.423676012461
0.282000374692	0.217204301075	186	189	3	0	136	0.422360248447
0.282565827248	0.216129032258	187	189	3	0	136	0.421052631579
0.28326346581	0.217204301075	188	189	3	0	136	0.41975308642
0.285999548163	0.215053763441	188	190	3	0	138	0.423312883436
0.286245701579	0.211827956989	188	191	3	0	141	0.428571428571
0.287066534745	0.212903225806	189	191	3	0	141	0.427272727273
0.288993027398	0.213978494624	190	191	3	0	141	0.425981873112
0.289490607296	0.211827956989	190	192	3	0	143	0.429429429429
0.290120309766	0.212903225806	191	192	3	0	143	0.428143712575
0.291557407696	0.213978494624	192	192	3	0	143	0.426865671642
0.293424881705	0.212903225806	192	193	3	0	144	0.428571428571
0.294006174709	0.212903225806	193	193	3	0	144	0.427299703264
0.295605067525	0.213978494624	194	193	3	0	144	0.426035502959
0.295857701981	0.215053763441	195	193	3	0	144	0.424778761062
0.296011169431	0.216129032258	196	193	3	0	144	0.423529411765
0.296733348626	0.216129032258	196	194	3	0	144	0.423529411765
0.297336267069	0.217204301075	197	194	3	0	144	0.422287390029
0.29792328885	0.218279569892	198	194	3	0	144	0.421052631579
0.299372332055	0.217204301075	198	195	3	0	145	0.422740524781
0.299553353943	0.216129032258	198	196	3	0	146	0.424418604651
0.299861137092	0.215053763441	198	197	3	0	147	0.426086956522
0.300353428109	0.212903225806	198	198	3	0	149	0.42939481268
0.301590364072	0.213978494624	199	198	3	0	149	0.42816091954
0.301748115587	0.212903225806	200	198	3	0	149	0.426934097421
0.301989386402	0.210752688172	200	199	3	0	151	0.430199430199
0.303385951306	0.210752688172	200	200	3	0	151	0.430199430199
0.303609736281	0.210752688172	201	200	3	0	151	0.428977272727
0.304164928587	0.211827956989	202	200	3	0	151	0.42776203966
0.304446154126	0.209677419355	202	201	3	0	153	0.430985915493
0.304534937939	0.210752688172	203	201	3	0	153	0.429775280899
0.30532432006	0.211827956989	204	201	3	0	153	0.428571428571
0.305722519197	0.209677419355	204	202	3	0	155	0.431754874652
0.306684036512	0.210752688172	205	202	3	0	155	0.430555555556
0.308144558634	0.210752688172	205	203	3	0	155	0.430555555556
0.309961549296	0.210752688172	206	203	3	0	155	0.429362880886
0.310066320746	0.211827956989	207	203	3	0	155	0.42817679558
0.310683737556	0.212903225806	208	203	3	0	155	0.426997245179
0.311414460562	0.210752688172	208	204	3	0	157	0.430136986301
0.312111468163	0.210752688172	208	205	3	0	157	0.430136986301
0.313966419358	0.210752688172	208	206	3	0	157	0.430136986301
0.314107705577	0.210752688172	209	206	3	0	157	0.428961748634
0.314260110805	0.208602150538	209	207	3	0	159	0.432065217391
0.314425146357	0.208602150538	210	207	3	0	159	0.430894308943
0.314875205773	0.206451612903	210	208	3	0	161	0.433962264151
0.315719726992	0.20752688172	211	208	3	0	161	0.432795698925
0.315911838761	0.20752688172	211	209	3	0	161	0.432795698925
0.316612651173	0.204301075269	211	210	3	0	164	0.437333333333
0.316852242721	0.203225806452	211	211	3	0	165	0.438829787234
0.317062037632	0.202150537634	211	212	3	0	166	0.440318302387
0.317149765943	0.201075268817	211	213	3	0	167	0.441798941799
0.317608762392	0.2	211	214	3	0	168	0.44327176781
