# time 	 divergence 	 # of mutations 	 # IGC chances 	 IGC length 	 # IGC failures 	 Changes due to IGC  	 % change due to IGC 
0.0	0.522417153996	0	0	0	0	0	0.0
0.00027521394313	0.522417153996	1	0	0	0	0	0.0
0.000651764188171	0.522417153996	2	0	0	0	0	0.0
0.00239710990248	0.522417153996	3	0	0	0	0	0.0
0.00729428962937	0.523391812865	4	0	0	0	0	0.0
0.00781179169531	0.523391812865	5	0	0	0	0	0.0
0.00973018955315	0.524366471735	6	0	0	0	0	0.0
0.00975338800651	0.525341130604	7	0	0	0	0	0.0
0.0111837792154	0.526315789474	8	0	0	0	0	0.0
0.0117306277336	0.526315789474	9	0	0	0	0	0.0
0.0121576548538	0.526315789474	10	0	0	0	0	0.0
0.0128554710543	0.526315789474	11	0	0	0	0	0.0
0.013524244428	0.525341130604	12	0	0	0	0	0.0
0.0174664374396	0.526315789474	13	0	0	0	0	0.0
0.0191195580839	0.526315789474	14	0	0	0	0	0.0
0.0225673048634	0.527290448343	15	0	0	0	0	0.0
0.0226595229819	0.528265107212	16	0	0	0	0	0.0
0.0242099835256	0.529239766082	17	0	0	0	0	0.0
0.0272385015656	0.529239766082	18	0	0	0	0	0.0
0.0294016239347	0.529239766082	19	0	0	0	0	0.0
0.0296464295058	0.530214424951	20	0	0	0	0	0.0
0.0302607728348	0.531189083821	21	0	0	0	0	0.0
0.0303056493009	0.53216374269	22	0	0	0	0	0.0
0.0305397361987	0.533138401559	23	0	0	0	0	0.0
0.0305856940854	0.534113060429	24	0	0	0	0	0.0
