# time 	 divergence 	 # of mutations 	 # IGC chances 	 IGC length 	 # IGC failures 	 Changes due to IGC  	 % change due to IGC 
0.0	0.369892473118	0	0	0	0	0	0.0
0.000109820280763	0.368817204301	1	0	0	0	0	0.0
0.000945201633669	0.368817204301	1	1	3	0	0	0.0
0.00187489186502	0.368817204301	1	2	3	0	0	0.0
0.00292189324273	0.369892473118	2	2	3	0	0	0.0
0.00316511746216	0.367741935484	2	3	3	0	2	0.5
0.00515834016916	0.365591397849	2	4	3	0	4	0.666666666667
0.00798672270165	0.366666666667	3	4	3	0	4	0.571428571429
0.00835347692906	0.366666666667	3	5	3	0	4	0.571428571429
0.00970766900432	0.366666666667	4	5	3	0	4	0.5
0.0123911818577	0.366666666667	5	5	3	0	4	0.444444444444
0.0127211101915	0.364516129032	5	6	3	0	6	0.545454545455
0.0134441653735	0.361290322581	5	7	3	0	9	0.642857142857
0.0155018948802	0.362365591398	6	7	3	0	9	0.6
0.0160539872349	0.363440860215	7	7	3	0	9	0.5625
0.0218981853836	0.362365591398	8	7	3	0	9	0.529411764706
0.0232623850623	0.362365591398	9	7	3	0	9	0.5
0.0239970641144	0.361290322581	10	7	3	0	9	0.473684210526
0.0263564560287	0.361290322581	11	7	3	0	9	0.45
0.026934907276	0.361290322581	12	7	3	0	9	0.428571428571
0.0286723522758	0.362365591398	13	7	3	0	9	0.409090909091
0.0287264472073	0.363440860215	14	7	3	0	9	0.391304347826
0.0295227488184	0.364516129032	15	7	3	0	9	0.375
0.0316112439025	0.363440860215	16	7	3	0	9	0.36
0.0359710292652	0.364516129032	17	7	3	0	9	0.346153846154
0.0361046025798	0.364516129032	18	7	3	0	9	0.333333333333
0.0377186287677	0.365591397849	19	7	3	0	9	0.321428571429
0.0385199483224	0.364516129032	20	7	3	0	9	0.310344827586
0.0422538107974	0.363440860215	21	7	3	0	9	0.3
0.0432647373567	0.364516129032	22	7	3	0	9	0.290322580645
0.0434598722679	0.363440860215	23	7	3	0	9	0.28125
0.0455875882522	0.361290322581	23	8	3	0	11	0.323529411765
0.0472638154361	0.360215053763	24	8	3	0	11	0.314285714286
0.0473525967848	0.360215053763	25	8	3	0	11	0.305555555556
0.0486724366536	0.358064516129	25	9	3	0	13	0.342105263158
0.0488989234103	0.356989247312	26	9	3	0	13	0.333333333333
0.04950479505	0.356989247312	27	9	3	0	13	0.325
0.0545147748839	0.358064516129	28	9	3	0	13	0.317073170732
0.0561140318837	0.356989247312	29	9	3	0	13	0.309523809524
0.0572274641492	0.358064516129	30	9	3	0	13	0.302325581395
0.0572616518222	0.359139784946	31	9	3	0	13	0.295454545455
0.0573282088833	0.360215053763	32	9	3	0	13	0.288888888889
0.0581143269125	0.360215053763	33	9	3	0	13	0.282608695652
0.0581934612557	0.361290322581	34	9	3	0	13	0.276595744681
0.0600155483577	0.362365591398	35	9	3	0	13	0.270833333333
0.0628530344209	0.359139784946	35	10	3	0	16	0.313725490196
0.0676730612857	0.360215053763	36	10	3	0	16	0.307692307692
0.0706276285148	0.361290322581	37	10	3	0	16	0.301886792453
0.0732414545202	0.360215053763	37	11	3	0	17	0.314814814815
0.0779435150498	0.361290322581	38	11	3	0	17	0.309090909091
0.0787661254857	0.361290322581	38	12	3	0	17	0.309090909091
0.0791023166877	0.358064516129	38	13	3	0	20	0.344827586207
0.0833711593474	0.359139784946	39	13	3	0	20	0.338983050847
0.0841098860501	0.360215053763	40	13	3	0	20	0.333333333333
0.0851668523455	0.360215053763	41	13	3	0	20	0.327868852459
0.0852737134973	0.360215053763	42	13	3	0	20	0.322580645161
0.0854805961068	0.361290322581	43	13	3	0	20	0.31746031746
0.0953121190608	0.361290322581	44	13	3	0	20	0.3125
0.0955299153655	0.362365591398	45	13	3	0	20	0.307692307692
0.0962710958947	0.360215053763	45	14	3	0	22	0.328358208955
0.0963941633999	0.361290322581	46	14	3	0	22	0.323529411765
0.0988096131245	0.360215053763	46	15	3	0	23	0.333333333333
0.0991714710064	0.358064516129	46	16	3	0	25	0.352112676056
0.0992040701841	0.359139784946	47	16	3	0	25	0.347222222222
0.100514226854	0.358064516129	48	16	3	0	25	0.342465753425
0.101301488605	0.359139784946	49	16	3	0	25	0.337837837838
0.103668305328	0.359139784946	50	16	3	0	25	0.333333333333
0.105248922599	0.359139784946	51	16	3	0	25	0.328947368421
0.106114092948	0.360215053763	52	16	3	0	25	0.324675324675
0.106693655241	0.361290322581	53	16	3	0	25	0.320512820513
0.10789840762	0.361290322581	54	16	3	0	25	0.316455696203
0.113560492805	0.362365591398	55	16	3	0	25	0.3125
0.113806737341	0.363440860215	56	16	3	0	25	0.308641975309
0.117222853872	0.362365591398	57	16	3	0	25	0.30487804878
0.11726361746	0.363440860215	58	16	3	0	25	0.301204819277
0.117292665897	0.363440860215	58	17	3	0	25	0.301204819277
0.11841687065	0.364516129032	59	17	3	0	25	0.297619047619
0.118862071148	0.364516129032	60	17	3	0	25	0.294117647059
0.119739477777	0.365591397849	61	17	3	0	25	0.290697674419
0.120069984881	0.365591397849	62	17	3	0	25	0.287356321839
0.120230985502	0.364516129032	62	18	3	0	26	0.295454545455
0.124536720929	0.365591397849	63	18	3	0	26	0.292134831461
0.124808122402	0.364516129032	64	18	3	0	26	0.288888888889
0.12657174419	0.363440860215	64	19	3	0	27	0.296703296703
0.128824720904	0.364516129032	65	19	3	0	27	0.29347826087
0.129222438023	0.364516129032	66	19	3	0	27	0.290322580645
0.130284176014	0.364516129032	66	20	3	0	27	0.290322580645
0.130907645657	0.365591397849	67	20	3	0	27	0.287234042553
0.130917012198	0.365591397849	67	21	3	0	27	0.287234042553
0.132910927496	0.366666666667	68	21	3	0	27	0.284210526316
0.135381185946	0.366666666667	68	22	3	0	27	0.284210526316
0.135440760935	0.367741935484	69	22	3	0	27	0.28125
0.136470671561	0.365591397849	69	23	3	0	29	0.295918367347
0.138985205422	0.364516129032	70	23	3	0	29	0.292929292929
0.140381555745	0.363440860215	71	23	3	0	29	0.29
0.141502688432	0.363440860215	72	23	3	0	29	0.287128712871
0.143229651998	0.361290322581	72	24	3	0	31	0.300970873786
0.143284549216	0.362365591398	73	24	3	0	31	0.298076923077
