# time 	 divergence 	 # of mutations 	 # IGC chances 	 IGC length 	 # IGC failures 	 Changes due to IGC  	 % change due to IGC 
0.0	0.00854700854701	0	0	0	0	0	0.0
0.00137174557577	0.0106837606838	1	0	0	0	0	0.0
0.00246976427701	0.0128205128205	2	0	0	0	0	0.0
0.0118970640496	0.0149572649573	3	0	0	0	0	0.0
0.0142777823492	0.017094017094	4	0	0	0	0	0.0
0.0178601156796	0.0192307692308	5	0	0	0	0	0.0
0.019623946069	0.0192307692308	6	0	0	0	0	0.0
0.0199811593744	0.0213675213675	7	0	0	0	0	0.0
0.0207231083601	0.0235042735043	8	0	0	0	0	0.0
0.0230182310063	0.025641025641	9	0	0	0	0	0.0
0.0313584477731	0.0277777777778	10	0	0	0	0	0.0
0.0406423377002	0.0299145299145	11	0	0	0	0	0.0
0.0476204568623	0.0320512820513	12	0	0	0	0	0.0
0.0500069052181	0.034188034188	13	0	0	0	0	0.0
0.0556575808843	0.0363247863248	14	0	0	0	0	0.0
0.0564369603537	0.0384615384615	15	0	0	0	0	0.0
0.0577489106105	0.0405982905983	16	0	0	0	0	0.0
0.0611099909013	0.042735042735	17	0	0	0	0	0.0
0.0626724508725	0.0448717948718	18	0	0	0	0	0.0
0.0654528601744	0.0470085470085	19	0	0	0	0	0.0
0.0668285230316	0.0491452991453	20	0	0	0	0	0.0
0.0756105550814	0.0512820512821	21	0	0	0	0	0.0
0.0777447214681	0.0534188034188	22	0	0	0	0	0.0
0.0842703618376	0.0555555555556	23	0	0	0	0	0.0
0.0856758983104	0.0576923076923	24	0	0	0	0	0.0
0.0873403972342	0.0598290598291	25	0	0	0	0	0.0
0.0884605676304	0.0619658119658	26	0	0	0	0	0.0
0.0915511724118	0.0641025641026	27	0	0	0	0	0.0
0.0990795610845	0.0662393162393	28	0	0	0	0	0.0
0.107459877094	0.0683760683761	29	0	0	0	0	0.0
0.108814474025	0.0705128205128	30	0	0	0	0	0.0
0.116630433865	0.0726495726496	31	0	0	0	0	0.0
0.118826998847	0.0747863247863	32	0	0	0	0	0.0
0.119144022924	0.0769230769231	33	0	0	0	0	0.0
0.122047671836	0.0790598290598	34	0	0	0	0	0.0
0.136888623625	0.0790598290598	35	0	0	0	0	0.0
0.138039907206	0.0811965811966	36	0	0	0	0	0.0
0.138623377338	0.0833333333333	37	0	0	0	0	0.0
0.139302061179	0.0833333333333	38	0	0	0	0	0.0
