# time 	 divergence 	 # of mutations 	 # IGC chances 	 IGC length 	 # IGC failures 	 Changes due to IGC  	 % change due to IGC 
0.0	0.310752688172	0	0	0	0	0	0.0
0.00109604776767	0.309677419355	1	0	0	0	0	0.0
0.00147824549506	0.310752688172	2	0	0	0	0	0.0
0.00365458142834	0.309677419355	3	0	0	0	0	0.0
0.00460985328049	0.309677419355	4	0	0	0	0	0.0
0.00526019252219	0.310752688172	5	0	0	0	0	0.0
0.00620203538515	0.311827956989	6	0	0	0	0	0.0
0.00653908616159	0.312903225806	7	0	0	0	0	0.0
0.00876513762683	0.313978494624	8	0	0	0	0	0.0
0.0127336853398	0.312903225806	9	0	0	0	0	0.0
0.014792929706	0.312903225806	10	0	0	0	0	0.0
0.0166853859509	0.313978494624	11	0	0	0	0	0.0
0.0168668853679	0.313978494624	12	0	0	0	0	0.0
0.017390241563	0.315053763441	13	0	0	0	0	0.0
0.0187494307767	0.316129032258	14	0	0	0	0	0.0
0.0210831536678	0.316129032258	15	0	0	0	0	0.0
0.0211248974669	0.317204301075	16	0	0	0	0	0.0
0.0235174087813	0.317204301075	17	0	0	0	0	0.0
0.0249781754616	0.316129032258	18	0	0	0	0	0.0
0.0308825230412	0.317204301075	19	0	0	0	0	0.0
0.0309900297161	0.318279569892	20	0	0	0	0	0.0
0.0320475559325	0.318279569892	21	0	0	0	0	0.0
0.0344735918626	0.318279569892	22	0	0	0	0	0.0
0.0355049005428	0.31935483871	23	0	0	0	0	0.0
0.0355252359115	0.31935483871	24	0	0	0	0	0.0
0.0360856422692	0.320430107527	25	0	0	0	0	0.0
0.036134584672	0.321505376344	26	0	0	0	0	0.0
0.0372109294722	0.320430107527	27	0	0	0	0	0.0
0.0395176630564	0.320430107527	28	0	0	0	0	0.0
0.0410810524688	0.321505376344	29	0	0	0	0	0.0
0.0421103079818	0.322580645161	30	0	0	0	0	0.0
0.0444162541425	0.323655913978	31	0	0	0	0	0.0
0.0449105495067	0.322580645161	32	0	0	0	0	0.0
0.0453463112296	0.321505376344	33	0	0	0	0	0.0
0.0523990971346	0.320430107527	34	0	0	0	0	0.0
0.0528647369981	0.321505376344	35	0	0	0	0	0.0
0.0531304103756	0.322580645161	36	0	0	0	0	0.0
0.0548569793995	0.323655913978	37	0	0	0	0	0.0
0.0583840073397	0.324731182796	38	0	0	0	0	0.0
0.0588509833391	0.325806451613	39	0	0	0	0	0.0
0.0598835982264	0.32688172043	40	0	0	0	0	0.0
0.0631989019616	0.327956989247	41	0	0	0	0	0.0
0.0636780605717	0.329032258065	42	0	0	0	0	0.0
0.0637344274011	0.330107526882	43	0	0	0	0	0.0
0.0643613607619	0.331182795699	44	0	0	0	0	0.0
0.0653541754471	0.331182795699	45	0	0	0	0	0.0
0.0664093056582	0.332258064516	46	0	0	0	0	0.0
0.0665520375803	0.332258064516	47	0	0	0	0	0.0
0.0669593067596	0.331182795699	48	0	0	0	0	0.0
0.0672086772828	0.331182795699	49	0	0	0	0	0.0
0.0744809613812	0.332258064516	50	0	0	0	0	0.0
0.0800437684899	0.333333333333	51	0	0	0	0	0.0
0.0804042483164	0.334408602151	52	0	0	0	0	0.0
0.0805015136842	0.334408602151	53	0	0	0	0	0.0
0.083994790515	0.334408602151	54	0	0	0	0	0.0
0.0845606962928	0.333333333333	55	0	0	0	0	0.0
0.0875736951311	0.334408602151	56	0	0	0	0	0.0
0.0920641210668	0.334408602151	57	0	0	0	0	0.0
0.0942161211762	0.333333333333	58	0	0	0	0	0.0
0.0981520578694	0.334408602151	59	0	0	0	0	0.0
0.0995560354575	0.335483870968	60	0	0	0	0	0.0
0.10099436026	0.336559139785	61	0	0	0	0	0.0
0.101164454062	0.335483870968	62	0	0	0	0	0.0
0.102179247585	0.334408602151	63	0	0	0	0	0.0
0.10233341741	0.335483870968	64	0	0	0	0	0.0
0.103968013962	0.335483870968	65	0	0	0	0	0.0
0.106091963678	0.336559139785	66	0	0	0	0	0.0
0.112004779052	0.337634408602	67	0	0	0	0	0.0
0.112022620386	0.337634408602	68	0	0	0	0	0.0
0.114245963109	0.338709677419	69	0	0	0	0	0.0
0.114365963646	0.339784946237	70	0	0	0	0	0.0
0.115489233241	0.339784946237	71	0	0	0	0	0.0
0.117739635461	0.340860215054	72	0	0	0	0	0.0
0.118907961518	0.341935483871	73	0	0	0	0	0.0
0.119083758598	0.343010752688	74	0	0	0	0	0.0
0.120488155352	0.341935483871	75	0	0	0	0	0.0
0.122178690716	0.343010752688	76	0	0	0	0	0.0
0.125486467953	0.341935483871	77	0	0	0	0	0.0
0.125731171308	0.343010752688	78	0	0	0	0	0.0
0.125981008215	0.343010752688	79	0	0	0	0	0.0
0.128745888842	0.341935483871	80	0	0	0	0	0.0
0.128840412932	0.343010752688	81	0	0	0	0	0.0
0.129143940084	0.344086021505	82	0	0	0	0	0.0
0.129501554861	0.345161290323	83	0	0	0	0	0.0
0.131848837068	0.345161290323	84	0	0	0	0	0.0
0.133352753568	0.345161290323	85	0	0	0	0	0.0
0.134098819927	0.344086021505	86	0	0	0	0	0.0
0.138919161825	0.345161290323	87	0	0	0	0	0.0
0.13948476514	0.345161290323	88	0	0	0	0	0.0
0.140149233256	0.34623655914	89	0	0	0	0	0.0
0.143383836725	0.347311827957	90	0	0	0	0	0.0
0.143477159509	0.34623655914	91	0	0	0	0	0.0
0.143594198079	0.347311827957	92	0	0	0	0	0.0
0.144540616444	0.34623655914	93	0	0	0	0	0.0
0.145586502663	0.347311827957	94	0	0	0	0	0.0
0.151051466914	0.348387096774	95	0	0	0	0	0.0
0.153792644059	0.349462365591	96	0	0	0	0	0.0
0.155878784601	0.348387096774	97	0	0	0	0	0.0
0.156678690404	0.349462365591	98	0	0	0	0	0.0
0.158703044714	0.349462365591	99	0	0	0	0	0.0
0.159434397637	0.350537634409	100	0	0	0	0	0.0
0.159480137612	0.350537634409	101	0	0	0	0	0.0
0.160133560444	0.349462365591	102	0	0	0	0	0.0
0.160810005136	0.350537634409	103	0	0	0	0	0.0
0.163621794126	0.351612903226	104	0	0	0	0	0.0
0.164882038721	0.351612903226	105	0	0	0	0	0.0
0.167103521006	0.352688172043	106	0	0	0	0	0.0
0.168685093048	0.35376344086	107	0	0	0	0	0.0
0.169441069466	0.35376344086	108	0	0	0	0	0.0
0.169687087548	0.35376344086	109	0	0	0	0	0.0
0.170631363687	0.352688172043	110	0	0	0	0	0.0
0.174288204663	0.351612903226	111	0	0	0	0	0.0
0.175227709943	0.351612903226	112	0	0	0	0	0.0
0.178887827755	0.352688172043	113	0	0	0	0	0.0
0.180537791558	0.35376344086	114	0	0	0	0	0.0
0.182056254969	0.35376344086	115	0	0	0	0	0.0
0.182557943841	0.352688172043	116	0	0	0	0	0.0
0.183052260066	0.351612903226	117	0	0	0	0	0.0
0.185832924449	0.352688172043	118	0	0	0	0	0.0
0.187698280568	0.35376344086	119	0	0	0	0	0.0
0.192088121208	0.354838709677	120	0	0	0	0	0.0
0.195536519689	0.355913978495	121	0	0	0	0	0.0
0.199088249214	0.356989247312	122	0	0	0	0	0.0
0.200948854248	0.356989247312	123	0	0	0	0	0.0
0.202434262053	0.358064516129	124	0	0	0	0	0.0
0.202555304919	0.359139784946	125	0	0	0	0	0.0
0.20499934724	0.360215053763	126	0	0	0	0	0.0
0.20701071427	0.360215053763	127	0	0	0	0	0.0
0.209005315801	0.361290322581	128	0	0	0	0	0.0
0.211415848638	0.362365591398	129	0	0	0	0	0.0
0.211791884421	0.361290322581	130	0	0	0	0	0.0
0.214191803299	0.362365591398	131	0	0	0	0	0.0
0.215937800468	0.362365591398	132	0	0	0	0	0.0
0.216340624121	0.363440860215	133	0	0	0	0	0.0
0.216584668263	0.364516129032	134	0	0	0	0	0.0
0.219833450509	0.364516129032	135	0	0	0	0	0.0
0.21989573959	0.365591397849	136	0	0	0	0	0.0
0.221655926882	0.365591397849	137	0	0	0	0	0.0
0.221737752067	0.365591397849	138	0	0	0	0	0.0
0.221955112304	0.366666666667	139	0	0	0	0	0.0
0.224727296305	0.367741935484	140	0	0	0	0	0.0
0.224783590398	0.368817204301	141	0	0	0	0	0.0
0.224839286768	0.368817204301	142	0	0	0	0	0.0
0.227250880703	0.369892473118	143	0	0	0	0	0.0
0.228562996434	0.370967741935	144	0	0	0	0	0.0
0.233959467254	0.372043010753	145	0	0	0	0	0.0
0.238333133232	0.37311827957	146	0	0	0	0	0.0
0.238999251574	0.374193548387	147	0	0	0	0	0.0
0.241708430945	0.374193548387	148	0	0	0	0	0.0
0.241996127623	0.374193548387	149	0	0	0	0	0.0
0.248395599349	0.37311827957	150	0	0	0	0	0.0
0.24918370865	0.374193548387	151	0	0	0	0	0.0
0.250197799457	0.375268817204	152	0	0	0	0	0.0
0.251074256383	0.374193548387	153	0	0	0	0	0.0
0.251801691108	0.375268817204	154	0	0	0	0	0.0
0.253288515368	0.374193548387	155	0	0	0	0	0.0
0.253649684835	0.375268817204	156	0	0	0	0	0.0
0.255477066293	0.374193548387	157	0	0	0	0	0.0
0.255615955095	0.375268817204	158	0	0	0	0	0.0
0.256365196513	0.376344086022	159	0	0	0	0	0.0
0.256368007382	0.375268817204	160	0	0	0	0	0.0
0.25733457353	0.375268817204	161	0	0	0	0	0.0
0.261601399828	0.376344086022	162	0	0	0	0	0.0
0.26263034334	0.377419354839	163	0	0	0	0	0.0
0.263647161623	0.376344086022	164	0	0	0	0	0.0
0.264063651341	0.376344086022	165	0	0	0	0	0.0
0.264210997245	0.377419354839	166	0	0	0	0	0.0
0.268860784118	0.377419354839	167	0	0	0	0	0.0
0.271001422402	0.377419354839	168	0	0	0	0	0.0
0.271412671263	0.378494623656	169	0	0	0	0	0.0
0.271790907	0.379569892473	170	0	0	0	0	0.0
0.271983195612	0.378494623656	171	0	0	0	0	0.0
0.272393658654	0.378494623656	172	0	0	0	0	0.0
0.273245275829	0.379569892473	173	0	0	0	0	0.0
0.275144055506	0.38064516129	174	0	0	0	0	0.0
0.276747612807	0.38064516129	175	0	0	0	0	0.0
0.277259206512	0.38064516129	176	0	0	0	0	0.0
0.278231271452	0.38064516129	177	0	0	0	0	0.0
0.278837929068	0.38064516129	178	0	0	0	0	0.0
0.286882179035	0.381720430108	179	0	0	0	0	0.0
0.29004585025	0.382795698925	180	0	0	0	0	0.0
0.291099702098	0.383870967742	181	0	0	0	0	0.0
0.292342332255	0.383870967742	182	0	0	0	0	0.0
0.293759686615	0.383870967742	183	0	0	0	0	0.0
0.294965839497	0.384946236559	184	0	0	0	0	0.0
0.295860363124	0.383870967742	185	0	0	0	0	0.0
0.296513811898	0.384946236559	186	0	0	0	0	0.0
0.297720339948	0.386021505376	187	0	0	0	0	0.0
0.297822448803	0.386021505376	188	0	0	0	0	0.0
0.300461901999	0.387096774194	189	0	0	0	0	0.0
0.302175018923	0.388172043011	190	0	0	0	0	0.0
0.30242847941	0.389247311828	191	0	0	0	0	0.0
0.305640858415	0.388172043011	192	0	0	0	0	0.0
