# time 	 divergence 	 # of mutations 	 # IGC chances 	 IGC length 	 # IGC failures 	 Changes due to IGC  	 % change due to IGC 
0.0	0.477419354839	0	0	0	0	0	0.0
0.000346932211127	0.477419354839	1	0	0	0	0	0.0
0.00126417927175	0.478494623656	2	0	0	0	0	0.0
0.00252329992178	0.478494623656	3	0	0	0	0	0.0
0.00443941261666	0.478494623656	4	0	0	0	0	0.0
0.00585553973861	0.478494623656	5	0	0	0	0	0.0
0.00613407260874	0.479569892473	6	0	0	0	0	0.0
0.00839085752537	0.48064516129	7	0	0	0	0	0.0
0.00856538500265	0.48064516129	8	0	0	0	0	0.0
0.00892985556697	0.481720430108	9	0	0	0	0	0.0
0.00985991544773	0.481720430108	10	0	0	0	0	0.0
0.0103668778183	0.482795698925	11	0	0	0	0	0.0
0.0158060834467	0.483870967742	12	0	0	0	0	0.0
0.0160507769402	0.482795698925	13	0	0	0	0	0.0
0.0174066575937	0.482795698925	14	0	0	0	0	0.0
0.0200221723039	0.481720430108	15	0	0	0	0	0.0
0.0277006909276	0.482795698925	16	0	0	0	0	0.0
0.0283210095423	0.481720430108	17	0	0	0	0	0.0
0.0299909432316	0.481720430108	18	0	0	0	0	0.0
0.0303670138591	0.48064516129	19	0	0	0	0	0.0
0.031166018269	0.481720430108	20	0	0	0	0	0.0
0.0328266120463	0.482795698925	21	0	0	0	0	0.0
0.0336839819572	0.482795698925	21	1	3	0	0	0.0
0.0348137212187	0.481720430108	22	1	3	0	0	0.0
0.0348245943033	0.482795698925	23	1	3	0	0	0.0
0.0352767515778	0.483870967742	24	1	3	0	0	0.0
0.0364572458	0.484946236559	25	1	3	0	0	0.0
0.036872117484	0.484946236559	26	1	3	0	0	0.0
0.0429477702033	0.484946236559	27	1	3	0	0	0.0
0.0491128108419	0.486021505376	28	1	3	0	0	0.0
0.0529682259357	0.484946236559	29	1	3	0	0	0.0
0.0531445650539	0.486021505376	30	1	3	0	0	0.0
0.0536957869652	0.487096774194	31	1	3	0	0	0.0
0.0543932778218	0.488172043011	32	1	3	0	0	0.0
0.0553237060798	0.489247311828	33	1	3	0	0	0.0
0.0608696971093	0.490322580645	34	1	3	0	0	0.0
0.0625786896037	0.491397849462	35	1	3	0	0	0.0
0.0636827723855	0.49247311828	36	1	3	0	0	0.0
0.066376503961	0.49247311828	37	1	3	0	0	0.0
0.0677885302049	0.493548387097	38	1	3	0	0	0.0
0.0679952516484	0.493548387097	39	1	3	0	0	0.0
0.0680237320258	0.49247311828	40	1	3	0	0	0.0
0.0692342077343	0.49247311828	41	1	3	0	0	0.0
0.0698757284497	0.49247311828	42	1	3	0	0	0.0
0.0701410144988	0.49247311828	43	1	3	0	0	0.0
0.0725586776971	0.491397849462	43	2	3	0	1	0.0227272727273
0.0749749340657	0.49247311828	44	2	3	0	1	0.0222222222222
0.0761172863405	0.493548387097	45	2	3	0	1	0.0217391304348
0.0766032369624	0.493548387097	46	2	3	0	1	0.0212765957447
0.077100372058	0.493548387097	46	3	3	0	1	0.0212765957447
0.0797373126414	0.49247311828	47	3	3	0	1	0.0208333333333
0.0801733431361	0.49247311828	48	3	3	0	1	0.0204081632653
0.0813415326028	0.49247311828	49	3	3	0	1	0.02
0.0826446642489	0.491397849462	50	3	3	0	1	0.0196078431373
