# time 	 divergence 	 # of mutations 	 # IGC chances 	 IGC length 	 # IGC failures 	 Changes due to IGC  	 % change due to IGC 
0.0	0.269892473118	0	0	0	0	0	0.0
0.00120921182675	0.268817204301	0	1	3	0	1	1.0
0.00330858622868	0.269892473118	1	1	3	0	1	0.5
0.00363813917636	0.270967741935	2	1	3	0	1	0.333333333333
0.00412709079709	0.270967741935	2	2	3	0	1	0.333333333333
0.00444354246265	0.269892473118	2	3	3	0	2	0.5
0.00506382359214	0.269892473118	2	4	3	0	2	0.5
0.0061672073236	0.270967741935	3	4	3	0	2	0.4
0.00669712424827	0.272043010753	4	4	3	0	2	0.333333333333
0.00719358458724	0.272043010753	4	5	3	0	2	0.333333333333
0.00815711078253	0.272043010753	5	5	3	0	2	0.285714285714
0.00955298660214	0.27311827957	6	5	3	0	2	0.25
0.00968865638888	0.272043010753	6	6	3	0	3	0.333333333333
0.00992188057713	0.27311827957	7	6	3	0	3	0.3
0.0127296199473	0.274193548387	8	6	3	0	3	0.272727272727
0.0128166130695	0.274193548387	8	7	3	0	3	0.272727272727
0.0149373952537	0.275268817204	9	7	3	0	3	0.25
0.0163075032108	0.276344086022	10	7	3	0	3	0.230769230769
0.0172798453149	0.275268817204	10	8	3	0	4	0.285714285714
0.0183176839147	0.276344086022	11	8	3	0	4	0.266666666667
0.0190871572572	0.276344086022	11	9	3	0	4	0.266666666667
0.0193428512789	0.276344086022	12	9	3	0	4	0.25
0.0197620037406	0.276344086022	13	9	3	0	4	0.235294117647
0.0208044443487	0.276344086022	13	10	3	0	4	0.235294117647
0.0227753417275	0.275268817204	14	10	3	0	4	0.222222222222
0.0228838003012	0.276344086022	15	10	3	0	4	0.210526315789
0.0247817379534	0.276344086022	15	11	3	0	4	0.210526315789
0.0249196617688	0.277419354839	16	11	3	0	4	0.2
0.0253184133976	0.276344086022	16	12	3	0	5	0.238095238095
0.0255948668979	0.277419354839	17	12	3	0	5	0.227272727273
0.0269600863026	0.277419354839	17	13	3	0	5	0.227272727273
0.0285578196607	0.278494623656	18	13	3	0	5	0.217391304348
0.0287788867795	0.277419354839	18	14	3	0	6	0.25
0.0290703536431	0.277419354839	19	14	3	0	6	0.24
0.0300827974642	0.278494623656	20	14	3	0	6	0.230769230769
0.0308881497132	0.279569892473	21	14	3	0	6	0.222222222222
0.0320641627477	0.277419354839	21	15	3	0	8	0.275862068966
0.0321080013838	0.277419354839	21	16	3	0	8	0.275862068966
0.0334618983106	0.276344086022	22	16	3	0	8	0.266666666667
0.0355185489658	0.277419354839	23	16	3	0	8	0.258064516129
0.0356859183705	0.278494623656	24	16	3	0	8	0.25
0.035919467614	0.278494623656	24	17	3	0	8	0.25
0.0369916683989	0.277419354839	24	18	3	0	9	0.272727272727
0.0372522129561	0.278494623656	25	18	3	0	9	0.264705882353
0.0400655217815	0.276344086022	25	19	3	0	11	0.305555555556
0.0423018048241	0.277419354839	26	19	3	0	11	0.297297297297
0.042644322505	0.278494623656	27	19	3	0	11	0.289473684211
0.0429056674926	0.279569892473	28	19	3	0	11	0.282051282051
0.0461220961222	0.278494623656	28	20	3	0	12	0.3
0.0469667451658	0.276344086022	28	21	3	0	14	0.333333333333
0.0481241750525	0.277419354839	29	21	3	0	14	0.325581395349
0.0500609927513	0.278494623656	30	21	3	0	14	0.318181818182
0.0506856348035	0.276344086022	30	22	3	0	16	0.347826086957
0.0515990141991	0.277419354839	31	22	3	0	16	0.340425531915
0.0519244504976	0.276344086022	31	23	3	0	17	0.354166666667
0.0559017335647	0.275268817204	31	24	3	0	18	0.367346938776
0.0564843597493	0.275268817204	31	25	3	0	18	0.367346938776
0.0568884454208	0.274193548387	31	26	3	0	19	0.38
0.0572646455015	0.275268817204	32	26	3	0	19	0.372549019608
0.0575131992187	0.276344086022	33	26	3	0	19	0.365384615385
0.0584572118785	0.275268817204	33	27	3	0	20	0.377358490566
0.0587751080368	0.275268817204	34	27	3	0	20	0.37037037037
0.0613488473379	0.275268817204	34	28	3	0	20	0.37037037037
0.0619909511123	0.274193548387	35	28	3	0	20	0.363636363636
0.0621027870121	0.27311827957	36	28	3	0	20	0.357142857143
0.0627671110627	0.274193548387	37	28	3	0	20	0.350877192982
0.0634321828199	0.27311827957	37	29	3	0	21	0.362068965517
0.0651142020104	0.274193548387	38	29	3	0	21	0.35593220339
0.0661953711603	0.275268817204	39	29	3	0	21	0.35
0.0668037773913	0.275268817204	39	30	3	0	21	0.35
0.066970526547	0.274193548387	39	31	3	0	22	0.360655737705
0.0674095355801	0.275268817204	40	31	3	0	22	0.354838709677
0.0702305520967	0.276344086022	41	31	3	0	22	0.349206349206
0.0718116025612	0.277419354839	42	31	3	0	22	0.34375
0.073617712128	0.278494623656	43	31	3	0	22	0.338461538462
0.0738722887931	0.276344086022	43	32	3	0	24	0.358208955224
0.0739005075836	0.275268817204	44	32	3	0	24	0.352941176471
0.074091870384	0.27311827957	44	33	3	0	26	0.371428571429
0.0743366246287	0.274193548387	45	33	3	0	26	0.366197183099
0.074637015899	0.274193548387	46	33	3	0	26	0.361111111111
0.0751750940834	0.275268817204	47	33	3	0	26	0.356164383562
0.0753757380629	0.275268817204	47	34	3	0	26	0.356164383562
0.0757882390252	0.274193548387	47	35	3	0	27	0.364864864865
0.0761632087609	0.275268817204	48	35	3	0	27	0.36
0.0798009684851	0.276344086022	49	35	3	0	27	0.355263157895
0.0811306851691	0.277419354839	50	35	3	0	27	0.350649350649
0.0819654939002	0.278494623656	51	35	3	0	27	0.346153846154
0.083316192548	0.279569892473	52	35	3	0	27	0.341772151899
0.0837135652079	0.279569892473	52	36	3	0	27	0.341772151899
0.08404105334	0.28064516129	53	36	3	0	27	0.3375
0.084736255222	0.281720430108	54	36	3	0	27	0.333333333333
0.0848494372782	0.282795698925	55	36	3	0	27	0.329268292683
0.0857280419109	0.283870967742	56	36	3	0	27	0.325301204819
0.0862342685129	0.282795698925	57	36	3	0	27	0.321428571429
0.0866310064869	0.282795698925	58	36	3	0	27	0.317647058824
0.086857840348	0.281720430108	59	36	3	0	27	0.313953488372
0.0877809862384	0.281720430108	60	36	3	0	27	0.310344827586
0.0897089027482	0.279569892473	60	37	3	0	29	0.325842696629
0.0897815494515	0.279569892473	60	38	3	0	29	0.325842696629
0.0913877411061	0.28064516129	61	38	3	0	29	0.322222222222
0.092393719436	0.28064516129	61	39	3	0	29	0.322222222222
0.092425155819	0.28064516129	61	40	3	0	29	0.322222222222
0.092571511225	0.281720430108	62	40	3	0	29	0.318681318681
0.0928287578073	0.282795698925	63	40	3	0	29	0.315217391304
0.0934558083953	0.283870967742	64	40	3	0	29	0.311827956989
0.0934806278173	0.281720430108	64	41	3	0	31	0.326315789474
0.0944196353305	0.282795698925	65	41	3	0	31	0.322916666667
0.0953186371627	0.281720430108	65	42	3	0	32	0.329896907216
0.0957271520373	0.28064516129	66	42	3	0	32	0.326530612245
0.096965067787	0.281720430108	67	42	3	0	32	0.323232323232
0.0971162578614	0.281720430108	68	42	3	0	32	0.32
0.0975443134237	0.282795698925	69	42	3	0	32	0.316831683168
0.0981346764442	0.283870967742	70	42	3	0	32	0.313725490196
0.0987760132903	0.282795698925	71	42	3	0	32	0.31067961165
0.0994228847699	0.283870967742	72	42	3	0	32	0.307692307692
0.0996799393174	0.283870967742	72	43	3	0	32	0.307692307692
0.100284335109	0.284946236559	73	43	3	0	32	0.304761904762
0.10198091265	0.286021505376	74	43	3	0	32	0.301886792453
0.102714594616	0.286021505376	74	44	3	0	32	0.301886792453
0.103016627377	0.287096774194	75	44	3	0	32	0.299065420561
0.104034994186	0.287096774194	75	45	3	0	32	0.299065420561
0.104600963723	0.286021505376	75	46	3	0	33	0.305555555556
0.104791307163	0.287096774194	76	46	3	0	33	0.302752293578
0.106099385292	0.287096774194	77	46	3	0	33	0.3
0.106423243543	0.286021505376	77	47	3	0	34	0.306306306306
0.107009377343	0.284946236559	78	47	3	0	34	0.303571428571
0.107263989492	0.286021505376	79	47	3	0	34	0.300884955752
0.107949347199	0.287096774194	80	47	3	0	34	0.298245614035
0.109619225346	0.288172043011	81	47	3	0	34	0.295652173913
0.110475409553	0.289247311828	82	47	3	0	34	0.293103448276
0.110525721197	0.288172043011	83	47	3	0	34	0.290598290598
0.111116294531	0.287096774194	83	48	3	0	35	0.296610169492
0.111395720923	0.287096774194	83	49	3	0	35	0.296610169492
0.112185719007	0.288172043011	84	49	3	0	35	0.294117647059
0.115124641141	0.289247311828	85	49	3	0	35	0.291666666667
0.120053838952	0.287096774194	85	50	3	0	37	0.303278688525
0.122598640785	0.284946236559	85	51	3	0	39	0.314516129032
0.124141988077	0.282795698925	85	52	3	0	41	0.325396825397
0.124820509844	0.282795698925	85	53	3	0	41	0.325396825397
0.125287601361	0.281720430108	85	54	3	0	42	0.330708661417
0.126104685121	0.282795698925	86	54	3	0	42	0.328125
0.127720998105	0.282795698925	87	54	3	0	42	0.325581395349
0.130493728463	0.281720430108	87	55	3	0	43	0.330769230769
0.13051863867	0.28064516129	87	56	3	0	44	0.335877862595
0.130706717676	0.279569892473	88	56	3	0	44	0.333333333333
0.130809131642	0.279569892473	88	57	3	0	44	0.333333333333
0.132600406591	0.277419354839	88	58	3	0	46	0.34328358209
0.133151956843	0.277419354839	89	58	3	0	46	0.340740740741
0.133172756554	0.278494623656	90	58	3	0	46	0.338235294118
0.133719861221	0.277419354839	90	59	3	0	47	0.343065693431
0.134576615146	0.276344086022	90	60	3	0	48	0.347826086957
0.1348266607	0.276344086022	90	61	3	0	48	0.347826086957
0.135992239626	0.277419354839	91	61	3	0	48	0.345323741007
0.136094905211	0.277419354839	91	62	3	0	48	0.345323741007
0.136195735037	0.278494623656	92	62	3	0	48	0.342857142857
0.13630342086	0.277419354839	92	63	3	0	49	0.347517730496
0.136375521793	0.278494623656	93	63	3	0	49	0.345070422535
0.137161087469	0.279569892473	94	63	3	0	49	0.342657342657
0.137361970929	0.277419354839	94	64	3	0	51	0.351724137931
0.13782820278	0.277419354839	94	65	3	0	51	0.351724137931
0.137833558115	0.276344086022	95	65	3	0	51	0.349315068493
0.139012816584	0.275268817204	95	66	3	0	52	0.353741496599
0.139692826882	0.274193548387	96	66	3	0	52	0.351351351351
0.139983266285	0.274193548387	97	66	3	0	52	0.348993288591
0.142202295349	0.275268817204	98	66	3	0	52	0.346666666667
0.143552668315	0.276344086022	99	66	3	0	52	0.344370860927
0.14519886395	0.276344086022	99	67	3	0	52	0.344370860927
0.146166619529	0.276344086022	99	68	3	0	52	0.344370860927
0.147688729701	0.276344086022	99	69	3	0	52	0.344370860927
0.149518282376	0.277419354839	100	69	3	0	52	0.342105263158
0.149566048153	0.276344086022	100	70	3	0	53	0.346405228758
0.150666407264	0.275268817204	101	70	3	0	53	0.344155844156
0.150905471169	0.276344086022	102	70	3	0	53	0.341935483871
0.15202409569	0.276344086022	102	71	3	0	53	0.341935483871
0.153811940669	0.275268817204	102	72	3	0	54	0.346153846154
0.154355267599	0.276344086022	103	72	3	0	54	0.343949044586
0.156234683401	0.277419354839	104	72	3	0	54	0.341772151899
0.15786628363	0.278494623656	105	72	3	0	54	0.339622641509
0.15816003559	0.277419354839	106	72	3	0	54	0.3375
0.158544745896	0.278494623656	107	72	3	0	54	0.335403726708
0.160188533163	0.277419354839	107	73	3	0	55	0.33950617284
0.160227961402	0.277419354839	108	73	3	0	55	0.337423312883
0.16051461204	0.276344086022	109	73	3	0	55	0.335365853659
0.164119312949	0.275268817204	109	74	3	0	56	0.339393939394
0.16448387523	0.276344086022	110	74	3	0	56	0.33734939759
0.165350305816	0.277419354839	111	74	3	0	56	0.335329341317
0.166273609192	0.276344086022	111	75	3	0	57	0.339285714286
0.168919788548	0.277419354839	112	75	3	0	57	0.337278106509
0.168966763588	0.274193548387	112	76	3	0	60	0.348837209302
0.170446754892	0.27311827957	113	76	3	0	60	0.346820809249
0.171203956942	0.274193548387	114	76	3	0	60	0.344827586207
0.171218700334	0.275268817204	115	76	3	0	60	0.342857142857
0.171939628799	0.275268817204	116	76	3	0	60	0.340909090909
0.172826958416	0.275268817204	116	77	3	0	60	0.340909090909
0.173613775289	0.275268817204	117	77	3	0	60	0.338983050847
0.174338202346	0.276344086022	118	77	3	0	60	0.337078651685
0.174744565848	0.276344086022	119	77	3	0	60	0.335195530726
0.17586578921	0.275268817204	119	78	3	0	61	0.338888888889
0.17592381399	0.275268817204	119	79	3	0	61	0.338888888889
0.177703335139	0.274193548387	120	79	3	0	61	0.337016574586
0.177782491027	0.275268817204	121	79	3	0	61	0.335164835165
0.177975267607	0.275268817204	121	80	3	0	61	0.335164835165
0.178032060368	0.276344086022	122	80	3	0	61	0.333333333333
0.17904259255	0.274193548387	122	81	3	0	63	0.340540540541
0.180738785191	0.275268817204	123	81	3	0	63	0.338709677419
0.180914156795	0.274193548387	123	82	3	0	64	0.342245989305
0.181825059442	0.275268817204	124	82	3	0	64	0.340425531915
0.182741818389	0.274193548387	124	83	3	0	65	0.343915343915
0.185478268307	0.275268817204	125	83	3	0	65	0.342105263158
0.185752063236	0.275268817204	125	84	3	0	65	0.342105263158
0.187747707076	0.276344086022	126	84	3	0	65	0.340314136126
0.187847589075	0.275268817204	126	85	3	0	66	0.34375
0.188245820243	0.276344086022	127	85	3	0	66	0.341968911917
0.188342869818	0.277419354839	128	85	3	0	66	0.340206185567
0.188514173687	0.277419354839	129	85	3	0	66	0.338461538462
0.189013957024	0.278494623656	130	85	3	0	66	0.336734693878
0.190702761533	0.278494623656	130	86	3	0	66	0.336734693878
0.194348721272	0.278494623656	130	87	3	0	66	0.336734693878
0.196779532314	0.279569892473	131	87	3	0	66	0.335025380711
0.196872289823	0.276344086022	131	88	3	0	69	0.345
0.197764753476	0.276344086022	132	88	3	0	69	0.34328358209
0.199816040599	0.276344086022	132	89	3	0	69	0.34328358209
0.20049913799	0.276344086022	132	90	3	0	69	0.34328358209
0.201244178207	0.276344086022	132	91	3	0	69	0.34328358209
0.201922349338	0.276344086022	133	91	3	0	69	0.341584158416
0.202839355717	0.27311827957	133	92	3	0	72	0.351219512195
0.203977492406	0.272043010753	133	93	3	0	73	0.354368932039
0.205067487228	0.27311827957	134	93	3	0	73	0.352657004831
0.205274571378	0.274193548387	135	93	3	0	73	0.350961538462
0.205559176247	0.274193548387	136	93	3	0	73	0.349282296651
0.205867043819	0.27311827957	136	94	3	0	74	0.352380952381
0.206109944507	0.27311827957	136	95	3	0	74	0.352380952381
