# time 	 divergence 	 # of mutations 	 # IGC chances 	 IGC length 	 # IGC failures 	 Changes due to IGC  	 % change due to IGC 
0.0	0.349902534113	0	0	0	0	0	0.0
0.000426248963776	0.350877192982	1	0	0	0	0	0.0
0.000738226626369	0.351851851852	2	0	0	0	0	0.0
0.00252663159367	0.351851851852	3	0	0	0	0	0.0
0.00294735872913	0.352826510721	4	0	0	0	0	0.0
0.00377605581661	0.353801169591	5	0	0	0	0	0.0
0.00459976025332	0.35477582846	6	0	0	0	0	0.0
0.00910659906836	0.355750487329	7	0	0	0	0	0.0
0.00951206452579	0.35477582846	8	0	0	0	0	0.0
0.00971225462755	0.35477582846	9	0	0	0	0	0.0
0.0104934301222	0.355750487329	10	0	0	0	0	0.0
0.0114754644523	0.355750487329	11	0	0	0	0	0.0
0.0129063846974	0.356725146199	12	0	0	0	0	0.0
0.0130195951157	0.355750487329	13	0	0	0	0	0.0
0.0137638880898	0.356725146199	14	0	0	0	0	0.0
0.0144828154103	0.356725146199	15	0	0	0	0	0.0
0.0147796268378	0.357699805068	16	0	0	0	0	0.0
0.0150008325141	0.358674463938	17	0	0	0	0	0.0
0.0170976801218	0.359649122807	18	0	0	0	0	0.0
0.0197300273828	0.360623781676	19	0	0	0	0	0.0
0.0200153888793	0.361598440546	20	0	0	0	0	0.0
0.0202571670337	0.362573099415	21	0	0	0	0	0.0
0.0203676366561	0.363547758285	22	0	0	0	0	0.0
0.0203683674233	0.363547758285	23	0	0	0	0	0.0
0.0225712974288	0.364522417154	24	0	0	0	0	0.0
0.0247238777023	0.365497076023	25	0	0	0	0	0.0
0.025662519654	0.364522417154	26	0	0	0	0	0.0
0.0318499462829	0.364522417154	27	0	0	0	0	0.0
0.03551436692	0.365497076023	28	0	0	0	0	0.0
0.0363361060592	0.366471734893	29	0	0	0	0	0.0
0.0364645468712	0.367446393762	30	0	0	0	0	0.0
0.0386830557265	0.367446393762	31	0	0	0	0	0.0
0.0411279736461	0.368421052632	32	0	0	0	0	0.0
0.0422007332402	0.368421052632	33	0	0	0	0	0.0
0.0440537830769	0.369395711501	34	0	0	0	0	0.0
0.0462851885438	0.37037037037	35	0	0	0	0	0.0
0.0471186394004	0.369395711501	36	0	0	0	0	0.0
0.0477199326837	0.368421052632	37	0	0	0	0	0.0
0.047743165265	0.368421052632	38	0	0	0	0	0.0
0.0489303938558	0.368421052632	39	0	0	0	0	0.0
0.049740959768	0.369395711501	40	0	0	0	0	0.0
0.050401920786	0.368421052632	41	0	0	0	0	0.0
0.051453459397	0.369395711501	42	0	0	0	0	0.0
0.0516558740913	0.37037037037	43	0	0	0	0	0.0
0.0526891803902	0.37134502924	44	0	0	0	0	0.0
0.0534303866473	0.372319688109	45	0	0	0	0	0.0
0.0539988116863	0.372319688109	46	0	0	0	0	0.0
0.0553002230424	0.373294346979	47	0	0	0	0	0.0
0.0555978847525	0.374269005848	48	0	0	0	0	0.0
0.0585396570012	0.375243664717	49	0	0	0	0	0.0
0.0598341172548	0.376218323587	50	0	0	0	0	0.0
0.0616416050039	0.375243664717	51	0	0	0	0	0.0
0.061702132766	0.376218323587	52	0	0	0	0	0.0
0.0636702258088	0.376218323587	53	0	0	0	0	0.0
0.0664205767645	0.377192982456	54	0	0	0	0	0.0
0.0667977910261	0.378167641326	55	0	0	0	0	0.0
0.0676108677026	0.328460038986	55	1	93	0	51	0.481132075472
0.0731619931842	0.328460038986	56	1	93	0	51	0.476635514019
0.0739397353996	0.328460038986	57	1	93	0	51	0.472222222222
0.0739493494034	0.329434697856	58	1	93	0	51	0.467889908257
0.0747748502157	0.330409356725	59	1	93	0	51	0.463636363636
0.0763660396909	0.331384015595	60	1	93	0	51	0.459459459459
0.0791055451825	0.332358674464	61	1	93	0	51	0.455357142857
0.0816072097301	0.333333333333	62	1	93	0	51	0.451327433628
0.0818426636967	0.334307992203	63	1	93	0	51	0.447368421053
0.0818664715265	0.335282651072	64	1	93	0	51	0.44347826087
0.0823796546536	0.336257309942	65	1	93	0	51	0.439655172414
0.0824427829682	0.337231968811	66	1	93	0	51	0.435897435897
0.0852620079881	0.337231968811	67	1	93	0	51	0.432203389831
0.0858902535972	0.33820662768	68	1	93	0	51	0.428571428571
0.0859762296634	0.33918128655	69	1	93	0	51	0.425
0.0879694631548	0.340155945419	70	1	93	0	51	0.421487603306
0.0888835169613	0.33918128655	71	1	93	0	51	0.418032786885
0.0927668777769	0.340155945419	72	1	93	0	51	0.414634146341
0.10465541909	0.340155945419	73	1	93	0	51	0.411290322581
0.105373775738	0.341130604288	74	1	93	0	51	0.408
0.105537879368	0.341130604288	75	1	93	0	51	0.404761904762
0.10674779176	0.342105263158	76	1	93	0	51	0.40157480315
0.107111485207	0.343079922027	77	1	93	0	51	0.3984375
0.107590457792	0.344054580897	78	1	93	0	51	0.395348837209
0.108227916253	0.345029239766	79	1	93	0	51	0.392307692308
0.108377760957	0.346003898635	80	1	93	0	51	0.389312977099
0.108849887648	0.345029239766	81	1	93	0	51	0.386363636364
0.109104512552	0.346003898635	82	1	93	0	51	0.383458646617
0.110741661191	0.346978557505	83	1	93	0	51	0.380597014925
0.115335533629	0.346978557505	84	1	93	0	51	0.377777777778
0.115762849096	0.347953216374	85	1	93	0	51	0.375
0.115782399703	0.348927875244	86	1	93	0	51	0.372262773723
0.116114263746	0.347953216374	87	1	93	0	51	0.369565217391
0.117517776433	0.347953216374	88	1	93	0	51	0.36690647482
0.119127247357	0.346978557505	89	1	93	0	51	0.364285714286
0.125279291129	0.347953216374	90	1	93	0	51	0.36170212766
0.127327464066	0.347953216374	91	1	93	0	51	0.359154929577
0.127698080099	0.348927875244	92	1	93	0	51	0.356643356643
0.130456175957	0.349902534113	93	1	93	0	51	0.354166666667
0.130527871013	0.350877192982	94	1	93	0	51	0.351724137931
0.131839692602	0.351851851852	95	1	93	0	51	0.349315068493
0.134020029868	0.349902534113	95	2	12	0	53	0.358108108108
0.134846715665	0.349902534113	96	2	12	0	53	0.355704697987
0.135518423205	0.348927875244	97	2	12	0	53	0.353333333333
0.135643701698	0.347953216374	98	2	12	0	53	0.350993377483
0.135878314135	0.348927875244	99	2	12	0	53	0.348684210526
0.136027680461	0.349902534113	100	2	12	0	53	0.346405228758
0.137135751255	0.350877192982	101	2	12	0	53	0.344155844156
0.139002393627	0.350877192982	102	2	12	0	53	0.341935483871
0.139501614267	0.350877192982	103	2	12	0	53	0.339743589744
0.139944710616	0.350877192982	104	2	12	0	53	0.337579617834
0.140218782579	0.351851851852	105	2	12	0	53	0.335443037975
0.140764236597	0.352826510721	106	2	12	0	53	0.333333333333
0.143522432005	0.353801169591	107	2	12	0	53	0.33125
0.143800697387	0.35477582846	108	2	12	0	53	0.329192546584
0.145803856102	0.355750487329	109	2	12	0	53	0.327160493827
0.146884266434	0.356725146199	110	2	12	0	53	0.325153374233
0.147062994611	0.357699805068	111	2	12	0	53	0.323170731707
0.147880858338	0.358674463938	112	2	12	0	53	0.321212121212
0.149805304667	0.359649122807	113	2	12	0	53	0.319277108434
0.150554007311	0.360623781676	114	2	12	0	53	0.317365269461
0.1515027424	0.360623781676	115	2	12	0	53	0.315476190476
0.1544482963	0.361598440546	116	2	12	0	53	0.313609467456
0.154703348123	0.362573099415	117	2	12	0	53	0.311764705882
0.156427754032	0.363547758285	118	2	12	0	53	0.309941520468
0.15729428739	0.363547758285	119	2	12	0	53	0.308139534884
0.15952375959	0.364522417154	120	2	12	0	53	0.306358381503
0.160218933087	0.365497076023	121	2	12	0	53	0.304597701149
0.16346017191	0.366471734893	122	2	12	0	53	0.302857142857
0.163746749112	0.367446393762	123	2	12	0	53	0.301136363636
0.165771177841	0.368421052632	124	2	12	0	53	0.299435028249
0.16698448902	0.369395711501	125	2	12	0	53	0.297752808989
0.170419934143	0.37037037037	126	2	12	0	53	0.296089385475
0.173049283563	0.37134502924	127	2	12	0	53	0.294444444444
0.173547064155	0.372319688109	128	2	12	0	53	0.292817679558
0.174954944604	0.373294346979	129	2	12	0	53	0.291208791209
0.179022615591	0.373294346979	130	2	12	0	53	0.289617486339
0.179893161481	0.374269005848	131	2	12	0	53	0.288043478261
0.180086992174	0.375243664717	132	2	12	0	53	0.286486486486
0.180873854949	0.374269005848	133	2	12	0	53	0.284946236559
0.184099256853	0.374269005848	134	2	12	0	53	0.283422459893
0.184128589501	0.375243664717	135	2	12	0	53	0.281914893617
0.185572684127	0.374269005848	136	2	12	0	53	0.280423280423
0.190716776418	0.375243664717	137	2	12	0	53	0.278947368421
0.192037394175	0.376218323587	138	2	12	0	53	0.277486910995
0.194052695014	0.377192982456	139	2	12	0	53	0.276041666667
0.194273769965	0.378167641326	140	2	12	0	53	0.274611398964
0.198403222497	0.379142300195	141	2	12	0	53	0.273195876289
0.201735143552	0.380116959064	142	2	12	0	53	0.271794871795
0.201749722188	0.381091617934	143	2	12	0	53	0.270408163265
0.203283166742	0.382066276803	144	2	12	0	53	0.269035532995
0.203806165575	0.383040935673	145	2	12	0	53	0.267676767677
0.204296968009	0.383040935673	146	2	12	0	53	0.266331658291
0.20855059972	0.384015594542	147	2	12	0	53	0.265
0.209754506422	0.383040935673	148	2	12	0	53	0.26368159204
0.216089613896	0.384015594542	149	2	12	0	53	0.262376237624
0.216644753729	0.384990253411	150	2	12	0	53	0.261083743842
0.219657393544	0.385964912281	151	2	12	0	53	0.259803921569
0.222285725297	0.385964912281	152	2	12	0	53	0.258536585366
0.222903368447	0.38693957115	153	2	12	0	53	0.257281553398
0.225261800528	0.387914230019	154	2	12	0	53	0.256038647343
0.226257387713	0.388888888889	155	2	12	0	53	0.254807692308
0.226461898563	0.388888888889	156	2	12	0	53	0.253588516746
0.227516739514	0.388888888889	157	2	12	0	53	0.252380952381
0.227660787073	0.388888888889	158	2	12	0	53	0.251184834123
0.228108060246	0.389863547758	159	2	12	0	53	0.25
0.231724192224	0.388888888889	160	2	12	0	53	0.24882629108
0.233764705958	0.388888888889	161	2	12	0	53	0.247663551402
0.235558873196	0.364522417154	161	3	45	0	78	0.326359832636
0.236468998077	0.363547758285	162	3	45	0	78	0.325
0.236515888605	0.363547758285	163	3	45	0	78	0.323651452282
0.237304100775	0.362573099415	164	3	45	0	78	0.322314049587
0.243442736893	0.363547758285	165	3	45	0	78	0.320987654321
0.243596359	0.364522417154	166	3	45	0	78	0.319672131148
0.243949313175	0.365497076023	167	3	45	0	78	0.318367346939
0.24451758866	0.366471734893	168	3	45	0	78	0.317073170732
0.244649953876	0.367446393762	169	3	45	0	78	0.315789473684
0.24550581151	0.368421052632	170	3	45	0	78	0.314516129032
0.245834442031	0.369395711501	171	3	45	0	78	0.313253012048
0.247045436082	0.369395711501	172	3	45	0	78	0.312
0.247607494034	0.37037037037	173	3	45	0	78	0.310756972112
0.248370848624	0.369395711501	174	3	45	0	78	0.309523809524
0.25285286066	0.37037037037	175	3	45	0	78	0.308300395257
0.253065023666	0.37037037037	176	3	45	0	78	0.307086614173
0.257857005017	0.37134502924	177	3	45	0	78	0.305882352941
0.259022082374	0.37037037037	178	3	45	0	78	0.3046875
0.261198682368	0.37134502924	179	3	45	0	78	0.303501945525
0.264730586371	0.372319688109	180	3	45	0	78	0.302325581395
0.264783877336	0.373294346979	181	3	45	0	78	0.301158301158
0.265415202973	0.374269005848	182	3	45	0	78	0.3
0.265476359695	0.375243664717	183	3	45	0	78	0.298850574713
0.270354399804	0.376218323587	184	3	45	0	78	0.297709923664
0.27056716345	0.375243664717	185	3	45	0	78	0.296577946768
0.270887467326	0.375243664717	186	3	45	0	78	0.295454545455
0.272371606247	0.376218323587	187	3	45	0	78	0.294339622642
0.272463109766	0.376218323587	188	3	45	0	78	0.293233082707
0.275150014045	0.377192982456	189	3	45	0	78	0.292134831461
0.275586088407	0.377192982456	190	3	45	0	78	0.291044776119
0.276460908747	0.378167641326	191	3	45	0	78	0.289962825279
0.279738707367	0.379142300195	192	3	45	0	78	0.288888888889
0.280908529748	0.379142300195	193	3	45	0	78	0.287822878229
0.28231468156	0.380116959064	194	3	45	0	78	0.286764705882
0.283340806734	0.380116959064	195	3	45	0	78	0.285714285714
0.287690839554	0.381091617934	196	3	45	0	78	0.284671532847
0.288310220189	0.380116959064	197	3	45	0	78	0.283636363636
0.288350671738	0.381091617934	198	3	45	0	78	0.282608695652
0.289526601529	0.382066276803	199	3	45	0	78	0.281588447653
0.29091934241	0.383040935673	200	3	45	0	78	0.280575539568
0.291263436618	0.384015594542	201	3	45	0	78	0.279569892473
0.291340476099	0.384015594542	202	3	45	0	78	0.278571428571
0.291523168602	0.384990253411	203	3	45	0	78	0.277580071174
0.292995049859	0.385964912281	204	3	45	0	78	0.276595744681
0.293526371869	0.384990253411	205	3	45	0	78	0.275618374558
0.293624952887	0.384990253411	206	3	45	0	78	0.274647887324
0.293922878734	0.384990253411	207	3	45	0	78	0.273684210526
0.294431399983	0.385964912281	208	3	45	0	78	0.272727272727
0.294943011515	0.384990253411	209	3	45	0	78	0.271777003484
0.295461085515	0.384990253411	210	3	45	0	78	0.270833333333
0.296073372957	0.385964912281	211	3	45	0	78	0.269896193772
0.299151031375	0.352826510721	211	4	66	0	112	0.346749226006
0.299484680191	0.352826510721	212	4	66	0	112	0.345679012346
0.300638845513	0.351851851852	213	4	66	0	112	0.344615384615
0.303008422214	0.352826510721	214	4	66	0	112	0.343558282209
0.303280385002	0.353801169591	215	4	66	0	112	0.34250764526
0.304853496688	0.35477582846	216	4	66	0	112	0.341463414634
0.305637756805	0.35477582846	217	4	66	0	112	0.340425531915
0.305893995751	0.355750487329	218	4	66	0	112	0.339393939394
0.307479431046	0.356725146199	219	4	66	0	112	0.33836858006
0.308137682812	0.356725146199	220	4	66	0	112	0.33734939759
0.309574938101	0.355750487329	221	4	66	0	112	0.336336336336
0.314014483198	0.356725146199	222	4	66	0	112	0.335329341317
0.314091108864	0.355750487329	223	4	66	0	112	0.334328358209
0.314111231268	0.356725146199	224	4	66	0	112	0.333333333333
0.314819492567	0.357699805068	225	4	66	0	112	0.33234421365
0.315306662736	0.358674463938	226	4	66	0	112	0.331360946746
0.315836354456	0.359649122807	227	4	66	0	112	0.330383480826
0.317282794708	0.360623781676	228	4	66	0	112	0.329411764706
0.320503500977	0.360623781676	229	4	66	0	112	0.328445747801
0.32455399654	0.360623781676	230	4	66	0	112	0.327485380117
0.325809899445	0.361598440546	231	4	66	0	112	0.326530612245
0.326650825156	0.362573099415	232	4	66	0	112	0.325581395349
0.329648666345	0.362573099415	233	4	66	0	112	0.324637681159
0.33033590105	0.362573099415	234	4	66	0	112	0.323699421965
0.330402103002	0.362573099415	235	4	66	0	112	0.322766570605
0.330482115057	0.363547758285	236	4	66	0	112	0.32183908046
0.334213068191	0.361598440546	236	5	3	0	114	0.325714285714
0.337668979812	0.361598440546	237	5	3	0	114	0.324786324786
0.337883882795	0.362573099415	238	5	3	0	114	0.323863636364
0.340431176096	0.363547758285	239	5	3	0	114	0.322946175637
0.342687978397	0.364522417154	240	5	3	0	114	0.322033898305
0.345034660105	0.363547758285	241	5	3	0	114	0.321126760563
0.345313488136	0.363547758285	242	5	3	0	114	0.320224719101
0.345500573731	0.364522417154	243	5	3	0	114	0.319327731092
0.345566110558	0.363547758285	244	5	3	0	114	0.31843575419
0.345957888455	0.364522417154	245	5	3	0	114	0.317548746518
0.347239435026	0.365497076023	246	5	3	0	114	0.316666666667
0.34738743228	0.357699805068	246	6	33	0	122	0.33152173913
0.34831533693	0.358674463938	247	6	33	0	122	0.330623306233
0.350354337679	0.359649122807	248	6	33	0	122	0.32972972973
0.35231217898	0.360623781676	249	6	33	0	122	0.32884097035
0.353611788108	0.359649122807	250	6	33	0	122	0.327956989247
0.354748642405	0.360623781676	251	6	33	0	122	0.327077747989
0.355370213816	0.361598440546	252	6	33	0	122	0.326203208556
0.356151969085	0.362573099415	253	6	33	0	122	0.325333333333
0.357544120258	0.362573099415	254	6	33	0	122	0.324468085106
0.358805475449	0.362573099415	255	6	33	0	122	0.323607427056
0.360219577059	0.363547758285	256	6	33	0	122	0.322751322751
0.360848870693	0.364522417154	257	6	33	0	122	0.321899736148
0.360920994747	0.365497076023	258	6	33	0	122	0.321052631579
0.362097616865	0.366471734893	259	6	33	0	122	0.320209973753
0.36287280537	0.367446393762	260	6	33	0	122	0.319371727749
0.364181824754	0.368421052632	261	6	33	0	122	0.318537859008
0.365286034179	0.369395711501	262	6	33	0	122	0.317708333333
0.365820675111	0.37037037037	263	6	33	0	122	0.316883116883
0.366510278586	0.37134502924	264	6	33	0	122	0.316062176166
0.367420640371	0.372319688109	265	6	33	0	122	0.315245478036
0.368060109828	0.372319688109	266	6	33	0	122	0.314432989691
0.368612757579	0.373294346979	267	6	33	0	122	0.313624678663
0.370657359639	0.373294346979	268	6	33	0	122	0.312820512821
0.371115046157	0.374269005848	269	6	33	0	122	0.312020460358
0.372240391621	0.375243664717	270	6	33	0	122	0.311224489796
0.37270057111	0.376218323587	271	6	33	0	122	0.310432569975
0.372944041701	0.377192982456	272	6	33	0	122	0.309644670051
0.374661517306	0.378167641326	273	6	33	0	122	0.308860759494
0.375221370468	0.377192982456	274	6	33	0	122	0.308080808081
0.375394462902	0.378167641326	275	6	33	0	122	0.307304785894
0.376781104043	0.378167641326	276	6	33	0	122	0.306532663317
0.377428513622	0.378167641326	277	6	33	0	122	0.305764411028
0.377517999327	0.379142300195	278	6	33	0	122	0.305
0.379393793592	0.379142300195	279	6	33	0	122	0.304239401496
0.379423551424	0.380116959064	280	6	33	0	122	0.303482587065
0.380398505112	0.380116959064	281	6	33	0	122	0.302729528536
0.383771466807	0.381091617934	282	6	33	0	122	0.30198019802
0.38391790606	0.376218323587	282	7	15	0	127	0.310513447433
0.384449062229	0.375243664717	283	7	15	0	127	0.309756097561
0.384816197631	0.376218323587	284	7	15	0	127	0.30900243309
0.385803205287	0.377192982456	285	7	15	0	127	0.308252427184
0.38792233308	0.376218323587	286	7	15	0	127	0.307506053269
0.389955503237	0.375243664717	287	7	15	0	127	0.306763285024
0.39240855366	0.373294346979	287	8	6	0	129	0.310096153846
0.395695424898	0.373294346979	288	8	6	0	129	0.309352517986
0.397040772658	0.374269005848	289	8	6	0	129	0.308612440191
0.398436762044	0.375243664717	290	8	6	0	129	0.307875894988
0.401230276976	0.376218323587	291	8	6	0	129	0.307142857143
0.401523012241	0.376218323587	292	8	6	0	129	0.306413301663
0.401720287937	0.377192982456	293	8	6	0	129	0.305687203791
0.404823057377	0.378167641326	294	8	6	0	129	0.304964539007
0.409016848709	0.378167641326	295	8	6	0	129	0.304245283019
0.411104230046	0.378167641326	296	8	6	0	129	0.303529411765
0.411115690951	0.379142300195	297	8	6	0	129	0.302816901408
0.413002309947	0.380116959064	298	8	6	0	129	0.302107728337
0.418042033042	0.381091617934	299	8	6	0	129	0.301401869159
0.419915536117	0.381091617934	300	8	6	0	129	0.300699300699
0.420575514868	0.381091617934	301	8	6	0	129	0.3
0.421233430167	0.381091617934	302	8	6	0	129	0.299303944316
0.421256537639	0.382066276803	303	8	6	0	129	0.298611111111
0.422159366313	0.383040935673	304	8	6	0	129	0.29792147806
0.422487686018	0.383040935673	305	8	6	0	129	0.297235023041
0.424111421728	0.384015594542	306	8	6	0	129	0.296551724138
0.428350892964	0.384015594542	307	8	6	0	129	0.295871559633
0.430321148071	0.384990253411	308	8	6	0	129	0.295194508009
0.430704748195	0.385964912281	309	8	6	0	129	0.294520547945
0.430750381952	0.38693957115	310	8	6	0	129	0.293849658314
0.431884650664	0.385964912281	311	8	6	0	129	0.293181818182
0.432741455158	0.384990253411	312	8	6	0	129	0.292517006803
0.43347478448	0.385964912281	313	8	6	0	129	0.29185520362
0.433650651273	0.38693957115	314	8	6	0	129	0.291196388262
0.43750593688	0.38693957115	315	8	6	0	129	0.290540540541
0.437546254861	0.387914230019	316	8	6	0	129	0.289887640449
0.438779141769	0.388888888889	317	8	6	0	129	0.289237668161
0.43882745773	0.388888888889	318	8	6	0	129	0.288590604027
0.439547140814	0.388888888889	319	8	6	0	129	0.287946428571
0.439562408448	0.388888888889	320	8	6	0	129	0.287305122494
0.440557439313	0.387914230019	321	8	6	0	129	0.286666666667
0.440905673021	0.388888888889	322	8	6	0	129	0.286031042129
0.442783338051	0.389863547758	323	8	6	0	129	0.285398230088
0.444340578621	0.388888888889	324	8	6	0	129	0.284768211921
0.447566258231	0.389863547758	325	8	6	0	129	0.284140969163
0.447732500329	0.390838206628	326	8	6	0	129	0.283516483516
0.448436472046	0.390838206628	327	8	6	0	129	0.282894736842
0.449360457004	0.391812865497	328	8	6	0	129	0.28227571116
0.45135208398	0.392787524366	329	8	6	0	129	0.281659388646
0.451603366904	0.391812865497	330	8	6	0	129	0.281045751634
0.452739262689	0.391812865497	331	8	6	0	129	0.280434782609
0.454089352589	0.391812865497	332	8	6	0	129	0.279826464208
0.454646016249	0.392787524366	333	8	6	0	129	0.279220779221
0.455149943168	0.391812865497	334	8	6	0	129	0.278617710583
0.455522594451	0.391812865497	335	8	6	0	129	0.278017241379
0.456636306821	0.392787524366	336	8	6	0	129	0.277419354839
0.458889509865	0.393762183236	337	8	6	0	129	0.276824034335
0.460719526423	0.393762183236	338	8	6	0	129	0.276231263383
0.461075592647	0.394736842105	339	8	6	0	129	0.275641025641
0.461458238037	0.395711500975	340	8	6	0	129	0.275053304904
0.463893357499	0.396686159844	341	8	6	0	129	0.274468085106
0.465566327618	0.395711500975	342	8	6	0	129	0.273885350318
0.4671681301	0.396686159844	343	8	6	0	129	0.273305084746
0.469116814411	0.397660818713	344	8	6	0	129	0.272727272727
0.469660556257	0.397660818713	345	8	6	0	129	0.272151898734
0.47210386941	0.398635477583	346	8	6	0	129	0.271578947368
0.472685083693	0.399610136452	347	8	6	0	129	0.271008403361
0.475015248835	0.400584795322	348	8	6	0	129	0.270440251572
0.475971988788	0.401559454191	349	8	6	0	129	0.269874476987
0.477015877791	0.40253411306	350	8	6	0	129	0.269311064718
0.477436517946	0.40350877193	351	8	6	0	129	0.26875
0.478345595166	0.40253411306	352	8	6	0	129	0.268191268191
0.481129849931	0.40253411306	353	8	6	0	129	0.267634854772
0.481320804274	0.40350877193	354	8	6	0	129	0.267080745342
0.481578839923	0.404483430799	355	8	6	0	129	0.26652892562
0.48212225941	0.405458089669	356	8	6	0	129	0.265979381443
0.485161035098	0.406432748538	357	8	6	0	129	0.265432098765
0.489540845863	0.407407407407	358	8	6	0	129	0.264887063655
0.490724375601	0.408382066277	359	8	6	0	129	0.264344262295
0.491795718355	0.408382066277	360	8	6	0	129	0.263803680982
0.493732561809	0.409356725146	361	8	6	0	129	0.263265306122
0.493888828232	0.409356725146	362	8	6	0	129	0.262729124236
0.494357914105	0.410331384016	363	8	6	0	129	0.262195121951
0.495519996809	0.409356725146	364	8	6	0	129	0.261663286004
0.496699679951	0.409356725146	365	8	6	0	129	0.261133603239
0.497292540817	0.409356725146	366	8	6	0	129	0.260606060606
0.499018734656	0.410331384016	367	8	6	0	129	0.260080645161
0.499501454463	0.409356725146	368	8	6	0	129	0.259557344064
0.502274370007	0.409356725146	369	8	6	0	129	0.259036144578
0.502736041049	0.410331384016	370	8	6	0	129	0.258517034068
0.502941411255	0.411306042885	371	8	6	0	129	0.258
0.503760626442	0.412280701754	372	8	6	0	129	0.25748502994
0.50643826265	0.413255360624	373	8	6	0	129	0.256972111554
0.506591968267	0.414230019493	374	8	6	0	129	0.256461232604
0.507354148052	0.415204678363	375	8	6	0	129	0.255952380952
0.510575361311	0.415204678363	376	8	6	0	129	0.255445544554
0.511852820283	0.416179337232	377	8	6	0	129	0.254940711462
0.514243073356	0.415204678363	378	8	6	0	129	0.254437869822
0.514333047757	0.416179337232	379	8	6	0	129	0.253937007874
0.515448767804	0.417153996101	380	8	6	0	129	0.253438113949
0.518636108705	0.418128654971	381	8	6	0	129	0.252941176471
0.52084803837	0.418128654971	382	8	6	0	129	0.252446183953
0.521185386625	0.41910331384	383	8	6	0	129	0.251953125
0.52381364747	0.42007797271	384	8	6	0	129	0.251461988304
0.524240667567	0.42007797271	385	8	6	0	129	0.250972762646
0.525516066048	0.42007797271	386	8	6	0	129	0.250485436893
0.526218385662	0.42007797271	387	8	6	0	129	0.25
0.526902106294	0.42007797271	388	8	6	0	129	0.249516441006
0.527061544296	0.41910331384	389	8	6	0	129	0.249034749035
0.527588643518	0.418128654971	390	8	6	0	129	0.248554913295
0.527627897975	0.418128654971	391	8	6	0	129	0.248076923077
