# time 	 divergence 	 # of mutations 	 # IGC chances 	 IGC length 	 # IGC failures 	 Changes due to IGC  	 % change due to IGC 
0.0	0.0327198364008	0	0	0	0	0	0.0
0.00162038357034	0.0347648261759	1	0	0	0	0	0.0
0.00409103421829	0.0347648261759	2	0	0	0	0	0.0
0.0070996355846	0.0368098159509	3	0	0	0	0	0.0
0.00852932123353	0.038854805726	4	0	0	0	0	0.0
0.0103918311332	0.0368098159509	4	1	90	0	1	0.2
0.0105339703392	0.0368098159509	4	2	75	0	1	0.2
0.0129328823013	0.0368098159509	4	3	6	0	1	0.2
0.0130431948796	0.038854805726	5	3	6	0	1	0.166666666667
0.0146299192247	0.040899795501	6	3	6	0	1	0.142857142857
0.0162038421724	0.0184049079755	6	4	72	0	12	0.666666666667
0.018401637429	0.0204498977505	7	4	72	0	12	0.631578947368
0.0189459164367	0.0224948875256	8	4	72	0	12	0.6
0.0209927821412	0.0245398773006	9	4	72	0	12	0.571428571429
0.0216814053331	0.0204498977505	9	5	21	0	14	0.608695652174
0.025284450088	0.0184049079755	9	6	57	0	15	0.625
0.0257916891147	0.0204498977505	10	6	57	0	15	0.6
0.0301940317264	0.0224948875256	11	6	57	0	15	0.576923076923
0.0306948974407	0.0102249488753	11	7	114	0	21	0.65625
0.0331024130196	0.0122699386503	12	7	114	0	21	0.636363636364
0.0381813904604	0.0143149284254	13	7	114	0	21	0.617647058824
0.0408588025788	0.0163599182004	14	7	114	0	21	0.6
0.0433574027095	0.0163599182004	14	8	81	0	21	0.6
0.043749523353	0.0184049079755	15	8	81	0	21	0.583333333333
0.0471227406505	0.0184049079755	15	9	3	0	21	0.583333333333
0.0477806621317	0.0184049079755	15	10	42	0	21	0.583333333333
0.0480718649635	0.0204498977505	16	10	42	0	21	0.567567567568
0.0483177148452	0.0224948875256	17	10	42	0	21	0.552631578947
0.0497780479641	0.0245398773006	18	10	42	0	21	0.538461538462
0.0537424961469	0.0265848670757	19	10	42	0	21	0.525
0.0547680883128	0.0286298568507	20	10	42	0	21	0.512195121951
0.0583531152403	0.0306748466258	21	10	42	0	21	0.5
0.0590745365104	0.0327198364008	22	10	42	0	21	0.488372093023
0.0633040016449	0.0347648261759	23	10	42	0	21	0.477272727273
0.0633595770155	0.0347648261759	24	10	42	0	21	0.466666666667
0.0640018232938	0.0122699386503	24	11	369	0	32	0.571428571429
0.0644603563487	0.0143149284254	25	11	369	0	32	0.561403508772
0.0651292457826	0.0163599182004	26	11	369	0	32	0.551724137931
0.0673277646946	0.0184049079755	27	11	369	0	32	0.542372881356
0.0678125052414	0.00204498977505	27	12	297	0	40	0.597014925373
0.06952409212	0.00204498977505	27	13	147	0	40	0.597014925373
0.0724466444801	0.0040899795501	28	13	147	0	40	0.588235294118
0.0728200526786	0.00613496932515	29	13	147	0	40	0.579710144928
0.0750401090184	0.00613496932515	29	14	9	0	40	0.579710144928
0.0758848019971	0.0081799591002	30	14	9	0	40	0.571428571429
0.0772488932422	0.0081799591002	30	15	45	0	40	0.571428571429
0.0871782933379	0.0081799591002	30	16	66	0	40	0.571428571429
0.0890769316015	0.0102249488753	31	16	66	0	40	0.56338028169
0.0899223508645	0.0122699386503	32	16	66	0	40	0.555555555556
0.092813779438	0.0143149284254	33	16	66	0	40	0.547945205479
0.0957225832378	0.0143149284254	33	17	57	0	40	0.547945205479
0.100553914982	0.0163599182004	34	17	57	0	40	0.540540540541
0.101666628231	0.0184049079755	35	17	57	0	40	0.533333333333
0.102906575711	0.0184049079755	35	18	9	0	40	0.533333333333
0.10379159468	0.0204498977505	36	18	9	0	40	0.526315789474
0.108250294695	0.0224948875256	37	18	9	0	40	0.519480519481
0.109854401623	0.0224948875256	37	19	3	0	40	0.519480519481
0.113300764041	0.0245398773006	38	19	3	0	40	0.512820512821
0.11379464433	0.0265848670757	39	19	3	0	40	0.506329113924
0.118947938644	0.0286298568507	40	19	3	0	40	0.5
0.119022742239	0.0306748466258	41	19	3	0	40	0.493827160494
0.119333073515	0.0327198364008	42	19	3	0	40	0.487804878049
0.121031273326	0.0347648261759	43	19	3	0	40	0.481927710843
0.121226839491	0.0368098159509	44	19	3	0	40	0.47619047619
0.123474075106	0.038854805726	45	19	3	0	40	0.470588235294
0.124105315702	0.040899795501	46	19	3	0	40	0.46511627907
0.124399348948	0.0429447852761	47	19	3	0	40	0.459770114943
0.125840645643	0.0449897750511	48	19	3	0	40	0.454545454545
0.132382396121	0.038854805726	48	20	57	0	43	0.472527472527
0.13473834392	0.040899795501	49	20	57	0	43	0.467391304348
0.134926688247	0.0429447852761	50	20	57	0	43	0.462365591398
0.135180327493	0.038854805726	50	21	102	0	45	0.473684210526
0.139548015051	0.040899795501	51	21	102	0	45	0.46875
0.141810745266	0.0429447852761	52	21	102	0	45	0.463917525773
0.142025218638	0.0449897750511	53	21	102	0	45	0.459183673469
0.142433631495	0.0470347648262	54	21	102	0	45	0.454545454545
0.143119347781	0.0490797546012	55	21	102	0	45	0.45
0.145906747846	0.0511247443763	56	21	102	0	45	0.445544554455
0.147340763478	0.0531697341513	57	21	102	0	45	0.441176470588
0.14796121877	0.0531697341513	57	22	30	0	45	0.441176470588
0.153105534228	0.0552147239264	58	22	30	0	45	0.436893203883
0.159704391415	0.0552147239264	58	23	18	0	45	0.436893203883
0.163131142154	0.0490797546012	58	24	60	0	48	0.452830188679
0.164503548237	0.0511247443763	59	24	60	0	48	0.448598130841
0.167595372136	0.0531697341513	60	24	60	0	48	0.444444444444
0.168182719282	0.0552147239264	61	24	60	0	48	0.440366972477
0.169391581883	0.040899795501	61	25	72	0	55	0.474137931034
0.16996414169	0.0429447852761	62	25	72	0	55	0.470085470085
