# time 	 divergence 	 # of mutations 	 # IGC chances 	 IGC length 	 # IGC failures 	 Changes due to IGC  	 % change due to IGC 
0.0	0.372319688109	0	0	0	0	0	0.0
0.000365208229314	0.373294346979	1	0	0	0	0	0.0
0.000922196195137	0.374269005848	2	0	0	0	0	0.0
0.00198000559347	0.375243664717	3	0	0	0	0	0.0
0.00227745309791	0.376218323587	4	0	0	0	0	0.0
0.00273166196653	0.376218323587	5	0	0	0	0	0.0
0.011194462671	0.377192982456	6	0	0	0	0	0.0
0.0123550013667	0.376218323587	7	0	0	0	0	0.0
0.0138084266867	0.377192982456	8	0	0	0	0	0.0
0.0140533918289	0.378167641326	9	0	0	0	0	0.0
0.0166321388011	0.379142300195	10	0	0	0	0	0.0
0.0175573727312	0.380116959064	11	0	0	0	0	0.0
0.0180608752785	0.379142300195	12	0	0	0	0	0.0
0.02039035943	0.380116959064	13	0	0	0	0	0.0
0.0216569911475	0.381091617934	14	0	0	0	0	0.0
0.0227843931545	0.382066276803	15	0	0	0	0	0.0
0.0240272200022	0.383040935673	16	0	0	0	0	0.0
0.0268474482861	0.384015594542	17	0	0	0	0	0.0
0.0270699475116	0.384990253411	18	0	0	0	0	0.0
0.0276143771663	0.385964912281	19	0	0	0	0	0.0
0.0328102072212	0.38693957115	20	0	0	0	0	0.0
