# time 	 divergence 	 # of mutations 	 # IGC chances 	 IGC length 	 # IGC failures 	 Changes due to IGC  	 % change due to IGC 
0.0	0.447368421053	0	0	0	0	0	0.0
0.00135806394368	0.447368421053	1	0	0	0	0	0.0
0.00291904726294	0.448343079922	2	0	0	0	0	0.0
0.00393791106953	0.449317738791	3	0	0	0	0	0.0
0.00422106880821	0.450292397661	4	0	0	0	0	0.0
0.00687141109935	0.45126705653	5	0	0	0	0	0.0
0.00689055581651	0.45126705653	6	0	0	0	0	0.0
0.00773810164842	0.4522417154	7	0	0	0	0	0.0
0.00821070152091	0.4522417154	8	0	0	0	0	0.0
0.0104315768191	0.4522417154	9	0	0	0	0	0.0
0.0166516339332	0.453216374269	10	0	0	0	0	0.0
0.0193063210478	0.454191033138	11	0	0	0	0	0.0
0.0197578000142	0.455165692008	12	0	0	0	0	0.0
0.0199184092078	0.456140350877	13	0	0	0	0	0.0
0.0209013846453	0.455165692008	14	0	0	0	0	0.0
0.0239798121049	0.454191033138	15	0	0	0	0	0.0
0.0251035635917	0.455165692008	16	0	0	0	0	0.0
0.0251156960344	0.456140350877	17	0	0	0	0	0.0
0.0296211906647	0.457115009747	18	0	0	0	0	0.0
0.029823644322	0.456140350877	19	0	0	0	0	0.0
0.0306998740465	0.455165692008	20	0	0	0	0	0.0
0.0317800232115	0.455165692008	21	0	0	0	0	0.0
0.0320838219062	0.456140350877	22	0	0	0	0	0.0
0.0320954368839	0.376218323587	22	1	168	0	82	0.788461538462
0.0322938843134	0.377192982456	23	1	168	0	82	0.780952380952
0.033177133537	0.378167641326	24	1	168	0	82	0.77358490566
0.0334448071373	0.379142300195	25	1	168	0	82	0.766355140187
0.0339052932264	0.380116959064	26	1	168	0	82	0.759259259259
0.0370363129611	0.380116959064	27	1	168	0	82	0.752293577982
0.0379558733497	0.381091617934	28	1	168	0	82	0.745454545455
0.0381974389507	0.382066276803	29	1	168	0	82	0.738738738739
0.039761008888	0.382066276803	30	1	168	0	82	0.732142857143
0.0413252767376	0.383040935673	31	1	168	0	82	0.725663716814
0.0420250266394	0.384015594542	32	1	168	0	82	0.719298245614
0.0421379472186	0.384015594542	33	1	168	0	82	0.713043478261
0.0461886458724	0.384990253411	34	1	168	0	82	0.706896551724
0.0464428473298	0.385964912281	35	1	168	0	82	0.700854700855
0.0466855777713	0.385964912281	36	1	168	0	82	0.694915254237
0.0515728215686	0.384990253411	37	1	168	0	82	0.689075630252
0.0538959240408	0.384990253411	38	1	168	0	82	0.683333333333
0.0557974232325	0.384015594542	39	1	168	0	82	0.677685950413
0.0576405030573	0.384990253411	40	1	168	0	82	0.672131147541
0.0601110122056	0.384015594542	41	1	168	0	82	0.666666666667
0.0607131918831	0.384990253411	42	1	168	0	82	0.661290322581
0.062288293692	0.385964912281	43	1	168	0	82	0.656
0.0628247706789	0.385964912281	44	1	168	0	82	0.650793650794
0.0635411738593	0.385964912281	45	1	168	0	82	0.645669291339
0.0660564721938	0.385964912281	46	1	168	0	82	0.640625
0.0660745839281	0.385964912281	47	1	168	0	82	0.635658914729
0.0675721135556	0.385964912281	48	1	168	0	82	0.630769230769
0.0676604024015	0.385964912281	49	1	168	0	82	0.625954198473
0.0696902781276	0.38693957115	50	1	168	0	82	0.621212121212
0.0722408108178	0.385964912281	51	1	168	0	82	0.616541353383
0.0725984469506	0.384990253411	52	1	168	0	82	0.611940298507
0.0726781751328	0.384990253411	53	1	168	0	82	0.607407407407
0.0729797855858	0.385964912281	54	1	168	0	82	0.602941176471
0.0731627974171	0.384015594542	54	2	6	0	84	0.608695652174
0.0733359065547	0.384990253411	55	2	6	0	84	0.604316546763
0.0739466169921	0.385964912281	56	2	6	0	84	0.6
0.0773070591658	0.385964912281	57	2	6	0	84	0.595744680851
0.0800113851749	0.385964912281	58	2	6	0	84	0.591549295775
0.0804550149752	0.38693957115	59	2	6	0	84	0.587412587413
0.0830561816092	0.382066276803	59	3	24	0	89	0.601351351351
0.0838761227293	0.383040935673	60	3	24	0	89	0.597315436242
0.0839354566037	0.384015594542	61	3	24	0	89	0.593333333333
0.084689547419	0.384990253411	62	3	24	0	89	0.58940397351
0.0886087607108	0.385964912281	63	3	24	0	89	0.585526315789
0.089322432727	0.38693957115	64	3	24	0	89	0.581699346405
0.0894642831036	0.38693957115	65	3	24	0	89	0.577922077922
0.0897454108163	0.38693957115	66	3	24	0	89	0.574193548387
0.0900905634783	0.387914230019	67	3	24	0	89	0.570512820513
