# time 	 divergence 	 # of mutations 	 # IGC chances 	 IGC length 	 # IGC failures 	 Changes due to IGC  	 % change due to IGC 
0.0	0.183870967742	0	0	0	0	0	0.0
0.000739807549587	0.183870967742	0	1	3	0	0	0.0
0.000895089032866	0.184946236559	1	1	3	0	0	0.0
0.00102090053215	0.183870967742	1	2	3	0	1	0.5
0.00108882333574	0.184946236559	2	2	3	0	1	0.333333333333
0.0032811599991	0.182795698925	2	3	3	0	3	0.6
0.00356546312614	0.183870967742	3	3	3	0	3	0.5
0.00387667057786	0.183870967742	3	4	3	0	3	0.5
0.0038827042706	0.184946236559	4	4	3	0	3	0.428571428571
0.00395226278003	0.186021505376	5	4	3	0	3	0.375
0.00398708193751	0.187096774194	6	4	3	0	3	0.333333333333
0.00593919888796	0.188172043011	7	4	3	0	3	0.3
0.00704340756337	0.187096774194	7	5	3	0	4	0.363636363636
0.00818733352077	0.188172043011	8	5	3	0	4	0.333333333333
0.00958305166521	0.186021505376	8	6	3	0	6	0.428571428571
0.0108223076001	0.187096774194	9	6	3	0	6	0.4
0.0108266432096	0.188172043011	10	6	3	0	6	0.375
0.0108315130827	0.188172043011	11	6	3	0	6	0.352941176471
0.0115441256438	0.187096774194	11	7	3	0	7	0.388888888889
0.0117051831583	0.188172043011	12	7	3	0	7	0.368421052632
0.0133654715642	0.187096774194	13	7	3	0	7	0.35
0.0137628883803	0.187096774194	13	8	3	0	7	0.35
0.0167199191667	0.186021505376	13	9	3	0	8	0.380952380952
0.0168875244102	0.187096774194	14	9	3	0	8	0.363636363636
0.017157809806	0.188172043011	15	9	3	0	8	0.347826086957
0.0174629186391	0.188172043011	16	9	3	0	8	0.333333333333
0.0185577136548	0.188172043011	17	9	3	0	8	0.32
0.0190515047251	0.189247311828	18	9	3	0	8	0.307692307692
0.0190722666191	0.190322580645	19	9	3	0	8	0.296296296296
0.0197773296785	0.191397849462	20	9	3	0	8	0.285714285714
0.0200966501134	0.190322580645	20	10	3	0	9	0.310344827586
0.0211566589578	0.190322580645	21	10	3	0	9	0.3
0.0211623965466	0.191397849462	22	10	3	0	9	0.290322580645
0.0215506809871	0.190322580645	23	10	3	0	9	0.28125
0.0218914987273	0.191397849462	24	10	3	0	9	0.272727272727
0.0223764131342	0.19247311828	25	10	3	0	9	0.264705882353
0.0231546477867	0.193548387097	26	10	3	0	9	0.257142857143
0.0231585333704	0.194623655914	27	10	3	0	9	0.25
0.0232648428669	0.194623655914	28	10	3	0	9	0.243243243243
0.023793242609	0.195698924731	29	10	3	0	9	0.236842105263
0.025084446486	0.195698924731	29	11	3	0	9	0.236842105263
0.0256336843592	0.196774193548	30	11	3	0	9	0.230769230769
0.0263151308393	0.196774193548	30	12	3	0	9	0.230769230769
0.0280486837586	0.194623655914	30	13	3	0	11	0.268292682927
0.0287294843548	0.194623655914	30	14	3	0	11	0.268292682927
0.0296324314308	0.193548387097	30	15	3	0	12	0.285714285714
0.0298683104041	0.191397849462	30	16	3	0	14	0.318181818182
0.0300474125699	0.190322580645	30	17	3	0	15	0.333333333333
0.0328848665454	0.189247311828	30	18	3	0	16	0.347826086957
0.0331503928055	0.190322580645	31	18	3	0	16	0.340425531915
0.0331830472751	0.189247311828	31	19	3	0	17	0.354166666667
0.0336873410092	0.188172043011	31	20	3	0	18	0.367346938776
0.0340011760293	0.189247311828	32	20	3	0	18	0.36
0.0345661123159	0.188172043011	32	21	3	0	19	0.372549019608
0.0359713799774	0.188172043011	32	22	3	0	19	0.372549019608
0.0378838537604	0.189247311828	33	22	3	0	19	0.365384615385
0.039119552878	0.190322580645	34	22	3	0	19	0.358490566038
0.0407473455279	0.189247311828	35	22	3	0	19	0.351851851852
0.0416079319897	0.190322580645	36	22	3	0	19	0.345454545455
0.0418354817441	0.191397849462	37	22	3	0	19	0.339285714286
0.0419134514735	0.191397849462	37	23	3	0	19	0.339285714286
0.0423020437284	0.191397849462	37	24	3	0	19	0.339285714286
0.0446422626447	0.19247311828	38	24	3	0	19	0.333333333333
0.0447240824569	0.19247311828	38	25	3	0	19	0.333333333333
0.0452186681107	0.19247311828	38	26	3	0	19	0.333333333333
0.0456300193714	0.193548387097	39	26	3	0	19	0.327586206897
0.0477461199955	0.193548387097	39	27	3	0	19	0.327586206897
0.0490349039743	0.191397849462	39	28	3	0	21	0.35
0.0499097062217	0.190322580645	39	29	3	0	22	0.360655737705
0.0503295825629	0.190322580645	39	30	3	0	22	0.360655737705
0.0504202960126	0.189247311828	39	31	3	0	23	0.370967741935
0.0519679523398	0.189247311828	40	31	3	0	23	0.365079365079
0.0520217368628	0.189247311828	40	32	3	0	23	0.365079365079
0.0520931246472	0.186021505376	40	33	3	0	26	0.393939393939
0.0525325832196	0.187096774194	41	33	3	0	26	0.388059701493
0.0525814473803	0.187096774194	41	34	3	0	26	0.388059701493
0.0533684207538	0.187096774194	41	35	3	0	26	0.388059701493
0.0536368886197	0.187096774194	41	36	3	0	26	0.388059701493
0.0538902093053	0.187096774194	41	37	3	0	26	0.388059701493
0.0554336743727	0.187096774194	41	38	3	0	26	0.388059701493
0.0561423952627	0.187096774194	41	39	3	0	26	0.388059701493
0.0564608011449	0.188172043011	42	39	3	0	26	0.382352941176
0.0570965664055	0.187096774194	42	40	3	0	27	0.391304347826
0.0574486942222	0.187096774194	43	40	3	0	27	0.385714285714
0.0577747708856	0.187096774194	43	41	3	0	27	0.385714285714
0.0579397391492	0.188172043011	44	41	3	0	27	0.380281690141
0.0592387952169	0.188172043011	45	41	3	0	27	0.375
0.0604885591433	0.189247311828	46	41	3	0	27	0.369863013699
0.060828296478	0.190322580645	47	41	3	0	27	0.364864864865
0.0610350078947	0.189247311828	47	42	3	0	28	0.373333333333
0.0613674856391	0.189247311828	47	43	3	0	28	0.373333333333
0.0623305093082	0.189247311828	48	43	3	0	28	0.368421052632
0.0631563689135	0.189247311828	48	44	3	0	28	0.368421052632
0.063183913322	0.188172043011	48	45	3	0	29	0.376623376623
0.0639659824699	0.189247311828	49	45	3	0	29	0.371794871795
0.0665079305555	0.189247311828	49	46	3	0	29	0.371794871795
0.0670909376753	0.190322580645	50	46	3	0	29	0.367088607595
0.0676107604829	0.189247311828	50	47	3	0	30	0.375
0.0680230567156	0.190322580645	51	47	3	0	30	0.37037037037
0.0705140737548	0.189247311828	52	47	3	0	30	0.365853658537
0.0717242296386	0.190322580645	53	47	3	0	30	0.361445783133
0.0737304595831	0.190322580645	54	47	3	0	30	0.357142857143
0.0753765904947	0.191397849462	55	47	3	0	30	0.352941176471
0.0754232930064	0.191397849462	55	48	3	0	30	0.352941176471
0.0760443115271	0.190322580645	55	49	3	0	31	0.360465116279
0.0764406286204	0.191397849462	56	49	3	0	31	0.35632183908
0.0766191600277	0.19247311828	57	49	3	0	31	0.352272727273
0.0766586408856	0.193548387097	58	49	3	0	31	0.348314606742
0.0768508121177	0.19247311828	58	50	3	0	32	0.355555555556
0.077100394115	0.19247311828	58	51	3	0	32	0.355555555556
0.0797469263585	0.191397849462	58	52	3	0	33	0.362637362637
0.0809002191652	0.191397849462	58	53	3	0	33	0.362637362637
0.0814473154763	0.191397849462	59	53	3	0	33	0.358695652174
0.0829353476754	0.19247311828	60	53	3	0	33	0.354838709677
0.0831496338043	0.193548387097	61	53	3	0	33	0.351063829787
0.0846915174711	0.193548387097	61	54	3	0	33	0.351063829787
0.0848242368836	0.194623655914	62	54	3	0	33	0.347368421053
0.0850243602519	0.195698924731	63	54	3	0	33	0.34375
0.0851678833764	0.196774193548	64	54	3	0	33	0.340206185567
0.086033904727	0.196774193548	65	54	3	0	33	0.336734693878
0.0869881744783	0.195698924731	66	54	3	0	33	0.333333333333
0.0870160464255	0.194623655914	66	55	3	0	34	0.34
0.088948962154	0.195698924731	67	55	3	0	34	0.336633663366
0.08899271225	0.193548387097	67	56	3	0	36	0.349514563107
0.089063424936	0.193548387097	67	57	3	0	36	0.349514563107
0.0890991844522	0.19247311828	67	58	3	0	37	0.355769230769
0.0899046164805	0.193548387097	68	58	3	0	37	0.352380952381
0.0902543565686	0.194623655914	69	58	3	0	37	0.349056603774
0.0905562976566	0.195698924731	70	58	3	0	37	0.345794392523
0.0945578218974	0.194623655914	70	59	3	0	38	0.351851851852
0.095130936499	0.19247311828	70	60	3	0	40	0.363636363636
0.0952813357575	0.193548387097	71	60	3	0	40	0.36036036036
0.0966914238518	0.19247311828	71	61	3	0	41	0.366071428571
0.0970423624534	0.193548387097	72	61	3	0	41	0.362831858407
0.0980308196845	0.194623655914	73	61	3	0	41	0.359649122807
0.0987210557221	0.194623655914	73	62	3	0	41	0.359649122807
0.098851615354	0.194623655914	73	63	3	0	41	0.359649122807
0.0991157424593	0.195698924731	74	63	3	0	41	0.35652173913
0.100048210709	0.195698924731	74	64	3	0	41	0.35652173913
0.101445054955	0.196774193548	75	64	3	0	41	0.353448275862
0.101563526446	0.197849462366	76	64	3	0	41	0.350427350427
0.102462834465	0.198924731183	77	64	3	0	41	0.347457627119
0.103441874551	0.198924731183	78	64	3	0	41	0.344537815126
0.103932645777	0.197849462366	79	64	3	0	41	0.341666666667
0.104017403243	0.197849462366	79	65	3	0	41	0.341666666667
0.104610832349	0.198924731183	80	65	3	0	41	0.338842975207
0.106427402	0.197849462366	80	66	3	0	42	0.344262295082
0.106858092208	0.198924731183	81	66	3	0	42	0.341463414634
0.107286305788	0.2	82	66	3	0	42	0.338709677419
0.107976879596	0.2	82	67	3	0	42	0.338709677419
0.108793694077	0.201075268817	83	67	3	0	42	0.336
0.110875921718	0.202150537634	84	67	3	0	42	0.333333333333
0.111344172065	0.203225806452	85	67	3	0	42	0.330708661417
0.111768328613	0.204301075269	86	67	3	0	42	0.328125
0.112369390523	0.203225806452	86	68	3	0	43	0.333333333333
0.112800320134	0.202150537634	86	69	3	0	44	0.338461538462
0.112907998786	0.202150537634	86	70	3	0	44	0.338461538462
0.114417611466	0.202150537634	86	71	3	0	44	0.338461538462
0.116113383944	0.203225806452	87	71	3	0	44	0.335877862595
0.11621944257	0.204301075269	88	71	3	0	44	0.333333333333
0.116316633403	0.205376344086	89	71	3	0	44	0.330827067669
0.117461208993	0.206451612903	90	71	3	0	44	0.328358208955
0.117537349038	0.20752688172	91	71	3	0	44	0.325925925926
0.119059393767	0.206451612903	91	72	3	0	45	0.330882352941
0.120425997786	0.205376344086	92	72	3	0	45	0.328467153285
0.120457581458	0.205376344086	93	72	3	0	45	0.326086956522
0.120583858052	0.205376344086	94	72	3	0	45	0.323741007194
0.120594649547	0.206451612903	95	72	3	0	45	0.321428571429
0.122846381822	0.20752688172	96	72	3	0	45	0.31914893617
0.123675451284	0.20752688172	97	72	3	0	45	0.316901408451
0.123969192573	0.20752688172	97	73	3	0	45	0.316901408451
0.128277719603	0.208602150538	98	73	3	0	45	0.314685314685
0.129226659081	0.209677419355	99	73	3	0	45	0.3125
0.129484019771	0.20752688172	99	74	3	0	47	0.321917808219
0.129626909532	0.206451612903	99	75	3	0	48	0.326530612245
0.129690006466	0.206451612903	99	76	3	0	48	0.326530612245
0.131521254991	0.205376344086	99	77	3	0	49	0.331081081081
0.132296004875	0.206451612903	100	77	3	0	49	0.328859060403
0.132495768705	0.206451612903	100	78	3	0	49	0.328859060403
0.13278376313	0.204301075269	100	79	3	0	51	0.337748344371
0.135217273871	0.204301075269	100	80	3	0	51	0.337748344371
0.135465283082	0.204301075269	100	81	3	0	51	0.337748344371
0.135489882475	0.203225806452	100	82	3	0	52	0.342105263158
0.136321152191	0.203225806452	100	83	3	0	52	0.342105263158
0.136765552262	0.203225806452	100	84	3	0	52	0.342105263158
0.137596451957	0.203225806452	101	84	3	0	52	0.339869281046
0.137901945804	0.202150537634	101	85	3	0	53	0.344155844156
0.13809339087	0.202150537634	102	85	3	0	53	0.341935483871
0.139240218313	0.203225806452	103	85	3	0	53	0.339743589744
0.141854168361	0.203225806452	103	86	3	0	53	0.339743589744
0.142445792993	0.204301075269	104	86	3	0	53	0.337579617834
0.142570581623	0.204301075269	104	87	3	0	53	0.337579617834
0.143332055848	0.205376344086	105	87	3	0	53	0.335443037975
0.143699336764	0.205376344086	105	88	3	0	53	0.335443037975
0.144413954664	0.204301075269	105	89	3	0	54	0.339622641509
0.145397694455	0.203225806452	105	90	3	0	55	0.34375
0.145404189308	0.202150537634	106	90	3	0	55	0.341614906832
0.145491716717	0.2	106	91	3	0	57	0.349693251534
0.146217458216	0.197849462366	106	92	3	0	59	0.357575757576
0.147415248238	0.197849462366	106	93	3	0	59	0.357575757576
0.147436706133	0.197849462366	106	94	3	0	59	0.357575757576
0.147532448915	0.197849462366	106	95	3	0	59	0.357575757576
0.148113917044	0.198924731183	107	95	3	0	59	0.355421686747
0.149010020914	0.197849462366	107	96	3	0	60	0.359281437126
0.149883433131	0.198924731183	108	96	3	0	60	0.357142857143
0.149994704453	0.198924731183	108	97	3	0	60	0.357142857143
0.152138366069	0.2	109	97	3	0	60	0.355029585799
0.154750145993	0.201075268817	110	97	3	0	60	0.352941176471
0.155311339078	0.202150537634	111	97	3	0	60	0.350877192982
0.156445700524	0.203225806452	112	97	3	0	60	0.348837209302
0.157623810951	0.203225806452	112	98	3	0	60	0.348837209302
0.15817205151	0.204301075269	113	98	3	0	60	0.346820809249
0.1596234614	0.204301075269	113	99	3	0	60	0.346820809249
0.160797984243	0.204301075269	113	100	3	0	60	0.346820809249
0.161155074244	0.205376344086	114	100	3	0	60	0.344827586207
0.162408842889	0.205376344086	114	101	3	0	60	0.344827586207
0.164631375483	0.206451612903	115	101	3	0	60	0.342857142857
0.164671243628	0.205376344086	115	102	3	0	61	0.346590909091
0.164760726235	0.205376344086	115	103	3	0	61	0.346590909091
0.164777261462	0.205376344086	116	103	3	0	61	0.344632768362
0.165549934532	0.205376344086	116	104	3	0	61	0.344632768362
0.166633427694	0.206451612903	117	104	3	0	61	0.342696629213
0.16687698098	0.205376344086	117	105	3	0	62	0.346368715084
0.168105300861	0.206451612903	118	105	3	0	62	0.344444444444
0.16853106898	0.206451612903	118	106	3	0	62	0.344444444444
0.168655174492	0.205376344086	118	107	3	0	63	0.348066298343
0.168876424944	0.206451612903	119	107	3	0	63	0.346153846154
0.169346879643	0.205376344086	120	107	3	0	63	0.344262295082
0.171503991755	0.204301075269	121	107	3	0	63	0.342391304348
0.171800784052	0.205376344086	122	107	3	0	63	0.340540540541
0.172869120564	0.205376344086	122	108	3	0	63	0.340540540541
0.173068513273	0.205376344086	122	109	3	0	63	0.340540540541
0.174806495238	0.204301075269	122	110	3	0	64	0.344086021505
0.175895515141	0.205376344086	123	110	3	0	64	0.342245989305
0.176695313153	0.205376344086	123	111	3	0	64	0.342245989305
0.177098546871	0.204301075269	123	112	3	0	65	0.345744680851
0.177868314782	0.204301075269	123	113	3	0	65	0.345744680851
0.178244499672	0.204301075269	123	114	3	0	65	0.345744680851
0.17886729709	0.203225806452	123	115	3	0	66	0.349206349206
0.178892949138	0.204301075269	124	115	3	0	66	0.347368421053
0.178969263236	0.205376344086	125	115	3	0	66	0.34554973822
0.179255836307	0.203225806452	125	116	3	0	68	0.352331606218
0.180338983143	0.204301075269	126	116	3	0	68	0.350515463918
0.181315613314	0.205376344086	127	116	3	0	68	0.348717948718
0.181432133981	0.205376344086	127	117	3	0	68	0.348717948718
0.181591180801	0.204301075269	128	117	3	0	68	0.34693877551
0.182057093447	0.204301075269	128	118	3	0	68	0.34693877551
0.18287199962	0.204301075269	128	119	3	0	68	0.34693877551
0.183544661306	0.203225806452	129	119	3	0	68	0.345177664975
0.18382295018	0.203225806452	129	120	3	0	68	0.345177664975
0.184510805481	0.203225806452	129	121	3	0	68	0.345177664975
0.186493351607	0.202150537634	130	121	3	0	68	0.343434343434
0.188549874961	0.201075268817	130	122	3	0	69	0.346733668342
0.18940590798	0.201075268817	130	123	3	0	69	0.346733668342
0.189666688805	0.198924731183	130	124	3	0	71	0.353233830846
0.190345542763	0.198924731183	130	125	3	0	71	0.353233830846
0.192356534828	0.196774193548	130	126	3	0	73	0.35960591133
0.19364497623	0.196774193548	130	127	3	0	73	0.35960591133
0.194148541205	0.196774193548	130	128	3	0	73	0.35960591133
0.194480287221	0.196774193548	131	128	3	0	73	0.357843137255
0.195371203017	0.196774193548	131	129	3	0	73	0.357843137255
0.196362259777	0.197849462366	132	129	3	0	73	0.356097560976
0.198351342034	0.197849462366	132	130	3	0	73	0.356097560976
0.199470805776	0.197849462366	132	131	3	0	73	0.356097560976
0.199999391737	0.198924731183	133	131	3	0	73	0.354368932039
0.201331081224	0.198924731183	133	132	3	0	73	0.354368932039
0.201637378357	0.198924731183	133	133	3	0	73	0.354368932039
0.2022499661	0.197849462366	133	134	3	0	74	0.357487922705
0.202259463286	0.197849462366	133	135	3	0	74	0.357487922705
0.202510563484	0.197849462366	133	136	3	0	74	0.357487922705
0.202594387891	0.196774193548	133	137	3	0	75	0.360576923077
0.203658623196	0.197849462366	134	137	3	0	75	0.358851674641
0.20398696033	0.198924731183	135	137	3	0	75	0.357142857143
0.204089367058	0.198924731183	135	138	3	0	75	0.357142857143
0.205403306646	0.198924731183	135	139	3	0	75	0.357142857143
0.207446740435	0.196774193548	135	140	3	0	77	0.36320754717
0.207881447753	0.195698924731	136	140	3	0	77	0.361502347418
0.208400237335	0.196774193548	137	140	3	0	77	0.359813084112
0.20841218199	0.196774193548	137	141	3	0	77	0.359813084112
0.209888492155	0.197849462366	138	141	3	0	77	0.358139534884
0.210913984502	0.197849462366	138	142	3	0	77	0.358139534884
0.211164529835	0.197849462366	138	143	3	0	77	0.358139534884
0.211399862503	0.196774193548	138	144	3	0	78	0.361111111111
0.211916456635	0.196774193548	138	145	3	0	78	0.361111111111
0.212702628336	0.194623655914	138	146	3	0	80	0.366972477064
0.214051549428	0.195698924731	139	146	3	0	80	0.365296803653
0.214366519295	0.195698924731	139	147	3	0	80	0.365296803653
0.215134136876	0.194623655914	139	148	3	0	81	0.368181818182
0.215803198822	0.194623655914	140	148	3	0	81	0.366515837104
0.215958882765	0.194623655914	140	149	3	0	81	0.366515837104
0.21646475113	0.195698924731	141	149	3	0	81	0.364864864865
0.217169210302	0.196774193548	142	149	3	0	81	0.363228699552
0.217596538032	0.197849462366	143	149	3	0	81	0.361607142857
0.218592832639	0.198924731183	144	149	3	0	81	0.36
0.219034000987	0.2	145	149	3	0	81	0.358407079646
0.219603123432	0.201075268817	146	149	3	0	81	0.356828193833
0.219669855516	0.202150537634	147	149	3	0	81	0.355263157895
0.220278123945	0.201075268817	148	149	3	0	81	0.353711790393
0.220851240714	0.201075268817	148	150	3	0	81	0.353711790393
0.221286003921	0.202150537634	149	150	3	0	81	0.352173913043
0.221587105976	0.202150537634	149	151	3	0	81	0.352173913043
0.222102937759	0.203225806452	150	151	3	0	81	0.350649350649
0.222855984061	0.204301075269	151	151	3	0	81	0.349137931034
0.223201770379	0.202150537634	151	152	3	0	83	0.354700854701
0.223306311749	0.201075268817	151	153	3	0	84	0.357446808511
0.224558539953	0.2	151	154	3	0	85	0.360169491525
0.224712252233	0.198924731183	151	155	3	0	86	0.362869198312
0.225348679044	0.198924731183	151	156	3	0	86	0.362869198312
0.226152584219	0.2	152	156	3	0	86	0.361344537815
0.229459546646	0.2	152	157	3	0	86	0.361344537815
0.230556996511	0.201075268817	153	157	3	0	86	0.359832635983
0.230918653297	0.201075268817	154	157	3	0	86	0.358333333333
0.232261097718	0.202150537634	155	157	3	0	86	0.356846473029
0.232907964145	0.2	155	158	3	0	88	0.362139917695
0.233092772057	0.201075268817	156	158	3	0	88	0.360655737705
0.233233990221	0.2	156	159	3	0	89	0.363265306122
0.233463481119	0.197849462366	156	160	3	0	91	0.368421052632
0.233703135359	0.198924731183	157	160	3	0	91	0.366935483871
0.235461906046	0.2	158	160	3	0	91	0.36546184739
0.235907163952	0.201075268817	159	160	3	0	91	0.364
0.238083718636	0.2	159	161	3	0	92	0.366533864542
0.239186329775	0.2	160	161	3	0	92	0.365079365079
0.239999474274	0.201075268817	161	161	3	0	92	0.363636363636
0.240260657797	0.202150537634	162	161	3	0	92	0.362204724409
0.241263763611	0.2	162	162	3	0	94	0.3671875
0.241526968892	0.198924731183	162	163	3	0	95	0.369649805447
0.241683442562	0.2	163	163	3	0	95	0.368217054264
0.242280848699	0.198924731183	163	164	3	0	96	0.370656370656
0.243782163295	0.198924731183	163	165	3	0	96	0.370656370656
0.243835377362	0.2	164	165	3	0	96	0.369230769231
0.243870392136	0.197849462366	164	166	3	0	98	0.374045801527
0.24401458545	0.197849462366	165	166	3	0	98	0.372623574144
0.244488646065	0.198924731183	166	166	3	0	98	0.371212121212
0.246228363749	0.198924731183	166	167	3	0	98	0.371212121212
0.247314210944	0.2	167	167	3	0	98	0.369811320755
0.247722647124	0.2	167	168	3	0	98	0.369811320755
0.248173055879	0.198924731183	168	168	3	0	98	0.368421052632
0.2489164869	0.198924731183	168	169	3	0	98	0.368421052632
0.249231573657	0.197849462366	168	170	3	0	99	0.370786516854
0.250284746017	0.197849462366	169	170	3	0	99	0.369402985075
0.250914468878	0.197849462366	169	171	3	0	99	0.369402985075
0.251225942934	0.197849462366	169	172	3	0	99	0.369402985075
0.254011295959	0.197849462366	169	173	3	0	99	0.369402985075
0.254603647174	0.198924731183	170	173	3	0	99	0.368029739777
0.255922551778	0.198924731183	171	173	3	0	99	0.366666666667
0.25698053621	0.198924731183	171	174	3	0	99	0.366666666667
0.257107857915	0.198924731183	172	174	3	0	99	0.365313653137
0.257314729124	0.2	173	174	3	0	99	0.363970588235
0.260450852074	0.201075268817	174	174	3	0	99	0.362637362637
0.261398385168	0.201075268817	174	175	3	0	99	0.362637362637
0.26223011904	0.202150537634	175	175	3	0	99	0.361313868613
0.262315443519	0.201075268817	175	176	3	0	100	0.363636363636
0.262395267667	0.201075268817	175	177	3	0	100	0.363636363636
0.264108442455	0.201075268817	175	178	3	0	100	0.363636363636
0.265173503508	0.2	175	179	3	0	101	0.365942028986
0.265507774093	0.201075268817	176	179	3	0	101	0.364620938628
0.265665426065	0.202150537634	177	179	3	0	101	0.363309352518
0.268131976252	0.203225806452	178	179	3	0	101	0.362007168459
0.269396221146	0.203225806452	178	180	3	0	101	0.362007168459
0.273091708377	0.203225806452	179	180	3	0	101	0.360714285714
0.273263311441	0.204301075269	180	180	3	0	101	0.359430604982
0.273691027417	0.205376344086	181	180	3	0	101	0.358156028369
0.274301215489	0.204301075269	182	180	3	0	101	0.356890459364
0.274683910298	0.204301075269	183	180	3	0	101	0.355633802817
0.275818973867	0.202150537634	183	181	3	0	103	0.36013986014
0.275839583504	0.2	183	182	3	0	105	0.364583333333
0.276359673267	0.201075268817	184	182	3	0	105	0.363321799308
0.278243091191	0.202150537634	185	182	3	0	105	0.362068965517
0.278585605973	0.202150537634	185	183	3	0	105	0.362068965517
0.278703995721	0.201075268817	186	183	3	0	105	0.360824742268
0.281711618843	0.202150537634	187	183	3	0	105	0.359589041096
0.284000064932	0.202150537634	187	184	3	0	105	0.359589041096
0.284896382691	0.201075268817	187	185	3	0	106	0.361774744027
0.286022482938	0.202150537634	188	185	3	0	106	0.360544217687
0.286237214263	0.202150537634	188	186	3	0	106	0.360544217687
0.287501820875	0.2	188	187	3	0	108	0.364864864865
0.287724993407	0.197849462366	188	188	3	0	110	0.369127516779
0.288046673944	0.195698924731	188	189	3	0	112	0.373333333333
0.289226610324	0.194623655914	189	189	3	0	112	0.372093023256
0.289611354982	0.194623655914	189	190	3	0	112	0.372093023256
0.291641808283	0.194623655914	189	191	3	0	112	0.372093023256
0.291700341509	0.194623655914	190	191	3	0	112	0.370860927152
0.292155535204	0.193548387097	190	192	3	0	113	0.372937293729
0.292481697848	0.193548387097	190	193	3	0	113	0.372937293729
0.293058450107	0.194623655914	191	193	3	0	113	0.371710526316
0.293849555993	0.194623655914	192	193	3	0	113	0.370491803279
0.294699741429	0.194623655914	192	194	3	0	113	0.370491803279
0.295070273171	0.193548387097	193	194	3	0	113	0.369281045752
0.29512726482	0.193548387097	193	195	3	0	113	0.369281045752
0.29718531606	0.193548387097	193	196	3	0	113	0.369281045752
0.297936465973	0.194623655914	194	196	3	0	113	0.368078175896
0.298320899451	0.194623655914	194	197	3	0	113	0.368078175896
0.300142955102	0.193548387097	194	198	3	0	114	0.37012987013
0.300863064558	0.193548387097	194	199	3	0	114	0.37012987013
0.300940017075	0.19247311828	194	200	3	0	115	0.37216828479
0.301517583189	0.193548387097	195	200	3	0	115	0.370967741935
0.301580887581	0.19247311828	195	201	3	0	116	0.372990353698
0.302316107185	0.190322580645	195	202	3	0	118	0.376996805112
0.302333472239	0.190322580645	196	202	3	0	118	0.375796178344
0.303464182365	0.191397849462	197	202	3	0	118	0.374603174603
0.305268419185	0.191397849462	197	203	3	0	118	0.374603174603
0.306003529241	0.190322580645	197	204	3	0	119	0.376582278481
0.306361556915	0.191397849462	198	204	3	0	119	0.375394321767
0.307927783297	0.19247311828	199	204	3	0	119	0.374213836478
0.30805595737	0.19247311828	199	205	3	0	119	0.374213836478
0.308071211513	0.19247311828	199	206	3	0	119	0.374213836478
0.308201409971	0.193548387097	200	206	3	0	119	0.373040752351
0.308618768471	0.194623655914	201	206	3	0	119	0.371875
0.309609920242	0.195698924731	202	206	3	0	119	0.370716510903
0.310794044829	0.194623655914	202	207	3	0	120	0.372670807453
0.311729094028	0.195698924731	203	207	3	0	120	0.371517027864
0.311985486713	0.195698924731	203	208	3	0	120	0.371517027864
0.312495140704	0.195698924731	203	209	3	0	120	0.371517027864
0.313030516257	0.194623655914	203	210	3	0	121	0.373456790123
0.313034821448	0.194623655914	203	211	3	0	121	0.373456790123
0.313457956073	0.194623655914	204	211	3	0	121	0.372307692308
0.313564783715	0.194623655914	204	212	3	0	121	0.372307692308
0.315061399191	0.194623655914	204	213	3	0	121	0.372307692308
0.315266027743	0.195698924731	205	213	3	0	121	0.371165644172
0.316932971506	0.196774193548	206	213	3	0	121	0.37003058104
0.317650928832	0.194623655914	206	214	3	0	123	0.373860182371
0.317804159965	0.193548387097	206	215	3	0	124	0.375757575758
0.318051518695	0.193548387097	207	215	3	0	124	0.374622356495
0.319246592911	0.193548387097	207	216	3	0	124	0.374622356495
0.320203292743	0.193548387097	207	217	3	0	124	0.374622356495
0.32175628498	0.193548387097	208	217	3	0	124	0.373493975904
0.323917861689	0.193548387097	209	217	3	0	124	0.372372372372
0.324295223452	0.193548387097	209	218	3	0	124	0.372372372372
0.325214622633	0.193548387097	209	219	3	0	124	0.372372372372
0.325248227544	0.194623655914	210	219	3	0	124	0.37125748503
0.327210731666	0.194623655914	210	220	3	0	124	0.37125748503
0.327723588697	0.195698924731	211	220	3	0	124	0.370149253731
0.328339621619	0.195698924731	212	220	3	0	124	0.369047619048
0.329363631664	0.196774193548	213	220	3	0	124	0.367952522255
0.329566113247	0.195698924731	213	221	3	0	125	0.369822485207
0.33032554951	0.196774193548	214	221	3	0	125	0.368731563422
0.331377235503	0.197849462366	215	221	3	0	125	0.367647058824
0.331968700782	0.196774193548	216	221	3	0	125	0.366568914956
0.333020160663	0.194623655914	216	222	3	0	127	0.370262390671
0.333051766643	0.195698924731	217	222	3	0	127	0.369186046512
0.335257053012	0.194623655914	217	223	3	0	128	0.371014492754
0.335273843266	0.194623655914	217	224	3	0	128	0.371014492754
0.335733139706	0.193548387097	217	225	3	0	129	0.372832369942
0.335890899704	0.194623655914	218	225	3	0	129	0.371757925072
0.337664473323	0.193548387097	218	226	3	0	130	0.373563218391
0.338023582669	0.193548387097	218	227	3	0	130	0.373563218391
0.339989192586	0.19247311828	218	228	3	0	131	0.375358166189
0.340515560902	0.19247311828	219	228	3	0	131	0.374285714286
0.341505538711	0.193548387097	220	228	3	0	131	0.373219373219
0.34185183805	0.194623655914	221	228	3	0	131	0.372159090909
0.342927533792	0.194623655914	222	228	3	0	131	0.371104815864
0.343464811652	0.195698924731	223	228	3	0	131	0.370056497175
0.344393182043	0.193548387097	223	229	3	0	133	0.373595505618
0.345552302627	0.19247311828	224	229	3	0	133	0.372549019608
0.34654569965	0.191397849462	224	230	3	0	134	0.374301675978
