# time 	 divergence 	 # of mutations 	 # IGC chances 	 IGC length 	 # IGC failures 	 Changes due to IGC  	 % change due to IGC 
0.0	0.505376344086	0	0	0	0	0	0.0
0.000610783359661	0.506451612903	1	0	0	0	0	0.0
0.00224112894129	0.50752688172	2	0	0	0	0	0.0
0.00353947521723	0.50752688172	3	0	0	0	0	0.0
0.00463275962953	0.508602150538	4	0	0	0	0	0.0
0.00591785058121	0.509677419355	5	0	0	0	0	0.0
0.00918793580431	0.509677419355	6	0	0	0	0	0.0
0.0105532951057	0.510752688172	7	0	0	0	0	0.0
0.0105898907056	0.510752688172	8	0	0	0	0	0.0
0.012421639251	0.509677419355	9	0	0	0	0	0.0
0.0143586032947	0.509677419355	10	0	0	0	0	0.0
0.0144941578675	0.510752688172	11	0	0	0	0	0.0
0.0195433522015	0.511827956989	12	0	0	0	0	0.0
0.0203633483601	0.512903225806	13	0	0	0	0	0.0
0.0247993341264	0.511827956989	14	0	0	0	0	0.0
0.0248938435977	0.512903225806	15	0	0	0	0	0.0
0.0257851751552	0.512903225806	16	0	0	0	0	0.0
0.0262314483829	0.513978494624	17	0	0	0	0	0.0
0.0275170446307	0.515053763441	18	0	0	0	0	0.0
0.0308225929916	0.513978494624	19	0	0	0	0	0.0
0.0334061767116	0.513978494624	20	0	0	0	0	0.0
0.0336384605564	0.515053763441	21	0	0	0	0	0.0
0.0336648144484	0.515053763441	22	0	0	0	0	0.0
0.0389447621497	0.515053763441	23	0	0	0	0	0.0
0.0415195110124	0.516129032258	24	0	0	0	0	0.0
0.0423878771084	0.516129032258	25	0	0	0	0	0.0
0.0429329864503	0.517204301075	26	0	0	0	0	0.0
0.0436257598941	0.518279569892	27	0	0	0	0	0.0
0.0436827216196	0.51935483871	28	0	0	0	0	0.0
0.0445587151981	0.518279569892	29	0	0	0	0	0.0
0.045554012796	0.517204301075	30	0	0	0	0	0.0
0.0462252054406	0.517204301075	31	0	0	0	0	0.0
0.0480817078237	0.518279569892	32	0	0	0	0	0.0
0.0497864983387	0.518279569892	33	0	0	0	0	0.0
0.0502001876575	0.518279569892	34	0	0	0	0	0.0
0.0507371515045	0.517204301075	35	0	0	0	0	0.0
0.0507930406013	0.518279569892	36	0	0	0	0	0.0
0.0515294353704	0.51935483871	37	0	0	0	0	0.0
0.0520485033359	0.51935483871	38	0	0	0	0	0.0
0.0520777852742	0.520430107527	39	0	0	0	0	0.0
0.0532707433178	0.521505376344	40	0	0	0	0	0.0
0.0550916511884	0.521505376344	41	0	0	0	0	0.0
0.0553847979946	0.520430107527	42	0	0	0	0	0.0
0.0562717691461	0.520430107527	43	0	0	0	0	0.0
0.0567590514842	0.521505376344	44	0	0	0	0	0.0
0.0576117088244	0.520430107527	45	0	0	0	0	0.0
0.0605395841777	0.51935483871	46	0	0	0	0	0.0
0.0606735160773	0.520430107527	47	0	0	0	0	0.0
0.0629723857053	0.51935483871	48	0	0	0	0	0.0
0.0645709016543	0.520430107527	49	0	0	0	0	0.0
0.0668792022063	0.521505376344	50	0	0	0	0	0.0
0.0669439900808	0.521505376344	51	0	0	0	0	0.0
0.0680975299762	0.521505376344	52	0	0	0	0	0.0
0.0692786701983	0.522580645161	53	0	0	0	0	0.0
0.0703266620445	0.523655913978	54	0	0	0	0	0.0
0.0741957581224	0.524731182796	55	0	0	0	0	0.0
0.0756189747957	0.524731182796	56	0	0	0	0	0.0
0.0761409551169	0.523655913978	57	0	0	0	0	0.0
0.0800323063251	0.524731182796	58	0	0	0	0	0.0
0.0816902591446	0.524731182796	59	0	0	0	0	0.0
0.0821834488399	0.525806451613	60	0	0	0	0	0.0
0.0827056282781	0.525806451613	61	0	0	0	0	0.0
0.0839781631495	0.524731182796	62	0	0	0	0	0.0
0.0889512768839	0.523655913978	63	0	0	0	0	0.0
0.0908447062529	0.524731182796	64	0	0	0	0	0.0
0.091602338696	0.525806451613	65	0	0	0	0	0.0
0.0920534315698	0.52688172043	66	0	0	0	0	0.0
0.0920729610167	0.525806451613	67	0	0	0	0	0.0
0.0980979465197	0.524731182796	68	0	0	0	0	0.0
0.0992675422872	0.525806451613	69	0	0	0	0	0.0
0.100935376141	0.52688172043	70	0	0	0	0	0.0
0.101923483163	0.527956989247	71	0	0	0	0	0.0
0.102943721484	0.527956989247	72	0	0	0	0	0.0
0.104215575268	0.529032258065	73	0	0	0	0	0.0
0.106841621985	0.527956989247	74	0	0	0	0	0.0
0.108284333354	0.52688172043	75	0	0	0	0	0.0
0.109185446612	0.52688172043	76	0	0	0	0	0.0
0.109343990081	0.52688172043	77	0	0	0	0	0.0
0.110654869146	0.527956989247	78	0	0	0	0	0.0
0.11077267444	0.52688172043	79	0	0	0	0	0.0
0.112333161571	0.52688172043	80	0	0	0	0	0.0
0.114305043155	0.52688172043	81	0	0	0	0	0.0
0.114608077282	0.525806451613	82	0	0	0	0	0.0
0.11513959774	0.524731182796	83	0	0	0	0	0.0
0.11541922094	0.523655913978	84	0	0	0	0	0.0
0.117697932103	0.522580645161	85	0	0	0	0	0.0
0.118987390331	0.522580645161	86	0	0	0	0	0.0
0.12027451678	0.523655913978	87	0	0	0	0	0.0
0.12055288646	0.522580645161	88	0	0	0	0	0.0
0.121598023761	0.521505376344	89	0	0	0	0	0.0
0.121951369171	0.521505376344	90	0	0	0	0	0.0
0.122088176701	0.522580645161	91	0	0	0	0	0.0
0.123411750804	0.523655913978	92	0	0	0	0	0.0
0.124095445028	0.523655913978	93	0	0	0	0	0.0
0.124906466092	0.523655913978	94	0	0	0	0	0.0
0.125293204165	0.523655913978	95	0	0	0	0	0.0
0.127210422757	0.522580645161	96	0	0	0	0	0.0
0.12753341368	0.522580645161	97	0	0	0	0	0.0
0.127537940363	0.522580645161	98	0	0	0	0	0.0
0.132653585155	0.522580645161	99	0	0	0	0	0.0
0.132960532139	0.523655913978	100	0	0	0	0	0.0
0.134912129636	0.523655913978	101	0	0	0	0	0.0
0.137582690024	0.522580645161	102	0	0	0	0	0.0
0.137694644777	0.522580645161	103	0	0	0	0	0.0
0.13819064188	0.523655913978	104	0	0	0	0	0.0
0.140092863834	0.522580645161	105	0	0	0	0	0.0
0.144769794605	0.522580645161	106	0	0	0	0	0.0
0.147306347267	0.523655913978	107	0	0	0	0	0.0
0.148206799324	0.524731182796	108	0	0	0	0	0.0
0.149194005439	0.525806451613	109	0	0	0	0	0.0
0.152634084875	0.52688172043	110	0	0	0	0	0.0
0.154010924219	0.527956989247	111	0	0	0	0	0.0
0.15620659107	0.529032258065	112	0	0	0	0	0.0
0.156758515821	0.527956989247	113	0	0	0	0	0.0
0.159117277865	0.529032258065	114	0	0	0	0	0.0
0.159738829548	0.527956989247	115	0	0	0	0	0.0
0.164268227534	0.52688172043	116	0	0	0	0	0.0
0.164376707838	0.52688172043	117	0	0	0	0	0.0
0.166234418218	0.52688172043	118	0	0	0	0	0.0
0.167080267721	0.52688172043	119	0	0	0	0	0.0
0.170186525943	0.52688172043	120	0	0	0	0	0.0
0.171267400314	0.527956989247	121	0	0	0	0	0.0
0.172079383257	0.527956989247	122	0	0	0	0	0.0
0.174860160272	0.52688172043	123	0	0	0	0	0.0
0.175774108984	0.52688172043	124	0	0	0	0	0.0
0.17822193401	0.527956989247	125	0	0	0	0	0.0
0.178866584957	0.52688172043	126	0	0	0	0	0.0
0.179978419337	0.527956989247	127	0	0	0	0	0.0
0.180094157251	0.52688172043	128	0	0	0	0	0.0
0.180313961046	0.525806451613	129	0	0	0	0	0.0
0.185057693805	0.52688172043	130	0	0	0	0	0.0
0.185797490357	0.52688172043	131	0	0	0	0	0.0
0.188985488976	0.525806451613	132	0	0	0	0	0.0
0.189497162392	0.52688172043	133	0	0	0	0	0.0
0.190304311393	0.52688172043	134	0	0	0	0	0.0
0.191846111844	0.52688172043	135	0	0	0	0	0.0
0.191929060036	0.525806451613	136	0	0	0	0	0.0
0.194947057355	0.525806451613	137	0	0	0	0	0.0
0.197108647356	0.525806451613	138	0	0	0	0	0.0
0.197382511922	0.52688172043	139	0	0	0	0	0.0
0.199677810035	0.527956989247	140	0	0	0	0	0.0
0.2009693102	0.529032258065	141	0	0	0	0	0.0
0.208825975699	0.527956989247	142	0	0	0	0	0.0
0.212538182453	0.527956989247	143	0	0	0	0	0.0
0.21453980206	0.529032258065	144	0	0	0	0	0.0
0.217360380969	0.530107526882	145	0	0	0	0	0.0
0.218627654178	0.529032258065	146	0	0	0	0	0.0
0.219868476257	0.530107526882	147	0	0	0	0	0.0
0.219873829084	0.530107526882	148	0	0	0	0	0.0
0.220892282817	0.530107526882	149	0	0	0	0	0.0
0.221717355353	0.529032258065	150	0	0	0	0	0.0
0.221874650044	0.530107526882	151	0	0	0	0	0.0
0.223795525618	0.530107526882	152	0	0	0	0	0.0
0.227255330799	0.531182795699	153	0	0	0	0	0.0
0.227397425225	0.532258064516	154	0	0	0	0	0.0
0.229162007013	0.533333333333	155	0	0	0	0	0.0
0.231242215002	0.532258064516	156	0	0	0	0	0.0
0.232491564155	0.531182795699	157	0	0	0	0	0.0
0.232765574473	0.531182795699	158	0	0	0	0	0.0
0.233870993264	0.532258064516	159	0	0	0	0	0.0
0.234309200794	0.533333333333	160	0	0	0	0	0.0
0.235616346763	0.532258064516	161	0	0	0	0	0.0
0.23561928335	0.531182795699	162	0	0	0	0	0.0
0.240661231645	0.531182795699	163	0	0	0	0	0.0
0.242427141689	0.532258064516	164	0	0	0	0	0.0
0.24372596811	0.531182795699	165	0	0	0	0	0.0
0.248177120025	0.530107526882	166	0	0	0	0	0.0
0.248288594528	0.529032258065	167	0	0	0	0	0.0
0.251257404762	0.527956989247	168	0	0	0	0	0.0
0.25145551359	0.529032258065	169	0	0	0	0	0.0
0.25429452033	0.530107526882	170	0	0	0	0	0.0
0.254597165375	0.530107526882	171	0	0	0	0	0.0
0.256716988193	0.530107526882	172	0	0	0	0	0.0
0.25713829786	0.529032258065	173	0	0	0	0	0.0
0.258227632404	0.529032258065	174	0	0	0	0	0.0
