# time 	 divergence 	 # of mutations 	 # IGC chances 	 IGC length 	 # IGC failures 	 Changes due to IGC  	 % change due to IGC 
0.0	0.373294346979	0	0	0	0	0	0.0
0.00252046094022	0.373294346979	1	0	0	0	0	0.0
0.00368010910668	0.374269005848	2	0	0	0	0	0.0
0.00383020685431	0.375243664717	3	0	0	0	0	0.0
0.00824045627038	0.376218323587	4	0	0	0	0	0.0
0.0094613087838	0.377192982456	5	0	0	0	0	0.0
0.0142806403953	0.378167641326	6	0	0	0	0	0.0
0.0147347467258	0.379142300195	7	0	0	0	0	0.0
0.0150980181804	0.380116959064	8	0	0	0	0	0.0
0.0156769374903	0.381091617934	9	0	0	0	0	0.0
0.0176621921804	0.381091617934	10	0	0	0	0	0.0
0.0181923850028	0.382066276803	11	0	0	0	0	0.0
0.0189168348923	0.381091617934	12	0	0	0	0	0.0
0.021459080008	0.382066276803	13	0	0	0	0	0.0
0.0217340328724	0.383040935673	14	0	0	0	0	0.0
0.0231499863144	0.383040935673	15	0	0	0	0	0.0
0.0248062060619	0.384015594542	16	0	0	0	0	0.0
0.026560195776	0.384990253411	17	0	0	0	0	0.0
0.027165809565	0.385964912281	18	0	0	0	0	0.0
0.0295802898612	0.38693957115	19	0	0	0	0	0.0
0.0309139034467	0.387914230019	20	0	0	0	0	0.0
0.031012610196	0.388888888889	21	0	0	0	0	0.0
0.0334566403209	0.388888888889	22	0	0	0	0	0.0
0.0341202052205	0.389863547758	23	0	0	0	0	0.0
0.0345471891204	0.388888888889	24	0	0	0	0	0.0
0.0345745118771	0.389863547758	25	0	0	0	0	0.0
0.0394830958593	0.390838206628	26	0	0	0	0	0.0
0.0403872511308	0.391812865497	27	0	0	0	0	0.0
0.041179432266	0.390838206628	28	0	0	0	0	0.0
0.0412250959139	0.390838206628	29	0	0	0	0	0.0
0.0429472560935	0.391812865497	30	0	0	0	0	0.0
0.0440320843759	0.392787524366	31	0	0	0	0	0.0
0.0452509571641	0.392787524366	32	0	0	0	0	0.0
0.0468004568466	0.392787524366	33	0	0	0	0	0.0
0.0472194433461	0.391812865497	34	0	0	0	0	0.0
0.0479121364972	0.391812865497	35	0	0	0	0	0.0
0.0490896118937	0.392787524366	36	0	0	0	0	0.0
0.0499460335466	0.392787524366	37	0	0	0	0	0.0
0.0504730588249	0.393762183236	38	0	0	0	0	0.0
0.0506461800992	0.394736842105	39	0	0	0	0	0.0
0.0583189958066	0.394736842105	40	0	0	0	0	0.0
0.0583562813656	0.395711500975	41	0	0	0	0	0.0
0.0592459922283	0.395711500975	42	0	0	0	0	0.0
0.0595605872153	0.366471734893	42	1	123	0	30	0.416666666667
0.0602015273826	0.367446393762	43	1	123	0	30	0.41095890411
0.0605163278586	0.368421052632	44	1	123	0	30	0.405405405405
0.0609565097493	0.369395711501	45	1	123	0	30	0.4
0.0610923952447	0.369395711501	46	1	123	0	30	0.394736842105
0.0619697761624	0.37037037037	47	1	123	0	30	0.38961038961
0.0620149241963	0.369395711501	48	1	123	0	30	0.384615384615
0.0646397623114	0.37037037037	49	1	123	0	30	0.379746835443
0.0651385878848	0.37134502924	50	1	123	0	30	0.375
0.0660363139255	0.372319688109	51	1	123	0	30	0.37037037037
0.0688089512933	0.373294346979	52	1	123	0	30	0.365853658537
0.0713606549497	0.374269005848	53	1	123	0	30	0.361445783133
0.0715526977378	0.375243664717	54	1	123	0	30	0.357142857143
0.0723287343318	0.323586744639	54	2	111	0	83	0.605839416058
0.0730477089519	0.270955165692	54	3	153	0	137	0.717277486911
0.0731819635973	0.271929824561	55	3	153	0	137	0.713541666667
0.0744890955229	0.271929824561	56	3	153	0	137	0.709844559585
0.0769386389029	0.272904483431	57	3	153	0	137	0.70618556701
0.0773442639376	0.271929824561	58	3	153	0	137	0.702564102564
0.0819818791232	0.272904483431	59	3	153	0	137	0.698979591837
0.0856430885296	0.2738791423	60	3	153	0	137	0.695431472081
0.0860939058677	0.27485380117	61	3	153	0	137	0.691919191919
0.0922039275298	0.275828460039	62	3	153	0	137	0.688442211055
0.0926351481175	0.275828460039	63	3	153	0	137	0.685
0.0936694579335	0.276803118908	64	3	153	0	137	0.681592039801
0.0964804583064	0.277777777778	65	3	153	0	137	0.678217821782
0.0980864078154	0.278752436647	66	3	153	0	137	0.674876847291
0.0984327860791	0.279727095517	67	3	153	0	137	0.671568627451
0.104927905472	0.280701754386	68	3	153	0	137	0.668292682927
0.105723139138	0.281676413255	69	3	153	0	137	0.665048543689
0.109637146057	0.282651072125	70	3	153	0	137	0.661835748792
0.110795246902	0.283625730994	71	3	153	0	137	0.658653846154
0.111836088903	0.284600389864	72	3	153	0	137	0.655502392344
0.113018325009	0.283625730994	73	3	153	0	137	0.652380952381
0.113214577732	0.284600389864	74	3	153	0	137	0.649289099526
0.113707135336	0.285575048733	75	3	153	0	137	0.646226415094
0.116800634097	0.286549707602	76	3	153	0	137	0.643192488263
0.119828708913	0.287524366472	77	3	153	0	137	0.640186915888
0.121950532993	0.288499025341	78	3	153	0	137	0.637209302326
0.124405065305	0.288499025341	79	3	153	0	137	0.634259259259
0.126799310754	0.289473684211	80	3	153	0	137	0.63133640553
0.128517386192	0.29044834308	81	3	153	0	137	0.628440366972
0.129737093756	0.29044834308	82	3	153	0	137	0.625570776256
0.130047514824	0.291423001949	83	3	153	0	137	0.622727272727
0.131900609288	0.292397660819	84	3	153	0	137	0.619909502262
0.134047119804	0.293372319688	85	3	153	0	137	0.617117117117
0.134132142072	0.294346978558	86	3	153	0	137	0.614349775785
0.134469402145	0.295321637427	87	3	153	0	137	0.611607142857
0.137461048286	0.296296296296	88	3	153	0	137	0.608888888889
0.138031781602	0.297270955166	89	3	153	0	137	0.606194690265
0.138190030001	0.298245614035	90	3	153	0	137	0.603524229075
0.139858734093	0.299220272904	91	3	153	0	137	0.600877192982
0.141154634465	0.300194931774	92	3	153	0	137	0.598253275109
0.142989983576	0.296296296296	92	4	51	0	141	0.605150214592
0.145515381041	0.297270955166	93	4	51	0	141	0.602564102564
0.146549688648	0.298245614035	94	4	51	0	141	0.6
0.147350646417	0.299220272904	95	4	51	0	141	0.597457627119
0.148389007976	0.300194931774	96	4	51	0	141	0.594936708861
0.148402479077	0.301169590643	97	4	51	0	141	0.59243697479
0.149257228446	0.301169590643	98	4	51	0	141	0.589958158996
0.149753603009	0.301169590643	99	4	51	0	141	0.5875
0.150207306536	0.300194931774	100	4	51	0	141	0.585062240664
0.151249906705	0.301169590643	101	4	51	0	141	0.582644628099
0.152159560272	0.301169590643	102	4	51	0	141	0.58024691358
0.153026386899	0.302144249513	103	4	51	0	141	0.577868852459
0.153641814791	0.303118908382	104	4	51	0	141	0.575510204082
0.155064263522	0.304093567251	105	4	51	0	141	0.573170731707
0.155859542511	0.303118908382	106	4	51	0	141	0.570850202429
0.156870863438	0.304093567251	107	4	51	0	141	0.568548387097
0.158301435042	0.304093567251	108	4	51	0	141	0.566265060241
0.158956930054	0.305068226121	109	4	51	0	141	0.564
0.164604460338	0.30604288499	110	4	51	0	141	0.561752988048
0.166006859256	0.30604288499	111	4	51	0	141	0.559523809524
0.168471840538	0.30701754386	112	4	51	0	141	0.557312252964
0.169961625996	0.307992202729	113	4	51	0	141	0.555118110236
0.17069929246	0.308966861598	114	4	51	0	141	0.552941176471
0.170859334929	0.309941520468	115	4	51	0	141	0.55078125
0.171859705858	0.310916179337	116	4	51	0	141	0.548638132296
0.173575548656	0.311890838207	117	4	51	0	141	0.546511627907
0.175071453015	0.312865497076	118	4	51	0	141	0.544401544402
0.175115041549	0.313840155945	119	4	51	0	141	0.542307692308
0.175726794359	0.313840155945	120	4	51	0	141	0.540229885057
0.17887057164	0.313840155945	121	4	51	0	141	0.538167938931
0.17942933738	0.313840155945	122	4	51	0	141	0.536121673004
0.180306526781	0.313840155945	123	4	51	0	141	0.534090909091
0.18603692294	0.314814814815	124	4	51	0	141	0.532075471698
0.188175843315	0.315789473684	125	4	51	0	141	0.53007518797
0.188668165267	0.316764132554	126	4	51	0	141	0.52808988764
0.188765889097	0.317738791423	127	4	51	0	141	0.526119402985
0.189676444021	0.318713450292	128	4	51	0	141	0.524163568773
0.189964195048	0.319688109162	129	4	51	0	141	0.522222222222
0.190547802136	0.320662768031	130	4	51	0	141	0.520295202952
0.190953947823	0.321637426901	131	4	51	0	141	0.518382352941
0.191042341578	0.32261208577	132	4	51	0	141	0.516483516484
0.192337417619	0.323586744639	133	4	51	0	141	0.514598540146
0.192544732251	0.324561403509	134	4	51	0	141	0.512727272727
0.195785902887	0.325536062378	135	4	51	0	141	0.510869565217
0.197965622718	0.326510721248	136	4	51	0	141	0.509025270758
0.199672024057	0.326510721248	137	4	51	0	141	0.507194244604
0.200679550988	0.325536062378	138	4	51	0	141	0.505376344086
0.208982530766	0.325536062378	139	4	51	0	141	0.503571428571
0.209778519178	0.326510721248	140	4	51	0	141	0.501779359431
0.211002658056	0.326510721248	141	4	51	0	141	0.5
0.211029581244	0.326510721248	142	4	51	0	141	0.498233215548
0.21112159866	0.327485380117	143	4	51	0	141	0.496478873239
0.214059595901	0.328460038986	144	4	51	0	141	0.494736842105
0.214189396554	0.327485380117	145	4	51	0	141	0.493006993007
0.215682523594	0.328460038986	146	4	51	0	141	0.491289198606
0.217104809142	0.329434697856	147	4	51	0	141	0.489583333333
0.220276578093	0.330409356725	148	4	51	0	141	0.487889273356
0.222260952647	0.331384015595	149	4	51	0	141	0.486206896552
0.223461217846	0.331384015595	150	4	51	0	141	0.484536082474
0.223740303228	0.332358674464	151	4	51	0	141	0.482876712329
0.226528744822	0.333333333333	152	4	51	0	141	0.481228668942
0.227305739633	0.334307992203	153	4	51	0	141	0.479591836735
0.231261712931	0.334307992203	154	4	51	0	141	0.477966101695
0.232342622103	0.335282651072	155	4	51	0	141	0.476351351351
0.232965680094	0.334307992203	156	4	51	0	141	0.474747474747
0.233095980075	0.334307992203	157	4	51	0	141	0.473154362416
0.234628474206	0.334307992203	158	4	51	0	141	0.471571906355
0.236423725116	0.334307992203	159	4	51	0	141	0.47
0.236939045708	0.335282651072	160	4	51	0	141	0.468438538206
0.23793835024	0.333333333333	160	5	30	0	143	0.471947194719
0.239455065701	0.334307992203	161	5	30	0	143	0.470394736842
0.24176988798	0.333333333333	162	5	30	0	143	0.468852459016
0.242163803672	0.334307992203	163	5	30	0	143	0.467320261438
0.24457274122	0.335282651072	164	5	30	0	143	0.465798045603
0.245421373451	0.335282651072	165	5	30	0	143	0.464285714286
0.246667948066	0.335282651072	166	5	30	0	143	0.462783171521
0.251773826764	0.335282651072	167	5	30	0	143	0.461290322581
0.252568553411	0.336257309942	168	5	30	0	143	0.459807073955
0.253676358281	0.336257309942	169	5	30	0	143	0.458333333333
0.255499384076	0.337231968811	170	5	30	0	143	0.456869009585
0.25586076135	0.33820662768	171	5	30	0	143	0.455414012739
0.256015179303	0.33918128655	172	5	30	0	143	0.453968253968
0.257689884049	0.33918128655	173	5	30	0	143	0.45253164557
0.26006903147	0.299220272904	173	6	117	0	184	0.515406162465
0.260172663147	0.300194931774	174	6	117	0	184	0.513966480447
0.26267986482	0.299220272904	175	6	117	0	184	0.512534818942
0.263190314919	0.300194931774	176	6	117	0	184	0.511111111111
0.26499540607	0.301169590643	177	6	117	0	184	0.509695290859
0.265654080537	0.301169590643	178	6	117	0	184	0.508287292818
0.265936745997	0.301169590643	179	6	117	0	184	0.506887052342
0.266932641319	0.302144249513	180	6	117	0	184	0.505494505495
0.267656362433	0.303118908382	181	6	117	0	184	0.504109589041
0.271592122181	0.304093567251	182	6	117	0	184	0.502732240437
0.271844496067	0.305068226121	183	6	117	0	184	0.50136239782
0.274427284166	0.30604288499	184	6	117	0	184	0.5
0.276883672483	0.30701754386	185	6	117	0	184	0.49864498645
0.277395836611	0.30604288499	186	6	117	0	184	0.497297297297
0.278582238589	0.305068226121	187	6	117	0	184	0.495956873315
0.280683369911	0.30604288499	188	6	117	0	184	0.494623655914
0.281491585809	0.30701754386	189	6	117	0	184	0.493297587131
0.283573652781	0.307992202729	190	6	117	0	184	0.491978609626
0.287171445108	0.307992202729	191	6	117	0	184	0.490666666667
0.287533890154	0.308966861598	192	6	117	0	184	0.489361702128
0.287960422003	0.309941520468	193	6	117	0	184	0.488063660477
0.289139416391	0.310916179337	194	6	117	0	184	0.486772486772
0.292891824902	0.311890838207	195	6	117	0	184	0.485488126649
0.294288993008	0.312865497076	196	6	117	0	184	0.484210526316
0.294744439958	0.313840155945	197	6	117	0	184	0.482939632546
0.295904810817	0.314814814815	198	6	117	0	184	0.48167539267
0.299729905875	0.313840155945	199	6	117	0	184	0.480417754569
0.299780614379	0.312865497076	200	6	117	0	184	0.479166666667
0.300750031991	0.312865497076	201	6	117	0	184	0.477922077922
0.310739667956	0.313840155945	202	6	117	0	184	0.476683937824
0.312568599052	0.313840155945	203	6	117	0	184	0.475452196382
0.31414800834	0.314814814815	204	6	117	0	184	0.474226804124
0.31583867358	0.315789473684	205	6	117	0	184	0.473007712082
0.316517416347	0.315789473684	206	6	117	0	184	0.471794871795
0.316718462066	0.316764132554	207	6	117	0	184	0.470588235294
0.316738523444	0.317738791423	208	6	117	0	184	0.469387755102
0.318143865629	0.318713450292	209	6	117	0	184	0.468193384224
0.319571873868	0.319688109162	210	6	117	0	184	0.467005076142
0.323766059577	0.320662768031	211	6	117	0	184	0.46582278481
0.32419035032	0.320662768031	212	6	117	0	184	0.464646464646
0.326156760494	0.321637426901	213	6	117	0	184	0.463476070529
0.328771396769	0.32261208577	214	6	117	0	184	0.462311557789
0.328968779787	0.32261208577	215	6	117	0	184	0.461152882206
0.329874661475	0.323586744639	216	6	117	0	184	0.46
0.335044313657	0.323586744639	217	6	117	0	184	0.45885286783
0.335312910873	0.324561403509	218	6	117	0	184	0.457711442786
0.335632062485	0.325536062378	219	6	117	0	184	0.456575682382
0.336771149818	0.326510721248	220	6	117	0	184	0.455445544554
0.338071841196	0.327485380117	221	6	117	0	184	0.454320987654
0.341570963702	0.328460038986	222	6	117	0	184	0.453201970443
0.343662131531	0.329434697856	223	6	117	0	184	0.452088452088
0.345639660622	0.329434697856	224	6	117	0	184	0.450980392157
0.346132801347	0.330409356725	225	6	117	0	184	0.449877750611
0.349244834406	0.329434697856	226	6	117	0	184	0.448780487805
0.349550321592	0.329434697856	227	6	117	0	184	0.447688564477
0.351578505942	0.330409356725	228	6	117	0	184	0.446601941748
0.354071594984	0.331384015595	229	6	117	0	184	0.445520581114
0.354587229187	0.332358674464	230	6	117	0	184	0.444444444444
0.355539124055	0.333333333333	231	6	117	0	184	0.443373493976
0.357513936502	0.334307992203	232	6	117	0	184	0.442307692308
0.358215063304	0.333333333333	233	6	117	0	184	0.441247002398
0.358495775458	0.334307992203	234	6	117	0	184	0.44019138756
0.358842651591	0.334307992203	235	6	117	0	184	0.439140811456
0.360372706625	0.335282651072	236	6	117	0	184	0.438095238095
0.363251802499	0.336257309942	237	6	117	0	184	0.437054631829
0.364292723921	0.336257309942	238	6	117	0	184	0.436018957346
0.364791258514	0.337231968811	239	6	117	0	184	0.434988179669
0.365011767799	0.33820662768	240	6	117	0	184	0.433962264151
0.366811069691	0.33918128655	241	6	117	0	184	0.432941176471
0.367396151918	0.336257309942	241	7	9	0	187	0.43691588785
0.372462194454	0.337231968811	242	7	9	0	187	0.435897435897
0.372837607801	0.33820662768	243	7	9	0	187	0.43488372093
0.374305774255	0.337231968811	244	7	9	0	187	0.433874709977
0.374487732116	0.33820662768	245	7	9	0	187	0.43287037037
0.384131046771	0.33820662768	246	7	9	0	187	0.431870669746
0.384335715206	0.33918128655	247	7	9	0	187	0.430875576037
0.385204981719	0.340155945419	248	7	9	0	187	0.429885057471
0.387865420287	0.341130604288	249	7	9	0	187	0.428899082569
0.390322046995	0.340155945419	250	7	9	0	187	0.427917620137
0.392137428759	0.341130604288	251	7	9	0	187	0.426940639269
0.39247260073	0.316764132554	251	8	114	0	212	0.45788336933
0.395497014712	0.298245614035	251	9	24	0	231	0.479253112033
0.396339002813	0.298245614035	252	9	24	0	231	0.478260869565
0.396550335676	0.299220272904	253	9	24	0	231	0.477272727273
0.398146630844	0.300194931774	254	9	24	0	231	0.476288659794
0.398773616121	0.301169590643	255	9	24	0	231	0.475308641975
0.399982813157	0.300194931774	256	9	24	0	231	0.474332648871
0.4001767564	0.299220272904	257	9	24	0	231	0.473360655738
0.403079764588	0.300194931774	258	9	24	0	231	0.472392638037
0.403150499066	0.300194931774	259	9	24	0	231	0.471428571429
0.403220885787	0.301169590643	260	9	24	0	231	0.470468431772
0.403785855613	0.301169590643	261	9	24	0	231	0.469512195122
0.404660751478	0.302144249513	262	9	24	0	231	0.468559837728
0.40726504898	0.303118908382	263	9	24	0	231	0.467611336032
0.407429694208	0.304093567251	264	9	24	0	231	0.466666666667
0.408325508195	0.305068226121	265	9	24	0	231	0.465725806452
0.410029761965	0.30604288499	266	9	24	0	231	0.464788732394
0.410458962696	0.30701754386	267	9	24	0	231	0.463855421687
0.410671438186	0.307992202729	268	9	24	0	231	0.462925851703
0.412263893971	0.308966861598	269	9	24	0	231	0.462
0.413007381132	0.309941520468	270	9	24	0	231	0.461077844311
0.413330815299	0.310916179337	271	9	24	0	231	0.46015936255
0.416240802951	0.311890838207	272	9	24	0	231	0.459244532803
0.417120877803	0.309941520468	272	10	54	0	233	0.461386138614
0.417479868835	0.310916179337	273	10	54	0	233	0.4604743083
0.420389013063	0.311890838207	274	10	54	0	233	0.459566074951
0.423091079905	0.312865497076	275	10	54	0	233	0.458661417323
0.424432292188	0.313840155945	276	10	54	0	233	0.457760314342
0.425570191414	0.314814814815	277	10	54	0	233	0.456862745098
0.425789736116	0.315789473684	278	10	54	0	233	0.455968688845
0.430151533735	0.316764132554	279	10	54	0	233	0.455078125
0.430909693436	0.315789473684	280	10	54	0	233	0.454191033138
0.431022306134	0.314814814815	281	10	54	0	233	0.453307392996
0.434786845458	0.314814814815	282	10	54	0	233	0.452427184466
0.437305664723	0.315789473684	283	10	54	0	233	0.451550387597
0.437800548847	0.315789473684	284	10	54	0	233	0.450676982592
0.437806256709	0.314814814815	285	10	54	0	233	0.449806949807
0.438560318412	0.313840155945	286	10	54	0	233	0.44894026975
0.441813387537	0.312865497076	287	10	54	0	233	0.448076923077
0.442541308899	0.313840155945	288	10	54	0	233	0.447216890595
0.44289397808	0.314814814815	289	10	54	0	233	0.446360153257
0.447014799518	0.315789473684	290	10	54	0	233	0.445506692161
0.447394692741	0.315789473684	291	10	54	0	233	0.44465648855
0.447934868614	0.314814814815	292	10	54	0	233	0.44380952381
0.448843129505	0.313840155945	293	10	54	0	233	0.442965779468
0.448966445083	0.312865497076	294	10	54	0	233	0.442125237192
0.450481532383	0.312865497076	295	10	54	0	233	0.441287878788
0.452708443848	0.313840155945	296	10	54	0	233	0.4404536862
0.45583935033	0.314814814815	297	10	54	0	233	0.439622641509
0.457723607141	0.315789473684	298	10	54	0	233	0.43879472693
0.459471879881	0.316764132554	299	10	54	0	233	0.437969924812
0.461653469392	0.317738791423	300	10	54	0	233	0.437148217636
0.462033493445	0.317738791423	301	10	54	0	233	0.436329588015
0.462089785519	0.317738791423	302	10	54	0	233	0.435514018692
0.463027141521	0.318713450292	303	10	54	0	233	0.434701492537
0.464011498957	0.317738791423	304	10	54	0	233	0.433891992551
0.468113460526	0.318713450292	305	10	54	0	233	0.433085501859
0.46837901647	0.319688109162	306	10	54	0	233	0.432282003711
0.470871868252	0.320662768031	307	10	54	0	233	0.431481481481
0.471428543765	0.321637426901	308	10	54	0	233	0.430683918669
0.471694218616	0.32261208577	309	10	54	0	233	0.429889298893
0.472606646426	0.32261208577	310	10	54	0	233	0.429097605893
0.475986574495	0.323586744639	311	10	54	0	233	0.428308823529
0.476801666221	0.324561403509	312	10	54	0	233	0.42752293578
0.477315531161	0.324561403509	313	10	54	0	233	0.42673992674
0.478038564716	0.325536062378	314	10	54	0	233	0.425959780622
0.480268232876	0.326510721248	315	10	54	0	233	0.425182481752
0.480957444007	0.327485380117	316	10	54	0	233	0.424408014572
0.481844691802	0.328460038986	317	10	54	0	233	0.423636363636
0.484846415416	0.329434697856	318	10	54	0	233	0.422867513612
0.484905414752	0.330409356725	319	10	54	0	233	0.422101449275
0.484907816741	0.330409356725	320	10	54	0	233	0.421338155515
0.486022753176	0.331384015595	321	10	54	0	233	0.420577617329
0.486190650385	0.332358674464	322	10	54	0	233	0.41981981982
0.488963277714	0.331384015595	323	10	54	0	233	0.419064748201
0.489138483634	0.331384015595	324	10	54	0	233	0.418312387792
0.493222771437	0.332358674464	325	10	54	0	233	0.417562724014
0.493411046664	0.333333333333	326	10	54	0	233	0.416815742397
0.495455863721	0.334307992203	327	10	54	0	233	0.416071428571
0.496433961728	0.335282651072	328	10	54	0	233	0.415329768271
0.496453266008	0.336257309942	329	10	54	0	233	0.414590747331
0.499824108143	0.336257309942	330	10	54	0	233	0.413854351687
0.502269596982	0.337231968811	331	10	54	0	233	0.413120567376
0.504550836848	0.33820662768	332	10	54	0	233	0.412389380531
0.507138957349	0.337231968811	333	10	54	0	233	0.411660777385
0.508579039825	0.33820662768	334	10	54	0	233	0.410934744268
0.511102627235	0.33918128655	335	10	54	0	233	0.410211267606
0.513096430206	0.340155945419	336	10	54	0	233	0.409490333919
0.514163254935	0.341130604288	337	10	54	0	233	0.408771929825
0.51773053382	0.340155945419	338	10	54	0	233	0.408056042032
0.519495244353	0.33918128655	339	10	54	0	233	0.407342657343
0.52034116242	0.340155945419	340	10	54	0	233	0.406631762653
0.522036907987	0.340155945419	341	10	54	0	233	0.405923344948
0.522763554427	0.340155945419	342	10	54	0	233	0.405217391304
0.52367575917	0.341130604288	343	10	54	0	233	0.404513888889
0.523977805085	0.341130604288	344	10	54	0	233	0.403812824957
0.524101836011	0.342105263158	345	10	54	0	233	0.403114186851
0.524324222786	0.343079922027	346	10	54	0	233	0.402417962003
0.527684835191	0.342105263158	347	10	54	0	233	0.401724137931
0.529581582427	0.343079922027	348	10	54	0	233	0.401032702238
0.530063280086	0.344054580897	349	10	54	0	233	0.400343642612
0.530264023006	0.345029239766	350	10	54	0	233	0.399656946827
0.530398089509	0.346003898635	351	10	54	0	233	0.39897260274
0.530783143993	0.346003898635	352	10	54	0	233	0.398290598291
0.53217638811	0.346978557505	353	10	54	0	233	0.397610921502
0.532968655436	0.347953216374	354	10	54	0	233	0.396933560477
0.533270863456	0.347953216374	355	10	54	0	233	0.396258503401
0.533846085744	0.348927875244	356	10	54	0	233	0.39558573854
0.533949131724	0.348927875244	357	10	54	0	233	0.394915254237
0.536715533133	0.348927875244	358	10	54	0	233	0.394247038917
0.537662812958	0.347953216374	359	10	54	0	233	0.393581081081
0.538419290818	0.348927875244	360	10	54	0	233	0.392917369309
0.538976587021	0.349902534113	361	10	54	0	233	0.392255892256
0.54356132661	0.350877192982	362	10	54	0	233	0.391596638655
0.544647811753	0.350877192982	363	10	54	0	233	0.390939597315
0.544757458317	0.349902534113	364	10	54	0	233	0.390284757119
0.546373257855	0.350877192982	365	10	54	0	233	0.389632107023
0.547579941057	0.351851851852	366	10	54	0	233	0.38898163606
0.548019562924	0.352826510721	367	10	54	0	233	0.388333333333
0.549251568604	0.245614035088	367	11	195	0	343	0.483098591549
0.551649564364	0.246588693957	368	11	195	0	343	0.482419127989
0.55457361235	0.247563352827	369	11	195	0	343	0.481741573034
0.555546088133	0.248538011696	370	11	195	0	343	0.481065918654
0.55573884837	0.249512670565	371	11	195	0	343	0.480392156863
0.557423482899	0.250487329435	372	11	195	0	343	0.47972027972
0.558199348331	0.251461988304	373	11	195	0	343	0.47905027933
0.561330470698	0.252436647173	374	11	195	0	343	0.478382147838
0.563349225001	0.253411306043	375	11	195	0	343	0.477715877437
0.564116695873	0.254385964912	376	11	195	0	343	0.477051460362
0.564447362784	0.255360623782	377	11	195	0	343	0.476388888889
0.565665237856	0.256335282651	378	11	195	0	343	0.47572815534
0.565888253739	0.25730994152	379	11	195	0	343	0.475069252078
0.566579922579	0.25730994152	380	11	195	0	343	0.474412171508
0.570907742407	0.25828460039	381	11	195	0	343	0.473756906077
0.571488643274	0.259259259259	382	11	195	0	343	0.473103448276
0.572920288656	0.259259259259	383	11	195	0	343	0.472451790634
0.575472213458	0.259259259259	384	11	195	0	343	0.471801925722
0.577165544858	0.259259259259	385	11	195	0	343	0.471153846154
0.577352159811	0.260233918129	386	11	195	0	343	0.470507544582
0.579979235204	0.261208576998	387	11	195	0	343	0.469863013699
0.580204143792	0.262183235867	388	11	195	0	343	0.469220246238
0.584349769952	0.262183235867	389	11	195	0	343	0.468579234973
0.585520897149	0.263157894737	390	11	195	0	343	0.467939972715
0.585788981641	0.264132553606	391	11	195	0	343	0.467302452316
0.586226708004	0.264132553606	392	11	195	0	343	0.466666666667
0.586623001722	0.265107212476	393	11	195	0	343	0.466032608696
0.586935425003	0.265107212476	394	11	195	0	343	0.46540027137
0.587570702281	0.266081871345	395	11	195	0	343	0.464769647696
0.588446773191	0.267056530214	396	11	195	0	343	0.464140730717
0.588938342848	0.268031189084	397	11	195	0	343	0.463513513514
0.590155117526	0.268031189084	398	11	195	0	343	0.462887989204
0.591894000244	0.268031189084	399	11	195	0	343	0.462264150943
0.592187608803	0.267056530214	400	11	195	0	343	0.461641991925
0.593848778086	0.267056530214	401	11	195	0	343	0.461021505376
0.597919928195	0.266081871345	402	11	195	0	343	0.460402684564
0.598947438553	0.267056530214	403	11	195	0	343	0.459785522788
0.59930486906	0.268031189084	404	11	195	0	343	0.459170013387
0.603107788076	0.268031189084	405	11	195	0	343	0.458556149733
0.605607732592	0.269005847953	406	11	195	0	343	0.457943925234
0.609419113488	0.269980506823	407	11	195	0	343	0.457333333333
0.609553644405	0.269005847953	408	11	195	0	343	0.45672436751
0.610209556156	0.269980506823	409	11	195	0	343	0.456117021277
0.611606363408	0.269005847953	410	11	195	0	343	0.455511288181
0.61179583931	0.269980506823	411	11	195	0	343	0.454907161804
0.613341069883	0.270955165692	412	11	195	0	343	0.454304635762
0.614771840868	0.269980506823	413	11	195	0	343	0.453703703704
0.617274550959	0.270955165692	414	11	195	0	343	0.453104359313
0.617921292829	0.271929824561	415	11	195	0	343	0.452506596306
0.61829361748	0.272904483431	416	11	195	0	343	0.451910408432
0.618352356912	0.2738791423	417	11	195	0	343	0.451315789474
0.618514026552	0.27485380117	418	11	195	0	343	0.450722733246
0.619548495632	0.275828460039	419	11	195	0	343	0.450131233596
0.619686150287	0.275828460039	420	11	195	0	343	0.449541284404
0.622715841268	0.276803118908	421	11	195	0	343	0.448952879581
0.623294466841	0.275828460039	422	11	195	0	343	0.448366013072
0.624461749323	0.275828460039	423	11	195	0	343	0.447780678851
0.624740201797	0.276803118908	424	11	195	0	343	0.447196870926
0.625433935487	0.275828460039	425	11	195	0	343	0.446614583333
0.626937793685	0.276803118908	426	11	195	0	343	0.446033810143
0.628251588655	0.277777777778	427	11	195	0	343	0.445454545455
0.628635233097	0.277777777778	428	11	195	0	343	0.444876783398
0.629165863098	0.276803118908	429	11	195	0	343	0.444300518135
0.629226750322	0.277777777778	430	11	195	0	343	0.443725743855
0.630103761792	0.278752436647	431	11	195	0	343	0.44315245478
0.632320087095	0.279727095517	432	11	195	0	343	0.442580645161
0.634984748785	0.279727095517	433	11	195	0	343	0.442010309278
0.636123001473	0.278752436647	434	11	195	0	343	0.441441441441
0.640193410717	0.279727095517	435	11	195	0	343	0.44087403599
0.640474969853	0.280701754386	436	11	195	0	343	0.440308087291
0.641410849363	0.281676413255	437	11	195	0	343	0.439743589744
0.641791151235	0.282651072125	438	11	195	0	343	0.439180537772
0.643269431382	0.2738791423	438	12	15	0	352	0.445569620253
0.647709773726	0.2738791423	439	12	15	0	352	0.445006321113
0.649064584302	0.27485380117	440	12	15	0	352	0.444444444444
0.650335939983	0.27485380117	441	12	15	0	352	0.443883984868
0.651115363191	0.27485380117	442	12	15	0	352	0.443324937028
0.652607748604	0.275828460039	443	12	15	0	352	0.442767295597
0.652838698492	0.275828460039	444	12	15	0	352	0.442211055276
0.655680050082	0.276803118908	445	12	15	0	352	0.44165621079
0.659212756365	0.275828460039	446	12	15	0	352	0.441102756892
0.666291560832	0.276803118908	447	12	15	0	352	0.44055068836
0.666396882973	0.277777777778	448	12	15	0	352	0.44
0.666815824951	0.277777777778	449	12	15	0	352	0.439450686642
0.668789431658	0.278752436647	450	12	15	0	352	0.438902743142
0.670352284314	0.278752436647	451	12	15	0	352	0.438356164384
0.670744516944	0.279727095517	452	12	15	0	352	0.437810945274
0.672042081698	0.280701754386	453	12	15	0	352	0.437267080745
0.672136903297	0.281676413255	454	12	15	0	352	0.436724565757
0.673222144714	0.282651072125	455	12	15	0	352	0.436183395291
0.675829650305	0.283625730994	456	12	15	0	352	0.435643564356
0.67666587518	0.284600389864	457	12	15	0	352	0.435105067985
0.677639822558	0.285575048733	458	12	15	0	352	0.434567901235
0.679069743216	0.284600389864	459	12	15	0	352	0.434032059186
0.683169779177	0.285575048733	460	12	15	0	352	0.433497536946
0.683417058706	0.286549707602	461	12	15	0	352	0.432964329643
0.684426215219	0.287524366472	462	12	15	0	352	0.432432432432
0.685307169194	0.288499025341	463	12	15	0	352	0.431901840491
0.685560755296	0.289473684211	464	12	15	0	352	0.43137254902
0.690677721648	0.29044834308	465	12	15	0	352	0.430844553244
