# time 	 divergence 	 # of mutations 	 # IGC chances 	 IGC length 	 # IGC failures 	 Changes due to IGC  	 % change due to IGC 
0.0	0.183870967742	0	0	0	0	0	0.0
0.00194703636747	0.184946236559	1	0	0	0	0	0.0
0.00210209520915	0.184946236559	2	0	0	0	0	0.0
0.00281114286705	0.186021505376	3	0	0	0	0	0.0
0.00383914271396	0.187096774194	4	0	0	0	0	0.0
0.0065941945645	0.188172043011	5	0	0	0	0	0.0
0.00689626518594	0.189247311828	6	0	0	0	0	0.0
0.00714436237385	0.190322580645	7	0	0	0	0	0.0
0.00717117553836	0.191397849462	8	0	0	0	0	0.0
0.00960285188118	0.19247311828	9	0	0	0	0	0.0
0.0188848976394	0.193548387097	10	0	0	0	0	0.0
0.0191446849033	0.193548387097	11	0	0	0	0	0.0
0.0197695005851	0.193548387097	12	0	0	0	0	0.0
0.020626261465	0.194623655914	13	0	0	0	0	0.0
0.0216370452872	0.195698924731	14	0	0	0	0	0.0
0.0222424189054	0.195698924731	15	0	0	0	0	0.0
0.0229955460829	0.196774193548	16	0	0	0	0	0.0
0.0238229242348	0.197849462366	17	0	0	0	0	0.0
0.0248241394737	0.198924731183	18	0	0	0	0	0.0
0.025778675873	0.198924731183	19	0	0	0	0	0.0
0.0267780244695	0.2	20	0	0	0	0	0.0
0.0292329440001	0.201075268817	21	0	0	0	0	0.0
0.0306554679403	0.202150537634	22	0	0	0	0	0.0
0.0309600110136	0.203225806452	23	0	0	0	0	0.0
0.0310101111769	0.204301075269	24	0	0	0	0	0.0
0.0329891907706	0.205376344086	25	0	0	0	0	0.0
0.0330543824986	0.206451612903	26	0	0	0	0	0.0
0.0334353818048	0.20752688172	27	0	0	0	0	0.0
0.0377033880359	0.20752688172	28	0	0	0	0	0.0
0.0384691789932	0.208602150538	29	0	0	0	0	0.0
0.039281054266	0.208602150538	30	0	0	0	0	0.0
0.0404549716202	0.209677419355	31	0	0	0	0	0.0
0.0432846668049	0.210752688172	32	0	0	0	0	0.0
0.0448818536199	0.211827956989	33	0	0	0	0	0.0
0.0457062545663	0.212903225806	34	0	0	0	0	0.0
0.0478376340923	0.213978494624	35	0	0	0	0	0.0
0.0479217602022	0.215053763441	36	0	0	0	0	0.0
0.050247342768	0.216129032258	37	0	0	0	0	0.0
0.0513004332774	0.217204301075	38	0	0	0	0	0.0
0.0606040646051	0.218279569892	39	0	0	0	0	0.0
0.0620590182434	0.21935483871	40	0	0	0	0	0.0
0.0621915837262	0.220430107527	41	0	0	0	0	0.0
0.063435506355	0.221505376344	42	0	0	0	0	0.0
0.0635377747135	0.220430107527	43	0	0	0	0	0.0
0.0635938957631	0.221505376344	44	0	0	0	0	0.0
0.0636594919736	0.220430107527	45	0	0	0	0	0.0
0.0646680023273	0.221505376344	46	0	0	0	0	0.0
0.0647431374246	0.220430107527	47	0	0	0	0	0.0
0.0701049021159	0.221505376344	48	0	0	0	0	0.0
0.0738974939824	0.222580645161	49	0	0	0	0	0.0
0.0744149645695	0.222580645161	50	0	0	0	0	0.0
0.0756750074678	0.223655913978	51	0	0	0	0	0.0
0.0775729649438	0.223655913978	52	0	0	0	0	0.0
0.0782582556166	0.224731182796	53	0	0	0	0	0.0
0.0786038413161	0.225806451613	54	0	0	0	0	0.0
0.0792455720229	0.22688172043	55	0	0	0	0	0.0
0.0803619691517	0.227956989247	56	0	0	0	0	0.0
0.081471283236	0.229032258065	57	0	0	0	0	0.0
0.0858249727861	0.230107526882	58	0	0	0	0	0.0
0.0862180158514	0.231182795699	59	0	0	0	0	0.0
0.0862598401661	0.231182795699	60	0	0	0	0	0.0
0.0915898932697	0.231182795699	61	0	0	0	0	0.0
0.0938512474386	0.230107526882	62	0	0	0	0	0.0
0.096638037927	0.231182795699	63	0	0	0	0	0.0
0.0984774943025	0.232258064516	64	0	0	0	0	0.0
0.101156337775	0.232258064516	65	0	0	0	0	0.0
0.101796959785	0.233333333333	66	0	0	0	0	0.0
0.10191908672	0.234408602151	67	0	0	0	0	0.0
0.102558225633	0.235483870968	68	0	0	0	0	0.0
0.102813541256	0.236559139785	69	0	0	0	0	0.0
0.103277544427	0.237634408602	70	0	0	0	0	0.0
0.104706762004	0.237634408602	71	0	0	0	0	0.0
0.105844257062	0.238709677419	72	0	0	0	0	0.0
0.108879841041	0.239784946237	73	0	0	0	0	0.0
0.111699412948	0.240860215054	74	0	0	0	0	0.0
0.112544807547	0.241935483871	75	0	0	0	0	0.0
0.115058492439	0.240860215054	76	0	0	0	0	0.0
0.115244571872	0.241935483871	77	0	0	0	0	0.0
0.115493738571	0.243010752688	78	0	0	0	0	0.0
0.117210232901	0.244086021505	79	0	0	0	0	0.0
0.117950241182	0.245161290323	80	0	0	0	0	0.0
0.119822017228	0.24623655914	81	0	0	0	0	0.0
0.120438399844	0.24623655914	82	0	0	0	0	0.0
0.121969324353	0.247311827957	83	0	0	0	0	0.0
0.122094435437	0.248387096774	84	0	0	0	0	0.0
0.12416367473	0.249462365591	85	0	0	0	0	0.0
0.127723729443	0.250537634409	86	0	0	0	0	0.0
0.128051037722	0.250537634409	87	0	0	0	0	0.0
0.129217750576	0.251612903226	88	0	0	0	0	0.0
0.131300132447	0.252688172043	89	0	0	0	0	0.0
0.13355356805	0.252688172043	90	0	0	0	0	0.0
0.133639998071	0.252688172043	91	0	0	0	0	0.0
0.135968128226	0.251612903226	92	0	0	0	0	0.0
0.137042075985	0.252688172043	93	0	0	0	0	0.0
0.138266034914	0.251612903226	94	0	0	0	0	0.0
0.143216884941	0.251612903226	95	0	0	0	0	0.0
0.144550716353	0.252688172043	96	0	0	0	0	0.0
0.145949410122	0.25376344086	97	0	0	0	0	0.0
0.146610957557	0.254838709677	98	0	0	0	0	0.0
0.147758959007	0.255913978495	99	0	0	0	0	0.0
0.148774120073	0.256989247312	100	0	0	0	0	0.0
0.150806274819	0.258064516129	101	0	0	0	0	0.0
0.1527307522	0.256989247312	102	0	0	0	0	0.0
0.153450172588	0.258064516129	103	0	0	0	0	0.0
0.15706197221	0.259139784946	104	0	0	0	0	0.0
0.16486094991	0.260215053763	105	0	0	0	0	0.0
0.164874539997	0.259139784946	106	0	0	0	0	0.0
0.169728025751	0.259139784946	107	0	0	0	0	0.0
0.172568085615	0.259139784946	108	0	0	0	0	0.0
0.172636141331	0.260215053763	109	0	0	0	0	0.0
0.173371758242	0.261290322581	110	0	0	0	0	0.0
0.173967582356	0.262365591398	111	0	0	0	0	0.0
0.174553691701	0.263440860215	112	0	0	0	0	0.0
0.175301331197	0.264516129032	113	0	0	0	0	0.0
0.176469561376	0.265591397849	114	0	0	0	0	0.0
0.177684554841	0.265591397849	115	0	0	0	0	0.0
0.178281165305	0.265591397849	116	0	0	0	0	0.0
0.179725717413	0.266666666667	117	0	0	0	0	0.0
0.180339821331	0.267741935484	118	0	0	0	0	0.0
0.180466010291	0.268817204301	119	0	0	0	0	0.0
0.180480333286	0.269892473118	120	0	0	0	0	0.0
0.182069723638	0.270967741935	121	0	0	0	0	0.0
0.182443221629	0.272043010753	122	0	0	0	0	0.0
0.18320510023	0.27311827957	123	0	0	0	0	0.0
0.185619503668	0.274193548387	124	0	0	0	0	0.0
0.187984204765	0.275268817204	125	0	0	0	0	0.0
0.190655122495	0.276344086022	126	0	0	0	0	0.0
0.190887893558	0.277419354839	127	0	0	0	0	0.0
0.193519200508	0.278494623656	128	0	0	0	0	0.0
0.193551141736	0.278494623656	129	0	0	0	0	0.0
0.194955402417	0.279569892473	130	0	0	0	0	0.0
0.195195382579	0.28064516129	131	0	0	0	0	0.0
0.196567217152	0.279569892473	132	0	0	0	0	0.0
0.19686173801	0.28064516129	133	0	0	0	0	0.0
0.19846151499	0.28064516129	134	0	0	0	0	0.0
0.19970184972	0.281720430108	135	0	0	0	0	0.0
0.202658091275	0.282795698925	136	0	0	0	0	0.0
0.203223288414	0.283870967742	137	0	0	0	0	0.0
0.205993282835	0.284946236559	138	0	0	0	0	0.0
0.207849946004	0.284946236559	139	0	0	0	0	0.0
0.209529272622	0.286021505376	140	0	0	0	0	0.0
0.209608519233	0.287096774194	141	0	0	0	0	0.0
0.209784873111	0.288172043011	142	0	0	0	0	0.0
0.210005787652	0.288172043011	143	0	0	0	0	0.0
0.210258367636	0.289247311828	144	0	0	0	0	0.0
0.210975655483	0.289247311828	145	0	0	0	0	0.0
0.211044484161	0.290322580645	146	0	0	0	0	0.0
0.212006084744	0.291397849462	147	0	0	0	0	0.0
0.212891607712	0.29247311828	148	0	0	0	0	0.0
0.214498910461	0.291397849462	149	0	0	0	0	0.0
0.216761986279	0.29247311828	150	0	0	0	0	0.0
0.219723782318	0.29247311828	151	0	0	0	0	0.0
0.21986338696	0.293548387097	152	0	0	0	0	0.0
0.221037312982	0.293548387097	153	0	0	0	0	0.0
0.221881418992	0.294623655914	154	0	0	0	0	0.0
0.224168530215	0.295698924731	155	0	0	0	0	0.0
0.226212690512	0.295698924731	156	0	0	0	0	0.0
0.22628851483	0.296774193548	157	0	0	0	0	0.0
0.228016499054	0.295698924731	158	0	0	0	0	0.0
0.228480647153	0.294623655914	159	0	0	0	0	0.0
0.228745975593	0.295698924731	160	0	0	0	0	0.0
0.235741697513	0.296774193548	161	0	0	0	0	0.0
0.237518593764	0.297849462366	162	0	0	0	0	0.0
0.240053955147	0.298924731183	163	0	0	0	0	0.0
0.242238289667	0.3	164	0	0	0	0	0.0
0.243070967543	0.301075268817	165	0	0	0	0	0.0
0.243435784593	0.301075268817	166	0	0	0	0	0.0
0.244049870353	0.302150537634	167	0	0	0	0	0.0
0.246324101861	0.302150537634	168	0	0	0	0	0.0
0.250213733962	0.303225806452	169	0	0	0	0	0.0
0.257307202216	0.303225806452	170	0	0	0	0	0.0
0.257595716849	0.304301075269	171	0	0	0	0	0.0
0.258471904289	0.304301075269	172	0	0	0	0	0.0
0.260933963108	0.304301075269	173	0	0	0	0	0.0
0.261145998788	0.304301075269	174	0	0	0	0	0.0
0.263659854142	0.305376344086	175	0	0	0	0	0.0
0.264676007518	0.306451612903	176	0	0	0	0	0.0
0.264730773142	0.30752688172	177	0	0	0	0	0.0
0.267426516272	0.308602150538	178	0	0	0	0	0.0
0.268103399855	0.309677419355	179	0	0	0	0	0.0
0.268390299771	0.310752688172	180	0	0	0	0	0.0
0.269598016795	0.311827956989	181	0	0	0	0	0.0
0.270304568341	0.310752688172	182	0	0	0	0	0.0
0.270479037128	0.310752688172	183	0	0	0	0	0.0
0.271951394878	0.311827956989	184	0	0	0	0	0.0
0.276030966675	0.310752688172	185	0	0	0	0	0.0
0.282917636106	0.309677419355	186	0	0	0	0	0.0
0.283883144154	0.310752688172	187	0	0	0	0	0.0
0.283952011166	0.310752688172	188	0	0	0	0	0.0
0.284752564373	0.311827956989	189	0	0	0	0	0.0
0.285484538529	0.312903225806	190	0	0	0	0	0.0
0.28860868833	0.312903225806	191	0	0	0	0	0.0
0.288853798089	0.312903225806	192	0	0	0	0	0.0
0.289035189149	0.313978494624	193	0	0	0	0	0.0
0.28952045279	0.315053763441	194	0	0	0	0	0.0
0.290666028909	0.316129032258	195	0	0	0	0	0.0
0.29755253165	0.315053763441	196	0	0	0	0	0.0
0.298889835104	0.316129032258	197	0	0	0	0	0.0
0.299071252634	0.317204301075	198	0	0	0	0	0.0
0.299491156209	0.318279569892	199	0	0	0	0	0.0
0.303048671736	0.318279569892	200	0	0	0	0	0.0
0.305333129104	0.31935483871	201	0	0	0	0	0.0
0.306341091103	0.31935483871	202	0	0	0	0	0.0
0.306577499565	0.320430107527	203	0	0	0	0	0.0
0.308898327854	0.321505376344	204	0	0	0	0	0.0
0.311005073049	0.322580645161	205	0	0	0	0	0.0
0.320574695839	0.322580645161	206	0	0	0	0	0.0
0.328216261651	0.322580645161	207	0	0	0	0	0.0
0.328404230811	0.323655913978	208	0	0	0	0	0.0
0.330467663825	0.322580645161	209	0	0	0	0	0.0
0.334236252312	0.322580645161	210	0	0	0	0	0.0
0.334408245847	0.322580645161	211	0	0	0	0	0.0
0.337182689739	0.321505376344	212	0	0	0	0	0.0
0.33766186929	0.322580645161	213	0	0	0	0	0.0
0.3392503194	0.323655913978	214	0	0	0	0	0.0
0.339601804782	0.323655913978	215	0	0	0	0	0.0
0.340418125969	0.320430107527	215	1	6	0	3	0.0137614678899
0.341823804414	0.321505376344	216	1	6	0	3	0.013698630137
0.346273904338	0.322580645161	217	1	6	0	3	0.0136363636364
