# time 	 divergence 	 # of mutations 	 # IGC chances 	 IGC length 	 # IGC failures 	 Changes due to IGC  	 % change due to IGC 
0.0	0.449462365591	0	0	0	0	0	0.0
0.00165241512275	0.450537634409	1	0	0	0	0	0.0
0.00351615318008	0.451612903226	2	0	0	0	0	0.0
0.00509848541205	0.450537634409	3	0	0	0	0	0.0
0.00674987607618	0.451612903226	4	0	0	0	0	0.0
0.00917661081675	0.450537634409	5	0	0	0	0	0.0
0.00966752646819	0.451612903226	6	0	0	0	0	0.0
0.0111529570382	0.452688172043	7	0	0	0	0	0.0
0.0116853474094	0.451612903226	8	0	0	0	0	0.0
0.0133049010402	0.451612903226	9	0	0	0	0	0.0
0.0138496856154	0.452688172043	10	0	0	0	0	0.0
0.0158170871592	0.45376344086	11	0	0	0	0	0.0
0.0166729140244	0.454838709677	12	0	0	0	0	0.0
0.0177202565257	0.455913978495	13	0	0	0	0	0.0
0.017818051639	0.455913978495	14	0	0	0	0	0.0
0.0212198508667	0.455913978495	15	0	0	0	0	0.0
0.025929875861	0.456989247312	16	0	0	0	0	0.0
0.0310405912514	0.458064516129	17	0	0	0	0	0.0
0.0376473012734	0.459139784946	18	0	0	0	0	0.0
0.0379068276133	0.460215053763	19	0	0	0	0	0.0
0.0390229742999	0.461290322581	20	0	0	0	0	0.0
0.039122148686	0.462365591398	21	0	0	0	0	0.0
0.0396105646867	0.462365591398	22	0	0	0	0	0.0
0.039755678171	0.462365591398	23	0	0	0	0	0.0
0.040476797353	0.463440860215	24	0	0	0	0	0.0
0.0415222918398	0.464516129032	25	0	0	0	0	0.0
0.0424997930929	0.464516129032	26	0	0	0	0	0.0
0.0457073489817	0.465591397849	27	0	0	0	0	0.0
0.0459229899644	0.465591397849	28	0	0	0	0	0.0
0.0483627712206	0.466666666667	29	0	0	0	0	0.0
0.0484547988155	0.467741935484	30	0	0	0	0	0.0
0.0488446711096	0.468817204301	31	0	0	0	0	0.0
0.0489763665696	0.469892473118	32	0	0	0	0	0.0
0.0492923270201	0.468817204301	33	0	0	0	0	0.0
0.05232372414	0.468817204301	34	0	0	0	0	0.0
0.052846041288	0.469892473118	35	0	0	0	0	0.0
0.056030491293	0.470967741935	36	0	0	0	0	0.0
0.0560389922003	0.469892473118	37	0	0	0	0	0.0
0.0570746475165	0.470967741935	38	0	0	0	0	0.0
0.0578830636745	0.472043010753	39	0	0	0	0	0.0
0.0584150833636	0.472043010753	40	0	0	0	0	0.0
0.0587975284728	0.470967741935	41	0	0	0	0	0.0
0.0609766394425	0.469892473118	42	0	0	0	0	0.0
0.062029270077	0.468817204301	43	0	0	0	0	0.0
0.0625218771701	0.467741935484	44	0	0	0	0	0.0
0.0659644256429	0.467741935484	45	0	0	0	0	0.0
0.0667818563565	0.466666666667	46	0	0	0	0	0.0
0.0679747261301	0.466666666667	47	0	0	0	0	0.0
0.0701898716569	0.465591397849	48	0	0	0	0	0.0
0.071608387089	0.466666666667	49	0	0	0	0	0.0
0.0737427429567	0.465591397849	50	0	0	0	0	0.0
0.0754822194132	0.466666666667	51	0	0	0	0	0.0
0.0781636860454	0.467741935484	52	0	0	0	0	0.0
0.0787246060047	0.467741935484	53	0	0	0	0	0.0
0.079689866444	0.468817204301	54	0	0	0	0	0.0
0.0809646144572	0.468817204301	55	0	0	0	0	0.0
0.081662877003	0.468817204301	56	0	0	0	0	0.0
0.0821289142845	0.468817204301	57	0	0	0	0	0.0
0.0841722867769	0.468817204301	58	0	0	0	0	0.0
0.0844314850905	0.468817204301	59	0	0	0	0	0.0
0.0855389700027	0.468817204301	60	0	0	0	0	0.0
0.0895191991846	0.469892473118	61	0	0	0	0	0.0
0.0914086638426	0.469892473118	62	0	0	0	0	0.0
0.0935815448179	0.469892473118	63	0	0	0	0	0.0
0.0936139900202	0.470967741935	64	0	0	0	0	0.0
0.0936638964867	0.470967741935	65	0	0	0	0	0.0
0.100381089264	0.470967741935	66	0	0	0	0	0.0
0.100598611662	0.469892473118	67	0	0	0	0	0.0
0.106347130582	0.470967741935	68	0	0	0	0	0.0
0.106839409189	0.470967741935	69	0	0	0	0	0.0
0.107803138753	0.469892473118	70	0	0	0	0	0.0
0.108345628713	0.468817204301	71	0	0	0	0	0.0
0.113176676387	0.469892473118	72	0	0	0	0	0.0
0.11423652048	0.469892473118	73	0	0	0	0	0.0
0.11468339942	0.470967741935	74	0	0	0	0	0.0
0.119382254331	0.469892473118	75	0	0	0	0	0.0
0.121044878566	0.468817204301	76	0	0	0	0	0.0
0.12283174724	0.469892473118	77	0	0	0	0	0.0
0.123171618636	0.470967741935	78	0	0	0	0	0.0
0.124654581156	0.470967741935	79	0	0	0	0	0.0
0.125286645968	0.472043010753	80	0	0	0	0	0.0
0.127151663172	0.472043010753	81	0	0	0	0	0.0
0.128640732663	0.472043010753	82	0	0	0	0	0.0
0.13202285753	0.47311827957	83	0	0	0	0	0.0
0.132511828576	0.474193548387	84	0	0	0	0	0.0
0.132714556183	0.47311827957	85	0	0	0	0	0.0
0.133060779067	0.474193548387	86	0	0	0	0	0.0
0.133365401078	0.474193548387	87	0	0	0	0	0.0
0.135768536658	0.474193548387	88	0	0	0	0	0.0
0.136196290283	0.474193548387	89	0	0	0	0	0.0
0.136571889389	0.474193548387	90	0	0	0	0	0.0
0.138155470466	0.475268817204	91	0	0	0	0	0.0
0.140714255355	0.476344086022	92	0	0	0	0	0.0
0.142425370051	0.476344086022	93	0	0	0	0	0.0
0.144013875772	0.475268817204	94	0	0	0	0	0.0
0.145096093924	0.476344086022	95	0	0	0	0	0.0
0.145467564354	0.477419354839	96	0	0	0	0	0.0
0.147354117862	0.478494623656	97	0	0	0	0	0.0
0.147808682803	0.479569892473	98	0	0	0	0	0.0
0.151586676693	0.48064516129	99	0	0	0	0	0.0
0.152242399949	0.479569892473	100	0	0	0	0	0.0
0.153282028001	0.479569892473	101	0	0	0	0	0.0
0.155431487072	0.48064516129	102	0	0	0	0	0.0
0.158263155381	0.479569892473	103	0	0	0	0	0.0
0.161830201314	0.478494623656	104	0	0	0	0	0.0
0.162252700591	0.479569892473	105	0	0	0	0	0.0
0.168316393129	0.479569892473	106	0	0	0	0	0.0
0.169107694462	0.479569892473	107	0	0	0	0	0.0
0.169899164739	0.479569892473	108	0	0	0	0	0.0
0.170940283371	0.48064516129	109	0	0	0	0	0.0
0.171277014646	0.48064516129	110	0	0	0	0	0.0
0.172492570747	0.48064516129	111	0	0	0	0	0.0
0.173221178146	0.48064516129	112	0	0	0	0	0.0
0.173921330377	0.48064516129	113	0	0	0	0	0.0
0.176574150624	0.48064516129	114	0	0	0	0	0.0
0.177646893824	0.48064516129	115	0	0	0	0	0.0
0.179480703785	0.481720430108	116	0	0	0	0	0.0
0.181364728858	0.482795698925	117	0	0	0	0	0.0
0.18146967882	0.482795698925	118	0	0	0	0	0.0
0.182557530163	0.482795698925	119	0	0	0	0	0.0
0.185265134827	0.481720430108	120	0	0	0	0	0.0
0.190570641977	0.482795698925	121	0	0	0	0	0.0
0.191106087479	0.483870967742	122	0	0	0	0	0.0
0.19111629413	0.484946236559	123	0	0	0	0	0.0
0.192422667385	0.486021505376	124	0	0	0	0	0.0
0.193232511384	0.486021505376	125	0	0	0	0	0.0
0.195092948197	0.484946236559	126	0	0	0	0	0.0
0.195518810251	0.483870967742	127	0	0	0	0	0.0
0.196676211143	0.484946236559	128	0	0	0	0	0.0
0.198359080176	0.484946236559	129	0	0	0	0	0.0
0.199063360398	0.484946236559	130	0	0	0	0	0.0
0.200436805871	0.484946236559	131	0	0	0	0	0.0
0.200622471849	0.486021505376	132	0	0	0	0	0.0
0.203563592056	0.486021505376	133	0	0	0	0	0.0
0.207428064945	0.487096774194	134	0	0	0	0	0.0
0.208137973151	0.487096774194	135	0	0	0	0	0.0
0.210321821793	0.487096774194	136	0	0	0	0	0.0
0.211129859595	0.487096774194	137	0	0	0	0	0.0
0.211227725629	0.487096774194	138	0	0	0	0	0.0
0.21802731191	0.487096774194	139	0	0	0	0	0.0
0.220835754074	0.487096774194	140	0	0	0	0	0.0
0.22122229688	0.487096774194	141	0	0	0	0	0.0
0.224401774909	0.488172043011	142	0	0	0	0	0.0
0.225085782147	0.488172043011	143	0	0	0	0	0.0
0.225500259127	0.488172043011	144	0	0	0	0	0.0
0.226406033353	0.489247311828	145	0	0	0	0	0.0
0.228212672135	0.489247311828	146	0	0	0	0	0.0
0.229740325585	0.490322580645	147	0	0	0	0	0.0
0.230520075479	0.489247311828	148	0	0	0	0	0.0
0.230942559029	0.490322580645	149	0	0	0	0	0.0
0.231932245	0.490322580645	150	0	0	0	0	0.0
0.232082241214	0.491397849462	151	0	0	0	0	0.0
0.236032441335	0.491397849462	152	0	0	0	0	0.0
0.236430573917	0.491397849462	153	0	0	0	0	0.0
0.237172532919	0.49247311828	154	0	0	0	0	0.0
0.239385476544	0.49247311828	155	0	0	0	0	0.0
0.239408577791	0.49247311828	156	0	0	0	0	0.0
0.245044238648	0.491397849462	157	0	0	0	0	0.0
0.252026048439	0.49247311828	158	0	0	0	0	0.0
0.252869863029	0.49247311828	159	0	0	0	0	0.0
0.25289662204	0.493548387097	160	0	0	0	0	0.0
0.25418556571	0.49247311828	161	0	0	0	0	0.0
0.258464582048	0.493548387097	162	0	0	0	0	0.0
0.263823601584	0.494623655914	163	0	0	0	0	0.0
0.267575659013	0.494623655914	164	0	0	0	0	0.0
0.268074287906	0.495698924731	165	0	0	0	0	0.0
0.270724277285	0.495698924731	166	0	0	0	0	0.0
0.272720159019	0.496774193548	167	0	0	0	0	0.0
0.273656324552	0.496774193548	168	0	0	0	0	0.0
0.275311605585	0.497849462366	169	0	0	0	0	0.0
0.28051241478	0.498924731183	170	0	0	0	0	0.0
0.280715241697	0.497849462366	171	0	0	0	0	0.0
0.281100834445	0.496774193548	172	0	0	0	0	0.0
0.282343457132	0.497849462366	173	0	0	0	0	0.0
0.2836136867	0.498924731183	174	0	0	0	0	0.0
0.28497263479	0.5	175	0	0	0	0	0.0
0.288043780018	0.5	176	0	0	0	0	0.0
0.288687883213	0.5	177	0	0	0	0	0.0
0.288709312425	0.501075268817	178	0	0	0	0	0.0
0.288965193181	0.501075268817	179	0	0	0	0	0.0
0.289575818818	0.5	180	0	0	0	0	0.0
0.300286145654	0.501075268817	181	0	0	0	0	0.0
0.302508927499	0.501075268817	182	0	0	0	0	0.0
0.306484750666	0.5	183	0	0	0	0	0.0
0.306852475389	0.498924731183	184	0	0	0	0	0.0
0.310136327896	0.5	185	0	0	0	0	0.0
0.310652336278	0.501075268817	186	0	0	0	0	0.0
0.311297266645	0.502150537634	187	0	0	0	0	0.0
0.312359100851	0.502150537634	188	0	0	0	0	0.0
0.316129639133	0.503225806452	189	0	0	0	0	0.0
0.322868484466	0.502150537634	190	0	0	0	0	0.0
0.324178116826	0.501075268817	191	0	0	0	0	0.0
0.327898663433	0.502150537634	192	0	0	0	0	0.0
0.329890646159	0.503225806452	193	0	0	0	0	0.0
0.330641674918	0.504301075269	194	0	0	0	0	0.0
0.332717259482	0.504301075269	195	0	0	0	0	0.0
0.333221311208	0.504301075269	196	0	0	0	0	0.0
0.341447338175	0.504301075269	197	0	0	0	0	0.0
0.341646587427	0.504301075269	198	0	0	0	0	0.0
0.343852579846	0.505376344086	199	0	0	0	0	0.0
0.346258952819	0.506451612903	200	0	0	0	0	0.0
0.350363343141	0.50752688172	201	0	0	0	0	0.0
0.351233425303	0.50752688172	202	0	0	0	0	0.0
0.353935417742	0.506451612903	203	0	0	0	0	0.0
0.354974220553	0.50752688172	204	0	0	0	0	0.0
0.354980596167	0.50752688172	205	0	0	0	0	0.0
0.355737827086	0.508602150538	206	0	0	0	0	0.0
0.357346239563	0.509677419355	207	0	0	0	0	0.0
0.357632649835	0.508602150538	208	0	0	0	0	0.0
0.358462858454	0.508602150538	209	0	0	0	0	0.0
0.359857659372	0.50752688172	210	0	0	0	0	0.0
0.361697459902	0.50752688172	211	0	0	0	0	0.0
0.362365497337	0.506451612903	212	0	0	0	0	0.0
0.362625918566	0.50752688172	213	0	0	0	0	0.0
0.362989157139	0.506451612903	214	0	0	0	0	0.0
0.366356001975	0.50752688172	215	0	0	0	0	0.0
0.366512049269	0.508602150538	216	0	0	0	0	0.0
0.366664938704	0.509677419355	217	0	0	0	0	0.0
0.368674942948	0.510752688172	218	0	0	0	0	0.0
0.370261413366	0.510752688172	219	0	0	0	0	0.0
0.370679925505	0.510752688172	220	0	0	0	0	0.0
0.372026369938	0.511827956989	221	0	0	0	0	0.0
0.372142454956	0.511827956989	222	0	0	0	0	0.0
0.372481074441	0.511827956989	223	0	0	0	0	0.0
0.377258746129	0.510752688172	224	0	0	0	0	0.0
0.37823056129	0.511827956989	225	0	0	0	0	0.0
0.381002020069	0.511827956989	226	0	0	0	0	0.0
0.383846607813	0.511827956989	227	0	0	0	0	0.0
0.386981770936	0.512903225806	228	0	0	0	0	0.0
0.387491053812	0.512903225806	229	0	0	0	0	0.0
0.390280417034	0.512903225806	230	0	0	0	0	0.0
0.391849765996	0.512903225806	231	0	0	0	0	0.0
0.394195984619	0.511827956989	232	0	0	0	0	0.0
0.39515575376	0.512903225806	233	0	0	0	0	0.0
0.397186781951	0.512903225806	234	0	0	0	0	0.0
0.398145253867	0.512903225806	235	0	0	0	0	0.0
0.401775856874	0.512903225806	236	0	0	0	0	0.0
0.401862677653	0.511827956989	237	0	0	0	0	0.0
0.403477498423	0.510752688172	238	0	0	0	0	0.0
0.403873801362	0.509677419355	239	0	0	0	0	0.0
0.406736950843	0.508602150538	240	0	0	0	0	0.0
0.408912360161	0.508602150538	241	0	0	0	0	0.0
0.409895647181	0.509677419355	242	0	0	0	0	0.0
0.409929250729	0.510752688172	243	0	0	0	0	0.0
0.412185198227	0.511827956989	244	0	0	0	0	0.0
0.412776717522	0.511827956989	245	0	0	0	0	0.0
0.413843976145	0.510752688172	246	0	0	0	0	0.0
0.4140401179	0.511827956989	247	0	0	0	0	0.0
0.416421551704	0.512903225806	248	0	0	0	0	0.0
0.423812423221	0.512903225806	249	0	0	0	0	0.0
0.431626828779	0.513978494624	250	0	0	0	0	0.0
0.43413188343	0.515053763441	251	0	0	0	0	0.0
0.435709723779	0.515053763441	252	0	0	0	0	0.0
0.43603165248	0.516129032258	253	0	0	0	0	0.0
0.437921131229	0.515053763441	254	0	0	0	0	0.0
0.438746119062	0.516129032258	255	0	0	0	0	0.0
