# time 	 divergence 	 # of mutations 	 # IGC chances 	 IGC length 	 # IGC failures 	 Changes due to IGC  	 % change due to IGC 
0.0	0.678362573099	0	0	0	0	0	0.0
3.47138135367e-05	0.678362573099	1	0	0	0	0	0.0
0.00146072300475	0.67738791423	2	0	0	0	0	0.0
0.00221230802089	0.678362573099	3	0	0	0	0	0.0
0.00249085279403	0.678362573099	4	0	0	0	0	0.0
0.00504748542241	0.679337231969	5	0	0	0	0	0.0
0.00637624429231	0.679337231969	6	0	0	0	0	0.0
0.00728809753149	0.679337231969	7	0	0	0	0	0.0
0.0074074742801	0.680311890838	8	0	0	0	0	0.0
0.00783157062196	0.680311890838	9	0	0	0	0	0.0
0.010090793483	0.681286549708	10	0	0	0	0	0.0
0.0145628450352	0.682261208577	11	0	0	0	0	0.0
0.0153806904947	0.681286549708	12	0	0	0	0	0.0
0.0170163042484	0.681286549708	13	0	0	0	0	0.0
0.0176971461478	0.681286549708	14	0	0	0	0	0.0
0.0250382020607	0.681286549708	15	0	0	0	0	0.0
0.0255560681619	0.681286549708	16	0	0	0	0	0.0
0.0264169659208	0.682261208577	17	0	0	0	0	0.0
0.028430785443	0.681286549708	18	0	0	0	0	0.0
0.030003103724	0.682261208577	19	0	0	0	0	0.0
0.0303431345694	0.683235867446	20	0	0	0	0	0.0
0.0320260145395	0.684210526316	21	0	0	0	0	0.0
0.0323126082096	0.683235867446	22	0	0	0	0	0.0
0.0338072458674	0.683235867446	23	0	0	0	0	0.0
0.0363404408945	0.683235867446	24	0	0	0	0	0.0
0.0371015070767	0.683235867446	25	0	0	0	0	0.0
0.0384926343951	0.683235867446	26	0	0	0	0	0.0
0.0394436544024	0.683235867446	27	0	0	0	0	0.0
0.0405138888091	0.683235867446	28	0	0	0	0	0.0
0.0405941314162	0.683235867446	29	0	0	0	0	0.0
0.043952117645	0.684210526316	30	0	0	0	0	0.0
0.0443089378607	0.683235867446	31	0	0	0	0	0.0
0.0446605467915	0.684210526316	32	0	0	0	0	0.0
0.0453664714403	0.684210526316	33	0	0	0	0	0.0
0.0478245933308	0.685185185185	34	0	0	0	0	0.0
0.0490720998345	0.686159844055	35	0	0	0	0	0.0
0.0494232918813	0.687134502924	36	0	0	0	0	0.0
0.0560630609096	0.688109161793	37	0	0	0	0	0.0
0.0563876983964	0.688109161793	38	0	0	0	0	0.0
0.0574998924059	0.689083820663	39	0	0	0	0	0.0
0.0577623012124	0.690058479532	40	0	0	0	0	0.0
0.0581801916495	0.691033138402	41	0	0	0	0	0.0
0.0593491203807	0.691033138402	42	0	0	0	0	0.0
0.0605679968322	0.692007797271	43	0	0	0	0	0.0
0.0611117379762	0.691033138402	44	0	0	0	0	0.0
0.0643149412798	0.691033138402	45	0	0	0	0	0.0
0.0657863933064	0.692007797271	46	0	0	0	0	0.0
0.0665328885921	0.691033138402	47	0	0	0	0	0.0
0.0665959311999	0.691033138402	48	0	0	0	0	0.0
0.0673650301207	0.691033138402	49	0	0	0	0	0.0
0.0714927423224	0.691033138402	50	0	0	0	0	0.0
0.0729973225726	0.691033138402	51	0	0	0	0	0.0
0.0734653288081	0.691033138402	52	0	0	0	0	0.0
0.0740519805542	0.691033138402	53	0	0	0	0	0.0
0.0742524159788	0.690058479532	54	0	0	0	0	0.0
0.074520781011	0.691033138402	55	0	0	0	0	0.0
0.0768053024784	0.691033138402	56	0	0	0	0	0.0
0.0776951860544	0.691033138402	57	0	0	0	0	0.0
0.0784258972978	0.692007797271	58	0	0	0	0	0.0
0.0794091126149	0.69298245614	59	0	0	0	0	0.0
0.0826717139341	0.69395711501	60	0	0	0	0	0.0
0.0869687071745	0.694931773879	61	0	0	0	0	0.0
0.0901985113785	0.69395711501	62	0	0	0	0	0.0
0.0902286808097	0.694931773879	63	0	0	0	0	0.0
0.0903096137499	0.69395711501	64	0	0	0	0	0.0
0.0905748655957	0.69395711501	65	0	0	0	0	0.0
0.0906998409525	0.69395711501	66	0	0	0	0	0.0
0.0971795604456	0.69298245614	67	0	0	0	0	0.0
0.097210013087	0.69395711501	68	0	0	0	0	0.0
0.0978728539983	0.69395711501	69	0	0	0	0	0.0
0.0989651546888	0.69298245614	70	0	0	0	0	0.0
0.0992140139488	0.69298245614	71	0	0	0	0	0.0
0.100910762855	0.69298245614	72	0	0	0	0	0.0
0.101163512547	0.692007797271	73	0	0	0	0	0.0
0.106775542327	0.692007797271	74	0	0	0	0	0.0
0.108455391897	0.692007797271	75	0	0	0	0	0.0
0.110677900954	0.69298245614	76	0	0	0	0	0.0
0.114380899214	0.69395711501	77	0	0	0	0	0.0
0.115619144788	0.69395711501	78	0	0	0	0	0.0
0.11631162059	0.69298245614	79	0	0	0	0	0.0
0.119044680055	0.69395711501	80	0	0	0	0	0.0
0.122014693625	0.69298245614	81	0	0	0	0	0.0
0.12307978796	0.69395711501	82	0	0	0	0	0.0
0.123488672702	0.69395711501	83	0	0	0	0	0.0
0.124455642489	0.694931773879	84	0	0	0	0	0.0
0.12571466739	0.694931773879	85	0	0	0	0	0.0
0.12581001366	0.694931773879	86	0	0	0	0	0.0
0.125928916198	0.695906432749	87	0	0	0	0	0.0
0.127042469369	0.694931773879	88	0	0	0	0	0.0
0.128700014329	0.695906432749	89	0	0	0	0	0.0
0.128964075084	0.696881091618	90	0	0	0	0	0.0
0.129320112127	0.696881091618	91	0	0	0	0	0.0
0.129368890883	0.696881091618	92	0	0	0	0	0.0
0.129938369989	0.695906432749	93	0	0	0	0	0.0
0.130296839759	0.695906432749	94	0	0	0	0	0.0
0.132634142879	0.696881091618	95	0	0	0	0	0.0
0.13276581374	0.695906432749	96	0	0	0	0	0.0
0.134231150141	0.696881091618	97	0	0	0	0	0.0
0.134581286058	0.697855750487	98	0	0	0	0	0.0
0.136317974264	0.696881091618	99	0	0	0	0	0.0
0.139836913335	0.696881091618	100	0	0	0	0	0.0
0.141653769082	0.697855750487	101	0	0	0	0	0.0
0.143322061501	0.697855750487	102	0	0	0	0	0.0
0.143973365763	0.697855750487	103	0	0	0	0	0.0
0.146841502189	0.697855750487	104	0	0	0	0	0.0
0.146962847204	0.696881091618	105	0	0	0	0	0.0
0.148331864396	0.697855750487	106	0	0	0	0	0.0
0.148854669302	0.698830409357	107	0	0	0	0	0.0
0.14896022665	0.698830409357	108	0	0	0	0	0.0
0.149301700908	0.697855750487	109	0	0	0	0	0.0
0.152403489945	0.698830409357	110	0	0	0	0	0.0
0.152807058207	0.698830409357	111	0	0	0	0	0.0
0.155386258356	0.698830409357	112	0	0	0	0	0.0
0.155935048446	0.699805068226	113	0	0	0	0	0.0
0.158814044483	0.699805068226	114	0	0	0	0	0.0
0.161639540453	0.700779727096	115	0	0	0	0	0.0
0.162660278632	0.699805068226	116	0	0	0	0	0.0
0.163500858838	0.699805068226	117	0	0	0	0	0.0
0.163781467842	0.698830409357	118	0	0	0	0	0.0
0.165649290589	0.699805068226	119	0	0	0	0	0.0
0.168928513931	0.700779727096	120	0	0	0	0	0.0
0.169087262797	0.701754385965	121	0	0	0	0	0.0
0.174394679332	0.702729044834	122	0	0	0	0	0.0
0.175765495063	0.702729044834	123	0	0	0	0	0.0
0.176853573934	0.703703703704	124	0	0	0	0	0.0
0.177687494274	0.703703703704	125	0	0	0	0	0.0
0.180647140694	0.704678362573	126	0	0	0	0	0.0
0.181008602779	0.703703703704	127	0	0	0	0	0.0
0.181527598472	0.704678362573	128	0	0	0	0	0.0
0.183136213521	0.705653021442	129	0	0	0	0	0.0
0.184944638005	0.705653021442	130	0	0	0	0	0.0
0.185897930052	0.705653021442	131	0	0	0	0	0.0
0.186672806394	0.706627680312	132	0	0	0	0	0.0
0.188589346292	0.706627680312	133	0	0	0	0	0.0
0.189779977852	0.707602339181	134	0	0	0	0	0.0
0.19184920167	0.707602339181	135	0	0	0	0	0.0
0.196228379395	0.706627680312	136	0	0	0	0	0.0
0.196466912784	0.705653021442	137	0	0	0	0	0.0
0.202435653015	0.706627680312	138	0	0	0	0	0.0
0.203896315565	0.705653021442	139	0	0	0	0	0.0
0.205309712193	0.705653021442	140	0	0	0	0	0.0
0.207064176237	0.706627680312	141	0	0	0	0	0.0
