# time 	 divergence 	 # of mutations 	 # IGC chances 	 IGC length 	 # IGC failures 	 Changes due to IGC  	 % change due to IGC 
0.0	0.332258064516	0	0	0	0	0	0.0
0.00199288569112	0.331182795699	1	0	0	0	0	0.0
0.00754492726804	0.331182795699	2	0	0	0	0	0.0
0.0128229267946	0.331182795699	3	0	0	0	0	0.0
0.016692010048	0.332258064516	4	0	0	0	0	0.0
0.0174372081564	0.333333333333	5	0	0	0	0	0.0
0.0193372298469	0.332258064516	6	0	0	0	0	0.0
0.0199810258239	0.332258064516	7	0	0	0	0	0.0
0.0252416847365	0.333333333333	8	0	0	0	0	0.0
0.0261440715476	0.333333333333	9	0	0	0	0	0.0
0.026655232855	0.333333333333	10	0	0	0	0	0.0
0.0278452453849	0.333333333333	11	0	0	0	0	0.0
0.0281078846376	0.333333333333	12	0	0	0	0	0.0
0.0281820315389	0.334408602151	13	0	0	0	0	0.0
0.0296043615373	0.335483870968	14	0	0	0	0	0.0
0.0372224228322	0.336559139785	15	0	0	0	0	0.0
0.0433996210679	0.335483870968	16	0	0	0	0	0.0
0.0460535181088	0.336559139785	17	0	0	0	0	0.0
0.0475970319469	0.337634408602	18	0	0	0	0	0.0
0.0478846074634	0.338709677419	19	0	0	0	0	0.0
