# time 	 divergence 	 # of mutations 	 # IGC chances 	 IGC length 	 # IGC failures 	 Changes due to IGC  	 % change due to IGC 
0.0	0.195698924731	0	0	0	0	0	0.0
0.000312332524236	0.196774193548	1	0	0	0	0	0.0
0.00036314042378	0.197849462366	2	0	0	0	0	0.0
0.00204872376594	0.198924731183	3	0	0	0	0	0.0
0.00355115980902	0.2	4	0	0	0	0	0.0
0.00413216932208	0.198924731183	5	0	0	0	0	0.0
0.00827385143553	0.2	6	0	0	0	0	0.0
0.00899639879833	0.198924731183	6	1	3	0	1	0.142857142857
0.0105821376109	0.2	7	1	3	0	1	0.125
0.0113673107017	0.198924731183	7	2	3	0	2	0.222222222222
0.016036199418	0.197849462366	8	2	3	0	2	0.2
0.0167529863817	0.197849462366	9	2	3	0	2	0.181818181818
0.0185807713791	0.197849462366	9	3	3	0	2	0.181818181818
0.0198348827974	0.198924731183	10	3	3	0	2	0.166666666667
0.0231408338984	0.2	11	3	3	0	2	0.153846153846
0.0248859490569	0.201075268817	12	3	3	0	2	0.142857142857
0.0257464390256	0.201075268817	13	3	3	0	2	0.133333333333
0.0296747666318	0.2	13	4	3	0	3	0.1875
0.0297369828585	0.201075268817	14	4	3	0	3	0.176470588235
0.0309245739523	0.202150537634	15	4	3	0	3	0.166666666667
0.0313906956638	0.202150537634	16	4	3	0	3	0.157894736842
0.0319602650873	0.201075268817	17	4	3	0	3	0.15
0.0326111986904	0.197849462366	17	5	12	0	6	0.260869565217
0.0352318416658	0.198924731183	18	5	12	0	6	0.25
0.0361737757092	0.2	19	5	12	0	6	0.24
0.0374157915162	0.201075268817	20	5	12	0	6	0.230769230769
0.0394801493632	0.202150537634	21	5	12	0	6	0.222222222222
0.0398565751738	0.203225806452	22	5	12	0	6	0.214285714286
0.0409495288855	0.204301075269	23	5	12	0	6	0.206896551724
0.0416449157961	0.204301075269	24	5	12	0	6	0.2
0.0436892802388	0.204301075269	25	5	12	0	6	0.193548387097
0.0448730556872	0.204301075269	26	5	12	0	6	0.1875
0.0459475305577	0.205376344086	27	5	12	0	6	0.181818181818
0.048001270024	0.206451612903	28	5	12	0	6	0.176470588235
0.0493191198072	0.20752688172	29	5	12	0	6	0.171428571429
0.0501491005209	0.20752688172	29	6	3	0	6	0.171428571429
0.0506185000374	0.208602150538	30	6	3	0	6	0.166666666667
0.0525508928067	0.205376344086	30	7	9	0	9	0.230769230769
0.0533068291387	0.205376344086	31	7	9	0	9	0.225
0.0557841635883	0.206451612903	32	7	9	0	9	0.219512195122
0.0569105908501	0.204301075269	32	8	3	0	11	0.255813953488
0.057042765485	0.205376344086	33	8	3	0	11	0.25
0.057480415604	0.203225806452	33	9	6	0	13	0.282608695652
0.0577084423804	0.202150537634	34	9	6	0	13	0.276595744681
0.0580908264805	0.203225806452	35	9	6	0	13	0.270833333333
0.0588124799234	0.204301075269	36	9	6	0	13	0.265306122449
0.0616479391435	0.204301075269	37	9	6	0	13	0.26
0.0661204772581	0.205376344086	38	9	6	0	13	0.254901960784
0.0670564763243	0.206451612903	39	9	6	0	13	0.25
0.0671423654665	0.20752688172	40	9	6	0	13	0.245283018868
0.0751495545971	0.208602150538	41	9	6	0	13	0.240740740741
0.0773779269567	0.209677419355	42	9	6	0	13	0.236363636364
0.0782539904246	0.210752688172	43	9	6	0	13	0.232142857143
0.0801603806778	0.210752688172	43	10	6	0	13	0.232142857143
0.0802351501124	0.211827956989	44	10	6	0	13	0.228070175439
0.0814855920597	0.212903225806	45	10	6	0	13	0.224137931034
0.084305521742	0.213978494624	46	10	6	0	13	0.220338983051
0.0855441958656	0.215053763441	47	10	6	0	13	0.216666666667
0.0858063454798	0.208602150538	47	11	9	0	19	0.287878787879
0.0861470301446	0.209677419355	48	11	9	0	19	0.283582089552
0.0861636428536	0.210752688172	49	11	9	0	19	0.279411764706
0.0867895684037	0.211827956989	50	11	9	0	19	0.275362318841
0.0870082377736	0.212903225806	51	11	9	0	19	0.271428571429
0.0876028251995	0.213978494624	52	11	9	0	19	0.267605633803
0.0878615970063	0.215053763441	53	11	9	0	19	0.263888888889
0.0884756095143	0.216129032258	54	11	9	0	19	0.260273972603
0.0920438426018	0.217204301075	55	11	9	0	19	0.256756756757
0.0928460820638	0.210752688172	55	12	18	0	25	0.3125
0.0960904558139	0.211827956989	56	12	18	0	25	0.308641975309
0.0969040270766	0.212903225806	57	12	18	0	25	0.30487804878
0.0969328982912	0.213978494624	58	12	18	0	25	0.301204819277
0.0997765216887	0.210752688172	58	13	9	0	28	0.325581395349
0.102131059724	0.210752688172	59	13	9	0	28	0.32183908046
0.102684748789	0.210752688172	59	14	3	0	28	0.32183908046
0.104833041445	0.211827956989	60	14	3	0	28	0.318181818182
0.106430717273	0.212903225806	61	14	3	0	28	0.314606741573
0.106707242525	0.213978494624	62	14	3	0	28	0.311111111111
0.106797322246	0.212903225806	63	14	3	0	28	0.307692307692
0.107095700871	0.213978494624	64	14	3	0	28	0.304347826087
0.107979046781	0.215053763441	65	14	3	0	28	0.301075268817
0.108479236847	0.216129032258	66	14	3	0	28	0.297872340426
0.110781746497	0.213978494624	66	15	9	0	30	0.3125
0.11345545745	0.215053763441	67	15	9	0	30	0.309278350515
0.113574203737	0.216129032258	68	15	9	0	30	0.30612244898
0.11453458599	0.216129032258	69	15	9	0	30	0.30303030303
0.115379108758	0.217204301075	70	15	9	0	30	0.3
0.115910475541	0.216129032258	70	16	3	0	31	0.306930693069
0.117349238154	0.217204301075	71	16	3	0	31	0.303921568627
0.117378574112	0.218279569892	72	16	3	0	31	0.300970873786
0.118154644634	0.218279569892	73	16	3	0	31	0.298076923077
0.118899226481	0.21935483871	74	16	3	0	31	0.295238095238
0.120232318443	0.21935483871	75	16	3	0	31	0.292452830189
0.120725704361	0.220430107527	76	16	3	0	31	0.289719626168
0.123064367693	0.21935483871	76	17	9	0	32	0.296296296296
0.125275246912	0.21935483871	77	17	9	0	32	0.293577981651
0.125819640992	0.21935483871	78	17	9	0	32	0.290909090909
0.125950174104	0.21935483871	79	17	9	0	32	0.288288288288
0.1274132754	0.220430107527	80	17	9	0	32	0.285714285714
0.129138828966	0.220430107527	81	17	9	0	32	0.283185840708
0.131212408928	0.221505376344	82	17	9	0	32	0.280701754386
0.134008388117	0.222580645161	83	17	9	0	32	0.278260869565
0.135255368617	0.223655913978	84	17	9	0	32	0.275862068966
0.137043738959	0.224731182796	85	17	9	0	32	0.273504273504
0.137987657991	0.224731182796	86	17	9	0	32	0.271186440678
0.141383679422	0.223655913978	86	18	27	0	33	0.27731092437
0.143547299018	0.224731182796	87	18	27	0	33	0.275
0.144193939082	0.225806451613	88	18	27	0	33	0.272727272727
0.144555720175	0.22688172043	89	18	27	0	33	0.270491803279
0.144704562758	0.227956989247	90	18	27	0	33	0.268292682927
0.144774982073	0.227956989247	91	18	27	0	33	0.266129032258
0.144785271946	0.227956989247	92	18	27	0	33	0.264
0.144976713405	0.229032258065	93	18	27	0	33	0.261904761905
