# time 	 divergence 	 # of mutations 	 # IGC chances 	 IGC length 	 # IGC failures 	 Changes due to IGC  	 % change due to IGC 
0.0	0.259139784946	0	0	0	0	0	0.0
0.00160029095155	0.260215053763	1	0	0	0	0	0.0
0.00242947438904	0.261290322581	2	0	0	0	0	0.0
0.00268065932968	0.259139784946	2	1	3	0	2	0.5
0.00429436176084	0.259139784946	3	1	3	0	2	0.4
0.00454441358884	0.260215053763	4	1	3	0	2	0.333333333333
0.00603712847626	0.259139784946	4	2	3	0	3	0.428571428571
0.00770125749671	0.259139784946	5	2	3	0	3	0.375
0.00793634448155	0.258064516129	6	2	3	0	3	0.333333333333
0.00868133741277	0.259139784946	7	2	3	0	3	0.3
0.00887076912601	0.258064516129	8	2	3	0	3	0.272727272727
0.00966164754331	0.256989247312	9	2	3	0	3	0.25
0.00995510634311	0.256989247312	10	2	3	0	3	0.230769230769
0.0135007215536	0.258064516129	11	2	3	0	3	0.214285714286
0.0146941858351	0.259139784946	12	2	3	0	3	0.2
0.0152483499537	0.260215053763	13	2	3	0	3	0.1875
0.0161585886578	0.261290322581	14	2	3	0	3	0.176470588235
0.0161627616216	0.260215053763	14	3	3	0	4	0.222222222222
0.016728918498	0.261290322581	15	3	3	0	4	0.210526315789
0.0171677872138	0.261290322581	15	4	3	0	4	0.210526315789
0.0185436409527	0.258064516129	15	5	3	0	7	0.318181818182
0.0240818558871	0.259139784946	16	5	3	0	7	0.304347826087
0.0252704687074	0.258064516129	16	6	3	0	8	0.333333333333
0.0264758579081	0.259139784946	17	6	3	0	8	0.32
0.026553258536	0.259139784946	17	7	3	0	8	0.32
0.0278585663449	0.260215053763	18	7	3	0	8	0.307692307692
0.028036146078	0.261290322581	19	7	3	0	8	0.296296296296
0.0280402403391	0.260215053763	20	7	3	0	8	0.285714285714
0.0293601849201	0.260215053763	21	7	3	0	8	0.275862068966
0.0295798780434	0.261290322581	22	7	3	0	8	0.266666666667
0.0316695851471	0.262365591398	23	7	3	0	8	0.258064516129
0.032969137988	0.260215053763	23	8	3	0	10	0.30303030303
0.033041007471	0.259139784946	23	9	3	0	11	0.323529411765
0.033476631493	0.260215053763	24	9	3	0	11	0.314285714286
0.0348133484165	0.261290322581	25	9	3	0	11	0.305555555556
0.0357106345304	0.262365591398	26	9	3	0	11	0.297297297297
0.0358127536273	0.263440860215	27	9	3	0	11	0.289473684211
0.0360271999034	0.263440860215	28	9	3	0	11	0.282051282051
0.0362980837211	0.264516129032	29	9	3	0	11	0.275
0.0369561666912	0.262365591398	29	10	3	0	13	0.309523809524
0.0378734948365	0.262365591398	29	11	3	0	13	0.309523809524
0.0387238284965	0.260215053763	29	12	3	0	15	0.340909090909
0.0393326401668	0.261290322581	30	12	3	0	15	0.333333333333
0.0422139031184	0.262365591398	31	12	3	0	15	0.326086956522
0.0430376492637	0.263440860215	32	12	3	0	15	0.31914893617
0.0430620162418	0.263440860215	33	12	3	0	15	0.3125
0.0436305162658	0.264516129032	34	12	3	0	15	0.30612244898
0.0439744701802	0.263440860215	34	13	3	0	16	0.32
0.0467984368518	0.263440860215	35	13	3	0	16	0.313725490196
0.0471925663852	0.261290322581	35	14	3	0	18	0.339622641509
0.0476571520231	0.262365591398	36	14	3	0	18	0.333333333333
0.0480360303725	0.263440860215	37	14	3	0	18	0.327272727273
0.0489252753767	0.264516129032	38	14	3	0	18	0.321428571429
0.0500964183973	0.265591397849	39	14	3	0	18	0.315789473684
0.0504155082591	0.266666666667	40	14	3	0	18	0.310344827586
0.0511779869628	0.267741935484	41	14	3	0	18	0.305084745763
0.0522381289442	0.267741935484	41	15	3	0	18	0.305084745763
0.0533522019063	0.267741935484	42	15	3	0	18	0.3
0.0547659121687	0.266666666667	43	15	3	0	18	0.295081967213
0.0550316662636	0.266666666667	44	15	3	0	18	0.290322580645
0.055942596272	0.267741935484	45	15	3	0	18	0.285714285714
0.0577306229415	0.268817204301	46	15	3	0	18	0.28125
0.058023598348	0.268817204301	47	15	3	0	18	0.276923076923
0.0601003679373	0.269892473118	48	15	3	0	18	0.272727272727
0.0602829517614	0.269892473118	48	16	3	0	18	0.272727272727
0.0608527617982	0.269892473118	48	17	3	0	18	0.272727272727
0.0610951069268	0.268817204301	49	17	3	0	18	0.268656716418
0.0622011545382	0.269892473118	50	17	3	0	18	0.264705882353
0.0623993691679	0.269892473118	50	18	3	0	18	0.264705882353
0.0643824913846	0.269892473118	51	18	3	0	18	0.260869565217
0.0666140860782	0.269892473118	51	19	3	0	18	0.260869565217
0.0668431454705	0.270967741935	52	19	3	0	18	0.257142857143
0.0673946083327	0.269892473118	52	20	3	0	19	0.267605633803
0.0689211273969	0.270967741935	53	20	3	0	19	0.263888888889
0.0690807669491	0.272043010753	54	20	3	0	19	0.260273972603
0.0695917590912	0.269892473118	54	21	3	0	21	0.28
0.0718015039398	0.269892473118	54	22	3	0	21	0.28
0.0724026664097	0.270967741935	55	22	3	0	21	0.276315789474
0.072767760735	0.272043010753	56	22	3	0	21	0.272727272727
0.0747710214921	0.27311827957	57	22	3	0	21	0.269230769231
0.0769423807355	0.27311827957	58	22	3	0	21	0.26582278481
0.0770776184691	0.274193548387	59	22	3	0	21	0.2625
0.0791282786807	0.274193548387	60	22	3	0	21	0.259259259259
0.0792266741935	0.275268817204	61	22	3	0	21	0.256097560976
0.0797690647253	0.275268817204	61	23	3	0	21	0.256097560976
0.0816299165229	0.276344086022	62	23	3	0	21	0.253012048193
0.0824585438764	0.277419354839	63	23	3	0	21	0.25
0.0828480607298	0.276344086022	63	24	3	0	22	0.258823529412
0.0829898780747	0.276344086022	63	25	3	0	22	0.258823529412
0.0835843265887	0.275268817204	64	25	3	0	22	0.255813953488
0.0848176649515	0.276344086022	65	25	3	0	22	0.252873563218
0.0856186261413	0.275268817204	66	25	3	0	22	0.25
0.086648838131	0.27311827957	66	26	3	0	24	0.266666666667
0.0872021914872	0.272043010753	67	26	3	0	24	0.263736263736
0.0881749208306	0.27311827957	68	26	3	0	24	0.260869565217
0.0907007570164	0.274193548387	69	26	3	0	24	0.258064516129
0.0924824549741	0.274193548387	69	27	3	0	24	0.258064516129
0.092787130072	0.27311827957	69	28	3	0	25	0.265957446809
0.0932051605858	0.274193548387	70	28	3	0	25	0.263157894737
0.0967621451497	0.272043010753	70	29	3	0	27	0.278350515464
0.0996800385587	0.270967741935	70	30	3	0	28	0.285714285714
0.100140622365	0.269892473118	70	31	3	0	29	0.292929292929
0.101263641072	0.268817204301	70	32	3	0	30	0.3
0.103021881052	0.269892473118	71	32	3	0	30	0.29702970297
0.103424027679	0.270967741935	72	32	3	0	30	0.294117647059
0.104061427299	0.269892473118	72	33	3	0	31	0.300970873786
0.105465882796	0.270967741935	73	33	3	0	31	0.298076923077
0.105584900132	0.270967741935	73	34	3	0	31	0.298076923077
0.105923341806	0.270967741935	74	34	3	0	31	0.295238095238
0.107267065053	0.270967741935	74	35	3	0	31	0.295238095238
0.110729779854	0.270967741935	75	35	3	0	31	0.292452830189
0.111011098139	0.272043010753	76	35	3	0	31	0.289719626168
0.111141008211	0.27311827957	77	35	3	0	31	0.287037037037
0.111283548275	0.274193548387	78	35	3	0	31	0.284403669725
0.111936733174	0.274193548387	79	35	3	0	31	0.281818181818
0.112336966552	0.274193548387	79	36	3	0	31	0.281818181818
0.112842586618	0.274193548387	79	37	3	0	31	0.281818181818
0.113072339339	0.27311827957	80	37	3	0	31	0.279279279279
0.114338205173	0.27311827957	80	38	3	0	31	0.279279279279
0.114382895173	0.27311827957	81	38	3	0	31	0.276785714286
0.114740841443	0.270967741935	81	39	3	0	33	0.289473684211
0.115163494433	0.270967741935	81	40	3	0	33	0.289473684211
0.117608455725	0.272043010753	82	40	3	0	33	0.286956521739
0.117664702251	0.272043010753	82	41	3	0	33	0.286956521739
0.118212599758	0.27311827957	83	41	3	0	33	0.284482758621
0.118440483075	0.274193548387	84	41	3	0	33	0.282051282051
0.119300535535	0.274193548387	84	42	3	0	33	0.282051282051
0.121182274578	0.274193548387	84	43	3	0	33	0.282051282051
0.121471383248	0.274193548387	85	43	3	0	33	0.279661016949
0.121767170614	0.27311827957	85	44	3	0	34	0.285714285714
0.122548346795	0.272043010753	86	44	3	0	34	0.283333333333
0.122923368057	0.27311827957	87	44	3	0	34	0.280991735537
0.12391419859	0.274193548387	88	44	3	0	34	0.27868852459
0.124787857266	0.27311827957	89	44	3	0	34	0.276422764228
0.124910350009	0.269892473118	89	45	3	0	37	0.293650793651
0.125905753062	0.270967741935	90	45	3	0	37	0.291338582677
0.127859907818	0.272043010753	91	45	3	0	37	0.2890625
0.128082277029	0.270967741935	91	46	3	0	38	0.294573643411
0.130086523127	0.270967741935	91	47	3	0	38	0.294573643411
0.130153467418	0.272043010753	92	47	3	0	38	0.292307692308
0.130543834997	0.27311827957	93	47	3	0	38	0.290076335878
0.13100841521	0.274193548387	94	47	3	0	38	0.287878787879
0.131125820017	0.27311827957	94	48	3	0	39	0.293233082707
0.131598255197	0.272043010753	95	48	3	0	39	0.291044776119
0.133227591696	0.272043010753	96	48	3	0	39	0.288888888889
0.13331857622	0.269892473118	96	49	3	0	41	0.299270072993
0.13433533958	0.267741935484	96	50	3	0	43	0.309352517986
0.134774350064	0.268817204301	97	50	3	0	43	0.307142857143
0.13555907713	0.268817204301	98	50	3	0	43	0.304964539007
0.135662221108	0.269892473118	99	50	3	0	43	0.302816901408
0.137002619024	0.270967741935	100	50	3	0	43	0.300699300699
0.138228408877	0.272043010753	101	50	3	0	43	0.298611111111
0.139052283145	0.27311827957	102	50	3	0	43	0.296551724138
0.139144283837	0.272043010753	102	51	3	0	44	0.301369863014
0.139352339156	0.272043010753	103	51	3	0	44	0.299319727891
0.139867764601	0.272043010753	103	52	3	0	44	0.299319727891
0.141367053031	0.272043010753	103	53	3	0	44	0.299319727891
0.141590206625	0.27311827957	104	53	3	0	44	0.297297297297
0.141941989639	0.272043010753	104	54	3	0	45	0.302013422819
0.142380076685	0.272043010753	104	55	3	0	45	0.302013422819
0.144336475791	0.270967741935	104	56	3	0	46	0.306666666667
0.144983030015	0.270967741935	105	56	3	0	46	0.304635761589
0.146824738331	0.270967741935	105	57	3	0	46	0.304635761589
0.147237496519	0.272043010753	106	57	3	0	46	0.302631578947
0.14901964356	0.270967741935	106	58	3	0	47	0.307189542484
0.150609947962	0.269892473118	106	59	3	0	48	0.311688311688
0.152010007179	0.270967741935	107	59	3	0	48	0.309677419355
0.152264987519	0.272043010753	108	59	3	0	48	0.307692307692
0.154340967344	0.270967741935	108	60	3	0	49	0.312101910828
0.154491959297	0.269892473118	108	61	3	0	50	0.316455696203
0.155281534384	0.267741935484	108	62	3	0	52	0.325
0.155689300309	0.265591397849	108	63	3	0	54	0.333333333333
0.155886668784	0.266666666667	109	63	3	0	54	0.331288343558
0.156015856134	0.265591397849	109	64	3	0	55	0.335365853659
0.156937261033	0.264516129032	110	64	3	0	55	0.333333333333
0.157028013416	0.263440860215	110	65	3	0	56	0.33734939759
0.158592793334	0.264516129032	111	65	3	0	56	0.335329341317
0.159071307926	0.265591397849	112	65	3	0	56	0.333333333333
0.160442240403	0.266666666667	113	65	3	0	56	0.331360946746
0.160660740129	0.267741935484	114	65	3	0	56	0.329411764706
0.161537745497	0.266666666667	114	66	3	0	57	0.333333333333
0.161842886901	0.267741935484	115	66	3	0	57	0.331395348837
0.162149645655	0.267741935484	116	66	3	0	57	0.329479768786
0.16403057163	0.268817204301	117	66	3	0	57	0.327586206897
0.16452218623	0.268817204301	117	67	3	0	57	0.327586206897
0.164940572004	0.269892473118	118	67	3	0	57	0.325714285714
0.164977022693	0.268817204301	119	67	3	0	57	0.323863636364
0.169091142184	0.267741935484	119	68	3	0	58	0.327683615819
0.170217749143	0.266666666667	120	68	3	0	58	0.325842696629
0.171094772023	0.267741935484	121	68	3	0	58	0.324022346369
0.171501029708	0.267741935484	121	69	3	0	58	0.324022346369
0.172435453083	0.267741935484	121	70	3	0	58	0.324022346369
0.17267089902	0.267741935484	122	70	3	0	58	0.322222222222
0.17336735217	0.267741935484	122	71	3	0	58	0.322222222222
0.173901758297	0.267741935484	122	72	3	0	58	0.322222222222
0.174867900212	0.267741935484	122	73	3	0	58	0.322222222222
0.178483892475	0.268817204301	123	73	3	0	58	0.32044198895
0.179303929553	0.268817204301	124	73	3	0	58	0.318681318681
0.179355664433	0.268817204301	124	74	3	0	58	0.318681318681
0.179474504146	0.269892473118	125	74	3	0	58	0.31693989071
0.180973190088	0.270967741935	126	74	3	0	58	0.315217391304
0.181299459064	0.272043010753	127	74	3	0	58	0.313513513514
0.182085273228	0.269892473118	127	75	3	0	60	0.320855614973
0.18225624067	0.270967741935	128	75	3	0	60	0.31914893617
0.183230259636	0.272043010753	129	75	3	0	60	0.31746031746
0.183977320979	0.270967741935	130	75	3	0	60	0.315789473684
0.184624366781	0.270967741935	130	76	3	0	60	0.315789473684
0.184899909475	0.272043010753	131	76	3	0	60	0.314136125654
0.188423971437	0.272043010753	131	77	3	0	60	0.314136125654
0.189431194027	0.272043010753	132	77	3	0	60	0.3125
0.190745212699	0.269892473118	132	78	3	0	62	0.319587628866
0.193041459322	0.270967741935	133	78	3	0	62	0.317948717949
0.19409860858	0.270967741935	133	79	3	0	62	0.317948717949
0.194963953667	0.268817204301	133	80	3	0	64	0.324873096447
0.195378641086	0.269892473118	134	80	3	0	64	0.323232323232
0.195842123469	0.268817204301	134	81	3	0	65	0.326633165829
0.196431342408	0.268817204301	134	82	3	0	65	0.326633165829
0.198330858846	0.269892473118	135	82	3	0	65	0.325
0.198665065002	0.270967741935	136	82	3	0	65	0.323383084577
0.20013134523	0.272043010753	137	82	3	0	65	0.321782178218
0.202897498577	0.270967741935	138	82	3	0	65	0.320197044335
0.206300084632	0.272043010753	139	82	3	0	65	0.31862745098
0.207288444213	0.270967741935	140	82	3	0	65	0.317073170732
0.208576276156	0.272043010753	141	82	3	0	65	0.315533980583
0.208709301949	0.272043010753	141	83	3	0	65	0.315533980583
0.208925133193	0.270967741935	142	83	3	0	65	0.314009661836
0.209158573415	0.272043010753	143	83	3	0	65	0.3125
0.209223702844	0.270967741935	144	83	3	0	65	0.311004784689
0.210811001377	0.272043010753	145	83	3	0	65	0.309523809524
0.211019863591	0.270967741935	145	84	3	0	66	0.312796208531
0.213952424956	0.272043010753	146	84	3	0	66	0.311320754717
0.214255484835	0.27311827957	147	84	3	0	66	0.30985915493
0.216431501124	0.274193548387	148	84	3	0	66	0.308411214953
0.216500539652	0.275268817204	149	84	3	0	66	0.306976744186
0.217096982979	0.275268817204	150	84	3	0	66	0.305555555556
0.218372522468	0.274193548387	150	85	3	0	67	0.308755760369
0.21858252954	0.275268817204	151	85	3	0	67	0.307339449541
0.218919766531	0.275268817204	151	86	3	0	67	0.307339449541
0.219546480123	0.275268817204	152	86	3	0	67	0.305936073059
0.219796638872	0.276344086022	153	86	3	0	67	0.304545454545
0.221534661459	0.274193548387	153	87	3	0	69	0.310810810811
0.222254027548	0.274193548387	153	88	3	0	69	0.310810810811
0.222585919238	0.275268817204	154	88	3	0	69	0.309417040359
0.222835215825	0.275268817204	154	89	3	0	69	0.309417040359
0.224331362662	0.274193548387	154	90	3	0	70	0.3125
0.224825129632	0.275268817204	155	90	3	0	70	0.311111111111
0.224966739369	0.274193548387	155	91	3	0	71	0.314159292035
0.226321502071	0.274193548387	156	91	3	0	71	0.312775330396
0.227360287437	0.275268817204	157	91	3	0	71	0.311403508772
0.227633181681	0.276344086022	158	91	3	0	71	0.310043668122
0.228273521735	0.277419354839	159	91	3	0	71	0.308695652174
0.228850169914	0.277419354839	159	92	3	0	71	0.308695652174
0.229141309125	0.277419354839	160	92	3	0	71	0.307359307359
0.229251725792	0.275268817204	160	93	3	0	73	0.31330472103
0.229282638627	0.275268817204	161	93	3	0	73	0.311965811966
0.2294476887	0.274193548387	162	93	3	0	73	0.310638297872
0.229678714681	0.274193548387	162	94	3	0	73	0.310638297872
0.231973244925	0.27311827957	163	94	3	0	73	0.309322033898
0.233176614344	0.27311827957	164	94	3	0	73	0.308016877637
0.233719341043	0.274193548387	165	94	3	0	73	0.306722689076
0.234228283489	0.275268817204	166	94	3	0	73	0.305439330544
0.234669776895	0.275268817204	166	95	3	0	73	0.305439330544
0.235477257834	0.275268817204	166	96	3	0	73	0.305439330544
0.235948122959	0.274193548387	166	97	3	0	74	0.308333333333
0.237817310488	0.274193548387	167	97	3	0	74	0.307053941909
0.238039311368	0.275268817204	168	97	3	0	74	0.305785123967
0.242186561509	0.274193548387	168	98	3	0	75	0.308641975309
0.242621049967	0.274193548387	168	99	3	0	75	0.308641975309
0.242981232947	0.274193548387	169	99	3	0	75	0.30737704918
0.243264788323	0.274193548387	169	100	3	0	75	0.30737704918
0.24450156348	0.27311827957	169	101	3	0	76	0.310204081633
0.245891653125	0.274193548387	170	101	3	0	76	0.308943089431
0.246778882168	0.275268817204	171	101	3	0	76	0.307692307692
0.246784980474	0.274193548387	171	102	3	0	77	0.310483870968
0.248555652045	0.274193548387	171	103	3	0	77	0.310483870968
0.24987489315	0.27311827957	171	104	3	0	78	0.313253012048
0.250869346995	0.274193548387	172	104	3	0	78	0.312
0.251040227802	0.27311827957	172	105	3	0	79	0.314741035857
0.253103698135	0.274193548387	173	105	3	0	79	0.313492063492
0.254914540405	0.27311827957	173	106	3	0	80	0.316205533597
0.255308915314	0.272043010753	174	106	3	0	80	0.314960629921
0.255452049565	0.27311827957	175	106	3	0	80	0.313725490196
0.255720250386	0.274193548387	176	106	3	0	80	0.3125
0.256360667481	0.274193548387	176	107	3	0	80	0.3125
0.256787048292	0.27311827957	176	108	3	0	81	0.315175097276
0.256861255717	0.274193548387	177	108	3	0	81	0.313953488372
0.256978846233	0.274193548387	177	109	3	0	81	0.313953488372
0.258116654459	0.275268817204	178	109	3	0	81	0.312741312741
0.25821122759	0.274193548387	179	109	3	0	81	0.311538461538
0.258681716895	0.275268817204	180	109	3	0	81	0.310344827586
0.258744370968	0.276344086022	181	109	3	0	81	0.309160305344
0.260976154696	0.277419354839	182	109	3	0	81	0.307984790875
0.261177818913	0.278494623656	183	109	3	0	81	0.306818181818
0.261609194736	0.278494623656	183	110	3	0	81	0.306818181818
0.262513751929	0.279569892473	184	110	3	0	81	0.305660377358
0.263852391785	0.28064516129	185	110	3	0	81	0.304511278195
0.264250849903	0.279569892473	186	110	3	0	81	0.303370786517
0.264900382907	0.28064516129	187	110	3	0	81	0.30223880597
0.264989380108	0.28064516129	188	110	3	0	81	0.301115241636
0.265479154227	0.281720430108	189	110	3	0	81	0.3
0.267272613052	0.28064516129	189	111	3	0	82	0.30258302583
0.268307962756	0.278494623656	189	112	3	0	84	0.307692307692
0.270659515657	0.278494623656	189	113	3	0	84	0.307692307692
0.270948959276	0.278494623656	190	113	3	0	84	0.306569343066
0.272852308497	0.279569892473	191	113	3	0	84	0.305454545455
0.272949762833	0.28064516129	192	113	3	0	84	0.304347826087
0.27384600051	0.28064516129	193	113	3	0	84	0.303249097473
0.275334873151	0.279569892473	193	114	3	0	85	0.305755395683
0.275549972195	0.279569892473	194	114	3	0	85	0.304659498208
0.276678653831	0.278494623656	195	114	3	0	85	0.303571428571
0.278308866326	0.277419354839	196	114	3	0	85	0.302491103203
0.278745573435	0.276344086022	197	114	3	0	85	0.301418439716
0.28003307831	0.277419354839	198	114	3	0	85	0.30035335689
0.280065810465	0.278494623656	199	114	3	0	85	0.299295774648
0.280660655501	0.278494623656	199	115	3	0	85	0.299295774648
0.282168604971	0.279569892473	200	115	3	0	85	0.298245614035
0.282389942564	0.278494623656	201	115	3	0	85	0.297202797203
0.283579541737	0.278494623656	202	115	3	0	85	0.296167247387
0.284137939582	0.279569892473	203	115	3	0	85	0.295138888889
0.285929177366	0.28064516129	204	115	3	0	85	0.294117647059
0.286102874298	0.28064516129	204	116	3	0	85	0.294117647059
0.287162877851	0.279569892473	205	116	3	0	85	0.293103448276
0.287870607928	0.278494623656	206	116	3	0	85	0.292096219931
0.288557973987	0.275268817204	206	117	3	0	88	0.299319727891
0.288636958481	0.27311827957	206	118	3	0	90	0.304054054054
0.288917601954	0.274193548387	207	118	3	0	90	0.30303030303
0.289937538821	0.275268817204	208	118	3	0	90	0.302013422819
0.291892410025	0.276344086022	209	118	3	0	90	0.301003344482
0.296129099152	0.276344086022	210	118	3	0	90	0.3
0.296479838585	0.277419354839	211	118	3	0	90	0.299003322259
0.296613460771	0.276344086022	212	118	3	0	90	0.298013245033
0.296853632483	0.274193548387	212	119	3	0	92	0.302631578947
0.297290147182	0.27311827957	212	120	3	0	93	0.304918032787
0.297550207172	0.27311827957	212	121	3	0	93	0.304918032787
0.298384989437	0.274193548387	213	121	3	0	93	0.303921568627
0.298404181898	0.27311827957	214	121	3	0	93	0.302931596091
0.29923815616	0.27311827957	215	121	3	0	93	0.301948051948
0.300102532719	0.27311827957	216	121	3	0	93	0.300970873786
0.302536739019	0.272043010753	216	122	3	0	94	0.303225806452
0.303481204375	0.27311827957	217	122	3	0	94	0.302250803859
0.304530975854	0.274193548387	218	122	3	0	94	0.301282051282
0.304777123262	0.275268817204	219	122	3	0	94	0.300319488818
0.305891489978	0.276344086022	220	122	3	0	94	0.299363057325
0.306125306347	0.277419354839	221	122	3	0	94	0.298412698413
0.306642346804	0.277419354839	221	123	3	0	94	0.298412698413
0.307147875596	0.278494623656	222	123	3	0	94	0.29746835443
0.307820293225	0.278494623656	223	123	3	0	94	0.296529968454
0.308154553522	0.279569892473	224	123	3	0	94	0.295597484277
0.308420303237	0.278494623656	225	123	3	0	94	0.294670846395
0.308919265506	0.278494623656	225	124	3	0	94	0.294670846395
0.310231268727	0.278494623656	225	125	3	0	94	0.294670846395
0.311378092915	0.279569892473	226	125	3	0	94	0.29375
0.311558200772	0.278494623656	227	125	3	0	94	0.292834890966
0.312551155045	0.277419354839	227	126	3	0	95	0.295031055901
0.312951425138	0.276344086022	228	126	3	0	95	0.294117647059
0.312993067234	0.277419354839	229	126	3	0	95	0.293209876543
0.313980233511	0.275268817204	229	127	3	0	97	0.29754601227
0.313982039727	0.274193548387	229	128	3	0	98	0.299694189602
0.314456063003	0.270967741935	229	129	3	0	101	0.306060606061
0.315368299691	0.272043010753	230	129	3	0	101	0.305135951662
0.316519878343	0.272043010753	230	130	3	0	101	0.305135951662
0.316697489134	0.272043010753	231	130	3	0	101	0.30421686747
0.317521844734	0.269892473118	231	131	3	0	103	0.308383233533
0.318087554929	0.270967741935	232	131	3	0	103	0.307462686567
0.318685416302	0.270967741935	233	131	3	0	103	0.306547619048
