# time 	 divergence 	 # of mutations 	 # IGC chances 	 IGC length 	 # IGC failures 	 Changes due to IGC  	 % change due to IGC 
0.0	0.310916179337	0	0	0	0	0	0.0
0.00115803814441	0.311890838207	1	0	0	0	0	0.0
0.00198471075529	0.310916179337	2	0	0	0	0	0.0
0.00370246851031	0.310916179337	3	0	0	0	0	0.0
0.00441941363933	0.310916179337	4	0	0	0	0	0.0
0.00523154442658	0.309941520468	4	1	3	0	1	0.2
0.00618115921787	0.310916179337	5	1	3	0	1	0.166666666667
0.00676151853978	0.311890838207	6	1	3	0	1	0.142857142857
0.00845233441392	0.312865497076	7	1	3	0	1	0.125
0.00894278024033	0.311890838207	7	2	3	0	2	0.222222222222
0.00954645576115	0.312865497076	8	2	3	0	2	0.2
0.0100483207151	0.313840155945	9	2	3	0	2	0.181818181818
0.011229703401	0.312865497076	9	3	3	0	3	0.25
0.0118020710866	0.312865497076	10	3	3	0	3	0.230769230769
0.0126102661921	0.311890838207	10	4	3	0	4	0.285714285714
0.01264490781	0.311890838207	11	4	3	0	4	0.266666666667
0.0128899493848	0.311890838207	11	5	3	0	4	0.266666666667
0.0132108243554	0.312865497076	12	5	3	0	4	0.25
0.0143057123593	0.313840155945	13	5	3	0	4	0.235294117647
0.0156360531835	0.313840155945	13	6	3	0	4	0.235294117647
0.0174151620014	0.314814814815	14	6	3	0	4	0.222222222222
0.0180468749188	0.315789473684	15	6	3	0	4	0.210526315789
0.0191604929366	0.316764132554	16	6	3	0	4	0.2
0.0194616739568	0.316764132554	17	6	3	0	4	0.190476190476
0.0207956988299	0.316764132554	17	7	3	0	4	0.190476190476
0.022150489504	0.317738791423	18	7	3	0	4	0.181818181818
0.0228361298222	0.317738791423	18	8	3	0	4	0.181818181818
0.0232516902346	0.318713450292	19	8	3	0	4	0.173913043478
0.0243481060816	0.319688109162	20	8	3	0	4	0.166666666667
0.0248755802228	0.318713450292	21	8	3	0	4	0.16
0.0251387566577	0.318713450292	21	9	3	0	4	0.16
0.0263669355152	0.318713450292	21	10	3	0	4	0.16
0.0267894436226	0.316764132554	21	11	3	0	6	0.222222222222
0.0293695692033	0.316764132554	22	11	3	0	6	0.214285714286
0.030760424234	0.316764132554	22	12	3	0	6	0.214285714286
0.033121136676	0.315789473684	23	12	3	0	6	0.206896551724
0.0338009011288	0.313840155945	23	13	3	0	8	0.258064516129
0.0338017925207	0.314814814815	24	13	3	0	8	0.25
0.0338630649231	0.315789473684	25	13	3	0	8	0.242424242424
0.0377942566406	0.316764132554	26	13	3	0	8	0.235294117647
0.0381856457852	0.316764132554	27	13	3	0	8	0.228571428571
0.0387433651686	0.317738791423	28	13	3	0	8	0.222222222222
0.0408095637391	0.314814814815	28	14	3	0	11	0.282051282051
0.0420784272272	0.314814814815	28	15	3	0	11	0.282051282051
0.0427266021981	0.313840155945	29	15	3	0	11	0.275
0.0433105330235	0.314814814815	30	15	3	0	11	0.268292682927
0.0435032174717	0.315789473684	31	15	3	0	11	0.261904761905
0.0456020900473	0.315789473684	32	15	3	0	11	0.255813953488
0.0459588458376	0.316764132554	33	15	3	0	11	0.25
0.046473590343	0.317738791423	34	15	3	0	11	0.244444444444
0.0478909976605	0.318713450292	35	15	3	0	11	0.239130434783
0.0485154396643	0.317738791423	36	15	3	0	11	0.234042553191
0.0485859567194	0.318713450292	37	15	3	0	11	0.229166666667
0.0488299413333	0.318713450292	37	16	3	0	11	0.229166666667
0.0502938162758	0.318713450292	37	17	3	0	11	0.229166666667
0.0510470840869	0.319688109162	38	17	3	0	11	0.224489795918
0.0511233068775	0.318713450292	39	17	3	0	11	0.22
0.0552170493997	0.318713450292	39	18	3	0	11	0.22
0.0577579803753	0.317738791423	39	19	3	0	12	0.235294117647
0.0581137378212	0.316764132554	39	20	3	0	13	0.25
0.0588788302045	0.316764132554	40	20	3	0	13	0.245283018868
0.0589855944948	0.317738791423	41	20	3	0	13	0.240740740741
0.0595260011565	0.318713450292	42	20	3	0	13	0.236363636364
0.0596891291133	0.315789473684	42	21	3	0	16	0.275862068966
0.0600726034264	0.316764132554	43	21	3	0	16	0.271186440678
0.0620136088481	0.317738791423	44	21	3	0	16	0.266666666667
0.0623924175028	0.318713450292	45	21	3	0	16	0.262295081967
0.0624383444422	0.318713450292	45	22	3	0	16	0.262295081967
0.0629976319891	0.319688109162	46	22	3	0	16	0.258064516129
0.063169884133	0.318713450292	47	22	3	0	16	0.253968253968
0.063684747726	0.319688109162	48	22	3	0	16	0.25
0.0640872145262	0.320662768031	49	22	3	0	16	0.246153846154
0.0648824598454	0.321637426901	50	22	3	0	16	0.242424242424
0.0673121546039	0.320662768031	51	22	3	0	16	0.238805970149
0.0675045547992	0.321637426901	52	22	3	0	16	0.235294117647
0.0678381166981	0.321637426901	53	22	3	0	16	0.231884057971
0.0697745960713	0.321637426901	53	23	3	0	16	0.231884057971
0.0698851499787	0.320662768031	53	24	3	0	17	0.242857142857
0.0707131667679	0.319688109162	53	25	3	0	18	0.253521126761
0.0725913499195	0.319688109162	54	25	3	0	18	0.25
0.0727228911749	0.316764132554	54	26	3	0	21	0.28
0.0729232663523	0.316764132554	54	27	3	0	21	0.28
0.0729719911267	0.317738791423	55	27	3	0	21	0.276315789474
0.0745954038613	0.316764132554	55	28	3	0	22	0.285714285714
0.0767330701052	0.317738791423	56	28	3	0	22	0.282051282051
0.0768507787335	0.318713450292	57	28	3	0	22	0.278481012658
0.0771789395412	0.317738791423	58	28	3	0	22	0.275
0.0773274715557	0.316764132554	58	29	3	0	23	0.283950617284
0.0775945029651	0.316764132554	58	30	3	0	23	0.283950617284
0.078063414432	0.316764132554	59	30	3	0	23	0.280487804878
0.0793664305699	0.317738791423	60	30	3	0	23	0.277108433735
0.0799047103397	0.318713450292	61	30	3	0	23	0.27380952381
0.0805655290432	0.319688109162	62	30	3	0	23	0.270588235294
0.0831345541193	0.319688109162	62	31	3	0	23	0.270588235294
0.0839182667453	0.319688109162	63	31	3	0	23	0.267441860465
0.0839333264815	0.320662768031	64	31	3	0	23	0.264367816092
0.0840238621225	0.321637426901	65	31	3	0	23	0.261363636364
0.0842180216539	0.32261208577	66	31	3	0	23	0.258426966292
0.0847328982772	0.32261208577	66	32	3	0	23	0.258426966292
0.0849466550524	0.323586744639	67	32	3	0	23	0.255555555556
0.0850462170132	0.324561403509	68	32	3	0	23	0.252747252747
0.0862841060433	0.325536062378	69	32	3	0	23	0.25
0.0881939347466	0.323586744639	69	33	3	0	25	0.265957446809
0.0893227915614	0.323586744639	69	34	3	0	25	0.265957446809
0.0951278195784	0.324561403509	70	34	3	0	25	0.263157894737
0.0974144213205	0.324561403509	71	34	3	0	25	0.260416666667
0.0975682951518	0.325536062378	72	34	3	0	25	0.257731958763
0.0996549382343	0.324561403509	72	35	3	0	26	0.265306122449
0.100313955542	0.325536062378	73	35	3	0	26	0.262626262626
0.101152996305	0.326510721248	74	35	3	0	26	0.26
0.103112856286	0.327485380117	75	35	3	0	26	0.257425742574
0.104120765395	0.327485380117	75	36	3	0	26	0.257425742574
0.104536922614	0.328460038986	76	36	3	0	26	0.254901960784
0.106589001959	0.326510721248	76	37	3	0	28	0.269230769231
0.108012152674	0.326510721248	77	37	3	0	28	0.266666666667
0.108790716152	0.324561403509	77	38	3	0	30	0.280373831776
0.10940327673	0.325536062378	78	38	3	0	30	0.277777777778
0.10973118708	0.324561403509	79	38	3	0	30	0.275229357798
0.11084136812	0.324561403509	79	39	3	0	30	0.275229357798
0.111297591683	0.325536062378	80	39	3	0	30	0.272727272727
0.11307377054	0.324561403509	81	39	3	0	30	0.27027027027
0.113864532199	0.325536062378	82	39	3	0	30	0.267857142857
0.115676945184	0.323586744639	82	40	3	0	32	0.280701754386
0.117451618641	0.324561403509	83	40	3	0	32	0.278260869565
0.11774489152	0.325536062378	84	40	3	0	32	0.275862068966
0.118599551625	0.324561403509	85	40	3	0	32	0.273504273504
0.1200313839	0.324561403509	85	41	3	0	32	0.273504273504
0.123732800514	0.325536062378	86	41	3	0	32	0.271186440678
0.125527548207	0.326510721248	87	41	3	0	32	0.268907563025
0.126769775432	0.325536062378	87	42	3	0	33	0.275
0.126864543325	0.326510721248	88	42	3	0	33	0.272727272727
0.127455518484	0.327485380117	89	42	3	0	33	0.270491803279
0.129358880874	0.328460038986	90	42	3	0	33	0.268292682927
0.132159378599	0.329434697856	91	42	3	0	33	0.266129032258
0.13326476392	0.327485380117	91	43	3	0	35	0.277777777778
0.134698255663	0.328460038986	92	43	3	0	35	0.275590551181
0.137301119656	0.325536062378	92	44	3	0	38	0.292307692308
0.140313632589	0.326510721248	93	44	3	0	38	0.290076335878
0.140897323772	0.326510721248	94	44	3	0	38	0.287878787879
0.140965259162	0.326510721248	94	45	3	0	38	0.287878787879
0.14192880038	0.325536062378	94	46	3	0	39	0.293233082707
0.142064371457	0.324561403509	95	46	3	0	39	0.291044776119
0.143204777941	0.325536062378	96	46	3	0	39	0.288888888889
0.14332422446	0.325536062378	97	46	3	0	39	0.286764705882
0.148024856405	0.323586744639	97	47	3	0	41	0.297101449275
0.148337453697	0.323586744639	98	47	3	0	41	0.294964028777
0.151435152313	0.323586744639	98	48	3	0	41	0.294964028777
0.152913099847	0.321637426901	98	49	3	0	43	0.304964539007
0.153915899875	0.320662768031	99	49	3	0	43	0.302816901408
0.155080777085	0.320662768031	99	50	3	0	43	0.302816901408
0.155626448535	0.321637426901	100	50	3	0	43	0.300699300699
0.156278277155	0.321637426901	101	50	3	0	43	0.298611111111
0.158249271898	0.32261208577	102	50	3	0	43	0.296551724138
0.158744959481	0.321637426901	103	50	3	0	43	0.294520547945
0.159488031625	0.32261208577	104	50	3	0	43	0.292517006803
0.160194298248	0.32261208577	104	51	3	0	43	0.292517006803
0.160318455599	0.32261208577	105	51	3	0	43	0.290540540541
0.160781112768	0.323586744639	106	51	3	0	43	0.288590604027
0.163877562482	0.323586744639	106	52	3	0	43	0.288590604027
0.164166207504	0.32261208577	107	52	3	0	43	0.286666666667
0.165255948294	0.321637426901	107	53	3	0	44	0.291390728477
0.166232554437	0.320662768031	108	53	3	0	44	0.289473684211
0.166885239491	0.320662768031	109	53	3	0	44	0.287581699346
0.167609770508	0.321637426901	110	53	3	0	44	0.285714285714
0.167663952997	0.321637426901	111	53	3	0	44	0.283870967742
0.168895066243	0.321637426901	111	54	3	0	44	0.283870967742
0.172887596018	0.319688109162	111	55	3	0	46	0.292993630573
0.173881275101	0.319688109162	111	56	3	0	46	0.292993630573
0.174674731422	0.320662768031	112	56	3	0	46	0.291139240506
0.174871276513	0.320662768031	113	56	3	0	46	0.289308176101
0.175158325844	0.317738791423	113	57	3	0	49	0.302469135802
0.17554970032	0.318713450292	114	57	3	0	49	0.300613496933
0.175801194953	0.318713450292	115	57	3	0	49	0.298780487805
0.177007000801	0.319688109162	116	57	3	0	49	0.29696969697
0.178860603577	0.320662768031	117	57	3	0	49	0.295180722892
0.179856759583	0.321637426901	118	57	3	0	49	0.293413173653
0.182363439195	0.32261208577	119	57	3	0	49	0.291666666667
0.184091636024	0.32261208577	120	57	3	0	49	0.289940828402
0.185110646077	0.32261208577	120	58	3	0	49	0.289940828402
0.186303313619	0.323586744639	121	58	3	0	49	0.288235294118
0.188246809093	0.321637426901	121	59	3	0	51	0.296511627907
0.190717692472	0.32261208577	122	59	3	0	51	0.294797687861
0.19085675299	0.320662768031	122	60	3	0	53	0.302857142857
0.191489502651	0.321637426901	123	60	3	0	53	0.301136363636
0.191933494796	0.320662768031	123	61	3	0	54	0.305084745763
0.193445114272	0.321637426901	124	61	3	0	54	0.303370786517
0.194900265433	0.321637426901	125	61	3	0	54	0.301675977654
0.19630225415	0.320662768031	126	61	3	0	54	0.3
0.197319999947	0.318713450292	126	62	3	0	56	0.307692307692
0.197405245618	0.319688109162	127	62	3	0	56	0.306010928962
0.199509452573	0.320662768031	128	62	3	0	56	0.304347826087
0.200623922988	0.319688109162	128	63	3	0	57	0.308108108108
0.200631932117	0.319688109162	129	63	3	0	57	0.306451612903
0.200670756123	0.320662768031	130	63	3	0	57	0.304812834225
0.200841683882	0.321637426901	131	63	3	0	57	0.303191489362
0.201819335184	0.32261208577	132	63	3	0	57	0.301587301587
0.202123453638	0.321637426901	132	64	3	0	58	0.305263157895
0.204264034244	0.32261208577	133	64	3	0	58	0.303664921466
0.204373837178	0.321637426901	134	64	3	0	58	0.302083333333
0.205416916781	0.32261208577	135	64	3	0	58	0.300518134715
0.206476475335	0.321637426901	135	65	3	0	59	0.30412371134
0.209768756706	0.32261208577	136	65	3	0	59	0.302564102564
0.210373786908	0.323586744639	137	65	3	0	59	0.301020408163
0.212188662614	0.321637426901	137	66	3	0	61	0.308080808081
0.212693005863	0.32261208577	138	66	3	0	61	0.306532663317
0.212723072287	0.321637426901	138	67	3	0	62	0.31
0.215985919203	0.321637426901	138	68	3	0	62	0.31
0.216094565162	0.319688109162	138	69	3	0	64	0.316831683168
0.216898755379	0.320662768031	139	69	3	0	64	0.315270935961
0.217161610226	0.321637426901	140	69	3	0	64	0.313725490196
0.217458597867	0.320662768031	140	70	3	0	65	0.317073170732
0.217947742226	0.319688109162	141	70	3	0	65	0.315533980583
0.218145009052	0.320662768031	142	70	3	0	65	0.314009661836
0.21860010324	0.320662768031	142	71	3	0	65	0.314009661836
0.21957955506	0.321637426901	143	71	3	0	65	0.3125
0.219862184279	0.321637426901	143	72	3	0	65	0.3125
0.22168942549	0.32261208577	144	72	3	0	65	0.311004784689
0.222346927406	0.323586744639	145	72	3	0	65	0.309523809524
0.223320461304	0.32261208577	146	72	3	0	65	0.308056872038
0.223427604581	0.321637426901	146	73	3	0	66	0.311320754717
0.224088738296	0.32261208577	147	73	3	0	66	0.30985915493
0.22610252692	0.32261208577	148	73	3	0	66	0.308411214953
0.226812329995	0.323586744639	149	73	3	0	66	0.306976744186
0.228846199399	0.324561403509	150	73	3	0	66	0.305555555556
0.229126203639	0.323586744639	150	74	3	0	67	0.308755760369
0.229278026729	0.32261208577	151	74	3	0	67	0.307339449541
0.22942108075	0.32261208577	151	75	3	0	67	0.307339449541
0.229750208621	0.32261208577	151	76	3	0	67	0.307339449541
0.233098543514	0.321637426901	152	76	3	0	67	0.305936073059
0.233445711256	0.321637426901	152	77	3	0	67	0.305936073059
0.236398390498	0.319688109162	152	78	3	0	69	0.31221719457
0.237486968696	0.319688109162	153	78	3	0	69	0.310810810811
0.237826077078	0.320662768031	154	78	3	0	69	0.309417040359
0.238091457282	0.320662768031	154	79	3	0	69	0.309417040359
0.238631565393	0.321637426901	155	79	3	0	69	0.308035714286
0.238745847123	0.321637426901	156	79	3	0	69	0.306666666667
0.238824733019	0.32261208577	157	79	3	0	69	0.305309734513
0.241518338499	0.323586744639	158	79	3	0	69	0.303964757709
0.243638737483	0.324561403509	159	79	3	0	69	0.302631578947
0.245054207698	0.325536062378	160	79	3	0	69	0.301310043668
0.245784569874	0.325536062378	160	80	3	0	69	0.301310043668
0.246371140431	0.326510721248	161	80	3	0	69	0.3
0.247675824889	0.325536062378	162	80	3	0	69	0.298701298701
0.247978131766	0.324561403509	163	80	3	0	69	0.297413793103
0.248465869081	0.325536062378	164	80	3	0	69	0.296137339056
0.249973953112	0.324561403509	164	81	3	0	70	0.299145299145
0.250615631034	0.323586744639	164	82	3	0	71	0.302127659574
0.251099018923	0.324561403509	165	82	3	0	71	0.300847457627
0.252022617767	0.324561403509	166	82	3	0	71	0.299578059072
0.252972717347	0.324561403509	166	83	3	0	71	0.299578059072
0.253041745988	0.324561403509	166	84	3	0	71	0.299578059072
0.254536543631	0.325536062378	167	84	3	0	71	0.298319327731
0.254748156524	0.325536062378	168	84	3	0	71	0.297071129707
0.25584869964	0.324561403509	168	85	3	0	72	0.3
0.257998958622	0.325536062378	169	85	3	0	72	0.298755186722
0.258028191403	0.324561403509	169	86	3	0	73	0.301652892562
0.258160731929	0.323586744639	170	86	3	0	73	0.300411522634
0.258457746345	0.323586744639	171	86	3	0	73	0.299180327869
0.258918413777	0.32261208577	172	86	3	0	73	0.297959183673
0.259778668659	0.32261208577	172	87	3	0	73	0.297959183673
0.261211441225	0.321637426901	172	88	3	0	74	0.30081300813
0.261290478822	0.320662768031	173	88	3	0	74	0.2995951417
0.261568807247	0.321637426901	174	88	3	0	74	0.298387096774
0.266076461861	0.320662768031	174	89	3	0	75	0.301204819277
0.266100501072	0.320662768031	174	90	3	0	75	0.301204819277
0.267472277331	0.321637426901	175	90	3	0	75	0.3
0.267725493379	0.32261208577	176	90	3	0	75	0.298804780876
0.268128796989	0.323586744639	177	90	3	0	75	0.297619047619
0.268394604256	0.323586744639	178	90	3	0	75	0.296442687747
0.272219791822	0.324561403509	179	90	3	0	75	0.295275590551
0.272493375302	0.324561403509	179	91	3	0	75	0.295275590551
0.27276724311	0.325536062378	180	91	3	0	75	0.294117647059
0.272815761667	0.324561403509	180	92	3	0	76	0.296875
0.274608565615	0.325536062378	181	92	3	0	76	0.295719844358
0.274798742226	0.324561403509	181	93	3	0	77	0.298449612403
0.275917788648	0.324561403509	181	94	3	0	77	0.298449612403
0.276803870997	0.324561403509	182	94	3	0	77	0.297297297297
0.277734213034	0.324561403509	182	95	3	0	77	0.297297297297
0.278034860715	0.325536062378	183	95	3	0	77	0.296153846154
0.279098459233	0.326510721248	184	95	3	0	77	0.295019157088
0.28167892262	0.327485380117	185	95	3	0	77	0.293893129771
0.284437609274	0.326510721248	186	95	3	0	77	0.292775665399
0.28456206463	0.326510721248	187	95	3	0	77	0.291666666667
0.284701580693	0.325536062378	188	95	3	0	77	0.290566037736
0.286523635466	0.324561403509	188	96	3	0	78	0.293233082707
0.289220018642	0.325536062378	189	96	3	0	78	0.292134831461
0.289294570277	0.325536062378	189	97	3	0	78	0.292134831461
0.290722705731	0.326510721248	190	97	3	0	78	0.291044776119
0.291876647827	0.327485380117	191	97	3	0	78	0.289962825279
0.293028377713	0.327485380117	191	98	3	0	78	0.289962825279
0.294727604373	0.327485380117	192	98	3	0	78	0.288888888889
0.29529519501	0.327485380117	193	98	3	0	78	0.287822878229
0.296064772136	0.325536062378	193	99	3	0	80	0.29304029304
0.296324441927	0.326510721248	194	99	3	0	80	0.29197080292
0.297379092064	0.327485380117	195	99	3	0	80	0.290909090909
0.297600323653	0.328460038986	196	99	3	0	80	0.289855072464
0.297980155886	0.329434697856	197	99	3	0	80	0.28880866426
0.29833893628	0.330409356725	198	99	3	0	80	0.287769784173
0.300128090153	0.327485380117	198	100	3	0	83	0.29537366548
0.30029260391	0.327485380117	199	100	3	0	83	0.294326241135
0.302293897371	0.325536062378	199	101	3	0	85	0.299295774648
0.302864866601	0.326510721248	200	101	3	0	85	0.298245614035
0.303473728327	0.324561403509	200	102	3	0	87	0.303135888502
0.303533587632	0.323586744639	201	102	3	0	87	0.302083333333
0.3042557021	0.324561403509	202	102	3	0	87	0.301038062284
0.30665151476	0.325536062378	203	102	3	0	87	0.3
0.30693182748	0.326510721248	204	102	3	0	87	0.298969072165
0.308612994503	0.325536062378	204	103	3	0	88	0.301369863014
0.310513297459	0.32261208577	204	104	3	0	91	0.308474576271
0.311174306082	0.32261208577	204	105	3	0	91	0.308474576271
0.311326663693	0.321637426901	204	106	3	0	92	0.310810810811
0.311472929152	0.321637426901	205	106	3	0	92	0.309764309764
0.312232301781	0.320662768031	206	106	3	0	92	0.308724832215
0.313490810954	0.319688109162	207	106	3	0	92	0.307692307692
0.315049587431	0.319688109162	208	106	3	0	92	0.306666666667
0.316825998957	0.318713450292	208	107	3	0	93	0.308970099668
0.318497211151	0.317738791423	208	108	3	0	94	0.311258278146
0.31926780242	0.317738791423	208	109	3	0	94	0.311258278146
0.319380380435	0.318713450292	209	109	3	0	94	0.310231023102
0.320432129928	0.319688109162	210	109	3	0	94	0.309210526316
0.323269938516	0.319688109162	210	110	3	0	94	0.309210526316
0.324061288994	0.320662768031	211	110	3	0	94	0.308196721311
0.324755218546	0.321637426901	212	110	3	0	94	0.307189542484
0.327007958989	0.321637426901	213	110	3	0	94	0.306188925081
0.327686865669	0.321637426901	213	111	3	0	94	0.306188925081
0.328132440765	0.32261208577	214	111	3	0	94	0.305194805195
0.329447654064	0.323586744639	215	111	3	0	94	0.304207119741
0.330774790109	0.324561403509	216	111	3	0	94	0.303225806452
0.332627438735	0.325536062378	217	111	3	0	94	0.302250803859
0.33394789293	0.324561403509	218	111	3	0	94	0.301282051282
0.33515078977	0.325536062378	219	111	3	0	94	0.300319488818
0.335221956825	0.325536062378	219	112	3	0	94	0.300319488818
0.335977251638	0.326510721248	220	112	3	0	94	0.299363057325
0.33720551844	0.325536062378	220	113	3	0	95	0.301587301587
0.338639596322	0.325536062378	220	114	3	0	95	0.301587301587
0.339102535284	0.324561403509	221	114	3	0	95	0.300632911392
0.339568790822	0.324561403509	221	115	3	0	95	0.300632911392
0.34062381329	0.325536062378	222	115	3	0	95	0.299684542587
0.340694303652	0.325536062378	223	115	3	0	95	0.298742138365
0.341529606139	0.325536062378	223	116	3	0	95	0.298742138365
0.341960533128	0.326510721248	224	116	3	0	95	0.297805642633
0.343030941435	0.327485380117	225	116	3	0	95	0.296875
0.343552343725	0.327485380117	225	117	3	0	95	0.296875
0.343851646402	0.327485380117	225	118	3	0	95	0.296875
0.345486704924	0.326510721248	225	119	3	0	96	0.299065420561
0.346813050971	0.327485380117	226	119	3	0	96	0.298136645963
0.351429533293	0.327485380117	226	120	3	0	96	0.298136645963
0.353404190782	0.327485380117	227	120	3	0	96	0.297213622291
0.35411353674	0.328460038986	228	120	3	0	96	0.296296296296
0.356191399355	0.327485380117	228	121	3	0	97	0.298461538462
0.356831939534	0.328460038986	229	121	3	0	97	0.29754601227
0.356839975846	0.329434697856	230	121	3	0	97	0.296636085627
0.357105849192	0.330409356725	231	121	3	0	97	0.295731707317
0.35828195733	0.330409356725	232	121	3	0	97	0.294832826748
0.359885348154	0.329434697856	233	121	3	0	97	0.293939393939
0.360017787351	0.330409356725	234	121	3	0	97	0.293051359517
0.360463515353	0.331384015595	235	121	3	0	97	0.292168674699
0.361246765996	0.332358674464	236	121	3	0	97	0.291291291291
0.361452397736	0.333333333333	237	121	3	0	97	0.290419161677
0.361696902021	0.334307992203	238	121	3	0	97	0.289552238806
0.362858831194	0.335282651072	239	121	3	0	97	0.28869047619
0.36446604187	0.334307992203	240	121	3	0	97	0.287833827893
0.365848223777	0.334307992203	241	121	3	0	97	0.286982248521
0.369917673404	0.335282651072	242	121	3	0	97	0.286135693215
0.371024332584	0.335282651072	243	121	3	0	97	0.285294117647
0.372805702236	0.336257309942	244	121	3	0	97	0.284457478006
0.373229985428	0.335282651072	245	121	3	0	97	0.283625730994
0.374692309111	0.333333333333	245	122	3	0	99	0.287790697674
0.376076501262	0.333333333333	246	122	3	0	99	0.286956521739
0.379927053032	0.334307992203	247	122	3	0	99	0.28612716763
0.381100747341	0.335282651072	248	122	3	0	99	0.28530259366
0.382944082619	0.336257309942	249	122	3	0	99	0.284482758621
0.385411221747	0.336257309942	249	123	3	0	99	0.284482758621
0.388393009781	0.336257309942	249	124	3	0	99	0.284482758621
0.389406297607	0.334307992203	249	125	3	0	101	0.288571428571
0.390925884203	0.334307992203	250	125	3	0	101	0.287749287749
0.391113958676	0.335282651072	251	125	3	0	101	0.286931818182
0.391291372743	0.336257309942	252	125	3	0	101	0.28611898017
0.392463029743	0.337231968811	253	125	3	0	101	0.285310734463
0.392604870339	0.337231968811	254	125	3	0	101	0.284507042254
0.393129625584	0.337231968811	254	126	3	0	101	0.284507042254
0.394482226066	0.337231968811	254	127	3	0	101	0.284507042254
0.395118055895	0.337231968811	254	128	3	0	101	0.284507042254
0.395704426512	0.336257309942	255	128	3	0	101	0.283707865169
0.396079772163	0.335282651072	255	129	3	0	102	0.285714285714
0.39640204483	0.336257309942	256	129	3	0	102	0.284916201117
0.396516063519	0.337231968811	257	129	3	0	102	0.284122562674
0.397098331143	0.33820662768	258	129	3	0	102	0.283333333333
0.400072636019	0.33820662768	259	129	3	0	102	0.282548476454
0.400400321393	0.337231968811	259	130	3	0	103	0.28453038674
0.403401067618	0.336257309942	260	130	3	0	103	0.283746556474
0.404421930202	0.337231968811	261	130	3	0	103	0.282967032967
0.404548596872	0.33820662768	262	130	3	0	103	0.282191780822
0.405783611356	0.337231968811	263	130	3	0	103	0.281420765027
0.406018950132	0.337231968811	263	131	3	0	103	0.281420765027
0.408856575507	0.33820662768	264	131	3	0	103	0.280653950954
0.409610483763	0.33918128655	265	131	3	0	103	0.279891304348
0.409872413159	0.33918128655	266	131	3	0	103	0.279132791328
0.409903559092	0.337231968811	266	132	3	0	105	0.283018867925
0.410863487069	0.336257309942	266	133	3	0	106	0.284946236559
0.411729257637	0.335282651072	266	134	3	0	107	0.286863270777
0.412333452059	0.336257309942	267	134	3	0	107	0.286096256684
0.414593616299	0.336257309942	268	134	3	0	107	0.285333333333
0.416354300437	0.337231968811	269	134	3	0	107	0.284574468085
0.419210588896	0.334307992203	269	135	3	0	110	0.290237467018
0.421017073075	0.333333333333	269	136	3	0	111	0.292105263158
0.421492754778	0.333333333333	269	137	3	0	111	0.292105263158
0.421526835713	0.334307992203	270	137	3	0	111	0.291338582677
0.421966743533	0.334307992203	270	138	3	0	111	0.291338582677
0.422639901729	0.334307992203	270	139	3	0	111	0.291338582677
0.422758672329	0.335282651072	271	139	3	0	111	0.29057591623
0.422764370727	0.336257309942	272	139	3	0	111	0.289817232376
0.423050600079	0.337231968811	273	139	3	0	111	0.2890625
0.423181344486	0.337231968811	274	139	3	0	111	0.288311688312
0.423214042802	0.335282651072	274	140	3	0	113	0.291989664083
0.423522665954	0.334307992203	275	140	3	0	113	0.291237113402
0.424459245669	0.332358674464	275	141	3	0	115	0.294871794872
0.427994455967	0.333333333333	276	141	3	0	115	0.294117647059
0.428179901065	0.332358674464	276	142	3	0	116	0.295918367347
0.428434006668	0.331384015595	277	142	3	0	116	0.295165394402
0.432774503716	0.332358674464	278	142	3	0	116	0.294416243655
0.434334217858	0.332358674464	278	143	3	0	116	0.294416243655
0.435196066707	0.333333333333	279	143	3	0	116	0.293670886076
0.435321399622	0.334307992203	280	143	3	0	116	0.292929292929
0.436269758166	0.335282651072	281	143	3	0	116	0.292191435768
0.436465144393	0.336257309942	282	143	3	0	116	0.291457286432
0.439105136417	0.336257309942	282	144	3	0	116	0.291457286432
0.439791368896	0.336257309942	282	145	3	0	116	0.291457286432
0.440593497846	0.335282651072	283	145	3	0	116	0.290726817043
0.44104288295	0.335282651072	283	146	3	0	116	0.290726817043
0.442236982429	0.334307992203	284	146	3	0	116	0.29
0.442466935182	0.333333333333	285	146	3	0	116	0.28927680798
0.442757908328	0.332358674464	285	147	3	0	117	0.291044776119
0.444646336844	0.333333333333	286	147	3	0	117	0.290322580645
0.444812558737	0.334307992203	287	147	3	0	117	0.289603960396
0.445083523406	0.332358674464	287	148	3	0	119	0.293103448276
0.446585934155	0.330409356725	287	149	3	0	121	0.296568627451
0.447099727381	0.330409356725	288	149	3	0	121	0.295843520782
0.448320841227	0.330409356725	288	150	3	0	121	0.295843520782
0.449829032857	0.331384015595	289	150	3	0	121	0.29512195122
0.451731836092	0.332358674464	290	150	3	0	121	0.294403892944
0.451896472014	0.332358674464	290	151	3	0	121	0.294403892944
0.452827792885	0.331384015595	290	152	3	0	122	0.296116504854
0.454929632252	0.331384015595	291	152	3	0	122	0.295399515738
0.458874315943	0.331384015595	292	152	3	0	122	0.294685990338
0.460890302165	0.330409356725	292	153	3	0	123	0.296385542169
0.463239823251	0.330409356725	293	153	3	0	123	0.295673076923
0.46344377423	0.330409356725	293	154	3	0	123	0.295673076923
0.463765947637	0.329434697856	294	154	3	0	123	0.294964028777
0.464714399066	0.330409356725	295	154	3	0	123	0.294258373206
0.464978556873	0.331384015595	296	154	3	0	123	0.293556085919
0.465370537994	0.331384015595	296	155	3	0	123	0.293556085919
0.466568452381	0.331384015595	297	155	3	0	123	0.292857142857
0.466781471265	0.331384015595	298	155	3	0	123	0.29216152019
0.467762836203	0.331384015595	298	156	3	0	123	0.29216152019
0.468503883465	0.331384015595	299	156	3	0	123	0.291469194313
0.470313405235	0.331384015595	300	156	3	0	123	0.290780141844
0.471616108626	0.330409356725	301	156	3	0	123	0.290094339623
0.473173073898	0.329434697856	302	156	3	0	123	0.289411764706
0.4732804296	0.330409356725	303	156	3	0	123	0.288732394366
0.473885688164	0.331384015595	304	156	3	0	123	0.288056206089
0.474197219367	0.331384015595	305	156	3	0	123	0.28738317757
0.47456367211	0.332358674464	306	156	3	0	123	0.286713286713
0.475300368449	0.333333333333	307	156	3	0	123	0.286046511628
0.475701982324	0.331384015595	307	157	3	0	125	0.289351851852
0.478668009555	0.332358674464	308	157	3	0	125	0.288683602771
0.479300158391	0.333333333333	309	157	3	0	125	0.28801843318
0.479613975898	0.334307992203	310	157	3	0	125	0.287356321839
0.479791105429	0.335282651072	311	157	3	0	125	0.286697247706
0.479804404079	0.336257309942	312	157	3	0	125	0.286041189931
0.480801411563	0.336257309942	312	158	3	0	125	0.286041189931
0.482351750249	0.335282651072	312	159	3	0	126	0.287671232877
0.484861113821	0.334307992203	313	159	3	0	126	0.28701594533
0.484863347493	0.334307992203	314	159	3	0	126	0.286363636364
0.486024401917	0.334307992203	314	160	3	0	126	0.286363636364
0.487247158678	0.335282651072	315	160	3	0	126	0.285714285714
0.488134358744	0.336257309942	316	160	3	0	126	0.285067873303
0.488176934871	0.336257309942	317	160	3	0	126	0.284424379233
0.489093567246	0.336257309942	317	161	3	0	126	0.284424379233
0.48973183474	0.337231968811	318	161	3	0	126	0.283783783784
0.490281850064	0.33820662768	319	161	3	0	126	0.283146067416
0.491915763835	0.33918128655	320	161	3	0	126	0.282511210762
0.492924739102	0.337231968811	320	162	3	0	128	0.285714285714
0.493002448649	0.337231968811	321	162	3	0	128	0.285077951002
0.494281317722	0.33820662768	322	162	3	0	128	0.284444444444
0.495081012035	0.33820662768	322	163	3	0	128	0.284444444444
0.496046709275	0.33820662768	323	163	3	0	128	0.283813747228
0.497143448735	0.337231968811	323	164	3	0	129	0.285398230088
0.498315652597	0.33820662768	324	164	3	0	129	0.284768211921
0.498434562789	0.33918128655	325	164	3	0	129	0.284140969163
0.498655181358	0.33820662768	325	165	3	0	130	0.285714285714
0.499064709098	0.33820662768	326	165	3	0	130	0.285087719298
0.501629732558	0.33820662768	326	166	3	0	130	0.285087719298
0.501971093033	0.33820662768	326	167	3	0	130	0.285087719298
0.50343896777	0.33918128655	327	167	3	0	130	0.284463894967
0.503476530286	0.337231968811	327	168	3	0	132	0.287581699346
0.504028370538	0.337231968811	328	168	3	0	132	0.286956521739
0.504592190363	0.337231968811	328	169	3	0	132	0.286956521739
0.505412820308	0.336257309942	328	170	3	0	133	0.288503253796
0.506803360991	0.335282651072	328	171	3	0	134	0.290043290043
0.507792003273	0.336257309942	329	171	3	0	134	0.289416846652
0.508790947947	0.337231968811	330	171	3	0	134	0.288793103448
0.509606629516	0.33820662768	331	171	3	0	134	0.288172043011
0.510174797576	0.33918128655	332	171	3	0	134	0.287553648069
0.510429222472	0.33918128655	332	172	3	0	134	0.287553648069
0.510646147497	0.337231968811	332	173	3	0	136	0.290598290598
0.511350918308	0.334307992203	332	174	3	0	139	0.295116772824
0.512251023715	0.333333333333	332	175	3	0	140	0.296610169492
0.512509347884	0.333333333333	333	175	3	0	140	0.295983086681
0.514368576756	0.334307992203	334	175	3	0	140	0.295358649789
0.51438991408	0.334307992203	334	176	3	0	140	0.295358649789
0.516627798816	0.334307992203	335	176	3	0	140	0.294736842105
0.517701273838	0.335282651072	336	176	3	0	140	0.294117647059
0.518531554275	0.336257309942	337	176	3	0	140	0.293501048218
0.521263920253	0.336257309942	338	176	3	0	140	0.292887029289
0.521380019348	0.333333333333	338	177	3	0	143	0.297297297297
0.521470085382	0.332358674464	339	177	3	0	143	0.296680497925
0.522116057028	0.333333333333	340	177	3	0	143	0.296066252588
0.522862226782	0.333333333333	341	177	3	0	143	0.295454545455
0.523269983462	0.334307992203	342	177	3	0	143	0.294845360825
0.52344604316	0.333333333333	342	178	3	0	144	0.296296296296
0.523523870943	0.331384015595	342	179	3	0	146	0.299180327869
0.52392395695	0.332358674464	343	179	3	0	146	0.298568507157
0.524343544885	0.331384015595	344	179	3	0	146	0.297959183673
0.52544784577	0.329434697856	344	180	3	0	148	0.30081300813
0.527459785443	0.330409356725	345	180	3	0	148	0.300202839757
0.527507740733	0.331384015595	346	180	3	0	148	0.2995951417
0.528673860221	0.332358674464	347	180	3	0	148	0.29898989899
