# time 	 divergence 	 # of mutations 	 # IGC chances 	 IGC length 	 # IGC failures 	 Changes due to IGC  	 % change due to IGC 
0.0	0.0106837606838	0	0	0	0	0	0.0
0.00056619006367	0.0128205128205	1	0	0	0	0	0.0
0.00203474914372	0.0149572649573	2	0	0	0	0	0.0
0.00319269299025	0.017094017094	3	0	0	0	0	0.0
0.00786872873652	0.0192307692308	4	0	0	0	0	0.0
0.00793899619434	0.0213675213675	5	0	0	0	0	0.0
0.00855596759143	0.0235042735043	6	0	0	0	0	0.0
0.00910525541618	0.025641025641	7	0	0	0	0	0.0
0.0128946233088	0.0277777777778	8	0	0	0	0	0.0
0.0183062171449	0.0299145299145	9	0	0	0	0	0.0
0.0184282016077	0.0320512820513	10	0	0	0	0	0.0
0.0187798922234	0.034188034188	11	0	0	0	0	0.0
0.0197641047359	0.0320512820513	11	1	42	0	1	0.0833333333333
0.0204557051917	0.034188034188	12	1	42	0	1	0.0769230769231
0.0226211777326	0.0363247863248	13	1	42	0	1	0.0714285714286
0.026930696871	0.0384615384615	14	1	42	0	1	0.0666666666667
0.030447179707	0.0405982905983	15	1	42	0	1	0.0625
0.031554645442	0.042735042735	16	1	42	0	1	0.0588235294118
0.0326235314621	0.0320512820513	16	2	81	0	6	0.272727272727
0.0362599598834	0.0235042735043	16	3	75	0	10	0.384615384615
