# time 	 divergence 	 # of mutations 	 # IGC chances 	 IGC length 	 # IGC failures 	 Changes due to IGC  	 % change due to IGC 
0.0	0.102564102564	0	0	0	0	0	0.0
0.000468634483903	0.102564102564	0	1	3	0	0	0.0
0.000769524342571	0.100427350427	1	1	3	0	0	0.0
0.000985115351026	0.102564102564	2	1	3	0	0	0.0
0.00531353842001	0.104700854701	3	1	3	0	0	0.0
0.00729345015512	0.102564102564	4	1	3	0	0	0.0
0.00863479451754	0.102564102564	4	2	3	0	0	0.0
0.0145150375386	0.102564102564	4	3	3	0	0	0.0
0.0157063426506	0.104700854701	5	3	3	0	0	0.0
0.0202573890841	0.104700854701	5	4	3	0	0	0.0
0.023160024926	0.104700854701	5	5	3	0	0	0.0
0.0239521587548	0.106837606838	6	5	3	0	0	0.0
0.0248538107869	0.108974358974	7	5	3	0	0	0.0
0.026877835309	0.111111111111	8	5	3	0	0	0.0
0.0293086660512	0.111111111111	8	6	3	0	0	0.0
0.031774650819	0.108974358974	8	7	3	0	1	0.111111111111
0.0404741432476	0.106837606838	8	8	3	0	2	0.2
0.0416872639582	0.108974358974	9	8	3	0	2	0.181818181818
0.0422499541767	0.111111111111	10	8	3	0	2	0.166666666667
0.0429044390846	0.113247863248	11	8	3	0	2	0.153846153846
0.0456154452372	0.111111111111	11	9	3	0	3	0.214285714286
