# time 	 divergence 	 # of mutations 	 # IGC chances 	 IGC length 	 # IGC failures 	 Changes due to IGC  	 % change due to IGC 
0.0	0.0	0	0	0	0	0	0.0
0.000467860546562	0.00213675213675	1	0	0	0	0	0.0
0.00369806971593	0.0042735042735	2	0	0	0	0	0.0
0.00666398485904	0.00641025641026	3	0	0	0	0	0.0
0.00849692994791	0.00854700854701	4	0	0	0	0	0.0
0.0103672521579	0.0106837606838	5	0	0	0	0	0.0
0.0186311966703	0.0128205128205	6	0	0	0	0	0.0
0.0201517609347	0.0149572649573	7	0	0	0	0	0.0
0.0210228436511	0.017094017094	8	0	0	0	0	0.0
0.0257171000041	0.0192307692308	9	0	0	0	0	0.0
0.0273420584716	0.0213675213675	10	0	0	0	0	0.0
0.0339975249842	0.0235042735043	11	0	0	0	0	0.0
0.0361631569083	0.025641025641	12	0	0	0	0	0.0
0.0368021760824	0.0277777777778	13	0	0	0	0	0.0
0.0369687684231	0.0299145299145	14	0	0	0	0	0.0
0.0385814315593	0.0320512820513	15	0	0	0	0	0.0
0.0431115658383	0.034188034188	16	0	0	0	0	0.0
0.044409578341	0.0363247863248	17	0	0	0	0	0.0
0.0458153035587	0.0384615384615	18	0	0	0	0	0.0
0.0592713776775	0.0405982905983	19	0	0	0	0	0.0
0.0598303924888	0.042735042735	20	0	0	0	0	0.0
0.0620657519918	0.0448717948718	21	0	0	0	0	0.0
0.0625013375693	0.0470085470085	22	0	0	0	0	0.0
0.0639232824926	0.0491452991453	23	0	0	0	0	0.0
0.064479338025	0.0512820512821	24	0	0	0	0	0.0
0.0718224778987	0.0534188034188	25	0	0	0	0	0.0
0.0761290262325	0.0555555555556	26	0	0	0	0	0.0
0.0794476183623	0.0576923076923	27	0	0	0	0	0.0
0.0839811469828	0.0598290598291	28	0	0	0	0	0.0
0.0861230534893	0.0619658119658	29	0	0	0	0	0.0
0.0928047387452	0.0641025641026	30	0	0	0	0	0.0
0.0928410768126	0.0662393162393	31	0	0	0	0	0.0
0.0973003208885	0.0683760683761	32	0	0	0	0	0.0
0.103435943428	0.0705128205128	33	0	0	0	0	0.0
0.103793790814	0.0726495726496	34	0	0	0	0	0.0
0.104041548685	0.0747863247863	35	0	0	0	0	0.0
0.104278885352	0.0769230769231	36	0	0	0	0	0.0
0.106637725367	0.0790598290598	37	0	0	0	0	0.0
0.108651429545	0.0811965811966	38	0	0	0	0	0.0
0.110301879824	0.0833333333333	39	0	0	0	0	0.0
0.111441000771	0.0854700854701	40	0	0	0	0	0.0
0.114312015619	0.0876068376068	41	0	0	0	0	0.0
0.115721573615	0.0897435897436	42	0	0	0	0	0.0
0.128305945737	0.0918803418803	43	0	0	0	0	0.0
0.128633607747	0.0940170940171	44	0	0	0	0	0.0
0.131219090703	0.0961538461538	45	0	0	0	0	0.0
0.131818472939	0.0982905982906	46	0	0	0	0	0.0
0.14088076276	0.100427350427	47	0	0	0	0	0.0
0.141022722345	0.102564102564	48	0	0	0	0	0.0
0.141327362792	0.104700854701	49	0	0	0	0	0.0
0.142766797144	0.106837606838	50	0	0	0	0	0.0
0.149070216958	0.108974358974	51	0	0	0	0	0.0
0.151017697087	0.111111111111	52	0	0	0	0	0.0
0.153524443083	0.111111111111	53	0	0	0	0	0.0
0.154961838043	0.113247863248	54	0	0	0	0	0.0
0.160657542487	0.115384615385	55	0	0	0	0	0.0
0.163818801802	0.117521367521	56	0	0	0	0	0.0
0.180091737242	0.119658119658	57	0	0	0	0	0.0
0.182448795074	0.121794871795	58	0	0	0	0	0.0
0.188287493916	0.123931623932	59	0	0	0	0	0.0
0.189778170991	0.126068376068	60	0	0	0	0	0.0
0.200028260827	0.128205128205	61	0	0	0	0	0.0
0.205527929911	0.130341880342	62	0	0	0	0	0.0
0.2059348175	0.132478632479	63	0	0	0	0	0.0
0.20811069606	0.134615384615	64	0	0	0	0	0.0
0.214657688915	0.136752136752	65	0	0	0	0	0.0
0.218507522173	0.138888888889	66	0	0	0	0	0.0
0.221366317194	0.141025641026	67	0	0	0	0	0.0
0.223223163146	0.143162393162	68	0	0	0	0	0.0
0.224265031126	0.145299145299	69	0	0	0	0	0.0
0.229095609938	0.147435897436	70	0	0	0	0	0.0
0.233245605131	0.149572649573	71	0	0	0	0	0.0
0.238982663065	0.149572649573	72	0	0	0	0	0.0
0.245105085323	0.151709401709	73	0	0	0	0	0.0
0.245540900569	0.153846153846	74	0	0	0	0	0.0
0.255238779183	0.153846153846	75	0	0	0	0	0.0
0.255538770595	0.155982905983	76	0	0	0	0	0.0
0.25679251128	0.15811965812	77	0	0	0	0	0.0
0.259611492995	0.160256410256	78	0	0	0	0	0.0
0.261403094973	0.162393162393	79	0	0	0	0	0.0
0.263431776602	0.16452991453	80	0	0	0	0	0.0
0.263474333955	0.166666666667	81	0	0	0	0	0.0
0.264161279477	0.168803418803	82	0	0	0	0	0.0
0.278186549014	0.17094017094	83	0	0	0	0	0.0
0.278453135154	0.173076923077	84	0	0	0	0	0.0
0.281118641204	0.17094017094	85	0	0	0	0	0.0
0.282562498388	0.173076923077	86	0	0	0	0	0.0
0.285595658369	0.175213675214	87	0	0	0	0	0.0
0.289078495085	0.17735042735	88	0	0	0	0	0.0
0.291740877563	0.179487179487	89	0	0	0	0	0.0
0.293206029334	0.181623931624	90	0	0	0	0	0.0
0.297112949648	0.183760683761	91	0	0	0	0	0.0
0.299828990658	0.185897435897	92	0	0	0	0	0.0
0.305840895415	0.188034188034	93	0	0	0	0	0.0
0.30853517273	0.190170940171	94	0	0	0	0	0.0
0.31996929829	0.192307692308	95	0	0	0	0	0.0
0.320214452434	0.194444444444	96	0	0	0	0	0.0
0.326526799022	0.196581196581	97	0	0	0	0	0.0
0.33166024386	0.198717948718	98	0	0	0	0	0.0
0.334074916168	0.200854700855	99	0	0	0	0	0.0
0.336960690086	0.200854700855	100	0	0	0	0	0.0
0.341238162099	0.198717948718	101	0	0	0	0	0.0
