# time 	 divergence 	 # of mutations 	 # IGC chances 	 IGC length 	 # IGC failures 	 Changes due to IGC  	 % change due to IGC 
0.0	0.302144249513	0	0	0	0	0	0.0
0.00343341520869	0.303118908382	1	0	0	0	0	0.0
0.00452956696397	0.304093567251	2	0	0	0	0	0.0
0.00581325633889	0.305068226121	3	0	0	0	0	0.0
0.00747926645961	0.305068226121	4	0	0	0	0	0.0
0.00814262251487	0.30604288499	5	0	0	0	0	0.0
0.00862472555512	0.30604288499	6	0	0	0	0	0.0
0.00917633622134	0.302144249513	6	1	6	0	4	0.4
0.0118072260077	0.303118908382	7	1	6	0	4	0.363636363636
0.0131728422089	0.304093567251	8	1	6	0	4	0.333333333333
0.0137057000047	0.304093567251	9	1	6	0	4	0.307692307692
0.0137483152463	0.305068226121	10	1	6	0	4	0.285714285714
0.0145976212435	0.305068226121	11	1	6	0	4	0.266666666667
0.0150915088865	0.30604288499	12	1	6	0	4	0.25
0.0157944111968	0.30701754386	13	1	6	0	4	0.235294117647
0.0158327041388	0.305068226121	13	2	3	0	6	0.315789473684
0.0174876702287	0.30604288499	14	2	3	0	6	0.3
0.0219590693373	0.30701754386	15	2	3	0	6	0.285714285714
0.0230636722956	0.307992202729	16	2	3	0	6	0.272727272727
0.028026802074	0.307992202729	17	2	3	0	6	0.260869565217
0.0280533382959	0.308966861598	18	2	3	0	6	0.25
0.0293361679967	0.307992202729	19	2	3	0	6	0.24
0.0301609359441	0.307992202729	20	2	3	0	6	0.230769230769
0.0308306969528	0.304093567251	20	3	6	0	10	0.333333333333
0.0312791308283	0.305068226121	21	3	6	0	10	0.322580645161
0.0316214043694	0.30604288499	22	3	6	0	10	0.3125
0.0325572692462	0.30701754386	23	3	6	0	10	0.30303030303
0.03267236196	0.30701754386	24	3	6	0	10	0.294117647059
0.0345823730501	0.30701754386	24	4	3	0	10	0.294117647059
0.0352726160336	0.30701754386	24	5	15	0	10	0.294117647059
0.0366836239909	0.303118908382	24	6	24	0	14	0.368421052632
0.0387038834698	0.304093567251	25	6	24	0	14	0.358974358974
0.0390155649477	0.305068226121	26	6	24	0	14	0.35
0.0393943133723	0.30604288499	27	6	24	0	14	0.341463414634
0.0396371150992	0.30701754386	28	6	24	0	14	0.333333333333
0.0398232148026	0.307992202729	29	6	24	0	14	0.325581395349
0.0409157464466	0.302144249513	29	7	21	0	20	0.408163265306
0.0427420444953	0.303118908382	30	7	21	0	20	0.4
0.0428961333562	0.304093567251	31	7	21	0	20	0.392156862745
0.0467314525665	0.300194931774	31	8	9	0	24	0.436363636364
0.0508035710276	0.301169590643	32	8	9	0	24	0.428571428571
0.0510806939547	0.302144249513	33	8	9	0	24	0.421052631579
0.0525989910923	0.301169590643	34	8	9	0	24	0.413793103448
0.0545400795995	0.300194931774	35	8	9	0	24	0.406779661017
0.0551976008897	0.301169590643	36	8	9	0	24	0.4
0.0576128051091	0.302144249513	37	8	9	0	24	0.393442622951
0.0586278601729	0.303118908382	38	8	9	0	24	0.387096774194
0.0610400813302	0.304093567251	39	8	9	0	24	0.380952380952
0.0615715905116	0.300194931774	39	9	15	0	28	0.417910447761
0.0632903353165	0.298245614035	39	10	6	0	30	0.434782608696
0.0635687104722	0.299220272904	40	10	6	0	30	0.428571428571
0.0645235308553	0.297270955166	40	11	15	0	32	0.444444444444
0.0648373604406	0.297270955166	41	11	15	0	32	0.438356164384
0.065413131672	0.296296296296	42	11	15	0	32	0.432432432432
0.0654673976394	0.296296296296	43	11	15	0	32	0.426666666667
0.0672907637209	0.297270955166	44	11	15	0	32	0.421052631579
0.069145255431	0.298245614035	45	11	15	0	32	0.415584415584
0.0718127893486	0.299220272904	46	11	15	0	32	0.410256410256
0.0738347109769	0.299220272904	47	11	15	0	32	0.405063291139
0.0781150596752	0.293372319688	47	12	18	0	38	0.447058823529
0.0809360386712	0.293372319688	48	12	18	0	38	0.441860465116
0.0809646541784	0.293372319688	49	12	18	0	38	0.436781609195
0.0821322624365	0.294346978558	50	12	18	0	38	0.431818181818
0.082447049676	0.295321637427	51	12	18	0	38	0.426966292135
0.0839125751455	0.296296296296	52	12	18	0	38	0.422222222222
0.0847356555388	0.297270955166	53	12	18	0	38	0.417582417582
0.0852239641282	0.298245614035	54	12	18	0	38	0.413043478261
0.0870050015424	0.299220272904	55	12	18	0	38	0.408602150538
0.0872124405162	0.300194931774	56	12	18	0	38	0.404255319149
0.0873283500608	0.301169590643	57	12	18	0	38	0.4
0.0881937508561	0.302144249513	58	12	18	0	38	0.395833333333
0.0891316991824	0.303118908382	59	12	18	0	38	0.39175257732
0.0923116017046	0.304093567251	60	12	18	0	38	0.387755102041
0.0925300071	0.296296296296	60	13	21	0	46	0.433962264151
0.0943753646134	0.297270955166	61	13	21	0	46	0.429906542056
0.0944849663993	0.295321637427	61	14	6	0	48	0.440366972477
0.0956581306273	0.296296296296	62	14	6	0	48	0.436363636364
0.0967147423774	0.297270955166	63	14	6	0	48	0.432432432432
0.0972171797639	0.293372319688	63	15	6	0	52	0.452173913043
0.0975840671293	0.287524366472	63	16	15	0	58	0.479338842975
0.0978049593907	0.288499025341	64	16	15	0	58	0.475409836066
0.0985334468995	0.289473684211	65	16	15	0	58	0.471544715447
0.10280284721	0.29044834308	66	16	15	0	58	0.467741935484
0.107297393345	0.289473684211	67	16	15	0	58	0.464
0.107399977285	0.288499025341	67	17	21	0	59	0.468253968254
0.108004503543	0.280701754386	67	18	9	0	67	0.5
0.109859796288	0.281676413255	68	18	9	0	67	0.496296296296
0.111725903315	0.281676413255	69	18	9	0	67	0.492647058824
0.112150619288	0.282651072125	70	18	9	0	67	0.489051094891
0.11258634823	0.283625730994	71	18	9	0	67	0.485507246377
0.115885413917	0.283625730994	71	19	3	0	67	0.485507246377
0.117832623158	0.284600389864	72	19	3	0	67	0.482014388489
0.118019766103	0.285575048733	73	19	3	0	67	0.478571428571
0.119177216891	0.281676413255	73	20	9	0	71	0.493055555556
0.119671477297	0.282651072125	74	20	9	0	71	0.489655172414
0.120805954126	0.278752436647	74	21	9	0	75	0.503355704698
0.121013330865	0.278752436647	75	21	9	0	75	0.5
0.121382972503	0.279727095517	76	21	9	0	75	0.496688741722
0.121832257323	0.277777777778	76	22	18	0	77	0.503267973856
0.122660686604	0.265107212476	76	23	24	0	90	0.542168674699
0.124956311476	0.266081871345	77	23	24	0	90	0.538922155689
0.125425009967	0.265107212476	78	23	24	0	90	0.535714285714
0.126153023527	0.266081871345	79	23	24	0	90	0.532544378698
0.127088720232	0.267056530214	80	23	24	0	90	0.529411764706
0.128942122919	0.268031189084	81	23	24	0	90	0.526315789474
0.129514143293	0.268031189084	82	23	24	0	90	0.523255813953
0.131279388775	0.269005847953	83	23	24	0	90	0.520231213873
0.1316605201	0.269980506823	84	23	24	0	90	0.51724137931
0.132285207573	0.270955165692	85	23	24	0	90	0.514285714286
0.132754479088	0.270955165692	86	23	24	0	90	0.511363636364
0.13338643601	0.270955165692	87	23	24	0	90	0.508474576271
0.134257063148	0.270955165692	88	23	24	0	90	0.505617977528
0.134368576749	0.270955165692	89	23	24	0	90	0.502793296089
0.135040948384	0.271929824561	90	23	24	0	90	0.5
0.135305783647	0.271929824561	91	23	24	0	90	0.497237569061
0.136707139435	0.272904483431	92	23	24	0	90	0.494505494505
0.139455603516	0.2738791423	93	23	24	0	90	0.491803278689
0.139510085904	0.27485380117	94	23	24	0	90	0.489130434783
0.140299352097	0.275828460039	95	23	24	0	90	0.486486486486
0.141060302032	0.275828460039	96	23	24	0	90	0.483870967742
0.141911846032	0.27485380117	96	24	3	0	91	0.486631016043
0.14301680469	0.275828460039	97	24	3	0	91	0.484042553191
0.143195946035	0.275828460039	98	24	3	0	91	0.481481481481
0.144168598257	0.276803118908	99	24	3	0	91	0.478947368421
0.145624503973	0.276803118908	99	25	3	0	91	0.478947368421
0.148854386017	0.277777777778	100	25	3	0	91	0.476439790576
0.149343416126	0.278752436647	101	25	3	0	91	0.473958333333
0.149474003371	0.279727095517	102	25	3	0	91	0.471502590674
0.149658870874	0.280701754386	103	25	3	0	91	0.469072164948
0.150563558768	0.281676413255	104	25	3	0	91	0.466666666667
0.153613047353	0.280701754386	104	26	3	0	92	0.469387755102
0.154808486228	0.281676413255	105	26	3	0	92	0.467005076142
0.15678673527	0.282651072125	106	26	3	0	92	0.464646464646
0.157236398413	0.283625730994	107	26	3	0	92	0.462311557789
0.158989269467	0.284600389864	108	26	3	0	92	0.46
0.159612957254	0.285575048733	109	26	3	0	92	0.457711442786
0.159896146602	0.280701754386	109	27	6	0	97	0.470873786408
0.160337242691	0.281676413255	110	27	6	0	97	0.468599033816
0.163133966635	0.281676413255	111	27	6	0	97	0.466346153846
0.163229647918	0.282651072125	112	27	6	0	97	0.464114832536
0.163308175112	0.282651072125	113	27	6	0	97	0.461904761905
0.163657005767	0.283625730994	114	27	6	0	97	0.45971563981
0.164360514036	0.284600389864	115	27	6	0	97	0.457547169811
0.164930580569	0.283625730994	115	28	6	0	98	0.460093896714
0.165694533955	0.283625730994	116	28	6	0	98	0.457943925234
0.16595582322	0.280701754386	116	29	9	0	101	0.465437788018
0.167566057686	0.281676413255	117	29	9	0	101	0.463302752294
0.167702943645	0.281676413255	118	29	9	0	101	0.461187214612
0.169452233871	0.280701754386	119	29	9	0	101	0.459090909091
0.169741925507	0.281676413255	120	29	9	0	101	0.457013574661
0.174797945982	0.282651072125	121	29	9	0	101	0.454954954955
0.17702307794	0.283625730994	122	29	9	0	101	0.452914798206
0.177235224101	0.283625730994	123	29	9	0	101	0.450892857143
0.177265773058	0.275828460039	123	30	39	0	109	0.469827586207
0.181361285773	0.275828460039	124	30	39	0	109	0.467811158798
0.182173641495	0.275828460039	124	31	3	0	109	0.467811158798
0.184713872588	0.275828460039	124	32	3	0	109	0.467811158798
0.185533613555	0.276803118908	125	32	3	0	109	0.465811965812
0.186051935784	0.276803118908	125	33	6	0	109	0.465811965812
0.187483329611	0.277777777778	126	33	6	0	109	0.463829787234
0.18823796186	0.277777777778	126	34	6	0	109	0.463829787234
0.188263850758	0.278752436647	127	34	6	0	109	0.46186440678
0.188746673501	0.279727095517	128	34	6	0	109	0.459915611814
0.189542499425	0.279727095517	129	34	6	0	109	0.457983193277
0.190230955204	0.280701754386	130	34	6	0	109	0.456066945607
0.192679499419	0.280701754386	131	34	6	0	109	0.454166666667
0.19341970659	0.279727095517	132	34	6	0	109	0.452282157676
0.194011774854	0.278752436647	132	35	3	0	110	0.454545454545
0.195087311754	0.278752436647	133	35	3	0	110	0.452674897119
0.196768369424	0.279727095517	134	35	3	0	110	0.450819672131
0.19808855972	0.280701754386	135	35	3	0	110	0.448979591837
0.202046068756	0.281676413255	136	35	3	0	110	0.447154471545
0.20224471935	0.282651072125	137	35	3	0	110	0.445344129555
0.202610069444	0.27485380117	137	36	24	0	118	0.462745098039
0.203561862019	0.2738791423	138	36	24	0	118	0.4609375
0.204333375764	0.2738791423	138	37	9	0	118	0.4609375
0.205202795749	0.27485380117	139	37	9	0	118	0.459143968872
0.206548386258	0.27485380117	140	37	9	0	118	0.457364341085
0.20797026868	0.272904483431	140	38	3	0	120	0.461538461538
0.209973524564	0.271929824561	141	38	3	0	120	0.459770114943
0.212815081959	0.271929824561	142	38	3	0	120	0.458015267176
0.215222896924	0.271929824561	143	38	3	0	120	0.456273764259
0.215439702705	0.269980506823	143	39	3	0	122	0.460377358491
0.217755305579	0.269980506823	144	39	3	0	122	0.458646616541
0.217876459465	0.269980506823	145	39	3	0	122	0.456928838951
0.218083158906	0.269980506823	146	39	3	0	122	0.455223880597
0.219393429563	0.269980506823	147	39	3	0	122	0.453531598513
0.220026632519	0.270955165692	148	39	3	0	122	0.451851851852
0.220867345633	0.270955165692	148	40	3	0	122	0.451851851852
0.22356636607	0.271929824561	149	40	3	0	122	0.450184501845
0.223580301436	0.271929824561	150	40	3	0	122	0.448529411765
0.225386516919	0.272904483431	151	40	3	0	122	0.446886446886
0.225555143435	0.2738791423	152	40	3	0	122	0.445255474453
0.225885257337	0.266081871345	152	41	33	0	130	0.460992907801
0.230070060243	0.267056530214	153	41	33	0	130	0.459363957597
0.230925209403	0.268031189084	154	41	33	0	130	0.457746478873
0.231538224639	0.269005847953	155	41	33	0	130	0.456140350877
0.23272263213	0.269005847953	156	41	33	0	130	0.454545454545
0.232983790149	0.269980506823	157	41	33	0	130	0.452961672474
0.236415424374	0.267056530214	157	42	15	0	133	0.458620689655
0.236561912311	0.268031189084	158	42	15	0	133	0.45704467354
0.237435705471	0.269005847953	159	42	15	0	133	0.455479452055
0.238657555067	0.269005847953	159	43	9	0	133	0.455479452055
0.239016542755	0.268031189084	160	43	9	0	133	0.453924914676
0.239708992645	0.268031189084	161	43	9	0	133	0.452380952381
0.240724048678	0.269005847953	162	43	9	0	133	0.450847457627
0.240774496754	0.269980506823	163	43	9	0	133	0.449324324324
0.24101923489	0.270955165692	164	43	9	0	133	0.447811447811
0.242357967436	0.270955165692	164	44	6	0	133	0.447811447811
0.243258211375	0.269980506823	165	44	6	0	133	0.446308724832
0.243977837918	0.270955165692	166	44	6	0	133	0.444816053512
0.245613277295	0.271929824561	167	44	6	0	133	0.443333333333
0.246277919694	0.272904483431	168	44	6	0	133	0.441860465116
0.246382492102	0.2738791423	169	44	6	0	133	0.440397350993
0.248552366472	0.2738791423	170	44	6	0	133	0.438943894389
0.250578777648	0.27485380117	171	44	6	0	133	0.4375
0.256678452673	0.275828460039	172	44	6	0	133	0.43606557377
0.256812033684	0.272904483431	172	45	15	0	136	0.441558441558
0.257342308424	0.2738791423	173	45	15	0	136	0.440129449838
0.258216063544	0.267056530214	173	46	9	0	143	0.45253164557
0.258249547386	0.268031189084	174	46	9	0	143	0.451104100946
0.258451479977	0.268031189084	175	46	9	0	143	0.449685534591
0.258491224486	0.268031189084	176	46	9	0	143	0.448275862069
0.258506289225	0.264132553606	176	47	21	0	147	0.455108359133
0.258989558573	0.265107212476	177	47	21	0	147	0.453703703704
0.259176899533	0.266081871345	178	47	21	0	147	0.452307692308
0.262362916043	0.267056530214	179	47	21	0	147	0.450920245399
0.264846089115	0.268031189084	180	47	21	0	147	0.449541284404
0.265839955207	0.269005847953	181	47	21	0	147	0.448170731707
0.267071241169	0.248538011696	181	48	60	0	168	0.481375358166
0.267122986007	0.249512670565	182	48	60	0	168	0.48
0.267994440745	0.250487329435	183	48	60	0	168	0.478632478632
0.26879383831	0.251461988304	184	48	60	0	168	0.477272727273
0.269688811338	0.250487329435	184	49	3	0	169	0.478753541076
0.271299699242	0.251461988304	185	49	3	0	169	0.477401129944
0.273636434048	0.248538011696	185	50	18	0	172	0.481792717087
0.274101741767	0.249512670565	186	50	18	0	172	0.480446927374
0.274685299268	0.250487329435	187	50	18	0	172	0.479108635097
0.275880751776	0.251461988304	188	50	18	0	172	0.477777777778
0.278895344729	0.252436647173	189	50	18	0	172	0.476454293629
0.279099951516	0.253411306043	190	50	18	0	172	0.475138121547
0.281344906627	0.254385964912	191	50	18	0	172	0.473829201102
0.283100909493	0.254385964912	192	50	18	0	172	0.472527472527
0.283463875472	0.255360623782	193	50	18	0	172	0.471232876712
0.283648901973	0.256335282651	194	50	18	0	172	0.469945355191
0.284430829665	0.256335282651	194	51	3	0	172	0.469945355191
0.284548417819	0.25730994152	195	51	3	0	172	0.468664850136
0.285220770612	0.25828460039	196	51	3	0	172	0.467391304348
0.285777741371	0.259259259259	197	51	3	0	172	0.466124661247
0.287819491834	0.260233918129	198	51	3	0	172	0.464864864865
0.288545266434	0.261208576998	199	51	3	0	172	0.463611859838
0.288775987714	0.254385964912	199	52	21	0	179	0.473544973545
0.28981038114	0.255360623782	200	52	21	0	179	0.472295514512
0.290322714963	0.256335282651	201	52	21	0	179	0.471052631579
0.293420857048	0.25730994152	202	52	21	0	179	0.469816272966
0.297644757153	0.253411306043	202	53	18	0	183	0.475324675325
0.299077863525	0.253411306043	203	53	18	0	183	0.474093264249
0.30245272508	0.254385964912	204	53	18	0	183	0.472868217054
0.302755734126	0.255360623782	205	53	18	0	183	0.471649484536
0.307425460106	0.256335282651	206	53	18	0	183	0.470437017995
0.307898337133	0.25730994152	207	53	18	0	183	0.469230769231
0.30819806945	0.25828460039	208	53	18	0	183	0.468030690537
0.308483533803	0.25730994152	209	53	18	0	183	0.466836734694
0.30941074675	0.25730994152	210	53	18	0	183	0.465648854962
0.310727579294	0.25828460039	211	53	18	0	183	0.464467005076
0.311719752369	0.259259259259	212	53	18	0	183	0.463291139241
0.313695572317	0.259259259259	213	53	18	0	183	0.462121212121
0.315793114207	0.260233918129	214	53	18	0	183	0.460957178841
0.315920448228	0.260233918129	215	53	18	0	183	0.459798994975
0.31725245097	0.261208576998	216	53	18	0	183	0.458646616541
0.317892180134	0.262183235867	217	53	18	0	183	0.4575
0.31865926212	0.263157894737	218	53	18	0	183	0.456359102244
0.319657616769	0.263157894737	219	53	18	0	183	0.455223880597
0.321066737511	0.264132553606	220	53	18	0	183	0.454094292804
0.321232003744	0.265107212476	221	53	18	0	183	0.45297029703
0.321250428958	0.266081871345	222	53	18	0	183	0.451851851852
0.32174517854	0.264132553606	222	54	3	0	185	0.454545454545
0.322066950034	0.260233918129	222	55	6	0	189	0.459854014599
0.326215525914	0.260233918129	222	56	6	0	189	0.459854014599
0.326303581329	0.261208576998	223	56	6	0	189	0.458737864078
0.326358921571	0.262183235867	224	56	6	0	189	0.457627118644
0.327159341591	0.263157894737	225	56	6	0	189	0.45652173913
0.328588011067	0.264132553606	226	56	6	0	189	0.455421686747
0.328625658925	0.265107212476	227	56	6	0	189	0.454326923077
0.330549937791	0.266081871345	228	56	6	0	189	0.453237410072
0.330631921254	0.266081871345	229	56	6	0	189	0.452153110048
0.330901508165	0.267056530214	230	56	6	0	189	0.45107398568
0.330958847333	0.267056530214	231	56	6	0	189	0.45
0.332360919862	0.267056530214	232	56	6	0	189	0.44893111639
0.332417953774	0.267056530214	233	56	6	0	189	0.447867298578
0.332580524648	0.267056530214	233	57	9	0	189	0.447867298578
0.333499005894	0.266081871345	233	58	9	0	190	0.449172576832
0.333999070964	0.266081871345	234	58	9	0	190	0.448113207547
0.336487013314	0.266081871345	235	58	9	0	190	0.447058823529
0.337854901199	0.267056530214	236	58	9	0	190	0.446009389671
0.337979135171	0.267056530214	237	58	9	0	190	0.444964871194
0.33930415862	0.265107212476	237	59	3	0	192	0.447552447552
0.339687579683	0.266081871345	238	59	3	0	192	0.446511627907
0.344519241181	0.267056530214	239	59	3	0	192	0.445475638051
0.34714784081	0.268031189084	240	59	3	0	192	0.444444444444
0.348659037644	0.269005847953	241	59	3	0	192	0.443418013857
0.349124277182	0.267056530214	241	60	6	0	194	0.445977011494
0.349454504671	0.268031189084	242	60	6	0	194	0.44495412844
0.351567207696	0.268031189084	242	61	3	0	194	0.44495412844
0.352617181452	0.269005847953	243	61	3	0	194	0.443935926773
0.353540002567	0.268031189084	244	61	3	0	194	0.442922374429
0.355946701134	0.264132553606	244	62	30	0	198	0.447963800905
0.355962395182	0.265107212476	245	62	30	0	198	0.446952595937
0.357243037346	0.265107212476	246	62	30	0	198	0.445945945946
0.357439406833	0.264132553606	247	62	30	0	198	0.444943820225
0.357628985352	0.264132553606	247	63	12	0	198	0.444943820225
0.358135648647	0.265107212476	248	63	12	0	198	0.443946188341
0.359707094773	0.265107212476	248	64	3	0	198	0.443946188341
0.360022564324	0.266081871345	249	64	3	0	198	0.442953020134
0.362959533282	0.267056530214	250	64	3	0	198	0.441964285714
0.364925057601	0.268031189084	251	64	3	0	198	0.440979955457
0.365172121057	0.269005847953	252	64	3	0	198	0.44
0.368179215379	0.269980506823	253	64	3	0	198	0.439024390244
0.36981813424	0.268031189084	253	65	6	0	200	0.441501103753
0.370055133407	0.269005847953	254	65	6	0	200	0.440528634361
0.370293309228	0.269005847953	255	65	6	0	200	0.43956043956
0.372540630632	0.269980506823	256	65	6	0	200	0.438596491228
0.374303461463	0.270955165692	257	65	6	0	200	0.437636761488
0.377121825197	0.269980506823	258	65	6	0	200	0.436681222707
0.377266364031	0.270955165692	259	65	6	0	200	0.435729847495
0.37792432939	0.266081871345	259	66	9	0	205	0.441810344828
0.379408410954	0.267056530214	260	66	9	0	205	0.440860215054
0.37956085758	0.268031189084	261	66	9	0	205	0.43991416309
0.379563540858	0.269005847953	262	66	9	0	205	0.438972162741
0.379982367956	0.269005847953	263	66	9	0	205	0.438034188034
0.380345418832	0.269005847953	264	66	9	0	205	0.43710021322
0.38062561213	0.269980506823	265	66	9	0	205	0.436170212766
0.382035173525	0.270955165692	266	66	9	0	205	0.435244161359
0.384555827418	0.270955165692	267	66	9	0	205	0.434322033898
0.385707487868	0.271929824561	268	66	9	0	205	0.433403805497
0.38682631954	0.272904483431	269	66	9	0	205	0.432489451477
0.38770237556	0.2738791423	270	66	9	0	205	0.431578947368
0.392734994062	0.2738791423	271	66	9	0	205	0.430672268908
0.393570749012	0.2738791423	272	66	9	0	205	0.429769392034
0.395420519469	0.272904483431	273	66	9	0	205	0.428870292887
0.395997244021	0.2738791423	274	66	9	0	205	0.427974947808
0.396701902997	0.27485380117	275	66	9	0	205	0.427083333333
0.397299819282	0.2738791423	276	66	9	0	205	0.426195426195
0.397991380808	0.27485380117	277	66	9	0	205	0.42531120332
0.400589493394	0.275828460039	278	66	9	0	205	0.424430641822
0.400747811405	0.276803118908	279	66	9	0	205	0.423553719008
0.403397086646	0.277777777778	280	66	9	0	205	0.422680412371
0.403552607894	0.278752436647	281	66	9	0	205	0.421810699588
0.405019142404	0.279727095517	282	66	9	0	205	0.420944558522
0.4076619818	0.280701754386	283	66	9	0	205	0.420081967213
0.408202992231	0.278752436647	283	67	3	0	207	0.422448979592
0.408562982984	0.278752436647	284	67	3	0	207	0.421588594705
0.409146628057	0.278752436647	285	67	3	0	207	0.420731707317
0.411163288478	0.279727095517	286	67	3	0	207	0.419878296146
0.412326953416	0.278752436647	286	68	9	0	208	0.421052631579
0.413271825175	0.277777777778	286	69	9	0	209	0.422222222222
0.413904303026	0.268031189084	286	70	24	0	219	0.433663366337
0.414187468791	0.269005847953	287	70	24	0	219	0.432806324111
0.414787211331	0.269980506823	288	70	24	0	219	0.431952662722
0.415740998814	0.270955165692	289	70	24	0	219	0.431102362205
0.416604509397	0.271929824561	290	70	24	0	219	0.43025540275
0.417017336061	0.271929824561	290	71	9	0	219	0.43025540275
0.417734458573	0.271929824561	291	71	9	0	219	0.429411764706
0.418041903323	0.272904483431	292	71	9	0	219	0.428571428571
0.418591497089	0.2738791423	293	71	9	0	219	0.427734375
0.418624733778	0.2738791423	293	72	3	0	219	0.427734375
0.421287041107	0.27485380117	294	72	3	0	219	0.426900584795
0.421958810272	0.275828460039	295	72	3	0	219	0.426070038911
0.424150271088	0.276803118908	296	72	3	0	219	0.425242718447
0.42507183607	0.275828460039	297	72	3	0	219	0.424418604651
0.426709043098	0.276803118908	298	72	3	0	219	0.423597678917
0.427628146934	0.277777777778	299	72	3	0	219	0.42277992278
0.431994230286	0.278752436647	300	72	3	0	219	0.421965317919
0.43236765987	0.278752436647	301	72	3	0	219	0.421153846154
0.43554285887	0.279727095517	302	72	3	0	219	0.420345489443
0.435592763751	0.280701754386	303	72	3	0	219	0.419540229885
0.435915883453	0.269980506823	303	73	18	0	230	0.431519699812
0.438453357286	0.269005847953	303	74	6	0	231	0.432584269663
0.440239419432	0.269980506823	304	74	6	0	231	0.431775700935
0.441506021755	0.269005847953	304	75	3	0	232	0.432835820896
0.442957990011	0.269980506823	305	75	3	0	232	0.432029795158
0.443289278056	0.269005847953	306	75	3	0	232	0.431226765799
0.444075935127	0.269005847953	307	75	3	0	232	0.430426716141
