# time 	 divergence 	 # of mutations 	 # IGC chances 	 IGC length 	 # IGC failures 	 Changes due to IGC  	 % change due to IGC 
0.0	0.413978494624	0	0	0	0	0	0.0
9.0066014901e-06	0.415053763441	1	0	0	0	0	0.0
0.000245512123036	0.415053763441	2	0	0	0	0	0.0
0.000309991802703	0.413978494624	3	0	0	0	0	0.0
0.000413156285064	0.412903225806	4	0	0	0	0	0.0
0.0012456309229	0.412903225806	5	0	0	0	0	0.0
0.00267909338455	0.413978494624	6	0	0	0	0	0.0
0.00352192907746	0.413978494624	7	0	0	0	0	0.0
0.00420745170719	0.413978494624	8	0	0	0	0	0.0
0.00518671288029	0.415053763441	9	0	0	0	0	0.0
0.0055605901794	0.415053763441	10	0	0	0	0	0.0
0.00614405792534	0.416129032258	11	0	0	0	0	0.0
0.011407645812	0.415053763441	12	0	0	0	0	0.0
0.0119436129477	0.415053763441	13	0	0	0	0	0.0
0.0133273686445	0.413978494624	14	0	0	0	0	0.0
0.0139630761238	0.415053763441	15	0	0	0	0	0.0
0.0180107959803	0.413978494624	16	0	0	0	0	0.0
0.0185573092455	0.415053763441	17	0	0	0	0	0.0
0.021666306929	0.415053763441	18	0	0	0	0	0.0
0.0222136645048	0.416129032258	19	0	0	0	0	0.0
0.0229600682962	0.417204301075	20	0	0	0	0	0.0
0.0281748879402	0.418279569892	21	0	0	0	0	0.0
0.0284380606804	0.418279569892	22	0	0	0	0	0.0
0.029303202617	0.418279569892	23	0	0	0	0	0.0
0.0296317543664	0.41935483871	24	0	0	0	0	0.0
0.0314357219077	0.418279569892	25	0	0	0	0	0.0
0.037549348941	0.417204301075	26	0	0	0	0	0.0
0.0389856894032	0.417204301075	27	0	0	0	0	0.0
0.0424686745829	0.418279569892	28	0	0	0	0	0.0
0.0466723612655	0.41935483871	29	0	0	0	0	0.0
0.0472533970316	0.41935483871	30	0	0	0	0	0.0
0.0486609995574	0.420430107527	31	0	0	0	0	0.0
0.0499113155888	0.41935483871	32	0	0	0	0	0.0
0.0585095724802	0.420430107527	33	0	0	0	0	0.0
0.0586631413294	0.420430107527	34	0	0	0	0	0.0
0.0598123744449	0.41935483871	35	0	0	0	0	0.0
0.0638866400365	0.420430107527	36	0	0	0	0	0.0
0.0642027781872	0.421505376344	37	0	0	0	0	0.0
0.0681034601782	0.421505376344	38	0	0	0	0	0.0
0.0687830559491	0.422580645161	39	0	0	0	0	0.0
0.0688949719022	0.421505376344	40	0	0	0	0	0.0
0.0708525098611	0.422580645161	41	0	0	0	0	0.0
0.071075005226	0.423655913978	42	0	0	0	0	0.0
0.0753804253532	0.423655913978	43	0	0	0	0	0.0
0.079893942082	0.424731182796	44	0	0	0	0	0.0
0.0801169973834	0.425806451613	45	0	0	0	0	0.0
0.0808582818164	0.425806451613	46	0	0	0	0	0.0
0.0820476231178	0.42688172043	47	0	0	0	0	0.0
0.0831736573263	0.427956989247	48	0	0	0	0	0.0
0.0835819191851	0.427956989247	49	0	0	0	0	0.0
0.0839455120301	0.429032258065	50	0	0	0	0	0.0
0.0868449636741	0.430107526882	51	0	0	0	0	0.0
0.0873105640906	0.430107526882	52	0	0	0	0	0.0
0.0909490493694	0.429032258065	53	0	0	0	0	0.0
0.0950407814335	0.427956989247	54	0	0	0	0	0.0
0.0965237858904	0.427956989247	55	0	0	0	0	0.0
0.0993954058744	0.429032258065	56	0	0	0	0	0.0
0.10209002472	0.430107526882	57	0	0	0	0	0.0
0.10319366988	0.430107526882	58	0	0	0	0	0.0
0.105768120281	0.430107526882	59	0	0	0	0	0.0
0.108620107638	0.429032258065	60	0	0	0	0	0.0
0.111369803982	0.429032258065	61	0	0	0	0	0.0
0.111404711998	0.429032258065	62	0	0	0	0	0.0
0.113111951217	0.430107526882	63	0	0	0	0	0.0
0.116828742661	0.429032258065	64	0	0	0	0	0.0
0.126705362225	0.430107526882	65	0	0	0	0	0.0
0.127747440664	0.430107526882	66	0	0	0	0	0.0
0.129165745075	0.431182795699	67	0	0	0	0	0.0
0.131467940305	0.431182795699	68	0	0	0	0	0.0
0.132846107638	0.432258064516	69	0	0	0	0	0.0
0.135561065696	0.432258064516	70	0	0	0	0	0.0
0.141244329845	0.433333333333	71	0	0	0	0	0.0
0.142543357946	0.434408602151	72	0	0	0	0	0.0
0.142857970338	0.434408602151	73	0	0	0	0	0.0
0.142951583104	0.434408602151	74	0	0	0	0	0.0
0.143822661337	0.435483870968	75	0	0	0	0	0.0
0.145391504549	0.435483870968	76	0	0	0	0	0.0
0.146411709786	0.434408602151	77	0	0	0	0	0.0
0.146746437261	0.433333333333	78	0	0	0	0	0.0
0.147322814698	0.433333333333	79	0	0	0	0	0.0
0.151062821109	0.433333333333	80	0	0	0	0	0.0
0.151185691501	0.433333333333	81	0	0	0	0	0.0
0.152118422849	0.434408602151	82	0	0	0	0	0.0
0.152261587435	0.433333333333	83	0	0	0	0	0.0
0.152885903522	0.434408602151	84	0	0	0	0	0.0
0.154740396066	0.433333333333	85	0	0	0	0	0.0
0.155276843879	0.434408602151	86	0	0	0	0	0.0
0.156551166407	0.434408602151	87	0	0	0	0	0.0
0.157037516727	0.435483870968	88	0	0	0	0	0.0
0.158648282154	0.436559139785	89	0	0	0	0	0.0
0.159677343667	0.436559139785	90	0	0	0	0	0.0
