# time 	 divergence 	 # of mutations 	 # IGC chances 	 IGC length 	 # IGC failures 	 Changes due to IGC  	 % change due to IGC 
0.0	0.308793456033	0	0	0	0	0	0.0
0.00394411600646	0.310838445808	1	0	0	0	0	0.0
0.00963417626517	0.308793456033	2	0	0	0	0	0.0
0.012089670325	0.308793456033	3	0	0	0	0	0.0
0.0166083151674	0.310838445808	4	0	0	0	0	0.0
0.0175998096964	0.308793456033	5	0	0	0	0	0.0
0.0184252474192	0.310838445808	6	0	0	0	0	0.0
0.0261119384966	0.312883435583	7	0	0	0	0	0.0
0.0291394007239	0.314928425358	8	0	0	0	0	0.0
0.0296222418045	0.316973415133	9	0	0	0	0	0.0
0.0323024493641	0.319018404908	10	0	0	0	0	0.0
0.0341419048316	0.321063394683	11	0	0	0	0	0.0
0.0355282442103	0.323108384458	12	0	0	0	0	0.0
0.0375838802583	0.323108384458	13	0	0	0	0	0.0
0.0397319335113	0.325153374233	14	0	0	0	0	0.0
0.0466840355412	0.323108384458	15	0	0	0	0	0.0
0.051583068086	0.325153374233	16	0	0	0	0	0.0
0.0532906441872	0.327198364008	17	0	0	0	0	0.0
0.0564839788818	0.329243353783	18	0	0	0	0	0.0
0.0580417942081	0.331288343558	19	0	0	0	0	0.0
