# time 	 divergence 	 # of mutations 	 # IGC chances 	 IGC length 	 # IGC failures 	 Changes due to IGC  	 % change due to IGC 
0.0	0.559454191033	0	0	0	0	0	0.0
0.00270557964494	0.560428849903	1	0	0	0	0	0.0
0.00318453908144	0.561403508772	2	0	0	0	0	0.0
0.0031883195167	0.561403508772	3	0	0	0	0	0.0
0.00557972254368	0.560428849903	4	0	0	0	0	0.0
0.00590435758753	0.560428849903	5	0	0	0	0	0.0
0.00733078695547	0.561403508772	6	0	0	0	0	0.0
0.0082150805789	0.562378167641	7	0	0	0	0	0.0
0.0114861282584	0.563352826511	8	0	0	0	0	0.0
0.0116496010471	0.563352826511	9	0	0	0	0	0.0
0.0160548434961	0.56432748538	10	0	0	0	0	0.0
0.0171458971189	0.56530214425	11	0	0	0	0	0.0
0.0179464875336	0.56530214425	12	0	0	0	0	0.0
0.0201412753542	0.56432748538	13	0	0	0	0	0.0
0.022417679606	0.56432748538	14	0	0	0	0	0.0
0.0230523778191	0.563352826511	15	0	0	0	0	0.0
0.0231809553012	0.56432748538	16	0	0	0	0	0.0
0.031007443785	0.56432748538	17	0	0	0	0	0.0
0.0320270095113	0.56530214425	18	0	0	0	0	0.0
0.0326856809	0.56530214425	19	0	0	0	0	0.0
0.0328786722503	0.56530214425	20	0	0	0	0	0.0
0.0338217094747	0.56530214425	21	0	0	0	0	0.0
0.0356796652946	0.56432748538	22	0	0	0	0	0.0
0.0358351835018	0.56530214425	23	0	0	0	0	0.0
0.0375705197943	0.56432748538	24	0	0	0	0	0.0
0.0415974296037	0.56530214425	25	0	0	0	0	0.0
0.0423030625376	0.56530214425	26	0	0	0	0	0.0
0.0458846386271	0.56530214425	27	0	0	0	0	0.0
0.0476982220351	0.56530214425	28	0	0	0	0	0.0
0.0488489436643	0.56530214425	29	0	0	0	0	0.0
0.0542553372569	0.566276803119	30	0	0	0	0	0.0
0.0559303075363	0.56530214425	31	0	0	0	0	0.0
0.0572966955467	0.56432748538	32	0	0	0	0	0.0
0.0578790394926	0.56432748538	33	0	0	0	0	0.0
0.0582463942791	0.56432748538	34	0	0	0	0	0.0
0.0595201960635	0.56432748538	35	0	0	0	0	0.0
0.0614986841472	0.56432748538	36	0	0	0	0	0.0
0.0641399841099	0.563352826511	37	0	0	0	0	0.0
0.0643125101296	0.56432748538	38	0	0	0	0	0.0
0.0654686136599	0.56530214425	39	0	0	0	0	0.0
0.0681616710097	0.56530214425	40	0	0	0	0	0.0
0.069998350598	0.566276803119	41	0	0	0	0	0.0
0.0731249065379	0.567251461988	42	0	0	0	0	0.0
0.0732723996969	0.568226120858	43	0	0	0	0	0.0
0.0737961141007	0.568226120858	44	0	0	0	0	0.0
0.0739858473619	0.568226120858	45	0	0	0	0	0.0
0.0798635960432	0.568226120858	46	0	0	0	0	0.0
0.0808477351149	0.568226120858	47	0	0	0	0	0.0
0.0825431414697	0.568226120858	48	0	0	0	0	0.0
0.0836393438843	0.569200779727	49	0	0	0	0	0.0
0.083805148829	0.569200779727	50	0	0	0	0	0.0
0.0850477682183	0.570175438596	51	0	0	0	0	0.0
0.0857620370311	0.571150097466	52	0	0	0	0	0.0
0.0861134043685	0.571150097466	53	0	0	0	0	0.0
0.0874025810185	0.571150097466	54	0	0	0	0	0.0
0.0897662540832	0.571150097466	55	0	0	0	0	0.0
0.0904657008602	0.572124756335	56	0	0	0	0	0.0
0.0905285554475	0.573099415205	57	0	0	0	0	0.0
0.0910653439228	0.572124756335	58	0	0	0	0	0.0
0.0918535065552	0.573099415205	59	0	0	0	0	0.0
0.0944172992049	0.574074074074	60	0	0	0	0	0.0
0.095808640178	0.575048732943	61	0	0	0	0	0.0
0.0983107003061	0.576023391813	62	0	0	0	0	0.0
0.100889914389	0.576998050682	63	0	0	0	0	0.0
0.101683181648	0.576023391813	64	0	0	0	0	0.0
0.103930995324	0.576998050682	65	0	0	0	0	0.0
0.105898847085	0.577972709552	66	0	0	0	0	0.0
0.110758003226	0.577972709552	67	0	0	0	0	0.0
0.111023996836	0.578947368421	68	0	0	0	0	0.0
0.111140928511	0.578947368421	69	0	0	0	0	0.0
0.112279033642	0.57992202729	70	0	0	0	0	0.0
0.113843425354	0.578947368421	71	0	0	0	0	0.0
0.115450966603	0.578947368421	72	0	0	0	0	0.0
0.120376141257	0.57992202729	73	0	0	0	0	0.0
0.124017769309	0.58089668616	74	0	0	0	0	0.0
0.124499572849	0.581871345029	75	0	0	0	0	0.0
0.125150449384	0.581871345029	76	0	0	0	0	0.0
0.128126237899	0.58089668616	77	0	0	0	0	0.0
0.12850297714	0.581871345029	78	0	0	0	0	0.0
0.13464746789	0.58089668616	79	0	0	0	0	0.0
0.134857455011	0.58089668616	80	0	0	0	0	0.0
0.134899056512	0.581871345029	81	0	0	0	0	0.0
0.136382313328	0.581871345029	82	0	0	0	0	0.0
0.136409402448	0.581871345029	83	0	0	0	0	0.0
0.136681062091	0.581871345029	84	0	0	0	0	0.0
0.13756733986	0.582846003899	85	0	0	0	0	0.0
0.139674526642	0.583820662768	86	0	0	0	0	0.0
0.140318561364	0.584795321637	87	0	0	0	0	0.0
0.143708759173	0.583820662768	88	0	0	0	0	0.0
0.145823945808	0.583820662768	89	0	0	0	0	0.0
0.146132393387	0.583820662768	90	0	0	0	0	0.0
0.146792482381	0.584795321637	91	0	0	0	0	0.0
0.150002649934	0.584795321637	92	0	0	0	0	0.0
0.151519244737	0.584795321637	93	0	0	0	0	0.0
0.151753013549	0.583820662768	94	0	0	0	0	0.0
0.152520810959	0.584795321637	95	0	0	0	0	0.0
0.154364707067	0.585769980507	96	0	0	0	0	0.0
0.154944853574	0.585769980507	97	0	0	0	0	0.0
0.155701934703	0.584795321637	98	0	0	0	0	0.0
0.155907994359	0.585769980507	99	0	0	0	0	0.0
0.15650316836	0.584795321637	100	0	0	0	0	0.0
0.159029570281	0.583820662768	101	0	0	0	0	0.0
0.159142743667	0.584795321637	102	0	0	0	0	0.0
0.159224444203	0.583820662768	103	0	0	0	0	0.0
0.159706984739	0.584795321637	104	0	0	0	0	0.0
0.15981697437	0.585769980507	105	0	0	0	0	0.0
0.159870762815	0.585769980507	106	0	0	0	0	0.0
0.159957934118	0.586744639376	107	0	0	0	0	0.0
0.162947659938	0.586744639376	108	0	0	0	0	0.0
0.165700403988	0.586744639376	109	0	0	0	0	0.0
0.167053934715	0.585769980507	110	0	0	0	0	0.0
0.171987043071	0.585769980507	111	0	0	0	0	0.0
0.175838772916	0.584795321637	112	0	0	0	0	0.0
0.177149841142	0.585769980507	113	0	0	0	0	0.0
0.178951485626	0.584795321637	114	0	0	0	0	0.0
0.180953795509	0.584795321637	115	0	0	0	0	0.0
0.181730314573	0.584795321637	116	0	0	0	0	0.0
0.182518381671	0.585769980507	117	0	0	0	0	0.0
0.183512270254	0.586744639376	118	0	0	0	0	0.0
0.18357286982	0.587719298246	119	0	0	0	0	0.0
0.184700713839	0.588693957115	120	0	0	0	0	0.0
0.185072474492	0.588693957115	121	0	0	0	0	0.0
0.185562744307	0.588693957115	122	0	0	0	0	0.0
0.18873421205	0.589668615984	123	0	0	0	0	0.0
0.189557716925	0.589668615984	124	0	0	0	0	0.0
0.190130178755	0.589668615984	125	0	0	0	0	0.0
0.191069537482	0.589668615984	126	0	0	0	0	0.0
0.192250995484	0.589668615984	127	0	0	0	0	0.0
0.19232923362	0.590643274854	128	0	0	0	0	0.0
0.192352792651	0.591617933723	129	0	0	0	0	0.0
0.193609907534	0.590643274854	130	0	0	0	0	0.0
0.196257388104	0.591617933723	131	0	0	0	0	0.0
0.197240876405	0.592592592593	132	0	0	0	0	0.0
0.198294551749	0.592592592593	133	0	0	0	0	0.0
0.201370420056	0.592592592593	134	0	0	0	0	0.0
0.201492842651	0.591617933723	135	0	0	0	0	0.0
0.20425087399	0.591617933723	136	0	0	0	0	0.0
0.207246510186	0.591617933723	137	0	0	0	0	0.0
0.207949050657	0.591617933723	138	0	0	0	0	0.0
0.207966736114	0.591617933723	139	0	0	0	0	0.0
0.210328413935	0.591617933723	140	0	0	0	0	0.0
0.211708664103	0.592592592593	141	0	0	0	0	0.0
0.212699107595	0.592592592593	142	0	0	0	0	0.0
0.213341834704	0.592592592593	143	0	0	0	0	0.0
0.214409397794	0.592592592593	144	0	0	0	0	0.0
0.214705773091	0.591617933723	145	0	0	0	0	0.0
0.215751180317	0.592592592593	146	0	0	0	0	0.0
0.217699430784	0.593567251462	147	0	0	0	0	0.0
0.218796753414	0.594541910331	148	0	0	0	0	0.0
0.219042638001	0.593567251462	149	0	0	0	0	0.0
0.219301000425	0.593567251462	150	0	0	0	0	0.0
0.220507668549	0.592592592593	151	0	0	0	0	0.0
0.223120724323	0.593567251462	152	0	0	0	0	0.0
0.224244327396	0.592592592593	153	0	0	0	0	0.0
0.224340400794	0.591617933723	154	0	0	0	0	0.0
0.224767661295	0.591617933723	155	0	0	0	0	0.0
0.230623781515	0.591617933723	156	0	0	0	0	0.0
0.230648495551	0.592592592593	157	0	0	0	0	0.0
0.231673756088	0.593567251462	158	0	0	0	0	0.0
0.233105180734	0.593567251462	159	0	0	0	0	0.0
0.23394769038	0.594541910331	160	0	0	0	0	0.0
0.237456083736	0.594541910331	161	0	0	0	0	0.0
0.239141622058	0.593567251462	162	0	0	0	0	0.0
0.241857756222	0.593567251462	163	0	0	0	0	0.0
0.244066230436	0.593567251462	164	0	0	0	0	0.0
0.247562372814	0.592592592593	165	0	0	0	0	0.0
0.249938795757	0.593567251462	166	0	0	0	0	0.0
0.250199827084	0.592592592593	167	0	0	0	0	0.0
0.250336156537	0.592592592593	168	0	0	0	0	0.0
0.252540664598	0.592592592593	169	0	0	0	0	0.0
0.253163900767	0.593567251462	170	0	0	0	0	0.0
0.25419463207	0.592592592593	171	0	0	0	0	0.0
0.255068021301	0.592592592593	172	0	0	0	0	0.0
0.255096298403	0.592592592593	173	0	0	0	0	0.0
0.257445279461	0.592592592593	174	0	0	0	0	0.0
0.257790238174	0.593567251462	175	0	0	0	0	0.0
0.257790335501	0.593567251462	176	0	0	0	0	0.0
0.258395179629	0.593567251462	177	0	0	0	0	0.0
0.261632449236	0.592592592593	178	0	0	0	0	0.0
0.262286410556	0.592592592593	179	0	0	0	0	0.0
0.263063979459	0.593567251462	180	0	0	0	0	0.0
0.265139465404	0.594541910331	181	0	0	0	0	0.0
0.266656784066	0.595516569201	182	0	0	0	0	0.0
0.266727154827	0.594541910331	183	0	0	0	0	0.0
0.267913753301	0.594541910331	184	0	0	0	0	0.0
0.268067211098	0.595516569201	185	0	0	0	0	0.0
0.268550359082	0.595516569201	186	0	0	0	0	0.0
0.269062870358	0.594541910331	187	0	0	0	0	0.0
0.270013817334	0.595516569201	188	0	0	0	0	0.0
0.270127933218	0.595516569201	189	0	0	0	0	0.0
0.27023675086	0.595516569201	190	0	0	0	0	0.0
0.270246419321	0.59649122807	191	0	0	0	0	0.0
0.271084844773	0.595516569201	192	0	0	0	0	0.0
0.272465881076	0.595516569201	193	0	0	0	0	0.0
0.274313797102	0.595516569201	194	0	0	0	0	0.0
0.27581987014	0.594541910331	195	0	0	0	0	0.0
0.276227016441	0.593567251462	196	0	0	0	0	0.0
0.276788705069	0.593567251462	197	0	0	0	0	0.0
0.276975812742	0.594541910331	198	0	0	0	0	0.0
0.278515267043	0.593567251462	199	0	0	0	0	0.0
0.281561883375	0.593567251462	200	0	0	0	0	0.0
0.282995990898	0.592592592593	201	0	0	0	0	0.0
0.285395865548	0.592592592593	202	0	0	0	0	0.0
0.288125871031	0.591617933723	203	0	0	0	0	0.0
0.29067192161	0.592592592593	204	0	0	0	0	0.0
0.29209661806	0.593567251462	205	0	0	0	0	0.0
0.292836282294	0.593567251462	206	0	0	0	0	0.0
0.293248482228	0.593567251462	207	0	0	0	0	0.0
0.293857146576	0.592592592593	208	0	0	0	0	0.0
0.294029138479	0.591617933723	209	0	0	0	0	0.0
0.295740555889	0.591617933723	210	0	0	0	0	0.0
0.296102531147	0.590643274854	211	0	0	0	0	0.0
0.29702875427	0.591617933723	212	0	0	0	0	0.0
0.297112366848	0.592592592593	213	0	0	0	0	0.0
0.297460132205	0.591617933723	214	0	0	0	0	0.0
0.297718703952	0.591617933723	215	0	0	0	0	0.0
0.30327847628	0.591617933723	216	0	0	0	0	0.0
0.304167250214	0.592592592593	217	0	0	0	0	0.0
0.307577134754	0.592592592593	218	0	0	0	0	0.0
0.309762314693	0.592592592593	219	0	0	0	0	0.0
0.309821026752	0.593567251462	220	0	0	0	0	0.0
0.310376009654	0.594541910331	221	0	0	0	0	0.0
0.310588610178	0.595516569201	222	0	0	0	0	0.0
0.311217628993	0.595516569201	223	0	0	0	0	0.0
0.312594158638	0.594541910331	224	0	0	0	0	0.0
0.314710320618	0.594541910331	225	0	0	0	0	0.0
0.315587914606	0.593567251462	226	0	0	0	0	0.0
0.317059023455	0.594541910331	227	0	0	0	0	0.0
0.317738084626	0.594541910331	228	0	0	0	0	0.0
0.318179707695	0.595516569201	229	0	0	0	0	0.0
0.319810179245	0.59649122807	230	0	0	0	0	0.0
0.320905449333	0.595516569201	231	0	0	0	0	0.0
0.322676452649	0.595516569201	232	0	0	0	0	0.0
0.323624544952	0.594541910331	233	0	0	0	0	0.0
0.325005201733	0.595516569201	234	0	0	0	0	0.0
0.32601817339	0.59649122807	235	0	0	0	0	0.0
0.326188898757	0.59649122807	236	0	0	0	0	0.0
0.326247528694	0.59649122807	237	0	0	0	0	0.0
0.326520981412	0.59746588694	238	0	0	0	0	0.0
0.328000817418	0.598440545809	239	0	0	0	0	0.0
0.330859219141	0.599415204678	240	0	0	0	0	0.0
0.332152410862	0.599415204678	241	0	0	0	0	0.0
0.3349192045	0.599415204678	242	0	0	0	0	0.0
0.334965835011	0.598440545809	243	0	0	0	0	0.0
0.335311815094	0.59746588694	244	0	0	0	0	0.0
0.340888134189	0.598440545809	245	0	0	0	0	0.0
0.340961240706	0.598440545809	246	0	0	0	0	0.0
0.341637778186	0.59746588694	247	0	0	0	0	0.0
0.342734115658	0.59649122807	248	0	0	0	0	0.0
0.345487916173	0.59746588694	249	0	0	0	0	0.0
0.34780443928	0.59746588694	250	0	0	0	0	0.0
0.348552607575	0.598440545809	251	0	0	0	0	0.0
0.351298866746	0.598440545809	252	0	0	0	0	0.0
0.351676625928	0.599415204678	253	0	0	0	0	0.0
0.352083603274	0.599415204678	254	0	0	0	0	0.0
0.352178458123	0.598440545809	255	0	0	0	0	0.0
0.352903489971	0.599415204678	256	0	0	0	0	0.0
0.354330479617	0.599415204678	257	0	0	0	0	0.0
0.355911430233	0.599415204678	258	0	0	0	0	0.0
0.356689903063	0.600389863548	259	0	0	0	0	0.0
0.35879573061	0.601364522417	260	0	0	0	0	0.0
0.359137770798	0.601364522417	261	0	0	0	0	0.0
0.359895926373	0.602339181287	262	0	0	0	0	0.0
0.360193968813	0.601364522417	263	0	0	0	0	0.0
0.361711312831	0.602339181287	264	0	0	0	0	0.0
0.362005766155	0.603313840156	265	0	0	0	0	0.0
0.36254703412	0.602339181287	266	0	0	0	0	0.0
0.362649465615	0.601364522417	267	0	0	0	0	0.0
0.363837063639	0.602339181287	268	0	0	0	0	0.0
0.364835905856	0.602339181287	269	0	0	0	0	0.0
0.366209368248	0.601364522417	270	0	0	0	0	0.0
0.376130414552	0.602339181287	271	0	0	0	0	0.0
0.376228210089	0.602339181287	272	0	0	0	0	0.0
0.376999355118	0.602339181287	273	0	0	0	0	0.0
0.378160389893	0.603313840156	274	0	0	0	0	0.0
0.379087610958	0.603313840156	275	0	0	0	0	0.0
0.379373753682	0.604288499025	276	0	0	0	0	0.0
0.380145809907	0.604288499025	277	0	0	0	0	0.0
0.380474893981	0.604288499025	278	0	0	0	0	0.0
0.381635137615	0.604288499025	279	0	0	0	0	0.0
0.381831148743	0.603313840156	280	0	0	0	0	0.0
0.38204644762	0.604288499025	281	0	0	0	0	0.0
0.382254973315	0.605263157895	282	0	0	0	0	0.0
0.382520202892	0.605263157895	283	0	0	0	0	0.0
0.386099709322	0.606237816764	284	0	0	0	0	0.0
0.388003793601	0.606237816764	285	0	0	0	0	0.0
0.388754754156	0.606237816764	286	0	0	0	0	0.0
0.389071520586	0.607212475634	287	0	0	0	0	0.0
0.389321195458	0.607212475634	288	0	0	0	0	0.0
0.389965293341	0.606237816764	289	0	0	0	0	0.0
0.391433060903	0.606237816764	290	0	0	0	0	0.0
0.392601187361	0.607212475634	291	0	0	0	0	0.0
0.394855816811	0.606237816764	292	0	0	0	0	0.0
0.394916872311	0.607212475634	293	0	0	0	0	0.0
0.399889786837	0.608187134503	294	0	0	0	0	0.0
0.400289313563	0.607212475634	295	0	0	0	0	0.0
0.40270054488	0.607212475634	296	0	0	0	0	0.0
0.407353111713	0.607212475634	297	0	0	0	0	0.0
0.408510098925	0.607212475634	298	0	0	0	0	0.0
0.409892789476	0.607212475634	299	0	0	0	0	0.0
0.410673409152	0.606237816764	300	0	0	0	0	0.0
0.411722963633	0.607212475634	301	0	0	0	0	0.0
0.413146796835	0.606237816764	302	0	0	0	0	0.0
0.414921422105	0.607212475634	303	0	0	0	0	0.0
0.419262118157	0.608187134503	304	0	0	0	0	0.0
0.420627851627	0.609161793372	305	0	0	0	0	0.0
0.42123513373	0.610136452242	306	0	0	0	0	0.0
0.421353076987	0.611111111111	307	0	0	0	0	0.0
0.421553443628	0.612085769981	308	0	0	0	0	0.0
0.424411434632	0.612085769981	309	0	0	0	0	0.0
0.424999232993	0.611111111111	310	0	0	0	0	0.0
0.425102696233	0.610136452242	311	0	0	0	0	0.0
0.425506952894	0.609161793372	312	0	0	0	0	0.0
0.427549127559	0.610136452242	313	0	0	0	0	0.0
0.428718817482	0.611111111111	314	0	0	0	0	0.0
0.43134578419	0.610136452242	315	0	0	0	0	0.0
0.433628693244	0.611111111111	316	0	0	0	0	0.0
0.433684580254	0.612085769981	317	0	0	0	0	0.0
0.434745933866	0.612085769981	318	0	0	0	0	0.0
0.436332518516	0.612085769981	319	0	0	0	0	0.0
0.437285363515	0.612085769981	320	0	0	0	0	0.0
0.439308887932	0.611111111111	321	0	0	0	0	0.0
0.446385384193	0.612085769981	322	0	0	0	0	0.0
0.446862546649	0.61306042885	323	0	0	0	0	0.0
0.44763619942	0.61306042885	324	0	0	0	0	0.0
0.454065553794	0.61306042885	325	0	0	0	0	0.0
0.454309342988	0.61306042885	326	0	0	0	0	0.0
0.454668264201	0.61306042885	327	0	0	0	0	0.0
0.455495428883	0.61306042885	328	0	0	0	0	0.0
0.456579473965	0.614035087719	329	0	0	0	0	0.0
0.456585343683	0.615009746589	330	0	0	0	0	0.0
0.458510558733	0.615009746589	331	0	0	0	0	0.0
0.460691942223	0.615009746589	332	0	0	0	0	0.0
0.462020536591	0.615009746589	333	0	0	0	0	0.0
0.464332105859	0.615009746589	334	0	0	0	0	0.0
0.464530147914	0.615984405458	335	0	0	0	0	0.0
0.465207831236	0.615984405458	336	0	0	0	0	0.0
0.468876379189	0.616959064327	337	0	0	0	0	0.0
0.46901681867	0.615984405458	338	0	0	0	0	0.0
0.469922251597	0.615984405458	339	0	0	0	0	0.0
0.470230656418	0.615984405458	340	0	0	0	0	0.0
0.471336473185	0.615984405458	341	0	0	0	0	0.0
0.472046590033	0.615984405458	342	0	0	0	0	0.0
0.473620322078	0.616959064327	343	0	0	0	0	0.0
0.474054012707	0.615984405458	344	0	0	0	0	0.0
0.476014756962	0.616959064327	345	0	0	0	0	0.0
0.47630575325	0.617933723197	346	0	0	0	0	0.0
0.476603422825	0.618908382066	347	0	0	0	0	0.0
0.478079745126	0.618908382066	348	0	0	0	0	0.0
0.478592754338	0.619883040936	349	0	0	0	0	0.0
0.480960386612	0.618908382066	350	0	0	0	0	0.0
0.486026841988	0.618908382066	351	0	0	0	0	0.0
0.486279199903	0.617933723197	352	0	0	0	0	0.0
0.486620760468	0.616959064327	353	0	0	0	0	0.0
0.486835400217	0.617933723197	354	0	0	0	0	0.0
0.487013885777	0.617933723197	355	0	0	0	0	0.0
0.487428389057	0.617933723197	356	0	0	0	0	0.0
0.488663099986	0.616959064327	357	0	0	0	0	0.0
0.491629497631	0.615984405458	358	0	0	0	0	0.0
0.49461400934	0.615984405458	359	0	0	0	0	0.0
0.498908166246	0.616959064327	360	0	0	0	0	0.0
0.501855621715	0.616959064327	361	0	0	0	0	0.0
0.501903444554	0.617933723197	362	0	0	0	0	0.0
0.503067748237	0.617933723197	363	0	0	0	0	0.0
0.503128382906	0.617933723197	364	0	0	0	0	0.0
0.503292066828	0.617933723197	365	0	0	0	0	0.0
0.505682775082	0.617933723197	366	0	0	0	0	0.0
0.505930097953	0.617933723197	367	0	0	0	0	0.0
0.506067370146	0.617933723197	368	0	0	0	0	0.0
0.508335284307	0.618908382066	369	0	0	0	0	0.0
0.508353762448	0.617933723197	370	0	0	0	0	0.0
0.509099960942	0.618908382066	371	0	0	0	0	0.0
0.509313090676	0.618908382066	372	0	0	0	0	0.0
0.509664878398	0.618908382066	373	0	0	0	0	0.0
0.511676973323	0.617933723197	374	0	0	0	0	0.0
0.511953701351	0.618908382066	375	0	0	0	0	0.0
0.51263152445	0.618908382066	376	0	0	0	0	0.0
0.512833286478	0.619883040936	377	0	0	0	0	0.0
0.513639306469	0.620857699805	378	0	0	0	0	0.0
0.514052457133	0.619883040936	379	0	0	0	0	0.0
0.514627432154	0.619883040936	380	0	0	0	0	0.0
0.515403383029	0.619883040936	381	0	0	0	0	0.0
0.518819401982	0.618908382066	382	0	0	0	0	0.0
0.519924411535	0.618908382066	383	0	0	0	0	0.0
0.520556681353	0.617933723197	384	0	0	0	0	0.0
0.521570188815	0.616959064327	385	0	0	0	0	0.0
0.523267039709	0.616959064327	386	0	0	0	0	0.0
0.523378924616	0.617933723197	387	0	0	0	0	0.0
0.525382701652	0.618908382066	388	0	0	0	0	0.0
0.527982572308	0.618908382066	389	0	0	0	0	0.0
