# time 	 divergence 	 # of mutations 	 # IGC chances 	 IGC length 	 # IGC failures 	 Changes due to IGC  	 % change due to IGC 
0.0	0.0081799591002	0	0	0	0	0	0.0
0.000496581228971	0.0102249488753	1	0	0	0	0	0.0
0.00150672137908	0.0122699386503	2	0	0	0	0	0.0
0.00204206944002	0.0122699386503	2	1	3	0	0	0.0
0.00502891450601	0.0122699386503	2	2	3	0	0	0.0
0.00568098702406	0.0143149284254	3	2	3	0	0	0.0
0.00623761090344	0.0163599182004	4	2	3	0	0	0.0
0.00658903961382	0.0163599182004	4	3	3	0	0	0.0
0.0107827813147	0.0184049079755	5	3	3	0	0	0.0
0.0113350469948	0.0204498977505	6	3	3	0	0	0.0
0.0160851592252	0.0224948875256	7	3	3	0	0	0.0
0.0169666501575	0.0224948875256	7	4	3	0	0	0.0
0.018078330891	0.0224948875256	7	5	3	0	0	0.0
0.0181855234404	0.0245398773006	8	5	3	0	0	0.0
0.0203119202458	0.0265848670757	9	5	3	0	0	0.0
0.0243555873306	0.0286298568507	10	5	3	0	0	0.0
0.0257353028073	0.0306748466258	11	5	3	0	0	0.0
0.0266077518011	0.0327198364008	12	5	3	0	0	0.0
0.0291275355994	0.0327198364008	12	6	3	0	0	0.0
0.0294851527307	0.0347648261759	13	6	3	0	0	0.0
0.0306675789655	0.0347648261759	13	7	3	0	0	0.0
0.0323244190242	0.0347648261759	13	8	3	0	0	0.0
0.0333171398652	0.0368098159509	14	8	3	0	0	0.0
0.0336476066496	0.038854805726	15	8	3	0	0	0.0
0.0338434926826	0.040899795501	16	8	3	0	0	0.0
0.0339509685043	0.038854805726	16	9	3	0	1	0.0588235294118
0.0365192102008	0.040899795501	17	9	3	0	1	0.0555555555556
0.0375292200757	0.040899795501	17	10	3	0	1	0.0555555555556
0.0380634087904	0.0429447852761	18	10	3	0	1	0.0526315789474
0.0390059468311	0.0449897750511	19	10	3	0	1	0.05
0.0391787046972	0.0429447852761	19	11	3	0	2	0.0952380952381
0.0392005403296	0.0449897750511	20	11	3	0	2	0.0909090909091
0.0408318946992	0.0449897750511	20	12	3	0	2	0.0909090909091
0.04133924082	0.0449897750511	21	12	3	0	2	0.0869565217391
0.0417292843586	0.0449897750511	21	13	3	0	2	0.0869565217391
0.0440682833874	0.0470347648262	22	13	3	0	2	0.0833333333333
0.0447683413858	0.0490797546012	23	13	3	0	2	0.08
0.0465199475588	0.0511247443763	24	13	3	0	2	0.0769230769231
0.0466424506596	0.0531697341513	25	13	3	0	2	0.0740740740741
0.0468610240752	0.0552147239264	26	13	3	0	2	0.0714285714286
0.0479116054376	0.0552147239264	26	14	3	0	2	0.0714285714286
0.0506018183207	0.0572597137014	27	14	3	0	2	0.0689655172414
0.0549878560728	0.0593047034765	28	14	3	0	2	0.0666666666667
0.0602327118154	0.0593047034765	28	15	3	0	2	0.0666666666667
0.0605403654114	0.0593047034765	28	16	3	0	2	0.0666666666667
0.0613286204009	0.0593047034765	28	17	3	0	2	0.0666666666667
0.0673976184796	0.0593047034765	28	18	3	0	2	0.0666666666667
0.0679807765226	0.0613496932515	29	18	3	0	2	0.0645161290323
0.0689212742525	0.0633946830266	30	18	3	0	2	0.0625
0.0707478721566	0.0633946830266	30	19	3	0	2	0.0625
0.0730283525548	0.0654396728016	31	19	3	0	2	0.0606060606061
0.0762754005943	0.0654396728016	31	20	3	0	2	0.0606060606061
0.0766865839583	0.0654396728016	31	21	3	0	2	0.0606060606061
0.0771582164947	0.0674846625767	32	21	3	0	2	0.0588235294118
0.0780511579439	0.0654396728016	32	22	3	0	3	0.0857142857143
0.0783642337574	0.0633946830266	32	23	3	0	4	0.111111111111
0.0791511070106	0.0654396728016	33	23	3	0	4	0.108108108108
0.0794783268796	0.0674846625767	34	23	3	0	4	0.105263157895
0.0805035417902	0.0695296523517	35	23	3	0	4	0.102564102564
0.0806210897391	0.0715746421268	36	23	3	0	4	0.1
0.0806961821493	0.0715746421268	36	24	3	0	4	0.1
0.0849359936055	0.0736196319018	37	24	3	0	4	0.0975609756098
0.0920485319183	0.0756646216769	38	24	3	0	4	0.0952380952381
0.0931582585621	0.0777096114519	39	24	3	0	4	0.093023255814
0.0953023612798	0.079754601227	40	24	3	0	4	0.0909090909091
0.0953203739572	0.079754601227	40	25	3	0	4	0.0909090909091
0.0973045498207	0.0777096114519	40	26	3	0	5	0.111111111111
0.0989080389097	0.079754601227	41	26	3	0	5	0.108695652174
0.100250235178	0.079754601227	41	27	3	0	5	0.108695652174
0.103506240464	0.079754601227	41	28	3	0	5	0.108695652174
0.10783475611	0.079754601227	41	29	3	0	5	0.108695652174
0.10966069833	0.079754601227	41	30	3	0	5	0.108695652174
0.114603981236	0.079754601227	41	31	3	0	5	0.108695652174
0.11758485479	0.079754601227	41	32	3	0	5	0.108695652174
0.118472325883	0.079754601227	41	33	3	0	5	0.108695652174
0.119633167641	0.079754601227	41	34	3	0	5	0.108695652174
0.120915574336	0.079754601227	41	35	3	0	5	0.108695652174
0.122557476057	0.081799591002	42	35	3	0	5	0.106382978723
0.124451495622	0.0838445807771	43	35	3	0	5	0.104166666667
0.125942950158	0.081799591002	44	35	3	0	5	0.102040816327
0.126626342287	0.081799591002	44	36	3	0	5	0.102040816327
0.12719802994	0.081799591002	44	37	3	0	5	0.102040816327
0.130105393874	0.081799591002	44	38	3	0	5	0.102040816327
0.130269842213	0.0838445807771	45	38	3	0	5	0.1
0.132595218811	0.0858895705521	46	38	3	0	5	0.0980392156863
0.132661205284	0.0838445807771	46	39	3	0	6	0.115384615385
0.133205473436	0.0838445807771	46	40	3	0	6	0.115384615385
0.136874807843	0.0858895705521	47	40	3	0	6	0.11320754717
0.136898215533	0.0838445807771	48	40	3	0	6	0.111111111111
0.137148193801	0.0838445807771	48	41	3	0	6	0.111111111111
0.14079580463	0.0838445807771	48	42	3	0	6	0.111111111111
0.143223325127	0.081799591002	49	42	3	0	6	0.109090909091
0.143743181466	0.0777096114519	49	43	3	0	8	0.140350877193
0.144056101276	0.0777096114519	49	44	3	0	8	0.140350877193
0.144144541336	0.0777096114519	49	45	3	0	8	0.140350877193
0.144236717707	0.0756646216769	49	46	3	0	9	0.155172413793
0.144452097049	0.0756646216769	49	47	3	0	9	0.155172413793
0.145917701845	0.0777096114519	50	47	3	0	9	0.152542372881
0.149536118046	0.079754601227	51	47	3	0	9	0.15
0.151424425077	0.0777096114519	51	48	3	0	10	0.16393442623
0.152708096169	0.0777096114519	51	49	3	0	10	0.16393442623
0.154284600275	0.079754601227	52	49	3	0	10	0.161290322581
0.154649284059	0.079754601227	52	50	3	0	10	0.161290322581
0.154912387114	0.081799591002	53	50	3	0	10	0.15873015873
0.156119570379	0.0838445807771	54	50	3	0	10	0.15625
0.158206051895	0.0838445807771	54	51	3	0	10	0.15625
0.159643270306	0.0858895705521	55	51	3	0	10	0.153846153846
0.161212850231	0.0858895705521	55	52	3	0	10	0.153846153846
0.162165150508	0.0858895705521	55	53	3	0	10	0.153846153846
0.162187761789	0.0879345603272	56	53	3	0	10	0.151515151515
0.165357044249	0.0879345603272	56	54	3	0	10	0.151515151515
0.166232749414	0.0899795501022	57	54	3	0	10	0.149253731343
0.168242315077	0.0899795501022	57	55	3	0	10	0.149253731343
0.168885033081	0.0920245398773	58	55	3	0	10	0.147058823529
0.169376699792	0.0920245398773	58	56	3	0	10	0.147058823529
0.170205066009	0.0920245398773	58	57	3	0	10	0.147058823529
0.172357799502	0.0940695296524	59	57	3	0	10	0.144927536232
0.174332685391	0.0920245398773	59	58	3	0	11	0.157142857143
0.177448568884	0.0940695296524	60	58	3	0	11	0.154929577465
0.177452475143	0.0940695296524	60	59	3	0	11	0.154929577465
0.177779671	0.0961145194274	61	59	3	0	11	0.152777777778
0.183059185443	0.0961145194274	61	60	3	0	11	0.152777777778
0.183220979686	0.0940695296524	61	61	3	0	12	0.164383561644
0.183221872066	0.0940695296524	61	62	3	0	12	0.164383561644
0.184003086979	0.0961145194274	62	62	3	0	12	0.162162162162
0.184464907712	0.0981595092025	63	62	3	0	12	0.16
0.184610058189	0.0981595092025	63	63	3	0	12	0.16
0.185080133622	0.100204498978	64	63	3	0	12	0.157894736842
0.185983875529	0.100204498978	64	64	3	0	12	0.157894736842
0.189241874524	0.102249488753	65	64	3	0	12	0.155844155844
0.190206957949	0.104294478528	66	64	3	0	12	0.153846153846
0.191346411068	0.104294478528	66	65	3	0	12	0.153846153846
0.192279603701	0.104294478528	66	66	3	0	12	0.153846153846
0.194049329573	0.104294478528	66	67	3	0	12	0.153846153846
0.194274907423	0.106339468303	67	67	3	0	12	0.151898734177
0.19432498977	0.104294478528	67	68	3	0	13	0.1625
0.194710302829	0.106339468303	68	68	3	0	13	0.16049382716
0.19699003996	0.104294478528	69	68	3	0	13	0.158536585366
0.198027105172	0.104294478528	69	69	3	0	13	0.158536585366
0.198314586906	0.102249488753	69	70	3	0	14	0.168674698795
0.198784972889	0.104294478528	70	70	3	0	14	0.166666666667
0.201617310295	0.104294478528	70	71	3	0	14	0.166666666667
0.201719921447	0.100204498978	70	72	3	0	16	0.186046511628
0.202555916227	0.100204498978	70	73	3	0	16	0.186046511628
0.202664331741	0.0981595092025	70	74	3	0	17	0.195402298851
0.204709719943	0.0940695296524	70	75	3	0	19	0.213483146067
0.205506029267	0.0940695296524	70	76	3	0	19	0.213483146067
0.205616275115	0.0940695296524	70	77	3	0	19	0.213483146067
0.206112446302	0.0961145194274	71	77	3	0	19	0.211111111111
0.20613722036	0.0981595092025	72	77	3	0	19	0.208791208791
