# time 	 divergence 	 # of mutations 	 # IGC chances 	 IGC length 	 # IGC failures 	 Changes due to IGC  	 % change due to IGC 
0.0	0.124744376278	0	0	0	0	0	0.0
0.00119179613878	0.126789366053	1	0	0	0	0	0.0
0.00202045770496	0.128834355828	2	0	0	0	0	0.0
0.00233959847783	0.128834355828	2	1	3	0	0	0.0
0.00734266581408	0.128834355828	2	2	3	0	0	0.0
0.00896949717768	0.128834355828	2	3	3	0	0	0.0
0.0101752844392	0.130879345603	3	3	3	0	0	0.0
0.0109750240424	0.132924335378	4	3	3	0	0	0.0
0.0110165505822	0.132924335378	4	4	3	0	0	0.0
0.0155929143162	0.132924335378	4	5	3	0	0	0.0
0.0186630276851	0.132924335378	4	6	3	0	0	0.0
0.0189853694337	0.134969325153	5	6	3	0	0	0.0
0.0217263542923	0.137014314928	6	6	3	0	0	0.0
0.0218353366808	0.139059304703	7	6	3	0	0	0.0
0.0220580375119	0.134969325153	7	7	3	0	2	0.222222222222
0.0225384954218	0.137014314928	8	7	3	0	2	0.2
0.0232935796651	0.139059304703	9	7	3	0	2	0.181818181818
0.0235595597212	0.141104294479	10	7	3	0	2	0.166666666667
0.0241171073658	0.143149284254	11	7	3	0	2	0.153846153846
