# time 	 divergence 	 # of mutations 	 # IGC chances 	 IGC length 	 # IGC failures 	 Changes due to IGC  	 % change due to IGC 
0.0	0.272043010753	0	0	0	0	0	0.0
0.00141290110844	0.272043010753	0	1	3	0	0	0.0
0.00307051307861	0.272043010753	0	2	3	0	0	0.0
0.0031338102889	0.27311827957	1	2	3	0	0	0.0
0.00403117424173	0.272043010753	1	3	3	0	1	0.5
0.0042361780705	0.272043010753	1	4	3	0	1	0.5
0.00448937019629	0.270967741935	1	5	3	0	2	0.666666666667
0.00522646616502	0.272043010753	2	5	3	0	2	0.5
0.00538412154568	0.272043010753	3	5	3	0	2	0.4
0.0073073547028	0.272043010753	3	6	3	0	2	0.4
0.00744614823085	0.272043010753	3	7	3	0	2	0.4
0.00763755195115	0.270967741935	3	8	3	0	3	0.5
0.00771959207057	0.272043010753	4	8	3	0	3	0.428571428571
0.00810930121076	0.27311827957	5	8	3	0	3	0.375
0.00855263201269	0.27311827957	6	8	3	0	3	0.333333333333
0.00914620969954	0.274193548387	7	8	3	0	3	0.3
0.0108005277134	0.27311827957	7	9	3	0	4	0.363636363636
0.011639013001	0.274193548387	8	9	3	0	4	0.333333333333
0.012175875458	0.275268817204	9	9	3	0	4	0.307692307692
0.013501811703	0.27311827957	9	10	3	0	6	0.4
0.0137162283085	0.274193548387	10	10	3	0	6	0.375
0.0156449756194	0.274193548387	11	10	3	0	6	0.352941176471
0.015673105739	0.275268817204	12	10	3	0	6	0.333333333333
0.0161340553168	0.276344086022	13	10	3	0	6	0.315789473684
