# time 	 divergence 	 # of mutations 	 # IGC chances 	 IGC length 	 # IGC failures 	 Changes due to IGC  	 % change due to IGC 
0.0	0.0470085470085	0	0	0	0	0	0.0
0.00065036135997	0.0470085470085	0	1	3	0	0	0.0
0.00101085419444	0.0470085470085	0	2	3	0	0	0.0
0.00184724355129	0.0470085470085	0	3	3	0	0	0.0
0.00197781875664	0.0470085470085	0	4	3	0	0	0.0
0.00300174922241	0.0470085470085	0	5	3	0	0	0.0
0.00326483049733	0.0470085470085	0	6	3	0	0	0.0
0.00335210702536	0.0448717948718	0	7	3	0	1	1.0
0.00363730097718	0.0470085470085	1	7	3	0	1	0.5
0.00377815389262	0.0448717948718	1	8	3	0	2	0.666666666667
0.00389649085745	0.0448717948718	1	9	3	0	2	0.666666666667
0.00429127287079	0.0448717948718	1	10	3	0	2	0.666666666667
0.00429444481871	0.0448717948718	1	11	3	0	2	0.666666666667
0.00476046065753	0.0448717948718	1	12	3	0	2	0.666666666667
0.00479216917686	0.0448717948718	1	13	3	0	2	0.666666666667
0.00480511463291	0.0448717948718	1	14	3	0	2	0.666666666667
0.00481048926351	0.0448717948718	1	15	3	0	2	0.666666666667
0.00501752027106	0.0448717948718	1	16	3	0	2	0.666666666667
0.00580167489645	0.0448717948718	1	17	3	0	2	0.666666666667
0.00596146120641	0.0448717948718	1	18	3	0	2	0.666666666667
0.00604326707402	0.0448717948718	1	19	3	0	2	0.666666666667
0.00611535704151	0.0448717948718	1	20	3	0	2	0.666666666667
0.00644738261021	0.0448717948718	1	21	3	0	2	0.666666666667
0.0065600695509	0.0448717948718	1	22	3	0	2	0.666666666667
0.00657920125025	0.042735042735	1	23	3	0	3	0.75
0.00714372709658	0.042735042735	1	24	3	0	3	0.75
0.00766191605841	0.042735042735	1	25	3	0	3	0.75
0.0076978595733	0.0405982905983	1	26	3	0	4	0.8
0.00775726588153	0.0384615384615	1	27	3	0	5	0.833333333333
0.00808386624965	0.0384615384615	1	28	3	0	5	0.833333333333
0.00918810116963	0.0384615384615	1	29	3	0	5	0.833333333333
0.00932307847286	0.0384615384615	1	30	3	0	5	0.833333333333
0.00948165219112	0.0384615384615	1	31	3	0	5	0.833333333333
0.00954895695954	0.0384615384615	1	32	3	0	5	0.833333333333
0.00977625863961	0.0363247863248	1	33	3	0	6	0.857142857143
0.00989985637486	0.0363247863248	1	34	3	0	6	0.857142857143
0.00990656826914	0.0363247863248	1	35	3	0	6	0.857142857143
0.0104775546974	0.0363247863248	1	36	3	0	6	0.857142857143
0.0106122209128	0.034188034188	1	37	3	0	7	0.875
0.010644943408	0.0363247863248	2	37	3	0	7	0.777777777778
0.0112797900744	0.0363247863248	2	38	3	0	7	0.777777777778
0.0112819851926	0.0363247863248	2	39	3	0	7	0.777777777778
0.0114410636727	0.0363247863248	2	40	3	0	7	0.777777777778
0.0120975012579	0.0363247863248	2	41	3	0	7	0.777777777778
0.0124757184476	0.0363247863248	2	42	3	0	7	0.777777777778
0.0127185073271	0.0363247863248	2	43	3	0	7	0.777777777778
0.0134590068179	0.0363247863248	2	44	3	0	7	0.777777777778
0.0137390568436	0.0384615384615	3	44	3	0	7	0.7
0.0137895037115	0.0384615384615	3	45	3	0	7	0.7
0.0139075069832	0.0384615384615	3	46	3	0	7	0.7
0.0143063010018	0.0384615384615	3	47	3	0	7	0.7
0.0145595352771	0.0384615384615	3	48	3	0	7	0.7
0.0147999355969	0.0384615384615	3	49	3	0	7	0.7
0.0158171903774	0.0384615384615	3	50	3	0	7	0.7
0.0163908912734	0.0384615384615	3	51	3	0	7	0.7
0.0164261960559	0.0384615384615	3	52	3	0	7	0.7
0.0165928642502	0.0363247863248	3	53	3	0	8	0.727272727273
0.0166831500247	0.0363247863248	3	54	3	0	8	0.727272727273
0.0173076882961	0.0363247863248	3	55	3	0	8	0.727272727273
0.0180814176661	0.0384615384615	4	55	3	0	8	0.666666666667
0.0183049525861	0.0405982905983	5	55	3	0	8	0.615384615385
0.0186056700905	0.0363247863248	5	56	3	0	10	0.666666666667
0.0188271447638	0.0363247863248	5	57	3	0	10	0.666666666667
0.0192612631146	0.0363247863248	5	58	3	0	10	0.666666666667
0.0192794510632	0.034188034188	5	59	3	0	11	0.6875
0.0199728495957	0.034188034188	5	60	3	0	11	0.6875
0.0204717735737	0.034188034188	5	61	3	0	11	0.6875
0.0209344833269	0.0363247863248	6	61	3	0	11	0.647058823529
0.0213375974091	0.0363247863248	6	62	3	0	11	0.647058823529
0.0214487884383	0.0363247863248	6	63	3	0	11	0.647058823529
0.0221277480309	0.034188034188	6	64	3	0	12	0.666666666667
0.0225379376443	0.034188034188	6	65	3	0	12	0.666666666667
0.0229652180495	0.0363247863248	7	65	3	0	12	0.631578947368
0.0231794474204	0.0363247863248	7	66	3	0	12	0.631578947368
0.0233466897021	0.034188034188	7	67	3	0	13	0.65
0.0238128356733	0.034188034188	7	68	3	0	13	0.65
0.0240143685801	0.034188034188	7	69	3	0	13	0.65
0.0240326689517	0.0363247863248	8	69	3	0	13	0.619047619048
0.0245639457988	0.0363247863248	8	70	3	0	13	0.619047619048
0.0248374901256	0.0363247863248	8	71	3	0	13	0.619047619048
0.0252423978279	0.0363247863248	8	72	3	0	13	0.619047619048
0.0257177211784	0.0363247863248	8	73	3	0	13	0.619047619048
0.0257500850456	0.0363247863248	8	74	3	0	13	0.619047619048
0.0261297720142	0.034188034188	8	75	3	0	14	0.636363636364
0.0262872890905	0.034188034188	8	76	3	0	14	0.636363636364
0.0264813780407	0.034188034188	8	77	3	0	14	0.636363636364
0.0267756427629	0.034188034188	8	78	3	0	14	0.636363636364
0.0268418921067	0.0320512820513	8	79	3	0	15	0.652173913043
0.026891024086	0.0320512820513	8	80	3	0	15	0.652173913043
0.0280172990045	0.0320512820513	8	81	3	0	15	0.652173913043
0.0284854348428	0.0299145299145	8	82	3	0	16	0.666666666667
0.0289592038471	0.0277777777778	8	83	3	0	17	0.68
0.0290867143808	0.0277777777778	8	84	3	0	17	0.68
0.0292618259546	0.0277777777778	8	85	3	0	17	0.68
0.0299375609231	0.0277777777778	8	86	3	0	17	0.68
0.0299594888324	0.0277777777778	8	87	3	0	17	0.68
0.0304665711351	0.0277777777778	8	88	3	0	17	0.68
0.0307150857942	0.0277777777778	8	89	3	0	17	0.68
0.0307678651555	0.0277777777778	8	90	3	0	17	0.68
0.031214664688	0.0277777777778	8	91	3	0	17	0.68
0.0313911904009	0.0277777777778	8	92	3	0	17	0.68
0.0315065267132	0.0277777777778	8	93	3	0	17	0.68
0.0316947486046	0.0277777777778	8	94	3	0	17	0.68
0.031817805015	0.025641025641	8	95	3	0	18	0.692307692308
0.0323797143498	0.025641025641	8	96	3	0	18	0.692307692308
0.0324775456074	0.025641025641	8	97	3	0	18	0.692307692308
0.0325620594122	0.025641025641	8	98	3	0	18	0.692307692308
0.0325793951528	0.025641025641	8	99	3	0	18	0.692307692308
0.0326123926562	0.025641025641	8	100	3	0	18	0.692307692308
0.0328399054402	0.025641025641	8	101	3	0	18	0.692307692308
0.0329065524802	0.0235042735043	8	102	3	0	19	0.703703703704
0.0329461829302	0.0235042735043	8	103	3	0	19	0.703703703704
0.0330754689956	0.0235042735043	8	104	3	0	19	0.703703703704
0.0331571882443	0.0213675213675	8	105	3	0	20	0.714285714286
0.0332523359684	0.0213675213675	8	106	3	0	20	0.714285714286
0.0349054294825	0.0213675213675	8	107	3	0	20	0.714285714286
0.0351236910118	0.0213675213675	8	108	3	0	20	0.714285714286
0.0352983930473	0.0213675213675	8	109	3	0	20	0.714285714286
