# time 	 divergence 	 # of mutations 	 # IGC chances 	 IGC length 	 # IGC failures 	 Changes due to IGC  	 % change due to IGC 
0.0	0.0102249488753	0	0	0	0	0	0.0
0.00149380264235	0.0122699386503	1	0	0	0	0	0.0
0.0039242670233	0.0122699386503	1	1	3	0	0	0.0
0.00495057661674	0.0143149284254	2	1	3	0	0	0.0
0.00601855016928	0.0163599182004	3	1	3	0	0	0.0
0.00995511688182	0.0184049079755	4	1	3	0	0	0.0
0.0105093707846	0.0184049079755	4	2	3	0	0	0.0
0.0111709892473	0.0204498977505	5	2	3	0	0	0.0
0.0127912175907	0.0224948875256	6	2	3	0	0	0.0
0.0131540118531	0.0224948875256	6	3	3	0	0	0.0
0.0180137210732	0.0224948875256	7	3	3	0	0	0.0
0.0182342314294	0.0245398773006	8	3	3	0	0	0.0
0.0200765047618	0.0245398773006	8	4	3	0	0	0.0
0.0214509596405	0.0245398773006	8	5	3	0	0	0.0
0.0225832165346	0.0245398773006	8	6	3	0	0	0.0
0.0238749624039	0.0265848670757	9	6	3	0	0	0.0
0.0277897038862	0.0265848670757	9	7	3	0	0	0.0
0.0287274343967	0.0265848670757	9	8	3	0	0	0.0
0.0297755491314	0.0265848670757	9	9	3	0	0	0.0
0.030488393435	0.0286298568507	10	9	3	0	0	0.0
0.0305724216441	0.0286298568507	10	10	3	0	0	0.0
0.0357485312231	0.0286298568507	10	11	3	0	0	0.0
0.0381606358711	0.0306748466258	11	11	3	0	0	0.0
0.0393128569449	0.0327198364008	12	11	3	0	0	0.0
0.0396316078663	0.0347648261759	13	11	3	0	0	0.0
0.0399286386044	0.0368098159509	14	11	3	0	0	0.0
0.0407696984299	0.038854805726	15	11	3	0	0	0.0
0.0421482162542	0.040899795501	16	11	3	0	0	0.0
0.0434032048528	0.040899795501	16	12	3	0	0	0.0
0.0437189381728	0.040899795501	16	13	3	0	0	0.0
0.0450993363112	0.0429447852761	17	13	3	0	0	0.0
0.0474578888298	0.0449897750511	18	13	3	0	0	0.0
0.0481940030715	0.0470347648262	19	13	3	0	0	0.0
0.0482794949403	0.0490797546012	20	13	3	0	0	0.0
0.0486944640066	0.0490797546012	20	14	3	0	0	0.0
0.0496865114527	0.0470347648262	20	15	3	0	1	0.047619047619
0.0501788783437	0.0490797546012	21	15	3	0	1	0.0454545454545
0.0539920452779	0.0490797546012	21	16	3	0	1	0.0454545454545
0.0564552388405	0.0511247443763	22	16	3	0	1	0.0434782608696
0.0564871243891	0.0511247443763	22	17	3	0	1	0.0434782608696
0.0569526830242	0.0531697341513	23	17	3	0	1	0.0416666666667
0.057787874307	0.0511247443763	24	17	3	0	1	0.04
0.0596333106123	0.0511247443763	24	18	3	0	1	0.04
0.0605172661538	0.0531697341513	25	18	3	0	1	0.0384615384615
0.0615022461956	0.0531697341513	25	19	3	0	1	0.0384615384615
0.0644421242627	0.0552147239264	26	19	3	0	1	0.037037037037
0.0657521893566	0.0552147239264	26	20	3	0	1	0.037037037037
0.0660019288329	0.0552147239264	26	21	3	0	1	0.037037037037
0.0669596750529	0.0572597137014	27	21	3	0	1	0.0357142857143
0.0697394510468	0.0572597137014	27	22	3	0	1	0.0357142857143
0.0704371372541	0.0593047034765	28	22	3	0	1	0.0344827586207
0.0708113920896	0.0613496932515	29	22	3	0	1	0.0333333333333
0.0723996914267	0.0633946830266	30	22	3	0	1	0.0322580645161
0.0745564215507	0.0633946830266	30	23	3	0	1	0.0322580645161
0.0758764471289	0.0654396728016	31	23	3	0	1	0.03125
0.0784410623925	0.0654396728016	31	24	3	0	1	0.03125
0.0804595612317	0.0633946830266	32	24	3	0	1	0.030303030303
0.0833431788814	0.0654396728016	33	24	3	0	1	0.0294117647059
0.084083395501	0.0654396728016	33	25	3	0	1	0.0294117647059
0.0855436358443	0.0674846625767	34	25	3	0	1	0.0285714285714
0.0860156883354	0.0695296523517	35	25	3	0	1	0.0277777777778
0.0866358535652	0.0715746421268	36	25	3	0	1	0.027027027027
0.0881506020067	0.0736196319018	37	25	3	0	1	0.0263157894737
0.0885627618111	0.0756646216769	38	25	3	0	1	0.025641025641
0.0916052711386	0.0777096114519	39	25	3	0	1	0.025
0.092882768804	0.079754601227	40	25	3	0	1	0.0243902439024
0.0950749093861	0.081799591002	41	25	3	0	1	0.0238095238095
0.0959409932522	0.0838445807771	42	25	3	0	1	0.0232558139535
0.0979380477058	0.0838445807771	43	25	3	0	1	0.0227272727273
0.101102431701	0.0858895705521	44	25	3	0	1	0.0222222222222
0.101345879692	0.0858895705521	44	26	3	0	1	0.0222222222222
0.102368972303	0.0838445807771	45	26	3	0	1	0.0217391304348
0.105941577124	0.0858895705521	46	26	3	0	1	0.0212765957447
0.106034389924	0.0879345603272	47	26	3	0	1	0.0208333333333
0.106810328919	0.0879345603272	48	26	3	0	1	0.0204081632653
0.107302904427	0.0899795501022	49	26	3	0	1	0.02
0.111151427305	0.0879345603272	49	27	3	0	2	0.0392156862745
0.114162869707	0.0899795501022	50	27	3	0	2	0.0384615384615
0.115423614699	0.0899795501022	50	28	3	0	2	0.0384615384615
0.117817241299	0.0920245398773	51	28	3	0	2	0.0377358490566
0.118648498596	0.0940695296524	52	28	3	0	2	0.037037037037
0.119624724628	0.0940695296524	52	29	3	0	2	0.037037037037
0.121224415124	0.0961145194274	53	29	3	0	2	0.0363636363636
0.121424520183	0.0961145194274	53	30	3	0	2	0.0363636363636
0.122762410404	0.0981595092025	54	30	3	0	2	0.0357142857143
0.12724344265	0.0981595092025	54	31	3	0	2	0.0357142857143
0.128519907563	0.0961145194274	54	32	3	0	3	0.0526315789474
0.128801661616	0.0961145194274	54	33	3	0	3	0.0526315789474
0.135092154926	0.0981595092025	55	33	3	0	3	0.051724137931
0.13718756475	0.0981595092025	55	34	3	0	3	0.051724137931
0.138787550295	0.100204498978	56	34	3	0	3	0.0508474576271
0.139076345417	0.0961145194274	56	35	3	0	5	0.0819672131148
0.141406751309	0.0981595092025	57	35	3	0	5	0.0806451612903
0.142569065098	0.0981595092025	57	36	3	0	5	0.0806451612903
0.143576696832	0.0961145194274	57	37	3	0	6	0.0952380952381
0.146894168391	0.0981595092025	58	37	3	0	6	0.09375
0.147609563532	0.100204498978	59	37	3	0	6	0.0923076923077
0.148118813848	0.100204498978	59	38	3	0	6	0.0923076923077
0.150043473385	0.100204498978	59	39	3	0	6	0.0923076923077
0.15173123793	0.100204498978	59	40	3	0	6	0.0923076923077
0.151774224219	0.102249488753	60	40	3	0	6	0.0909090909091
0.154733755007	0.102249488753	60	41	3	0	6	0.0909090909091
0.158264620614	0.102249488753	60	42	3	0	6	0.0909090909091
0.160282435156	0.104294478528	61	42	3	0	6	0.089552238806
0.161115519148	0.106339468303	62	42	3	0	6	0.0882352941176
0.16265832179	0.106339468303	62	43	3	0	6	0.0882352941176
0.163357488201	0.108384458078	63	43	3	0	6	0.0869565217391
0.163520072124	0.110429447853	64	43	3	0	6	0.0857142857143
0.164740272323	0.112474437628	65	43	3	0	6	0.0845070422535
0.16709981988	0.114519427403	66	43	3	0	6	0.0833333333333
0.168556846498	0.114519427403	66	44	3	0	6	0.0833333333333
0.168567469201	0.116564417178	67	44	3	0	6	0.0821917808219
0.169866562774	0.118609406953	68	44	3	0	6	0.0810810810811
0.169890833087	0.120654396728	69	44	3	0	6	0.08
0.170091765477	0.122699386503	70	44	3	0	6	0.0789473684211
0.172304676637	0.122699386503	70	45	3	0	6	0.0789473684211
0.172584866042	0.124744376278	71	45	3	0	6	0.0779220779221
0.17443730337	0.124744376278	71	46	3	0	6	0.0779220779221
0.176179575725	0.124744376278	71	47	3	0	6	0.0779220779221
0.17660821741	0.126789366053	72	47	3	0	6	0.0769230769231
0.17681961103	0.126789366053	72	48	3	0	6	0.0769230769231
0.17687159926	0.126789366053	72	49	3	0	6	0.0769230769231
0.184380376127	0.128834355828	73	49	3	0	6	0.0759493670886
0.185397368413	0.130879345603	74	49	3	0	6	0.075
0.187338405866	0.132924335378	75	49	3	0	6	0.0740740740741
0.190441579279	0.134969325153	76	49	3	0	6	0.0731707317073
0.192679789741	0.137014314928	77	49	3	0	6	0.0722891566265
0.193475581261	0.134969325153	77	50	3	0	7	0.0833333333333
0.194277651235	0.134969325153	77	51	3	0	7	0.0833333333333
0.194976490795	0.137014314928	78	51	3	0	7	0.0823529411765
0.195109203168	0.139059304703	79	51	3	0	7	0.0813953488372
0.19667045722	0.139059304703	79	52	3	0	7	0.0813953488372
0.198810046576	0.141104294479	80	52	3	0	7	0.0804597701149
0.201239148275	0.143149284254	81	52	3	0	7	0.0795454545455
0.201833824236	0.145194274029	82	52	3	0	7	0.0786516853933
0.205714046021	0.147239263804	83	52	3	0	7	0.0777777777778
0.209827109424	0.147239263804	83	53	3	0	7	0.0777777777778
0.211012402508	0.145194274029	83	54	3	0	8	0.0879120879121
0.213673818391	0.145194274029	83	55	3	0	8	0.0879120879121
