# time 	 divergence 	 # of mutations 	 # IGC chances 	 IGC length 	 # IGC failures 	 Changes due to IGC  	 % change due to IGC 
0.0	0.471734892788	0	0	0	0	0	0.0
0.000218307586405	0.472709551657	1	0	0	0	0	0.0
0.000356552576756	0.473684210526	2	0	0	0	0	0.0
0.000674375276539	0.474658869396	3	0	0	0	0	0.0
0.00132165079773	0.475633528265	4	0	0	0	0	0.0
0.00264599363614	0.475633528265	5	0	0	0	0	0.0
0.00320919536984	0.475633528265	6	0	0	0	0	0.0
0.00593952606014	0.475633528265	7	0	0	0	0	0.0
0.00695227855325	0.474658869396	8	0	0	0	0	0.0
0.00852022399431	0.473684210526	9	0	0	0	0	0.0
0.00884010785516	0.473684210526	10	0	0	0	0	0.0
0.0091209203703	0.472709551657	11	0	0	0	0	0.0
0.00942575296335	0.472709551657	12	0	0	0	0	0.0
0.00956717292537	0.471734892788	13	0	0	0	0	0.0
0.0115500696494	0.472709551657	14	0	0	0	0	0.0
0.0127728465936	0.472709551657	15	0	0	0	0	0.0
0.0147544322619	0.472709551657	16	0	0	0	0	0.0
0.016791780185	0.473684210526	17	0	0	0	0	0.0
0.0190722961105	0.470760233918	17	1	3	0	3	0.15
0.0195731776807	0.471734892788	18	1	3	0	3	0.142857142857
0.0215672461014	0.471734892788	19	1	3	0	3	0.136363636364
0.0216331222323	0.470760233918	20	1	3	0	3	0.130434782609
0.0228948405877	0.469785575049	21	1	3	0	3	0.125
0.0276749324005	0.470760233918	22	1	3	0	3	0.12
0.0279992162068	0.470760233918	23	1	3	0	3	0.115384615385
0.0286691553198	0.471734892788	24	1	3	0	3	0.111111111111
0.0289523000954	0.471734892788	25	1	3	0	3	0.107142857143
0.0289968934434	0.471734892788	26	1	3	0	3	0.103448275862
0.0308360774708	0.469785575049	26	2	3	0	5	0.161290322581
0.0350075424631	0.470760233918	27	2	3	0	5	0.15625
0.0380881382221	0.470760233918	28	2	3	0	5	0.151515151515
0.0381675273866	0.469785575049	28	3	3	0	6	0.176470588235
0.0387504991319	0.468810916179	29	3	3	0	6	0.171428571429
0.0389994959582	0.469785575049	30	3	3	0	6	0.166666666667
0.0391122326224	0.468810916179	31	3	3	0	6	0.162162162162
0.039439539174	0.469785575049	32	3	3	0	6	0.157894736842
0.040074226626	0.468810916179	33	3	3	0	6	0.153846153846
0.040576528338	0.466861598441	33	4	3	0	8	0.19512195122
0.0424518146056	0.466861598441	34	4	3	0	8	0.190476190476
0.0435393635062	0.46783625731	35	4	3	0	8	0.186046511628
0.0440440044077	0.465886939571	35	5	3	0	10	0.222222222222
0.0451141642791	0.466861598441	36	5	3	0	10	0.217391304348
0.0453662368521	0.466861598441	37	5	3	0	10	0.212765957447
0.0456209482612	0.46783625731	38	5	3	0	10	0.208333333333
0.0468333860893	0.466861598441	39	5	3	0	10	0.204081632653
0.0483696685551	0.465886939571	40	5	3	0	10	0.2
0.048401879216	0.464912280702	41	5	3	0	10	0.196078431373
0.0484323894413	0.464912280702	42	5	3	0	10	0.192307692308
0.0487105778879	0.465886939571	43	5	3	0	10	0.188679245283
0.049436912338	0.465886939571	44	5	3	0	10	0.185185185185
0.0510761131171	0.464912280702	45	5	3	0	10	0.181818181818
0.0511356451788	0.464912280702	46	5	3	0	10	0.178571428571
0.0512893156751	0.463937621832	47	5	3	0	10	0.175438596491
0.0526682134902	0.463937621832	48	5	3	0	10	0.172413793103
0.0549395330155	0.464912280702	49	5	3	0	10	0.169491525424
0.0565294772425	0.465886939571	50	5	3	0	10	0.166666666667
0.056996188461	0.465886939571	51	5	3	0	10	0.16393442623
0.0598798569276	0.466861598441	52	5	3	0	10	0.161290322581
0.0624049809928	0.465886939571	53	5	3	0	10	0.15873015873
0.0626202587196	0.466861598441	54	5	3	0	10	0.15625
0.0632102806359	0.46783625731	55	5	3	0	10	0.153846153846
0.063461809786	0.468810916179	56	5	3	0	10	0.151515151515
0.0635366518768	0.465886939571	56	6	3	0	13	0.188405797101
0.0652867483085	0.465886939571	57	6	3	0	13	0.185714285714
0.0653249351541	0.465886939571	58	6	3	0	13	0.183098591549
0.0685103710862	0.466861598441	59	6	3	0	13	0.180555555556
0.0697889249608	0.466861598441	59	7	3	0	13	0.180555555556
0.0700707891281	0.46783625731	60	7	3	0	13	0.178082191781
0.0717746276497	0.468810916179	61	7	3	0	13	0.175675675676
0.0733518609447	0.469785575049	62	7	3	0	13	0.173333333333
0.0735267684076	0.469785575049	63	7	3	0	13	0.171052631579
0.0745160247161	0.470760233918	64	7	3	0	13	0.168831168831
0.074700554516	0.469785575049	65	7	3	0	13	0.166666666667
0.0753231693149	0.469785575049	66	7	3	0	13	0.164556962025
0.0753297348844	0.469785575049	67	7	3	0	13	0.1625
0.0762079075037	0.470760233918	68	7	3	0	13	0.16049382716
0.0779218780753	0.471734892788	69	7	3	0	13	0.158536585366
0.0781187287228	0.472709551657	70	7	3	0	13	0.156626506024
0.0791118893861	0.469785575049	70	8	3	0	16	0.186046511628
0.079383562172	0.468810916179	70	9	3	0	17	0.195402298851
0.0817584112021	0.468810916179	71	9	3	0	17	0.193181818182
0.083663606202	0.469785575049	72	9	3	0	17	0.191011235955
0.0847976034563	0.470760233918	73	9	3	0	17	0.188888888889
0.085913163604	0.471734892788	74	9	3	0	17	0.186813186813
0.0867787184369	0.472709551657	75	9	3	0	17	0.184782608696
0.0885415030776	0.472709551657	76	9	3	0	17	0.182795698925
0.0895941226649	0.473684210526	77	9	3	0	17	0.18085106383
0.0913848468367	0.472709551657	78	9	3	0	17	0.178947368421
0.0917862816256	0.473684210526	79	9	3	0	17	0.177083333333
0.092788126999	0.474658869396	80	9	3	0	17	0.175257731959
