# time 	 divergence 	 # of mutations 	 # IGC chances 	 IGC length 	 # IGC failures 	 Changes due to IGC  	 % change due to IGC 
0.0	0.272904483431	0	0	0	0	0	0.0
0.000315496441323	0.272904483431	1	0	0	0	0	0.0
0.00175063115544	0.254385964912	1	1	72	0	19	0.95
0.00303147053226	0.255360623782	2	1	72	0	19	0.904761904762
0.00563123181936	0.256335282651	3	1	72	0	19	0.863636363636
0.00647828974674	0.255360623782	4	1	72	0	19	0.826086956522
0.00692637370542	0.245614035088	4	2	30	0	29	0.878787878788
0.00854152731571	0.246588693957	5	2	30	0	29	0.852941176471
0.00928589019324	0.247563352827	6	2	30	0	29	0.828571428571
0.0124860951758	0.248538011696	7	2	30	0	29	0.805555555556
0.0139365516117	0.249512670565	8	2	30	0	29	0.783783783784
0.0139740802214	0.250487329435	9	2	30	0	29	0.763157894737
0.0148573065588	0.249512670565	10	2	30	0	29	0.74358974359
0.0150194338734	0.250487329435	11	2	30	0	29	0.725
0.015735784761	0.236842105263	11	3	78	0	43	0.796296296296
0.017336664541	0.237816764133	12	3	78	0	43	0.781818181818
0.0180657315569	0.238791423002	13	3	78	0	43	0.767857142857
0.0207433482699	0.238791423002	14	3	78	0	43	0.754385964912
0.0216750525577	0.235867446394	14	4	12	0	46	0.766666666667
0.0219741552443	0.236842105263	15	4	12	0	46	0.754098360656
0.0230579067773	0.237816764133	16	4	12	0	46	0.741935483871
0.0252296242181	0.238791423002	17	4	12	0	46	0.730158730159
0.0284385363572	0.239766081871	18	4	12	0	46	0.71875
0.0293533765616	0.240740740741	19	4	12	0	46	0.707692307692
0.031939600264	0.240740740741	20	4	12	0	46	0.69696969697
0.0328845510667	0.239766081871	21	4	12	0	46	0.686567164179
0.0333181314454	0.238791423002	22	4	12	0	46	0.676470588235
0.0347465803744	0.223196881092	22	5	51	0	62	0.738095238095
0.0368655867214	0.224171539961	23	5	51	0	62	0.729411764706
0.0374338228433	0.22514619883	24	5	51	0	62	0.720930232558
0.0412866451006	0.2261208577	25	5	51	0	62	0.712643678161
0.0413485539696	0.227095516569	26	5	51	0	62	0.704545454545
0.0469547180564	0.227095516569	27	5	51	0	62	0.696629213483
0.0471742603831	0.228070175439	28	5	51	0	62	0.688888888889
0.0489668489443	0.229044834308	29	5	51	0	62	0.681318681319
0.0495450518017	0.230019493177	30	5	51	0	62	0.673913043478
0.0502563886715	0.230994152047	31	5	51	0	62	0.666666666667
0.0512538072364	0.231968810916	32	5	51	0	62	0.659574468085
0.0517761750298	0.230019493177	32	6	48	0	64	0.666666666667
0.0520744021864	0.230994152047	33	6	48	0	64	0.659793814433
0.0566129272595	0.230019493177	34	6	48	0	64	0.65306122449
0.0574324556529	0.229044834308	35	6	48	0	64	0.646464646465
0.0585960930894	0.211500974659	35	7	36	0	82	0.700854700855
0.0610233038518	0.212475633528	36	7	36	0	82	0.694915254237
0.0621141804382	0.213450292398	37	7	36	0	82	0.689075630252
0.0631825734851	0.214424951267	38	7	36	0	82	0.683333333333
0.0631871832549	0.215399610136	39	7	36	0	82	0.677685950413
0.0640643810236	0.216374269006	40	7	36	0	82	0.672131147541
0.0647750947715	0.217348927875	41	7	36	0	82	0.666666666667
0.0649105964077	0.216374269006	42	7	36	0	82	0.661290322581
0.0665657997511	0.217348927875	43	7	36	0	82	0.656
0.0695477471882	0.218323586745	44	7	36	0	82	0.650793650794
0.0696702637568	0.219298245614	45	7	36	0	82	0.645669291339
0.0711914285651	0.220272904483	46	7	36	0	82	0.640625
0.0729850102502	0.220272904483	47	7	36	0	82	0.635658914729
0.0740623186533	0.221247563353	48	7	36	0	82	0.630769230769
0.0742986146601	0.221247563353	49	7	36	0	82	0.625954198473
0.0752515621414	0.220272904483	50	7	36	0	82	0.621212121212
0.0756293419359	0.219298245614	51	7	36	0	82	0.616541353383
0.0767564602957	0.220272904483	52	7	36	0	82	0.611940298507
0.0767589938963	0.221247563353	53	7	36	0	82	0.607407407407
0.0811079501095	0.222222222222	54	7	36	0	82	0.602941176471
0.0826308613505	0.223196881092	55	7	36	0	82	0.598540145985
0.0837511574522	0.224171539961	56	7	36	0	82	0.594202898551
0.087587683102	0.22514619883	57	7	36	0	82	0.589928057554
0.0876837813391	0.2261208577	58	7	36	0	82	0.585714285714
0.090242918767	0.227095516569	59	7	36	0	82	0.581560283688
0.0904137390907	0.228070175439	60	7	36	0	82	0.577464788732
0.0928626417975	0.229044834308	61	7	36	0	82	0.573426573427
0.0931236420091	0.230019493177	62	7	36	0	82	0.569444444444
0.0949521351424	0.230994152047	63	7	36	0	82	0.565517241379
0.0953153526459	0.231968810916	64	7	36	0	82	0.561643835616
0.0962543447373	0.230994152047	65	7	36	0	82	0.557823129252
0.0978929511618	0.231968810916	66	7	36	0	82	0.554054054054
0.0979915233898	0.232943469786	67	7	36	0	82	0.55033557047
0.0983705210591	0.231968810916	68	7	36	0	82	0.546666666667
0.0984006093246	0.232943469786	69	7	36	0	82	0.543046357616
0.0994046792009	0.233918128655	70	7	36	0	82	0.539473684211
0.0997804289512	0.232943469786	71	7	36	0	82	0.535947712418
0.0999313761206	0.233918128655	72	7	36	0	82	0.532467532468
0.100441693258	0.232943469786	73	7	36	0	82	0.529032258065
0.10061997611	0.233918128655	74	7	36	0	82	0.525641025641
0.100935016647	0.234892787524	75	7	36	0	82	0.522292993631
0.101830760976	0.235867446394	76	7	36	0	82	0.518987341772
0.101868617109	0.235867446394	77	7	36	0	82	0.51572327044
0.101951485867	0.235867446394	78	7	36	0	82	0.5125
0.102497662511	0.236842105263	79	7	36	0	82	0.509316770186
0.103110232063	0.237816764133	80	7	36	0	82	0.506172839506
0.103256715972	0.238791423002	81	7	36	0	82	0.503067484663
0.10388602796	0.239766081871	82	7	36	0	82	0.5
0.104845453806	0.240740740741	83	7	36	0	82	0.49696969697
0.106134916835	0.24171539961	84	7	36	0	82	0.493975903614
0.108516543205	0.240740740741	85	7	36	0	82	0.491017964072
0.109844221693	0.24171539961	86	7	36	0	82	0.488095238095
0.110575622657	0.240740740741	87	7	36	0	82	0.485207100592
0.112698549167	0.24171539961	88	7	36	0	82	0.482352941176
0.113080628673	0.24171539961	89	7	36	0	82	0.479532163743
0.113323333183	0.24269005848	90	7	36	0	82	0.476744186047
0.116427772509	0.243664717349	91	7	36	0	82	0.473988439306
0.119347165049	0.244639376218	92	7	36	0	82	0.471264367816
0.119425092936	0.245614035088	93	7	36	0	82	0.468571428571
0.122181658272	0.246588693957	94	7	36	0	82	0.465909090909
0.122220144829	0.245614035088	95	7	36	0	82	0.463276836158
0.123054028091	0.244639376218	96	7	36	0	82	0.460674157303
0.123177295568	0.24171539961	96	8	12	0	85	0.469613259669
0.126366195201	0.24171539961	97	8	12	0	85	0.467032967033
0.128163413416	0.24269005848	98	8	12	0	85	0.464480874317
0.129619450225	0.24269005848	99	8	12	0	85	0.461956521739
0.130079405109	0.243664717349	100	8	12	0	85	0.459459459459
0.131883857832	0.244639376218	101	8	12	0	85	0.456989247312
0.13370071714	0.24269005848	101	9	42	0	87	0.462765957447
0.133906568202	0.243664717349	102	9	42	0	87	0.460317460317
0.134128978602	0.231968810916	102	10	96	0	99	0.492537313433
0.134856043669	0.232943469786	103	10	96	0	99	0.490099009901
0.135785009911	0.233918128655	104	10	96	0	99	0.487684729064
0.140637079824	0.232943469786	105	10	96	0	99	0.485294117647
0.1422133278	0.232943469786	106	10	96	0	99	0.482926829268
0.142288368513	0.233918128655	107	10	96	0	99	0.480582524272
0.143204962807	0.234892787524	108	10	96	0	99	0.478260869565
0.143441119185	0.235867446394	109	10	96	0	99	0.475961538462
0.14407922307	0.235867446394	110	10	96	0	99	0.473684210526
0.144955393262	0.236842105263	111	10	96	0	99	0.471428571429
0.147888340613	0.237816764133	112	10	96	0	99	0.469194312796
0.151331443736	0.237816764133	113	10	96	0	99	0.466981132075
0.152216057191	0.238791423002	114	10	96	0	99	0.464788732394
0.15275716969	0.239766081871	115	10	96	0	99	0.46261682243
0.154681424113	0.240740740741	116	10	96	0	99	0.460465116279
0.155438072472	0.24171539961	117	10	96	0	99	0.458333333333
0.15981052775	0.24269005848	118	10	96	0	99	0.456221198157
0.164722517154	0.243664717349	119	10	96	0	99	0.454128440367
0.166026358614	0.244639376218	120	10	96	0	99	0.452054794521
0.166058280494	0.245614035088	121	10	96	0	99	0.45
0.166396773367	0.246588693957	122	10	96	0	99	0.447963800905
0.170157302069	0.236842105263	122	11	36	0	109	0.471861471861
0.170157889842	0.237816764133	123	11	36	0	109	0.469827586207
0.171699503437	0.238791423002	124	11	36	0	109	0.467811158798
0.172389983499	0.239766081871	125	11	36	0	109	0.465811965812
0.172506278872	0.240740740741	126	11	36	0	109	0.463829787234
0.173093810076	0.24171539961	127	11	36	0	109	0.46186440678
0.173441403957	0.240740740741	128	11	36	0	109	0.459915611814
0.176845646208	0.24171539961	129	11	36	0	109	0.457983193277
0.178129541227	0.24269005848	130	11	36	0	109	0.456066945607
0.179361887224	0.243664717349	131	11	36	0	109	0.454166666667
0.180350703673	0.244639376218	132	11	36	0	109	0.452282157676
0.182717256454	0.245614035088	133	11	36	0	109	0.45041322314
0.18351887615	0.245614035088	134	11	36	0	109	0.448559670782
0.184933878777	0.246588693957	135	11	36	0	109	0.446721311475
0.187138439764	0.247563352827	136	11	36	0	109	0.444897959184
0.187873881341	0.248538011696	137	11	36	0	109	0.443089430894
0.188232129217	0.249512670565	138	11	36	0	109	0.441295546559
0.188586810978	0.250487329435	139	11	36	0	109	0.439516129032
0.191732283731	0.251461988304	140	11	36	0	109	0.437751004016
0.193453416276	0.252436647173	141	11	36	0	109	0.436
0.193456943969	0.253411306043	142	11	36	0	109	0.434262948207
0.194480645243	0.253411306043	143	11	36	0	109	0.43253968254
0.195308036702	0.253411306043	144	11	36	0	109	0.430830039526
0.198000410146	0.253411306043	145	11	36	0	109	0.429133858268
0.199587871428	0.252436647173	146	11	36	0	109	0.427450980392
0.199814691286	0.253411306043	147	11	36	0	109	0.42578125
0.202661205195	0.254385964912	148	11	36	0	109	0.424124513619
0.205773934534	0.255360623782	149	11	36	0	109	0.422480620155
0.206368169409	0.256335282651	150	11	36	0	109	0.420849420849
0.207045099922	0.256335282651	151	11	36	0	109	0.419230769231
0.207769501213	0.249512670565	151	12	39	0	116	0.434456928839
0.208386882465	0.250487329435	152	12	39	0	116	0.432835820896
0.212465725474	0.251461988304	153	12	39	0	116	0.431226765799
0.216301501174	0.252436647173	154	12	39	0	116	0.42962962963
0.217730637558	0.253411306043	155	12	39	0	116	0.428044280443
0.218099894061	0.252436647173	156	12	39	0	116	0.426470588235
0.218963739764	0.253411306043	157	12	39	0	116	0.424908424908
0.219005891355	0.254385964912	158	12	39	0	116	0.423357664234
0.21918704894	0.255360623782	159	12	39	0	116	0.421818181818
0.223085673445	0.256335282651	160	12	39	0	116	0.420289855072
0.223210337255	0.256335282651	161	12	39	0	116	0.418772563177
0.223434352935	0.25730994152	162	12	39	0	116	0.41726618705
0.224367479352	0.25828460039	163	12	39	0	116	0.415770609319
0.224958787961	0.259259259259	164	12	39	0	116	0.414285714286
0.224980440938	0.260233918129	165	12	39	0	116	0.4128113879
0.225096121713	0.261208576998	166	12	39	0	116	0.41134751773
0.225459646069	0.260233918129	167	12	39	0	116	0.409893992933
0.225786030084	0.261208576998	168	12	39	0	116	0.408450704225
0.232328076682	0.262183235867	169	12	39	0	116	0.40701754386
0.233128003059	0.263157894737	170	12	39	0	116	0.405594405594
0.23431025004	0.264132553606	171	12	39	0	116	0.404181184669
0.235362301846	0.265107212476	172	12	39	0	116	0.402777777778
0.235548425306	0.266081871345	173	12	39	0	116	0.401384083045
0.235574330595	0.266081871345	174	12	39	0	116	0.4
0.237517914862	0.267056530214	175	12	39	0	116	0.398625429553
0.239257854168	0.268031189084	176	12	39	0	116	0.397260273973
0.242669014585	0.269005847953	177	12	39	0	116	0.39590443686
0.243645168516	0.269980506823	178	12	39	0	116	0.394557823129
0.243983330504	0.270955165692	179	12	39	0	116	0.393220338983
0.246996147389	0.271929824561	180	12	39	0	116	0.391891891892
0.248352856218	0.272904483431	181	12	39	0	116	0.390572390572
0.253837131556	0.2738791423	182	12	39	0	116	0.389261744966
0.254541295911	0.262183235867	182	13	30	0	128	0.412903225806
0.258979806334	0.263157894737	183	13	30	0	128	0.411575562701
0.264362484678	0.263157894737	184	13	30	0	128	0.410256410256
0.267076852083	0.264132553606	185	13	30	0	128	0.408945686901
0.268077446459	0.263157894737	186	13	30	0	128	0.407643312102
0.270425394834	0.264132553606	187	13	30	0	128	0.406349206349
0.273405160014	0.265107212476	188	13	30	0	128	0.405063291139
0.274078748579	0.265107212476	189	13	30	0	128	0.403785488959
0.274195215578	0.199805068226	189	14	165	0	195	0.5078125
0.276807031419	0.200779727096	190	14	165	0	195	0.506493506494
0.276932835026	0.200779727096	191	14	165	0	195	0.50518134715
0.279598485636	0.200779727096	191	15	39	0	195	0.50518134715
0.279683908288	0.201754385965	192	15	39	0	195	0.503875968992
0.280031793817	0.202729044834	193	15	39	0	195	0.502577319588
0.28031450537	0.203703703704	194	15	39	0	195	0.501285347044
0.280457159686	0.202729044834	195	15	39	0	195	0.5
0.281638156466	0.203703703704	196	15	39	0	195	0.498721227621
0.285168802287	0.203703703704	197	15	39	0	195	0.497448979592
0.286948324416	0.204678362573	198	15	39	0	195	0.496183206107
0.291748856005	0.205653021442	199	15	39	0	195	0.494923857868
0.293059480389	0.206627680312	200	15	39	0	195	0.493670886076
0.294480116645	0.207602339181	201	15	39	0	195	0.492424242424
0.294627621271	0.208576998051	202	15	39	0	195	0.491183879093
0.295872007371	0.20955165692	203	15	39	0	195	0.489949748744
0.297717557497	0.208576998051	204	15	39	0	195	0.488721804511
0.298129423995	0.20955165692	205	15	39	0	195	0.4875
0.298713694023	0.210526315789	206	15	39	0	195	0.486284289277
0.298939868657	0.20955165692	207	15	39	0	195	0.485074626866
0.307285031112	0.20955165692	208	15	39	0	195	0.483870967742
0.308438471454	0.210526315789	209	15	39	0	195	0.482673267327
0.309711382502	0.211500974659	210	15	39	0	195	0.481481481481
0.311879821943	0.212475633528	211	15	39	0	195	0.480295566502
0.311890693628	0.213450292398	212	15	39	0	195	0.479115479115
0.312240214023	0.214424951267	213	15	39	0	195	0.477941176471
0.312269199784	0.215399610136	214	15	39	0	195	0.476772616137
0.312681876197	0.216374269006	215	15	39	0	195	0.475609756098
0.315977112042	0.217348927875	216	15	39	0	195	0.474452554745
0.3160039672	0.218323586745	217	15	39	0	195	0.473300970874
0.317290298278	0.219298245614	218	15	39	0	195	0.47215496368
0.317356700216	0.220272904483	219	15	39	0	195	0.471014492754
0.317763613531	0.220272904483	220	15	39	0	195	0.469879518072
0.320613491348	0.221247563353	221	15	39	0	195	0.46875
0.323453471147	0.222222222222	222	15	39	0	195	0.467625899281
0.325996490122	0.223196881092	223	15	39	0	195	0.466507177033
0.330664175565	0.224171539961	224	15	39	0	195	0.465393794749
0.333405181968	0.22514619883	225	15	39	0	195	0.464285714286
0.339582970959	0.2261208577	226	15	39	0	195	0.463182897862
0.339855065144	0.227095516569	227	15	39	0	195	0.462085308057
0.340652431544	0.228070175439	228	15	39	0	195	0.460992907801
0.340936032644	0.229044834308	229	15	39	0	195	0.459905660377
0.341420645702	0.230019493177	230	15	39	0	195	0.458823529412
0.34187832484	0.230994152047	231	15	39	0	195	0.457746478873
0.34577226753	0.231968810916	232	15	39	0	195	0.456674473068
0.347583649681	0.232943469786	233	15	39	0	195	0.455607476636
0.347944231266	0.224171539961	233	16	39	0	204	0.466819221968
0.348385100604	0.22514619883	234	16	39	0	204	0.465753424658
0.348576439312	0.2261208577	235	16	39	0	204	0.464692482916
0.350722861899	0.227095516569	236	16	39	0	204	0.463636363636
0.356954234597	0.227095516569	237	16	39	0	204	0.462585034014
0.357620873917	0.228070175439	238	16	39	0	204	0.461538461538
0.358047220578	0.229044834308	239	16	39	0	204	0.460496613995
0.35857566024	0.230019493177	240	16	39	0	204	0.459459459459
0.358964326278	0.228070175439	240	17	15	0	206	0.461883408072
0.35987063504	0.229044834308	241	17	15	0	206	0.460850111857
0.361590386976	0.230019493177	242	17	15	0	206	0.459821428571
0.362763160029	0.230994152047	243	17	15	0	206	0.458797327394
0.365825101276	0.231968810916	244	17	15	0	206	0.457777777778
0.366296214682	0.232943469786	245	17	15	0	206	0.456762749446
0.369733563606	0.232943469786	246	17	15	0	206	0.455752212389
0.371279195972	0.233918128655	247	17	15	0	206	0.454746136865
0.373665360184	0.234892787524	248	17	15	0	206	0.453744493392
0.377722954528	0.235867446394	249	17	15	0	206	0.452747252747
0.378858669785	0.236842105263	250	17	15	0	206	0.451754385965
0.379965021378	0.237816764133	251	17	15	0	206	0.450765864333
0.381791661124	0.236842105263	252	17	15	0	206	0.449781659389
0.383401318592	0.237816764133	253	17	15	0	206	0.448801742919
0.384177296975	0.237816764133	254	17	15	0	206	0.447826086957
0.385642871621	0.238791423002	255	17	15	0	206	0.446854663774
0.387005697097	0.239766081871	256	17	15	0	206	0.445887445887
0.388072186827	0.240740740741	257	17	15	0	206	0.444924406048
0.390277891877	0.24171539961	258	17	15	0	206	0.443965517241
0.390832993216	0.24269005848	259	17	15	0	206	0.443010752688
0.391841728994	0.243664717349	260	17	15	0	206	0.442060085837
0.391972236592	0.244639376218	261	17	15	0	206	0.441113490364
0.394324828851	0.245614035088	262	17	15	0	206	0.440170940171
0.395082844067	0.246588693957	263	17	15	0	206	0.439232409382
0.395988347729	0.24269005848	263	18	6	0	210	0.443974630021
0.396383035222	0.243664717349	264	18	6	0	210	0.443037974684
0.397288427804	0.244639376218	265	18	6	0	210	0.442105263158
0.398127812181	0.245614035088	266	18	6	0	210	0.441176470588
0.39893627628	0.245614035088	267	18	6	0	210	0.440251572327
0.399004913492	0.246588693957	268	18	6	0	210	0.439330543933
0.400347183514	0.246588693957	269	18	6	0	210	0.438413361169
0.403728331316	0.247563352827	270	18	6	0	210	0.4375
0.405718930779	0.244639376218	270	19	12	0	213	0.44099378882
0.408680230897	0.245614035088	271	19	12	0	213	0.440082644628
0.408798082171	0.246588693957	272	19	12	0	213	0.439175257732
0.409745507957	0.245614035088	273	19	12	0	213	0.438271604938
0.412646897711	0.246588693957	274	19	12	0	213	0.437371663244
0.412712894955	0.247563352827	275	19	12	0	213	0.436475409836
0.413339175885	0.248538011696	276	19	12	0	213	0.435582822086
0.413537292064	0.248538011696	277	19	12	0	213	0.434693877551
0.415107661169	0.248538011696	278	19	12	0	213	0.433808553971
0.416483255353	0.249512670565	279	19	12	0	213	0.432926829268
0.417216464372	0.250487329435	280	19	12	0	213	0.432048681542
0.419797772991	0.251461988304	281	19	12	0	213	0.431174089069
0.419993048087	0.252436647173	282	19	12	0	213	0.430303030303
0.420608251335	0.253411306043	283	19	12	0	213	0.429435483871
0.421469014798	0.254385964912	284	19	12	0	213	0.428571428571
0.422741171339	0.255360623782	285	19	12	0	213	0.427710843373
0.423100519141	0.256335282651	286	19	12	0	213	0.426853707415
0.423652008975	0.25730994152	287	19	12	0	213	0.426
0.424410341193	0.25828460039	288	19	12	0	213	0.425149700599
0.42680907424	0.259259259259	289	19	12	0	213	0.424302788845
0.427972060197	0.260233918129	290	19	12	0	213	0.423459244533
0.429152204365	0.261208576998	291	19	12	0	213	0.422619047619
0.429748278948	0.261208576998	292	19	12	0	213	0.421782178218
0.430646755222	0.262183235867	293	19	12	0	213	0.420948616601
0.43122840457	0.263157894737	294	19	12	0	213	0.420118343195
0.435542189149	0.264132553606	295	19	12	0	213	0.419291338583
0.440176377238	0.263157894737	296	19	12	0	213	0.418467583497
0.44082863047	0.264132553606	297	19	12	0	213	0.417647058824
0.441031512568	0.265107212476	298	19	12	0	213	0.416829745597
0.442054104131	0.266081871345	299	19	12	0	213	0.416015625
0.442483704761	0.267056530214	300	19	12	0	213	0.415204678363
0.443505187627	0.268031189084	301	19	12	0	213	0.41439688716
0.444251618328	0.267056530214	301	20	3	0	214	0.415533980583
0.444350158204	0.266081871345	302	20	3	0	214	0.414728682171
0.444399950111	0.267056530214	303	20	3	0	214	0.413926499033
0.447281544542	0.267056530214	304	20	3	0	214	0.413127413127
0.448431328236	0.268031189084	305	20	3	0	214	0.412331406551
0.449239872038	0.269005847953	306	20	3	0	214	0.411538461538
0.450135929504	0.269980506823	307	20	3	0	214	0.410748560461
0.451162832487	0.269005847953	308	20	3	0	214	0.409961685824
0.45138508811	0.269980506823	309	20	3	0	214	0.409177820268
0.451598092878	0.270955165692	310	20	3	0	214	0.408396946565
0.453038877139	0.270955165692	311	20	3	0	214	0.407619047619
0.453631648994	0.271929824561	312	20	3	0	214	0.406844106464
0.455286678087	0.272904483431	313	20	3	0	214	0.406072106262
0.456138561101	0.272904483431	314	20	3	0	214	0.405303030303
0.456805323113	0.2738791423	315	20	3	0	214	0.404536862004
0.459646342208	0.27485380117	316	20	3	0	214	0.403773584906
0.460660074359	0.2738791423	317	20	3	0	214	0.403013182674
0.464098234951	0.27485380117	318	20	3	0	214	0.402255639098
0.464254825956	0.2738791423	319	20	3	0	214	0.401500938086
0.465151716936	0.27485380117	320	20	3	0	214	0.40074906367
0.467172248611	0.275828460039	321	20	3	0	214	0.4
0.469343132099	0.276803118908	322	20	3	0	214	0.399253731343
0.471400010604	0.277777777778	323	20	3	0	214	0.398510242086
0.47153074053	0.278752436647	324	20	3	0	214	0.397769516729
0.471843772987	0.278752436647	325	20	3	0	214	0.397031539889
0.471872971388	0.278752436647	326	20	3	0	214	0.396296296296
0.471996400749	0.279727095517	327	20	3	0	214	0.395563770795
0.473726737453	0.280701754386	328	20	3	0	214	0.394833948339
0.474468827932	0.281676413255	329	20	3	0	214	0.394106813996
0.478418527839	0.282651072125	330	20	3	0	214	0.393382352941
0.479594599167	0.282651072125	331	20	3	0	214	0.392660550459
0.481168846901	0.264132553606	331	21	90	0	233	0.413120567376
0.48160780841	0.265107212476	332	21	90	0	233	0.412389380531
0.482563416969	0.266081871345	333	21	90	0	233	0.411660777385
0.483018377478	0.267056530214	334	21	90	0	233	0.410934744268
0.484148126517	0.268031189084	335	21	90	0	233	0.410211267606
0.486950316994	0.269005847953	336	21	90	0	233	0.409490333919
0.487554312662	0.269980506823	337	21	90	0	233	0.408771929825
0.490589631275	0.270955165692	338	21	90	0	233	0.408056042032
0.491755993935	0.271929824561	339	21	90	0	233	0.407342657343
0.492717578977	0.272904483431	340	21	90	0	233	0.406631762653
0.495352053455	0.266081871345	340	22	33	0	240	0.413793103448
0.496823543338	0.266081871345	341	22	33	0	240	0.413080895009
0.496985259892	0.267056530214	342	22	33	0	240	0.412371134021
0.497912059743	0.266081871345	343	22	33	0	240	0.41166380789
0.499108597028	0.267056530214	344	22	33	0	240	0.41095890411
0.50041748552	0.268031189084	345	22	33	0	240	0.410256410256
0.502070704894	0.269005847953	346	22	33	0	240	0.409556313993
0.504754214487	0.268031189084	347	22	33	0	240	0.408858603066
0.506266911559	0.267056530214	348	22	33	0	240	0.408163265306
0.507944418321	0.268031189084	349	22	33	0	240	0.407470288625
0.508553719409	0.269005847953	350	22	33	0	240	0.406779661017
0.509472334231	0.269980506823	351	22	33	0	240	0.406091370558
0.510069412334	0.270955165692	352	22	33	0	240	0.405405405405
0.510990471312	0.271929824561	353	22	33	0	240	0.404721753794
0.511032444993	0.269005847953	353	23	6	0	243	0.407718120805
0.513538038222	0.269005847953	354	23	6	0	243	0.407035175879
0.516360823997	0.269980506823	355	23	6	0	243	0.40635451505
0.516502221456	0.270955165692	356	23	6	0	243	0.405676126878
0.517371777639	0.271929824561	357	23	6	0	243	0.405
0.518463686041	0.272904483431	358	23	6	0	243	0.404326123128
0.520305932676	0.263157894737	358	24	27	0	253	0.414075286416
0.522203145321	0.264132553606	359	24	27	0	253	0.41339869281
0.522355300507	0.265107212476	360	24	27	0	253	0.412724306688
0.522531636546	0.266081871345	361	24	27	0	253	0.412052117264
0.522859195304	0.245614035088	361	25	69	0	274	0.431496062992
0.529127930147	0.246588693957	362	25	69	0	274	0.430817610063
0.530558282909	0.246588693957	363	25	69	0	274	0.430141287284
0.531302614623	0.246588693957	364	25	69	0	274	0.429467084639
0.531552405555	0.247563352827	365	25	69	0	274	0.428794992175
0.532967503024	0.248538011696	366	25	69	0	274	0.428125
0.53645486427	0.249512670565	367	25	69	0	274	0.427457098284
0.538282701564	0.250487329435	368	25	69	0	274	0.426791277259
0.54075805145	0.251461988304	369	25	69	0	274	0.426127527216
0.543402923743	0.252436647173	370	25	69	0	274	0.425465838509
0.54552483666	0.253411306043	371	25	69	0	274	0.42480620155
0.545632780237	0.254385964912	372	25	69	0	274	0.424148606811
0.547644021906	0.255360623782	373	25	69	0	274	0.423493044822
0.548192621972	0.256335282651	374	25	69	0	274	0.422839506173
0.548566195479	0.25730994152	375	25	69	0	274	0.42218798151
0.553467210353	0.25730994152	376	25	69	0	274	0.421538461538
0.55369210995	0.25828460039	377	25	69	0	274	0.42089093702
0.55547918526	0.25828460039	378	25	69	0	274	0.420245398773
0.556428967846	0.25730994152	379	25	69	0	274	0.419601837672
0.557207110783	0.25828460039	380	25	69	0	274	0.418960244648
0.55746749439	0.259259259259	381	25	69	0	274	0.418320610687
0.558336656898	0.260233918129	382	25	69	0	274	0.417682926829
0.559277892018	0.259259259259	383	25	69	0	274	0.41704718417
0.560074928777	0.260233918129	384	25	69	0	274	0.41641337386
0.563388049089	0.261208576998	385	25	69	0	274	0.415781487102
0.563397958206	0.262183235867	386	25	69	0	274	0.415151515152
0.564740348822	0.263157894737	387	25	69	0	274	0.414523449319
0.565351722991	0.263157894737	388	25	69	0	274	0.413897280967
0.565569171767	0.264132553606	389	25	69	0	274	0.413273001508
0.56567063374	0.265107212476	390	25	69	0	274	0.41265060241
0.566098721314	0.266081871345	391	25	69	0	274	0.412030075188
0.56659274658	0.267056530214	392	25	69	0	274	0.411411411411
0.566600612625	0.266081871345	393	25	69	0	274	0.410794602699
0.56950143193	0.267056530214	394	25	69	0	274	0.410179640719
0.572289877944	0.268031189084	395	25	69	0	274	0.40956651719
0.572401010976	0.269005847953	396	25	69	0	274	0.408955223881
0.573498311318	0.268031189084	397	25	69	0	274	0.408345752608
0.573588662993	0.269005847953	398	25	69	0	274	0.407738095238
0.574247677162	0.268031189084	399	25	69	0	274	0.407132243685
0.575333309413	0.269005847953	400	25	69	0	274	0.406528189911
0.577374555489	0.269980506823	401	25	69	0	274	0.405925925926
0.5798903256	0.270955165692	402	25	69	0	274	0.405325443787
0.582797330255	0.271929824561	403	25	69	0	274	0.404726735598
0.586024807476	0.272904483431	404	25	69	0	274	0.40412979351
0.587880846638	0.2738791423	405	25	69	0	274	0.40353460972
0.588195871872	0.27485380117	406	25	69	0	274	0.402941176471
0.589017922136	0.275828460039	407	25	69	0	274	0.40234948605
0.589569602598	0.275828460039	408	25	69	0	274	0.401759530792
0.589643704853	0.276803118908	409	25	69	0	274	0.401171303075
0.59049870216	0.277777777778	410	25	69	0	274	0.400584795322
0.593208898792	0.278752436647	411	25	69	0	274	0.4
0.593879388362	0.279727095517	412	25	69	0	274	0.399416909621
0.5941012573	0.278752436647	413	25	69	0	274	0.398835516739
0.600101288719	0.278752436647	414	25	69	0	274	0.398255813953
0.600117126901	0.279727095517	415	25	69	0	274	0.397677793904
0.600350241379	0.280701754386	416	25	69	0	274	0.397101449275
0.60047261545	0.281676413255	417	25	69	0	274	0.396526772793
0.60070551366	0.282651072125	418	25	69	0	274	0.395953757225
0.604913776316	0.283625730994	419	25	69	0	274	0.395382395382
0.605731993381	0.282651072125	420	25	69	0	274	0.394812680115
0.607005601242	0.283625730994	421	25	69	0	274	0.394244604317
0.610391060205	0.284600389864	422	25	69	0	274	0.39367816092
0.613011298475	0.283625730994	423	25	69	0	274	0.393113342898
0.61540786529	0.284600389864	424	25	69	0	274	0.392550143266
0.615407896462	0.285575048733	425	25	69	0	274	0.391988555079
0.617815611387	0.286549707602	426	25	69	0	274	0.391428571429
0.618387253857	0.285575048733	427	25	69	0	274	0.390870185449
0.620157541093	0.286549707602	428	25	69	0	274	0.390313390313
0.622539557665	0.287524366472	429	25	69	0	274	0.389758179232
0.626428605068	0.287524366472	430	25	69	0	274	0.389204545455
0.626464612804	0.284600389864	430	26	6	0	277	0.391796322489
0.626686249746	0.285575048733	431	26	6	0	277	0.391242937853
0.627129243577	0.286549707602	432	26	6	0	277	0.390691114245
0.627313118479	0.287524366472	433	26	6	0	277	0.39014084507
0.628087309522	0.288499025341	434	26	6	0	277	0.389592123769
0.631283108477	0.288499025341	435	26	6	0	277	0.38904494382
0.632709272051	0.253411306043	435	27	63	0	313	0.418449197861
0.633078603015	0.249512670565	435	28	9	0	317	0.421542553191
0.633991335284	0.250487329435	436	28	9	0	317	0.420982735724
0.635061839745	0.251461988304	437	28	9	0	317	0.420424403183
0.635733415503	0.252436647173	438	28	9	0	317	0.419867549669
0.636624945622	0.253411306043	439	28	9	0	317	0.419312169312
0.638592604759	0.254385964912	440	28	9	0	317	0.418758256275
0.639939595771	0.255360623782	441	28	9	0	317	0.418205804749
0.642184393032	0.256335282651	442	28	9	0	317	0.417654808959
0.642256739223	0.255360623782	443	28	9	0	317	0.417105263158
0.642672517123	0.255360623782	444	28	9	0	317	0.416557161629
0.645071820992	0.254385964912	445	28	9	0	317	0.416010498688
0.645454147581	0.254385964912	446	28	9	0	317	0.415465268676
0.647139969547	0.255360623782	447	28	9	0	317	0.414921465969
0.649072245473	0.244639376218	447	29	84	0	328	0.423225806452
0.649878058725	0.245614035088	448	29	84	0	328	0.422680412371
0.650386226641	0.246588693957	449	29	84	0	328	0.422136422136
0.650684822634	0.247563352827	450	29	84	0	328	0.421593830334
0.650718532299	0.248538011696	451	29	84	0	328	0.421052631579
0.651057291341	0.249512670565	452	29	84	0	328	0.420512820513
0.652468355593	0.250487329435	453	29	84	0	328	0.419974391805
0.653844390587	0.250487329435	454	29	84	0	328	0.419437340153
0.654328067985	0.250487329435	455	29	84	0	328	0.418901660281
0.654824150545	0.250487329435	456	29	84	0	328	0.418367346939
0.658090830695	0.251461988304	457	29	84	0	328	0.417834394904
0.658447338964	0.24171539961	457	30	36	0	338	0.425157232704
0.661292667739	0.24269005848	458	30	36	0	338	0.424623115578
0.661710490718	0.243664717349	459	30	36	0	338	0.42409033877
0.667263367707	0.244639376218	460	30	36	0	338	0.423558897243
0.66765695648	0.243664717349	461	30	36	0	338	0.423028785982
0.671018638381	0.244639376218	462	30	36	0	338	0.4225
0.67553505214	0.214424951267	462	31	225	0	369	0.4440433213
0.676951899498	0.215399610136	463	31	225	0	369	0.443509615385
0.676957168064	0.215399610136	464	31	225	0	369	0.442977190876
0.67703572621	0.215399610136	464	32	9	0	369	0.442977190876
0.677569537692	0.216374269006	465	32	9	0	369	0.442446043165
0.678082734245	0.217348927875	466	32	9	0	369	0.441916167665
0.678606911488	0.218323586745	467	32	9	0	369	0.441387559809
0.681748878619	0.218323586745	468	32	9	0	369	0.440860215054
0.682529926019	0.219298245614	469	32	9	0	369	0.440334128878
0.682800843947	0.220272904483	470	32	9	0	369	0.439809296782
0.683005367688	0.220272904483	471	32	9	0	369	0.439285714286
0.683497987669	0.220272904483	472	32	9	0	369	0.438763376932
0.684510432944	0.220272904483	473	32	9	0	369	0.438242280285
0.685785550839	0.221247563353	474	32	9	0	369	0.437722419929
0.685962173091	0.221247563353	475	32	9	0	369	0.437203791469
0.686559792754	0.222222222222	476	32	9	0	369	0.436686390533
0.687336895798	0.223196881092	477	32	9	0	369	0.436170212766
0.688403271373	0.224171539961	478	32	9	0	369	0.435655253837
0.688884983566	0.22514619883	479	32	9	0	369	0.435141509434
0.689712185287	0.2261208577	480	32	9	0	369	0.434628975265
