# time 	 divergence 	 # of mutations 	 # IGC chances 	 IGC length 	 # IGC failures 	 Changes due to IGC  	 % change due to IGC 
0.0	0.339784946237	0	0	0	0	0	0.0
5.0570686415e-05	0.339784946237	1	0	0	0	0	0.0
0.00290897304326	0.340860215054	2	0	0	0	0	0.0
0.00301377479691	0.341935483871	3	0	0	0	0	0.0
0.00302423845665	0.343010752688	4	0	0	0	0	0.0
0.00317809176496	0.343010752688	5	0	0	0	0	0.0
0.00711082730018	0.344086021505	6	0	0	0	0	0.0
0.00830578117027	0.343010752688	7	0	0	0	0	0.0
0.012404376899	0.344086021505	8	0	0	0	0	0.0
0.0142123394819	0.345161290323	9	0	0	0	0	0.0
0.0162875860973	0.34623655914	10	0	0	0	0	0.0
0.0171706055275	0.347311827957	11	0	0	0	0	0.0
0.0236609951509	0.34623655914	12	0	0	0	0	0.0
0.0237806948515	0.34623655914	13	0	0	0	0	0.0
0.0283177388557	0.347311827957	14	0	0	0	0	0.0
0.0321544526028	0.347311827957	15	0	0	0	0	0.0
0.0337637984405	0.348387096774	16	0	0	0	0	0.0
0.0341826561194	0.349462365591	17	0	0	0	0	0.0
0.0415488566804	0.349462365591	18	0	0	0	0	0.0
0.0429178821119	0.350537634409	19	0	0	0	0	0.0
0.0442987048537	0.351612903226	20	0	0	0	0	0.0
0.0444075411285	0.352688172043	21	0	0	0	0	0.0
0.0468671120058	0.352688172043	22	0	0	0	0	0.0
0.0477967574235	0.35376344086	23	0	0	0	0	0.0
0.0480184821902	0.354838709677	24	0	0	0	0	0.0
0.0502477847308	0.354838709677	25	0	0	0	0	0.0
0.050815100755	0.354838709677	26	0	0	0	0	0.0
0.0536890723113	0.355913978495	27	0	0	0	0	0.0
0.0544184000431	0.356989247312	28	0	0	0	0	0.0
0.0555338692314	0.358064516129	29	0	0	0	0	0.0
0.0609351021073	0.359139784946	30	0	0	0	0	0.0
0.0615187296115	0.360215053763	31	0	0	0	0	0.0
0.0628666690635	0.360215053763	32	0	0	0	0	0.0
0.0656722575147	0.361290322581	33	0	0	0	0	0.0
0.0661412488769	0.362365591398	34	0	0	0	0	0.0
0.0670870781352	0.362365591398	35	0	0	0	0	0.0
0.0689028488411	0.363440860215	36	0	0	0	0	0.0
0.0696552495393	0.363440860215	37	0	0	0	0	0.0
0.0700394827281	0.364516129032	38	0	0	0	0	0.0
0.0725383033382	0.363440860215	39	0	0	0	0	0.0
0.0779244146983	0.364516129032	40	0	0	0	0	0.0
0.0814507988878	0.364516129032	41	0	0	0	0	0.0
0.0815855392727	0.364516129032	42	0	0	0	0	0.0
0.0830158524117	0.364516129032	43	0	0	0	0	0.0
0.0849172557833	0.365591397849	44	0	0	0	0	0.0
0.0862377858062	0.366666666667	45	0	0	0	0	0.0
0.0862595037197	0.366666666667	46	0	0	0	0	0.0
0.0868218210293	0.365591397849	47	0	0	0	0	0.0
0.0869303400577	0.365591397849	48	0	0	0	0	0.0
0.0873483037327	0.366666666667	49	0	0	0	0	0.0
0.088053449299	0.366666666667	50	0	0	0	0	0.0
0.0906738796281	0.367741935484	51	0	0	0	0	0.0
0.0959226452551	0.366666666667	52	0	0	0	0	0.0
0.0978650075131	0.365591397849	53	0	0	0	0	0.0
0.100224100029	0.366666666667	54	0	0	0	0	0.0
0.102858238865	0.366666666667	55	0	0	0	0	0.0
0.105741453093	0.367741935484	56	0	0	0	0	0.0
0.106007891626	0.368817204301	57	0	0	0	0	0.0
0.107971195931	0.369892473118	58	0	0	0	0	0.0
0.108088906551	0.370967741935	59	0	0	0	0	0.0
0.108816563348	0.370967741935	60	0	0	0	0	0.0
0.110923285351	0.372043010753	61	0	0	0	0	0.0
0.113219239139	0.370967741935	62	0	0	0	0	0.0
0.113616528976	0.372043010753	63	0	0	0	0	0.0
0.114662219247	0.370967741935	64	0	0	0	0	0.0
0.114913242953	0.372043010753	65	0	0	0	0	0.0
0.120538547868	0.372043010753	66	0	0	0	0	0.0
0.124591040935	0.372043010753	67	0	0	0	0	0.0
0.125192826722	0.372043010753	68	0	0	0	0	0.0
0.12943986671	0.370967741935	69	0	0	0	0	0.0
0.132362469672	0.372043010753	70	0	0	0	0	0.0
0.132584294246	0.372043010753	71	0	0	0	0	0.0
0.133195549045	0.370967741935	72	0	0	0	0	0.0
0.133309570255	0.372043010753	73	0	0	0	0	0.0
0.133846642763	0.37311827957	74	0	0	0	0	0.0
0.134819791387	0.374193548387	75	0	0	0	0	0.0
0.135130873457	0.375268817204	76	0	0	0	0	0.0
0.138780783739	0.376344086022	77	0	0	0	0	0.0
0.141315153162	0.375268817204	78	0	0	0	0	0.0
0.142089400224	0.376344086022	79	0	0	0	0	0.0
0.142310451691	0.376344086022	80	0	0	0	0	0.0
0.143506808487	0.376344086022	81	0	0	0	0	0.0
0.144640211219	0.376344086022	82	0	0	0	0	0.0
0.145060793364	0.377419354839	83	0	0	0	0	0.0
0.145741127644	0.378494623656	84	0	0	0	0	0.0
0.146051579167	0.379569892473	85	0	0	0	0	0.0
0.146182890859	0.379569892473	86	0	0	0	0	0.0
0.149311650111	0.378494623656	87	0	0	0	0	0.0
0.151337578477	0.379569892473	88	0	0	0	0	0.0
0.15158380313	0.38064516129	89	0	0	0	0	0.0
0.151812591859	0.381720430108	90	0	0	0	0	0.0
0.153539284484	0.382795698925	91	0	0	0	0	0.0
0.154353193021	0.383870967742	92	0	0	0	0	0.0
0.157450769724	0.383870967742	93	0	0	0	0	0.0
0.158793146448	0.384946236559	94	0	0	0	0	0.0
0.158977556209	0.384946236559	95	0	0	0	0	0.0
0.162127310824	0.384946236559	96	0	0	0	0	0.0
0.164594979309	0.386021505376	97	0	0	0	0	0.0
0.16479553275	0.386021505376	98	0	0	0	0	0.0
0.165130616773	0.384946236559	99	0	0	0	0	0.0
0.165314008748	0.386021505376	100	0	0	0	0	0.0
0.165542084918	0.386021505376	101	0	0	0	0	0.0
0.167858291629	0.386021505376	102	0	0	0	0	0.0
0.168358947982	0.386021505376	103	0	0	0	0	0.0
0.171495035467	0.387096774194	104	0	0	0	0	0.0
0.172213168305	0.388172043011	105	0	0	0	0	0.0
0.173744032342	0.389247311828	106	0	0	0	0	0.0
0.174159767684	0.389247311828	107	0	0	0	0	0.0
0.175490060304	0.389247311828	108	0	0	0	0	0.0
0.176350919901	0.390322580645	109	0	0	0	0	0.0
0.181323006083	0.391397849462	110	0	0	0	0	0.0
0.182445828956	0.391397849462	111	0	0	0	0	0.0
0.182471245623	0.39247311828	112	0	0	0	0	0.0
0.18442058433	0.39247311828	113	0	0	0	0	0.0
0.185971687733	0.393548387097	114	0	0	0	0	0.0
0.186058104844	0.393548387097	115	0	0	0	0	0.0
0.186203962249	0.394623655914	116	0	0	0	0	0.0
0.18796979178	0.394623655914	117	0	0	0	0	0.0
0.190935284205	0.394623655914	118	0	0	0	0	0.0
0.195464469892	0.395698924731	119	0	0	0	0	0.0
0.199622608718	0.396774193548	120	0	0	0	0	0.0
0.199810183996	0.396774193548	121	0	0	0	0	0.0
0.202394066533	0.395698924731	122	0	0	0	0	0.0
0.204138034298	0.396774193548	123	0	0	0	0	0.0
0.204285853369	0.397849462366	124	0	0	0	0	0.0
0.205346666477	0.398924731183	125	0	0	0	0	0.0
0.206829844054	0.4	126	0	0	0	0	0.0
0.209504980034	0.401075268817	127	0	0	0	0	0.0
0.209553664483	0.4	128	0	0	0	0	0.0
0.210801323022	0.398924731183	129	0	0	0	0	0.0
0.211699480962	0.4	130	0	0	0	0	0.0
0.213757942471	0.401075268817	131	0	0	0	0	0.0
0.214267759956	0.401075268817	132	0	0	0	0	0.0
0.215658542976	0.402150537634	133	0	0	0	0	0.0
0.215765078289	0.402150537634	134	0	0	0	0	0.0
0.216287148094	0.402150537634	135	0	0	0	0	0.0
0.219380843202	0.403225806452	136	0	0	0	0	0.0
0.220044213373	0.403225806452	137	0	0	0	0	0.0
0.226048358536	0.404301075269	138	0	0	0	0	0.0
0.2263460112	0.405376344086	139	0	0	0	0	0.0
0.226694137043	0.404301075269	140	0	0	0	0	0.0
0.227780133985	0.405376344086	141	0	0	0	0	0.0
0.228470108866	0.406451612903	142	0	0	0	0	0.0
0.230474811893	0.40752688172	143	0	0	0	0	0.0
0.232421348074	0.40752688172	144	0	0	0	0	0.0
0.233773792337	0.40752688172	145	0	0	0	0	0.0
0.23419074643	0.40752688172	146	0	0	0	0	0.0
0.234578198481	0.408602150538	147	0	0	0	0	0.0
0.23989262228	0.408602150538	148	0	0	0	0	0.0
0.239899657	0.408602150538	149	0	0	0	0	0.0
0.244065693236	0.409677419355	150	0	0	0	0	0.0
0.245785356207	0.410752688172	151	0	0	0	0	0.0
0.24588593366	0.411827956989	152	0	0	0	0	0.0
0.24686553387	0.410752688172	153	0	0	0	0	0.0
0.247430214548	0.410752688172	154	0	0	0	0	0.0
0.247574117528	0.410752688172	155	0	0	0	0	0.0
0.248198030652	0.410752688172	156	0	0	0	0	0.0
0.252199090776	0.411827956989	157	0	0	0	0	0.0
0.253683297346	0.412903225806	158	0	0	0	0	0.0
0.258576462228	0.411827956989	159	0	0	0	0	0.0
0.259577312865	0.412903225806	160	0	0	0	0	0.0
0.260313016606	0.413978494624	161	0	0	0	0	0.0
0.263565013119	0.413978494624	162	0	0	0	0	0.0
0.263690377508	0.415053763441	163	0	0	0	0	0.0
0.264898209831	0.415053763441	164	0	0	0	0	0.0
0.265668464688	0.416129032258	165	0	0	0	0	0.0
0.266216877005	0.415053763441	166	0	0	0	0	0.0
0.266905507618	0.413978494624	167	0	0	0	0	0.0
0.268469887047	0.413978494624	168	0	0	0	0	0.0
0.269336966106	0.415053763441	169	0	0	0	0	0.0
0.2703330727	0.415053763441	170	0	0	0	0	0.0
0.273958185172	0.413978494624	171	0	0	0	0	0.0
0.276043993941	0.415053763441	172	0	0	0	0	0.0
0.276292815689	0.413978494624	173	0	0	0	0	0.0
0.277794388872	0.412903225806	174	0	0	0	0	0.0
0.278033172967	0.412903225806	175	0	0	0	0	0.0
0.278351043845	0.412903225806	176	0	0	0	0	0.0
0.28109406378	0.412903225806	177	0	0	0	0	0.0
0.281777566951	0.412903225806	178	0	0	0	0	0.0
0.286375386074	0.413978494624	179	0	0	0	0	0.0
0.287051540476	0.415053763441	180	0	0	0	0	0.0
0.289511507329	0.416129032258	181	0	0	0	0	0.0
0.289949971407	0.417204301075	182	0	0	0	0	0.0
0.290903264962	0.418279569892	183	0	0	0	0	0.0
0.291109818143	0.41935483871	184	0	0	0	0	0.0
0.29165367938	0.41935483871	185	0	0	0	0	0.0
0.292145825541	0.41935483871	186	0	0	0	0	0.0
0.292195277765	0.420430107527	187	0	0	0	0	0.0
0.293580910801	0.421505376344	188	0	0	0	0	0.0
0.296513798133	0.422580645161	189	0	0	0	0	0.0
0.297006199205	0.423655913978	190	0	0	0	0	0.0
0.297461976786	0.424731182796	191	0	0	0	0	0.0
0.297677400893	0.423655913978	192	0	0	0	0	0.0
0.298097263868	0.424731182796	193	0	0	0	0	0.0
0.299096039318	0.424731182796	194	0	0	0	0	0.0
0.301320562414	0.423655913978	195	0	0	0	0	0.0
0.301682112679	0.424731182796	196	0	0	0	0	0.0
0.301814385717	0.423655913978	197	0	0	0	0	0.0
0.303382850265	0.409677419355	197	1	24	0	13	0.0619047619048
0.30729571349	0.408602150538	198	1	24	0	13	0.0616113744076
0.308063774428	0.409677419355	199	1	24	0	13	0.061320754717
0.310934275143	0.409677419355	200	1	24	0	13	0.0610328638498
0.311018692319	0.410752688172	201	1	24	0	13	0.0607476635514
0.312581293769	0.410752688172	202	1	24	0	13	0.0604651162791
0.31325105882	0.411827956989	203	1	24	0	13	0.0601851851852
0.314704968645	0.412903225806	204	1	24	0	13	0.0599078341014
0.31549944781	0.413978494624	205	1	24	0	13	0.0596330275229
0.316601148821	0.415053763441	206	1	24	0	13	0.0593607305936
0.318227748375	0.415053763441	207	1	24	0	13	0.0590909090909
0.321903865123	0.415053763441	208	1	24	0	13	0.0588235294118
0.32291030029	0.416129032258	209	1	24	0	13	0.0585585585586
0.323183729602	0.417204301075	210	1	24	0	13	0.0582959641256
0.328029201107	0.418279569892	211	1	24	0	13	0.0580357142857
0.330100089655	0.418279569892	212	1	24	0	13	0.0577777777778
0.336068670814	0.41935483871	213	1	24	0	13	0.0575221238938
0.336406997478	0.420430107527	214	1	24	0	13	0.057268722467
0.341835886661	0.421505376344	215	1	24	0	13	0.0570175438596
0.347732257496	0.422580645161	216	1	24	0	13	0.056768558952
0.347980399575	0.423655913978	217	1	24	0	13	0.0565217391304
0.349223320417	0.423655913978	218	1	24	0	13	0.0562770562771
0.351146850928	0.424731182796	219	1	24	0	13	0.0560344827586
0.351571160112	0.425806451613	220	1	24	0	13	0.0557939914163
0.354069990921	0.425806451613	221	1	24	0	13	0.0555555555556
0.354371678661	0.42688172043	222	1	24	0	13	0.0553191489362
0.354400588933	0.425806451613	223	1	24	0	13	0.0550847457627
0.354598175414	0.424731182796	224	1	24	0	13	0.0548523206751
0.357366272239	0.424731182796	225	1	24	0	13	0.0546218487395
0.362183677204	0.423655913978	226	1	24	0	13	0.0543933054393
0.363823743614	0.424731182796	227	1	24	0	13	0.0541666666667
0.365073301342	0.424731182796	228	1	24	0	13	0.0539419087137
0.366534714648	0.425806451613	229	1	24	0	13	0.0537190082645
0.367889269112	0.425806451613	230	1	24	0	13	0.0534979423868
0.373603548964	0.42688172043	231	1	24	0	13	0.0532786885246
0.374293027589	0.427956989247	232	1	24	0	13	0.0530612244898
0.375774521645	0.427956989247	233	1	24	0	13	0.0528455284553
0.376927919288	0.429032258065	234	1	24	0	13	0.0526315789474
0.380011080688	0.430107526882	235	1	24	0	13	0.0524193548387
0.381606063739	0.431182795699	236	1	24	0	13	0.0522088353414
0.385838348538	0.432258064516	237	1	24	0	13	0.052
0.393793266967	0.431182795699	238	1	24	0	13	0.0517928286853
0.394379988236	0.430107526882	239	1	24	0	13	0.0515873015873
0.394660730185	0.431182795699	240	1	24	0	13	0.0513833992095
0.395379947308	0.431182795699	241	1	24	0	13	0.0511811023622
0.397459780755	0.432258064516	242	1	24	0	13	0.0509803921569
0.397520577538	0.433333333333	243	1	24	0	13	0.05078125
0.39752478359	0.434408602151	244	1	24	0	13	0.0505836575875
0.398543234923	0.435483870968	245	1	24	0	13	0.0503875968992
0.401125079767	0.434408602151	246	1	24	0	13	0.0501930501931
0.403263932123	0.434408602151	247	1	24	0	13	0.05
0.406488851048	0.435483870968	248	1	24	0	13	0.0498084291188
0.406633226172	0.435483870968	249	1	24	0	13	0.0496183206107
0.407603230147	0.436559139785	250	1	24	0	13	0.0494296577947
0.410639321747	0.436559139785	251	1	24	0	13	0.0492424242424
0.412854764463	0.436559139785	252	1	24	0	13	0.0490566037736
0.414117218473	0.435483870968	253	1	24	0	13	0.0488721804511
0.414375233386	0.435483870968	254	1	24	0	13	0.0486891385768
0.415546847629	0.436559139785	255	1	24	0	13	0.0485074626866
0.416404036368	0.435483870968	256	1	24	0	13	0.0483271375465
0.41730251654	0.435483870968	257	1	24	0	13	0.0481481481481
0.418329519778	0.435483870968	258	1	24	0	13	0.0479704797048
0.419637037331	0.436559139785	259	1	24	0	13	0.0477941176471
0.420699942788	0.437634408602	260	1	24	0	13	0.047619047619
0.422059421161	0.437634408602	261	1	24	0	13	0.0474452554745
0.422644983497	0.438709677419	262	1	24	0	13	0.0472727272727
0.424561235626	0.439784946237	263	1	24	0	13	0.0471014492754
0.424953397263	0.438709677419	264	1	24	0	13	0.0469314079422
0.42588418552	0.439784946237	265	1	24	0	13	0.0467625899281
0.427948741633	0.438709677419	266	1	24	0	13	0.0465949820789
