# time 	 divergence 	 # of mutations 	 # IGC chances 	 IGC length 	 # IGC failures 	 Changes due to IGC  	 % change due to IGC 
0.0	0.394623655914	0	0	0	0	0	0.0
0.00176435388193	0.395698924731	1	0	0	0	0	0.0
0.00358559944554	0.394623655914	2	0	0	0	0	0.0
0.00451817797521	0.384946236559	2	1	21	0	9	0.818181818182
0.0078169026234	0.386021505376	3	1	21	0	9	0.75
0.0103626510991	0.387096774194	4	1	21	0	9	0.692307692308
0.0153408541661	0.387096774194	5	1	21	0	9	0.642857142857
0.0174031266432	0.388172043011	6	1	21	0	9	0.6
0.0191218854563	0.389247311828	7	1	21	0	9	0.5625
0.0208019431452	0.390322580645	8	1	21	0	9	0.529411764706
0.0237721212694	0.389247311828	9	1	21	0	9	0.5
0.0251753021404	0.390322580645	10	1	21	0	9	0.473684210526
0.0253358985322	0.391397849462	11	1	21	0	9	0.45
0.0255751090979	0.39247311828	12	1	21	0	9	0.428571428571
0.0263726184834	0.393548387097	13	1	21	0	9	0.409090909091
0.0269517612654	0.394623655914	14	1	21	0	9	0.391304347826
0.0286384073782	0.393548387097	15	1	21	0	9	0.375
0.031654175308	0.393548387097	16	1	21	0	9	0.36
0.0324158264189	0.394623655914	17	1	21	0	9	0.346153846154
0.0340929977626	0.393548387097	18	1	21	0	9	0.333333333333
0.0347397198092	0.393548387097	19	1	21	0	9	0.321428571429
0.0355064204136	0.39247311828	20	1	21	0	9	0.310344827586
0.0357624811903	0.39247311828	21	1	21	0	9	0.3
0.0359605436521	0.393548387097	22	1	21	0	9	0.290322580645
0.0390833112552	0.394623655914	23	1	21	0	9	0.28125
0.0413924218295	0.394623655914	24	1	21	0	9	0.272727272727
0.0419539447909	0.395698924731	25	1	21	0	9	0.264705882353
0.0439158889411	0.396774193548	26	1	21	0	9	0.257142857143
0.0443464980025	0.395698924731	27	1	21	0	9	0.25
0.0446837157069	0.396774193548	28	1	21	0	9	0.243243243243
0.0461410226368	0.397849462366	29	1	21	0	9	0.236842105263
0.0469831377803	0.398924731183	30	1	21	0	9	0.230769230769
0.0497405602236	0.397849462366	31	1	21	0	9	0.225
0.0516688293143	0.397849462366	32	1	21	0	9	0.219512195122
0.0525178583062	0.398924731183	33	1	21	0	9	0.214285714286
0.0532328839833	0.4	34	1	21	0	9	0.209302325581
0.0539459863272	0.4	35	1	21	0	9	0.204545454545
0.054994942076	0.4	36	1	21	0	9	0.2
0.0581537147678	0.401075268817	37	1	21	0	9	0.195652173913
0.0582625456141	0.401075268817	38	1	21	0	9	0.191489361702
0.0592954146083	0.402150537634	39	1	21	0	9	0.1875
0.0641315255336	0.403225806452	40	1	21	0	9	0.183673469388
0.0650152443273	0.402150537634	41	1	21	0	9	0.18
0.065612080526	0.401075268817	42	1	21	0	9	0.176470588235
0.0657232361536	0.401075268817	43	1	21	0	9	0.173076923077
0.0659803398408	0.402150537634	44	1	21	0	9	0.169811320755
0.0672130433987	0.403225806452	45	1	21	0	9	0.166666666667
0.0693107079578	0.404301075269	46	1	21	0	9	0.163636363636
0.070397543088	0.403225806452	47	1	21	0	9	0.160714285714
0.0712846603818	0.404301075269	48	1	21	0	9	0.157894736842
0.0715508861502	0.405376344086	49	1	21	0	9	0.155172413793
0.0715764561932	0.406451612903	50	1	21	0	9	0.152542372881
0.0718710690488	0.40752688172	51	1	21	0	9	0.15
0.0719930949296	0.406451612903	52	1	21	0	9	0.147540983607
0.0728122603198	0.40752688172	53	1	21	0	9	0.145161290323
0.0765071614776	0.408602150538	54	1	21	0	9	0.142857142857
0.0776730998434	0.409677419355	55	1	21	0	9	0.140625
0.07980048084	0.410752688172	56	1	21	0	9	0.138461538462
0.0798979690417	0.411827956989	57	1	21	0	9	0.136363636364
0.080904946898	0.412903225806	58	1	21	0	9	0.134328358209
0.0837764953387	0.413978494624	59	1	21	0	9	0.132352941176
0.0847881529574	0.413978494624	60	1	21	0	9	0.130434782609
0.0850569291595	0.413978494624	61	1	21	0	9	0.128571428571
0.0859845511959	0.412903225806	62	1	21	0	9	0.12676056338
0.0864248136067	0.413978494624	63	1	21	0	9	0.125
0.0869851511953	0.413978494624	64	1	21	0	9	0.123287671233
0.0872610854122	0.415053763441	65	1	21	0	9	0.121621621622
0.0872911926375	0.416129032258	66	1	21	0	9	0.12
0.0889738189595	0.415053763441	67	1	21	0	9	0.118421052632
0.0924735081704	0.416129032258	68	1	21	0	9	0.116883116883
0.093776761393	0.415053763441	69	1	21	0	9	0.115384615385
0.0941320926507	0.415053763441	70	1	21	0	9	0.113924050633
0.0972570900193	0.415053763441	71	1	21	0	9	0.1125
0.0980423127601	0.415053763441	72	1	21	0	9	0.111111111111
0.101942081403	0.416129032258	73	1	21	0	9	0.109756097561
0.10301749424	0.417204301075	74	1	21	0	9	0.10843373494
0.104558664192	0.417204301075	75	1	21	0	9	0.107142857143
0.105422999905	0.418279569892	76	1	21	0	9	0.105882352941
0.10557582086	0.418279569892	77	1	21	0	9	0.104651162791
0.108316452094	0.41935483871	78	1	21	0	9	0.103448275862
0.10963454021	0.418279569892	79	1	21	0	9	0.102272727273
0.110894109479	0.41935483871	80	1	21	0	9	0.101123595506
0.111105918951	0.420430107527	81	1	21	0	9	0.1
0.113467391794	0.41935483871	82	1	21	0	9	0.0989010989011
0.116381996375	0.41935483871	83	1	21	0	9	0.0978260869565
0.118589877084	0.420430107527	84	1	21	0	9	0.0967741935484
0.118976007096	0.420430107527	85	1	21	0	9	0.0957446808511
0.11933076601	0.421505376344	86	1	21	0	9	0.0947368421053
0.120200516118	0.422580645161	87	1	21	0	9	0.09375
0.121126890558	0.422580645161	88	1	21	0	9	0.0927835051546
0.123782060396	0.423655913978	89	1	21	0	9	0.0918367346939
0.123934345989	0.330107526882	89	2	192	0	96	0.518918918919
0.124701681616	0.331182795699	90	2	192	0	96	0.516129032258
0.125247889578	0.331182795699	91	2	192	0	96	0.513368983957
0.125933919766	0.332258064516	92	2	192	0	96	0.510638297872
0.127492391706	0.333333333333	93	2	192	0	96	0.507936507937
0.128356196364	0.332258064516	94	2	192	0	96	0.505263157895
0.129349065461	0.332258064516	95	2	192	0	96	0.502617801047
0.132962063677	0.333333333333	96	2	192	0	96	0.5
0.135041617606	0.334408602151	97	2	192	0	96	0.497409326425
0.135289778008	0.333333333333	98	2	192	0	96	0.494845360825
0.136787546544	0.334408602151	99	2	192	0	96	0.492307692308
0.137025787319	0.335483870968	100	2	192	0	96	0.489795918367
0.13734306384	0.335483870968	101	2	192	0	96	0.48730964467
0.140081510302	0.334408602151	102	2	192	0	96	0.484848484848
0.140763835186	0.335483870968	103	2	192	0	96	0.482412060302
0.145352923443	0.336559139785	104	2	192	0	96	0.48
0.146027737466	0.335483870968	105	2	192	0	96	0.477611940299
0.14848205411	0.335483870968	106	2	192	0	96	0.475247524752
0.148919739974	0.335483870968	107	2	192	0	96	0.472906403941
0.14987128818	0.336559139785	108	2	192	0	96	0.470588235294
0.150077469511	0.336559139785	109	2	192	0	96	0.468292682927
0.150620351675	0.335483870968	110	2	192	0	96	0.466019417476
0.15111161173	0.334408602151	111	2	192	0	96	0.463768115942
0.151160971801	0.335483870968	112	2	192	0	96	0.461538461538
0.152544448223	0.335483870968	113	2	192	0	96	0.459330143541
0.155472237841	0.336559139785	114	2	192	0	96	0.457142857143
0.15596378299	0.337634408602	115	2	192	0	96	0.454976303318
0.156418545967	0.338709677419	116	2	192	0	96	0.452830188679
0.156633442027	0.338709677419	117	2	192	0	96	0.450704225352
0.157052287489	0.338709677419	118	2	192	0	96	0.448598130841
0.158048293435	0.338709677419	119	2	192	0	96	0.446511627907
0.160267475278	0.339784946237	120	2	192	0	96	0.444444444444
0.160628213318	0.340860215054	121	2	192	0	96	0.442396313364
0.160760184761	0.340860215054	122	2	192	0	96	0.440366972477
0.162324818741	0.329032258065	122	3	24	0	107	0.467248908297
0.16622700523	0.330107526882	123	3	24	0	107	0.465217391304
0.166992920667	0.331182795699	124	3	24	0	107	0.463203463203
0.16985508269	0.332258064516	125	3	24	0	107	0.461206896552
0.169939272397	0.332258064516	126	3	24	0	107	0.459227467811
0.171498121621	0.333333333333	127	3	24	0	107	0.457264957265
0.17216698148	0.334408602151	128	3	24	0	107	0.455319148936
0.173618586283	0.333333333333	129	3	24	0	107	0.453389830508
0.174411549992	0.334408602151	130	3	24	0	107	0.451476793249
0.175511149896	0.335483870968	131	3	24	0	107	0.449579831933
0.177135425841	0.334408602151	132	3	24	0	107	0.44769874477
0.180807112864	0.335483870968	133	3	24	0	107	0.445833333333
0.181812012104	0.334408602151	134	3	24	0	107	0.44398340249
0.182084942793	0.335483870968	135	3	24	0	107	0.442148760331
0.18692205635	0.334408602151	136	3	24	0	107	0.440329218107
0.18899086998	0.334408602151	137	3	24	0	107	0.438524590164
0.194953808936	0.334408602151	138	3	24	0	107	0.436734693878
0.195291815727	0.333333333333	139	3	24	0	107	0.434959349593
0.200719337548	0.334408602151	140	3	24	0	107	0.433198380567
0.206617572412	0.335483870968	141	3	24	0	107	0.431451612903
0.20686582311	0.336559139785	142	3	24	0	107	0.429718875502
0.208109994644	0.335483870968	143	3	24	0	107	0.428
0.210035200746	0.335483870968	144	3	24	0	107	0.426294820717
0.210459879446	0.335483870968	145	3	24	0	107	0.424603174603
0.212961362296	0.336559139785	146	3	24	0	107	0.422924901186
0.213263450564	0.337634408602	147	3	24	0	107	0.42125984252
0.213292416333	0.338709677419	148	3	24	0	107	0.419607843137
0.213490254883	0.339784946237	149	3	24	0	107	0.41796875
0.216262177727	0.340860215054	150	3	24	0	107	0.416342412451
0.221086007952	0.340860215054	151	3	24	0	107	0.414728682171
0.222728124296	0.341935483871	152	3	24	0	107	0.413127413127
0.223979070792	0.340860215054	153	3	24	0	107	0.411538461538
0.225441542299	0.341935483871	154	3	24	0	107	0.409961685824
0.226797233914	0.343010752688	155	3	24	0	107	0.408396946565
0.23251647365	0.344086021505	156	3	24	0	107	0.406844106464
0.233206283349	0.345161290323	157	3	24	0	107	0.405303030303
0.234688488912	0.345161290323	158	3	24	0	107	0.403773584906
0.235843769642	0.34623655914	159	3	24	0	107	0.402255639098
0.238932873164	0.345161290323	160	3	24	0	107	0.40074906367
0.240530279861	0.34623655914	161	3	24	0	107	0.399253731343
0.244770204837	0.347311827957	162	3	24	0	107	0.397769516729
0.25273763669	0.348387096774	163	3	24	0	107	0.396296296296
0.25332528076	0.348387096774	164	3	24	0	107	0.394833948339
0.253606413462	0.347311827957	165	3	24	0	107	0.393382352941
0.254326663943	0.347311827957	166	3	24	0	107	0.391941391941
0.256409486267	0.348387096774	167	3	24	0	107	0.390510948905
0.256470398818	0.349462365591	168	3	24	0	107	0.389090909091
0.256474613483	0.349462365591	169	3	24	0	107	0.38768115942
0.25749538396	0.349462365591	170	3	24	0	107	0.386281588448
0.26008037099	0.350537634409	171	3	24	0	107	0.384892086331
0.262222141382	0.351612903226	172	3	24	0	107	0.383512544803
0.265451760414	0.350537634409	173	3	24	0	107	0.382142857143
0.265596294815	0.351612903226	174	3	24	0	107	0.380782918149
0.266567623702	0.352688172043	175	3	24	0	107	0.379432624113
0.269607947542	0.352688172043	176	3	24	0	107	0.378091872792
0.271825998201	0.352688172043	177	3	24	0	107	0.37676056338
0.273089490584	0.352688172043	178	3	24	0	107	0.375438596491
0.2733477746	0.35376344086	179	3	24	0	107	0.374125874126
0.274520294048	0.354838709677	180	3	24	0	107	0.372822299652
0.275377792775	0.35376344086	181	3	24	0	107	0.371527777778
0.276276205838	0.354838709677	182	3	24	0	107	0.370242214533
0.277302801591	0.354838709677	183	3	24	0	107	0.368965517241
0.278608929783	0.355913978495	184	3	24	0	107	0.367697594502
0.279670356282	0.356989247312	185	3	24	0	107	0.366438356164
0.281028104216	0.358064516129	186	3	24	0	107	0.365187713311
0.281612855178	0.358064516129	187	3	24	0	107	0.363945578231
0.283526841281	0.356989247312	188	3	24	0	107	0.362711864407
0.283918514298	0.358064516129	189	3	24	0	107	0.361486486486
0.284848370389	0.356989247312	190	3	24	0	107	0.360269360269
0.286913980153	0.358064516129	191	3	24	0	107	0.359060402685
0.288505056057	0.359139784946	192	3	24	0	107	0.357859531773
0.289533824569	0.360215053763	193	3	24	0	107	0.356666666667
0.289724715305	0.361290322581	194	3	24	0	107	0.355481727575
0.299406542011	0.362365591398	195	3	24	0	107	0.354304635762
0.299732380085	0.363440860215	196	3	24	0	107	0.353135313531
0.301390160033	0.364516129032	197	3	24	0	107	0.351973684211
0.302295637744	0.365591397849	198	3	24	0	107	0.350819672131
0.303183738685	0.364516129032	199	3	24	0	107	0.349673202614
0.305325214392	0.365591397849	200	3	24	0	107	0.348534201954
0.307325297914	0.366666666667	201	3	24	0	107	0.347402597403
0.309129861736	0.367741935484	202	3	24	0	107	0.346278317152
0.309693498434	0.368817204301	203	3	24	0	107	0.345161290323
0.309764272932	0.368817204301	204	3	24	0	107	0.344051446945
0.310823260705	0.368817204301	205	3	24	0	107	0.342948717949
0.312513632973	0.369892473118	206	3	24	0	107	0.341853035144
0.313333277036	0.369892473118	207	3	24	0	107	0.34076433121
0.31395897033	0.370967741935	208	3	24	0	107	0.339682539683
0.316236925261	0.372043010753	209	3	24	0	107	0.338607594937
0.317538626982	0.37311827957	210	3	24	0	107	0.337539432177
0.322858184715	0.374193548387	211	3	24	0	107	0.336477987421
0.323321290218	0.375268817204	212	3	24	0	107	0.335423197492
0.325022013524	0.375268817204	213	3	24	0	107	0.334375
0.325706942919	0.376344086022	214	3	24	0	107	0.333333333333
0.326155803626	0.376344086022	215	3	24	0	107	0.332298136646
0.329788189864	0.377419354839	216	3	24	0	107	0.331269349845
0.329971914036	0.378494623656	217	3	24	0	107	0.33024691358
0.332084074156	0.379569892473	218	3	24	0	107	0.329230769231
0.333774393762	0.38064516129	219	3	24	0	107	0.328220858896
0.3360907396	0.379569892473	220	3	24	0	107	0.327217125382
0.336644315358	0.378494623656	221	3	24	0	107	0.326219512195
0.337835744416	0.378494623656	222	3	24	0	107	0.325227963526
0.338143305543	0.378494623656	223	3	24	0	107	0.324242424242
0.341026153062	0.378494623656	224	3	24	0	107	0.323262839879
0.342611461075	0.379569892473	225	3	24	0	107	0.322289156627
0.343166585764	0.379569892473	226	3	24	0	107	0.321321321321
0.344871982434	0.378494623656	227	3	24	0	107	0.320359281437
0.345040187683	0.378494623656	228	3	24	0	107	0.319402985075
0.345998834043	0.379569892473	229	3	24	0	107	0.318452380952
