# time 	 divergence 	 # of mutations 	 # IGC chances 	 IGC length 	 # IGC failures 	 Changes due to IGC  	 % change due to IGC 
0.0	0.487329434698	0	0	0	0	0	0.0
0.000571536242712	0.486354775828	1	0	0	0	0	0.0
0.00236363747154	0.487329434698	2	0	0	0	0	0.0
0.00496192854397	0.487329434698	3	0	0	0	0	0.0
0.00515863713747	0.488304093567	4	0	0	0	0	0.0
0.00540756859998	0.488304093567	5	0	0	0	0	0.0
0.00556201767095	0.488304093567	6	0	0	0	0	0.0
0.00566081431426	0.487329434698	7	0	0	0	0	0.0
0.00573160095783	0.487329434698	8	0	0	0	0	0.0
0.00690882556725	0.487329434698	9	0	0	0	0	0.0
0.00820827002621	0.486354775828	10	0	0	0	0	0.0
0.0119821303985	0.485380116959	11	0	0	0	0	0.0
0.0150110021265	0.486354775828	12	0	0	0	0	0.0
0.0150679558641	0.487329434698	13	0	0	0	0	0.0
0.017160737887	0.487329434698	14	0	0	0	0	0.0
0.0172287177649	0.488304093567	15	0	0	0	0	0.0
0.0195374747924	0.487329434698	16	0	0	0	0	0.0
0.0196599791873	0.488304093567	17	0	0	0	0	0.0
0.019701949003	0.487329434698	18	0	0	0	0	0.0
0.0199403877847	0.488304093567	19	0	0	0	0	0.0
0.0208307324454	0.489278752437	20	0	0	0	0	0.0
0.022468929621	0.489278752437	21	0	0	0	0	0.0
0.0230239331888	0.489278752437	22	0	0	0	0	0.0
0.0247290998441	0.490253411306	23	0	0	0	0	0.0
0.0258553795051	0.490253411306	24	0	0	0	0	0.0
0.0323065048006	0.491228070175	25	0	0	0	0	0.0
0.0329079298797	0.490253411306	26	0	0	0	0	0.0
0.034012589821	0.489278752437	27	0	0	0	0	0.0
0.0342425373649	0.490253411306	28	0	0	0	0	0.0
0.0348558781843	0.491228070175	29	0	0	0	0	0.0
0.0362506854543	0.491228070175	30	0	0	0	0	0.0
0.0449802948263	0.490253411306	31	0	0	0	0	0.0
0.0482201818308	0.491228070175	32	0	0	0	0	0.0
0.0483803246013	0.491228070175	33	0	0	0	0	0.0
0.0523620838411	0.492202729045	34	0	0	0	0	0.0
0.0534476037322	0.492202729045	35	0	0	0	0	0.0
0.0539153484197	0.492202729045	36	0	0	0	0	0.0
0.055756054836	0.493177387914	37	0	0	0	0	0.0
0.0572911404439	0.494152046784	38	0	0	0	0	0.0
0.0599570136144	0.494152046784	39	0	0	0	0	0.0
0.0608784896538	0.494152046784	40	0	0	0	0	0.0
0.0636907690786	0.495126705653	41	0	0	0	0	0.0
0.0665538127269	0.496101364522	42	0	0	0	0	0.0
0.0667143712341	0.496101364522	43	0	0	0	0	0.0
0.0676769645206	0.495126705653	44	0	0	0	0	0.0
0.069475415089	0.496101364522	45	0	0	0	0	0.0
0.0697219028322	0.497076023392	46	0	0	0	0	0.0
0.0726939602708	0.496101364522	47	0	0	0	0	0.0
0.0767186131776	0.496101364522	48	0	0	0	0	0.0
0.0770985618099	0.496101364522	49	0	0	0	0	0.0
0.0785355976483	0.497076023392	50	0	0	0	0	0.0
0.0795276242949	0.498050682261	51	0	0	0	0	0.0
0.0825738441112	0.497076023392	52	0	0	0	0	0.0
0.0830447096867	0.497076023392	53	0	0	0	0	0.0
0.0836524348465	0.497076023392	54	0	0	0	0	0.0
0.0843173213421	0.497076023392	55	0	0	0	0	0.0
0.0873942863601	0.498050682261	56	0	0	0	0	0.0
0.0906776540361	0.499025341131	57	0	0	0	0	0.0
0.0907221180393	0.5	58	0	0	0	0	0.0
0.0916827576869	0.500974658869	59	0	0	0	0	0.0
0.0943886025025	0.5	60	0	0	0	0	0.0
0.0950007439679	0.500974658869	61	0	0	0	0	0.0
0.096631966354	0.501949317739	62	0	0	0	0	0.0
0.0988263002808	0.502923976608	63	0	0	0	0	0.0
0.102231587581	0.503898635478	64	0	0	0	0	0.0
0.102585874253	0.503898635478	65	0	0	0	0	0.0
0.102878854104	0.504873294347	66	0	0	0	0	0.0
0.104211268827	0.504873294347	67	0	0	0	0	0.0
0.10813415362	0.505847953216	68	0	0	0	0	0.0
0.108787367422	0.505847953216	69	0	0	0	0	0.0
0.110986707925	0.506822612086	70	0	0	0	0	0.0
0.114226552983	0.506822612086	71	0	0	0	0	0.0
0.117297663227	0.505847953216	72	0	0	0	0	0.0
0.118366445858	0.506822612086	73	0	0	0	0	0.0
0.120629279912	0.507797270955	74	0	0	0	0	0.0
0.120631242236	0.508771929825	75	0	0	0	0	0.0
0.121141457109	0.508771929825	76	0	0	0	0	0.0
0.121943925432	0.509746588694	77	0	0	0	0	0.0
0.128263284731	0.510721247563	78	0	0	0	0	0.0
0.128597160965	0.509746588694	79	0	0	0	0	0.0
0.130130226373	0.510721247563	80	0	0	0	0	0.0
0.130942330751	0.510721247563	81	0	0	0	0	0.0
0.131253183838	0.509746588694	82	0	0	0	0	0.0
0.132026364152	0.509746588694	83	0	0	0	0	0.0
0.132946798325	0.508771929825	84	0	0	0	0	0.0
0.133827195098	0.508771929825	85	0	0	0	0	0.0
0.13425997948	0.509746588694	86	0	0	0	0	0.0
0.13623170144	0.509746588694	87	0	0	0	0	0.0
